-	impor..5cc7dc25
+    im..28466b20
-			run..8069e9cc
-				le..6612f86d
-				re..7b619d40
-					v..d0f19755
-					t..df5076e9
+      ..dd8d8842
+      ..bc6704b0
+      ..5c64c882
+      ..586224f1
+      ..ecae7859
-					/..57d5d2b3
-					l..cd951ba8
-					s..d7d56ec7
+      ..312eeec3
+      ..e5648284
+      ..e24c6b50
-					l..a6134d2a
-					f..57a8f8db
-						..45fd82e7
-						..da93f2d7
+      ..565c5fea
+      ..874ad792
+      ..39c838e3
+      ..45c519a9
-						..5edfb6c6
-						..3aa0977b
-						..e4ba1840
-						..986bb975
-					}..4a9ed52c
+      ..a1cffc51
+      ..a5e13d93
+      ..e4167085
+      ..e0c987fb
+      ..5e62ad74
-					r..b7ba1501
-				})..3b629341
-			},..9e01e28a
-			fet..34f9a4cb
-				le..6612f86d
-				th..d3aa69fd
+      ..040db228
+      ..1196f247
+      ..057bcbfd
+      ..4bf78a2f
+      ..bc6704b0
+      ..d8350390
-				va..c37fa2c8
+      ..1c123e6f
-				cl..8c08a951
-					i..2186545c
+      ..f241dc98
+      ..58e8ec94
+      ..cc8ff2f3
-					}..4a9ed52c
-					s..12850924
-				}..1b00cebb
-				cl..40cdb98e
-			},..9e01e28a
+      ..5e62ad74
+      ..e94e1bfe
+      ..8f6dc92e
+      ..96f1c487
+      ..057bcbfd
-					i..b489bf22
-						..d83720e9
+      ..9b66ffe5
+      ..dd7ee7aa
-						..cb282131
-					}..4a9ed52c
+      ..2962b1ff
+      ..5e62ad74
-			},..9e01e28a
+      ..057bcbfd
-				le..149a72f8
+      ..69dbb59b
-				va..8e6056ad
+      ..728ed9a0
-		watc..d36e8d02
-			doc..ddcb45f2
-				if..03610581
-					t..ad3eb16c
-				}..1b00cebb
-			},..9e01e28a
+      ..d86c9d72
+      ..40ca2006
+      ..b7087927
+      ..c38aa212
+      ..8f6dc92e
+      ..057bcbfd
-			$ro..adf09414
-				if..da03f0ac
-					t..ff49b6a6
-				}..1b00cebb
-			},..9e01e28a
-		},..6e3c5648
+      ..e2409a04
+      ..77cecc3c
+      ..48de3e65
+      ..8f6dc92e
+      ..057bcbfd
+      ..d263cc14
-	impor..5cc7dc25
-	impor..7fdadb3a
+    im..28466b20
+    im..468b3a5d
-			fet..34f9a4cb
-				le..6612f86d
-				th..d3aa69fd
+      ..4bf78a2f
+      ..bc6704b0
+      ..d8350390
-				va..c37fa2c8
+      ..1c123e6f
-				cl..8c08a951
-					i..2186545c
+      ..f241dc98
+      ..58e8ec94
-					}..4a9ed52c
-					s..12850924
-				}..1b00cebb
-				cl..40cdb98e
-				se..58cae711
-			},..9e01e28a
+      ..2b4426c3
+      ..cb78e374
+      ..5e62ad74
+      ..e94e1bfe
+      ..8f6dc92e
+      ..96f1c487
+..db94ca42
+      ..82449b35
+      ..057bcbfd
-					i..b489bf22
-						..d83720e9
+      ..9b66ffe5
+      ..dd7ee7aa
-						..cb282131
-					}..4a9ed52c
+      ..2962b1ff
+      ..5e62ad74
-			}..4c8e1c36
+      ..fc59b6f3
-		watc..d36e8d02
-			doc..ddcb45f2
-				if..03610581
-					t..ad3eb16c
-				}..1b00cebb
-			},..9e01e28a
+      ..d86c9d72
+      ..40ca2006
+      ..b7087927
+      ..c38aa212
+      ..8f6dc92e
+      ..057bcbfd
-				if..da03f0ac
-					t..ff49b6a6
-				}..1b00cebb
-			},..9e01e28a
-		},..6e3c5648
+      ..77cecc3c
+      ..48de3e65
+      ..8f6dc92e
+      ..057bcbfd
+      ..d263cc14