+		"vue..1e66ef77
+			"ve..4828a138
+			"re..2cc5a9a2
+			"in..a16129af
+		},..577ede5c
+    "v..c88901bb
-      ..dc0189ff
+      ..fbb2a56e
-      ..f778d3fd
-      ..aa8a24e0
+      ..eb595f0e
+      ..f14c799a
-      ..f0129665
-      ..71aa4169
-      ..546271e8
-      ..6592840e
-      ..50906502
+      ..00ab1285
+      ..8f41a27b
+      ..f98d4d15
+      ..3d8ff846
+      ..7b3a2275
-      ..4abee856
+      ..ce7b988a
-      ..7c76c7eb
-      ..0bba1b36
+      ..11883215
+      ..93e52cbf
-      ..be482ce2
+      ..9d8ada1a
-      ..59348be3
+      ..2c67358c
-      ..ec0efe4d
-      ..84317cd1
-      ..2255d805
+      ..e6ea5924
+      ..78faf909
+      ..a17cfc95
-      ..fa608461
-      ..1f7f1093
+      ..71571be7
+      ..3a8221da
-      ..4eeb310e
+      ..7efa975b
-      ..45e7ce43
+      ..0b850295
-      ..4495a8f9
+      ..e4ad09d2
-      ..cb98152b
-      ..b1ba7443
-      ..30b33f4e
+      ..f9ce3910
+      ..c6692e9e
+      ..b07d99f5
-      ..c0b150cb
+      ..2a47517c
-      ..a4689052
-      ..4e164ec5
-      ..1d04768f
+      ..21023887
+      ..f4b358a0
+      ..26491c98
-      ..f0129665
-      ..d9f88afa
-      ..8627cd23
-      ..2ee58c0e
-      ..3f3f8c45
+      ..00ab1285
+      ..2d8a21ec
+      ..15e85942
+      ..d646d029
+      ..e54387dd
-      ..6735ad7c
+      ..5d684674
-      ..4ba45b2f
+      ..0e8e31d3
-      ..aaede673
-      ..3919e364
-      ..c9948fed
+      ..5c0902d6
+      ..c675e6c8
+      ..683c2b5f
-      ..f0129665
-      ..354402bb
-      ..51029af1
-      ..22070cf6
-      ..b7e70433
-      ..d61acf1e
-      ..5a3ddf46
-      ..a9aa8506
-      ..c1f9ab2f
-      ..6696ef02
+      ..00ab1285
+      ..1ba8948b
+      ..c2631064
+      ..0e14dbb3
+      ..c48f18d7
+      ..336d47b4
+      ..c82040a1
+      ..51154afc
+      ..92c0da90
+      ..519b2d0f
-      ..708d2b05
+      ..f1e0eab8
--- /de..a8ddd62f
+import..27854d47
+import..08c84eb2
+import..2d7c90eb
+import..0022fd3e
+import..cf5ded06
+..65616261
+Vue.us..13746b65
+..65616261
+const ..a52950e1
+    lo..9c8fdbfc
+    fa..9fbb5191
+    me..a3c53db2
+      ..ecab59b4
+      ..4ac9867e
+    },..f5fc40ea
+    si..5de5adde
+})..f648ce6f
+..65616261
+Vue.us..292799e1
+    i1..871fc219
+    di..f0f7eb3f
+      ..3c8dbad5
+      ..68fd04d5
+    }..490e32ea
+})..f648ce6f
+..65616261
+VeeVal..07867e82
+    ge..4b499d7f
+      ..3a07a9c7
+    },..f5fc40ea
+    va..da81fd04
+      ..c53b9329
+    },..f5fc40ea
+})..f648ce6f
+..65616261
+export..fa3078fd
+import..26a8452d
-import..c2861230
-Vue.us..8662e938
-VeeVal..8b17f4b5
-    ge..f77b613d
-    va..600a5101
-})..89060621
-..12adcd2e
+    i1..871fc219
+      ..211985c2
+..65616261
-      ..bbbe27a2
-      ..39599cb9
+      ..f33ce716
+      ..e2d107e6
-      ..e9ae6579
-      ..8d5518b7
+      ..19241a9c
+      ..edeb336c
-      ..bbbe27a2
-      ..29482a54
-      ..0232d60a
-      ..7d5b5e3a
-      ..19700850
+      ..f33ce716
+      ..548a066f
+      ..04472374
+      ..326fb3dc
+      ..b29e40fe
+      ..8b07d0a5
+      ..326fb3dc
+      ..7a27bd83
+      ..d7c5275f
+      ..326fb3dc
+      ..5bb282bd
+      ..956d051a
+      ..326fb3dc
-      ..f239dff7
-      ..5ce70999
-      ..aca974b2
+      ..a05ea79e
+      ..e2103255
+..65616261
+<style..bc5a28c2
+    p ..dfce0d02
+      ..965e9501
+    }..490e32ea
+</styl..e93cb73f
-      ..d28f0769
+      ..d1a48576
-      ..ecda2642
+      ..4ea76dd3
-      ..3ef7c8af
+      ..125bd7e3
-      ..d2b6afca
+      ..018262d3
-      ..1ab7fde7
+      ..2e13982a
-      ..2c1a3971
+      ..ebd1b888
-      ..8fa384bf
+      ..ebd52179
-      ..6a64a7e9
+      ..0de2fbdf
-      ..b1ca62ba
-..12adcd2e
+      ..f43d081d
-      ..6d830de5
+      ..0ac5b208
-      ..cd20b8f1
+      ..d53e715e
-      ..a3898321
+      ..74e36e94
-      ..e9ac83f4
+      ..5e97ee47
-      ..05962d32
+      ..ceaba0df
-      ..35d29c4a
+      ..e0557921
-      ..64633181
+      ..9864b925
-      ..6a64a7e9
+      ..0de2fbdf
-      ..39ae1cda
+      ..c4843e50
-      ..fa9bca25
+      ..010d550e
-      ..3262fc20
+      ..d60b6d85
-      ..6bc0a61b
+      ..4296a22e
+..65616261
+      ..9db36cf2
-      ..4a557554
+      ..d8e88ca4
-      ..f8810f8a
-      ..a12961c6
-      ..95ff3e43
-      ..26d6fa10
+      ..995ea027
-      ..6bd941aa
+      ..d2dced47
-      ..b805f0aa
+      ..5df9dab6
-      ..67227e05
+      ..ffdb1836
-      ..93d7e9b3
+      ..3639c8b4
-      ..64633181
+      ..9864b925
-      ..6a64a7e9
+      ..0de2fbdf
-      ..0dc4c2fa
+      ..93a01253
+..65616261
+      ..fb705115
-      ..94844887
+      ..f5975a14
+..65616261
+      ..933d53bc
-      ..8eb16d9e
+      ..2986dbcc
-      ..73bf9ab5
+      ..93749331
-      ..5d017c5c
+      ..39404073
-      ..c3276aa1
-      ..bf6b4f18
+      ..e251a1cc
+      ..0b2c3c20
-      ..5158902c
+      ..907a8b43
-      ..ae0de1d6
+      ..c436e0f4
-      ..ec6807f9
+      ..adf55429
-      ..7cb78ffb
+      ..72504590
-      ..b35beee8
+      ..f2a56c6e
-      ..d5385eb4
+      ..90f58d5a
-      ..0d1f1610
+      ..47702ffc
-      ..73bf9ab5
+      ..93749331
-      ..a44c8e13
+      ..0e1a3091
-      ..5158902c
+      ..907a8b43
-      ..84ba97b6
+      ..47868ac3
-      ..f0a15b78
-      ..3364d0c8
+      ..86fbe495
+      ..10b9f46d
-      ..6d62777e
+      ..ee783692
-      ..d5385eb4
+      ..90f58d5a
-      ..70f71fb9
+      ..2c72f315
-      ..73bf9ab5
+      ..93749331
-      ..5d017c5c
+      ..39404073
-      ..aaf344c3
+      ..2f3be704
-      ..5158902c
+      ..907a8b43
-      ..6d62777e
+      ..ee783692
-      ..6eb78311
+      ..cb0293c7
-      ..73bf9ab5
+      ..93749331
-      ..5d017c5c
+      ..39404073
-      ..de4b8138
-      ..ebd327a8
+      ..5d0599eb
+      ..12e5dd5c
+      ..69e3cbc0
+      ..e1fba835
+      ..33d65e0a
+      ..36019c82
-      ..5158902c
+      ..907a8b43
-      ..e3af6a1e
+      ..91ff935f
-      ..af8a3491
+      ..ce59a9ca
-      ..c014a12f
+      ..f3228f86
-      ..3f762032
+      ..5bff1cb1
-      ..3d373065
+      ..75f1e006
-      ..2eecfd2e
+      ..1f0f7c91
-      ..334f8c97
+      ..62429f92
+import..26a8452d
+      ..29b1693d
+..65616261
-      ..8100d4bb
+      ..ce993fd2
-      ..ccaf0fe5
+      ..7646cdaf
-      ..fc439d12
+      ..7fd4fcbd
-      ..8bf81fbe
+      ..65438682
-      ..734de319
+      ..860fd56d
-      ..c758b44e
+      ..9479d36f
-      ..1d98ba99
+      ..7c448d94
-      ..8c6292f2
+      ..5baf89e1
-      ..de434033
+      ..27bdc540
-      ..8b61b488
+      ..342c8b86
--- /de..a8ddd62f
+export..d7770bee
+    ac..66f3b856
+    ac..05492aad
+    ac..712ced46
+    al..a4d1c953
+    ap..15d22c4d
+    ap..9dddc919
+    ap..4a9c46c0
+    ap..2f1b34a1
+    ap..889d9c9a
+    ap..19f76f94
+    ap..3867300a
+    ba..834aa787
+    ba..dcdeef97
+    ba..0dffebd1
+    ca..6f94dc67
+    ch..2edbe748
+    ci..d8fe38a4
+    cl..9a43af41
+    co..7df0bc6f
+    cr..9306c03a
+    cr..82ac7042
+    cr..a8b4b522
+    cr..3ce546d8
+    cr..03aa5606
+    cr..cf3c56d1
+    cr..8d42dec9
+    cr..e9637f30
+    cr..dd4e3b31
+    cu..bbbf5faa
+    de..16027994
+    do..b1e30c16
+    em..5cb46a6d
+    em..483b7efb
+    em..ed9c9517
+    en..b75f085d
+    et..cb2a0c4e
+    fo..07705a1f
+    fo..bb7f3f8f
+    ge..682fefe1
+    ge..144f5b90
+    id..343e4736
+    id..4400f833
+    id..7dd36de4
+    id..f91dbe17
+    in..1ce685ce
+    in..1df11861
+    in..e21dbcd0
+    li..897d649d
+    lo..cf20c81b
+    lo..5e2f9a8f
+    lo..b35b8db1
+    lo..12bb8d71
+    lo..5474cccf
+    lo..3d865236
+    ma..f06e2ed1
+    my..6a2b621a
+    na..1ebc73ad
+    na..c311d8d2
+    ne..f3df6f7e
+    ne..05886a21
+    ne..26fd7a61
+    ne..011c32ad
+    ne..2aa3d2c5
+    ne..80a3c131
+    no..41108da8
+    no..ca5ff0a7
+    no..897bfa0c
+    no..6a477e9d
+    no..af11f788
+    no..8ad863ee
+    pa..8486ceb5
+    pa..964785d2
+    pa..0707f0e9
+    pa..634abcdd
+    pa..56d74028
+    pl..b7988ec3
+    pr..b4338e66
+    re..3728e58f
+    re..e59aa60c
+    re..9886e4d3
+    re..102d2f76
+    re..6227596f
+    re..6bdf1164
+    re..24a27bd9
+    ro..dbcab52b
+    sa..92ad382c
+    se..ca72b4cc
+    se..7291757c
+    se..90283849
+    se..ea592604
+    se..42abdc71
+    si..ecca1c80
+    si..629e99a5
+    si..a77506d8
+    si..e697d842
+    su..3ea581fe
+    su..23b6095d
+    te..e801dc47
+    te..bc219dc8
+    te..779341ad
+    tr..29d1ca04
+    ty..79263b6e
+    un..1eda84c6
+    up..842a50d6
+    up..c01b7e19
+    up..964edd8e
+    up..36beeedf
+    us..4e3ac5c6
+    us..9932762f
+    us..fbbb6d7b
+    we..ef5012bb
+    we..6f78da74
+}..308c3957
--- /de..a8ddd62f
+export..d7770bee
+}..308c3957
-		back..b4295e20
-		back..141a8aeb
-		text..4d690cfd
-		text..82c43027
-		text..5228f157
-		text..72bd4df4
-		prim..e76c5eca
+    ba..5cabfb61
+    ba..68b55768
+    te..f2f02bfb
+    te..dc4e7baa
+    te..86c80626
+    te..5985efa6
+    pr..8051e992
-	heigh..3a436f1a
+    he..4074688a
-	backg..0b2d2c96
-	font-..d6caaecf
-	color..243dab94
-	heigh..3a436f1a
-	font-..089550e1
-	margi..e1964313
+    ba..fcd0b4f6
+    fo..11e279c8
+    co..8524d58b
+    he..4074688a
+    fo..7715f0be
+    ma..2f4db536
-	color..692dc4ac
-	text-..6e0559f2
+    co..eefaab50
+    te..cb64baf2
-	heigh..3a436f1a
-	width..9e8e13e0
+    he..4074688a
+    wi..a77c060b
-	displ..fed459b1
+    di..fb10dc23
-	heigh..3a436f1a
-	backg..d8662c89
-..12adcd2e
-	.mobi..a92b212f
-		disp..272816f9
-		padd..7bfeb24e
-		marg..debb2539
-..12adcd2e
-		a {..1a58ce33
-			dis..1c1c3f5e
-			pad..72457ade
-			tex..49850f5f
-			fon..facf0a71
-			fon..c65c0804
-			col..888eeb7a
-			bor..a3dd79bd
-			bor..3f772143
-..12adcd2e
-			&.r..4aec3863
-				co..f127602d
-				bo..b865866a
-			}..5565caa6
-		}..f770b396
-	}..c9b0dd69
-..12adcd2e
-	.md-f..de2154eb
-		.md-..a65f1602
-			fon..57f2ade7
-		}..f770b396
-	}..c9b0dd69
+    he..4074688a
+    ba..38d26eae
+..65616261
+    .m..1cf8d3fe
+      ..6eaff85c
+      ..3b0f7bcb
+      ..0364c413
+..65616261
+      ..69f6a91a
+      ..777d00ba
+      ..aa98d746
+      ..ba8c95d2
+      ..8ab180d5
+      ..cc9be1d2
+      ..17b1be96
+      ..cad74e95
+      ..8b0ce3d8
+..65616261
+      ..3d3bff0a
+      ..caa48fef
+      ..2430b340
+      ..125c6031
+      ..6c4d146d
+    }..490e32ea
+..65616261
+    .m..56cfb18a
+      ..ce94733c
+      ..ce05b13e
+      ..6c4d146d
+    }..490e32ea
-	paddi..57763e84
-	borde..afeb0e51
-	posit..a70be948
-..12adcd2e
-	.cont..cc9f5b62
-		padd..634f15f6
-		padd..915abf73
-		padd..44af1713
-		widt..c734653f
-		font..f4c0e857
-		line..888729dc
-..12adcd2e
-		h1 {..6ee4895c
-			fon..994b14d2
-			fon..920e63b2
-			lin..fdadede5
-		}..f770b396
-	}..c9b0dd69
-..12adcd2e
-	.cont..186a9da2
-		font..ac4f1cc7
-		line..051486dc
-..12adcd2e
-		& > ..eb9445bb
-			pad..5aa958f1
-			pad..405f9737
-			pad..385072fb
-			wid..6124a963
-		}..f770b396
-..12adcd2e
-		pre,..0070f942
-			whi..e8aea32e
-			wor..0a18fd6e
-		}..f770b396
-..12adcd2e
-		h1 {..6ee4895c
-			fon..994b14d2
-			fon..920e63b2
-		}..f770b396
-		h2 {..587f2d3e
-			fon..7d82441d
-			fon..920e63b2
-		}..f770b396
-		h3 {..1e020061
-			fon..1ab71595
-			fon..facf0a71
-		}..f770b396
-..12adcd2e
-		h1, ..19aeec1f
-			mar..327e8a5d
-		}..f770b396
-		h1:f..7abd0b44
-			mar..62a187f5
-		}..f770b396
-..12adcd2e
-		tabl..70993aec
-			mar..be41f9f5
-			bor..f276f81e
-..12adcd2e
-			th,..a956f6f4
-				bo..b87286e2
-				pa..6164088c
-			}..5565caa6
-			th ..1da951ff
-				ba..23a12cb2
-				bo..cd3c189d
-			}..5565caa6
-			th:..ddb5e911
-				bo..33a40a18
-			}..5565caa6
-			th:..9dbba373
-				bo..3e395ff3
-			}..5565caa6
-			tr:..6bc7a03a
-				ba..395870ea
-			}..5565caa6
-		}..f770b396
-	}..c9b0dd69
-	.cont..7b4cf245
-		font..6857ed40
-		back..e0456c37
-		padd..3e7ff87b
-		marg..64580eef
-		bord..6b9e3cf6
-		bord..dc27bdfc
-		.md-..fcc6ae0e
-			lin..e2f297b8
-		}..f770b396
-		.md-..6cda96cb
-			tex..c9888d47
-		}..f770b396
-	}..c9b0dd69
-..12adcd2e
-	/*..a03af44e
-	 * Pr..39337e67
-	 */..baa35bf4
-	:not(..3885edc3
-	pre[c..d922cb0a
-		back..f5f10d71
-		bord..cead63fe
-		bord..08e99332
-		bord..1c54b985
-	}..c9b0dd69
+    pa..48db665f
+    bo..30fa717b
+    po..91b443f2
+..65616261
+    .c..8a3ee50d
+      ..c4b24adf
+      ..398b4e60
+      ..9a759b0b
+      ..073a77f1
+      ..ae200e82
+      ..6ebb3230
+..65616261
+      ..ca557793
+      ..59a9b595
+      ..7e761100
+      ..3c406324
+      ..6c4d146d
+    }..490e32ea
+..65616261
+    .c..7c5d68e6
+      ..b8d6b899
+      ..f28de058
+..65616261
+      ..383a6286
+      ..2d782f9f
+      ..4a20a154
+      ..2df60368
+      ..5faa19f5
+      ..6c4d146d
+..65616261
+      ..00555adb
+      ..e11156a8
+      ..a1605cb8
+      ..6c4d146d
+..65616261
+      ..ca557793
+      ..59a9b595
+      ..7e761100
+      ..6c4d146d
+      ..0913260e
+      ..3547e897
+      ..7e761100
+      ..6c4d146d
+      ..5644ad44
+      ..717e2fcc
+      ..8ab180d5
+      ..6c4d146d
+..65616261
+      ..aebe2b5f
+      ..df2c2a6e
+      ..6c4d146d
+      ..5bd70365
+      ..a76e6be4
+      ..6c4d146d
+..65616261
+      ..19c53da8
+      ..3b55c682
+      ..ba501fb6
+..65616261
+      ..7ab1bbe5
+      ..4d97aee1
+      ..cf26b652
+      ..125c6031
+      ..4dfc62a0
+      ..330be643
+      ..76170a75
+      ..125c6031
+      ..284b879c
+      ..961bd26d
+      ..125c6031
+      ..2a6e6e3d
+      ..8d80e94f
+      ..125c6031
+      ..5e28d299
+      ..160ed854
+      ..125c6031
+      ..6c4d146d
+    }..490e32ea
+    .c..f73252ef
+      ..9d4abcdc
+      ..60b9c892
+      ..458db439
+      ..f34cd3f3
+      ..592cd591
+      ..72cf3c3d
+      ..6eafbb16
+      ..ba238338
+      ..6c4d146d
+      ..7438bcb0
+      ..02acaf74
+      ..6c4d146d
+    }..490e32ea
+..65616261
+    /*..cd0290ba
+     *..f1213d8f
+     *..b99fe60c
+    :n..c601571e
+    pr..1f78e8d4
+      ..74aa0435
+      ..03ef3a13
+      ..0e684ff5
+      ..73f147fc
+    }..490e32ea
-	heigh..3a436f1a
+    he..4074688a
-	backg..a03cfa5f
-	width..dff187b9
-	z-ind..661d745b
+    ba..e76b03af
+    wi..bfc92a08
+    z-..128cdf3d
-	backg..27637e78
-	width..dff187b9
-	borde..acdc7d7c
-	right..b531f0fc
+    ba..c7409405
+    wi..bfc92a08
+    bo..25b6b34f
+    ri..3ff90e8c
-	borde..acdc7d7c
+    bo..25b6b34f
-	min-h..47665f72
+    mi..1bca1230
-	z-ind..1d34ac22
+    z-..8eb9b2a2
-	color..b78586b1
+    co..2c83db97
-	color..24ed57f2
-}..2f3c4ef7
-..12adcd2e
-.text-..4d843f9d
-	color..85a25abb
+    co..f87b4836
-	borde..8cb56460
-	heigh..2755c9ae
-	width..9e8e13e0
-	box-s..0b6c893f
-	text-..ccef4ce0
-	min-w..3f3b040a
-	margi..160d7240
-	-webk..9d85df22
-	-moz-..9c9d2c5d
-	-ms-u..77b122e6
-	user-..70834e7e
-	borde..e21abfca
-	font-..8d71b6cd
-	font-..b866ebfb
+    bo..3e617af9
+    he..543b0f7b
+    wi..a77c060b
+    bo..e35910ab
+    te..81ace285
+    mi..52fa1201
+    ma..6e8194a1
+    -w..59879e75
+    -m..76d7eea1
+    -m..e43cecc0
+    us..8d321d51
+    bo..bfaa43ee
+    fo..5fab1bfe
+    fo..ec979036
-	color..ea42470e
-	backg..35adda5b
-	paddi..278fccca
+    co..43577c71
+    ba..36501460
+    pa..d829b032
-	color..ea42470e
-	backg..85e1ce14
-	paddi..b4ec03ac
+    co..43577c71
+    ba..c92dcd3c
+    pa..7dbae9b5
-	color..957b8c98
-	backg..1dec8eb6
-	paddi..e8359b56
+    co..c684e8b9
+    ba..e43ac854
+    pa..40cfbe2d
-	margi..cc2d6f83
-	max-w..3e375b77
-	text-..a71ede9c
-	paddi..492a1dc0
+    ma..a07ee609
+    ma..5f5ce4b4
+    te..506e3f9e
+    pa..ff1ec82e
-	color..3decdfbf
-	opaci..9c26455d
-	font-..d19a8d4c
-	posit..a70be948
-	paddi..40c1ba69
+    co..819f366f
+    op..2f4b258d
+    fo..75ec0519
+    po..91b443f2
+    pa..44b3ab7f
-	color..3decdfbf
+    co..819f366f
-	color..3decdfbf
+    co..819f366f
-	backg..0fcaa498
+    ba..9cfae696
-	backg..0fcaa498
+    ba..9cfae696
-	posit..7a1c5710
-	width..21a6c134
-	heigh..37bff001
-	top: ..56eccee6
+    po..0790f175
+    wi..c3679631
+    he..6313b90e
+    to..24294f88
-	margi..cc2d6f83
+    ma..a07ee609
-	paddi..b0a448bc
+    pa..c115924a
-	paddi..88f54aac
+    pa..f9f9080b
-	text-..60152c91
-	font-..68828ac3
-	line-..3a6b5dfe
-	margi..71b47f4c
+    te..32d99015
+    fo..e03683c1
+    li..e85e832c
+    ma..66b7702b
-	justi..1c8f1c44
-	backg..1cc024c2
-	max-w..e0792322
-	margi..cc2d6f83
+    ju..b7a732be
+    ba..6cf74c2e
+    ma..af36fc4d
+    ma..a07ee609
-	width..9dd384e6
-	backg..0709ecdb
+    wi..9ab4349c
+    ba..e26decf3
-	paddi..7b11417a
-	backg..bfca717b
-	color..deed4bbe
-	borde..85d51820
-..12adcd2e
-	.md-t..f48e512c
-		padd..7cbc71c3
-	}..c9b0dd69
-..12adcd2e
-	.tool..1a99c558
-		widt..c734653f
-	}..c9b0dd69
-..12adcd2e
-	.md-t..7a258f10
-		marg..0578e47b
-		font..ba361dd4
-		line..30bb4210
-		vert..c2c77bd5
-..12adcd2e
-		disp..ddea26c6
-		max-..fbcc87d3
-		over..65e50bd6
-		whit..47557dcb
-		text..428b9b2e
-	}..c9b0dd69
-..12adcd2e
-	.tool..1645b52c
-		max-..f4e6a09c
-		heig..e7f2c640
-		posi..91bf6e93
-		marg..b1bd092a
-		curs..f487d0a1
-	}..c9b0dd69
-..12adcd2e
-	.comp..8731eb85
-		max-..200d0e1e
-	}..c9b0dd69
-..12adcd2e
-	.comp..ab1d3a49
-		min-..1adcaf39
-		font..6857ed40
-	}..c9b0dd69
-..12adcd2e
-	.sett..04390229
-		marg..da19e8d7
-		heig..adf33278
-		widt..b0b46304
-		marg..1646a194
-		marg..8e05ae60
-	}..c9b0dd69
-..12adcd2e
-	.sett..a283003f
-		font..3f78b3d7
-	}..c9b0dd69
-..12adcd2e
-	&.md-..f9f6deb9
-		box-..31d401b8
-	}..c9b0dd69
-..12adcd2e
-	/*..a03af44e
-	 * To..b1728c30
-	 */..baa35bf4
-	.app-..dc19a5f4
-		marg..5d843fc6
-		widt..c734653f
-		max-..2c8435b6
-		posi..91bf6e93
-..12adcd2e
-		.men..5e2b0cf6
-			dis..5e0b259e
-		}..f770b396
-		.md-..2b7c33be
-			tex..49850f5f
-			fon..cdc238cf
-			bac..086ac3c1
-			pad..977f7617
-			pad..14200f7c
-			pad..0b57e755
-			mar..f38679cc
-			a {..0feafe07
-				co..e068f078
-			}..5565caa6
-		}..f770b396
-		.tit..89865c92
-			dis..3b952eff
-		}..f770b396
-	}..c9b0dd69
-..12adcd2e
-	a.app..929b1eb4
-		disp..ddea26c6
-		vert..c2c77bd5
-		line..b813fd87
-		padd..caf36059
-		marg..8d6406eb
-		marg..540e8233
-		text..4a0128be
-		text..08fb8870
-		colo..ac6bbbf6
-		font..1db3e97e
-		font..dc0d80e2
-		padd..50e71f08
-		padd..304dbfe8
-		bord..0f54776e
-		curs..f487d0a1
-	}..c9b0dd69
-	.app-..facba7b5
-		colo..10ec15a3
-		bord..a9b5ab97
-	}..c9b0dd69
+    pa..9a7d1cbc
+    ba..2ed040ad
+    co..79e1fcbc
+    bo..34c73b6a
+..65616261
+    .m..1217f4e4
+      ..2cf66156
+    }..490e32ea
+..65616261
+    .t..8b3293ab
+      ..073a77f1
+    }..490e32ea
+..65616261
+    .m..fa49a5f8
+      ..560642a0
+      ..37e5aac4
+      ..5e017f85
+      ..3960d959
+..65616261
+      ..93ef127e
+      ..f4123a47
+      ..7bb1f50d
+      ..b040fc5f
+      ..a745ff3c
+    }..490e32ea
+..65616261
+    .t..4a13c2c7
+      ..b72672cb
+      ..58fb382b
+      ..d534507c
+      ..7b4a57be
+      ..25ba2983
+    }..490e32ea
+..65616261
+    .c..598e5476
+      ..5662ed4e
+    }..490e32ea
+..65616261
+    .c..26cf29bf
+      ..28c9279c
+      ..9d4abcdc
+    }..490e32ea
+..65616261
+    .s..8a0228bf
+      ..380bc702
+      ..873bf0a8
+      ..92721466
+      ..eac212a9
+      ..eef72d81
+    }..490e32ea
+..65616261
+    .s..679e473e
+      ..b124b6b2
+    }..490e32ea
+..65616261
+    &...8d87b4a6
+      ..5f830faf
+    }..490e32ea
+..65616261
+    /*..cd0290ba
+     *..8a6be450
+     *..b99fe60c
+    .a..96eec570
+      ..39a51a55
+      ..073a77f1
+      ..67c9274a
+      ..d534507c
+..65616261
+      ..75238b54
+      ..05e24c9a
+      ..6c4d146d
+      ..d82a4751
+      ..ba8c95d2
+      ..372999ac
+      ..c7760005
+      ..929e279f
+      ..6771b777
+      ..f3c84531
+      ..3a5efbdf
+      ..8d588b25
+      ..2065d3fe
+      ..125c6031
+      ..6c4d146d
+      ..6049734f
+      ..8a030757
+      ..6c4d146d
+    }..490e32ea
+..65616261
+    a...5801d3d1
+      ..93ef127e
+      ..3960d959
+      ..4c5ea1af
+      ..7546bb6e
+      ..35eaa882
+      ..8b73c886
+      ..b32f7ed9
+      ..85183b36
+      ..a194c071
+      ..285bc331
+      ..3caa581c
+      ..66d88016
+      ..e2f49ca5
+      ..76a4e3d4
+      ..25ba2983
+    }..490e32ea
+    .a..b06b394b
+      ..947544f5
+      ..b278a373
+    }..490e32ea
-	margi..54d66496
+    ma..c898cab9
-	heigh..2755c9ae
-	max-w..78c0e366
-	margi..4e03ea48
-	posit..a70be948
-	top: ..16e91ed7
+    he..543b0f7b
+    ma..0d79bea0
+    ma..4a8605b4
+    po..91b443f2
+    to..669b029f
-	borde..441857da
-	overf..49273fef
-..12adcd2e
-	.md-l..b4945e34
-		padd..781e8308
-		.md-..90add0a1
-			min..f592e874
-			min..3de07c88
-			.md..5e06557e
-				mi..e035049e
-			}..5565caa6
-..12adcd2e
-			& >..c6d761cb
-				fo..899170ca
-			}..5565caa6
-			& >..65316713
-				co..f127602d
-			}..5565caa6
-		}..f770b396
-	}..c9b0dd69
+    bo..0daee6ae
+    ov..f76017f0
+..65616261
+    .m..e5e17f7e
+      ..63cc346f
+      ..132680a3
+      ..6a1f65f8
+      ..5f82072c
+      ..c409441b
+      ..b3589296
+      ..125c6031
+..65616261
+      ..eda1f640
+      ..eb38536b
+      ..125c6031
+      ..3452079b
+      ..caa48fef
+      ..125c6031
+      ..6c4d146d
+    }..490e32ea
-	backg..8e6addd3
-	max-w..15d4290e
-	overf..80a82a25
-	borde..e4217065
-..12adcd2e
-	.md-l..e7c0e616
-		back..8f0d4d65
-		padd..aab40da8
-	}..c9b0dd69
-..12adcd2e
-	.md-l..eeca517f
-		bord..23c05bd7
-	}..c9b0dd69
-..12adcd2e
-	.md-l..e32f6482
-		whit..0b64a0ac
-		just..0a9b7e95
-		padd..2cae59e7
-		text..4a0128be
-		colo..ceeeea9f
-		line..abbcee62
-		text..08fb8870
-		max-..8330189f
-		font..dc0d80e2
-		font..ad44b436
-	}..c9b0dd69
-..12adcd2e
-	.md-l..338afbbc
-		back..c8e7fd0b
-	}..c9b0dd69
-..12adcd2e
-	.md-l..6f3e5f7b
-		colo..10ec15a3
-	}..c9b0dd69
-..12adcd2e
-	.back..e0206756
-		marg..d70c584f
-		colo..f55618a2
-		font..f7a663b0
-	}..c9b0dd69
+    ba..7d6ea82c
+    ma..67902d7a
+    ov..39ff7227
+    bo..661f740a
+..65616261
+    .m..cfcd9f6c
+      ..6ac2cdaa
+      ..78fbb316
+    }..490e32ea
+..65616261
+    .m..9ecbdeee
+      ..775f5ec0
+    }..490e32ea
+..65616261
+    .m..bc9cb3cb
+      ..b1013ea6
+      ..a2c0590a
+      ..32a72294
+      ..b32f7ed9
+      ..e8e10e2d
+      ..025adf62
+      ..85183b36
+      ..d217c207
+      ..3caa581c
+      ..fb57c567
+    }..490e32ea
+..65616261
+    .m..9d88ce55
+      ..034d3e3d
+    }..490e32ea
+..65616261
+    .m..da6b285a
+      ..947544f5
+    }..490e32ea
+..65616261
+    .b..79c7934f
+      ..08388be7
+      ..99faac74
+      ..97a7148c
+    }..490e32ea
-	font-..c6f61497
-	text-..ccef4ce0
-	min-w..77355437
+    fo..405d4308
+    te..81ace285
+    mi..8d7f1f3a
-	font-..30f391d5
+    fo..2c418466
-	min-w..06564da4
-	heigh..6034cd4b
-	font-..c1028c56
-	font-..b866ebfb
-	posit..a70be948
-	top: ..530c0a7d
-	verti..21c1f157
-	color..deed4bbe
+    mi..782af734
+    he..b1927681
+    fo..8901aff6
+    fo..ec979036
+    po..91b443f2
+    to..0c1b7557
+    ve..3d7a820f
+    co..79e1fcbc
-	.cont..6947c092
-		padd..e7a8070e
-	}..c9b0dd69
-..12adcd2e
-	.cont..9250a157
-		text..08fb8870
-		font..6857ed40
-		colo..76dfb4f9
-		marg..96449c4d
-		disp..b9b54bf5
-	}..c9b0dd69
-..12adcd2e
-	.cont..d106c4a2
-		font..d841a9d9
-		line..37493a55
-		word..cb6c20bb
-	}..c9b0dd69
-..12adcd2e
-	.cont..3654949b
-		back..62c4e8e5
-	}..c9b0dd69
-..12adcd2e
-	.cont..ee0be323
-		bord..73321399
-		bord..f0878497
-		back..6a88d4f1
-	}..c9b0dd69
+    .c..83aee242
+      ..3c5989e6
+    }..490e32ea
+..65616261
+    .c..7e6aedd5
+      ..85183b36
+      ..9d4abcdc
+      ..256372c0
+      ..40cfe3ba
+      ..d22612cd
+    }..490e32ea
+..65616261
+    .c..d07e1d04
+      ..04c9d6a8
+      ..fb276538
+      ..84cb6162
+    }..490e32ea
+..65616261
+    .c..a0e68f41
+      ..868e06f9
+    }..490e32ea
+..65616261
+    .c..54fb78f5
+      ..017708b9
+      ..9ce20c42
+      ..2878f86d
+    }..490e32ea
-	.md-b..50fe8e21
-		bord..f85564a6
-		bord..cc3724d3
-	}..c9b0dd69
+    .m..78676bac
+      ..e91c56fb
+      ..445a8aa7
+    }..490e32ea
-	.md-b..9eac4481
-		font..66b587c0
-	}..c9b0dd69
+    .m..2566daa5
+      ..93ec8f06
+    }..490e32ea
-	width..21a6c134
-	posit..a70be948
-	displ..433bff11
-..12adcd2e
-	.ethe..c3db90fc
-		disp..ddea26c6
-		padd..e952b4af
-	}..c9b0dd69
-..12adcd2e
-	.ethe..48d0419a
-		bord..6831a232
-		max-..029faaa0
-		marg..0422f42a
-	}..c9b0dd69
-..12adcd2e
-	.stat..cbfc9a4f
-		colo..b922fb66
-		font..b39fe831
-		heig..d5ec1f5a
-		widt..3ae0ea24
-		marg..e299bddd
-	}..c9b0dd69
-..12adcd2e
-	.tr {..80fbb65e
-		disp..f3e4d121
-	}..c9b0dd69
-..12adcd2e
-	.thea..c514293c
-		disp..6a178ad9
-	}..c9b0dd69
-..12adcd2e
-	.tbod..44f748f4
-		disp..cb79d0ca
-	}..c9b0dd69
-..12adcd2e
-	.thea..dd2def47
-	thead..50e4a48a
-		disp..0d515188
-		text..d6b3c4a3
-		text..08fb8870
-		font..6857ed40
-		font..bee6e780
-		colo..be30a76e
-		bord..9e1649a2
-		bord..b6a353f9
-		padd..f09050c0
-		heig..7053d9bc
-		back..62c4e8e5
-		whit..47557dcb
-	}..c9b0dd69
-..12adcd2e
-	.tbod..a8373b89
-	tbody..e1017894
-		disp..0d515188
-		font..6857ed40
-		font..46ebebef
-		bord..9e1649a2
-		colo..7559bf88
-		whit..47557dcb
-		padd..f09050c0
-		heig..7053d9bc
-	}..c9b0dd69
-..12adcd2e
-	.tbod..5abbb402
-	tbody..7b2e4454
-		bord..25b18bbe
-	}..c9b0dd69
-..12adcd2e
-	.tbod..eee94dfb
-	tbody..b478fd57
-		back..777fed15
-	}..c9b0dd69
-..12adcd2e
-	.thea..5e9a7129
-	.tbod..f6d59569
-	thead..771621b7
-	tbody..e955c1ac
-		padd..90a48a15
-	}..c9b0dd69
-..12adcd2e
-	.thea..bf59c918
-	.tbod..1ca7eb7c
-	thead..c93b6461
-	tbody..9e02a6ed
-		padd..c7c2230b
-	}..c9b0dd69
-..12adcd2e
-	.cont..5f7b9b1c
-		font..3f78b3d7
-		widt..e7c55ac3
-		heig..d5ec1f5a
-		marg..200bef8f
-		vert..c2c77bd5
-		posi..91bf6e93
-		top:..74953d4e
-	}..c9b0dd69
-..12adcd2e
-	.valu..6a48c8cf
-		posi..91bf6e93
-	}..c9b0dd69
-..12adcd2e
-	.in-o..d67e6718
-		widt..a6554667
-		heig..5095dda5
-		font..c517313f
-		bord..015b30ec
-		text..4a0128be
-		disp..ddea26c6
-		font..6f561372
-		marg..b1bd092a
-	}..c9b0dd69
-..12adcd2e
-	.valu..2ac24870
-	.valu..4484fca0
-		vert..c2c77bd5
-		font..8c3c98e2
-	}..c9b0dd69
-..12adcd2e
-	.tx-i..63044891
-		colo..05f0e81e
-		back..856f1366
-	}..c9b0dd69
-..12adcd2e
-	.tx-o..59a1fd25
-		colo..e8ccd810
-		back..c5851b88
-	}..c9b0dd69
-..12adcd2e
-	.tx-s..df4a641d
-		colo..b1f7fda7
-		back..40d5adf6
-	}..c9b0dd69
-..12adcd2e
-	.toke..2076082e
-		img ..1a5131e1
-			max..e85d6a48
-			ver..2abd94a8
-			mar..1c53d6f4
-			pos..15479c98
-			top..b674979d
-			bor..f102fef9
-		}..f770b396
-	}..c9b0dd69
-..12adcd2e
-	.valu..2a64584b
-		disp..272816f9
-	}..c9b0dd69
-..12adcd2e
-	.fee-..283cde1b
-		disp..272816f9
-	}..c9b0dd69
+    wi..c3679631
+    po..91b443f2
+    di..23a88d56
+..65616261
+    .e..3b92f125
+      ..93ef127e
+      ..0fdeaf54
+    }..490e32ea
+..65616261
+    .e..6e62afb1
+      ..a454d47c
+      ..46325f85
+      ..d120667c
+    }..490e32ea
+..65616261
+    .s..1a06cdae
+      ..085e7d50
+      ..ab3046d8
+      ..248c5f8d
+      ..a53364f7
+      ..cd36e929
+    }..490e32ea
+..65616261
+    .t..02abc8a2
+      ..b7f89ca6
+    }..490e32ea
+..65616261
+    .t..a8978e76
+      ..c86b3d60
+    }..490e32ea
+..65616261
+    .t..b49582f9
+      ..f7b481de
+    }..490e32ea
+..65616261
+    .t..0d6e179f
+    th..dac43fcd
+      ..57dd4cb6
+      ..a21eef6b
+      ..85183b36
+      ..9d4abcdc
+      ..3ea1c14f
+      ..ecf1b567
+      ..fc6b5b5f
+      ..3345325b
+      ..be98d551
+      ..c75e799d
+      ..868e06f9
+      ..b040fc5f
+    }..490e32ea
+..65616261
+    .t..b0d57b18
+    tb..5fda8505
+      ..57dd4cb6
+      ..9d4abcdc
+      ..21e954e5
+      ..fc6b5b5f
+      ..8e310125
+      ..b040fc5f
+      ..be98d551
+      ..c75e799d
+    }..490e32ea
+..65616261
+    .t..5ac20e77
+    tb..e278a638
+      ..61fc19de
+    }..490e32ea
+..65616261
+    .t..5ea25640
+    tb..e87947cc
+      ..53e69c7d
+    }..490e32ea
+..65616261
+    .t..d2b6a8de
+    .t..38ad5ef3
+    th..81b55067
+    tb..1e27e589
+      ..9c9359ae
+    }..490e32ea
+..65616261
+    .t..b24b1ca5
+    .t..9b575f23
+    th..1c53e2ca
+    tb..3b1a0563
+      ..bb0871d4
+    }..490e32ea
+..65616261
+    .c..9f228332
+      ..b124b6b2
+      ..9f2226ec
+      ..248c5f8d
+      ..0824ec36
+      ..3960d959
+      ..d534507c
+      ..ab87ad7a
+    }..490e32ea
+..65616261
+    .v..d851e9a2
+      ..d534507c
+    }..490e32ea
+..65616261
+    .i..dba3b0ae
+      ..71dc54b5
+      ..005c072b
+      ..ded58371
+      ..611b07e5
+      ..b32f7ed9
+      ..93ef127e
+      ..3c3e9b6f
+      ..7b4a57be
+    }..490e32ea
+..65616261
+    .v..3995f4cb
+    .v..a2ec31a0
+      ..3960d959
+      ..a8dd01cb
+    }..490e32ea
+..65616261
+    .t..9d1a1e06
+      ..e1c3f5dc
+      ..739ec544
+    }..490e32ea
+..65616261
+    .t..c9968e04
+      ..1e8a91bc
+      ..5b45ff46
+    }..490e32ea
+..65616261
+    .t..45de5ef8
+      ..a7598ed8
+      ..96507329
+    }..490e32ea
+..65616261
+    .t..082a9dcb
+      ..d516e1d3
+      ..7ba6a6e6
+      ..9df39e6e
+      ..42af1088
+      ..dbc03614
+      ..30a93076
+      ..573896f6
+      ..6c4d146d
+    }..490e32ea
+..65616261
+    .v..752bd2ed
+      ..6eaff85c
+    }..490e32ea
+..65616261
+    .f..64715735
+      ..6eaff85c
+    }..490e32ea
-	.thea..c514293c
-		posi..68245363
-		top:..ccfd89f8
-		box-..c5cee187
-		tran..eae2ad09
-	}..c9b0dd69
+    .t..a8978e76
+      ..576ee37b
+      ..87fd4082
+      ..96c9557b
+      ..54d9cb01
+    }..490e32ea
-	.head..0e892f80
-		padd..11c44188
-	}..c9b0dd69
+    .h..34e506cf
+      ..48f6865e
+    }..490e32ea
-	.head..513b76a1
-		lett..089eee83
-		word..cb6c20bb
-	}..c9b0dd69
+    .h..00ccd9fd
+      ..83bc35f2
+      ..84cb6162
+    }..490e32ea
-	.head..7abb1b14
-		text..08fb8870
-	}..c9b0dd69
+    .h..82a09587
+      ..85183b36
+    }..490e32ea
-	.head..d30e1e34
-		padd..05589886
-	}..c9b0dd69
+    .h..0711db10
+      ..bda63f5e
+    }..490e32ea
-	.head..55e99c53
-		disp..b9b54bf5
-		padd..05589886
-	}..c9b0dd69
+    .h..23b33afe
+      ..d22612cd
+      ..bda63f5e
+    }..490e32ea
-	.head..cc571b8a
-		font..66b587c0
-	}..c9b0dd69
+    .h..078990e0
+      ..93ec8f06
+    }..490e32ea
-	.head..d30e1e34
-		padd..05589886
-	}..c9b0dd69
+    .h..0711db10
+      ..bda63f5e
+    }..490e32ea
-	.head..d101c221
-		padd..3f71e37c
-	}..c9b0dd69
+    .h..bc305952
+      ..718217d1
+    }..490e32ea
-	.deta..fa364649
-		word..cb6c20bb
-	}..c9b0dd69
+    .d..179d7536
+      ..84cb6162
+    }..490e32ea
-	.deta..cff0fa08
-		marg..8e05ae60
-		text..0dd87cb0
-	}..c9b0dd69
+    .d..e9fbd4c0
+      ..eef72d81
+      ..7cdeeb66
+    }..490e32ea
-	width..504c3666
+    wi..5d4c7bed
-	justi..1c8f1c44
+    ju..b7a732be
-	posit..a70be948
-	float..6a88bb34
-	paddi..23af9b90
-	top: ..9b6c7dba
+    po..91b443f2
+    fl..b89ed11d
+    pa..6c6ff551
+    to..129d7fe2
-	min-w..a00dd4c0
-	posit..a70be948
-	top: ..9b6c7dba
+    mi..b544fe95
+    po..91b443f2
+    to..129d7fe2
-	paddi..d54d7265
+    pa..a3ecb77a
-	color..76e877a3
+    co..411b0213
-	margi..e1964313
-	heigh..2c0a7a5f
-	width..47da03b0
-	min-w..0f4df7f1
+    ma..2f4db536
+    he..089abeb5
+    wi..5b0d2836
+    mi..f626b97d
-	width..44882dc9
+    wi..06020682
-	margi..cc2d6f83
-	width..34a2af5f
-..12adcd2e
-	.md-c..78319112
-		bord..ed8f26e9
-..12adcd2e
-		.md-..2b7c33be
-			fon..eeda608e
-			fon..b8ec1726
-			lin..6471fa60
-		}..f770b396
-..12adcd2e
-		.md-..8c0b8f82
-			tex..e7338ae2
-			pad..245ed9ff
-		}..f770b396
-..12adcd2e
-		.md-..5c9f33f8
-			pad..05e4012c
-			pad..e69f3e07
-			lab..b516a0c0
-				te..63f81475
-				fo..70043804
-			}..5565caa6
-			.md..b7e16844
-			.md..bedc1c73
-				fo..ccba58ad
-			}..5565caa6
-..12adcd2e
-			.md..bd90b0e1
-				ba..b518e5e7
-			}..5565caa6
-			.md..e90053af
-				he..298255a3
-				fo..b0b6e580
-			}..5565caa6
-			& >..49ab355f
-				fo..853cb385
-				li..e03d216e
-				co..e2106e43
-			}..5565caa6
-		}..f770b396
-..12adcd2e
-		.enj..6915a0af
-			hei..17faff40
-			wid..483a5706
-			bac..2240f50a
-			mar..08539c85
-			mar..32ca36e3
-			mar..483213dc
-			mar..00eec658
-		}..f770b396
-..12adcd2e
-		cent..1d9104a5
-			hei..34c7ef61
-			pad..eddd94fb
-			pos..15479c98
-			.fo..1593d44c
-			.te..7902a3a7
-				po..2db6d2f3
-				le..d5a181e5
-			}..5565caa6
-			.fo..d8265147
-				li..615f801a
-				fo..94657045
-				fo..70043804
-			}..5565caa6
-			.te..7902a3a7
-				co..e2106e43
-				te..422ea4d5
-				fo..94657045
-				fo..1489886e
-				li..e9b299b7
-				wi..2bb22ce4
-				pa..55a0c328
-			}..5565caa6
-			.md..4bf91517
-				po..2db6d2f3
-				ri..d48a8f63
-				fo..70043804
-				fo..94657045
-				pa..aaf4aa1c
-				pa..67faf349
-			}..5565caa6
-		}..f770b396
-	}..c9b0dd69
-..12adcd2e
-	& > ...e80b929c
-		marg..64580eef
-		marg..3041684b
-		a {..1a58ce33
-			col..e811d5e9
-			fon..b8ec1726
-			fon..d6a16e5b
-		}..f770b396
-	}..c9b0dd69
-	.sele..7f738012
-		floa..a756fc92
-		disp..272816f9
-	}..c9b0dd69
+    ma..a07ee609
+    wi..44dabeb2
+..65616261
+    .m..2c9df6ce
+      ..e03fbd46
+..65616261
+      ..d82a4751
+      ..04eb856d
+      ..d07a65e0
+      ..a63ca890
+      ..6c4d146d
+..65616261
+      ..bab872f1
+      ..1d1ac451
+      ..6df5ed09
+      ..6c4d146d
+..65616261
+      ..a39f1755
+      ..99565f9f
+      ..22cd3c07
+      ..88ed0747
+      ..837dcff0
+      ..307cffde
+      ..125c6031
+      ..bef71dfa
+      ..f9b04430
+      ..f05cd4b8
+      ..125c6031
+..65616261
+      ..c9e7d529
+      ..be1374e7
+      ..125c6031
+      ..395c2050
+      ..3cea5226
+      ..5f28b7f6
+      ..125c6031
+      ..64dd39f8
+      ..3859d51d
+      ..f4204bc8
+      ..619e54e5
+      ..125c6031
+      ..6c4d146d
+..65616261
+      ..47490ca0
+      ..c1d081bd
+      ..347bfe13
+      ..8271a8f2
+      ..b9126817
+      ..10256594
+      ..b5b59c36
+      ..8b59b9b1
+      ..6c4d146d
+..65616261
+      ..6df857db
+      ..31d5ce26
+      ..a975f294
+      ..dbc03614
+      ..b89781e3
+      ..c271136a
+      ..9d64d454
+      ..e2947c18
+      ..125c6031
+      ..8a50ae55
+      ..23a59350
+      ..c382fd75
+      ..307cffde
+      ..125c6031
+      ..c271136a
+      ..619e54e5
+      ..165d12ef
+      ..c382fd75
+      ..76e218cd
+      ..1d137230
+      ..5ba05f0d
+      ..5e3e56b6
+      ..125c6031
+      ..4b2fe88e
+      ..9d64d454
+      ..5d508d5f
+      ..307cffde
+      ..c382fd75
+      ..e405c30d
+      ..cf281633
+      ..125c6031
+      ..6c4d146d
+    }..490e32ea
+..65616261
+    & ..05a9e485
+      ..f34cd3f3
+      ..e541edde
+      ..69f6a91a
+      ..be623ba2
+      ..d07a65e0
+      ..f210c6dc
+      ..6c4d146d
+    }..490e32ea
+    .s..e91b8683
+      ..381f20c7
+      ..6eaff85c
+    }..490e32ea
-	paddi..db44bcc9
-..12adcd2e
-	.md-l..bdc1dd66
-		disp..b9b54bf5
-		padd..ae189e52
-		bord..4c1f01c8
-		font..5425d21f
-		colo..1caa2c49
-..12adcd2e
-		&.ro..5b1c7ab5
-			bac..1132e966
-			col..3693185c
-		}..f770b396
-	}..c9b0dd69
-..12adcd2e
-	.md-l..a7ede16d
-		padd..9235647b
-		text..08fb8870
-		font..3f208f58
-		marg..91814216
-		marg..6c29bb3c
-		font..75f90053
-..12adcd2e
-		&:nt..ffa352c8
-			mar..24d11c0e
-		}..f770b396
-	}..c9b0dd69
-..12adcd2e
-	#left..b4e7df2c
-		padd..e66d450a
-		padd..05589886
-..12adcd2e
-		a {..1a58ce33
-			dis..1c1c3f5e
-			mar..d6eb51ad
-			pad..dca01b86
-			pad..a232ed09
-			pad..305821b2
-			col..3749e0c9
-		}..f770b396
-		a.ro..e64d9226
-			pos..15479c98
-			&::..492698b6
-				co..6c4d6451
-				po..2db6d2f3
-				le..d5a181e5
-				fo..a762b30d
-				fo..a6ea6f8a
-				ma..592d6eb6
-			}..5565caa6
-		}..f770b396
-	}..c9b0dd69
-..12adcd2e
-	.md-f..de2154eb
-		marg..2b5e2828
-	}..c9b0dd69
+    pa..ebb24d53
+..65616261
+    .m..b1c907f3
+      ..d22612cd
+      ..3d21b170
+      ..1381ab36
+      ..23f4710c
+      ..8b4ef0ad
+..65616261
+      ..d1da9080
+      ..af52a99c
+      ..5b2aec6f
+      ..6c4d146d
+    }..490e32ea
+..65616261
+    .m..d06d4ab8
+      ..fe994f98
+      ..85183b36
+      ..77288e15
+      ..2810b7cf
+      ..d4da9648
+      ..d5524502
+..65616261
+      ..0d6e71fc
+      ..5d48a83b
+      ..6c4d146d
+    }..490e32ea
+..65616261
+    #l..3aa0725c
+      ..fd6e1286
+      ..bda63f5e
+..65616261
+      ..69f6a91a
+      ..777d00ba
+      ..53686199
+      ..04bbf1d7
+      ..e92aac33
+      ..dfa40853
+      ..5f49d96f
+      ..6c4d146d
+      ..b65b3a1e
+      ..dbc03614
+      ..bcf07c3f
+      ..3874ff3f
+      ..9d64d454
+      ..e2947c18
+      ..1523c80a
+      ..d00ab8e3
+      ..071f9aa4
+      ..125c6031
+      ..6c4d146d
+    }..490e32ea
+..65616261
+    .m..56cfb18a
+      ..6bea2cec
+    }..490e32ea
-	trans..8c46844d
+    tr..7c7cce95
-	trans..1a8f9deb
+    tr..328ab552
-	opaci..2aebda72
+    op..ec397f55
-	trans..7beb43b0
+    tr..62bb5b19
-	trans..949b84ad
+    tr..c2ed2216
-	top: ..56eccee6
-	posit..a70be948
+    to..24294f88
+    po..91b443f2
-	opaci..2aebda72
-	top: ..0dea52b2
-	posit..a70be948
+    op..ec397f55
+    to..4624c5e4
+    po..91b443f2
-	.cont..c2faddbf
-		font..63cb2985
-		posi..91bf6e93
-		top:..74953d4e
-		left..77397fcb
-		vert..c2c77bd5
-	}..c9b0dd69
+    .c..689638ba
+      ..1f6fc3e7
+      ..d534507c
+      ..ab87ad7a
+      ..8f621ad2
+      ..3960d959
+    }..490e32ea
-	.deta..303bd118
-		padd..e952b4af
-	}..c9b0dd69
+    .d..44c7a8d0
+      ..0fdeaf54
+    }..490e32ea
-	.deta..f13e30c2
-		padd..21e16d57
-	}..c9b0dd69
+    .d..49e08078
+      ..a174fe9b
+    }..490e32ea
-	.inpu..c054a3c8
-		marg..f0f1d5f6
-	}..c9b0dd69
+    .i..62d6cd2b
+      ..641cf208
+    }..490e32ea
-	.logs..85a28c59
-		bord..63f15911
-		padd..0f29c73a
-		bord..1c54b985
-		marg..18bca1ca
-	}..c9b0dd69
+    .l..9fbb3dbf
+      ..2a883daf
+      ..6ae3ee69
+      ..73f147fc
+      ..8b3d6f5f
+    }..490e32ea
-	.logs..d40158c5
-		marg..8e05ae60
-	}..c9b0dd69
+    .l..ca6a44cc
+      ..eef72d81
+    }..490e32ea
-	.deta..303bd118
-		padd..e952b4af
-	}..c9b0dd69
+    .d..44c7a8d0
+      ..0fdeaf54
+    }..490e32ea
-	.head..a39d23c9
-		disp..ddea26c6
-		posi..91bf6e93
-		top:..69f6cdb7
-	}..c9b0dd69
+    .h..f63ceab5
+      ..93ef127e
+      ..d534507c
+      ..dfcc3866
+    }..490e32ea
-	.head..1a831ca4
-	.head..06802f5d
-		curs..f487d0a1
-		disp..ddea26c6
-	}..c9b0dd69
+    .h..a00f18d3
+    .h..f0a4d641
+      ..25ba2983
+      ..93ef127e
+    }..490e32ea
-	.head..b36e45a2
-	.head..4db57ac8
-		colo..79d1ace5
-		font..0cca74f7
-	}..c9b0dd69
+    .h..2d7f8550
+    .h..02da82a7
+      ..89d94871
+      ..e8255747
+    }..490e32ea
-	text-..a71ede9c
-	heigh..3a436f1a
-..12adcd2e
-	.cent..7584050a
-		marg..5d843fc6
-		posi..91bf6e93
-		top:..7b1a817e
-		marg..eeb4da9f
-..12adcd2e
-		.tit..1ed337c6
-			fon..fcf0b5b4
-			lin..7997977f
-		}..f770b396
-..12adcd2e
-		.ite..a728f4e9
-			fon..127aa780
-			bor..93169ff9
-			max..764d220a
-			bac..37fb24bc
-			pad..497ab1ea
-			mar..9c2e1b3e
-			ove..c267385a
-		}..f770b396
-..12adcd2e
-		.des..a9647b5d
-			fon..b859fca8
-			max..2eca8513
-			lin..e8435054
-			mar..9c2e1b3e
-		}..f770b396
-..12adcd2e
-		.md-..e0b0a3a3
-			mar..9c2e1b3e
-		}..f770b396
-	}..c9b0dd69
+    te..506e3f9e
+    he..4074688a
+..65616261
+    .c..83b9de8a
+      ..39a51a55
+      ..d534507c
+      ..4f7adfbb
+      ..7a225bc9
+..65616261
+      ..b582485e
+      ..fe81d9db
+      ..5f166440
+      ..6c4d146d
+..65616261
+      ..120aae43
+      ..61a16606
+      ..13b2c5c5
+      ..70fdedc1
+      ..e71bf567
+      ..82a0bf39
+      ..1a596820
+      ..3c69e16f
+      ..6c4d146d
+..65616261
+      ..e74960f1
+      ..76e213fd
+      ..9862faf3
+      ..c5f4c530
+      ..1a596820
+      ..6c4d146d
+..65616261
+      ..ffa12ed4
+      ..1a596820
+      ..6c4d146d
+    }..490e32ea
-	width..9ab7b2fe
-	margi..7de0c680
+    wi..bf18cc6f
+    ma..bad742de
-/**..4a30f092
- * X-L..bc729d14
- */..bb4a7185
-@media..3dcfa2dd
-..12adcd2e
+.text-..d9f3718d
+    co..469cadcb
-/**..4a30f092
- * Lar..ec119164
- */..bb4a7185
-@media..82a90e6a
+.text-..5e4cc114
+    wh..43446b01
+}..308c3957
+.text-..737fe536
+    te..2b90b4d9
-	.head..cc8fd7b9
-		padd..4c6935f2
-	}..c9b0dd69
+    .h..c46352d5
+      ..d3437fba
+    }..490e32ea
-	.tabl..59a6f59d
-		disp..272816f9
-	}..c9b0dd69
+    .t..2dc48d4d
+      ..6eaff85c
+    }..490e32ea
-	.tabl..9e2b2f34
-		disp..272816f9
-	}..c9b0dd69
+    .t..3e38d267
+      ..6eaff85c
+    }..490e32ea
-	.app-..83909d67
-		max-..4f159920
-	}..c9b0dd69
+    .a..a349c033
+      ..e89700fb
+    }..490e32ea
-	.cont..286d07b8
-		.hea..fabccd41
-			pad..47930d36
-		}..f770b396
-	}..c9b0dd69
+    .c..aae8665f
+      ..4ad8b844
+      ..962ea433
+      ..6c4d146d
+    }..490e32ea
-	.two-..32008752
-		widt..870e45c6
-	}..c9b0dd69
+    .t..461a8cf4
+      ..ec0160fa
+    }..490e32ea
-	.app-..2b6a34bb
-		min-..c242f0d8
-		disp..b9b54bf5
-	}..c9b0dd69
-..12adcd2e
-	.app-..83909d67
-		max-..4f159920
-	}..c9b0dd69
-..12adcd2e
-	.app-..0d718393
-		heig..cb703ff9
-	}..c9b0dd69
-..12adcd2e
-	.app-..48325702
-		top:..67131d8e
-	}..c9b0dd69
-..12adcd2e
-	.app-..a11f886e
-		disp..b9b54bf5
-		padd..12048cf3
-	}..c9b0dd69
-..12adcd2e
-	.app-..40d8e223
-		padd..0d33436c
-	}..c9b0dd69
-..12adcd2e
-	.app-..779c1acb
-		max-..901cffeb
-		marg..3b7f8a8b
-	}..c9b0dd69
-..12adcd2e
-	.app-..3d862a75
-		heig..313ed437
-	}..c9b0dd69
-..12adcd2e
-	.app-..470c5037
-		marg..1d57f02a
-	}..c9b0dd69
-..12adcd2e
-	.app-..b7c68c5b
-	.app-..fe13c8fd
-		disp..dbe02b07
-	}..c9b0dd69
-..12adcd2e
-	.app-..d8065518
-		font..cb7b4aab
-		line..a3f3122d
-	}..c9b0dd69
-..12adcd2e
-	.md-c..f22428ea
-		padd..818a30c2
-	}..c9b0dd69
-..12adcd2e
-	.tabl..ca1b3249
-	.tabl..0a92ef04
-		padd..e8aac814
-	}..c9b0dd69
-..12adcd2e
-	.tabl..9f26fc60
-	.tabl..44b733c8
-		padd..9471ed52
-	}..c9b0dd69
-..12adcd2e
-	.head..cc8fd7b9
-		padd..4c6935f2
-	}..c9b0dd69
-..12adcd2e
-	.tabl..59a6f59d
-		disp..272816f9
-	}..c9b0dd69
-..12adcd2e
-	.tabl..9e2b2f34
-		disp..272816f9
-	}..c9b0dd69
-..12adcd2e
-	.cont..286d07b8
-		.hea..fabccd41
-			pad..47930d36
-		}..f770b396
-	}..c9b0dd69
-..12adcd2e
-	.comp..dfbe4856
-		heig..cb703ff9
-		widt..872cc278
-	}..c9b0dd69
-..12adcd2e
-	.comp..67d7abf5
-		top:..e0568a2c
-	}..c9b0dd69
-..12adcd2e
-	.md-d..6952b42c
-		posi..756c88ea
-		tran..45532862
-		z-in..513a96cf
-..12adcd2e
-		&.md..d8193187
-			tra..08e2ab88
-		}..f770b396
-	}..c9b0dd69
+    .a..33d25746
+      ..248c06ef
+      ..d22612cd
+    }..490e32ea
+..65616261
+    .a..a349c033
+      ..e89700fb
+    }..490e32ea
+..65616261
+    .a..04ceb4e2
+      ..6fb22e30
+    }..490e32ea
+..65616261
+    .a..712fd716
+      ..4c70cbf6
+    }..490e32ea
+..65616261
+    .a..7a02398a
+      ..d22612cd
+      ..545b4f76
+    }..490e32ea
+..65616261
+    .a..97d8b5e9
+      ..6ef93622
+    }..490e32ea
+..65616261
+    .a..e5bf4ec8
+      ..ac486945
+      ..61383ef8
+    }..490e32ea
+..65616261
+    .a..fd866b22
+      ..7c7c4a95
+    }..490e32ea
+..65616261
+    .a..f7f555b8
+      ..20aadc21
+    }..490e32ea
+..65616261
+    .a..83ff3434
+    .a..b87f3783
+      ..e11881ac
+    }..490e32ea
+..65616261
+    .a..ead54dfc
+      ..60a65b01
+      ..26d7ee16
+    }..490e32ea
+..65616261
+    .m..e6919128
+      ..877c4dcf
+    }..490e32ea
+..65616261
+    .t..90946685
+    .t..40fa843c
+      ..81b2b28f
+    }..490e32ea
+..65616261
+    .t..3ecb0f5e
+    .t..d025896e
+      ..ac664e8f
+    }..490e32ea
+..65616261
+    .h..c46352d5
+      ..d3437fba
+    }..490e32ea
+..65616261
+    .t..2dc48d4d
+      ..6eaff85c
+    }..490e32ea
+..65616261
+    .t..3e38d267
+      ..6eaff85c
+    }..490e32ea
+..65616261
+    .c..aae8665f
+      ..4ad8b844
+      ..962ea433
+      ..6c4d146d
+    }..490e32ea
+..65616261
+    .c..3a666387
+      ..6fb22e30
+      ..8726f025
+    }..490e32ea
+..65616261
+    .c..1834dd14
+      ..91a6dbef
+    }..490e32ea
+..65616261
+    .m..bd4d9dda
+      ..2e78538c
+      ..0a435082
+      ..2aa73909
+..65616261
+      ..ea81142b
+      ..a7e411de
+      ..6c4d146d
+    }..490e32ea
+..65616261
-	.md-a..e591171c
-		.mob..7166bf31
-			dis..1c1c3f5e
-		}..f770b396
-	}..c9b0dd69
-..12adcd2e
-	.app-..9c45b981
-		.men..5e2b0cf6
-			pos..be906604
-			lef..91233df1
-			wid..fb3c066b
-			hei..3c07749f
-			dis..3b952eff
-..12adcd2e
-			.md..ee89870c
-				co..849a11c5
-				fo..f5c7cc7e
-			}..5565caa6
-		}..f770b396
-..12adcd2e
-		.md-..2b7c33be
-			dis..1c1c3f5e
-			hei..f355c28c
-			wid..32c1bf83
-			a {..0feafe07
-				di..a90d5253
-			}..5565caa6
-			mar..879b48e7
-		}..f770b396
-..12adcd2e
-		a.ap..fe8ebb58
-			dis..5e0b259e
-		}..f770b396
-..12adcd2e
-		.tit..89865c92
-			dis..5e0b259e
-		}..f770b396
-	}..c9b0dd69
-..12adcd2e
-	.two-..32008752
-		widt..f560ca13
-	}..c9b0dd69
-..12adcd2e
-	.md-a..a61343fe
-		.con..b4101113
-			pad..c76937d0
-			pad..e3b6ef9d
-			pad..77e79ab5
-			pad..09ab1fbd
-		}..f770b396
-	}..c9b0dd69
-..12adcd2e
-	.save..6386ea78
-		.sav..317da0b4
-			dis..5e0b259e
-		}..f770b396
-	}..c9b0dd69
+    .m..fa2dae45
+      ..3f9a9fb4
+      ..777d00ba
+      ..6c4d146d
+    }..490e32ea
+..65616261
+    .a..27e05fa4
+      ..75238b54
+      ..c1167953
+      ..93a5f711
+      ..4ab7c384
+      ..a4170fd1
+      ..8a030757
+..65616261
+      ..e74d2edc
+      ..132924c6
+      ..6aa202cf
+      ..125c6031
+      ..6c4d146d
+..65616261
+      ..d82a4751
+      ..777d00ba
+      ..2a959965
+      ..b1e43515
+      ..8d588b25
+      ..f2ec1398
+      ..125c6031
+      ..7fcb49cd
+      ..6c4d146d
+..65616261
+      ..03dde6fe
+      ..05e24c9a
+      ..6c4d146d
+..65616261
+      ..6049734f
+      ..05e24c9a
+      ..6c4d146d
+    }..490e32ea
+..65616261
+    .t..461a8cf4
+      ..9423f0a4
+    }..490e32ea
+..65616261
+    .m..55fb8001
+      ..5940ce5d
+      ..ce9403f1
+      ..ddbb68f5
+      ..4e53363c
+      ..b32b958c
+      ..6c4d146d
+    }..490e32ea
+..65616261
+    .s..ed86cea9
+      ..e65f0aee
+      ..05e24c9a
+      ..6c4d146d
+    }..490e32ea
-	.logi..053c0d44
-		widt..c734653f
-	}..c9b0dd69
-..12adcd2e
-	.app-..2b6a34bb
-		min-..c242f0d8
-		disp..b9b54bf5
-	}..c9b0dd69
-..12adcd2e
-	.app-..0d718393
-		heig..cb703ff9
-	}..c9b0dd69
-..12adcd2e
-	.app-..48325702
-		top:..67131d8e
-	}..c9b0dd69
-..12adcd2e
-	.app-..a11f886e
-		disp..b9b54bf5
-		padd..f3c11f5d
-	}..c9b0dd69
-..12adcd2e
-	.app-..40d8e223
-		padd..0d33436c
-	}..c9b0dd69
-..12adcd2e
-	.app-..779c1acb
-		max-..bcda6854
-		marg..3b7f8a8b
-	}..c9b0dd69
-..12adcd2e
-	.app-..3d862a75
-		heig..313ed437
-	}..c9b0dd69
-..12adcd2e
-	.app-..470c5037
-		marg..1d57f02a
-	}..c9b0dd69
-..12adcd2e
-	.app-..b7c68c5b
-	.app-..fe13c8fd
-		disp..dbe02b07
-	}..c9b0dd69
-..12adcd2e
-	.app-..d8065518
-		font..d841a9d9
-		line..abbcee62
-	}..c9b0dd69
-..12adcd2e
-	.md-c..f22428ea
-		padd..f3c11f5d
-	}..c9b0dd69
-..12adcd2e
-	.tabl..ca1b3249
-	.tabl..0a92ef04
-		padd..f2777b26
-	}..c9b0dd69
-..12adcd2e
-	.tabl..9f26fc60
-	.tabl..44b733c8
-		padd..0db644cd
-	}..c9b0dd69
-..12adcd2e
-	.head..9264904b
-		disp..b9b54bf5
-	}..c9b0dd69
-..12adcd2e
-	.head..cc8fd7b9
-		padd..cfca0ad4
-	}..c9b0dd69
-..12adcd2e
-	.md-c..f22428ea
-		padd..23bd3a08
-	}..c9b0dd69
-	.logi..053c0d44
-		.md-..95f7305a
-			.md..330aad95
-				pa..8fe48e47
-			}..5565caa6
-			.md..6e57d45c
-				pa..70a45398
-				pa..fbf801e1
-			}..5565caa6
-			cen..2312b390
-				fo..38c54234
-				he..bcb789f0
-				pa..86a13b3c
-				.t..3dc1e510
-					f..594b41eb
-					w..a5c9c411
-					l..0fc9bcff
-					p..dc40d953
-				}..c3ecb54a
-			}..5565caa6
-		}..f770b396
-		& > ..7259e829
-			fon..a41e940d
-			pad..c2f539d8
-			pad..3666b440
-		}..f770b396
-	}..c9b0dd69
-	.md-c..6df8aa7f
-		font..6857ed40
-		marg..a9ace77f
-	}..c9b0dd69
-..12adcd2e
-	.md-c..9a280d91
-		font..66b587c0
-		line..abbcee62
-	}..c9b0dd69
-..12adcd2e
-	.tabl..a2251849
-		font..ad44b436
-	}..c9b0dd69
-..12adcd2e
-	.tabl..ceb4932b
-		font..ad44b436
-	}..c9b0dd69
-..12adcd2e
-	.md-s..95d0cde3
-	.md-s..4034e618
-		widt..db28aaf8
-		heig..38a9a54e
-	}..c9b0dd69
-..12adcd2e
-	.tabl..59a6f59d
-		disp..272816f9
-	}..c9b0dd69
-..12adcd2e
-	.tabl..9e2b2f34
-		disp..272816f9
-	}..c9b0dd69
-..12adcd2e
-	.cont..286d07b8
-		.hea..fabccd41
-			pad..47930d36
-		}..f770b396
-	}..c9b0dd69
-..12adcd2e
-	.comp..dfbe4856
-		heig..cb703ff9
-		widt..872cc278
-	}..c9b0dd69
-..12adcd2e
-	.comp..67d7abf5
-		top:..e0568a2c
-	}..c9b0dd69
-..12adcd2e
-	.md-a..e591171c
-		.md-..8863eea6
-			.co..64a89908
-				.m..0d0c573a
-					h..959a7162
-						..27d91b04
-					}..d7aa6750
-				}..c3ecb54a
-			}..5565caa6
-		}..f770b396
-	}..c9b0dd69
+    .l..9c16ae62
+      ..073a77f1
+    }..490e32ea
+..65616261
+    .a..33d25746
+      ..248c06ef
+      ..d22612cd
+    }..490e32ea
+..65616261
+    .a..04ceb4e2
+      ..6fb22e30
+    }..490e32ea
+..65616261
+    .a..712fd716
+      ..4c70cbf6
+    }..490e32ea
+..65616261
+    .a..7a02398a
+      ..d22612cd
+      ..fa8e4340
+    }..490e32ea
+..65616261
+    .a..97d8b5e9
+      ..6ef93622
+    }..490e32ea
+..65616261
+    .a..e5bf4ec8
+      ..20601b16
+      ..61383ef8
+    }..490e32ea
+..65616261
+    .a..fd866b22
+      ..7c7c4a95
+    }..490e32ea
+..65616261
+    .a..f7f555b8
+      ..20aadc21
+    }..490e32ea
+..65616261
+    .a..83ff3434
+    .a..b87f3783
+      ..e11881ac
+    }..490e32ea
+..65616261
+    .a..ead54dfc
+      ..04c9d6a8
+      ..025adf62
+    }..490e32ea
+..65616261
+    .m..e6919128
+      ..fa8e4340
+    }..490e32ea
+..65616261
+    .t..90946685
+    .t..40fa843c
+      ..1bc1980c
+    }..490e32ea
+..65616261
+    .t..3ecb0f5e
+    .t..d025896e
+      ..5a6e7cab
+    }..490e32ea
+..65616261
+    .h..8492b093
+      ..d22612cd
+    }..490e32ea
+..65616261
+    .h..c46352d5
+      ..ec002b99
+    }..490e32ea
+..65616261
+    .m..e6919128
+      ..7acd4b12
+    }..490e32ea
+    .l..9c16ae62
+      ..9fffeb74
+      ..fb985cd5
+      ..48a60b8d
+      ..125c6031
+      ..e523c08d
+      ..f7d736c3
+      ..861aa2af
+      ..125c6031
+      ..c4f1e99a
+      ..e9d41580
+      ..f6b995d0
+      ..597c6292
+      ..c9739969
+      ..a9edbd6a
+      ..4e494e3c
+      ..08e126d8
+      ..ab3b4a0c
+      ..173f8fa8
+      ..125c6031
+      ..6c4d146d
+      ..2c9f1e8a
+      ..51b8f6c6
+      ..5f843d28
+      ..3f7c4d5d
+      ..6c4d146d
+    }..490e32ea
+    .m..49899e8a
+      ..9d4abcdc
+      ..6e458613
+    }..490e32ea
+..65616261
+    .m..1747d607
+      ..93ec8f06
+      ..025adf62
+    }..490e32ea
+..65616261
+    .t..81e37a3b
+      ..fb57c567
+    }..490e32ea
+..65616261
+    .t..8478ba61
+      ..fb57c567
+    }..490e32ea
+..65616261
+    .m..1b48ac76
+    .m..642bbdb8
+      ..425b19e6
+      ..ae0936b5
+    }..490e32ea
+..65616261
+    .t..2dc48d4d
+      ..6eaff85c
+    }..490e32ea
+..65616261
+    .t..3e38d267
+      ..6eaff85c
+    }..490e32ea
+..65616261
+    .c..aae8665f
+      ..4ad8b844
+      ..962ea433
+      ..6c4d146d
+    }..490e32ea
+..65616261
+    .c..3a666387
+      ..6fb22e30
+      ..8726f025
+    }..490e32ea
+..65616261
+    .c..1834dd14
+      ..91a6dbef
+    }..490e32ea
+..65616261
+    .m..fa2dae45
+      ..fde6bfa0
+      ..a3a388e5
+      ..682b84f3
+      ..3e2e5548
+      ..c2ece71f
+      ..abfa024e
+      ..173f8fa8
+      ..125c6031
+      ..6c4d146d
+    }..490e32ea
-	.tran..e608b29f
-	.tran..5e8493d7
-		disp..272816f9
-	}..c9b0dd69
+    .t..5000cf2e
+    .t..175e1d3e
+      ..6eaff85c
+    }..490e32ea
-	.tran..cc7e127d
-	.tran..82d5ccd3
-		disp..8d60f6da
-	}..c9b0dd69
+    .t..e44edfa0
+    .t..8ce27c60
+      ..3a6f8c6c
+    }..490e32ea
-	.tran..a8003a71
-		disp..272816f9
-	}..c9b0dd69
+    .t..a146e725
+      ..6eaff85c
+    }..490e32ea
-	.tran..ed99ce4d
-	.tran..ee7b2964
-		disp..272816f9
-	}..c9b0dd69
+    .t..8356335c
+    .t..882c74de
+      ..6eaff85c
+    }..490e32ea
-	.tran..1e074e30
-	.tran..b929ce3b
-		disp..272816f9
-	}..c9b0dd69
+    .t..435ff015
+    .t..17c69089
+      ..6eaff85c
+    }..490e32ea
-	.tran..79c36b8c
-		disp..272816f9
-	}..c9b0dd69
+    .t..1bfb67f4
+      ..6eaff85c
+    }..490e32ea