+		"vue..7490dc61
+			"ve..a88e64b4
+			"re..82681f48
+			"in..c398d50a
+		},..d1819337
+    "v..1ba5d4e8
-      ..4ec34840
+      ..5094115d
-      ..5916a8ab
-      ..6b1b73e1
+      ..eab72828
+      ..804cf347
-      ..6cbadd7e
+      ..6c651583
-      ..2bc16229
+      ..8082eca4
-      ..d39de3bd
-      ..e1fbfa64
+      ..3fd971ce
+      ..53a93a28
-      ..5c9dbcc8
+      ..35527953
-      ..6f851766
+      ..73079d2f
-      ..ce739ec3
+      ..99ac398f
-      ..232cf020
+      ..c011f181
--- /de..933cc9e8
+import..930be9af
+import..b56d12a7
+import..4a7bb9e1
+import..63f413f9
+..35763fed
+Vue.us..01c7bca5
+..35763fed
+export..797aa905
+    lo..2b0e3d05
+    fa..e8f09556
+    me..83a65727
+      ..719829ee
+      ..0d834e47
+    },..42c3bbeb
+})..1891c6cd
+import..94b93c18
+    i1..c984e842
+      ..f75e5e61
+..35763fed
-      ..4f9adfa4
+      ..7299e526
-      ..aac41a09
-      ..fbac8952
+      ..1dff8b54
+      ..430a7a22
-      ..4f9adfa4
-      ..8eca4c4b
-      ..02e4ddd6
-      ..e8d6f493
-      ..57cfe316
+      ..7299e526
+      ..88c841e9
+      ..9e12da37
+      ..b0ce7891
+      ..880eb2a4
+      ..f88685a9
+      ..b0ce7891
+      ..16b60b49
+      ..1d1a5db7
+      ..b0ce7891
+      ..21b2b841
+      ..4c401f51
+      ..b0ce7891
-      ..25a01437
-      ..b8fc3359
-      ..78aa3fd6
+      ..8dd29815
+      ..00645b11
-      ..dd4bc992
+      ..a1c6cda8
-      ..a4d01a6e
+      ..22d11506
-      ..b63bd172
+      ..4d6a589f
-      ..24208f41
+      ..8d127d4d
-      ..13ce5c84
+      ..9d1a85ad
-      ..2fcceeb9
+      ..84a8fc3e
-      ..fefb9bf1
+      ..2d176043
-      ..4f400700
+      ..6c846b10
-      ..95718f9a
-..5fb2f31a
+      ..79cef35a
-      ..10f65d2d
+      ..17654c00
-      ..226fa080
+      ..b2c25273
-      ..14700bb0
+      ..b8633b76
-      ..180cb38a
+      ..f379ce9f
-      ..4f400700
+      ..6c846b10
-      ..24fa60f8
+      ..51d93fac
-      ..bfddc5e9
+      ..df37bc25
-      ..a5686890
+      ..776d2152
-      ..c7b54eaa
+      ..860a9353
-      ..f3ba9c46
+      ..0b8b16f5
-      ..b05772bb
+      ..18da3373
-      ..b5dd1ab4
+      ..f9bea14f
-      ..c8d49bbe
+      ..9f710c2f
-      ..4f400700
+      ..6c846b10
-      ..4b10fb51
+      ..ed25c462
-      ..5541a46e
+      ..e15b53da
-      ..88fa36ae
+      ..ae74d0ec
-      ..3f047223
+      ..54ed2c02
-      ..43f1c205
+      ..97ec1dd2
-      ..e7491d11
+      ..a64721ac
-      ..e0f6421a
+      ..06f77907
-      ..e06f0779
+      ..9d90cf07
-      ..3f047223
+      ..54ed2c02
-      ..d1fda618
+      ..50f52426
-      ..e0f6421a
+      ..06f77907
-      ..e059a00e
+      ..eb0c68ce
-      ..e06f0779
+      ..9d90cf07
-      ..3f047223
+      ..54ed2c02
-      ..43f1c205
+      ..97ec1dd2
-      ..60db8961
+      ..5cc223ca
-      ..e0f6421a
+      ..06f77907
-      ..9bab0960
+      ..c295ccbd
-      ..3f047223
+      ..54ed2c02
-      ..43f1c205
+      ..97ec1dd2
-      ..d5dd36e0
+      ..3c79fb43
-      ..e0f6421a
+      ..06f77907
-      ..7ec64233
+      ..4f70ada4
-      ..ebc01226
+      ..7a3a0403
-      ..6642e417
+      ..1b3fdf59
+import..94b93c18
+      ..9bda02df
+..35763fed
--- /de..933cc9e8
+export..927fd6bf
+    ac..27e3db8d
+    ac..38bf18d6
+    ap..41e2d300
+    ap..0673be5d
+    ap..65671093
+    ap..0fa051e4
+    ca..5ce5d0ac
+    ch..2a8c4431
+    cl..9e40f6a0
+    co..b84da113
+    cr..e349363d
+    cr..aae8a388
+    cr..838c8bc1
+    cu..5d725256
+    de..5ad6fa76
+    do..8843b676
+    em..61fe151d
+    em..18f3746b
+    em..c30e998e
+    fo..e0d794be
+    ge..0c82a6cc
+    go..b3362364
+    id..693b2e6d
+    lo..acaa2417
+    lo..234dcee1
+    lo..631075a6
+    my..7a432d72
+    na..94b6bf3d
+    ne..fe17b11f
+    ne..dee062d8
+    ne..a4fcc77c
+    ne..a2c76451
+    ne..9177fb3b
+    ne..91ea41cd
+    pa..8458228d
+    pa..c2d4e47e
+    pa..498f8555
+    pl..13b0a367
+    pr..72b39e3b
+    re..b7ecdab7
+    sa..711ce53c
+    se..cfed24ae
+    se..d62a1d9b
+    si..9f3dc3ca
+    te..7716b5c9
+    te..af48b36e
+    up..0a6f339f
+    us..04dcee59
+    we..93adaca5
+    we..affb4faa
+}..f42c2bab
--- /de..933cc9e8
+export..927fd6bf
+}..f42c2bab
-/**..02164159
- * X-L..40aa1084
- */..8f85a5ef
-@media..bc7d4781
-..5fb2f31a
-}..76a771fb
-..5fb2f31a
-/**..02164159
- * Lar..31a162a3
- */..8f85a5ef
-@media..647735da
-..5fb2f31a
+.text-..c18b26c3
+	text-..8a102039
+..35763fed