-	<div ..d8e253ee
-		<div..b55541d2
-			<h3..56872442
-		</di..b7e70c22
-		<div..8d5e8526
-			<di..77ba49d3
-				<l..c46bb948
-					<..932b93e1
-					<..414bce94
-				</..0651bf7f
-			</d..0f548564
-			<di..77ba49d3
-				<f..e6adcec9
-						..db9ff46e
-						..764af245
-						..c92a1ee5
-						..8e5750e4
-						..86b83af7
-						..f2aa6815
-						..48e2af95
-						..74f7f835
-						..c0398257
-						..168641af
-					U..ec80f46c
-				</..6611c3cc
-			</d..0f548564
-		</di..b7e70c22
-..c37edfd4
-		<div..094925d9
-			<di..6b819461
-				<i..88733c86
-			</d..0f548564
-			<di..9b65d351
-				<b..eba6d0a4
-				<b..335931e1
-			</d..0f548564
-		</di..b7e70c22
-	</div..98116988
+    <d..9372558d
+      ..d75bbb3a
+      ..5529a993
+      ..0574695a
+      ..48cd7a37
+      ..b5d66f42
+      ..49204e6c
+      ..2b36a4a9
+      ..ee993588
+      ..50f3caa4
+      ..514f3930
+      ..b5d66f42
+      ..02978261
+      ..dd2474e5
+      ..a722167f
+      ..b7a01b81
+      ..291741e1
+      ..871b5fb1
+      ..e33e727b
+      ..d504cf5c
+      ..7182ab68
+      ..8fb8a10e
+      ..12521472
+      ..fb032b5b
+      ..0f85f802
+      ..514f3930
+      ..0574695a
+..23b26dbb
+      ..0feb7d73
+      ..d927a10d
+      ..d957500e
+      ..514f3930
+      ..a7ae4ff1
+      ..67e9e0f6
+      ..b75e43e3
+      ..514f3930
+      ..0574695a
+    </..76bd2e8d
-	impor..ec7af6ef
-	impor..f70c2bb0
-..c37edfd4
-	expor..8d67a599
-		name..315a89a3
-		comp..8ebf1e00
-			Fil..e591a326
-		},..3c4f54fc
-		data..67a524ba
-			ret..b27928ac
-				fi..27921bd2
-				ed..45d8117b
-				cr..b01d2ceb
-			}..83fa05fb
-		},..3c4f54fc
-		meth..de0dfdb6
-			edi..31394e71
-				th..ce165775
-..c37edfd4
-				le..cd2a10f6
-..c37edfd4
-				le..0bf8407b
-				le..c5533139
-				fo..a338bd62
-					a..24fa2081
-				}..1c7bed2c
-..c37edfd4
-				le..de77060b
-..c37edfd4
-				th..13a4bc6e
-					f..34db5079
-					t..eb58632e
-					s..eb20f9eb
-					a..0ae00958
-				})..5951bb33
-			},..f3a852ef
-..c37edfd4
-			ale..892cc8ca
-				al..f5cb9f42
-			},..f3a852ef
-..c37edfd4
-			inp..810f301c
-				if..b9480a2c
-					t..dcee4a3f
-						..1b50fedf
-					}..a4593735
-				}..1c7bed2c
-				if..ca0728ea
-					t..3b0721b7
-				}..1c7bed2c
-			},..f3a852ef
-..c37edfd4
-			inp..785dc581
-				if..b9480a2c
-					i..4723cd27
-						..1383317a
-						..c519c88c
-					}..b5ab99bd
-				}..1c7bed2c
-..c37edfd4
-				if..88860b95
-					n..50a758d9
-					l..fcb9fb1e
-					i..19030516
-						..7c2cb3f3
-					}..b5ab99bd
-				}..1c7bed2c
-			}..83fa05fb
-		},..3c4f54fc
-		watc..0069dcae
-			edi..81df1ed4
-				if..05946bbb
-					t..dcee4a3f
-						..1237e988
-						..c46d5b81
-						..4f3a8e60
-						..cafdf5ce
-						..61f6ddf8
-						..164ee163
-						..6a9123e0
-						..43945ec6
-					}..a4593735
-				} ..bfd01a79
-					i..2791c406
-						..8b2636b9
-						..143d8c61
-					}..b5ab99bd
-				}..1c7bed2c
-			}..83fa05fb
-		},..3c4f54fc
-	}..3e2f0de8
+    im..46331256
+    im..1ba6ee54
+..23b26dbb
+    ex..3d70f1b6
+      ..cb0c07cf
+      ..c1ec1eaf
+      ..04ca299a
+      ..7d9d16df
+      ..e5e7770b
+      ..669eff8c
+      ..92feaed7
+      ..2e3cb30d
+      ..4358be40
+      ..704c16ba
+      ..7d9d16df
+      ..fae87ae0
+      ..1abe9e5f
+      ..0e129577
+..23b26dbb
+      ..a03e202d
+..23b26dbb
+      ..c31e6bcb
+      ..dc3d2b24
+      ..5ebd2152
+      ..726fc85d
+      ..107fa82d
+..23b26dbb
+      ..a57c7cf0
+..23b26dbb
+      ..16a36e3d
+      ..97e96ca3
+      ..30741569
+      ..4e619d92
+      ..8a9a611e
+      ..06651c65
+      ..45933ea5
+..23b26dbb
+      ..390ccb79
+      ..79070120
+      ..45933ea5
+..23b26dbb
+      ..e953a6e6
+      ..0babe921
+      ..76f34256
+      ..7cc12942
+      ..88ed348f
+      ..107fa82d
+      ..e4f17eef
+      ..c58e0b44
+      ..107fa82d
+      ..45933ea5
+..23b26dbb
+      ..30e64e2b
+      ..0babe921
+      ..682bbf6e
+      ..ae45159d
+      ..c1459d4b
+      ..3fdab2c5
+      ..107fa82d
+..23b26dbb
+      ..02ee4d1e
+      ..f7f784cf
+      ..a3d0eae8
+      ..a8dc66d6
+      ..468d4475
+      ..3fdab2c5
+      ..107fa82d
+      ..704c16ba
+      ..7d9d16df
+      ..b8ccd5bb
+      ..dea71896
+      ..d9433b88
+      ..76f34256
+      ..091da7db
+      ..fe607d30
+      ..c265e274
+      ..20c51b9e
+      ..d9cdeb58
+      ..6b1999d0
+      ..0fdb9034
+      ..165f3a81
+      ..88ed348f
+      ..71317662
+      ..523a515e
+      ..ba354fc9
+      ..80b86585
+      ..3fdab2c5
+      ..107fa82d
+      ..704c16ba
+      ..7d9d16df
+    }..45a60360
-	.exam..1af738e7
-		widt..922708ca
-		heig..408ccea1
-	}..3e2f0de8
-	.exam..94f2fae1
-		marg..e73cae71
-..c37edfd4
-	}..3e2f0de8
-	.exam..40e66175
-		max-..1f47e8ff
-	}..3e2f0de8
-..c37edfd4
-..c37edfd4
-	.exam..87559cca
-		top:..da66905f
-		bott..ab871ae8
-		righ..f61c23f2
-		left..f5eef773
-		posi..8d89dd3d
-		z-in..01131799
-		opac..61bc1e07
-		text..a3c8b6b3
-		back..e32fdcae
-	}..3e2f0de8
-..c37edfd4
-	.exam..4807026b
-		marg..b7a49d8d
-		posi..124072b0
-		top:..c464b172
-		left..f5eef773
-		righ..f61c23f2
-		-web..0123c560
-		-ms-..8cfbef19
-		tran..7e229ba9
-		font..e3bd83d6
-		colo..e097daa8
-		padd..746f1675
-	}..3e2f0de8
+    .e..87b304ba
+      ..33540f33
+      ..e489968d
+    }..45a60360
+    .e..c20cfaa0
+      ..54edb63b
+..23b26dbb
+    }..45a60360
+    .e..1e0eb76c
+      ..1e1ab548
+    }..45a60360
+..23b26dbb
+..23b26dbb
+    .e..57623185
+      ..8edf4383
+      ..b2ebf58a
+      ..0ec142e8
+      ..f77c1c20
+      ..da751e1c
+      ..cc3026c6
+      ..67b49207
+      ..45fcd83a
+      ..511c9ff5
+    }..45a60360
+..23b26dbb
+    .e..6d165ee7
+      ..c7870837
+      ..24d6e15e
+      ..91828fb3
+      ..f77c1c20
+      ..0ec142e8
+      ..fe8a90fe
+      ..311d4069
+      ..5d65a116
+      ..d08896ac
+      ..3bff09da
+      ..93fc4e8e
+    }..45a60360