-      ..658701a5
+      ..47f180dc
--- /de..bfaeba97
+<templ..afd62f48
+    <d..ff03750e
+      ..282fd16c
+      ..60687e96
+      ..c7ba853b
+..3d8a660d
+      ..3e0e5cee
+    </..8867e883
+</temp..764f0d66
+..3d8a660d
+<scrip..92eba4a6
+    im..4fb4c472
+..3d8a660d
+    im..4a6f644e
+..3d8a660d
+    ex..61752916
+      ..9ee40bb1
+      ..a82da4f7
+      ..f54fc8d7
+      ..b6b9a3e8
+      ..c389c6fa
+      ..5f13cf56
+      ..8ca3f79c
+      ..2db980b8
+      ..5f13cf56
+      ..c059635d
+      ..2c2e6f49
+      ..7c95da4a
+      ..c389c6fa
+      ..5f13cf56
+      ..fb136b87
+      ..ec5f24bd
+      ..abecb904
+      ..89103195
+      ..5f13cf56
+      ..8f02047b
+      ..f0968f19
+      ..b75ff4f6
+      ..df1966da
+      ..6c1a4a48
+      ..617b93da
+      ..e73920b1
+      ..59d4e942
+      ..7c37d1cb
+      ..b43c25cd
+      ..89103195
+      ..5f13cf56
+      ..31c4fddb
+      ..4dc2d17b
+      ..4035ba3c
+      ..89103195
+      ..5f13cf56
+    }..519a45a8
+</scri..045f4ae9
+++ /de..b088cdd2
-<templ..c427d32e
-    <d..4e66440c
-      ..f2d48781
-      ..29d164be
-      ..f45009cf
-..9f8253f1
-      ..c0c3431e
-    </..0e954f20
-</temp..7e1c074d
-..9f8253f1
-<scrip..9c138bfa
-    im..adac8274
-..9f8253f1
-    im..b4cc4282
-..9f8253f1
-    ex..cbe0b28c
-      ..b29d7953
-      ..5e65ae6f
-      ..7963ccd9
-      ..0589caa5
-      ..c02889cb
-      ..4bed3226
-      ..913400a9
-      ..c842c3f4
-      ..4bed3226
-      ..4109bd96
-      ..1e99563b
-      ..fdbcfd38
-      ..c02889cb
-      ..4bed3226
-      ..6aaf2b85
-      ..2e6b6b5c
-      ..b0d0e243
-      ..61ed04c1
-      ..4bed3226
-      ..b57ee072
-      ..f4b04429
-      ..e5c0a8fe
-      ..da585992
-      ..649178f3
-      ..c1adf6b6
-      ..65a8cc90
-      ..cdfccec3
-      ..953f0e3d
-      ..8d3470f4
-      ..61ed04c1
-      ..4bed3226
-      ..dbba38e9
-      ..8e565c71
-      ..23fb79df
-      ..61ed04c1
-      ..4bed3226
-    }..c78bac2e
-</scri..94cf95b2
-import..a8f2fb43
+import..bc135003
-      ..cd814f62
-      ..067e9a69
+      ..b0691089
+      ..5541380e
-      ..c6a93e36
+      ..7317d2d5