+++ /de..34f7717e
-<templ..dc136dfa
-    <d..d3b9e9d6
-      ..a3f01163
-      ..68e305f6
-..d1b90098
-      ..eee3996f
-      ..ad1e159b
-      ..0504dba0
-      ..d35282fc
-..d1b90098
-      ..0cd1e4f8
-..d1b90098
-      ..f83668d1
-      ..2a06d5ac
-      ..b6b9b23d
-      ..033334c4
-      ..8452a29f
-      ..9f74c836
-      ..84a349ef
-      ..033334c4
-      ..5ee87e6b
-      ..a21c7886
-      ..84a349ef
-      ..4c646add
-      ..776cda43
-      ..a99c1130
-      ..ae8fe062
-      ..99c43d4b
-      ..4b150b0c
-      ..33270732
-      ..c75db37e
-      ..d7fbfa96
-      ..4c646add
-      ..2aa4a23b
-..d1b90098
-      ..cc88e22c
-      ..37b539d4
-      ..45a4df54
-      ..d35282fc
-      ..9326da64
-..d1b90098
-      ..49e975f1
-      ..adde1f72
-      ..da18d1bd
-      ..eba6fd1f
-      ..2b259fc3
-      ..45a4df54
-      ..d35282fc
-      ..9326da64
-    </..b7c25958
-</temp..06bbf808
-..d1b90098
-<scrip..27d5a9cd
-    im..dec7e921
-..d1b90098
-    im..74f555c1
-..d1b90098
-    ex..cc2cc87b
-      ..99292bb6
-      ..bd0ac801
-      ..81f88a22
-      ..3a0199a7
-      ..372667e7
-      ..a79263ed
-      ..da926552
-      ..0eac45a4
-      ..0e58832a
-      ..7b6ee986
-      ..e6a0329d
-      ..1ba8169d
-      ..0afbd304
-      ..a79263ed
-      ..e9eed5cd
-      ..553fc521
-      ..6167d97a
-      ..372667e7
-      ..4d401a0a
-      ..7db7f6da
-      ..372667e7
-      ..7b932436
-      ..2fd3aa66
-      ..372667e7
-      ..a79263ed
-      ..729ea7f5
-      ..c2237989
-      ..e3b03866
-      ..372667e7
-      ..2c85105f
-      ..5c3312e1
-      ..372667e7
-      ..60ac107f
-      ..e7dc2689
-..d1b90098
-      ..ef99f2e0
-..d1b90098
-      ..4948c336
-      ..f63ffc2e
-      ..9ff8fb37
-      ..15c8df70
-      ..4e668373
-..d1b90098
-      ..2ee6efc5
-      ..a9d3a4f5
-..d1b90098
-      ..e8a396e3
-      ..21b80327
-      ..682ec797
-      ..597a8adf
-      ..372667e7
-      ..3d02255b
-      ..c582da38
-      ..8ca37ec9
-      ..518a5754
-      ..37554fd0
-      ..b43e66b8
-      ..597a8adf
-..d1b90098
-      ..5e4dadda
-      ..9d5c3cd2
-      ..d20af77c
-      ..372667e7
-      ..a32a47f1
-      ..bc8fdece
-      ..2b787e78
-      ..c6e01742
-      ..4e668373
-      ..6824bce0
-      ..372667e7
-      ..a79263ed
-      ..cca64188
-      ..53c97c08
-      ..a31385d7
-      ..3be053dc
-      ..4a22709d
-      ..c6e01742
-      ..8c9fd5e8
-      ..a5b6c6ae
-      ..b277b3c0
-      ..e1ea4c40
-      ..d97d95f6
-      ..487035ba
-      ..2b1f8bcc
-      ..3e760b9f
-      ..352b4974
-..d1b90098
-      ..1a6482c3
-      ..b277b3c0
-      ..372667e7
-      ..a79263ed
-      ..54fd80b7
-      ..16c5ec93
-      ..adf14335
-      ..372667e7
-      ..a79263ed
-    }..82fdba09
-</scri..74d190c1
-..d1b90098
-<style..201b10ac
-    .m..f21266f3
-      ..4656c38f
-    }..82fdba09
-    .a..a81e83d6
-      ..8436bc7f
-      ..0739036c
-    }..82fdba09
-    .a..1f61b210
-      ..cae8fb0d
-      ..7e4d6e46
-      ..a96e338e
-      ..64f0572f
-      ..5f126941
-      ..36737028
-      ..62f67de6
-    }..82fdba09
-    .a..2e7ede38
-      ..cae8fb0d
-      ..7e4d6e46
-    }..82fdba09
-    .a..d491e577
-      ..a116f74a
-    }..82fdba09
-    .i..c5d458cc
-      ..b123d46a
-      ..9583f9e4
-      ..b6ddd88d
-      ..f7e22a75
-      ..36737028
-      ..49a4f394
-    }..82fdba09
-</styl..d604fffa
--- /de..a4692c2d
+<templ..a9108027
+    <d..f430db99
+      ..d40731ad
+      ..d5472888
+..197d58c9
+      ..ede53b20
+      ..fa323338
+      ..21304f9f
+      ..f31b5f52
+..197d58c9
+      ..6c6181f7
+..197d58c9
+      ..53b2f295
+      ..dc6b253a
+      ..bf7de592
+      ..334a1192
+      ..46a09399
+      ..92c099d3
+      ..6d2598aa
+      ..334a1192
+      ..238ad337
+      ..7342ef36
+      ..6d2598aa
+      ..21ab4f88
+      ..d11ea2dc
+      ..2fb11b83
+      ..3abc52d1
+      ..da33dd67
+      ..fc048286
+      ..7c64189b
+      ..edcf24a1
+      ..2d3b2897
+      ..21ab4f88
+      ..f26e0dd4
+..197d58c9
+      ..1a796323
+      ..7271dcfd
+      ..9869eda0
+      ..f31b5f52
+      ..eff5e2c7
+..197d58c9
+      ..0677bec7
+      ..40943d0e
+      ..bbd14d5e
+      ..617c305e
+      ..50dad859
+      ..9869eda0
+      ..f31b5f52
+      ..eff5e2c7
+    </..ed175df8
+</temp..f7aeb735
+..197d58c9
+<scrip..841b70e7
+    im..d1886bf7
+..197d58c9
+    im..6bfeb6c7
+..197d58c9
+    ex..21349043
+      ..15e61298
+      ..204be926
+      ..018d4cc3
+      ..95be6ec9
+      ..50230b31
+      ..5f53ad12
+      ..375aca7d
+      ..63da7665
+      ..98938563
+      ..02c3a8de
+      ..87efb432
+      ..cec1a905
+      ..958b0a1d
+      ..5f53ad12
+      ..a71f521f
+      ..bf74fa37
+      ..1c860250
+      ..50230b31
+      ..d75d9efb
+      ..76fb05bd
+      ..50230b31
+      ..c1f08c36
+      ..13d4374c
+      ..50230b31
+      ..5f53ad12
+      ..edb32089
+      ..4ebaa1b4
+      ..3c6c571a
+      ..50230b31
+      ..38ebaaad
+      ..a155694c
+      ..50230b31
+      ..c5c6f78c
+      ..7830d8a6
+..197d58c9
+      ..2e5274c2
+..197d58c9
+      ..94e5cd56
+      ..50f50096
+      ..3f192eeb
+      ..80845c44
+      ..8e95a9c0
+..197d58c9
+      ..5f4c9a01
+      ..bc7809a7
+..197d58c9
+      ..ec7d13f8
+      ..90a346ec
+      ..34f79723
+      ..604eafb5
+      ..50230b31
+      ..98f31fd6
+      ..e92f4d10
+      ..ebee70c2
+      ..27f99155
+      ..0a7aff19
+      ..14252870
+      ..604eafb5
+..197d58c9
+      ..d8a5c2bd
+      ..e12d900f
+      ..028d9ebe
+      ..50230b31
+      ..f0b01423
+      ..3d2d3e9f
+      ..089262d8
+      ..22569386
+      ..8e95a9c0
+      ..d2b41055
+      ..50230b31
+      ..5f53ad12
+      ..3f85768f
+      ..1e915cdf
+      ..0fd41156
+      ..24dee3e5
+      ..d45b7029
+      ..22569386
+      ..3c9db3c7
+      ..66154495
+      ..6b44b8dd
+      ..32bdb446
+      ..858fd9df
+      ..e2d3da29
+      ..caf5169e
+      ..1b507573
+      ..89825eeb
+..197d58c9
+      ..28e61348
+      ..6b44b8dd
+      ..50230b31
+      ..5f53ad12
+      ..871c1da0
+      ..989e867d
+      ..6de5ab53
+      ..50230b31
+      ..5f53ad12
+    }..ce9e70e2
+</scri..50adc711
+..197d58c9
+<style..81f24326
+    .m..9008edaf
+      ..03c9327a
+    }..ce9e70e2
+    .a..23b13947
+      ..be36a65c
+      ..807e8fbe
+    }..ce9e70e2
+    .a..50da1246
+      ..5fb68584
+      ..abdc5dad
+      ..2c612e25
+      ..9c728b43
+      ..a3504458
+      ..7fbf0854
+      ..d4409978
+    }..ce9e70e2
+    .a..989324d4
+      ..5fb68584
+      ..abdc5dad
+    }..ce9e70e2
+    .a..4ee8af23
+      ..7ad43b47
+    }..ce9e70e2
+    .i..ee1f2ae9
+      ..3004d19b
+      ..e076de0d
+      ..3c9bfbd7
+      ..94f31035
+      ..7fbf0854
+      ..78620a56
+    }..ce9e70e2
+</styl..4c95f092
-import..abcbc80f
-import..e0a6a9ad
+import..7dd0c001
+import..f72cfdfd
-      ..e46deaa8
+      ..8a6f4e46