-    ap..c2b06173
-    et..a9530aca
-    li..a25a15b1
+    ap..a7a387f1
+    et..16ad953f
+    li..485f225f
+    us..acdc1f8c
+      ..b6b46ebd
+      ..2707e571
+    }..519a45a8
-query ..4ed7a555
-    id..60de6558
+query ..f50cb527
+    id..c0a12dc5
-      ..11a8741b
+      ..9056f74f
--- /de..bfaeba97
+<templ..afd62f48
+    <d..a17d4694
+      ..b4e71ff7
+      ..9f14a4b4
+      ..84c8945e
+      ..f555b427
+      ..34992a7a
+      ..0c136062
+      ..3e6ab423
+      ..07681b4c
+      ..4d9b81fa
+      ..0926cb80
+      ..48c552b7
+..3d8a660d
+      ..319304f5
+      ..c5291482
+      ..47c1ca2d
+      ..e58e4298
+..3d8a660d
+      ..41583f65
+      ..f11eabba
+      ..f57d28ad
+      ..7fd5be84
+      ..77a3b570
+      ..cc04f9c4
+      ..ee35549d
+      ..3f3106dc
+    </..8867e883
+</temp..764f0d66
+..3d8a660d
+<scrip..92eba4a6
+    ex..61752916
+      ..30f3f76d
+      ..a82da4f7
+      ..9e8614d5
+      ..2525ed7f
+      ..b6b9a3e8
+      ..89103195
+      ..5f13cf56
+      ..b26e7871
+      ..2c2e6f49
+      ..8758a680
+      ..d109a351
+      ..c389c6fa
+      ..5f13cf56
+      ..fb136b87
+      ..5413d33b
+      ..8d3a06f6
+      ..6c1a4a48
+      ..5e301975
+      ..a5697de7
+      ..8b2bff3c
+      ..006db2b9
+      ..0af85a0a
+      ..cbc195cc
+      ..c96eb6fe
+      ..26bf0e3b
+      ..8f7524db
+      ..2eae0c49
+      ..e73920b1
+      ..0bb2ae35
+      ..89103195
+      ..5f13cf56
+      ..0d2f649d
+      ..772c7feb
+      ..ca4fac01
+      ..cc4c148e
+      ..a7af5ad9
+..3d8a660d
+      ..2b88eef3
+      ..89103195
+      ..16d72e7f
+      ..798c499d
+      ..89103195
+      ..5f13cf56
+      ..1e0d4a5a
+      ..3bd273fd
+      ..927c07cc
+    }..519a45a8
+</scri..045f4ae9
+..3d8a660d
+<style..d427acbc
+    .m..3df3ed9f
+      ..f8add925
+    }..519a45a8
+</styl..cfed3041
-      ..d4a73e8c
+      ..b4e71ff7
-      ..02f829be
+      ..2c3a3f31
-      ..635c64ce
+      ..3e6ab423
-      ..5b9ceca2
+      ..4f615ff5
-    co..a8411811
-      ..a03d1573
-      ..6fbd9abc
-      ..cf52a509
-..9f8253f1
-      ..35dfae8e
-    }..c78bac2e
-..9f8253f1
-      ..4109bd96
+      ..b26e7871
-      ..03a2408d
-      ..01be2021
+      ..8758a680
+      ..d109a351
-      ..2d85ed56
+      ..5413d33b
-      ..4cd0fd0d
-      ..e91f4494
-      ..252bfaad
-      ..d945d289
-      ..3f5b1c18
+      ..0b09c572
-      ..47b91499
+..3d8a660d
+      ..b8fce03e
+..3d8a660d
+      ..a93ef118
-      ..65c60d79
-      ..f0230c07
-      ..d0dd8868
-      ..2df1d0da
-      ..650ad698
-      ..310a5e18
+      ..e274e018
+      ..e8d22cae
+      ..975e9c21
+      ..91b15cf6
+      ..9e683bf7
+      ..006db2b9
+      ..cbc195cc
+      ..0af85a0a
+      ..e84f8368
+      ..c96eb6fe
+      ..47264104
+      ..2eae0c49
-      ..be29f64a
+      ..1cbcc561
-      ..22727274
-      ..2bcac9a6
-      ..c02889cb
+      ..772c7feb
+      ..ca4fac01
+      ..cc4c148e
+      ..a7af5ad9
+..3d8a660d
+      ..2b88eef3
+      ..89103195
+      ..16d72e7f
+      ..798c499d
+      ..89103195
-      ..f2e3c034
-      ..6301a862
+      ..1e0d4a5a
+      ..3bd273fd
-      ..bad4ba40
+      ..82848e4e
-      ..7afb977d
+      ..0df08a8a
-      ..3ec6e47d
+      ..a2a18966
-      ..635c64ce
+      ..3e6ab423
-      ..fdd8d6b5
-      ..8984a3c7
-      ..c56a46a2
+      ..0d42749d
+      ..0df13ac5
+      ..8eb891e0
-    co..e7c6226e
-      ..a03d1573
-      ..6fbd9abc
-      ..cf52a509
-..9f8253f1
-      ..35dfae8e
-    }..c78bac2e
-..9f8253f1
-      ..03a2408d
-      ..01be2021
+      ..8758a680
+      ..d109a351
-      ..995f1c86
+      ..f8d26ef3
+      ..8dcaf039
+      ..bbebb099
+      ..7b6aa139
+      ..d5cff49f
+      ..c5fe024e
+      ..21254cc8
-      ..2232ee63
-      ..8e886fb0
+      ..772c7feb
+      ..ca4fac01
+      ..cc4c148e
+      ..a7af5ad9
+..3d8a660d
+      ..2b88eef3
+      ..89103195
+      ..16d72e7f
+      ..798c499d
-      ..356a2ec5
+      ..3bd273fd
-      ..ac5bcc06
+      ..873fb371
+      ..3c9c0c4a
--- /de..bfaeba97
+<templ..afd62f48
+    <d..ff03750e
+      ..282fd16c
+      ..18348932
+      ..c7ba853b
+..3d8a660d
+      ..3eacc3fe
+    </..8867e883
+</temp..764f0d66
+..3d8a660d
+<scrip..92eba4a6
+    im..32bf6ee7
+..3d8a660d
+    im..1ce9e7e6
+..3d8a660d
+    ex..61752916
+      ..9837b89a
+      ..a82da4f7
+      ..f54fc8d7
+      ..b6b9a3e8
+      ..c389c6fa
+      ..5f13cf56
+      ..8ca3f79c
+      ..d995b4ee
+      ..5f13cf56
+      ..c059635d
+      ..2c2e6f49
+      ..7c95da4a
+      ..c389c6fa
+      ..5f13cf56
+      ..fb136b87
+      ..ec5f24bd
+      ..b439039b
+      ..89103195
+      ..5f13cf56
+      ..8f02047b
+      ..9e8614d5
+      ..08590901
+      ..df1966da
+      ..6c1a4a48
+      ..617b93da
+      ..e73920b1
+      ..59d4e942
+      ..7c37d1cb
+      ..b43c25cd
+      ..89103195
+      ..5f13cf56
+      ..31c4fddb
+      ..4dc2d17b
+      ..4035ba3c
+      ..89103195
+      ..5f13cf56
+    }..519a45a8
+</scri..045f4ae9
-      ..08aedf46
+      ..b90c0be3
-      ..dc7f9458
+      ..60687e96
+import..efd0584c
+      ..c9641856
+      ..83ea658f
+      ..9febb043
+      ..b946c860
+      ..e70272e2
+      ..adc9e366
+      ..9350050a