-  id..508abfcf
-  name..7edaf066
-  desc..89d3b3a6
-  imag..b75cb45d
+    id..ce5eb786
+    na..4047c39d
+    de..3a219c71
+    im..317cbddf
-  id..508abfcf
-  app_..9e02204e
-  ethe..a713cb47
-  link..a6c0a3fa
+    id..ce5eb786
+    ap..03f8aa84
+    et..1390f15b
+    li..1af53393
-  id..508abfcf
-  name..7edaf066
-  emai..bc79daad
-  role..1e89b6bd
-    pe..cf2fe663
-      ..86b28248
-      ..44c1f059
+    em..d4748e41
+    ro..322f44e7
+      ..481277ea
+      ..932d715d
+      ..20de301f
+      ..4825f474
+      ..6f170c06
+      ..5440b1f9
+      ..1f4f7dff
-    ap..a464f70c
-  }..1f4a6ce1
-  acce..90794b18
-  crea..6fcb10c8
-  upda..d9ff1988
-  iden..39bd3682
-    id..1ec89b05
-    ap..a464f70c
-    et..32738872
-    li..fd519b73
-    fi..9c201579
-      ..002c7b8c
-      ..0f45d525
-    }..974ba4e7
-    to..970ac651
-      ..89140a71
-      ..60a925c5
-    }..974ba4e7
-    ap..ef7e90a3
-      ..86b28248
-      ..44c1f059
-      ..ae85917c
-      ..02100563
+    ac..2b8b5429
+    cr..bc740220
+    up..bc749275
+    id..b8776d82
+      ..481277ea
+      ..1f4f7dff
+      ..0145af5d
+      ..a233d9d5
+      ..53c48945
+      ..1004f596
+      ..70269b8f
+      ..5440b1f9
+      ..2173aa55
+      ..0141aca8
+      ..ecf2ec24
+      ..5440b1f9
+      ..ec112c9b
+      ..4825f474
+      ..6f170c06
+      ..a9b5581c
+      ..506b9854
+      ..5440b1f9
-  }..1f4a6ce1
+++ /de..66000dbd
-#impor..962fb42d
-..1639a790
-query ..339c81fb
-  apps..2e14e8f5
-    ....4e02ff1b
-  }..1f4a6ce1
-}..9aa20dd8
--- /de..557d780d
+#impor..17913c3b
+..7e381ac7
+query ..96fe5a3c
+    ap..51f0406c
+      ..fbac0ae7
+    }..a6c70512
+}..3f9751d3
--- /de..557d780d
+#impor..907387e2
+..7e381ac7
+query ..5a2af81c
+    id..9c595c1f
+      ..058abc1f
+    }..a6c70512
+}..3f9751d3
+++ /de..66000dbd
-#impor..4f995cc2
-..1639a790
-query ..69da081f
-  Enji..58e236f1
-    ....ececb5d6
-  }..1f4a6ce1
-}..9aa20dd8
-  Enji..8285955d
-    ....90861771
-  }..1f4a6ce1
+    En..8e420391
+      ..58241bfc
+    }..a6c70512
-  apps..2e14e8f5
-    ....4e02ff1b
+    ap..51f0406c
+      ..fbac0ae7
-    id..0c5eddea
-      ..86b28248
-      ..ad886540
-      ..1b46e572
-      ..da43bc42
-      ..a51fdb44
-      ..1af6b274
-      ..cce0600e
-      ..8bef0dfe
-      ..bb5c4489
+      ..8756981b
-      ..333009d6
-      ..5f2aca2b
-      ..c3345218
+      ..59f9ea1e
+      ..f1ea63eb
+      ..df550c04
+      ..c9b81699
+      ..9a0a5874
+      ..71d6d87d
+      ..34f72c98
+      ..c4e5803d
+      ..6ad42e4c
+      ..db99fb5e
+      ..4b34cf5a
+      ..e2412d79
+      ..2ad8f78a
+      ..1d0723b4
-      ..b7bbc34b
-  }..1f4a6ce1
+++ /de..66000dbd
-#impor..5e83cfde
-..1639a790
-query ..3b373cb8
-  Enji..fcdf27ee
-    ....90861771
-  }..1f4a6ce1
-}..9aa20dd8
+++ /de..66000dbd
-#impor..4f995cc2
-#impor..5e83cfde
-..1639a790
-query ..4d37ce1e
-  Enji..fcdf27ee
-    ....90861771
-  }..1f4a6ce1
-  Enji..0a26b37d
-    ....ececb5d6
-  }..1f4a6ce1
-}..9aa20dd8
--- /de..557d780d
+#impor..6909ceb4
+..7e381ac7
+query ..9696c585
+    us..9b33636e
+      ..58241bfc
+    }..a6c70512
+}..3f9751d3
-    im..5fb883c4
+    im..1d2975f3
-      ..bba4fbf2
+      ..f35df630
-    im..5fb883c4
+    im..1d2975f3
-      ..bba4fbf2
+      ..f35df630
-    im..5fb883c4
+    im..1d2975f3
-      ..bba4fbf2
+      ..f35df630
-    im..6df40960
+    im..2a2194ee
-import..711ffa2a
+import..feeb8aa2
-      ..fec886bf
-      ..dab1f36f
+      ..3caeca63
+      ..b8ec03e8
--- /de..557d780d
+<?php..31a5fc9e
+..7e381ac7
+namesp..8945cc86
+..7e381ac7
+use En..9bb00a4b
+use Il..9c32ef8c
+..7e381ac7
+class ..576fab96
+{..120bcc12
+    pu..b4f4ad92
+    {..2710194c
+      ..55cf065e
+..7e381ac7
+      ..4f04cf08
+..7e381ac7
+      ..2a72f7e4
+      ..6bee9adc
+      ..ffe613cb
+      ..c063cf74
+      ..d6ac712e
+      ..56a3feb2
+      ..0d763e7b
+      ..7e8067fe
+      ..bd4206e9
+      ..30279dad
+      ..bc2888c4
+      ..7e009046
+      ..11f9b0a9
+      ..9d15f092
+    }..a6c70512
+..7e381ac7
+    pu..970359e8
+    {..2710194c
+      ..55cf065e
+..7e381ac7
+      ..1002819f
+      ..7a1f9876
+    }..a6c70512
+}..3f9751d3
+++ /de..66000dbd
-<?php..1cb79391
-..1639a790
-namesp..550dea00
-..1639a790
-use En..19bce4e1
-use Il..ebcdb119
-..1639a790
-class ..c2afb5fa
-{..a6dd25e3
-    pu..b99220a4
-    {..82b1ea2b
-      ..d4832572
-..1639a790
-      ..d991271a
-..1639a790
-      ..cf692da6
-      ..49b8de38
-      ..91ed5f46
-      ..863a51e3
-      ..0551b4d6
-      ..cac8f449
-      ..04cd93b2
-      ..a3ccbe37
-      ..2d4d2424
-      ..1f1c3c52
-      ..1d7f2f1b
-      ..61a14ccd
-      ..a42b24ec
-      ..10020c02
-      ..b746e650
-      ..50af62c3
-      ..2a2298c5
-      ..765b0f55
-      ..b9c39e36
-      ..bb017935
-    }..974ba4e7
-..1639a790
-    pu..ee3bfa04
-    {..82b1ea2b
-      ..d4832572
-..1639a790
-      ..3b1e03ef
-      ..d34b8e3c
-    }..974ba4e7
-}..9aa20dd8
-      ..9a336404
+      ..b75c4152
-      ..fe67d1e1
+      ..b40bac98
-      ..56f13c56
+      ..438a3933
-      ..fe67d1e1
+      ..b40bac98
-      ..119fbc95
+      ..77a17c09
-      ..2d647e2d
+      ..7e6317de