--- /de..2fb368a7
+mutati..5de2dd24
+    De..f8c09c9e
+      ..ba9616ac
+    }..f2669412
+}..321f9b53
+..1669553e
+..1669553e
+      ..c980e1fe
+      ..edfdb6e8
+      ..71685e6d
-      ..27f8da8a
-      ..18400400
+      ..416ccea2
-      ..7eeaffa0
+      ..bc9d739f
+      ..29f6adc3
+      ..03604253
+      ..3c31234e
+      ..33fa62d1
+      ..521b8fee
+      ..9f8951ea
+      ..bc9d739f
+import..877c710c
-      ..ae4a6f81
+      ..07f359cd
+      ..5c51a5e8
+      ..121b82c6
+      ..ddd018e8
+      ..44f66316
+..1669553e
+      ..10df1ed6
+      ..b1c1fbe9
+..1669553e
+      ..1cc11909
+      ..493d789e
+      ..af63ed21
+      ..320d7809
+      ..93f49ffa
+      ..44bd67cd
+      ..7ef44597
+      ..155185fc
+      ..d9521266
+      ..0aaae8d4