-      ..f35e6a26
-      ..d712d833
-      ..a4dd6b8e
-..1639a790
+    cr..42a6b9c3
+      ..d3da73ba
+      ..d428ae2f
+      ..5440b1f9
+    },..e9cbbf10
-  // D..b0ce5715
-      ..d0fc8099
-      ..4c3a578e
+      ..7fc334b1
+      ..b180a1be
-    au..6840f333
-    cu..0ccc3198
-    cu..95c93924
-    sa..ae8e730e
-    au..7e18f25c
-  // S..90d1e4e4
-    us..77df3502
-      ..99d016f6
-      ..8af4ccb4
-    },..3bbb6b9c
-    ap..3d6f79fe
-      ..b7b4cfc8
-      ..f7e776e9
-    },..3bbb6b9c
-    cl..f2283c92
-      ..eaaa16b2
-      ..0e93c602
-      ..c819f60f
-      ..581d4087
+    us..6d6ac735
+      ..26a2e3fa
-    lo..5b3519ec
+    lo..1738dfa4
-    sa..4d3beae7
-      ..4cba4ff6
-    },..3bbb6b9c
-    au..3fc48eb5
-      ..5a1afc03
-    },..3bbb6b9c
-  // A..6d5fb00b
-    //..688ad275
-    si..e6701e27
+    au..d5c939fe
+      ..1fbbc2ca
+      ..445c54e8
+      ..06dca610
+    },..e9cbbf10
+..7e381ac7
+    si..9f5ab876
-      ..037b6e20
-      ..ad8c7019
-      ..8adcddaa
-      ..87f17c94
-      ..828ee9b6
-      ..239e3251
+      ..fac97133
-		  le..0c4ed3b4
-..1639a790
-		  if..1a4cb503
-      ..a8affe23
-      ..bb7059dd
-      ..13d7d6b3
-      ..08621005
-      ..a66eacc6
-				  ..11a07de4
+  		  ..74a68d3b
+..7e381ac7
+  		  ..cc20098b
+      ..c873a98e
+      ..602d434f
+      ..a0969413
+      ..c6c95113
+      ..dec19f1d
-..1639a790
-		  co..233ff526
-			  m..4dae6f9e
-		  })..6d6b71d9
-	  });..bc7c8cc7
-    },..3bbb6b9c
-..1639a790
-    //..be841144
-    lo..25fd74d2
-      ..6343661d
-      ..7b328f4b
-      ..5c76691e
-..1639a790
-      ..b30717d9
-      ..28047dc4
-      ..5c76691e
-..1639a790
-      ..1e555c6f
-      ..1a18108a
-      ..b8bc0b03
-      ..72d3db39
-      ..3fa8bd36
-      ..19baa341
-      ..738ec48d
-      ..037b6e20
-      ..b91d07f8
-      ..e11600f9
-      ..ad4d3a0c
-..1639a790
-      ..8adcddaa
-      ..a47a7b90
-      ..5c7eb292
-      ..239e3251
-..1639a790
-      ..c62fc55e
-      ..f526878c
-      ..90b96e50
-      ..b605081e
-      ..dc249629
-      ..431083e2
-      ..f1e5d750
-      ..6af1d112
-      ..288d2b8d
-..1639a790
-      ..2e6beed0
-      ..ed5edd05
-      ..239e3251
-..1639a790
-      ..b717cb77
-      ..e733d7fe
-      ..239e3251
-..1639a790
-      ..a00b82be
-      ..853d8413
-      ..3360c04b
-      ..2e6beed0
-      ..8d91c729
-      ..239e3251
-      ..b717cb77
-      ..e733d7fe
-      ..239e3251
-      ..5c76691e
-    },..3bbb6b9c
-..1639a790
-    //..c9f6a343
-    tr..be70136f
-      ..e6d7807b
-      ..7e51d72c
-      ..d720eda3
-      ..b7bbc34b
-      ..5f949e6f
-      ..7067d36c
-      ..b8043b2c
-      ..bd9f0887
-..1639a790
-      ..1e555c6f
-      ..5e1763cb
-      ..b3e27b32
-      ..b2f1abc6
-      ..3024dd4f
-      ..738ec48d
-      ..ca6a70c4
-      ..8adcddaa
-      ..a1628728
-      ..e60a1773
-      ..239e3251
-      ..e055573c
-      ..3c9b47ee
-      ..dc249629
-      ..03dd8d91
-      ..4f318ffd
-      ..6af1d112
-      ..288d2b8d
-      ..83f59a5d
-      ..1115076d
-      ..4d6922ee
-      ..288d2b8d
-      ..5bb25f27
+  		  ..86663f8c
+	    }..bcf2f6b8
-    re..45a96025
+    re..5167ad9a
-      ..b579d1a4
-		comm..e3274696
-      ..a3ab18f7
-    re..7ba787d4
+    re..eb8f1e40
-      ..3360c04b
-      ..9a42e9f5
+      ..ec8e41e1
-    //..2f47edc0
-    ch..68bed5cd
-      ..2393f8a2
-      ..d1424fa6
-      ..e6d7807b
-      ..b8043b2c
-      ..bd9f0887
-..1639a790
-      ..835904c7
-      ..5a77650c
-      ..9943266a
-..1639a790
-      ..210997fa
-      ..1e555c6f
-      ..6f34b474
-      ..b8bc0b03
-      ..72b5eae3
-      ..19baa341
-      ..b2f1abc6
-      ..3024dd4f
-      ..19baa341
-      ..738ec48d
-      ..f10601e5
-      ..5698ca74
-      ..274d2efa
-..1639a790
-      ..dc249629
-      ..03dd8d91
-      ..4f318ffd
-      ..6af1d112
-      ..288d2b8d
-      ..38a82211
-      ..5bb25f27
-    },..3bbb6b9c
-..1639a790
-    //..7fba5e14
-      ..566a6656
-      ..e6d7807b
-      ..b8043b2c
-      ..1af64732
-      ..15c03490
-      ..34d09bc4
-      ..83c41255
-      ..239e3251
-      ..4ecdc551
-      ..6f65f678
-      ..3fb938e6
-      ..94a873e1
-      ..dd8bce70
-      ..f7af1985
-      ..50f5c956
-      ..6af1d112
+      ..62c48e42
+      ..5922bb0e
+      ..4363f41e
-    //..ed420b7b
-      ..566a6656
-      ..e6d7807b
-      ..b8043b2c
-      ..bd9f0887
-      ..b0a2ed3e
-      ..15c03490
-      ..33f0b04d
-      ..09142512
-      ..239e3251
-      ..6132f6fc
-      ..6f65f678
-      ..3360c04b
-      ..6f65f678
-      ..566a6656
-      ..3ed88b73
+..7e381ac7
-      ..650124f4
+      ..7bb4e9d4
-      ..29c64151
-      ..a7786d63
-      ..d734a9bb
-      ..2ae17842
-      ..85b4d490
-      ..1252c624
-      ..989394be
-      ..91684cba
-      ..8e4e0bf8
-      ..8b5f52fc
-      ..cbca8686
-      ..6ca39697
-      ..1548a1e9
-      ..5c9d4e66
-      ..6be0bfe9
-      ..fe50dc5e
+..7e381ac7
+      ..3d0499a1
+      ..ea5439d1
+      ..4c936b76
+      ..57071cd9
+      ..bb0af6d6
+      ..f60e8920
+      ..4ac21e33
+      ..9de93787
+      ..b2c723f1
+      ..668bcf02
+      ..d3e7c4a9
-      ..3360c04b
-      ..6f65f678
-      ..879f39e6
-    //..657896e8
-    lo..c8e0737d
-      ..1ffc97a7
-      ..9a3c4e38
-      ..167d48e8
-      ..d1dc694d
-      ..77c52189
-      ..765a593f
-      ..3bd47ceb
-    },..3bbb6b9c
-..1639a790
-    sa..f6ae4572
-      ..03c33f92
+    lo..f7f30f86
+      ..fa1898dd
-    is..bb6509f7
-      ..f30133eb
-    },..3bbb6b9c
-    is..6b967393
-      ..27121f55
-    },..3bbb6b9c
-    is..539e8468
-      ..c3a6591b
-    },..3bbb6b9c
-    //..6414bdfa
-    is..60dbc8b8
-      ..d3ab0211
-    },..3bbb6b9c
-    //..746d0ba9
-    ha..23207a94
-      ..83b7c5c4
-    },..3bbb6b9c
-    //..5565b7d3
-    is..cbda361b
-      ..b65a2fb0
-    },..3bbb6b9c
-    id..dd2be47d
-      ..9bdb1021
-    },..3bbb6b9c