-      ..a43d4936
-      ..59986128
-      ..df01dbc3
-..02370af6
+    cr..f9f48095
+      ..d36f944f
+      ..d5ef47cf
+      ..27fb94dd
+    },..8c41075f
-  // D..5762a118
-      ..fe5558c6
-      ..863d976a
+      ..f456451a
+      ..6a48d46c
-    au..e91c925d
-    cu..746a1e2c
-    cu..32b65bf8
-    sa..df100e97
-    au..4620af23
-  // S..aadc4430
-    us..4260c16c
-      ..ad5ed24a
-      ..bc6dcfaa
-    },..86305a5e
-    ap..ae31b0ee
-      ..902fafec
-      ..48860fba
-    },..86305a5e
-    cl..097e9328
-      ..837fc986
-      ..c39c2c81
-      ..09b765d9
-      ..0773fdbc
+    us..1aaa2aab
+      ..6c409251
-    lo..219c1f29
+    lo..e3b9a6ca
-    sa..cad523c4
-      ..b1860421
-    },..86305a5e
-    au..8ab5b030
-      ..242f8bb6
-    },..86305a5e
-  // A..91161ee5
-    //..edc5da33
-    si..5765217b
+    au..68f3bfd7
+      ..4dd79685
+      ..aca002a3
+      ..496f3b1d
+    },..8c41075f
+..a5afc2f6
+    si..668b83e5
-      ..a9d629ee
-      ..88cb90c5
-      ..a9504df9
-      ..90feffb5
-      ..36a85efb
-      ..c2a884b3
+      ..9dd3ee6d
-		  le..328fb06d
-..02370af6
-		  if..ecdf6d65
-      ..fd10838e
-      ..40bc7402
-      ..ca4d306f
-      ..f18065b9
-      ..d94511b2
-				  ..df65ffd3
+  		  ..36d0d259
+..a5afc2f6
+  		  ..3e768b3a
+      ..c2e652b1
+      ..a9f8ff58
+      ..4161a202
+      ..eaa75ecd
+      ..22984c6d
-..02370af6
-		  co..1ba2491c
-			  m..b406f882
-		  })..9c180c94
-	  });..26daf545
-    },..86305a5e
-..02370af6
-    //..4d570df1
-    lo..41470007
-      ..07a3bef3
-      ..e450934c
-      ..33999f73
-..02370af6
-      ..c95ee66e
-      ..2bd12eb7
-      ..33999f73
-..02370af6
-      ..c4edcec1
-      ..d4aa87ac
-      ..c3186c63
-      ..ebf18262
-      ..a2cf90df
-      ..25677ff9
-      ..57d6193c
-      ..a9d629ee
-      ..c1d16fe3
-      ..08251313
-      ..df0e4acd
-..02370af6
-      ..a9504df9
-      ..1611a012
-      ..345f1f61
-      ..c2a884b3
-..02370af6
-      ..d7dad2d1
-      ..f2eb220c
-      ..947811d8
-      ..a2806392
-      ..03435a16
-      ..9905bfb7
-      ..4fe85c5b
-      ..6e9108b6
-      ..b54f6a00
-..02370af6
-      ..c1a749c2
-      ..3f96a26a
-      ..c2a884b3
-..02370af6
-      ..b60daeb3
-      ..250cd990
-      ..c2a884b3
-..02370af6
-      ..1108cfc5
-      ..9dd73b6c
-      ..de33ac19
-      ..c1a749c2
-      ..d82b8e5f
-      ..c2a884b3
-      ..b60daeb3
-      ..250cd990
-      ..c2a884b3
-      ..33999f73
-    },..86305a5e
-..02370af6
-    //..fa7ef760
-    tr..b8387814
-      ..897547d3
-      ..de680ace
-      ..0c59bf13
-      ..38647956
-      ..5492de5d
-      ..f4d4f942
-      ..88d1c0ef
-      ..bd4756af
-..02370af6
-      ..c4edcec1
-      ..1c1e6ebb
-      ..37a44315
-      ..2e90a22e
-      ..db663122
-      ..57d6193c
-      ..8ea97c4a
-      ..a9504df9
-      ..6b4eecfd
-      ..53c4bb77
-      ..c2a884b3
-      ..cd212ec4
-      ..2f502e99
-      ..03435a16
-      ..1ea9aa75
-      ..f30b9bfd
-      ..6e9108b6
-      ..b54f6a00
-      ..80bbd4eb
-      ..bc3b44fd
-      ..6cd83e67
-      ..b54f6a00
-      ..9d79fc89
+  		  ..464ae641
+	    }..660b8f79
-    re..e3aac6d1
+    re..01275cb8
-      ..eee1620c
-		comm..117fb02e
-      ..a03d3e0d
-    re..778e9240
+    re..0d7bdd3a
-      ..de33ac19
-      ..10dff179
+      ..dd97a1b0
-    //..9c156589
-    ch..b69fb70f
-      ..5ed8e7aa
-      ..52f26966
-      ..897547d3
-      ..88d1c0ef
-      ..bd4756af
-..02370af6
-      ..6ac45691
-      ..92f4079e
-      ..cfcf23a4
-..02370af6
-      ..18e42dbe
-      ..c4edcec1
-      ..404b9309
-      ..c3186c63
-      ..aeb8b677
-      ..25677ff9
-      ..2e90a22e
-      ..db663122
-      ..25677ff9
-      ..57d6193c
-      ..d7765e40
-      ..8fa9e0a5
-      ..d28b6547
-..02370af6
-      ..03435a16
-      ..1ea9aa75
-      ..f30b9bfd
-      ..6e9108b6
-      ..b54f6a00
-      ..680b026d
-      ..9d79fc89
-    },..86305a5e
-..02370af6
-    //..f10962f2
-      ..3fb83a8f
-      ..897547d3
-      ..88d1c0ef
-      ..7172b5ca
-      ..869ab2c6
-      ..21542925
-      ..5d323f79
-      ..c2a884b3
-      ..f554bd8e
-      ..9a489b36
-      ..14cacb25
-      ..f3856bdb
-      ..5dcc7a75
-      ..96a9128e
-      ..2fd20429
-      ..6e9108b6
+      ..269f5642
+      ..8597b00e
+      ..48f69070
-    //..43938e9e
-      ..3fb83a8f
-      ..897547d3
-      ..88d1c0ef
-      ..bd4756af
-      ..7d157919
-      ..869ab2c6
-      ..70037cbe
-      ..577c467d
-      ..c2a884b3
-      ..a91c3830
-      ..9a489b36
-      ..de33ac19
-      ..9a489b36
-      ..3fb83a8f
-      ..47b0d09f
+..a5afc2f6
-      ..f90641db
+      ..12fa0a9d
-      ..6c744e9d
-      ..fcd4eba3
-      ..475489fa
-      ..c2ec8e87
-      ..5b50abfa
-      ..36d7e6e1
-      ..bfe5b2f5
-      ..e90de034
-      ..edacfa06
-      ..5a8ed03b
-      ..5f3f15d1
-      ..e4a676a9
-      ..8cb0b740
-      ..f517c6c7
-      ..45dfc155
-      ..1719cf84
+..a5afc2f6
+      ..f1787f65
+      ..d1fd67fe
+      ..27be6a41
+      ..bc53a7f5
+      ..fdb9b2cd
+      ..39e323c4
+      ..034f8f15
+      ..52c785ae
+      ..842be8e7
+      ..9894db46
+      ..28e347c8
-      ..de33ac19
-      ..9a489b36
-      ..4f3fa253
-    //..31b0f65d
-    lo..3d610481
-      ..cc2d6ac1
-      ..d5afd77d
-      ..743ef51d
-      ..17998227
-      ..2be033b4
-      ..b1c2f8cd
-      ..5a802bb9
-    },..86305a5e
-..02370af6
-    sa..49e10631
-      ..56245f8a
+    lo..faae84d7
+      ..b32f5c01
-    is..a144b581
-      ..d5548528
-    },..86305a5e
-    is..f3f00a3a
-      ..a6352599
-    },..86305a5e
-    is..46e869c6
-      ..4270616b
-    },..86305a5e
-    //..5b9f1bf3
-    is..c6d414f0
-      ..7e9991c1
-    },..86305a5e
-    //..dec1bfeb
-    ha..72946ed4
-      ..7a116352
-    },..86305a5e
-    //..5e60f395
-    is..6ee638d7
-      ..b6e1205b
-    },..86305a5e
-    id..1d281e6e
-      ..66cc83b1
-    },..86305a5e