-  iden..39bd3682
-    id..1ec89b05
-    us..f242458c
-      ..86b28248
-      ..44c1f059
-      ..28d95f3a
-      ..43496524
-      ..1b46e572
-      ..da43bc42
-      ..b980a613
-      ..cce0600e
-      ..8bef0dfe
-      ..288d2b8d
-      ..b29ad1c9
-      ..b7bbc34b
-    }..974ba4e7
-  }..1f4a6ce1
--- /de..557d780d
+#impor..17913c3b
+..7e381ac7
+query ..5d0ccdcb
+  apps..cb4d1ec8
+    ....cbb34790
+..7e381ac7
+    id..b8776d82
+      ..ad46b6b8
+      ..67f85426
+      ..481277ea
+      ..932d715d
+      ..1b0c0f17
+      ..f953f228
+      ..ec5ad51b
+      ..d47db932
+      ..307b1586
+      ..4825f474
+      ..6f170c06
+      ..7f03e234
+      ..e925cd23
+      ..5440b1f9
+      ..7fadc7d6
+    }..a6c70512
+  }..ebe43197
+}..3f9751d3
-			has..9e61b595
+			has..e6340341
-      ..1481559f
+      ..7adee40d
-      ..e2b07365
+      ..231b2552
-      ..1f6b675f
+      ..26ad322b
-      ..09ac7aeb
+      ..bd69b74a
-    im..5fb883c4
+    im..e87c767d
-      ..bba4fbf2
+      ..7cd8181a