-			"ve..204b46a5
-			"re..e4be9e0d
-			"in..870a529b
+			"ve..bf56467c
+			"re..d5fad035
+			"in..7c69c957
-			"ve..e428b18f
-			"re..ee15fe2a
-			"in..b7a751f0
+			"ve..e43da201
+			"re..147c5bdf
+			"in..ef1ebe91
-				"@..14a8f6a4
+				"@..dd8e4e52
-		"apo..619cad5a
-			"ve..cc372f92
-			"re..be7dee72
-			"in..a4dd6427
-			"re..e87bc4fd
-				"a..233eb5a9
-				"a..665cad37
-				"a..a2dbac60
-				"a..3e14cca4
-				"a..7a6f1815
-				"a..2d58ab86
-				"g..c01d6b42
-				"t..01ef9e15
-				"t..6ad234f8
-			}..c3c37258
-		},..3942dcdc
-		"apo..2673a4ff
-			"ve..b2304702
-			"re..0fa0e016
-			"in..9fed967f
-			"re..e87bc4fd
-				"a..222d5135
-				"a..60529647
-				"t..6ad234f8
-			}..c3c37258
-		},..3942dcdc
-    "a..30f8c458
-import..95590add
+import..08c5b40a
+import..8b589cb2
+import..dcfadd55
+import..1cccd040
+import..3a995468
-const ..5f275736
-    ur..b799a39e
+const ..0635c655
+..cc79f1dd
+const ..e33bb0f8
+    if..3af969a4
+      ..30a6af1f
+      ..82f61b2a
+      ..edbda28c
+      ..7c5e1c76
+      ..9595ede0
+    }..aa831c29
+..cc79f1dd
+    re..bd5a8e87
+})..46d6df55
+..cc79f1dd
+..cc79f1dd
+const ..d0402311
+    li..8d86c50c
+    ca..c86a3e7b
-    de..fb8118d3
+    de..154148d1