-  uri:..8bf86950
+    ur..c87c5a54
-  defa..2abba37f
+    de..b07c570d
-  base..66265364
-});..126475ea
+    ba..2713cd6b
+})..0cd417a2
-instan..8b65f975
+instan..e3925d1e
-  cons..a9ecbdca
-  retu..dc073986
-});..126475ea
+    co..0938eeef
+    re..3afdeb70
+})..0cd417a2
-  cons..bd4b77a3
-  retu..3d378ab8
-});..126475ea
+    co..130a7a62
+    re..f66587ff
+})..0cd417a2
-instan..71adee73
-instan..6bd36206
+instan..c3287873
+instan..f4c4fe44
-import..963730c0
+    im..1f165ea0
-export..8534480a
-    na..14983c45
-    co..b8c047fb
-      ..893ad606
-    },..9b7765da
-    pr..77861a8c
-      ..8b053993
-      ..3994ee8d
+    ex..29308f42
+      ..c6ac0169
+      ..ba5e9541
+      ..ac295c1d
-    },..9b7765da
-    da..c9d7c5f2
-      ..a0eac7d2
-      ..ad845017
-    },..9b7765da
-    me..6ac3688f
-      ..0a03bc38
-      ..3dced33d
-      ..7dbb2b69
-    },..9b7765da
-    co..ab9872c1
-      ..e5c54583
-      ..052d4a81
+      ..23766bb8
+      ..5561afae
+      ..cf28caef
+      ..ec8a43d9
-      ..f64339c3
-      ..0c973cdf
+      ..8ee16bef
+      ..96d299fa
+      ..9c5ecadc
+      ..ec8a43d9
-      ..b03ec0a1
-      ..eacc984f
-      ..193c7b6d
+      ..65f5c0de
+      ..a183b130
+      ..36c43830
-      ..3057b54e
-      ..dd55195b
+      ..08e23af3
+      ..4e16b944
+      ..ec8a43d9
+      ..d79524d8
+      ..60a1239a
+      ..a664e85e
+      ..f9d105aa
+      ..a50e09d0
+      ..02679e8b
+      ..e7015aed
+      ..ec8a43d9
+      ..c81f3293
+      ..56104966
+      ..59b29b89
+      ..c5aadc63
+      ..24c7db81
-    },..9b7765da
-    cr..89039d60
-      ..053c3a45
-      ..e6c7a99f
-      ..7c8b1d39
-      ..7b340cb2
-    },..9b7765da
-}..d242cac0
+    }..5100db3d
-      ..9fcae694
+      ..bd114067
-      ..21d3487d
+      ..82df9a1e
-      ..b2a1a959
+      ..80668aae
-      ..dae37731
+      ..4f4897af
-      ..b2a1a959
+      ..80668aae
-      ..d7c912f5
-      ..6d82e1e1
-      ..3d13e0ca
-      ..34f60775
-      ..b866f84a
-      ..b2a1a959
+      ..b4c0ddeb
+import..708d1c33
+    co..7b63aa9f
+      ..4333b13d
+    },..84c23447
-      ..f7aa17ec
+      ..6c68c683
-      ..85bb8aea
-      ..9acb73e8
-      ..ec10562c
-      ..626dc644
-      ..ddaa72b7
-      ..1f47d70c
-      ..390de996
-      ..c605fc0b
-      ..7dbb2b69
-      ..77e6faaf
-      ..0b4a6569
-      ..3e6f5dd6
+      ..a2ec798c
-      ..875b184e
-      ..846e4303
-      ..573edf13
-      ..747bfe27
-      ..7dbb2b69
-      ..a57cffe8
-      ..5f2b781a
-      ..835b9a4e
-      ..7890d935
-      ..3d0c5f09
-      ..f103da0d
-      ..390de996
-      ..747bfe27
-      ..7b340cb2
-      ..f64339c3
-      ..0c973cdf
-      ..7dbb2b69
-      ..ae18bcab
-      ..0a8d6235
-      ..7dbb2b69
-      ..a2ec81a6
-      ..d3118bd6
-      ..b4074fb7
-      ..747bfe27
-..bc8e6b3b
-      ..bd913dcb
-      ..7dbb2b69
-      ..ff813859
-      ..3fd19310
-      ..b5714a66
-      ..747bfe27
-..bc8e6b3b
-      ..7026bf6c
-      ..7dbb2b69
-      ..dc762055
-      ..eacc984f
-      ..aa0e2ddb
-      ..a86fa342
-      ..3057b54e
-      ..f040ceeb
-      ..747bfe27
-      ..7b340cb2
-    },..9b7765da
-    wa..5b7af116
-      ..eec9184e
-      ..13e6679c
-      ..7dbb2b69
-      ..42c33268
-      ..71fe3ad1
-      ..b7e0cbec
-      ..97971a4f
-      ..747bfe27
-      ..7b340cb2
-    },..9b7765da
-    cr..89039d60
-      ..f76f5836
-    },..9b7765da
-    be..2d2917cd
-      ..2c369b58
+..2b04819a
+<style..2d5d48b0
+    .t..6f3f7560
+      ..8f9fa437
+      ..d441b688
+      ..d57481c2
+      ..cc22d2fd
+      ..706e5430
+    }..5100db3d
+</styl..005e563b
--- /de..872b724f
+<templ..f451bdd2
+    <a..0c35ec70
+      ..f9cbe24a
+      ..1b9e0294
+      ..779873de
+      ..01478a6e
+    </..9ecfec41
+</temp..24c520f8
+..2b04819a
+<scrip..5a8fae97
+    ex..29308f42
+      ..d33f14a2
+      ..57f3b040
+      ..4274d2b5
+      ..32c52271
+      ..e7c11937
+      ..6c7b9365
+      ..a536de9f
+      ..c963fb69
+      ..c81f3293
+      ..8ee16bef
+      ..564f7c40
+      ..090b2438
+      ..51e9310e
+      ..e7015aed
+..2b04819a
+      ..7fe40d96
+..2b04819a
+      ..7dd6e864
+      ..cbf88995
+      ..5c688605
+      ..318a3645
+      ..f2e0c2bb
+      ..5c688605
+      ..9fac093d
+      ..ec8a43d9
+      ..c81f3293
+      ..65f5c0de
+      ..a0a751cd
+      ..f48204aa
+      ..dec876e3
+      ..e7015aed
+..2b04819a
+      ..5db0fc06
+      ..ec8a43d9
+      ..c8f5ff72
+      ..66d3d956
+      ..c2f6b596
+      ..e7015aed
+..2b04819a
+      ..1432c040
+      ..ec8a43d9
+      ..c81f3293
+      ..56104966
+      ..5a9e2074
+..2b04819a
+      ..b053bc51
+      ..d23af98c
+      ..c963fb69
+      ..c81f3293
+      ..afc31f88
+      ..6bbde740
+      ..86d393ef
+      ..c963fb69
+      ..c81f3293
+    }..5100db3d
+</scri..7a5d0f7e
+..2b04819a
+<style..2d5d48b0
+    .d..b5eabb34
+      ..87c5a8cc
+      ..439862ec
+      ..13238156
+      ..524390f8
+      ..69108bf7
+      ..170a62da
+    }..5100db3d
+</styl..005e563b
-..bc8e6b3b
-    pa..bbe28b23
-    pa..b5872401
-      ..804a2823
-    }..8882b7fc
-    pa..58adf6a5
-      ..85ce7832
-      ..e8b51f1d
-      ..fc3388d3
-      ..75495dfe
-      ..38f6626c
-      ..7f8cecf2
-      ..7d5cb109
-      ..c0f54540
-      ..2a62be83
-      ..102ede11
-    }..8882b7fc
-.dot {..654de820
-	heigh..58e96a10
-	width..a8be3148
-	borde..d493b789
-	displ..61b70757
-	margi..2aa497dd
-	margi..1de462e1
-	curso..db4fb392
-}..d242cac0
-..bc8e6b3b
-@impor..a8d8c604
+@impor..e53c6b1d
-..bc8e6b3b
-.toolb..36e1a1c7
-	font-..be60fa72
-	margi..5571c128
-	curso..20d551b6
-	verti..7f1024ac
-	float..67aa4491
-}..d242cac0