-  uri:..3e431963
+    ur..17c0b324
-  defa..4ed6e6af
+    de..67f81512
-  base..04df1c9a
-});..bd5311d1
+    ba..cbf5b8f2
+})..46d6df55
-instan..72ddc8f3
+instan..77fbd973
-  cons..43bc7b71
-  retu..ec18255a
-});..bd5311d1
+    co..6e15397a
+    re..1806503a
+})..46d6df55
-  cons..bc8f7548
-  retu..5638c718
-});..bd5311d1
+    co..02ec775a
+    re..f3bf8ba5
+})..46d6df55
-instan..f13a40f1
-instan..91ddaef7
+instan..5ff3d328
+instan..1d3258ec
-import..f07d7801
+    im..96b44484
-export..762c3221
-    na..e64dd695
-    co..9c76fcbe
-      ..7d39a59e
-    },..8ab531f2
-    pr..6169a420
-      ..aab4e065
-      ..268dd964
+    ex..f7d962d6
+      ..c1df0b4c
+      ..54cb4635
+      ..cc692a6d
-    },..8ab531f2
-    da..7122fd22
-      ..887046d5
-      ..0b5a258c
-    },..8ab531f2
-    me..20c83640
-      ..69b6aaa3
-      ..29bc4adb
-      ..9511eb20
-    },..8ab531f2
-    co..d9f94aff
-      ..942f19d1
-      ..3d57c753
+      ..aeba42e8
+      ..74108d2e
+      ..c83f3489
+      ..257cefce
-      ..87191d54
-      ..18d02df8
+      ..f6c1aeab
+      ..03009900
+      ..ed7d4675
+      ..257cefce
-      ..c95f42b4
-      ..9fdfca86
-      ..a4fe7b89
+      ..1b5e1068
+      ..55977d78
+      ..f3556c97
-      ..c45c19cd
-      ..c63a9f38
+      ..19c51010
+      ..41b12979
+      ..257cefce
+      ..11716cbe
+      ..2b91035f
+      ..937463b1
+      ..164c9d06
+      ..dda3ef4e
+      ..72b88fde
+      ..c54ef9c0
+      ..257cefce
+      ..aa9f6e47
+      ..fbd8de0d
+      ..56dbdfdd
+      ..8a3d3d1c
+      ..59f36e1d
-    },..8ab531f2
-    cr..f14058eb
-      ..0ea2718c
-      ..20f236eb
-      ..7dec2587
-      ..7b15842f
-    },..8ab531f2
-}..7e14e1f0
+    }..aa831c29
-      ..68814fb1
+      ..0aefb352
-      ..e8e239f4
+      ..aaa13334
-      ..99fca651
+      ..ba0036f5
-      ..ffc8a2f8
+      ..dda9c74c
-      ..99fca651
+      ..ba0036f5
-      ..88c71337
-      ..af308d86
-      ..8ae70bc0
-      ..f71bd396
-      ..fc486fa7
-      ..99fca651
+      ..1fc65772
+import..458f150c
+    co..8b578547
+      ..b5f2ffc2
+    },..8d8f793a
-      ..66f3dc7c
+      ..5e740546
-      ..c78b2e57
-      ..6783a303
-      ..6f9d6cdf
-      ..87e157a1
-      ..ed74ba6e
-      ..20863269
-      ..df43ba6d
-      ..b38dc9ca
-      ..9511eb20
-      ..71876dcb
-      ..adf36407
-      ..ef0bfca6
+      ..d39d0c60
-      ..de9d0225
-      ..f10e1b45
-      ..cc57211a
-      ..eede95e0
-      ..9511eb20
-      ..c29e2388
-      ..2f400b16
-      ..2314a71f
-      ..8ea2c2a7
-      ..28590567
-      ..7a1f1e90
-      ..df43ba6d
-      ..eede95e0
-      ..7b15842f
-      ..87191d54
-      ..18d02df8
-      ..9511eb20
-      ..06396bff
-      ..86534823
-      ..9511eb20
-      ..10dc0d85
-      ..5f81929c
-      ..385eda98
-      ..eede95e0
-..23822a58
-      ..3a900781
-      ..9511eb20
-      ..8b0ffc37
-      ..c05585a8
-      ..e9358255
-      ..eede95e0
-..23822a58
-      ..338dd7bf
-      ..9511eb20
-      ..b4d14ae4
-      ..9fdfca86
-      ..765b1a14
-      ..ef140f52
-      ..c45c19cd
-      ..b0f61b14
-      ..eede95e0
-      ..7b15842f
-    },..8ab531f2
-    wa..363e09cb
-      ..d2522000
-      ..626589d7
-      ..9511eb20
-      ..a30055dd
-      ..817867a4
-      ..bd9f4104
-      ..68f4d4af
-      ..eede95e0
-      ..7b15842f
-    },..8ab531f2
-    cr..f14058eb
-      ..daca90d4
-    },..8ab531f2
-    be..5bfc7920
-      ..997edf0f
+..cc79f1dd
+<style..a97f3478
+    .t..e3efc191
+      ..014badf2
+      ..e2f5b685
+      ..52fe22ed
+      ..e0ff2fba
+      ..7ef05d79
+    }..aa831c29
+</styl..2946dc7e
--- /de..60a2faa0
+<templ..d48e2487
+    <a..c4e998f9
+      ..5cf4c8a2
+      ..bcb1a832
+      ..0b9302a4
+      ..21131731
+    </..04a97cc5
+</temp..9cff57ea
+..cc79f1dd
+<scrip..963c83e6
+    ex..f7d962d6
+      ..85baea0d
+      ..161f60b5
+      ..beaeec3e
+      ..084ac90e
+      ..ca66f470
+      ..a206facd
+      ..71a3ce6d
+      ..7c5e1c76
+      ..aa9f6e47
+      ..f6c1aeab
+      ..24145aad
+      ..0b1cc7f6
+      ..51ce17c3
+      ..c54ef9c0
+..cc79f1dd
+      ..80177206
+..cc79f1dd
+      ..06f1a210
+      ..0a748bf5
+      ..c4b6d089
+      ..11a89838
+      ..e4fd4058
+      ..c4b6d089
+      ..9198c285
+      ..257cefce
+      ..aa9f6e47
+      ..1b5e1068
+      ..64cb50f9
+      ..b6604540
+      ..0486eb81
+      ..c54ef9c0
+..cc79f1dd
+      ..f3c6a80c
+      ..257cefce
+      ..dfd29d32
+      ..ff19984b
+      ..f7955a52
+      ..c54ef9c0
+..cc79f1dd
+      ..e1edda3c
+      ..257cefce
+      ..aa9f6e47
+      ..fbd8de0d
+      ..08a494be
+..cc79f1dd
+      ..8d7b242d
+      ..f1febc74
+      ..7c5e1c76
+      ..aa9f6e47
+      ..96b20f62
+      ..6fb2ef92
+      ..327fa561
+      ..7c5e1c76
+      ..aa9f6e47
+    }..aa831c29
+</scri..fa8620d1
+..cc79f1dd
+<style..a97f3478
+    .d..cd005bcf
+      ..a9d18ef2
+      ..e42b57d9
+      ..8965330f
+      ..c9836a95
+      ..09a5bc37
+      ..012225ad
+    }..aa831c29
+</styl..2946dc7e
-..23822a58
-    pa..34293cad
-    pa..f389b8f7
-      ..977345c7
-    }..e2fe2ccb
-    pa..9a8ef50f
-      ..ab43765c
-      ..6180be69
-      ..ec5bf92e
-      ..bcf29085
-      ..4a6b9d0f
-      ..86b392fb
-      ..409aea3a
-      ..9406db42
-      ..14dce5a0
-      ..df5b7db3
-    }..e2fe2ccb
-.dot {..7a1c04a7
-	heigh..34d05f05
-	width..042b1974
-	borde..b757a3d7
-	displ..fd58065f
-	margi..20bbade1
-	margi..16ea4016
-	curso..16b961d1
-}..7e14e1f0
-..23822a58
-@impor..251d06ec
+@impor..60ec3ea1
-..23822a58
-.toolb..de10eab7
-	font-..d2cc0cc9
-	margi..7607d021
-	curso..484e95f5
-	verti..75b4e453
-	float..2d8e2f4d
-}..7e14e1f0