-      ..37a53744
-      ..1b9b0764
-      ..9fcae694
-      ..da891973
-      ..ec25167d
-      ..1f509a22
-      ..c192abd6
-..bc8e6b3b
-      ..28894e59
-      ..f6affb59
-      ..49317479
-      ..d31ef941
-..bc8e6b3b
-      ..64e74d45
-      ..abc3c1d4
-      ..e499e7d6
-..bc8e6b3b
-      ..752b5733
-      ..eb9823d2
-      ..8a388c38
-..bc8e6b3b
-      ..41c3f268
-..bc8e6b3b
-      ..9507ad39
-..bc8e6b3b
-      ..447c3350
-      ..900cddb5
-      ..78fbbbd9
-      ..3c56940d
-..bc8e6b3b
-      ..43aa722e
-      ..17f25fea
-      ..3c56940d
-..bc8e6b3b
-      ..08100bb8
-      ..dd10d0cb
-      ..bdc70a5a
-      ..dda8ca52
-      ..4ea3b59e
-      ..3c56940d
-      ..bf579568
-      ..e499e7d6
-..bc8e6b3b
-      ..e30fd231
-      ..25f11d0b
-      ..4fb0829d
-      ..4809943b
-      ..4d6d83b9
-..bc8e6b3b
-      ..8fc765ed
-      ..e00bd8c4
-      ..7bffa111
-      ..1642b3ab
-      ..38c09a79
-      ..8af6f93e
-      ..c192abd6
-      ..9f843285
-..bc8e6b3b
-      ..7893023d
-      ..4b3e8afa
-      ..17a00543
-      ..46f2120d
-      ..30e716f1
-      ..9d0f02fe
-      ..e499e7d6
-..bc8e6b3b
-      ..4f8e7525
-      ..b32243b3
-      ..454ec63e
-      ..c7654ddb
-..bc8e6b3b
-      ..d94cac17
-      ..1c0f3500
-      ..e67045fc
-      ..d1740fa9
-      ..928d879d
-      ..26c813e5
+      ..420acd37
-import..963730c0
-..bc8e6b3b
-..bc8e6b3b
-    co..b8c047fb
-      ..893ad606
-    },..9b7765da
-..bc8e6b3b
-    da..c9d7c5f2
-      ..a0eac7d2
-      ..1d78ab72
-      ..9d6a8fb6
-      ..8937c9a4
-      ..6a03c3c9
-      ..58bfc698
-      ..f7aa17ec
-      ..ad845017
-    },..9b7765da
-..bc8e6b3b
-    me..6ac3688f
-      ..07da0fb3
-      ..a8b1c498
-      ..7dbb2b69
-      ..43e458e9
-      ..1e0cb3f1
-..bc8e6b3b
-      ..659f14bc
-      ..7dbb2b69
-      ..a23981e3
-      ..5f16f1cf
-      ..7dbb2b69
-      ..85bb8aea
-      ..9acb73e8
-      ..ec10562c
-      ..626dc644
-      ..ddaa72b7
-      ..1f47d70c
-      ..390de996
-      ..c605fc0b
-      ..7dbb2b69
-      ..7f4d7c4c
-      ..77e6faaf
-      ..0b4a6569
-      ..3e6f5dd6
-      ..7dbb2b69
-      ..01cbc91c
-      ..dcced583
-..bc8e6b3b
-      ..db576ea1
-      ..7dbb2b69
-      ..875b184e
-      ..846e4303
-      ..573edf13
-      ..747bfe27
-      ..7dbb2b69
-      ..a57cffe8
-      ..5f2b781a
-      ..835b9a4e
-      ..7890d935
-      ..3d0c5f09
-      ..f103da0d
-      ..390de996
-      ..747bfe27
-      ..7b340cb2
-    },..9b7765da
-..bc8e6b3b
-    co..ab9872c1
-      ..ed19f152
-      ..7a42ba6b
-      ..a85bb920
-      ..4bf85fe2
-      ..747bfe27
-      ..7dbb2b69
-      ..40c65de3
-      ..d00b5235
-      ..8801d02c
-      ..c74d2c90
-      ..091fb5af
-      ..7dbb2b69
-      ..f64339c3
-      ..0c973cdf
-      ..7dbb2b69
-      ..ae18bcab
-      ..0a8d6235
-      ..7dbb2b69
-      ..a2ec81a6
-      ..d3118bd6
-      ..b4074fb7
-      ..747bfe27
-..bc8e6b3b
-      ..bd913dcb
-      ..7dbb2b69
-      ..ff813859
-      ..3fd19310
-      ..b5714a66
-      ..747bfe27
-..bc8e6b3b
-      ..7026bf6c
-      ..7dbb2b69
-      ..b03ec0a1
-      ..eacc984f
-      ..193c7b6d
-      ..a86fa342
-      ..3057b54e
-      ..dd55195b
-      ..747bfe27
-      ..7dbb2b69
-      ..068f8d13
-      ..eacc984f
-      ..ccaa1df0
-      ..a86fa342
-      ..3057b54e
-      ..dda75147
-      ..747bfe27
-      ..7dbb2b69
-		emai..652c7dff
-  			g..5d6f6d26
-  				..44f64ec3
-  			}..e03391d4
-  			s..a140b940
-  				..d4b764e8
-  			}..be9cb9c1
-	    }..7d8af065
-    },..9b7765da
-..bc8e6b3b
-    wa..5b7af116
-      ..eec9184e
-      ..13e6679c
-      ..7dbb2b69
-      ..42c33268
-      ..71fe3ad1
-      ..b7e0cbec
-      ..97971a4f
-      ..747bfe27
-      ..7b340cb2
-    },..9b7765da
-..bc8e6b3b
-    cr..89039d60
-      ..72cd7459
-      ..f9ef3cee
-      ..7b340cb2
-..bc8e6b3b
-      ..053c3a45
-      ..e6c7a99f
-      ..7c8b1d39
-      ..7b340cb2
-..bc8e6b3b
-      ..142da8c1
-..bc8e6b3b
-      ..f76f5836
-    },..9b7765da
-..bc8e6b3b
-    mo..869f35fa
-      ..8ab0b938
-      ..659f14bc
-      ..4292ddf7
-    },..9b7765da
-..bc8e6b3b
-    be..2d2917cd
-      ..2c369b58
-    },..9b7765da
-..bc8e6b3b
--- /de..872b724f
+<templ..f451bdd2
+    <v..77b79177
+      ..9edac849
+      ..a9c79232
+      ..a507ca70
+      ..a369c0fb
+      ..9dd62343
+      ..0a67faa8
+      ..846d729b
+..2b04819a
+      ..781198d6
+      ..c29cd74d
+      ..b583c05a
+      ..afdb8b20
+      ..6149d07d
+    </..35883a52
+</temp..24c520f8
+..2b04819a
+<scrip..5a8fae97
+import..aa015619
+..2b04819a
+export..d9112677
+    na..84ad02ef
+    co..7b63aa9f
+      ..64d4c774
+    },..84c23447
+    pr..84c3ea5d
+      ..5127cab7
+      ..d0064f15
+      ..c81f3293
+    },..84c23447
+    da..5788614e
+      ..44669978
+      ..a2635905
+    },..84c23447
+    me..37129847
+      ..4113d104
+      ..768404cb
+      ..c81f3293
+    },..84c23447
+    co..24ef2f6a
+      ..774a5a43
+      ..ca1e0317
+      ..c81f3293
+      ..020a00e0
+      ..2c90c8db
+      ..c81f3293
+      ..99155ec1
+      ..c87b1316
+      ..fb53ed1e
+      ..ec8a43d9
+      ..c2dc4cef
+      ..d8d097b4
+      ..c963fb69
+      ..c81f3293
+    },..84c23447
+    cr..12800d12
+      ..0eeec440
+      ..70281cf1
+      ..e356b9fd
+      ..08811e3c
+    },..84c23447
+}..5299412b
+</scri..7a5d0f7e
--- /de..872b724f
+<templ..f451bdd2
+    <d..67ca3e74
+      ..ff0115b0
+      ..42ec3a95
+      ..846d729b
+..2b04819a
+      ..84c10ac9
+      ..e007ed43
+      ..71e1a56c
+      ..12461e7c
+..2b04819a
+      ..47ea1ea5
+      ..280f20e1
+      ..b7f27d46
+..2b04819a
+      ..a9c79232
+      ..c57fb676
+      ..4321a0a4
+      ..94363237
+..2b04819a
+      ..a64d4e90
+..2b04819a
+      ..f4883862
+..2b04819a
+      ..c4489155
+      ..f2a33cac
+      ..b02e9836
+      ..edc20d11
+..2b04819a
+      ..642b5f8d
+      ..0eebca55
+      ..edc20d11
+..2b04819a
+      ..b8037efb
+      ..5b880359
+      ..0678ec59
+      ..9ad3100c
+      ..b5adc44f
+      ..edc20d11
+      ..a896bc13
+      ..f45b8064
+..2b04819a
+      ..aa51bd3a
+      ..20208d9a
+      ..3852fe4a
+      ..fd980f47
+      ..4f23e974
+..2b04819a
+      ..6870a7f7
+      ..e0f1406e
+      ..b37fd14c
+      ..a4a3128e
+      ..16a6e7b7
+      ..8a64c7ea
+      ..0a67faa8
+      ..846d729b
+    </..9477d242
+</temp..24c520f8
+..2b04819a
+<scrip..5a8fae97
+..2b04819a
+export..d9112677
+    na..99186c67
+    da..5788614e
+      ..44669978
+      ..96321b8f
+      ..1ca94498
+      ..a2635905
+    },..84c23447
+    me..37129847
+      ..3548fad9
+      ..c6090c0d
+      ..c5f0cb59
+      ..d9bf9084
+      ..b18483f1
+      ..e57e033b
+      ..e7015aed
+      ..3a5c2509
+      ..c81f3293
+      ..2e12a7fb
+      ..7210cb8c
+      ..3e4f8248
+      ..ae18a918
+      ..c81f3293
+      ..677af8aa
+      ..27ccf95c
+..2b04819a
+      ..20c62c66
+      ..c81f3293
+      ..4113d104
+      ..768404cb
+      ..c81f3293
+      ..15c52f3e
+      ..86eda684
+      ..3cc91c13
+      ..c963fb69
+      ..c81f3293
+      ..555f05e7
+      ..438d89f3
+      ..4d0de46d
+      ..77030dcb
+      ..d7da025f
+      ..39b789af
+      ..e7015aed
+      ..c963fb69
+      ..08811e3c
+    },..84c23447
+    co..24ef2f6a
+      ..020a00e0
+      ..2c90c8db
+      ..c81f3293
+      ..9aec79fe
+      ..44ec4eab
+      ..c81f3293
+      ..fc32dad9
+      ..7922dbe0
+      ..8f323900
+      ..c963fb69
+..2b04819a
+      ..30ad68d6
+      ..c81f3293
+      ..59abce26
+      ..9288fcf9
+      ..ef78de2e
+      ..c963fb69
+..2b04819a
+      ..2f5ea261
+      ..c81f3293
+      ..99155ec1
+      ..c87b1316
+      ..fb53ed1e
+      ..ec8a43d9
+      ..c2dc4cef
+      ..d8d097b4
+      ..c963fb69
+      ..c81f3293
+      ..3ad84c42
+      ..c87b1316
+      ..b60bc5d6
+      ..ec8a43d9
+      ..c2dc4cef
+      ..77302b59
+      ..c963fb69
+      ..c81f3293
+      ..f5b63dbb
+      ..c87b1316
+      ..7d13460a
+      ..ec8a43d9
+      ..c2dc4cef
+      ..59387378
+      ..c963fb69
+      ..08811e3c
+    },..84c23447
+    wa..99ecf2a5
+      ..577b510a
+      ..2bf4f06c
+      ..c81f3293
+      ..89c960af
+      ..21576b18
+      ..baad7f9e
+      ..466dfc59
+      ..c963fb69
+      ..08811e3c
+    },..84c23447
+    cr..12800d12
+      ..84645402
+    },..84c23447
+    be..650abf80
+      ..ae317ba2
+    },..84c23447
+}..5299412b
+</scri..7a5d0f7e
--- /de..872b724f
+<templ..f451bdd2
+    <d..cd657d53
+      ..3c7923eb
+      ..e0c317ff
+      ..60cc39be
+      ..c47aca5f
+      ..4509357a
+      ..6c35a218
+      ..f45b8064
+..2b04819a
+      ..992b8022
+      ..92937fad
+      ..88cab3e8
+      ..f008adb3
+      ..0bef97b4
+      ..518d4043
+      ..8898e162
+      ..f45b8064
+      ..1dbdce6c
+..2b04819a
+      ..6c1c55c6
+      ..1827deab
+      ..a51e142c
+      ..37166cb1
+      ..604324a3
+..2b04819a
+      ..b5cf335b
+      ..a1b46524
+      ..95677ea8
+      ..11212bbd
+      ..f3ab2b3b
+      ..9f2d794c
+      ..1288f022
+      ..8ad4e90b
+    </..9477d242
+</temp..24c520f8
+..2b04819a
+<scrip..5a8fae97
+    co..48a96230
+      ..854a0daf
+      ..2fc82594
+      ..08811e3c
+..2b04819a
+      ..6bc79f51
+    }..5100db3d
+..2b04819a
+    ex..29308f42
+      ..22cfa5ac
+      ..23766bb8
+      ..07a8e3aa
+      ..90910d58
+      ..5577079b
+      ..ec8a43d9
+      ..c81f3293
+      ..89bf7a2f
+      ..4274d2b5
+      ..c89253ab
+      ..03d23baf
+      ..c963fb69
+      ..c81f3293
+      ..65f5c0de
+      ..a041282a
+      ..b22890ee
+      ..fccc09e7
+      ..4d97d514
+      ..241c69ec
+      ..2a3ab79a
+      ..bed1a70b
+      ..4ab0d53f
+      ..2a4a9bc9
+      ..6a1fa09c
+..2b04819a
+      ..8596e2cc
+      ..79c7c059
+      ..ded2f7f5
+      ..22768d92
+      ..b7c70863
+      ..2f065649
+      ..9a4f75a7
+      ..3ed12394
+      ..9fac093d
+      ..ec8a43d9
+      ..c81f3293
+      ..8ee16bef
+      ..ac68bd8b
+      ..d3349d9b
+      ..ec8a43d9
+      ..c5957fea
+      ..82b6e018
+      ..c963fb69
+      ..c81f3293
+      ..93755f23
+      ..378d7153
+      ..08811e3c
+    }..5100db3d
+</scri..7a5d0f7e
+..2b04819a
+<style..8cb1344a
+    .m..458a7161
+      ..1b0b7c0c
+    }..5100db3d
+</styl..005e563b
+..2b04819a
+		name..8dac838e
-..bc8e6b3b
-..bc8e6b3b
-		watc..8147030d
-			edi..939949ca
-				if..63cdbc0d
-					t..8a055c9b
-						..a7fc464e
-						..27e0ff57
-						..6988aa5b
-						..96aa0c54
-						..1e3c8e15
-						..a0ec019d
-						..ba177c27
-						..7545a21d
-					}..52731d1d
-				} ..911b65dd
-					i..610e6713
-						..f19d37e1
-						..51dcde90
-					}..14105e40
-				}..83d274a5
-			}..d224c8a5
-		},..a321188b
-..bc8e6b3b
-		}..cf641bfa
+		},..1d31f0ff
+		watc..e219104d
+			edi..fa9ba5d0
+				if..e4be2f76
+					t..d502e42b
+						..37f3b296
+						..c2936c8f
+						..b678bdb2
+						..4ae16fb7
+						..a53994f8
+						..0a36abe3
+						..80373eff
+						..3a8edd4f
+					}..5504af99
+				} ..bcefd438
+					i..0036568f
+						..2de396ac
+						..e391d3dc
+					}..28c2f649
+				}..75f6924a
+			}..ae033e56
+		},..1d31f0ff
+++ /de..7b176a33
-<templ..25b34f55
-    <d..4258e891
-      ..08914d41
-      ..332259e1
-      ..9359b463
-      ..5b6d9b44
-      ..022d0b5b
-      ..24071915
-      ..a1d0494f
-..bc8e6b3b
-      ..8ce5379a
-      ..70605600
-      ..4e2c5c7a
-      ..2bedc113
-      ..d643d09c
-      ..5604f656
-      ..8781d765
-      ..a1d0494f
-      ..46733f6d
-..bc8e6b3b
-      ..bc719fa9
-      ..8a035438
-      ..f12ff87e
-      ..269942b5
-      ..3c79e29e
-..bc8e6b3b
-      ..a8a4db27
-      ..aa21faf3
-      ..1e5cdb54
-      ..1e95f129
-      ..9886782a
-      ..6126c068
-      ..e000d982
-      ..13156ecf
-    </..775ccc8a
-</temp..f8283694
-..bc8e6b3b
-<scrip..db3ed5ca
-    co..e919dc00
-      ..6f1b1b71
-      ..8c7359d5
-      ..7b340cb2
-..bc8e6b3b
-      ..07545bca
-    }..8882b7fc
-..bc8e6b3b
-    ex..ff1f0135
-      ..c7fdc5da
-      ..3a05eb24
-      ..2c4aebb3
-      ..e0f825ab
-      ..96a8e9f9
-      ..a86fa342
-      ..7dbb2b69
-      ..2fa5a54d
-      ..7a42ba6b
-      ..3cc11d0b
-      ..c45d5d5a
-      ..747bfe27
-      ..7dbb2b69
-      ..3c3ff408
-      ..2fb121d9
-      ..fd5cea82
-      ..4220d272
-      ..6156d798
-      ..b8f209fa
-      ..01e8b8f3
-      ..1d1332c5
-      ..188af74b
-      ..92ae8ceb
-      ..569f6fa1
-..bc8e6b3b
-      ..e2329a6e
-      ..5324f0b0
-      ..52121778
-      ..54e59aa2
-      ..0fb262b5
-      ..492883ad
-      ..d2bf1760
-      ..2fb728b4
-      ..e044d901
-      ..a86fa342
-      ..7dbb2b69
-      ..49c1b5f8
-      ..055b3af5
-      ..814bf702
-      ..a86fa342
-      ..0274dc25
-      ..bd750b37
-      ..747bfe27
-      ..7dbb2b69
-      ..85e393e2
-      ..8d7a9844
-      ..7b340cb2
-    }..8882b7fc
-</scri..73fc76be
-..bc8e6b3b
-<style..78191688
-    .m..d4ca6994
-      ..d691506a
-    }..8882b7fc
-</styl..6740a347
--- /de..872b724f
+<templ..f451bdd2
+    <m..f37dc2f5
+      ..70c34049
+      ..af0969ab
+      ..0435b52b
+      ..0d042473
+      ..3beb9143
+      ..aa14b35e
+      ..acda2a49
+      ..1c670530
+      ..f6243816
+      ..acda2a49
+      ..a896bc13
+      ..f45b8064
+      ..b7f27d46
+      ..7990ca8f
+    </..e2f82471
+</temp..24c520f8
+..2b04819a
+<scrip..5a8fae97
+    ex..29308f42
+      ..1eb4f753
+      ..57f3b040
+      ..4274d2b5
+      ..2c445c03
+      ..058c2d77
+      ..c963fb69
+      ..c81f3293
+      ..65f5c0de
+      ..c12c64b0
+      ..4e16b944
+      ..ec8a43d9
+      ..932abd7c
+      ..7060cc2b
+      ..ec8a43d9
+      ..eed62efb
+      ..763b3e51
+      ..ec8a43d9
+      ..1373e30b
+      ..419c1680
+      ..c963fb69
+      ..c81f3293
+      ..8ee16bef
+      ..b91a4798
+      ..890d80ea
+      ..301dc468
+      ..a2d45f73
+      ..ec8a43d9
+      ..e163d3ee
+      ..e4e31f19
+      ..ec8a43d9
+      ..c81f3293
+      ..c5b86419
+      ..1239e144
+      ..68d8877f
+      ..ec8a43d9
+      ..f76c99d0
+      ..890d80ea
+      ..2d847cf4
+      ..a2d45f73
+      ..c963fb69
+      ..c81f3293
+      ..93755f23
+      ..c670ba7b
+      ..a4b7c090
+      ..c963fb69
+      ..c81f3293
+    }..5100db3d
+</scri..7a5d0f7e
--- /de..872b724f
+<templ..f451bdd2
+    <m..75417e66
+      ..c3731a5e
+      ..dd2da822
+      ..24100ac8
+..2b04819a
+      ..88dbd652
+      ..75366634
+      ..27f6e16e
+..2b04819a
+      ..4ed81db3
+      ..5d8cbfc3
+      ..6fe7327f
+      ..cfe1136c
+      ..7990ca8f
+    </..e2f82471
+</temp..24c520f8
+..2b04819a
+<scrip..5a8fae97
+    im..bf9797fc
+    im..fe26dbeb
+..2b04819a
+    ex..29308f42
+      ..bbd2bfbb
+      ..ba5e9541
+      ..0d26bf16
+      ..369e3d61
+      ..c81f3293
+      ..57f3b040
+      ..4274d2b5
+      ..4fdf7981
+      ..c7e939cd
+      ..831f6713
+      ..bf44f46b
+      ..c81f3293
+      ..8ee16bef
+      ..a572810e
+      ..b0461fe3
+      ..ec8a43d9
+      ..f486f595
+      ..5592b6f5
+      ..ec8a43d9
+      ..96d299fa
+      ..c9fd3f1f
+..2b04819a
+      ..35429c46
+      ..ec8a43d9
+      ..c81f3293
+      ..65f5c0de
+      ..d79524d8
+      ..60a1239a
+      ..a664e85e
+      ..f9d105aa
+      ..a50e09d0
+      ..02679e8b
+      ..e7015aed
+      ..ec8a43d9
+      ..c81f3293
+      ..93755f23
+      ..e8e3199e
+      ..c81f3293
+      ..e146241e
+      ..2ecf88bf
+      ..c81f3293
+    }..5100db3d
+</scri..7a5d0f7e
+..2b04819a
-      ..ec74b356
+      ..2be36a37
-      ..2fcba65c
+      ..6e8b2f0b
+++ /de..7b176a33
-<templ..25b34f55
-    <d..53a96062
-      ..9b305083
-      ..c6266995
-      ..ecca1d05
-      ..78d71df4
-      ..a1d0494f
-      ..9dea23b2
-      ..48e13d26
-      ..a1d0494f
-      ..5e99ee37
-      ..9c1413e3
-    </..775ccc8a
-</temp..f8283694
-..bc8e6b3b
-<scrip..db3ed5ca
-    ex..ff1f0135
-      ..08315bbc
-      ..b8452457
-      ..7a42ba6b
-      ..e4d348ff
-      ..8162c723
-      ..747bfe27
-      ..7dbb2b69
-      ..3c3ff408
-      ..eac5d51b
-      ..d03644d1
-      ..a86fa342
-      ..a93fc7c1
-      ..0fb2ee60
-      ..a86fa342
-      ..b44ee760
-      ..7d75245d
-      ..747bfe27
-      ..7dbb2b69
-      ..49c1b5f8
-      ..6cd9d622
-      ..7ada482e
-      ..79e38d32
-      ..7ccc86f4
-      ..a86fa342
-      ..384c2db3
-      ..eb2061ed
-      ..a86fa342
-      ..7dbb2b69
-      ..e845935c
-      ..a789df87
-      ..aa668f39
-      ..a86fa342
-      ..4667b509
-      ..7ada482e
-      ..6a643fa2
-      ..7ccc86f4
-      ..747bfe27
-      ..7b340cb2
-    }..8882b7fc
-</scri..73fc76be
+import..4e7bda40
+import..ebe77a4f
+..2b04819a
-import..ef259346
-      ..792e17f7
+      ..7661dc51
-      ..15b1d428
-      ..4c4de8ab
-      ..9fe7f993
-      ..b3afb158
-      ..4fab54ce
-      ..7dbb2b69
-      ..d7704634
-    },..9b7765da
-    {..a4eb3151
-      ..e2e42422
-      ..d58369e9
-      ..9fe7f993
-      ..ab097fe4
-      ..4fab54ce
-      ..7dbb2b69
-      ..d7704634
-    },..9b7765da
-    {..a4eb3151
-      ..3d316daf
-      ..0f91bbbe
-      ..9fe7f993
-      ..0ae53a5e
-      ..68db29d4
-      ..7dbb2b69
-      ..d7704634
-    },..9b7765da
-    {..a4eb3151
-      ..aab55e16
-      ..d8eee0a8
-      ..9fe7f993
-      ..b4b57acc
-      ..68db29d4
-      ..7dbb2b69
-      ..d7704634
-    },..9b7765da
-    {..a4eb3151
-      ..cb8d8c81
-      ..76df8ba5
-      ..aed462a8
-      ..d7704634
-    },..9b7765da
-    {..a4eb3151
-      ..63943770
-      ..f5d38c93
-      ..9fe7f993
-      ..c25ef312
-      ..2b3d68a4
-      ..7dbb2b69
-      ..d7704634
-    },..9b7765da
-    {..a4eb3151
-      ..b5bd6c32
-      ..3088d1c8
-      ..9fe7f993
-      ..19cabc8d
-      ..2b3d68a4
-      ..7dbb2b69
-      ..d7704634
-    },..9b7765da
-    {..a4eb3151
-      ..c5a0e0f4
-      ..bfb0c533
-      ..9fe7f993
-      ..913e603d
-      ..725c148a
-      ..7dbb2b69
-      ..d7704634
-    },..9b7765da
-    {..a4eb3151
-      ..714ad7cb
-      ..b1d5d699
-      ..9fe7f993
-      ..7010d21a
-      ..725c148a
-      ..7dbb2b69
-      ..d7704634
+      ..681ce941
+      ..d507db76
+      ..287149a7
+      ..e787df0c
+      ..bd19deed
+      ..ee82596b
+      ..4c3b0a84
+      ..67e3ef8e
+      ..15c35ff0
+      ..1c89ed63
+      ..f9d105aa
+      ..ec8a43d9
+      ..bd19deed
+      ..8de202e1
+      ..47ab98cb
+      ..67e3ef8e
+      ..35729954
+      ..1c89ed63
+      ..f9d105aa
+      ..ec8a43d9
+      ..bd19deed
+      ..b5f2a9d3
+      ..f0c1634b
+      ..67e3ef8e
+      ..9585db1c
+      ..27b89d4f
+      ..f9d105aa
+      ..ec8a43d9
+      ..bd19deed
+      ..af58512b
+      ..5cf67724
+      ..67e3ef8e
+      ..8bd7891e
+      ..27b89d4f
+      ..f9d105aa
+      ..ec8a43d9
+      ..bd19deed
+      ..ef29d15c
+      ..3c53ff2d
+      ..2b2bf4f7
+      ..ec8a43d9
+      ..bd19deed
+      ..db2c93b0
+      ..08abe0bf
+      ..67e3ef8e
+      ..b0f1f5a7
+      ..bbb488e7
+      ..f9d105aa
+      ..ec8a43d9
+      ..bd19deed
+      ..465fddf6
+      ..8b4d152b
+      ..67e3ef8e
+      ..3a981384
+      ..bbb488e7
+      ..f9d105aa
+      ..ec8a43d9
+      ..bd19deed
+      ..78734405
+      ..53a22c26
+      ..67e3ef8e
+      ..e0371644
+      ..44325312
+      ..f9d105aa
+      ..ec8a43d9
+      ..bd19deed
+      ..95521d15
+      ..57d80cc9
+      ..67e3ef8e
+      ..600f189c
+      ..44325312
+      ..f9d105aa
+      ..ec8a43d9
+      ..68b26c11
+      ..c7ab1ee2