+      ..e94c9a0a
--- /de..310ae845
+<templ..63f4c0f4
+    <d..5e9490ac
+      ..2d0f3f59
+      ..d913ae15
+      ..f022223d
+..4f835677
+      ..0d140bca
+    </..47a4d7f2
+</temp..097a3c95
+..4f835677
+<scrip..ea52a82a
+    ex..85f7d5be
+      ..26aaf1dc
+      ..581e6bfe
+      ..942a6de1
+      ..9091931c
+      ..1675bff2
+..4f835677
+      ..aa6e1246
+      ..e32a8787
+      ..b35ab90a
+      ..a4ad404d
+      ..552bf0f7
+      ..f11d081e
+      ..552bf0f7
+      ..2ee890e7
+      ..e8d2b046
+    }..4028413a
+</scri..72afe2a5
--- /de..310ae845
+<templ..63f4c0f4
+    <d..00811117
+      ..f6220b90
+      ..fe2f0bbc
+      ..2e512d95
+      ..8e6bf226
+      ..6b38c901
+      ..bd19a03b
+      ..fa03aa98
+..4f835677
+      ..4ea26bdb
+      ..fa105c53
+      ..05ca1ddd
+      ..b84dae7a
+      ..afe3fad2
+      ..ea815989
+      ..4c806790
+      ..fa03aa98
+      ..52adef95
+..4f835677
+      ..b4b2d277
+      ..63d5cf29
+      ..d7e94dc1
+      ..c765178e
+      ..6b59493e
+..4f835677
+      ..30a6d290
+      ..7cd2c7db
+      ..19759bc7
+      ..d968643d
+      ..9e210108
+      ..ffae9756
+      ..70bc57af
+      ..917e3e7b
+    </..47a4d7f2
+</temp..097a3c95
+..4f835677
+<scrip..ea52a82a
+    co..7a26d8cf
+      ..84a0061c
+      ..e2aadb4f
+      ..e8d2b046
+..4f835677
+      ..bded13d0
+    }..4028413a
+..4f835677
+    ex..85f7d5be
+      ..de2a364d
+      ..096b4d9e
+      ..df31e118
+      ..091651e7
+      ..75e17596
+      ..b837b59c
+      ..552bf0f7
+      ..942a6de1
+      ..aa6e1246
+      ..3ad3e19b
+      ..fc0c3b24
+      ..a4ad404d
+      ..552bf0f7
+      ..f11d081e
+      ..c77ab9b5
+      ..24c26fca
+      ..4abfd3a9
+      ..53850a83
+      ..7597fe0b
+      ..1279de4f
+      ..a78608b2
+      ..ed30d33e
+..4f835677
+      ..b7b60d8c
+      ..720f61e8
+      ..ea87b02f
+      ..52eec98c
+      ..941320b2
+      ..7ae53182
+      ..8e9ffd10
+      ..411520a8
+      ..7488f9a4
+      ..b837b59c
+      ..552bf0f7
+      ..2ee890e7
+      ..6c911791
+      ..6c90542c
+      ..b837b59c
+      ..aaad248b
+      ..80fa1c09
+      ..a4ad404d
+      ..552bf0f7
+      ..d649ef20
+      ..53830e07
+      ..e8d2b046
+    }..4028413a
+</scri..72afe2a5
+..4f835677
+<style..84f9315b
+    .m..d6a632bf
+      ..b1c2868c
+    }..4028413a
+</styl..c5e47ae8
+import..3dad2066
+Vue.co..fcaaf59a
+      ..f013609a
+      ..7ad60542
+      ..03000dc2
+      ..753cae53
+      ..1f47d2c8
+      ..c6fa2f9b
+      ..25378bf7
+  },..d5b731cb
+  {..c6406fe7
-});..8fa441bb
+});..8065a6ab