-      ..40cadfd2
+      ..49fa8dd9
-      ..c4dd27c5
+      ..72b2da8a
-      ..67130ce5
-      ..81e77306
+      ..ff25888d
+      ..b38143a6
-      ..62aaccfb
+      ..cc64a81c
-      ..edf43ea4
+      ..236cff63
-      ..d2e02937
+      ..a59e3f80
-      ..17ceb1d3
-      ..db10bf41
+      ..fa1cf513
+      ..f0781086
-      ..6a960382
+      ..680e56e1
-      ..88aa59dd
+      ..9bc0ad69
-      ..03c07aa2
+      ..5769993b
-      ..fbbc9c81
-      ..26e19b8a
+      ..bf37a12e
+      ..69ab81bc
-      ..00da1a60
+      ..07516a12
-      ..88aa59dd
+      ..9bc0ad69
-      ..88aa59dd
+      ..9bc0ad69
-      ..ef8c53f9
+      ..92f56088
-      ..46cbc5e4
-      ..a97206ba
+      ..1b73470e
+      ..febdba49
-      ..f3c63ba3
+      ..3e1da7f3
-      ..88aa59dd
+      ..9bc0ad69
-      ..d8e45fbc
+      ..cc652c35
-      ..21c2294e
-      ..82cfdc82
+      ..245242f5
+      ..9f6c292a
-      ..61e67b31
+      ..24d23648
-      ..88aa59dd
+      ..9bc0ad69
-      ..7624d9de
+      ..e4666277
-      ..f1020292
-      ..a117c060
+      ..61affc66
+      ..476e655b
-      ..fb6f1548
+      ..24d23648
-      ..88aa59dd
+      ..9bc0ad69
-      ..dff3b422
+      ..4ab8721a
-      ..7b649de2
-      ..e82a4697
+      ..bace22cd
+      ..2fab1979
-      ..61e67b31
+      ..5a6e3074
-      ..88aa59dd
+      ..9bc0ad69
-      ..09a2fd1c
+      ..a0a1a4fd
-      ..22ee9bbd
-      ..bc29a457
+      ..6b5c1dcf
+      ..915f4c17
-      ..002f098d
+      ..ee0efb1b
-      ..88aa59dd
+      ..9bc0ad69
-      ..379b0da2
+      ..3b983dbf
-      ..1d708cd2
-      ..908e4911
+      ..3a96a30d
+      ..ef852adc
-      ..91bcfc5e
+      ..0844e6e4
-      ..88aa59dd
+      ..9bc0ad69
-      ..cc9b7530
+      ..9fbb41ca
-      ..506d3db6
-      ..89b16448
+      ..a2ee0b0c
+      ..dce6a91a
-      ..61e67b31
+      ..7592cc3d
-      ..88aa59dd
+      ..9bc0ad69
-      ..7210034b
+      ..898da076
-      ..086b886f
-      ..f3775910
+      ..5ff94238
+      ..f47e0e7d
+      ..eeba583f
+      ..ba6fdd41
-      ..9e6bf42b
+      ..0844e6e4
-      ..88aa59dd
+      ..9bc0ad69
-      ..7954d1f5
+      ..182af70c
-      ..5cf70658
-      ..f203068f
+      ..c7696a5b
+      ..7d2ebe01
-      ..95030686
+      ..437416de
-      ..19f7d4f7
+      ..705a0a9c
+      ..0c4d425a
-use Fo..53fb6e76
-use Il..42eeac74
-use Il..ed613105
-use Il..a44f585c
-      ..2951d566
-      ..a752deb5
-      ..0a289ba9
-      ..51be6b50
-      ..69820d67
+      ..a4842c3f
+     *..c4d77763
+     *..2c9d0168
+     *..f7e47607
+     *..d33fcc67
+     *..f0bfe91e
+    pr..ca677ff8
+    {..8b364be4
+      ..89f231ef
+      ..3beeaf50
+      ..7f5851d7
+..4150c118
+      ..c709b9a9
+      ..3124cf94
+      ..64c303ec
+      ..64d5cc16
+      ..54c1fac6
+..4150c118
+      ..04148160
+      ..0321036e
+..4150c118
+      ..5316becf
+      ..875aa775
+      ..d2a463a5
+      ..84da3581
+..4150c118
+      ..ac16060c
+      ..eb7daaa3
+      ..6c6874d5
+      ..4ead4333
+      ..3a774c40
+      ..7e1fc42e
+      ..1d7d80a2
+      ..22ff27a0
+      ..7acee998
+      ..8f311ec9
+      ..4511bbbe
+..4150c118
+      ..873eeef8
+      ..ab658efc
+..4150c118
+      ..ce50060f
+      ..f2de3902
+      ..d2a463a5
+      ..037abe80
+..4150c118
+      ..4bb62b4c
+      ..febe2437
+    }..5c3bd800
+..4150c118
+    /*..b972159e