-    <m..346d87db
-    <m..0a804a3c
-    <m..e8026526
-    <t..6c1ad8cd
+      ..19350cec
+      ..3d7c2ff9
+      ..8fbd329d
+      ..8409b7ac
+      ..9c748ea4
+      ..b49bab57
+      ..1ca8cff0
+    <t..58599d78
-<body ..11ca7a09
+<body ..0ee04d05
-    /*..2edd7e2e
-    #o..9673c695
-      ..c54e9112
-    }..2e46d00a
-..b4f7a1b4
-    /*..a2089d72
-    .E..ac279cea
-      ..e1dff601
-    }..2e46d00a
-..b4f7a1b4
-    .E..60a5e39d
-    .E..a26f9c6c
-    .E..98bb4874
-    .E..88235c7d
-    .E..731c13a6
-    .E..b11fa86e
-      ..dde5b773
-    }..2e46d00a
-..b4f7a1b4
-    #b..e7ee3e3c
-      ..ec47922b
-      ..c54e9112
-      ..8436a4cc
-      ..7f626224
-    }..2e46d00a
-..b4f7a1b4
-    /*..7cafa8c5
-    .b..3320e764
-      ..589d8e20
-      ..28768b23
-      ..aa2c9f63
-      ..cb34fee1
-    }..2e46d00a
-..b4f7a1b4
-    .b..a271ff23
-      ..299a4748
-    }..2e46d00a
-..b4f7a1b4
-    /*..10bc5cff
-    bo..18989e3e
-      ..c8d0ea11
-    }..2e46d00a
-..b4f7a1b4
-    /*..d1209470
-@media..62a037e9
-  tabl..0a56cdbc
-    he..870ad941
-    wi..f6ae6fc5
-  tabl..7b544774
-    ma..e01e13a1
-  tabl..54930a0e
-    mi..e3574a99
-  tabl..5dddc5b5
-    wi..5501ad63
-  tabl..86ddb95d
-    wi..31bec23f
-    di..71e42d5a
-  tabl..66fc2751
-    di..150d125b
-    pa..3a773f8c
-  tabl..3ceb4669
-    ta..a5487428
-    fl..34c9749d
-    wi..31bec23f
-    pa..6f73210d
-    pa..10755956
-    di..71e42d5a
-  tabl..52385dd4
-    di..ffefbe0f
-  tabl..58019591
-    wi..f6ae6fc5
-  tabl..8a550127
-    wi..88ea77bd
-  tabl..266f02a5
-    pa..275e0bea
-  tabl..b91e1740
-    pa..4a76dbac
-  tabl..d78e268d
-    di..0a18403d
-  tabl..7e16efc8
-    di..773b151a
-  .mix..7df1d0ff
-    wi..cf55e2f9
- @medi..95003b5f
-      ..1d531d5a
+      ..747d54f2
+      ..13ba72a1
+      ..a6adc3a7
+      ..6bcced4b
+      ..fb4cfbe8
+      ..07190332
+      ..2b518cd7
+      ..13ba72a1
+      ..a6adc3a7
+      ..6bcced4b
+      ..b397ea9d
+      ..df8b0d1d
+      ..2b518cd7
+      ..13ba72a1
+      ..a6adc3a7
+      ..6bcced4b
+      ..6f3b68b1
+      ..60102458
+      ..2b518cd7
+      ..e930df38
+..0b38930c
+      ..aaf5c207
+      ..747a7534
+      ..e930df38
+..0b38930c
+      ..01be71b2
+      ..1e901d68
+      ..ac65ba03
+      ..e930df38
+..0b38930c
+      ..58e6c74c
+      ..3cb2db4d
+      ..9adf8718
+      ..9d8167f1
+      ..882887fe
+      ..d5a2bd4b
+      ..9221274c
+      ..e930df38
+..0b38930c
+      ..26825ff5
+      ..3cf2352c
+      ..0b417e25
+      ..e930df38
+..0b38930c
+      ..dbe7c25a
+      ..1d8a45f9
+      ..b215bf1f
+      ..181bbf1b
+      ..e930df38
+..0b38930c
+      ..dbe7c25a
+      ..6eb6a5df
+      ..1d8a45f9
+      ..d3a01a93
+      ..e930df38
+..0b38930c
+      ..8863e2f4
+      ..e208d9bf
+      ..8b209549
+      ..ef2bdd3f
+      ..84feb8c4
+      ..76ef7c39
+      ..cf17cbf8
+      ..766df15d
+      ..5d9154ac
+      ..8c944134
+      ..312b3e88
+      ..e930df38
+..0b38930c
+      ..0d11d6a3
+      ..06e61c91
+      ..28045063
+      ..9221274c
+      ..f64ab4aa
+      ..8324286a
+      ..e930df38
+..0b38930c
+      ..3be70075
+      ..801cc605
+      ..5f97228b
+      ..e930df38
+..0b38930c
+      ..86c2c3eb
+      ..9e18e5fa
+      ..747a7534
+      ..4d836942
+      ..e930df38
+..0b38930c
+      ..5263a20e
+      ..1622cd14
+      ..1460e235
-    }..2e46d00a
-    @m..f044e424
-      ..27db338a
-      ..24786fa4
+      ..6ad4ed66
+      ..d09d1ac3
+      ..50d3be26
+      ..2b518cd7
+      ..e930df38
+..0b38930c
+      ..fd66f94e
+      ..082a582c
+      ..8bec74fb
+      ..2b518cd7
+      ..9dee2230
+      ..aa829d94
+      ..2b518cd7
+      ..2c1c95e4
+      ..d8b2c677
+      ..2b518cd7
+      ..962f8bf9
+      ..c2aaa561
+      ..2b518cd7
+      ..74f4b12b
+      ..ea273581
+      ..2b518cd7
+      ..86086c7c
+      ..2c0e8ac3
+      ..2b518cd7
+      ..419b404c
+      ..b811bad7
+      ..2b518cd7
+      ..a6563e83
+      ..8009da65
+      ..2b518cd7
+      ..e930df38
+..0b38930c
+      ..bed25759
+      ..b2977d4e
+      ..70a6c7be
+      ..2b518cd7
+      ..2d7ca467
+      ..8093c64d
+      ..2b518cd7
+      ..a1f8dfc1
+      ..2c0e8ac3
+      ..2b518cd7
+      ..994f2f5e
+      ..97d58450
+      ..2b518cd7
+      ..3296f212
+      ..cb1cd2a6
+      ..2b518cd7
+      ..d33b8990
+      ..c38683a4
+      ..2b518cd7
+      ..e707ced6
+      ..8218bfb0
+      ..2b518cd7
+      ..e1fd1472
+      ..8bec74fb
+      ..2b518cd7
+      ..40990474
+      ..d17b178c
+      ..2b518cd7
-    }..2e46d00a
-  <tab..7840c9d6
-      ..f442f5af
-      ..ee84333d
-..b4f7a1b4
-      ..81fe970f
-      ..c7ca79a2
-      ..44c8a902
-      ..3b910751
-      ..75eeed67
-      ..a5ea261d
-      ..e716e300
-      ..1e07d241
-      ..efc52214
-      ..bcd9b893
-      ..a5ea261d
-      ..91574114
-    <t..5c425575
-      ..dfd0cf4b
-      ..e0239519
-      ..3d77edc7
-      ..822bda84
-      ..1fc5c9d6
-..b4f7a1b4
-      ..5dbb4886
-      ..6b5ca3b5
-    </..a4ad6d05
-</tbod..311e1e43
-</td><..d6934a0a
-      ..f8c29f37
-      ..9ab8c22c
-      ..a5ea261d
-      ..e716e300
-      ..9ab8c22c
-      ..a5ea261d
-      ..34569079
-      ..1ebf815c
-      ..5f154134
-..b4f7a1b4
-      ..c448f668
-..b4f7a1b4
-      ..892116ce
-      ..c7ca79a2
-      ..44c8a902
-      ..3b910751
-      ..75eeed67
-      ..a5ea261d
-      ..e716e300
-      ..1e07d241
-      ..efc52214
-      ..bcd9b893
-      ..a5ea261d
-      ..4058ffdc
-<table..f2e65499
-  <tbo..41020193
-    <t..15f97bd8
-      ..16f523b5
-      ..5913fa3e
-      ..ad3091ba
-..b4f7a1b4
-      ..dd5ae137
-      ..d04f5a45
-      ..803b7a61
-      ..421979a4
-      ..33b9da99
-      ..e99df5a1
-      ..3967b329
-      ..1dc3dc3a
-..b4f7a1b4
-..b4f7a1b4
-      ..80b57cda
-      ..10e1729e
-      ..749d320b
-      ..5aa69451
-      ..c518ffbc
-      ..d1a6a4ef
-      ..4f75c05a
-      ..3a027bf0
-      ..bcd7eac6
-      ..80b57cda
-      ..10e1729e
-      ..749d320b
-      ..914ea8a0
-      ..3ef41f9b
-      ..d1a6a4ef
-      ..4f75c05a
-      ..3a027bf0
-      ..bcd7eac6
-..b4f7a1b4
-      ..a4c09d1e
-      ..3a4e6ca5
-      ..043dac39
-      ..dd5ae137
-      ..a4c09d1e
-      ..3a4e6ca5
-      ..c88469d1
-      ..33b9da99
-      ..2e0a840f
-      ..e3c276c7
-      ..99a10217
-    </..cd281983
-  </tr..07f88147
-</tbod..5d1b1f95
-  <tbo..41020193
-    <t..7299b218
-      ..16f1e3c5
-      ..895d3a5c
-      ..c2b190b9
-    </..cd281983
-  </tr..07f88147
-</tbod..311e1e43
-</td><..d6934a0a
-      ..f8c29f37
-      ..9ab8c22c
-      ..a5ea261d
-      ..e716e300
-      ..9ab8c22c
-      ..a5ea261d
-      ..34569079
-      ..1ebf815c
-      ..5f154134
-      ..2e0a840f
-      ..6050c543
-  </tb..523ee758
+      ..bccde059
+      ..f704143b
+      ..df7dd760
+      ..7c582cc1
+      ..2a0d0f38
+      ..4cf3db24
+      ..d3aa188f
+      ..9cfb4807
+      ..9a0b0ba7
+      ..aef5baef
+      ..f782d6f1
+      ..9942b07a
+      ..f35ebbe4
+      ..11574166
+      ..f62201eb
+      ..b975cb59
+      ..8fb09af0
+      ..a6ac1c7f
+      ..f782d6f1
+      ..9942b07a
+      ..f35ebbe4
+      ..84c0c952
+      ..7bbd472b
+      ..cce6c4d3
+      ..fb163a22
+      ..5b7cda1d
+      ..8a49a7fe
+      ..886d82d6
+      ..852d09c0
+      ..1b740e04
+      ..41f81492
+      ..759e9f05
+      ..773e7a50
+      ..91a17f84
+      ..1bcfc363
+      ..b86d5119
+      ..fb163a22
+      ..5b7cda1d
+      ..8a49a7fe
+      ..9fa0abb5
+      ..ff0dedde
+      ..a2fca9ec
+      ..34f3794b
+      ..a2fca9ec
+      ..3960c050
+      ..a2fca9ec
+      ..9593f580
+      ..1b740e04
+      ..41f81492
+      ..759e9f05
+      ..773e7a50
+      ..91a17f84
+      ..6e332a80
+      ..9b51a7b8
+      ..f62201eb
+      ..b975cb59
+      ..8fb09af0
+      ..eab28802
+      ..dce1bfb7
+      ..25eea8b1
+      ..9942b07a
+      ..f35ebbe4
+      ..30e16d35
+      ..f62201eb
+      ..b975cb59
+      ..8fb09af0
+..0b38930c
+      ..78c6c026
-</body..cbf10afa
+      ..3fc692c4
+      ..24b55b72
+      ..25eea8b1
+      ..9942b07a
+      ..f35ebbe4
+      ..30e16d35
+      ..f62201eb
+      ..b975cb59
+      ..8fb09af0
+      ..061730ad
+      ..9942b07a
+      ..f35ebbe4
+      ..16ab4e4f
+      ..cc727802
+      ..dfa0490e
+      ..96edb154
+      ..2731f2d5
+      ..bd223d11
+      ..59638153
+      ..a0c52edd
+      ..59638153
+      ..dd6165e4
+      ..8fbe3800
+      ..501a962a
+      ..96edb154
+      ..2330aee1
+      ..501a962a
+      ..96edb154
+      ..d778811a
+      ..501a962a
+      ..96edb154
+      ..972299fa
+      ..501a962a
+      ..96edb154
+      ..11a90d69
+      ..306fd05c
+      ..f2eaa6c8
+      ..501a962a
+      ..54a7707f
+      ..01bb170e
+      ..9b51a7b8
+      ..f62201eb
+      ..b975cb59
+      ..8fb09af0
+      ..6f5993a7
+      ..f782d6f1
+      ..9942b07a
+      ..f35ebbe4
+      ..11574166
+      ..f62201eb
+      ..b975cb59
+      ..8fb09af0
+      ..b180ef8b
+      ..2ffe0431
+      ..077515cf
+      ..c660700c
+      ..ab2c332f
+      ..30b21f5b
+      ..a06c51ff
+      ..0fd398ae
+      ..f98de7a9
+      ..c1b6f03f
+      ..52e6fafb
+    </..7279f7b7
+</html..e9354420
-    <t..14e8f12a
-      ..5913fa3e
-      ..adf6cf04
-      ..ee670802
-      ..c7029adb
-      ..4f92db82
-      ..0c8d0455
-      ..07760e73
-      ..2286b77f
-      ..7cd52626
-      ..4f92db82
-      ..c02517a1
-      ..b2cd1b4a
-      ..a5a984d7
-      ..4602e418
-      ..92c45ef0
-      ..fe806620
-      ..2dd126aa
-      ..3c0dda8d
-      ..69265099
-      ..977c24c3
-      ..b2cd1b4a
-      ..9c7de619
-      ..e9a630d8
-      ..045ffd88
-      ..fe806620
-      ..2dd126aa
-      ..3c0dda8d
-      ..69265099
-      ..eb82c662
-      ..fdc2c378
-      ..085c150f
-      ..4f92db82
-      ..0c8d0455
-      ..085c150f
-      ..4f92db82
-      ..ece29cf8
-      ..e3c276c7
+..0b38930c
+    <t..fb0e6318
+      ..a5afa3d7
+      ..69880426
+      ..6696dae7
+      ..b65e2ef3
+      ..2677299c
+      ..c03ddfb9
+      ..3d2cd47e
+      ..8cb8e6b4
+      ..c03ddfb9
+      ..daad1245
+      ..8cb8e6b4
+      ..c03ddfb9
+      ..961928e2
+      ..8cb8e6b4
+      ..c03ddfb9
+      ..6ec3aea7
+      ..8cb8e6b4
+      ..c03ddfb9
+      ..9e30ed8a
+      ..8cb8e6b4
+      ..c03ddfb9
+      ..d374681f
+      ..8cb8e6b4
+      ..0da44c84
+      ..2677299c
+      ..c03ddfb9
+      ..f5410861
+      ..54da48bd
+      ..33ff2b1c
+      ..1989f7af
+      ..3e7e9c1b
+      ..e9fe86cd
+      ..00a2c256
+      ..65bbb73d
+      ..b3da72f4
+      ..a34c1a13
+      ..afff3f9d
+      ..8cb8e6b4
+      ..0da44c84
+      ..7a3e1abf
+      ..0d0e3979
+      ..0bc0136e
+..0b38930c