+.text-..7d992347
+	color..dbcde9e9
+}..c125d033
+..cbf9c30f
+.btn-p..83738681
+	borde..b43fd122
+	heigh..573e6cf6
+	width..c66b927a
+	box-s..2395b19a
+	text-..6fc2acfa
+	min-w..d0b6b30b
+	margi..16b73aa8
+	-webk..6e106cc2
+	-moz-..efbaca38
+	-ms-u..13970591
+	user-..a3cbfadc
+	borde..a2dc13da
+	font-..bca4416e
+	font-..fe172cf0
+}..c125d033
+.btn-p..7fbe4e1f
+	color..498dfbde
+	backg..b18d1330
+	paddi..5a3c5589
+}..c125d033
+.btn-g..4edac768
+	color..498dfbde
+	backg..1aae65b4
+	paddi..2d152a61
+}..c125d033
+.md-gr..92fc9fe8
+	color..58858734
+	backg..684ab8eb
+	paddi..dbffb473
+}..c125d033
+..cbf9c30f