-      ..d2779e3c
+      ..34ad38a5
-      ..cdf5d2a2
+      ..2ea543d6
-      ..a5920ddc
-      ..ad52e92f
+      ..9f2ae2b4
+      ..24bba15d
-      ..6a075d67
+      ..3b250497
-      ..c7b062c4
+      ..a73bce66
-      ..163b0317
+      ..bac55fe5
-      ..ce817d12
-      ..19aaabe6
+      ..fba9401f
+      ..3afe6709
-      ..312ebc2e
+      ..24a8ca87
-      ..86e07862
+      ..588a0262
-      ..700b55ba
+      ..067590a7
-      ..e42cde83
-      ..a893d3ab
+      ..212eae3b
+      ..afb9c9a2
-      ..b7df55c6
-      ..24b71d75
-      ..b5813336
-      ..6df87cdf
+      ..e515e63c
+      ..32fd4058
+      ..58f20fca
+      ..503edce4
-      ..be3187e9
+      ..2eff6c34
-      ..a24c5f9c
+      ..3beb00b5
-      ..7d6e19ef
+      ..405cb7fe
-      ..03a901f5
+      ..4bd72347
-      ..784ffe32
-      ..b1d8caa5
+      ..1f226aa8
+      ..657cb028
-      ..79126cac
+      ..273e9196
-      ..3cc30a1a
+      ..56347e7f
-      ..c12ede5b
+      ..d5970c89
-      ..e4f9675a
-      ..4f188f52
+      ..054ad257
+      ..8e949860
-      ..fd586d9c
+      ..e9b67298
-      ..2e04d232
+      ..74331fb2
-      ..55c940bb
+      ..16273b7c
-      ..83f01d64
+      ..30f5167c
-      ..8fb08ef7
-      ..566d8893
+      ..7ae831b1
+      ..f116abb5
-      ..a32eb62e
+      ..e06f9743
-					"..e3882158
+					"..4ee0688b
+					"..669a8a14
-					"..e3882158
+					"..4ee0688b
+					"..669a8a14
+					"..8cd581da
-					"..e3882158
+					"..4ee0688b
+					"..669a8a14
-					"..e3882158
+					"..4ee0688b
+					"..669a8a14
-					"..e3882158
+					"..4ee0688b
+					"..669a8a14
-					"..e3882158
+					"..4ee0688b
+					"..669a8a14
+					"..8cd581da
+					"..8cd581da
-					"..e3882158
+					"..4ee0688b
+					"..669a8a14
+					"..8cd581da
+					"..8cd581da
-					"..e3882158
+					"..4ee0688b
+					"..669a8a14
+					"..8cd581da
-					"..e3882158
+					"..4ee0688b
+					"..669a8a14
+					"..8cd581da
+					"..8cd581da
-					"..e3882158
+					"..4ee0688b
+					"..669a8a14
-					"..e3882158
+					"..4ee0688b
+					"..669a8a14
-     *..4b08f37c
+     *..7f332d96
+    /*..c559fe50
+     *..110a5008
+     *..f1277725
+     *..88ea767c
+    pu..615845c8
+    {..ee102984
+      ..23bc7cfb
+    }..5043b083
+..575f7530
+     *..bcf2813e
+     *..be598df3
+     *..08430fcd
+     *..6ce8beaf
+     *..b792a729
+     *..185d4190
+     *..6ce8beaf
-    pu..9aabaf82
+    pu..1628ff4a
+      ..8a736913
+      ..2dd6cbdb
+      ..8d154cfb
+      ..acd0941a
+      ..f8e35260
+      ..3a7921f5
+      ..bc9dc3ab
+      ..2258ad21
+      ..b38ccdfd
-      ..ac199234
+      ..5f2a1d4c
-      ..c71c7194
-      ..dc86eddc
+      ..ad813273
+      ..19de9944
-      ..5c311f1a
-      ..47628242
+      ..4973ab98
+      ..1b534f12
+use En..884ecf40
+      ..54addac9
+      ..0e1cd726
+      ..fd6537c7
+      ..34ea3c89
-      ..cc0118b0
+      ..fa7e17bd
+      ..148a3fd7
+      ..1a8eced1
+      ..f63795c0
+      ..fa7e17bd
+      ..8bd6cfcb
+      ..126ef4e9
+      ..34ea3c89
-      ..ce606dd6
+      ..b30101bf
-      ..ce606dd6
+      ..b30101bf
-      ..c410368c
-      ..2355df90
-      ..fae23bd0
+      ..1b92abae
-      ..13554679
+      ..31692c83
+      ..124c16c0
+      ..481b6409
+      ..63ec66eb
+      ..7c5dd3a0
+      ..6c8f4039
+      ..8569705a
+      ..82cf3c3f
+      ..bf71cf04
+      ..74c2e17d
+      ..cb5ca814
+      ..bd05962f
+      ..157be0f6
+      ..bd05962f
+      ..7c5dd3a0
+..575f7530
+      ..e367dbcd
+..575f7530
+      ..5ee2af39
+      ..2650be77
+      ..086188a1
+      ..bd05962f
+..575f7530
+      ..8a3ffae8
+      ..7779aeb9
+      ..5e8334f8
+..575f7530
-      ..26ffdc3f
+      ..f7f4b32e
-      ..f528e193
+      ..b574dea4
-      ..49a18d68
+      ..cca12f7d
-      ..36f26075
+      ..9ece14df
-      ..0f96911b
+      ..eb61634b
-      ..1e714025
+      ..c55bf10d
+..575f7530
+		comp..a6c669d5
+			sho..1a430d35
+				ge..82251acc
+					r..41dd1b06
+				},..29931a47
+				se..6eed4d61
+					i..4a46a16c
+						..8e750bcb
+				}..0e713a2c
+			},..c08852c9
+			mes..f8563c9b
+				ge..83d2070b
+					r..9f03df47
+				},..29931a47
+				se..6eed4d61
+					t..0e2639a8
+				}..0e713a2c
+			}..cfbbd5f0
+		}..56160ed6
-      ..00209b6f
+      ..25d56ff9
-      ..962036ad
+      ..4d26e7bd
+      ..94a2d643
+      ..b420eda8
+      ..7efd0c08
+      ..edffd9a7
+	impor..ed586ee2
+..575f7530
+		comp..c2872927
-      ..4ac4cc8b
+      ..b7be68b5
-      ..5209ec1f
-..8126fcf2
-      ..b33dd7e6
-      ..19d1dea4
+      ..908af68c
-      ..878b9f2a
+      ..18e92103
-      ..8dc8683a
-      ..04adf444
+				th..2d34b475
+      ..8358f523
+						..ae9b5fa6
+						..6489e4c1
+						..c8c22359
+						..689dd643
+						..7a8985b5
+						..1f89c005
+						..912212ef
+						..e6508f6b
+					}..ebf4ea70
+					e..7d1c2f6c
+						..12e37607
+      ..c78ddf57
+      ..0862da8d
+      ..1a1ef1c4
+    .P..5933c67c
+      ..98ce865b
+      ..d9453fd3
+      ..4d88efab
+    }..5043b083
+    .m..4c4a3726
+      ..e6a9bd9e
+    }..5043b083
+    .m..30722f53
+      ..ed0806c5
+    }..5043b083
-      ..4376c58d
+      ..e1ad9499
-      ..fb6c7124
+      ..91e2a1ec
-      ..ed0fb45c
+      ..93f40bde
-      ..813e3461
+      ..da226013
-      ..c9935120
+      ..db838528
+      ..b7603abc
-      ..98f9e353
-      ..fba48821
-      ..c23403d6
-      ..e4d8ea97
-      ..6382343c
-      ..082a235e
-      ..50e75f27
-      ..b18cc8af
-      ..0c709ea2
-      ..d2129fc9
-      ..fa3cc08b
-      ..800bc5e9
-      ..a7e21163
-      ..150a4196
+      ..0b2a04f9
+      ..4c885e90
+      ..f93a01a4
+      ..82c7e01f
+      ..c2ba8674
+      ..51468988
+      ..2e76f3d1
-      ..8ea79a26
+      ..a644bccf
--- /de..fdbfd83c
+<templ..50cfe837
+	<div ..44dcea2e
+		<div..79d61827
+			<sp..3b12094f
+				<h..438ecbe9
+				<p..49a09197
+			</s..abbb98fc
+		</di..4670a591
+	</div..bf85ff16
+</temp..b8d2d24d
+..575f7530
+<scrip..e232ae3d
+	expor..4960d4cc
+		comp..b4af386f
+		},..b0acea98
+		name..f752c0a1
+	}..853e5151
+</scri..6ca9cea0
--- /de..fdbfd83c
+<templ..50cfe837
+	<div ..44dcea2e
+		<div..79d61827
+			<sp..3b12094f
+				<h..5039fd17
+				<p..fd744802
+			</s..abbb98fc
+		</di..4670a591
+	</div..bf85ff16
+</temp..b8d2d24d
+..575f7530
+<scrip..e232ae3d
+	expor..4960d4cc
+		comp..b4af386f
+		},..b0acea98
+		name..264cb04b
+	}..853e5151
+</scri..6ca9cea0
--- /de..fdbfd83c
+<templ..50cfe837
+	<div ..44dcea2e
+		<div..a3ed2d56
+			<di..fa417d2e
+				<r..56ee125e
+				<r..b28676ac
+			</d..2e506d14
+		</di..4670a591
+	</div..bf85ff16
+</temp..b8d2d24d
+..575f7530
+<scrip..e232ae3d
+	expor..4960d4cc
+		name..9e3f83cc
+	}..853e5151
+</scri..6ca9cea0
+..575f7530
+<style..0750cb5d
+..575f7530
+</styl..f0410619
+import..cfcee73c
+import..ce653071
+import..dfd0404d
+  {..10cacdab
+      ..314b3069
+      ..401437cc
+      ..2dc59e23
+      ..cb41253b
+		left..e48906c0
+      ..299bb503
+  },..0342b081
+  {..10cacdab
+      ..b8d2fb2f
+      ..c772567c
+      ..2dc59e23
+		  de..45a9765b
+		  le..baaf11cf
+      ..299bb503
+  },..0342b081
-      ..60bf5445
+      ..8e787abf
+		  le..30cb4f38
+..575f7530
+		  if..8de17b60
+      ..3a06c1b2
+      ..bdea9748
+      ..c51e4deb
+      ..0be4a77c
+      ..32835c6d
+				  ..191bd5d9
+      ..126ef4e9
+      ..27ff6405
+      ..1d6277a4
+      ..509dd44b
+..575f7530
+		  co..114ca99d
+			  m..f9bd12a4
+		  })..9f143148
+	  });..270b0a47
-      ..60bf5445
+      ..e70ef34b
+      ..317b2208
+      ..1ac328c9
+      ..bc11838a
+      ..663bc3e1
+..575f7530
+	.md-f..3e5a1608
+		.md-..f7b8e75c
+			fon..b42e4919
+		}..56160ed6
+	}..853e5151
+		line..4f283b6a
+..575f7530
+			fon..469b09d9
+			fon..cb448c04
+		h1 {..1fa0b10c
+			fon..469b09d9
+			fon..cb448c04
+		}..56160ed6
-			fon..901879c5
+			fon..9af288c2
+			fon..cb448c04
+		}..56160ed6
+		h3 {..4d596da5
+			fon..b4eafbdf
+			fon..f80e5dc3
+..575f7530
+	.md-f..3e5a1608
+		marg..3d391d4b
+	}..853e5151
-// Ope..79f73c55
+// Ope..35852587
+Route:..5cde55d6
+    if..2a69b40e
+      ..cc4360e8
+    $a..75fe4031
+    re..afccdecd
+});..3e21a240
+Route:..3ee7614d
+    $b..2a7f7fa7
+    re..86f4eda5
+});..3e21a240
-Route:..bac5074d
+Route:..4ff29b2c
-    $r..8201cd4c
+    $b..cccf5d2c
+    $r..76195f46
-    re..ee04b84b
+    re..583b4a0f
-    re..86689d7d
+    re..c2ec28f2
-	retur..77385974
+	retur..2ed9de02