-			"ve..e5b59dfa
-			"re..4cc6cc80
-			"in..52677fdc
+			"ve..bfa5377c
+			"re..84c96dc0
+			"in..974b8ad2
-			"ve..e5b59dfa
-			"re..fb1944cd
-			"in..f8b72775
+			"ve..bfa5377c
+			"re..f4cb7edf
+			"in..d7f39f4c
-				"@..a028b169
-				"b..b14389d7
+				"@..931e727d
+				"b..0ccf0020
-    "v..ff9d3b4f
+    "v..e7d95a9c
-    "v..c6363211
+    "v..b5a2da8b
-      ..1871881a
+      ..dd8f46bf
+      ..f22b160f
+      ..fa4d0952
+      ..ad82aeb5
+      ..4ad1d070
-      ..3e42da70
+      ..01f21c64
-    sa..a8ec763b
+    sa..045a3989
+    au..6a50561a
+    },..c75238b4
+    au..afe3c4d3
+      ..aeba2af0
-      ..e33a0847
+      ..17823950
-      ..6458eea1
+      ..44a3f526
+      ..0a2e36cb
+    is..afd660d2
+      ..55aeee7f
+    },..c75238b4