+      ..832b0828
+      ..796d5203
+      ..21ad3826
-      ..9a707181
+      ..3e7a43f1
+      ..939c81b9
+      ..e576c2c8
+      ..7e2d31a9
+      ..e7b7dbcf
+      ..7d5ddabc
-      ..c977beec
-      ..d5a119a6
-      ..518e752b
+		h1 {..6c6b3287
+			lin..d54a34b2
+		}..8f15eb8a
-			col..fa043d32
+			a {..83c1e366
+				co..426957b9
+			}..97e75770
+		}..8f15eb8a
+		.tit..9cfea4c5
+			dis..c4d037c6
-	.app-..52ed3a26
+	.app-..ca0a30f5
+		.men..ecf38096
+			pos..a724ecdc
+			lef..87652a50
+			wid..f7244f23
+			hei..17b4cfa6
+..680241ee
+			.md..b85f49cc
+				co..7a4cbc56
+				fo..0d3eb3b8
+			}..97e75770
+		}..8f15eb8a
+..680241ee
-			hei..698e1c5b
-			wid..a09c4037
-			spa..f920ec7c
+			dis..79eac8dd
+			hei..438435fa
+			wid..b5a3625d
+			a {..83c1e366
+			mar..4e095c31
+..680241ee
+		.tit..9cfea4c5
+			dis..a7f85bfb
+		}..8f15eb8a
+..680241ee
+		.use..f782311f
+			top..3639ece2
+			rig..d18dfc52
+		}..8f15eb8a