--- /de..a4e70a0e
+<?php..95935e22
+..2f7d4aa4
+namesp..be783d2c
+..2f7d4aa4
+use Ap..79807f4b
+use En..27cc2933
+use En..315d5497
+use Il..fb8e0aa8
+use Il..4b013e77
+use Il..a76cce15
+use Il..593975a7
+..2f7d4aa4
+class ..1bcf5c3d
+{..11a1dfa0
+    us..78bd99c4
+..2f7d4aa4
+    pu..82b2abe3
+    pu..862514a1
+..2f7d4aa4
+    /*..e97a5c11
+     *..47538dcf
+     *..e939916b
+     *..ff71dc95
+     *..3d4a9458
+     *..eeb9404f
+    pu..531167d2
+    {..a8f87ad3
+      ..f4b6c487
+      ..82346d3f
+    }..9b4fc0ca
+..2f7d4aa4
+    /*..e97a5c11
+     *..18c3bfee
+     *..d91c35f9
+     *..f1b37a26
+     *..eeb9404f
+    pu..315539ef
+    {..a8f87ad3
+      ..82f27e12
+      ..6d73a056
+    }..9b4fc0ca
+}..2c4e3a58
+use En..27cc2933
+use En..315d5497
+use Il..36bebc9c
+use La..16d50fb5
-    us..4bb2c60d
+    us..23efca66
+..2f7d4aa4
+      ..201ec74b
+      ..a37424c4
+      ..60bd34e3
+      ..f47fb256
+      ..b0770a7b
+      ..fe94e341
+      ..c2d2f80c
+      ..6d93687e
+      ..fb46c46f
+    }..9b4fc0ca
+..2f7d4aa4
+    pu..c0b8beba
+    {..a8f87ad3
+      ..908ecf02
+      ..3d621e50
+      ..7a6c637d
+      ..301986cb
+    }..9b4fc0ca
+..2f7d4aa4
+    /*..e97a5c11
+     *..49d0c8c0
+     *..09a9f2a3
+     *..a65c7f3d
+     *..d91c35f9
+     *..20dbc119
+     *..eeb9404f
+    pu..c0ffc246
+    {..a8f87ad3
+      ..71ba0561
+    /*..e97a5c11
+     *..ca07f234
+     *..2ad5e0fb
+     *..d91c35f9
+     *..9a1c6072
+     *..eeb9404f
-    pu..a020e863
+    pu..1215d2d5
+    {..a8f87ad3
-    pu..9684d7d1
+    pu..ccfbe713
+    {..a8f87ad3
+    pu..63794607
+    {..a8f87ad3
+      ..626b85c8
+      ..2eebedd5
+      ..88e7a046
+      ..97ada207
+      ..573ce448
+      ..9dad3209
+      ..9a7e3bcc
+      ..6c74cf3e
+      ..15e8dee4
+      ..301986cb
+..2f7d4aa4
+      ..dd395cf3
+    }..9b4fc0ca
+..2f7d4aa4
+use Il..0ae3f175
-    pu..b3c818a7
+    pu..7ff9cf8f
-      ..8b48a1ac
+      ..138f7f15
-      ..e45a4cbe
+      ..ebc4f580
-      ..f8354111
+      ..c7ef0003
+    pu..8606e0f0
+    {..a8f87ad3
+      ..d91a5c2d
+    }..9b4fc0ca
+..2f7d4aa4
+    /*..e97a5c11
+     *..c9cbd340
+     *..6ce25533
+     *..69a3eacc
+     *..637d021e
+     *..eeb9404f
+    pu..91c91254
+    {..a8f87ad3
+      ..fc9c0128
+      ..317ff035
+..2f7d4aa4
+      ..a57e843c
+      ..031354e3
+      ..bcbc3685
+      ..749dcab7
+      ..bcbc14e1
+..2f7d4aa4
+      ..103d567b
+      ..be41944c
+      ..6c74cf3e
+      ..a62494a2
+      ..301986cb
+..2f7d4aa4
+      ..f45767ef
+      ..d137d425
+      ..bda0a172
+      ..307022be
+      ..f523702d
+      ..42fc8002
+      ..6c74cf3e
+      ..8b4a0211
+      ..301986cb
+..2f7d4aa4
+      ..aaae0794
+      ..4d8cec9b
+      ..7717c9f3
+      ..67cf218e
+..2f7d4aa4
+      ..1063156d
+    }..9b4fc0ca
+..2f7d4aa4
-..2cda8c71
-      ..79c3ae30
-      ..ef418ca6
-      ..a5615b30
-      ..1c9c2ae5
-      ..c16f5b08
-..2cda8c71
-      ..44b04768
-      ..256496c2
-      ..9b842498
-      ..680707ed
-..2cda8c71
-      ..95093e68
-      ..d93abda9
-      ..39a5bbd9
-      ..aca3d52b
-      ..a3519007
-      ..abb86fbe
-      ..256496c2
-      ..e08bb162
+      ..db50d25f
-      ..29e85fc2
-      ..c1950690
-      ..43220887
-      ..6c5c0150
+      ..6ce19b5a
-      ..853e24c9
-      ..d161377b
-      ..62e64e55
-      ..6478c2cd
-      ..d50247e6
-      ..a63406c6
-      ..d0e0a3dd
-      ..012101e6
-      ..c277ac37
-      ..c9adbace
-..2cda8c71
+      ..60298c64
+      ..f5c2920f
-      ..ed659260
+      ..1a304b03
-      ..52f52b56
+      ..3c924922
+use Ap..24867829
+use Ap..c3af481b
+use Ap..79807f4b
+use En..25cbfae1
+use Il..0ae3f175
+use Il..11e530b8
-      ..db056986
+      ..3d70fe34
+      ..47e0efc5
+      ..3954afe4
+      ..48607198
+..2f7d4aa4
+      ..e7531a16
+      ..5206d254
+      ..91e02778
+      ..e5151e6a
+      ..3ebe61f1
+..2f7d4aa4
+..2f7d4aa4
+    pr..db36aad5
+    {..a8f87ad3
+      ..375b8248
+..2f7d4aa4
+      ..307022be
+      ..acaacb4a
+      ..564f790a
+      ..e21b6b13
+      ..a4d8d3e0
+      ..3ebe61f1
+..2f7d4aa4
+      ..a56da23f
+      ..28f314e4
+      ..ed158086
+      ..d33ba991
+      ..85a58001
+..2f7d4aa4
+      ..6c74cf3e
+      ..03bb3115
+      ..e06706cf
+      ..251f25bd
+      ..f18ac04c
+      ..ed158086
+      ..ebf8063f
+      ..3c924922
+      ..85a58001
+      ..3ebe61f1
+      ..301986cb
+    }..9b4fc0ca
--- /de..a4e70a0e
+@exten..5615cf92
+..2f7d4aa4
+@secti..7344d9de
+    <t..03ca9305
+      ..03df953b
+      ..baf371ed
+      ..d5de80b2
+      ..090ed94c
+      ..c5cc6e77
+      ..624938ed
+      ..937c9dc2
+      ..0b37700e
+      ..99e30da6
+      ..c5cc6e77
+      ..acb7f3d5
+      ..9449fe32
+      ..f77ba0d6
+      ..a8e9b791
+      ..db0de6c4
+      ..23903bca
+      ..7c34d139
+      ..fcafe089
+      ..55dd2bcf
+      ..123353f7
+      ..9449fe32
+      ..4cc61537
+      ..3efead32
+      ..f9107c66
+      ..23903bca
+      ..7c34d139
+      ..fcafe089
+      ..55dd2bcf
+      ..7a41b0e3
+      ..00e46b22
+      ..f04e0475
+      ..c5cc6e77
+      ..624938ed
+      ..f04e0475
+      ..c5cc6e77
+      ..1681e5ae
+      ..f28976ca
+      ..55bacb7b
+    </..e6ec422c
+@endse..834dd5a2
-      ..6962bcf6
-      ..9738ccf3
+      ..ed6a6e05
+      ..1a41e1c9
-      ..ce881043
+      ..ee9af695