+			"de..0944d107
-		"ent..3221def5
-			"ve..d8772a15
-			"re..6e9ac37a
-			"in..2665e448
-		},..a676bb2d
-		"hig..b5bfb481
-			"ve..fc9804fc
-			"re..67f9976a
-			"in..23f47c16
-		},..a676bb2d
-		"kat..7365fa4d
-			"ve..d95f2ad0
-			"re..52e33a85
-			"in..e5d9dd85
-			"re..3a67222b
-				"m..f9aeb8ce
-			}..ddbc138a
-		},..a676bb2d
-		"lin..04d1bb86
-			"ve..d8083561
-			"re..9c56fa9d
-			"in..99a1d1cc
-			"re..3a67222b
-				"u..e813ec49
-			}..ddbc138a
-		},..a676bb2d
-		"mar..fbb2d2e1
-			"ve..ed1a5378
-			"re..c26f7454
-			"in..b8a38091
-			"re..3a67222b
-				"a..09844873
-				"e..8fdfd9b1
-				"l..de6a8992
-				"m..6036d2e8
-				"u..e813ec49
-			}..ddbc138a
-		},..a676bb2d
-		"mar..6ac05789
-			"ve..1ae79c38
-			"re..90c06a31
-			"in..c64c3724
-		},..a676bb2d
-		"mar..488d255d
-			"ve..5741a414
-			"re..43e4025d
-			"in..1484bb1f
-		},..a676bb2d
-		"mar..258ace97
-			"ve..ad4464b7
-			"re..e3a62c50
-			"in..ade69e13
-		},..a676bb2d
-		"mar..b685cf16
-			"ve..08a4d5e8
-			"re..bfb8ee4b
-			"in..42e56aab
-		},..a676bb2d
-		"mar..fa179c00
-			"ve..08a4d5e8
-			"re..3516cf7a
-			"in..ca5ed635
-		},..a676bb2d
-		"mar..5a41427f
-			"ve..5741a414
-			"re..c1f0fbbd
-			"in..a25a4b32
-			"re..3a67222b
-				"k..74d4d418
-			}..ddbc138a
-		},..a676bb2d
-		"mar..9c7b32cf
-			"ve..08a4d5e8
-			"re..ade73387
-			"in..7d72aa3a
-		},..a676bb2d
-		"mar..277494d0
-			"ve..05fbeee2
-			"re..ddde67b7
-			"in..b5cd2a40
-		},..a676bb2d
-		"mar..ef9638de
-			"ve..05fbeee2
-			"re..6898a257
-			"in..d927e053
-		},..a676bb2d
-		"mar..f845152d
-			"ve..5830b56b
-			"re..de670285
-			"in..61acbedd
-		},..a676bb2d
-		"mar..fd9034ab
-			"ve..a02466a5
-			"re..9fa087ce
-			"in..0f9ac9df
-			"re..3a67222b
-				"c..52395911
-				"u..eb19f202
-			},..416714b4
-			"de..ee1f6bbf
-				"c..537989db
-					"..99fa0a8b
-					"..a4ec18ff
-					"..97d7c710
-				}..3ef89a28
-			}..ddbc138a
-		},..a676bb2d
-		"mat..60b77f60
-			"ve..85a3d6bb
-			"re..e944008b
-			"in..bae6b068
+		"mar..8a9d0878
+			"ve..1cb1ab0d
+			"re..da0309fd
+			"in..0dc6e4d2
-		"mdu..626a8453
-			"ve..92646cb8
-			"re..0c146ec4
-			"in..52ec301d
-		},..a676bb2d
-			"in..6eb8f5fb
+			"in..0ae8c943
+			"de..32706ba8
-		"uc...e07eb320
-			"ve..1909a526
-			"re..17a940ec
-			"in..5f82f348
-		},..a676bb2d
-		"uno..fe666d4b
-			"ve..eea9e5a5
-			"re..5b1fd52c
-			"in..236c1e4f
-		},..a676bb2d
-		"usl..ec4ce420
-			"ve..1ae79c38
-			"re..5fe5fbb4
-			"in..770e7ed5
-			"re..3a67222b
-				"u..8a6a76c1
-			}..ddbc138a
-		},..a676bb2d
-		"vue..d014215f
-			"ve..f1caadef
-			"re..fb4ffd1a
-			"in..470297fd
-			"re..3a67222b
-				"h..728c3644
-				"m..0614374e
-				"m..c0f3b348
-				"m..81b65d21
-				"m..b6ce106d
-				"m..e8997fb9
-				"m..7a38ae3a
-				"m..0ab905db
-				"m..9f2dac06
-				"m..ebf5b460
-				"m..0fcdde74
-				"m..d828fc1a
-				"m..ef96361d
-			}..ddbc138a
-		},..a676bb2d
+    "m..b0761dcf
-    "v..c0840b72
-      ..ae34abd8
+      ..52367e2e
-	impor..702667c6
+	var m..0ff4a406
-			Vue..47882be5
+      ..cf43dc57
+      ..94aa6497
+      ..eb40c044
+      ..d2556d73
+..bdc5b207
+      ..7142648a
+      ..db8db6fa
+      ..8e63cf7b
+      ..12addec6
+      ..fe1edc89
+      ..c10b3e78
-      ..6f4423d9
+			mar..723d4513
+				re..fd88f904
+			}..020b620e
+      ..c10b3e78
+		watc..12137371
+			'$r..a346a845
+				co..c6f84aeb
+				th..79a42f73
+			}..020b620e
+		}..415a3fbf
-      ..a5557f9f
+      ..c48b3040
-      ..d90bfb39
-      ..980fd075
-      ..1c390ecd
-      ..abc2043e
-      ..7da53ad1
-      ..13c50091
-      ..62411463
-      ..2eee2d89
-      ..820f9890
-      ..d90bfb39
-      ..5e636a25
-      ..0c600f09
-      ..0f81d754
-      ..e6bb307b
-      ..f9ef497f
-      ..666f0f87
-      ..820f9890
+      ..2e3734cb
+      ..e8a114e2
+..bdc5b207
+      ..5965c51e
+      ..5ea404b4
+      ..7b094316
+..bdc5b207
+      ..7cde34c8
+      ..f8ea1651
+      ..afaa0ee3
+..bdc5b207
+      ..e822032d
+      ..29313bb3
+      ..f8272867
+      ..affc4d5f
+      ..bee5a5ac
+..bdc5b207
+      ..80f77259
+      ..5bfab9f2
+..bdc5b207
+      ..e0c4d9e5
+      ..37398d9b
+      ..0419ea22
-..0dacf80e
+	  red..1d8b1b11
+  },..b15af10f
+  {..1f8753a3
+      ..3cbeb447
+ * App..2d507732
+ */..35c0521e
+.md-ap..eff95a4c
+	justi..0a9f7191
+}..b8749e1f
+.md-ap..1b51481e
+	max-w..688f2bfe
+}..b8749e1f
+..bdc5b207
+..bdc5b207
+/**..646069b5
-	.app-..f1b0ce6d
+	.app-..af9d8a82
+ * Sid..2ec33343
+ */..35c0521e
+.side-..2ff9c22a
+	paddi..70669171
+..bdc5b207
+	.md-l..fefcf232
+		disp..0ff02f83
+		padd..657922ac
+		bord..3dffc950
+		font..8aa16dc5
+..bdc5b207
+		&.ro..bd99a433
+			pad..87d8d6e7
+			mar..cb199735
+			mar..3a92f61f
+			bac..1cfb2aac
+			col..a2b3f621
+		}..415a3fbf
+	}..3f795d1a
+..bdc5b207
+	.md-l..95e834ab
+		padd..2914ee03
+		text..d13239f4
+		font..dafd50c4
+		font..3aa35e5d
+	}..3f795d1a
+}..b8749e1f
+..bdc5b207
+/**..646069b5