--- /de..93e434ca
+<templ..33914675
+    <r..e513eb16
+      ..693a4cc8
+      ..ef442f36
+      ..3358a0c7
+      ..22ace59b
+    </..07d60fd8
+</temp..dfa299d5
+..74f23edf
+<scrip..82aca72b
+    ex..908b667f
+      ..08fbd3c1
+      ..e58bb0a7
+      ..3203d920
+      ..06f19978
+..74f23edf
+      ..61626f3f
+      ..91c04ccd
+      ..ccce3fc5
+      ..2b7932bf
+      ..248eddb7
+      ..50a0fdff
+      ..a4af18b5
+      ..248eddb7
+      ..cda06ca1
+      ..5144b9e7
+      ..f909fa76
+      ..f1b94675
+      ..2dca231f
+      ..43ca379d
+      ..ccfc3968
+..74f23edf
+      ..0eea63f8
+      ..0ae19219
+      ..32599504
+      ..244e1e2f
+      ..248eddb7
+      ..be0a3d33
+      ..eab93c34
+      ..0fc2d767
+      ..244e1e2f
+      ..0b8ce62d
+    }..961a3186
+</scri..8d11523c
+..74f23edf
+<style..e1db7662
+    .a..d3cf98fb
+      ..502d7a72
+      ..53554b8c
+      ..478c9c1f
+    }..961a3186
+    .m..59d1ebc9
+      ..478c9c1f
+    }..961a3186
+</styl..2f4a78e0
-      ..31398c7d
+      ..45cbca98
-      ..0cf0e4cb
+      ..1e30b7a5
-      ..515647f4
+      ..f1b94675
+      ..8f9e5374
+      ..eab93c34
+      ..0fc2d767
+      ..244e1e2f
--- /de..93e434ca
+<templ..33914675
+    <d..8018d14f
+      ..30534199
+      ..2a6aed81
+      ..22ace59b
+      ..33f22f25
+      ..30534199
+      ..e7f203fa
+      ..380c8d68
+      ..46083b4f
+      ..42516a87
+      ..db42ff38
+      ..b43c172c
+      ..22ace59b
+    </..b0322bfd
+</temp..dfa299d5
+..74f23edf
+<scrip..82aca72b
+    ex..908b667f
+      ..658c0780
+      ..3203d920
+      ..06f19978
+..74f23edf
+      ..caad4f71
+      ..91c04ccd
+      ..ccce3fc5
+      ..2b7932bf
+      ..248eddb7
+      ..50a0fdff
+      ..a4af18b5
+      ..248eddb7
+      ..cda06ca1
+      ..0a1bbe8f
+      ..ebac92c2
+      ..a773c753
+      ..ccfc3968
+      ..dac5f4e9
+      ..4a4b077b
+      ..32599504
+      ..244e1e2f
+..74f23edf
+      ..248eddb7
+      ..be0a3d33
+..74f23edf
+      ..0b8ce62d
+    }..961a3186
+</scri..8d11523c
+..74f23edf
+<style..e1db7662
+..74f23edf
+</styl..2f4a78e0
+import..e8ddb77e
+// Imp..a3741ce1
+Vue.co..d14a385c
+..74f23edf
-      ..e7aa3612
+      ..89928daa
+    de..5d16610e
+      ..0a2f9458
+      ..20f3cd1e
+    },..2ab65856
+..74f23edf