+      ..7ebbd8a4
+      ..7ebbd8a4
+     *..be9eeb10
+     *..12f6b418
+     *..8247a330
+    pr..129aed79
+..7ae134fa
+    /*..74d8e25e
+use En..4da026e5
-      ..d37c5fc4
+      ..aea54afe
-	     ..2a5afab9
+	     ..91a9f1ca
-	     ..e019d06e
-	     ..0521e4b3
+	     ..74e42252
+	     ..40703d60
-      ..6b198f37
+      ..922dd9ab
-      ..dce3a348
+      ..03f18707
-      ..9fe51732
-      ..c96fb5b0
-      ..900a1ba9
-      ..5673769f
-      ..900a1ba9
-      ..5673769f
+      ..5e3e7b7d
+      ..992d63cc
+      ..c30c3135
+      ..69bc3e52
+      ..1bf2c6ca
+      ..a97cf019
+      ..6f758734
+      ..6c655023
+      ..20d4a012
-      ..900a1ba9
-      ..5673769f
+      ..76128ea5
+      ..e82fd1dd
+      ..cfc83520
+      ..8c7dfc53
+..7ae134fa
-      ..470bc260
-      ..dd8e6ad0
-      ..d777847b
-      ..4d8a1863
-		    ..f04df44d
-	    $..be55ce46
-..a3d0180d
-	    i..11dcadcf
+	    i..8af5ef32
-..a3d0180d
-		    ..dcd3f529
-		    ..bc2bcb01
-			   ..9b64122b
-				  ..8c18bde8
-					 ..e9395ffe
-				  ..714bfa26
-					 ..b5ee4db0
-						..ef912d36
-					 ..637ed47f
-				  ..4a440d9f
-			   ..37c8b058
-				  ..eb17a967
-			   ..291f1dbd
-		    ..814241de
-			   ..0dc9c263
-			   ..9b64122b
-				  ..6ea2e143
-					 ..a3bf6d1d
-				  ..6819f5bc
-			   ..37c8b058
-				  ..3887e686
-			   ..291f1dbd
-		    ..2e717269
+	    	..2d5ad21a
+      ..8b4800a5
+      ..239dcc72
+		    ..90aecc63
+      ..38edc304
+      ..39b4d1d6
+      ..3d9f6008
+      ..f8359cf8
+      ..db20c16c
-..a3d0180d
-		    ..e4683450
-			   ..c4b2f41c
-		    ..2e717269
-..a3d0180d
+		    ..f146abd3
-..a3d0180d
-		    ..897064d4
-			   ..5a095646
-			   ..16a932b5
-		    ..2e717269
+      ..5331401d
+      ..ecd62975
-	    i..46d724ce
-		    ..7887b91b
-			   ..0d95207c
-		    ..7adde62d
-			   ..7a3e5f5c
-	    }..668f7d04
+      ..3645e0fe
+      ..b0756601
+      ..f16e6e9c
+      ..43e60008
-	    i..46172f8e
+	    i..6e678e2c
-..a3d0180d
+/**..88d88241
+ * @de..d25f82e5
+ * Cla..423613ce
+ * @pa..13e9017f
+ */..5ea41b3a
+/**..88d88241
+ * @de..d25f82e5
+ * Cla..f2ba208a
+ * @pa..13e9017f
+ */..5ea41b3a
-      ..84129ccb
+      ..56e6c6d0
+use En..4da026e5
-      ..93728626
+      ..f5c32bd8
-      ..2f7d4aa2
+      ..42fe2a9d
+      ..49635ac7
-      ..55785227
+      ..f932469d
+      ..4eab9f8d
-      ..d54a93f4
+      ..18ee250e
-      ..5bc2c384
+      ..d5e5764c
-..a3d0180d
+/**..88d88241
+ * @de..934f7dac
+ * Cla..af8b12f0
+ * @pa..13e9017f
+ */..5ea41b3a