-use En..f535b611
+use En..e2ad87ed
-    us..d1149b2e
+    us..238a2a1d
+      ..11b7cdef
+      ..4a332e48
-      ..c3e1e95a
+      ..cfd437ad
+      ..40152832
-      ..e0831d1a
-      ..01b4708d
-      ..56de14c1
-      ..c19af3be
-      ..43653a10
-      ..157781c0
-      ..81fe9faf
-      ..db770048
-      ..81428655
-      ..c32cf32b
+      ..4b802518
+      ..74fefb42
+      ..26c78aaf
+      ..4153215c
+      ..be1ebf35
-      ..d0cea91a
-      ..e0831d1a
-      ..1e95f340
-      ..281cf728
-      ..157781c0
-      ..d96639d2
-      ..3ff28de6
+      ..eb1a6f1e
+      ..083c1393
+      ..1db79ac6
+      ..be1ebf35
+      ..e553c9d0
-      ..81f600af
+      ..24c6bfea
+      ..513f81a0
+      ..7c31876b
+      ..52fc66dc
+      ..b0286dea
+      ..f171e077
+      ..be1ebf35
-      ..b1da230e
-      ..df72ee3e
-      ..b1148407
-      ..fceebf44
-      ..462194cb
-      ..24d9aa9c
-..02bab92a
-      ..afd76fc7
+      ..fedf3973
+      ..e553c9d0
-      ..81f600af
+      ..24c6bfea
+      ..513f81a0
+      ..f67fa022
+      ..52fc66dc
+      ..b0286dea
+      ..f171e077
+      ..be1ebf35
-      ..e0831d1a
-      ..e49c9c0c
-      ..bd8ce4f1
-      ..157781c0
-      ..d96639d2
-      ..3ff28de6
+      ..a9aae446
+      ..f8d13c2a
+      ..be1ebf35
-      ..e0831d1a
-      ..48bb06e6
-      ..1e95f340
-      ..648f41a3
-      ..157781c0
-      ..d96639d2
-      ..3ff28de6
+      ..d97bcf0a
+      ..083c1393
+      ..4be64e0c
+      ..be1ebf35
-      ..e0831d1a
-      ..c115bc67
-      ..1e95f340
-      ..281cf728
-      ..71d4e17a
-      ..5ba412c8
-      ..157781c0
-      ..d96639d2
-      ..3ff28de6
+      ..2fe90da5
+      ..083c1393
+      ..e51328fd
+      ..15943080
+      ..f2ba1b07
+      ..be1ebf35
-      ..e0831d1a
-      ..8dd1d25b
-      ..157781c0
-      ..d96639d2
-      ..3ff28de6
+      ..c82a25f5
-      ..e0831d1a
-      ..427a0e31
-      ..9973ecd3
-      ..4e2be0bf
-      ..157781c0
-      ..d96639d2
-      ..3ff28de6
+      ..4ac2ae5b
+      ..46fe4414
+      ..4fadf900
+      ..fa86bf1e
+      ..616330e9
+      ..c7dda80e
-      ..e0831d1a
-      ..333b6a28
-      ..69610b45
-      ..bfd36776
-      ..f181e833
-      ..157781c0
-      ..d96639d2
-      ..3ff28de6
+      ..844ca7e9
+      ..732fec6d
+      ..91a34247
+      ..5bec4d0a
+      ..be1ebf35
-      ..e0831d1a
-      ..7a7b3009
-      ..022fa9bb
-      ..157781c0
-      ..d96639d2
-      ..3ff28de6
+      ..84bbf7f1
+      ..e6f0f1fa
+      ..be1ebf35
-      ..48915286
-      ..fafe15b9
-      ..089a7570
-      ..fecc7e2a
-      ..c06f07b2
-      ..0e2ec9a3
-      ..3346f7e7
-      ..faa07163
+      ..9776b3a6
+      ..57227127
-      ..30cc67ce
-      ..6da89895
+      ..6ec3bb34
-      ..f0e33311
-      ..75c71815
-      ..a25e88ee
-..02bab92a
-use En..f535b611
-use En..bcad97ee
-use Il..40016642
-use Il..f7568d8e
+use En..e2ad87ed
+use En..4e48f2fe
-    us..5481d2e5
+    us..cec47388
+use En..f1806f15
-    us..f892886f
+    us..ba9c6628
-use En..f535b611
+use En..e2ad87ed
-    us..d1149b2e
+    us..238a2a1d
-use En..f535b611
+use En..e2ad87ed
-    us..d1149b2e
+    us..238a2a1d
-use En..bcad97ee
+use En..4e48f2fe
-    //..f836d674
+    //..3105d4a1
-use En..6d46e0e3
-use En..f535b611
+use En..e2ad87ed
-use Il..46372d77
-    us..2601f50c
+    us..b2d16e47
-use En..f535b611
+use En..e2ad87ed
-    us..2601f50c
+    us..b2d16e47
-use En..f535b611
+use En..e2ad87ed
-    us..2601f50c
+    us..b2d16e47
-use En..f535b611
+use En..e2ad87ed
-    us..2601f50c
+    us..b2d16e47
-use En..f535b611
+use En..e2ad87ed
-    us..9b820653
+    us..3ae49891
-use En..f535b611
+use En..e2ad87ed
-    us..2601f50c
+    us..b2d16e47
-use En..f535b611
+use En..e2ad87ed
-    us..2601f50c
+    us..b2d16e47
-use En..f535b611
+use En..e2ad87ed
-    us..2601f50c
+    us..b2d16e47
-use En..f535b611
+use En..e2ad87ed
-    us..2601f50c
+    us..b2d16e47
-use En..f535b611
+use En..e2ad87ed
-    us..2601f50c
+    us..b2d16e47
-use En..f535b611
+use En..e2ad87ed
-    us..2601f50c
+    us..b2d16e47
+use En..8f2f7e9e
+use En..8f50a4e4
-    pr..a3be95cf
-    pr..799ade35
+    pr..75f33d62
+    pr..d6eded1f
-     *..ebe90cc0
-     *..da9518fd
+     *..ed2c135b
+     *..3927f8c2
-    pu..7698f3de
+    pu..a255b235
-      ..7f028d32
-      ..88329f7e
+      ..9e5ab9d9
+      ..bb2857be
-      ..55553d30
+      ..5ebf9cf7
+..e1595ca4
+      ..11b7cdef
-      ..594ff221
-      ..e6a170a7
-      ..f79a0b8e
+      ..5de56e11
+      ..aa77a2fe
+      ..594ca8d2
+      ..a49d921c
+      ..d8d669ac
+      ..484e8f45
-      ..d8bf5d39
+      ..659893ea
-      ..bdfa9442
-      ..81633b65
-      ..0654ce7f
-      ..c24c378c
-      ..9a41c4b5
-      ..64a6a3b3
-      ..ac92a7cb
-      ..9870119d
+      ..7ea5b441
+      ..cc3288f5
+      ..f5c0d489
+      ..b9cb7717
+      ..64feb6e7
+      ..6dbc43b5
+      ..a49d921c
-      ..28c40614
-      ..fddb6afd
+      ..a4f249f2
+      ..eeda0f4f
-      ..bdfa9442
-      ..b674040c
-      ..fd68b135
-      ..c24c378c
-      ..9a41c4b5
-      ..4c100c71
-      ..64a6a3b3
-      ..ac92a7cb
-      ..9870119d
-..02bab92a
-      ..28c40614
-      ..fddb6afd
+      ..7ea5b441
+      ..cc3288f5
+      ..2e862550
+      ..95513308
+      ..64feb6e7
+      ..94dabebf
+      ..0af5261f
+      ..a49d921c
+      ..a4f249f2
+      ..eeda0f4f
--- /de..d35046f7
+<?php..8968fc1c
+..e1595ca4
+namesp..dfaff5a2
+..e1595ca4
+..e1595ca4
+trait ..d7663c50
+{..d85d7cda
+    /*..27d5b6cd
+     *..c2b5cbdc
+     *..b52b51c1
+     *..0828e32b
+     *..f11b7266
+     *..e46da1a5
+     *..1a7f276f
+     *..39b41be0
+    pu..5fb1b923
+    {..81df7fa2
+      ..8b15701e
+      ..00361bd9
+..e1595ca4
+      ..b75db80c
+      ..a05d130d
+      ..e51245b3
+      ..e01ed4d3
+      ..73c67c0e
+      ..500db939
+      ..30735677
+..e1595ca4
+      ..eb623aef
+    }..9e02d25c
+..e1595ca4
+    /*..27d5b6cd
+     *..01812198
+     *..c72bd0ca
+     *..0828e32b
+     *..6c2f071a
+     *..fea1ad50
+     *..0d932300
+     *..39b41be0
+    pu..9fe5e693
+    {..81df7fa2
+      ..4ec23653
+      ..b42a9068
+    }..9e02d25c
+..e1595ca4
+    pu..7e2aafa3
+    {..81df7fa2
+      ..4ec23653
+      ..0c687dcd
+      ..a05d130d
+      ..3337145c
+      ..c52d9a62
+      ..20f6ba4f
+      ..d04ead5e
+      ..3c3c53c7
+      ..20f6ba4f
+      ..30735677
+    }..9e02d25c
+..e1595ca4
+    /*..27d5b6cd
+     *..ed189319
+     *..cc1d9393
+     *..0828e32b
+     *..022accdc
+     *..e46da1a5
+     *..f11b7266
+     *..1a7f276f
+     *..39b41be0
+    pu..af373ce8
+    {..81df7fa2
+      ..4e906953
+      ..b5d4adf0
+      ..5b4910ba
+      ..fc4ebfb2
+      ..e8d2fb54
+      ..fb97dd5a
+..e1595ca4
+      ..4deef856
+      ..151f1116
+      ..30735677
+      ..50fc230f
+    }..9e02d25c
+..e1595ca4
+    /*..27d5b6cd
+     *..57027d1a
+     *..b8cc7b75
+     *..cc1d9393
+     *..0828e32b
+     *..a07badf9
+     *..39b41be0
+    pu..c9522faf
+    {..81df7fa2
+      ..a4df71ed
+      ..0d0b98ce
+      ..b9ee509b
+      ..23928a90
+      ..30735677
+      ..35bd763c
+    }..9e02d25c
+..e1595ca4
+    /*..27d5b6cd
+     *..44c3856f
+     *..036ae1fd
+     *..022accdc
+     *..9f9d3c4f
+     *..d58cf937
+     *..39b41be0
+    fu..a836dc0d
+      ..e0c7d7f4
+      ..24fc1015
+      ..f71843da
+      ..5d1dab9f
+      ..30735677
+..e1595ca4
+      ..50fc230f
+    }..9e02d25c
+..e1595ca4
+    /*..27d5b6cd
+     *..f80de2ee
+     *..9de20029
+     *..d023240e
+     *..d58cf937
+     *..39b41be0
+    fu..641b51fe
+      ..9cefc239
+      ..9cfef06b
+    }..9e02d25c
+}..af3b1fa2
+++ /de..9cef682d
-<?php..b6bf7b63
-..02bab92a
-namesp..caedbc96
-..02bab92a
-..02bab92a
-trait ..01c4ffac
-{..be1ff667
-    /*..28468e50
-     *..135ce6b8
-     *..096c3069
-     *..7d0b39f0
-     *..2d99e491
-     *..2b15cda8
-     *..f8c8f690
-     *..ad4bd922
-    pu..005f3a57
-    {..852c4354
-      ..af4e4510
-      ..1a8ca7a9
-..02bab92a
-      ..7ed0ef79
-      ..27156cce
-      ..7d429741
-      ..f9f53bb6
-      ..69d9b69b
-      ..913e2a99
-      ..14ec4b27
-..02bab92a
-      ..c42b0cbd
-    }..a0bb0e2c
-..02bab92a
-    /*..28468e50
-     *..dc7eeb2e
-     *..a3eb90c5
-     *..7d0b39f0
-     *..e7d629ee
-     *..177ca9d8
-     *..0a50f03a
-     *..ad4bd922
-    pu..fc122f38
-    {..852c4354
-      ..2fb89f64
-      ..3ec63402
-    }..a0bb0e2c
-..02bab92a
-    pu..8e766a16
-    {..852c4354
-      ..2fb89f64
-      ..0d4843d3
-      ..27156cce
-      ..9ea0a135
-      ..b3c4b16a
-      ..8ea9dc8e
-      ..f3f74034
-      ..6e242756
-      ..8ea9dc8e
-      ..14ec4b27
-    }..a0bb0e2c
-..02bab92a
-    /*..28468e50
-     *..9a0e6360
-     *..6fcbe993
-     *..7d0b39f0
-     *..ad0eeaf0
-     *..2b15cda8
-     *..2d99e491
-     *..f8c8f690
-     *..ad4bd922
-    pu..3c343002
-    {..852c4354
-      ..4ba2ae25
-      ..e30c2892
-      ..604a40b9
-      ..ad7b4d5c
-      ..c0d1b245
-      ..eed071df
-..02bab92a
-      ..8ef78f74
-      ..c85fedc3
-      ..14ec4b27
-      ..616c7224
-    }..a0bb0e2c
-..02bab92a
-    /*..28468e50
-     *..f1078a9d
-     *..c90fe938
-     *..6fcbe993
-     *..7d0b39f0
-     *..b6f818d3
-     *..ad4bd922
-    pu..f13d5226
-    {..852c4354
-      ..2fcded75
-      ..91afded0
-      ..98dac3d5
-      ..21ddd4df
-      ..14ec4b27
-      ..fbf66f18
-    }..a0bb0e2c
-..02bab92a
-    /*..28468e50
-     *..f280ed36
-     *..9ccf6ef3
-     *..ad0eeaf0
-     *..e393989e
-     *..4c404400
-     *..ad4bd922
-    fu..1c1534e6
-      ..983dd7b2
-      ..ffc550f4
-      ..989c69a3
-      ..0fbba9c1
-      ..14ec4b27
-..02bab92a
-      ..616c7224
-    }..a0bb0e2c
-..02bab92a
-    /*..28468e50
-     *..dfea9b5b
-     *..8bc6ab89
-     *..872a30c0
-     *..4c404400
-     *..ad4bd922
-    fu..1644700e
-      ..7327d697
-      ..5e6b747d
-    }..a0bb0e2c
-}..32b81b1d
--- /de..d35046f7
+<?php..8968fc1c
+..e1595ca4
+namesp..dfaff5a2
+..e1595ca4
+use En..3892242c
+use En..e2a0c44b
+use Il..81381d18
+use En..83e3590e
+use En..8f0de204
+..e1595ca4
+trait ..81901813
+{..d85d7cda
+    /*..27d5b6cd
+     *..e429b9b6
+     *..304961c6
+     *..6a87b8a9
+     *..110be16c
+     *..39b41be0
+    pr..a7831adf
+    {..81df7fa2
+      ..20153898
+      ..ce42945e
+      ..a05d130d
+      ..e8b18f81
+      ..f7105b92
+      ..2642c316
+      ..8c97e4b7
+      ..0152f7f3
+      ..a7724813
+      ..9799b994
+      ..df469387
+      ..d6503e72
+      ..c5ea7426
+      ..ec94ea28
+      ..17b377d4
+      ..e302ec19
+      ..2e1f8bff
+      ..f9aefa6e
+      ..99f157e0
+      ..562e8be8
+      ..494aaeb6
+      ..ce6d079b
+      ..2b75d4e5
+      ..f7968105
+      ..fc7c1e2a
+      ..8c5773e7
+      ..09919e48
+      ..57e0e371
+      ..fa1764bd
+      ..65f30575
+      ..20f6ba4f
+..e1595ca4
+      ..6046061f
+      ..44c8760d
+      ..ec94ea28
+      ..51eae4f8
+      ..fc7c1e2a
+      ..48fb5faf
+      ..09919e48
+      ..57e0e371
+      ..dbe5c9ad
+      ..65f30575
+      ..20f6ba4f
+..e1595ca4
+      ..af936cc1
+      ..355d5a52
+      ..ec94ea28
+      ..51eae4f8
+..e1595ca4
+      ..6fd5dfff
+      ..6841bb31
+      ..d1dcaa76
+      ..ccb1ac14
+      ..44a72d34
+      ..3b063f25
+..e1595ca4
+      ..787f5e2a
+      ..2cef65f3
+      ..a01d099c
+      ..39f1d87c
+      ..0364f4af
+      ..f45ea8a9
+      ..c7dda80e
+      ..fc7c1e2a
+      ..46364415
+      ..09919e48
+      ..57e0e371
+      ..4b272cd1
+      ..65f30575
+      ..20f6ba4f
+..e1595ca4
+      ..9d1c1e9e
+      ..44c8760d
+      ..ec94ea28
+      ..51eae4f8
+      ..fc7c1e2a
+      ..e867dccc
+      ..09919e48
+      ..57e0e371
+      ..46176434
+      ..65f30575
+      ..20f6ba4f
+      ..30735677
+..e1595ca4
+      ..df934f78
+    }..9e02d25c
+}..af3b1fa2
+++ /de..9cef682d
-<?php..b6bf7b63
-..02bab92a
-namesp..caedbc96
-..02bab92a
-use En..d0b4a351
-use En..cc86fafd
-use Il..a3999e59
-use En..ec514dbd
-use En..7b847cb0
-..02bab92a
-trait ..d8724e33
-{..be1ff667
-    /*..28468e50
-     *..9919298e
-     *..8701444b
-     *..68d9fe49
-     *..c798cbd1
-     *..ad4bd922
-    pr..ed40b2b6
-    {..852c4354
-      ..abae45ed
-      ..a5619147
-      ..27156cce
-      ..361d38d7
-      ..2a101aa5
-      ..e7645227
-      ..8c3b8d18
-      ..fdddbd6d
-      ..bf5a488b
-      ..5850c8bb
-      ..701b9a3b
-      ..1599297c
-      ..d82ba452
-      ..c06f07b2
-      ..a9de371d
-      ..37b43646
-      ..f2e309b4
-      ..e08c86b9
-      ..fb3a83ce
-      ..e1287bf6
-      ..b20b2927
-      ..1326afba
-      ..ec0190a1
-      ..cf80da45
-      ..fa7afd29
-      ..fa4e6c09
-      ..9333240f
-      ..8bdd3d38
-      ..17a0cece
-      ..faa07163
-      ..8ea9dc8e
-..02bab92a
-      ..a71bf69a
-      ..933666d0
-      ..c06f07b2
-      ..703707b8
-      ..fa7afd29
-      ..1571b704
-      ..9333240f
-      ..8bdd3d38
-      ..f78cc939
-      ..faa07163
-      ..8ea9dc8e
-..02bab92a
-      ..9103df4a
-      ..9286ed8f
-      ..c06f07b2
-      ..703707b8
-..02bab92a
-      ..f967c92c
-      ..93856e68
-      ..b35c9b48
-      ..95abe734
-      ..e368c6c9
-      ..8105811f
-..02bab92a
-      ..d8aa8d3a
-      ..274e1ec2
-      ..dd469347
-      ..0f62d6a2
-      ..683d9875
-      ..ee44aae1
-      ..c32cf32b
-      ..fa7afd29
-      ..9daec041
-      ..9333240f
-      ..8bdd3d38
-      ..a7f59d17
-      ..faa07163
-      ..8ea9dc8e
-..02bab92a
-      ..514957bd
-      ..933666d0
-      ..c06f07b2
-      ..703707b8
-      ..fa7afd29
-      ..26506ab0
-      ..9333240f
-      ..8bdd3d38
-      ..f4721d39
-      ..faa07163
-      ..8ea9dc8e
-      ..14ec4b27
-..02bab92a
-      ..bf33c968
-    }..a0bb0e2c
-}..32b81b1d
--- /de..d35046f7
+<?php..8968fc1c
+..e1595ca4
+namesp..dfaff5a2
+..e1595ca4
+use En..8f2f7e9e
+use En..b6bb18fa
+use En..50e75e3f
+use En..f76e8aff
+..e1595ca4
+trait ..1e0cb377
+{..d85d7cda
+    /*..27d5b6cd
+     *..b0ccfbcf
+     *..71bf76ef
+     *..63c77009
+     *..5e28fe01
+     *..b0c03eb5
+     *..a6db352c
+     *..2cc2eaf1
+     *..2c202270
+     *..39b41be0
+    pu..a20a0fc1
+      ..227b43e6
+      ..321de37b
+      ..7b591f08
+      ..f8636224
+      ..70922229
+      ..bbc94f66
+      ..0aa354bb
+      ..c6fc8afc
+..e1595ca4
+      ..1ad54af8
+    }..9e02d25c
+..e1595ca4
+    /*..27d5b6cd
+     *..bbff3a40
+     *..937ac96d
+     *..7992ddb4
+     *..9210191a
+     *..39b41be0
+    pu..6dad9f5b
+..e1595ca4
+      ..c975c98a
+      ..45da330d
+..e1595ca4
+      ..b9972e76
+      ..3aff0ffe
+      ..82ddfd88
+      ..9cdadd6b
+      ..a06d4fd2
+      ..16120648
+      ..6e11f3a5
+      ..5b72ef4a
+      ..8a4228e1
+      ..e672bafb
+      ..228cba9b
+      ..eeda0f4f
+      ..30735677
+..e1595ca4
+      ..bfe9fdd0
+      ..911e87e7
+      ..89cf30f5
+      ..30735677
+..e1595ca4
+      ..7b7425bb
+      ..d6fe1ba1
+..e1595ca4
+      ..d3ff4ec9
+      ..bf371087
+..e1595ca4
+      ..86dd2331
+      ..12a74cdd
+..e1595ca4
+      ..4c1fd6a1
+    }..9e02d25c
+}..af3b1fa2