-      ..8e2b72b1
+      ..6fa81d18
-      ..dbbd6138
-      ..a39d349d
-      ..c0443f4d
+      ..927b1c47
+      ..0874f680
+      ..50d3e079
+      ..50c93fb2
+      ..53f2d186
+      ..7263db0a
+      ..5eca7b8f
+..c5769a73
-    pu..c1ffe5df
+    pu..1a5dc3c8
+..c5769a73
+      ..083909d5
+      ..b0bb6ee7
+use Sp..8573c86b
-      ..d53bae6e
+      ..980d9d13
+      ..4c30d013
+      ..ac3c2976
+      ..2c07dc7a
+      ..3cc01377
+      ..3a58ad0e
+      ..ac82556f
+      ..d3d50ab5
+      ..ef60aa10
+      ..efa1961a