+use En..6756a472
-      ..5b6f716a
-      ..be0eae1e
-      ..e454120a
-..4ddce221
-      ..eb9e13a1
+      ..a5153806
+      ..5b73ac03
+      ..246f8d0d
-      ..f74887a2
-      ..27ea666e
-      ..691b636b
+      ..df4f52da
+      ..a89f998c
+      ..f1c7f349
+      ..ad37d4dc
+      ..e59df370
+      ..1af4a6b6
+      ..b2d7f6d3
-      ..b4232e78
+      ..603dafce
+      ..5ee083a9
+      ..c0703e50
+      ..af16d178
+      ..9e6864cd
+      ..65de1ce4
-      ..957ec30b
-      ..9572e921
-      ..d95ec035
-      ..cd397926
-      ..8eec9759
-      ..62381777
-      ..7334f57c
-      ..1268961d
+      ..9a601af8
+      ..6366a602
+      ..65de1ce4
-      ..9dfe7cac
-      ..52b48401
-      ..ea5bb7e3
+      ..11680df6
+      ..3828ed2b
-      ..ef5f6ba2
+      ..efccd738
+      ..073f216e
+      ..9c20315d
+      ..42814952
+      ..2a2ee8d2
+      ..fcfd1060
+      ..a52f8728
+      ..df2820d0
+      ..2fbfea89
+      ..31cee0c1
+      ..496ed2cc
+      ..82b1306d
+      ..35c158bf
+      ..7fc96fd1
+      ..c664f3bf
+      ..73aa87aa
+      ..d9fc4ca4
+      ..c664f3bf
+      ..31d70d33
+      ..7400fe82
+      ..c664f3bf
+      ..e00f074c
+      ..674e1d05
+      ..c664f3bf
+      ..1fb9d1d8
+      ..03bd0234
+      ..c664f3bf
+      ..f93e8d1d
+      ..0e943570
+      ..c664f3bf
+      ..e4bc7657
+      ..887120a0
+      ..c664f3bf
+      ..cd9c261d
+      ..df6ea24f
+      ..c664f3bf
+      ..b3ff1194
+      ..e19a8538
+      ..c664f3bf
+      ..553135e5
+      ..f996c000
+      ..c664f3bf
+      ..cdf91f4c
+      ..65de1ce4
-      ..2cf90a59
-      ..3d83129f
-      ..27d8fe9c
+      ..ab7d2989
+..b970f2c5
+      ..ec1cb90c
--- /de..2c2a0480
+<?php..87f80453
+..b970f2c5
+use Il..c9f89ad6
+use Il..6ea253e1
+use En..def71559
+..b970f2c5
+class ..3deb1825
+{..852fef81
+    /*..9ae69753
+     *..4ad67253
+     *..622b66dd
+     *..67d568aa
+     *..6f477ef7
+    pu..e6473c62
+    {..0ca6b250
+      ..c854b824
+      ..56a3aeb5
+      ..97d75741
+      ..ffff8842
+      ..1f27c7e4
+      ..afc0ca57
+      ..c793373f
+      ..a74ed1fd
+    }..42468759
+}..24831be7
--- /de..2c2a0480
+INSERT..a05be2dc
+VALUES..b56283b6
+	('288..f2077ec6
+	('380..d73150ed
+	('380..c4f7b4ac
+	('700..99a0bfe9