+use En..251884c6
+use Il..32f4c555
+use Il..e6af05e1
-      ..857821aa
+      ..1211e71f
-      ..e685a733
+      ..a2ea928d
+      ..cafbb46c
+      ..52e824a2
+..2b4473ae
+      ..d5ab576e
-      ..a518f6cb
-      ..0a262cf8
+      ..8dc632ad
-      ..287f4fd7
-      ..57917bca
+..2b4473ae
+      ..d923fdee
+      ..d28a1039
+..2b4473ae
+      ..4f09167c
+      ..f61122d4
+      ..216c224b
+      ..cb62558e
+      ..ee3f8fc4
+..2b4473ae
+      ..bd258fac
+      ..a6aed2cd
+      ..93f65a64
+      ..32a29ce6
+      ..670bb5bf
+      ..c31f69aa
+      ..be6ac0eb
+      ..ee3f8fc4
+      ..c09139c8
+      ..02e71dc6
+      ..ee3f8fc4
+..2b4473ae