-      ..dcc59c15
+      ..497f862d
-      ..898a681b
+      ..8f434487
-      ..2de5fe32
+      ..68e5c3c1
-			$ta..22598d16
-			$ta..826dfa0b
-			$ta..ab5ad5a7
-			$ta..7d3cf5f6
+			$ta..2a81321d
+			$ta..89133cf4
+			$ta..7736f15e
+			$ta..04383ff4
-use Il..e33426af
-    pr..a5eab917
+    pr..b3d776bf
+    pr..b32b8891
+    pr..5587bdaa
-     *..fd3fb970
+     *..476eb84e
+     *..f726b18d
+     *..1f849901
-    pu..cb99cfa7
+    pu..67c9ada9
-      ..8fbc7599
+      ..e41f7fa8
+      ..f7548617
+      ..3df47377
-      ..5fc734ba
-      ..a0701bef
+      ..7c57e02f
+      ..d4b0ba06
-      ..e77b62b8
+      ..ea3848fb
-use Il..e33426af
-    pr..a5eab917
+    pr..b32b8891
+    pr..5587bdaa
-     *..fd3fb970
+     *..f726b18d
+     *..1f849901
-    pu..cb99cfa7
+    pu..38c2118d
-      ..8fbc7599
+      ..f7548617
+      ..3df47377
-      ..a0701bef
+      ..d4b0ba06
-      ..e77b62b8
+      ..ea3848fb