+      ..c8c18e64
+      ..33e4def1
+      ..9b31d1e6
+      ..0aec56c8
+..317e3a5b
--- /de..7bab7d92
+<?php..5eaa69dd
+..317e3a5b
+namesp..413213bd
+..317e3a5b
+use En..f8ef054b
+use Il..192fe422
+use Il..d149ad70
+..317e3a5b
+class ..206ea74e
+{..583aa785
+    pr..ce692689
+    {..5557b186
+      ..7fd9ebf6
+      ..5bfa6919
+      ..fb576adc
+      ..eee32a86
+      ..88161eb6
+      ..a9df168e
+      ..21155b4e
+      ..f7a4147e
+      ..0ad4152d
+      ..1185de27
+      ..e18aeee4
+      ..4d57da20
+      ..107574d8
+      ..c28e3ceb
+    }..880d07af
+..317e3a5b
+    /*..9566d758
+     *..4e37bd36
+     *..03e4f99e
+     *..47a29b29
+     *..4ba9524a
+    pr..aa556fdb
+..317e3a5b
+    /*..9566d758
+     *..6dd7d52c
+     *..03e4f99e
+     *..47a29b29
+     *..4ba9524a
+    pr..d8ac6c59
+..317e3a5b
+    /*..9566d758
+     *..3c22f6ce
+     *..03e4f99e
+     *..6fc11761
+     *..4ba9524a
+    pu..0e7bfed5
+    {..5557b186
+      ..0c2fad8d
+    }..880d07af
+..317e3a5b
+    /*..9566d758
+     *..ff6a26d4
+     *..03e4f99e
+     *..eb5f6b29
+     *..4ba9524a
+    pu..46e4a1f9
+    {..5557b186
+      ..6568576c
+..317e3a5b
+      ..991e1c92
+      ..5f88d685
+      ..4a289224
+      ..a60ee993
+      ..8cb1257a
+      ..5de640cc
+      ..6b525d88
+      ..33745e8a
+      ..aa777874
+      ..eb3e3985
+      ..997116ee
+      ..bc3c2dfc
+      ..4f7a4da8
+      ..054327f6
+      ..997116ee
+      ..58c15a8e
+      ..07e06b35
+    }..880d07af
+}..34d30056
-      ..662e4612
+      ..7401375f
+      ..1f9025c4
+use Il..c8c9898a
+      ..1f4b1c48
+..317e3a5b