+    /*..9566d758
+     *..7f1d394d
+     *..82960237
+     *..cf0eae47
+     *..4ba9524a
+    pu..3876143c
+    {..5557b186
+      ..04c0daad
+    }..880d07af
+..317e3a5b
-      ..996da705
+      ..835ad5c6
+      ..47e7fd47
+      ..deaf7012
+      ..6c480f27
+			   ..79c60428
+      ..ade8f892
+      ..50518d8a
+      ..996a0d34
-      ..78593ea3
-      ..67412b53
-..1d747b16
+      ..61f51663
+      ..6115b5f0
+      ..b98301ef
+..317e3a5b
+      ..ce83e057
+      ..6fdec909
-      ..bf329baa
-      ..89cbbf70
-      ..91209e88
+      ..564981f9
+      ..14cf75b5
+      ..fa518ecd
+      ..0240ebff
+      ..25af9da2
+      ..6c480f27
+      ..2d7d7a8e
+      ..ade8f892
+      ..50518d8a
+      ..c6785f38
-..1d747b16
-..1d747b16
-      ..e8bead20
-      ..61c8db3a
+      ..6115b5f0
+      ..6be5acf7
+..317e3a5b
+      ..33f40466
+      ..8d5a415a
+      ..ce83e057
+      ..db156718
+      ..f8e0fb98
+      ..e015373e
-      ..89cbbf70
+      ..51b0f967
+      ..a9cff696
+use En..47adbf95
+use En..beb623d0
-use Il..0ba4f282
+use Il..ccafb578
-    us..74941e73
+    us..aaa25c36
+      ..22d0aef7
-..1d747b16
-      ..26a73c17
-      ..46a9dc9d
-      ..b7db72bd
+..317e3a5b
+      ..a2b57af0
+      ..1d9b189e
-      ..76d297ec
-      ..534c3bea
-..1d747b16
-      ..0a8281f0
-      ..1eab7872
-      ..6d4b3407
+      ..c90eacd9
+      ..bdbeb90f
+      ..5c544fa4
+      ..e93d766a
+      ..861ee7d4
+..317e3a5b
+      ..f163abac
-      ..63d38d13
+      ..ee2e2b14
+      ..3a131a94
+      ..41d36e4b
+      ..e93d766a
+      ..df622aa6
+..317e3a5b
+      ..16d095f3
+      ..63ee96df
+      ..2ce1dea2
+      ..12adf19d
-      ..fa6e384d
-      ..7f146199
-      ..9bb7270f
+      ..3b34a460
+      ..99513d08
+      ..60f34544
+      ..3311609d
+      ..03a40bb7
+      ..731d5fee
+      ..9631076f
+      ..dea18fda
+      ..30d98aa2
+      ..22bed975
+      ..a558ea09
+      ..e93d766a
+..317e3a5b
+      ..af8eb44d
+      ..85e07ab4
+..317e3a5b
+      ..25a65762
+..317e3a5b
+      ..465576db
+      ..7cfd744d
+      ..bed3ec76
+      ..f62a1a80
+      ..93a01565
+      ..cddf22f3
+      ..e93d766a
+      ..4378339b
+      ..7b25aebe
+      ..de53c929
-      ..69ab3de6
+      ..f62a1a80
+     *..4ad7d97b
+     *..00a409ff
+     *..4ba9524a
+    pu..0014981d
+      ..ac393e5f
+    }..880d07af
+..317e3a5b
+    /*..9566d758
+     *..00a409ff
+     *..93542bcb
-    pu..c4499780
+    pu..8ed26e92
+      ..975d8f21
+      ..95c42df9
+..317e3a5b
-      ..0aa7f9ac
+      ..709e8cc6
-      ..873b17a9
+      ..8434cdd3