+      ..c786f56a
+      ..794808cf
+      ..2a752d68
-      ..a14cb205
+      ..2b65c4ba
-    co..20e1d3c8
+    co..92d40e9a
+    co..0c0216f1
+use En..62c7458f
+use En..2f7524ee
+      ..5a9c1dbc
+      ..8b35ce43
+      ..706de9b8
+      ..6115b5f0
+      ..73cbbf40
+      ..218a82d5
+      ..d761686e
+      ..4676349d
+      ..2b72089c
+      ..6115b5f0
+      ..f03c1123
+      ..218a82d5
-      ..de0a6b20
+      ..6a146430
+      ..a805fa54
+      ..3f80318f
+      ..5ebb8637
+      ..5a9c1dbc
+      ..d761686e
+      ..551a10cb
+      ..4e059310
+      ..73e9f96d
+      ..bf525578
+      ..997116ee
+..317e3a5b
+..317e3a5b
+      ..4a5d6fe4
+      ..88fc072f
+      ..d94ebc3b
+      ..7b25aebe
+..317e3a5b
-      ..e2e73070
+      ..737aef9d
+      ..b53061cf
+      ..37f11a0e
+..317e3a5b
+      ..d60e05db
+      ..4a5d6fe4
+      ..88fc072f
+      ..d94ebc3b
+      ..7b25aebe
+..317e3a5b
+      ..b53061cf
+      ..37f11a0e
+..317e3a5b
--- /de..7bab7d92
+<?php..5eaa69dd
+..317e3a5b
+namesp..0193236f
+..317e3a5b
+use En..25f2abf7
+use En..f253b14d
+use En..f8ef054b
+use En..a4a4c212
+use En..b49a78b2
+use En..f9f452b8
+use En..82695740
+use En..75276100
+use En..d635ad8c
+use Gr..324b0210
+use Gr..919e10ed
+use Fo..920341f0
+use Il..29e83ec1
+use Il..d149ad70
+use Il..28bd96e8
+..317e3a5b
+class ..8cc92a03
+{..583aa785
+    us..045d2e6a
+..317e3a5b
+    pr..af5dc072
+      ..9abec188
+      ..f4c3c745
+    ];..83c486e1
+..317e3a5b
+    /*..7faffbf4
+    * ..e48e74b6
+    * ..2cec3453
+    */..8cc83d80
+    pr..5b55a945
+..317e3a5b
+    pu..978d2efe
+    {..5557b186
+      ..2c7f2b62
+      ..a648d396
+      ..efd68dbf
+      ..abfe64d0
+      ..3903a60a
+      ..5f746b38
+      ..2383088e
+    }..880d07af
+..317e3a5b
+    //..3ed07a06
+    /*..9566d758
+     *..3c762499
+     *..1a64c747
+     *..4ba9524a
+    fu..b26c077f
+    {..5557b186
+      ..7ddddb1c
+    }..880d07af
+..317e3a5b
+    /*..9566d758
+     *..065a2be2
+     *..1a64c747
+     *..4ba9524a
+    pu..6bfd163c
+    {..5557b186
+      ..cd232100
+..317e3a5b
+      ..0a94fdf8
+      ..31650908
+      ..2383088e
+..317e3a5b
+      ..fdb25c9e
+..317e3a5b
+      ..8b6ef4a6
+      ..203ada0d
+..317e3a5b
+      ..f2a9f056
+      ..41c5a239
+..317e3a5b
+      ..8262c158
+      ..800c9905
+    }..880d07af
+..317e3a5b
+    /*..9566d758
+     *..a57fe4ee
+     *..10d99fbe
+     *..4ba9524a
+    pu..65602788
+    {..5557b186
+      ..bd9d076e
+    }..880d07af
+..317e3a5b
+    /*..9566d758
+     *..b98815f1
+     *..604f9672
+     *..8c54309c
+     *..fc3b9833
+     *..4ba9524a
+    fu..fde9797a
+    {..5557b186
+      ..63d06070
+      ..6c8d5894
+      ..0fe05210
+      ..b920c950
+      ..f8f465eb
+      ..1f783230
+      ..32866a9d
+      ..4e088b04
+      ..468550cd
+      ..3a65dd65
+..317e3a5b
+      ..a32576b9
+    }..880d07af
+..317e3a5b
+..317e3a5b
+}..34d30056
--- /de..7bab7d92
+<?php..5eaa69dd
+..317e3a5b
+namesp..0193236f
+..317e3a5b
+use En..25f2abf7
+use En..f253b14d
+use En..f8ef054b
+use En..a4a4c212
+use En..b49a78b2
+use En..f9f452b8
+use En..82695740
+use En..75276100
+use En..d635ad8c
+use Gr..324b0210
+use Gr..919e10ed
+use Fo..920341f0
+use Il..29e83ec1
+use Il..d149ad70
+use Il..28bd96e8
+..317e3a5b
+class ..bbac97f9
+{..583aa785
+    us..045d2e6a
+..317e3a5b
+    pr..af5dc072
+      ..c64d14af
+      ..3452e0ef
+    ];..83c486e1
+..317e3a5b
+    /*..7faffbf4
+    * ..e48e74b6
+    * ..2cec3453
+    */..8cc83d80
+    pr..5b55a945
+..317e3a5b
+    pu..978d2efe
+    {..5557b186
+      ..2c7f2b62
+      ..2756f4ec
+      ..1bd574d7
+      ..da42ec87
+      ..2aaec353
+      ..1b843c10
+      ..d3d62623
+      ..de53c929
+      ..77e5b285
+      ..da42ec87
+      ..fcb2117e
+      ..1b843c10
+      ..d3d62623
+      ..de53c929
+      ..abbb1495
+      ..efd68dbf
+      ..95cf64f5
+      ..3ee7ef8f
+      ..67d0abf2
+      ..de53c929
+      ..e478bb83
+      ..67641494
+      ..2e4f86d1
+      ..42ecb15d
+      ..a4bf049d
+      ..5f746b38
+      ..2383088e
+    }..880d07af
+..317e3a5b
+    //..3ed07a06
+    /*..9566d758
+     *..3c762499
+     *..1a64c747
+     *..4ba9524a
+    fu..b26c077f
+    {..5557b186
+      ..9fed7aad
+    }..880d07af
+..317e3a5b
+    fu..bbb3d28e
+    {..5557b186
+      ..95318746
+      ..7bcf9303
+      ..461c22d1
+    }..880d07af
+..317e3a5b
+    /*..9566d758
+     *..065a2be2
+     *..1a64c747
+     *..4ba9524a
+    pu..6bfd163c
+    {..5557b186
+      ..cd232100
+..317e3a5b
+      ..aad7de16
+      ..c53b63bc
+      ..b0533cd3
+      ..212ac128
+..317e3a5b
+      ..0a94fdf8
+      ..f413ab98
+      ..60f21778
+      ..dcf66906
+      ..91123af1
+      ..2383088e
+..317e3a5b
+      ..ac550ca4
+..317e3a5b
+      ..d29b6449
+      ..684301fc
+      ..b22f899d
+      ..d3ddf51b
+      ..f927d0f6
+      ..a6359a6c
+..317e3a5b
+      ..5e969536
+      ..3584b925
+      ..c9271419
+      ..c9b8a5fb
+      ..b2068be6
+      ..eb3e3985
+      ..997116ee
+..317e3a5b
+      ..ac550ca4
+..317e3a5b
+      ..8b6ef4a6
+      ..88be72eb
+..317e3a5b
+      ..ee1123cf
+..317e3a5b
+      ..41c5a239
+..317e3a5b
+      ..8262c158
+      ..800c9905
+    }..880d07af
+..317e3a5b
+    /*..9566d758
+     *..a57fe4ee
+     *..10d99fbe
+     *..4ba9524a
+    pu..65602788
+    {..5557b186
+      ..bd9d076e
+    }..880d07af
+..317e3a5b
+    /*..9566d758
+     *..b98815f1
+     *..604f9672
+     *..8c54309c
+     *..fc3b9833
+     *..4ba9524a
+    fu..fde9797a
+    {..5557b186
+      ..63d06070
+      ..876e715c
+      ..0fe05210
+      ..b920c950
+      ..f8f465eb
+      ..1f783230
+      ..32866a9d
+      ..4e088b04
+      ..468550cd
+      ..3a65dd65
+..317e3a5b
+      ..a32576b9
+    }..880d07af
+..317e3a5b
+..317e3a5b
+}..34d30056
--- /de..7bab7d92
+<?php..5eaa69dd
+..317e3a5b
+namesp..0193236f
+..317e3a5b
+use En..25f2abf7
+use En..f253b14d
+use En..f8ef054b
+use En..a4a4c212
+use En..b49a78b2
+use En..f9f452b8
+use En..82695740
+use Gr..324b0210
+use Gr..919e10ed
+use Fo..920341f0
+use Il..29e83ec1
+use Il..d149ad70
+use Il..28bd96e8
+..317e3a5b
+..317e3a5b
+class ..7f370605
+{..583aa785
+    pr..af5dc072
+      ..a7a36636
+      ..643733d5
+    ];..83c486e1
+..317e3a5b
+    /*..7faffbf4
+    * ..e48e74b6
+    * ..2cec3453
+    */..8cc83d80
+    pr..5b55a945
+..317e3a5b
+    pu..978d2efe
+    {..5557b186
+      ..2c7f2b62
+      ..2756f4ec
+      ..a9305c94
+      ..efd68dbf
+      ..35375838
+      ..277243db
+      ..de53c929
+      ..c8944020
+      ..67641494
+      ..5c693c3d
+      ..ed45e4e9
+      ..de53c929
+      ..a3817317
+      ..67641494
+      ..5fa4bf80
+      ..41eee122
+      ..5f746b38
+      ..2383088e
+    }..880d07af
+..317e3a5b
+}..34d30056