-      ..e1cbd58c
-      ..538a25d5
+      ..39126ed2
+      ..5c1c279c
-use En..b665cc06
+use En..bb13194a
-use Gr..6c49d09d
-use Fo..b168b310
-use En..42511510
+use Gr..79f9494d
+    //..e80813c3
+    pu..1decab2a
+    {..9f5936bd
+      ..bc60f2ef
+      ..932ef31d
+      ..4af40ebf
+      ..cf25c06a
+      ..eabfa726
+      ..21875c3a
+      ..47aa2744
+..4d08bbe7
+      ..c885e9dd
+    }..d5010bb0
+..4d08bbe7
-      ..ec7a0c07
+      ..fffcb690
+      ..cbc5a1b0
+      ..804e2a03
+      ..89eedccc
+      ..adfcf653
-      ..7460fe76
+      ..b7e9b91c