-    pu..84c2200e
+    pu..f6b4cacf
-      ..995f3a50
+      ..9a1aa2df
-      ..3e957c01
+      ..68a26bf7
-      ..c5137967
+      ..f7092fe6
-      ..9bc0ec88
+      ..5a00c1b9
-      ..ad1fedeb
-      ..71005ac3
+      ..4bb703e4
+      ..bf46d6c8
-    us..0c4297ee
+    us..f9f772d2
-    pu..2b66bf58
+    pu..84402901
-      ..8eb87d6d
+      ..dad118f3
+      ..ffb3fce0
+use En..c4b7229c
-class ..9863a0cd
+class ..4d9b82db
-      ..dd04cc3e
-      ..5f767189
-      ..a6600a74
+      ..35757dfd
+      ..9c0c5a92
+      ..76d48d85
+      ..1e7d71d2
-      ..9a737031
+    /*..0e8ab004
+     *..f59e0de8
+     *..3470154c
+     *..bd5eb9f5
+     *..20408b65
+     *..89829bbf
+     *..c4ef37ef
+     *..502e83d7
+    pu..26f6d441
+    {..4f234314
+      ..ef6dd8d8
+      ..f94b9fab
+    }..a3fbd41e
+..d55bfba3