+      ..6a0a07f1
+..d55bfba3
-..14f73f52
-      ..e4c86b73
-..14f73f52
+      ..531f878b
+..d55bfba3
-..14f73f52
-      ..c5137967
+      ..f1085526
+..d55bfba3
-      ..9bc0ec88
-..14f73f52
+      ..8572b77d
+      ..78bbfb30
+..d55bfba3
-      ..ad1fedeb
-      ..71005ac3
-..14f73f52
-      ..3e2455fc
+      ..53a8b569
+use En..e559a518
+      ..c17af43a
+      ..3351aac3
+..d55bfba3
+use En..b57c0ae9
+use En..f47d11c2
+use En..610ad95a
+..d55bfba3
+      ..6946a61b
+      ..8fdb7510
+      ..7341c76a
+      ..e82e9843
+      ..d1b2895c
+      ..0746b5d6
+      ..217c418c
+      ..ca67f83c
+      ..80b315fb