+/***/ ..538b28f3
+..ca92fcf3
+module..81310c45
+..ca92fcf3
+/***/ ..6cc29111
+/* 3 *..756fb21a
-/* 3 *..de0f86da
-/***/ ..a7661221
-..0826869f
-module..f4824c93
-..0826869f
-/***/ ..6f007ca6
-/* WEB..ff2b3452
+/* WEB..c0d348d6
-/* WEB..7e485ff9
+/* WEB..72a6c3b9
-/* WEB..442c0bbf
+/* WEB..4dfd135e
-window..b892cbdc
+window..214a2359
-/* WEB..2913b5f6
+/* WEB..417f1777
-/* WEB..7e485ff9
+/* WEB..72a6c3b9
+/***/ ..538b28f3
+..ca92fcf3
+module..81310c45
+..ca92fcf3
+/***/ ..6cc29111
+/* 3 *..756fb21a
-/* 3 *..de0f86da
-/***/ ..a7661221
-..0826869f
-module..f4824c93
-..0826869f
-/***/ ..6f007ca6
-/* WEB..ff2b3452
+/* WEB..c0d348d6
-/* WEB..7e485ff9
+/* WEB..72a6c3b9
-/* WEB..442c0bbf
+/* WEB..4dfd135e
-/* har..84d95f3e
-/* har..430ac672
-/* har..6a0bea42
-/* har..9cc79651
-/* har..93669836
-/* har..b84d1e93
-/* har..e6cb1788
-/* har..e26bc4b7
-/* har..b269bc79
+/* har..389867dd
+/* har..0d0654b8
+/* har..1f71c9fa
+/* har..784b385f
+/* har..627b71f8
+/* har..1de4ac2f
+/* har..5d9fed11
+/* har..8b947a2c
+/* har..ac778d95
+/* har..f08c5af7
+/* har..49bfb652
+/* har..6405656c
+/* har..86376046
+/* har..9ba7ecad
+/* har..8e10df5a
+/* har..96dd9afa
+/* har..eb14448f
+/* har..1807792f
+/* har..b53d4f36
+/* har..710149c8
+/* har..c79e415a
+..ca92fcf3
+..ca92fcf3
+..ca92fcf3
+..ca92fcf3
+..ca92fcf3
+..ca92fcf3
-  if (..dc2c5756
+  if (..b6fd089a
-  if (..667f7e46
+  if (..4f86385a
+  path..4db587f8
+  comp..37ed470f
+  name..247920af
+  befo..5cbd892b
+}, {..61625f1d
+  path..398e0e87
+  comp..19130e79
+  name..16124b24
+  befo..5cbd892b
+}, {..61625f1d
+  path..23ea499b
+  comp..e6ab5aed
+  name..03bb3a4b
+  befo..5cbd892b
+}, {..61625f1d
+  path..80125308
+  comp..9ae092a6
+  name..88127b9e
+  befo..5cbd892b
+}, {..61625f1d
+  path..1d61d1f4
+  comp..e60ec0da
+  name..d7a15be9
+  befo..5cbd892b
+}, {..61625f1d
+  path..bf613983
+  comp..26a6bdfb
+  name..b32b0b06
+  befo..5cbd892b
+}, {..61625f1d
-  comp..4c509dbc
+  comp..6b94d11e
-  comp..06a935bf
+  comp..9255d61d
-    co..8d895291
+    co..77fb7a7d
-    co..1a6c2fb7
+    co..177bd1a2
-var __..5969d27b
+var __..d9cbf726
-var __..4ef79df7
+var __..fa1a6e56
-var __..aece9492
+var __..75c124ac
-var __..d3b407df
+var __..5f88cb12
-/* har..580b4b0b
-/* har..d829492c
-/* har..a9e4209b
+/* har..79d5d8b8
+/* har..30566fae
+/* har..cb3ab737
-/* har..8060604c
+/* har..5b09682d
-/* har..6e2db67f
+/* har..510aca44
-/* har..c3a3ce80
+/* har..ba45af8c
+//..b2ffd4d3
+//..b2ffd4d3
-      ..e00a61e3
-      ..80c65a87
-      ..f8611ef5
-      ..571d4459
-      ..fcc51392
-      ..cff5c6f0
-      ..355c3452
-      ..621c26fd
-      ..f296318b
-      ..25616bd9
+      ..9b788411
+      ..245235e1
+      ..51d55bb9
+      ..a20b15cb
+      ..0fa119d8
+      ..e28689a3
+      ..fe79357c
+      ..ccc0a3bc
+      ..4dbb1fa6
+      ..d030ea93
+      ..80902e63
+      ..62a0c589
+      ..adff8765
+      ..0fa119d8
+      ..8dfbb593
+      ..fe79357c
+      ..ccc0a3bc
+      ..f254d751
+      ..d030ea93
+      ..612cc71d
+      ..62a0c589
+      ..adff8765
+      ..0fa119d8
+      ..8dfbb593
+      ..fe79357c
+      ..ccc0a3bc
+      ..87d02693
+      ..d030ea93
+      ..84b2ed64
+      ..eace2c46
+      ..4a291c09
+      ..69d71482
+      ..71219a48
-/* har..c3a3ce80
+/* har..ba45af8c
-/* har..c3a3ce80
+/* har..ba45af8c
-/* har..c3a3ce80
+/* har..ba45af8c
-var __..9e759abc
+var __..cb22067f
+/* tem..8a63bd0b
+var __..c08a92ad
+/* tem..32805145
+var __..7b73d6f2
+/* sty..12d16181
+var __..bd98aae5
+/* sco..13c7e371
+var __..c96a9777
+/* mod..0acd7fe8
+var __..33fb903e
+var Co..b3a5e4fb
+  __vu..2d188187
+  __vu..2c8cde22
+  __vu..3b25db94
+  __vu..1e10c8f1
+  __vu..222fc2ec
+  __vu..6eb0a79e
+)..4cc63837
+Compon..2e3d481b
+..ca92fcf3
+/* hot..3110c216
+if (fa..1d84bbbe
+  var ..e0603e42
+  hotA..6b94b38e
+  if (..c355e01f
+  modu..4cdd5983
+  if (..18094f82
+    ho..2324f4e4
+  } el..a83106f8
+    ho..f4c24974
+  }..c759575d
+  modu..a8b6f212
+    di..a095dc5e
+  })..09658e2a
+})()}..f5e7ef23
+..ca92fcf3
+module..ce18833c
+..ca92fcf3
+..ca92fcf3
+/***/ ..6cc29111
+/* 89 ..4ff17c13
+/***/ ..538b28f3
+..ca92fcf3
+var di..c2b005c8
+var no..daed6650
+/* scr..0a34c9aa
+var __..c211242c
+/* tem..8a63bd0b
+var __..ff9d6598
+/* tem..32805145
+var __..7b73d6f2
+/* sty..12d16181
+var __..bd98aae5
+/* sco..13c7e371
+var __..c96a9777
+/* mod..0acd7fe8
+var __..33fb903e
+var Co..b3a5e4fb
+  __vu..2d188187
+  __vu..2c8cde22
+  __vu..3b25db94
+  __vu..1e10c8f1
+  __vu..222fc2ec
+  __vu..6eb0a79e
+)..4cc63837
+Compon..48005208
+..ca92fcf3
+/* hot..3110c216
+if (fa..1d84bbbe
+  var ..e0603e42
+  hotA..6b94b38e
+  if (..c355e01f
+  modu..4cdd5983
+  if (..18094f82
+    ho..cf372bf9
+  } el..a83106f8
+    ho..18b34f6e
+  }..c759575d
+  modu..a8b6f212
+    di..a095dc5e
+  })..09658e2a
+})()}..f5e7ef23
+..ca92fcf3
+module..ce18833c
+..ca92fcf3
+..ca92fcf3
+/***/ ..6cc29111
+/* 90 ..b1807d18
+/***/ ..538b28f3
+..ca92fcf3
+var di..c2b005c8
+var no..daed6650
+/* scr..0a34c9aa
+var __..1094939d
+/* tem..8a63bd0b
+var __..5d596434
+/* tem..32805145
+var __..7b73d6f2
+/* sty..12d16181
+var __..bd98aae5
+/* sco..13c7e371
+var __..c96a9777
+/* mod..0acd7fe8
+var __..33fb903e
+var Co..b3a5e4fb
+  __vu..2d188187
+  __vu..2c8cde22
+  __vu..3b25db94
+  __vu..1e10c8f1
+  __vu..222fc2ec
+  __vu..6eb0a79e
+)..4cc63837
+Compon..db868d30
+..ca92fcf3
+/* hot..3110c216
+if (fa..1d84bbbe
+  var ..e0603e42
+  hotA..6b94b38e
+  if (..c355e01f
+  modu..4cdd5983
+  if (..18094f82
+    ho..b9c07c75
+  } el..a83106f8
+    ho..92cb00da
+  }..c759575d
+  modu..a8b6f212
+    di..a095dc5e
+  })..09658e2a
+})()}..f5e7ef23
+..ca92fcf3
+module..ce18833c
+..ca92fcf3
+..ca92fcf3
+/***/ ..6cc29111
+/* 91 ..48023c29
+/***/ ..538b28f3
+..ca92fcf3
+var di..c2b005c8
+var no..daed6650
+/* scr..0a34c9aa
+var __..ef17cb18
+/* tem..8a63bd0b
+var __..1c17a19c
+/* tem..32805145
+var __..7b73d6f2
+/* sty..12d16181
+var __..bd98aae5
+/* sco..13c7e371
+var __..c96a9777
+/* mod..0acd7fe8
+var __..33fb903e
+var Co..b3a5e4fb
+  __vu..2d188187
+  __vu..2c8cde22
+  __vu..3b25db94
+  __vu..1e10c8f1
+  __vu..222fc2ec
+  __vu..6eb0a79e
+)..4cc63837
+Compon..4ffe5a6c
+..ca92fcf3
+/* hot..3110c216
+if (fa..1d84bbbe
+  var ..e0603e42
+  hotA..6b94b38e
+  if (..c355e01f
+  modu..4cdd5983
+  if (..18094f82
+    ho..9b0bd6e1
+  } el..a83106f8
+    ho..a46287d5
+  }..c759575d
+  modu..a8b6f212
+    di..a095dc5e
+  })..09658e2a
+})()}..f5e7ef23
+..ca92fcf3
+module..ce18833c
+..ca92fcf3
+..ca92fcf3
+/***/ ..6cc29111
+/* 92 ..3ba31261
+/***/ ..538b28f3
+..ca92fcf3
+var di..c2b005c8
+var no..daed6650
+/* scr..0a34c9aa
+var __..726e56b5
-var __..4482e63e
+var __..ad498ac9
+/* tem..32805145
+var __..7b73d6f2
+/* sty..12d16181
+var __..bd98aae5
+/* sco..13c7e371
+var __..c96a9777
+/* mod..0acd7fe8
+var __..33fb903e
+var Co..b3a5e4fb
+  __vu..2d188187
+  __vu..2c8cde22
+  __vu..3b25db94
+  __vu..1e10c8f1
+  __vu..222fc2ec
+  __vu..6eb0a79e
+)..4cc63837
+Compon..2cda8293
+..ca92fcf3
+/* hot..3110c216
+if (fa..1d84bbbe
+  var ..e0603e42
+  hotA..6b94b38e
+  if (..c355e01f
+  modu..4cdd5983
+  if (..18094f82
+    ho..204ba92a
+  } el..a83106f8
+    ho..faf73d95
+  }..c759575d
+  modu..a8b6f212
+    di..a095dc5e
+  })..09658e2a
+})()}..f5e7ef23
+..ca92fcf3
+module..ce18833c
+..ca92fcf3
+..ca92fcf3
+/***/ ..6cc29111
+/* 93 ..f61c430a
+/***/ ..538b28f3
+..ca92fcf3
+var di..c2b005c8
+var no..daed6650
+/* scr..0a34c9aa
+var __..30206307
+/* tem..8a63bd0b
+var __..87ef7579
+/* tem..32805145
+var __..7b73d6f2
+/* sty..12d16181
+var __..bd98aae5
+/* sco..13c7e371
+var __..c96a9777
+/* mod..0acd7fe8
+var __..33fb903e
+var Co..b3a5e4fb
+  __vu..2d188187
+  __vu..2c8cde22
+  __vu..3b25db94
+  __vu..1e10c8f1
+  __vu..222fc2ec
+  __vu..6eb0a79e
+)..4cc63837
+Compon..41d603df
+..ca92fcf3
+/* hot..3110c216
+if (fa..1d84bbbe
+  var ..e0603e42
+  hotA..6b94b38e
+  if (..c355e01f
+  modu..4cdd5983
+  if (..18094f82
+    ho..dd673156
+  } el..a83106f8
+    ho..4bed0402
+  }..c759575d
+  modu..a8b6f212
+    di..a095dc5e
+  })..09658e2a
+})()}..f5e7ef23
+..ca92fcf3
+module..ce18833c
+..ca92fcf3
+..ca92fcf3
+/***/ ..6cc29111
+/* 94 ..35672c4c
+/***/ ..538b28f3
+..ca92fcf3
+var di..c2b005c8
+var no..daed6650
+/* scr..0a34c9aa
+var __..427da879
+/* tem..8a63bd0b
+var __..b068b302
-/* 89 ..bf0f160e
+/* 95 ..c0bf371e
-/* 90 ..39e55c11
+/* 96 ..b67ba13c
-/* 91 ..19184f36
+/* 97 ..4ca53056
-var __..aac069be
+var __..8f8da13e
-var __..28361e3c
+var __..98689822
-/* 92 ..3ab3a053
+/* 98 ..1f0d6b82
-/* har..c3a3ce80
+/* har..ba45af8c
-/* 93 ..56a78fc8
+/* 99 ..6597197b
-/* har..c3a3ce80
+/* har..ba45af8c
-/* 94 ..ae1ed65c
+/* 100..c9e2a5d5
-/* 95 ..6e565bf1
+/* 101..4f076c83
-/* har..c3a3ce80
+/* har..ba45af8c
-/* 96 ..333dbfcb
+/* 102..c8d13089
-/* 97 ..927b5ffd
+/* 103..f290a665
-/* 98 ..af173275
+/* 104..9080a5d1
-/* 99 ..8a44987d
+/* 105..e59a7e22
-/* har..c3a3ce80
+/* har..ba45af8c
-/* 100..7ded732f
+/* 106..90b3b03c
-    va..21ea9dca
+    va..b1d68317
-/* 101..a9f9793e
+/* 107..b67f957e
-/* 102..e21dc81a
+/* 108..4bcbc258
+/***/ ..6cc29111
+/* 109..8c8ed87a
+/* 110..b3cf2862
+/* 111..ba46682d
+/* 112..2e2acb93
+/* 113..e34fc3f4
+/* 114..c1082944
+/***/ ..5c7c9910
+..ca92fcf3
+"use s..65cc5766
+Object..054493bb
+/* har..ba45af8c
+/* har..76ef13f1
+//..b2ffd4d3
+//..b2ffd4d3
+//..b2ffd4d3
+//..b2ffd4d3
+//..b2ffd4d3
+//..b2ffd4d3
+//..b2ffd4d3
+//..b2ffd4d3
+//..b2ffd4d3
+//..b2ffd4d3
+//..b2ffd4d3
+//..b2ffd4d3
+//..b2ffd4d3
+//..b2ffd4d3
+//..b2ffd4d3
+//..b2ffd4d3
+//..b2ffd4d3
+//..b2ffd4d3
+//..b2ffd4d3
+//..b2ffd4d3
+//..b2ffd4d3
+//..b2ffd4d3
+//..b2ffd4d3
+//..b2ffd4d3
+//..b2ffd4d3
+//..b2ffd4d3
+//..b2ffd4d3
+//..b2ffd4d3
+//..b2ffd4d3
+//..b2ffd4d3
+//..b2ffd4d3
+//..b2ffd4d3
+//..b2ffd4d3
+//..b2ffd4d3
+//..b2ffd4d3
+..ca92fcf3
+..ca92fcf3
+/* har..4407c348
+    da..434330ff
+      ..90cca19f
+      ..37903252
+      ..b7da3044
+    },..2e4ecf86
+..ca92fcf3
+    wa..21987893
+    cr..11d6d2e4
+      ..3d781cae
+    },..2e4ecf86
+..ca92fcf3
+    me..c6890eea
+      ..36988ac4
+      ..abb7f9ce
+..ca92fcf3
+      ..6754f6c4
+      ..12ed56bd
+      ..62d41746
+      ..36838c41
+      ..4e1f1788
+      ..5e028c2d
+      ..5b653975
+      ..ac6bdf86
+      ..248dc828
+      ..431cd578
+      ..ce0af23e
+      ..29c6ca7c
+      ..e6e8fe2e
+    }..f6ac7233
+});..81d03a41
+..ca92fcf3
+/***/ ..6cc29111
+/* 115..afb1069d
+/***/ ..538b28f3
+..ca92fcf3
+var re..ec7699ab
+  var ..f8c34621
+  var ..d859c23c
+  var ..f45b5123
+  retu..49ead2e8
+    _c..57f37e23
+      ..1082ee43
+      ..1be7fa4d
+      ..804d0cda
+      ..c625ec97
+      ..28c79a27
+      ..44720ce8
+      ..ac7acce3
+      ..fabd3540
+      ..764d33fc
+      ..4be35179
+      ..ec010b59
+      ..8b2b3816
+      ..91257618
+      ..8d600e37
+      ..9ace20a4
+      ..d57753cb
+      ..0bfa9d0e
+    ])..80d9ecf3
+    _v..1d35cd16
+    _c..eaebc20c
+      ..a701cc50
+      ..2dd43b00
+      ..c961a491
+      ..10cc911e
+      ..0aad2652
+      ..b23fcac5
+      ..1836e759
+      ..f94a2a92
+      ..ddbddc3a
+      ..4f48dffa
+      ..9f8647b9
+      ..a6d6b77d
+      ..b22ffd61
+      ..37347de5
+      ..8f66ac05
+      ..6172e5f1
+      ..c1af7cab
+      ..4e351794
+      ..b27646be
+      ..383cb996
+      ..fc4ffd06
+      ..e88befa6
+      ..adff8765
+      ..de3378fe
+      ..adff8765
+      ..010c2597
+      ..adff8765
+      ..0fa119d8
+      ..89723f4b
+      ..9ca778eb
+      ..2afc3745
+      ..487ff319
+      ..4818c1e8
+      ..2e7f70ba
+      ..aa3efe6e
+      ..405d2bed
+      ..cc884cef
+      ..5bc27c08
+      ..e580751c
+      ..575cc48d
+      ..51545ec8
+      ..c9a32a1b
+      ..5407092a
+      ..74a7c6fb
+      ..ecf7caf7
+      ..487ff319
+      ..4818c1e8
+      ..2e7f70ba
+      ..aa3efe6e
+      ..405d2bed
+      ..8df77fcb
+      ..5bc27c08
+      ..e580751c
+      ..575cc48d
+      ..51545ec8
+      ..c9a32a1b
+      ..8b4a3d5e
+      ..8f66ac05
+      ..af18cebf
+      ..bde4fb27
+      ..eace2c46
+      ..ab88aa96
+      ..b85b5ffa
+      ..02403675
+      ..7a1db44f
+      ..881de2ad
+      ..00ce8ac6
+      ..22d52cd7
+    ])..5b98fd32
+  ])..2d97f597
+}..79c53012
+var st..b2ff668d
+  func..0d726b7c
+    va..7ac6e45e
+    va..173f58c3
+    va..2686d9f1
+    re..d8b9e8fa
+      ..0b3ed5f3
+      ..030810d1
+      ..3ceb7cc5
+      ..fd10293f
+      ..3ceb7cc5
+      ..5457dec1
+      ..3ceb7cc5
+      ..e0cfa427
+      ..0bfa9d0e
+    ])..5b98fd32
+  }..c759575d
+]..f4589fa4
+render..35ff059f
+module..2d8d6fb3
+if (fa..22279a73
+  modu..4cdd5983
+  if (..c0c8eb07
+    re..59c578dd
+  }..c759575d
+}..79c53012
+..ca92fcf3
+/***/ ..6cc29111
+/* 116..d86b25df
+/***/ ..5c7c9910
+..ca92fcf3
+"use s..65cc5766
+Object..054493bb
+/* har..ba45af8c
+/* har..76ef13f1
+//..b2ffd4d3
+//..b2ffd4d3
+//..b2ffd4d3
+//..b2ffd4d3
+//..b2ffd4d3
+//..b2ffd4d3
+//..b2ffd4d3
+//..b2ffd4d3
+//..b2ffd4d3
+//..b2ffd4d3
+//..b2ffd4d3
+//..b2ffd4d3
+//..b2ffd4d3
+//..b2ffd4d3
+//..b2ffd4d3
+//..b2ffd4d3
+//..b2ffd4d3
+//..b2ffd4d3
+//..b2ffd4d3
+//..b2ffd4d3
+//..b2ffd4d3
+//..b2ffd4d3
+//..b2ffd4d3
+//..b2ffd4d3
+//..b2ffd4d3
+//..b2ffd4d3
+//..b2ffd4d3
+//..b2ffd4d3
+//..b2ffd4d3
+//..b2ffd4d3
+//..b2ffd4d3
+//..b2ffd4d3
+//..b2ffd4d3
+//..b2ffd4d3
+//..b2ffd4d3
+//..b2ffd4d3
+//..b2ffd4d3
+//..b2ffd4d3
+//..b2ffd4d3
+//..b2ffd4d3
+//..b2ffd4d3
+//..b2ffd4d3
+//..b2ffd4d3
+//..b2ffd4d3
+//..b2ffd4d3
+//..b2ffd4d3
+//..b2ffd4d3
+//..b2ffd4d3
+//..b2ffd4d3
+//..b2ffd4d3
+//..b2ffd4d3
+//..b2ffd4d3
+//..b2ffd4d3
+//..b2ffd4d3
+//..b2ffd4d3
+..ca92fcf3
+..ca92fcf3
+/* har..4407c348
+    na..f955dd6a
+    da..434330ff
+      ..90cca19f
+      ..7fd6c1c7
+      ..d8088e46
+      ..311e6387
+      ..d66deada
+      ..624bbbd0
+      ..62eb694e
+      ..c4a4a2ed
+      ..c5af03da
+..ca92fcf3
+      ..b7da3044
+    },..2e4ecf86
+    cr..21e640b7
+    me..c6890eea
+      ..4bfbf10c
+      ..abb7f9ce
+..ca92fcf3
+      ..30ae1e6b
+      ..017f7f23
+      ..0eb9e305
+      ..cc754038
+      ..dfe823d3
+      ..47ee8e2d
+      ..bd05d647
+      ..b67075d6
+      ..80d9627f
+      ..6e52e36f
+      ..8a399712
+      ..3f87a0ab
+      ..62e04cfc
+      ..606c864d
+      ..6315ac83
+      ..3f87a0ab
+      ..388f8357
+      ..56a8b925
+      ..bb7a3831
+      ..b41e4ad7
+      ..f06b8745
+..ca92fcf3
+      ..19f1693c
+      ..248dc828
+      ..8ae96caa
+      ..4b5a6874
+      ..29c6ca7c
+      ..e6e8fe2e
+    }..f6ac7233
+});..81d03a41
+..ca92fcf3
+/***/ ..6cc29111
+/* 117..7e655d86
+/***/ ..538b28f3
+..ca92fcf3
+var re..ec7699ab
+  var ..f8c34621
+  var ..d859c23c
+  var ..f45b5123
+  retu..49ead2e8
+    _c..06ba9c4d
+      ..a701cc50
+      ..c712a444
+      ..6a1ac7ca
+      ..10cc911e
+      ..0943b628
+      ..54b035fd
+      ..74d725e8
+      ..44720ce8
+      ..c93d21c3
+      ..fabd3540
+      ..d10721b8
+      ..54bdb4d2
+      ..a26b8116
+      ..6b9b5b82
+      ..d580b4b0
+      ..248dc828
+      ..ec010b59
+      ..10ab5852
+      ..f4fb0d1b
+      ..357a8b8b
+      ..78503bf3
+      ..f150185d
+      ..71a90ed5
+      ..0eaf8d10
+      ..d9cb815f
+      ..5c675eb0
+      ..9dd66585
+      ..7d17ab98
+      ..388f8357
+      ..a1b8f7a0
+      ..2a9f40c3
+      ..4fa902a2
+      ..72ede9bf
+      ..b26c5693
+      ..6e2f3a66
+      ..76cf206b
+      ..6b8717fe
+      ..fafe3a20
+      ..3a1cd79e
+      ..082211af
+      ..733f2e70
+      ..24708a20
+      ..dde991fb
+      ..2d67c9bb
+      ..6b3b3a70
+      ..d6179f38
+      ..ba10aca5
+      ..bea7181c
+      ..3ff9033d
+      ..fde077bd
+      ..7bda0761
+      ..85d01e8d
+      ..c7756d6c
+      ..e580751c
+      ..3a59b76d
+      ..51545ec8
+      ..320923b3
+      ..6e2f3a66
+      ..0b6d4e69
+      ..16502c7b
+      ..3ed198bb
+      ..c4af9cd3
+      ..19e12a18
+      ..2983f494
+      ..b4467a72
+      ..9c23eac1
+      ..9bcbbc72
+      ..e436cb67
+      ..dae03332
+      ..a505d67a
+      ..bea7181c
+      ..937fb298
+      ..a38f9025
+      ..cc3b85f3
+      ..eb56d6e6
+      ..fd7b7132
+      ..0d797dcb
+      ..c903c940
+      ..3bd2aabf
+      ..80f876e2
+      ..f4fb0d1b
+      ..357a8b8b
+      ..78503bf3
+      ..f150185d
+      ..71a90ed5
+      ..0eaf8d10
+      ..d9cb815f
+      ..5c675eb0
+      ..9dd66585
+      ..7d328524
+      ..388f8357
+      ..a1b8f7a0
+      ..2a9f40c3
+      ..4fa902a2
+      ..fab8d980
+      ..b26c5693
+      ..6e2f3a66
+      ..76cf206b
+      ..6b8717fe
+      ..fafe3a20
+      ..3a1cd79e
+      ..082211af
+      ..733f2e70
+      ..24708a20
+      ..dde991fb
+      ..2d67c9bb
+      ..6b3b3a70
+      ..d6179f38
+      ..4816616a
+      ..bea7181c
+      ..aa3efe6e
+      ..3ff14db6
+      ..e82189b5
+      ..11a65183
+      ..bea7181c
+      ..fde077bd
+      ..e0f61a3f
+      ..85d01e8d
+      ..df162ddf
+      ..e580751c
+      ..92f36714
+      ..51545ec8
+      ..320923b3
+      ..6e2f3a66
+      ..0b6d4e69
+      ..16502c7b
+      ..3ed198bb
+      ..c4af9cd3
+      ..19e12a18
+      ..2983f494
+      ..b4467a72
+      ..ad1de1ee
+      ..5efc4c65
+      ..e436cb67
+      ..dae03332
+      ..a505d67a
+      ..bea7181c
+      ..2dce99a4
+      ..a38f9025
+      ..cc3b85f3
+      ..eb56d6e6
+      ..fd7b7132
+      ..0d797dcb
+      ..c903c940
+      ..3bd2aabf
+      ..80f876e2
+      ..f4fb0d1b
+      ..357a8b8b
+      ..78503bf3
+      ..f150185d
+      ..71a90ed5
+      ..0eaf8d10
+      ..d9cb815f
+      ..5c675eb0
+      ..9dd66585
+      ..87a43ca8
+      ..388f8357
+      ..a1b8f7a0
+      ..2a9f40c3
+      ..4fa902a2
+      ..d569d4a6
+      ..b26c5693
+      ..6e2f3a66
+      ..76cf206b
+      ..6b8717fe
+      ..fafe3a20
+      ..3a1cd79e
+      ..082211af
+      ..733f2e70
+      ..24708a20
+      ..dde991fb
+      ..2d67c9bb
+      ..6b3b3a70
+      ..d6179f38
+      ..ae30ff1b
+      ..bea7181c
+      ..9de34a1a
+      ..fde077bd
+      ..da53b209
+      ..85d01e8d
+      ..39c6b8d9
+      ..e580751c
+      ..d4962ce0
+      ..51545ec8
+      ..320923b3
+      ..6e2f3a66
+      ..0b6d4e69
+      ..16502c7b
+      ..3ed198bb
+      ..c4af9cd3
+      ..19e12a18
+      ..2983f494
+      ..b4467a72
+      ..a61c9a08
+      ..71bd64ef
+      ..e436cb67
+      ..dae03332
+      ..a505d67a
+      ..bea7181c
+      ..e14b0c5c
+      ..a38f9025
+      ..cc3b85f3
+      ..eb56d6e6
+      ..fd7b7132
+      ..0d797dcb
+      ..c903c940
+      ..3bd2aabf
+      ..80f876e2
+      ..055e5069
+      ..0fa119d8
+      ..38b912b4
+      ..72411792
+      ..2afc3745
+      ..487ff319
+      ..b94ebe81
+      ..2e7f70ba
+      ..092efbf9
+      ..1a6dfc74
+      ..c9a32a1b
+      ..57ce8958
+      ..74a7c6fb
+      ..cfc25463
+      ..487ff319
+      ..4818c1e8
+      ..2e7f70ba
+      ..bbd3fd0d
+      ..fc1cf4d3
+      ..c9a32a1b
+      ..7b68e462
+      ..8f66ac05
+      ..af18cebf
+      ..bde4fb27
+      ..eace2c46
+      ..687f4416
+      ..80f876e2
+      ..f4fb0d1b
+      ..14d84ec7
+      ..0a350003
+      ..7ce034b9
+      ..51971e92
+      ..d72a2cf7
+      ..30789459
+      ..0c58597c
+      ..d030ea93
+      ..c74a188d
+      ..ea38b2fc
+      ..0c274831
+      ..bbf0ce83
+      ..9eb8ff49
+      ..d3522b30
+      ..f150185d
+      ..7dc948ec
+      ..7f9ea949
+      ..71a90ed5
+      ..5db0e983
+      ..d9cb815f
+      ..588206d4
+      ..7614e87a
+      ..051e3fc9
+      ..0966e99b
+      ..51545ec8
+      ..388f8357
+      ..a1b8f7a0
+      ..d6525e23
+      ..fd7b7132
+      ..0d797dcb
+      ..c903c940
+      ..e971846f
+      ..c4e9a47e
+      ..92535106
+      ..91257618
+      ..e8fa2910
+      ..00ce8ac6
+      ..22d52cd7
+    ])..5b98fd32
+  ])..2d97f597
+}..79c53012
+var st..b2ff668d
+  func..0d726b7c
+    va..7ac6e45e
+    va..173f58c3
+    va..2686d9f1
+    re..3d9c3fb1
+      ..a701cc50
+      ..c712a444
+      ..526228ab
+      ..386d17aa
+      ..22d52cd7
+    ])..5b98fd32
+  }..c759575d
+]..f4589fa4
+render..35ff059f
+module..2d8d6fb3
+if (fa..22279a73
+  modu..4cdd5983
+  if (..c0c8eb07
+    re..8dc784ed
+  }..c759575d
+}..79c53012
+..ca92fcf3
+/***/ ..6cc29111
+/* 118..a9d9e312
+/***/ ..5c7c9910
+..ca92fcf3
+"use s..65cc5766
+Object..054493bb
+/* har..ba45af8c
+/* har..76ef13f1
+//..b2ffd4d3
+//..b2ffd4d3
+//..b2ffd4d3
+//..b2ffd4d3
+//..b2ffd4d3
+//..b2ffd4d3
+//..b2ffd4d3
+//..b2ffd4d3
+//..b2ffd4d3
+//..b2ffd4d3
+//..b2ffd4d3
+//..b2ffd4d3
+//..b2ffd4d3
+//..b2ffd4d3
+//..b2ffd4d3
+//..b2ffd4d3
+//..b2ffd4d3
+//..b2ffd4d3
+//..b2ffd4d3
+//..b2ffd4d3
+//..b2ffd4d3
+//..b2ffd4d3
+//..b2ffd4d3
+//..b2ffd4d3
+//..b2ffd4d3
+//..b2ffd4d3
+//..b2ffd4d3
+//..b2ffd4d3
+//..b2ffd4d3
+//..b2ffd4d3
+//..b2ffd4d3
+//..b2ffd4d3
+//..b2ffd4d3
+//..b2ffd4d3
+//..b2ffd4d3
+//..b2ffd4d3
+//..b2ffd4d3
+//..b2ffd4d3
+//..b2ffd4d3
+//..b2ffd4d3
+//..b2ffd4d3
+//..b2ffd4d3
+//..b2ffd4d3
+//..b2ffd4d3
+//..b2ffd4d3
+//..b2ffd4d3
+//..b2ffd4d3
+//..b2ffd4d3
+//..b2ffd4d3
+//..b2ffd4d3
+//..b2ffd4d3
+//..b2ffd4d3
+//..b2ffd4d3
+//..b2ffd4d3
+//..b2ffd4d3
+..ca92fcf3
+..ca92fcf3
+/* har..4407c348
+    na..bbd30f1b
+    da..434330ff
+      ..90cca19f
+      ..397fd607
+      ..d66deada
+      ..624bbbd0
+      ..62eb694e
+      ..c4a4a2ed
+      ..c5af03da
+..ca92fcf3
+      ..b7da3044
+    },..2e4ecf86
+    cr..11d6d2e4
+      ..144bae41
+    },..2e4ecf86
+    me..c6890eea
+      ..0f8d4941
+      ..abb7f9ce
+..ca92fcf3
+      ..6754f6c4
+      ..12ed56bd
+      ..62d41746
+      ..62955c5d
+      ..4e1f1788
+      ..5e028c2d
+      ..5d93791d
+      ..4dd75d01
+      ..d62af0f4
+      ..f9b98165
+      ..96ed67dd
+..ca92fcf3
+      ..30ae1e6b
+      ..017f7f23
+      ..0eb9e305
+      ..cc754038
+      ..dfe823d3
+      ..91240430
+      ..4653c960
+      ..b67075d6
+      ..80d9627f
+      ..6e52e36f
+      ..6b7335e2
+      ..37ef5e46
+      ..d5f7d34c
+      ..606c864d
+      ..d6e441f9
+      ..37ef5e46
+      ..388f8357
+      ..56a8b925
+      ..55e763a4
+      ..c847293a
+      ..f06b8745
+..ca92fcf3
+      ..19f1693c
+      ..248dc828
+      ..d1d83d4a
+      ..9e153b13
+      ..29c6ca7c
+      ..e6e8fe2e
+    }..f6ac7233
+});..81d03a41
+..ca92fcf3
+/***/ ..6cc29111
+/* 119..0902d636
+/***/ ..538b28f3
+..ca92fcf3
+var re..ec7699ab
+  var ..f8c34621
+  var ..d859c23c
+  var ..f45b5123
+  retu..49ead2e8
+    _c..06ba9c4d
+      ..a701cc50
+      ..c712a444
+      ..6a1ac7ca
+      ..10cc911e
+      ..0943b628
+      ..54b035fd
+      ..74d725e8
+      ..44720ce8
+      ..c93d21c3
+      ..fabd3540
+      ..d10721b8
+      ..54bdb4d2
+      ..a26b8116
+      ..b4d5d73c
+      ..d580b4b0
+      ..248dc828
+      ..ec010b59
+      ..10ab5852
+      ..f4fb0d1b
+      ..357a8b8b
+      ..78503bf3
+      ..f150185d
+      ..71a90ed5
+      ..0eaf8d10
+      ..d9cb815f
+      ..5c675eb0
+      ..9dd66585
+      ..7d17ab98
+      ..388f8357
+      ..a1b8f7a0
+      ..2a9f40c3
+      ..4fa902a2
+      ..72ede9bf
+      ..b26c5693
+      ..6e2f3a66
+      ..76cf206b
+      ..6b8717fe
+      ..fafe3a20
+      ..3a1cd79e
+      ..082211af
+      ..733f2e70
+      ..24708a20
+      ..dde991fb
+      ..2d67c9bb
+      ..6b3b3a70
+      ..d6179f38
+      ..ba10aca5
+      ..bea7181c
+      ..3ff9033d
+      ..fde077bd
+      ..5f8d6fa8
+      ..85d01e8d
+      ..b55e8c03
+      ..e580751c
+      ..3e5077ad
+      ..51545ec8
+      ..320923b3
+      ..6e2f3a66
+      ..0b6d4e69
+      ..16502c7b
+      ..3ed198bb
+      ..c4af9cd3
+      ..19e12a18
+      ..2983f494
+      ..b4467a72
+      ..9c23eac1
+      ..9bcbbc72
+      ..e436cb67
+      ..dae03332
+      ..a505d67a
+      ..bea7181c
+      ..937fb298
+      ..a38f9025
+      ..cc3b85f3
+      ..eb56d6e6
+      ..fd7b7132
+      ..0d797dcb
+      ..c903c940
+      ..3bd2aabf
+      ..80f876e2
+      ..f4fb0d1b
+      ..357a8b8b
+      ..78503bf3
+      ..f150185d
+      ..71a90ed5
+      ..0eaf8d10
+      ..d9cb815f
+      ..5c675eb0
+      ..9dd66585
+      ..7d328524
+      ..388f8357
+      ..a1b8f7a0
+      ..2a9f40c3
+      ..4fa902a2
+      ..fab8d980
+      ..b26c5693
+      ..6e2f3a66
+      ..76cf206b
+      ..6b8717fe
+      ..fafe3a20
+      ..3a1cd79e
+      ..082211af
+      ..733f2e70
+      ..24708a20
+      ..dde991fb
+      ..2d67c9bb
+      ..6b3b3a70
+      ..d6179f38
+      ..4816616a
+      ..bea7181c
+      ..aa3efe6e
+      ..3ff14db6
+      ..e82189b5
+      ..11a65183
+      ..bea7181c
+      ..fde077bd
+      ..18f1dd94
+      ..85d01e8d
+      ..65e89ab5
+      ..e580751c
+      ..69f772f5
+      ..51545ec8
+      ..320923b3
+      ..6e2f3a66
+      ..0b6d4e69
+      ..16502c7b
+      ..3ed198bb
+      ..c4af9cd3
+      ..19e12a18
+      ..2983f494
+      ..b4467a72
+      ..ad1de1ee
+      ..5efc4c65
+      ..e436cb67
+      ..dae03332
+      ..a505d67a
+      ..bea7181c
+      ..2dce99a4
+      ..a38f9025
+      ..cc3b85f3
+      ..eb56d6e6
+      ..fd7b7132
+      ..0d797dcb
+      ..c903c940
+      ..3bd2aabf
+      ..80f876e2
+      ..f4fb0d1b
+      ..357a8b8b
+      ..78503bf3
+      ..f150185d
+      ..71a90ed5
+      ..0eaf8d10
+      ..d9cb815f
+      ..5c675eb0
+      ..9dd66585
+      ..87a43ca8
+      ..388f8357
+      ..a1b8f7a0
+      ..2a9f40c3
+      ..4fa902a2
+      ..d569d4a6
+      ..b26c5693
+      ..6e2f3a66
+      ..76cf206b
+      ..6b8717fe
+      ..fafe3a20
+      ..3a1cd79e
+      ..082211af
+      ..733f2e70
+      ..24708a20
+      ..dde991fb
+      ..2d67c9bb
+      ..6b3b3a70
+      ..d6179f38
+      ..ae30ff1b
+      ..bea7181c
+      ..9de34a1a
+      ..fde077bd
+      ..9fb713d4
+      ..85d01e8d
+      ..c5a0f426
+      ..e580751c
+      ..402be2c3
+      ..51545ec8
+      ..320923b3
+      ..6e2f3a66
+      ..0b6d4e69
+      ..16502c7b
+      ..3ed198bb
+      ..c4af9cd3
+      ..19e12a18
+      ..2983f494
+      ..b4467a72
+      ..a61c9a08
+      ..71bd64ef
+      ..e436cb67
+      ..dae03332
+      ..a505d67a
+      ..bea7181c
+      ..e14b0c5c
+      ..a38f9025
+      ..cc3b85f3
+      ..eb56d6e6
+      ..fd7b7132
+      ..0d797dcb
+      ..c903c940
+      ..3bd2aabf
+      ..80f876e2
+      ..055e5069
+      ..0fa119d8
+      ..38b912b4
+      ..72411792
+      ..2afc3745
+      ..487ff319
+      ..b94ebe81
+      ..2e7f70ba
+      ..092efbf9
+      ..1a6dfc74
+      ..c9a32a1b
+      ..57ce8958
+      ..74a7c6fb
+      ..cfc25463
+      ..487ff319
+      ..4818c1e8
+      ..2e7f70ba
+      ..bbd3fd0d
+      ..fc1cf4d3
+      ..c9a32a1b
+      ..7b68e462
+      ..8f66ac05
+      ..af18cebf
+      ..bde4fb27
+      ..eace2c46
+      ..687f4416
+      ..80f876e2
+      ..f4fb0d1b
+      ..14d84ec7
+      ..0a350003
+      ..7ce034b9
+      ..51971e92
+      ..d72a2cf7
+      ..30789459
+      ..0c58597c
+      ..d030ea93
+      ..c74a188d
+      ..ea38b2fc
+      ..0c274831
+      ..bbf0ce83
+      ..9eb8ff49
+      ..d3522b30
+      ..f150185d
+      ..7dc948ec
+      ..7f9ea949
+      ..71a90ed5
+      ..5db0e983
+      ..d9cb815f
+      ..588206d4
+      ..7614e87a
+      ..051e3fc9
+      ..0966e99b
+      ..51545ec8
+      ..388f8357
+      ..a1b8f7a0
+      ..d6525e23
+      ..fd7b7132
+      ..0d797dcb
+      ..c903c940
+      ..e971846f
+      ..c4e9a47e
+      ..92535106
+      ..91257618
+      ..e8fa2910
+      ..00ce8ac6
+      ..22d52cd7
+    ])..5b98fd32
+  ])..2d97f597
+}..79c53012
+var st..b2ff668d
+  func..0d726b7c
+    va..7ac6e45e
+    va..173f58c3
+    va..2686d9f1
+    re..3d9c3fb1
+      ..a701cc50
+      ..c712a444
+      ..526228ab
+      ..65552e09
+      ..22d52cd7
+    ])..5b98fd32
+  }..c759575d
+]..f4589fa4
+render..35ff059f
+module..2d8d6fb3
+if (fa..22279a73
+  modu..4cdd5983
+  if (..c0c8eb07
+    re..cba2aa11
+  }..c759575d
+}..79c53012
+..ca92fcf3
+/***/ ..6cc29111
+/* 120..5b1b7e6b
+/***/ ..5c7c9910
+..ca92fcf3
+"use s..65cc5766
+Object..054493bb
+/* har..ba45af8c
+/* har..76ef13f1
+//..b2ffd4d3
+//..b2ffd4d3
+//..b2ffd4d3
+//..b2ffd4d3
+//..b2ffd4d3
+//..b2ffd4d3
+//..b2ffd4d3
+//..b2ffd4d3
+//..b2ffd4d3
+//..b2ffd4d3
+//..b2ffd4d3
+//..b2ffd4d3
+//..b2ffd4d3
+//..b2ffd4d3
+//..b2ffd4d3
+//..b2ffd4d3
+//..b2ffd4d3
+//..b2ffd4d3
+//..b2ffd4d3
+//..b2ffd4d3
+//..b2ffd4d3
+//..b2ffd4d3
+//..b2ffd4d3
+//..b2ffd4d3
+//..b2ffd4d3
+//..b2ffd4d3
+//..b2ffd4d3
+//..b2ffd4d3
+//..b2ffd4d3
+//..b2ffd4d3
+//..b2ffd4d3
+//..b2ffd4d3
+//..b2ffd4d3
+//..b2ffd4d3
+//..b2ffd4d3
+//..b2ffd4d3
+..ca92fcf3
+..ca92fcf3
+/* har..4407c348
+    da..434330ff
+      ..90cca19f
+      ..363fd507
+      ..b7da3044
+    },..2e4ecf86
+..ca92fcf3
+    wa..21987893
+    cr..11d6d2e4
+      ..dfd8b989
+    },..2e4ecf86
+..ca92fcf3
+    me..c6890eea
+      ..6f095bc3
+      ..abb7f9ce
+..ca92fcf3
+      ..6754f6c4
+      ..12ed56bd
+      ..62d41746
+      ..6a24fb50
+      ..4e1f1788
+      ..5e028c2d
+      ..5b653975
+      ..50913852
+      ..248dc828
+      ..431cd578
+      ..ce0af23e
+      ..29c6ca7c
+      ..e6e8fe2e
+    }..f6ac7233
+});..81d03a41
+..ca92fcf3
+/***/ ..6cc29111
+/* 121..c7d0b0bd
+/***/ ..538b28f3
+..ca92fcf3
+var re..ec7699ab
+  var ..f8c34621
+  var ..d859c23c
+  var ..f45b5123
+  retu..49ead2e8
+    _c..57f37e23
+      ..1082ee43
+      ..1be7fa4d
+      ..804d0cda
+      ..c625ec97
+      ..28c79a27
+      ..44720ce8
+      ..ac7acce3
+      ..fabd3540
+      ..764d33fc
+      ..ca35fd5d
+      ..ec010b59
+      ..f4a7f741
+      ..91257618
+      ..8d600e37
+      ..9ace20a4
+      ..d57753cb
+      ..0bfa9d0e
+    ])..80d9ecf3
+    _v..1d35cd16
+    _c..eaebc20c
+      ..a701cc50
+      ..2dd43b00
+      ..c961a491
+      ..10cc911e
+      ..0aad2652
+      ..b23fcac5
+      ..1836e759
+      ..f94a2a92
+      ..ddbddc3a
+      ..d108cd3a
+      ..9f8647b9
+      ..a6d6b77d
+      ..b22ffd61
+      ..6afba418
+      ..8f66ac05
+      ..6172e5f1
+      ..c1af7cab
+      ..4e351794
+      ..b27646be
+      ..4d23f1ff
+      ..d82652eb
+      ..cbdade3e
+      ..adff8765
+      ..0b736c16
+      ..adff8765
+      ..c6707756
+      ..adff8765
+      ..0fa119d8
+      ..89723f4b
+      ..9ca778eb
+      ..2afc3745
+      ..487ff319
+      ..4818c1e8
+      ..2e7f70ba
+      ..aa3efe6e
+      ..405d2bed
+      ..210144e9
+      ..377292c7
+      ..e580751c
+      ..575cc48d
+      ..51545ec8
+      ..c9a32a1b
+      ..5407092a
+      ..8f66ac05
+      ..af18cebf
+      ..bde4fb27
+      ..eace2c46
+      ..ab88aa96
+      ..b85b5ffa
+      ..02403675
+      ..7a1db44f
+      ..881de2ad
+      ..00ce8ac6
+      ..22d52cd7
+    ])..5b98fd32
+  ])..2d97f597
+}..79c53012
+var st..b2ff668d
+  func..0d726b7c
+    va..7ac6e45e
+    va..173f58c3
+    va..2686d9f1
+    re..d8b9e8fa
+      ..0b3ed5f3
+      ..030810d1
+      ..3ceb7cc5
+      ..31a185da
+      ..3ceb7cc5
+      ..79c10573
+      ..3ceb7cc5
+      ..7cd4549a
+      ..3ceb7cc5
+      ..e0cfa427
+      ..0bfa9d0e
+    ])..5b98fd32
+  }..c759575d
+]..f4589fa4
+render..35ff059f
+module..2d8d6fb3
+if (fa..22279a73
+  modu..4cdd5983
+  if (..c0c8eb07
+    re..609241b3
+  }..c759575d
+}..79c53012
+..ca92fcf3
+/***/ ..6cc29111
+/* 122..6003c2d3
+/***/ ..5c7c9910
+..ca92fcf3
+"use s..65cc5766
+Object..054493bb
+/* har..ba45af8c
+/* har..76ef13f1
+//..b2ffd4d3
+//..b2ffd4d3
+//..b2ffd4d3
+//..b2ffd4d3
+//..b2ffd4d3
+//..b2ffd4d3
+//..b2ffd4d3
+//..b2ffd4d3
+//..b2ffd4d3
+//..b2ffd4d3
+//..b2ffd4d3
+//..b2ffd4d3
+//..b2ffd4d3
+//..b2ffd4d3
+//..b2ffd4d3
+//..b2ffd4d3
+//..b2ffd4d3
+//..b2ffd4d3
+//..b2ffd4d3
+//..b2ffd4d3
+//..b2ffd4d3
+//..b2ffd4d3
+//..b2ffd4d3
+//..b2ffd4d3
+//..b2ffd4d3
+//..b2ffd4d3
+//..b2ffd4d3
+//..b2ffd4d3
+//..b2ffd4d3
+//..b2ffd4d3
+//..b2ffd4d3
+//..b2ffd4d3
+//..b2ffd4d3
+//..b2ffd4d3
+//..b2ffd4d3
+//..b2ffd4d3
+//..b2ffd4d3
+//..b2ffd4d3
+//..b2ffd4d3
+//..b2ffd4d3
+//..b2ffd4d3
+//..b2ffd4d3
+//..b2ffd4d3
+//..b2ffd4d3
+//..b2ffd4d3
+//..b2ffd4d3
+//..b2ffd4d3
+..ca92fcf3
+..ca92fcf3
+/* har..4407c348
+    na..ad530292
+    da..434330ff
+      ..90cca19f
+      ..c0a560eb
+      ..5d564d12
+      ..d66deada
+      ..624bbbd0
+      ..62eb694e
+      ..c4a4a2ed
+      ..c5af03da
+      ..b7da3044
+    },..2e4ecf86
+    cr..21e640b7
+    me..c6890eea
+      ..01b783d0
+      ..abb7f9ce
+..ca92fcf3
+      ..30ae1e6b
+      ..017f7f23
+      ..0eb9e305
+      ..cc754038
+      ..dfe823d3
+      ..b893a3d4
+      ..bd05d647
+      ..b67075d6
+      ..6e52e36f
+      ..20cf33ed
+      ..3f87a0ab
+      ..45800ad3
+      ..606c864d
+      ..6315ac83
+      ..3f87a0ab
+      ..388f8357
+      ..56a8b925
+      ..bb7a3831
+      ..b41e4ad7
+      ..f06b8745
+..ca92fcf3
+      ..19f1693c
+      ..248dc828
+      ..8ae96caa
+      ..4b5a6874
+      ..29c6ca7c
+      ..e6e8fe2e
+    }..f6ac7233
+});..81d03a41
+..ca92fcf3
+/***/ ..6cc29111
+/* 123..514b4e5c
+/***/ ..538b28f3
+..ca92fcf3
+var re..ec7699ab
+  var ..f8c34621
+  var ..d859c23c
+  var ..f45b5123
+  retu..49ead2e8
+    _c..06ba9c4d
+      ..a701cc50
+      ..c712a444
+      ..6a1ac7ca
+      ..10cc911e
+      ..0943b628
+      ..54b035fd
+      ..74d725e8
+      ..44720ce8
+      ..c93d21c3
+      ..fabd3540
+      ..d10721b8
+      ..54bdb4d2
+      ..a26b8116
+      ..299999d9
+      ..d580b4b0
+      ..248dc828
+      ..ec010b59
+      ..10ab5852
+      ..f4fb0d1b
+      ..357a8b8b
+      ..78503bf3
+      ..f150185d
+      ..71a90ed5
+      ..0eaf8d10
+      ..d9cb815f
+      ..5c675eb0
+      ..9dd66585
+      ..25310540
+      ..388f8357
+      ..a1b8f7a0
+      ..2a9f40c3
+      ..4fa902a2
+      ..ec78aaac
+      ..b26c5693
+      ..6e2f3a66
+      ..76cf206b
+      ..6b8717fe
+      ..fafe3a20
+      ..3a1cd79e
+      ..082211af
+      ..7a888d2a
+      ..63ddac75
+      ..dde991fb
+      ..2d67c9bb
+      ..6b3b3a70
+      ..d6179f38
+      ..3de8e3f6
+      ..bea7181c
+      ..aa3efe6e
+      ..3ff14db6
+      ..a1e63351
+      ..c9d85072
+      ..bea7181c
+      ..fde077bd
+      ..0364eb64
+      ..85d01e8d
+      ..b6f5e190
+      ..e580751c
+      ..f21ae9a7
+      ..51545ec8
+      ..320923b3
+      ..6e2f3a66
+      ..0b6d4e69
+      ..16502c7b
+      ..3ed198bb
+      ..c4af9cd3
+      ..19e12a18
+      ..2983f494
+      ..b4467a72
+      ..11c097f4
+      ..3fd57f6f
+      ..e436cb67
+      ..dae03332
+      ..a505d67a
+      ..bea7181c
+      ..abfbc2cd
+      ..a38f9025
+      ..cc3b85f3
+      ..eb56d6e6
+      ..fd7b7132
+      ..0d797dcb
+      ..c903c940
+      ..3bd2aabf
+      ..80f876e2
+      ..f4fb0d1b
+      ..357a8b8b
+      ..78503bf3
+      ..f150185d
+      ..71a90ed5
+      ..0eaf8d10
+      ..d9cb815f
+      ..5c675eb0
+      ..9dd66585
+      ..fdde88f1
+      ..388f8357
+      ..a1b8f7a0
+      ..2a9f40c3
+      ..4fa902a2
+      ..d0ccfdeb
+      ..b26c5693
+      ..6e2f3a66
+      ..76cf206b
+      ..6b8717fe
+      ..fafe3a20
+      ..3a1cd79e
+      ..082211af
+      ..513137d5
+      ..bb2c8123
+      ..dde991fb
+      ..2d67c9bb
+      ..6b3b3a70
+      ..d6179f38
+      ..d795211b
+      ..bea7181c
+      ..aa3efe6e
+      ..3ff14db6
+      ..8a45d372
+      ..8d78e9a4
+      ..bea7181c
+      ..fde077bd
+      ..7f9f61cb
+      ..85d01e8d
+      ..90bd313d
+      ..e580751c
+      ..1598ed06
+      ..51545ec8
+      ..320923b3
+      ..6e2f3a66
+      ..0b6d4e69
+      ..16502c7b
+      ..3ed198bb
+      ..c4af9cd3
+      ..19e12a18
+      ..2983f494
+      ..b4467a72
+      ..eb9929b8
+      ..08743b52
+      ..e436cb67
+      ..dae03332
+      ..a505d67a
+      ..bea7181c
+      ..3898af22
+      ..a38f9025
+      ..cc3b85f3
+      ..eb56d6e6
+      ..fd7b7132
+      ..0d797dcb
+      ..c903c940
+      ..3bd2aabf
+      ..80f876e2
+      ..055e5069
+      ..0fa119d8
+      ..38b912b4
+      ..72411792
+      ..2afc3745
+      ..487ff319
+      ..b94ebe81
+      ..2e7f70ba
+      ..092efbf9
+      ..1a6dfc74
+      ..c9a32a1b
+      ..57ce8958
+      ..74a7c6fb
+      ..cfc25463
+      ..487ff319
+      ..4818c1e8
+      ..2e7f70ba
+      ..bbd3fd0d
+      ..71b28e2d
+      ..c9a32a1b
+      ..7b68e462
+      ..8f66ac05
+      ..af18cebf
+      ..bde4fb27
+      ..eace2c46
+      ..687f4416
+      ..80f876e2
+      ..f4fb0d1b
+      ..14d84ec7
+      ..0a350003
+      ..7ce034b9
+      ..51971e92
+      ..d72a2cf7
+      ..30789459
+      ..0c58597c
+      ..d030ea93
+      ..c74a188d
+      ..ea38b2fc
+      ..0c274831
+      ..bbf0ce83
+      ..9eb8ff49
+      ..d3522b30
+      ..f150185d
+      ..7dc948ec
+      ..7f9ea949
+      ..71a90ed5
+      ..5db0e983
+      ..d9cb815f
+      ..588206d4
+      ..7614e87a
+      ..051e3fc9
+      ..0966e99b
+      ..51545ec8
+      ..388f8357
+      ..a1b8f7a0
+      ..d6525e23
+      ..fd7b7132
+      ..0d797dcb
+      ..c903c940
+      ..e971846f
+      ..c4e9a47e
+      ..92535106
+      ..91257618
+      ..e8fa2910
+      ..00ce8ac6
+      ..22d52cd7
+    ])..5b98fd32
+  ])..2d97f597
+}..79c53012
+var st..b2ff668d
+  func..0d726b7c
+    va..7ac6e45e
+    va..173f58c3
+    va..2686d9f1
+    re..3d9c3fb1
+      ..a701cc50
+      ..c712a444
+      ..526228ab
+      ..2b09ddbb
+      ..22d52cd7
+    ])..5b98fd32
+  }..c759575d
+]..f4589fa4
+render..35ff059f
+module..2d8d6fb3
+if (fa..22279a73
+  modu..4cdd5983
+  if (..c0c8eb07
+    re..3a42bb01
+  }..c759575d
+}..79c53012
+..ca92fcf3
+/***/ ..6cc29111
+/* 124..f2c9b5d8
+/***/ ..5c7c9910
+..ca92fcf3
+"use s..65cc5766
+Object..054493bb
+/* har..ba45af8c
+/* har..76ef13f1
+//..b2ffd4d3
+//..b2ffd4d3
+//..b2ffd4d3
+//..b2ffd4d3
+//..b2ffd4d3
+//..b2ffd4d3
+//..b2ffd4d3
+//..b2ffd4d3
+//..b2ffd4d3
+//..b2ffd4d3
+//..b2ffd4d3
+//..b2ffd4d3
+//..b2ffd4d3
+//..b2ffd4d3
+//..b2ffd4d3
+//..b2ffd4d3
+//..b2ffd4d3
+//..b2ffd4d3
+//..b2ffd4d3
+//..b2ffd4d3
+//..b2ffd4d3
+//..b2ffd4d3
+//..b2ffd4d3
+//..b2ffd4d3
+//..b2ffd4d3
+//..b2ffd4d3
+//..b2ffd4d3
+//..b2ffd4d3
+//..b2ffd4d3
+//..b2ffd4d3
+//..b2ffd4d3
+//..b2ffd4d3
+//..b2ffd4d3
+//..b2ffd4d3
+//..b2ffd4d3
+//..b2ffd4d3
+//..b2ffd4d3
+//..b2ffd4d3
+//..b2ffd4d3
+//..b2ffd4d3
+//..b2ffd4d3
+//..b2ffd4d3
+//..b2ffd4d3
+//..b2ffd4d3
+//..b2ffd4d3
+//..b2ffd4d3
+//..b2ffd4d3
+..ca92fcf3
+..ca92fcf3
+/* har..4407c348
+    na..8a53e149
+    da..434330ff
+      ..90cca19f
+      ..caa0ee67
+      ..d66deada
+      ..624bbbd0
+      ..62eb694e
+      ..c4a4a2ed
+      ..c5af03da
+      ..b7da3044
+    },..2e4ecf86
+    cr..11d6d2e4
+      ..ce4e5bb5
+    },..2e4ecf86
+    me..c6890eea
+      ..5a90c418
+      ..abb7f9ce
+..ca92fcf3
+      ..6754f6c4
+      ..12ed56bd
+      ..62d41746
+      ..87239db3
+      ..4e1f1788
+      ..5e028c2d
+      ..63c81dfb
+      ..4dd75d01
+      ..d62af0f4
+      ..100da4f1
+      ..96ed67dd
+..ca92fcf3
+      ..30ae1e6b
+      ..017f7f23
+      ..0eb9e305
+      ..cc754038
+      ..dfe823d3
+      ..f43d2915
+      ..4653c960
+      ..b67075d6
+      ..6e52e36f
+      ..126d077b
+      ..37ef5e46
+      ..25b5066f
+      ..606c864d
+      ..d6e441f9
+      ..37ef5e46
+      ..388f8357
+      ..56a8b925
+      ..55e763a4
+      ..c847293a
+      ..f06b8745
+..ca92fcf3
+      ..19f1693c
+      ..248dc828
+      ..d1d83d4a
+      ..9e153b13
+      ..29c6ca7c
+      ..e6e8fe2e
+    }..f6ac7233
+});..81d03a41
+..ca92fcf3
+/***/ ..6cc29111
+/* 125..22bb2947
+/***/ ..538b28f3
+..ca92fcf3
+var re..ec7699ab
+  var ..f8c34621
+  var ..d859c23c
+  var ..f45b5123
+  retu..49ead2e8
+    _c..06ba9c4d
+      ..a701cc50
+      ..c712a444
+      ..6a1ac7ca
+      ..10cc911e
+      ..0943b628
+      ..54b035fd
+      ..74d725e8
+      ..44720ce8
+      ..c93d21c3
+      ..fabd3540
+      ..d10721b8
+      ..54bdb4d2
+      ..a26b8116
+      ..18161c22
+      ..d580b4b0
+      ..248dc828
+      ..ec010b59
+      ..10ab5852
+      ..f4fb0d1b
+      ..357a8b8b
+      ..78503bf3
+      ..f150185d
+      ..71a90ed5
+      ..0eaf8d10
+      ..d9cb815f
+      ..5c675eb0
+      ..9dd66585
+      ..25310540
+      ..388f8357
+      ..a1b8f7a0
+      ..2a9f40c3
+      ..4fa902a2
+      ..ec78aaac
+      ..b26c5693
+      ..6e2f3a66
+      ..76cf206b
+      ..6b8717fe
+      ..fafe3a20
+      ..3a1cd79e
+      ..082211af
+      ..7a888d2a
+      ..63ddac75
+      ..dde991fb
+      ..2d67c9bb
+      ..6b3b3a70
+      ..d6179f38
+      ..3de8e3f6
+      ..bea7181c
+      ..aa3efe6e
+      ..3ff14db6
+      ..a1e63351
+      ..c9d85072
+      ..bea7181c
+      ..fde077bd
+      ..42c78890
+      ..85d01e8d
+      ..eafbcf7a
+      ..e580751c
+      ..b8362971
+      ..51545ec8
+      ..320923b3
+      ..6e2f3a66
+      ..0b6d4e69
+      ..16502c7b
+      ..3ed198bb
+      ..c4af9cd3
+      ..19e12a18
+      ..2983f494
+      ..b4467a72
+      ..11c097f4
+      ..3fd57f6f
+      ..e436cb67
+      ..dae03332
+      ..a505d67a
+      ..bea7181c
+      ..abfbc2cd
+      ..a38f9025
+      ..cc3b85f3
+      ..eb56d6e6
+      ..fd7b7132
+      ..0d797dcb
+      ..c903c940
+      ..3bd2aabf
+      ..80f876e2
+      ..f4fb0d1b
+      ..357a8b8b
+      ..78503bf3
+      ..f150185d
+      ..71a90ed5
+      ..0eaf8d10
+      ..d9cb815f
+      ..5c675eb0
+      ..9dd66585
+      ..fdde88f1
+      ..388f8357
+      ..a1b8f7a0
+      ..2a9f40c3
+      ..4fa902a2
+      ..d0ccfdeb
+      ..b26c5693
+      ..6e2f3a66
+      ..76cf206b
+      ..6b8717fe
+      ..fafe3a20
+      ..3a1cd79e
+      ..082211af
+      ..513137d5
+      ..bb2c8123
+      ..dde991fb
+      ..2d67c9bb
+      ..6b3b3a70
+      ..d6179f38
+      ..d795211b
+      ..bea7181c
+      ..aa3efe6e
+      ..3ff14db6
+      ..8a45d372
+      ..8d78e9a4
+      ..bea7181c
+      ..fde077bd
+      ..0fa2c397
+      ..85d01e8d
+      ..96392b1b
+      ..e580751c
+      ..3de08c6d
+      ..51545ec8
+      ..320923b3
+      ..6e2f3a66
+      ..0b6d4e69
+      ..16502c7b
+      ..3ed198bb
+      ..c4af9cd3
+      ..19e12a18
+      ..2983f494
+      ..b4467a72
+      ..eb9929b8
+      ..08743b52
+      ..e436cb67
+      ..dae03332
+      ..a505d67a
+      ..bea7181c
+      ..3898af22
+      ..a38f9025
+      ..cc3b85f3
+      ..eb56d6e6
+      ..fd7b7132
+      ..0d797dcb
+      ..c903c940
+      ..3bd2aabf
+      ..80f876e2
+      ..055e5069
+      ..0fa119d8
+      ..38b912b4
+      ..72411792
+      ..2afc3745
+      ..487ff319
+      ..b94ebe81
+      ..2e7f70ba
+      ..092efbf9
+      ..1a6dfc74
+      ..c9a32a1b
+      ..57ce8958
+      ..74a7c6fb
+      ..cfc25463
+      ..487ff319
+      ..4818c1e8
+      ..2e7f70ba
+      ..bbd3fd0d
+      ..71b28e2d
+      ..c9a32a1b
+      ..7b68e462
+      ..8f66ac05
+      ..af18cebf
+      ..bde4fb27
+      ..eace2c46
+      ..687f4416
+      ..80f876e2
+      ..f4fb0d1b
+      ..14d84ec7
+      ..0a350003
+      ..7ce034b9
+      ..51971e92
+      ..d72a2cf7
+      ..30789459
+      ..0c58597c
+      ..d030ea93
+      ..c74a188d
+      ..ea38b2fc
+      ..0c274831
+      ..bbf0ce83
+      ..9eb8ff49
+      ..d3522b30
+      ..f150185d
+      ..7dc948ec
+      ..7f9ea949
+      ..71a90ed5
+      ..5db0e983
+      ..d9cb815f
+      ..588206d4
+      ..7614e87a
+      ..051e3fc9
+      ..0966e99b
+      ..51545ec8
+      ..388f8357
+      ..a1b8f7a0
+      ..d6525e23
+      ..fd7b7132
+      ..0d797dcb
+      ..c903c940
+      ..e971846f
+      ..c4e9a47e
+      ..92535106
+      ..91257618
+      ..e8fa2910
+      ..00ce8ac6
+      ..22d52cd7
+    ])..5b98fd32
+  ])..2d97f597
+}..79c53012
+var st..b2ff668d
+  func..0d726b7c
+    va..7ac6e45e
+    va..173f58c3
+    va..2686d9f1
+    re..3d9c3fb1
+      ..a701cc50
+      ..c712a444
+      ..526228ab
+      ..fe8e051e
+      ..22d52cd7
+    ])..5b98fd32
+  }..c759575d
+]..f4589fa4
+render..35ff059f
+module..2d8d6fb3
+if (fa..22279a73
+  modu..4cdd5983
+  if (..c0c8eb07
+    re..33f5d417
+  }..c759575d
+}..79c53012
+..ca92fcf3
--- /de..563c130b
+<templ..b12d97f8
+<div c..31140842
+    <s..2753f2a6
+      ..62284cc1
+      ..06d98faa
+..ca92fcf3
+				<r..a85dd000
+      ..12c73fea
+      ..5be12eae
+    </..171a1332
+	<div ..2fbfb5f3
+		<tab..4544a159
+			<th..a44b05fa
+			<tr..5363f2f0
+				<t..0c47e4a9
+				<t..9e520ba8
+				<t..c2e73bef
+      ..e2b48878
+			</t..72d2fdfe
+			</t..a6277314
+..ca92fcf3
+			<tb..b0b07bf4
+      ..f7cc5a1f
+      ..e0b3f48d
+      ..23d280d0
+      ..38ebb1bb
+      ..0896bd66
+      ..62ae01b3
+      ..4c4639ea
+			</t..6521cd3d
+		</ta..c620b5d9
+	</div..2a2a1e97
+</div>..47a1ab29
+</temp..cd3a214c
+..ca92fcf3
+<scrip..b01586be
+  impo..1b0f7e16
+    ex..b996eaf2
+      ..14b9f754
+      ..e9d3f1f6
+				ap..ef0d2718
+      ..0ed793d6
+      ..d62af0f4
+      ..950d26fa
+..ca92fcf3
+		},..712ad964
+      ..643aa1de
+      ..ca716d2a
+      ..1d9a5d08
+      ..d62af0f4
+..ca92fcf3
+      ..800bf765
+      ..eb0b799f
+      ..83f2e7fa
+      ..fab2bd1e
+      ..4694e2fd
+      ..7763b1e3
+      ..7b17bef8
+      ..8755772b
+      ..1d28e450
+      ..d6c5cd18
+      ..2e5364c8
+      ..7116fef4
+      ..9eb8ff49
+      ..1d28e450
+      ..a85504c1
+      ..a893a993
+      ..989cd879
+      ..a645b753
+      ..e6e8fe2e
+    }..f6ac7233
+</scri..ef9bb93f
--- /de..563c130b
+<templ..b12d97f8
+    <d..3c67258f
+      ..62284cc1
+      ..77202d2c
+      ..8290ddee
+      ..0024672f
+      ..edede5a4
+      ..86a61a8f
+      ..45e958f8
+      ..de2d3b04
+      ..ba5bc5aa
+..ca92fcf3
+      ..8fdade54
+      ..12bc302b
+      ..4433bf46
+      ..1d5c5bf6
+      ..c2dcc237
+      ..3d324a88
+      ..45e958f8
+..ca92fcf3
+      ..8fdade54
+      ..6d8c2e94
+      ..d2fe8c5e
+      ..7eeeaeff
+      ..753cf41f
+      ..3d324a88
+      ..45e958f8
+..ca92fcf3
+      ..8fdade54
+      ..b3c0debe
+      ..1e757fbb
+      ..cc3132ad
+      ..43d6a399
+      ..3d324a88
+      ..45e958f8
+..ca92fcf3
+      ..8fdade54
+      ..25ada68e
+      ..5a3a4fbc
+      ..25c1cb61
+      ..ba1a1163
+      ..45e958f8
+..ca92fcf3
+      ..801c318b
+      ..758ddc9f
+      ..8124316d
+      ..b6ee2157
+..ca92fcf3
+      ..9ce3ac8b
+      ..dc89da33
+      ..12c73fea
+      ..5be12eae
+    </..0f7308d9
+</temp..cd3a214c
+..ca92fcf3
+<scrip..b01586be
+import..9ff5b9fe
+export..ec030624
+    na..f955dd6a
+    da..5491daf1
+      ..54deb3ee
+      ..afcab134
+      ..8040ec54
+      ..030c1d10
+      ..7c2115e5
+      ..eeb55a44
+      ..1b449863
+      ..a49760dd
+..ca92fcf3
+    })..2ad5fb7c
+    cr..5f63e02e
+..ca92fcf3
+    },..2e4ecf86
+    me..c6890eea
+      ..33afdf6b
+      ..ca716d2a
+      ..f97e5944
+      ..017f7f23
+      ..c878f160
+      ..cc754038
+      ..dfe823d3
+      ..4e614df7
+      ..453cae54
+      ..dcfd42b7
+      ..e740f639
+      ..80d9627f
+      ..7f3546db
+      ..51bd0074
+      ..02b451bf
+      ..f8588c84
+      ..7fa4c307
+      ..d86085a8
+      ..02b451bf
+      ..388f8357
+      ..dcfd42b7
+      ..933f21c1
+      ..8c421b18
+      ..59e28fa1
+      ..f06b8745
+..ca92fcf3
+      ..19f1693c
+      ..248dc828
+      ..f17c5fe7
+      ..e8404706
+..ca92fcf3
+      ..29c6ca7c
+      ..e6e8fe2e
+    }..f6ac7233
+};..8f4d3c58
+</scri..ef9bb93f
--- /de..563c130b
+<templ..b12d97f8
+    <d..3c67258f
+      ..62284cc1
+      ..77202d2c
+      ..8290ddee
+      ..0024672f
+      ..edede5a4
+      ..7929cbc2
+      ..45e958f8
+      ..de2d3b04
+      ..1fb55406
+..ca92fcf3
+      ..8fdade54
+      ..12bc302b
+      ..4433bf46
+      ..a7f60aa9
+      ..c2dcc237
+      ..3d324a88
+      ..45e958f8
+..ca92fcf3
+      ..8fdade54
+      ..6d8c2e94
+      ..d2fe8c5e
+      ..a1187be3
+      ..753cf41f
+      ..3d324a88
+      ..45e958f8
+..ca92fcf3
+      ..8fdade54
+      ..b3c0debe
+      ..1e757fbb
+      ..10ed6d1a
+      ..43d6a399
+      ..3d324a88
+      ..45e958f8
+..ca92fcf3
+      ..8fdade54
+      ..25ada68e
+      ..5a3a4fbc
+      ..25c1cb61
+      ..ba1a1163
+      ..45e958f8
+..ca92fcf3
+      ..801c318b
+      ..758ddc9f
+      ..8124316d
+      ..b6ee2157
+..ca92fcf3
+      ..9ce3ac8b
+      ..dc89da33
+      ..12c73fea
+      ..5be12eae
+    </..0f7308d9
+</temp..cd3a214c
+..ca92fcf3
+<scrip..b01586be
+import..9ff5b9fe
+export..ec030624
+    na..bbd30f1b
+    da..5491daf1
+      ..2ea048d1
+      ..030c1d10
+      ..7c2115e5
+      ..eeb55a44
+      ..1b449863
+      ..a49760dd
+..ca92fcf3
+    })..2ad5fb7c
+    cr..5f63e02e
+      ..144bae41
+    },..2e4ecf86
+    me..c6890eea
+      ..5dcb7988
+      ..83f2e7fa
+      ..fab2bd1e
+      ..4694e2fd
+      ..7763b1e3
+      ..b477ec7e
+      ..8755772b
+      ..1d28e450
+      ..d6c5cd18
+      ..19341d04
+      ..1d28e450
+      ..a85504c1
+..ca92fcf3
+      ..989cd879
+      ..a645b753
+..ca92fcf3
+      ..04681cb9
+      ..ca716d2a
+      ..f97e5944
+      ..017f7f23
+      ..c878f160
+      ..cc754038
+      ..dfe823d3
+      ..63811c84
+      ..453cae54
+      ..dcfd42b7
+      ..e740f639
+      ..80d9627f
+      ..7f3546db
+      ..51bd0074
+      ..02b451bf
+      ..f8588c84
+      ..7fa4c307
+      ..d86085a8
+      ..02b451bf
+      ..388f8357
+      ..dcfd42b7
+      ..933f21c1
+      ..8c421b18
+      ..59e28fa1
+      ..f06b8745
+..ca92fcf3
+      ..19f1693c
+      ..248dc828
+      ..f17c5fe7
+      ..e8404706
+      ..29c6ca7c
+      ..e6e8fe2e
+    }..f6ac7233
+};..8f4d3c58
+</scri..ef9bb93f
+      ..b9661abf
+      ..3d9f5003
--- /de..563c130b
+<templ..b12d97f8
+    <d..3c67258f
+      ..ef7ff61f
+      ..85c398e1
+      ..55fb5730
+..ca92fcf3
+      ..bf47b243
+      ..347ca495
+      ..12c73fea
+      ..d10eb99a
+      ..f936de56
+      ..c9856ea7
+      ..de396d3e
+      ..1ffeb27f
+      ..4b5fb9bc
+      ..ac88d19c
+      ..e3c7b3aa
+      ..2671acfa
+      ..b14362b3
+      ..4c4639ea
+      ..9d43fd05
+..ca92fcf3
+      ..a1822ff7
+      ..c90ada70
+      ..c8b54ced
+      ..035409d8
+      ..44b47785
+      ..98056c1e
+      ..127ad700
+      ..730eb15f
+      ..8c8daa23
+      ..affcda78
+      ..5be12eae
+    </..0f7308d9
+</temp..cd3a214c
+..ca92fcf3
+<scrip..b01586be
+import..9ff5b9fe
+    ex..b996eaf2
+      ..14b9f754
+      ..e9d3f1f6
+				id..1f97873d
+      ..0ed793d6
+      ..d62af0f4
+      ..950d26fa
+..ca92fcf3
+		},..712ad964
+      ..643aa1de
+      ..ca716d2a
+      ..e4dcb140
+      ..d62af0f4
+..ca92fcf3
+      ..800bf765
+      ..ae996d9f
+      ..83f2e7fa
+      ..fab2bd1e
+      ..4694e2fd
+      ..7763b1e3
+      ..d53fb679
+      ..8755772b
+      ..1d28e450
+      ..d6c5cd18
+      ..2e5364c8
+      ..8081ed86
+      ..9eb8ff49
+      ..1d28e450
+      ..a85504c1
+      ..a893a993
+      ..989cd879
+      ..a645b753
+      ..e6e8fe2e
+    }..f6ac7233
+</scri..ef9bb93f
--- /de..563c130b
+<templ..b12d97f8
+    <d..3c67258f
+      ..62284cc1
+      ..77202d2c
+      ..8290ddee
+      ..0024672f
+      ..edede5a4
+      ..eae90b78
+      ..45e958f8
+      ..de2d3b04
+      ..7854ab7c
+..ca92fcf3
+      ..8fdade54
+      ..5d72c0f3
+      ..3a323c83
+      ..2a6cf457
+      ..5e5db9fb
+      ..3d324a88
+      ..45e958f8
+..ca92fcf3
+      ..8fdade54
+      ..10196d3f
+      ..c13d6f5b
+      ..cff4ec74
+      ..094762c4
+      ..3d324a88
+      ..45e958f8
+..ca92fcf3
+      ..8fdade54
+      ..25ada68e
+      ..5a3a4fbc
+      ..c4ffe71d
+      ..ba1a1163
+      ..45e958f8
+..ca92fcf3
+      ..801c318b
+      ..758ddc9f
+      ..8124316d
+      ..b6ee2157
+..ca92fcf3
+      ..9ce3ac8b
+      ..dc89da33
+      ..12c73fea
+      ..5be12eae
+    </..0f7308d9
+</temp..cd3a214c
+..ca92fcf3
+<scrip..b01586be
+import..9ff5b9fe
+export..ec030624
+    na..ad530292
+    da..5491daf1
+      ..a796d33b
+      ..c38bafc2
+      ..030c1d10
+      ..7c2115e5
+      ..eeb55a44
+      ..1b449863
+      ..a49760dd
+    })..2ad5fb7c
+    cr..5f63e02e
+..ca92fcf3
+    },..2e4ecf86
+    me..c6890eea
+      ..894c3ecd
+      ..ca716d2a
+      ..f97e5944
+      ..017f7f23
+      ..c878f160
+      ..cc754038
+      ..dfe823d3
+      ..a573ab91
+      ..453cae54
+      ..dcfd42b7
+      ..e740f639
+      ..7f3546db
+      ..13f603ed
+      ..02b451bf
+      ..14312eb5
+      ..7fa4c307
+      ..d86085a8
+      ..02b451bf
+      ..388f8357
+      ..dcfd42b7
+      ..933f21c1
+      ..8c421b18
+      ..59e28fa1
+      ..f06b8745
+..ca92fcf3
+      ..19f1693c
+      ..248dc828
+      ..f17c5fe7
+      ..e8404706
+      ..29c6ca7c
+      ..e6e8fe2e
+    }..f6ac7233
+};..8f4d3c58
+</scri..ef9bb93f
--- /de..563c130b
+<templ..b12d97f8
+    <d..3c67258f
+      ..62284cc1
+      ..77202d2c
+      ..8290ddee
+      ..0024672f
+      ..edede5a4
+      ..5c746131
+      ..45e958f8
+      ..de2d3b04
+      ..17347a9e
+..ca92fcf3
+      ..8fdade54
+      ..5d72c0f3
+      ..3a323c83
+      ..40c20b2f
+      ..5e5db9fb
+      ..3d324a88
+      ..45e958f8
+..ca92fcf3
+      ..8fdade54
+      ..10196d3f
+      ..c13d6f5b
+      ..ed47c345
+      ..094762c4
+      ..3d324a88
+      ..45e958f8
+..ca92fcf3
+      ..8fdade54
+      ..25ada68e
+      ..5a3a4fbc
+      ..c4ffe71d
+      ..ba1a1163
+      ..45e958f8
+..ca92fcf3
+      ..801c318b
+      ..758ddc9f
+      ..8124316d
+      ..b6ee2157
+..ca92fcf3
+      ..9ce3ac8b
+      ..dc89da33
+      ..12c73fea
+      ..5be12eae
+    </..0f7308d9
+</temp..cd3a214c
+..ca92fcf3
+<scrip..b01586be
+import..9ff5b9fe
+export..ec030624
+    na..8a53e149
+    da..5491daf1
+      ..f8bceafe
+      ..030c1d10
+      ..7c2115e5
+      ..eeb55a44
+      ..1b449863
+      ..a49760dd
+    })..2ad5fb7c
+    cr..5f63e02e
+      ..ce4e5bb5
+    },..2e4ecf86
+    me..c6890eea
+      ..f5d4acb1
+      ..ca716d2a
+      ..2e369f82
+      ..12ed56bd
+      ..62d41746
+      ..0f135aee
+      ..21059be1
+      ..ba7ba154
+      ..7f9a8aac
+      ..55cc5ed0
+      ..ba7ba154
+      ..4a8ef5a5
+..ca92fcf3
+      ..29c6ca7c
+      ..d62af0f4
+..ca92fcf3
+      ..001463b5
+      ..ca716d2a
+      ..f97e5944
+      ..017f7f23
+      ..c878f160
+      ..cc754038
+      ..dfe823d3
+      ..427cae49
+      ..453cae54
+      ..dcfd42b7
+      ..e740f639
+      ..7f3546db
+      ..43388ad6
+      ..02b451bf
+      ..14312eb5
+      ..7fa4c307
+      ..d86085a8
+      ..02b451bf
+      ..388f8357
+      ..dcfd42b7
+      ..933f21c1
+      ..8c421b18
+      ..59e28fa1
+      ..f06b8745
+..ca92fcf3
+      ..19f1693c
+      ..248dc828
+      ..f17c5fe7
+      ..e8404706
+      ..29c6ca7c
+      ..e6e8fe2e
+    }..f6ac7233
+};..8f4d3c58
+</scri..ef9bb93f
+import..0d0e4a59
+import..2670e2fa
+import..016985ee
+import..90c0a3b2
+import..5204c7bb
+import..4b0c8657
+    pa..2a4c5f35
+    co..433eb191
+    na..de210ddd
+    be..f413cbd6
+  },..14e079e1
+  {..1b4f1ac7
+    pa..7d751bad
+    co..6a1258cd
+    na..f955dd6a
+    be..f413cbd6
+  },..14e079e1
+  {..1b4f1ac7
+    pa..b6b8d0f5
+    co..ece2f014
+    na..bbd30f1b
+    be..f413cbd6
+  },..14e079e1
+  {..1b4f1ac7
+    pa..b7937ad0
+    co..7c9ae7c5
+    na..d9403fe6
+    be..f413cbd6
+  },..14e079e1
+  {..1b4f1ac7
+    pa..ce472647
+    co..2d6c2053
+    na..ad530292
+    be..f413cbd6
+  },..14e079e1
+  {..1b4f1ac7
+    pa..9e67c5fa
+    co..bfd9c9c4
+    na..8a53e149
+    be..f413cbd6
+  },..14e079e1
+  {..1b4f1ac7