-var co..37ce831e
-var is..3475db6d
+var co..760941e8
+var is..a5bc95db
-		var ..55d1ddce
-		var ..6541bb30
-		var ..fbd6602a
-		retu..2ff96748
+		retu..8eebd066
-var tr..1b14e878
+var tr..2319c1d4
+	if (t..b1272f1e
+  }, {..443f756f
+    pa..3a2d54be
+    co..b3b5b25d
+    na..824e4193
+  }, {..443f756f
+    pa..d1980029
+    co..049f76bb
+    na..9bf89d12
-  path..6d331b37
+  path..270a6b6b
+  comp..7dc79d85
+  name..dda75eff
+  befo..69f1e94f
+}, {..15b709e7
+  path..a3cd47ae
-}, {..4692a7b8
-  path..fd9df85d
-  comp..3fc15b60
-  name..58652587
-  befo..152889d1
-}, {..4692a7b8
-  path..e9afdab8
-  comp..3f1491ff
-  befo..71b954e5
-  chil..cf3eb4ae
-    pa..5d2589ce
-    co..f733b63c
-    na..73e9efd9
-  }, {..a89e3b56
-    pa..37802913
-    co..da4b0dc1
-    na..20c066ae
-  }]..635d6e71
+/* har..7395c0b7
+/* har..5cf32c08
+/* har..0126076e
+/* har..a340137d
-//..94358120
+..d55bfba3
+..d55bfba3
-      ..06a824f0
+      ..7d3b6a63
+      ..b628a3b2
+      ..7c5eb689
-      ..5d8840ca
-      ..39757f6c
-      ..ea644c4a
-      ..22db62fa
-      ..1281e505
-      ..3f4a26e7
-      ..f4bd73b9
-      ..c128858c
-      ..00c4a2ef
-      ..ceb83dc9
+      ..94609395
-      ..82b21c9d
+      ..21f64054
-      ..481a2748
+      ..c26b20b5
-      ..ea644c4a
-      ..65106d92
+      ..947901c0
+      ..8dfc0975
-      ..fa2dc7a6
+      ..a5fe0847
-      ..a73d9972
-      ..c49edac0
-      ..f6076fc9
+      ..f88519ba
+      ..37846c67
+    im..747ab087
+    im..53d0e2b7
-      ..d8571f71
+      ..801b8e3a
+      ..4d7f7b04
+      ..ac40ddf8
+    },..9dc1c534
+    {..4f234314
+      ..7348e497
+      ..22d96430
+      ..7d015e25
+    },..9dc1c534
+    {..4f234314
+      ..2cae2685
+      ..dce27874
+      ..83fd2e0b
-    pa..dea50348
+    pa..7c8c2683
+    co..2dc3daeb
+    na..8b4f1703
+    be..23ab1c80
+  },..272a2450
+  {..d672ad82
+    pa..3b5cd6df
-  {..d2d3f5d4
-    pa..088d7e3a
-    co..fefc37d9
-    na..dafe8e10
-    be..39c50237
-  },..550eb28d
-  {..d2d3f5d4
-    pa..808a5a6f
-    co..7c9b9887
-    be..39c50237
-    ch..5521ec46
-      ..52960b5a
-      ..51f659d9
-      ..434036d4
-    },..b646c5f0
-    {..1240c81e
-      ..275050d9
-      ..e7acb600
-      ..24e44c6d
-    }]..f66f81dc
-  },..550eb28d