-      ..71924ad6
+      ..b1a844d8
+      ..b10b3e59
--- /de..cd6637bb
+<?php..80fb4f41
+/**..c94fbc95
+ * Cre..322a32a4
+ * Use..2daef1aa
+ * Dat..1f1ecf68
+ * Tim..c5ff39c3
+ */..f3dd1bbe
+..6b7b126a
+namesp..b3abe614
+..6b7b126a
+use Gr..18c690c4
+use Gr..dec9e3dc
+use Gr..7447f87e
+use Gr..5f8e5f32
+..6b7b126a
+class ..9a82f13f
+{..ad71ddde
+    pr..16656c11
+    pr..03dd6beb
+..6b7b126a
+    pu..0c1a9994
+    {..8f9f2061
+      ..8fb56351
+    }..fc13daa4
+..6b7b126a
+    pu..6fc96fa8
+    {..8f9f2061
+      ..a78e830f
+    }..fc13daa4
+..6b7b126a
+    /*..db9b2b0f
+     *..99e65461
+     *..b131244e
+     *..bfdd08af
+    pu..48ab8d02
+    {..8f9f2061
+      ..281a154a
+      ..bbddcded
+..6b7b126a
+      ..c8fa659c
+      ..9917187c
+      ..396db814
+      ..133373c8
+      ..39cd7f56
+      ..34bee405
+      ..f2951643
+      ..87f73aec
+..6b7b126a
+      ..98ceb1a9
+      ..18f95d56
+      ..f1ec09ae
+      ..87f73aec
+      ..f9e1fe19
+      ..f0122ee7
+      ..61c07668
+      ..cf8c305c
+      ..203ee547
+      ..f66e0ffe
+      ..3c88af5b
+      ..c0bf78c2
+      ..4ae1d166
+      ..546bab10
+      ..73cecfa6
+      ..4ae1d166
+    }..fc13daa4
+..6b7b126a
+    pu..7573bfc4
+    {..8f9f2061
+      ..3eed6eaf
+    }..fc13daa4
+}..faf2cdb9
+use En..f958debb
-      ..55e5a77e
+      ..6b073d58
+      ..3c4aad79
+      ..68ed4f34
+use En..f958debb
-      ..d1d28c8d
+      ..6b073d58
+      ..3c4aad79
+      ..b04e877d
+use En..f958debb
-      ..e3f3f7e4
+      ..6b073d58
+      ..3c4aad79
+      ..7c27b759
+use En..f958debb
+use Il..eddea5b7
+      ..6b073d58
+      ..77706cf8
+      ..3c4aad79
+      ..b8efffae
-      ..f998c18d
+      ..6c2107f4
+      ..4ae1d166
+use En..f958debb
-      ..4c4cbaa7
+      ..6b073d58
+      ..3c4aad79
+      ..823bea29
+use En..f958debb
-      ..fcee9f8f
+      ..6b073d58
+      ..3c4aad79
+      ..b6e61522
+use En..f958debb
-      ..2a1a619d
+      ..6b073d58
+      ..3c4aad79
+      ..c7456e40
-..000be5a0
+..6b7b126a
+use En..f958debb
-      ..48d4f1ee
+      ..6b073d58
+      ..3c4aad79
+      ..c1d988b0
+      ..bd9aaa41
+      ..03aa5745
+      ..81a83763
+      ..41e2aefa
+      ..67aef281
+      ..bd9aaa41
+      ..7b2c0842
+      ..14676b89
+      ..cf0c1c8b
+      ..bd9aaa41
+      ..03aa5745
+      ..81a83763
+      ..48620880
+      ..67aef281
+      ..bd9aaa41
+      ..7b2c0842
+      ..14676b89
+      ..cf0c1c8b
+      ..bd9aaa41
+      ..03aa5745
+      ..81a83763
+      ..a423428c
+      ..67aef281
+      ..bd9aaa41
+      ..7b2c0842
+      ..14676b89
+      ..cf0c1c8b
-use Gr..75dc6c0e
+use Gr..b2295d1e
+..6b7b126a
+    pu..b2b2eb82
+    {..8f9f2061
+      ..ecdef87b
+      ..81a83763
+      ..f74555cb
+      ..67aef281
+      ..bd9aaa41
+      ..7b2c0842
+      ..14676b89
+      ..cf0c1c8b
+      ..430b68bb
+      ..c1da34bf
+    }..fc13daa4
+      ..bd9aaa41
+      ..03aa5745
+      ..81a83763
+      ..a2d731fb
+      ..67aef281
+      ..bd9aaa41
+      ..7b2c0842
+      ..14676b89
+      ..cf0c1c8b
-..000be5a0
+      ..bd9aaa41
+      ..03aa5745
+      ..81a83763
+      ..43fa30ef
+      ..67aef281
+      ..bd9aaa41
+      ..7b2c0842
+      ..14676b89
+      ..cf0c1c8b
+      ..bd9aaa41
+      ..03aa5745
+      ..81a83763
+      ..9c5cfa31
+      ..67aef281
+      ..bd9aaa41
+      ..7b2c0842
+      ..14676b89
+      ..cf0c1c8b
+      ..03aa5745
+      ..81a83763
+      ..ddf72bcc
+      ..67aef281
+      ..bd9aaa41
+      ..7b2c0842
+      ..14676b89
+      ..cf0c1c8b
+      ..430b68bb