+    pr..0fbd1a8b
+      ..b9d0f1af
+    ];..da9853f6
+..6b7b126a
+    pu..11c9df7c
+    {..8f9f2061
+      ..3b560258
+    }..fc13daa4
+..6b7b126a
+..6b7b126a
+    pu..31c170f0
+    {..8f9f2061
+      ..d8fbc379
+      ..d058b1ff
+      ..3e4ea1cb
+      ..e348ea1b
+      ..4c478a1d
+    }..fc13daa4
-      ..f8cc157e
+      ..b7b2616d
+      ..fd1bf7ff
-      ..5b043b00
+      ..0576b42e
+      ..cdc0cf09
+    pr..d2932f78
+..6b7b126a
+..6b7b126a
+    /*..db9b2b0f
+     *..a83d0da3
+     *..851d3a11
+     *..bfdd08af
+    pu..11c9df7c
+    {..8f9f2061
+      ..3b560258
+    }..fc13daa4
+..6b7b126a
+    /*..db9b2b0f
+     *..12a3d173
+     *..fa13f56e
+     *..851d3a11
+     *..bfdd08af
+    pu..31c170f0
+    {..8f9f2061
+      ..d8fbc379
+      ..d058b1ff
+      ..3e4ea1cb
+      ..e348ea1b
+      ..4c478a1d
+    }..fc13daa4
+    pr..0fbd1a8b
+      ..5344ab6d
+    ];..da9853f6
+..6b7b126a
+    pr..0fbd1a8b
+      ..33cc2200
+    ];..da9853f6
+..6b7b126a
+    pr..0fbd1a8b
+      ..ef36c0e8
+    ];..da9853f6
+..6b7b126a
+    pu..11c9df7c
+    {..8f9f2061
+      ..3b560258
+    }..fc13daa4
+..6b7b126a
+    pr..0fbd1a8b
+      ..006dc47c
+    ];..da9853f6
+..6b7b126a
+    pr..0fbd1a8b
+      ..d3a31e3b
+    ];..da9853f6
+..6b7b126a
--- /de..cd6637bb
+<?php..80fb4f41
+namesp..ae40084b
+..6b7b126a
+use En..9ab27df8
+use En..cac948c9
+use En..8041db68
+use En..9ff3f8c6
+use Gr..5675217c
+use Gr..b2295d1e
+use Fo..cb727ad3
+use Ap..5c063916
+use Il..afe806ef
+..6b7b126a
+class ..bc71122a
+{..ad71ddde
+    pr..53f706fb
+      ..84932a76
+      ..fe158fd2
+    ];..da9853f6
+..6b7b126a
+    pu..c4338e19
+    {..8f9f2061
+      ..ee691ff2
+    }..fc13daa4
+..6b7b126a
+    pu..03f3a080
+    {..8f9f2061
+      ..ecdef87b
+      ..8672e31b
+      ..c1da34bf
+    }..fc13daa4
+..6b7b126a
+    pu..1e931920
+    {..8f9f2061
+      ..c5779c76
+      ..863d0ef9
+..6b7b126a
+      ..04b8e9c7
+      ..84ed3620
+      ..d450f795
+      ..c5d4264a
+      ..12c61bb9
+      ..dd9d40ce
+..6b7b126a
+      ..ce0fffa6
+      ..e213638d
+    }..fc13daa4
+}..faf2cdb9
-      ..b5750f9f
+      ..78299c67
--- /de..cd6637bb
+<?php..80fb4f41
+/**..c94fbc95
+ * Cre..322a32a4
+ * Use..2daef1aa
+ * Dat..0399dbad
+ * Tim..ff4c6bc9
+ */..f3dd1bbe
+..6b7b126a
+namesp..8afc8871
+..6b7b126a
+use Gr..5675217c
+use Gr..ff5a791e
+use Fo..6408d5c7
+..6b7b126a
+class ..2f88e140
+{..ad71ddde
+    pr..53f706fb
+      ..39a9192a
+      ..7f7dfbbc
+    ];..da9853f6
+..6b7b126a
+    pu..2b096418
+    {..8f9f2061
+      ..ecdef87b
+      ..4a92620e
+      ..6542db79
+      ..8b43fa83
+      ..d98f7329
+      ..11bba5f2
+      ..9607c3ae
+      ..c1da34bf
+    }..fc13daa4
+..6b7b126a
+    pu..9e163382
+      ..c5099f17
+      ..b89f4cae
+      ..a50382b5
+      ..96498f29
+      ..ce5d2eff
+      ..1b09e154
+      ..96498f29
+      ..90b16a0f
+      ..87fa2ff0
+      ..96498f29
+      ..75548ab3
+      ..4def2e30
+      ..96498f29
+      ..5a71ef01
+      ..49f3f9e5
+      ..96498f29
+      ..4ae1d166
+      ..1b240cd1
+    }..fc13daa4
+}..faf2cdb9
-      ..7e0219fe
+      ..78299c67
-      ..7e0219fe
+      ..78299c67
-      ..7e0219fe
+      ..78299c67