+<<<<<<..38cd874b
+======..5b4f3941
+      ..d5f2b8db
+>>>>>>..29ed0129
+<<<<<<..38cd874b
+======..5b4f3941
+>>>>>>..29ed0129
+<<<<<<..38cd874b
+======..5b4f3941
+/*****..b460fe96
+>>>>>>..29ed0129
+<<<<<<..38cd874b
+======..5b4f3941
+/* 49 ..dbca0cbf
+/***/ ..39dfc5b8
+..bec2aab3
+module..97bb40aa
+..bec2aab3
+..bec2aab3
+/***/ ..1c1de143
+/* 50 ..b8dbb998
+>>>>>>..29ed0129
+<<<<<<..38cd874b
+======..5b4f3941
+/* har..c8f52683
+/* har..aff9b1d5
+/* har..ab73dbbc
+/* har..0744b78f
+/* har..3788e2ea
+/* har..2477935d
+/* har..fb87a72c
+/* har..46dbd868
+/* har..1a618ef7
+/* har..4e4fdbaa
+/* har..9997ac0d
+/* har..3d4a7925
+/* har..0a66c6e7
+/* har..60d7cff7
+/* har..9ee2cb0e
+/* har..66701a37
+/* har..e6b587d2
+/* har..2dd7e24f
+/* har..b7a23e11
+/* har..6aa14f4f
+/* har..f531f7fb
+>>>>>>..29ed0129
+<<<<<<..38cd874b
+======..5b4f3941
+__WEBP..7d759a32
+..bec2aab3
+..bec2aab3
+..bec2aab3
+__WEBP..d0afe42c
+>>>>>>..29ed0129
+<<<<<<..38cd874b
+======..5b4f3941
+    co..0fbadd47
+}, {..a640110d
+    na..1784b0d4
+    pa..751d18dd
+    co..d54e2d89
+}, {..a640110d
+    na..1a069b59
+    pa..f3a281a7
+    co..64b5bf30
+}, {..a640110d
+    pa..6e72ef21
+    co..33c64e7b
+    ch..8ae663c6
+      ..5ade9778
+      ..91948f2c
+      ..527b9c06
+    },..839db8b0
+      ..ea608537
+      ..e824d8d3
+      ..c261071d
+    },..839db8b0
+      ..a21f969a
+      ..4ab78e1e
+      ..1a5edf6a
+    }]..f066ad17
+}];..4dd913f9
+..bec2aab3
+var ro..ed9bc71d
+new __..41ebd1cc
+..bec2aab3
+/***/ ..1c1de143
+/* 51 ..154658f5
+>>>>>>..29ed0129
+<<<<<<..38cd874b
+======..5b4f3941
+/* 52 ..f8337ab3
+>>>>>>..29ed0129
+<<<<<<..38cd874b
+======..5b4f3941
+/* 53 ..486df6e7
+>>>>>>..29ed0129
+<<<<<<..38cd874b
+======..5b4f3941
+var __..99b6def0
+/* tem..093ce40b
+var __..5046a617
+>>>>>>..29ed0129
+<<<<<<..38cd874b
+======..5b4f3941
+/* 54 ..5b64e4f8
+>>>>>>..29ed0129
+<<<<<<..38cd874b
+======..5b4f3941
+/* 55 ..d6dad728
+>>>>>>..29ed0129
+<<<<<<..38cd874b
+======..5b4f3941
+      ..fe2a00ef
+      ..5a1c49a6
+      ..423cb94b
+      ..6f8b10d9
+      ..b5d1c60c
+>>>>>>..29ed0129
+<<<<<<..38cd874b
+======..5b4f3941
+      ..b661372e
+>>>>>>..29ed0129
+<<<<<<..38cd874b
+======..5b4f3941
+  },..a15b3fb6
+  func..2e5b4cb1
+    va..712a3af5
+    va..a1f518da
+    va..54e27911
+    re..4a4d8afc
+      ..52fb2429
+    ])..d1ad58a8
+>>>>>>..29ed0129
+<<<<<<..38cd874b
+======..5b4f3941
+/* 56 ..9fc18d1d
+>>>>>>..29ed0129
+<<<<<<..38cd874b
+======..5b4f3941
+var __..c8c1f017
+/* tem..093ce40b
+var __..f5c2285a
+>>>>>>..29ed0129
+<<<<<<..38cd874b
+======..5b4f3941
+Compon..034349d1
+>>>>>>..29ed0129
+<<<<<<..38cd874b
+======..5b4f3941
+    ho..873a3ec9
+  } el..52141bc6
+    ho..8d4944e7
+>>>>>>..29ed0129
+<<<<<<..38cd874b
+======..5b4f3941
+/* 57 ..1ff3aa10
+>>>>>>..29ed0129
+<<<<<<..38cd874b
+======..5b4f3941
+//..99f17921
+//..99f17921
+//..99f17921
+..bec2aab3
+>>>>>>..29ed0129
+<<<<<<..38cd874b
+======..5b4f3941
+      ..7826ae38
+>>>>>>..29ed0129
+<<<<<<..38cd874b
+======..5b4f3941
+    cr..1f12d7bb
+      ..88812822
+    },..c8325e28
+..bec2aab3
+    me..9688f186
+      ..a7cbf912
+      ..82e32324
+..bec2aab3
+      ..a94fb7df
+      ..2629299a
+      ..65fd88c3
+>>>>>>..29ed0129
+<<<<<<..38cd874b
+======..5b4f3941
+/* 58 ..073597f0
+>>>>>>..29ed0129
+<<<<<<..38cd874b
+======..5b4f3941
+      ..67c9d936
+      ..24e28748
+      ..1edd2155
+      ..954fa40c
+      ..9a9db91e
+      ..fce6de4f
+      ..d47a9f2c
+      ..c5b91e75
+      ..ed24df18
+      ..aabf5889
+      ..b2ce9712
+      ..7de78ce7
+      ..1c3cf302
+      ..9a7af8ce
+      ..b7994367
+      ..4df60be2
+      ..bbb1f499
+      ..d3c936c7
+      ..a4f93ceb
+      ..e2776ed8
+      ..376aae4b
+      ..50c392e0
+      ..d1315116
+      ..2af9208c
+      ..d1315116
+      ..5a05f516
+      ..d1315116
+      ..f094305e
+      ..4c3102ff
+      ..478a8cc1
+      ..ead1306b
+      ..1ece2e25
+      ..d80cc10f
+      ..c8f76e2e
+      ..cd3491b6
+      ..5a56cda0
+      ..5e7b5154
+      ..ea31525d
+      ..0a18586b
+      ..5dbcd091
+      ..df8f883e
+      ..7db06377
+      ..b7994367
+      ..dbc3ae82
+      ..0f762281
+      ..722ce488
+      ..d1315116
+      ..1b9ae20a
+      ..052720a9
+      ..f8f15dea
+      ..5d8cbe8d
+      ..ebf066a1
+      ..5a43f455
+      ..a588c30b
+>>>>>>..29ed0129
+<<<<<<..38cd874b
+======..5b4f3941
+    re..e3eb4dfd
+      ..9d77c556
+      ..fa053fe7
+      ..cf45a2e3
+      ..cdc9d0eb
+      ..cf45a2e3
+      ..4fadd496
+      ..cf45a2e3
+      ..68b1fb7f
+      ..20e1f18e
+    ])..d1ad58a8
+  },..a15b3fb6
+  func..2e5b4cb1
+    va..712a3af5
+    va..a1f518da
+    va..54e27911
+    re..5397d40d
+      ..13f4d4c4
+    ])..d1ad58a8
+>>>>>>..29ed0129
+<<<<<<..38cd874b
+======..5b4f3941
+    re..105ec296
+>>>>>>..29ed0129
+<<<<<<..38cd874b
+======..5b4f3941
+/* 59 ..1aa7e257
+>>>>>>..29ed0129
+<<<<<<..38cd874b
+======..5b4f3941
+var __..5ea5706d
+/* tem..093ce40b
+var __..13c77677
+>>>>>>..29ed0129
+<<<<<<..38cd874b
+======..5b4f3941
+Compon..aadee0b3
+>>>>>>..29ed0129
+<<<<<<..38cd874b
+======..5b4f3941
+    ho..5eb7bb4f
+  } el..52141bc6
+    ho..feddcfa6
+>>>>>>..29ed0129
+<<<<<<..38cd874b
+======..5b4f3941
+/* 60 ..7e3176d9
+>>>>>>..29ed0129
+<<<<<<..38cd874b
+======..5b4f3941
+      ..0c2449c7
+      ..2629299a
+      ..e46954ba
+>>>>>>..29ed0129
+<<<<<<..38cd874b
+======..5b4f3941
+      ..0c2449c7
+      ..532a7685
+      ..f5e999dc
+>>>>>>..29ed0129
+<<<<<<..38cd874b
+======..5b4f3941
+/* 61 ..d27962b0
+>>>>>>..29ed0129
+<<<<<<..38cd874b
+======..5b4f3941
+/* 62 ..760f84a0
+>>>>>>..29ed0129
+<<<<<<..38cd874b
+======..5b4f3941
+var __..b027eed1
+/* tem..093ce40b
+var __..612debd4
+>>>>>>..29ed0129
+<<<<<<..38cd874b
+======..5b4f3941
+/* 63 ..1851ff9d
+>>>>>>..29ed0129
+<<<<<<..38cd874b
+======..5b4f3941
+      ..80fc0ba7
+    },..c8325e28
+    mo..a4c7d35c
+..bec2aab3
+    me..c628efb3
+});..4873f092
+..bec2aab3
+/***/ ..1c1de143
+/* 64 ..18e4f314
+>>>>>>..29ed0129
+<<<<<<..38cd874b
+======..5b4f3941
+  retu..0d2946c6
+}..cd26466d
+var st..5588d0a6
+  func..2e5b4cb1
+    va..712a3af5
+    va..a1f518da
+    va..54e27911
+    re..5a448ba3
+      ..c0db7627
+      ..5e9ae5d1
+      ..54851ace
+      ..0797ed82
+      ..95540f33
+      ..d5186902
+      ..d47a9f2c
+      ..3ad1ec33
+      ..e353ec65
+      ..ed24df18
+      ..2b1c6ca3
+      ..5249edff
+      ..45da8241
+      ..8a074c9b
+      ..a38d916c
+      ..2cfc0d81
+      ..00c8348c
+      ..693d02d3
+      ..ef117c5e
+      ..dac47c7c
+      ..f66bffe9
+      ..1803dcb7
+      ..11e980ac
+      ..a51ce5df
+      ..73c33f04
+      ..428e7498
+      ..52829c42
+      ..9f9328a5
+      ..a999a91e
+      ..052720a9
+      ..e0e1a6bd
+      ..a4f93ceb
+      ..2b1c6ca3
+      ..5249edff
+      ..45da8241
+      ..8a074c9b
+      ..a38d916c
+      ..74512ceb
+      ..00c8348c
+      ..e3374c6f
+      ..ef117c5e
+      ..dac47c7c
+      ..f66bffe9
+      ..1803dcb7
+      ..11e980ac
+      ..a51ce5df
+      ..0974dd00
+      ..94d3c0d7
+      ..f1f51054
+      ..9f9328a5
+      ..a999a91e
+      ..052720a9
+      ..e0e1a6bd
+      ..a4f93ceb
+      ..2b1c6ca3
+      ..2624fcb7
+      ..0e893f27
+      ..b4402282
+      ..4f6dacb8
+      ..dac47c7c
+      ..f66bffe9
+      ..f094305e
+      ..46a23607
+      ..f34ee3b6
+      ..590f5e41
+      ..0fa2fad2
+      ..2ae04323
+      ..b02eaa2e
+      ..8f1d674d
+      ..052720a9
+      ..e0e1a6bd
+      ..a4f93ceb
+      ..2b1c6ca3
+      ..c920f6e8
+      ..f094305e
+      ..46a23607
+      ..f34ee3b6
+      ..590f5e41
+      ..12981f30
+      ..2ae04323
+      ..07c9763e
+      ..8f1d674d
+      ..052720a9
+      ..21acbed1
+      ..193bd1e9
+      ..5a43f455
+      ..a588c30b
+>>>>>>..29ed0129
+<<<<<<..38cd874b
+======..5b4f3941
+>>>>>>..29ed0129
+<<<<<<..38cd874b
+======..5b4f3941
+/* 65 ..cf07a739
+>>>>>>..29ed0129
+<<<<<<..38cd874b
+======..5b4f3941
+var __..f039fc90
+/* tem..093ce40b
+var __..d11c5ab2
+>>>>>>..29ed0129
+<<<<<<..38cd874b
+======..5b4f3941
+/* 66 ..0858f67a
+>>>>>>..29ed0129
+<<<<<<..38cd874b
+======..5b4f3941
+/* 67 ..8e2b3604
+>>>>>>..29ed0129
+<<<<<<..38cd874b
+======..5b4f3941
+/* 68 ..b4871c3e
+>>>>>>..29ed0129
+<<<<<<..38cd874b
+======..5b4f3941
+var __..89f1a2a0
+/* tem..093ce40b
+var __..3cf8be36
+>>>>>>..29ed0129
+<<<<<<..38cd874b
+======..5b4f3941
+/* 69 ..3e38b4bb
+>>>>>>..29ed0129
+<<<<<<..38cd874b
+======..5b4f3941
+      ..1b0d44a2
+      ..2629299a
+      ..18d24c75
+>>>>>>..29ed0129
+<<<<<<..38cd874b
+======..5b4f3941
+      ..1b0d44a2
+      ..ad060343
+      ..f5e999dc
+>>>>>>..29ed0129
+<<<<<<..38cd874b
+======..5b4f3941
+/* 70 ..eaab4a48
+>>>>>>..29ed0129
+<<<<<<..38cd874b
+======..5b4f3941
+      ..b7a12ce2
+      ..6631f495
+      ..33c2ca5b
+>>>>>>..29ed0129
+<<<<<<..38cd874b
+======..5b4f3941
+      ..e370fa75
+      ..bfd124e9
+      ..944b04c9
+      ..168ad88c
+      ..a4a0c30f
+      ..8893c127
+      ..d335a3ec
+      ..54c48b9b
+      ..6631f495
+      ..bcd2b9c3
+      ..46cc6484
+      ..5a430a6c
+      ..3c1d008b
+      ..20e1f18e
+    ])..d1ad58a8
+  },..a15b3fb6
+  func..2e5b4cb1
+    va..712a3af5
+    va..a1f518da
+    va..54e27911
+    re..e388e406
+>>>>>>..29ed0129
+<<<<<<..38cd874b
+======..5b4f3941
+/* 71 ..c71b2197
+>>>>>>..29ed0129
+<<<<<<..38cd874b
+======..5b4f3941
+var __..727c6138
+/* tem..093ce40b
+var __..dac75017
+>>>>>>..29ed0129
+<<<<<<..38cd874b
+======..5b4f3941
+/* 72 ..efb2cd4b
+>>>>>>..29ed0129
+<<<<<<..38cd874b
+======..5b4f3941
+/* 73 ..671e4edd
+>>>>>>..29ed0129
+<<<<<<..38cd874b
+======..5b4f3941
+/* 74 ..197955d4
+>>>>>>..29ed0129
+<<<<<<..38cd874b
+======..5b4f3941
+var __..317a53d9
+/* tem..093ce40b
+var __..0544070f
+>>>>>>..29ed0129
+<<<<<<..38cd874b
+======..5b4f3941
+/* 75 ..01c3277b
+>>>>>>..29ed0129
+<<<<<<..38cd874b
+======..5b4f3941
+/* 76 ..819db698
+>>>>>>..29ed0129
+<<<<<<..38cd874b
+======..5b4f3941
+>>>>>>..29ed0129
+<<<<<<..38cd874b
+======..5b4f3941
+      ..6035ec0b
+      ..d98ac3d4
+      ..1e8b1900
+>>>>>>..29ed0129
+<<<<<<..38cd874b
+======..5b4f3941
+      ..c453ce7e
+      ..5986a546
+      ..9d6d27ad
+>>>>>>..29ed0129
+<<<<<<..38cd874b
+======..5b4f3941
+      ..c453ce7e
+      ..b9ce2419
+      ..3155ba69
+>>>>>>..29ed0129
+<<<<<<..38cd874b
+======..5b4f3941
+>>>>>>..29ed0129
+<<<<<<..38cd874b
+======..5b4f3941
+      ..76f98119
+      ..8893c127
+..bec2aab3
+      ..6e3e7330
+      ..1c38b2b7
+      ..2cee3150
+      ..a14af6de
+      ..3e989268
+      ..f069512a
+      ..5f739f5a
+>>>>>>..29ed0129
+<<<<<<..38cd874b
+======..5b4f3941
+      ..d04c9749
+      ..dcfe36e7
+      ..73049e57
+      ..ae65a3e0
+      ..eaad4154
+>>>>>>..29ed0129
+<<<<<<..38cd874b
+======..5b4f3941
+      ..19aea00b
+      ..a7a4ab93
+      ..9646b62e
+      ..dcfe36e7
+      ..af67d6f6
+      ..ae65a3e0
+      ..28582d3c
+>>>>>>..29ed0129
+<<<<<<..38cd874b
+======..5b4f3941
+export..880c6a4e
+    da..ddc66f77
+      ..185dcec1
+    },..c8325e28
+    mo..86ceafc3
+    {..b0ae555d
+..bec2aab3
+    },..c8325e28
+    me..c628efb3
+}..cd26466d
+>>>>>>..29ed0129
+<<<<<<..38cd874b
+======..5b4f3941
+      ..9a8bf985
+>>>>>>..29ed0129
+<<<<<<..38cd874b
+======..5b4f3941
+      ..ef9394f7
+>>>>>>..29ed0129
+<<<<<<..38cd874b
+======..5b4f3941
+      ..ab13206f
+>>>>>>..29ed0129
+<<<<<<..38cd874b
+======..5b4f3941
+      ..4047ee2e
+      ..5986a546
+      ..a7229432
+>>>>>>..29ed0129
+<<<<<<..38cd874b
+======..5b4f3941
+      ..4047ee2e
+      ..8fdf53ee
+      ..3155ba69
+>>>>>>..29ed0129
+<<<<<<..38cd874b
+======..5b4f3941
+>>>>>>..29ed0129
+<<<<<<..38cd874b
+======..5b4f3941
+>>>>>>..29ed0129
+<<<<<<..38cd874b
+======..5b4f3941
+      ..e798e623
+>>>>>>..29ed0129