+      ..8d7102c4
+      ..ee30ca79
-      ..67a9087e
+      ..6990d41a
+      ..2df173bb
+      ..fa37e63e
+      ..4d11bf45
--- /de..f9c0062a
+<?php..6f7e7bed
+..9feaa626
+namesp..c3f7fad5
+..9feaa626
+use Gr..59dbc192
+use Gr..51e77766
+use Fo..b6c6e1c6
+use En..aba2bc97
+..9feaa626
+class ..c97e3a8a
+{..3aa2ae5e
+    pr..9e0f7db8
+      ..21c9e43f
+      ..689e176e
+    ];..152bd155
+..9feaa626
+    /*..a6e7a5e5
+    * ..7110ba0e
+    * ..da53ab9f
+    */..37066779
+    //..a336cdbb
+..9feaa626
+    pu..d5545ec6
+    {..90d5b924
+      ..fa37e63e
+      ..ad7e7dd1
+      ..9caa712c
+      ..196472f4
+      ..01aba1a6
+      ..683b1c13
+      ..03c40f16
+      ..10c68bcc
+      ..c04813ad
+      ..4bfeee7e
+      ..03c40f16
+      ..092e0aff
+      ..b0c26673
+      ..279c7cb9
+      ..03c40f16
+      ..cbbfe5de
+      ..e6089354
+      ..a3c5909a
+      ..03c40f16
+      ..9750d8a5
+      ..e6089354
+      ..5759e1e6
+      ..03c40f16
+      ..2188a6fd
+      ..e6089354
+      ..2dedc185
+      ..03c40f16
+      ..be284ac9
+      ..e6089354
+      ..a3ecab43
+      ..03c40f16
+      ..353ba51c
+      ..aa376a69
+      ..c8fcf9f5
+      ..03c40f16
+      ..159f8928
+      ..aac656ef
+      ..eb03f2a3
+      ..03c40f16
+      ..5e6fb5d3
+      ..aac656ef
+      ..37a3f9a4
+      ..03c40f16
+      ..82641073
+      ..4348dc95
+      ..4efd6cb0
+      ..e71394b8
+      ..f1797a94
+..9feaa626
+      ..17a6eb87
+    }..debdd9b4
+}..8d45dfe0
--- /de..f9c0062a
+<?php..6f7e7bed
+namesp..1928bc97
+..9feaa626
+use Fo..b6c6e1c6
+..9feaa626
+class ..cf64c5f8
+    pr..3852e60d
+..9feaa626
+    //..5c766771
+    pr..9e0f7db8
+      ..415e1f43
+      ..ab1b36bd
+      ..fa2fff78
+      ..31f529da
+      ..b41e2c29
+      ..4cea9652
+      ..fa4bc12f
+      ..8174b7fa
+      ..21816dcf
+      ..746f3429
+      ..0f878f26
+      ..ede6ca9d
+      ..531be3fe
+      ..bf3fce4e
+      ..410e303d
+      ..ac46d9ff
+      ..9d65fbc6
+    ];..152bd155
+}..8d45dfe0
--- /de..f9c0062a
+<?php..6f7e7bed
+namesp..9994a94b
+..9feaa626
+use En..3605c8d5
+use Gr..59dbc192
+use Gr..51e77766
+use Fo..35b362f0
+use En..aba2bc97
+..9feaa626
+class ..f88bad66
+{..3aa2ae5e
+    pr..9e0f7db8
+      ..b22c014c
+      ..2bc8a8b4
+    ];..152bd155
+..9feaa626
+    pu..f3acc119
+    {..90d5b924
+      ..0979b7f0
+    }..debdd9b4
+..9feaa626
+    pu..405a2459
+    {..90d5b924
+      ..fa37e63e
+      ..ad7e7dd1
+      ..8f4830c3
+      ..bcbc93a8
+      ..498df328
+      ..356db95e
+      ..4c141a6b
+      ..8b6b3de7
+      ..07f4bf91
+      ..7ba1499a
+      ..1aabf077
+      ..17a6eb87
+    }..debdd9b4
+..9feaa626
+    pu..d3dcc3bb
+    {..90d5b924
+      ..c30e1fbb
+      ..6bc70c43
+      ..9a3a99dd
+      ..71da6160
+      ..f123f66b
+    }..debdd9b4
+}..8d45dfe0
+      ..fa37e63e
-      ..4af1aa35
+      ..22ccf0ac
-      ..8cd97aac
+      ..79f5da2f
-      ..722ccbf0
+      ..18fef5bc
-      ..722ccbf0
+      ..ab3c1063
-      ..722ccbf0
+      ..3212d757
-      ..722ccbf0
+      ..d9d157d0
-      ..722ccbf0
+      ..04b6b65f
-      ..722ccbf0
+      ..1cdab461
-      ..722ccbf0
+      ..955a208a
-      ..722ccbf0
+      ..b9327185
-      ..722ccbf0
+      ..e2bf2e2e
-      ..4e76aebe
+      ..acd2ef6a
-      ..da44930f
+      ..76f396b9
-      ..c0d5a4b2
-      ..89b1cfb1
-      ..f869a127
+      ..f1797a94