-final ..7468b05a
+final ..7541254a
+		pare..98cb5ebf
-final ..f8fda6b0
+final ..0dfba3a6
+		pare..98cb5ebf
-final ..aa3624de
+final ..73df7e01
-final ..041a869e
+final ..18d1b446
+		pare..98cb5ebf
-final ..64ee2944
+final ..c8ea910c
+		pare..98cb5ebf
-final ..f4c9189b
+final ..9b7e1dda
+		pare..98cb5ebf
-final ..e77954df
+final ..251296f7
+		pare..98cb5ebf
+	publi..cfdff0c8
+		$res..54f2c717
+		$thi..00d07815
+		$res..71df435f
+		$thi..cc03e477
+..e978b66b
+	}..c3117d22
+..e978b66b
-/**..176ccff6
- * @co..7e38e971
- */..07eba346
-final ..89151cbe
+final ..81601ae9
-final ..b2d7c597
+final ..719c6777
-	prote..500518a8
-	}..1f71550c
-..c541c245
--- /de..e7c6c7e0
+<?php..8f8d6159
+..e978b66b
+namesp..9a105e24
+..e978b66b
+..e978b66b
+use En..9f48c7af
+use En..81a6f3d3
+use PH..3508ed33
+use Ze..268cb306
+..e978b66b
+abstra..1bca7769
+..e978b66b
+	prote..7f786b36
+		$res..fdafe9fc
+..e978b66b
+		Db::..d955006f
+		fore..fa8f75ff
+			$ta..45314291
+			$de..00eb5b15
+			Db:..89b4db65
+		}..e790f05d
+		Db::..9f111f9f
+	}..c3117d22
+..e978b66b
+}..f028de1a
-		$thi..fa04b420
+		$thi..00d07815