+	/**..7ae07315
+     *..e0aa15b5
+     *..df74e053
+	publi..5a8c507a
+		$thi..99073e63
+		$api..d6e0da78
+		$res..adff479b
+..e978b66b
+		$thi..90409abd
+		$thi..b9120677
+		$thi..b3f07ddd
+	}..c3117d22
+..e978b66b
+	publi..b4833681
+		$thi..36a0204b
+		$api..d6e0da78
+		$res..adff479b
+		$thi..980fbccc
+		$thi..71ef89f8
+		$thi..5137c407
+		$thi..b97d9eb1
+..e978b66b
+		$thi..d3eccc7b
+..e978b66b
+		$res..207bfe08
+		$thi..5137c407
+		$thi..1186d47b
+	}..c3117d22
+..e978b66b
+	/**..7ae07315
+     *..e0aa15b5
+     *..df74e053
+	publi..3e7974fd
+		$thi..99073e63
+		$api..d6e0da78
+		$res..77fd4e4a
+..e978b66b
+		$thi..c63ede63
+		$thi..b9120677
+		$thi..b3f07ddd
+	}..c3117d22
+..e978b66b