-		$ide..04de25d1
+		//Cr..4b116a05
+		$thi..1427bbc2
+		$thi..561bbbf2
-			'au..eceb78b8
+			'et..f6a64d41
+			'pl..7bc05a2f
+		$thi..c2987efe
+		$thi..84e6a893
-		//Up..0b14ba38
-		$res..9524cd4e
+		//Li..d4087faf
+		$new..bb83ed9b
+		$res..13458c36
-..48388087
-..48388087
+..f73a36fc
+		$res..2dcab181
+		/*$t..a5dd9c14
+..f73a36fc
+		$thi..b1c85038
+..f73a36fc
-		$thi..56e79f6b
+		$thi..b9057c9f
--- /de..5b951851
+<?php..071a7054
+declar..0e1be142
+..f73a36fc
+namesp..8253ba41
+..f73a36fc
+use En..8f930589
+use PH..a3928288
+use PH..f87a3030
+/**..8d67e9eb
+ * @co..a529d0fc
+ */..dcbccacc
+final ..cf1f4958
+	prote..13ce17bb
+	prote..29f43af8
+	prote..42437068
+	prote..7de02784
+..f73a36fc
+	publi..f892aef7
+		$sym..c6462e88
+		$api..96dce5d5
+		$res..864ac7d7
+..f73a36fc
+		$thi..e2bd179f
+	}..9be17289
+..f73a36fc
+	publi..9f2c9e44
+		$sym..53d18011
+		$api..96dce5d5
+		$res..864ac7d7
+..f73a36fc
+		$thi..e2bd179f
+	}..9be17289
+..f73a36fc
+	publi..17757515
+		$sym..446dd2b3
+		$api..96dce5d5
+		$res..864ac7d7
+..f73a36fc
+		$thi..e2bd179f
+	}..9be17289
+..f73a36fc
+	/**..bde93abb
+     *..c9ec474b
+     *..e0c97724
+	publi..ca5f4bad
+		$sym..4e86a0a1
+		$api..96dce5d5
+		$res..864ac7d7
+..f73a36fc
+..f73a36fc
+		$thi..be876f28
+		$thi..e79613ae
+	}..9be17289
+..f73a36fc
+	publi..b0e1dec0
+		$sym..c6462e88
+		$api..96dce5d5
+		$res..e3c761fc
+..f73a36fc
+		$thi..e2bd179f
+	}..9be17289
+..f73a36fc
+	/**..bde93abb
+     *..c9ec474b
+     *..e0c97724
+	publi..d269cab5
+		$sym..4e86a0a1
+		$api..96dce5d5
+		$res..e3c761fc
+..f73a36fc
+		$thi..e2bd179f
+	}..9be17289
+}..71cde273
+..f73a36fc
+?>..886fd972