+	publi..e684343f
+	    /..84327d0b
+      ..8efd2fdb
+..f73a36fc
+      ..27ad31a2
+      ..be50b5a9
+      ..239db671
+      ..ce1eaad1
+      ..f29304fb
+      ..86af267e
+      ..2ae435fb
+      ..8d45d964
+      ..f6a3a535
+      ..cc024082
+      ..b6aa6891
+      ..60a3dc6e
+      ..a3c71235
+      ..4951ab28
+..f73a36fc
+      ..7e3448a4
+      ..8938c9b0
+      ..c551af29
+      ..ff302935
+    }..f9a8be56
+..f73a36fc
+    pu..5dfd1c65
+      ..b74358bf
+      ..8147ad71
+      ..89627429
+      ..ff302935
+    }..f9a8be56
+..f73a36fc
-			ret..f8fd6803
+			ret..ff394585
-			);..e2c40ba2
+			];..ac98f6f4
-		retu..b3288d80
+		retu..fa4cea10