+INSERT..caf78a38
-		retu..2fcf7aaa
+		retu..92303990
-	publi..b697292f
+	publi..0bac1008
-		retu..a052275a
+		retu..92303990
+..f73a36fc
+	publi..7e6b9b5f
+		$eth..60921a50
+		retu..6a1aadbb
+	}..9be17289
-..48388087
-	publi..d9469693
-		$eth..34d5bca5
-		$eth..843651be
-	}..a1ae66ba
-      ..b5e2a289
-      ..c089da89
+      ..2ece72a7
+      ..fe054c6a
+..f73a36fc
+      ..58e0ff08
-		}..1822bf06
-		if($..79adb088
-			(ne..6961f318
+			if(..bc404898
+				(n..82ebe518
+		}..702e1bec
-		$rol..d89976b1
+		$rol..8264ee94
-		retu..a052275a
+		retu..92303990
-			sel..de8eeb41
+			sel..412536f3
-		$res..1ecc395c
-		die(..236cb44a
+		retu..e0b82dbd
-	publi..e73a8a72
+	publi..eae5a0b7
+	prote..76f2b58f
+		$thi..22fb9b08
-	publi..0d9d953a
+	publi..694aa025
-		$res..321bf1b9
+		$res..f139dbb4
-		$thi..7d63258e
+		$thi..32474c99
+		$thi..07251048
+		$thi..6ace6a31
-	publi..2492fa13
+	publi..efc8dfdb
-		$res..6c7aa2bd
+		$res..69848bcc
-		$thi..18f052b6
-		$thi..41926a10
+		$thi..095bc869
+		$thi..07251048
-		$thi..18f052b6
-		$thi..3e19ee3d
+		$thi..095bc869
+		$thi..fcf58f4c
+		$new..bb83ed9b
+..f73a36fc
-		$res..73a734a7
+		$res..186866fb
-		$thi..d81fbf4d
+		$thi..9bcc47b7
--- /de..5b951851
+<?php..071a7054
+declar..0e1be142
+..f73a36fc
+namesp..8253ba41
+..f73a36fc
+use En..fe5879b2
+use En..ecea6d59
+use En..81623b75
+use En..30b0f42f
+use PH..a3928288
+..f73a36fc
+/**..8d67e9eb
+ * @co..024af4d9
+ */..dcbccacc
+final ..35e13526
+	prote..76f2b58f
+..f73a36fc
+	prote..1e277978
+		$res..cf353d08
+		$thi..22fb9b08
+		Auth..4983f2d9
+	}..9be17289
+..f73a36fc
+	publi..20774ce4
+		$api..7822d533
+		$res..a79cb539
+..f73a36fc
+		$thi..e28e58a0
+		$thi..0b3c6090
+		$thi..e7571557
+		$thi..85ade83a
+		$thi..4c1fab98
+		$thi..52ce65bb
+	}..9be17289
+..f73a36fc
+	publi..dd3aa14e
+		$ide..19366576
+		$thi..049c7fa8
+	}..9be17289
+..f73a36fc
+	publi..a57bbfc1
+		$api..7822d533
+		$res..9ff6c63a
+		$thi..d133303a
+	}..9be17289
+..f73a36fc
+	publi..be5810e8
+		$api..7822d533
+		$res..7a102372
+		$thi..f32a4885
+		//$t..e06ab8e2
+	}..9be17289
+..f73a36fc
+	publi..2a3b55c0
+		$api..661ac600
+		$api..bc952a2e
+	}..9be17289
+}..71cde273