-			"ev..2b408445
+			"ev..a5102483
-				"t..36303e4c
+				"t..acc254c9
-    pu..6c51bee3
+	publi..b205e8eb
-    	i..f2781115
+		if (..cfe100c1
-		$ide..2507c6a6
-		$ide..b4db4f42
-		if (..b90c97de
+		if (..179235ae
+			$id..16cf9d18
+			$id..387ff18d
+			if ..04cae20e
+		}..113f779f
-		if(!..01fba755
-..4220eb53
-		if()..4952fa4c
+		//if..5b902787
-class ..0712a464
-{..a396eca4
+use En..c0fe83e4
+use En..b37ad621
+..6471ae60
+class ..ababa7b6
-	const..700b7f9b
+	const..1561cf38
+	const..21da50e2
+	const..77b171fe
+	const..0a090079
+	const..6b9221a0
-	publi..7e7944c9
+	publi..12b0a49d
-		self..40061773
-		self..e103298a
+		self..ce5e7e47
+		self..081e55c8
+		self..40122da4
+		self..22a2e69a
+		self..38cd15e6
+		self..3dc32745
+..6471ae60
+	publi..e3a2a335
+		if (..6846d017
+			$da..07982177
+			ret..91ce3f2f
+		}..113f779f
+..6471ae60
+		retu..7ac158fb
+	}..ef04bbf9
+..6471ae60
+	publi..55bcb5b1
+		$ide..a7a1f9b1
+..6471ae60
+		retu..2b320fba
+			'tx..e3544940
+			'id..1b2273e5
+			're..104ec938
+			'ty..e8ae8032
+			'ic..f0021224
+			'ti..d110df16
+			'va..3279e8fc
+			'st..28a408ef
+		];..29c27be4
+	}..ef04bbf9
+..6471ae60
+	publi..8b756b2a
+		$ide..a7a1f9b1
+..6471ae60
+		retu..2b320fba
+			'tx..e3544940
+			'id..1b2273e5
+			're..104ec938
+			'ty..e8ae8032
+			'ic..f0021224
+			'ti..d110df16
+			'va..3279e8fc
+			'st..8f559c04
+		];..29c27be4
+	}..ef04bbf9
+..6471ae60
+	publi..8fb6d37c
+		$ide..a7a1f9b1
+..6471ae60
+		retu..2b320fba
+			'tx..e3544940
+			'id..1b2273e5
+			're..104ec938
+			'ty..e8ae8032
+			'ic..f0021224
+			'ti..d110df16
+			'va..3279e8fc
+			'st..8f559c04
+		];..29c27be4
+	}..ef04bbf9
+..6471ae60
+	publi..30a06158
+		$ide..a7a1f9b1
+..6471ae60
+		retu..2b320fba
+			'tx..e3544940
+			'id..1b2273e5
+			're..104ec938
+			'ty..e8ae8032
+			'ic..f0021224
+			'ti..d110df16
+			'va..3279e8fc
+			'st..8573db05
+		];..29c27be4
+	}..ef04bbf9
+..6471ae60
+	publi..a34af249
+		$ide..a7a1f9b1
+		retu..29e21ecd
+	}..ef04bbf9
+..6471ae60
+	publi..45aad8f5
+		$ide..a7a1f9b1
+		retu..29e21ecd
+	}..ef04bbf9
+..6471ae60
+	publi..d89e10a2
+		$ide..a7a1f9b1
+		retu..29e21ecd
+	}..ef04bbf9
+..6471ae60
+	publi..01bb6ed0
+		retu..70702e89
+	}..ef04bbf9
+..6471ae60
+	publi..3c3f4ccb
+		$ide..a7a1f9b1
+..6471ae60
+		retu..2b320fba
+			'id..1b2273e5
+			'fr..2ba6bcd1
+			'pe..7625982a
+			'co..08224fbc
+		];..29c27be4
+	}..ef04bbf9
+..6471ae60
+	publi..ce3a590c
+		$ide..a7a1f9b1
+..6471ae60
+		retu..2b320fba
+			'id..1b2273e5
+			'fr..2ba6bcd1
+			'pe..7625982a
+			'co..08224fbc
+			'EN..6c680c3b
+		];..29c27be4
+	}..ef04bbf9
+..6471ae60
+	publi..5299b846
+		$tok..9da48c36
+		retu..b64717ce
+	}..ef04bbf9
+..6471ae60
+	publi..5b260bf6
+		$tok..9da48c36
+		retu..b64717ce
+	}..ef04bbf9
+..6471ae60
+	priva..27eb7d2a
+		retu..2b320fba
+			'ap..9ecfaf29
+			'id..5015582c
+			'ev..f7064fca
+			'da..f8897b38
+		];..29c27be4
+	}..ef04bbf9