-compos..fc23789f
+compos..af79e0c1
-# Unit..12956e00
-compos..bd841b82
+# Run ..bdf4b2bd
+compos..99e39a70
+  "nam..a07a9df5
+  "des..1d3963b9
+  "lic..343e93e7
-	"zend..71128028
+	"zend..b0eac21d
+    "a..b4d3bb38
-	"path..d75804c2
+	"path..30ad3e97
-$serve..984756a2
+$serve..7d76d5ea
-}..b475a9d0
+..6471ae60
+	publi..bf7a9cc2
+    	$..e411c033
+    	$..ca468307
+	}..ef04bbf9
+}..8ef2fd2a
+		$con..e6a9e38e
-use Ze..b520a01b
+use Ze..af3a5637
+use Am..2ee63209
+use Am..b9d550f0
-	priva..39983e32
+	priva..f36b8662
-		if (..c5abc050
+		if (..ea38f0df
+			$ip..94ad1a68
+			$js..5aa87fba
+..6471ae60
+			$pi..1503bd02
+			fwr..b849ff7b
+			die..e7ec7d0e
+			pcl..55c95c0e
+..6471ae60
+..6471ae60
+..6471ae60
+..6471ae60
+..6471ae60
+..6471ae60
+..6471ae60
+..6471ae60
+..6471ae60
+..6471ae60
+..6471ae60
+..6471ae60
+..6471ae60
+..6471ae60
+			$od..d2a3d64c
+..6471ae60
+			Loo..daf02c7b
+				$d..bddcac91
+..6471ae60
+				li..90f9e5cd
+..6471ae60
+				\f..be796148
+				\f..50e3b0a3
+..6471ae60
+				$c..f8da4b93
+..6471ae60
+				wh..2f667a0d
+					$..75cfe128
+				}..b45a5250
+			});..21f7681d
+			die..a7660157
+..6471ae60
+..6471ae60
-			$th..c2f2b427
-			soc..ee4b8983
+			$th..82e7b08a
+..6471ae60
+..6471ae60
+			fwr..16e9bd07
+			whi..84cfdedd
+				pr..a125993a
+				di..c5ef92e2
+			}..15c608b3
+..6471ae60
+			fcl..c99e31dd
+..6471ae60
+			die..c668c2ed
+..6471ae60
+..6471ae60
+..6471ae60
+..6471ae60
+..6471ae60
+			$te..a0a2e5e7
+			die..0c5b0e5d
+..6471ae60
+..6471ae60
+..6471ae60
+..6471ae60
+			$th..07950da3
+			//d..cf159e0f
+			//$..f53098a3
+			//d..737c2f1f
+			$co..d4bf05d5
+			die..f963dc6b
-		retu..af8f57e2
+		retu..6864493c
-		sock..3954f788
+		\soc..6ee521a9
-		sock..52236e42
-		sock..5ee1e492
+		\soc..be4a815a
+		\soc..a789fb26