--- /de..eebb9d31
+{..11d9bc68
+  "jso..2401f73a
+  "met..0ccc8726
+  "par..80da4c8b
+	"auth..171da242
+	"txr_..8d202dce
+  },..cbfab1ab
+  "id"..a316ed50
+}..0a4507c1
--- /de..eebb9d31
+{..11d9bc68
+  "jso..2401f73a
+  "res..28229ade
+  "id"..a316ed50
+}..0a4507c1
--- /de..eebb9d31
+{..11d9bc68
+  "jso..2401f73a
+  "met..3c494702
+  "par..80da4c8b
+	"auth..171da242
+	"iden..4d5c76d5
+	"reci..3ba0218a
+	"type..74f1436a
+    "i..8a96258a
+    "t..dd228d02
+    "v..088d1073
+  },..cbfab1ab
+  "id"..a316ed50
+}..0a4507c1
--- /de..eebb9d31
+{..11d9bc68
+  "jso..2401f73a
+  "res..4b3d5513
+  "id"..a316ed50
+}..0a4507c1
--- /de..eebb9d31
+{..11d9bc68
+  "jso..2401f73a
+  "met..8b057bc3
+  "par..80da4c8b
+	"auth..171da242
+	"txr_..8d202dce
+  },..cbfab1ab
+  "id"..a316ed50
+}..0a4507c1
--- /de..eebb9d31
+{..11d9bc68
+  "jso..2401f73a
+  "res..1d2195db
+	"txr_..14a512de
+	"iden..4d5c76d5
+	"reci..3ba0218a
+	"type..74f1436a
+	"icon..2ec25c70
+	"titl..24bc654b
+	"valu..d988290d
+  },..cbfab1ab
+  "id"..a316ed50
+}..0a4507c1