+++ /de..52fde477
-<?php..d46f7d51
-..278b0ecb
-namesp..0e96a09a
-..278b0ecb
-use En..1248b547
-use En..9aea34e9
-use Il..9575c9a1
-..278b0ecb
-class ..c6230b20
-	/**..8192c80c
-	 * Th..9de46632
-	 *..fa6febbf
-	 * @v..9480f7a7
-	 */..27be69ac
-	prote..72fedaa3
-..278b0ecb
-	/**..8192c80c
-	 * Th..db54f522
-	 *..fa6febbf
-	 * @v..9480f7a7
-	 */..27be69ac
-	prote..f836640f
-..278b0ecb
-	/**..8192c80c
-	 * Cr..a86a07b9
-	 *..fa6febbf
-	 * @r..2d2a2b04
-	 */..27be69ac
-	publi..6ac1520d
-		pare..db2f62d5
-	}..f3b76b5a
-..278b0ecb
-	/**..8192c80c
-	 * Ex..5f7d097d
-	 *..fa6febbf
-	 * @r..ebd5bcf3
-	 */..27be69ac
-	publi..831472bd
-		$cur..2a14f194
-		$met..7eebcbf7
-..278b0ecb
-		$con..d9f79f1a
-		$con..64f9e6b9
-..278b0ecb
-		$ins..91464f3f
-		$pub..74233f39
-		$loc..f9e47e88
-		$reg..d7a5447e
-		$reg..c447c9b7
-..278b0ecb
-		$con..250c01fc
-			're..00e82a9b
-			'de..6c4108b1
-				'p..a6a70ff6
-				'l..86237c5a
-				'i..7a0937d6
-			],..57f9b517
-			're..49a11605
-				'c..05d22a81
-				'c..263e76fd
-				'r..58c74b06
-				'i..36d6af1d
-				'z..f3ec2018
-			]..b4da642e
-		]);..af6ce5cf
-..278b0ecb
-		$fil..812e6554
-		file..0080b011
-	}..f3b76b5a
-}..c639ca12
-				el..3e8005a5
+				el..454e5cd3
--- /de..de67140f
+<?php..10425084
+..176b2d8f
+namesp..3049548b
+..176b2d8f
+use En..d650f02a
+use Il..4cbbd5c4
+..176b2d8f
+class ..a6c9e96a
+..176b2d8f
+	/**..8edf2ada
+	 * Th..0e41a7bf
+	 *..969bf26b
+	 * @v..77a2cb30
+	 */..8673aa87
+	prote..8d47af69
+..176b2d8f
+	/**..8edf2ada
+	 * Th..b9e55082
+	 *..969bf26b
+	 * @v..77a2cb30
+	 */..8673aa87
+	prote..538d5f64
+..176b2d8f
+	/**..8edf2ada
+	 * Cr..a803dfd4
+	 *..969bf26b
+	 * @r..8793f39b
+	 */..8673aa87
+	publi..07437abc
+		pare..7598e378
+	}..357b3a55
+..176b2d8f
+	/**..8edf2ada
+	 * Ex..1c13e24c
+	 *..969bf26b
+	 * @r..2f3d1740
+	 */..8673aa87
+	publi..e9839be5
+		$con..6f88f8ab
+		if (..4973ebd8
+	}..357b3a55
+..176b2d8f
+}..a0bbb9d6
-			if ..18876b45
-				$s..51331ab0
-				$s..8d973f5b
-				$s..ecd581df
-				$s..995b1cc8
+			if ..dc97496a
+				$s..b282aef2
+				$s..06e08908
+				$s..87649713
+				$s..9eec8de8
-			're..dda1edc7
+			're..70ed8b98
-			'se..36ddd3cb
-			'us..825ca8ac
+			'se..689afa2e
+			'us..a44e8a94
-						..e5efc83b
+						..f911007b
-						..d442aa37
-						..8c2a8c2a
+						..146e6ed7
+						..f20b72d3
-						..21c150c1
-						..b0a57b2f
+						..fd562c76
+						..fe8cb7dd
-use En..1c55ab07
+		$thi..3669e9aa
-		$thi..0b7d65ad
-		$thi..8660c188
-	 * If..df80e183
-	 * Ho..c09697de
-	 */..27be69ac
-	priva..83e9c813
-		if (..7b2a208c
-			// ..0f06c2ab
-			if ..e7210df5
-				co..5223fad4
-					'..c30eef9c
-				])..b86101dd
-			}..1b701c56
-..278b0ecb
-			// ..3e73dc2b
-			if ..85db7d2c
-		}..2d7bceee
-	}..f3b76b5a
-..278b0ecb
-	/**..8192c80c
-	 * Se..a4befb05
-	 */..27be69ac
-	priva..25f6c56b
-		// O..ea87f02c
-		if (..ac74f2e1
-			con..117266e4
-				'd..ce17dff1
-					'..5eac2b0a
-				],..44ba2c6c
-				'd..a2ed3a84
-					'..92b41cd2
-				],..44ba2c6c
-				'd..9e8c512b
-					'..6effe7c2
-				],..44ba2c6c
-				'd..08554f17
-					'..f8a3e989
-				],..44ba2c6c
-				'd..62d3e113
-			]);..33668bc6
-		}..2d7bceee
-	}..f3b76b5a
-..278b0ecb
-	/**..8192c80c
+	/**..8edf2ada
+	 * Id..a8d5b9aa
+	 */..8673aa87
+	/**..8edf2ada
+	 * Lo..ba012142
+	 */..8673aa87
+	priva..fc7d50fd
+		if (..7bdbf7c9
+			$co..59770b90
+			if ..ba8d01f2
+			con..cda7adfc
+		}..c6077b59
+	}..357b3a55
+..176b2d8f
-			're..9f4dbed6
+			're..8132cf02
-			'se..eea1ee0a
+			'se..d5ad16ba
-		else..05ec2824
+		else..3c7c289c
+	publi..ff384644
+		$cac..70f02013
+		$con..2bf1175d
+..176b2d8f
+		if (..512c3da4
+			$cu..0c3d5356
+			$co..1e1ee7d7
+..176b2d8f
+			if ..93d794f8
+				$c..2c6d3f45
+				un..086b499d
+				$c..f997b0dc
+			} e..cb77c7a4
+		}..c6077b59
+..176b2d8f
+		retu..2af254af
+	}..357b3a55
+..176b2d8f
+++ /de..52fde477
-<?php..d46f7d51
-..278b0ecb
-// The..b59fbd6c
-// Do ..499bb4c8
-return..b024591b
-	'retr..a6b2a54d
-	'deta..7498bee9
-		'ins..6766946e
-		'pub..0c3600d4
-		'loc..9c262330
-	],..c3e2a81e
-	'regi..48db6280
-		'cod..38502fd6
-		'con..db63ea16
-		'reg..d9e3980e
-		'id'..b5fa3d95
-		'zon..1a1c130e
-	],..c3e2a81e
-];..a495b715