-		$tok..5287cdce
-..57ab97c8
-		if (..6c979317
-			$to..6d67d920
-			$to..beb68ba7
-..57ab97c8
-			// ..751a75cf
-			$th..589913a7
-..57ab97c8
-			swi..5820dade
-				ca..a3823b16
-					$..ffdb3bfb
-					$..917c709b
-..57ab97c8
-					i..40e180d0
-						..a160d6a5
-						..6b2b2efc
-..57ab97c8
-						..56e786f2
-						..20d8d9f5
-						..d5ed5472
-..57ab97c8
-						..4d9c77b1
-						..e48e917a
-						..447e331c
-..57ab97c8
-						..3872a65a
-						..f05a7eb1
-						..2ecbeff8
-					}..ccba2c06
-					b..576e5dab
-				ca..ff3692d1
-					/..8559222e
-					$..e93ef92a
-					b..576e5dab
-				ca..1805887b
-					/..7f6dd2f8
-					$..0f1efc01
-..57ab97c8
-					/..923eab55
-					$..6fe733f2
-					b..576e5dab
-				ca..ad01c874
-					b..576e5dab
-				ca..4515fff0
-					$..6a346791
-					$..14502566
-					i..17d737aa
-						..89053958
-						..a21e719d
-						..c3364189
-					}..ccba2c06
-					b..576e5dab
-				ca..eff7ffd9
-					$..4dd75ea9
-					i..e12d5c2f
-					b..576e5dab
-				ca..59f72a52
-				ca..88f7d9de
-				ca..dd291e08
-				ca..0e3313e0
-				ca..ce01b079
-				ca..27d6c93e
-					b..576e5dab
-			}..41b6677f
-		}..58dd3801
-	}..4ce94daa
-..57ab97c8
-	/**..1b3dea4e
-	 * Ha..84b3267c
-	 *..c0155d10
-	 * @p..d2d59d7f
-	 */..2d35b548
-	priva..b90823e9
-		$cry..332a8ea8