-ENJINC..c4f92c2c
+ENJINC..4e80d4a1
-ENJINC..8d5d2a67
-ENJINC..c0716bf4
-ENJINC..ee86aab8
-ENJINC..a5962e3b
-ENJINC..7499b442
+ENJINC..ed8593d6
+ENJINC..5e841ff3
+ENJINC..a5a63d7e
+ENJINC..7b9e83bd
+ENJINC..744b286d
-		$cry..57ce2305
-..11126b28
-						..88c262a1
-..11126b28
-						..20778586
-						..32162c82
-						..807f2ce4
-..11126b28
-						..f71dfbe6
-						..5ed2a27f
-..11126b28
-						..aa928634
-						..87565219
-						..8e7a0dfa
-						..51e835d2
-..11126b28
-						..c5e2f2d7
-						..41767e90
-						..baf15ee9
-..11126b28
-						..989cc475
-						..ff1593dd
-						..3914b846
-..11126b28
-						..442e1d47
-						..25519ce5
-						..e843d89f
-..11126b28
-						..dabc5382
-						..4919ec55
-						..2cce47c2
-						..c8c8ffde
-						..22f87f79
-						..f997d179
-						..01462b10
-						..e239b669
-						..22f87f79
-						..9fd354cc
-						..9733ee3a
-						..3036251d
-..11126b28
-						..cecad907
-						..65392401
-						..22f87f79
-						..71b95bac
-						..22f87f79
-						..3fb822c2
-						..d149802d
-						..75e4a97a
-						..62de9242
-						..c58cd87d
-						..512f3a52
-						..116a90d3
-						..c8c8ffde
-						..22f87f79
-						..d364672a
-						..8a40eb38
-						..db09e0fe
-						..22f87f79
-						..988ebd5d
-						..43e53006
-						..054d5023
-						..8ca2b7bd
-						..cb0a4ccc
-						..7956c714
-						..22f87f79
-						..074725a4
+						..398351b8
+						..6f83a65e
+						..4feac2de
+						..6262cc82
+	priva..1eb5245a
+		$cry..dc3c1917
+		$tok..b495e38e
+..686c5ddf
+		if (..26dcc0f4
+			$to..7ea2e3ec
+			$to..5bf70282
+..686c5ddf
+			// ..bef9be5f
+			$th..f5114c2a
+..686c5ddf
+			swi..76138464
+				ca..6b1665dc
+					$..e76a7c1b
+					$..bfee0847
+..686c5ddf
+					i..084bad13
+						..397d9634
+						..cded8cc8
+..686c5ddf
+						..9df3a344
+						..b80f1609
+						..480a3e8a
+..686c5ddf
+						..c5262394
+						..257e1fdd
+						..1759604d
+..686c5ddf
+						..aaeceaf5
+						..0dc5cbb7
+						..15bb519a
+					}..bebf1730
+					b..1132826f
+				ca..4fc3307a
+					/..35f7a818
+					$..067da577
+					b..1132826f
+				ca..3074a3ca
+					/..16362a29
+					$..9c24ea2a
+..686c5ddf
+					/..69ccf4c6
+					$..55b017ae
+					b..1132826f
+				ca..599b6ffb
+					b..1132826f
+				ca..503d5a94
+					$..867864d0
+					$..98020ffb
+					i..ad88fbf8
+						..bad52724
+						..bb7c8646
+						..2d161d71
+					}..bebf1730
+					b..1132826f
+				ca..c26d8b36
+					$..c283b9f5
+					i..89dc37c2
+					b..1132826f
+				ca..37dc55ef
+				ca..464d98ab
+				ca..9f5b3292
+				ca..bc1dda9a
+				ca..64a726b8
+				ca..d246fe15
+					b..1132826f
+			}..7896c7a2
+		}..64e7bea7
+	}..6737a8dc
+..686c5ddf
+	/**..a19523ab
+	 * Ha..84defaf4
+	 *..fbffd34b
+	 * @p..2e4b5f3f
+	 */..78678e64
+	priva..d025308a
+		$cry..dc3c1917
+		swit..0eef6b5f
+			// ..a6771612
+			cas..41fee614
+				//..5e49fa9f
+				$o..8cf071bd
+				$f..e8254057
+				$t..ade5aed6
+..686c5ddf
+				//..1e9b818f
+				$u..94b3ee81
+				$t..d64475d2
+				$v..505800d3
+..686c5ddf
+				$t..d45db973
+				$t..bc6bd101
+..686c5ddf
+				//..531493b9
+				$t..1215e333
+..686c5ddf
+				if..4f09c8fd
+					/..24aa07ff
+					i..f82b2afd
+					i..948d3c37
+..686c5ddf
+					i..7ee61d8e
+						..397d9634
+						..cded8cc8
+..686c5ddf
+						..c5262394
+						..257e1fdd
+						..1759604d
+..686c5ddf
+						..aaeceaf5
+						..0dc5cbb7
+						..15bb519a
+					}..b1663a79
+						..d25dc19b
+					}..5a9b2a81
+						..5a5e5b0d
+						..07478286
+					}..81932e1d
+						..6af8cdf8
+						..9972d0d2
+..686c5ddf
+						..aaeceaf5
+						..0dc5cbb7
+					}..bebf1730
+				}..20785e86
+..686c5ddf
+				br..b0b18cf8
+			cas..38ab9953
+				$t..2f4f988f
+				$u..c5e04ed8
+				if..20455802
+				br..b0b18cf8
+			cas..47a54229
+				//..5e49fa9f
+				$o..8cf071bd
+				$f..e8254057
+				$t..ade5aed6
+..686c5ddf
+				//..1e9b818f
+				$u..9a9a635f
+..686c5ddf
+				$t..411f3f88
+				if..5fd6e3e0
+					f..98f755f7
+						..47ff0ffe
+					}..bebf1730
+				}..20785e86
+..686c5ddf
+				if..f1c80b77
+					f..0b291c46
+						..f8f6f4a8
+						..38f578ec
+..686c5ddf
+						..c36b04ad
+						..78ac2f24
+..686c5ddf
+						..397d9634
+						..cded8cc8
+..686c5ddf
+						..c5262394
+						..257e1fdd
+						..1759604d
+..686c5ddf
+						..aaeceaf5
+						..0dc5cbb7
+						..15bb519a
+					}..bebf1730
+				}..20785e86
+		}..64e7bea7
+	}..6737a8dc
+..686c5ddf