-import..da1de134
+import..d5f69f8c
+	isEqu..8930cfc2
+				hi..85797f4f
-				if..582cf885
+				//..727504a7
+				th..5ce9e43c
+					n..8767a9b7
+					p..aa0b4c0b
+				})..77c3f33a
+..95aa653b
+				//..f5ed7e51
+				if..63eee309
+				} ..c3d73f3b
+					t..2328ade0
+						..49cc5dfa
+						..07c8f6c2
+					}..26ffb16a
-..e91db551
-				th..e2a6e61b
-					n..888aa1e4
-					p..d2bae9e2
-				})..fc30317e
-				th..9f170d6b
+				le..40201ec1
+				if..14ee3a2e
+					l..2852ec44
+..95aa653b
+					/..197b34a9
+					f..015484a4
+						..dad22fe4
+						..e2bc8ce5
+						..ec4d3043
+						..d0ae8387
+..95aa653b
+						..fbc99b69
+						..9e0a0fe4
+..95aa653b
+						..fcc54af3
+						..8ebb199c
+						..5bf71714
+..95aa653b
+						..fa27eb1f
+						..0a8b3cb6
+						..b7a51b66
+						..9a320adc
+..95aa653b
+						..aa9fd939
+						..afe1a881
+						..f841e026
+						..88c05a4a
+						..c136eed5
+						..cb8121e8
+						..63b2a27a
+						..2d588211
+						..87ea7b76
+						..7c09ed4f
+						..87c79741
+..95aa653b
+						..f842fcb4
+						..4236fb7a
+						..64bc72d6
+					}..96f123ea
+..95aa653b
+					/..58e060f2
+					i..9d87a11d
+					e..01bc2508
+				} ..9524b01d
+					t..2328ade0
+						..9c52d2f5
+					}..26ffb16a
+				}..e9fee048
+			get..5d485240
+				re..1a34f019
+			},..116db544
+						..6c9285e3
+						..6c9285e3
+						..6c9285e3
+						..6c9285e3
+						..6c9285e3
+						..6c9285e3
+						..6c9285e3
+						..6c9285e3
+						..6c9285e3
+						..6c9285e3
+						..6c9285e3
+						..6c9285e3
+					m..9161abe0
+						..63b991fe
+					}..96f123ea
+					m..9161abe0
+						..63b991fe
+					}..96f123ea
+					m..9161abe0
+						..63b991fe
+					}..96f123ea
+					m..9161abe0
+						..8884f5c6
+					}..96f123ea
+						..8884f5c6
+						..37e5e172
+						..37e5e172
+						..37e5e172
+						..37e5e172
+						..37e5e172
+						..37e5e172
+						..37e5e172
+					m..9161abe0
+						..70758018
+					}..96f123ea
+						..70758018
+						..70758018
+						..70758018
+						..70758018
+					m..9161abe0
+						..42317a47
+					}..96f123ea
+						..42317a47
+						..42317a47
+						..42317a47
+						..42317a47
+						..42317a47
+					m..9161abe0
+						..27b4dced
+					}..96f123ea
+						..27b4dced
+						..27b4dced