-<div c..ba157c11
-	<eth-..b82a7a91
-	<tabl..11bd3ce0
-		<the..c60a78f6
-			<tr..a1a08a03
-				<t..0e6e9aea
-				<t..7c1c5318
-				<t..3e8b79c4
-					{..1b5507c5
-					<..dddb6fd7
-						..5a7a2f0f
-						..f543820d
-					<..ed294af4
-				</..63ae9108
-				<t..e6133aa3
-				<t..3357bb77
-				<t..08d540e0
-				<t..fd690416
-			</t..e1c9ed16
-		</th..59ed9019
-		<tbo..e65d438f
-			<tr..f2dd6913
-				<t..141ff773
-					<..04a1cfd3
-						..f0ae0724
-						..664111e8
-						..796047b6
-						..144d10e1
-					<..c641f305
-				</..ea7811a4
-				<t..6fcf0b1d
-					<..04a1cfd3
-						..dd05447a
-						..75215460
-						..85a53c72
-						..33d68ecf
-						..d74ac464
-						..52f0fcb7
-						..8f91b385
-						..eddb9d4d
-						..d511e7fd
-					<..c641f305
-					<..daf00eae
-						..2ee444b5
-						..f54f5265
-					<..ed294af4
-				</..ea7811a4
-				<t..429df274
-					<..1118718f
-						..40dcd73d
-						..9f5c3fc5
-				</..ea7811a4
-				<t..373b00ed
-					<..aab3d97d
-						..bbe512c4
-						..82ff8961
-						..ee2d0cc2
-						..8eb1dfa5
-						..fc20ca5c
-				</..ea7811a4
-				<t..cefff6b5
-					<..aab3d97d
-						..bbe512c4
-						..f9ae4079
-						..d9c4af8f
-						..8eb1dfa5
-						..fc20ca5c
-				</..ea7811a4
-				<t..1a7ecb78
-					<..381ae402
-						..764e46c9
-						..6478bc02
-						..a1e0b4c3
-						..4bdf4802
-						..aeed1950
-					<..c2b82c04
-					<..381ae402
-						..1a62ab80
-						..eeb4233a
-						..a1e0b4c3
-						..5c226ec5
-						..3b02306d
-					<..c2b82c04
-					<..381ae402
-						..e29437c3
-						..86100d18
-						..a1e0b4c3
-						..b3b1a77b
-						..92f419b7
-					<..c2b82c04
-					<..407f608b
-					<..14092e58
-					<..b4b326ba
-					<..3edad439
-						..6bec5780
-					<..ed294af4
-				</..ea7811a4
-				<t..fbe82f5f
-					{..98c94b24
-				</..ea7811a4
-			</t..e1c9ed16
-		</tb..ad7671d6
-	</tab..95f8ed4e
-	<div ..eb4e53e4
-		<md-..58b2ae64
+<templ..bc1e6582
+	<div ..17373f84
+		<eth..f4513738
+		<tab..63c5ab9b
+			<th..838b1a81
+				<t..450a853d
+					<..c129800b
+					<..eecc60c9
+					<..a4d1bf50
+						..1aa9a676
+						..733ab2f8
+						..3f84907c
+						..72978e85
+						..3e31fd0a
+					<..347c135e
+					<..2b87d4a2
+					<..0bda4c11
+					<..a28dfb1e
+					<..fbdce741
+				</..46eaca3f
+			</t..88a39fcd
+			<tb..2d6d15fd
+				<t..b4ccac30
+					<..51c23941
+						..4875a714
+						..98c05cee
+						..0e15ff11
+						..9671c096
+						..3257d8b1
+						..f83a2fab
+					<..20b71cd4
+					<..4cfa7be8
+						..4875a714
+						..874792fd
+						..750b003f
+						..007348c5
+						..d8d12f1f
+						..25e68879
+						..03a49ef1
+						..ba07b4d8
+						..ca26be8a
+						..3ab7cf4a
+						..f83a2fab
+						..6c52bab7
+						..c7e68f87
+						..9a4c47a8
+						..3e31fd0a
+					<..20b71cd4
+					<..eb7d44bd
+						..b86e654c
+						..2faaeaf1
+						..5dd5c774
+					<..20b71cd4
+					<..bb8a6505
+						..36ba4ea6
+						..b9bad2f5
+						..ddad7c4c
+						..19e37c64
+						..5e001369
+						..c052b942
+					<..20b71cd4
+					<..cca41f10
+						..36ba4ea6
+						..b9bad2f5
+						..a0e1b193
+						..34a26918
+						..5e001369
+						..c052b942
+					<..20b71cd4
+					<..d1fdbfaf
+						..e0ec0b68
+						..6bec48aa
+						..57f09039
+						..2a2c6712
+						..0e4f3e5e
+						..bc28e658
+						..023d2901
+						..e0ec0b68
+						..7f38620a
+						..8dd5f18d
+						..2a2c6712
+						..fa3a16e9
+						..f54aa7a4
+						..023d2901
+						..e0ec0b68
+						..4d965f9f
+						..5847f77d
+						..2a2c6712
+						..272d216b
+						..af935570
+						..023d2901
+						..aca9df33
+						..3856a87f
+						..c47cf6e1
+						..3ce60bde
+						..1ee2a93c
+						..3e31fd0a
+					<..20b71cd4
+					<..652935a0
+						..980ed5a6
+					<..20b71cd4
+				</..46eaca3f
+			</t..f184e1de
+		</ta..cf091d88
+		<div..13372801
+			<md..6781ab12
+		</di..65754e3f
-</div>..d380f295
+</temp..421e5c1f
+	impor..ce4adcd2
-		comp..010a3c4c
+		comp..65209736