-REDIS_..17277223
+REDIS_..be8b3ab5
-	prote..b445f79e
+	prote..f0973dfb
-		$ite..08a49104
-..1aed1b14
-		$bal..c01b0709
-		$add..75005538
-..1aed1b14
-		$ind..1d0e88d7
-		whil..af5effbf
-			$it..ce46f880
-			$th..617aeaf4
-				if..17f8af14
-			});..3c587e73
+		$off..a39b4c66
+		$res..c6f89f3e
-			$it..b220681c
-				re..f03a9ae3
-			});..3c587e73
-..1aed1b14
-			if ..25656bf5
-				$d..d3fbcd4c
-				if..173859e9
-					$..f59ff03d
+		$ite..656e40f4
+		if (..8d1e5448
+			for..f3c6254f
+				$d..556cab40
+				if..a331b917
+					$..abcdf7f7
-					'..1032310b
-					'..e7019ea3
-					'..96a62534
-					'..e18b0af6
-					'..ad18ab7d
-					'..209352d3
-					'..b1a86b4c
+					'..264f242e
+					'..5676364f
+					'..33e8a2c8
+					'..7ac5aa03
+					'..1ae3c654
+					'..012ce845
+					'..979740d2
-						..3369e3bb
-						..809b0037
-						..98888810
-						..e8e08744
-						..fce3ad60
-						..e8094ec7
-						..b4f49552
-						..5ecaee5d
-						..cb667bac
-						..c9c4f39e
-						..56e55eb7
-						..eb35f56d
-						..98313656
-						..ab7ed723
-						..e471ddf6
+						..36d6176f
+						..41fe731e
+						..2c29b126
+						..5a5962f9
+						..d7f3edff
+						..b44eeed9
+						..1c75b14f
+						..d0b82e83
+						..38f40fda
+						..38354521
+						..9d5504bd
+						..65b7054e
+						..4e6f0d44
-..1aed1b14
-			$in..392a03f9
-		$ite..8e7158a0
-			ret..062353fe
-		});..db2e6f7d
+		$ite..e3279a14
-		if (..92bc5181
+		if (..d4d57eef
-		$des..777a5d07
-		if (..c80ac768
-			$de..3572d2ee
+		$des..06d31c8e
+		if (..18f59fdb
+			$de..cfc7b6e9
-			'ra..7488b0c2
-			'co..f58dcaaf
-			'ow..e3b4a967
-			'im..443ee511
-			'cr..1ef32c65
-			'na..d246be6f
+			'ra..4bf7c5e6
+			'co..c5de8ff0
+			'ow..da5724c7
+			'im..d3420512
+			'cr..a8e6d548
+			'na..313a0e2b
-				'g..4084ea14
-				's..505e7a6f
-				's..0eeea38b
-				'm..fa6f18cb
-				'm..aa18ec1e
-				's..9a7cc677
-				'c..de675ce1
-				't..afe898cb
-				'p..884d9985
-				'l..cdb92fb2
-				'e..46cd2d43
-				'e..4333a9f8
-				'e..727bb71a
-				's..5de2bd1e
-				'f..8a3b892d
+				'g..04fa0a97
+				's..4c4458a1
+				's..95155475
+				'm..7f682f64
+				'm..81244121
+				's..43e88b33
+				'c..7cc95b6d
+				't..39253930
+				'p..e1115198
+				'l..e65aef0b
+				'e..27d34a1b
+				's..1074de3f
+				'f..c123a1a9
-	priva..a2f0afb2
-		$ima..93ef550e
-				->..21e176ea
-				->..4066f92c
-				->..73875206
-				->..bb8c680a
-..1aed1b14
-		if (..7b743f94
-			ret..7dc8ac28
-		}..f98249ef
-..1aed1b14
-		$dat..fa905243
-		if (..214d8b21
-			$ur..f33e51b4
-			if ..bf1bbf43
-				$u..dd2737ff
-			}..05fb832f
-..1aed1b14
-			if ..2388c40e
-				re..7e753123
-			}..05fb832f
-..1aed1b14
-			$th..102c5be7
-				->..72996ab7
-					'..b7fac078
-					'..1032310b
-					'..723dd29b
-					'..3103180a
-				])..e334eadf
-..1aed1b14
-			ret..24d17afe
-		}..f98249ef
-..1aed1b14
-		retu..c6a2d28d
-	}..361f1fce
-..1aed1b14
-      ..691899b0
-      ..ee0f6bcc
+      ..80958727
-      ..691899b0
-      ..ee0f6bcc
+      ..80958727
-      ..d29d9689
-      ..691899b0
-      ..ee0f6bcc
+      ..80958727
-      ..691899b0
-      ..ee0f6bcc
+      ..80958727
-      ..691899b0
-      ..ee0f6bcc
+      ..80958727
-      ..691899b0
-      ..ee0f6bcc
+      ..80958727
-      ..d29d9689
-      ..d29d9689
-      ..691899b0
-      ..ee0f6bcc
+      ..80958727
-      ..d29d9689
-      ..d29d9689
-      ..691899b0
-      ..ee0f6bcc
+      ..80958727
-      ..d29d9689
-      ..691899b0
-      ..ee0f6bcc
+      ..80958727
-      ..d29d9689
-      ..d29d9689
-      ..691899b0
-      ..ee0f6bcc
+      ..80958727
-      ..691899b0
-      ..ee0f6bcc
+      ..80958727