-			<in..b38f7e13
+			<in..19189021
+					p..208f2a99
-			goT..f37946fa
-				//..1dc5ec3c
+			goT..6c76b7c1
+				//..4dc300d8
+				ev..b0a3e89d
+..270af9af
+				//..c46a8a34
-				if..4c7aeafe
+				//..a0cfa503
+				if..65567d62
-				//..3e7e117c
+				//..d9aa6d4b
-					@..ab10fc5a
+					@..5006500c
-					@..55798ee7
+					@..b12e2c60
-					@..e2ad0854
+					@..c196f012
-					@..6e320046
+					@..368ab243
-					@..0f7089cb
+					@..1b4c61a9
-					@..3779e7fe
+					@..895d8e0e
-					@..9882e3a9
+					@..90753cd1
-					@..50f575a6
+					@..9d72542b
-					@..c2ed0caa
+					@..94fb034e
-					@..1c490c1b
+					@..89f46328
-					@..4bc42d4c
+					@..ac9dd7bb
-					@..6387fc85
+					@..a1fe292f
-					@..da93ef93
+					@..aa3c214c
-					@..1ea25c6b
+					@..5a7474a8
-						..a57b46b2
+						..0c81642d
-						..b90ca02b
+						..07a8ad5c
-						..5e98b86f
+						..68517237
-						..b65fafb4
+						..cd8d19c2
-						..3d138997
+						..13fd3060
-						..5d4947c1
+						..06c57be2
-						..3419ae3a
+						..18bc1d59
-						..1746f938
+						..5a7cb605
-						..37db44ab
+						..6e172273
-						..b08321d0
+						..40ed23e7
-						..541c947d
+						..16adb045
-						..e138fb91
+						..5e1620e4
-						..02d8ba7b
+						..b6fb7d69
-						..583e4f11
+						..7035f036
-						..ae62d274
+						..df8468e7
-						..f512d2c6
+						..618d7293
-						..55540d51
+						..0d3c00c3
-						..d2356b18
+						..847fe32f
-						..30efee80
+						..ba3a7c52
-						..50f1d97e
+						..01f982be
-						..578fc730
+						..4183ac0c
-						..0b2f1fe2
+						..301cc8b4
-						..e4a1b738
+						..3c3b0fa6
-						..a035ec3a
+						..3431a0ce
-						..96f8dbde
+						..c73bfe71
-						..58bbc7df
+						..e98c60ff
-						..791f7785
+						..eeaaa472
-						..ad33607e
+						..6c5f597d
-						..2b041ecd
+						..0d928a6e
-						..a656ae6d
+						..83d21e59
-						..c29467ac
+						..9a9eb91a
-						..ac3703fa
+						..a7e9d4cc
-					<..e006b52d
+					<..3db36575
-					<..0ebeb379
+					<..63c0688a
-					<..50c3abf1
+					<..1c84213a
-					<..d91c552d
+					<..255144be
-					<..42a44263
+					<..3a6436dc
-					<..3cec9e47
+					<..846b2630
-						..3419ae3a
+						..18bc1d59
-						..1746f938
+						..5a7cb605
-					<..b042cc19
+					<..4ec8e59a
-					<..383ea5f4
+					<..a9384336
-					<..d34b7280
+					<..4686de28
-					<..28acae9e
+					<..d6e13711
-					<..a48c1529
+					<..5b6bf12b
-					<..05bdd858
+					<..cc037a59
-					<..f3eebebc
+					<..2b14666a
-					<..1d34730c
+					<..3a712860
-					<..54cd521a
+					<..b606074b
-					<..244afd4f
+					<..ea8888c8
-					<..30f34cc4
+					<..15859c7d
-					<..fd688ef5
+					<..262ea33d
-						..e4a1b738
+						..3c3b0fa6
-					<..30ef0540
+					<..e2ee09ba
-					<..327478d6
+					<..673c30c9
-					<..1faa1909
+					<..6aa3f128
-					<..4594cd70
+					<..278d4d10
-					<..5796bfc2
+					<..5f4199f3
-					<..f9d89860
+					<..71c6ac73
-					<..c2a4239f
+					<..ae730488
-					<..439d79ed
+					<..471b1819
-					<..0ea68ce7
+					<..3ba96540
-					<..55820601
+					<..9085b772
-					<..304f9a2b
+					<..4da37cd5
-					<..72ba9776
+					<..b1568524
-					<..5656cee9
+					<..15ac6bae
-					<..df6e54d0
+					<..c61b810f
-				@c..108632c3
+				@c..eadf6384
-					@..404db780
+					@..9a191d44
-					@..d4957474
+					@..fb26538b
-					@..8a302aec
+					@..1c7406a4
-					@..3cab7438
+					@..94186475
-						..f57bb359
+						..c813795f
-						..f654bbed
+						..7ab377c7
-						..e4be9dfe
+						..9f94b9ce
-						..2664292c
+						..531daec1
-						..d1c89219
+						..b92e918d
-						..bc039f24
+						..da223a28
-						..bdad1701
+						..bc7bce26
-					@..acbead60
+					@..9b47648e
-					@..e7665eaa
+					@..7af476ed
-					@..3a919771
+					@..ff726a20
-						..31efe993
+						..3db9c67d
-						..17347669
+						..f131906d
-						..84f4f396
+						..ef18829a
-						..9f0a9d16
+						..3a5bb0cd
-						..296ea4f8
+						..fe277c29
-						..d7cdd5a4
+						..70e1fea7
-						..931f9f1b
+						..0d2124a8
-						..ec7a13fd
+						..3ac9bb6c
-						..65bc612c
+						..bdba3f2e
-						..bdad1701
+						..bc7bce26
-						..03dbeeed
+						..2d7935f3
-						..3918043b
+						..17ce5aa9
-						..21631cbd
+						..646f658a
-						..1150fa55
+						..3544bb0a
-						..aead4ca2
+						..92c2a4f7
-						..2d1be1a5
+						..c30a954a
-						..f4b7f35b
+						..ba3831de
-						..a2d7d939
+						..acd23590
-						..f57bb359
+						..c813795f
-						..a2d7d939
+						..acd23590
-						..f654bbed
+						..7ab377c7
-						..f654bbed
+						..7ab377c7
-						..f57bb359
+						..c813795f
-						..a2d7d939
+						..acd23590
-						..f654bbed
+						..7ab377c7
-						..f57bb359
+						..c813795f
-						..e4be9dfe
+						..9f94b9ce
-						..f654bbed
+						..7ab377c7
-						..f57bb359
+						..c813795f
-						..f654bbed
+						..7ab377c7
-						..f57bb359
+						..c813795f
-						..92b167be
+						..09605143
+						..21ea0e6b
+						..e894d228
+						..567b1317
-						..e4be9dfe
+						..9f94b9ce
+	impor..63e47891
-		comp..281957a4
-		prop..db62d472
+		comp..5aa905b3
+		prop..eaef368b
-						..ec7a13fd
+						..3ac9bb6c
-						..d1c89219
+						..b92e918d
-						..65bc612c
+						..bdba3f2e
-						..bdad1701
+						..bc7bce26
-						..31b92a88
+						..2b0db841
-						..9020d718
+						..df5fd4f1
-						..5e79644d
+						..3cb71a86
-						..3b5b6007
+						..9b76e058
-						..d7cdd5a4
+						..70e1fea7
-						..17347669
+						..f131906d
-						..4c9887f3
+						..2b5b7cca
-						..f64039a3
+						..2f83f933
-						..31efe993
+						..3db9c67d
-						..17347669
+						..f131906d
-						..0334c8f4
+						..ba678447
-						..ec7a13fd
+						..3ac9bb6c
-						..65bc612c
+						..bdba3f2e
-						..bdad1701
+						..bc7bce26
-						..4ae88d77
+						..254c4c95
-						..e1307387
+						..ae250f8b
-						..5760aa7f
+						..db7d2f5f
-						..e4a2e12d
+						..7ccef157
-						..2f1e63be
+						..5b96cd17
-						..a2d7d939
+						..acd23590
-						..f654bbed
+						..7ab377c7
-						..f57bb359
+						..c813795f
-						..f654bbed
+						..7ab377c7
-						..f57bb359
+						..c813795f
-						..f654bbed
+						..7ab377c7
-						..f57bb359
+						..c813795f
-						..32fa47ca
+						..09acce97
-						..3f21cf4b
+						..f824f671
-						..d73f8d5b
+						..c9ad635a
-						..8cd5a390
+						..7c541f31
-						..55e655cc
+						..22b6761c
-						..615c09b2
+						..2e9465e0
-						..a2d7d939
+						..acd23590
-						..f654bbed
+						..7ab377c7
-						..5f5fb24a
+						..db692b06
-						..f654bbed
+						..7ab377c7
-						..5f5fb24a
+						..db692b06
-						..296ea4f8
+						..fe277c29
-						..f877df6c
+						..57eb1038
-						..7babaa0f
+						..25dd65d6
-						..bf52c6e2
+						..63041426
-						..0e9d5348
+						..50d571cb
-						..f877df6c
+						..57eb1038
-						..7babaa0f
+						..25dd65d6
-						..a3d412dd
+						..f1bba144
-						..4c52c428
+						..873406aa
-						..56ebff00
+						..75a70e83
-						..fd54c554
+						..4763bdd5
-						..599d2483
+						..8f51f601
-						..29eeb61c
+						..ee7803a8
-						..0423677b
+						..aca32605
-						..be95040c
+						..afb9bf43
-						..0b805b0a
+						..4d20f944
-						..098c996c
+						..49e83877
-						..f0084baa
+						..aea6f882
-						..896bda86
+						..c98e2310
-						..cdac1289
+						..51d916ef
-						..d7cdd5a4
+						..70e1fea7
-						..17347669
+						..f131906d