-					-..205964c8
+					-..87555c7f
-					-..205964c8
+					-..87555c7f
-					-..205964c8
+					-..87555c7f
-			->s..9f5e40dc
+			->s..7e8ef578
-					'..5eb266cc
+					'..c3c45215
-						..de155d66
+						..83141814
-						..c9dd1bf6
+						..e13659f1
-						..dbb2e154
+						..9d7e788a
-					<..b3fe5ff6
+					<..c0035b65
-						..247b23a1
+						..681f74d0
-						..8cd2cef5
+						..c65d695e
-		<div..4da4fe7e
+		<div..cd7b1631
-					<..b3fe5ff6
+					<..c0035b65
-					<..b3fe5ff6
+					<..c0035b65
-						..8cd2cef5
+						..c65d695e