-			'va..62cc2d83
+			'st..3f31f8b8
-				:t..236ceb14
-				:t..9bd1bce2
-				:r..f9835d09
-						..34abfaf6
-						..994a40bd
-						..35a8de30
-						..ec8b37d5
-						..34abfaf6
-						..b95d01aa
-						..994a40bd
-						..ec8b37d5
-						..5895da56
+						..6ab4467f
-						..cd5e285e
-						..bd126e4f
-						..75ed9806
-						..84031fba
-						..f87a5cb2
-						..d170ddb2
+						..d1b4d065
-						..bfda6e38
-						..a0495b76
-						..bd126e4f
-						..75ed9806
-						..84031fba
-						..f87a5cb2
-						..d170ddb2
+						..55f17149
-						..bfda6e38
-						..03261b07
-						..bd126e4f
-						..75ed9806
-						..84031fba
-						..f87a5cb2
-						..d170ddb2
+						..6e12edd4
-						..bfda6e38
-						..03034fb3
-						..bd126e4f
-						..75ed9806
-						..84031fba
-						..f87a5cb2
-						..d170ddb2
+						..f5980b7a
-						..bfda6e38
-						..b53ebdfd
-						..bd126e4f
-						..75ed9806
-						..84031fba
-						..f87a5cb2
-						..d170ddb2
+						..bede4add
-						..bfda6e38
-						..935977ed
-						..bd126e4f
-						..75ed9806
-						..84031fba
-						..f87a5cb2
-						..d170ddb2
+						..3d0613af
-						..bfda6e38
-						..7885a9f6
-						..bd126e4f
+						..8f68db82
-						..baea3a1e
-						..bd126e4f
-						..75ed9806
-						..84031fba
-						..f87a5cb2
-						..d170ddb2
+						..2c3a5a02
-						..bfda6e38
-						..3d96a933
-						..bd126e4f
-						..75ed9806
-						..84031fba
-						..f87a5cb2
-						..d170ddb2
+						..65a716e5
-						..bfda6e38
-						..58eacf4f
-						..bd126e4f
-						..75ed9806
-						..84031fba
-						..f87a5cb2
-						..d170ddb2
+						..19e8cc04
-						..bfda6e38
-						..fb839fa0
-						..bd126e4f
-						..75ed9806
-						..84031fba
-						..f87a5cb2
-						..d170ddb2
+						..32a17f96
-						..bfda6e38
-						..6299e1d4
-						..bd126e4f
-						..75ed9806
-						..84031fba
-						..f87a5cb2
-						..d170ddb2
+						..eb3564b0
-						..bfda6e38
-						..51f7aeee
-						..bd126e4f
-						..75ed9806
-						..84031fba
-						..f87a5cb2
-						..d170ddb2
+						..b33477c4
-						..bfda6e38
-						..11aba1bf
-						..bd126e4f
-						..75ed9806
-						..84031fba
-						..f87a5cb2
-						..d170ddb2
+						..a4680be8
-						..bfda6e38
-						..bff2ad91
-						..bd126e4f
-						..75ed9806
-						..84031fba
-						..f87a5cb2
-						..d170ddb2
+						..ab0c0150
-						..bfda6e38
-						..cc93c38e
-						..bd126e4f
-						..75ed9806
-						..84031fba
-						..f87a5cb2
-						..d170ddb2
+						..ca193ca3
-						..bfda6e38
-						..160a880c
-						..bd126e4f
-						..75ed9806
-						..84031fba
-						..f87a5cb2
-						..d170ddb2
+						..6ec8b7ee
-						..bfda6e38
-						..7e58a80b
-						..bd126e4f
-						..75ed9806
-						..84031fba
-						..f87a5cb2
-						..d170ddb2
+						..9a2842a7
-						..bfda6e38
-						..6888239e
-						..bd126e4f
-						..75ed9806
-						..84031fba
-						..f87a5cb2
-						..d170ddb2
+						..b9bba553
-						..bfda6e38
-						..775a9418
-						..bd126e4f
-						..75ed9806
-						..84031fba
-						..f87a5cb2
-						..d170ddb2
+						..f5666587
-						..bfda6e38
-						..14a15b4e
-						..bd126e4f
-						..75ed9806
-						..84031fba
-						..f87a5cb2
-						..d170ddb2
+						..c21e26dc
-						..bfda6e38
-						..6ab9453d
-						..bd126e4f
-						..75ed9806
-						..84031fba
-						..f87a5cb2
-						..d170ddb2
+						..ec60d922
-						..bfda6e38
-						..fee943a7
-						..bd126e4f
-						..75ed9806
-						..84031fba
-						..f87a5cb2
-						..d170ddb2
+						..ba400979
-						..bfda6e38
-						..f35582f6
-						..bd126e4f
-						..75ed9806
-						..84031fba
-						..f87a5cb2
-						..d170ddb2
+						..9d5b31e9
-						..bfda6e38
-						..cd386cc4
-						..bd126e4f
-						..75ed9806
-						..84031fba
-						..f87a5cb2
-						..d170ddb2
+						..a2c72ab9
-						..bfda6e38
-						..43a7a230
-						..bd126e4f
-						..75ed9806
-						..84031fba
-						..f87a5cb2
-						..d170ddb2
+						..6d8701da
-						..bfda6e38
-						..a489b241
-						..bd126e4f
-						..75ed9806
-						..84031fba
-						..f87a5cb2
-						..d170ddb2
+						..2778b59d
-						..bfda6e38
-						..5ed15726
-						..bd126e4f
-						..75ed9806
-						..84031fba
-						..f87a5cb2
-						..d170ddb2
+						..d3e7b33c
-						..bfda6e38
-						..2f23a94c
-						..bd126e4f
-						..75ed9806
-						..84031fba
-						..f87a5cb2
-						..d170ddb2
+						..e3f3a09e
-						..bfda6e38
-						..dc3e7fd0
-						..bd126e4f
-						..75ed9806
-						..84031fba
-						..f87a5cb2
-						..d170ddb2
+						..36a5c442
-						..bfda6e38
-						..ae93189e
-						..bd126e4f
-						..75ed9806
-						..84031fba
-						..f87a5cb2
-						..d170ddb2
+						..b4bc98fa
-						..bfda6e38
-						..44ce36da
-						..bd126e4f
-						..75ed9806
-						..84031fba
-						..f87a5cb2
-						..d170ddb2
+						..12ac3b92
-						..bfda6e38
-						..61546d9e
-						..bd126e4f
-						..75ed9806
-						..84031fba
-						..f87a5cb2
-						..d170ddb2
+						..aa305265
-						..bfda6e38
-						..ebfaf766
-						..bd126e4f
-						..75ed9806
-						..84031fba
-						..f87a5cb2
-						..d170ddb2
+						..2ad8f433
-						..bfda6e38
-						..a7fa9b87
-						..bd126e4f
-						..75ed9806
-						..84031fba
-						..f87a5cb2
-						..d170ddb2
+						..4233f8fb
-						..bfda6e38
-						..1a841e57
-						..bd126e4f
-						..75ed9806
-						..84031fba
-						..f87a5cb2
-						..d170ddb2
+						..bb8fa5cd
-						..bfda6e38
-						..9a15327e
-						..bd126e4f
-						..75ed9806
-						..84031fba
-						..f87a5cb2
-						..d170ddb2
+						..6d87c6e9
-						..bfda6e38
-						..6fc6f617
-						..bd126e4f
-						..75ed9806
-						..84031fba
-						..f87a5cb2
-						..d170ddb2
+						..7dc5e4cd
-						..bfda6e38
-						..f2e84c89
-						..bd126e4f
-						..75ed9806
-						..84031fba
-						..f87a5cb2
-						..d170ddb2
+						..fb29f418
-						..bfda6e38
-						..e3ea4f1b
-						..bd126e4f
-						..75ed9806
-						..84031fba
-						..f87a5cb2
-						..d170ddb2
+						..a487732a
-						..bfda6e38
-	impor..7009d54a
+	impor..082a3cae
-				wi..30a48b3b
-				lo..6b0ab9aa
-				lo..425dd322
-				xh..43a402d5
-				ti..7053ef44
-				mo..895e426f
-				to..f053977b
-				me..a5c344bc
-				pr..2f7b234b
-				pr..9fc5fc74
-				pr..e7361af4
-				se..ab0f283e
-				or..896b1567
-				co..c9557487
-				so..d94d2187
+				lo..b14a53ca
+				lo..154300d5
+				xh..b91781bc
+				ti..f2152213
+				mo..676e5638
+				to..406e3f54
+				me..61907c06
+				pr..eb66e650
+				pr..edb79751
+				pr..11960602
+				se..55c978b1
+				so..cc579791
-				st..6129ccfc
-				th..aeefdbf0
-				st..acf1a8f4
-				lo..15e4c205
-				cu..4207f70e
-				pr..bcd12b46
-				sh..8e7f4027
-				vi..60ed60e9
-				pa..fd9eec7e
-					k..38270d5c
-					i..3ae61bbd
-					e..48ccec18
-					d..20436654
-					p..a08550ec
-					s..ed3cc5b8
-						..dff57200
-						..cb545fb1
-						..51e980a5
-						..ef958fc7
-						..27142769
-						..29e396b5
-						..51e980a5
-						..1d89fdb4
-						..7ddfd2ff
-						..5f5f62ed
-						..51e980a5
-						..be20078f
-						..7ddfd2ff
-						..5f5f62ed
-						..51e980a5
-					}..a598a172
-					l..aaca039c
-				},..417c3f40
-				//..6d7cdacb
-				//..e8213bee
-				th..3e8db414
+				//..e7ca8f95
+				th..4f424530
-				th..608a43e5
-				th..600107a6
-				th..0b34e4f8
-				th..a66ab175
-				th..263caa86
-				th..c5183a45
+..62a264cc
+				//..81c30821
-				th..9089fc0b
+				th..cbbb2e58
+..62a264cc
+				//..78f4d96b
-				th..2b14ce50
-				th..685c8ba6
-				th..4f944c98
-				th..f40a0fda
-				th..d93b39ec
+				th..e29ef436
+				th..eb3dc8da
+				th..f29c3002
+				th..67f7f61c
+				th..2382d1a4
-				do..7b375712
+				do..fb2197af
-					t..6b92e6b2
+					c..9ea18ea9
+					/..6092b3cf
-				co..249ea51d
-..db0a5eb7
-					t..555691a0
+					t..832be046
-				if..b0aad836
+				if..22f79901
-						..2185661b
+						..aa669db6
-				} ..4c8b69ff
-					t..abb509e9
+				} ..0069a591
+					t..aac5e1da
-				co..34b8cfd9
-				hi..baad28b9
+				cr..5a9fd882
-				],..c9dff1be
+				],..7bd50a4b
-					i..c7d16a99
-						..5d1540c3
-						..953c3eee
-						..5b56be9f
+					i..0fc87702
+						..5ab8763e
+						..56a55893
+						..448dfe70
-						..3f08dd0f
+						..e6f6bb93
-					i..87c6332b
-						..c1e7450d
-						..88eb6e53
+					i..68998b89
+						..0213dd56
+						..3afd1097
-					i..17b4957e
-						..cbfcaa89
+					i..3279c16c
+						..830092c3
-				re..8fb1019f
+				re..9d65c67d
-				re..1fc30606
+				re..adbb1c9b
-				re..96d351b4
+				re..18023cdb
-				re..8002b30a
+				re..33c7162d
-				co..3ea314c3
-				co..b56427d3
+				co..267f44b0
+				co..8d03df8a
-					t..7e0e5092
-					t..6f5195bd
+					t..b0d811df
+					t..f419e409
-						..e6557bfb
-						..cf58ce14
+						..5e0467e9
-					t..dd87e7a0
+					t..4855f0d5
-					t..c88ca856
+					t..5ec600fe
-						..b7f92795
+						..108cb62c
-					t..b93f3644
+					t..46458bf1
-					i..25fe09ee
+					i..213492d7
-						..a255a836
+						..914e76dc
-					}..f1567fff
-						..c42f15a6
+					}..210683ac
+						..27f74fef
-				le..4562622c
+				le..a083eea5
-				if..129c9316
-				el..920c128d
-				el..02a14ec7
-				el..8750054f
-				el..a467dbc3
-				el..3d6d78f4
-				el..1513daf9
-				el..8ac5610b
-				el..5aaa5235
-				el..a072dce7
-				el..428aef4a
-..db0a5eb7
-				if..5762f402
-					t..1d901af6
+				if..31d3e8eb
+				el..9fbf6820
+				el..406be1b8
+				el..c9ca5b4b
+				el..58904f21
+				el..c78f9965
+				el..b4333d13
+				el..6621e9e4
+				el..2b195105
+				el..1eff5e62
+				el..93352b9f
+..62a264cc
+				if..5d496d75
+					t..2d25150a
+						..f9602443
+						..5d4fdd02
+					}..c47d3551
-				th..da0c2e00
-				th..b9fb6f38
-				th..82cf08ac
+				th..4af19209
+				th..98c8aa5f
+				th..5acae7b6
-				th..6587d0b4
+				th..407e88eb
-					t..57e4d998
+					t..1cbe8988
-					c..319321d3
+					c..76bd330c
-				if..b446a9d7
+				if..8f745d23
-				if..7d84a5db
+				if..d42eed1a
-					i..169a0d74
+					i..441aac7b
-					c..0d848a89
+					c..039e035e
-						..0dba199d
+						..262ee495
-						..7378b162
+						..3a26deec
-						..ace96cd7
+						..f0b3053d
-						..568647f3
+						..d1d36a2f
-						..77c59426
+						..c056d48d
-				if..53481f55
+				if..da9a27bc
-				if..ff8dd341
-				if..c9d517a7
+				if..52c96b7c
+				if..c9887ba2
-					i..dacfc0c6
-					i..55c63544
+					i..38697f3b
+					i..4cf8e3f0
-					t..cf4e9601
-					t..253ba2a2
+					t..91d7b733
+					t..93918704
-				le..e03a372d
+				le..2d1c3ccc
-				if..8dbc2a3c
+				if..0a9591d1
-				if..4429f9b3
+				if..7457bd80
-				if..f7d08bff
-				el..7d5e12fa
+				if..fa703819
+				el..1e7b6ece
-				th..924355a4
+				th..4b0fa719
-				if..7d84a5db
+				if..d42eed1a
-					c..0d848a89
+					c..039e035e
-						..0dba199d
+						..262ee495
-						..ba9c739a
-						..50d2e7bd
-						..4c54cc97
-						..3932b24f
-						..3d53de62
-						..baeb1603
-						..65357a78
-						..a6c3f9cd
-						..3a970600
-						..5d6becd7
-						..b46855e9
-						..face7209
-						..78dcbfb5
-						..3a95e26a
-						..cd68393a
-						..5c5ccb86
-						..7a440748
-						..a797e343
+						..3f0c4308
+						..26d2b134
+						..34f6f59f
+						..c255fa41
+						..28ec2eda
+						..6c27c09b
+						..646bff9a
+						..09ac20c6
+						..025d354a
+						..62cf5a02
+						..ba155e96
+						..2d30359a
+						..b248d51e
+						..1303d5b8
+						..7b93223b
+						..96dd6a69
+						..161683f3
+						..028f8b7b
-						..568647f3
+						..d1d36a2f
-						..0593b001
-						..303a3dae
+						..db8a90bc
+						..a0306e86
-						..1276778b
-						..de6e5755
+						..6cbb3b5e
+						..88b0485b
-						..1276778b
-						..f37be17c
+						..6cbb3b5e
+						..06902b60
-						..1276778b
-						..4957d0ef
+						..6cbb3b5e
+						..9308cf01
-						..1276778b
-						..de6e5755
+						..6cbb3b5e
+						..88b0485b
-						..1276778b
-						..5e638c7f
+						..6cbb3b5e
+						..8d9a17ca
-						..1276778b
-						..1459d110
+						..6cbb3b5e
+						..033a26c4
-						..1276778b
-						..44b79623
+						..6cbb3b5e
+						..3e15d2e9
-				co..7bef499c
-				th..2e6c0e76
-					t..dd87e7a0
+				co..c993d88f
+				th..0dad905d
+					t..4855f0d5
-				th..02b24cce
+				th..b7e94e5e
-				th..ad762118
+				th..b6add159
-				co..fbc1b82e
+				co..92f39639
-					o..d3b66933
+					o..7cbfc27a
-				co..632d007a
-				th..d6a8ee68
+				co..c3b2bf9d
+				th..c79f70bb
-				co..236b1094
+				co..9bdc505d
-				if..08ebedda
+				if..fcd4e599
-					c..1c8b873a
-					o..d3b66933
+					c..57b048c6
+					o..7cbfc27a
-				co..e3a12dff
+				co..3e8dd67b
-				if..3eabab18
+				if..d86c3174
-					c..1c8b873a
-					o..d3b66933
+					c..57b048c6
+					o..7cbfc27a
-				co..957e1f55
+				co..277872f4
-					o..d3b66933
+					o..7cbfc27a
-				co..9eb03f0c
+				co..2dc8332c
-					o..d3b66933
+					o..7cbfc27a
-				co..687de392
+				co..2411a336
-					o..d3b66933
+					o..7cbfc27a
-				co..84533ed0
+				co..6ee44923
-					o..d3b66933
+					o..7cbfc27a
-				co..9eb03f0c
+				co..2dc8332c
-					o..d3b66933
+					o..7cbfc27a
-				co..e9bc74f4
+				co..40efe3ff
-				if..8c529893
-				el..90f63c80
-				el..551b732c
-				el..64915a55
-				el..56e5b149
-				el..1936af1f
-				el..88a278b6
+				if..70b16dc2
+				el..31171990
+				el..7c29a532
+				el..fbe21d64
+				el..e676372a
+				el..896f74f4
+				el..3833ceb1
-					o..d3b66933
-					c..f16c1309
+					o..7cbfc27a
+					c..e3af9e92
-				co..632d007a
-				th..083e872b
+				co..c3b2bf9d
+				th..d5670676
-					o..d3b66933
+					o..7cbfc27a
-				co..9eb03f0c
-				th..d75fbc76
+				co..2dc8332c
+				th..e755b93b
-					o..d3b66933
+					o..7cbfc27a
-				co..9eb03f0c
-				th..3dbab2af
+				co..2dc8332c
+				th..8667b416
-					o..d3b66933
+					o..7cbfc27a
-				co..e9bc74f4
+				co..40efe3ff
-				if..8c529893
-				el..90f63c80
-				el..551b732c
-				el..64915a55
-				el..56e5b149
-				el..1936af1f
-..db0a5eb7
-				th..f72af820
+				if..70b16dc2
+				el..31171990
+				el..7c29a532
+				el..fbe21d64
+				el..e676372a
+				el..896f74f4
+..62a264cc
+				th..9375224a
-					o..d3b66933
-					c..1c8b873a
+					o..7cbfc27a
+					c..57b048c6
-				co..957e1f55
-				th..42f31233
+				co..277872f4
+				th..14d927a8
-					o..d3b66933
+					o..7cbfc27a
-				co..f2578643
-				th..fc9764ed
+				co..22207c99
+				th..978443d0
-					o..d3b66933
+					o..7cbfc27a
-				th..0eaf17c0
+				th..e7e481ed
-					p..1b43ee8a
-					o..d3b66933
+					p..e8db2862
+					o..7cbfc27a
-				co..9eb03f0c
-				th..3712b75f
+				co..2dc8332c
+				th..b2d6fa72
-					o..d3b66933
+					o..7cbfc27a
-				co..f0fd0524
-				th..bd10d430
+				co..e3adca4f
+				th..4da63654
-					o..d3b66933
+					o..7cbfc27a
-				co..412bcea5
+				co..e04d8a94
-					o..d3b66933
+					o..7cbfc27a
-				co..f2578643
+				co..22207c99
-				co..412bcea5
-				th..707fd6a0
+				co..e04d8a94
+				th..06f8ac52
-				co..f0fd0524
+				co..e3adca4f
-				if..3e799a80
+				if..923d0a19
-				th..6ccf69b5
+				th..afd2d569
-				co..9eb03f0c
-				th..df1ce143
+				co..2dc8332c
+				th..be6f0b9a
-				co..687de392
-				th..86edde33
+				co..2411a336
+				th..856c9a7f
-				co..f0fd0524
-				th..3a13ea06
+				co..e3adca4f
+				th..1fce23db
-				co..9eb03f0c
-				th..e7608304
+				co..2dc8332c
+				th..246c4dc1
-				co..687de392
-				th..af0aa53b
+				co..2411a336
+				th..11938349
-				co..84533ed0
-				th..9d9dbf71
+				co..6ee44923
+				th..2ba18cf6
-				co..412bcea5
-				th..dc7b7817
+				co..e04d8a94
+				th..f1430c73
-					o..d3b66933
+					o..7cbfc27a
-						..3c891b68
+						..3dc7b9db
-						..0d28d528
+						..47e342d8
-						..b55bff7c
+						..b50ab729
-						..ad458f99
+						..f3d01ead
-						..028abfe8
-						..a986bc94
+						..d818e7c9
+						..4eebb8e0
-						..9dd4a737
+						..66a640f4
-						..9cdad6d0
+						..6ba04ec6
-						..2c716a6d
-						..dc3ae05e
+						..b07f6688
+						..4e319559
-						..3a1a0091
+						..3df7ca1a
-						..57aa3f4e
-						..bc5d2472
-						..9c236180
-						..075240fd
+						..3ca99827
+						..07a5f1bd
+						..f9ad5138
+						..2cb946de
-						..732eafa1
-						..3a70458d
-						..28196081
-						..075240fd
-						..b7fed52d
+						..35bb3ba8
+						..60ce095b
+						..b5751058
+						..2cb946de
+						..429819f1
-						..93ed64c4
+						..ef4a4c37
-						..cbd573ca
+						..0ba1a879
-						..8177098e
+						..0f50ba8b
-						..3d43dd4e
+						..49c20e68
-						..2313bdd8
+						..4a50d41a
+						..750bd90a
+						..be341d44
+						..0e4aef55
-						..5e9310fd
+						..93962f5c
-						..ad458f99
+						..f3d01ead
-						..7ab6a0be
-						..cc32107b
+						..74ead262
+						..f365ac3c
-						..1cedf806
-						..e800c64c
+						..9b4e4ca5
+						..71432913
+import..f574b25f
+		live..5a33399b
-..db0a5eb7
+			sta..6a079da8
-..db0a5eb7
+			sta..2f8d988e
-..db0a5eb7
+			sta..2b61e749
-..db0a5eb7
+			sta..6016c813
-..db0a5eb7
+			if ..7ce71211
+			sta..981617de
+			// ..b6488658
+			pay..0d48e7c5
+..62a264cc
+		setR..49463be0
+			sta..c4ab15f9
+		},..48f7a1b3
+		setR..314e2293
+			sta..9071969d
+		},..48f7a1b3
+		setR..76b5c3e8
+			sta..fb2b2d03
+		},..48f7a1b3
+		setR..853e0ccc
+			sta..ea9dfe52
+		},..48f7a1b3
-..db0a5eb7
+			sta..45ad8184
-..db0a5eb7
+			sta..d81ded36