+use Il..a160a253
+..64e63dfb
-				$r..6cdc1caf
+..64e63dfb
+				//..b7509d9d
+				$a..d6498ed1
+				if..4f04b64a
+					f..a9c9fe02
+						..8b9a70f5
+						..46f2e056
+						..0bdccd5d
+					}..55e44d32
+				}..661d3e56
+..64e63dfb
+				tr..e51bf3c4
+					D..27259d6a
+				} ..f9112dce
+					$..49c17699
+				}..661d3e56
-			sel..517cfebd
+			sel..8a965b55
-				->..d8fdb924
-				->..d517f0a0
+				->..b263d114
-				->..322d2041
-				->..b22971d8
+				->..a35392f8
-					{..4cbd9724
+					{..2b8e748d
+ * @pa..df47e508
-						..740ee84b
+						..e20d2328
+						..bc525e1d
+						..b229b28f
+						..1866af65