-						..117960fb
+						..d69cf81a
+	publi..bcaa4454
+		// @..24615aef
+	}..1ee641e5
+..2376dd06
+		'req..5ec380e1
--- /de..a992e134
+<?php..e94aaa0c
+..2376dd06
+namesp..2d43cacd
+..2376dd06
+use Cl..a008ce0e
+use En..005077c9
+use Il..9824bec2
+..2376dd06
+class ..6b7cebf9
+	/**..48c17890
+	 * Ha..df0d7fda
+	 *..aafe0083
+	 * @p..e80488d4
+	 * @p..42fed0b8
+	 * @r..d46d5364
+	 */..db4c4470
+	publi..3eff9a5c
+		// R..b14fd42e
+		$res..774ae764
+..2376dd06
+		// I..6567fbb7
+		if (..9dbd4768
+			$ur..72de0ea6
+			if ..56112112
+..2376dd06
+			$re..29588d73
+		}..47bd5aa8
+..2376dd06
+		retu..c670ff81
+	}..1ee641e5
+}..cb61a5d9
+	/**..48c17890
+	 * Pa..5d644b50
+	 *..aafe0083
+	 * @p..99f99330
+	 * @r..8a328d79
+	 */..db4c4470
+	publi..66b7e5e5
+		$url..6213d022
+		if (..133afb2d
+..2376dd06
+		retu..d2afb156
+	}..1ee641e5
+..2376dd06
+	/**..48c17890
+	 * Bu..f6ff29c3
+	 *..aafe0083
+	 * @p..b0ce7a33
+	 * @r..85ba8955
+	 */..db4c4470
+	publi..8dc1e8a5
+		$url..79bf244f
+..2376dd06
+		if (..d143b899
+		if (..50f8d06e
+		if (..d804baad
+		if (..7473a0dc
+		if (..0c08dca7
+		if (..65b297b8
+		if (..8d355bcc
+		if (..d2f91775
+..2376dd06
+		retu..d2afb156
+	}..1ee641e5
+..2376dd06
-	// Re..f30a4943
+	// Fo..e26b42d0
-		Rout..d1420613
-			Rou..d7930ec2
+		Rout..fa75d96c
+			Rou..6490c22c
+..2376dd06
+			Rou..74d565ad
+				Ro..cafee864
+				Ro..5f00679f
+				Ro..250585b1
+				Ro..d2080e7e
+				Ro..ed49228f
+					r..f5ec84c3
+				})..2a477d35
+			});..90177cae
+..2376dd06
+		Rout..c2f5cd19
+		Rout..b009f877
+			Rou..cccd0cb7
+		});..0b580106