+use En..d55d4e7f
-			->s..2ce4409a
+			->s..0754281d
-			ret..71949f8c
-				->..90953980
-					'..c2840ce6
-					'..744cfa56
-					'..9d0e9bcb
-					'..3683bff6
-				])..1429ae24
+			if ..a6d134cb
+				re..9cc29efb
+					-..5a0615f9
+						..b456fbdf
+						..c8be0c82
+						..b8788dde
+						..d3be849b
+					]..66b94830
+			} e..092d4860
+				//..dbe9806b
+				$s..3476a681
+				$s..ce86e39e
+				$s..5b6036e9
+				$s..5b0256db
+				$s..4ddab651
+				$s..c69e3477
+				$s..28ac2cd3
+				$s..137d60fb
+			}..639aac24