-				/*..28023b2a
-				$f..7846e7ec
-				if..b1edc0e3
-					$..7313fca6
-					f..ceb96b2b
-						..4ac4228a
-						..fa1739cd
-						..e8c7b46b
-					}..1a203998
-				}..93410378
-				*/..f93615a1
-..82aef0c3
-					$..f3245c6f
-					f..f66853d9
-						..8e690193
-						..a8648657
-..82aef0c3
-						..a4b9ab98
-						..1868cf07
-						..cb549b3b
-						..9b0a38b9
-						..390091f0
-						..2f08e2a4
-..82aef0c3
-						..6cede6bf
-						..f75a0e6c
+					$..0852adfe
+					$..e7e8197d
-						..5ea201ed
+					f..432b77d8
-						..b55f4bb1
-						..723790f9
-						..7ee7e6a7
-						..12b229d6
-						..40f3d4cc
-						..fb529886
-						..ac32a8e2
-						..de2aa5f3
-						..31066720
-						..5f408b6b
+						..1005d536
+						..3750c46e
+						..47b5811c
+						..08cfb496
+						..e8588f04
+						..9a9bad8d
+						..36574e57
+						..9c027539
+						..f194c270
+						..bc3de513
+						..a0ee5e0c
+						..86d02ff6
+..23b77753
+	publi..dbd519f1
+		$web..0a098af3
+			'ad..6a86fc07
+			'bo..22412463
+			'by..7d4ced3f
+			'dy..f62608bd
+			'in..d98e8067
+			'st..538c527d
+			'ui..50a59daa
+		]);..96a597fe
+..23b77753
+		if (..c064f865
+			$pa..8d427d82
+		}..f3838de1
+..23b77753
+		retu..024e93fd
+	}..96fde8c8