+			->w..323408b6
+			->w..199df53a
-			->w..a6831fb3
+			->w..acf3ed26
+			->w..323408b6
+			->w..2518f78b
+			->w..323408b6
+			->w..199df53a
+			->w..323408b6
+			->w..199df53a
+			->w..323408b6
+			->w..199df53a
+			->w..323408b6
+			->w..199df53a
+			->w..199df53a
+			->w..323408b6
+			->w..199df53a
+			->w..a68f4ad9
-	label..5169ef02
-		font..95167930
-	}..80fdbca3
-..f8ebba5b
-	.logs..e8e185e9
-		.log..dfcb327b
-			bor..6df98a5b
-			pad..1edc2741
-			bor..6f202e79
-			lin..9762121b
-			max..50412f28
-			mar..15be44c2
-..f8ebba5b
-			.li..45eb6aa0
-				pa..54d566aa
-			}..33daabce
-..f8ebba5b
-			.li..ec3df661
-				pa..987470ab
-			}..33daabce
-		}..b2aaaec4
-..f8ebba5b
-		.log..27428a3a
-			mar..b3498f5d
+	.log ..b4ae63af
+		.log..f12df86a
+			pos..6bdd358b
+			bac..79686e16
+			wid..bdf1a6ec
+			hei..6e6b0e41
+			bor..7a3004a4
+			tex..6d856008
+			col..4aabf624
+			fon..408af69e
+			fon..37ed089b
+			lin..73f9b1db
-	<sect..41f579c9
-		<div..1e7442ce
-			<di..1531f3ff
-				<d..b2b85371
-					<..334bd3e1
-						..be096abc
-					<..00dcffc8
-					<..987c4e41
-						..6f3ea1a1
-						..8d50ace4
-						..f5893de8
-					<..00dcffc8
+	<sect..4f708d4f
+		<div..b1f15792
+			<di..db95d1d3
+				<d..828fc1b8
+					@..f5a1ad66
-			<di..1531f3ff
-				<d..b2b85371
-					<..334bd3e1
-						..96891f9a
-					<..00dcffc8
-					<..987c4e41
-						..6f3ea1a1
-						..b776ab1a
-						..a27e3a69
-						..de3f82fd
-						..93ca1b20
-						..f5893de8
+			<di..04865174
+..fafb558a
+			</d..2677ed9f
+		</di..9e17578f
+..fafb558a
+	<!--..c70c4f50
+		<div..b78e220a
+			<di..b4647b74
+				<d..d04a75a4
+					<..5e4a00a0
+				</..960dcac0
+				<d..33dbfb9a
+					<..fb5a1b41
+						..9396b248
-			<di..0867a570
-				<d..b2b85371
-					<..334bd3e1
-						..b89fcd75
-					<..00dcffc8
-					<..987c4e41
-						..d45c8b16
-						..39a3d44b
-						..f5893de8
+		</di..9e17578f
+		<div..b78e220a
+			<di..b4647b74
+				<d..d04a75a4
+					<..0b20ac1a
+				</..960dcac0
+				<d..33dbfb9a
+					<..fb5a1b41
+						..392f520c
+						..0dcfc690
+						..95d4f1d3
+						..9368899d
-			<di..8d2143e8
-				<d..b2b85371
-					<..334bd3e1
-						..13676126
+		</di..9e17578f
+		<div..0daf376b
+			<di..b4647b74
+				<d..d04a75a4
+					<..8d6b6e3a
+				</..960dcac0
+				<d..33dbfb9a
+					<..6033294b
+						..163a26ba
-					<..987c4e41
-						..34c5232d
-						..90aa4fb2
-						..f5893de8
+				</..960dcac0
+			</d..2677ed9f
+		</di..9e17578f
+		<div..0e7aeb38
+			<di..b4647b74
+				<d..d04a75a4
+					<..abe2f32c
+				</..960dcac0
+				<d..33dbfb9a
+					<..7d1d6289
+						..74010e68
+		-->..c4328bd2