-use En..25491f07
+use En..3a5e558a
-	 * @r..32e98b99
+	 * @r..6c462ac3
-		retu..56c262a2
+		retu..5d861e3e
-	 * @p..79664fcc
+	 * @p..cc5fce56
-	 * @r..a7f9f016
+	 * @r..561e02e1
-	publi..b5742aa6
+	publi..7cee0ea3
-		retu..2ac39e73
+		retu..0c2c577a
-	 * @p..6349cba8
+	 * @p..5dcafc7e
-	publi..7216889d
+	publi..cde80810
-		retu..0aa60b5f
+		retu..e6079c3d
-	priva..eb422cc8
-		if (..5e52dffc
-			$cl..38430e05
+	priva..a7349cdf
+		if (..ba229080
+			$cl..af76a6fc
-	 * @d..6223d20e
-	 * @p..c6732476
+	 * @d..f1cceacc
+	 * @p..cc5fce56
-	publi..0d406282
+	publi..a9a3e646
-		$thi..45e8744b
-		retu..d88ad689
+		$thi..7c680d66
+		retu..0c2c577a
-	 * @p..5d9cc9f9
+	 * @p..a3a0b88b
-	 * @t..f4d2fdb7
+	 *@th..7db5bd57
-	publi..0a2197c9
+	publi..878cde56
-		$thi..9c963de6
-		retu..41cb0266
+		$thi..c07d836b
+		retu..3ed85b9e
-	 * @p..5d9cc9f9
+	 * @p..a3a0b88b
-	publi..c0de2092
-		$thi..9c963de6
-		retu..3f067349
+	publi..ee45ca5c
+		$thi..c07d836b
+		retu..b6a57507
-	 * @p..5d9cc9f9
+	 * @p..a3a0b88b
-	 * @t..f4d2fdb7
+	 *@th..7db5bd57
-	publi..1085523e
+	publi..fa053bf5
-		$thi..9c963de6
-		retu..c994316c
+		$thi..c07d836b
+		retu..a9433433
-	 * @p..5d9cc9f9
+	 * @p..a3a0b88b
-	 * @t..f4d2fdb7
+	 *@th..7db5bd57
-	publi..ecbff970
+	publi..9f1b38e4
-		$thi..9c963de6
-		retu..86a5ba0b
+		$thi..c07d836b
+		retu..2cca98e4
-	// Di..39736e1f
+	// Di..304db65e
-	publi..43c345fb
+	publi..eaf04101
-		$col..47e17aef
+		$pla..bb82f126
-			// ..89a3d7cd
+			// ..205712e8
-				$c..83bdd241
+				$p..375094a4
-		retu..b6488211
+		retu..9d483860
-	publi..a583c5a8
+	publi..5523e38d
-			->w..47e69590
+			->w..08bae01b
-			thr..81128303
+			thr..ded740de
-		$col..9d51a785
+		$pla..712fe07d
-				$c..579ddb27
+				$p..0d60642f
-		retu..c4f1c01e
+		retu..c70140e0
-	publi..2e7df7f5
+	publi..1b285ef4
-	publi..67f004a0
+	publi..9b9bbe2c
-	publi..e9c321f8
+	publi..3c75429c
-			->w..6219c0b4
+			->w..d3e511ad
-	publi..b53a0247
+	publi..394df069
-	publi..2e7df7f5
+	publi..1b285ef4
-	publi..67f004a0
+	publi..9b9bbe2c
-	publi..b53a0247
+	publi..394df069
-	publi..2e7df7f5
+	publi..1b285ef4
-	publi..67f004a0
+	publi..9b9bbe2c
-	publi..2e7df7f5
+	publi..1b285ef4
-	publi..67f004a0
+	publi..9b9bbe2c
-	publi..bb40e5ee
+	publi..48120954
-	publi..67f004a0
+	publi..9b9bbe2c
-	publi..2e7df7f5
+	publi..1b285ef4
-	publi..67f004a0
+	publi..9b9bbe2c
+	'inva..893c7d15