-	 * @p..6f922ee1
+	 * @p..4ea60997
-		int ..7f240c6d
-		int ..53580d8e
-		stri..7ebdfdf2
+		?int..fdb47c5c
+		?arr..4301db2f
+		?str..29c3d2dd
-		retu..afdac88c
+		retu..be2336d7
-	 * @p..6f922ee1
+	 * @p..4ea60997
-		int ..7f240c6d
-		int ..53580d8e
-		stri..7ebdfdf2
+		?int..fdb47c5c
+		?arr..4301db2f
+		?str..29c3d2dd
-		retu..62f14cd8
+		retu..b94de8d2
-		$pag..8b600feb
+		$off..71836b78
-			'tr..c3d700a4
+			'tr..bda8d047
-		$pag..8b600feb
+		$off..71836b78
-			'tr..4a0982cc
+			'tr..02c435f6
-	 * @p..6f922ee1
+	 * @p..4ea60997
+	 * @t..a3e9b5b5
-	publi..ef8d3f5d
+	publi..b1a8bbea
+		if (..aa111657
+			thr..eefc4982
+		}..54c4f54c
+..0a29ec40
+		// B..d9a3c625
-		// O..e10893dd
-		if (..03d81c60
+		// P..4e3d3e6f
+		if (..73c5343c
+			$se..d20d7a74
+		}..54c4f54c
-		if (..5ea6b4ae
+		if (..058694b9
+			$se..1ccd6c9c
+		}..54c4f54c
-	 * @p..6f922ee1
+	 * @p..4ea60997
-	publi..4307cc97
+	publi..d764be88
+		if (..aa111657
+			thr..eefc4982
+		}..54c4f54c
+..0a29ec40
-		// O..e10893dd
-		if (..03d81c60
+		// P..4e3d3e6f
+		if (..73c5343c
+			$se..d59bcd75
+		}..54c4f54c
-		if (..b17f36c2
+		if (..6e489edf
+			$se..2f7b5339
+		}..54c4f54c
-			pag..1449a22d
-					t..69a7fad5
+			con..7b428dfa
-				pa..810d98cb
+				of..f62c6a10
+					i..10d4bc1b
+				},..9898d23b
+			con..76377341
-				pa..810d98cb
+				of..f62c6a10
+					i..10d4bc1b
+				},..9898d23b