-						..8d84f2b2
-						..88d80120
-						..e7365393
+						..917e4939
-	.appl..9027e1ce
+	.appl..5c8c8748
+	.asse..d7884df0
-		.app..b8d4f7a1
+		.app..c05d3783
+		.thu..ce3db220
+				tr..5818be6d
-				tr..a614d028
+				tr..d1603969
+			}..b2ca5f01
+..9f78fd63
+			.lo..ecccfe69
+				op..207aacaf
+			}..b2ca5f01
+..9f78fd63
+			.lo..abd6636d
+				fi..175affe7
+		}..0955e316
+	}..20076a0b
+	.appl..ae5d4cf8
+		.app..71b97a1d
-..5c2d7a79
-		.log..dd89e78f
-			opa..ca0bfd26
-		}..452c1435
-..5c2d7a79
-		.log..e40e71a4
-			fil..3739af06
-		}..452c1435
-		disp..d64cf44b
-		flex..5c4e98c9
-		alig..912dd3cc
-		marg..200dc89a
-		marg..4dca3730
-..5c2d7a79
-			wid..68e8a404
-			mar..a07cc5d9
-			mar..6e0ea0cc
-			mar..4f41ba5c
-..5c2d7a79
-			.lo..3c81cb6f
-				po..20e56b8f
-				bo..d3052b9f
-				he..f4aa10c3
-				wi..84b0aa8a
-				ba..39d66e44
-				ba..a99c81ea
-				ba..8dc3b817
-			}..b0bc1284
-..5c2d7a79
-			.lo..14872be0
-				co..946d196c
-				po..89cbb6d8
-				wi..84b0aa8a
-				he..d547f2f8
-				le..cead10d2
-				op..383ffd6b
-				bo..d3052b9f
-				bo..38aebab3
-				tr..a614d028
-			}..b0bc1284
-..5c2d7a79
-..5c2d7a79
-					...bf205e3b
-..5c2d7a79
-					}..5db9c795
-..5c2d7a79
-		.log..dd89e78f
-			opa..ca0bfd26
-		}..452c1435
-..5c2d7a79
-		.log..e40e71a4
-			fil..3739af06
-		}..452c1435
-					<..b4cefd38
-						..af842964
-					<..cdda8f82
+					<..1967b407
-					<..b4cefd38
-						..af842964
-					<..cdda8f82
+					<..1967b407