+		this..8158209b
-		chan..c30c638b
+		chan..bccc197e
-			if ..ee76ccc9
+			if ..31deee57
+..9fbc5484
+				//..02ef4379
+				if..56b5b143
+..9fbc5484
-			if ..1942a78a
-				th..359a4865
-				th..995d13a1
-			} e..e8b8ebe3
-				th..9585b7cb
-				th..5fb8edfa
-			}..647544c5
+			// ..ba2284af
+			if ..17666b6d
+			els..8ccf8bc5
-			thi..3d23aece
+			thi..5888a8d1
+				if..f4db1daa
+				el..8e8542d4
+			});..bfdfd46c
-			thi..1adde30f
+			thi..f1a613a4
+				th..17b22996
+..9fbc5484
+				//..d5eb5b78
+				Co..7c1f2ee6
+					e..1d558f36
+					s..975af46a
+				})..efd3b955
+			});..bfdfd46c