-	 * @p..c35d43ad
+	 * @p..5a441215
-	 * @p..f83cce3b
-	publi..bb543699
+	publi..5141838d
-		retu..69f095ae
+		retu..7cbf0687
-	publi..d67fd771
+	publi..97489e1f
-		retu..7162b558
+		retu..0aeaa5f3
-	/**..a9b51a4e
-	 * @p..0384ad9a
-	 * @p..f5b6046e
-	 * @r..8d837b84
-	 */..3222facc
-	publi..b452ae29
-		retu..6e7be440
-	}..1d05f4dc
-..809f0e9a
+use En..bd274a03
-	 * @r..8d837b84
+	 * @r..e91f9f3f
-	publi..966632d4
+	publi..06298c26
-		retu..e33dfee9
+		retu..8e9916c7
-	publi..fa7d775b
-		$fro..9aa4873d
-		$fro..56aa2281
-..809f0e9a
-		if (..3cfa8286
+	publi..a4c7e79b
+		if (..af755db4
-		if (..bc68f976
-			$se..ab5db34d
-				$s..1bac2564
-				$q..ac678b22
-					-..dc4c43f0
-			});..eace1709
+		if (..2cab93fd
+			$se..7e3acd96