-				DB..e394d2ea
+				DB..919b0cc5
+				DB..5c400ebe
+			->l..0b55e5a4
+ * @me..bb66d48e
+ * @me..bba96786
+	/** @..a8a98fcb
+	prote..cb299e73
-						..cffef054
+						..70830e0a
-						..1a8cf32c
+						..38e1e098
-						..774c7f5e
+						..441f516a
-						..114ba89b
+						..adf5fbee
-						..df2656bb
+						..5fb14c5f
-						..be31becb
+						..0a3fe0b7
+..19628efc
+		.lin..1be936d3
+			pad..e7e1f7f9
+		}..ff538f89
+			'ev..11222473
-			<li..0ec0a7d8
+			<li..c572b397
-						..60c86b87
+						..adacbff1
-		<div..a034ff0b
+		<div..09bf81df
+		<div..8297ff61
+			<di..1f055e1a
+				<d..01cffe64
+					<..e850aca7
+				</..dfa33567
+				<d..d0cdd0fc
+					<..6e856ee0
+						..dea026f3
+						..6a33d9ed
+						..174285a8
+						..f99ff66f
+						..fc5a4bdc
+					<..2a758108
+				</..dfa33567
+			</d..fa62aa72
+		</di..2e33c7ee