+		try ..91571f3f
+			$it..7161c8d1
+				->..d05aa85c
+				->..c0826eac
+				->..ac8d3766
+..a7e2a4af
+			ret..6e8feb6b
+					-..a37a0bc1
+						..d7707a4b
+						..0df00bae
+						..7135ad09
+						..f591c1fc
+					]..5509baa0
+		} ca..0155108e
+..a7e2a4af
+		}..5c9e8383
+..a7e2a4af
-			if ..c7a6b4bc
+			ret..8baf5124
-			) {..45d684e5
-				re..e444e50a
-			}..3ec2c81a
-..8a9cf348
-			ret..a46f5b34
+				||..58b5e744
+				||..74ccb218
+			);..a490de37
+					i..ddd9660f
+			'ap..b3e4f048
+			'as..129bb4b6
-				<m..7451abb3
+				<m..986968b7
-						..1d609697
+						..10205db8
-						..1a29f8ae
+						..2a0fed6e
-						..1df5cf53
-				<m..4dc70e12
+						..93620247
-				<m..300194be
+				<m..a256f66d
-				<m..2fe0c0d4
+				<m..57a5cf43
-				<t..f9e36c3b
+				<t..cf715817
+				</..a8e704ed
-					<..886742c7
-						..f558a551
-						..8e0a851b
-						..0e332c8f
-						..494f6520
-						..33bc62b1
-						..703cb928
-					<..2fa0b1b3
+					<..0111e060
+						..91e93430
+						..8ab93d49
+						..fc4a1c87
+						..b283e2a5
+						..ed2db798
+						..c7aff438
+						..6d2698c3
+						..e7b12030
+					<..c70a2077
+					<..8fbcef00
+						..b6e256c6
+						..a6757353
+						..d3ce188c
+						..9c164e54
+						..ac42680c
+						..0e63e9db
+					<..c70a2077
-					<..9ed76edf
-					@..f4ea69f9
+					<..c88973c3
+						..3cc1e86d
+						..89d9ea3c
+						..70704e7e
+						..0ae5919c
+					@..0582f8be
+					<..51ac3450
-				<t..b08de759
+				<t..b2bad594
-				<t..e96f3b62
+				<t..17c2b64e
-						..d0c8262e
+						..b0c4c8dd
+						..c312cea2
+						..8f4f8999
-				<t..14646d8e
-					<..9ed76edf
+				<t..1d6a7638
+					<..c88973c3
+						..3cc1e86d
+						..89d9ea3c
+						..8664bfba
-						..d0c8262e
+						..b0c4c8dd
+						..c312cea2
+						..8f4f8999
-						..29cad3c3
+						..e6c5a27d
-					<..9ed76edf
+					<..c88973c3
+						..3cc1e86d
+						..89d9ea3c
+						..70704e7e
+						..0ae5919c
-						..d0c8262e
+						..b0c4c8dd
+						..c312cea2
+						..8f4f8999
-						..29cad3c3
+						..78a5375d