-		'fac..8cd7d246
+		'fac..81691ec5
+		'rop..3c200b03
-				se..63efe41e
+				if..e6a3d0a6
+		// I..484533fb
+		if (..9f836102
+..a0984a27
-		retu..0953f173
+		retu..68ed756e
+	'netw..251b3b48
+		// E..6b34891f
+		// T..69c8ddec
+		'kov..8c5ceb66
+			'ap..46a76e62
+			'ch..d949ca0e
+		],..b1d9ab4f
+		'rop..2c3befad
+			'ap..780f8250
+			'ch..2dac459a
+		],..b1d9ab4f
+		'goe..b13ea117
+			'ap..778cb6aa
+			'ch..40ddd7b7
+		],..b1d9ab4f
+		'kov..6b9fe2ee
+			'ap..45b31d2b
+			'ap..e5e8a43d
+			'fe..d9bfc0ac
+			'ap..76f58204
+			'ap..5ac894ab
+			'ap..f4e6d4bc
+			'ap..212224e6
+			'ch..d949ca0e
+		],..b1d9ab4f
+		'rop..9d3b1674
+			'ap..45b31d2b
+			'ap..e5e8a43d
+			'fe..d9bfc0ac
+			'ap..76f58204
+			'ap..5ac894ab
+			'ap..f4e6d4bc
+			'ap..31850d9d
+			'ch..2dac459a
+		],..b1d9ab4f
+		'goe..69078e3b
+			'ap..45b31d2b
+			'ap..e5e8a43d
+			'fe..d9bfc0ac
+			'ap..76f58204
+			'ap..5ac894ab
+			'ap..f4e6d4bc
+			'ap..5f476d24
+			'ch..40ddd7b7
+		],..b1d9ab4f
+		'kov..1b87c510
+			'ap..e6dafa2a
+			'ch..d949ca0e
+		],..b1d9ab4f
+		'rop..ed0f0cdf
+			'ap..8cba301a
+			'ch..2dac459a
+		],..b1d9ab4f
+		'goe..2702292a
+			'ap..2144a1e3
+			'ch..40ddd7b7
+		],..b1d9ab4f
+		// S..f4070c57
+		'net..d0090019
+		'net..c8527730
+		'net..b9495725
+		'net..4ecee1a7
+		'net..b9495725
+		'net..4ecee1a7
+		'net..b9495725
+		'net..4ecee1a7
+		'net..b9495725
+		'net..4ecee1a7