+..04727724
+		// E..99ed7e5c
+		$tex..d8119d53
+..04727724
-			$as..cf9c4ea4
+			$as..29e5d65d
-			$ap..73c68280
+			$ap..c2dad409
-			$co..433ffc48
+			$co..90dce6f7
-		txGa..43c4f645
+				tr..02af03fd
+					t..7175eba1
+				},..c0bd1015
+					a..fe4ef1f8
-			if ..8857ec3a
+			if ..2af3b750
-				//..3a3c97da
-				th..e073f411
-..a4dee89f
-				//..20966f2d
+				//..0d86f650
+				th..6bf4c3ee
+				if..33a52659
+					t..5535bd48
+					t..36e9c1f5
+				}..48c61ba3
+..04727724
-			thi..34f1d360
-			if ..8aefc10e
-			els..85dd35aa
+			if ..f2e99399
+				th..e41a4b0e
+				th..489581ef
+			} e..04829c41
+				th..a8fe04de
+				th..2b376320
+			}..b086d7eb
-			thi..2133a4fd
-				ap..ee5dd81e
-			}, ..442833e8
-				th..342bba1e
-				th..75cf44a7
-				th..5b56c97d
-				th..4b959666
-			});..6e351b46
+			thi..d7386c71
-			thi..5e8c3679
+			thi..ab141e20
+				ap..4647ec0f
+			}, ..c33dc712
+			'me..4a325a58
+			'tr..23e2305f
-				<a..355aa53d
-					:..e1c9dcbd
-					@..65ed55f2
+				<a..e85acc51
-						..555ad645
-						..6e3cb986
-						..2c5abfa6
+						..1c299041
-						..fec2f46f
-						..64b0c156
+						..5020124e
+						..16dcc242
-					<..f1e1e147
+					<..1f9ec4ec
+						..724e86df
+					<..ab8732a4
-						..9bf2f08a
+						..1e205824
-						..12de778d
-						..0decf355
+						..0dc7eaad
+						..6c5b852d
+						..60c8be74
+						..08051048
+						..6dd05ffb
+						..80ba8d56
+						..0b94facd
+						..6fca5c24
+						..275ee43e
+						..6dd05ffb
+						..80ba8d56
+						..0b94facd
+						..34b18009
+						..e11948ee
+						..60c8be74
+						..e4e4991f
+						..6dd05ffb
+						..80ba8d56
+						..0b94facd
+						..6fca5c24
+						..e892aeb8
+						..6dd05ffb
+						..80ba8d56
+						..0b94facd
+						..34b18009
+						..5de90acf
+						..dd0fc236
+						..f224981c
+						..88bb7b19
+						..34b18009
+						..d65d79ed
+						..756e6569
+						..f224981c
+						..88bb7b19
+						..34b18009
+						..6df7d667
+						..83c8e652
+						..af132f3c
+						..fe2e28f3
+						..83c8e652
-		<div..37635276
+		<div..eb17a20e
-						..442a83e8
+						..974a6349
-						..39248cd7
-						..c0d5b67c
-						..b1903b09
-						..bdcfdedd
-						..198726e4
-						..87e445b7
-						..1c0a583c
-						..c5ebeaeb
-						..bdcfdedd
-						..198726e4
-						..87e445b7
-						..21c9c472
-						..138f52bc
-						..c0d5b67c
-						..0e53d577
-						..bdcfdedd
-						..198726e4
-						..87e445b7
-						..1c0a583c
-						..713caf67
-						..bdcfdedd
-						..198726e4
-						..87e445b7
-						..21c9c472
-						..828316d8
-						..af24378c
-						..4a546577
-						..28ea45d9
-						..21c9c472
-						..d07e7791
-						..3dfbeefb
-						..4a546577
-						..28ea45d9
-						..21c9c472
+						..eec4e021
+						..257fb576
-						..f6ef7ce8
+						..85863ac9
+						..2752390a
-		<div..a5d2837c
+		<div..3a74e621