-			// ..193e7c8a
-			$no..318536c8
-				re..25f43f83
-			});..7fbbca47
-..ba48c868
-		$col..8035d83c
-		$col..7a1d7e98
+		$col..784856e8
+..f4021c1c
+		// C..d232e25b
+		$cle..6afd8975
+			for..536359fc
+				if..1ad61488
+			}..839a1187
+		};..0876d0ea
+..f4021c1c
+		// E..aa4b2bae
+		$cle..b87a62e8
+		$cle..a8475288
+			'it..a57c6f8d
+			'me..aee0dce8
+		]);..085cddd5
-use En..2ba4a063
+use En..f1c484c7
-	 * @r..dba830ba
+	 * @r..c482609a
-	publi..489086f8
+	publi..feba8a0b
-	 * @r..dedd60ee
+	 * @r..5e6c340b
-	publi..80055b9b
+	publi..ad75d65d
-	publi..d8f09572
+	publi..7aad32a9
-		$app..ed15e217
+		retu..9220ba77
-		];..4c5de601
-..ba48c868
-		retu..2a4b169d
+		]);..085cddd5