--- /de..b9899502
+<?php..83f46f45
+..492987fc
+namesp..7ce5046e
+..492987fc
+use En..05a28951
+use Il..d8c3975b
+..492987fc
+class ..7b962586
+..492987fc
+	/**..db006012
+	 * Th..4e553d41
+	 *..c6c8e5e2
+	 * @v..b21a54a5
+	 */..e0545127
+	prote..3081ec0e
+..492987fc
+	/**..db006012
+	 * Th..67feee4d
+	 *..c6c8e5e2
+	 * @v..b21a54a5
+	 */..e0545127
+	prote..edd40dd1
+..492987fc
+	/**..db006012
+	 * Cr..2e8b8b16
+	 *..c6c8e5e2
+	 * @r..ffda1e78
+	 */..e0545127
+	publi..48687069
+		pare..9e687e93
+	}..1a98bfa0
+..492987fc
+	/**..db006012
+	 * Ex..5c9477ea
+	 *..c6c8e5e2
+	 * @r..c12c74ec
+	 */..e0545127
+	publi..c77d2c5a
+		$db ..2a465971
+..492987fc
+		$del..c885cfd9
+			->w..8943fd08
+			->w..343439d7
+			->d..f1ade3ad
+..492987fc
+		$thi..5ddafbcf
+	}..1a98bfa0
+..492987fc
+}..4437ee31
+			->w..6712e624
-			'Fo..e86b2e8d
+			'Fo..a60646a4
-		$del..d6de4ebd
+		$upd..2d79ddb0
-			->d..7f726d3a
+			->u..0fdb7a63
-		$thi..7fe51dd8
+		$thi..64353c95