+			'nu..8332c26e
+			'nu..d92a7abd
+			'nu..f5521e39
+			're..a143376e
+			'cr..419b474b
+				'c..26dfcd23
+				'n..51cdcf4c
+				'm..17c42cfc
+			],..0db5d52c
+			'su..a388c256
+				'i..117b1f2b
+				'f..0d25207d
+				'c..1d4502c4
+				's..d2cdc921
+				'a..25b34240
+				'a..c370a8ac
+			],..0db5d52c
+			'tr..3b52d0dc
+				'f..760624be
+					'..6df750bf
+					'..542c7cc4
+				],..4bf02e01
+				'p..0497c3b8
+					'..c844b9a2
+					'..9980a017
+				],..4bf02e01
+				'p..e42b6a8c
+				'p..2aef3704
+			],..0db5d52c
-						..34bc1979
+						..a4bdd6bb
-						..2db6ad22
-						..6f741de9
-						..25093f40
+						..775aa54b
+						..7115f46a
+						..9b22c4e0
-						..17684f65
+						..a7f3cbc5
-						..407eb3f7
+						..62801858
-						..b81e941e
+						..3ed49bfb
-						..a2f9a98b
+						..5ce5acc5
+						..691d11a3
+						..321ad976
-						..a9d431dc
+						..d1ed328a
+						..691d11a3
+						..321ad976
-						..a5789cc2
+						..70e4e7e5
+						..691d11a3
+						..321ad976
-						..905567b2
+						..29572fcb
+						..691d11a3
+						..321ad976
-						..4589516c
-						..340a4ed5
+						..a8a617e1
+						..6305551c
+						..d23d4497
-						..e3f2bfc6
-						..086f147f
+						..8738a60e
+						..6305551c
+						..d23d4497
-			<di..e96dd73f
+			<di..6a8d4f1f
+				@{..a647e92a
+			</d..5767ab2d
-			<di..dc2cf55a
+			<di..6a8d4f1f
+				@{..35a5f5b8
+			</d..5767ab2d
-			<di..44072c25
+			<di..6a8d4f1f
+				@{..63d40cac
+			</d..5767ab2d