-			if ..9be5dc26
+			if ..5a6d8c29
+	/**..54620a73
+	 * Ta..8073a18e
+	 */..c28753e0
+	.tag ..039df075
+		disp..51a99b72
+		padd..db0988fa
+		bord..3939fbf2
+		back..587f30da
+		colo..f936a513
+		font..4f232ec4
+		font..34d65ed0
+		text..ee24e947
+		vert..cff425fb
+		line..f0702fdb
+		posi..7fab7d45
+		top:..cdea0245
+	}..0b7208b5
+..1edbe328
-		.ran..5eca4c04
-			bac..7e7dbf68
-			dis..2925b62c
-			pad..35349a3c
-			col..193a3c33
-			fon..0b4738c3
-			lin..90275ab1
-			bor..84f55bcd
-			pos..6d60353b
-			top..5ca4a05c
-		}..ff5b373c
-..5d410151
-						..1bd24c7c
+						..bb08b3b1
-						..43276cf0
+						..ad130cd8