--- /de..660db3e7
+<?php..6e15086d
+..7728ddc7
+namesp..9afe2146
+..7728ddc7
+use En..eb436389
+use Il..803f29e9
+use En..db467b3e
+use En..f6761218
+use En..22941208
+use En..ae1e0776
+use DB..083e901a
+..7728ddc7
+class ..e1a0d248
+..7728ddc7
+	priva..b1830a49
+..7728ddc7
+	/**..559fd5a7
+	 * Th..d79445b4
+	 *..adfc1cc6
+	 * @v..6a1c8b1d
+	 */..e9b68c5d
+	prote..30f776b5
+..7728ddc7
+	/**..559fd5a7
+	 * Th..ec4735c3
+	 *..adfc1cc6
+	 * @v..6a1c8b1d
+	 */..e9b68c5d
+	prote..5d0b31f6
+..7728ddc7
+	/**..559fd5a7
+	 * Cr..90a47c58
+	 *..adfc1cc6
+	 * @r..d5c78148
+	 */..e9b68c5d
+	publi..a2a88693
+		pare..ab0e6a51
+	}..707c1358
+..7728ddc7
+	/**..559fd5a7
+	 * Ex..f53c71b2
+	 *..adfc1cc6
+	 * @r..f3515d56
+	 */..e9b68c5d
+	publi..62b453a4
+		$tim..5a15e20c
+		$thi..4982cdc0
+..7728ddc7
+		// s..dca726f9
+		if (..07d065f0
+..7728ddc7
+		$thi..11122329
+		$thi..dfce4d45
+..7728ddc7
+		$ite..0213fff0
+			->s..4f73fd76
+				'e..d68097f4
+				'e..0ecb96cb
+				'e..6f731812
+			])..73f5ab2e
+			->l..6f3f2e6c
+			->o..9a0f0404
+			->l..cc51546f
+			->g..050bdd4d
+..7728ddc7
+		if (..90ae7f82
+			for..80e979a3
+				$t..afd1bbe9
+..7728ddc7
+				$u..9bb87386
+..7728ddc7
+				//..fa90e0ba
+				$u..3f1e863a
+						..929bacad
+						..a10823a2
+						..b646430e
+						..2acd4108
+						..b02e77ed
+..7728ddc7
+				//..c6d629de
+				$u..bd91d3b2
+						..929bacad
+						..3cc9f7ec
+						..b646430e
+						..2593b8df
+						..b02e77ed
+..7728ddc7
+				//..cfc728e8
+				$u..fee01bae
+						..929bacad
+						..3cc9f7ec
+						..b646430e
+						..0d647576
+						..b02e77ed
+..7728ddc7
+				$f..5b92966f
+				$u..ead0e0bd
+				$m..41d89878
+..7728ddc7
+				if..fa0833d0
+					$..edd48be5
+					$..a334d164
+					i..834ce023
+						..fa486d29
+					}..79f721d4
+						..a0de64e5
+					}..2d2f09e8
+				}..c4852c49
+..7728ddc7
+				$t..cd47d96b
+					-..bb19ca91
+					-..1659309a
+			}..9689dbbb
+		}..b47d484c
+..7728ddc7
+		$tim..60f12a39
+		$ela..3ac27856
+		$thi..bebdb99d
+	}..707c1358
+}..bcb5a999
-			->s..878dfd74
+			->s..ecd1af31
-				$t..bb4692f7
-					i..7be801c8
+				$t..37259c57
+					/..5f273723
+					i..d816fc0e
+					e..9bc4ad93
+..7728ddc7
+					/..7a233822
-				//..8f46cf6b
-				$u..69dee6b5
-						..6ae6b719
-						..70d3ce37
-						..6f34bc55
-						..99733c23
-						..2defe186
-						..0ba13683
-						..30b8185b
-..ee34afd2
-				//..fd3bba21
-				$u..0e170428
-						..6ae6b719
-						..e3662f90
-						..6f34bc55
-						..e42b5c18
-						..2defe186
-						..30b8185b
-..ee34afd2
-				//..c61a67e8
-				$u..97081128
-						..6ae6b719
-						..e3662f90
-						..6f34bc55
-						..32989fc6
-						..2defe186
-						..30b8185b
+				$t..1b063a7c
+..7728ddc7
+				if..ee6fe172
+..7728ddc7
+				}..c4852c49
+..7728ddc7
+				//..f5bf50b8
+				if..3736aac1
+					$..e0976f92
+				}..c4852c49
-use En..7d659dd0
+use En..4c6ddf3e
+			'er..16049ea0
+			'er..68fb4cfa
+			'er..4df1578a
+			'er..16049ea0
+			'er..68fb4cfa
+			'er..4df1578a
+				'e..92f82ad7
+				'e..b04274ad
+				'e..8999cab3
+		}..b47d484c
-			// ..71097c49
-			if ..c96a7ea2
-				(n..803b300c
-					'..7b33e1a5
-					'..3a63b8da
-					'..3f056ff5
-				])..338b00c3
-			}..7323aa25
+		// Q..2ba1bcb9
+		if (..6e136221
+			(ne..1affc5ab
+				'i..a7c81911
+				'n..590b3941
+			]);..91379636
+++ /de..bde04078
-<?php..c6b88059
-..ee34afd2
-namesp..b4a92f0c
-..ee34afd2
-use En..ddb61e6f
-use En..5f9dd152
-use En..19d39ab2
-use En..f01ceddf
-..ee34afd2
-class ..f1df6507
-..ee34afd2
-	prote..9d19f5a7
-	prote..9dd368f5
-	prote..db021856
-	prote..c9b01a71
-..ee34afd2
-	publi..96edcb3e
-		if (..3cb8fa1f
-			$th..e29a979b
-			ret..02e96aff
-		}..4ceb3eb0
-..ee34afd2
-		// C..1ade48f5
-		requ..ff61abc7
-..ee34afd2
-		Ethe..f18e95a0
-		$db ..797bdf38
-..ee34afd2
-		$ite..ad69e21a
-			->s..aac671e3
-				'e..309ccec5
-				'e..6ccc44b8
-				'e..371a49cc
-				'e..565538c6
-			])..e492e9f0
-			->l..f128019f
-			->w..364d93cf
-			->w..14bd06bd
-			->f..67f42010
-..ee34afd2
-		if (..14766865
-			$fo..e587aac1
-			$ur..81316911
-			$me..24cd75e0
-..ee34afd2
-			if ..78d4261b
-				$n..39b1e0d9
-				$m..46f4aa9d
-				if..58d08510
-					$..c11c105a
-						..22a828be
-						..35addf5c
-						..e346c1d3
-						..9eb705b7
-						..5ca5b1ca
-						..99ab5d5f
-				} ..bbdfa7b9
-					$..c11c105a
-						..22a828be
-						..35addf5c
-						..e346c1d3
-						..f0e455ea
-						..5ca5b1ca
-						..99ab5d5f
-				}..f5a9607b
-			} e..68d1177e
-				$d..18144354
-					-..577b7e89
-					-..f82a58fb
-						..c7b269e8
-						..96f2208b
-						..fb13d173
-					]..7e3d3c3f
-			}..7323aa25
-		}..4ceb3eb0
-	}..c382154f
-..ee34afd2
-}..a8a5799b
--- /de..660db3e7
+<?php..6e15086d
+..7728ddc7
+namesp..a6241446
+..7728ddc7
+use En..db467b3e
+use En..eb436389
+use En..f6761218
+use En..22941208
+use DB..083e901a
+..7728ddc7
+class ..0a50add3
+..7728ddc7
+	prote..8fc8b937
+	prote..4f802c51
+	prote..e3fa3d1a
+	prote..4a9eba82
+..7728ddc7
+	publi..112e0caf
+		if (..3dc80335
+			$th..62a97ec6
+			ret..af09c13a
+		}..b47d484c
+..7728ddc7
+		// C..8da62257
+		requ..9de72776
+..7728ddc7
+		Ethe..30e64e5b
+		$db ..f7862ea4
+..7728ddc7
+		$ite..c35a2edd
+			->s..4f73fd76
+				'e..9a07b571
+				'e..7654f7bf
+				'e..14773004
+				'e..3beaa9ba
+				'e..0ecb96cb
+				'e..6f731812
+			])..73f5ab2e
+			->l..6f3f2e6c
+			->w..17515c68
+			->f..d324187c
+..7728ddc7
+		if (..996364db
+			$up..9e0754b7
+..7728ddc7
+			// ..0782627e
+			$up..ecdca302
+					-..57f4d183
+						..0482fe1b
+					]..243e5367
+					-..5941a5d8
+					-..8e4dd886
+..7728ddc7
+			// ..30dea2c0
+			$up..b92a3af1
+					-..57f4d183
+						..dc96015b
+					]..243e5367
+					-..33b8ea39
+					-..8e4dd886
+..7728ddc7
+			// ..016c405f
+			$up..93112f5d
+					-..57f4d183
+						..dc96015b
+					]..243e5367
+					-..670af459
+					-..8e4dd886
+..7728ddc7
+			$fo..c35b9a19
+			$ur..32652e0f
+			$me..e8ab25f2
+..7728ddc7
+			if ..b593797d
+				$u..4f0571cd
+				$m..5544c6f8
+				if..fdb02672
+					$..885f36ff
+				} ..dd08f6f4
+					$..9b7ae3d2
+				}..c4852c49
+			}..9689dbbb
+..7728ddc7
+			$db..cc16f2b6
+				->..11688af5
+				->..795e2d1b
+		}..b47d484c
+	}..707c1358
+..7728ddc7
+}..bcb5a999
+	.head..a7af2c16
+		max-..87d93fe9
+	}..707c1358
+..7728ddc7
-					@..a1b1e318
+					<..31a9bedb
+						..273aff70
+						..2845b75d
+						..deba4d3a
+					@..990f4d4f