-						..cbb9844c
+						..caaf2e28
-						..cbb9844c
+						..caaf2e28
-						..cbb9844c
+						..caaf2e28
-						..cbb9844c
+						..caaf2e28
-		$met..b03b9605
-..513863f0
+		$met..35e9b87e
-		$nam..2a88af9c
+		// S..c1fccc99
+		$nam..432e6a93
+		if (..8f1e4bd9
+		if (..5b15500a
+..e1f37cc6
-			// ..3df5b2c1
-			if ..1703bc6a
-			els..a4a5d7ab
-			if ..d504295d
-..513863f0
-					'..ae197a4d
+					'..a8510c7c
-						..dce96d0d
-						..552e23c8
+						..582e6510
+						..39f715aa
+						..d9461c6e
+						..1e498930
-						..dce96d0d
-						..552e23c8
+						..582e6510
+						..39f715aa
+						..d9461c6e
+						..1e498930
-						..dce96d0d
-						..552e23c8
+						..582e6510
+						..39f715aa
+						..d9461c6e
+						..1e498930
-	<sect..f659717a
+	<sect..20fbccaa
-	<sect..f659717a
+	<sect..20fbccaa
-	<sect..f659717a
+	<sect..20fbccaa