-			if ..d44e4416
-				th..8180e316
-				th..2c8a6398
-				th..4320717a
-				th..9583394b
+			if ..4e70c57e
+				||..e48ff0a3
+				||..f24a1782
+				||..66f49fe6
+				||..c7a41ef7
+				||..b9a9376e
+			) {..953dcbe4
+..81b7c0ab
+	.cont..d8433d57
+	.cont..5380898c
+		.app..3ed566ad
+			.ap..13288859
+				ma..298400e8
+				ma..9a106de6
+				ma..aca38f7a
+			}..91eb2af4
+		}..04c5fc47
+	}..3e1cea0e
-	.cont..cdfdd577
-		.det..c4a57364
-			.op..7ffb2d1e
-				di..93cf9b3b
-				po..da54c971
-				pa..634d5109
-			}..992da208
-..789687c4
-			.et..33eea9e1
-				ma..fcae2147
-			}..992da208
-		}..3a08aaa2
-	}..636eaad4
-..789687c4
+..81b7c0ab
+	.cont..72b1d7bf
+		.det..4122c9c2
+			.op..c9ffbce9
+				di..592fbfae
+				po..dfb3ffb0
+				pa..2e575f5a
+			}..91eb2af4
+..81b7c0ab
+			.et..18e54fe9
+				ma..ef969285
+			}..91eb2af4
+		}..04c5fc47
+	}..3e1cea0e
+..81b7c0ab
+	.cont..d8433d57
+	.cont..5380898c
+		.app..3ed566ad
+			.ap..13288859
+				ma..298400e8
+				ma..9a106de6
+				ma..aca38f7a
+			}..91eb2af4
+		}..04c5fc47
+	}..3e1cea0e
-						..d9b89f46
+						..33386898
+				<m..06ad7dcc
+				<m..b9739f6b
+						..a3fdf41f
+				<m..a604be7c
+						..0dbb89f0
+			<md..5224ab59
+				<m..65671d9a
+				<m..1fc3a943
+			</m..4c64f146
-						..b01a8b0c
+						..33386898
-		<li ..36443601
+		<li ..d5182171
+		<li ..e5c828e7
+			<a..6c0d3197
+				:h..867884a0
+				@c..f8778bb2
+				@l..8f3be3fd
+			</a..a04e2811
+		</li..c4324fc9