+..70ae699a
+		.tra..1c8c1fe2
+			max..23956590
+			ove..6f66bd6a
+			max..1f6dd53a
+		}..917c1f3c
-					<..40cd55c9
-						..1899bb9e
-						..b4055c81
-						..ec1f9d1a
-						..8ea5dce4
-						..ecbdabf9
-						..7e1cb83c
-						..51e0447d
-						..aa5e04e7
-						..698fce70
-						..81b5847f
-						..4bdaab12
-						..bbaa2a23
-						..76c29151
-						..9b3046d2
-						..f17731cc
-						..deefc2e7
-						..9910d0d7
-						..087841ab
-						..e2a66485
-						..b829ba61
-						..a35a6560
-						..deefc2e7
-						..4ccfeb22
-						..fe9ec16a
-						..44340290
-						..995fa94f
-						..deefc2e7
+					<..ba6223e7
+						..f7e05cef
+						..61ce5acb
+						..c2cd1170
+						..2f167273
+						..3b2a776d
+						..527324be
+						..5eccf60a
+						..f9e07a03
+						..f260b9e6
+						..29997335
+						..2ce704a2
+						..1983b226
+						..c64e61c6
+						..44ef1092
+						..5ba3df96
+						..8898e4ed
+						..240b3f8c
+						..f227d8db
+						..43d38a19
+						..b791a232
+						..4bce5208
+						..90667088
+						..240b3f8c
+						..602a961c
+						..2566f8f8
+						..d24fc271
+						..cc2119af
+						..240b3f8c
+						..5a1aa1c7
-					<..f05f080f
-						..1899bb9e
-						..858f338d
-						..16399e29
-						..aa5e04e7
-						..bc3ede20
-						..5bd50eef
-						..f17731cc
-						..deefc2e7
-						..087841ab
-						..e2a66485
-						..b829ba61
-						..a35a6560
-						..deefc2e7
-						..4ccfeb22
-						..fe9ec16a
-						..44340290
-						..995fa94f
-						..deefc2e7
+					<..ba6223e7
+						..5ffd0adb
+						..61ce5acb
+						..5fb21c43
+						..4ee761fc
+						..f260b9e6
+						..89b20fe7
+						..bb67ec66
+						..8898e4ed
+						..240b3f8c
+						..43d38a19
+						..b791a232
+						..4bce5208
+						..90667088
+						..240b3f8c
+						..602a961c
+						..2566f8f8
+						..d24fc271
+						..cc2119af
+						..240b3f8c
+						..5a1aa1c7