-				$t..3c375813
+				$d..f9e4e56c
-					-..07481501
+					-..e67b0d66
+ * @me..e2e1577f
+ * @me..aaf0f26a
+	/** @..f7432b7f
+	prote..e06ef5f2
-		.res..37e12350
+		.tot..57d3a66e
-			<di..655d1ef8
-				<a..6f1b3399
+			<di..4dd37588
+				<a..2709e8fc
+					@..14ba30fa
+				</..3e302c24
+	<!--..2151cb61
+		-->..336621b5
+						..d010dc30
+					<..00d11036
+				</..1fc1fb6b
+				<d..01775625
+					<..3d6d6ec7
+						..673a45c2
+						..940127df
+						..e6b9bcd7
+						..d6c875c4
+						..1e43f29c
+					<..00d11036
+				</..1fc1fb6b
+			</d..47b12189
+		</di..0c05d461
+		<div..16014fb8
+			<di..3f3598ad
+				<d..a818e72c
+					<..eb90a295
+						..49acb395
-		<div..d43cf4cb
+		<div..fd02d54b
-						..6061ec96
+						..1feed198
-		<div..d43cf4cb
-			<di..f8c8cb1d
-				<d..2276223c
-					<..e7a5550f
-						..919fa58e
-					<..b8c17bfc
-				</..bccc33cc
-				<d..64c45051
-					<..0b628f43
-						..32ea6719
-						..25113c14
-						..11b5235b
-						..64d3b23b
-						..450733b8
-					<..b8c17bfc
-				</..bccc33cc
-			</d..cf4348c8
-		</di..f2f74bbc
-						..b1b8236c
+						..f89a7448
-						..6061ec96
+						..1feed198
-						..b1b8236c
+						..f89a7448