-# Enji..72a7e628
-DB_BCH..f0c6c8aa
-DB_BCH..a9549323
-DB_BCH..8bd26b69
-DB_BCH..a8275f96
-..f794145e
-# Enji..f6438252
-DB_DOG..bb9ce471
-DB_DOG..26b6da3a
-DB_DOG..10b10ce9
-DB_DOG..79017844
-..f794145e
-# Enji..cdf01d14
-DB_LTC..74945a4f
-DB_LTC..f7194cab
-DB_LTC..58862ea2
-DB_LTC..2718f020
+# Enji..99a6f77a
+DB_ALT..c5c701cf
+DB_ALT..2f1705c1
+DB_ALT..267286ea
+DB_ALT..334fe4b1
-# Enji..72a7e628
-DB_BCH..31d0114d
-DB_BCH..85ec9e14
-#DB_BC..1d3423dd
-#DB_BC..5416b3db
-DB_BCH..5a22fbea
-DB_BCH..343371e6
-DB_BCH..4220a251
-..f794145e
-# Enji..f6438252
-DB_DOG..3eaa2f6c
-DB_DOG..c94a760e
-#DB_DO..79319ce9
-#DB_DO..4def33e3
-DB_DOG..528b680f
-DB_DOG..af29c409
-DB_DOG..6887280d
-..f794145e
-# Enji..cdf01d14
-DB_LTC..c86b42ec
-DB_LTC..8db1ce04
-#DB_LT..553cbe75
-#DB_LT..469c797c
-DB_LTC..9cf3c71a
-DB_LTC..1f2b1c85
-DB_LTC..1e523607
+# Enji..99a6f77a
+DB_ALT..b38061f2
+DB_ALT..d12df1be
+#DB_AL..971ce0d7
+#DB_AL..11245c1a
+DB_ALT..28ec0592
+DB_ALT..b89a7b63
+DB_ALT..f196e816
-		if (..8b38727c
+		if (..5f09dd62
-			cas..0bb34296
-				$f..20e42b0f
-				$t..d377a8b8
+			cas..6cb0b12e
+				$f..964d3f3e
+				$t..a6aa8203
+				br..02d7777e
+			cas..8efe8940
+				$f..27e9bf91
+				$t..10867167
-						..e6197a96
-						..083f20b3
+						..5eb802a8
+						..79707788
+						..828e891d
+						..4ded3e07
+						..d090e72d
+						..1f539e6c
+						..01234459
+						..137b70e0
+						..abd3d8dd
+						..b06e233e
+						..5f52ba82
-			if ..2a7e44d8
-				$p..a3822cb2
-			}..f8b36add
+			if ..a0676eff
-				$d..5b9275c8
+				$d..9d62b9b7
-				$d..5b9275c8
-					-..98e3a3dc
+				$d..9d62b9b7
+					-..40071fd2
-			->w..102a1fb5
+			->w..fff56bf4
+	const..8bb7aaaa
-					$..c0a6c6bd
+					$..022040c5
+						..cd41b1df
-						..c9a94252
+						..196e237d
+			cas..91d3b656
+				$m..c718433e
-					c..5bef7376
+					c..54ea8f6e
+						..f8d3425e
+						..69ccd95c
+..818f59df
+				$h..17845825
+..818f59df
-					'..a1e19eda
+					'..29b56f59
+				if..cc621d20
+..818f59df
-		$thi..56d4f11e
+		$thi..cc6a8e44
-			env..9fb6d115
-			env..dea1c6ba
-			env..6ffa55cc
+			env..562aae90
-	const..058702d1
-	const..143188a7
-	const..95e9f63b
+	const..bdf6c9cb
-			sel..f4290228
-			sel..eff97c46
-			sel..a656a2d8
+			sel..46c7d651
-	 * @r..1d5e54a1
+	 * @r..77e40076
-	publi..9c1d0b6c
-		$pla..208327b7
-		$con..eb0e4553
-		$con..0497564c
-			if ..2a7e44d8
-				$p..e8782d4c
-			}..f8b36add
-		});..5ea2fda9
-..f794145e
-		retu..86ec1183
+	publi..1b240812
+		$pla..b72955ef
+		retu..ec652674
-				'n..2ff16b60
+				'n..e119d3af
-				'n..2ff16b60
+				'n..e119d3af
-	publi..d4af8608
+	publi..0d3964e2
+		$lim..32fce9de
-			'id..3fc3f455
+			'id..644c281b
-			$su..02b4f520
-			$or..60c85a70
-			$se..08fa1a9b
+			$to..74a832dc
+			if ..4bb3604a
+				$s..c848a2c0
+					$..77fd4dc3
+					$..2577d49e
+						..f93311a6
+						..2b3ba97f
+						..19eb6783
+						..57794bbc
+				})..238df895
+			}..30384088
-		if (..6adac430
-			$se..e0e38685
-		}..4dd120df
+		if (..5cb44ba2
-		else..3aa5f07d
+		else..f55bfcdc
+		$fro..36639ea4
-		if (..ae36e14a
-			thr..388b4250
-		}..4dd120df
-..f794145e
+		if (..4dc23ccd
+				'a..23ca6ec3
-			$se..468880b4
+			$se..0347913b
-				$q..fc35620f
+				$q..b0d04ce0
+					-..ada4b67f
+						..9dcbf5a5
+						..f655c375
+					}..e41e1017
-	publi..64cbd3da
-		$sel..9aa514b5
-		if (..d21e336c
+	publi..7382a8ef
+		retu..e6ada20b
+			->w..30c3cabe
+			->f..8b6825ac
+	}..17f375e5
-		retu..fe1362f8
+	publi..b918cd4f
+		retu..754ad7fd
+			ret..94a2c8be
+		}, $..05fb1a40
-	prote..30f1ee06
+	prote..40c9642d
+	/** @..6cc58f0f
+	prote..60135687
-				'd..f460a174
-					'..3f02fa0c
-				],..92ff0247
-				'd..296512c9
-					'..f7b2124b
-				],..92ff0247
-				'd..7cef5ac6
-					'..f7900284
+				'd..06155681
+					'..9f543f66
+		if (..ac21abf1
+..818f59df
-		// B..d76bcd4d
-		'mys..e526e13f
+		// A..d39d71a7
+		'mys..5cc5bc76
-				'h..ccd637cc
+				'h..e4aa0655
-				'h..99af6dc6
+				'h..b313d460
-			'po..928c1ea8
-			'da..319c1a37
-			'us..a68f5ee4
-			'pa..ca340f4b
-			'un..33e8f6f0
-			'ch..ce10081a
-			'co..2f90b30c
-			'pr..3fed97be
-			'st..e528a52b
-			'en..17b1cfb2
-		],..c3c0ea1e
-..f794145e
-		// D..77d51b9c
-		'mys..c07126d9
-			'dr..ba1cf18a
-			'wr..e0cc0f68
-				'h..8e29eb4e
-			],..9241be9a
-			're..e56fee44
-				'h..f1d6cb99
-			],..9241be9a
-			'po..f2944536
-			'da..0f946b6e
-			'us..9735ce6d
-			'pa..cd80eab2
-			'un..38fe211f
-			'ch..ce10081a
-			'co..2f90b30c
-			'pr..3fed97be
-			'st..e528a52b
-			'en..17b1cfb2
-		],..c3c0ea1e
-..f794145e
-		// L..ccdaefb2
-		'mys..e95bdba4
-			'dr..ba1cf18a
-			'wr..e0cc0f68
-				'h..7b8f5ca4
-			],..9241be9a
-			're..e56fee44
-				'h..37628514
-			],..9241be9a
-			'po..44cbf3f5
-			'da..2c57bd06
-			'us..671ed62e
-			'pa..a577a728
-			'un..e7a21736
+			'po..f680ec0a
+			'da..d52c02f7
+			'us..c1213a9a
+			'pa..f8fcf551
+			'un..b958060e
-		//'B..1527e228
-		//'B..12d83f23
-		//'B..8ef90b49
+		'Blu..6c9be3c1
+		'Bla..e859a4ac
+		'Bra..c4c9a9b6
+	'logo..e0186f7b
+	'soci..737433a0
+		'med..5a5f457d
+		'tel..8ba12ae1
+		'twi..be5bb4dd
+		'red..00acd557
+		'git..dca9d741
+		'fac..cbf4af2c
+		'you..12affc30
+	],..fcf99018
-					i..4b9a5803
-						..8944d17a
-						..c48d79c9
-						..fd2e77ec
-						..09a286a5
-					}..074d63d5
-						..8944d17a
-						..05ee7209
-						..fd2e77ec
-						..09a286a5
-					}..33e635ed
-						..8944d17a
-						..47d019e5
-						..fd2e77ec
-						..09a286a5
-					}..bfb85917
-						..8944d17a
-						..4e59e17f
-						..fd2e77ec
-						..09a286a5
-					}..c2cffd57
-						..8944d17a
-						..913438f9
-						..fd2e77ec
-						..09a286a5
-					}..099e23ec
-						..8944d17a
-						..20a9d1bf
-						..fd2e77ec
-						..09a286a5
-					}..5e1100f3
-						..8944d17a
-						..f200c127
-						..fd2e77ec
-						..09a286a5
-					}..ee58b9d0
-						..8944d17a
-						..cff7174f
-						..fd2e77ec
-						..09a286a5
+					s..294c0122
+						..2b693670
+						..ee6cc88e
+						..d2d8f8ad
+						..2a5d6bd8
+						..b2f12b91
+						..bccb9094
+						..ee6cc88e
+						..d0675e25
+						..2a5d6bd8
+						..b2f12b91
+						..6cbbcb9a
+						..ee6cc88e
+						..6b114974
+						..2a5d6bd8
+						..b2f12b91
+						..1990d9b8
+						..ee6cc88e
+						..2929c9ef
+						..2a5d6bd8
+						..b2f12b91
+						..5b8472aa
+						..ee6cc88e
+						..7e5951bc
+						..2a5d6bd8
+						..b2f12b91
+						..9d9ec4dc
+						..ee6cc88e
+						..e3622155
+						..2a5d6bd8
+						..b2f12b91
+						..9a650e2b
+						..ee6cc88e
+						..73b37bcd
+						..2a5d6bd8
+						..b2f12b91
+						..1f7b71e4
+						..ee6cc88e
+						..e3f87663
+						..2a5d6bd8
+						..b2f12b91
+						..dd850ace
+						..ee6cc88e
+						..ccae924b
+						..2a5d6bd8
+						..b2f12b91
+						..8df03576
-		goBa..adfdd3a2
-			if ..8999c52b
+		goBa..6b9d4dfe
+			if ..249553fb
+			if ..8f7e9622
-					t..0dc3c7ee
+					t..d45a9731
-				th..ac44274a
+				th..cdbcaa5d
-			var..d1d8d49c
-			if ..110f45ad
+			if ..db1da6d5
+				re..b10ca41a
+..818f59df
+			let..feae56c4
+			if ..2b746899
-      ..fc2cea1d
-      ..654d9f30
-      ..fef34b65
-      ..da045093
-      ..ab3a8959
+				do..a1aa8bfd
+				do..a8ba7028
+				do..03bc1d6d
+				do..15d8c9d8
+				do..c84af51e
-			} e..32079d7b
+			} e..7254fcd4
-      ..3c4865ac
-      ..3eaad178
-      ..b6760d73
-      ..84ecd33f
-      ..5c884de6
-      ..59235aa9
+				do..739177a5
+				do..bf6f6bd6
+				do..bd577712
+				do..9f349611
+				do..73f33492
+				do..dc03afd4
-			doc..f3068cd3
+..818f59df
+			win..4430e4a2
+				wi..7efe47ec
+			}, ..0e08305d
+..818f59df
-	.cont..87809199
+	.hold..a69b524d
+..818f59df
+				&...e6451a0e
+					w..685b59f2
+					m..d328a835
+				}..96356b63
+			.so..8d3174e0
+				ma..75224530
+..818f59df
+				a...4f87ae60
+					f..29282b35
+					l..9ae00de7
+					c..6686f46e
+					o..c6f9fdb3
+..818f59df
+					&..7d1e1d46
+						..5a920627
+						..b3d2171f
+					}..bed99fa0
+				}..96356b63
+			}..30384088
+..818f59df
-			<md..85da5a74
+			<md..9c38591c
-				<t..8092ff69
-					@..f4e9376f
+				<t..d39eabe6
+					@..12273f50
+					<..1eb45937
+						..a0c1149a
+						..9811d37d
+					<..6c107dd0
-					<..53dfd39b
-						..f6afaaae
-						..f19ad5de
-						..011aff70
+					@..bcdced38
+..818f59df
+						..ecd6aafc
+						..3c903922
+						..71964ac7
+						..f4aabf25
+						..47385e46
+						..a75d9cab
+						..984ea03b
+						..dc7b95f5
+						..90425df6
+..818f59df
-..f794145e
+..818f59df