+use En..8bc29f8a
+			'en..1c60d533
+		$enj..c3da9a56
+		$pri..fd4cfac6
+		if (..27018637
+..d798689a
-				DB..0bb6bcd1
+				DB..67de7a56
+						..0eef76f4
-				DB..0bb6bcd1
+				DB..67de7a56
+						..0eef76f4
-				DB..0bb6bcd1
+				DB..67de7a56
+						..0eef76f4
-				DB..0bb6bcd1
+				DB..67de7a56
+						..0eef76f4
+ * @me..302eb8d9
+ * @me..653a1164
-	/** @..16860d63
+	/** @..ed76f50a
+	/** @..d7882d09
+	prote..d5516b16
+		"enj..1604a94f
-		"zen..564402e9
-		"enj..8b3a9ab7
+		"zen..f06b6ab9
+}..722145cb
+..d798689a
+..d798689a
+.conta..20c9f9a6
+	.enj-..afc4ce50
+		max-..5cef92ce
+		heig..c475c9df
+		marg..9f456f60
+		marg..f1ae90c9
+	}..9baaa8bf
+			'va..10299b1d
+			'va..f7a42925
-			<di..bdc6eefb
+			<di..53b09eba
-				<t..e7b9d760
-				<t..d94680cf
+				<t..43f19162
+				<t..0ef8b453
-..d46e77fd
+					<..b3b7ddb0
-..d46e77fd
+					@..8e5bc25b
-..d46e77fd
+					@..d851129d