+		if (..65e8db06
+..a63a1509
+	'logo..93e3534d
+	'soci..e1b605bb
+		'med..6ef95314
+		'tel..7ddcc9e4
+		'twi..5e26722e
+		'red..2e64c814
+		'git..56a54e05
+		'fac..c83a61cb
+		'you..3af78206
+	],..a79247db
+..a63a1509
+				&...f041b2b3
+					w..08ba22d3
+					m..238dc169
+				}..3a3678b9
+			.so..4f82fc27
+				ma..d3d6f452
+..a63a1509
+				a...36805f16
+					f..958a9b98
+					l..48019637
+					c..d00df0da
+					o..8ef58503
+..a63a1509
+					&..00e2c6f7
+						..551b0fe3
+						..8511118e
+					}..a0e437e5
+				}..3a3678b9
+			}..15738dcf
+..a63a1509
+..a63a1509
+						..4b78feb0
+						..8f7c82b9
+						..7fa524c9
+						..ecba41e7
+						..1747bf7c
+						..f8914f94
+						..d4445b9c
+						..c4c3019d
+						..d9c9abe2
+..a63a1509
-..6036892e
+..a63a1509