+use En..cec179bf
+		$erc..25249481
-			$th..8f13b384
+			$th..8b0ec793
-						..5a7dd888
+						..26229854
+						..0c8c4999
-						..87cc1afc
-						..ca5008e1
+						..c8955799
-						..ee2d1346
-						..0bf77891
-						..cbca393f
+						..7a871423
+						..5d6fbadd
+..0955a2d6
+						..e298bc22
+						..840db480
+						..6926968b
+						..36ce1d70
+						..040f5222
+						..7398b5ad
+						..7391c931
+..0955a2d6
+						..fcc2e22d
+						..d24174b9
+..0955a2d6
+						..e298bc22
+						..00731f4e
+						..6926968b
+						..36ce1d70
+						..040f5222
+						..11d0f5aa
+						..7398b5ad
+						..7391c931
+..0955a2d6
+						..fcc2e22d
+						..1fbaa9ab
+						..7df4262e
+						..7b6a93bc
+						..363abbee
+						..f483ebb8
+						..609d9dbb
+						..c794d089
+						..f483ebb8
+						..609d9dbb
+						..ddb97934
+						..f483ebb8
+						..609d9dbb
+						..7709d1f6
+						..f483ebb8
+						..609d9dbb
+						..ffa93edf
+						..f483ebb8
+						..609d9dbb
+						..501e8b1d