-		$sel..575b3033
+		$sel..00bc54be
-				$t..85338a7d
+				$t..28591174
-						..29e704ea
+						..89b44ef3
-			if ..78f53fa0
+			if ..9516887d
-			if ..ec835575
-			if ..45574c75
-			if ..fa13a523
+			if ..ebcf445a
+			if ..d0ff0262
+			if ..dc4e3b81
-				$u..b834db00
+				$u..db494d0f
-						..fc12c2b6
-						..935f1d81
-						..65a80349
-						..a2170232
+						..40e93479
+						..b1d1749d
+						..dded3bfe
+						..b1a534c5
-				$i..e4a392c8
+				$i..b2e46d02
-						..f4ff87d9
+						..09d4ae54
-					-..a82b9eb7
-					-..d7695254
+					-..00088125
+					-..e30b1f38
-				$u..d64c40c3
+				$u..6a45d142
-						..2f45125a
-						..935f1d81
-						..65a80349
+						..30f822a5
+						..b1d1749d
+						..dded3bfe
-				$u..e89288a9
+				$u..87308cd2
-						..2f45125a
-						..935f1d81
-						..65a80349
+						..30f822a5
+						..b1d1749d
+						..dded3bfe
-				$u..75716ea1
+				$u..486564e3
-						..2f45125a
-						..935f1d81
-						..65a80349
+						..30f822a5
+						..b1d1749d
+						..dded3bfe
-		$ite..84e659ba
+		$ite..3333faf5
-				$u..b834db00
+				$u..db494d0f
-						..fc12c2b6
-						..500e8e4d
-						..a2170232
+						..40e93479
+						..b69a3203
+						..b1a534c5
-				$u..d64c40c3
+				$u..6a45d142
-						..2f45125a
-						..500e8e4d
+						..30f822a5
+						..b69a3203
-				$u..75716ea1
+				$u..486564e3
-						..2f45125a
-						..500e8e4d
+						..30f822a5
+						..b69a3203
-				$t..3b7c6b5c
+				$t..14c5165e
-			$tr..49e97a8b
+			$tr..da75dcbc
-				$t..abbf398d
+				$t..25f51808
-				$t..0fce068c
+				$t..1ceffb81
-		$thi..95972367
+		$thi..23622474
-		$thi..ed16510a
-		$thi..ea5d852c
-		$thi..f6e2092a
+		$thi..49d64157
+		$thi..1be41d9a
+		$thi..8634354b
-		$tra..272e359a
+		$tra..509eacb7
-				if..6eeb045d
-				if..c0ee92ad
+				if..3ee76382
+				if..e116758b
-		$erc..c6286fcc
+		$erc..bb740115
-		$erc..a3fc70da
+		$erc..d36c7a51
-				if..10311b06
-				if..0ff69088
+				if..e0b33da8
+				if..5e4c4b95
-		$sel..36b0da85
+		$sel..a498426a
-				//..574a2cfe
+				//..c2cea97f
-				//..eca909a1
+				//..a81976a1
-			->l..50e41476
+			->l..b82672c5
-			->g..22cbbf25
-			->o..a2d2ff0e
+			->g..a50f0cfc
+			->o..1a8a40f9
-			$se..be90c548
+			$se..ab1cdc6e
-			$se..aeba745c
+			$se..1e1aa421
-		$tab..021ce052
+		$tab..0bbb7141
-			$ta..1ff24089
+			$ta..cf3cfb9d
-				'e..38c3bc1d
-				'e..871b6aa6
+				'e..453fd266
+				'e..dd125069
-			->l..dc3148b2
+			->l..71d91e33
-			->l..839fdefc
-			->l..b71765fb
+			->l..0932dd85
+			->l..da534eba
-			->o..57b94754
+			->o..908185f2
-			$se..024609d8
+			$se..aec3954f
-			$se..b34c2a86
+			$se..04cd941c
-			$se..a2cbd8f1
+			$se..569b0d0b
-			$se..1737945c
+			$se..ad84157b
-		$sel..575b3033
+		$sel..00bc54be
-				'e..38c3bc1d
-				'e..871b6aa6
+				'e..453fd266
+				'e..dd125069
-			->l..dc3148b2
+			->l..71d91e33
-			->l..c1e5d165
-			->l..74b3fb2c
+			->l..30d7b0d6
+			->l..f2815594
-			->o..84949693
+			->o..0ee8ebc3
-			$se..024609d8
+			$se..aec3954f
-			$th..965ab77d
+			$th..375562d1
-			$th..965ab77d
+			$th..375562d1
-				$i..033cc79e
+				$i..37d7d224
-						..b17ae6ed
+						..e9dc18ff
-						..b17ae6ed
+						..e9dc18ff
-		$thi..5c50df59
+		$thi..15783418
-			->l..c902aa90
+			->l..0dc322c2
-			$co..7466cfd1
-			$co..a51c0432
-			$se..c77034bf
-			$se..e93a8717
-			$se..b8e66534
-			$se..4f9928be
+			$co..44100346
+			$co..6fb52d78
+			$se..4544b027
+			$se..a6d9ccc9
+			$se..1a4dafda
+			$se..9819d3c0
-			->l..c902aa90
+			->l..0dc322c2
-			$co..7466cfd1
-			$co..a51c0432
-			$se..c77034bf
-			$se..e93a8717
-			$se..b8e66534
-			$se..4f9928be
+			$co..44100346
+			$co..6fb52d78
+			$se..4544b027
+			$se..a6d9ccc9
+			$se..1a4dafda
+			$se..9819d3c0
-			$co..ef07d66b
-			$co..d0a4f51a
+			$co..8561fc7a
+			$co..8f61e989
-			'er..5d51c8fa
+			'er..10677efb
-			'er..ccf9b33f
-			'er..a56c60b3
-			'er..f424449f
+			'er..5c39c78b
+			'er..053a4de9
+			'er..8f202f7e
-		$sel..4e55eff5
-			->l..5342a456
-			->l..a095d555
-			->l..90b71547
-			->l..44eb895d
-			->l..bc3148ea
-			->l..b1d831f6
-			->w..1b0d7481
-			//-..3298492c
-			->o..20fffc10
-			->g..0598005d
+		$sel..4664140b
+			->l..18235a42
+			->l..3d3b8e51
+			->l..955e208f
+			->l..5cddaa69
+			->l..e0842081
+			->l..cd51e1b2
+			->w..77870131
+			//-..17996341
+			->o..06404e17
+			->g..d56dbba6
-			$co..888ec9e5
-			$se..b8e66534
+			$co..338da4a7
+			$se..1a4dafda
-			$se..2b6d05bd
+			$se..1d64a8ff
-		if (..fc1513be
-		else..d66d6716
+		if (..2e903aba
+		else..5f273c25
-			'er..5d51c8fa
+			'er..10677efb
-			'er..ccf9b33f
-			'er..a56c60b3
-			'er..f424449f
+			'er..5c39c78b
+			'er..053a4de9
+			'er..8f202f7e
-		$sel..4e55eff5
-			->l..5342a456
-			->l..a095d555
-			->l..90b71547
-			->l..44eb895d
-			->l..bc3148ea
-			->l..b1d831f6
-			//-..3298492c
-			->w..1b0d7481
-			->w..b8277d25
-			->g..dbfd6442
+		$sel..4664140b
+			->l..18235a42
+			->l..3d3b8e51
+			->l..955e208f
+			->l..5cddaa69
+			->l..e0842081
+			->l..cd51e1b2
+			//-..17996341
+			->w..77870131
+			->w..a448d79e
+			->g..60bc61de
-			$co..98e5433d
-			$se..b8e66534
+			$co..fa1b609d
+			$se..1a4dafda
-		$sel..7b226c94
+		$sel..def09d62
-				'e..f8f34772
-				'e..fa25ddbf
-				'e..586bb5f7
-				'e..5d4eb745
+				'e..f5ab238e
+				'e..d091e13f
+				'e..908e7219
+				'e..ad0eb13c
-				DB..1b4b41bf
+				DB..f159fe6e
-			->l..83203ad2
-			->l..a095d555
-			->l..90b71547
+			->l..ef00dd3c
+			->l..3d3b8e51
+			->l..955e208f
-			->l..c7f8de47
-			->l..68be0142
+			->l..8e9848b5
+			->l..e4affe40
-			->o..7c32be1b
+			->o..0c07bc3f
-			$se..1f0abdd6
+			$se..32ad27c3
-			$se..6dc5536f
+			$se..b075dff3
-			$se..72d73823
+			$se..0da3b3eb
-			$se..98f5569a
+			$se..5a7478d5
-			$se..7828aa08
+			$se..cb92d7f2
-		$sel..dd36cc82
+		$sel..e2f9dce5
-				'e..586bb5f7
-				'e..5d4eb745
+				'e..908e7219
+				'e..ad0eb13c
-				DB..1b4b41bf
+				DB..f159fe6e
-			->l..8d0d3a9c
-			->l..a095d555
-			->l..90b71547
+			->l..5742cfdd
+			->l..3d3b8e51
+			->l..955e208f
-			->o..27fa6fd1
+			->o..b738bccf
-			$se..ceaafb5d
+			$se..58d8c08a
-			$se..6dc5536f
+			$se..b075dff3
-			$se..53696cd2
+			$se..7e106503
-		$sel..a59537c0
+		$sel..2f3b8b95
-				'e..e47b3db1
-				'e..586bb5f7
-				'e..5d4eb745
+				'e..cfeb5882
+				'e..908e7219
+				'e..ad0eb13c
-				DB..1b4b41bf
+				DB..f159fe6e
-			->l..068a8942
-			->l..8d0d3a9c
-			->l..a095d555
-			->l..90b71547
+			->l..abe20895
+			->l..5742cfdd
+			->l..3d3b8e51
+			->l..955e208f
-			->l..4e10650a
+			->l..589fc0aa
-			->o..e269e4b8
+			->o..99ab0b18
-			$se..bfa13204
+			$se..ec181516
-			$se..e9e5967d
+			$se..ab388ce0
-			$se..6dc5536f
+			$se..b075dff3
-			$se..4a9d493e
+			$se..605434f1
-		$sel..4e55eff5
+		$sel..4664140b
-				'e..5dca9035
-				'e..c115d6a6
-				'e..586bb5f7
+				'e..63da8aa7
+				'e..2f7615aa
+				'e..908e7219
-			->l..5342a456
-			->l..b1d831f6
-			->w..1b0d7481
-			->w..b8277d25
-			->g..8d5c43d0
-			->o..99f74253
+			->l..18235a42
+			->l..cd51e1b2
+			->w..77870131
+			->w..a448d79e
+			->g..82790956
+			->o..0c858edc
-			$se..53f4d259
+			$se..e5f10600
-			$tr..c9bace7d
+			$tr..b6386fa9
-		retu..9235b5f6
+		retu..c2b5c204
-		$sel..8768f919
+		$sel..65603923
-				'e..d49e5750
-				'e..aa80e361
-				'e..d2f764fa
+				'e..2a683dc6
+				'e..95e11b06
+				'e..3a419ac8
-				$j..ac70cd35
-				$j..698edec5
+				$j..3a208d29
+				$j..2de42541
-			->l..c97f4df0
-			->l..49b74770
+			->l..8128a0d9
+			->l..715df400
-			->o..f7a3a789
-			->o..c0e0d47c
+			->o..67023dd1
+			->o..bf275dd9
-				$q..dd78013d
-					-..bb7a82f0
+				$q..52fa9ee5
+					-..50d15388
-			$se..9aeac724
+			$se..b06fe93f
-				$q..6cde7754
-					-..3bcca03c
+				$q..b8b4411a
+					-..e3cbbfc2
-						..9d4c5a4a
+						..5e9b456a
-						..a57c1379
+						..e7199529
-					D..348d997f
+					D..a5841d90
-					i..7efe4658
+					i..8d877519
-					i..2660f610
+					i..0c4841bd
-					i..95ace3cf
-					i..87040386
+					i..3bc1c1b8
+					i..0c0e8899
-					$..d4c25075
+					$..543f2d03
-					$..73011dce
+					$..8adf052d
-					$..dcdd14b1
+					$..4c9bb824
-		$thi..5c50df59
+		$thi..15783418
-			$th..965ab77d
+			$th..375562d1
-			$th..965ab77d
+			$th..375562d1
-			$to..25a8883a
+			$to..0b72d3a0
-			$tr..8c4dabf3
+			$tr..a3117240
-			$tr..53fdc75c
+			$tr..1de4acf8
-			$tr..9d0f9d42
+			$tr..6abe7222
-			$tr..4a852d99
+			$tr..bb08a253
-						..ba74cde9
+						..3dd24c6a
-						..e3817df6
+						..ab82e1fb
-					r..dd88dbbf
+					r..39a6e496
-					r..722bd547
+					r..5aead7ad
-					r..3f6e82b3
+					r..7726c11a
-					r..fd97dd18
+					r..542f13eb