-						..23ccad2c
-				$u..9c94156a
+				$u..f3c75c89
-						..451c3126
-				$u..33196e89
+				$u..fac91fe8
-						..28e3c843
-						..23ccad2c
-				$u..33196e89
+				$u..fac91fe8
-						..28e3c843
-	 * @p..40f4f8dc
-	 * @p..59dc3434
+	 * @p..6552c2af
+	 * @p..1914aecc
+	 * @p..512e3c82
-	publi..b622f805
+	publi..b6fe941b
-		retu..d5c3b493
+		retu..a10d842c
+	 * @p..512e3c82
-	publi..3ec3dcc8
-		retu..92945a73
+	publi..9058ab26
+		retu..3e0c490d
+	 * @p..512e3c82
-	publi..35c3dd0a
-		retu..780fa8a2
+	publi..89de1df3
+		retu..fc97421a
-			'tr..f395f875
+			'tr..4f9617be
+	 * @p..512e3c82
+		?int..afb30fb1
+		// F..5bf25c06
+		if (..cc73b199
+			$se..e45c05f5
+		}..43785bda
+..06754b5e
+	 * @p..512e3c82
+		?int..afb30fb1
+		// F..5bf25c06
+		if (..cc73b199
+			$se..e45c05f5
+		}..43785bda
+..06754b5e
+	 * @p..512e3c82
+		?int..afb30fb1
+		// F..5bf25c06
+		if (..cc73b199
+			$se..e45c05f5
+		}..43785bda
+..06754b5e