-# Enji..10e5755c
-DB_BCH..8bf22772
-DB_BCH..0245d58e
-DB_BCH..7058d539
-DB_BCH..700a3bb5
-..5190d106
-# Enji..c3211332
-DB_DOG..23763d71
-DB_DOG..18ebce3d
-DB_DOG..d2e9e018
-DB_DOG..74aa1901
-..5190d106
-# Enji..7fbb1aa8
-DB_LTC..cd4f0b8a
-DB_LTC..ebcfc024
-DB_LTC..7752f8b6
-DB_LTC..4453d6c4
+# Enji..adc75070
+DB_ALT..dc3007b6
+DB_ALT..edf80276
+DB_ALT..acee5707
+DB_ALT..7947f609
-# Enji..10e5755c
-DB_BCH..d2329250
-DB_BCH..461c7ab6
-#DB_BC..233f84f1
-#DB_BC..24cc8046
-DB_BCH..62c5c9ee
-DB_BCH..2c215819
-DB_BCH..9b7e03ed
-..5190d106
-# Enji..c3211332
-DB_DOG..1b6ec6d0
-DB_DOG..6dce5b07
-#DB_DO..af895251
-#DB_DO..3c52e420
-DB_DOG..2fd3489c
-DB_DOG..8132fdfd
-DB_DOG..d9e3afcd
-..5190d106
-# Enji..7fbb1aa8
-DB_LTC..dd8d8866
-DB_LTC..9147b980
-#DB_LT..7f6a171b
-#DB_LT..33697b3c
-DB_LTC..8f12185a
-DB_LTC..0c06157d
-DB_LTC..77377c73
+# Enji..adc75070
+DB_ALT..bd325faf
+DB_ALT..7b98f61c
+#DB_AL..06c96e6a
+#DB_AL..7460402d
+DB_ALT..1738a9ee
+DB_ALT..7a1e96bb
+DB_ALT..bbcc0380
-		$thi..80e62fbd
+		$thi..3f5e2dea
-			env..c4e95d5a
-			env..a80fca51
-			env..e7868748
+			env..4f985d6a
-	const..dfe7ae4e
-	const..f3087d2e
-	const..1c0f6dba
+	const..5cf8667e
-			sel..854692d5
-			sel..cbd8bf35
-			sel..731f94a7
+			sel..34eaf449
-	prote..02a047e2
+	prote..9d966e38
-				'd..6b3c80bb
-					'..6eb4723b
-				],..d64781f2
-				'd..fa1c7f90
-					'..8c0ecf02
-				],..d64781f2
-				'd..3ee2f9c9
-					'..3e0d71b4
+				'd..12d3053b
+					'..34dff131
-		// B..a7b87a99
-		'mys..16deee8b
+		// A..877bb4d8
+		'mys..bbcda850
-				'h..6e004af4
+				'h..3565d8db
-				'h..e09f41b1
+				'h..283abe24
-			'po..26a18b59
-			'da..43f13707
-			'us..8abc4d43
-			'pa..8652f44b
-			'un..db0b6912
-			'ch..66846ee7
-			'co..5ea0f2a7
-			'pr..bb42b926
-			'st..6f30c03d
-			'en..fe413856
-		],..eb25930b
-..5190d106
-		// D..3bbdcb62
-		'mys..59ea1fb9
-			'dr..ea23dc88
-			'wr..838e4181
-				'h..6c1c6d1f
-			],..05bea3aa
-			're..b4e21f64
-				'h..3437e4ff
-			],..05bea3aa
-			'po..46318a36
-			'da..8a4225cf
-			'us..c45b1355
-			'pa..1e282711
-			'un..56ef23a3
-			'ch..66846ee7
-			'co..5ea0f2a7
-			'pr..bb42b926
-			'st..6f30c03d
-			'en..fe413856
-		],..eb25930b
-..5190d106
-		// L..6c614d33
-		'mys..43204480
-			'dr..ea23dc88
-			'wr..838e4181
-				'h..dd63ff66
-			],..05bea3aa
-			're..b4e21f64
-				'h..74b16b97
-			],..05bea3aa
-			'po..df91e537
-			'da..d602bfe0
-			'us..ebb929c6
-			'pa..c1f5e307
-			'un..57d392dc
+			'po..6d0a94e7
+			'da..ca3c48cd
+			'us..27b88c23
+			'pa..bf6a620c
+			'un..7c1e23d5