+ENS_RE..756c9875
--- /de..8d8ca115
+<?php..65f4ff14
+..3d10e44b
+namesp..f0a9a98e
+..3d10e44b
+use En..0f9fef4c
+use En..c8c88fe3
+use Il..b3a4a061
+..3d10e44b
+class ..25cf8d44
+..3d10e44b
+	/**..81cbfffa
+	 * Th..87204ed7
+	 *..47824e3c
+	 * @v..ee94522c
+	 */..16b9ec6b
+	prote..6dbdae96
+..3d10e44b
+	/**..81cbfffa
+	 * Th..d4bd2850
+	 *..47824e3c
+	 * @v..ee94522c
+	 */..16b9ec6b
+	prote..cbff94c1
+..3d10e44b
+	/**..81cbfffa
+	 * Cr..e1a8dc8e
+	 *..47824e3c
+	 * @r..d66dbb94
+	 */..16b9ec6b
+	publi..0e28c084
+		pare..56e6b8ed
+	}..42eff5a8
+..3d10e44b
+	/**..81cbfffa
+	 * Ex..33f37704
+	 *..47824e3c
+	 * @r..409c874e
+	 */..16b9ec6b
+	publi..7b0a92fd
+		if (..dabb0331
+..3d10e44b
+		$db ..8e816775
+		$sta..06452c83
+		$end..24875f64
+		$blo..3ca6cf3a
+		$reg..2ccd13d8
+..3d10e44b
+		for ..0adc2f84
+			$up..c354e540
+			if ..63c98fda
+			$th..aba43033
+..3d10e44b
+			// ..759adcbb
+			$na..924c0579
+				->..41c4be2d
+				->..21aa96c2
+				->..144e0d48
+				->..cb4bb89a
+				->..d4718deb
+				->..1704e884
+				->..de322272
+				->..eb64e6f9
+..3d10e44b
+			$th..1ea4f238
+..3d10e44b
+			if ..bd5c4a8f
+				fo..fb2773cb
+					l..5f6c4a74
+					$..49a500ca
+					$..09a2b26a
+..3d10e44b
+					/..559434e4
+					$..19b6cfb4
+					$..1a8a9976
+						..e90c08c6
+						..53d4270f
+						..dbaf1b58
+..3d10e44b
+					/..2a0d3e7f
+					$..dfb19340
+					i..c3a97828
+..3d10e44b
+					/..ada94832
+					t..658b0fcb
+						..0e499d9e
+						..a554acc9
+						..af879819
+						..ba3209f7
+						..f1073c64
+						..090f7a71
+						..f20d18b2
+..3d10e44b
+						..61683d6f
+					}..7df156f4
+						..d835885c
+						..08e1bd4a
+					}..2221d28a
+..3d10e44b
+					$..de73f76e
+					E..db07aad0
+					$..5137c490
+				}..013ca5d4
+			}..defc3a7b
+		}..848ca676
+	}..42eff5a8
+..3d10e44b
+}..4ca75bff
+	const..cfcd8ef0
+	const..2e9be8bb
+	const..93d041b3
+..3d10e44b
+	 * @p..5066730e
-	publi..75c964d4
+	publi..0883e0af
-		$nam..c6ef20ea
+		$nam..93e1a91f
-			$tl..52d633a1
-			if ..b8aea97b
-			els..bec623c3
+			if ..7dd8c6bd
+				$t..bc77bf1e
+				if..eac392a1
+				el..68a88eef
+			}..defc3a7b
-				'c..46df8443
+				'c..6ec2a6e8
-					-..8a5a424b
+					-..de67b57f
-			// ..8dc3a372
-			if ..a8588c9d
+			if ..a9a48676
+				//..fdd8e2f9
+				if..c3939bdd
-			// ..827b4a6e
-			if ..5b552667
-				$d..3a12e9f4
-					-..2ff62dcc
-					-..3a3d7bc9
+				//..2155571c
+				if..b3ebfe73
+					$..4794ee68
+						..44beb6b9
+						..543a5843
+				}..013ca5d4
+				'r..d1347afb
+			're..a1cafcea
+				'm..fa3e7f3c
+				'k..06b7b937
+				'r..d147b833
+			],..afb0bab9