+# Iden..3beffd13
+IDENTI..de953f21
+IDENTI..7f6e1166
+IDENTI..df7e285c
+..550b16cd
--- /de..1c687793
+<?php..a704b113
+..550b16cd
+namesp..dfeba771
+..550b16cd
+use En..1c0f1f18
+use En..02c9f2fb
+use Il..65fa0aca
+use Il..ef15338d
+..550b16cd
+class ..a723f2f4
+..550b16cd
+	publi..56e7479b
+		try ..0a41776b
+			// ..09e0220e
+			$co..f2622c6a
+			$se..07ac003b
+..550b16cd
+			// ..7f950df7
+			set..a6e86869
+..550b16cd
+			$us..e9ec4b98
+			// ..9aa43d02
+			die..20974756
+		} ca..d5499772
+			if ..860e519e
+			els..88b16698
+		}..ba222574
+	}..97bb1352
+..550b16cd
+	publi..3c169e6c
+..550b16cd
+	}..97bb1352
+..550b16cd
+}..a49e7640
+use En..1c0f1f18
+use Il..64d2900e
+		$thi..26730e79
+	priva..960c8609
+		// C..6d36493e
+		Comm..c99c80ed
+		Comm..cf351c41
+..550b16cd
+		// O..fa2c2eda
+		if (..b35cce11
+..550b16cd
+		// I..c6bceb3e
+		if (..3bd9bd0b
+			Vie..279141c3
+		}..ba222574
+	}..97bb1352
+..550b16cd
-	const..f61bc415
+	const..59b84f98
+	 * Re..493a2dd7
+	 *..c82e6eb5
+	 * @r..49c0486b
+	 */..117e2ba3
+	publi..d6265a25
+		retu..6780d604
+	}..97bb1352
+..550b16cd
+	/**..411dd3a6
-..0fb50682
-	/*..7f7a14e9
-	|----..fce9bacc
-	| Aut..7de1435f
-	|----..fce9bacc
-	|..e3bb7347
-	| Thi..3ade6524
-	| res..0468685c
-	| as ..75464e83
-	|..e3bb7347
-	*/..a731e5a8
-..0fb50682
-..0fb50682
-	/*..7f7a14e9
-	|----..fce9bacc
-	| Aut..4ca18331
-	|----..fce9bacc
-	|..e3bb7347
-	| Nex..0f71e9f9
-	| Of ..8ee8430e
-	| her..436c113c
-	|..e3bb7347
-	| All..448979b3
-	| use..3fad7a39
-	| mec..a0a550ad
-	|..e3bb7347
-	| Sup..b95972e2
-	|..e3bb7347
-	*/..a731e5a8
-..0fb50682
-..0fb50682
-	/*..7f7a14e9
-	|----..fce9bacc
-	| Use..42341c18
-	|----..fce9bacc
-	|..e3bb7347
-	| All..448979b3
-	| use..3fad7a39
-	| mec..a0a550ad
-	|..e3bb7347
-	| If ..0d9cd043
-	| sou..0d6ca33e
-	| be ..8c1883f7
-	|..e3bb7347
-	| Sup..ab28d74c
-	|..e3bb7347
-	*/..a731e5a8
-..0fb50682
-..0fb50682
-	/*..7f7a14e9
-	|----..fce9bacc
-	| Res..f40bf8ff
-	|----..fce9bacc
-	|..e3bb7347
-	| Her..e60714c5
-	| tha..e827baa7
-	| tab..d71b370e
-	|..e3bb7347
-	| You..4100dd57
-	| tha..55248e08
-	| sep..fbaf7cd9
-	|..e3bb7347
-	| The..62bdb2a0
-	| con..73e70b7d
-	| the..b20292ec
-	|..e3bb7347
-	*/..a731e5a8
-..0fb50682
+	'iden..e29158eb
+		'id'..379ff47c
+		'key..17365539
+		'pub..39e938c0
+		'pub..cb237178
+		'com..f2ff8287
+		'com..d030f42b
+		'rel..67d05b1b
+	],..44ccc1c5
+    "e..384ac186
-requir..b03927a4
+requir..91f78a38
+requir..25d46600
--- /de..1c687793
+@isset..ac2d17d3
+	<enji..d24c734b
+		serv..333c6cdf
+		:ser..94022cca
+		pair..ce4e25b8
+		rela..887cfe86
+	></en..b73ff6f5
+@endis..40e8f70f
+			@in..8f0c2fac
-..0fb50682
-		@inc..803678c8
+..550b16cd
+		@inc..08f5719c
+	// Se..80ca2fbf
+	Route..ab607644
+		Rout..8993c483
+		Rout..ed028475
+	});..401f3399
+..550b16cd
+"enjin..97ecb2b2
+  vers..3ddc6e29
+  reso..2980eaa7
+..550b16cd