-			'as..dde81010
+			'as..72b5d552
-	publi..ae0dee04
+	publi..b19ec9b6
+		$sel..4efae806
+			->s..38c1d763
+				't..d70d3a5a
+				'b..318770a1
+				DB..0d13202c
+				DB..0e9ca80e
+			])..85f6fe48
+			->l..457ac3a9
+			->l..5cf859b5
+			->l..71053f7f
+			->o..8e33c641
+			->l..88bdcdc0
+			->o..69118002
+..77fe8795
+		if (..39cb511d
+			$se..a6c6c53e
+		}..bf4227c4
+..77fe8795
+		$ite..3cc5ec30
+		if (..6c9294be
+			for..125ecbca
+				$i..ceaa55b1
+			}..ea46f050
+		}..bf4227c4
+..77fe8795
+		retu..b9908ade
+	}..a91b27cf
+..77fe8795
+	publi..2a986c64
+				DB..0e9ca80e
+			->l..457ac3a9
-		$ite..2a876ff2
-..adb17edd
-		$ite..6b72e318
-		fore..b1a9efc5
-			$na..c0b7486c
-			$im..9d32ef83
-			$de..7e975d27
-..adb17edd
-			// ..57638a6b
-			if ..6e3c3688
-				if..017b2f77
-			}..1461324f
-..adb17edd
-			if ..c199c432
-				if..b89f6cbe
-					$..1e857267
-				}..d5a17a3e
-..adb17edd
-				$r..394003ee
-					r..8b1e43ed
-				})..cfa3c9dd
-..adb17edd
-				if..d70de9be
-					/..99fc780e
-					i..a152f8ac
-						..d6bf8a9a
-					}..9b240844
-..adb17edd
-					/..f31fa205
-					i..46873fe3
-					e..47aa9546
-					e..b4aef921
-..adb17edd
-					/..231d2780
-					i..b7efa0df
-..adb17edd
-					/..c9967ab0
-					i..3e8ae391
-..adb17edd
-					/..bcc5d99f
-					i..5c5da1ec
-						..33c1d5a0
-						..a611927f
-					}..9b240844
-..adb17edd
-					/..75ba850b
-					i..da1c6bbd
-..adb17edd
-					/..91e54694
-					i..a4a00d95
-..adb17edd
-					/..5f5e81fc
-					i..ab760a28
-						..80824121
-						..d209d990
-						..45518ce3
-						..c7c20a61
-					}..9b240844
-				}..d5a17a3e
-			}..1461324f
-..adb17edd
-			if ..243ce072
-				$t..5d65aab4
-				$t..69820d1c
-					-..3c7b2505
-						..8c00f45a
-					]..2bee0147
-					-..f49a522e
-					-..5bdf2048
-			}..1461324f
-..adb17edd
-			// ..9d1d40d2
-			if ..050ec044
-				$i..82fa0928
+		$ite..3cc5ec30
+		if (..6c9294be
+			for..125ecbca
+				$i..ceaa55b1
-..adb17edd
-			$it..7a3707aa
-				'i..ab9d9534
-				'a..c9d683fa
-				't..85c363c3
-				't..eddede31
-				'c..6d125146
-					'..4a873f13
-					'..29c6e58a
-					'..7188c01e
-					'..6d5fcc65
-				])..9fb3dab4
-				'i..aab86528
-				'c..e86ab2b7
-				'n..49a3d775
-				'd..71e1bd5d
-				'r..9f7cca35
-				'c..284b40ad
-				'n..aa1ab540
-				'b..aa77d158
-				't..e86be995
-				'c..2f7a8c32
-				'm..bc0482af
-				's..852e71e7
-				'm..33f08ea2
-				'm..4f0eb9b8
-				'm..23c6437e
-				's..ee205fcf
-				'm..59bd0c87
-				'n..d2d0e671
-				't..75632957
-				't..ed504f22
-				't..e453a9dd
-				't..9b45257f
-				't..ffd4c3c9
-				'u..d771fe82
-				'm..f74ca8bf
-			]);..c95ee381
+				DB..0e9ca80e
+			->l..457ac3a9
-		// D..896db82a
-		if (..ba8b939d
-			if ..68c3a51f
-		}..e3feeada
-..adb17edd
-		if (..a3c7e50e
-			// ..cf054e7b
-			if ..de0ef99a
-				if..dd31783c
-				el..5157b7ea
-			}..1461324f
-..adb17edd
-			$ke..b271dbf4
-			if ..0f6b2011
-..adb17edd
-			$re..e086a858
-				re..d43651a4
-			});..70f7d7b2
-..adb17edd
-			if ..ae7b8719
-				//..b2bcb409
-				if..2cb1754d
-					i..ac4ecdca
-						..9ae576c7
-						..d07d260e
-						..41dc04c8
-						..4d466c31
-						..6025d6c9
-						..782c4266
-						..5d1a7a6b
-..adb17edd
-						..fc08d508
-						..c7c20a61
-					}..df41134d
-				}..d5a17a3e
-..adb17edd
-				//..14ca1b58
-				if..21e9f714
-				el..9279ffec
-				el..2b34944f
-..adb17edd
-				//..d0c0d987
-				if..d0445737
-..adb17edd
-				//..3d7517ca
-				if..927f4c38
-..adb17edd
-				//..ec1d81e4
-				if..c4391d40
-					i..ed2f66b3
-					e..02a1efa8
-				}..d5a17a3e
-..adb17edd
-				//..bfc3e26f
-				if..6a54190a
-..adb17edd
-				//..249e0286
-				if..80e07e08
-..adb17edd
-				//..5b81d768
-				if..3b08472c
-					$..a6749cab
-					i..617ff6be
-						..f371dbec
-					}..9b240844
-				}..d5a17a3e
-			}..1461324f
-		}..e3feeada
-..adb17edd
-		if (..2ea5f671
-			$tr..904e0506
-			$tr..c1b67ab6
-				->..831c9b2a
-					'..0c12df87
-				])..45821871
-				->..961d0e5e
-				->..1d332a22
-		}..e3feeada
-..adb17edd
-		// N..d09d75c1
-		if (..7a911366
-			$im..1f258f95
-		}..e3feeada
-..adb17edd
-		retu..21845679
-			'it..fe5186d9
-			'ap..5d495ffb
-			'to..6e5b6551
-			'to..b24428a9
-			'cr..cb180fb2
-			'im..b2fc6463
-			'cr..104249d5
-			'na..fe0a33a9
-			'de..616f3b48
-			'ra..dca2b2c1
-			'co..6225ec78
-			'ns..8609128f
-			'ba..beac3856
-			'to..24743a4d
-			'ci..65fe4963
-			'mi..0c961244
-			'su..f3c219fc
-			'me..40491d78
-			'me..82c7afcf
-			'me..f77ed51b
-			'se..468c3e66
-			'me..f1d66545
-			'no..e2d6d4cc
-			'tr..88a76c0c
-			'tr..dc64084c
-			'tr..80b4c2b7
-			'tr..12b6231f
-			'tr..7edd66d8
-			'ur..0fff6495
-			'me..d8551b72
-		]));..842ad16f
+		retu..bb6787ac
+	priva..a229d572
+		$nam..9fc1af2b
+		$ima..2e303f3a
+		$des..6f6a9f27
+..77fe8795
+		// D..50032db9
+		if (..c8c1ab76
+			if ..2646641b
+		}..bf4227c4
+..77fe8795
+		if (..991eb560
+			if ..8b42d029
+				$i..0602eceb
+			}..ea46f050
+..77fe8795
+			$re..1d11e3a8
+				re..3e9c8f8e
+			});..2a6211ed
+..77fe8795
+			if ..e0c2f4b8
+				//..9d93809b
+				if..8ac3b965
+					$..ef0c64ef
+				}..3a21523c
+..77fe8795
+				//..e42d70ad
+				if..e6a0db32
+				el..185224f9
+				el..d9acd55b
+..77fe8795
+				//..12ac996a
+				if..edbb1a64
+..77fe8795
+				//..a28552c5
+				if..eccd385b
+..77fe8795
+				//..29f59805
+				if..59a2e305
+					i..c64e3890
+					e..dadccf45
+				}..3a21523c
+..77fe8795
+				//..9613152f
+				if..62cde6a5
+..77fe8795
+				//..bdc15f7e
+				if..70120afb
+..77fe8795
+				//..59d21097
+				if..a58d48b5
+					$..08ddc9ba
+					i..58bc4b59
+						..a758d5c6
+					}..e68a1e25
+				}..3a21523c
+			}..ea46f050
+		}..bf4227c4
+..77fe8795
+		if (..cfb7f716
+			$tr..b33e971c
+			$tr..e918e8b6
+				->..68c246ed
+					'..6e8a8116
+				])..821d86c0
+				->..25c0c546
+				->..c8d83e73
+		}..bf4227c4
+..77fe8795
+		// N..3e0dce8c
+		if (..7bd158c9
+			$im..0de393c2
+		}..bf4227c4
+..77fe8795
+		retu..01930129
+			'it..e75ca884
+			'ap..a736ed6f
+				'i..b111c7bf
+				'n..a9407f9f
+				'd..1a170da9
+				'l..2d495814
+			]),..738b595a
+			'to..877803a6
+			'to..f0f162c1
+			'cr..166f0500
+				'a..06ba13cd
+				'n..25b88596
+				'c..a590a9d4
+				'm..13b8e9dc
+			]),..738b595a
+			'im..e79be30b
+			'cr..9a17e570
+			'na..bcc4005e
+			'de..67eb4b9d
+			'ra..aac9c410
+			'co..f09ce4a3
+			'ns..44480f4d
+			'ba..5de1ff40
+			'to..c3fa60a8
+			'ci..3f59d217
+			'mi..6b5780d1
+			'su..a86aa817
+			'me..bb14a5bf
+			'me..f49e7569
+			'me..58350eb4
+			'no..46d1a096
+			'tr..df799411
+			'tr..41bbf183
+			'tr..0ce49800
+			'tr..47f47f00
+			'tr..dabdd01c
+			'ur..20fb9831
+			'me..45012008
+		]);..71ba8119
+	}..a91b27cf
+..77fe8795
- * @me..8ee49464
+ * @me..06a341ab
- * @me..3ba4ec2c
+ * @me..36651982
- * @me..70482518
+ * @me..9a154be5
- * @me..b4d2eacf
+ * @me..854256e0
- * @me..4f9e88b4
+ * @me..550904d5
- * @me..6b9a66ea
+ * @me..675dda47
- * @me..d77bb376
+ * @me..5ddde451
- * @me..3338bfd1
+ * @me..c76e7985
- * @me..bbc0bdd9
+ * @me..8887ccbc
- * @me..45ae7322
+ * @me..4acd9ef7
- * @me..cdba063c
+ * @me..398a6380
- * @me..fbf7d51c
+ * @me..db8a97bc
-	/** @..ea05e601
-	prote..d3d77b77
+	/** @..e3994f7d
+	prote..bdf25717
+			],..c972ac3f
+			'as..86944799
+				'c..e837e780
+					r..494b5f60
+						..7fbffd0d
+						..3f5b34c2
+				},..6ac6f44b
+			],..c972ac3f
+			'as..1151fcdd
+				'c..e837e780
+					r..494b5f60
+						..0d784d73
+						..3f5b34c2
+				},..6ac6f44b
+			'to..9539daff
+			're..49b18e28
+			'ci..e82ada0b
+			'su..39a693f6
-		<div..bd442803
+		<div..ff24d76b
-				<i..1250aaa7
+				<i..3f407823
-				<d..a52d7225
+				<d..406754f9
-					<..155b2547
+					<..acfc6376
-						..f842e156
+						..327e4baa
-	Asset..b4c293f5
+	<sect..28bf5214
+		<div..ff33ea07
+			<di..061f4c21
+				<l..37f5184a
+			</d..6c77ab1e
+			<di..612e5381
+				<d..f4951e1c
+					@..dfcbcc13
+				</..57b5f217
+			</d..6c77ab1e
+		</di..af5dc3ac
+		<div..ff33ea07
+			<di..061f4c21
+				<l..245c3217
+			</d..6c77ab1e
+			<di..612e5381
+				<d..f4951e1c
+					@..da90f717
+				</..57b5f217
+			</d..6c77ab1e
+		</di..af5dc3ac
+	</sec..5120061b
+	<tabl..86b3b943
+		<the..20728a97
+			<tr..d2d9a1b6
+				<t..d4d35320
+				<t..de1e0452
+				<t..df822c9b
+				<t..9d275cff
+				<t..4a07dc87
+				<t..0107e76a
+			</t..9da4ca75
+		</th..da7c3a9f
+		<tbo..a451b045
+			<tr..15410716
+				<t..c610ab2b
+				<t..221ccd07
+				<t..4f09fa74
+				<t..4fc4d8f9
+				<t..cfd0e633
+				<t..1ea79c0b
+			</t..9da4ca75
+		</tb..5d5b4be5
+	</tab..6464d10b