+		//'B..b19ac716
-					<..a2032da6
+					<..6e8b71fa
-					<..0aed041a
+					<..c94aecf1
-						..a6b54edc
+						..97e874e9
-						..a0555dd5
+						..d3ccae50
-// Lan..6517d29e
-@impor..a8031797
-..41f8f9a5
-@impor..e3806bed
+@impor..4896e284
+..e847f2d7
+// Lan..82db4b9a
+@impor..b434811f
+..e847f2d7
+		.md-..30c182c5
+			col..dc69e5ca
+		}..0605c81e
-#app.e..3f8a49e8
-  /* B..5c98ec13
-  html..9c925880
-    .t..d55df92f
-    .t..ea40ea30
-    .t..07f4233e
-      ..a9386966
-    }..44703ebf
-..41f8f9a5
-    .t..446576fa
-      ..bf75110e
-    }..44703ebf
-  }..a1552503
-..41f8f9a5
-  /* C..5e44e320
-  html..59651fd3
-    .a..e6462210
-      ..d01425fe
-    }..44703ebf
-  }..a1552503
-..41f8f9a5
-  /* S..00b87afa
-  html..3bc5d29b
-    .a..e6462210
-      ..d01425fe
-    }..44703ebf
-  }..a1552503
-..41f8f9a5
-  /* I..be46f632
-  html..231c604e
-    .a..e6462210
-      ..d01425fe
-    }..44703ebf
-  }..a1552503
-..41f8f9a5
-  /* I..492b09fe
-  html..17a61d54
-    .t..d55df92f
-    .t..ea40ea30
-    .t..07f4233e
-      ..a9386966
-    }..44703ebf
-..41f8f9a5
-    .t..446576fa
-      ..c04c782c
-    }..44703ebf
-  }..a1552503
-..41f8f9a5
-  /* M..a250343b
-  html..d9bb30e7
-    .t..446576fa
-      ..c04c782c
-    }..44703ebf
-  }..a1552503
-..41f8f9a5
-  /* P..d832b9ec
-  html..ac2d51a8
-    .a..e6462210
-      ..d01425fe
-    }..44703ebf
-    .t..d55df92f
-    .t..ea40ea30
-    .t..07f4233e
-      ..a9386966
-    }..44703ebf
-..41f8f9a5
-    .t..446576fa
-      ..bf75110e
-    }..44703ebf
-  }..a1552503
-..41f8f9a5
-  /* R..6fe33561
-  html..1dcad39e
-    .a..e6462210
-      ..d01425fe
-    }..44703ebf
-..41f8f9a5
-    .t..446576fa
-      ..bf75110e
-    }..44703ebf
-  }..a1552503
-..41f8f9a5
-  /* S..cdce26be
-  html..2fa7a70b
-    .t..d55df92f
-    .t..ea40ea30
-    .t..07f4233e
-      ..2240af80
-    }..44703ebf
-..41f8f9a5
-    .t..446576fa
-      ..bf75110e
-    }..44703ebf
-  }..a1552503
+/* Bos..eaaf6920
+html[l..0b1b0048
+	#app...93045bfe
+		.tab..9fd4cff3
+		.tab..00a05822
+		.tab..371d1545
+			fon..8bb7593b
+		}..0605c81e
+..e847f2d7
+		.tab..ac35faa5
+			wid..8deadff2
+		}..0605c81e
+	}..cd075dfb
+}..2877ce61
+..e847f2d7
+/* Cat..50754002
+html[l..7ef76522
+	#app...aeb88928
+		.men..ec20baa8
+			pad..f78754e8
+			pad..cc56719c
+..e847f2d7
+			spa..6266b7cc
+				fo..fd7e4ad9
+			}..518f66d9
+		}..0605c81e
+	}..cd075dfb
+..e847f2d7
+	#app...93045bfe
+		.app..9fc22389
+			fon..aef1a589
+		}..0605c81e
+	}..cd075dfb
+}..2877ce61
+..e847f2d7
+/* Spa..c6cdab0f
+html[l..0d95b859
+	#app...aeb88928
+		.men..ec20baa8
+			pad..f78754e8
+			pad..cc56719c
+..e847f2d7
+			spa..6266b7cc
+				fo..fd7e4ad9
+			}..518f66d9
+		}..0605c81e
+	}..cd075dfb
+..e847f2d7
+	#app...93045bfe
+		.app..9fc22389
+			fon..aef1a589
+		}..0605c81e
+	}..cd075dfb
+}..2877ce61
+..e847f2d7
+/* Ita..92929ac7
+html[l..653156e8
+	#app...93045bfe
+		.app..9fc22389
+			fon..aef1a589
+		}..0605c81e
+	}..cd075dfb
+}..2877ce61
+..e847f2d7
+/* Ind..67f0ca44
+html[l..acd404e1
+	#app...93045bfe
+		.tab..9fd4cff3
+		.tab..00a05822
+		.tab..371d1545
+			fon..8bb7593b
+		}..0605c81e
+..e847f2d7
+		.tab..ac35faa5
+			wid..8a774de2
+		}..0605c81e
+	}..cd075dfb
+}..2877ce61
+..e847f2d7
+/* Mal..52dfaf13
+html[l..da8be190
+	#app...93045bfe
+		.tab..ac35faa5
+			wid..8a774de2
+		}..0605c81e
+	}..cd075dfb
+}..2877ce61
+..e847f2d7
+/* Por..e23c6eea
+html[l..f4b708a3
+	#app...93045bfe
+		.app..9fc22389
+			fon..aef1a589
+		}..0605c81e
+		.tab..9fd4cff3
+		.tab..00a05822
+		.tab..371d1545
+			fon..8bb7593b
+		}..0605c81e
+..e847f2d7
+		.tab..ac35faa5
+			wid..8deadff2
+		}..0605c81e
+	}..cd075dfb
+}..2877ce61
+..e847f2d7
+/* Rom..caf10892
+html[l..5eb59f69
+	#app...93045bfe
+		.app..9fc22389
+			fon..aef1a589
+		}..0605c81e
+..e847f2d7
+		.tab..ac35faa5
+			wid..8deadff2
+		}..0605c81e
+	}..cd075dfb
+}..2877ce61
+..e847f2d7
+/* Ser..e632f2fc
+html[l..6e23c55c
+	#app...93045bfe
+		.tab..9fd4cff3
+		.tab..00a05822
+		.tab..371d1545
+			fon..5576f1e5
+		}..0605c81e
+..e847f2d7
+		.tab..ac35faa5
+			wid..8deadff2
+		}..0605c81e
+	}..cd075dfb
+		'blu..cd963e10