--- /de..eb570cef
+<?php..33976e2d
+..9a0f4160
+namesp..7e027f13
+..9a0f4160
+use En..924ca964
+use Il..4b1e4746
+use En..9c3ede09
+use Il..7c181409
+..9a0f4160
+class ..e374ed1a
+..9a0f4160
+	priva..cf77e03f
+..9a0f4160
+	/**..297b3ad0
+	 * Th..7b26663b
+	 *..e66e067d
+	 * @v..06da1f75
+	 */..a1fe92fb
+	prote..3de55b83
+..9a0f4160
+	/**..297b3ad0
+	 * Th..99845dac
+	 *..e66e067d
+	 * @v..06da1f75
+	 */..a1fe92fb
+	prote..c19234a9
+..9a0f4160
+	/**..297b3ad0
+	 * Cr..f2357791
+	 *..e66e067d
+	 * @r..54e57376
+	 */..a1fe92fb
+	publi..4471f3a8
+		pare..cd4f8f23
+	}..1f36f228
+..9a0f4160
+	/**..297b3ad0
+	 * Ex..a6c1fac6
+	 *..e66e067d
+	 * @r..e54ff061
+	 */..a1fe92fb
+	publi..f528c865
+		set_..fd7df0ad
+..9a0f4160
+		$tim..7b86b1f4
+		$thi..a32c0222
+..9a0f4160
+		if (..59ecb9ff
+..9a0f4160
+		$thi..600e4102
+		$thi..9fbe3d0f
+..9a0f4160
+		$thi..a662d49e
+..9a0f4160
+		$tok..83c7e431
+			->s..b386af6f
+			->w..0c98b1b6
+			->o..e43a3e28
+			->l..c0a1e923
+			->g..7d5e9803
+..9a0f4160
+		fore..b08f9a3f
+			$th..7032047f
+..9a0f4160
+			$ho..7f4dc4e4
+					-..b0e92e1b
+					-..422069aa
+					-..556c92cf
+					-..57d3c727
+..9a0f4160
+			$tr..df2b7506
+					-..b0e92e1b
+					-..422069aa
+					-..57d3c727
+..9a0f4160
+			try..f2d76a9d
+				$t..f00d9d12
+					-..422069aa
+					-..f7c5542d
+						..3bbee73f
+						..484fce57
+						..daedc00f
+					]..ab33eeb9
+			} c..18ee2d15
+				$t..5884835e
+			}..3556cbe8
+		}..75b91a32
+..9a0f4160
+		$tim..166fea68
+		$ela..5adc5556
+		$thi..06032c22
+	}..1f36f228
+}..007a19f9
-	 * @p..d49865b6
+	 * @p..020e731e
+	 * @p..580b48c5
-	publi..afd5060e
-						..841cc611
+	publi..5f6cde19
+		stri..66bc0224
+		int ..aa86ad92
+		?arr..499c5daf
+		stri..66159391
+		stri..a52a9c89
+		bool..7421de4c
+		bool..36d55c5e
+		bool..ee09c8da
+	): ar..b2bc4207
-			'to..a2a839f0
+			'to..1b44f88a
-				$r..838c00ea
+				$r..e157a24c
-		$fro..ffcc0a32
+		$off..d58dad7d
-		$col..e884c9f4
+		$col..8b8b34d5
-			'to..2fb0c293
+			'to..a48cd192
-		?int..6271b32a
+		?arr..499c5daf
-		// R..6d82f9fd
-		$col..1731c66c
-			'id..f147b46f
-			'na..2b14f1ff
-			'ba..32462a38
-			'va..0a5cdc3a
-			'pr..81082f5a
-		];..8a003bf8
+		$col..a4cf1a6f
+		if (..c32378b8
+			thr..b1b64a2f
+		}..75b91a32
-		$col..db550a31
+		if (..1e8d095f
+			if ..c410357e
+				($..2cbc3147
+				($..a298bf27
+				($..fec3ea4b
+				($..f34d17b8
+				($..81c894b5
+			) {..4c073b56
+				th..bbe81483
+			}..3556cbe8
+		}..75b91a32
-			->o..81708ee6
+			->o..0a10cec2
+			->o..082b3292
-		if (..6392a943
-			$su..766ee5be
-			$or..0fb9b80d
-			$se..c99d8219
+		if (..1e8d095f
+			$si..a9ddee95
+			if ..e8379519
+				$s..94614093
+			} e..66a4d6f3
+				$s..64a94dce
+					$..cf8e8b5a
+						..55cd4134
+				})..9d77e0d0
+			} e..3fa9c593
+				$s..64a94dce
+					$..d2d926d6
+						..bd1cf3b3
+				})..9d77e0d0
+			} e..e8efc434
+				$s..eb9dbfe4
+					-..2325ce51
+					-..f85ce13f
+			} e..976d6104
+				$s..64a94dce
+					$..4e789cb4
+						..c025f738
+				})..9d77e0d0
+			}..3556cbe8
-		// P..9026e3e3
+		// P..3c0f2c1f
-	publi..8879d46a
-		$sel..54c623b1
-			->s..94ffe5bd
-			->w..1fd4adfc
-			->w..ab654da3
-..46b677eb
-		if (..3aac1ec4
-			ret..db97d941
-				re..6210f302
-			});..a397abdc
-		} el..152fb385
-			ret..711ca58a
-		}..b644f70c
-	}..a41d38d9
-..46b677eb
-					r..500049c1
-						..22157e5a
-					}..2a0fc27a
+					i..1e0e3e8a
+						..e295ab5e
+						..ce46cf57
+						..8cc09c21
+						..f23e8cd4
+					}..5433e4af
+						..e295ab5e
+						..e1b99088
+						..8cc09c21
+						..f23e8cd4
+					}..e31fa098
+						..e295ab5e
+						..1bdff36c
+						..8cc09c21
+						..f23e8cd4
+					}..7694b34a
+						..e295ab5e
+						..19c745f2
+						..8cc09c21
+						..f23e8cd4
+					}..893d8c79
-			con..0aa74fa5
-			con..57c36cb3
-			con..26ae3b13
-				fr..89b50434
-				or..63e09f92
-				co..529a4b1e
+				of..7e50394e
+				or..f62bd058
+				co..ccc76713