--- /de..caf6bbfc
+<?php..b9408015
+..75ab72a1
+namesp..2c601524
+..75ab72a1
+use En..64d80f13
+use Il..f11da579
+use En..f8ba3300
+use Il..f613be27
+..75ab72a1
+class ..d335edeb
+..75ab72a1
+	priva..9f407dd7
+..75ab72a1
+	/**..8b84f01d
+	 * Th..97aebd78
+	 *..eca6b11b
+	 * @v..2b145b78
+	 */..f0fbfa66
+	prote..4cc0e332
+..75ab72a1
+	/**..8b84f01d
+	 * Th..696a66b4
+	 *..eca6b11b
+	 * @v..2b145b78
+	 */..f0fbfa66
+	prote..cf5a37e7
+..75ab72a1
+	/**..8b84f01d
+	 * Cr..02c5ac70
+	 *..eca6b11b
+	 * @r..b5399a28
+	 */..f0fbfa66
+	publi..24565525
+		pare..372cce57
+	}..3bd46dc0
+..75ab72a1
+	/**..8b84f01d
+	 * Ex..3378c076
+	 *..eca6b11b
+	 * @r..2d2ffd37
+	 */..f0fbfa66
+	publi..7b52bea8
+		set_..3599bb79
+..75ab72a1
+		$tim..6c90a07a
+		$thi..72d75db3
+..75ab72a1
+		if (..abb4fb4e
+..75ab72a1
+		$thi..67def8c0
+		$thi..83164f1b
+..75ab72a1
+		$thi..e2e10f99
+..75ab72a1
+		$tok..5dfff044
+			->s..b179e7d7
+			->w..8b9731f2
+			->o..b2222ed1
+			->l..153a8975
+			->g..bcbfadf5
+..75ab72a1
+		fore..6d267ae3
+			$th..fb194662
+..75ab72a1
+			$ho..1ec79009
+					-..52bdd5c7
+					-..8fe81bb4
+					-..39d43802
+					-..c0a61862
+..75ab72a1
+			$tr..54e11d50
+					-..52bdd5c7
+					-..8fe81bb4
+					-..c0a61862
+..75ab72a1
+			try..932b155e
+				$t..7e104c5d
+					-..8fe81bb4
+					-..77db9778
+						..ea27d91b
+						..230d7cf5
+						..e80c9fd7
+					]..d233dbac
+			} c..075b97cc
+				$t..7e1fc91e
+			}..c351eb98
+		}..eca0bb4b
+..75ab72a1
+		$tim..d76dae50
+		$ela..a732e7e8
+		$thi..b2834e5d
+	}..3bd46dc0
+}..3ca4195f
-	publi..9e2239b3
-		$sel..867a8863
-			->s..713b4b0e
-			->w..f7db3b90
-			->w..ef38e672
-..19fe7844
-		if (..9f5ab798
-			ret..6759b60c
-				re..76d1bf25
-			});..3b4611ef
-		} el..16d27fc4
-			ret..42473ac9
-		}..1473981a
-	}..379b13d5
-..19fe7844