-		<eth..f02e7b89
-			:pa..991a44d3
-			:me..9e4d7e65
-			:pr..c42d0916
-			v-i..f8388fa5
+		<div..de87ff38
+			<et..4b09266e
+				:p..7f55d397
+				:m..13dd323c
+				:p..4bf48ca0
+				v-..8cbf108c
+		</di..b3a07646
-	<div ..e5b878e2
-		<div..3f6187b2
-			cla..332e9dfe
-			v-i..30b93013
-			<ul..2f1d9c83
-				<l..19a81089
-					<..5bfb6cee
-						..bbbbb846
-						..5c3636df
-						..12f989bb
-						..a022ced7
-					<..bbde6ee7
-				</..2a94d4ce
-				<l..19a81089
-					<..5bfb6cee
-						..6ff7d9c9
-						..7774c4c2
-						..ee87a9cc
-						..60531c98
-					<..bbde6ee7
-				</..2a94d4ce
-				<l..19a81089
-					<..5bfb6cee
-						..f37e46b7
-						..9971f829
-						..6bb98029
-						..a6437fac
-					<..bbde6ee7
-				</..2a94d4ce
-				<l..19a81089
-					<..5bfb6cee
-						..dc328d7e
-						..158c9399
-						..147061d6
-						..248f3ca5
-					<..bbde6ee7
-				</..2a94d4ce
-			</u..2d09e9b7
-			<ul..ba421cde
-				<l..19a81089
-					<..5bfb6cee
-						..08610611
-						..e82ac9b7
-						..76d537e1
-						..a022ced7
-					<..bbde6ee7
-				</..2a94d4ce
-				<l..62ff3542
-					<..5bfb6cee
-						..7adcb08d
-						..be1fd52c
-						..5e3e4ccb
-						..a6437fac
-					<..bbde6ee7
-				</..2a94d4ce
-				<l..5e9fed35
-					<..5bfb6cee
-						..079401a6
-						..8541dda3
-						..2b799e2b
-						..248f3ca5
-					<..bbde6ee7
-				</..2a94d4ce
-			</u..2d09e9b7
-			<ul..4d5b6b8b
-				<l..19a81089
-					<..5bfb6cee
-						..e0542fb5
-						..68659f08
-						..bbba21ba
-						..c304bd29
-					<..bbde6ee7
-				</..2a94d4ce
-				<l..19a81089
-					<..5bfb6cee
-						..f4253117
-						..ed2726be
-						..a07c896e
-						..f8467efd
-					<..bbde6ee7
-				</..2a94d4ce
-				<l..19a81089
-					<..5bfb6cee
-						..119fc3dc
-						..9261bf30
-						..8a29a67d
-						..038e262a
-					<..bbde6ee7
-				</..2a94d4ce
-			</u..2d09e9b7
-			<ul..48efb0e1
-				<l..19a81089
-					<..5bfb6cee
-						..14777ad0
-						..484906c9
-						..942c7606
-						..8c3c2d31
-					<..bbde6ee7
-				</..2a94d4ce
-				<l..957a16a9
-					<..5bfb6cee
-						..ba805e60
-						..ef8b3266
-						..d213c604
-						..254a5e59
-					<..bbde6ee7
-				</..2a94d4ce
-				<l..49759422
-					<..5bfb6cee
-						..55454deb
-						..67bfac4c
-						..7182b1d4
-						..404cb2f3
-					<..bbde6ee7
-				</..2a94d4ce
-			</u..2d09e9b7
+	<div ..3bf5e997
+		<ul ..550f316e
+			<li..a4ff0b37
+				<a..33dfa955
+					:..95e2cf39
+					@..49ec326a
+					:..40faa812
+					{..9494bcd9
+				</..bfe14c2c
+			</l..91596b84
+			<li..a4ff0b37
+				<a..33dfa955
+					:..0fb5105a
+					@..d100d6e8
+					:..345da211
+					{..55cc773b
+				</..bfe14c2c
+			</l..91596b84
+			<li..a4ff0b37
+				<a..33dfa955
+					:..f4ee0027
+					@..b5a7abab
+					:..f8093493
+					{..044fdd80
+				</..bfe14c2c
+			</l..91596b84
+			<li..a4ff0b37
+				<a..33dfa955
+					:..a4675be9
+					@..0a727342
+					:..84e841f8
+					{..576db198
+				</..bfe14c2c
+			</l..91596b84
+		</ul..0706e5f6
+		<ul ..17dd88a0
+			<li..a4ff0b37
+				<a..33dfa955
+					:..0950a683
+					@..37c116dd
+					:..f38fe281
+					{..9494bcd9
+				</..bfe14c2c
+			</l..91596b84
+			<li..7b820270
+				<a..33dfa955
+					:..97089e5c
+					@..42802d68
+					:..ada61b5a
+					{..044fdd80
+				</..bfe14c2c
+			</l..91596b84
+			<li..b0861c65
+				<a..33dfa955
+					:..3bcf38c7
+					@..4a86fee7
+					:..4a44f64b
+					{..576db198
+				</..bfe14c2c
+			</l..91596b84
+		</ul..0706e5f6
+		<ul ..b53f3292
+			<li..a4ff0b37
+				<a..33dfa955
+					:..18be02fe
+					@..13656e38
+					:..92eb6cf6
+					{..003bb24b
+				</..bfe14c2c
+			</l..91596b84
+			<li..a4ff0b37
+				<a..33dfa955
+					:..faf3364f
+					@..038b5673
+					:..4d9b38fa
+					{..a121d3de
+				</..bfe14c2c
+			</l..91596b84
+			<li..a4ff0b37
+				<a..33dfa955
+					:..16622cc1
+					@..6fe1d2ef
+					:..bf2366a3
+					{..51a27ea3
+				</..bfe14c2c
+			</l..91596b84
+		</ul..0706e5f6
+		<ul ..b7288c66
+			<li..a4ff0b37
+				<a..33dfa955
+					:..e79f29d7
+					@..dd989a3d
+					:..86f5bdce
+					{..31766303
+				</..bfe14c2c
+			</l..91596b84
+			<li..942ab657
+				<a..33dfa955
+					:..c2ae9bdd
+					@..2f4ae7b2
+					:..29a9a7ae
+					{..8e286159
+				</..bfe14c2c
+			</l..91596b84
+			<li..38ab7159
+				<a..33dfa955
+					:..7ada5d28
+					@..1c603ff4
+					:..cd38e4f3
+					{..b88d449e
+				</..bfe14c2c
+			</l..91596b84
+		</ul..0706e5f6
-			<di..e5e8ae6b
-				<s..4e24cb36
-					E..9cff9da1
-				</..3341394f
-			</d..5d09563a
+		<div..f7db505e
+			<sp..f1e9a973
+				ET..12dd5a09
+			</s..5b1678a5
-..c7b42f55
-			'ic..3e4669df
+			ico..3eaf0124
-			'bl..95989e03
+			blo..e368c208
-			'go..19cb3002
+			goT..6b9b5140
+		posi..dd667ab3
+		z-in..5e1e1683
+		posi..dd667ab3
-		z-in..262e7d50
-		z-in..262e7d50
+}..dc1e68d3
+..29fad9a2
+.app-t..ee563866
+	width..7b66d2b8