+      ..62ad951d
+  'reg..c5b2b992
+  'aut..d3912760
+  'cha..e7551dd3
+  'con..7b449224
+  'cur..503b9256
+  'men..9b61bb27
+    'c..3fd23f58
+    ar..e7c96883
+      ..f227e5c1
+      ..560b6497
+      ..b96724fd
+      ..26fb13e1
+      ..cafd5686
+      ..9b4e0e88
+    ),..52749261
+  'no_..5a360bf1
+  'per..76c3960e
+  'ref..c2717076
+    'p..eb29fb36
+    'p..3c9726da
+  'the..f9dfa8b0
+  arra..5aa2dccc
+    'd..874fde6d
+    'm..9da74aa7
+    's..c8392b05
+    ar..e7c96883
+      ..65d03da5
+      ..672d558c
+      ..6a6948ec
+    ),..52749261
+    't..fd02e439
+    'y..a8f102c0
+  ),..87a01d71
+    'd..41de7697
+    'd..c81cbea5
+    'h..2d0a4b62
+    'h..6a255c2d
+    'm..7739227e
+    'm..72ad2bac
+    'm..7b10bde9
+    'm..ae64c39d
+    's..44d58bbd
+    's..413d828c
+    's..bae647a2
+    's..125af9e3
+    'y..779300fd
+    'y..c4d60c17
+  'upd..daa5ecb2
+  arra..5aa2dccc
+    'b..7e85b2cb
+    'l..92e25063
+    's..45a8b8cb
+  ),..87a01d71
+    'm..eaf41db0
+    ar..e7c96883
+      ..cb0253fa
+      ..698dcc53
+    ),..52749261
+    't..96042660
+    'a..b6840e1f
+    'a..c917d954
+    'b..a2dead74
+    'b..2a12ccb5
+    't..08a4bca5
+    't..70be7e64
+    't..1f997284
+    't..505e8eee
+    't..1fb35fb6
+      ..e4180afb
+      ..42b9e5c0
+      ..560b6497
+      ..4bba3b18
+      ..9b4e0e88
+      ..5ef528ba
+      ..34684e0b
+      ..42b9e5c0
+      ..560b6497
+      ..06553914
+      ..9b4e0e88
+      ..8a556d02
+      ..ce2b0829
+      ..42b9e5c0
+      ..560b6497
+      ..49e9b87f
+      ..9b4e0e88
+      ..5ca2fd20
+      ..48f200e8
+      ..42b9e5c0
+      ..560b6497
+      ..4dcc43ec
+      ..9b4e0e88
+      ..5ca2fd20
+      ..6150d8d8
+      ..42b9e5c0
+      ..560b6497
+      ..5a140ae5
+      ..9b4e0e88
+      ..15ed6de5
+      ..42b9e5c0
+      ..560b6497
+      ..b0ac3a82
+      ..9b4e0e88
+      ..36dfdaad
+      ..42b9e5c0
+      ..560b6497
+      ..ddbe1dcb
+      ..9b4e0e88
+      ..0cd08b43
+      ..0764c51a
+      ..0be168e6
+      ..0a2ade1a
+      ..dfbfe545
+      ..4c05815b
+      ..288e1eac
+      ..eba321ab
+      ..613f3f7a
+      ..fcb32360
+      ..d01415a1
+      ..174524d5
+      ..f204f314
+      ..c8402997
+      ..998b42a1
+      ..88463f72
+      ..d85c8677
+      ..c922840f
+      ..7e2ef942
+      ..42b9e5c0
+      ..560b6497
+      ..e865713c
+      ..9b4e0e88
+      ..b7f1d5b6
+      ..42b9e5c0
+      ..560b6497
+      ..3daa85fe
+      ..9b4e0e88
+      ..744779be
+      ..16a98534
+      ..42b9e5c0
+      ..560b6497
+      ..c48cd06d
+      ..9b4e0e88
+      ..70a43aa4
+      ..42b9e5c0
+      ..560b6497
+      ..939f90b5
+      ..9b4e0e88
+      ..628753e0
+      ..42b9e5c0
+      ..560b6497
+      ..52381b8c
+      ..9b4e0e88
+      ..5bdac2cc
+      ..316159ab
+      ..42b9e5c0
+      ..560b6497
+      ..c63ae869
+      ..9b4e0e88
+      ..d6705789
+      ..42b9e5c0
+      ..560b6497
+      ..b0d4600c
+      ..9b4e0e88
+      ..632918dd
+      ..36ea838d
+      ..42b9e5c0
+      ..560b6497
+      ..1c046df0
+      ..9b4e0e88
+      ..4b60a5d4
+      ..42b9e5c0
+      ..560b6497
+      ..408e2fcc
+      ..9b4e0e88
+      ..65a1397a
+      ..42b9e5c0
+      ..560b6497
+      ..bb4ba081
+      ..9b4e0e88
+    't..9347286f
+    ar..e7c96883
+      ..81c624a1
+      ..42b9e5c0
+      ..560b6497
+      ..6d3ccf19
+      ..9b4e0e88
+      ..ffc5c681
+      ..595aec10
+    ),..52749261
+    'b..6669baf9
+    ar..e7c96883
+      ..af49924b
+      ..ca6d8d4c
+    ),..52749261
+    'n..a8f6718a
+    ar..e7c96883
+      ..27258bff
+      ..24bcaef2
+      ..443f7360
+      ..53442c74
+    ),..52749261
+    'n..4aa0446b
+    ar..e7c96883
+      ..237aad79
+      ..21120a25
+      ..2deb2a75
+      ..0017871b
+    ),..52749261
+    'p..5e3e5d9f
+    ar..e7c96883
+      ..489946c2
+      ..39e2efd7
+      ..7c5b1681
+    ),..52749261
+    'u..bc92f66a
+    ar..e7c96883
+      ..051228e7
+      ..6eb68dd4
+      ..ca1d61dc
+    ),..52749261
+  ),..87a01d71
+  'mob..d7fcf6a7
+  arra..5aa2dccc
+    'a..c8c957b5
+    'a..4beb86f8
+    'g..c3ef2d17
+  'vie..1d04ebd4
+  arra..5aa2dccc
+    'e..5cb9f57e
+    'e..6ae5609e
+    'w..2f2d6b89
+    ar..e7c96883
+      ..7ddb8868
+      ..00ad3c29
+    ),..52749261
+  ),..87a01d71
+  'coo..b913a6fa
+  'pri..68908a9d
+  'ter..ad077ca4
+      ..04eff110
-      ..a25f84c8
+      ..b14c8c05
+      ..257bd938
-      ..360b55e9
+      ..3028fc06
-      ..0d9e177a
+      ..de48ad36
+      ..de87c23c
+    'c..3fd23f58
+    ar..e7c96883
+      ..f227e5c1
+      ..560b6497
+      ..ce225159
+      ..98c480a7
+      ..a05ec199
+      ..9b4e0e88
+    ),..52749261
+      ..ad09b176
+      ..95fb9cd2
+      ..0e1c8dd7
+      ..b2b286b7
+      ..27c92176
+      ..8dd111f5
+      ..f86b36eb
+      ..8d4b19f6
+      ..0fc011ba
+      ..6f881b4c
+  'reg..5babae48
+  'sea..a1614215
+  arra..5aa2dccc
+    'p..2625568d
+  ),..87a01d71
+      ..0aa1642d
+    'c..3fd23f58
+    ar..e7c96883
+      ..f227e5c1
+      ..560b6497
+      ..71a77472
+      ..1e2bb1a5
+      ..8ac16c9c
+      ..9b4e0e88
+    ),..52749261
+      ..5b0deff3
+      ..42b9e5c0
+      ..560b6497
+      ..7453b2e4
+      ..9b4e0e88
+      ..f62b2030
+      ..42b9e5c0
+      ..560b6497
+      ..62114455
+      ..9b4e0e88
+      ..2f2c39ce
+      ..42b9e5c0
+      ..560b6497
+      ..435dc72a
+      ..9b4e0e88
+      ..c21f0c62
+      ..42b9e5c0
+      ..560b6497
+      ..383f8fa4
+      ..9b4e0e88
+      ..c3ba8446
+      ..42b9e5c0
+      ..560b6497
+      ..1109ae3c
+      ..9b4e0e88
+      ..42b9e5c0
+      ..560b6497
+      ..c1c23d7f
+      ..9b4e0e88
+      ..6a25cd6c
+      ..42b9e5c0
+      ..560b6497
+      ..cbae6f89
+      ..9b4e0e88
+      ..e8de9319
+      ..42b9e5c0
+      ..560b6497
+      ..40480155
+      ..9b4e0e88
+      ..42b9e5c0
+      ..560b6497
+      ..9105f0a4
+      ..9b4e0e88
+      ..3102d0cf
+      ..42b9e5c0
+      ..560b6497
+      ..f0bd70ed
+      ..9b4e0e88
+      ..42b9e5c0
+      ..560b6497
+      ..892c4b6a
+      ..9b4e0e88
+      ..39475865
+      ..42b9e5c0
+      ..560b6497
+      ..32e850a3
+      ..9b4e0e88
+      ..2028c31f
+      ..42b9e5c0
+      ..560b6497
+      ..4d8865b4
+      ..9b4e0e88
+      ..42b9e5c0
+      ..560b6497
+      ..49604c8a
+      ..9b4e0e88
+      ..edbeb9a8
+      ..42b9e5c0
+      ..560b6497
+      ..ce731998
+      ..9b4e0e88
+      ..42b9e5c0
+      ..560b6497
+      ..7b57fd7e
+      ..9b4e0e88
+      ..42b9e5c0
+      ..560b6497
+      ..41c2bbb8
+      ..9b4e0e88
+      ..42b9e5c0
+      ..560b6497
+      ..83148e0f
+      ..9b4e0e88