-	publi..f13ad110
+	publi..351a69be
-			$tr..40132ece
+			$pe..c49c1272
-			if ..8a3e02a1
-				//..6725f239
-				$p..3b15e761
-..3b7ccbf5
-				re..b02ffa12
-					-..c767cd27
-					-..e74b8f75
-					-..8fd8dcd7
+			if ..1932e194
+				re..6b1e4f95
+					-..991344ea
-						..849ac106
-						..a569486c
-						..72574e02
-						..20441377
+						..d502f508
+						..2ce5fc69
+						..0b90c253
+						..5d2cd4d8
-					-..45d09530
-						..7cddc627
-						..68237ccd
-						..ad3ffb66
-						..5ed3e94a
+					-..f98bdbe8
+						..a859f734
+						..ced2b96a
+						..f18d88f1
+						..ae0f7491
+ * @me..dd311f3f
+ * @me..639a628c
- * @me..81a5a675
+ * @me..3dfe3882
+ * @me..c5e10214
- * @me..ae2d6e11
- * @me..42a38a7f
+ * @me..68ecd602
+ * @me..3539de96
+	/** @..f769e4c1
+	prote..b5eb9fd9
-	/** @..70668a61
+	/** @..84e4d06d
-	/** @..70668a61
+	/** @..84e4d06d
-	/** @..70668a61
+	/** @..84e4d06d
-			ret..03a86a45
+			ret..cbd1eae5
--- /de..22eb1841
+<div c..a3a35cd4
+	<sect..12871f49
+		<div..4af66573
+			<di..03bb6787
+				<c..c5f1dc98
+					:..1c80403e
+					v..d369f393
+			</d..4093a5ec
+			<di..d33fb735
+				@{..8197846c
+				<c..c5f1dc98
+					:..1c80403e
+					v..0c2c8b96
+			</d..4093a5ec
+		</di..18699757
+		<div..376e4f29
+			<di..1a9bbcbc
+				<l..4ccc700f
+			</d..4093a5ec
+			<di..9615b7b4
+				<d..78f052fa
+					<..d0f51cdd
+						..c60c75bc
+						..7f50183d
+					<..4652b4c1
+					<..6a0cc67a
+						..08e7616d
+					<..4652b4c1
+				</..0b2d2bba
+			</d..4093a5ec
+		</di..18699757
+		<div..448f3dff
+			<di..1a9bbcbc
+				<l..ff5eef45
+			</d..4093a5ec
+			<di..9615b7b4
+				<d..005cc113
+					<..9eec17d2
+					<..d131f07a
+						..a251e5e9
+					<..4652b4c1
+				</..0b2d2bba
+			</d..4093a5ec
+		</di..18699757
+		<div..448f3dff
+			<di..1a9bbcbc
+				<l..ab0d9bbc
+			</d..4093a5ec
+			<di..9615b7b4
+				<d..724c8073
+					<..cd681f6f
+					<..d131f07a
+						..3f78e079
+					<..4652b4c1
+				</..0b2d2bba
+			</d..4093a5ec
+		</di..18699757
+	</sec..6eed6d92
+	<sect..3095f4ba
+		<div..42fcdd8c
+			<di..5538b58a
+				<d..4e42cdcb
+					<..9b7f1887
+				</..0b2d2bba
+				<d..12236af2
+					<..4a97c575
+						..b9c65b65
+						..c2b1a491
+						..94bb2121
+						..ff47dc0c
+						..3222edad
+						..29e55af4
+						..950bb9b1
+						..81d9c4af
+					<..cf4d51a1
+				</..0b2d2bba
+			</d..4093a5ec
+		</di..18699757
+		<div..ef993ade
+			<di..5538b58a
+				<d..4e42cdcb
+					<..ab2f577c
+				</..0b2d2bba
+				<d..12236af2
+					<..a53a03c0
+						..99605759
+						..607b1f6e
+						..54910f86
+						..d11ef1f8
+						..3222edad
+						..29e55af4
+						..7c31c4ab
+						..1a2a05e9
+					<..cf4d51a1
+					<..8a23438c
+						..91cc2dfe
+						..c1379654
+						..9dbaa9c0
+						..e141e5f4
+					<..cf4d51a1
+				</..0b2d2bba
+			</d..4093a5ec
+		</di..18699757
+		<div..4af66573
+			<di..5538b58a
+				<d..4e42cdcb
+					<..e13cd15b
+				</..0b2d2bba
+				<d..12236af2
+					<..4a97c575
+						..d9173a6a
+						..0b423593
+						..14a6c25d
+						..49d48024
+						..c88502fc
+						..44a38f81
+						..e141e5f4
+					<..cf4d51a1
+				</..0b2d2bba
+			</d..4093a5ec
+		</di..18699757
+		<div..4af66573
+			<di..5538b58a
+				<d..4e42cdcb
+					<..aa6be0bc
+				</..0b2d2bba
+				<d..12236af2
+					<..37e9523b
+				</..0b2d2bba
+			</d..4093a5ec
+		</di..18699757
+		<div..4af66573
+			<di..5538b58a
+				<d..4e42cdcb
+					<..2729abb5
+				</..0b2d2bba
+				<d..12236af2
+					<..4a97c575
+						..eeac5024
+						..a27d26af
+					<..cf4d51a1
+				</..0b2d2bba
+			</d..4093a5ec
+		</di..18699757
+		<div..4af66573
+			<di..5538b58a
+				<d..4e42cdcb
+					<..782f812e
+				</..0b2d2bba
+				<d..12236af2
+					<..4a97c575
+						..828d5382
+					<..cf4d51a1
+				</..0b2d2bba
+			</d..4093a5ec
+		</di..18699757
+	</sec..6eed6d92
+</div>..fd45f1f4
-<div c..b6db7817
+<div c..de8bb0f2
-					<..b9242741
-						..b1bdd414
-						..28b8921c
-					<..8bd991e6
-					<..fdcde8b8
-		<div..0d0f1db5
+		<div..448f3dff
-				<l..06fc29c7
-				<l..8986a8ea
+				<l..709ed5d8
-					<..d92eccc5
+					<..917023fb
-						..1b654e29
+						..d9173a6a
+						..0b423593
+						..14a6c25d
-		<div..e49997d3
+		<div..4af66573
-		<div..decb5d65
+		<div..5a6e6db8
-			<di..219b1453
+			<di..e59c2af1
-			<di..219b1453
+			<di..e59c2af1
+				@i..f3b13bc5