+++ /de..89c0751a
-<?php..3692ae3c
-..6fd62da1
-namesp..6e6f6524
-..6fd62da1
-use En..93f046c6
-use Il..f7c4854b
-use En..140e7d8a
-use En..0f4af9f6
-use Il..fb5308e7
-use En..d3ea3a6a
-..6fd62da1
-class ..dc3b6e1a
-..6fd62da1
-	priva..63583e72
-..6fd62da1
-	/**..af4a0f5c
-	 * Th..818ad505
-	 *..6b98a78c
-	 * @v..f25ee696
-	 */..f33bf56b
-	prote..bdce7c80
-..6fd62da1
-	/**..af4a0f5c
-	 * Th..c796a6fb
-	 *..6b98a78c
-	 * @v..f25ee696
-	 */..f33bf56b
-	prote..33e04dd0
-..6fd62da1
-	/**..af4a0f5c
-	 * Cr..7aa4ca72
-	 *..6b98a78c
-	 * @r..4f5f958b
-	 */..f33bf56b
-	publi..89bffca3
-		pare..ebd21301
-	}..caee4f43
-..6fd62da1
-	/**..af4a0f5c
-	 * Ex..c42892e6
-	 *..6b98a78c
-	 * @r..8b3f8db2
-	 */..f33bf56b
-	publi..90411e2b
-		$tim..3763d3e6
-		$thi..77d6ff0c
-..6fd62da1
-		// s..a8cc74e1
-		if (..816e588f
-..6fd62da1
-		Ethe..57f35c0b
-		$thi..00b71665
-		$thi..eee52c7b
-..6fd62da1
-		$thi..ebccd107
-..6fd62da1
-		$pen..8ef0e4f1
-			->p..6b150585
-..6fd62da1
-		$tot..4d81568b
-		$thi..3026600b
-..6fd62da1
-		$chu..b2d041ee
-		fore..0e74220b
-			$th..693ef31e
-..6fd62da1
-			// ..9559dae7
-			$bl..917177bc
-				->..568f9a76
-				->..95f23372
-..6fd62da1
-			if ..e6dcf794
-				co..bfb26465
-			} e..fd4d1322
-				$t..3fe14faf
-				$t..16abd099
-				$t..e5bd7719
-					-..9b036ba4
-					-..25fcb6ed
-			}..210801bf
-		}..1ab49929
-..6fd62da1
-		$tim..23dc449a
-		$ela..6a58609f
-		$thi..f3dc482c
-	}..caee4f43
-..6fd62da1
-}..28b6dc73
--- /de..e4302e17
+<?php..390489a4
+..c8427cff
+namesp..83db8571
+..c8427cff
+use En..95ba8a58
+use Il..62734f67
+use En..31f7bc36
+use En..2827a5d2
+use Il..a691e6aa
+use En..05335ceb
+..c8427cff
+class ..97aa792c
+..c8427cff
+	CONST..d758c007
+..c8427cff
+	priva..42711845
+..c8427cff
+	/**..c899e095
+	 * Th..05803438
+	 *..96459ddf
+	 * @v..ff92a08f
+	 */..01c0dc01
+	prote..3259225d
+..c8427cff
+	/**..c899e095
+	 * Th..b33b6fda
+	 *..96459ddf
+	 * @v..ff92a08f
+	 */..01c0dc01
+	prote..df98748b
+..c8427cff
+	/**..c899e095
+	 * Cr..f1cea99d
+	 *..96459ddf
+	 * @r..7528c769
+	 */..01c0dc01
+	publi..42295463
+		pare..cc9b1824
+	}..5f7bb1d3
+..c8427cff
+	/**..c899e095
+	 * Ex..7e03eb16
+	 *..96459ddf
+	 * @r..0b560a5b
+	 */..01c0dc01
+	publi..84ab5c57
+		$tim..540d2fa5
+		$thi..63c15dc3
+..c8427cff
+		// s..ef51f116
+		if (..1fb8bb8f
+..c8427cff
+		Ethe..a28c2c35
+		$thi..867c3beb
+		$thi..d791b693
+..c8427cff
+		$thi..208ee669
+..c8427cff
+		$pen..73f923b0
+			->p..ca127e57
+..c8427cff
+		$tot..011f345c
+		$thi..b9e7d72a
+..c8427cff
+		// D..c47de579
+		$tot..d53c542d
+		$chu..4f42fba7
+		fore..8cd0cc54
+			$th..788aa6c4
+..c8427cff
+			// ..4dd2c88f
+			$bl..0228dcd1
+				->..8c2fa193
+				->..4c317c2b
+..c8427cff
+			if ..47ed1134
+				$t..782517f3
+				$t..668ad260
+					-..066d038b
+					-..5236a03d
+			}..a61fab46
+		}..9a0646ba
+..c8427cff
+		$thi..0596106e
+..c8427cff
+		$tot..e92b3dab
+				->..6e0288d4
+				->..b3dc90a5
+				->..e31c727b
+				->..9e4b16ff
+..c8427cff
+		// D..cc997893
+		$thi..2f6d2ef4
+			->w..9156ccf7
+			->w..1da67322
+			->d..b4d0c077
+..c8427cff
+		$thi..38a2c262
+..c8427cff
+		$tim..76c43935
+		$ela..5d91460c
+		$thi..77fe6a12
+	}..5f7bb1d3
+..c8427cff
+}..f446345e
+use Il..936406ea
+use En..05335ceb
-	prote..3a6fe293
+	prote..38b72bd8
-		$thi..270eb6cd
+		// G..5bbbe00f
+		$pen..73f923b0
+			->w..2da3145c
+			->p..ca127e57
+..c8427cff
+		$thi..14effbe6
-		$thi..2aa451a2
+		$thi..1a5ec540
+..c8427cff
+		$thi..f302f439
-		$has..2efd2069
+		$que..d02b4f1e
-				$h..32057ff0
+				$q..de4e15cc
-		}..1ab49929
-		// c..a361d6b7
-		$txs..11655729
-		if (..4b5fc31f
-			$ha..00626efd
-			for..942f1ac9
-				if..b867e196
-					$..0027abb1
-						..d7500694
-						..474a7f66
-						..313a66e9
+			$qu..82bd30fa
+			for..722836f9
+				$c..26c4a028
+				fo..9aad18bb
+					$..a3839493
+..c8427cff
+					$..69125136
+						..4e6a3444
+						..67fa09eb
+						..d80fd0a5
+						..a3f1bdd4
+						..f0f52047
+						..dcd555bd
+						..815de19d
+						..9679c371
+						..b1a3a1bc
+						..cacf1dc2
+						..263316cf
+					]..cfc821a4
-			}..210801bf
-		}..1ab49929
-		$pen..701ebc39
-		if (..035daf5b
-			for..f9a1a8a9
-				if..2925802a
-					$..4e21d4b0
-					c..b4a09c9f
-				}..7db8a57c
+				//..ec12c66f
+				$t..668ad260
+					-..0e23a6c6
+					-..cf8012ae
+						..67fa09eb
+					]..3deb30b0
-				$p..e2ce6b47
-					'..8ac46118
-					'..b57b701c
-					'..b0314891
-					'..f7b4b9d8
-					'..719c7cef
-					'..7bce67b9
-					'..ba667b4a
-					'..5153aeb2
-					'..c9fa4f15
-					'..6ec39f27
-					'..78248956
-				];..e7d69863
+				//..e4fa7b4d
+				Db..ef543cab
-		$thi..4b2a0c9f
+		$thi..8902248e
-		if (..0117c94a
-			$pe..9fbc6514
-			for..eededf81
-				if..b867e196
-					$..b8f20b49
-					$..25bfd890
-					D..4bd36ef5
+		// C..1c1a2a0f
+		$dro..26b922b4
+		if (..e9ce3cd5
+			for..3b18d08a
+				if..82b38342
+					$..5c81f46a
-		$thi..f1baf952
-..6fd62da1
-		// f..5739135d
-		$che..c944e31a
-			->w..5f60ff1c
-			->w..1790f26d
-			->p..6b150585
-..6fd62da1
-		// c..9e8c3280
-		$has..f1543636
-		if (..7c73b39a
-			for..a2205398
-				if..7c7e992f
-					$..cc603348
-				}..7db8a57c
-			}..210801bf
+		// S..c7506cf3
+		$tot..a4979282
+		if (..7caccb9f
+			$th..3be443c0
+				->..04f0465d
+				->..f64442df
+					'..3d6a6c19
+				])..bc72986e
-		$has..cc7d5ed5
-		$thi..3c80077c
+		$thi..9c13973c
-		// d..97c7e480
-		if (..435061e2
-			$ch..308bf6c3
-			for..4ab80802
-				$t..e5bd7719
-					-..209ba7c2
-					-..4cbe5333
-						..34809935
-					]..12314b81
-			}..210801bf
-		}..1ab49929
+		// G..b56b7889
+		$tot..7f43c9af
+				->..6e0288d4
+				->..482644dd
+				->..9e4b16ff
+..c8427cff
+		$thi..62788a2e
+		(new..d69116bf
-			$sl..cc29eecf
+			$sl..2a2e45cb
+			// ..6f2ee7b7
+			if ..e24328a3
+				$t..7fdbbba7
+				fo..73da57f5
+					t..5dfd3427
+						..f5c3b548
+						..51cf7f2e
+						..c88ee889
+					}..e72de2ca
+						..c2d46613
+						..347a2d8b
+					}..8589f02a
+				}..0242d841
+			}..a61fab46
+..c8427cff
-		// D..63030a2f
-		if (..64546aeb
-			$tx..e947fbb7
-			for..59bbb4ee
-				tr..90c5ce63
-					$..ae8fc60a
-						..75e791d0
-						..edb0ad5b
-				} ..317955d8
-					/..fce01ace
-					$..784bc03c
-				}..7db8a57c
-			}..210801bf
-		}..1ab49929
-..6fd62da1
-				'c..9854d735
+						..ec822385
-				v-..261ca87a
-				:k..1c3784a1
+				v-..8038c17f
+				:k..2ecceb3f