-						..9bad9adf
+						..72f28379
-					/..63a8ed04
+					'..3dce5ccd
-			if ..e4be6e96
-				$r..afd83432
-				if..6082a7be
-					$..0412e2cb
-					f..ce71c652
-						..42c845b6
-						..03beb95e
-						..67c223cb
-						..be7f5aed
-						..9d27e095
-						..858045d6
-						..7929190a
-..3ca997d8
-						..adda045e
-						..f6154ac3
-						..e969f1a5
-						..eb285896
-..3ca997d8
-						..985ffd1d
-						..486769ee
-						..55c50296
-						..ba29849c
-						..d7cd698d
-						..a10df52b
-						..de413f45
-						..0a9d2a72
-						..7b737de5
-						..06a8ff37
-						..bf9ee577
-						..551fc379
+			$re..871a9e92
+			if ..0bcc3f52
+				$e..94c46fcf
+				fo..ca59c2a8
+					i..d33c45b4
+						..5983df38
+						..7356132d
+						..68c8a65f
+						..44cf34bf
+						..e2c163e4
+						..334b06b7
+..e02359ee
+						..48c5be6b
+						..297da502
+						..2e0ab1bc
+						..bb6cfd6a
+..e02359ee
+						..9fa73f1e
+						..8a4adf2a
+						..affd0079
+						..f7a61351
+						..9590cb2b
+						..7457e03a
+						..87f1ad14
+						..16cafe27
+						..6efbdb7a
+						..4c36455b
+						..af053b89
+						..9e8455a3
-						..69145a1c
-						..0452b892
-						..e5016435
-						..52de4718
-						..0e27d5bb
-..3ca997d8
-						..de1b9d7b
-						..c47852e2
-						..afe576cb
-						..4f7ec96c
-						..e47401bd
-						..f0e5697c
-						..78e2959f
-						..819dd45c
+						..0b955d23
+						..c35d003a
+						..795cd8e0
+						..626c1dcb
+						..51ada618
-						..bdbaffcc
+						..9fa2f599
+						..1d58e049
+						..ff8c7c93
+						..819cedc2
+						..9dee35cb
+						..56f794b0
+						..72cbd3f0
-						..48ba0b84
-						..6f4233b4
-						..00e633ad
-						..3e8f8f6c
-						..551fc379
-						..b29e0d21
-						..72a25f4a
-					}..c1ae6d80
-..3ca997d8
-					/..3add95b5
-					i..efdf2f80
-						..2f4d47d1
-						..28e481ed
-						..389da1c4
-						..701c8550
-						..551fc379
+						..52b43d57
+						..9e8455a3
+..e02359ee
+						..d958d8c1
+						..c4083d03
+						..e086209d
+						..076406a7
+						..9e8455a3
+						..f4d0fa90
+					}..c6e0dca8
+				} ..2259f3e9
+..e02359ee
+				//..d0bac0c7
+				if..3ee60046
+					f..814adc84
+						..0db6104e
+						..8d38195c
+						..776bed8b
-				} ..cb866abd
-			} /..726978ac
+				}..3c3f6806
+			} /..3fae693d
+			// ..754981f8