+++ /de..ff42ac0d
-<?php..f01165b5
-..55786976
-namesp..8ca6fafc
-..55786976
-use En..9029245f
-use Il..0381c687
-use En..c93d5c70
-use DB..fbdc6ef3
-use En..c837b812
-use En..e43cb57e
-..55786976
-class ..0d7e4106
-..55786976
-	priva..33f5d970
-..55786976
-	/**..f5675408
-	 * Th..693cbc04
-	 *..14a0519f
-	 * @v..1faec696
-	 */..a7696320
-	prote..1fdc1a06
-..55786976
-	/**..f5675408
-	 * Th..216d09a3
-	 *..14a0519f
-	 * @v..1faec696
-	 */..a7696320
-	prote..f3190d59
-..55786976
-	/**..f5675408
-	 * Cr..2a05bf7d
-	 *..14a0519f
-	 * @r..b96934e3
-	 */..a7696320
-	publi..41ce22fc
-		pare..5621d556
-	}..669171db
-..55786976
-	/**..f5675408
-	 * Ex..8b7a990c
-	 *..14a0519f
-	 * @r..2147009b
-	 */..a7696320
-	publi..079ef6ec
-		$tim..b0f2db05
-		$thi..3e7c80cf
-..55786976
-		// s..c56f7b18
-		if (..5f4f8b7e
-..55786976
-		$thi..8b86802f
-		$thi..42baa2e3
-		$thi..2aa78bbf
-..55786976
-		$sel..c66181d0
-			->s..eb22be58
-				'b..463c7831
-				'b..31ac6c17
-				'b..4ba32485
-				DB..313cc0b5
-			])..4f4b0d22
-			->l..a6b46ae5
-			->w..def70cd7
-			->g..6395608b
-			->o..b16f13fd
-			->l..0a2dfdcc
-..55786976
-		if (..6e6ae507
-			$se..36227d8c
-		}..f5c42c4f
-..55786976
-		$blo..9d678150
-..55786976
-		$thi..568906e6
-..55786976
-		$blo..564d6a95
-		fore..a507d98c
-			$th..7f0e257b
-..55786976
-			$pa..829ca6b6
-			if ..27c39c31
-				//..8b352572
-				$t..8c3e0798
-..55786976
-				//..9aca1ab6
-				$t..73fb1c5c
-				$t..ec4b4b85
-				$t..a35b5612
-				$t..d36edbb3
-				$t..137cb2ef
-				$t..10b5663b
-				$t..51529ce1
-				$t..ad3211b3
-				$t..96b21f5f
-..55786976
-				//..65ace858
-				$t..24d55051
-					-..8205fb15
-					-..c0f2f134
-					-..fafa0580
-..55786976
-				//..e0ba5487
-				if..d0fd930b
-					f..bc54ebbf
-						..af2b1515
-						..46552d85
-					}..65746cf1
-				}..ab3b79fe
-..55786976
-				$t..aed969db
-					-..0257f281
-					-..c0f2f134
-					-..fafa0580
-..55786976
-				//..f8208b44
-				if..afd9364d
-					f..69c7a609
-						..87f59520
-						..b7159ae5
-..55786976
-						..cecfc761
-						..c9ac85b4
-						..54d4d797
-						..29a3ec7d
-						..438dcc23
-					}..65746cf1
-				}..ab3b79fe
-..55786976
-				$t..013c117f
-..55786976
-				//..abe7bc50
-				if..c9dcb06e
-					$..46675a78
-				}..ab3b79fe
-..55786976
-				$b..a20a7d7f
-			}..dc5b5994
-		}..f5c42c4f
-..55786976
-		$thi..4c4dd504
-..55786976
-		$tim..98067521
-		$ela..97d0a62b
-		$thi..50514e57
-	}..669171db
-..55786976
-	priva..753482c3
-		if (..798c2582
-			$th..465b4ee7
-				->..4a2bac10
-				->..3d110426
-				->..3635a701
-		}..f5c42c4f
-	}..669171db
-..55786976
-}..c9c3982d
--- /de..6c7ecf6a
+<?php..26c43571
+..e4ad5408
+namesp..12192bac
+..e4ad5408
+use En..1d3bb1e8
+use Il..cacf4239
+use En..6c2bc166
+use En..498056e5
+use DB..22ced3c6
+use En..2ed6b038
+use En..a3bb5066
+..e4ad5408
+class ..3d703498
+..e4ad5408
+	priva..b8880e6f
+..e4ad5408
+	/**..40357f00
+	 * Th..6d49dbbf
+	 *..f9235526
+	 * @v..adb85f48
+	 */..18263398
+	prote..f1783840
+..e4ad5408
+	/**..40357f00
+	 * Th..6c5290bc
+	 *..f9235526
+	 * @v..adb85f48
+	 */..18263398
+	prote..4bc1b342
+..e4ad5408
+	/**..40357f00
+	 * Cr..7304fd16
+	 *..f9235526
+	 * @r..89d2a3e5
+	 */..18263398
+	publi..503d0dfc
+		pare..92f5998d
+	}..f3a4c994
+..e4ad5408
+	/**..40357f00
+	 * Ex..f3a28383
+	 *..f9235526
+	 * @r..7490e40e
+	 */..18263398
+	publi..d2b73d1b
+		$tim..d4c30efc
+		$thi..28e308de
+..e4ad5408
+		// s..7cfb1c6e
+		if (..ad9ea71b
+..e4ad5408
+		$thi..813a351f
+		$thi..a83035f5
+..e4ad5408
+		$sel..e030eda8
+			->s..718ad6fc
+				'b..04784376
+				'b..fa836ee5
+				'b..83c872b1
+				'b..fe275ffb
+				DB..4e3b4c05
+			])..07b0aa52
+			->l..80f123ab
+			->w..4f29e214
+			->g..6c590100
+			->o..6acc6bea
+			->l..6f9827ef
+..e4ad5408
+		if (..b9f584bf
+			$se..a2074b45
+		}..e27b23a1
+..e4ad5408
+		$blo..c47a481e
+..e4ad5408
+		$thi..de2014f6
+..e4ad5408
+		fore..3c0a64ad
+			$th..5f819994
+			$th..50409544
+		}..e27b23a1
+..e4ad5408
+		$tim..a9bff3f8
+		$ela..984f742f
+		$thi..7e610054
+	}..f3a4c994
+..e4ad5408
+	priva..31c2236c
+		$thi..982957eb
+..e4ad5408
+		$par..4725321c
+		$tot..a2934490
+		$tot..481022eb
+		$par..fe04ba5b
+			'fr..60960b8c
+			'to..36312f5b
+		]]);..982a2c07
+		$tot..a7c1b0f1
+..e4ad5408
+		$tot..150edf1c
+				->..e8968a9d
+				->..40518b7a
+				->..7c35120d
+..e4ad5408
+		$reI..2387b580
+		if (..bb52e6e6
+			$th..09acfad2
+			$th..69bdf831
+			$re..26d95861
+		} el..7cdda61a
+			$bl..5e4cb6b7
+			$bl..c9b690d8
+			$to..fd5c76b9
+		) { ..17343250
+			if ..774550c3
+			els..d69a313b
+			els..112e778d
+			$re..02a6a0d3
+		} el..8d22ee43
+			// ..56f7e75b
+			$ad..3506031b
+			if ..dfc51c5b
+				fo..79241cf1
+					$..e51ffe39
+					i..4d0d42a6
+				}..9ab7c50b
+			}..c86c7c10
+..e4ad5408
+			// ..0decbc38
+			if ..b7aaefb6
+				$t..e93019cc
+				fo..c5d8b224
+					i..3569649b
+						..3c05c3f9
+						..a50e5dc5
+..e4ad5408
+						..ea6c1dd5
+						..6351d8c3
+						..11021d03
+						..a6e34b9b
+						..c1ae34b4
+						..b584c31f
+						..730e345c
+						..d1ac4415
+						..8042f5cd
+..e4ad5408
+						..1ae4f487
+						..7f100154
+						..8042f5cd
+						..d1afdb54
+						..53705201
+						..6f44a772
+..e4ad5408
+						..1ae4f487
+						..b794f71b
+						..8042f5cd
+						..5e2aabbf
+..e4ad5408
+						..4a4f0986
+						..b871cd0d
+						..a4c57d6e
+..e4ad5408
+						..d11b0b59
+						..5da15302
+						..938f6920
+						..8a6f3143
+						..be1d0ea9
+..e4ad5408
+						..9530678d
+						..57a77e07
+						..71b6693e
+						..eb4a3fd0
+						..8042f5cd
+						..5e2aabbf
+					}..4dd083f0
+				}..9ab7c50b
+..e4ad5408
+				$t..394f9085
+						..90ae30d0
+						..e7c59c03
+						..e36c49a1
+..e4ad5408
+				//..c4cf390c
+				if..533c12b3
+					$..a872e82f
+					$..0188d744
+				}..9ab7c50b
+..e4ad5408
+				$t..6469377b
+						..90ae30d0
+						..e7c59c03
+						..e36c49a1
+..e4ad5408
+				//..d38e1575
+				if..cf470634
+					$..cf42eefa
+					$..0188d744
+				}..9ab7c50b
+			}..c86c7c10
+..e4ad5408
+			$ad..6bdb3d31
+			$to..ff2bba7d
+					-..206bce4d
+					-..997eb854
+					-..72ea63fa
+..e4ad5408
+			// ..05f7bcba
+			$to..589197a2
+			if ..7443b5d5
+				$t..1d6a517f
+				$r..cba13da9
+			}..c86c7c10
+		}..e27b23a1
+..e4ad5408
+		// R..e3a971a3
+		if (..798e5dc3
+			if ..a7428521
+				$t..ba2ddfc4
+				re..766e5ad3
+			} e..27825d5b
+				$t..4334bfdb
+				(n..b848af8e
+				$t..3fcdf950
+				$t..886eb1ae
+				$t..0bbc6d95
+			}..c86c7c10
+		}..e27b23a1
+	}..f3a4c994
+..e4ad5408
+	priva..fa795f45
+		// D..df97f3d9
+		$thi..0c266489
+		$thi..9ae0d032
+		$thi..0f5bdc39
+		$thi..09d9728c
+		$thi..cad429ed
+		$thi..4b288efd
+		$thi..8c74919d
+		$thi..bf60f1e8
+		$thi..b9696cb3
+..e4ad5408
+		$tra..5adbb03a
+			->s..f15220f5
+			->w..5d0766bf
+			->g..8fa56bb7
+..e4ad5408
+		// D..8f1b47ed
+		if (..a12ef6a9
+			for..2d547d51
+				$t..cbd55c24
+				if..23ffc6d0
+			}..c86c7c10
+		}..e27b23a1
+..e4ad5408
+		$tra..da48a12c
+			->s..1bfa9805
+			->w..5d0766bf
+			->g..8fa56bb7
+..e4ad5408
+		// D..a5809f97
+		if (..7bece7cd
+			for..69ec0375
+				if..e38ebec5
+				if..7928261b
+..e4ad5408
+				//..6cb537c2
+				$t..dc8e4e41
+					-..6240d980
+					-..8c33013a
+					-..190ea480
+			}..c86c7c10
+		}..e27b23a1
+..e4ad5408
+		$erc..a8e8e5a5
+			->s..1bfa9805
+			->w..5d0766bf
+			->g..8fa56bb7
+..e4ad5408
+		// D..47fd02dc
+		if (..6d798a24
+			for..8066ffd2
+				if..0f5d6afe
+				if..cdea955a
+..e4ad5408
+				//..6cb537c2
+				$t..dc8e4e41
+					-..6240d980
+					-..8c33013a
+					-..190ea480
+			}..c86c7c10
+		}..e27b23a1
+..e4ad5408
+		$erc..9770e010
+			->s..f15220f5
+			->w..5d0766bf
+			->g..8fa56bb7
+..e4ad5408
+		// D..c148d62a
+		if (..d30eae1e
+			for..807ff2f5
+				if..03135383
+				if..86f13e06
+			}..c86c7c10
+		}..e27b23a1
+	}..f3a4c994
+..e4ad5408
+	priva..221f6d60
+		if (..f0e78650
+			$th..6c0ed3fc
+				->..b12f3b70
+				->..6f300bcc
+				->..0acb7f99
+		}..e27b23a1
+	}..f3a4c994
+..e4ad5408
+	priva..9c064f4a
+		if (..750ccf4f
+			$th..dc4dface
+		} el..8d22ee43
+			$th..3075ada5
+		}..e27b23a1
+	}..f3a4c994
+..e4ad5408
+}..7d1026cd
-	publi..28ff4d11
+	publi..6c2c4b70
+		if (..6e3c3aea
-						..be49c3ac
-						..3a36edbb
-						..e305f857
-..55786976
-..55786976
-						..94870da6
-						..5ea1e3c0
-						..83bbe48d
-						..be49c3ac
-						..3a36edbb
-						..e305f857
-..55786976
-..55786976
-						..94870da6
-						..5ea1e3c0
-						..83bbe48d
+						..49f0c27c
+						..c9b49108
+						..3bc3bd9d
+..e4ad5408
+						..545964e7
+						..a94b60fa
+						..5d38e430
+..e4ad5408
-		if (..474a706d
+		if (..099487ac
-		if (..6706adfa
+		if (..b9303b86
+			$th..0d24d4de
+		}..e27b23a1
-			if ..4fc46fa1
+			if ..5e964fa8
+				$t..8ee1f0a5
+			}..c86c7c10
-		if (..6e6a4209
+		if (..ec7840cd
+			ret..0ad69131
+		}..e27b23a1
+	priva..0c41a0cf
+		if (..87c584cc
+			ret..0ad69131
+		}..e27b23a1
+..e4ad5408
+		try ..36291ec3
+			$th..c8a4714a
+				->..29d8ce71
+					'..174ad035
+					'..275aace6
+				])..80900807
+		} ca..7f18401e
+..e4ad5408
+		}..e27b23a1
+..e4ad5408
+		Ethe..89ab4946
+	}..f3a4c994
+..e4ad5408