-				:h..baf2db7e
+				:h..568bc87c
-					<..e93342f4
-					<..a6daf913
+					<..e1abd0ac
+					<..f075d26c
-					<..a0e977b1
-					<..a6daf913
+					<..0ea76c74
+					<..f075d26c
-		comp..f75d8117
-			add..87effc9a
-				re..7a250d93
-			},..5944e980
-			add..187b4858
-				re..7fb4496e
-					n..f597bf46
-					n..39dfb20a
-				};..9a6ca043
-			},..5944e980
-			lan..9710d3b5
-				re..7fb4496e
-					g..dd02ce00
-					c..965c77cd
-					c..8a05e5e2
-				};..9a6ca043
-			}..121bb6df
-		},..274e0c08
-			wid..375ae5e4
-			bac..b7cd1a0b
+			wid..09231362
+			bac..dcf93165
+	.cont..baba29ae
+		.det..280338a2
+			.op..08bff4ee
+				di..2b8fc0b5
+				po..5f71df2d
+				pa..fd3b5d79
+			}..d977a55d
+		}..ee19c68b
+	}..440d26c2
+..bf3979fe
-			'mo..ba9442b6
+			'mo..725e6331
-				<t..3d90d864
+				<t..353bfd86
-				<t..cb488e81
+				<t..228ad90e
-						..c0d1d8ec
-						..3d8ee5dc
+						..489cc700
-					<..ac28ffbe
+					<..8797231a
-					<..ecc761a0
-						..81862b83
-						..afdd01d6
-						..3b7c031a
-						..128b89eb
-					<..61e2f14a
+					<..023c2ead
-					<..ecc761a0
-						..21ec0413
-						..afdd01d6
-						..f5ca694c
-						..128b89eb
-					<..61e2f14a
+					<..b07a53ee