-				:h..baf2db7e
+				:h..568bc87c
-					<..e93342f4
-					<..a6daf913
+					<..e1abd0ac
+					<..f075d26c
-					<..a0e977b1
-					<..a6daf913
+					<..0ea76c74
+					<..f075d26c
-		comp..f75d8117
-			add..87effc9a
-				re..7a250d93
-			},..5944e980
-			add..187b4858
-				re..7fb4496e
-					n..f597bf46
-					n..39dfb20a
-				};..9a6ca043
-			},..5944e980
-			lan..9710d3b5
-				re..7fb4496e
-					g..dd02ce00
-					c..965c77cd
-					c..8a05e5e2
-				};..9a6ca043
-			}..121bb6df
-		},..274e0c08
-			'mo..ba9442b6
+			'mo..725e6331