+use En..a76b25dc
-						..e10e8e62
+						..5e0db980
-						..5c93c903
+						..fa50adc0
-			$ra..3ae6c339
-			$cu..2509853b
-				$r..8d95485f
-				$c..5965058e
-..ddb7309e
-			if ..25cdb626
-				//..c69a4ecc
-				$t..b2a52746
-					-..329764cb
-						..7f24ffa6
-					]..bed47e47
+			$th..fde4f02e
+..bf3979fe
+			// ..0379f0d0
+			$th..9a62bb5d
+				->..694b2960
+					'..f0b214eb
+				])..64937fff
+..bf3979fe
+			$th..18f2c432
+..bf3979fe
+			// ..b5bdb45d
+			$to..d6b95ad0
+				->..6ca27cfb
+				->..74ee13b7
+				->..4286bddf
+..bf3979fe
+			$th..d011da2e
-				//..7a3ec979
-				fo..0647144a
+			// ..d0b78c76
+			if ..73507203
+				fo..a96a9685
-						..dcab6af2
+						..1b1e8962
-						..584c1cf3
+						..cc4b9596
-		if (..f6eb051a
-		if (..13d6f0bc
+		if (..fff1ab1b
+		else..912b4d07
+		else..3841958c
+..bf3979fe
-		if (..f6eb051a
-		if (..13d6f0bc
+		if (..669757d1
+		else..912b4d07
+		else..3841958c
+..bf3979fe