-	 * @p..273a4920
-		bool..8ac94c9d
-		bool..51136d23
+		bool..f4325137
-			$ba..a3422da2
+			$ba..742f5057
-	publi..32a3fad6
-		if (..ad2d8580
-		else..f8874caa
-..ddb7309e
+	publi..ba8dc045
-		$con..96c975d7
+		$thi..b3b7f26b
-	publi..316c6233
-		if (..d0582f70
-		else..f8874caa
-..ddb7309e
-		$con..594b2db9
+	publi..e8057486
+		$thi..4f4519b4
-	publi..5c655f26
-		if (..661e5e82
-		else..53c7a0e7
-..ddb7309e
-		retu..5a3b9952
+	publi..bd39db36
+		retu..db900184
-	publi..77c683c7
-		if (..661e5e82
-		else..53c7a0e7
-..ddb7309e
-		retu..8558624c
+	publi..24388681
+		retu..d3262b4a