+++ /de..134cb442
-<?php..1c62d7db
-..7ce81714
-namesp..8b8446d1
-..7ce81714
-use En..ef26f0eb
-use Il..98bdc6c2
-use En..4b816048
-use En..3ed0c964
-use Il..feae3689
-USE DB..c01d7d78
-..7ce81714
-class ..ed0ee341
-..7ce81714
-	priva..b933bdd5
-..7ce81714
-	/**..677b7c1b
-	 * Th..5a927338
-	 *..f6f2201a
-	 * @v..d534a117
-	 */..5a26f063
-	prote..76905620
-..7ce81714
-	/**..677b7c1b
-	 * Th..7953bc5d
-	 *..f6f2201a
-	 * @v..d534a117
-	 */..5a26f063
-	prote..2670279d
-..7ce81714
-	/**..677b7c1b
-	 * Cr..275e8ae0
-	 *..f6f2201a
-	 * @r..a121121a
-	 */..5a26f063
-	publi..7a237c27
-		pare..9d3a950e
-	}..569bf837
-..7ce81714
-	/**..677b7c1b
-	 * Ex..db4456fd
-	 *..f6f2201a
-	 * @r..e90ea88a
-	 */..5a26f063
-	publi..f10d72f3
-		$tim..0401283f
-		$thi..a6ea05f4
-..7ce81714
-		// s..0c066531
-		if (..b5f90a93
-..7ce81714
-		$thi..64e22fc6
-		$thi..18476e31
-..7ce81714
-		$blo..1fb754ae
-		whil..98bfe797
-			$th..1a573592
-..7ce81714
-			$bl..b261d4c4
-..7ce81714
-			if ..171ed8f3
-				$t..2f7a1de3
-				$l..e7d5b69d
-				$u..4adbb248
-..7ce81714
-				//..b9bf825a
-				$t..b5e4fe9c
-				$b..09d39908
-				$b..d6a99198
-..7ce81714
-				//..a0ce72db
-				tr..42af91e3
-					/..e5f6ff32
-					u..1886b071
-..7ce81714
-					/..0c8edf27
-					i..118c1e21
-					i..9f8ed9e6
-..7ce81714
-					$..0b85b2e2
-						..5afa31bc
-				} ..7385c71e
-..7ce81714
-				}..f6524af3
-..7ce81714
-				//..7b79bfa9
-				$t..03405c4f
-..7ce81714
-				//..01a4239e
-				if..d888d3db
-					f..09b821fc
-						..c6143ff4
-						..f730ad66
-						..0d3ccc28
-..7ce81714
-						..f6d93bfd
-						..c8617f3e
-						..d5fb1ecc
-						..4c18912e
-..7ce81714
-						..7da6ff7d
-					}..1eb944c2
-				}..f6524af3
-..7ce81714
-				//..14792d34
-				$t..83276b59
-				if..2a7eb0ca
-					f..cf242a33
-						..a5c5a525
-						..0c0c5f23
-..7ce81714
-						..429ebd58
-						..3ffa009e
-						..2ed4372d
-						..7da6ff7d
-..7ce81714
-						..a833920d
-						..dd66ad0d
-						..7211d47c
-						..7da6ff7d
-..7ce81714
-						..f6d93bfd
-						..5dbe1ea1
-						..d419b4fa
-						..d35e5fdb
-..7ce81714
-						..45cbf266
-						..41560a5f
-						..4c18912e
-						..45cbf266
-						..4a93750b
-						..6c062629
-						..255bd2ef
-						..7da6ff7d
-..7ce81714
-						..eb599e8e
-					}..1eb944c2
-				}..f6524af3
-..7ce81714
-				//..4bc3d30c
-				if..03299d33
-					f..596d250e
-						..a1ed67ec
-						..50e446f1
-						..ea9d6b20
-						..2bde5929
-						..ad128675
-						..afac8fbd
-						..77ad2d71
-						..5dada93c
-						..e1abae65
-						..5215b42e
-						..ecfeee18
-						..6367a5d8
-						..ed9260cc
-						..7da6ff7d
-..7ce81714
-						..e198b9d8
-						..fdee00bf
-						..0d603bf3
-						..c05dcac7
-						..1eda3a38
-						..8214df9c
-						..5bd0279c
-						..49d01a3f
-						..2c678654
-						..cffbb11c
-						..6367a5d8
-						..ed9260cc
-						..7da6ff7d
-..7ce81714
-						..a833920d
-						..391e3de5
-..7ce81714
-						..f6d93bfd
-						..27f55f15
-						..a6eda633
-						..f7f4fc2d
-						..a60ec69c
-						..4cc01b81
-						..a5eb354b
-						..689e25d7
-						..fd9d8d70
-						..c0da1b48
-						..083bd852
-						..f0836b2d
-						..4c18912e
-						..27f55f15
-						..282b3e71
-						..56de8c7e
-						..255bd2ef
-						..7da6ff7d
-..7ce81714
-						..dd9ddf95
-						..3e0f0292
-						..de0495f8
-						..99a1f93c
-..7ce81714
-						..639cdca6
-						..eb9d7761
-						..82a16da9
-						..6367a5d8
-..7ce81714
-						..570b1f0c
-						..3fe9ca69
-						..d11717f0
-						..1cda7e3a
-						..5e067916
-						..80f6d92d
-						..663a5d53
-						..8fd1709f
-						..05753fa9
-						..0773a144
-..7ce81714
-						..6367a5d8
-						..d64f90d2
-						..de0495f8
-						..aabebf9f
-..7ce81714
-						..639cdca6
-						..9e15d6a0
-						..55ef3489
-						..6367a5d8
-..7ce81714
-						..570b1f0c
-						..7220ea97
-						..d11717f0
-						..1cda7e3a
-						..6b4e0781
-						..dbe2f3c4
-						..663a5d53
-						..05753fa9
-						..0773a144
-..7ce81714
-						..6367a5d8
-						..52a2a77c
-						..de0495f8
-						..aabebf9f
-..7ce81714
-						..639cdca6
-						..9e15d6a0
-						..55ef3489
-						..6367a5d8
-..7ce81714
-						..570b1f0c
-						..3fe9ca69
-						..d11717f0
-						..1cda7e3a
-						..6b4e0781
-						..dbe2f3c4
-						..663a5d53
-						..684e92ce
-						..05753fa9
-						..0773a144
-..7ce81714
-						..6367a5d8
-						..ed9260cc
-						..a9f9be25
-						..5206567c
-						..f3754b19
-						..817f69e3
-						..621a7802
-						..5c040506
-						..92552fa6
-..7ce81714
-						..4629ecc7
-						..7cd17514
-..7ce81714
-						..3553ef29
-						..b932a0a5
-						..52579d91
-						..ed9260cc
-..7ce81714
-						..5114e112
-						..82d17b1e
-						..1176b6de
-						..b4a30745
-						..505bc6b4
-						..0732e533
-						..0b80d79f
-						..05c73547
-						..8e113821
-						..805d1e55
-..7ce81714
-						..ed9260cc
-						..7da6ff7d
-					}..1eb944c2
-				}..f6524af3
-			}..7a7271bf
-..7ce81714
-			$bl..af5941f1
-		}..d25d6164
-..7ce81714
-		$tim..4de923c5
-		$ela..623050a1
-		$thi..4d347ae7
-	}..569bf837
-..7ce81714
-	priva..4b73e6a8
-		retu..d14bea7d
-			->w..f31c9377
-			->g..e6186c54
-	}..569bf837
-..7ce81714
-	priva..36c3239f
-		retu..a72f4d68
-			->w..6c867ba5
-			->f..cc28924f
-	}..569bf837
-..7ce81714
-	priva..d3d11564
-		retu..27321e4f
-			->w..f31c9377
-			->g..e6186c54
-	}..569bf837
-..7ce81714
-	priva..5ba6064c
-		retu..2b9a9430
-			->w..f31c9377
-			->g..e6186c54
-	}..569bf837
-..7ce81714
-	priva..7b47594f
-		$tot..2fb29da3
-		$tot..4f9fae75
-		fore..28a03f28
-			$to..82ebb243
-			$to..3accb91b
-		}..d25d6164
-..7ce81714
-		retu..e15d438b
-			'to..7dd43657
-			'to..8f24a8f1
-		];..55a13b38
-	}..569bf837
-..7ce81714
-	priva..656b8acf
-		if (..e7c61d47
-			ret..7c5e9deb
-		}..d25d6164
-..7ce81714
-		$min..53b07526
-		$con..1f1a313f
-..7ce81714
-		try ..0dfdb04b
-			$da..4e231fba
-				'a..04fac88b
-				'l..ee5147c5
-				'm..76008fea
-				'c..3700e21d
-			];..4eee25d6
-..7ce81714
-			$th..1fd37e90
-				->..619ba1ff
-		} ca..882f20cd
-			$da..4e231fba
-				'l..ee5147c5
-				'm..878f8548
-				'c..aee93927
-			];..4eee25d6
-..7ce81714
-			$th..1fd37e90
-				->..d557dd0c
-				->..976af729
-		}..d25d6164
-	}..569bf837
-}..59a1ded1