-	 * @p..4ff828a7
-	 * @p..8155cdcb
+	 * @p..d90dee81
+	 * @p..7340ef5c
-	publi..e6fafda7
+	publi..11d0aa91
-		retu..56d43169
+		retu..fe0d34bc
-		retu..44a0eb28
-..cf9bd86e
+				't..85d20c6f
+				't..85d20c6f
+use En..9a758d36
-	publi..9f10983c
-		$tok..f97206fd
+	publi..4d450514
+		$fro..bc271311
+		$fro..235410df
+..1544500b
+		if (..f67e8128
+			thr..2c0c6a07
+		}..ed145951
+..1544500b
+		$tok..6d91a209
-		if (..fa510a8e
-      ..1c8780f0
+		$sel..919bab16
+			->s..4f61ebac
+				'l..c39fceaf
+				'e..2faa11d9
+				'e..c3d4a02b
+				'e..2d3a11ed
+				'b..f6523f21
+				't..47227537
+				't..85d20c6f
+				't..8ebb8a27
+				't..07a945ee
+				't..4fd93fe4
+				't..ed71b015
+				't..a500467e
+				't..144ec06e
+				't..9f208d96
+				DB..28f891c3
+				DB..578a7c45
+				DB..6b696d9b
+				DB..97d9374e
+			])..4659208a
+			->l..25a793ae
+				$j..8706c50c
+				$j..52046673
+			})..8b128f54
+			->l..2e76b0cf
+			->l..52ced46b
+			->l..8c03ff7c
+			->l..6baa6a80
+			->l..6d7583d2
+			->l..38590d46
+			->w..e27474d8
+			->w..e5e19815
+			->o..24fd1086
+			->o..82479138
+			->l..f3b5fa3f
+..1544500b
+		// F..41a65b49
+		if (..200415ba
+			$se..f20453ea
+				->..8a76c318
-		$sel..bc7ded96
-			DB:..e3fbcec6
-			$to..545a1f18
-			$li..789ffffe
-			$fr..e791ddd8
-			$fr..914057ec
-		);..9a6d8682
-..cf9bd86e
-		$sel..70f7793f
-			DB:..043e0ace
-			$to..545a1f18
-			$li..789ffffe
-			$fr..e791ddd8
-			$fr..914057ec
-		);..9a6d8682
-..cf9bd86e
-		// s..16411ce2
+		// F..4e85b416
-			$se..275357b2
-			$se..d9ef7da5
+			$se..56c254a9
-		// g..a1b0f2f3
-		$sel..53cc27bd
-..cf9bd86e
-		// g..1407b12a
-		$sel..92446883
-..cf9bd86e
-		// c..ab7b6efd
-		$tra..e46bd058
-..cf9bd86e
-		// o..e5abc904
-		arra..33a81c63
-..cf9bd86e
-		// l..6e2903b6
-		$tra..8dc73499
+		// P..b079f93a
+		if (..b4354ee9
+			if ..9db76d87
+				$s..975c7f43
+					$..027b65c7
+					$..6b59c101
+						..b48d57c4
+				})..a8e796fd
+			} e..fc400d88
+				$s..f927e6e3
+			}..c3d97527
+		}..ed145951
-		// f..8ffb996a
+		$tra..cdead9c7
-			$tr..a13e2310
+			$tr..45035b0d
+				->..3ac7487e
+				->..d96c7d46
+				->..51848ad9
+				->..bd724cd2
+					'..068ea175
+					'..42f4b63d
+					'..fcd23f18
+					'..198a6464
+				])..e05fea04
+				->..599412f9
+					'..f65dcb93
+					'..332f3481
+					'..b20741e1
+					'..365e634b
+				])..e05fea04
+				->..c69ab653
+					'..726434c8
+					'..5c03f1c9
+					'..15c0a634
+					'..77bbd55c
+				])..5bd9e161
-	publi..9f10983c
-		$sel..bc7ded96
-			DB:..cf068927
-			$th..a8293f13
-			$li..789ffffe
-			$fr..e791ddd8
-			$fr..914057ec
-		);..9a6d8682
-..cf9bd86e
-		$sel..70f7793f
-			DB:..3e58544e
-			$th..a8293f13
-			$li..789ffffe
-			$fr..e791ddd8
-			$fr..914057ec
-		);..9a6d8682
-..cf9bd86e
-		// s..16411ce2
-		if (..f16c9cbf
-			$se..6364c995
-			$se..e3004cf0
-		}..c365c937
-..cf9bd86e
-		// g..a1b0f2f3
-		$sel..abe0158f
-..cf9bd86e
-		// g..1407b12a
-		$sel..1a40afd3
-..cf9bd86e
-		// c..ab7b6efd
-		$tra..e46bd058
-..cf9bd86e
-		// o..e5abc904
-		arra..33a81c63
-..cf9bd86e
-		// l..6e2903b6
-		$tra..8dc73499
-..cf9bd86e
-		// f..8ffb996a
-		fore..2991989d
-			$tr..a13e2310
-		}..c365c937
-..cf9bd86e
-		retu..4506423f
-	}..2b544b3a
-..cf9bd86e
+ * @me..03e938ec
+ * @me..12101dd6
+ * @me..cf9de182
-	publi..ad862de4
-		$mod..8b93530f
-		$cur..2fccf8d9
-..cf9bd86e
-		$con..cdf94028
-		if (..93925068
-			$co..c08b4b45
-			if ..5b30205c
-				$c..4ffb9c99
-			}..2663c616
-		}..c365c937
-..cf9bd86e
-		$fee..e361c2ef
-		if (..952c61d6
-			$fe..04d9c005
-		}..c365c937
-..cf9bd86e
-		$fro..1d65badf
-		if (..d118b302
-..cf9bd86e
-		$to ..7b9c8451
-		if (..a28c86d1
-..cf9bd86e
-		retu..ab2b0d92
-			->s..d921ab57
-			->s..833a2625
-			->s..60102b30
-			->s..e2942fc3
-			->s..8af842e0
-			->s..355a9a0f
-			->s..537884ba
-			->s..f77bd7ad
-	}..2b544b3a
-..cf9bd86e
-	publi..b1453e1f
-		$val..cc0efa9e
-		if (..6469151b
-		else..ee40b813
-..cf9bd86e
-		retu..a9e8bf27
-	}..2b544b3a
-..cf9bd86e
-	publi..1c9d0d17
-		$val..cc0efa9e
-		if (..f71cbc22
-		else..f70fa547
-..cf9bd86e
-		retu..a9e8bf27
-	}..2b544b3a
-..cf9bd86e
-	publi..cdcbc135
-		$val..cc0efa9e
-		if (..1d51cb4e
-		else..67903eb3
-..cf9bd86e
-		retu..a9e8bf27
-	}..2b544b3a
-..cf9bd86e