-		$thi..b7eabebe
+		$thi..f032ea59
-		$sel..cfef93f1
-			->w..8c334cac
+		$sel..0fd67347
+			->w..7afe9b06
-			$th..32c05a2c
+			$th..c0f2300e
-			if(..6d9e7d00
-				$e..4bbbb275
-			}..7a7271bf
-			$st..5485e229
-..7ce81714
-			if(..915a235a
-				$t..f02dcb11
-					'..47bfbc9c
-					'..ba6f761c
-				],..eed3c796
-					'..dcf18e07
-				])..06072862
-			}..7a7271bf
+			$st..c0fcc1d3
-			// ..1a992172
+			if ..908ede7d
+				$t..0b2a51f9
+					-..98a222be
+					-..067562af
+						..e87ddb3e
+						..32dfb5c8
+					]..77e2010d
+..a700ba93
+				//..5d4d38fe
+			}..9bd27ab5
-		$cur..6491f439
+		$cur..fad4f7c1
+    "c..36d66fb7