+use En..85dde85c
-			$st..89bd6f47
+			$st..d73398e4
+	}..47e6c961
+..1544500b
+	const..ee24e129
+	const..2080035e
+	const..179d432c
+..1544500b
+	priva..a675f4d9
+		$mod..724929e3
+..1544500b
+    	s..97496a6c
+			cas..86bbd867
+			cas..031b130d
+				$r..d349e8bf
+				$s..d87c2eb9
+				if..cb42ad44
+				el..9d3900f4
+..1544500b
+				re..c903a913
+					'..40fd30aa
+					'..ad74670e
+				];..77c6f146
+				br..58512f54
+..1544500b
+			cas..86ef8dfa
+				$r..052ad8f7
+					'..b3dc500f
+				])..83873ca2
+..1544500b
+				$s..6d2babfc
+				sw..692856bd
+					c..10b96a85
+					c..371a334c
+					c..fa9db318
+					c..771b9cd6
+					c..7ec3e153
+						..221fbbee
+						..d30f89d7
+..1544500b
+					c..0d106a8d
+						..ac70dca7
+						..d30f89d7
+					c..8bb042d1
+					c..218417c3
+					c..baf8ca0f
+						..73153858
+						..d30f89d7
+				}..d4962f35
+..1544500b
+				re..c903a913
+					'..40fd30aa
+					'..a2132bb8
+				];..77c6f146
+				br..58512f54
+		}..ed145951
+..1544500b
+..1544500b
+	/*..ae4a5e62
+	 * Ch..de6fa13d
+	 * @t..13734e36
+	 */..9113aaec
+	const..cc2d45c1
+	const..90016fce
+	const..222a86ca
+..1544500b
+	priva..2fa15f81
+		$cur..6a53d69c
+		$dat..0677d26d
+		$cur..fe81397c
+			->s..fab4f7ab
+			->s..1e3fe565
+..1544500b
+		$res..68e046b5
+		if (..2738de7b
+			thr..9d0fa247
+		retu..e0636ed5
+	}..47e6c961
+..1544500b
+	/*..ae4a5e62
+	 * Ba..80afd3cf
+	 * @t..13734e36
+	 */..9113aaec
+..1544500b
+	/*..ae4a5e62
+	 * Ky..42c91d4d
+	 * @t..13734e36
+	 */..9113aaec