--- /de..a9cbe0ba
+<?php..f4010084
+..3d337b75
+namesp..338f55d5
+..3d337b75
+class ..a5773c5c
+..3d337b75
+	prote..f5a178a4
+		'AED..2f0c459c
+		'AFN..2faf9876
+		'ALL..24bb8e54
+		'AMD..f2d30e17
+		'ANG..27a27ab1
+		'AOA..90216a7f
+		'ARS..a54a961e
+		'AUD..759c14b2
+		'AWG..df3b1777
+		'AZN..b50494c8
+		'BAM..41298b15
+		'BBD..92a970d0
+		'BDT..e31a9b9c
+		'BGN..2c5cacd2
+		'BHD..6d6d3bce
+		'BIF..b0fd773c
+		'BMD..fdcd6d6d
+		'BND..73732293
+		'BOB..75baf2ab
+		'BRL..8e5063f9
+		'BSD..70a2e3f3
+		'BTN..cb08726d
+		'BWP..1ff499d4
+		'BYR..f40dfe76
+		'BZD..6c6eb6ac
+		'CAD..bbbefb7f
+		'CDF..58600747
+		'CHF..7760937c
+		'CLP..7cca133a
+		'CNY..9f27b4d5
+		'COP..2c3f5a53
+		'CRC..d4ef8009
+		'CUC..531fc44f
+		'CUP..b7331b5a
+		'CVE..725dfd1d
+		'CZK..3ff17ca2
+		'DJF..5fb08bfc
+		'DKK..562b0857
+		'DOP..bad4eaae
+		'DZD..ebf40d6e
+		'EGP..af42cda2
+		'ERN..7ff3041c
+		'ETB..3e65fb92
+		'EUR..5934971e
+		'FJD..c9ff70ad
+		'FKP..ab9d027e
+		'GBP..a355e7b8
+		'GEL..1e5640b9
+		'GGP..d6a95a5e
+		'GHS..e83bf3e7
+		'GIP..d6a77621
+		'GMD..dad03307
+		'GNF..a3b79e0c
+		'GTQ..060d8615
+		'GYD..a2318bec
+		'HKD..66482a8e
+		'HNL..f8c7d846
+		'HRK..14353c4f
+		'HTG..f552678c
+		'HUF..6ba309de
+		'IDR..12f99ac5
+		'ILS..2c98a4b1
+		'IMP..be651d26
+		'INR..d2ad6610
+		'IQD..bfdb2e89
+		'IRR..02e3c40b
+		'ISK..d76f8a39
+		'JEP..3b4d31cb
+		'JMD..ef240412
+		'JOD..9a29df1a
+		'JPY..2350c65e
+		'KES..2e99782f
+		'KGS..efff4160
+		'KHR..ac7b329a
+		'KMF..786b8f7c
+		'KPW..3d33f8d9
+		'KRW..95728813
+		'KWD..c158390e
+		'KYD..d96bca96
+		'KZT..7d04694f
+		'LAK..6bcd6443
+		'LBP..56897868
+		'LKR..bd8edb19
+		'LRD..01e71d00
+		'LSL..7601b676
+		'LTL..ba5f7bd6
+		'LVL..1ad4db26
+		'LYD..ec89d775
+		'MAD..8224cb0b
+		'MDL..413d3f20
+		'MGA..39eefec8
+		'MKD..6cfa5c31
+		'MMK..d5c94bc3
+		'MNT..603a5836
+		'MOP..d240310c
+		'MRO..a8408e51
+		'MUR..b1f80fdb
+		'MVR..66900e0a
+		'MWK..c39f94f1
+		'MXN..91df2ccd
+		'MYR..592db726
+		'MZN..721b790b
+		'NAD..8148e4e5
+		'NGN..71fa62ef
+		'NIO..942ae3be
+		'NOK..36b3f772
+		'NPR..610fa4a0
+		'NZD..90ae1da6
+		'OMR..69f27ee9
+		'PAB..424f5789
+		'PEN..aded4527
+		'PGK..f6d16f44
+		'PHP..0583ad99
+		'PKR..42df7eb6
+		'PLN..fa868fa7
+		'PYG..59acd7e7
+		'QAR..9c5e4c36
+		'RON..e9207442
+		'RSD..612f27c2
+		'RUB..486402f4
+		'RWF..5413bc09
+		'SAR..baa071e4
+		'SBD..07cbc48d
+		'SCR..c6933b8b
+		'SDG..038fcb86
+		'SEK..40e52583
+		'SGD..31435e48
+		'SHP..4cdc4b59
+		'SLL..7754675b
+		'SOS..85c00115
+		'SRD..e6565673
+		'STD..9b658928
+		'SVC..967943ed
+		'SYP..850e19b0
+		'SZL..2360669d
+		'THB..3f2f734c
+		'TJS..74cf0b7c
+		'TMT..bf8dd8fc
+		'TND..ae2e4f1b
+		'TOP..dece0e50
+		'TRY..a2295a3f
+		'TTD..97854f43
+		'TWD..a9d6398c
+		'TZS..c47bbeb5
+		'UAH..368a4f7d
+		'UGX..3bbd0667
+		'USD..307f4476
+		'UYU..36ae9b0e
+		'UZS..634d0a98
+		'VEF..dba4fcf3
+		'VND..f8bdbaa8
+		'VUV..baac0919
+		'WST..387bb921
+		'XAF..4f245d34
+		'XCD..fe33912e
+		'XOF..ff554b59
+		'XPF..ffc9ee46
+		'YER..36b78d28
+		'ZAR..4bf1428b
+		'ZMW..f882c66b
+		'ZWL..f0c84935
+	];..8b55c8ed
+..3d337b75
+	publi..d4e03510
+		$cur..53129cfe
+..3d337b75
+		if (..d822286a
+		if (..8abc7bf1
+			'US..bf9d7d0c
+			get..215c8b47
+			get..48aeec0f
+		], n..f5bf2976
+..3d337b75
+		retu..33d2cbda
+	}..aa34b1f6
+..3d337b75
+	publi..9c788485
+		retu..ed9f4a41
+	}..aa34b1f6
+..3d337b75
+}..dd873eb8
+			'ap..5443104f
+		$cur..c24b81fb
+		$sel..02dbe94d
-		$cur..993293d4
-			'us..bcf7cf3f
+			'us..74021b5d
-		$coi..d8235fd6
+		$coi..4fe7ea72
-				if..78a7b0d0
-					$..36c373a0
+				if..9eafd0b4
+					$..7aa53aae
-			'cu..642400a1
+			'cu..04786b2b
-		$var..18546fce
+		$coo..930f1cb3
+		$var..c07e7b62
+		'rou..004c20cf
--- /de..a9cbe0ba
+<?php..f4010084
+..3d337b75
+namesp..6085946f
+..3d337b75
+use Cl..641549ed
+use En..97fb61f5
+..3d337b75
+class ..a14fbe35
+..3d337b75
+	/**..4c4e997b
+	 * Ha..9e264ead
+	 *..cebafe97
+	 * @p..a8e0a23d
+	 * @p..9aa7c216
+	 * @r..5e27b2e0
+	 */..d9c71634
+	publi..b7d00113
+		// P..a75b8eb6
+		$cur..eeceacca
+		$sel..0972ae00
+		if (..7acccaff
+			$pa..27be87e8
+			if ..671ea91e
+			$pa..bc67d898
+..3d337b75
+			ret..d47c621b
+		}..aa528992
+..3d337b75
+		retu..1a03b725
+	}..aa34b1f6
+..3d337b75
+}..dd873eb8
-		$edi..da42d394
+		$coo..930f1cb3
+		$edi..b61460ff
-		retu..2b8e9027
+		$coo..fabe4da3
+		retu..f5f4d2f8
-	funct..4806c799
+	funct..a71a98d9
-	funct..faf07933
+	funct..41ced9f7
-	funct..c562ef61
+	funct..c31e2342
-	funct..5e5e08bc
-		retu..80c1f9a2
+	funct..ae127eba
+		retu..81bcf9a7
-	funct..55213760
+	funct..ab5b42ce
-	funct..b46ae667
+	funct..3df8318a
+ * Ret..2b286075
+ *..45093efd
+ * @re..a52d85a9
+ */..6ffea81d
+if (!f..e52f1ad0
+	funct..c02964bc
+		$cur..1344ac90
+		if (..38cb392d
+..3d337b75
+		retu..a6339dd3
+	}..aa34b1f6
+}..dd873eb8
+..3d337b75
+/**..8e792678
+ * Ret..b1d13346
+ *..45093efd
+ * @pa..b8c0036d
+ * @re..a52d85a9
+ */..6ffea81d
+if (!f..155b0f06
+	funct..68a9a9f2
+		retu..53230818
+	}..aa34b1f6
+}..dd873eb8
+..3d337b75
+/**..8e792678
-	funct..e6761db4
+	funct..f37d391c
+	'curr..d13758bc
+			'ap..5443104f
+			'ap..5443104f
-		'non..64200fcf
+		'non..8bde9b6e
+		'loc..e5e37864
+		'no_..c06bb76d
+		'cur..51f950f7
+		'the..f937312a
+		'the..d718dec7
+		'the..94ff07d1
+		'the..efa4d56f
-			pus..d0ae990d
+			pus..0a07b4a2
+		},..bcb4ac04
+		chan..8206415f
+			pus..cc87f7b5
+		},..bcb4ac04
+		disa..04d1c52f
+			pus..78ddf8b9
-..e73bc2cb
+			pus..c998265b
+	const..a1addfaa
+..3d337b75
+		data..4a885b14
+			ret..7cd60d81
+				bl..43806f07
+			};..0180efbf
+		},..bcb4ac04
+		meth..0e1a1539
+			gen..8b546bcd
+				if..183a0047
+..3d337b75
+				if..e944ae2f
+..3d337b75
+				co..e1cea5a5
+				th..c11e64a4
+				re..4558726e
+			}..2c2127af
+		}..aa528992
-				Co..d3ceebf4
+				Co..9661daa6
-				Co..f85d35b2
+				Co..2011c9be
-			if ..06b5a313
-				le..4b1dca92
+			if ..0e68334d
+				le..f59bf10e
+				cu..9be6fef0
-		}..bc4f99a7
+		},..bcb4ac04
+		this..8f6e9696
+		this..458f8d6d
-		this..c4c47eeb
+		this..d7c78b99
-..e73bc2cb
+..3d337b75
-			thi..8dbf1153
+..3d337b75
+			Coo..35e60f80
+				ex..8f5bac2d
+				se..839e14b2
+			});..ed25503c
+..3d337b75
+			// ..e7ba9c03
+			Ana..bbb41e7b
-			thi..dc870147
+..3d337b75
+			// ..0a6487de
+			// ..027e359e
+			let..0e56710d
+				th..e18226bc
+				th..471c1038
+			];..3a68e3c8
+..3d337b75
+			// ..352354ed
+			if ..fc256352
+				le..4839a38e
+				pa..5658632b
+				wi..0a5d96d0
+			}..2c2127af
-				th..7caed3aa
-				Co..308e5fe1
+				th..90f05d21
+				Co..de71d771
-		chan..3f004bcd
-			if ..d60f4a3e
+		chan..5e56f8cb
+			if ..308cc963
-			let..1b02d966
-			pat..b36d8069
-			win..e9f58744
+			// ..ea98a322
+			Coo..a25be618
+				ex..b488da01
+				se..839e14b2
+			});..ed25503c
+..3d337b75
+			// ..d946fc51
+			if ..22d4a8a6
+				le..4839a38e
+				pa..5658632b
+				wi..0a5d96d0
+			}..2c2127af
+..3d337b75
+			ret..56454b75
+		},..bcb4ac04
+		chan..cb1c0721
+			if ..0e5349bc
+			els..28b68382
+..3d337b75
+			// ..ff3501ed
+			if ..ee167cc1
+			els..9d94c51d
+				ex..b488da01
+				se..839e14b2
+			});..ed25503c
+..3d337b75
+			// ..e7ba9c03
+			Ana..d99938f0
+..3d337b75
+			ret..56454b75
-..e73bc2cb
+..3d337b75
-..e73bc2cb
+..3d337b75
-		dism..9830ec79
-		this..504a897d
-..e73bc2cb
-		dele..70566a22
-			thi..68b5e1b2
-			thi..d3497742
-		},..7913e997
-import..0225104d
-const ..5180f8b9
-..e73bc2cb
- * Mak..d332f55b
- *..714bea7d
- * @pa..70b24759
- * @pa..f5780e92
- * @pa..b31cbb4f
- * @pa..efb76a69
- * @re..e3185cd7
- */..6e15b8a6
-Vue.pr..19974a3f
-	// de..440b2468
-	if (t..ca3873df
-	if (t..196a4114
-..e73bc2cb
-	let u..ff875ef2
-	retur..bbe10af5
-		'Con..d01c8d62
-		//'A..30dcec1e
-		'X-R..64c9f9ec
-		'X-X..4baba2ec
-		'X-L..9b661e52
-	}, fu..dab19a03
-		if (..84c856fa
-			cal..bc506ff6
-		}..bc4f99a7
-	});..7e383827
-};..cf3a8f4b
-..e73bc2cb
-/**..c92965e8
- * Gen..c307262d
- *..714bea7d
- * @ty..3b141597
- */..6e15b8a6
-const ..159c8a81
-Vue.pr..db238ef1
-	if (t..af6e70ac
-		retu..7f5b8d97
-	}..30ecde15
-..e73bc2cb
-	if (!..a82fe83d
-		retu..f3c8b07a
-	//thr..ff1acf8c
-..e73bc2cb
-	const..c968ea8c
-	addrB..f51d076a
-	retur..b04826f7
-};..cf3a8f4b
-..e73bc2cb
-/**..c92965e8
- * Get..a5185bd7
- *..714bea7d
- * @re..e3185cd7
- */..6e15b8a6
-Vue.pr..af9ec09a
-	retur..f143b5f1
-};..cf3a8f4b
-..e73bc2cb
-/**..c92965e8
- * Che..337b890e
- *..714bea7d
- * @re..fc0346c5
- */..6e15b8a6
-Vue.pr..2a6c288d
-	retur..8d4dd128
-};..cf3a8f4b
-..e73bc2cb
-/**..c92965e8
- * Che..dae5ef7b
- *..714bea7d
- * @re..e3185cd7
- */..6e15b8a6
-Vue.pr..3f412ea6
-	retur..e2a2ec4e
-      ..04042a9e
-      ..73059b34
-    })..74cad183
-};..cf3a8f4b
-..e73bc2cb
-/**..c92965e8
- * Che..0fdc69a5
- *..714bea7d
- * @re..fc0346c5
- */..6e15b8a6
-Vue.pr..344ce372
-	retur..c49e4860
-};..cf3a8f4b
-..e73bc2cb
-/**..c92965e8
- * Dis..6367393e
- *..714bea7d
- * @re..e3185cd7
- */..6e15b8a6
-Vue.pr..0d19d4cc
-	retur..053fd086
-};..cf3a8f4b
-..e73bc2cb
-/**..c92965e8
- * Che..109e444e
- *..714bea7d
- * @re..fc0346c5
- */..6e15b8a6
-Vue.pr..c629d273
-	retur..9b6806aa
-};..cf3a8f4b
-..e73bc2cb
-/**..c92965e8
- * @pa..510b1418
+	'auto..6d12cda6
+	'curr..86bb2caf
+		<md-..00a580bf
+			<la..4d7411fe
+			<md..4a5e20d5
+				<m..dd55d361
+				@f..6b7cc317
+					<..69f5d1de
+				@e..cffae18d
+			</m..5d6383ab
+		</md..2dc9dac2
-	<md-b..e20354b5
+	<md-b..493e940b
-					<..8de63ad2
-						..154f11a6
-						..83806fcb
-						..2bea4013
-						..633cee3b
-						..ecad3eac
-						..2bea4013
-					<..c9fbdcd7
+..3d337b75
+					@..ed50b953
+						..dbc31422
+						..9cf1849d
+						..b18ea803
+						..5f052d8a
+						..520c4ccb
+						..54bd7e2f
+						..5f052d8a
+						..7e13dbe7
+					@..5fd30646
-						..5e83fe65
+						..dc0e5f26
-			<di..1b8ab658
+			<di..7f1aa0a7
-			<di..7c74c380
+			<di..6659e33b
-			<di..7f9672f2
+			<di..6f566dd5
-Route:..c766633d
+Route:..a93f12b8
-	Route..be0b361f
+	Route..516ca933