-				if..95e9dfc0
-				el..33f26bfd
-..e73bc2cb
-					-..dad0381c
- * @me..191f8ede
- * @me..d453287c
-	prote..0ddd9af4
-	/** @..fa08def4
-					<..f1b45c3d
-						..52a413c7
-					<..a82e2802
-					<..752f2014
+					<..68879402
+						..5ae6d4ad
+						..5cb1a754
+						..517141ff
+						..3216c0ba
+						..6225846c
+					<..68879402
+						..5ae6d4ad
+						..5cb1a754
+						..d37a6357
+						..3216c0ba
+						..2599e129
+					<..3e851921
+						..a889357b
+					<..440f9251
-					@..c7fcfa5c
+					<..85a42c24
+					<..0def5293