-			if ..fb8957ee
+			if ..5ab7a96f
-					<..920116c7
+					<..ed57c637
-					<..fc99af1f
+					<..2c603c85
-					<..391a4d3e
+					<..025c3c43
-					<..16ce709f
-						..a75bb60d
+					<..100f0291
+						..47a7db02
-					<..16ce709f
-						..3b17ea85
+					<..c5c1c336
+						..4d1dcc87
-					<..16ce709f
-						..9218db94
+					<..226ef130
+						..c7d32e66
-		widt..514b6782
+		widt..01da7c6c
-			bac..37652d49
+			bac..6547092d
+			opa..a9628383
-		back..9053ab95
+		back..6d652ca2
-		bord..e5efd907
+		bord..9418f3bd
-		colo..61cb114d
+		colo..0bbd9bed
-		colo..61cb114d
+		colo..0bbd9bed
-			col..f0c689fe
+			col..757f3cac
-		marg..1104e4d7
+		marg..97b68341
-	.isOp..56e7a6e4
-	.isOp..df820dec
-		back..519775b0
-	}..30ecde15
+	'cont..d57826cb
+	'term..867583dd
+	'priv..c3dd669d
+	'cook..41938606
-						..d8ff5c9a
+						..20174ef0
-						..8364e42c
+						..69b8f6d1
-						..51a30f84
+						..51fce3bf
-	<slid..f96b28ae
+..3d337b75
+	@if(c..815c8520
+		<sli..dfe3d5fe
+	@endi..59c5fc34