-		<spa..ab081a20
+		<spa..988b8c2a
-		<li ..17b964f5
-			<a..79e89a05
-				@c..1c1ab2f1
+		<li..f9f5e1a6
+			:cl..839c1601
+			v-i..d935941d
+			<a ..1e7dd2fc
-		<li ..0bd2aefe
-			<a..79e89a05
-				@c..e3d92dc0
-				:c..5db3224a
+		<li..f9f5e1a6
+			:cl..f874e5e2
+			v-i..f65fea7d
+			<a ..9d7ade74
-		<li ..fb28fa5d
-			<a..79e89a05
-				@c..58121af9
-				:c..09cf18ba
+		<li..f9f5e1a6
+			:cl..121b4f3e
+			v-i..067c052b
+			<a ..4609524f
-		<li ..a4aed3a4
-			<a..79e89a05
-				@c..92bead19
-				:c..4bfb0ff6
+		<li..f9f5e1a6
+			:cl..10374ec9
+			v-i..2196ad4a
+			<a ..9bbecc53
-		<li ..13f9f04e
-			<a..79e89a05
-				@c..4233d365
-				:c..67a12111
+		<li..f9f5e1a6
+			:cl..0e3d5219
+			v-i..a641123f
+			<a ..1f46ae44
-		<li ..350445f6
-			<a..79e89a05
-				@c..4712faef
-				:c..cfabfdcd
+		<li..f9f5e1a6
+			:cl..ab924477
+			v-i..20739513
+			<a ..dc275b9d
-		<li ..b4744e80
-			<a..79e89a05
-				@c..d5eb899d
-				:c..efc3339c
+		<li..f9f5e1a6
+			:cl..5d74b178
+			v-i..fa80a6d7
+			<a ..5f45dcb1