+++ /de..9e4b0aa8
-<?php..7f22410f
-..d941aa1e
-namesp..e6b6b86f
-..d941aa1e
-use En..c4542320
-use Il..4ff4daca
-use En..6375da82
-use En..455a9ac7
-use En..482158c4
-..d941aa1e
-class ..5aa8886d
-..d941aa1e
-	priva..1ceac87c
-..d941aa1e
-	/**..158fcfda
-	 * Th..623c63b6
-	 *..b2b25f16
-	 * @v..d9ca67b5
-	 */..878123b3
-	prote..7016e774
-..d941aa1e
-	/**..158fcfda
-	 * Th..425428ac
-	 *..b2b25f16
-	 * @v..d9ca67b5
-	 */..878123b3
-	prote..8c007cb8
-..d941aa1e
-	/**..158fcfda
-	 * Cr..f30d9aec
-	 *..b2b25f16
-	 * @r..700b9ecb
-	 */..878123b3
-	publi..7ea1fb3c
-		pare..cb45cfe3
-	}..4f061aa6
-..d941aa1e
-	/**..158fcfda
-	 * Ex..6a06bb46
-	 *..b2b25f16
-	 * @r..ede14246
-	 */..878123b3
-	publi..cf74b1ae
-		$tim..dcf07a7b
-		$thi..f857d932
-..d941aa1e
-		// s..16d38070
-		if (..7e1f4cce
-..d941aa1e
-		$thi..d8ca4179
-		$thi..e459b127
-..d941aa1e
-		$cur..645abcff
-		$end..8345dee1
-..d941aa1e
-		whil..9fc5d4aa
-			$th..66882f2c
-..d941aa1e
-			// ..1b561cac
-			$ro..1cb95f6f
-				->..4f954648
-				->..afbd1fe4
-..d941aa1e
-			// ..44ce604e
-			if ..d1e268e5
-				$n..14aa94b0
-				fo..3acb810c
-					$..a4336be9
-					f..c3d2799a
-						..8b5b505c
-						..4fdb2a42
-						..5ad3a03c
-						..1d96b12f
-					}..f16829aa
-..d941aa1e
-					$..5ea52233
-				}..d4e802c8
-..d941aa1e
-				//..aebcf408
-				if..550ab476
-					$..44744dc9
-					f..51059bd4
-						..aa3ff223
-					}..f16829aa
-				}..d4e802c8
-			}..339e9fc5
-..d941aa1e
-			$cu..e11e1eab
-		}..fdd35b20
-..d941aa1e
-		$tim..8e715f3c
-		$ela..45ba651c
-		$thi..a4d58253
-	}..4f061aa6
-..d941aa1e
-}..2eba799f
--- /de..0c0059f6
+<?php..1f5dc964
+..f60a7ab7
+namesp..4bc4a319
+..f60a7ab7
+use En..e4f56c89
+use Il..97fff8a8
+use En..53a1ebe3
+use En..dd98228c
+use En..5ca929b2
+..f60a7ab7
+class ..823f61ee
+..f60a7ab7
+	priva..81d93979
+..f60a7ab7
+	/**..c6cfb0ea
+	 * Th..76b58dbb
+	 *..f90b57aa
+	 * @v..34d2a624
+	 */..310a3cd9
+	prote..f46f17f3
+..f60a7ab7
+	/**..c6cfb0ea
+	 * Th..e05b4518
+	 *..f90b57aa
+	 * @v..34d2a624
+	 */..310a3cd9
+	prote..55c30c67
+..f60a7ab7
+	/**..c6cfb0ea
+	 * Cr..f32b49d3
+	 *..f90b57aa
+	 * @r..14e2d83a
+	 */..310a3cd9
+	publi..5547d697
+		pare..1a8e94e2
+	}..3535b7d6
+..f60a7ab7
+	/**..c6cfb0ea
+	 * Ex..d0478ab6
+	 *..f90b57aa
+	 * @r..225c8694
+	 */..310a3cd9
+	publi..a332896e
+		$tim..aa47a090
+		$thi..2abb8894
+..f60a7ab7
+		// V..4dcefff1
+		if (..56a3ffc6
+			$th..26258245
+			ret..7d266442
+		}..7833dd1d
+..f60a7ab7
+		// s..62ffc286
+		if (..9f3f3610
+..f60a7ab7
+		$thi..50270cad
+		$thi..be2d459c
+..f60a7ab7
+		$cur..d157106e
+		$end..85b0c8e4
+..f60a7ab7
+		$fro..cea25ec2
+		swit..1648cf17
+			cas..3018148b
+				$f..5c2f861c
+				$t..437585f8
+				br..5609edb2
+			cas..3d43600c
+				$f..d5e58bd7
+				$t..43beb17e
+				br..5609edb2
+		}..7833dd1d
+..f60a7ab7
+		whil..8160d7fa
+			$th..7ba06669
+..f60a7ab7
+			// ..02848c90
+			$ro..4af2a75e
+				->..76ee2601
+				->..9374c209
+..f60a7ab7
+			// ..8f12e03d
+			if ..4d8245c3
+				$n..c56ce9e8
+				fo..cb37317d
+					$..c505a19b
+					f..f2ad1426
+						..d7ff025c
+						..d6c91328
+						..c477fa7c
+						..9b4279a4
+						..4239d31a
+						..28a30ffe
+						..47d2d7c5
+						..ee262d30
+						..8f96ea05
+..f60a7ab7
+						..4511af9f
+					}..9d303d75
+..f60a7ab7
+					$..eb12fd0a
+				}..6fb07d9d
+..f60a7ab7
+				//..67c40c16
+				if..f493739a
+					$..5a0239a9
+					f..d946a541
+						..bd16132c
+					}..9d303d75
+				}..6fb07d9d
+			}..671f7ad4
+..f60a7ab7
+			$cu..6487e54e
+		}..7833dd1d
+..f60a7ab7
+		$tim..ee9f265c
+		$ela..80dc3f64
+		$thi..dc3bf816
+	}..3535b7d6
+..f60a7ab7
+}..dd0b3c86
+++ /de..9e4b0aa8
-<?php..7f22410f
-..d941aa1e
-namesp..e6b6b86f
-..d941aa1e
-use En..c4542320
-use Il..4ff4daca
-use En..6375da82
-use En..455a9ac7
-use En..482158c4
-..d941aa1e
-class ..260f348e
-..d941aa1e
-	priva..1ceac87c
-..d941aa1e
-	/**..158fcfda
-	 * Th..623c63b6
-	 *..b2b25f16
-	 * @v..d9ca67b5
-	 */..878123b3
-	prote..2d74af05
-..d941aa1e
-	/**..158fcfda
-	 * Th..425428ac
-	 *..b2b25f16
-	 * @v..d9ca67b5
-	 */..878123b3
-	prote..8c007cb8
-..d941aa1e
-	/**..158fcfda
-	 * Cr..f30d9aec
-	 *..b2b25f16
-	 * @r..700b9ecb
-	 */..878123b3
-	publi..7ea1fb3c
-		pare..cb45cfe3
-	}..4f061aa6
-..d941aa1e
-	/**..158fcfda
-	 * Ex..6a06bb46
-	 *..b2b25f16
-	 * @r..ede14246
-	 */..878123b3
-	publi..cf74b1ae
-		$tim..dcf07a7b
-		$thi..f857d932
-..d941aa1e
-		// s..16d38070
-		if (..7e1f4cce
-..d941aa1e
-		$thi..d8ca4179
-		$thi..e459b127
-..d941aa1e
-		$cur..645abcff
-		$end..8345dee1
-..d941aa1e
-		whil..9fc5d4aa
-			$th..66882f2c
-..d941aa1e
-			// ..1b561cac
-			$ro..1cb95f6f
-				->..4f954648
-				->..afbd1fe4
-..d941aa1e
-			// ..44ce604e
-			if ..d1e268e5
-				$n..14aa94b0
-				fo..3acb810c
-					$..a4336be9
-					f..c3d2799a
-						..8b5b505c
-						..4fdb2a42
-						..5ad3a03c
-						..1d96b12f
-					}..f16829aa
-..d941aa1e
-					$..5ea52233
-				}..d4e802c8
-..d941aa1e
-				//..aebcf408
-				if..550ab476
-					$..44744dc9
-					f..51059bd4
-						..aa3ff223
-					}..f16829aa
-				}..d4e802c8
-			}..339e9fc5
-..d941aa1e
-			$cu..e11e1eab
-		}..fdd35b20
-..d941aa1e
-		$tim..8e715f3c
-		$ela..45ba651c
-		$thi..a4d58253
-	}..4f061aa6
-..d941aa1e
-}..2eba799f