-			$re..a80f565c
+			$re..e47293cc
-				$d..ac373ae2
+				$d..a47c7680
+	publi..4036240d
+		retu..b61d4e62
+	}..3535b7d6
+..f60a7ab7
+			'fe..a4a4ebc7
-	'logo..41e57c9e
+	'cust..e3e36bff
-	  "mo..8baa8506
+    "m..b590bb9c
+    "v..7fa31e76
+    "v..c7a11a10
+if (ty..1f36e94b
+if (ty..a1c8f954
+..f60a7ab7
-requir..aa028a98
+requir..091aabae
+..f60a7ab7
+/**..e9cbca83
+ * App..6e8b4288
+ */..f6bdc080
+requir..aec605c0
-	impor..a8babadc
+	//imp..6d2a2b94
+		comp..0bb9ed57
+			'et..a2727a7e
+		},..fafe38fe
-				Ex..50cfd8d9
+				//..af689103
-		},..365cc97b
-		comp..2ff1f6ab
-			'et..bab50e7b
-				re..db91dad7
+				re..f08f52f8
-				re..76681b53
+				re..94944ded
-						..e0cf80b3
-						..0396d8f7
+						..6f58ff59
+						..6b740d67
+						..f0390124
+						..91ca0aab
-						..b8843822
-						..c3df8d52
+						..7628e965
+						..6b740d67
+						..4b74e539
+						..91ca0aab
-						..5f55b902
-						..c513fea3
+						..1d3497cc
+						..6b740d67
+						..627a1edf
+						..91ca0aab
-		name..9165d649
-		prop..da9c0ae6
+		prop..20900ef6
+			'se..bd2aea36
+			'ic..7da2cb50
+			'bl..89c55646
+			'se..b37ef556
+		],..289b7877
-				ru..2b77ccc1
-			thi..6d7edb89
-..d941aa1e
+			//c..b18979b8
-					l..536936f7
+					l..41df5680
+import..acd6060b
+import..ec97188b
-const ..b9d83265
-	el: '..3a332949
+this.e..6910db56
+	el: '..b09ec15c
-		loca..0cba55a0
-		them..6005e4e7
-			cur..53159e47
-			isC..b92618f5
-		},..365cc97b
+		them..3a191b95
-				la..fcad8767
+				la..ceae7f21
-		this..983e50f8
+		this..911d0a26
+		'chr..7582b1bf
+		'vue..3a6dc4f6
-					&..c11b8565
-				) ..a3bedf1a
+					&..f4e2fd5e
+				) ..b1a1bb75
-		incr..8648e944
-			if ..b860b905
+		incr..80a550c0
+			let..7900d6d5
+			if ..c2006e4e
+			els..c8a88a8a
+			els..ba39343d
+			els..94fa7f18
+			els..beea42eb
+..f60a7ab7
+			if ..1923a0cc
-			if ..df946d06
-			thi..b049885f
+			if ..c6fcb65f
+			thi..2653f699
-				ap..2713be5c
+				ap..0a8bf333
-		incr..4c9408c1
+		incr..8a767b3b
-			if ..3d9a67ea
+			if ..ece6269b
-				wi..d661d0a6
+				th..cd33720f
-});..d8786af1
-..d941aa1e
-export..a89c448c
-	goTo:..720f6e8e
-}..2eba799f
+});..84f6229c
-			'X-..0a81c4a6
-			'X-..70561488
+			'X-..b1c91cc4
+			'X-..6330a75e
-		if (..9adc485b
+		if (..2d4ea6d8
-		//'A..b6c20e2b
+		//'A..d9e29c2a
-		'X-L..c42dd87f
+		'X-L..167603d0
-	if (t..7c817737
-		app_..b08c3c9c
+	if (t..d42fb4b9
+		app_..e3ef70e8
-	local..22fbb2e0
+	local..ba7f1fd2
-	if (p..d8dd6b4d
+	if (p..cda3b837
-	if (t..6c754d6c
-		path..d1aa73f7
+	if (t..6a5c00cf
+		path..e9a10010
-			num..c6a626b4
+			num..4ebdd16a
-			num..4c777ebb
-		} el..effe5cb7
+			num..58351afc
+		} el..344520a3
- * Get..42e8b0ca
- *..f814f039
- * @re..a133f7a6
- */..7aa5e894
-Vue.pr..4591a088
-	retur..054998bc
-};..3d020b9f
-..d941aa1e
-/**..2fabe0d4
-	let l..65f16be3
-	let d..0ddc9fde
-	let d..93517c2b
+	let l..820d8a93
+	let d..ba27d5fa
+	let d..8f436210
-		'btc..f6972b21
-		'ltc..6a2272cc
-		'eth..b687a553
-		'usd..fc868217
+		'btc..f4ec4e00
+		'ltc..d4b6611b
+		'eth..027babe2
+		'usd..8f995dcf
-	local..206f6f6f
-	curre..1fdc4528
+	local..0c3006cf
+	curre..a688273d
-	retur..029bd13d
+	retur..66fc261f
-	retur..51548c10
+	retur..9b0520c0
-	retur..194b3264
+	retur..06761e0b
-	if (w..bfec4111
+	if (V..03c90604
+	.colo..8efe2f9c
+		back..2b1331fe
+		curs..11f007d6
+		widt..fd9065ac
+		heig..4a425200
+..f60a7ab7
+		.sel..05b38380
+			mar..295a192e
+			pad..4cb47aed
+			bac..09df285d
+		}..7833dd1d
+..f60a7ab7
+		.no-..d4e519f0
+			cur..cd4283f1
+		}..7833dd1d
+	}..3535b7d6
+..f60a7ab7
+	.bran..6e5ccc79
+		font..74fe2410
+	}..3535b7d6
+..f60a7ab7
-		padd..b2260932
+		z-in..2684cefc
-				fo..6086011d
+				fo..50e632eb
-					c..d4945cc8
+					c..cdc305d9
-				<m..486eeb7b
-					<..b57c9a06
+				<m..285bb3bd
+					<..f4d4dbbb
+		@if ..c8f57645
+			<di..c78bfe48
+				<a..12fe65f0
+			</d..1c771de4
+		@end..508d8ac0
+..f60a7ab7
-			@la..dd115e50
-			@la..52e3e623
-				<m..486eeb7b
-					<..b57c9a06
+				<m..285bb3bd
+					<..f4d4dbbb
-			@la..78de8460
-			@la..e47501c9
-				@l..b8114edd
-				@l..1f14111c
-@secti..a8ee7539
-	<scri..46a6c82e
-@endse..53a6d4a2
+..f60a7ab7
+	@if (..6ac37ceb
+		<!--..4d40978c
+		@inc..ba84b00f
+	@endi..f9ec25ac
-						..dd78b414
+						..eaca551a
-<head>..55c3e95c
-	<meta..b71cb472
-	<meta..c8a178b7
-	<meta..90b0547f
-	<meta..8a777955
-	<meta..12f7bdcf
-	<meta..30b38522
-	<meta..4137fee6
-	<meta..4437ac71
-	<meta..7c3b80ea
+	<head..b642e0c4
+		<met..256a43d7
+		<met..066dd2bc
+		<met..db0590e4
+		<met..d2072be9
+		<met..de1497ae
+		<met..3e5b194d
+		<met..deee8e8f
+		<met..23ed1853
+		<met..7585b6d9
+..f60a7ab7
+		<tit..6ba2bf82
+..f60a7ab7
+		@if ..8d6c1272
+			<li..52409c1a
+..f60a7ab7
+		@if(..9a61d301
+			<!-..f094a4d1
+			<li..ede75385
+		@end..508d8ac0
+..f60a7ab7
+		@if(..9718b255
+			<!-..4e16246d
+			<sc..a13b9a1b
+			<sc..3e303c60
+				wi..face95de
-	<titl..3a5d54f4
+				fu..e7a693a5
+					d..c44875d3
+				}..6fb07d9d
-	@if (..8eac3278
-..d941aa1e
-	@if(c..6d5eff9b
-		<!--..d32eab8a
-		<lin..31e5f941
-	@endi..cd92825f
-..d941aa1e
-	@if(!..faea23e2
-		<!--..ab44c5b1
-		<scr..794cef18
-		<scr..c0daae95
-			win..c7ffa451
-..d941aa1e
-			fun..54fa6969
-				da..d1c93613
-			}..339e9fc5
-..d941aa1e
-			gta..8ce42c6c
-			gta..1aa003b5
-		</sc..1aba41fc
-    @e..32f82d38
-      ..e2a7c51b
-	@endi..cd92825f
-..d941aa1e
-	<!-- ..a9c8490b
-	@them..0e72e865
-..d941aa1e
-	<!-- ..f94bb967
-	@yiel..7687f765
-</head..f19d730f
-<body>..ac3bceb2
-@secti..b1c46adc
+				gt..baf8e50e
+				gt..fa1858f2
+			</s..1018b442
+		@els..5605aafa
+		<!--..50493009
+		@end..508d8ac0
+..f60a7ab7
+		<!--..eea3b2a2
+		@the..63aeb8f3
+..f60a7ab7
+		<!--..c2cd4ce0
+		@yie..9623ab39
+	</hea..d360925d
+	<body..df117ab9
-		@yie..e237c458
-	</div..6377e115
-..d941aa1e
-	<!-- ..c94b9e78
-	<scri..53e76bd5
-..d941aa1e
-	<!-- ..e69683f5
-	@if (..6b0e3970
-		<scr..5f30e848
-	@else..195b5957
-		<scr..63299fe7
-	@endi..cd92825f
-@endse..53a6d4a2
-@yield..83faf2b7
-..d941aa1e
-@if (i..e038590c
-	<!-- ..15455bc4
-	<scri..fc6503c6
-		wind..89736f0a
-		docu..9dba0442
-	</scr..d9d784cd
-@endif..33261e8e
-..d941aa1e
-@if (i..dd9a64cc
-	<!-- ..265ec933
-	<scri..64b717f9
-		wind..f3a48eed
-      ..8129851c
-	</scr..d9d784cd
-@endif..33261e8e
-..d941aa1e
-<!-- P..57a3537c
-@yield..2e1ba594
-..d941aa1e
-@inclu..66c44917
-</body..5f1bf86e
+			@yi..fe19bfce
+		</di..5d30f281
+..f60a7ab7
+		<!--..f2aba369
+		@if ..b12faed0
+			<sc..8f392c96
+		@els..5605aafa
+			<sc..6974821a
+		@end..508d8ac0
+..f60a7ab7
+		@yie..d5ab4bcd
+..f60a7ab7
+		@if ..45387c06
+			<!-..d7d23c15
+			<sc..43173793
+				wi..6e8027d8
+				do..65a8aaad
+			</s..1018b442
+		@end..508d8ac0
+..f60a7ab7
+		@if ..250efc05
+			<!-..ab7ada4f
+			<sc..0bdfeba2
+				wi..bbea367d
+				do..18668a8a
+			</s..1018b442
+		@end..508d8ac0
+..f60a7ab7
+		<!--..94d52785
+		<scr..5820a157
+..f60a7ab7
+		<!--..3bf5540f
+		@yie..395f3aa9
+..f60a7ab7
+		@inc..3d8c1e95
+	</bod..d0212714
--- /de..0c0059f6
+<vue-d..e11538bd
+	<div ..a4c158f6
+		<div..71fc1346
+			<md..bb485edc
+				<l..985f90aa
+				<m..b1402b73
+					@..ad2a4294
+						..c3dc88d1
+					@..be27f3fc
+				</..813a05ef
+			</m..f1760357
+		</di..5d30f281
+		<div..2b934c33
+			<ch..7c263330
+		</di..5d30f281
+	</div..5ca8d39a
+</vue-..c237fac3
+"@type..b75652ca
+  vers..6ca77251
+  reso..7aaa5fe3
+  inte..0e519243
+..f60a7ab7
+aes-js..901ff235
+  vers..9523fcb4
+  reso..dec49e1f
+  inte..dec28a49
+..f60a7ab7
+any-pr..394ed6db
+  vers..e7db6980
+  reso..4d0ef60c
+  inte..4a10003a
+..f60a7ab7
+async-..25162908
+  vers..5473b0fd
+  reso..34dcff0c
+  inte..269e5b3f
+..f60a7ab7
+base64..1e7c6245
+  vers..608424f6
+  reso..bce1a1c3
+  inte..64f0e4fc
+..f60a7ab7
+bl@^1...ea123973
+  vers..459401a8
+  reso..d8678061
+  inte..b0cd0f9b
+  depe..969959a0
+    re..8d848543
+    sa..d57644f9
+..f60a7ab7
+bluebi..28df39b2
+  vers..031a7872
+  reso..ceb8bf82
+  inte..919275cc
+..f60a7ab7
-bn.js@..176a55e5
+bluebi..c9451fb2
+  vers..c32ed85c
+  reso..e0caaa99
+  inte..4887fd4d
+..f60a7ab7
+bn.js@..943231d5
+  vers..f5717987
+  reso..839a3677
+  inte..0e6c03f1
+..f60a7ab7
+bn.js@..607b3e54
+  inte..08e169b5
-body-p..de15819d
+body-p..d4e650e4
+  inte..00b07536
+browse..8d8dc455
+  vers..7d25ca64
+  reso..b1b52e8a
+  inte..1906ed33
+  depe..969959a0
+    js..8fbc361c
+..f60a7ab7
+buffer..485e9c8d
+  vers..337cded0
+  reso..3436b7a0
+  inte..9e0ac4b3
+..f60a7ab7
+buffer..c1c2af03
+  vers..7ed9146f
+  reso..8c5890d9
+  inte..c5dfda7b
+  depe..969959a0
+    bu..37dca2fa
+    bu..971b0f57
+..f60a7ab7
+buffer..2b69b076
+  vers..3711ce45
+  reso..a43f92c6
+  inte..040686b4
+..f60a7ab7
+buffer..0997108c
+  vers..5473b0fd
+  reso..1d5ea0d3
+  inte..b0bef787
+..f60a7ab7
+buffer..95c08e7d
+  vers..98e3540e
+  reso..0a795f19
+  inte..86f66192
+..f60a7ab7
+buffer..96fc6298
+  vers..4c032f9d
+  reso..3bdd73f1
+  inte..950fad2f
+  depe..969959a0
+    ba..ebb8981f
+    ie..4a678fe4
+    is..7a1d5e52
+..f60a7ab7
+buffer..8d2352cb
+  vers..420adf55
+  reso..c620e048
+  inte..6a2c567d
+  depe..969959a0
+    ba..42b16fcb
+    ie..4a678fe4
+..f60a7ab7
-can-pr..75dc1281
+can-pr..0e24f55b
+  inte..a95be727
-chalk@..03c084e7
+chalk@..b1c87e55
+clamp@..9f05663a
+  vers..e5ba6eca
+  reso..a15b4d12
+  inte..3722c60e
+..f60a7ab7
+comman..8fc0c50f
+  vers..1f85d64e
+  reso..10f0ad95
+  inte..03f58fe7
+..f60a7ab7
+comman..f1e1090d
+  vers..c85750dc
+  reso..b27dba34
+  inte..319835c2
+  depe..969959a0
+    gr..449c04f2
+..f60a7ab7
+cookie..8bf428ba
+  vers..3561b070
+  reso..686b891e
+  inte..2276459b
+..f60a7ab7
+cors@^..fc15464a
+  vers..cc9a15c4
+  reso..b3be4fd3
+  inte..fa5eb5fc
+  depe..969959a0
+    ob..13ab3e7d
+    va..fcc13218
+..f60a7ab7
-crypto..014822e0
+crypto..e55dc965
+  inte..306a9122
+decomp..a4c7cda1
+  vers..196b2faa
+  reso..382c4ae9
+  inte..8d90eec3
+  depe..969959a0
+    mi..3c3a6cda
+..f60a7ab7
+decomp..d09e9c2c
+  vers..a59e286c
+  reso..3bea8c41
+  inte..e441a160
+  depe..969959a0
+    fi..6551eb71
+    is..055a301d
+    ta..c395f828
+..f60a7ab7
+decomp..0f6cc081
+  vers..a59e286c
+  reso..b372b0bd
+  inte..26af217c
+  depe..969959a0
+    de..25dbd287
+    fi..21e164ef
+    is..055a301d
+    se..be37c2f0
+    un..1b38a24d
+..f60a7ab7
+decomp..faa5ddd7
+  vers..a59e286c
+  reso..310cb0f1
+  inte..0742b277
+  depe..969959a0
+    de..2875f169
+    fi..6551eb71
+    is..055a301d
+..f60a7ab7
+decomp..603443c4
+  vers..359e2f04
+  reso..dcf3ae27
+  inte..7521b4d1
+  depe..969959a0
+    fi..fb32e601
+    ge..56ee01f0
+    pi..f4525115
+    ya..07016859
+..f60a7ab7
+decomp..fca73e09
+  vers..c4ad2324
+  reso..5c4f3da2
+  inte..39a4f0d2
+  depe..969959a0
+    de..b85f6ef5
+    de..943c6a8e
+    de..67f3a7c9
+    de..7f518055
+    gr..5335713c
+    ma..cd012444
+    pi..f4525115
+    st..c9044019
+..f60a7ab7
+duplex..10d7b67f
+  vers..2d396826
+  reso..b94f0c6b
+  inte..c8fcca8d
+..f60a7ab7
-ellipt..25b340f2
+ellipt..c2c780a9
+  vers..3b74178e
+  reso..12b6d5b2
+  inte..f40274d0
+  depe..969959a0
+    bn..13517289
+    br..8c9041d0
+    ha..1abddbfd
+    in..5c25f82f
+..f60a7ab7
+ellipt..f765e0a7
-es6-ma..ccc1ee1b
+es6-ma..2264b7c2
+  inte..e89b1a4c
+eth-en..f94cafba
+  vers..86f6bf3f
+  reso..0b90f06b
+  inte..cf541196
+  depe..969959a0
+    id..24f7c156
+    js..4e23ba84
+..f60a7ab7
+eth-li..13d2b11d
+  vers..18514138
+  reso..a2adfef5
+  inte..978f3c48
+  depe..969959a0
+    bn..c83f3a90
+    el..c69db181
+    ke..e9ac51f0
+    na..f09ea66d
+    se..325c6639
+    ws..6b5999ad
+    xh..70288104
+..f60a7ab7
+eth-li..4d1f549a
+  vers..2c4bb09d
+  reso..876a0c8b
+  inte..5bc7fcd0
+  depe..969959a0
+    bn..c83f3a90
+    el..c69db181
+    xh..70288104
+..f60a7ab7
+ethers..08c09d0a
+  vers..ae65e952
+  reso..9f0f2609
+  inte..4689542e
+  depe..969959a0
+    "@..ba43feb2
+    ae..14587f70
+    bn..13517289
+    el..786f0ec2
+    ha..51917fcb
+    js..7d37dc0b
+    sc..846cba86
+    se..ac2d2495
+    uu..caa3af5f
+    xm..086165fd
+..f60a7ab7
+ethjs-..9e65b688
+  vers..12c8dcdd
+  reso..91860a37
+  inte..7dc5b186
+  depe..969959a0
+    bn..18d656e4
+    nu..7614d679
+..f60a7ab7
+evente..a15ee85f
+  vers..3d7d7b10
+  reso..e0a61f4d
+  inte..6ba42dd5
+..f60a7ab7
-expres..f56ffdb2
+expres..f3ca568d
+  inte..e55ff3be
+fd-sli..9bcc57ea
+  vers..337cded0
+  reso..627cab43
+  inte..e70494dc
+  depe..969959a0
+    pe..d57b42a2
+..f60a7ab7
+file-t..3aefeffd
+  vers..1ce96457
+  reso..b734323b
+  inte..7cac592f
+..f60a7ab7
+file-t..c9f60ca3
+  vers..c1504ec3
+  reso..45cafe52
+  inte..2a8c4aab
+..f60a7ab7
+file-t..88cc95a6
+  vers..68d98486
+  reso..7715ced9
+  inte..68893c49
+..f60a7ab7
+fs-con..914b19bf
+  vers..5473b0fd
+  reso..c0336942
+  inte..a2c273db
+..f60a7ab7
+fs-ext..25341ecf
+  vers..3561b070
+  reso..32efe285
+  inte..ed4975b9
+  depe..969959a0
+    gr..2b410a8a
+    js..ddebcff6
+..f60a7ab7
+fs-pro..1f166721
+  vers..ab752b94
+  reso..e9b858bf
+  inte..91f7cd3b
+  depe..969959a0
+    an..8740a2ad
+    fs..48baf759
+    mz..1e491830
+    th..f60f2a40
+..f60a7ab7
-fstrea..3b54250b
+fstrea..59697b6f
-fullpa..62e07eb3
-  vers..5c0f6868
-  reso..34da1196
-  depe..b025d9c8
-    jq..ef0d02a1
-..d941aa1e
+get-st..ac1e5c5d
+  vers..05ea339a
+  reso..8385ae96
+  inte..7dff0350
+  depe..969959a0
+    ob..b0d3233c
+    pi..b90dd70d
+..f60a7ab7
+got@7...9cd5ba17
+  vers..55d6be44
+  reso..121b245d
+  inte..80204006
+  depe..969959a0
+    de..91c9c681
+    du..9c8ff23a
+    ge..08dc9bb8
+    is..e9d2960e
+    is..a0dbaafa
+    is..920b5185
+    is..3a7165e6
+    lo..d601bb8e
+    p-..630bc288
+    p-..d9a94624
+    sa..10d7741e
+    ti..c37cfefc
+    ur..06152760
+    ur..6bab15ab
+..f60a7ab7
+gracef..ea743de1
+  vers..f7c6659e
+  reso..774f14e9
+  inte..95e238cf
+..f60a7ab7
+"grace..0696e283
+  vers..e5ba6eca
+  reso..390f174b
+  inte..d6282580
+..f60a7ab7
+has-sy..2a8724a1
+  vers..094d9e2f
+  reso..b553a4e3
+  inte..1f47f359
+..f60a7ab7
+has-to..7f7db28e
+  vers..bde9f445
+  reso..1c067bbc
+  inte..3f7a58dd
+  depe..969959a0
+    ha..40eb5485
+..f60a7ab7
+hash.j..ef577eae
+  vers..390e59c1
+  reso..b2af007a
+  inte..81b9288c
+  depe..969959a0
+    in..223da938
+    mi..7412e2f3
+..f60a7ab7
-htmlpa..d218ba47
-  vers..bdffd81c
-  reso..007c7d3d
+htmlpa..b1435b58
+  vers..4abfe73a
+  reso..437ae6af
+  inte..cea9875e
-    re..a1318d31
+    re..64d57dc9
+http-h..5d10e497
+  vers..5473b0fd
+  reso..e7dfab77
+  inte..dbbac0ac
+..f60a7ab7
+idna-u..db8a8e13
+  vers..05ea339a
+  reso..30325c12
+  inte..23009bdb
+  depe..969959a0
+    pu..c4040375
+..f60a7ab7
+is-hex..6bfdb840
+  vers..5473b0fd
+  reso..717d46a9
+  inte..a7145f8e
+..f60a7ab7
+is-nat..c48ddb15
+  vers..359e2f04
+  reso..99983791
+  inte..13c14951
+..f60a7ab7
+is-obj..d1cee249
+  vers..e5ba6eca
+  reso..a48afc2a
+  inte..b931ce4d
+..f60a7ab7
-is-pla..a71592d0
+is-pla..a08d366f
+  inte..dc92879a
-is-str..e15986d2
+is-ret..3500b628
+  vers..337cded0
+  reso..43d2a180
+  inte..20981fb7
+..f60a7ab7
+is-str..50b91814
-is-typ..a94d6b5d
+is-typ..7b32a7f4
+isurl@..88c24b2a
+  vers..5473b0fd
+  reso..bdd8a719
+  inte..48db5ed1
+  depe..969959a0
+    ha..e423d3bf
+    is..2dd113fa
+..f60a7ab7
-jquery..cd9b1907
+jquery..ca0b3c62
+js-sha..9b812efc
+  vers..d0c3daf2
+  reso..3cdd403f
+  inte..9b74ac9f
+..f60a7ab7
+js-sha..32b6a02f
+  vers..da057318
+  reso..1f737da3
+  inte..4ae8810c
+..f60a7ab7
+jsonfi..b0eabf61
+  vers..cdd86166
+  reso..b5a66f67
+  inte..bb1e19fe
+  opti..028e8c74
+    gr..e8115bc9
+..f60a7ab7
+keccak..edfdba39
+  vers..d1f4f209
+  reso..d29a22b1
+  inte..ea58f485
+  depe..969959a0
+    br..40c62508
+    sh..2b3a9244
+..f60a7ab7
-lodash..eef12697
+lodash..85bb2202
+lodash..f1ae60d6
+  vers..a59e286c
+  reso..ab006983
+  inte..4a562df9
+..f60a7ab7
-lodash..f03143eb
+lodash..6b4de7a6
+lowerc..c0712631
+  vers..e5ba6eca
+  reso..8bee54c0
+  inte..8bca67f0
+..f60a7ab7
+materi..b4f70560
+  vers..d227bf26
+  reso..65e2e5d9
+  inte..07eae5dd
+..f60a7ab7
+mime-d..f8c5da52
+  vers..e3f2d7bc
+  reso..fd9e951b
+  inte..48722032
+..f60a7ab7
+mime-t..9a084738
+  vers..7177407f
+  reso..36ac1f64
+  inte..64210e18
+  depe..969959a0
+    mi..6542a362
+..f60a7ab7
+mimic-..41317b07
+  vers..e5ba6eca
+  reso..8097b619
+  inte..b1ca3f28
+..f60a7ab7
-mkdirp..57b73f1e
+mkdirp..6d7ff3c9
+  vers..21e0f50a
+  reso..0f9220ed
+  inte..5f049bcf
+  depe..969959a0
+    mk..0ff295d2
+..f60a7ab7
+mkdirp..404a36b8
+mobile..bb6b4ca7
+  vers..36b100ab
+  reso..05125e48
+  inte..bc16e868
+..f60a7ab7
+mock-f..516b1d8e
+  vers..4019ff05
+  reso..04a647c8
+  inte..a53c7411
+..f60a7ab7
+mout@^..44d3db5c
+  vers..bb737968
+  reso..375a8387
+  inte..16b401aa
+..f60a7ab7
-nan@^2..f680ab8b
+mz@^2...7406adea
+  vers..4a745def
+  reso..299d664c
+  inte..21c17c5f
+  depe..969959a0
+    an..b1b87088
+    ob..b0d3233c
+    th..3997fe2e
+..f60a7ab7
+nan@2...42991490
+  vers..dd8b73fa
+  reso..54ab454a
+  inte..0980847f
+..f60a7ab7
+nan@^2..87ea5ffa
+nano-j..07fc72a2
+  vers..3fc98660
+  reso..e43e2288
+  inte..abdd380c
+..f60a7ab7
+number..c8c39ff1
+  vers..bbeab8eb
+  reso..a27f131a
+  inte..54549c29
+  depe..969959a0
+    bn..18d656e4
+    st..cbf1355d
+..f60a7ab7
-object..fa5e9aa6
+object..cfc57327
+oboe@2..71f03e0f
+  vers..c5fffe59
+  reso..90c39dea
+  inte..0000317d
+  depe..969959a0
+    ht..ff6e7aaa
+..f60a7ab7
+p-canc..c80e8c3f
+  vers..7cac508e
+  reso..333bc1b8
+  inte..beda802b
+..f60a7ab7
+p-time..d1a388ad
+  vers..677bfcd0
+  reso..5a13b9f9
+  inte..dab5c4ed
+  depe..969959a0
+    p-..401b3b19
+..f60a7ab7
+pend@~..562502c9
+  vers..7ed9146f
+  reso..cbf226d9
+  inte..548477c7
+..f60a7ab7
-pify@^..6e42b84b
+pify@^..aa87c908
-postcs..8af2f741
+postcs..dc4cbea8
-prepen..0cda23f0
+postcs..3c878a1d
+  vers..186e2d59
+  reso..97e04b0a
+  inte..160c6711
+  depe..969959a0
+    ch..150465d0
+    so..28afe187
+    su..00861ca3
+..f60a7ab7
+prepen..5982f384
+  inte..b05a64f1
+punyco..7754208a
+  vers..169cddeb
+  reso..79159ddd
+  inte..52d133f5
+..f60a7ab7
-qrcode..cc355586
-  vers..1831c42e
-  reso..e456a532
+qrcode..e3984a1f
+  vers..dca83149
+  reso..1b38e5a3
+  inte..66785436
-    ca..7bd0cd7c
+    ca..4a9eb682
+query-..ce427570
+  vers..efec10cb
+  reso..9f610499
+  inte..7c59164f
+  depe..969959a0
+    de..b56a7609
+    ob..f22b9fe0
+    st..47fea5d9
+..f60a7ab7
+random..32732d19
+  vers..34d3b13b
+  reso..35e60c82
+  inte..66462bdd
+..f60a7ab7
-"reada..a20dfa11
+"reada..6547da21
+readab..9e0f79ec
+  vers..9a0c9557
+  reso..56a97bcf
+  inte..f2f3f1d6
+  depe..969959a0
+    in..223da938
+    st..dc7ee46d
+    ut..e90916b1
+..f60a7ab7
-reques..9c2cfa6e
+reques..65a86957
-saniti..d3c70115
-  vers..7b9c12ca
-  reso..ab1f3c04
+saniti..1aaf9547
+  vers..7b966c4c
+  reso..f17c8374
+  inte..44a259b8
-    ch..37b17c21
-    ht..a6ce13d9
+    ch..150465d0
+    ht..a43aa163
-    lo..09f94137
-    po..c98c14a2
+    lo..a01d7876
+    po..ec0b5a95
-    xt..1c5da13c
+    xt..484e0f1a
+scrypt..e57b531c
+  vers..ab752b94
+  reso..90833b53
+  inte..c024b904
+..f60a7ab7
+scrypt..5a8de31b
+  vers..254dc6c1
+  reso..06579990
+  inte..d283e107
+  depe..969959a0
+    sc..c374e9bf
+    sc..e8928d38
+..f60a7ab7
+scrypt..b8400ee2
+  vers..c75dc1e8
+  reso..0ea3ab8f
+  inte..8a8a2ae3
+  depe..969959a0
+    na..db930c12
+..f60a7ab7
+scrypt..3d430c5d
+  vers..677bfcd0
+  reso..05073225
+  inte..3aac4f86
+  depe..969959a0
+    pb..4a9aedc1
+..f60a7ab7
+seek-b..db6eff11
+  vers..0812382e
+  reso..cd15e921
+  inte..ba9ce53c
+  depe..969959a0
+    co..37abee90
+..f60a7ab7
+servif..d20dc1ad
+  vers..b38af4c8
+  reso..7ddc7723
+  inte..b408fea6
+  depe..969959a0
+    bo..00c74044
+    co..5bec6566
+    ex..d8127919
+    re..bba6bab3
+    xh..46c51eb7
+..f60a7ab7
-setimm..00ccaca3
+setimm..e75d3044
+  vers..62a4ed8a
+  reso..388abbac
+  inte..e9661829
+..f60a7ab7
+setimm..a3e17aaf
+  inte..228091f0
+sha3@^..8f7b09ce
+  vers..459401a8
+  reso..a0732153
+  inte..72f49601
+  depe..969959a0
+    na..14f118bd
+..f60a7ab7
+simple..f8fd1960
+  vers..5473b0fd
+  reso..ee49ac56
+  inte..30da1134
+..f60a7ab7
+simple..6d45de11
+  vers..c85750dc
+  reso..c6f11e0d
+  inte..b065ff86
+  depe..969959a0
+    de..cb13bfbd
+    on..6d02331e
+    si..43ceb72c
+..f60a7ab7
+string..d42ba91b
+  vers..7ed9146f
+  reso..f2fe63b7
+  inte..778f0e8e
+  depe..969959a0
+    sa..8930b047
+..f60a7ab7
+strip-..d0b772ee
+  vers..169cddeb
+  reso..7a1e1b51
+  inte..a709ef5b
+  depe..969959a0
+    is..ad909c54
+..f60a7ab7
+strip-..58e8ad5f
+  vers..5473b0fd
+  reso..ceb47288
+  inte..ba56e6bb
+  depe..969959a0
+    is..2b95bdc6
+..f60a7ab7
-suppor..84e6aaf6
+suppor..ef493c15
+swarm-..d66e69dc
+  vers..ebc109d9
+  reso..d6140f56
+  inte..4ee96395
+  depe..969959a0
+    bl..34daf2f4
+    bu..e41b9c86
+    de..f4a79c51
+    et..270acc78
+    fs..4cabd83d
+    fs..6a58c627
+    go..c10316b9
+    mi..892fbff9
+    mk..81aa508e
+    mo..060837f1
+    se..990c55e4
+    ta..67506b94
+    xh..70288104
+..f60a7ab7
-tar@^2..960755cc
+tar-st..f946be03
+  vers..2f1dfe3a
+  reso..c5484b5c
+  inte..cb41cc69
+  depe..969959a0
+    bl..286ff0c9
+    bu..99a57599
+    en..0c11c17a
+    fs..65d9ebc9
+    re..2c383aeb
+    to..a99425e6
+    xt..dc1c18c6
+..f60a7ab7
+tar.gz..8ae7f28c
+  vers..2e3a1f9b
+  reso..15d1c4e1
+  inte..bfd52592
+  depe..969959a0
+    bl..4b543f01
+    co..d821d9ae
+    fs..dce69e5c
+    mo..78de61c8
+    ta..0ec95b68
+..f60a7ab7
+tar@^2..c4df6c34
+thenif..98abb36a
+  vers..52d8279f
+  reso..5deafea0
+  inte..bf0dc875
+  depe..969959a0
+    th..e930907b
+..f60a7ab7
+"theni..90de1361
+  vers..196b2faa
+  reso..9e8abd21
+  inte..e94f5669
+  depe..969959a0
+    an..b1b87088
+..f60a7ab7
-throug..b0ea7e89
+throug..4695816a
-  reso..2297da70
+  reso..f5cd99b3
+  inte..4da3f7e2
+timed-..0a79f738
+  vers..359e2f04
+  reso..5ac6d9e4
+  inte..7f7acdc8
+..f60a7ab7
+tinyco..6e9e5d71
+  vers..bde9f445
+  reso..766b01c5
+  inte..f6cfa87a
+..f60a7ab7
+to-buf..2edd30f4
+  vers..3d7d7b10
+  reso..a0ce36b6
+  inte..4e8e7954
+..f60a7ab7
+typeda..7eacfb56
+  vers..64c9b398
+  reso..f3d12875
+  inte..9d7f5b8a
+  depe..969959a0
+    is..5c7f5007
+..f60a7ab7
+ultron..06a5bc0c
+  vers..3d7d7b10
+  reso..992e34d2
+  inte..5cab8ad3
+..f60a7ab7
+unbzip..f6e121bf
+  vers..cc81af14
+  reso..834278f5
+  inte..d7c81f38
+  depe..969959a0
+    bu..8af8607d
+    th..49b2a89c
+..f60a7ab7
+unders..8bd90809
+  vers..1746b79e
+  reso..f372b72a
+  inte..feafbf7b
+..f60a7ab7
+url-pa..3bfa00c8
+  vers..5473b0fd
+  reso..df50beae
+  inte..99279e0f
+  depe..969959a0
+    pr..889a914a
+..f60a7ab7
+url-se..09641dc9
+  vers..5473b0fd
+  reso..28fdc209
+  inte..3b97a68c
+..f60a7ab7
+url-to..c96e90e4
+  vers..e5ba6eca
+  reso..b6352a84
+  inte..e1fdc027
+..f60a7ab7
-util-d..e093da6a
+utf8@2..ffad0bfe
+  vers..f0b64b86
+  reso..a9fa7d44
+  inte..40dbb1dd
+..f60a7ab7
+utf8@^..b88ffa08
+  vers..9523fcb4
+  reso..f4c15f71
+  inte..c99f192e
+..f60a7ab7
+util-d..69445a4b
+uuid@2..cd052888
+  vers..4c4447d7
+  reso..c20a5749
+  inte..4b5c686b
+..f60a7ab7
-vary@~..09b548bd
+vary@^..e4341309
+vue-co..8c8a4104
+  vers..4a745def
+  reso..af095a57
+  inte..784d57d6
+  depe..969959a0
+    cl..5c6687c0
+    lo..21d1cc6c
+    ma..12df3a74
+    ti..a9676eb6
+..f60a7ab7
+vue-dr..41e370c4
+  vers..23d8e1dd
+  reso..0274ffbe
+  inte..6a5ea6c2
+..f60a7ab7
-vue-fu..a8e752ba
-  vers..a1b38c7f
-  reso..584218cc
-  depe..b025d9c8
-    fu..7b5e48a9
-    jq..ef0d02a1
-..d941aa1e
+vue-sc..22919676
+  vers..29131481
+  reso..372c657b
+  inte..03d1bdd8
+  depe..969959a0
+    es..9520f461
+    lo..9a6c2d8f
+..f60a7ab7
+vue2-a..215edbe0
+  vers..169cddeb
+  reso..55b5c308
+  inte..22073180
+..f60a7ab7
+web3-b..5117738c
+  vers..9c4a5a11
+  reso..2c7f59ae
+  inte..e8832d25
+  depe..969959a0
+    go..72be2dfc
+    sw..c70e50ce
+    un..fd89de4b
+..f60a7ab7
+web3-c..c91c4e52
+  vers..9c4a5a11
+  reso..a2d1821a
+  inte..8976c44f
+  depe..969959a0
+    un..fd89de4b
+    we..b351bfbc
+    we..a88bbb54
+..f60a7ab7
+web3-c..7ba40c05
+  vers..9c4a5a11
+  reso..b16f34d7
+  inte..677e7772
+  depe..969959a0
+    un..fd89de4b
+    we..a42e69ba
+    we..6b3972dc
+    we..094152e2
+    we..a88bbb54
+..f60a7ab7
+web3-c..0598b2b2
+  vers..9c4a5a11
+  reso..fdf31bd7
+  inte..594b02e8
+  depe..969959a0
+    an..b08dd7b3
+    ev..9deedc27
+..f60a7ab7
+web3-c..acdef734
+  vers..9c4a5a11
+  reso..144c0dce
+  inte..46f45ecb
+  depe..969959a0
+    un..fd89de4b
+    we..a42e69ba
+    we..e9ad5cfc
+    we..6612931e
+    we..84578baa
+..f60a7ab7
+web3-c..97dab249
+  vers..9c4a5a11
+  reso..82eb71ca
+  inte..af2ffed7
+  depe..969959a0
+    ev..9deedc27
+    un..fd89de4b
+    we..a42e69ba
+..f60a7ab7
+web3-c..853c1afc
+  vers..9c4a5a11
+  reso..02a58f00
+  inte..988645de
+  depe..969959a0
+    we..a42e69ba
+    we..09ceb31a
+    we..b00b605e
+    we..a88bbb54
+..f60a7ab7
+web3-e..1461d3bf
+  vers..9c4a5a11
+  reso..212c0e11
+  inte..adec22a5
+  depe..969959a0
+    et..8f81b593
+    un..fd89de4b
+    we..a88bbb54
+..f60a7ab7
+web3-e..10821c13
+  vers..9c4a5a11
+  reso..6342bf80
+  inte..ea73d444
+  depe..969959a0
+    an..b08dd7b3
+    cr..2d41b33d
+    et..f1950d5a
+    sc..b556baa6
+    un..fd89de4b
+    uu..caa3af5f
+    we..c587f846
+    we..a42e69ba
+    we..09ceb31a
+    we..a88bbb54
+..f60a7ab7
+web3-e..d6734c15
+  vers..9c4a5a11
+  reso..dc3869c0
+  inte..edfe4473
+  depe..969959a0
+    un..fd89de4b
+    we..c587f846
+    we..a42e69ba
+    we..09ceb31a
+    we..6b3972dc
+    we..094152e2
+    we..58331f86
+    we..a88bbb54
+..f60a7ab7
+web3-e..ecd76ec9
+  vers..9c4a5a11
+  reso..ea7d18ba
+  inte..45102695
+  depe..969959a0
+    et..b3b813de
+    un..fd89de4b
+    we..c587f846
+    we..a42e69ba
+    we..6b3972dc
+    we..58331f86
+    we..1d17328b
+    we..a88bbb54
+..f60a7ab7
+web3-e..e944e0dc
+  vers..9c4a5a11
+  reso..64138b6e
+  inte..76ebcfa1
+  depe..969959a0
+    bn..18d656e4
+    we..a88bbb54
+..f60a7ab7
+web3-e..f8724b5d
+  vers..9c4a5a11
+  reso..1baabf55
+  inte..689f1556
+  depe..969959a0
+    we..c587f846
+    we..a42e69ba
+    we..09ceb31a
+    we..c4154a57
+    we..a88bbb54
+..f60a7ab7
+web3-e..cd1fd2e6
+  vers..9c4a5a11
+  reso..978e8e78
+  inte..1479cb9a
+  depe..969959a0
+    un..fd89de4b
+    we..c587f846
+    we..a42e69ba
+    we..09ceb31a
+    we..094152e2
+    we..58331f86
+    we..a7d9feeb
+    we..1d17328b
+    we..93547e03
+    we..b351bfbc
+    we..0d511680
+    we..c4154a57
+    we..a88bbb54
+..f60a7ab7
+web3-n..327741c0
+  vers..9c4a5a11
+  reso..2f845f73
+  inte..736f158a
+  depe..969959a0
+    we..c587f846
+    we..09ceb31a
+    we..a88bbb54
+..f60a7ab7
+web3-p..55f7617a
+  vers..9c4a5a11
+  reso..94970f93
+  inte..1a04a5fd
+  depe..969959a0
+    we..a42e69ba
+    xh..092fcc66
+..f60a7ab7
+web3-p..37a4c8ec
+  vers..9c4a5a11
+  reso..222168d4
+  inte..a54b1443
+  depe..969959a0
+    ob..30295c3a
+    un..fd89de4b
+    we..a42e69ba
+..f60a7ab7
+web3-p..4b50ef25
+  vers..9c4a5a11
+  reso..92f1f779
+  inte..3d3c1ef6
+  depe..969959a0
+    un..fd89de4b
+    we..a42e69ba
+    we..da48dd0a
+..f60a7ab7
+web3-s..24f27122
+  vers..9c4a5a11
+  reso..2d145c01
+  inte..2c9f52a6
+  depe..969959a0
+    we..c587f846
+    we..09ceb31a
+    we..094152e2
+    we..c4154a57
+..f60a7ab7
+web3-u..508cc422
+  vers..9c4a5a11
+  reso..667e4e65
+  inte..50087f8d
+  depe..969959a0
+    bn..18d656e4
+    et..abcf9f2f
+    et..e152047f
+    nu..7614d679
+    ra..01198735
+    un..fd89de4b
+    ut..904f5cf5
+..f60a7ab7
+web3@^..3c333d5a
+  vers..9c4a5a11
+  reso..ba8f97fd
+  inte..1236895e
+  depe..969959a0
+    we..c4862dd2
+    we..c587f846
+    we..c866a4a1
+    we..0d511680
+    we..c4154a57
+    we..7380fdde
+    we..a88bbb54
+..f60a7ab7
+"webso..f378fbc8
+  vers..34c363d3
+  reso..c77b7c4c
+  depe..969959a0
+    de..11a02f3f
+    na..57d1068e
+    ty..53e6e9c8
+    ya..53476b28
+..f60a7ab7
-xhr@^2..1d263b87
+ws@^3...da17a7c8
+  vers..1f371382
+  reso..5e1f0ad3
+  inte..0139af2e
+  depe..969959a0
+    as..65006bfb
+    sa..8930b047
+    ul..38bb1890
+..f60a7ab7
+xhr-re..67e1e260
+  vers..3fc98660
+  reso..6fa5ed8c
+  inte..e14250dc
+  depe..969959a0
+    xh..1e25d91c
+..f60a7ab7
+xhr-re..1de47585
+  vers..337cded0
+  reso..9e87106a
+  inte..49bd4438
+  depe..969959a0
+    bu..86dde4a9
+    ob..d4d8a59e
+    qu..ba2ee58e
+    si..26ef9cf6
+    ti..211a148b
+    ur..0f907261
+    xh..418f78ce
+..f60a7ab7
+xhr2-c..dc9e4850
+  vers..337cded0
+  reso..24d81083
+  inte..aa1c760d
+  depe..969959a0
+    co..3e38aad9
+..f60a7ab7
+xhr@^2..5b84a615
+  inte..7aac7dc2
-xmlhtt..3bbebbbb
+xmlhtt..a226729a
-xtend@..72eecd32
+xtend@..77e31a06
+  inte..5f4e7b80
+yaeti@..63f98efc
+  vers..b41462bd
+  reso..9c439937
+  inte..59929be5
+..f60a7ab7
+..f60a7ab7
+yauzl@..8513fa75
+  vers..dd8b73fa
+  reso..f34447dc
+  inte..d09463f0
+  depe..969959a0
+    bu..ae896c86
+    fd..2b35fec7