+	publi..9afec4ba
+		$var..d4232889
+..f60a7ab7
+		$the..94e55275
+		fore..0fc4a3d9
+			$va..8d2f6517
+		}..7833dd1d
+..f60a7ab7
+		retu..5223d57b
+	}..3535b7d6
+..f60a7ab7
--- /de..0c0059f6
+<?php..1f5dc964
+..f60a7ab7
+namesp..509c1491
+..f60a7ab7
+use En..53a1ebe3
+..f60a7ab7
+class ..e4f07da5
+..f60a7ab7
+	publi..5547d697
+	}..3535b7d6
+..f60a7ab7
+	publi..e5eb34a7
+		retu..9a79c1fe
+	}..3535b7d6
+..f60a7ab7
+	/**..c6cfb0ea
+	 * @d..e6fcc366
+	 * @p..c79ecf90
+	 * @p..b0e29a13
+	 * @p..f78c08ba
+	 * @r..eacf5711
+	 */..310a3cd9
+	publi..6a374a17
+		$cha..82ab5abd
+		retu..815b821a
+	}..3535b7d6
+}..dd0b3c86
-..d941aa1e
-      ..028c9f94
-		$dat..56f17327
+      ..1a5ec122
+	    $..0990f445
+		$con..25baea52
+		    ..a26d716f
-		retu..ec26250f
+		retu..ed345055
-			fil..9d2c4a94
+			fil..c9e5d476
-	  "mo..8baa8506
+    "m..b590bb9c
+    "v..7fa31e76
+    "v..c7a11a10
-	impor..a8babadc
-				Ex..50cfd8d9
+				th..be880411
-				re..db91dad7
+				re..f08f52f8
-				re..76681b53
+				re..94944ded
-						..e0cf80b3
-						..0396d8f7
+						..6f58ff59
+						..6b740d67
+						..f0390124
+						..91ca0aab
-						..b8843822
-						..c3df8d52
+						..7628e965
+						..6b740d67
+						..4b74e539
+						..91ca0aab
-						..5f55b902
-						..c513fea3
+						..1d3497cc
+						..6b740d67
+						..627a1edf
+						..91ca0aab
-		prop..06701309
-			'se..11aee073
-			'ic..43eefc27
-			'bl..c518955f
-			'se..b18d8d56
-		],..c8999668
+		prop..9db84fd8
+			'ic..228db675
+				ty..ca0e4dc2
+				re..bc5554d2
+			},..31e9a60e
+			'bl..0c1ca7e2
+				ty..0c43ee38
+				re..bc5554d2
+			},..31e9a60e
+			'go..934ceac4
+				ty..55429657
+				re..bc5554d2
+			},..31e9a60e
+		},..fafe38fe
-				ru..2b77ccc1
-			thi..6d7edb89
-		moun..a4eb61e8
-..d941aa1e
-		},..365cc97b
-		watc..2561881a
-			tex..99f8b638
-				th..db66dd6b
-			},..5fd86809
-			sea..b9f31927
-				if..cb0efb61
-					t..47fda217
-					t..d64f9d57
-					t..ee755444
-				}..d4e802c8
-			},..5fd86809
-		},..365cc97b
-				if..53b3c4f4
+				if..2891c792
-					l..536936f7
+					l..41df5680
+..f60a7ab7
--- /de..0c0059f6
+<templ..72b30fbe
+	<vue-..4e4d1152
+						..6edcbd74
+		<div..6a2646e0
+			<di..5481d725
+				<m..f9d9b7ee
+					<..1520220b
+					<..ca863d50
+						..ce1f924b
+					<..275e0f49
+				</..922a76f9
+			</d..1c771de4
+			<di..47b18836
+				<c..1f860f4e
+			</d..1c771de4
+		</di..5d30f281
+	</vue..b4402cf2
+</temp..98663a56
+..f60a7ab7
+<scrip..9f7288de
+	impor..860f334d
+	impor..21653235
+	impor..bcbc8116
+..f60a7ab7
+	expor..4e9b6a51
+		prop..9db84fd8
+			var..1960a45f
+				ty..ba523313
+				re..c4a08129
+			},..31e9a60e
+		},..fafe38fe
+		comp..0bb9ed57
+			'vu..cdc022b9
+			'ch..62097d83
+		},..fafe38fe
+		data..b7e75291
+			ret..81dd1225
+				x:..278b59b3
+				y:..b424bae5
+				ti..22ced42d
+				se..93e9a4d3
+				co..0c769ab5
+			};..0537650f
+		},..fafe38fe
+		meth..996c39fd
+			cha..13a45ae2
+				if..7962c74d
+..f60a7ab7
+				le..26bcca3f
+				le..90493889
+..f60a7ab7
+				if..04826d48
+					i..2c722888
+						..0c290109
+						..1366ef4c
+						..5c338e1a
+					}..1a487d96
+						..eaba2cda
+						..a1a2c201
+						..869f755e
+					}..9d303d75
+				} ..62cade1f
+					l..257d7e18
+					l..b0880d24
+					r..b3879878
+					g..694c047d
+					b..32c1fd47
+					i..e25141cd
+				}..6fb07d9d
+..f60a7ab7
+				th..2df8f98b
+			},..31e9a60e
+			cha..81434f3e
+				if..73e92abc
+					c..18843206
+					t..e7055886
+				}..6fb07d9d
+..f60a7ab7
+				th..71ead893
+					t..f90d8e94
+				},..caa3389f
+			},..31e9a60e
+			upd..9611081c
+				if..a5a0394d
+				el..414dc3d0
+..f60a7ab7
+				//..294be019
+				le..962ab884
+				co..f7ecff81
+				co..51837da7
+			},..31e9a60e
+			sto..e6533ffe
+				Co..8503d174
+					e..f717b4cd
+					s..bcea734a
+				})..0d546da9
+			}..671f7ad4
+		},..fafe38fe
+		crea..9748e51d
+			let..0477ef33
+			thi..31152345
+			thi..abc09742
+		},..fafe38fe
+		moun..a17914f1
+			thi..60105ab7
+		}..7833dd1d
+	});..3ca84903
+</scri..850ff634
+import..d1fb6afe
-const ..b9d83265
-	el: '..3a332949
+new Vu..478ea0d0
+	el: '..b09ec15c
-		mobi..4b7f96c0
-			ope..13b7d84b
-			his..c5dd2d61
-		},..365cc97b
-		runt..9f6126d9
-		loca..0cba55a0
-		them..6005e4e7
-			cur..53159e47
-			isC..b92618f5
+		them..3a191b95
+		stat..7935eb98
+		them..2e7d5032
+		mobi..3399909f
+			ope..eaa8a283
+			his..53ecc782
-				la..fcad8767
+				la..ceae7f21
-		// S..232bb759
-		this..983e50f8
+		// S..b8f64132
+		this..4682b9ae
+		this..c58e1f5f
-		if (..7e074f42
-			thi..c3f9479e
-			thi..4326a278
-			thi..ac2da50c
-			thi..671dcc32
-			thi..8e0ee496
-			thi..c79bc0ac
-			thi..5779c507
+		if (..91bf0ee4
+			thi..53128dff
+			thi..378ea8a2
+			thi..d40eeafd
+			thi..67c7406b
+			thi..54cb8726
+			thi..b506107c
+			thi..dc851aa3
-		} el..cab6edc9
+		} el..34afb184
-			if ..7064a9b8
+			if ..dcd2498c
+		'the..305e2402
-		chan..9085c297
+		chan..f71caaab
-			if ..e0f4b70c
-			if ..d045fc3c
-..d941aa1e
+			if ..0d2124a6
+..f60a7ab7
-					&..c11b8565
-				) ..a3bedf1a
+					&..d86b145b
+				) ..d010acc2
-					t..1f20e8f7
+					t..55be05d5
-				'p..14decfbb
-			], ..d3838ad2
-		},..365cc97b
-		isTo..8d5f7d39
-			ret..b6f06388
-				't..ad191e33
+				'p..02f4595d
-			if ..a0f510c6
-			els..51d035dc
-			els..5d864db4
-			els..1eb6dd01
-			els..3b265a80
-..d941aa1e
-			if ..76452f54
-				th..73224027
+			if ..a6ff1705
+			els..7d59d100
+			els..ef2db011
+			els..e02b0c0b
+			els..350e7cc7
+			els..75d2b568
+..f60a7ab7
+			if ..a6f8b30e
+				th..3b178d4e
-						..1a4806d9
+						..037c9c1b
-			if ..df946d06
-			thi..b049885f
+			if ..8f8dae19
+			thi..2653f699
-			new..8c81f82c
+			new..b255a720
-			new..df982688
+			new..aa670db3
-				ap..77ec9561
-				ap..2713be5c
+				th..95f11fe9
+				th..74079c5d
-				th..b5a6a26f
+				ne..8e2dddbd
-			new..79930953
-				ap..77ec9561
+			new..778067e5
+				th..95f11fe9
+				th..7f295ad8
+				th..3ada03e1
+				ne..3b52f41f
-						..82a52a82
-						..cfeb085d
+						..a2d77ab5
+						..7d7b3315
-						..764e8938
-						..f9654fbf
+						..094c7fc6
+						..af1efd0e
-					a..73425a52
-					a..a6801f86
+					t..b00c68af
+					t..eae04701
-			if ..b926fc4c
+			if ..c6a5f5a5
-						..1a4806d9
+						..037c9c1b
-				th..c7ea56c7
+				th..1d689213
-			thi..3ec319c1
+			thi..b1357064
-				if..5a91289a
-..d941aa1e
+				if..9875896b
+..f60a7ab7
-				wi..d661d0a6
+				th..a4359069
-			thi..d220dff4
-..d941aa1e
+			thi..2c025877
+..f60a7ab7
-					i..8d888fc0
+					i..2305f4f7
-						..5d987b9c
+						..4bf59296
-});..d8786af1
-..d941aa1e
-export..a89c448c
-	goTo:..720f6e8e
-}..2eba799f
+});..84f6229c
-const ..b9d83265
-	el: '..3a332949
+new Vu..478ea0d0
+	el: '..8c2c1001
-			'X-..0a81c4a6
-			'X-..70561488
+			'X-..b1c91cc4
+			'X-..6330a75e
-		if (..9adc485b
+		if (..2d4ea6d8
-	let u..87943439
+	let u..64fde18e
-		//'A..b6c20e2b
+		//'A..d9e29c2a
-		'X-L..c42dd87f
+		'X-L..167603d0
-	if (t..7c817737
-		app_..b08c3c9c
+	if (t..d42fb4b9
+		app_..e3ef70e8
-	local..22fbb2e0
+	local..0c3006cf
-	if (p..d8dd6b4d
+	if (p..22a93dc3
-	if (t..6c754d6c
-		path..d1aa73f7
+	if (t..6a5c00cf
+		path..e9a10010
-			num..c6a626b4
+			num..4ebdd16a
-			num..4c777ebb
-		} el..effe5cb7
+			num..58351afc
+		} el..344520a3
- * Get..42e8b0ca
- *..f814f039
- * @re..a133f7a6
- */..7aa5e894
-Vue.pr..4591a088
-	retur..054998bc
-};..3d020b9f
-..d941aa1e
-/**..2fabe0d4
-	let l..65f16be3
-	let d..0ddc9fde
-	let d..93517c2b
+	let l..820d8a93
+	let d..ba27d5fa
+	let d..8f436210
-		'btc..f6972b21
-		'ltc..6a2272cc
-		'eth..b687a553
-		'usd..fc868217
+		'btc..f4ec4e00
+		'ltc..d4b6611b
+		'eth..027babe2
+		'usd..8f995dcf
-	local..206f6f6f
-	curre..1fdc4528
+	local..0c3006cf
+	curre..a688273d
-	retur..029bd13d
+	retur..66fc261f
-	retur..51548c10
+	retur..9b0520c0
-	retur..194b3264
+	retur..06761e0b
-	if (w..bfec4111
+	if (V..03c90604
-			pad..e75d9173
+			pad..e06369f7
+			pad..0f48f7a5
+				fo..341dac94
-				fo..2e2cf2d2
+				fo..240d3822
+	.them..109c81c7
+		back..2b1331fe
+		curs..11f007d6
+		widt..fd9065ac
+		heig..4a425200
+..f60a7ab7
+		.sel..05b38380
+			mar..295a192e
+			pad..4cb47aed
+			bac..09df285d
+		}..7833dd1d
+..f60a7ab7
+		.no-..d4e519f0
+			cur..cd4283f1
+		}..7833dd1d
+	}..3535b7d6
+..f60a7ab7
+	.draw..1f6b5dab
+		-web..3b714e8d
+		-moz..fea907de
+		filt..3db197c2
+		-web..8e25a6da
+		tran..d780e576
+..f60a7ab7
+		&:ho..383b2db0
+			-we..61e3e378
+			-mo..398dcc05
+			fil..d96d3066
+		}..7833dd1d
+	}..3535b7d6
+..f60a7ab7
-	}..4f061aa6
-	.draw..4c6681d1
-		-web..d0829a43
-		-moz..b4154f9c
-		filt..b430e7b8
+		&:ho..383b2db0
+			-we..47c7a7e5
+			-mo..ebf5b4a3
+			fil..393e27e1
+		}..7833dd1d
+					f..38bc163c
+					f..4fe46d63
+			lef..217996bf
-			mar..554087ac
+			mar..5f6d8ed1
+			rig..80e3bdba
-			bac..a1c1cfdb
+..f60a7ab7
+	.tabl..5d41d4ee
+		thea..bc93eccc
+		tbod..25dc3d7e
+			pad..fdd1b0c9
+		}..7833dd1d
+..f60a7ab7
+		thea..19cd498b
+		tbod..a10b6117
+			pad..d69e65d1
+		}..7833dd1d
+	}..3535b7d6
-			bac..a1c1cfdb
-				ma..78f7090a
+				ri..c19291f4
-	.rank..d7b0fb43
-		widt..af7ff720
-	}..4f061aa6
-..d941aa1e
-		widt..36a1dabd
+		widt..6818a2cf
-		widt..73321d22
+		widt..42d9ad7f
-	'chai..f52fe4c1
+	'chai..05779cbb
-				<t..9e343aa9
-					@..91baa942
-					<..89b09ab4
-						..9dc4e8de
-						..234cdccd
-					<..70d57dae
-				</..71d362de
-				<t..78b40375
-					@..cf323d78
-				</..c56018b7
-				:c..12801dae
+				:c..3a32d7d5
-				:h..5a518a83
-				@c..78837378
-				:c..c812181e
-				v-..2872c1f7
-				@l..9454c1d1
-			</m..19619d8d
-			<md..90a2e5e6
-			<md..90a2e5e6
-				:h..7baf3fd0
-				@c..65fac968
-				:c..dfb04927
-				v-..b926c37e
-				@l..c036c97a
-			</m..19619d8d
-				:c..68775306
+				:c..47ac08aa
-			<md..90a2e5e6
-				:h..48051060
-				@c..9ade00c0
-				:c..8fc39c8c
-				@l..c036c97a
-			</m..19619d8d
-			<md..90a2e5e6
-				:h..a5607084
-				@c..3d11461d
-				:c..9d1fcbcd
-				@l..35e12735
-			</m..19619d8d
-				:c..126b9f30
+				:c..dbd710b9
-				:c..312d9d04
+				:c..bcff9ba5
-				<m..486eeb7b
-					<..b57c9a06
+				<m..f33f748b
+					<..96005c89
-						..7cb8d009
+						..6356da46
-				<a..3a0d7862
+				<a..4f55d2ea
-				<a..5eb7ccd6
+				<a..ef81238e
-				<m..486eeb7b
-					<..b57c9a06
+				<m..f33f748b
+					<..96005c89
-				<a..3aa2eaad
+				<a..62f7aaf3
-				<a..f63ca35c
+				<a..7540e7a8
-	<tran..ed26ea54
-		:tra..43309c96
-		:go-..6a63ace8
-	</tra..d86f959d
-				<a..ac803b5f
+				<a..36acc7d3
-				<a..88e113e0
+				<a..822c13c7
-						..2255c616
-						..9875a4f9
-						..6c1f43f1
-						..7723da33
-						..e44dfe0b
-						..c542613c
-						..7723da33
+						..267fcbec
-						..48ba4b0b
-						..17585724
-						..71ee3a21
-						..b954e215
+						..aa37c18e
+						..51e32e01
-						..ac7315a0
+						..33e8812d
-				v-..24342a55
-				<u..39989577
+				v-..ee0531cd
+				<u..af8021a1
-						..aaf5191e
-						..439ec3d5
-						..ad5b1211
+						..c1ad1e6c
+						..11293f4f
+						..531a6639
+						..9aad2b9f
-						..8c8b3960
-						..9ebfa517
-						..42f5b229
+						..c1ad1e6c
+						..b2b6e7fa
+						..3e3083d2
+						..8db89979
-						..34ae5a76
-						..2d04d823
-						..f7813edf
+						..c1ad1e6c
+						..98bdf0b9
+						..b5a5be66
+						..fed93c7f
+					<..805551df
+						..c1ad1e6c
+						..18b052a3
+						..f0d2b015
+						..43137fdf
+						..5b097769
+						..e9e5a3c0
+					<..1e3cbda8
-				<u..a8b80423
+			</d..1c771de4
+			<di..52bd95fb
+				cl..9064acde
+				v-..43222374
+				<u..af8021a1
-						..a91caada
-						..0fbe6b10
-						..b2d16587
-						..d9e9c77b
+						..c1ad1e6c
+						..087b98f4
+						..9deeffe2
+						..ca2a1d86
+						..4b9b5dff
-						..a91caada
-						..edf0f229
-						..8e6b03b3
+						..c1ad1e6c
+						..c593afa0
+						..705d7e28
+						..a13c1b25
+						..fe96dde5
+						..e9e5a3c0
+					<..1e3cbda8
+					<..805551df
+						..c1ad1e6c
+						..891622c0
+						..3759eced
+						..fe67a2e0
+						..5b097769
+						..e9e5a3c0
+					<..1e3cbda8
+				</..09770dc9
+			</d..1c771de4
+			<di..52bd95fb
+				cl..9064acde
+				v-..1227d2af
+				<u..af8021a1
+					<..805551df
+						..c1ad1e6c
+						..b4d7d610
+						..ce7f3274
+						..ee5338ca
+						..b151e506
+						..e9e5a3c0
+					<..1e3cbda8
+					<..805551df
+						..c1ad1e6c
+						..d1db635a
+						..642cbc2c
+						..3206ed58
+						..7f6d714c
+						..e9e5a3c0
+					<..1e3cbda8
+					<..805551df
+						..c1ad1e6c
+						..7117214d
+						..2849468b
+						..1597edba
-			@in..b65c3f22
+			@in..d0b3aab2
+..f60a7ab7
+	@if (..c907db1f
+		<!--..77215e9c
+		<the..49a9cd36
+	@endi..f9ec25ac
-		<!--..d32eab8a
+			<!-..f094a4d1
-		<!--..ab44c5b1
+			<!-..4e16246d
-	<!-- ..a9c8490b
+		<!--..eea3b2a2
-		@sec..f1f3ce03
-			<di..7a2d763a
-				@y..2ae6ecfa
-			</d..bbd0ed35
-..d941aa1e
-			<!-..4ef92add
-			<sc..26d1819c
-..d941aa1e
-			<!-..0003b10b
-			@if..477055dc
-				<s..41be8cab
-			@el..00611979
-				<s..25b71562
-			@en..870fb1a0
-		@end..173c4b07
+		<div..2715a2bc
+			@yi..fe19bfce
+		</di..5d30f281
+..f60a7ab7
+		<!--..f2aba369
+		@if ..b12faed0
+			<sc..8f392c96
+		@els..5605aafa
+			<sc..6974821a
+		@end..508d8ac0
+..f60a7ab7
+		<!--..94d52785
+		<scr..5820a157
-		<!--..083a50c4
+			<!-..d7d23c15
-				wi..7da89c7b
+				Vu..681a335d
-		<!--..44e1fe8e
+			<!-..ab7ada4f
-				wi..535e0b93
+				Vu..351db1ce
-	<!-- ..232cad17
+		<!--..3bf5540f
+"@type..b75652ca
+  vers..6ca77251
+  reso..7aaa5fe3
+  inte..0e519243
+..f60a7ab7
+aes-js..901ff235
+  vers..9523fcb4
+  reso..dec49e1f
+  inte..dec28a49
+..f60a7ab7
+any-pr..394ed6db
+  vers..e7db6980
+  reso..4d0ef60c
+  inte..4a10003a
+..f60a7ab7
+async-..25162908
+  vers..5473b0fd
+  reso..34dcff0c
+  inte..269e5b3f
+..f60a7ab7
+base64..1e7c6245
+  vers..608424f6
+  reso..bce1a1c3
+  inte..64f0e4fc
+..f60a7ab7
+bl@^1...ea123973
+  vers..459401a8
+  reso..d8678061
+  inte..b0cd0f9b
+  depe..969959a0
+    re..8d848543
+    sa..d57644f9
+..f60a7ab7
+bluebi..28df39b2
+  vers..031a7872
+  reso..ceb8bf82
+  inte..919275cc
+..f60a7ab7
-bn.js@..176a55e5
+bluebi..c9451fb2
+  vers..c32ed85c
+  reso..e0caaa99
+  inte..4887fd4d
+..f60a7ab7
+bn.js@..943231d5
+  vers..f5717987
+  reso..839a3677
+  inte..0e6c03f1
+..f60a7ab7
+bn.js@..607b3e54
+  inte..08e169b5
-body-p..de15819d
+body-p..d4e650e4
+  inte..00b07536
+browse..8d8dc455
+  vers..7d25ca64
+  reso..b1b52e8a
+  inte..1906ed33
+  depe..969959a0
+    js..8fbc361c
+..f60a7ab7
+buffer..485e9c8d
+  vers..337cded0
+  reso..3436b7a0
+  inte..9e0ac4b3
+..f60a7ab7
+buffer..c1c2af03
+  vers..7ed9146f
+  reso..8c5890d9
+  inte..c5dfda7b
+  depe..969959a0
+    bu..37dca2fa
+    bu..971b0f57
+..f60a7ab7
+buffer..2b69b076
+  vers..3711ce45
+  reso..a43f92c6
+  inte..040686b4
+..f60a7ab7
+buffer..0997108c
+  vers..5473b0fd
+  reso..1d5ea0d3
+  inte..b0bef787
+..f60a7ab7
+buffer..95c08e7d
+  vers..98e3540e
+  reso..0a795f19
+  inte..86f66192
+..f60a7ab7
+buffer..96fc6298
+  vers..4c032f9d
+  reso..3bdd73f1
+  inte..950fad2f
+  depe..969959a0
+    ba..ebb8981f
+    ie..4a678fe4
+    is..7a1d5e52
+..f60a7ab7
+buffer..8d2352cb
+  vers..420adf55
+  reso..c620e048
+  inte..6a2c567d
+  depe..969959a0
+    ba..42b16fcb
+    ie..4a678fe4
+..f60a7ab7
-can-pr..75dc1281
+can-pr..0e24f55b
+  inte..a95be727
-chalk@..03c084e7
+chalk@..b1c87e55
+clamp@..9f05663a
+  vers..e5ba6eca
+  reso..a15b4d12
+  inte..3722c60e
+..f60a7ab7
+comman..8fc0c50f
+  vers..1f85d64e
+  reso..10f0ad95
+  inte..03f58fe7
+..f60a7ab7
+comman..f1e1090d
+  vers..c85750dc
+  reso..b27dba34
+  inte..319835c2
+  depe..969959a0
+    gr..449c04f2
+..f60a7ab7
+cookie..8bf428ba
+  vers..3561b070
+  reso..686b891e
+  inte..2276459b
+..f60a7ab7
+cors@^..fc15464a
+  vers..cc9a15c4
+  reso..b3be4fd3
+  inte..fa5eb5fc
+  depe..969959a0
+    ob..13ab3e7d
+    va..fcc13218
+..f60a7ab7
-crypto..014822e0
+crypto..e55dc965
+  inte..306a9122
+decomp..a4c7cda1
+  vers..196b2faa
+  reso..382c4ae9
+  inte..8d90eec3
+  depe..969959a0
+    mi..3c3a6cda
+..f60a7ab7
+decomp..d09e9c2c
+  vers..a59e286c
+  reso..3bea8c41
+  inte..e441a160
+  depe..969959a0
+    fi..6551eb71
+    is..055a301d
+    ta..c395f828
+..f60a7ab7
+decomp..0f6cc081
+  vers..a59e286c
+  reso..b372b0bd
+  inte..26af217c
+  depe..969959a0
+    de..25dbd287
+    fi..21e164ef
+    is..055a301d
+    se..be37c2f0
+    un..1b38a24d
+..f60a7ab7
+decomp..faa5ddd7
+  vers..a59e286c
+  reso..310cb0f1
+  inte..0742b277
+  depe..969959a0
+    de..2875f169
+    fi..6551eb71
+    is..055a301d
+..f60a7ab7
+decomp..603443c4
+  vers..359e2f04
+  reso..dcf3ae27
+  inte..7521b4d1
+  depe..969959a0
+    fi..fb32e601
+    ge..56ee01f0
+    pi..f4525115
+    ya..07016859
+..f60a7ab7
+decomp..fca73e09
+  vers..c4ad2324
+  reso..5c4f3da2
+  inte..39a4f0d2
+  depe..969959a0
+    de..b85f6ef5
+    de..943c6a8e
+    de..67f3a7c9
+    de..7f518055
+    gr..5335713c
+    ma..cd012444
+    pi..f4525115
+    st..c9044019
+..f60a7ab7
+duplex..10d7b67f
+  vers..2d396826
+  reso..b94f0c6b
+  inte..c8fcca8d
+..f60a7ab7
-ellipt..25b340f2
+ellipt..c2c780a9
+  vers..3b74178e
+  reso..12b6d5b2
+  inte..f40274d0
+  depe..969959a0
+    bn..13517289
+    br..8c9041d0
+    ha..1abddbfd
+    in..5c25f82f
+..f60a7ab7
+ellipt..f765e0a7
-es6-ma..ccc1ee1b
+es6-ma..2264b7c2
+  inte..e89b1a4c
+eth-en..f94cafba
+  vers..86f6bf3f
+  reso..0b90f06b
+  inte..cf541196
+  depe..969959a0
+    id..24f7c156
+    js..4e23ba84
+..f60a7ab7
+eth-li..13d2b11d
+  vers..18514138
+  reso..a2adfef5
+  inte..978f3c48
+  depe..969959a0
+    bn..c83f3a90
+    el..c69db181
+    ke..e9ac51f0
+    na..f09ea66d
+    se..325c6639
+    ws..6b5999ad
+    xh..70288104
+..f60a7ab7
+eth-li..4d1f549a
+  vers..2c4bb09d
+  reso..876a0c8b
+  inte..5bc7fcd0
+  depe..969959a0
+    bn..c83f3a90
+    el..c69db181
+    xh..70288104
+..f60a7ab7
+ethers..08c09d0a
+  vers..ae65e952
+  reso..9f0f2609
+  inte..4689542e
+  depe..969959a0
+    "@..ba43feb2
+    ae..14587f70
+    bn..13517289
+    el..786f0ec2
+    ha..51917fcb
+    js..7d37dc0b
+    sc..846cba86
+    se..ac2d2495
+    uu..caa3af5f
+    xm..086165fd
+..f60a7ab7
+ethjs-..9e65b688
+  vers..12c8dcdd
+  reso..91860a37
+  inte..7dc5b186
+  depe..969959a0
+    bn..18d656e4
+    nu..7614d679
+..f60a7ab7
+evente..a15ee85f
+  vers..3d7d7b10
+  reso..e0a61f4d
+  inte..6ba42dd5
+..f60a7ab7
-expres..f56ffdb2
+expres..f3ca568d
+  inte..e55ff3be
+fd-sli..9bcc57ea
+  vers..337cded0
+  reso..627cab43
+  inte..e70494dc
+  depe..969959a0
+    pe..d57b42a2
+..f60a7ab7
+file-t..3aefeffd
+  vers..1ce96457
+  reso..b734323b
+  inte..7cac592f
+..f60a7ab7
+file-t..c9f60ca3
+  vers..c1504ec3
+  reso..45cafe52
+  inte..2a8c4aab
+..f60a7ab7
+file-t..88cc95a6
+  vers..68d98486
+  reso..7715ced9
+  inte..68893c49
+..f60a7ab7
+fs-con..914b19bf
+  vers..5473b0fd
+  reso..c0336942
+  inte..a2c273db
+..f60a7ab7
+fs-ext..25341ecf
+  vers..3561b070
+  reso..32efe285
+  inte..ed4975b9
+  depe..969959a0
+    gr..2b410a8a
+    js..ddebcff6
+..f60a7ab7
+fs-pro..1f166721
+  vers..ab752b94
+  reso..e9b858bf
+  inte..91f7cd3b
+  depe..969959a0
+    an..8740a2ad
+    fs..48baf759
+    mz..1e491830
+    th..f60f2a40
+..f60a7ab7
-fstrea..3b54250b
+fstrea..59697b6f
-fullpa..62e07eb3
-  vers..5c0f6868
-  reso..34da1196
-  depe..b025d9c8
-    jq..ef0d02a1
-..d941aa1e
+get-st..ac1e5c5d
+  vers..05ea339a
+  reso..8385ae96
+  inte..7dff0350
+  depe..969959a0
+    ob..b0d3233c
+    pi..b90dd70d
+..f60a7ab7
+got@7...9cd5ba17
+  vers..55d6be44
+  reso..121b245d
+  inte..80204006
+  depe..969959a0
+    de..91c9c681
+    du..9c8ff23a
+    ge..08dc9bb8
+    is..e9d2960e
+    is..a0dbaafa
+    is..920b5185
+    is..3a7165e6
+    lo..d601bb8e
+    p-..630bc288
+    p-..d9a94624
+    sa..10d7741e
+    ti..c37cfefc
+    ur..06152760
+    ur..6bab15ab
+..f60a7ab7
+gracef..ea743de1
+  vers..f7c6659e
+  reso..774f14e9
+  inte..95e238cf
+..f60a7ab7
+"grace..0696e283
+  vers..e5ba6eca
+  reso..390f174b
+  inte..d6282580
+..f60a7ab7
+has-sy..2a8724a1
+  vers..094d9e2f
+  reso..b553a4e3
+  inte..1f47f359
+..f60a7ab7
+has-to..7f7db28e
+  vers..bde9f445
+  reso..1c067bbc
+  inte..3f7a58dd
+  depe..969959a0
+    ha..40eb5485
+..f60a7ab7
+hash.j..ef577eae
+  vers..390e59c1
+  reso..b2af007a
+  inte..81b9288c
+  depe..969959a0
+    in..223da938
+    mi..7412e2f3
+..f60a7ab7
-htmlpa..d218ba47
-  vers..bdffd81c
-  reso..007c7d3d
+htmlpa..b1435b58
+  vers..4abfe73a
+  reso..437ae6af
+  inte..cea9875e
-    re..a1318d31
+    re..64d57dc9
+http-h..5d10e497
+  vers..5473b0fd
+  reso..e7dfab77
+  inte..dbbac0ac
+..f60a7ab7
+idna-u..db8a8e13
+  vers..05ea339a
+  reso..30325c12
+  inte..23009bdb
+  depe..969959a0
+    pu..c4040375
+..f60a7ab7
+is-hex..6bfdb840
+  vers..5473b0fd
+  reso..717d46a9
+  inte..a7145f8e
+..f60a7ab7
+is-nat..c48ddb15
+  vers..359e2f04
+  reso..99983791
+  inte..13c14951
+..f60a7ab7
+is-obj..d1cee249
+  vers..e5ba6eca
+  reso..a48afc2a
+  inte..b931ce4d
+..f60a7ab7
-is-pla..a71592d0
+is-pla..a08d366f
+  inte..dc92879a
-is-str..e15986d2
+is-ret..3500b628
+  vers..337cded0
+  reso..43d2a180
+  inte..20981fb7
+..f60a7ab7
+is-str..50b91814
-is-typ..a94d6b5d
+is-typ..7b32a7f4
+isurl@..88c24b2a
+  vers..5473b0fd
+  reso..bdd8a719
+  inte..48db5ed1
+  depe..969959a0
+    ha..e423d3bf
+    is..2dd113fa
+..f60a7ab7
-jquery..cd9b1907
+jquery..ca0b3c62
+js-sha..9b812efc
+  vers..d0c3daf2
+  reso..3cdd403f
+  inte..9b74ac9f
+..f60a7ab7
+js-sha..32b6a02f
+  vers..da057318
+  reso..1f737da3
+  inte..4ae8810c
+..f60a7ab7
+jsonfi..b0eabf61
+  vers..cdd86166
+  reso..b5a66f67
+  inte..bb1e19fe
+  opti..028e8c74
+    gr..e8115bc9
+..f60a7ab7
+keccak..edfdba39
+  vers..d1f4f209
+  reso..d29a22b1
+  inte..ea58f485
+  depe..969959a0
+    br..40c62508
+    sh..2b3a9244
+..f60a7ab7
-lodash..eef12697
+lodash..85bb2202
+lodash..f1ae60d6
+  vers..a59e286c
+  reso..ab006983
+  inte..4a562df9
+..f60a7ab7
-lodash..f03143eb
+lodash..6b4de7a6
+lowerc..c0712631
+  vers..e5ba6eca
+  reso..8bee54c0
+  inte..8bca67f0
+..f60a7ab7
+materi..b4f70560
+  vers..d227bf26
+  reso..65e2e5d9
+  inte..07eae5dd
+..f60a7ab7
+mime-d..f8c5da52
+  vers..e3f2d7bc
+  reso..fd9e951b
+  inte..48722032
+..f60a7ab7
+mime-t..9a084738
+  vers..7177407f
+  reso..36ac1f64
+  inte..64210e18
+  depe..969959a0
+    mi..6542a362
+..f60a7ab7
+mimic-..41317b07
+  vers..e5ba6eca
+  reso..8097b619
+  inte..b1ca3f28
+..f60a7ab7
-mkdirp..57b73f1e
+mkdirp..6d7ff3c9
+  vers..21e0f50a
+  reso..0f9220ed
+  inte..5f049bcf
+  depe..969959a0
+    mk..0ff295d2
+..f60a7ab7
+mkdirp..404a36b8
+mobile..bb6b4ca7
+  vers..36b100ab
+  reso..05125e48
+  inte..bc16e868
+..f60a7ab7
+mock-f..516b1d8e
+  vers..4019ff05
+  reso..04a647c8
+  inte..a53c7411
+..f60a7ab7
+mout@^..44d3db5c
+  vers..bb737968
+  reso..375a8387
+  inte..16b401aa
+..f60a7ab7
-nan@^2..f680ab8b
+mz@^2...7406adea
+  vers..4a745def
+  reso..299d664c
+  inte..21c17c5f
+  depe..969959a0
+    an..b1b87088
+    ob..b0d3233c
+    th..3997fe2e
+..f60a7ab7
+nan@2...42991490
+  vers..dd8b73fa
+  reso..54ab454a
+  inte..0980847f
+..f60a7ab7
+nan@^2..87ea5ffa
+nano-j..07fc72a2
+  vers..3fc98660
+  reso..e43e2288
+  inte..abdd380c
+..f60a7ab7
+number..c8c39ff1
+  vers..bbeab8eb
+  reso..a27f131a
+  inte..54549c29
+  depe..969959a0
+    bn..18d656e4
+    st..cbf1355d
+..f60a7ab7
-object..fa5e9aa6
+object..cfc57327
+oboe@2..71f03e0f
+  vers..c5fffe59
+  reso..90c39dea
+  inte..0000317d
+  depe..969959a0
+    ht..ff6e7aaa
+..f60a7ab7
+p-canc..c80e8c3f
+  vers..7cac508e
+  reso..333bc1b8
+  inte..beda802b
+..f60a7ab7
+p-time..d1a388ad
+  vers..677bfcd0
+  reso..5a13b9f9
+  inte..dab5c4ed
+  depe..969959a0
+    p-..401b3b19
+..f60a7ab7
+pend@~..562502c9
+  vers..7ed9146f
+  reso..cbf226d9
+  inte..548477c7
+..f60a7ab7
-pify@^..6e42b84b
+pify@^..aa87c908
-postcs..8af2f741
+postcs..dc4cbea8
-prepen..0cda23f0
+postcs..3c878a1d
+  vers..186e2d59
+  reso..97e04b0a
+  inte..160c6711
+  depe..969959a0
+    ch..150465d0
+    so..28afe187
+    su..00861ca3
+..f60a7ab7
+prepen..5982f384
+  inte..b05a64f1
+punyco..7754208a
+  vers..169cddeb
+  reso..79159ddd
+  inte..52d133f5
+..f60a7ab7
-qrcode..cc355586
-  vers..1831c42e
-  reso..e456a532
+qrcode..e3984a1f
+  vers..dca83149
+  reso..1b38e5a3
+  inte..66785436
-    ca..7bd0cd7c
+    ca..4a9eb682
+query-..ce427570
+  vers..efec10cb
+  reso..9f610499
+  inte..7c59164f
+  depe..969959a0
+    de..b56a7609
+    ob..f22b9fe0
+    st..47fea5d9
+..f60a7ab7
+random..32732d19
+  vers..34d3b13b
+  reso..35e60c82
+  inte..66462bdd
+..f60a7ab7
-"reada..a20dfa11
+"reada..6547da21
+readab..9e0f79ec
+  vers..9a0c9557
+  reso..56a97bcf
+  inte..f2f3f1d6
+  depe..969959a0
+    in..223da938
+    st..dc7ee46d
+    ut..e90916b1
+..f60a7ab7
-reques..9c2cfa6e
+reques..65a86957
-saniti..d3c70115
-  vers..7b9c12ca
-  reso..ab1f3c04
+saniti..1aaf9547
+  vers..7b966c4c
+  reso..f17c8374
+  inte..44a259b8
-    ch..37b17c21
-    ht..a6ce13d9
+    ch..150465d0
+    ht..a43aa163
-    lo..09f94137
-    po..c98c14a2
+    lo..a01d7876
+    po..ec0b5a95
-    xt..1c5da13c
+    xt..484e0f1a
+scrypt..e57b531c
+  vers..ab752b94
+  reso..90833b53
+  inte..c024b904
+..f60a7ab7
+scrypt..5a8de31b
+  vers..254dc6c1
+  reso..06579990
+  inte..d283e107
+  depe..969959a0
+    sc..c374e9bf
+    sc..e8928d38
+..f60a7ab7
+scrypt..b8400ee2
+  vers..c75dc1e8
+  reso..0ea3ab8f
+  inte..8a8a2ae3
+  depe..969959a0
+    na..db930c12
+..f60a7ab7
+scrypt..3d430c5d
+  vers..677bfcd0
+  reso..05073225
+  inte..3aac4f86
+  depe..969959a0
+    pb..4a9aedc1
+..f60a7ab7
+seek-b..db6eff11
+  vers..0812382e
+  reso..cd15e921
+  inte..ba9ce53c
+  depe..969959a0
+    co..37abee90
+..f60a7ab7
+servif..d20dc1ad
+  vers..b38af4c8
+  reso..7ddc7723
+  inte..b408fea6
+  depe..969959a0
+    bo..00c74044
+    co..5bec6566
+    ex..d8127919
+    re..bba6bab3
+    xh..46c51eb7
+..f60a7ab7
-setimm..00ccaca3
+setimm..e75d3044
+  vers..62a4ed8a
+  reso..388abbac
+  inte..e9661829
+..f60a7ab7
+setimm..a3e17aaf
+  inte..228091f0
+sha3@^..8f7b09ce
+  vers..459401a8
+  reso..a0732153
+  inte..72f49601
+  depe..969959a0
+    na..14f118bd
+..f60a7ab7
+simple..f8fd1960
+  vers..5473b0fd
+  reso..ee49ac56
+  inte..30da1134
+..f60a7ab7
+simple..6d45de11
+  vers..c85750dc
+  reso..c6f11e0d
+  inte..b065ff86
+  depe..969959a0
+    de..cb13bfbd
+    on..6d02331e
+    si..43ceb72c
+..f60a7ab7
+string..d42ba91b
+  vers..7ed9146f
+  reso..f2fe63b7
+  inte..778f0e8e
+  depe..969959a0
+    sa..8930b047
+..f60a7ab7
+strip-..d0b772ee
+  vers..169cddeb
+  reso..7a1e1b51
+  inte..a709ef5b
+  depe..969959a0
+    is..ad909c54
+..f60a7ab7
+strip-..58e8ad5f
+  vers..5473b0fd
+  reso..ceb47288
+  inte..ba56e6bb
+  depe..969959a0
+    is..2b95bdc6
+..f60a7ab7
-suppor..84e6aaf6
+suppor..ef493c15
+swarm-..d66e69dc
+  vers..ebc109d9
+  reso..d6140f56
+  inte..4ee96395
+  depe..969959a0
+    bl..34daf2f4
+    bu..e41b9c86
+    de..f4a79c51
+    et..270acc78
+    fs..4cabd83d
+    fs..6a58c627
+    go..c10316b9
+    mi..892fbff9
+    mk..81aa508e
+    mo..060837f1
+    se..990c55e4
+    ta..67506b94
+    xh..70288104
+..f60a7ab7
-tar@^2..960755cc
+tar-st..f946be03
+  vers..2f1dfe3a
+  reso..c5484b5c
+  inte..cb41cc69
+  depe..969959a0
+    bl..286ff0c9
+    bu..99a57599
+    en..0c11c17a
+    fs..65d9ebc9
+    re..2c383aeb
+    to..a99425e6
+    xt..dc1c18c6
+..f60a7ab7
+tar.gz..8ae7f28c
+  vers..2e3a1f9b
+  reso..15d1c4e1
+  inte..bfd52592
+  depe..969959a0
+    bl..4b543f01
+    co..d821d9ae
+    fs..dce69e5c
+    mo..78de61c8
+    ta..0ec95b68
+..f60a7ab7
+tar@^2..c4df6c34
+thenif..98abb36a
+  vers..52d8279f
+  reso..5deafea0
+  inte..bf0dc875
+  depe..969959a0
+    th..e930907b
+..f60a7ab7
+"theni..90de1361
+  vers..196b2faa
+  reso..9e8abd21
+  inte..e94f5669
+  depe..969959a0
+    an..b1b87088
+..f60a7ab7
-throug..b0ea7e89
+throug..4695816a
-  reso..2297da70
+  reso..f5cd99b3
+  inte..4da3f7e2
+timed-..0a79f738
+  vers..359e2f04
+  reso..5ac6d9e4
+  inte..7f7acdc8
+..f60a7ab7
+tinyco..6e9e5d71
+  vers..bde9f445
+  reso..766b01c5
+  inte..f6cfa87a
+..f60a7ab7
+to-buf..2edd30f4
+  vers..3d7d7b10
+  reso..a0ce36b6
+  inte..4e8e7954
+..f60a7ab7
+typeda..7eacfb56
+  vers..64c9b398
+  reso..f3d12875
+  inte..9d7f5b8a
+  depe..969959a0
+    is..5c7f5007
+..f60a7ab7
+ultron..06a5bc0c
+  vers..3d7d7b10
+  reso..992e34d2
+  inte..5cab8ad3
+..f60a7ab7
+unbzip..f6e121bf
+  vers..cc81af14
+  reso..834278f5
+  inte..d7c81f38
+  depe..969959a0
+    bu..8af8607d
+    th..49b2a89c
+..f60a7ab7
+unders..8bd90809
+  vers..1746b79e
+  reso..f372b72a
+  inte..feafbf7b
+..f60a7ab7
+url-pa..3bfa00c8
+  vers..5473b0fd
+  reso..df50beae
+  inte..99279e0f
+  depe..969959a0
+    pr..889a914a
+..f60a7ab7
+url-se..09641dc9
+  vers..5473b0fd
+  reso..28fdc209
+  inte..3b97a68c
+..f60a7ab7
+url-to..c96e90e4
+  vers..e5ba6eca
+  reso..b6352a84
+  inte..e1fdc027
+..f60a7ab7
-util-d..e093da6a
+utf8@2..ffad0bfe
+  vers..f0b64b86
+  reso..a9fa7d44
+  inte..40dbb1dd
+..f60a7ab7
+utf8@^..b88ffa08
+  vers..9523fcb4
+  reso..f4c15f71
+  inte..c99f192e
+..f60a7ab7
+util-d..69445a4b
+uuid@2..cd052888
+  vers..4c4447d7
+  reso..c20a5749
+  inte..4b5c686b
+..f60a7ab7
-vary@~..09b548bd
+vary@^..e4341309
+vue-co..8c8a4104
+  vers..4a745def
+  reso..af095a57
+  inte..784d57d6
+  depe..969959a0
+    cl..5c6687c0
+    lo..21d1cc6c
+    ma..12df3a74
+    ti..a9676eb6
+..f60a7ab7
+vue-dr..41e370c4
+  vers..23d8e1dd
+  reso..0274ffbe
+  inte..6a5ea6c2
+..f60a7ab7
-vue-fu..a8e752ba
-  vers..a1b38c7f
-  reso..584218cc
-  depe..b025d9c8
-    fu..7b5e48a9
-    jq..ef0d02a1
-..d941aa1e
+vue-sc..22919676
+  vers..29131481
+  reso..372c657b
+  inte..03d1bdd8
+  depe..969959a0
+    es..9520f461
+    lo..9a6c2d8f
+..f60a7ab7
+vue2-a..215edbe0
+  vers..169cddeb
+  reso..55b5c308
+  inte..22073180
+..f60a7ab7
+web3-b..5117738c
+  vers..9c4a5a11
+  reso..2c7f59ae
+  inte..e8832d25
+  depe..969959a0
+    go..72be2dfc
+    sw..c70e50ce
+    un..fd89de4b
+..f60a7ab7
+web3-c..c91c4e52
+  vers..9c4a5a11
+  reso..a2d1821a
+  inte..8976c44f
+  depe..969959a0
+    un..fd89de4b
+    we..b351bfbc
+    we..a88bbb54
+..f60a7ab7
+web3-c..7ba40c05
+  vers..9c4a5a11
+  reso..b16f34d7
+  inte..677e7772
+  depe..969959a0
+    un..fd89de4b
+    we..a42e69ba
+    we..6b3972dc
+    we..094152e2
+    we..a88bbb54
+..f60a7ab7
+web3-c..0598b2b2
+  vers..9c4a5a11
+  reso..fdf31bd7
+  inte..594b02e8
+  depe..969959a0
+    an..b08dd7b3
+    ev..9deedc27
+..f60a7ab7
+web3-c..acdef734
+  vers..9c4a5a11
+  reso..144c0dce
+  inte..46f45ecb
+  depe..969959a0
+    un..fd89de4b
+    we..a42e69ba
+    we..e9ad5cfc
+    we..6612931e
+    we..84578baa
+..f60a7ab7
+web3-c..97dab249
+  vers..9c4a5a11
+  reso..82eb71ca
+  inte..af2ffed7
+  depe..969959a0
+    ev..9deedc27
+    un..fd89de4b
+    we..a42e69ba
+..f60a7ab7
+web3-c..853c1afc
+  vers..9c4a5a11
+  reso..02a58f00
+  inte..988645de
+  depe..969959a0
+    we..a42e69ba
+    we..09ceb31a
+    we..b00b605e
+    we..a88bbb54
+..f60a7ab7
+web3-e..1461d3bf
+  vers..9c4a5a11
+  reso..212c0e11
+  inte..adec22a5
+  depe..969959a0
+    et..8f81b593
+    un..fd89de4b
+    we..a88bbb54
+..f60a7ab7
+web3-e..10821c13
+  vers..9c4a5a11
+  reso..6342bf80
+  inte..ea73d444
+  depe..969959a0
+    an..b08dd7b3
+    cr..2d41b33d
+    et..f1950d5a
+    sc..b556baa6
+    un..fd89de4b
+    uu..caa3af5f
+    we..c587f846
+    we..a42e69ba
+    we..09ceb31a
+    we..a88bbb54
+..f60a7ab7
+web3-e..d6734c15
+  vers..9c4a5a11
+  reso..dc3869c0
+  inte..edfe4473
+  depe..969959a0
+    un..fd89de4b
+    we..c587f846
+    we..a42e69ba
+    we..09ceb31a
+    we..6b3972dc
+    we..094152e2
+    we..58331f86
+    we..a88bbb54
+..f60a7ab7
+web3-e..ecd76ec9
+  vers..9c4a5a11
+  reso..ea7d18ba
+  inte..45102695
+  depe..969959a0
+    et..b3b813de
+    un..fd89de4b
+    we..c587f846
+    we..a42e69ba
+    we..6b3972dc
+    we..58331f86
+    we..1d17328b
+    we..a88bbb54
+..f60a7ab7
+web3-e..e944e0dc
+  vers..9c4a5a11
+  reso..64138b6e
+  inte..76ebcfa1
+  depe..969959a0
+    bn..18d656e4
+    we..a88bbb54
+..f60a7ab7
+web3-e..f8724b5d
+  vers..9c4a5a11
+  reso..1baabf55
+  inte..689f1556
+  depe..969959a0
+    we..c587f846
+    we..a42e69ba
+    we..09ceb31a
+    we..c4154a57
+    we..a88bbb54
+..f60a7ab7
+web3-e..cd1fd2e6
+  vers..9c4a5a11
+  reso..978e8e78
+  inte..1479cb9a
+  depe..969959a0
+    un..fd89de4b
+    we..c587f846
+    we..a42e69ba
+    we..09ceb31a
+    we..094152e2
+    we..58331f86
+    we..a7d9feeb
+    we..1d17328b
+    we..93547e03
+    we..b351bfbc
+    we..0d511680
+    we..c4154a57
+    we..a88bbb54
+..f60a7ab7
+web3-n..327741c0
+  vers..9c4a5a11
+  reso..2f845f73
+  inte..736f158a
+  depe..969959a0
+    we..c587f846
+    we..09ceb31a
+    we..a88bbb54
+..f60a7ab7
+web3-p..55f7617a
+  vers..9c4a5a11
+  reso..94970f93
+  inte..1a04a5fd
+  depe..969959a0
+    we..a42e69ba
+    xh..092fcc66
+..f60a7ab7
+web3-p..37a4c8ec
+  vers..9c4a5a11
+  reso..222168d4
+  inte..a54b1443
+  depe..969959a0
+    ob..30295c3a
+    un..fd89de4b
+    we..a42e69ba
+..f60a7ab7
+web3-p..4b50ef25
+  vers..9c4a5a11
+  reso..92f1f779
+  inte..3d3c1ef6
+  depe..969959a0
+    un..fd89de4b
+    we..a42e69ba
+    we..da48dd0a
+..f60a7ab7
+web3-s..24f27122
+  vers..9c4a5a11
+  reso..2d145c01
+  inte..2c9f52a6
+  depe..969959a0
+    we..c587f846
+    we..09ceb31a
+    we..094152e2
+    we..c4154a57
+..f60a7ab7
+web3-u..508cc422
+  vers..9c4a5a11
+  reso..667e4e65
+  inte..50087f8d
+  depe..969959a0
+    bn..18d656e4
+    et..abcf9f2f
+    et..e152047f
+    nu..7614d679
+    ra..01198735
+    un..fd89de4b
+    ut..904f5cf5
+..f60a7ab7
+web3@^..3c333d5a
+  vers..9c4a5a11
+  reso..ba8f97fd
+  inte..1236895e
+  depe..969959a0
+    we..c4862dd2
+    we..c587f846
+    we..c866a4a1
+    we..0d511680
+    we..c4154a57
+    we..7380fdde
+    we..a88bbb54
+..f60a7ab7
+"webso..f378fbc8
+  vers..34c363d3
+  reso..c77b7c4c
+  depe..969959a0
+    de..11a02f3f
+    na..57d1068e
+    ty..53e6e9c8
+    ya..53476b28
+..f60a7ab7
-xhr@^2..1d263b87
+ws@^3...da17a7c8
+  vers..1f371382
+  reso..5e1f0ad3
+  inte..0139af2e
+  depe..969959a0
+    as..65006bfb
+    sa..8930b047
+    ul..38bb1890
+..f60a7ab7
+xhr-re..67e1e260
+  vers..3fc98660
+  reso..6fa5ed8c
+  inte..e14250dc
+  depe..969959a0
+    xh..1e25d91c
+..f60a7ab7
+xhr-re..1de47585
+  vers..337cded0
+  reso..9e87106a
+  inte..49bd4438
+  depe..969959a0
+    bu..86dde4a9
+    ob..d4d8a59e
+    qu..ba2ee58e
+    si..26ef9cf6
+    ti..211a148b
+    ur..0f907261
+    xh..418f78ce
+..f60a7ab7
+xhr2-c..dc9e4850
+  vers..337cded0
+  reso..24d81083
+  inte..aa1c760d
+  depe..969959a0
+    co..3e38aad9
+..f60a7ab7
+xhr@^2..5b84a615
+  inte..7aac7dc2
-xmlhtt..3bbebbbb
+xmlhtt..a226729a
-xtend@..72eecd32
+xtend@..77e31a06
+  inte..5f4e7b80
+yaeti@..63f98efc
+  vers..b41462bd
+  reso..9c439937
+  inte..59929be5
+..f60a7ab7
+..f60a7ab7
+yauzl@..8513fa75
+  vers..dd8b73fa
+  reso..f34447dc
+  inte..d09463f0
+  depe..969959a0
+    bu..ae896c86
+    fd..2b35fec7