-				De..ee2ea47d
-				$r..2098831f
-				De..cc7c526d
-				$r..60b8020b
+				De..e43bf34a
+				$r..095e33cf
-		$tra..0ffc5538
+		$tra..1594bad9
+	 * @p..151dd4ab
+	 * @p..b8d26af3
+	 * @p..75d4529b
+	 * @p..6c657f61
+	 * @r..8699dcf3
+	 * @t..a87d8b47
+	 */..9b7a844b
+	publi..f5c788c5
+		$ord..d500c9a7
+..f0556e4e
+		$isP..730f7463
+		$pen..92610490
+		$tra..6c6a026e
+..f0556e4e
+		// C..b80116c9
+		fore..726ef141
+			$pe..36a7d5cc
+				->..9f66fc77
+				->..bf1e77de
+		}..4c941b99
+..f0556e4e
+		retu..06f9bc71
+	}..dd731c8d
+..f0556e4e
+	/**..fb177b0a
-			$co..13b4b455
-			arr..3c1adaa9
-			$tr..6b791ebd
+			arr..93d86f50
+				ar..27433ad1
+				ar..68342c19
+				$t..fde68242
+			);..b0bb9ce9
+			$tr..bfa02dfd
- * @me..03f67015
- * @me..9fa8a0fa
+ * @me..ccf7f2a0
+ * @me..4d729a52
+..f0556e4e
+					/..ea45d9af
+					i..3940716d
+						..cf5511d3
+						..bb4462b0
+					}..dfa7244b
+..f0556e4e
-			<tr..c9432023
-				<d..1ebe2792
-					<..6d0e1d72
-						..83c03fbd
-						..4d94bc8f
-						..f092c885
-						..d0d8209d
-						..c27556d6
-						..267f6a45
-					<..89555530
-					<..69e10fb5
-						..96cc87be
-					<..89555530
-					<..e384fc8f
-						..d1f626ac
-						..56f06281
-						..b13dc62e
-						..d663478b
-						..befca057
-						..614c03d8
-						..1511d481
-						..befca057
-					<..89555530
-					<..13a53f1c
-						..8f60ed0d
-						..1ac94a11
-						..833ac722
-						..ea4d956a
-						..5dc6be09
-					<..89555530
-					<..c2b2146c
-						..8f60ed0d
-						..03c0265f
-						..733c2153
-						..de8e46f8
-						..ea4d956a
-						..5dc6be09
-					<..89555530
-					<..9b4664d8
-						..e0e794c1
-						..1d24fc64
-						..2fb1d647
-						..0c00e579
-						..d8a46e0f
-						..38bc2e74
-						..8fa9d8ad
-						..e0e794c1
-						..e874b914
-						..e60a869d
-						..0c00e579
-						..9fc6ff16
-						..be1adc6d
-						..8fa9d8ad
-						..e0e794c1
-						..f1235638
-						..0ca56649
-						..0c00e579
-						..85ea207a
-						..c44d8038
-						..8fa9d8ad
-						..972d87c9
-						..5cdbe7cc
-						..5b355c0a
-						..95963d30
-						..2546e8a3
-						..befca057
-					<..89555530
-					<..fa9e82de
-						..96cc87be
-					<..89555530
-				</..d45da751
-			</t..a7de8273
-..57c1cc4c
-			<tr..5f8c8432
+			<tr..43e9974c
-						..789e8224
+						..1b09338b
+						..34eb3eda
+					<..9f1c69f6
-					<..ae0f5059
-						..31da3ff9
-						..765cc59f
+					<..fec87f96
+						..bc20a4f5
+						..2696d0ab
+						..8f30398b
+					<..37edab28
+					<..9f1c69f6
-					@..3be6bff3
+					<..c2ba9423
+						..072f8568
+					<..37edab28
+					<..9f1c69f6