+			// ..4aa46e1a
+			win..0f22d52f
+				//..d368f189
+				cl..0f449742
+				th..a6948d2b
+					t..9fad9858
+				},..1afcaf32
+			});..ddec555e
-</scri..1c67fcad
-..f37bcebf
-<style..bca315c7
-	.comp..94389c9f
-		posi..5d95f121
-	}..9c75f605
-..f37bcebf
-	.comp..06d6121b
-		disp..3b8ebb1d
-		widt..7d559126
-		padd..4df49027
-		tran..1b950f5e
-		font..06198977
-		font..1812b6a3
-		box-..3ac6e830
-		bord..509c9799
-		heig..13436fcd
-		bord..e5753684
-		-web..740855db
-		-web..99081111
-	}..9c75f605
-..f37bcebf
-	.comp..00096546
-	.comp..7877f110
-		outl..4e5f2cd4
-		tran..5bb0e263
-		box-..fef8ca54
-	}..9c75f605
-..f37bcebf
-	.comp..7410859a
-		posi..5d95f121
-		font..06198977
-		font..b91f8fb5
-		top:..2dc5f259
-	}..9c75f605
-..f37bcebf
-	.comp..3e1fbc4e
-		posi..1b42e27e
-		marg..d5ef2713
-		top:..d6fab105
-		righ..a4520ee4
-		heig..13436fcd
-		widt..c7997c88
-		box-..2b251f3b
-		bord..ccef8423
-		bord..8e0b23f8
-	}..9c75f605
-..f37bcebf
-	.comp..a0525fd7
-		top:..545ed879
-		posi..5d95f121
-	}..9c75f605
-..f37bcebf
-	/**..6107bc5b
-	 * Se..05c3ac9c
-	 */..802953f3
-	.comp..80b6eb2f
-		posi..1b42e27e
-		widt..7d559126
-		top:..bf53d200
-		bord..e5753684
-		box-..f7611cd3
-		bord..e30bfbd6
-		z-in..95af407c
-	}..9c75f605
-..f37bcebf
-	.comp..54b60e1b
-		max-..e4ad5e67
-	}..9c75f605
-..f37bcebf
-	.comp..9b510784
-		widt..f085bed4
-		max-..54b49fb2
-		marg..d5ef2713
-	}..9c75f605
-..f37bcebf
-	.comp..c0d1b301
-		padd..628d6466
-		top:..d6fab105
-		font..5dfbe739
-	}..9c75f605
-..f37bcebf
-	.comp..6bc6a60c
-		min-..35a38983
-	}..9c75f605
-..f37bcebf
-	.comp..fc79d33f
-		back..83f7c9c9
-	}..9c75f605
-..f37bcebf
-	.comp..15ecee22
-		padd..fafa47ab
-		bord..ff20cc4b
-	}..9c75f605
-..f37bcebf
-	.comp..2bf09a62
-		padd..d5c73293
-	}..9c75f605
-..f37bcebf
-	.comp..50028ada
-		word..0dbabe93
-		whit..2daa8952
-		over..57055a23
-		text..af9d3877
-		padd..c91053da
-	}..9c75f605
-..f37bcebf
-	.mobi..18e011ed
-		over..8304e8d1
-	}..9c75f605
-..f37bcebf
-	.mobi..bc030220
-		padd..ac89e772
-		text..edbf9aad
-	}..9c75f605
-..f37bcebf
-	.resu..592adff0
-		back..9f3b3ba5
-		back..0f27cbc0
-	}..9c75f605
-..f37bcebf
-	@medi..86fe2ce5
-		.con..1c53519a
-			pad..1d0807e4
-		}..e2e37844
-	}..9c75f605
-</styl..1abaeb31
+</scri..e69ac024
+			// ..4aa46e1a
-			win..e0be76e9
-				th..4fa86eed
+			win..0f22d52f
+				//..d368f189
+				cl..0f449742
+				th..a6948d2b
+					t..9fad9858
+				},..1afcaf32
-		stat..0c91129b
-		wind..045d29cf
+		wind..f3fde057
-			thi..81f01470
+..1469ec84
+			// ..ac66bedf
+			cle..600aace8
+			thi..76b5c304
+				th..a523d4a0
+			}, ..4a394e37
+		posi..1c8adbd9
+		inpu..081cb0f3
+			bac..bb7a1370
+			col..2e8e37a4
+			dis..4740e25b
+			wid..20f15d83
+			pad..d84e6ed9
+			tra..1e90a373
+			fon..b557a024
+			fon..186906f5
+			box..c91eedc2
+			bor..f5bbbf23
+			hei..b910d10e
+			bor..03bb8133
+			-we..9d864676
+			-we..a51066ba
+		}..4132b446
+..1469ec84
+		inpu..b23507e2
+			col..5719f8fc
+		}..4132b446
+..1469ec84
+		inpu..9b328a92
+		inpu..5373d1ed
+			out..4c63ab44
+			tra..7e7a21bb
+			box..9731075b
+		}..4132b446
+..1469ec84
+		inpu..b23507e2
+			pos..575326c5
+			fon..b557a024
+			fon..a15b5c9e
+			top..d14c2785
+		}..4132b446
+..1469ec84
+		/**..7bd09be4
+		 * S..540f838b
+		 */..7b358919
+			pos..fcac2821
+			wid..20f15d83
+			top..223dde49
+			bor..03bb8133
+			box..64a87773
+			bor..ac7cca8c
+			z-i..dc38340c
+..1469ec84
+			.co..e92f5d9f
+				wi..c8a3cf1f
+				ma..91b36bb0
+				ma..a25e58e1
+			}..91de96e0
+..1469ec84
+			.co..1b746233
+				pa..125c956f
+				to..1780caaf
+				fo..0a8d4215
+			}..91de96e0
+..1469ec84
+			.md..69bc8623
+				mi..91322d27
+			}..91de96e0
+..1469ec84
+			.md..5afd414e
+				ba..deb45772
+			}..91de96e0
+..1469ec84
+			.re..aaadc204
+				pa..c29cd10a
+				bo..e4e5ae2c
+			}..91de96e0
+..1469ec84
+			.re..7de9a584
+				pa..d87205bd
+			}..91de96e0
+..1469ec84
+			.re..c887eab7
+				ba..90f78b31
+				ba..36c22aed
+			}..91de96e0
+..1469ec84
+			.te..71671c62
+				wo..74eed6d0
+				wh..d24741cd
+				ov..b4dc2489
+				te..befd005d
+				pa..bd7a73cf
+			}..91de96e0
+..1469ec84
-				 b..27accedd
-			 }..440c5303
+				ba..8ea69232
+			}..91de96e0
+		}..4132b446
+..1469ec84
+		.sea..43f06a92
+			max..6ff3e173
+		}..4132b446
+..1469ec84
+		/*..489b5cd9
+		 * S..1fbde7e5
+		 */..7b358919
+		.sea..0edd526f
+			pos..fcac2821
+			mar..2ac994fd
+			top..2d8fc19a
+			rig..0d75f5a5
+			hei..b910d10e
+			wid..c5b442da
+			box..77a4a3a1
+			bor..f51fbd42
+			bor..1e6fce29
+..1469ec84
+			i {..58e34ec1
+				to..131bbe63
+				po..1630026c
+			}..91de96e0
+..1469ec84
+			.md..2820f368
+				pa..c5e3b08e
+			}..91de96e0
+		}..4132b446
+..1469ec84
+		.mob..8e3ae441
+			ove..d7e14cbd
-		.sea..044adbd0
-			pad..b3d5b214
+		.mob..a8c7cac7
+			pad..13dd4e10
+			tex..45d59068