+				DB..bfebdc8a
+				DB..66bab0ee
+			->l..fbf740fd
+			->l..fde5c27e
-			$tx..dfb041ff
+			$tx..66097e4a
+				->..6a0eae14
+					'..76eb57d2
+					'..13caa80e
+					'..9c9bc6a3
+					'..573ca1d8
+				])..480647f6
+				->..b72ab372
+					'..82bda6c7
+					'..813c6997
+					'..20028b8a
+					'..366107ac
+				])..2217d057
+				DB..bfebdc8a
+				DB..66bab0ee
+			->l..fbf740fd
+			->l..fde5c27e
-			$tx..dfb041ff
+			$tx..66097e4a
+				->..6a0eae14
+					'..76eb57d2
+					'..13caa80e
+					'..9c9bc6a3
+					'..573ca1d8
+				])..480647f6
+				->..b72ab372
+					'..82bda6c7
+					'..813c6997
+					'..20028b8a
+					'..366107ac
+				])..2217d057
-		$sel..c514e3b1
+		$sel..d58a38d2
+			->s..51ea75fa
+				'e..5e2a3489
+				DB..bfebdc8a
+				DB..66bab0ee
+			])..b746634b
+			->l..3224f92a
+			->l..a566467b
-			$tx..ddfa35c4
+			$tx..9d1fb88f
+				->..6a0eae14
+					'..76eb57d2
+					'..13caa80e
+					'..9c9bc6a3
+					'..573ca1d8
+				])..480647f6
+				->..0d5fcc49
+					'..82bda6c7
+					'..813c6997
+					'..20028b8a
+					'..366107ac
+				])..f25a5cbe
+			->s..51ea75fa
+				'e..5e2a3489
+				DB..bfebdc8a
+				DB..66bab0ee
+			])..b746634b
+			->l..3224f92a
+			->l..a566467b
-			$pe..1efa2e2a
+			$pe..2cdb53fd
+				->..6a0eae14
+					'..da67a1df
+					'..b7981ca7
+					'..979a1c63
+					'..fa89bb88
+				])..480647f6
+				->..dac7919c
+					'..54c71f00
+					'..f602626d
+					'..c78daca3
+					'..2112c957
+				])..f25a5cbe
-	publi..91a888d3
-		retu..f9332aee
-			->s..ae33de05
-	}..9c75f605
-..f37bcebf
-		else..769ab5f2
-		else..b69a60f2
-		else..769ab5f2
-		else..78655c48