+		'tex..c47fa8da
+use En..a9f91348
+use En..e5764124
+use En..cbb11557
-	 * @r..5aa17321
+	 * @r..cb95d98c
-	publi..55462dc4
+	publi..dffb99f8
-	 * @r..5aa17321
+	 * @r..aa393b61
-	publi..c8fb7cf6
+	publi..b56763bd
-	 * @r..5aa17321
+	 * @r..06770bd4
-	publi..2632f6dc
+	publi..a1a57292
-	 * @r..5aa17321
+	 * @r..aa393b61
-	) {..c266aceb
+	): ar..e336f9c1
-	 * @r..5aa17321
+	 * @r..924a6b0a
-	) {..c266aceb
+	): ar..e336f9c1
-		if (..324d2990
+		if (..d59c0f52
-		} el..20ba000d
-			ret..59cc29e5
-		}..e2e37844
+		retu..ae4decc5
-	publi..bbedb5ca
+	publi..eacee2ce
-	publi..e5d17d81
+	publi..b56e9fbe
-						..4510b5c0
+						..caa5caac
-	publi..1e95c1f7
+	publi..b64f03f9
-	 * @r..4501ccd6
+	 * @r..0c285f54
-	publi..d8f2ecea
+	publi..abe5050d
-	 * @p..efd45b39
-	 * @p..ee4105ca
-	 * @p..94bf0b09
-	 * @p..ed407335
-	 * @p..cf5348d8
-	 * @p..69babe22
+	 * @p..5ee96c20
+	 * @p..0f48f46a
+	 * @p..e9927c4a
+	 * @p..b4ce6db3
+	 * @p..2634d986
+	 * @p..29d4c987
-		stri..0db24fa4
-		stri..a82b6fc5
-		stri..6a5b379f
-		stri..185ebd43
-		stri..bb3e0420
-		stri..69fdb796
-	) {..c266aceb
+		?str..c72c610e
+		?str..9f8fc713
+		?str..d85fa223
+		?str..921d01bd
+		?str..cbac02d1
+		?str..26118ff6
+	): in..75341b5a
-		$val..019d1830
-..f37bcebf
-		retu..e0370228
+		retu..e047ba0d
-	publi..50732a56
+	publi..99be35ae
-		$num..9ec8e3d7
-		retu..0246a157
+		retu..91364197
-	publi..d4e4b9d3
+	publi..0f74710f
-		$val..019d1830
-..f37bcebf
-		retu..e0370228
+		retu..e047ba0d
-	publi..21c0f7f4
+	publi..c91b9162
-		$non..3bc7c9d5
-		$non..50e063e5
-..f37bcebf
-		retu..ccd0c196
+		$non..14964c28
+		retu..9870118c
-	 * @r..70c9d1d6
+	 * @r..70f1e109
-	publi..7bdabb22
+	publi..1479edcd
-		retu..da5690ff
+		retu..e57e6417
-	 * @r..70c9d1d6
+	 * @r..15049bab
+	 * @t..64909e23
-	publi..0cee0493
+	publi..45bf9e84
+		$out..ad5d61a0
+..1469ec84
-				if..fac44dae
-					t..7855ad8d
-				}..01ad72c0
+				if..a75d6091
+				el..9d480fed
-		retu..2cbb45cb
+		retu..7e6dac2c
-	 * @r..5aa17321
+	 * @r..a1184470
-	publi..2dd3d640
+	publi..9f74c738
-	 * @r..fcb1fdd7
+	 * @r..0e69a29e
-	publi..602bebc4
+	publi..d4ed92d5
-	publi..ee7b449d
+	publi..dfcc0905
-	 * @p..d0abfc3c
-	 * @r..5aa17321
+	 * @p..5d3e224d
+	 * @r..bd3a3f65
-	publi..02203be6
+	publi..b9095428
-	publi..aea26760
+	publi..4d71e8a4
-	 * @r..8c49f34c
+	 * @r..0e69a29e
-	publi..c2ea9a3a
+	publi..a7f53ca8
-		if (..afe46cfa
+		if (..35ac5908
+		} el..fea5a676
+			$pa..8b60def4
-		$det..c32a476b
+		$det..0d9bf4da
+			'er..e3b8510e
-					t..a5826e2a
+					$..9fdfa4b5
+					$..4fe05452
-			if ..c86e7328
+			if ..c0649269
+use En..6ddc0773
+use En..099820f0
+use En..42292a8e
+use En..e5764124
-	publi..7b48b46a
+	publi..7b29d2a9
-	 * @r..842c4144
+	 * @r..24d21209
-	publi..f5576034
+	publi..6ad4d1dc
-	publi..6a288c8a
+	/**..d89d4614
+	 * @p..32dc916c
+	 * @p..87385139
+	 * @p..8b732341
+	 * @p..39967029
+	 * @r..aa393b61
+	 * @t..e4081ccd
+	 */..17dc3d41
+	publi..74c75da1
-		$tra..8ceff402
+		$tra..03127a4f
-			$tx..be1db4cc
+			$tx..43d22452
-	publi..8bb3e765
+	/**..d89d4614
+	 * @p..32dc916c
+	 * @p..87385139
+	 * @p..8b732341
+	 * @p..39967029
+	 * @r..62ab49c4
+	 * @t..e4081ccd
+	 */..17dc3d41
+	publi..64d09c77
-			$tr..549ff34f
+			$tr..a41ad6db
-			$tx..9c6707af
+			$tx..cc3e0951
-	publi..09cef907
+	/**..d89d4614
+	 * @p..0c8af3e4
+	 * @r..62ab49c4
+	 */..17dc3d41
+	publi..5a46e913
-			->g..a12707e0
+			->g..8fb5bbad
-			$tx..9c6707af
+			$tx..cc3e0951
-			$tx..be1db4cc
+			$tx..43d22452
-	publi..e8bad59e
+	/**..d89d4614
+	 * @p..87385139
+	 * @p..08a1e815
+	 * @p..ee2c42af
+	 * @p..39967029
+	 * @p..e84b0503
+	 * @r..924a6b0a
+	 */..17dc3d41
+	publi..a30c2847
-		$tra..3c5ad4fe
+		$tra..bd567c0d
-	publi..f5a0e7f0
+	/**..d89d4614
+	 * @p..b451083d
+	 * @p..87385139
+	 * @p..08a1e815
+	 * @p..ee2c42af
+	 * @p..39967029
+	 * @p..e84b0503
+	 * @r..924a6b0a
+	 */..17dc3d41
+	publi..37f1406b
-		$sel..bc7cd095
-		$sel..26644508
+		$sel..2b3f86c9
+		$sel..dded969c
-	priva..3df8f330
+	/**..d89d4614
+	 * @p..b451083d
+	 * @p..87385139
+	 * @p..08a1e815
+	 * @p..ee2c42af
+	 * @p..39967029
+	 * @r..924a6b0a
+	 */..17dc3d41
+	priva..65897b7e
-		$tra..3c5ad4fe
+		$tra..bd567c0d
-			$lo..4721dc26
+			$lo..c3df2d84
-			$to..1e576fc4
+			$to..5168e5b8
-	publi..e3179eea
+	publi..1479edcd
-				re..f54d1d45
+				re..9a5f16bd
-		if (..30cf932a
-			ret..12ac10ae
-		}..e2e37844
-..f37bcebf
-		retu..76d2c170
+		if (..caeb5110
+			ret..f22bf7b4
+		retu..6dec15cb
-	publi..edc2495b
+	/**..d89d4614
+	 * @p..32dc916c
+	 * @p..87385139
+	 * @p..7797cfa5
+	 * @p..8b732341
+	 * @p..39967029
+	 * @r..3373ce45
+	 * @t..e4081ccd
+	 */..17dc3d41
+	publi..e5cd7e1a
-		$tra..8ceff402
+		$tra..03127a4f
-			$tx..2869d068
+			$tx..a60e3acc
-	publi..1dcc99d1
+	/**..d89d4614
+	 * @p..362597f1
+	 * @p..87385139
+	 * @p..ce9b9943
+	 * @p..39967029
+	 * @r..aa393b61
+	 */..17dc3d41
+	publi..40d1c118
-		$tra..8ceff402
+		$tra..03127a4f
-			$tx..be1db4cc
+			$tx..43d22452
-	publi..15baac0c
+	/**..d89d4614
+	 * @p..87385139
+	 * @p..7797cfa5
+	 * @p..8b732341
+	 * @p..39967029
+	 * @r..cb95d98c
+	 * @t..e4081ccd
+	 */..17dc3d41
+	publi..36b9e131
-		$blo..53a8907a
+		$blo..1e4a636d
-				$b..c66f76e9
+				$b..61d438b2
-		retu..76d2c170
+		retu..6dec15cb
-	publi..f1ff4e55
+	/**..d89d4614
+	 * @p..e4157f8c
+	 * @r..06770bd4
+	 */..17dc3d41
+	publi..a1a57292
-			ret..7883a262
+			ret..e319692c
-		retu..76d2c170
+		retu..6dec15cb
-			$to..fec09a26
+			$to..7305afe5
-		retu..1d499815
+		retu..f86f5cbf
-		retu..bc6952a9
+		retu..881c1af0
-	publi..a4a63296
+	/**..d89d4614
+	 * @p..5bec5246
+	 * @r..a1184470
+	 * @t..64909e23
+	 */..17dc3d41
+	publi..e5b64507
-		$tok..5f5ca973
+		$tok..c46df06e
-	publi..3ffb59d0
+	/**..d89d4614
+	 * @p..bc4b8640
+	 * @p..f4add6a0
+	 * @p..7797cfa5
+	 * @r..0e69a29e
+	 * @t..64909e23
+	 */..17dc3d41
+	publi..386e94d9
-		if (..88770b70
+		if (..f52fdf32
-	publi..e239d1e4
+	/**..d89d4614
+	 * @p..621a0e54
+	 * @p..f4add6a0
+	 * @r..0e69a29e
+	 */..17dc3d41
+	publi..bf4dc7f8
-	publi..ccefdcde
+	/**..d89d4614
+	 * @p..f78af9e1
+	 * @p..77abfa3f
+	 * @r..0e69a29e
+	 */..17dc3d41
+	publi..79c826a3
-		retu..76d2c170
+		retu..6dec15cb
-    pu..f9724454
+	/**..d89d4614
+	 * @p..6f955962
+	 * @r..bd3a3f65
+	 */..17dc3d41
+    pu..6f46a409
-      ..8feeae3e
-      ..f88289a9
+      ..d2118936
+      ..c064f051
-      ..bf8dfdb3
+      ..71443c46
-	publi..aa966b0b
+	publi..9d62ad5c
-	publi..d2bf2efe
+	publi..aa766d37
-		<md-..02fe188f
-			<md..ef96d884
-		</md..0a613550
-<style..0602d9d5
+<style..52e9355d
-	.mobi..c6f57846
-		heig..8dfe047b
-		marg..6b6b6c20
-		marg..79fcfcd9
-		widt..eb7e21d7
-		box-..42f0e7fe
-		top:..5ceaf971
-		righ..8760bfaa
-		posi..3756a98c
-	}..9c75f605
-..f37bcebf
-..f37bcebf
-	@medi..a7faa91a
-		.con..7d81bd95
-			mar..5ca23367
-		}..e2e37844
-	}..9c75f605
-		xDow..046d67a9
-		yDow..e3b0a9a8
-		wind..f615f477
-		scro..d1ec41ca
-		scro..83274558
+		wind..9c947801
-		load..296d269c
+		load..ac3b3661
-		mobi..e6f951bd
-		logo..f754ffef
+		mobi..f7b6642f
+		logo..e1626852
-		prev..b0105d38
+		prev..825bc166
-		sect..0059e5d6
-		runt..7629560d
-		orde..88a7c3dc
-		colu..014c7df3
-		sort..fb4f6bfd
-		sear..ae630e16
+		sect..07c888b8
+		runt..19dc2c75
+		orde..4feef2b4
+		colu..61bc4f9f
+		sort..90876ceb
+		sear..088c1b3a
-			key..4b4861b2
+			key..9a5f2ed5
+			id:..9cfa88e0
+			exh..64cb75a6
-			new..745ae6f6
+			new..a8e1ff69
-			exh..9414fcaf
-			id:..2fb132a4
-..f37bcebf
-		// d..7dbdc34e
-		// 	..68e47fcc
-		// 	..309271ad
-		// }..25fba0df
-..f37bcebf
-		docu..ebc5530a
-		docu..fb842b19
-		docu..639ed330
-..f37bcebf
-		if (..596ee324
-			thi..001e7477
-		}..e2e37844
-		hand..6c40bb1e
-			thi..bc5d1730
-			thi..40c9cdc3
-		},..5d6a69a6
-		hand..f955e986
-			if ..be7643cd
-				re..b2ca578f
-			}..1380880f
-..f37bcebf
-			let..aa6f1122
-			let..500ab693
-			let..538db1fb
-			let..f9506054
-..f37bcebf
-			if ..5e2fbbd7
-				if..aeedec2c
-					t..bcc0ae39
-					i..8680d430
-						..3b445f79
-						..6ecfc06d
-						..4830d07b
-					}..f931744a
-				} ..7acea264
-					t..bcc0ae39
-					i..8680d430
-						..3b445f79
-						..6ecfc06d
-						..4830d07b
-					}..f931744a
-				}..01ad72c0
-			} e..d59d4135
-				if..1c069e97
-					t..dcd305d9
-					i..87ad08bb
-						..e4f84947
-						..22301d87
-						..4830d07b
-					}..f931744a
-				} ..7acea264
-					t..dcd305d9
-					i..b0535675
-						..e4f84947
-						..22301d87
-						..4830d07b
-					}..f931744a
-				}..01ad72c0
-			}..1380880f
-		},..5d6a69a6
-		hand..2aa1c784
-			/* ..d42680c7
-			thi..f58cb006
-			thi..3bbe5be6
-			set..356e116f
-				th..a56195e8
-				th..a6aa50a2
-				do..b07f8d61
-				do..701346a9
-			}, ..183ac7d0
-		},..5d6a69a6
-			// ..73d6b892
-			thi..afddb484
-..f37bcebf
+				el..e2382b63
+				//..1a3cca35
+				th..0cb51783
+..1469ec84
+$text-..e710d316
-	.md-t..13398acf
-		disp..e6ad2560
-	}..9c75f605
-..f37bcebf
-	.titl..a97db96f
-		disp..44cba0f0
+	.alte..49e1c81e
-	.titl..ce0ce10d
+	.alte..c71f45b2
+		disp..3b379fd9
+		padd..1f89d232
+	}..fbb5e225
+..1469ec84
+	.alte..7d8a32c9
+		.mob..42971411
+			pad..387ab253
+		}..4132b446
+..1469ec84
-	.titl..e6af4de3
+	.alte..088aa98d
+	.mobi..f78d1dd4
+		font..eb3afd38
+		top:..a9fcec9c
+		left..ab92c979
+		posi..1c8adbd9
+		colo..45a57860
+	}..fbb5e225
+..1469ec84
-	.valu..ddcc6a01
-	.valu..7c8a62e5
-		vert..77bc502c
-		font..b49e547e
-	}..9c75f605
-..f37bcebf
+..1469ec84
+	.tx-f..5c609e43
+		back..a55f1402
+	}..fbb5e225
-.fade-..8d4939b4
-	trans..7734609a
-}..f973de67
-..f37bcebf
-.fade-..989bc75d
-	trans..16494c6f
-}..f973de67
-..f37bcebf
-.fade-..75c6f2a9
-	opaci..40fcf089
-}..f973de67
-..f37bcebf
-.fade-..eee8907e
-	trans..2903dc7b
-}..f973de67
-..f37bcebf
-.fade-..18568b7f
-	trans..135ff1a7
-}..f973de67
-..f37bcebf
-.fade-..fb3d6edc
-.fade-..18568b7f
-	top: ..a0ce5b08
-	posit..83a75613
-}..f973de67
-..f37bcebf
-.fade-..5db72fcc
-	opaci..40fcf089
-	top: ..5c38d848
-	posit..83a75613
-}..f973de67
-..f37bcebf
-	.head..34a7986c
-		padd..f982d244
-	}..9c75f605
-..f37bcebf
-	.tabl..6e0a9fab
-		disp..e6ad2560
-	}..9c75f605
-..f37bcebf
-	.tabl..fcdcfe0e
-		disp..e6ad2560
-	}..9c75f605
+	.app ..81e0fab7
+		.hea..d1ae559c
+			pad..cc383b8f
+		}..4132b446
-	.app-..d13f6447
-		max-..c490038e
-	}..9c75f605
+		.app..5c87c9c7
+			max..036e49e4
+		}..4132b446
-	.cont..660b5a80
-		.hea..3ef725a7
-			pad..4ffc7c9b
+		.con..81fa6c6c
+			.he..b2f6402d
+				pa..66b30077
+			}..91de96e0
-	.app-..144ff56d
-		font..0449a6a3
-	}..9c75f605
-}..f973de67
-..f37bcebf
-@media..b21aace3
-	.app-..d5aab919
-		min-..98cef38e
-		disp..3b8ebb1d
-	}..9c75f605
-..f37bcebf
-	.app-..d13f6447
-		max-..c490038e
-	}..9c75f605
-..f37bcebf
-	.app-..56c03b0f
-		heig..4d164774
-	}..9c75f605
-..f37bcebf
-	.app-..026807dd
-		top:..31fc132d
-	}..9c75f605
-..f37bcebf
-	.app-..1fa57f98
-		disp..3b8ebb1d
-		padd..7f1204c1
-	}..9c75f605
-..f37bcebf
-	.app-..17356fb1
-		padd..fafa47ab
-	}..9c75f605
-..f37bcebf
-	.app-..365880ef
-		max-..d191e546
-		marg..653cc22c
-	}..9c75f605
-..f37bcebf
-	.app-..f514748a
-	.app-..89787125
-		heig..bf6197e1
-	}..9c75f605
-..f37bcebf
-	.app-..8c58b3b9
-		marg..c4ec1846
-	}..9c75f605
-..f37bcebf
-	.app-..766d52ba
-	.app-..ac84b8e9
-		disp..ef655869
-	}..9c75f605
-..f37bcebf
-	.app-..b40236cc
-		font..40654562
-		line..a4098b70
-	}..9c75f605
-..f37bcebf
-	.app-..322a1750
-		disp..8f6af713
-		widt..31c63cec
-		heig..1478973c
-	}..9c75f605
-..f37bcebf
-	.app-..88223114
-		font..f9c5f37e
-	}..9c75f605
-..f37bcebf
-	.md-c..4f7b6e6b
-		padd..3eaa42b4
-	}..9c75f605
-..f37bcebf
-	.tabl..cdd0499d
-	.tabl..afc24dea
-		padd..9dc34ff6
-	}..9c75f605
+	.app ..81e0fab7
+		.app..b01a5c65
+			.md..3ba0a5e4
+				fo..752a4c64
+			}..91de96e0
-	.tabl..9555daa5
-	.tabl..fd012ac2
-		padd..27b9e339
-	}..9c75f605
+			.to..58765011
+				fl..2a32e454
+			}..91de96e0
-	.head..34a7986c
-		padd..f982d244
-	}..9c75f605
+			.al..e04ddc9d
+				pa..4938b6af
+				po..1630026c
+				ma..a25e58e1
+				to..a337b9ca
+				li..0858256b
+			}..91de96e0
-	.app-..3e6376ac
-		max-..ad53d234
-		padd..7dcdd044
-	}..9c75f605
+			.co..7586262d
+				ma..7519624d
+			}..91de96e0
-	.tabl..6e0a9fab
-		disp..e6ad2560
-	}..9c75f605
+			.md..32af2e39
+				pa..e8d7912a
+				di..b4da213e
+			}..91de96e0
-	.tabl..fcdcfe0e
-		disp..e6ad2560
-	}..9c75f605
+			.to..164876ba
+				pa..5fdd4a8d
+			}..91de96e0
-	.cont..660b5a80
-		.hea..3ef725a7
-			pad..4ffc7c9b
+			.to..6b877c43
+				ma..ebc8cc02
+			}..91de96e0
-	}..9c75f605
-..f37bcebf
-	.comp..3e1fbc4e
-		heig..4d164774
-		widt..b75604e9
-	}..9c75f605
-	.comp..a0525fd7
-		top:..3a0487e5
-	}..9c75f605
-..f37bcebf
-	.tabl..05337184
-		left..465fbd12
+		.md-..ffbc0d91
+			pad..a1d1e447
+		}..4132b446
-	.app-..d5aab919
-		min-..98cef38e
-		disp..3b8ebb1d
-	}..9c75f605
+	.app ..81e0fab7
+		.app..b01a5c65
+			min..32104007
+			dis..4740e25b
-	.app-..56c03b0f
-		heig..4d164774
-	}..9c75f605
+			.co..f7db4d61
+				he..afa8fd34
+			}..91de96e0
-	.app-..026807dd
-		top:..31fc132d
-	}..9c75f605
+			.to..58765011
+				fl..2a32e454
+			}..91de96e0
-	.app-..1fa57f98
-		disp..3b8ebb1d
-		padd..8efb80fc
-	}..9c75f605
+			.md..32af2e39
+				di..b4da213e
+				pa..9276fff7
+			}..91de96e0
-	.app-..17356fb1
-		padd..fafa47ab
-	}..9c75f605
+			.al..e04ddc9d
+				pa..4938b6af
+				po..1630026c
+				ma..a25e58e1
+				to..131bbe63
+				li..ccb01adb
-	.app-..365880ef
-		max-..68cea6b2
-		marg..653cc22c
-	}..9c75f605
+				li..2dab8614
+					f..34fe0243
+				}..3aff2466
-	.app-..f514748a
-	.app-..89787125
-		heig..bf6197e1
-	}..9c75f605
+				li..b641f3b5
+					m..eab0275c
+				}..3aff2466
+			}..91de96e0
-	.app-..8c58b3b9
-		marg..c4ec1846
-	}..9c75f605
+			.to..164876ba
+				pa..5fdd4a8d
-	.app-..766d52ba
-	.app-..ac84b8e9
-		disp..ef655869
-	}..9c75f605
+				im..02aa7c7b
+					m..e36ce1ca
+					m..edee2aee
+					m..ef770260
+				}..3aff2466
+			}..91de96e0
-	.app-..b40236cc
-		font..08b1793f
-		line..aeb5727b
-	}..9c75f605
+			.se..53bac030
+			.ch..d0ac960e
+				he..8363442f
+			}..91de96e0
-	.app-..144ff56d
-		disp..e6ad2560
-	}..9c75f605
+			.md..8467df70
+			.md..67bced66
+				di..d155c509
+			}..91de96e0
-	.app-..a342c7b3
-		disp..8f6af713
-	}..9c75f605
+			.md..3ba0a5e4
+				fo..cf29c4ba
+				li..9c13b7f5
+			}..91de96e0
-	#app[..d21c4906
-	#app[..321d1496
-	#app[..d1d38f2c
-		.app..9e08ba8c
-			dis..848e7384
-		}..e2e37844
+			.to..9bc6742c
+				di..f9a02e64
+				wi..d0edf105
+				he..f5497e7e
+			}..91de96e0
-		.app..c2bea472
-			dis..433c3a90
+			.to..ec2f5547
+				fo..6826b3c5
+			}..91de96e0
-	}..9c75f605
-..f37bcebf
-	.app-..322a1750
-		disp..8f6af713
-		widt..97518566
-		heig..0e6388b3
-	}..9c75f605
-..f37bcebf
-	.app-..88223114
-		font..d30a967c
-	}..9c75f605
-	.md-c..4f7b6e6b
-		padd..38cbbbfb
-	}..9c75f605
+		.com..fa45be4c
+			.se..3b8bb87a
+				he..8363442f
+				wi..35708d98
-	.tabl..cdd0499d
-	.tabl..afc24dea
-		padd..bea3998d
-	}..9c75f605
+				i ..218d19b2
+					t..573de2ba
+				}..3aff2466
+			}..91de96e0
+		}..4132b446
-	.tabl..9555daa5
-	.tabl..fd012ac2
-		padd..f7f879b8
-	}..9c75f605
+		.md-..ffbc0d91
+			pad..8897201c
+		}..4132b446
-	.head..849c173b
-		disp..3b8ebb1d
-	}..9c75f605
+		.hea..f9f06bba
+			dis..4740e25b
+		}..4132b446
-	.head..34a7986c
-		padd..4dbc5162
-	}..9c75f605
+		.hea..d1ae559c
+			pad..935124ab
+		}..4132b446
-	.md-c..8f124ceb
-		font..f3ca119b
-		marg..52ec9961
-	}..9c75f605
+		.md-..140f7ebc
+			fon..a90da629
+			mar..b7f45be6
+		}..4132b446
-	.md-c..63266e31
-		font..11bdf042
-		line..aeb5727b
-	}..9c75f605
+		.md-..ba8a185b
+			fon..0399b1b6
+			lin..6bd20832
+			pad..37ff41cf
+		}..4132b446
-	.tabl..b1caac6f
-	.tabl..95ef0687
-		font..694fd4d4
-		padd..75b8782b
-	}..9c75f605
+		.app..f800d300
+		.app..f1fc4a3d
+			wid..a663d95c
+			hei..1315322b
+		}..4132b446
-	.app-..3e6376ac
-		max-..ad53d234
-		padd..4a1c55e0
-	}..9c75f605
+		.con..81fa6c6c
+			.he..b2f6402d
+				pa..66b30077
+			}..91de96e0
+		}..4132b446
-	.app-..17221880
-	.app-..90c6bcf6
-		widt..dbf15abc
-		heig..2f78d453
-	}..9c75f605
+		.tab..a49b12c0
+			the..2c6e7848
+			tbo..e17c1b2f
+				fo..6ff04cbe
+				pa..05a9e4c9
+			}..91de96e0
-	.tabl..6e0a9fab
-		disp..e6ad2560
-	}..9c75f605
+			.st..b1bba8a2
+				le..4c00dfc3
+			}..91de96e0
-	.tabl..fcdcfe0e
-		disp..e6ad2560
-	}..9c75f605
+			the..dcea7c2e
+			tbo..46127d68
+				pa..472bb4b5
+			}..91de96e0
-	.cont..660b5a80
-		.hea..3ef725a7
-			pad..4ffc7c9b
+			the..7a3e52c8
+			tbo..b847f8d3
+				pa..0642267b
+			}..91de96e0
-..f37bcebf
-	.comp..3e1fbc4e
-		heig..4d164774
-		widt..b75604e9
-	}..9c75f605
-..f37bcebf
-	.comp..a0525fd7
-		top:..3a0487e5
-	}..9c75f605
-..f37bcebf
-	.tabl..05337184
-		left..09ec538b
-	}..9c75f605
-}..f973de67
-..f37bcebf
-.ps__s..7a10d4b5
-	displ..90cb3e15
-@media..0d772226
-	.app-..e7d15d14
-		disp..e6ad2560
-	}..9c75f605
-}..f973de67
-..f37bcebf
-@media..9a3305de
-	.app-..7aa7f274
-		max-..ad53d234
-		padd..1993b120
-	}..9c75f605
-}..f973de67
-..f37bcebf
-/**..9d924cda
- * < 1..071ef79a
- */..4851fa95
-@media..6703c4a7
-..f37bcebf
-}..f973de67
-..f37bcebf
-/**..9d924cda
- * < 1..10aa4064
- */..4851fa95
-@media..4c18c987
-..f37bcebf
-}..f973de67
-..f37bcebf
-/**..9d924cda
- * < 1..a1f7e39a
- */..4851fa95
-@media..51faaab2
-..f37bcebf
-}..f973de67
-..f37bcebf
-/**..9d924cda
- * < 9..4e199201
- */..4851fa95
-@media..f59a98a1
-..f37bcebf
-}..f973de67
-..f37bcebf
-/**..9d924cda
- * < 7..bb2aae15
- */..4851fa95
-@media..01c72ea6
-..f37bcebf
-}..f973de67
-..f37bcebf
-/**..9d924cda
- * < 6..64f63476
- */..4851fa95
-@media..12788780
-..f37bcebf
-}..f973de67
-..f37bcebf
-/**..9d924cda
- * < 5..3b1a98ee
- */..4851fa95
-@media..5db22d38
-..f37bcebf
-}..f973de67
-..f37bcebf
+			'me..e9c911f7
-						..c61d532b
-						..fa07f77b
+						..448dac64
+						..e13b636b
+						..ebeca446
+						..15ce5376
-						..ff93c5d3
-						..97992e43
-						..2b159d5a
-						..2de535fd
-						..67a6a572
-						..4df6e5d2
-						..c0b30c84
-						..9e5c8ecb
-						..a49882c8
-						..2b159d5a
-						..91243f47
-						..38da42e2
-						..6285b52b
-						..ce93f91c
-						..9e5c8ecb
-						..a49882c8
-						..4913ce47
-						..c023271a
-						..2b159d5a
-						..1915355c
-						..af233d48
-						..fb720ba1
-						..b9c0bf7c
-						..9e5c8ecb
-						..a49882c8
-						..4913ce47
+						..c7aa38b5
+						..e28a429c
+						..cf280b1c
+						..39c0324e
+						..983c57c5
+						..6a7734d4
+						..6a5d1df5
+						..d97a9fff
+						..102ffc56
+						..28600754
+						..fec91764
+						..983c57c5
+						..497e6a2e
+						..9301adf8
+						..7229b7e2
+						..5f9f3f14
+						..28600754
+						..fec91764
+						..f95f49bf
+						..3b2154db
+						..8d140cea
+						..28600754
+						..fec91764
+						..5e62afb3
+						..eefdf7b1
+						..983c57c5
+						..4ded1840
+						..e9e4986e
+						..c0410e79
+						..6f3d469a
+						..28600754
+						..fec91764
+						..f95f49bf
+						..3b2154db
+						..8d140cea
+						..28600754
+						..fec91764
+						..5e62afb3
+						..afb62fc8
+						..983c57c5
+						..3b2154db
+						..8d140cea
+						..28600754
+						..fec91764
+						..5e62afb3
+						..3e6dae51
+..1469ec84
+						..0b847453
+						..80014395
+						..0f75bcc5
+						..4e53bef1
+						..1b46758c
+						..d9863cb9
+						..15ce5376
-						..6f605a08
-						..6027e31b
-						..2323784c
-						..ed3c1082
-						..d777d861
-						..13117c78
-						..63f4ee78
-						..956d7df6
-						..f66f4449
+						..6623ba3c
+						..b6544967
+						..1734da20
+						..e07b4df2
+						..2b1a88d6
+						..c922d016
+						..b7f4b26d
+						..9aac4275
+						..a8dd1765
-						..594189c9
+						..25bc3e42
+						..0555cd3a
+						..9d1ff48e
-			<di..ac76916e
+			<di..0a7220c0
-	<md-l..2978e63a
-		:hre..f826433d
-		clas..20363bf2
-		<div..e9817608
-			<im..108e610c
-			@if..1db19e52
-				<d..86a7e545
-		</di..1a1a43d2
-	</md-..1a4d19b1
-	<md-l..2978e63a
-		:hre..f826433d
-		clas..20363bf2
-		<div..e9817608
-			<im..108e610c
-			@if..1db19e52
-				<d..86a7e545
-		</di..1a1a43d2
-	</md-..1a4d19b1
-	<md-l..2978e63a
-		:hre..f826433d
-		clas..20363bf2
-		<div..e9817608
-			<im..108e610c
-			@if..1db19e52
-				<d..86a7e545
-		</di..1a1a43d2
-	</md-..1a4d19b1
-	<md-l..2978e63a
-		:hre..f826433d
-		clas..20363bf2
-		<div..e9817608
-			<im..108e610c
-			@if..1db19e52
-				<d..86a7e545
-		</di..1a1a43d2
-	</md-..1a4d19b1
-	<md-l..2978e63a
-		:hre..f826433d
-		clas..20363bf2
-		<div..e9817608
-			<im..108e610c
-			@if..1db19e52
-				<d..91fc390c
-		</di..1a1a43d2
-	</md-..1a4d19b1
-			<di..ac76916e
+			<di..0a7220c0
-					<..fe330357
+					<..6487fc4c
-					<..fe330357
+					<..6487fc4c
-					<..fe330357
+					<..6487fc4c
-			<tr..ed374087
+			<tr..dc27cdd7
-						..c183a79c
+						..d1be1c2e
-						..6750d441
+						..eba85f51
-						..6750d441
+						..eba85f51
-					<..2fe08364
+					<..6dce1ba4