+		'tex..06058289
+$text-..13e92169
-	.titl..4f1c4d29
-		disp..a8bd64b1
+	.alte..3037b426
-	.titl..16b693e5
+	.alte..d8ff630d
+		disp..294f132b
+		padd..6aa234b3
+	}..70f67c6f
+..0619fad8
+	.alte..7c431129
+		.mob..3ccea74f
+			pad..a89490d9
+		}..fad8c6a1
+..0619fad8
-	.titl..8b08900e
+	.alte..42973fa4
+	.mobi..582387d5
+		font..0da70c32
+		top:..263aecab
+		left..86eb0188
+		posi..1486f154
+		colo..25d7275b
+	}..70f67c6f
+..0619fad8
+..0619fad8
+	.tx-f..9dd6f084
+		back..e14611c0
+	}..70f67c6f
-			.ti..0149290b
+			.to..9541c583
+			}..e94c56f2
+..0619fad8
+			.al..9a62e5f6
+			.to..9541c583
+				fl..dd425eda
+			}..e94c56f2
+..0619fad8
-			.ti..0149290b
-				fl..88e5dc6e
+			.al..9a62e5f6
+..0619fad8
+				li..e891933e
+					m..21c62c7d
+				}..f139c073
-		.app..5a8ff40f
-			max..50a65308
-			pad..486ce452
-		}..1ca2df94
-..cd51e152
-@media..bfac9647
-	.app-..e5883531
-		disp..c192d157
-	}..c882a8d3
-}..13d2c378
-..cd51e152
-@media..15c2337a
-	.app-..29c85bc9
-		max-..bf707d0a
-		padd..b0ac5820
-	}..c882a8d3
-}..13d2c378
-..cd51e152
+			'me..27bcdd34
-						..7c1eeabc
-						..370aff29
-						..60bb22b5
-						..0cd996b5
-						..0eb76c64
-						..a073249b
-						..ca397f7b
-						..24747144
-						..bb60f30d
-						..5aca4f98
-						..0cd996b5
-						..2863d8e0
-						..f16a3e01
-						..e3b842ab
-						..9ef82042
-						..bb60f30d
-						..5aca4f98
-						..c5070658
-						..c9493ef2
-						..0cd996b5
-						..d51ed527
-						..c9febc0f
-						..be5d55d1
-						..97e74f58
-						..bb60f30d
-						..5aca4f98
-						..c5070658
+						..83081d2a
+						..550bc8e9
+						..043807d2
+						..af2e7856
+						..182a0a1a
+						..ddb64c18
+						..ac54b569
+						..a1337d8d
+						..e0966026
+						..f0783300
+						..d51c807d
+						..182a0a1a
+						..ccee41fb
+						..8fec4bff
+						..09ccd146
+						..39e4cbc4
+						..f0783300
+						..d51c807d
+						..e5093354
+						..ed97b8fd
+						..429cbcba
+						..f0783300
+						..d51c807d
+						..ac422720
+						..ae976f9e
+						..182a0a1a
+						..94f405f3
+						..ce921c46
+						..4b190a91
+						..8535880d
+						..f0783300
+						..d51c807d
+						..e5093354
+						..ed97b8fd
+						..429cbcba
+						..f0783300
+						..d51c807d
+						..ac422720
+						..6584fab7
+						..182a0a1a
+						..ed97b8fd
+						..429cbcba
+						..f0783300
+						..d51c807d
+						..ac422720
+						..3fba9722
+..0619fad8
+						..42eac111
+						..61037290
+						..1f18990d
+						..e53ae938
+						..180ac1dc
+						..fceaa4da
-	<md-l..964d9680
-		:hre..ff6a99af
-		clas..4aa921ef
-		<div..1bd9f69a
-			<im..d9e45328
-			@if..b5741f0e
-				<d..67abe78d
-		</di..55109352
-	</md-..a2b3571c
-	<md-l..964d9680
-		:hre..ff6a99af
-		clas..4aa921ef
-		<div..1bd9f69a
-			<im..d9e45328
-			@if..b5741f0e
-				<d..67abe78d
-		</di..55109352
-	</md-..a2b3571c
-	<md-l..964d9680
-		:hre..ff6a99af
-		clas..4aa921ef
-		<div..1bd9f69a
-			<im..d9e45328
-			@if..b5741f0e
-				<d..67abe78d
-		</di..55109352
-	</md-..a2b3571c
-	<md-l..964d9680
-		:hre..ff6a99af
-		clas..4aa921ef
-		<div..1bd9f69a
-			<im..d9e45328
-			@if..b5741f0e
-				<d..67abe78d
-		</di..55109352
-	</md-..a2b3571c
-	<md-l..964d9680
-		:hre..ff6a99af
-		clas..4aa921ef
-		<div..1bd9f69a
-			<im..d9e45328
-			@if..b5741f0e
-				<d..82a16256
-		</di..55109352
-	</md-..a2b3571c
-			<tr..5480dfeb
+			<tr..56dbc6d4