+					/..d2916b6a
+					i..0d388595
+..6b877d15
+				//..c45b0240
+				if..0070a7ad
+..6b877d15
+..6b877d15
+	publi..9dcffda3
+		swit..fa3d3d63
+			cas..8d827e26
+				re..29522621
+		}..35a99ea1
+..6b877d15
+		retu..506d8d2a
+	}..6ad49458
+..6b877d15
-..545e75e0
+..6b877d15
+				//..2dc0d047
+				if..43e72183
+					l..53d34ed7
+					O..e9dcfefa
+						..94e41468
+						..95b71690
+						..1285d942
+						..28bcd7b8
+					}..94a9003d
+..6b877d15
+					i..dc148b3a
+				}..a516cb4a
+..6b877d15
+				//..f3bd3d7d
+				if..1a362ee9
+..6b877d15
+				de..a228b2f4
+				de..16e20866
-		'X-L..df4017d9
+		'X-L..c8dc398c
+		'X-V..cf32e9ce