+..1a5b432a
+		.nam..b436482d
+			dis..86ed15f1
+		}..9bb98e5d
+	}..3e26e243
+..1a5b432a
+	.pric..112c4cd4
+		.pri..b36dea62
+			dis..86ed15f1
+		}..9bb98e5d
+..1a5b432a
+	.toke..224df0d7
+		disp..88301a9a
+	}..3e26e243
-	.toke..fe4eb129
+	.toke..fa2657f5
-..fcd740a0
-	.toke..1a7c1632
-		disp..3bd448f1
-	}..3a6d16c2
+..1a5b432a
+	.toke..0de875e1
+		disp..88301a9a
+	}..3e26e243
+..1a5b432a
+	.toke..7cbd5c1f
+		disp..f1c45681
+	}..3e26e243
+..1a5b432a
+	.toke..e4d16a8a
+		disp..88301a9a
+	}..3e26e243
+..1a5b432a
+	.toke..2871218b
+		disp..88301a9a
+	}..3e26e243
+..1a5b432a
+	.toke..9c91d84d
+		disp..f1c45681
+	}..3e26e243
-      ..215c15dc
-			'24..6ee747af
+			'24..0a8cdc3a
+			'24..ad8e2dbe
-					@..9e0ce095
+					@..8a075457
-					@..0f252717
+					@..d0a1bc9f
-						..ddf5b155
+						..c7bd964e
+						..7fba5578
-						..18485392
+						..91e63bfb
-						..704654c8
+						..609ce773
+						..14f5ea1f
-						..cb81b8b7
+						..b404ac06