+		'scr..9fff4c2b
+		'scr..be23070d
-				$r..231bda76
+				$r..528a0a7f
--- /de..afdf97d8
+<templ..eb675f9b
+	<div ..3065bd3e
+		<div..f2e88a0a
+			{{ ..7fb2ea76
+		</di..171c7bd8
+		<div..36647efc
+			<a..52b689bf
+				:h..39e19a29
+				@c..284061c2
+				v-..17220320
+				<i..66909d32
+				<e..8b095790
+				<s..d9c55f91
+				<s..280185a9
+			</a..fddbc02f
+			<sp..e49b80f9
+				<i..66909d32
+				<e..8b095790
+				<s..d9c55f91
+				<s..280185a9
+			</s..65d38a80
+		</di..171c7bd8
+	</div..94a73178
+</temp..d6cf584a
+..8ba44667
+<scrip..b2a08365
+	impor..b813dcf0
+	impor..ec0cbd54
+..8ba44667
+	expor..08e82853
+		name..fe83b809
+		prop..39ec4f2a
+			add..1623d115
+				ty..45d0f3e5
+				re..a93ded9b
+				de..4f5e5b2e
+					a..2c03a46a
+					c..ded3642d
+					m..50f7f300
+				}..9cadd8fb
+			},..f3055cad
+			lin..43b52639
+				ty..bd392325
+				re..a93ded9b
+				de..60c40688
+			},..f3055cad
+			use..1daa2149
+				ty..bd392325
+				re..a93ded9b
+				de..60c40688
+			},..f3055cad
+			con..b6e45d6f
+				ty..bd392325
+				re..a93ded9b
+				de..0be3802d
+			},..f3055cad
+			gen..db662d53
+				ty..bd392325
+				re..a93ded9b
+				de..0be3802d
+			}..9f3a301e
+		},..d4c05bf7
+		meth..51c1c6bc
+			goT..5b93ee84
+				Et..1164c2ba
+			}..9f3a301e
+		},..d4c05bf7
+		comp..706257db
+			'et..76bc4256
+		}..5da68e34
+	}..962cf594
+</scri..ea7171c6
+import..4734bdee
+		'eth..063cc04e
-});..af2c1410
+});..abd9d8ae
+..8ba44667
+export..a0dd00b6
+	goTo:..64473329
+}..eaf0cbe1
-	short..7d83303e
+	short..b82d1cc1
+$scrol..b52a9d26
+$scrol..77a1505d
-$banne..3372addb
+$banne..2880c656
+$scrol..b52a9d26
+$scrol..5b23d77f
-}..dba4df25
-..a5542ef7
-.app-s..cf7f9afa
-	backg..f9dc194d
+	backg..fca895b8
-	backg..3f822871
+	backg..588aa01a
-		bord..7228ef22
+		bord..ba02d944
+$scrol..200adf85
+$scrol..967a336d
-			<tr..b6b76020
+			<tr..4ab95d58
-						..180933ba
-						..af245f11
-						..627bb450
-						..da609f65
+						..521a271b
+						..509d3372
+						..9c42b84c
+						..5536c8f5
-					<..87cf3cc4
+					<..76bc8054
-						..99507a03
+						..5045a536
-						..d3d94faf
-						..3bf947ad
-						..904fa523
+						..e5a7f0d9
+						..80ea05a2
+						..954704c0
-					<..aaefe497
+					<..9e5378cb
-				<s..84b4ee21
-					<..34186fa5
-					@..e320384e
-				</..91cf8e12
-					<..c06bb9c8
-						..7ad88e00
-						..c497cca6
-						..4d5a449a
-						..a7b6f30b
-						..3671889b
-					<..0eee3e4d
+					<..5210ad7a
+						..f3565e97
+						..6581cf2a
-				<s..a99e747b
-					<..c6007482
-					@..8037b4f3
-				</..91cf8e12
-					<..c06bb9c8
-						..7942225a
-						..fad35217
-						..4d5a449a
-						..304616fe
-						..5263868f
-					<..0eee3e4d
+					<..253b7b5f
-					@..77c9634b
+					@..24fc03a6
-					@..637d4784
+					@..5ae98ef3
-					@..b1049cbc
+					@..1eaf8566
-					<..96e0f9ed
-					(..077dc58a
+					<..3ac4929b
+					(..d8136e45
-					<..d164dddf
-						..a8ea6e18
-						..aea9bdd2
-					<..a535217f
-					<..c06bb9c8
-						..da7a257e
-						..d00f504a
-						..4d5a449a
-						..a8ea6e18
-						..aea9bdd2
-					<..0eee3e4d
+					<..15dcd56d
-					<..3fd50e45
-						..7ad5ff09
-						..14d178b9
-					<..a535217f
-					<..c06bb9c8
-						..9f169b42
-						..d1eb0144
-						..98bcc4d3
-						..82c12bad
-						..9876bde7
-						..a09e85a8
-					<..0eee3e4d
-					<..c06bb9c8
-						..9f169b42
-						..d1eb0144
-						..884ae0b9
-						..7ad5ff09
-						..14d178b9
-					<..0eee3e4d
-					<..c06bb9c8
-						..fdb20580
-						..98bcc4d3
-						..1a23f527
-						..4c27587c
-						..9876bde7
-						..345e4efb
-					<..0eee3e4d
+					<..253b7b5f
-						..e083b595
-						..8ddb1e5f
-						..58edcb72
-						..f38243d6
-						..cdd965c1
-						..85e71e72
-						..7e1e72fe
-						..f212f43a
-						..8ddb1e5f
-						..58edcb72
-						..535b7c48
+						..e878f38d
-						..b8fe656e
-						..d2748e4e
-						..49a84c2e
-						..f38243d6
-						..cdd965c1
-						..4ddba3fb
-						..2862a786
-						..6d55c0a4
-						..9f1595fa
-						..47242a32
-						..2560f27c
-						..535b7c48
-						..cdd965c1
-						..4ddba3fb
-						..2862a786
-						..e9bde8c3
-						..d2748e4e
-						..49a84c2e
-						..535b7c48
-						..28bae842
-						..47242a32
-						..18fa9d72
-						..f38243d6
+						..df1c8fc9
+						..e13f99a6
+						..e6d5434e
-					<..18b3d50c
-						..f3613078
-						..a8ea6e18
-						..aea9bdd2
-					<..a535217f
-					<..c06bb9c8
-						..da7a257e
-						..d00f504a
-						..0ef5ae15
-						..a8ea6e18
-						..aea9bdd2
-					<..0eee3e4d
-					<..3fa21cfc
-						..15fa56eb
-					<..a535217f
+					<..5210ad7a
+						..f3565e97
+						..6581cf2a
-					<..878a1c43
-						..7ad5ff09
-						..14d178b9
-					<..a535217f
-					<..c06bb9c8
-						..9f169b42
-						..d1eb0144
-						..98bcc4d3
-						..82c12bad
-						..9876bde7
-						..a09e85a8
-					<..0eee3e4d
-					<..c06bb9c8
-						..9f169b42
-						..d1eb0144
-						..884ae0b9
-						..7ad5ff09
-						..14d178b9
-					<..0eee3e4d
-					<..c06bb9c8
-						..fdb20580
-						..98bcc4d3
-						..1a23f527
-						..4c27587c
-						..9876bde7
-						..345e4efb
-					<..0eee3e4d
+					<..2d40ef3d
+						..3520bf21
+						..0292c718
-					<..c06bb9c8
-						..da7a257e
-						..d00f504a
-						..8682d24a
-						..a8ea6e18
-						..aea9bdd2
-					<..0eee3e4d
-					<..3fa21cfc
-						..15fa56eb
-					<..a535217f
+					<..54dac3d8
-					<..c06bb9c8
-						..9f169b42
-						..d1eb0144
-						..f2509d8b
-						..13ee59b1
-						..2e00289f
-						..a09e85a8
-					<..0eee3e4d
-					<..c06bb9c8
-						..fdb20580
-						..1a23f527
-						..4d5a449a
-						..9876bde7
-						..229bec30
-					<..0eee3e4d
+					<..2d40ef3d
+						..0292c718
-					<..c06bb9c8
-						..79a24336
-						..eb93f568
-						..b786c261
-						..259cb448
-					<..0eee3e4d
+					<..67b69d59
-			<tr..b6b76020
+			<tr..4ab95d58
-						..180933ba
-						..af245f11
-						..627bb450
-						..da609f65
+						..521a271b
+						..509d3372
+						..9c42b84c
+						..5536c8f5
-					<..87cf3cc4
+					<..76bc8054
-						..99507a03
+						..5045a536
-						..d3d94faf
-						..3bf947ad
-						..904fa523
+						..e5a7f0d9
+						..80ea05a2
+						..954704c0
-					<..aaefe497
+					<..9e5378cb
-					<..c06bb9c8
-						..7ad88e00
-						..c497cca6
-						..627bb450
-						..a7b6f30b
-						..3671889b
-					<..0eee3e4d
-					<..3fa21cfc
-					@..c5344acf
-				</..91cf8e12
+					<..54dac3d8
-					<..c06bb9c8
-						..7942225a
-						..4a2d42b6
-						..304616fe
-						..5263868f
-					<..0eee3e4d
+					<..c114821b
-					@..77c9634b
+					@..24fc03a6
-					@..637d4784
+					@..5ae98ef3
-					@..b1049cbc
+					@..1eaf8566
-					<..96e0f9ed
-					(..077dc58a
+					<..3ac4929b
+					(..d8136e45
-					<..c06bb9c8
-						..da7a257e
-						..3ee4f404
-						..a8ea6e18
-						..aea9bdd2
-					<..0eee3e4d
+					<..1082d0f6
-					<..c06bb9c8
-						..9f169b42
-						..d1eb0144
-						..f2509d8b
-						..7ad5ff09
-						..14d178b9
-					<..0eee3e4d
-					<..3fa21cfc
-						..a4c93736
-						..c0a00991
-					<..a535217f
+					<..86f99469
+						..f3ba85e2
+						..ed51d9f4
-					<..c06bb9c8
-						..da7a257e
-						..3ee4f404
-						..a8ea6e18
-						..aea9bdd2
-					<..0eee3e4d
+					<..54dac3d8
-					<..c06bb9c8
-						..9f169b42
-						..d1eb0144
-						..98bcc4d3
-						..5c31a577
-						..9876bde7
-						..a09e85a8
-					<..0eee3e4d
-					<..c06bb9c8
-						..9f169b42
-						..d1eb0144
-						..884ae0b9
-						..7ad5ff09
-						..14d178b9
-					<..0eee3e4d
-					<..c06bb9c8
-						..fdb20580
-						..98bcc4d3
-						..1a23f527
-						..4c27587c
-						..9876bde7
-						..345e4efb
-					<..0eee3e4d
+					<..c114821b
-					<..c06bb9c8
-						..fdb20580
-						..2bb9ba2a
-						..7d24e28b
-						..8d9b9553
-					<..0eee3e4d
+					<..9970dae2
-					@..c5344acf
-				</..91cf8e12
+						..1224e82f
+					<..4be3d8c2
-					<..8bffacc4
-				</..91cf8e12
+						..6db3163c
+					<..4be3d8c2
-					<..c06bb9c8
-						..da7a257e
-						..d00f504a
-						..8682d24a
-						..a8ea6e18
-						..aea9bdd2
-					<..0eee3e4d
-					<..3fa21cfc
-						..15fa56eb
-					<..a535217f
+					<..54dac3d8
-					<..c06bb9c8
-						..9f169b42
-						..d1eb0144
-						..f2509d8b
-						..03917380
-						..2e00289f
-						..a09e85a8
-					<..0eee3e4d
-					<..c06bb9c8
-						..fdb20580
-						..1a23f527
-						..4d5a449a
-						..9876bde7
-						..229bec30
-					<..0eee3e4d
+					<..2d40ef3d
+						..0292c718