+use Il..b9cb7696
-			$db..1ea8385a
-				->..e58bae64
-				->..d4a32a1d
-					'..a134a49b
-					'..bb66e215
-					'..e160ef39
+..e0088640
+			try..8eead616
+				//..ad711aa5
+				$r..339a0fb1
+				$o..4f3f0d06
+				$g..978c6675
+				$d..b60d2f8f
+					$..82045f2d
+					$..56389901
+					$..d596d2c6
-			// ..3dccec6b
-			$re..2581dfd3
-			$ou..37c04e63
-			$ga..e2c5a126
-			$db..fa090068
-				$g..42efa72d
-				$t..fdb1096b
-				$t..eebbf9ec
-			]);..28160aa9
+				//..bd3375b0
+				$d..13345da3
+					-..c12a53ee
+					-..83e451df
+						..2e6c4b83
+						..1346cd25
+						..fd8003c2
+					]..f3b34405
+			} c..03e0e278
+				$t..421ffd62
+			}..d0dc29b2