+use En..df0f8574
-		if (..48846608
+		if (..9df311ad
+			$cs..792e9630
+				'%..b4e90cd5
+				'%..9748ef1f
+			];..a5a2d7ba
+..9c592dfa
+			$re..cb30b49b
+		}..04099396
-	const..524f46a2
+	const..e3d69ab1
+use En..889aa869
+	publi..5e49bb6d
+		if (..562198ce
+..9c592dfa
+		$str..a22fcf47
+		$cha..8d4348f6
+		for ..affa6640
+			$st..59216a74
+		}..04099396
+..9c592dfa
+		retu..0ce69d32
+	}..053b7bfd
+..9c592dfa
+use En..23805d31
+	publi..91b4555e
+		$coo..0bc4d9a0
+		if (..04ef7b3d
+		retu..12ae3a2d
+	}..053b7bfd
+..9c592dfa
+		'non..a26e17e5
-@endse..23093fb2
-<scrip..76e84db0
-	impor..5ace8d97
-	expor..6ff420de
-		comp..474e1a08
-	}..dd6abab9
-</scri..236280c9
+@endse..68d21b66
-	<scri..b220a9d4
+	<scri..51fa1670
-	<scri..bf71d69d
+	<scri..4b4b8c46
+	// Re..69718be7
+	Route..697db7b8
+		Rout..a492e28c
+	});..7653725b
+..9c592dfa