-				$a..8ffc4662
+				$a..fbb27f3c
-					$..f555327e
-					$..3d33cc69
-					f..1f35e653
+					$..29c04037
+					f..a71ae093
+						..67bc0592
+						..19b495c1
+..1849c964
+						..96143712
+						..ff54a8ef
+						..c6a9a067
+						..cc02019d
+						..4464e0d7
+						..c6ade2bf
+..1849c964
+						..6d6dc01b
+						..fc1e5997
+..1849c964
+						..e629e29c
+						..2585e0c2
+						..6747162a
+						..5f529b07
+						..6437c720
+						..ef1ff54d
+						..453d1d30
+						..4609455e
+						..938484f2
+						..afd5254a
+						..5630e7d4
+						..fd4ed96c
+						..55e3d23d
+						..2767c49a
+						..c6ade2bf
+..1849c964
+						..63bca97d
-						..0eccec11
-						..bad5b578
+						..acc4bdb8
+						..5d5c3d56
+use We..43924049
+..1849c964
+	publi..8ba82d5b
+		$web..3357e548
+			'ad..92849f36
+			'bo..9e8a0f1e
+			'by..8754943c
+			'dy..908d566f
+			'in..33f399bc
+			'st..431bd2df
+			'ui..61c73659
+		]);..37d65358
+..1849c964
+		if (..54e0e1b2
+			$pa..6730442e
+		}..f984d052
+..1849c964
+		retu..f8427b3a
+	}..8048a836
-						..a26551f6
+						..834490a3
+						..c7c1f187
+						..56f07723
-						..488450f1
+						..834490a3
+						..6adb7f08
+						..56f07723
-						..9cd6d5c1
+						..834490a3
+						..cd0e08f4
+						..56f07723
-						..89316f42
+						..834490a3
+						..43c7b378
+						..56f07723
+..1849c964
+		.sub..81f12961
+			col..94fdcc03
+		}..f984d052
+		max-..b61ad20e
+		over..466e9bb8
+..1849c964
+	.para..688f4e42
+		padd..a14d5cd5
+	}..8048a836
-					<..5d1f2f16
-						..ca70c968
-						..2d06a2b4
-						..75d6c204
-						..cebfc632
-						..b2077652
-						..1a2a5845
-						..c652c6ef
-						..88ce63ca
-						..bee03b90
-						..c652c6ef
-						..aeb84b1e
+					<..09db4c23
+						..e2557743
+						..f0b98925
+						..1bf79ca3
+						..45b2eef5
+						..e2cdfa46
+						..7d46156b
+						..e81a8d4e
+						..af5ec43d
+						..5097be7a
+						..67a008fa
+						..f073ff24
+						..c8264a59
+						..8f0afd3b
+						..590e1bbd
+						..c8264a59
+						..65923ab7
+						..515fb1b6
+						..e2cdfa46
+						..4153a8bd