-	publi..5590e02f
+	publi..0450126c
--- /de..057fe088
+<?php..d1f2effe
+..21141e17
+namesp..63bfa805
+..21141e17
+use En..43586b16
+use En..76e5b7df
+use En..0aaef8cb
+use En..f1611767
+use Il..f28265b5
+..21141e17
+class ..264cf4ea
+..21141e17
+	/**..dd759736
+	 * Th..87564e45
+	 *..fd69baf7
+	 * @v..7efc49c4
+	 */..63560205
+	prote..22fcb9e9
+..21141e17
+	/**..dd759736
+	 * Th..bc4df6fd
+	 *..fd69baf7
+	 * @v..7efc49c4
+	 */..63560205
+	prote..09670b3c
+..21141e17
+	/**..dd759736
+	 * Cr..f24adf56
+	 *..fd69baf7
+	 * @r..ec95273a
+	 */..63560205
+	publi..b86151ec
+		pare..3aee4f7c
+	}..af96f25f
+..21141e17
+	/**..dd759736
+	 * Ex..c50630b2
+	 *..fd69baf7
+	 * @r..1ec4cc2e
+	 */..63560205
+	publi..0bb0330c
+		$db ..cfb80e3d
+		$inp..3796c162
+		$tok..a538258f
+..21141e17
+		fore..48b28dea
+			if ..b205a29f
+			$th..51461347
+..21141e17
+			$db..096ab1ee
+				->..f8fc99df
+				->..92490b41
+		}..1c8cbab5
+	}..af96f25f
+..21141e17
+}..16178eb4
--- /de..057fe088
+<?php..d1f2effe
+..21141e17
+namesp..f23cbc3c
+..21141e17
+class ..b63b8019
+..21141e17
+	publi..2a72d020
+		$csv..8ba29ba7
+		$hea..fa977d7a
+..21141e17
+		if (..5dbb0679
+			whi..5177fcb8
+				if..006ca961
+				el..62bd5506
+					$..b01e5793
+					f..13140503
+						..45bb3d6c
+						..c64babe1
+					}..da6c8e3f
+					$..f91f9b5a
+				}..146bc726
+			}..4974e540
+..21141e17
+			fcl..7511e4ef
+		}..1c8cbab5
+..21141e17
+		retu..823eafd1
+	}..af96f25f
+..21141e17
+}..16178eb4