--- /de..90f8287a
+<templ..24bc23af
+	<span..4bfd34b4
+		{{ n..49173f04
+	</spa..59d263cc
+</temp..7be2ef71
+..b74fa62e
+<scrip..085a2a4b
+	expor..ec735daf
+		name..4d6cff4d
+		prop..d4fc30ed
+		data..6f9154c5
+			ret..a5a9807e
+				di..688c7bd4
+				in..effaeff1
+			}..fd2d637c
+		},..d40f5111
+		read..a2cb0399
+..b74fa62e
+		},..d40f5111
+		watc..183dce24
+			num..1c3e525e
+				cl..b1ed5ecf
+..b74fa62e
+				if..3b5b4e68
+					r..7a436169
+				}..4bcaf684
+..b74fa62e
+				th..b3ddad4a
+					i..825d9d23
+						..d39dea41
+						..20e10424
+						..d6f45cda
+					}..27f02692
+				}...8ceca078
+			},..79167f73
+		}..9fda8243
+	}..d8033be0
+</scri..4621a93e
+import..489d5074
+		'ani..e3ea110c
-					c..6e69f68d
+					t..32892024
+};..d71387a7
+..b74fa62e
+Vue.pr..3628677a
+	retur..8135562f
-					@..dfc2880b
+					<..ff6574fb
-					@..dd5ae3fe
+					<..757c3a3b
-					@..442fbd74
+					<..c5d0bddc
-					@..b8601766
+					<..c59e1357
-					@..1cb0763e
+					<..2e86fc69
-					@..0720e3eb
+					<..293eacea