-		$thi..0fe7ddf4
+		$thi..29960c53
-		fore..c8103d5c
+		fore..c58a7d0c
+				$b..8b8d27a7
+				$t..355f6d57
-		$thi..ec4fd0ed
-..83d3cdaf
-		// s..d3fc6f58
-		if (..5be4364c
-			$th..8d5f014d
-				->..f8aae603
-				->..86ffe110
-				->..de350800
-				->..08f6eec8
-					'..5e754aae
-				])..b6933688
+		$thi..dcfdc89e
+..92387488
+		// f..5d774373
+		$che..5d51e4a4
+			->w..425f0963
+			->w..7b8bc6c8
+			->p..f5bf56d8
+..92387488
+		// c..f64f7d25
+		$has..0788e9b8
+		fore..3794ffac
+			if ..5a09f652
+				$h..c2f46371
+			}..3f16e3d3
+		$has..69c071eb
+		$thi..894ced34
+..92387488
+		// d..9613d6c1
+		$thi..8cabd5aa
+			->w..b5a7326f
+			->u..b3346fa8
+				's..ede50432
+			]);..24cbd0e4
+..92387488