-				va..92bcd32a
+				le..32e3d05a
-				va..92bcd32a
+				le..32e3d05a
-					e..e4adce8c
+					V..733dc751
-				va..3b6b255c
-				va..92bcd32a
+				le..2a502cb1
+				le..32e3d05a
-					v..81248aa9
+					l..f8b25e93
-				va..6ae75c1e
-				va..92bcd32a
+				le..f4f85cc6
+				le..32e3d05a
-					v..81248aa9
+					l..f8b25e93
-				va..92bcd32a
+				le..32e3d05a
+};..b3f84d97
+..43e18b0a
+Vue.pr..73929405
+	if (e..0a94e3e7
+		el.f..dc9e7ecf
+	} els..829f8d3e
+		var ..280e9dda
+		evOb..37a1476f
+		el.d..2b97083a
+	}..9491b2c0