+use En..f85919e7
+		if (..b0e739c0
+			Deb..9d55b62b
+		}..096b8487
+..50b931aa
+use En..f85919e7
+		if (..b0e739c0
+			Deb..e343d776
+		}..096b8487
+..50b931aa
+use En..f85919e7
+		if (..b0e739c0
+			Deb..27a20063
+		}..096b8487
+..50b931aa
-		Debu..b20ed342
+		if (..b0e739c0
+			Deb..19f2e274
+		}..096b8487
-		Debu..fa5b0083
+		if (..b0e739c0
+			Deb..07e03aa3
+		}..096b8487
-		Debu..b2e545dc
+		if (..b0e739c0
+			Deb..7e65a971
+		}..096b8487
-		Debu..e7b64962
+		if (..b0e739c0
+			Deb..086bc5b6
+		}..096b8487
-		Debu..73b4a892
+		if (..b0e739c0
+			Deb..151763ec
+		}..096b8487