+				pu..b5c4f1ff
-				't..c49f8cea
+				't..80bedb4d
-				't..c49f8cea
+				't..80bedb4d
-	publi..6ea77eb8
+	publi..22af906c
+		$dar..d9e0d312
-		retu..f5b67e7b
+		retu..d7e2b09b
-	publi..a2984c4a
-		retu..d228b409
+	publi..09700671
+		$fil..359d8b10
+		retu..1948fffc
+use En..a750a052
+	publi..8177f320
+		$res..1d8f57ce
+..ec29b683
+		// I..aa24b93d
+		if (..0e17ad09
+			if ..549d9e97
+			els..efe7dbf1
+			els..fb70e689
+		}..a8c893a8
+..ec29b683
+		retu..c32b5859
+	}..04354eaf
+..ec29b683
+	/**..a253a6f4
+	 * Re..690f46fd
+	 * (e..bf4a6822
+	 *..66ae9603
+	 * @r..9e55ceb8
+	 */..35f9d79f
+	publi..8148aebd
+		retu..1fee67a7
+	}..04354eaf
-						..eb3bf8a3
+						..85f84c9a
-						..42d9d257
+						..85893c67
+	windo..4eb2300e
+};..bff9be05
+..ec29b683
+/**..b659eaa0
+ * Ret..ef8e928a
+ * @pa..b4355ecb
+ * @pa..b77dee29
+ * @re..470511bf
+ */..961de719
+Vue.pr..368925db
+	if (t..f67f5479
+	let l..9e717c00
+..ec29b683
+	if (w..0b8a8eae
+		if (..a13c79ad
+		else..1c4d08af
+	} els..5481b52f
+..ec29b683
+	retur..0d9421e2
-						..20008422
+						..5d8280ef
-						..26276e0a
+						..71e87174
-						..20008422
+						..5d8280ef
-						..26276e0a
+						..71e87174
-						..e907ac87
+						..087cf88d