-		if (..df26d7cf
-			$im..1bb28ee6
-			$im..2c36e979
-			$th..2080fc2b
-				->..f994bf50
-				->..bead8153
-..d3025a89
-			// ..6c1b94cf
-			$th..76169094
+		if (..22c25940
+			if ..bc01f452
+				$i..08365352
+				$i..5e7abc5e
+				$t..b93f82d2
+					-..180c2016
+					-..7de8ff84
+..c5d08d28
+				//..4342596d
+				$t..d3e0b2f0
+			}..f97948df
-		if (..df26d7cf
-			$im..1bb28ee6
-			$im..2c36e979
-			$th..2080fc2b
-				->..f994bf50
-				->..bead8153
-..d3025a89
-			// ..6c1b94cf
-			$th..76169094
+		if (..22c25940
+			if ..bc01f452
+				$i..08365352
+				$i..5e7abc5e
+				$t..b93f82d2
+					-..180c2016
+					-..7de8ff84
+..c5d08d28
+				//..4342596d
+				$t..d3e0b2f0
+			}..f97948df
-		if (..df26d7cf
-			$im..1bb28ee6
-			$im..2c36e979
-			$th..2080fc2b
-				->..f994bf50
-				->..bead8153
-..d3025a89
-			// ..6c1b94cf
-			$th..76169094
+		if (..22c25940
+			if ..bc01f452
+				$i..08365352
+				$i..5e7abc5e
+				$t..b93f82d2
+					-..180c2016
+					-..7de8ff84
+..c5d08d28
+				//..4342596d
+				$t..d3e0b2f0
+			}..f97948df