-			'tr..81336e13
+			'in..bb563478
-		$pag..a7533dbb
+		$pag..3f956735
-			'tr..237459d9
+			'in..bde287ac
-		$fro..32284b1a
-		$fro..3cbf9e3b
-		$fro..64907c1b
+		$pag..3f956735
+		$ord..d3ae0bba
-		$tra..0a4ac7dd
+		$tra..89ad0476
-			'tr..875d4ac8
+			'in..6a5c49fb
+				ca..d7d7f4eb
-				th..6da3afc9
-				th..503ed1ed
+			} e..17dd6261
+				th..624c2666
+				th..3c03999b
+			) {..ab4111de
+				ex..e84dbee1
+	borde..d4290b0a
+	borde..322044d5
-					<..65756c66
+					<..cad62c2f
-						..8eb9ab2d
+						..90c5f193
+		@inc..b3332f59
--- /de..56483281
+<div c..8662d963
+	 key=..897361bb
+	<sect..ba19a7ea
+		<div..4ab0af21
+			<la..61c51e36
+			<di..4abb8481
+				<e..7dc7be51
+				<s..039ae558
+				<c..41d56069
+						..9ce5f129
+				<q..eab95008
+			</d..eff49cc3
+		</di..b087bf12
+		<div..4c18292a
+			<di..360f3bd9
+				<l..f1d809da
+				<d..36198d59
+					@..5284eb8a
+					<..1951a1e4
+						..31b80ae0
+					<..e2a207d1
+				</..4e2364f1
+			</d..eff49cc3
+			<di..096d8f08
+				<l..1b1c7895
+				<d..36198d59
+					@..2d7c57b8
+				</..4e2364f1
+			</d..eff49cc3
+		</di..b087bf12
+	</sec..5e98a2f3
+	<tabl..4e778bd9
+		<the..9ce4ea0a
+		<tr>..999dc49d
+			<th..02a318f0
+			<th..8c8dd665
+				@{..09721a66
+				<m..462d94b3
+				<m..14371cdf
+			</t..97dfc919
+			<th..c038255e
+			<th..cab2c713
+			<th..0194b905
+			<th..84b735e7
+			<th..7f4ac65c
+		</tr..a3a70064
+		</th..da8c3d58
+		<tbo..2d8d4e7e
+		<tr ..cef5e774
+			<td..180f6871
+				<a..db2f1df4
+					:..14f74cd3
+					@..3fcd100f
+					v..7d38fc43
+					@..52bd509e
+				</..88a2d625
+				<s..e697b59b
+						..490367f5
+					<..e2a207d1
+				<s..d265c104
+						..b8ae572b
+						..394184cc
+					<..e2a207d1
+			</t..c07bd631
+			<td..bf4da8bc
+				<a..db2f1df4
+					:..81375028
+					@..acf10bf8
+					@..4be277a9
+				</..88a2d625
+			</t..c07bd631
+			<td..8b11b892
+				@{..109ff0ec
+			</t..c07bd631
+			<td..69312609
+				<s..35a95d1e
+					<..74deb6a3
+					@..4a0f7655
+				</..b30fa494
+				<a..db2f1df4
+					:..35315c27
+					@..4f811366
+					v..13c0173a
+					<..74deb6a3
+					@..4a0f7655
+				</..88a2d625
+			</t..c07bd631
+			<td..1493c0f4
+				<s..a6b83131
+					<..9d91eddd
+					@..b4c40316
+				</..b30fa494
+				<a..db2f1df4
+					:..b2f72744
+					@..128d80c5
+					<..9d91eddd
+					@..b4c40316
+				</..88a2d625
+			</t..c07bd631
+			<td..2b09d62e
+				@{..741701f5
+			</t..c07bd631
+			<td..ad7e3ace
+				<s..ffee5646
+					@..612fe971
+				</..b30fa494
+				<s..563b4dfe
+					@..1814ade0
+				</..b30fa494
+				<s..60d33dea
+					(..ee8f9850
+				</..b30fa494
+			</t..c07bd631
+		</tr..a3a70064
+		</tb..a97eccab
+	</tab..0694b0f0
+	<div ..5d89327c
+		<md-..0c441b83
+	</div..34e8b374
+</div>..345f72d8
-		<tr ..df6ff815
-				<t..ee1148e5
-					<..e921c06c
-						..83d39744
-						..0deef7b3
-						..c5b24802
-						..b79af9e8
-					<..73c6e2f7
-					<..5452cb8b
-						..d820ad7a
-						..7e5439f0
-					<..c9baddf6
-						..a46af72c
-						..7e5439f0
-				</..259026aa
-				<t..3f7a3ec1
-					<..e921c06c
-						..1e7429c1
-						..7c225712
-						..d2aa2c30
-					<..73c6e2f7
-				</..259026aa
-				<t..09a71bdd
-					@..1bc2d763
-				</..259026aa
-				<t..e6127eaa
-					<..e921c06c
-						..d90edb1f
-						..2e9f3ec4
-						..c5b24802
-						..ca636cac
-						..17fe1337
-					<..73c6e2f7
-					<..5452cb8b
+		<tr ..cef5e774
+			<td..180f6871
+				<a..db2f1df4
+					:..14f74cd3
+					@..3fcd100f
+					v..7d38fc43
+					@..52bd509e
+				</..88a2d625
+				<s..e697b59b
-				</..259026aa
-				<t..a572a1b8
-					<..e921c06c
-						..23673bbd
-						..4bd826e7
-						..ceb2d156
-						..1966af76
-					<..73c6e2f7
-				</..259026aa
+				<s..d265c104
+						..b8ae572b
+						..394184cc
+					<..e2a207d1
+			</t..c07bd631
+			<td..bf4da8bc
+				<a..db2f1df4
+					:..81375028
+					@..acf10bf8
+					@..4be277a9
+				</..88a2d625
+			</t..c07bd631
+			<td..8b11b892
+				@{..109ff0ec
+			</t..c07bd631
+			<td..69312609
+				<a..db2f1df4
+					:..dd9d1fa2
+					@..4f811366
+					v..7d38fc43
+					<..74deb6a3
+					@..4a0f7655
+				</..88a2d625
+				<s..e697b59b
+					@..8b8843e2
+				</..b30fa494
+			</t..c07bd631
+			<td..1493c0f4
+				<a..db2f1df4
+					:..b2f72744
+					@..128d80c5
+					<..9d91eddd
+					@..b4c40316
+				</..88a2d625
+			</t..c07bd631
-				<t..1396f39c
-					<..38b69ff5
-						..c5ec6079
-					<..61ebcdc2
-					<..0bea6a89
-						..377ae6ea
-					<..61ebcdc2
-					<..b64f8f36
-						..d880713d
-					<..61ebcdc2
-				</..259026aa
+			<td..ad7e3ace
+				<s..ffee5646
+					@..612fe971
+				</..b30fa494
+				<s..563b4dfe
+					@..1814ade0
+				</..b30fa494
+				<s..60d33dea
+					(..ee8f9850
+				</..b30fa494
+			</t..c07bd631
+			Rou..1bbfa251