+ * @me..9baa4e7e
+ * @me..3d631209
+	prote..8b225618
+	/** @..a21d6638
+			'sh..5961a392
-					<..0de3212b
+					<..28e721dc
-						..41153041
+						..98f42e05
+		<div..30f77a0c
+			<di..e57088d2
+				<d..2fbb3a6e
+					<..b31f996c
+				</..8db2818c
+				<d..27126208
+					<..ebc42fee
+						..246c2386
+						..78a85ffc
+						..a19415a7
+						..806c59c0
+						..5d1d063f
+					<..9fab8e89
+				</..8db2818c
+			</d..3ae1e2c7
+		</di..6c61444f
+		<div..30f77a0c
+			<di..e57088d2
+				<d..2fbb3a6e
+					<..e551e440
+				</..8db2818c
+				<d..27126208
+					<..ebc42fee
+						..99974689
+					<..9fab8e89
+				</..8db2818c
+			</d..3ae1e2c7
+		</di..6c61444f
-		<div..fccbf268
-			<la..dec43927
-			<di..d6af6424
-				<a..daec51f4
-					:..263fd969
-					@..ecd8e47d
-					@..0214cb71
-				</..d6c51b1e
-			</d..f2a2c383
-		</di..82184cbb