-						..2f3b8729
+						..8c23ebd4
-			'ap..17137a36
-			'fe..f9e70537
+			'ap..b857ea38
+			'ap..be463736
-			'ap..d70c9dc8
+			'fe..0f39a46f
+			'fe..34b2dc35
-				'h..53b258f4
+				'h..a63cdfa3
-		if (..5b99b8ff
+		if (..55b0e097
+			con..6c24816d
+			App..9fd4ee92
+		}..b7b401ac
+	'lega..e5cb76e3
+	'lega..6de27c44
+	'defa..7d547919
-	'loca..56c2a252
+	'loca..f749c8a6
-					<..63aa88c6
-					<..eea22a5b
+					<..8c4f5859
+					<..8fc7a9aa
-						..4250b858
-						..20afa0fd
+						..02e7781c
+						..51726375
-						..4250b858
-						..20afa0fd
+						..02e7781c
+						..45be73ba
-						..4250b858
-						..20afa0fd
+						..02e7781c
+						..45be73ba
-						..4250b858
-						..20afa0fd
+						..02e7781c
+						..45be73ba
-						..4250b858
-						..20afa0fd
+						..02e7781c
+						..45be73ba
-						..409e90b5
-						..caaef0a5
+						..30278919
+						..4e412a93
-@secti..6f7307e3
+@secti..8e073177
-      ..741add08
+      ..c09cc8ce
-@secti..d5c70367
+@secti..9c97ddfa
-      ..3f694d61
+      ..1093ff5d
-@secti..4f84ced3
+@secti..378e7104
-      ..de7cfb0f
+      ..52033aa6