-		retu..d07bdbe1
+		$res..80772d69
-			'tr..2c167193
-		]);..65f39384
+			'tr..b69bd92c
+				'h..4b8b97b6
+			]),..0910a5c0
+		];..eac71b3d
+..ff0b2d77
+		retu..6b00ee86
-			'tr..a6c27895
+			'tr..ad8520f8
+				'h..c1d278ed
+			])..02a05d1b
-			'bl..f417501b
+			'bl..15744223
+				'n..5c054fec
+			]),..0910a5c0
-			'tr..e21b12c4
+			'tr..ef5ddf13
+				't..fb067b22
+			]),..0910a5c0
+	/**..44ead7bb
+	 * Re..28ee784c
+	 *..4aef821e
+	 * @p..fe3b169c
+	 * @p..a8d1464a
+	 * @r..06e73281
+	 */..159ad615
+	publi..63320d82
+		fore..684cb208
+			$ar..94d650f3
+		}..e95df653
+..ff0b2d77
+		retu..dee31c51
+	}..95b4767c
+..ff0b2d77
+  'cha..c839fb55
+    'd..14701664
+    ar..36e2db46
+      ..d3979bc3
+      ..95bebad9
+    ),..79682da1
--- /de..b3b244bb
+<?php..897b393f
+..ff0b2d77
+/*..11c835b3
+ * THI..f7921487
+ * PLE..f8cbd773
+*/..32ac8470
+..ff0b2d77
+return..9f026015
+  'ban..989f5a8f
+  arra..d80eef7b
+    'c..62bd9750
+    ar..36e2db46
+      ..56f11c1b
+      ..0ed7815b
+      ..fa8992ee
+      ..cec6294f
+      ..866a3d01
+      ..c8630238
+    ),..79682da1
+  ),..6131aab4
+);..8c505185
+  'cha..f5739bb1
+    'd..14701664
+    ar..36e2db46
+      ..2140ac37
+      ..e94dea2a
+    ),..79682da1
--- /de..b3b244bb
+<?php..897b393f
+..ff0b2d77
+/*..11c835b3
+ * THI..f7921487
+ * PLE..f8cbd773
+*/..32ac8470
+..ff0b2d77
+return..9f026015
+  'ban..989f5a8f
+  arra..d80eef7b
+    'c..62bd9750
+    ar..36e2db46
+      ..a4494882
+      ..0ed7815b
+      ..fa8992ee
+      ..50fe3f10
+      ..c1f0270e
+      ..c8630238
+    ),..79682da1
+  ),..6131aab4
+);..8c505185
+  'cha..ae42fb2d
+    'd..14701664
+    ar..36e2db46
+      ..36b72a0a
+      ..027a77df
+    ),..79682da1
--- /de..b3b244bb
+<?php..897b393f
+..ff0b2d77
+/*..11c835b3
+ * THI..f7921487
+ * PLE..f8cbd773
+*/..32ac8470
+..ff0b2d77
+return..9f026015
+  'ban..989f5a8f
+  arra..d80eef7b
+    'c..62bd9750
+    ar..36e2db46
+      ..8c528b7f
+      ..0ed7815b
+      ..fa8992ee
+      ..f54ad76a
+      ..96ad288c
+      ..c8630238
+    ),..79682da1
+  ),..6131aab4
+);..8c505185
-				'i..ad848abe
+				'i..2b25a1c7
+  'cha..c839fb55
+    'd..14701664
+    ar..36e2db46
+      ..3b77a8b2
+      ..1e42bb90
+    ),..79682da1
--- /de..b3b244bb
+<?php..897b393f
+..ff0b2d77
+/*..11c835b3
+ * THI..f7921487
+ * PLE..f8cbd773
+*/..32ac8470
+..ff0b2d77
+return..9f026015
+  'ban..989f5a8f
+  arra..d80eef7b
+    'c..62bd9750
+    ar..36e2db46
+      ..9c5bd997
+      ..0ed7815b
+      ..fa8992ee
+      ..7c21df17
+      ..7ff3e4ce
+      ..c8630238
+    ),..79682da1
+  ),..6131aab4
+);..8c505185
+  'cha..b113616c
+    'd..14701664
+    ar..36e2db46
+      ..fbd0b525
+      ..b0cf3d42
+    ),..79682da1
--- /de..b3b244bb
+<?php..897b393f
+..ff0b2d77
+/*..11c835b3
+ * THI..f7921487
+ * PLE..f8cbd773
+*/..32ac8470
+..ff0b2d77
+return..9f026015
+  'ban..989f5a8f
+  arra..d80eef7b
+    'c..62bd9750
+    ar..36e2db46
+      ..0ff3ab3f
+      ..0ed7815b
+      ..fa8992ee
+      ..03a5e763
+      ..8f0a29a3
+      ..c8630238
+    ),..79682da1
+  ),..6131aab4
+);..8c505185
-			<vu..17f906eb
+			<!-..a4f9f77c
-				re..37b91868
+				re..43aa2897
-			</v..1007ea0b
+			<!-..1e008c0e