+  'bad..c14bb40f
+  'ins..76e56b3e
+  'inv..9bee085f
+  'lim..0ee7830e
+  'lim..7c1f6f30
+  'not..bd917c52
+  'not..1d5026ff
+  'ref..4564ac26
+  'une..edf3213a
+  'upg..7c9d9be4
+  'upg..03a3da5a
+  'val..bf2574e5
+  arra..61ffd8b8
+    'i..a1bac6e4
+    'm..356c1b64
+  ),..eecf5437
--- /de..ddf57c9e
+<?php..c45309b3
+..8d389938
+/*..607ad4d9
+ * THI..98b0c580
+ * PLE..367095a6
+*/..0f6eda47
+..8d389938
+return..946aa565
+  'abo..a031a56b
+  'can..7890e088
+  'clo..88a6f3ee
+  'con..eb74e5c7
+  'con..98ace682
+  'con..43bc1273
+  'cop..daf31074
+  'cop..4bcb703e
+  'cop..051630e4
+  'exi..fd1f03b9
+  'hel..5543314c
+  'lan..fc079925
+  'lan..e71d6f72
+  'nex..772f72cb
+  'no'..f77704dd
+  'ok'..630ad6eb
+  'pre..f9ba8b8f
+  'ret..8408b413
+  'sea..acfdfd6f
+  arra..61ffd8b8
+    'p..b1661bc9
+  ),..eecf5437
+  'set..0fefa554
+  'try..a09e8f88
+  'yes..937ea5b2
+);..2fe2cbc8
--- /de..ddf57c9e
+<?php..c45309b3
+..8d389938
+/*..607ad4d9
+ * THI..98b0c580
+ * PLE..367095a6
+*/..0f6eda47
+..8d389938
+return..946aa565
+  'api..cb95b134
+  arra..61ffd8b8
+    'd..8ae71d49
+    ar..c0391440
+      ..8e6967ff
+      ..87b46dba
+      ..c76d09a8
+      ..fcd8160c
+      ..0c6a3194
+      ..1e530424
+    ),..42b9e804
+    'e..2f491fa8
+    ar..c0391440
+      ..f8a203b0
+      ..ef56989b
+    ),..42b9e804
+    'o..039f3019
+    ar..c0391440
+      ..4fddd84e
+      ..54cea663
+    ),..42b9e804
+    'r..1f82831b
+    ar..c0391440
+      ..1b4ff884
+      ..1323cf13
+    ),..42b9e804
+    't..42be8f50
+  ),..eecf5437
+);..2fe2cbc8
--- /de..ddf57c9e
+<?php..c45309b3
+..8d389938
+/*..607ad4d9
+ * THI..98b0c580
+ * PLE..367095a6
+*/..0f6eda47
+..8d389938
+return..946aa565
+  'htt..534986da
+  arra..61ffd8b8
+    'f..5bb01cbf
+    ar..c0391440
+      ..06e570fd
+      ..e9cfdd56
+    ),..42b9e804
+    'n..7f9769ce
+    ar..c0391440
+      ..7f88982c
+      ..c7c97d16
+    ),..42b9e804
+    's..aaa8caab
+    ar..c0391440
+      ..65ecf0f0
+      ..1d7d1833
+    ),..42b9e804
+    'u..e26ce41b
+    ar..c0391440
+      ..c1107118
+      ..e2c13a2b
+    ),..42b9e804
+    'u..d50e6f96
+    ar..c0391440
+      ..65ecf0f0
+      ..068fe8e9
+    ),..42b9e804
+  ),..eecf5437
+);..2fe2cbc8
--- /de..ddf57c9e
+<?php..c45309b3
+..8d389938
+/*..607ad4d9
+ * THI..98b0c580
+ * PLE..367095a6
+*/..0f6eda47
+..8d389938
+return..946aa565
+  'dra..8210771f
+  arra..61ffd8b8
+    'b..c66f881f
+    't..c3aa39cc
+  ),..eecf5437
+  'vie..66013504
+  arra..61ffd8b8
+    'b..5fb659c8
+    ar..c0391440
+      ..86f8bae8
+      ..8b44f7dc
+    ),..42b9e804
+    'b..0697b163
+    ar..c0391440
+      ..2bd47bbd
+      ..78db7c09
+    ),..42b9e804
+    'i..3be956f7
+    ar..c0391440
+      ..42bd1be0
+      ..681c3775
+    ),..42b9e804
+    'p..e1703400
+    ar..c0391440
+      ..1f6460c0
+      ..b6691d6f
+    ),..42b9e804
+    't..9f0a491a
+    ar..c0391440
+      ..8348bb7e
+      ..253baa16
+    ),..42b9e804
+    't..135abaf4
+    ar..c0391440
+      ..b0da28bc
+      ..f221d078
+    ),..42b9e804
+    't..27459884
+    ar..c0391440
+      ..5c55932e
+      ..ee8b3317
+    ),..42b9e804
+    't..e93d9dd1
+    ar..c0391440
+      ..989ab393
+      ..b00daa5b
+    ),..42b9e804
+  ),..eecf5437
+);..2fe2cbc8
--- /de..ddf57c9e
+<?php..c45309b3
+..8d389938
+/*..607ad4d9
+ * THI..98b0c580
+ * PLE..367095a6
+*/..0f6eda47
+..8d389938
+return..946aa565
+  'sea..acfdfd6f
+  arra..61ffd8b8
+    'b..90a26825
+    'p..bd0946d5
+  ),..eecf5437
+);..2fe2cbc8
--- /de..ddf57c9e
+<?php..c45309b3
+..8d389938
+/*..607ad4d9
+ * THI..98b0c580
+ * PLE..367095a6
+*/..0f6eda47
+..8d389938
+return..946aa565
+  'aut..ce17fb60
+  arra..61ffd8b8
+    'd..325e6d6d
+    'e..8ffebb59
+  ),..eecf5437
+  'can..72f3e0e0
+  arra..61ffd8b8
+    'b..9a46e8fc
+    'c..d5848570
+  ),..eecf5437
+  'cur..34d5be25
+  'exp..53115994
+  'per..3400fefc
+  arra..61ffd8b8
+    'a..8ac914a3
+    'b..f65d32d0
+    'm..9056699d
+    'q..b79e390c
+  ),..eecf5437
+  'ren..04e639ef
+  'sub..26da995e
+  arra..61ffd8b8
+    'b..04e5b0a0
+    'c..79ed08f2
+  ),..eecf5437
+  'upg..ab1824f2
+  arra..61ffd8b8
+    'b..47272d19
+    'c..48d6cc6d
+  ),..eecf5437
+);..2fe2cbc8
-						..531ff69f
-						..3ca2944b
-						..d3800e41
+						..15872a74
+						..80737c36
+						..39d0513b
-      ..28595467
+      ..3be95148