-      ..043ae2bf
+					d..1d0190de
-..49d08d26
+..eb38cf72
-      ..885d53c1
-      ..2b65194a
-      ..29c39202
-      ..fc6341cd
-      ..c4dc3d16
+				le..e689ee94
+				if..9473a233
+					t..03ea9838
+					&..097a4aba
+				) ..66983339
-				th..50392af0
+				//..8374fb35
-      ..7903ca61
-      ..a4f11314
+			thi..b67e25d1
+			thi..61da435c
-..49d08d26
+..eb38cf72
-..49d08d26
+@media..c6c42b78
+	.md-d..e7cc0ca6
+		widt..d8bcaa74
+	}..aadb3238
+..eb38cf72
+	.md-d..d00836dd
+		box-..331de149
+	}..aadb3238
+}..ad00f3d1
+..eb38cf72
+@media..ab24e01a
+	.md-d..a128680f
+		z-in..b4375f2a
+	}..aadb3238
+	.md-d..b8ff952e
+		posi..9b2a7301
+		tran..8bd4cd4e
+	}..aadb3238
+	.md-d..d00836dd
+		tran..f3fc12d8
+		tran..c9997fdb
+	}..aadb3238
+}..ad00f3d1
+..eb38cf72
+@media..ecf63440
+	.md-d..8f33ae3f
+		back..8c34c978
+		poin..fd0c0420
+	}..aadb3238
+..eb38cf72
+	.md-d..b8ff952e
+		posi..d95f09ec
+		tran..f3fc12d8
+	}..aadb3238
+..eb38cf72
+	.md-d..a128680f
+		z-in..7f8be0b7
+	}..aadb3238
+..eb38cf72
+	.md-d..1d3a2d5a
+		padd..aa0e742a
+	}..aadb3238
+..eb38cf72
+	.md-d..a4fb181b
+		z-in..7f5f6b5c
+	}..aadb3238
+..eb38cf72
+	.md-d..5bc50d1d
+		box-..44d9b875
+		posi..d95f09ec
+		bord..14d99fe2
+		tran..e64de4ae
+		tran..256d9564
+		will..2af7edd2
+		marg..92c23018
+		z-in..7f5f6b5c
+	}..aadb3238
+}..ad00f3d1
+..eb38cf72
+@media..ab24e01a
+	.md-d..8f33ae3f
+		back..a27c92da
+	}..aadb3238
+}..ad00f3d1
+..eb38cf72
+@media..ecf63440
+	.md-d..8f33ae3f
+		back..8c34c978
+	}..aadb3238
+}..ad00f3d1
+..eb38cf72