-use En..a2fca3ee
+use En..865d2528
-						..c1a356eb
+						..ad903d1b
-						..2863b632
+						..50478320
-use En..a2fca3ee
-use En..0571c7a7
+use En..865d2528
+use En..4c46cebb
-		// U..36ae5cf3
+		// U..12ae4542
-			$un..65e51915
+			$un..7c68dc63
-		if (..e80d697d
-		if (..0ae58e13
+		if (..fcd1cac0
+		if (..dfe19e18
-				'c..24f26e13
-				'c..e6edf138
+				'c..8c64c3e7
+				'c..5f5db628
-		$tex..b40d7068
+		$tex..09711c2a
-		$tok..817f62d6
+		$tok..888792a7
-		$tex..ed4c73fd
+		$tex..c6f446a0
-		$tex..ed4c73fd
+		$tex..c6f446a0
-		$tex..ed4c73fd
+		$tex..c6f446a0
-		$tex..ed4c73fd
+		$tex..c6f446a0
-		$tex..ed4c73fd
+		$tex..c6f446a0
-use En..0571c7a7
+use En..4c46cebb
-			'us..d9e783f1
+			'us..c3a678ea
-use En..0571c7a7
+use En..4c46cebb
-		if (..46663a17
+		if (..46fd329e
-						..e4e6d6f4
-						..94397f6b
+						..6bfb866b
+						..f10755a0
-use En..a2fca3ee
+use En..865d2528
-		retu..05d799c0
+		retu..98649990
-use En..0571c7a7
+use En..4c46cebb
-			'us..d9e783f1
+			'us..c3a678ea
+++ /de..ebb25cd5
-<?php..20e9d97c
-..eeb57ab5
-namesp..7fbe22a2
-..eeb57ab5
-class ..16e566c4
-..eeb57ab5
-	/**..aaf5d125
-	 * Re..9decba3f
-	 *..b8aa0c6e
-	 * @p..df052bcb
-	 * @r..6a0368c8
-	 */..782d1ce8
-	publi..f539878c
-		$tld..e0ce6e0e
-		$pat..b759c372
-		retu..2840316a
-	}..ca25b7e6
-..eeb57ab5
-	/**..aaf5d125
-	 * Re..2df64b52
-	 *..b8aa0c6e
-	 * @p..11a59a18
-	 * @r..6a0368c8
-	 */..782d1ce8
-	publi..e96443e6
-		retu..c83518cf
-	}..ca25b7e6
-..eeb57ab5
-	/**..aaf5d125
-	 * Re..9e473d44
-	 *..b8aa0c6e
-	 * @p..11a59a18
-	 * @r..6a0368c8
-	 */..782d1ce8
-	publi..6837580a
-		retu..30950c1f
-	}..ca25b7e6
-..eeb57ab5
-}..0ec32ff4
+use En..4c46cebb
-		swit..50112224
+		swit..5b6f2dfd
--- /de..946cc560
+<?php..c2ce4ca3
+..7e744652
+namesp..792670b6
+..7e744652
+class ..057cf98f
+..7e744652
+	/**..e7bd9b61
+	 * Re..8fb8ba8b
+	 *..20948a34
+	 * @p..b0a7964c
+	 * @r..595035b6
+	 */..f9d5d9bb
+	publi..5f5cb176
+		$tld..922ec0dc
+		$pat..ea92e04b
+		retu..991e50ca
+	}..e7e1aac0
+..7e744652
+	/**..e7bd9b61
+	 * Re..ff88127e
+	 *..20948a34
+	 * @p..6197e110
+	 * @r..595035b6
+	 */..f9d5d9bb
+	publi..61b8d484
+		retu..815e7ce6
+	}..e7e1aac0
+..7e744652
+	/**..e7bd9b61
+	 * Re..dac752c5
+	 *..20948a34
+	 * @p..6197e110
+	 * @r..595035b6
+	 */..f9d5d9bb
+	publi..2b2055f6
+		retu..d6af5c72
+	}..e7e1aac0
+..7e744652
+}..98b32ec3
--- /de..946cc560
+<?php..c2ce4ca3
+..7e744652
+namesp..792670b6
+..7e744652
+class ..70692514
+..7e744652
+	const..41fc189c
+	const..d481b9db
+	const..552892c3
+	const..1f5dc1a0
+	const..fc3adcd5
+	const..7b01cae2
+	const..03da0036
+	const..3a1952c7
+..7e744652
+	/**..e7bd9b61
+	 * Re..9f876d17
+	 *..20948a34
+	 * @r..595035b6
+	 */..f9d5d9bb
+	publi..7c2e830b
+		retu..31abb0bf
+	}..e7e1aac0
+..7e744652
+	/**..e7bd9b61
+	 * Re..108c51bc
+	 *..20948a34
+	 * @r..c64f813d
+	 */..f9d5d9bb
+	publi..894cdae3
+		retu..a9a076be
+			'DZ..4271e64b
+			'AO..ae738d9f
+			'BJ..badb904b
+			'BW..1c959bed
+			'BF..fb6952d2
+			'BI..3cd37dfd
+			'CM..0fa19925
+			'CV..c4e1ff8c
+			'CF..eed1caee
+			'TD..a386aa6c
+			'KM..201c1891
+			'CG..a29c9162
+			'CD..3948ae78
+			'CI..37b2e51f
+			'DJ..8ffa756f
+			'EG..628f7ee2
+			'GQ..4148ac72
+			'ER..16f2933e
+			'ET..1b2a9ec6
+			'GA..ebff00cb
+			'GM..62082160
+			'GH..bcea8c10
+			'GN..e2374300
+			'GW..a104eb1c
+			'KE..2cde2f06
+			'LS..b548fe76
+			'LR..b9ff844f
+			'LY..a1b8e13a
+			'MG..59a7b312
+			'MW..c2756ca2
+			'ML..eb8fecd8
+			'MR..af18a9b8
+			'MU..c4b126a8
+			'YT..3cc5466a
+			'MA..ca78d46a
+			'MZ..34f5e7b3
+			'NA..bfe84325
+			'NE..10f33f61
+			'NG..edfa85bd
+			'RE..8a1c8d4b
+			'RW..0ce85f08
+			'SH..4effcb8d
+			'ST..62c89efd
+			'SN..cdb07eb6
+			'SC..4b1015ff
+			'SL..f2da078a
+			'SO..f0fc6797
+			'ZA..df346d85
+			'SS..4154ce6a
+			'SD..46dcc7d5
+			'SZ..061c22ac
+			'TZ..8755b89a
+			'TG..3717f67f
+			'TN..c16e6a0b
+			'UG..f8a6e907
+			'EH..a69dfd87
+			'ZM..88e555d9
+			'ZW..ce868cc6
+		];..3fb1973b
+	}..e7e1aac0
+..7e744652
+	/**..e7bd9b61
+	 * Re..609303dd
+	 *..20948a34
+	 * @r..c64f813d
+	 */..f9d5d9bb
+	publi..6a564829
+		retu..a9a076be
+			'AQ..da9a5405
+			'BV..47f9bcce
+			'TF..05d6a86b
+			'HM..e9333d88
+			'GS..3d2c8148
+		];..3fb1973b
+	}..e7e1aac0
+..7e744652
+	/**..e7bd9b61
+	 * Re..fef3f205
+	 *..20948a34
+	 * @r..c64f813d
+	 */..f9d5d9bb
+	publi..4b188669
+		retu..a9a076be
+			'AF..7af82fe0
+			'AM..48857621
+			'AZ..288f8b3a
+			'BH..da5bd3ec
+			'BD..fab399b1
+			'BT..c5f25c14
+			'IO..11032214
+			'BN..6c989db6
+			'KH..9c8afd0c
+			'CN..f166d144
+			'CX..b66c8ac6
+			'CC..9805d827
+			'CY..d21a66c7
+			'GE..fba78738
+			'HK..1eac032b
+			'IN..b98ae205
+			'ID..62569132
+			'IR..dc71c87e
+			'IQ..647b8cc8
+			'IL..7dd10372
+			'JP..d5fb8875
+			'JO..8f872eac
+			'KZ..a0d21aec
+			'KP..b4c5390a
+			'KR..783a4c2b
+			'KW..ba786afb
+			'KG..46daf545
+			'LA..9ce065a6
+			'LB..5aafe882
+			'MO..bf2b35ec
+			'MY..b861ffef
+			'MV..83c0446b
+			'MN..0331e1fb
+			'MM..be8c5096
+			'NP..8526ded0
+			'OM..9cd55888
+			'PK..560bf33b
+			'PS..d820085b
+			'PH..a1011fb9
+			'QA..5157d596
+			'SA..939432aa
+			'SG..2d9de715
+			'LK..a6bd5ee8
+			'SY..9f88475f
+			'TW..ab15d0b4
+			'TJ..dc64f2d6
+			'TH..65d084ff
+			'TL..0f0a76af
+			'TR..b75eebb0
+			'TM..97358a90
+			'AE..96503799
+			'UZ..82048e6a
+			'VN..c439e698
+			'YE..b088cc27
+		];..3fb1973b
+	}..e7e1aac0
+..7e744652
+	/**..e7bd9b61
+	 * Re..62e3d6d3
+	 *..20948a34
+	 * @r..c64f813d
+	 */..f9d5d9bb
+	publi..6b6d1aaf
+		retu..a9a076be
+			'AX..7449c37f
+			'AL..16243ab2
+			'AD..1c323fb5
+			'AT..7ddf1964
+			'BY..92517c6c
+			'BE..e9eaec59
+			'BA..adbfec6b
+			'BG..5333acc0
+			'HR..61408281
+			'CZ..48913e81
+			'DK..d203bef6
+			'EE..bce1c92a
+			'FO..5b3ac812
+			'FI..2825a3a0
+			'FR..4dac2455
+			'DE..9121a640
+			'GI..03a7c532
+			'GR..7823ec9a
+			'GG..9f83e7d3
+			'VA..ac6f451b
+			'HU..22089bae
+			'IS..208e7845
+			'IE..96fa1ebf
+			'IM..f059de33
+			'IT..8b76104e
+			'JE..40985b05
+			'LV..f52479bc
+			'LI..04267b2c
+			'LT..673c0931
+			'LU..ce0dee7c
+			'MK..022b1284
+			'MT..606f1f97
+			'MD..16082c38
+			'MC..e7d13d95
+			'ME..3e28ce7d
+			'NL..a3a8826d
+			'NO..c83b1b77
+			'PL..3793d310
+			'PT..c8d8dd4b
+			'RO..0d016722
+			'RU..81ab6c5d
+			'SM..12291d97
+			'RS..1e7a9f45
+			'SK..198ab94f
+			'SI..8ab84ee6
+			'ES..d960a663
+			'SJ..a08e40a4
+			'SE..3b6e7070
+			'CH..dfff4c22
+			'UA..a58da64c
+			'GB..9a088d3f
+		];..3fb1973b
+	}..e7e1aac0
+..7e744652
+	/**..e7bd9b61
+	 * Re..b8618f43
+	 *..20948a34
+	 * @r..c64f813d
+	 */..f9d5d9bb
+	publi..71b2649e
+		retu..a9a076be
+			'AI..b0e322ce
+			'AG..568a3670
+			'AW..3c35e85c
+			'BS..4ccf74ad
+			'BB..c3c6250d
+			'BZ..99a09f9f
+			'BM..40e0cb0d
+			'CA..f9f1b628
+			'KY..ee6780b8
+			'CR..acad4b3f
+			'CU..012e97ee
+			'DM..2a70bb7f
+			'DO..f766019b
+			'SV..49ea1eef
+			'GL..873d8742
+			'GD..56ec35c3
+			'GP..d1c857d8
+			'GT..8927d3a9
+			'HT..8784164f
+			'HN..571897ec
+			'JM..c6987259
+			'MQ..757074a5
+			'MX..645f91a6
+			'MS..f873aa7b
+			'AN..c54040f2
+			'NI..622004ac
+			'PA..da7905d7
+			'PR..9774e276
+			'KN..da5056b4
+			'LC..55d6e1cb
+			'PM..692ec80a
+			'VC..ea799d18
+			'TT..e19d806d
+			'TC..e1e967f0
+			'US..09f7fb0a
+			'VG..399b8824
+			'VI..ef8e6b0d
+		];..3fb1973b
+	}..e7e1aac0
+..7e744652
+	/**..e7bd9b61
+	 * Re..38a77fb8
+	 *..20948a34
+	 * @r..c64f813d
+	 */..f9d5d9bb
+	publi..6c3dd18c
+		retu..a9a076be
+			'AS..37c63298
+			'AU..d5a1c965
+			'CK..3b22d160
+			'FJ..a903011d
+			'PF..e5e0b715
+			'GU..88c3574e
+			'KI..fe3a88d9
+			'MH..f7566e9c
+			'FM..cf9333c4
+			'NR..055dded2
+			'NC..feac630d
+			'NZ..26463396
+			'NU..9b2dcf12
+			'NF..ab96b455
+			'MP..5d544475
+			'PW..a493d355
+			'PG..55f0e207
+			'PN..112fee43
+			'WS..17354178
+			'SB..7a4e5b07
+			'TK..4025a6d0
+			'TO..ef239ca8
+			'TV..5030511b
+			'UM..32fe242c
+			'VU..b7c89c29
+			'WF..1d81c53e
+		];..3fb1973b
+	}..e7e1aac0
+..7e744652
+	/**..e7bd9b61
+	 * Re..3fb58afb
+	 *..20948a34
+	 * @r..c64f813d
+	 */..f9d5d9bb
+	publi..48b81fa0
+		retu..a9a076be
+			'AR..83402cc6
+			'BO..c2937852
+			'BR..2a391586
+			'CL..6d0bb74c
+			'CO..4513831b
+			'EC..f5d862c1
+			'FK..bc9be5d3
+			'GF..2e1e8b0d
+			'GY..f6a61800
+			'PY..81df8773
+			'PE..16df7ec4
+			'SR..68006203
+			'UY..470e265a
+			'VE..23a70507
+		];..3fb1973b
+	}..e7e1aac0
+..7e744652
+	/**..e7bd9b61
+	 * Re..ca6ee7cf
+	 *..20948a34
+	 * @r..595035b6
+	 */..f9d5d9bb
+	publi..a372b2a4
+		$cou..061c4be0
+..7e744652
+		if (..bd58dcc6
+		else..079a3a78
+		else..0cc4a775
+		else..d16a0b9f
+		else..2262649d
+		else..dacc9e0d
+		else..d3db848b
+		retu..8e4ac6cf
+	}..e7e1aac0
+..7e744652
+	/**..e7bd9b61
+	 * Re..5a375bec
+	 *..20948a34
+	 * @r..9c10a93e
+	 */..f9d5d9bb
+	publi..1388ac06
+		retu..5cd442cc
+	}..e7e1aac0
+..7e744652
+	/**..e7bd9b61
+	 * Re..7011831c
+	 *..20948a34
+	 * @r..9c10a93e
+	 */..f9d5d9bb
+	publi..1d32ed89
+		retu..83ba3c80
+	}..e7e1aac0
+..7e744652
+	/**..e7bd9b61
+	 * Re..b2b2ece3
+	 *..20948a34
+	 * @r..9c10a93e
+	 */..f9d5d9bb
+	publi..cfc531e2
+		retu..20af4840
+	}..e7e1aac0
+..7e744652
+	/**..e7bd9b61
+	 * Re..14419289
+	 *..20948a34
+	 * @r..9c10a93e
+	 */..f9d5d9bb
+	publi..781f3c1f
+		retu..7d446f0f
+	}..e7e1aac0
+..7e744652
+	/**..e7bd9b61
+	 * Re..23915f85
+	 *..20948a34
+	 * @r..9c10a93e
+	 */..f9d5d9bb
+	publi..67efc628
+		retu..ba4b82ba
+	}..e7e1aac0
+..7e744652
+	/**..e7bd9b61
+	 * Re..f8e09968
+	 *..20948a34
+	 * @r..9c10a93e
+	 */..f9d5d9bb
+	publi..8ce3f517
+		retu..ea0aa58a
+	}..e7e1aac0
+..7e744652
+	/**..e7bd9b61
+	 * Re..1e3fc8c2
+	 *..20948a34
+	 * @r..9c10a93e
+	 */..f9d5d9bb
+	publi..ed58043b
+		retu..87615dd2
+	}..e7e1aac0
+..7e744652
+	/**..e7bd9b61
+	 * Re..a2173db6
+	 *..20948a34
+	 * @r..9c10a93e
+	 */..f9d5d9bb
+	publi..15d02e24
+		retu..3db593d4
+	}..e7e1aac0
+..7e744652
+}..98b32ec3
+++ /de..ebb25cd5
-<?php..20e9d97c
-..eeb57ab5
-namesp..7fbe22a2
-..eeb57ab5
-class ..7e6e5331
-..eeb57ab5
-	const..e1891cd9
-	const..48c0fca0
-	const..1caa3314
-	const..2c81c244
-	const..e601d78c
-	const..1e670897
-	const..0d4e8d62
-	const..26013a90
-..eeb57ab5
-	/**..aaf5d125
-	 * Re..5418213a
-	 *..b8aa0c6e
-	 * @r..6a0368c8
-	 */..782d1ce8
-	publi..11bda18e
-		retu..d4e777e8
-	}..ca25b7e6
-..eeb57ab5
-	/**..aaf5d125
-	 * Re..edd74275
-	 *..b8aa0c6e
-	 * @r..3810cdc1
-	 */..782d1ce8
-	publi..64cd9917
-		retu..db277bfd
-			'DZ..634eea5f
-			'AO..bce04b24
-			'BJ..67ab3217
-			'BW..3e0cc6a5
-			'BF..4c322dfc
-			'BI..5b5b0879
-			'CM..3129973d
-			'CV..7fb8242e
-			'CF..ea4ab273
-			'TD..83b9ba10
-			'KM..659ad89a
-			'CG..3ef83a61
-			'CD..43195b70
-			'CI..95c1a3c1
-			'DJ..be4d99bb
-			'EG..76370206
-			'GQ..06dd7b02
-			'ER..d1391da5
-			'ET..4c2d5a8a
-			'GA..f765cebb
-			'GM..8fc6cc2e
-			'GH..8cc220d8
-			'GN..e77d9527
-			'GW..9e63259b
-			'KE..78e4d52a
-			'LS..ee7c8f2a
-			'LR..36449327
-			'LY..ecd8bc7b
-			'MG..0a83fa5c
-			'MW..af2929e7
-			'ML..3042143c
-			'MR..ef804455
-			'MU..f853535c
-			'YT..8f75bf96
-			'MA..0c0f11df
-			'MZ..affabb00
-			'NA..86f81bb1
-			'NE..c5edc2c4
-			'NG..152f255f
-			'RE..ac80f0b7
-			'RW..c939c8ec
-			'SH..b209e308
-			'ST..8aa313d8
-			'SN..a7fcaf7b
-			'SC..6db3590c
-			'SL..d0ba39be
-			'SO..46d6849b
-			'ZA..52c40c34
-			'SS..bd3115f5
-			'SD..ece38a97
-			'SZ..cc57e171
-			'TZ..acf621b4
-			'TG..dbecaa96
-			'TN..de683c98
-			'UG..94cf716a
-			'EH..ec86fd7e
-			'ZM..df07595f
-			'ZW..ed03fc73
-		];..46d5ce7f
-	}..ca25b7e6
-..eeb57ab5
-	/**..aaf5d125
-	 * Re..780f4ac9
-	 *..b8aa0c6e
-	 * @r..3810cdc1
-	 */..782d1ce8
-	publi..a3c1daa7
-		retu..db277bfd
-			'AQ..856459f0
-			'BV..07435cfc
-			'TF..04f9223c
-			'HM..a06172be
-			'GS..b1b52641
-		];..46d5ce7f
-	}..ca25b7e6
-..eeb57ab5
-	/**..aaf5d125
-	 * Re..3ba10b27
-	 *..b8aa0c6e
-	 * @r..3810cdc1
-	 */..782d1ce8
-	publi..2f56f194
-		retu..db277bfd
-			'AF..b88f7c0b
-			'AM..ea5222e3
-			'AZ..861915fe
-			'BH..c6b7c6ed
-			'BD..bce69b71
-			'BT..b0c58706
-			'IO..f7805896
-			'BN..d3461766
-			'KH..091ccde2
-			'CN..65823c02
-			'CX..ff6ab7e7
-			'CC..b0502f0e
-			'CY..c1cc9cd3
-			'GE..7962b50b
-			'HK..81adf753
-			'IN..d76502a6
-			'ID..a94909ea
-			'IR..e9aca816
-			'IQ..09631e7c
-			'IL..9a8d8f11
-			'JP..d6fc6366
-			'JO..30a0aa68
-			'KZ..98d13740
-			'KP..e8b99185
-			'KR..78cfa4b4
-			'KW..e2882e56
-			'KG..f89dbbc9
-			'LA..9c802767
-			'LB..7439aef4
-			'MO..05202dc5
-			'MY..04631694
-			'MV..2c6b8739
-			'MN..aa2df781
-			'MM..a62ce740
-			'NP..fb430f7f
-			'OM..ca6336d8
-			'PK..7d55992e
-			'PS..5ee4a9ba
-			'PH..cf7bbe74
-			'QA..804a96f4
-			'SA..2e5c9126
-			'SG..e92017f2
-			'LK..736dd6de
-			'SY..63c95740
-			'TW..500f60cd
-			'TJ..09aeaeab
-			'TH..c7938167
-			'TL..b5a4573d
-			'TR..7546f70a
-			'TM..a602220d
-			'AE..0bf7e4bb
-			'UZ..86e2c017
-			'VN..d5984ac9
-			'YE..eef342e7
-		];..46d5ce7f
-	}..ca25b7e6
-..eeb57ab5
-	/**..aaf5d125
-	 * Re..51cfaac3
-	 *..b8aa0c6e
-	 * @r..3810cdc1
-	 */..782d1ce8
-	publi..60ffe2bc
-		retu..db277bfd
-			'AX..205c73ce
-			'AL..8f4b6d2b
-			'AD..0ac8eaa7
-			'AT..845af427
-			'BY..bafc0d45
-			'BE..f8f7d1f0
-			'BA..0ed261db
-			'BG..8583d825
-			'HR..fc60ea62
-			'CZ..d5dd4a46
-			'DK..36ffbfd6
-			'EE..02726bb3
-			'FO..02d93a77
-			'FI..4cba7600
-			'FR..5191eaf0
-			'DE..ee869c38
-			'GI..760868f9
-			'GR..c60e2bcd
-			'GG..afa2483c
-			'VA..a85b6d34
-			'HU..4efa7fee
-			'IS..4df32f74
-			'IE..ccaa2327
-			'IM..4370d1d7
-			'IT..8a378eee
-			'JE..3110c3e6
-			'LV..0369a737
-			'LI..6cdac5bc
-			'LT..e3ce2af5
-			'LU..2c5188aa
-			'MK..5ca8ed4c
-			'MT..0e077ffa
-			'MD..b243d162
-			'MC..695ea7f5
-			'ME..91afc4fa
-			'NL..6e194d02
-			'NO..8f2a32af
-			'PL..4ad92186
-			'PT..5d03217b
-			'RO..c7b711be
-			'RU..37a2c2eb
-			'SM..c81bdb68
-			'RS..9649a537
-			'SK..4b0938f6
-			'SI..e0fbb658
-			'ES..3c8b6f3c
-			'SJ..f4251418
-			'SE..d22a018d
-			'CH..0f8d4ce7
-			'UA..584ff102
-			'GB..437f310e
-		];..46d5ce7f
-	}..ca25b7e6
-..eeb57ab5
-	/**..aaf5d125
-	 * Re..c005c29c
-	 *..b8aa0c6e
-	 * @r..3810cdc1
-	 */..782d1ce8
-	publi..af28f869
-		retu..db277bfd
-			'AI..50dd587a
-			'AG..7ddebd9b
-			'AW..cbd6a20d
-			'BS..72d3cced
-			'BB..2a8c9c77
-			'BZ..ec61d958
-			'BM..0026ad95
-			'CA..0c1ba888
-			'KY..c93397bb
-			'CR..a0f4d006
-			'CU..31dfc4df
-			'DM..54d2862b
-			'DO..3025cdee
-			'SV..8bf683ed
-			'GL..46d8e76d
-			'GD..0c7b7db8
-			'GP..1002f73b
-			'GT..de16ff17
-			'HT..1c1645a6
-			'HN..10792767
-			'JM..0d5bb3b3
-			'MQ..6f2bb275
-			'MX..a045aa24
-			'MS..3c452e91
-			'AN..62f53a62
-			'NI..b2994ff0
-			'PA..c80a113f
-			'PR..b3e3d77c
-			'KN..f00c9bfb
-			'LC..590a5081
-			'PM..a2124394
-			'VC..cef8b4f4
-			'TT..cf98fb35
-			'TC..62de3810
-			'US..d8b6cbd0
-			'VG..0fe50b63
-			'VI..4bd25016
-		];..46d5ce7f
-	}..ca25b7e6
-..eeb57ab5
-	/**..aaf5d125
-	 * Re..2539bc9a
-	 *..b8aa0c6e
-	 * @r..3810cdc1
-	 */..782d1ce8
-	publi..1ce6a6a2
-		retu..db277bfd
-			'AS..a79b011f
-			'AU..c30d0898
-			'CK..d2e98f34
-			'FJ..569e0bc7
-			'PF..123378d5
-			'GU..e3b5a4c3
-			'KI..0419974b
-			'MH..fd2a2701
-			'FM..8bb0ff31
-			'NR..f58c4deb
-			'NC..075299db
-			'NZ..71d72988
-			'NU..4c462b64
-			'NF..ec5729a0
-			'MP..bf8f4857
-			'PW..ae49d476
-			'PG..86dffe49
-			'PN..bbf98199
-			'WS..ff38399d
-			'SB..72c9f1f9
-			'TK..5c782d41
-			'TO..299cf116
-			'TV..be7a8d81
-			'UM..31c752ea
-			'VU..f24ebc3c
-			'WF..6d20142c
-		];..46d5ce7f
-	}..ca25b7e6
-..eeb57ab5
-	/**..aaf5d125
-	 * Re..8176abc2
-	 *..b8aa0c6e
-	 * @r..3810cdc1
-	 */..782d1ce8
-	publi..1d1a2f94
-		retu..db277bfd
-			'AR..57a3b7b3
-			'BO..6e9bb6b0
-			'BR..06299f94
-			'CL..1ff463ee
-			'CO..7fee0ea0
-			'EC..b6f418ec
-			'FK..d9bd7592
-			'GF..0c93e84c
-			'GY..0fef4f4b
-			'PY..e4cb2196
-			'PE..552afda5
-			'SR..0e29d30f
-			'UY..756bb994
-			'VE..caed2cb0
-		];..46d5ce7f
-	}..ca25b7e6
-..eeb57ab5
-	/**..aaf5d125
-	 * Re..9d3504ef
-	 *..b8aa0c6e
-	 * @r..6a0368c8
-	 */..782d1ce8
-	publi..9ebe8f4d
-		$cou..b98c5421
-..eeb57ab5
-		if (..b25e763d
-		else..57f80b91
-		else..afedf0fb
-		else..80d212d3
-		else..b3c21e6d
-		else..03832b2c
-		else..da515221
-		retu..0b65e843
-	}..ca25b7e6
-..eeb57ab5
-	/**..aaf5d125
-	 * Re..e728ca6c
-	 *..b8aa0c6e
-	 * @r..016487f6
-	 */..782d1ce8
-	publi..066fd348
-		retu..b062b25b
-	}..ca25b7e6
-..eeb57ab5
-	/**..aaf5d125
-	 * Re..ef38fd5c
-	 *..b8aa0c6e
-	 * @r..016487f6
-	 */..782d1ce8
-	publi..f803eb3a
-		retu..7eb25b76
-	}..ca25b7e6
-..eeb57ab5
-	/**..aaf5d125
-	 * Re..0a49b72b
-	 *..b8aa0c6e
-	 * @r..016487f6
-	 */..782d1ce8
-	publi..d24005bd
-		retu..022cdc21
-	}..ca25b7e6
-..eeb57ab5
-	/**..aaf5d125
-	 * Re..eb64f17e
-	 *..b8aa0c6e
-	 * @r..016487f6
-	 */..782d1ce8
-	publi..2910cba0
-		retu..678ed948
-	}..ca25b7e6
-..eeb57ab5
-	/**..aaf5d125
-	 * Re..a82dd639
-	 *..b8aa0c6e
-	 * @r..016487f6
-	 */..782d1ce8
-	publi..6e914905
-		retu..c0fb6b21
-	}..ca25b7e6
-..eeb57ab5
-	/**..aaf5d125
-	 * Re..67e2d756
-	 *..b8aa0c6e
-	 * @r..016487f6
-	 */..782d1ce8
-	publi..418810a0
-		retu..b3ddbb0a
-	}..ca25b7e6
-..eeb57ab5
-	/**..aaf5d125
-	 * Re..a22446eb
-	 *..b8aa0c6e
-	 * @r..016487f6
-	 */..782d1ce8
-	publi..ab386387
-		retu..aa22ed74
-	}..ca25b7e6
-..eeb57ab5
-	/**..aaf5d125
-	 * Re..c2fddee8
-	 *..b8aa0c6e
-	 * @r..016487f6
-	 */..782d1ce8
-	publi..ea62aa83
-		retu..6a7c5a04
-	}..ca25b7e6
-..eeb57ab5
-}..0ec32ff4
-	@if(!..1616edf4
+	@if(!..d705a425