+++ /de..5668175c
-<?php..5bea97ef
-..c93cfc42
-namesp..6c990eaa
-..c93cfc42
-use En..771eb007
-use En..99a7fd0e
-use En..e1ee745d
-use Te..9ca1687e
-..c93cfc42
-class ..1f2b9471
-..c93cfc42
-	publi..0e1dd0b9
-		$thi..e01df600
-		$thi..6577387c
-		$thi..a0698ff8
-		$thi..4de15189
-		$thi..e62b8643
-	}..a61776d9
-..c93cfc42
-	publi..68f87c6c
-		$thi..5ae69b81
-		$thi..cc90a783
-	}..a61776d9
-..c93cfc42
-	publi..ac7bf25c
-		if (..caabcbe7
-		$thi..12859d39
-		$thi..6284ac44
-		$thi..b59f4c6d
-	}..a61776d9
-..c93cfc42
-	publi..e41667e9
-		$thi..dee22b12
-		$thi..6cd12cb9
-		$thi..61cd00af
-		$thi..88d33ff6
-		$thi..1f017d97
-	}..a61776d9
-..c93cfc42
-	publi..b98c4474
-		if (..ced283c8
-			$th..833e6ebb
-			$th..4cb34f4e
-		} el..fc73c423
-	}..a61776d9
-..c93cfc42
-	publi..005c5a34
-		if (..ced283c8
-			$th..0438b15a
-			$th..2b08981b
-..c93cfc42
-			$th..873c768d
-			$th..8fe1cf8d
-		} el..fc73c423
-..c93cfc42
-	}..a61776d9
-..c93cfc42
-	publi..2a41e683
-		if (..ced283c8
-			$th..a0242ca1
-			$th..eca2de1d
-..c93cfc42
-			$th..596e1377
-			$th..aef9c161
-..c93cfc42
-			$th..7a104ef9
-			$th..702fc6ab
-..c93cfc42
-			$th..8b09924d
-			$th..eb8212c7
-..c93cfc42
-			$th..ca282f3b
-			$th..d16ec3a1
-		} el..fc73c423
-..c93cfc42
-	}..a61776d9
-..c93cfc42
-	publi..6039858d
-		if (..ced283c8
-			for..8b7867ad
-				$t..017132d7
-				$t..8bbcda03
-			}..b20c8bf3
-		} el..fc73c423
-	}..a61776d9
-..c93cfc42
-	publi..53918fbf
-		$thi..1972795f
-		$thi..c7bccc75
-		$thi..23f6173d
-		$thi..6d1cb72c
-..c93cfc42
-		fore..ebe09658
-			$th..55f61544
-			$th..dfbbf059
-		}..448e8357
-	}..a61776d9
-..c93cfc42
-	publi..1b7d78ba
-		if (..ced283c8
-			$th..e101f02a
-			$th..e8755c0d
-		} el..fc73c423
-	}..a61776d9
-..c93cfc42
-	publi..5fd7e685
-		$thi..41e15b95
-		$thi..66dab635
-	}..a61776d9
-..c93cfc42
-}..528e82bd
+++ /de..5668175c
-<?php..5bea97ef
-..c93cfc42
-namesp..6c990eaa
-..c93cfc42
-use Il..46a0941d
-use Te..9ca1687e
-..c93cfc42
-class ..0d0606ef
-..c93cfc42
-	publi..a2e978ba
-		$rou..24e198bc
-		fore..fbf0405c
-			if ..f6aed760
-			$th..485e92ab
-			$ro..cc3ef528
-..c93cfc42
-			if ..b2236b07
-				$t..6d0d617a
-				$r..acb1b938
-			}..b20c8bf3
-		}..448e8357
-	}..a61776d9
-..c93cfc42
-}..528e82bd
+++ /de..5668175c
-<?php..5bea97ef
-..c93cfc42
-namesp..6c990eaa
-..c93cfc42
-use Te..9ca1687e
-..c93cfc42
-class ..21927811
-..c93cfc42
-	publi..42dba5dc
-		$thi..a2c5b761
-		$thi..95f8a07b
-		$thi..53ef821d
-..c93cfc42
-		$thi..24fd1320
-		$thi..f8f80ac9
-		$thi..b8870ba3
-		$thi..4d013c9d
-		$thi..7f812339
-		$thi..d3de1766
-		$thi..07fc42b1
-	}..a61776d9
-..c93cfc42
-	publi..0f2ff85e
-		$thi..a366d81a
-		$thi..729234f6
-..c93cfc42
-		$thi..96a25691
-		$thi..eaa7d6ba
-	}..a61776d9
-}..528e82bd
--- /de..33cd2409
+<?php..fccdc5ac
+..706e2039
+namesp..2dd80ead
+..706e2039
+use En..98619c04
+use En..2bdedf1a
+use En..cde060f0
+use Te..13ca7633
+..706e2039
+class ..23080b3b
+..706e2039
+	publi..5745f759
+		$thi..2f5d8f1a
+		$thi..e325bec9
+		$thi..9da1d43b
+		$thi..c57c00c4
+		$thi..6185c724
+	}..1463382d
+..706e2039
+	publi..ea0998d3
+		$thi..5267eca0
+		$thi..eb836e38
+	}..1463382d
+..706e2039
+	publi..1b0aef37
+		if (..dde7ba23
+		$thi..1b698746
+		$thi..c9d1253a
+		$thi..d06715c6
+	}..1463382d
+..706e2039
+	publi..7b41e3f0
+		$thi..0b4c0bd5
+		$thi..a9eaf2c0
+		$thi..0794dab6
+		$thi..a25e66ef
+		$thi..78b26c80
+	}..1463382d
+..706e2039
+	publi..8ddacc0c
+		if (..accac0b2
+			$th..59823d40
+			$th..aa9c9d68
+		} el..112f996e
+	}..1463382d
+..706e2039
+	publi..5dd8f10e
+		if (..accac0b2
+			$th..9d5ec022
+			$th..7d899b1b
+..706e2039
+			$th..9cc56be9
+			$th..aef0f87f
+		} el..112f996e
+..706e2039
+	}..1463382d
+..706e2039
+	publi..3030c637
+		if (..accac0b2
+			$th..a6a95ed2
+			$th..0c79ef7c
+..706e2039
+			$th..50cc20b6
+			$th..b84c4f30
+..706e2039
+			$th..72127b09
+			$th..35d9935e
+..706e2039
+			$th..1a5eaa2f
+			$th..8b28a7eb
+..706e2039
+			$th..ef88df0d
+			$th..1e2aba35
+		} el..112f996e
+..706e2039
+	}..1463382d
+..706e2039
+	publi..a566f01b
+		if (..accac0b2
+			for..0095f6ae
+				$t..a6cc7a40
+				$t..13a3cc3b
+			}..f5a22261
+		} el..112f996e
+	}..1463382d
+..706e2039
+	publi..1d3ee6a9
+		$thi..4c739770
+		$thi..30be205f
+		$thi..62943630
+		$thi..d63db24a
+..706e2039
+		fore..c9259b77
+			$th..982c82db
+			$th..dc1aea41
+		}..0085667b
+	}..1463382d
+..706e2039
+	publi..ff52b6ba
+		if (..accac0b2
+			$th..2fee204c
+			$th..db8a5ebf
+		} el..112f996e
+	}..1463382d
+..706e2039
+	publi..53ca11b4
+		$thi..0ba59b34
+		$thi..250175bb
+	}..1463382d
+..706e2039
+}..5a6bd398
--- /de..33cd2409
+<?php..fccdc5ac
+..706e2039
+namesp..2dd80ead
+..706e2039
+use Il..750e04ca
+use Te..13ca7633
+..706e2039
+class ..edf2f441
+..706e2039
+	publi..4e4bcf6e
+		$rou..faa54efd
+		fore..5dd4d7df
+			if ..31f3a962
+			$th..c304f4bc
+			$ro..c3e82a94
+..706e2039
+			if ..bef9e7f0
+				$t..ba8e4ebe
+				$r..759b0532
+			}..f5a22261
+		}..0085667b
+	}..1463382d
+..706e2039
+}..5a6bd398
--- /de..33cd2409
+<?php..fccdc5ac
+..706e2039
+namesp..2dd80ead
+..706e2039
+use Te..13ca7633
+..706e2039
+class ..7146a519
+..706e2039
+	publi..3ab80ed1
+		$thi..d52ffb96
+		$thi..691fc6ed
+		$thi..b3d23936
+..706e2039
+		$thi..7070b57d
+		$thi..36b5b383
+		$thi..ac7f98d7
+		$thi..4b7fd9bb
+		$thi..cab9c7a7
+		$thi..6d27abba
+		$thi..7b9bc384
+	}..1463382d
+..706e2039
+	publi..3a770853
+		$thi..2cb59aef
+		$thi..2dd63dfd
+..706e2039
+		$thi..d9c072a0
+		$thi..d49a8cd3
+	}..1463382d
+}..5a6bd398