--- /de..72340082
+<?php..4ba08c49
+..d94d9d46
+namesp..e52b6c90
+..d94d9d46
+use En..4442ad80
+use Il..a960002f
+use En..26b73acb
+use En..9fde90b5
+use En..aa624bc5
+use Il..363e3128
+..d94d9d46
+class ..86d63c90
+..d94d9d46
+	priva..fb9a3d88
+..d94d9d46
+	/**..1691149c
+	 * Th..d75d1dd2
+	 *..c7190d51
+	 * @v..d6e829f5
+	 */..fa852235
+	prote..c66c61b8
+..d94d9d46
+	/**..1691149c
+	 * Th..eba55873
+	 *..c7190d51
+	 * @v..d6e829f5
+	 */..fa852235
+	prote..bd1c1fcb
+..d94d9d46
+	/**..1691149c
+	 * Cr..4c2d1a73
+	 *..c7190d51
+	 * @r..d4f07b37
+	 */..fa852235
+	publi..05edc510
+		pare..e37dda81
+	}..30124a12
+..d94d9d46
+	/**..1691149c
+	 * Ex..ead65097
+	 *..c7190d51
+	 * @r..7f4b5d0d
+	 */..fa852235
+	publi..83131581
+		$tim..dcc8aa6a
+		$thi..8f8065b3
+..d94d9d46
+		// s..c1d35531
+		if (..293663ed
+..d94d9d46
+		$thi..c786d19a
+		$thi..b6c5c1eb
+..d94d9d46
+		$blo..14847529
+		whil..678f7518
+			$th..686fed9c
+..d94d9d46
+			$bl..7ac42011
+..d94d9d46
+			// ..3c8ae1c0
+			if ..a378c6b7
+				$t..7218fb23
+				$t..9f77efb8
+				$b..1f5ba395
+				$b..48c1a399
+..d94d9d46
+				tr..1579c211
+					$..604e0311
+						..91842306
+				} ..964c522e
+..d94d9d46
+				}..d80a5f31
+..d94d9d46
+				if..cc13b128
+					f..7e9ba89d
+						..63afbd7e
+						..d1684401
+						..8e333d31
+						..f44334d0
+..d94d9d46
+						..2048ed9a
+					}..91fbcee0
+				}..d80a5f31
+..d94d9d46
+				$l..a361712a
+				if..cfd3fa57
+					f..81735724
+						..5a0e8db5
+						..ebfb10bf
+						..5ccbe0b5
+						..188c8af4
+						..c347e99e
+						..64e152f3
+						..f83fcd92
+						..677c20bd
+						..160b1994
+						..3577c43e
+						..5b50bebb
+						..2048ed9a
+..d94d9d46
+						..fa69e633
+						..1bfd5fa7
+						..964c30cc
+						..d7536ff8
+						..29de35f4
+						..016200f3
+						..d609beb6
+						..a50c9381
+						..e0b86f32
+						..5b50bebb
+						..2048ed9a
+..d94d9d46
+						..63afbd7e
+						..44a80f9e
+						..eeb46c4c
+						..42a1dc8f
+						..dad3406e
+						..e59dc1af
+						..a12926eb
+						..9f2bd0a1
+						..276e014e
+						..46b5dda6
+						..cc7d3085
+						..9e77ea90
+						..f44334d0
+						..44a80f9e
+						..46158b6c
+						..b4041028
+						..f5fa668d
+						..2048ed9a
+..d94d9d46
+						..063e5082
+						..51cbb62f
+						..eb6cbb60
+						..11e535f8
+						..dca6dfb5
+						..ec7a38ac
+						..c6f272b0
+						..bbfc9b98
+						..7c9b379c
+						..0177912b
+						..d531d97f
+						..55b6c1ad
+..d94d9d46
+						..0a0d26ae
+						..b218ff6b
+						..eb6cbb60
+						..d8b6961e
+						..dca6dfb5
+						..ec7a38ac
+						..39e61cd1
+						..34b7fa08
+						..7c9b379c
+						..d531d97f
+						..55b6c1ad
+..d94d9d46
+						..0a0d26ae
+						..a6978160
+						..eb6cbb60
+						..11e535f8
+						..dca6dfb5
+						..ec7a38ac
+						..39e61cd1
+						..34b7fa08
+						..7c9b379c
+						..90741769
+						..d531d97f
+						..55b6c1ad
+..d94d9d46
+						..0a0d26ae
+						..5b50bebb
+						..d8e2e88e
+						..2476f1d1
+						..9d3b5db8
+						..89fb0f83
+..d94d9d46
+						..fdd71358
+						..15ac548d
+						..aed289f2
+						..9b5e6146
+						..b6a86ef6
+						..31c8da2c
+						..956779a5
+						..56db11bb
+						..6eee1934
+						..7447dba0
+..d94d9d46
+						..5b50bebb
+						..2048ed9a
+					}..91fbcee0
+				}..d80a5f31
+			}..2bc05e85
+..d94d9d46
+			$bl..9dfd56d2
+		}..3f8cd5ce
+..d94d9d46
+		$tim..cb908119
+		$ela..c38f3bb7
+		$thi..a485d366
+	}..30124a12
+..d94d9d46
+	priva..bf21fd04
+		retu..9e120b40
+			->w..e861bd94
+			->g..daeeb364
+	}..30124a12
+..d94d9d46
+	priva..b2ce6525
+		retu..9f16fe4f
+			->w..591e3c52
+			->f..86eecbbe
+	}..30124a12
+..d94d9d46
+	priva..2632d753
+		retu..de29aec2
+			->w..e861bd94
+			->g..daeeb364
+	}..30124a12
+..d94d9d46
+	priva..489a9230
+		$tot..17b9639e
+		$tot..6b8e3007
+		fore..470c4b0b
+			$to..6b0d972c
+			$to..3f9a492e
+		}..3f8cd5ce
+..d94d9d46
+		retu..9e7a2740
+			'to..3e05ff52
+			'to..2c943468
+		];..118344ea
+	}..30124a12
+}..4c9343ae
-	prote..0b811e8d
+	prote..bed9a48e
-			'0x..ba161a83
+			$th..cad011fa
-			'0x..ba161a83
+			$th..cad011fa