-revisi..0c4bb451
+revisi..f536984d
+yarn.l..519d2c64
-			'bu..9e13edd7
+			'bu..90f5d738
-			'bu..3c118111
+			'bu..fe1d9be4
-		'bui..408bb7e2
+		'bui..7f0bc4cf
+		'bui..c38d46e9
-			'co..3a3db3c5
+			'co..3f07d912
--- /de..ac92d853
+<?php..fd816d7a
+..23a1bda1
+namesp..8f2bd6d1
+..23a1bda1
+use En..ede1ef2c
+use Sy..deee819d
+use En..d99b6007
+use Il..12ef71e5
+..23a1bda1
+class ..dafee6cc
+..23a1bda1
+	/**..11675cb9
+	 * Th..8bcab975
+	 *..abc6a7b3
+	 * @v..f69d2a67
+	 */..c5f06cd1
+	prote..8eacd088
+..23a1bda1
+	/**..11675cb9
+	 * Th..eca96212
+	 *..abc6a7b3
+	 * @v..f69d2a67
+	 */..c5f06cd1
+	prote..a821bde7
+..23a1bda1
+	/**..11675cb9
+	 * Cr..df6804d6
+	 *..abc6a7b3
+	 * @r..0fadaf0d
+	 */..c5f06cd1
+	publi..37d490dd
+		pare..c51e8b4b
+	}..49fd0e74
+..23a1bda1
+	/**..11675cb9
+	 * Ex..d188c090
+	 *..abc6a7b3
+	 * @r..1e538b18
+	 */..c5f06cd1
+	publi..46c2d754
+		// P..bc2d5197
+		$thi..680bbdb2
+		$pro..4335abef
+		$pro..1d20d698
+			$th..c0e5f01b
+		});..cab4ad87
+		if (..dabe0a2d
+..23a1bda1
+		// R..c9aad840
+		Util..3f9af55f
+		Util..65dd0f99
+		\unl..ddd4c3b5
+		\unl..30aa2c4e
+..23a1bda1
+		// F..3901927d
+		$thi..fd69be7b
+	}..49fd0e74
+..23a1bda1
+}..e4160ab7
-			Uti..e15a0f09
+			Uti..f97378be
+			bas..718a6093
+			bas..e58f2602
+			bas..15d27923
+			bas..48659628
-		retu..b945be6f
+		retu..428a3f80
+			bas..61cb7278
+			bas..cb4ba33e
+		];..26e89fae
-	publi..e17b07f8
+	publi..be5add1d
-					i..2ba7606f
+					i..209fcf72