-	publi..32de9765
-		if (..b14c05d2
+	publi..6b1dca8c
+		if (..9f2af6ae
+use En..b682e1e6
-				$r..beb6098c
+				$r..71c82f99
-				't..41ebea27
+				't..8fe40eb9
-				'i..5013dcbc
+				'i..8196bf7b
-				'n..8ae08438
-				'd..db3dc344
-				'r..47fd2ab0
-				'c..15ddacf9
-				'b..12046eff
+				'n..c9eb8232
+				'd..4574d122
+				'r..5dc71266
+				'c..c3e89fb9
+				'b..f95c83ec
-				't..d64099e1
+				't..a2aac4be
-				'u..5648a93d
-				'm..82906fd0
+				'u..d83893db
+				'm..c6ef0c04
-	publi..0c878784
-		$sel..6baca740
+	publi..1bfee596
+		$sel..4e3c111b
-				't..b22fbe9d
-				't..8eb0ac49
-				't..069fed6c
-			->j..e14a6b77
-			->w..20ce6c35
-			->w..a44088ba
-..32aa6ceb
-		if (..a1305cb6
-			$se..bc62dfd4
-		}..8a041290
+			->w..1b107829
+		$bal..a501bcef
+		if (..b541ca4d
+			$se..1198dd8a
+				->..b0f35ef7
+					D..b5849c86
+				])..da8037df
+				->..ddff993f
+				->..d9984ea3
+..907592e8
+			if ..39b6ace2
+				$s..b3d605ac
+			}..78f88081
+..907592e8
+			$ba..24dd09a6
+		}..6a1786e0
+..907592e8
+			// ..727f39c4
-				$i..1092e4ad
+				if..80c0f9f0
+				el..f55173c6
-			$re..4d638d5a
+			$ke..932a08f0
+			if ..9e34d4e6
+..907592e8
+			$re..7af9c415
-			'to..d9dda565
+			'to..e7a72583
-			'im..9e3835e0
+			'im..fe02a20a
-			'na..93ed7a0e
-			'de..98480097
-			'ra..c1f1325e
-			'co..d3d414c1
-			'ba..d1bbf5d5
+			'na..4a71957c
+			'de..da42d21b
+			'ra..8739d5d2
+			'co..4f6a90ba
+			'ba..ff507a29
-			'tr..3b7546f4
+			'tr..430a072f
-			'ur..770d0739
-			'me..7c51c03c
+			'ur..943c986a
+			'me..4b32299b
+				$t..bc9cc68a
- * @me..59314364
+ * @me..829cae8e
- * @me..8bc208db
+ * @me..d1f7d241
- * @me..bd837158
+ * @me..dae604b8
- * @me..f59ff088
+ * @me..94f1dd94
- * @me..6635c1f6
+ * @me..9cd5b31f
- * @me..e4b17f3b
+ * @me..c9a8cf17
-	/** @..8c8c79ca
+	/** @..67a3977b
-	/** @..8c8c79ca
+	/** @..67a3977b
-	/** @..8c8c79ca
+	/** @..67a3977b
-	/** @..8c8c79ca
+	/** @..67a3977b
-	/** @..8c8c79ca
+	/** @..67a3977b
-	/** @..8c8c79ca
+	/** @..67a3977b
-	/** @..8c8c79ca
+	/** @..67a3977b
-	/** @..8c8c79ca
+	/** @..67a3977b
-	/** @..8c8c79ca
+	/** @..67a3977b
-	/** @..8c8c79ca
+	/** @..67a3977b
-	/** @..a23b0a3b
+	/** @..9a007db0