-	publi..e347f8be
-		if (..10422634
+	publi..8ef8e70c
+		if (..26a24326
+use En..0e152360
-				$r..0b91be19
+				$r..371f4b41
-				't..2b147e9d
+				't..f06f60c7
-				'i..b80a9b49
+				'i..d71e8a90
-				'n..a3b84877
-				'd..712188b9
-				'r..84219160
-				'c..0613b0e7
-				'b..95b0b3e2
+				'n..7fb43f8d
+				'd..0b4d31ab
+				'r..15bdb872
+				'c..eae11d4a
+				'b..178bbde2
-				't..ba21a6bb
+				't..32f7da5b
-				'u..69738200
-				'm..b5272782
+				'u..06bb30aa
+				'm..04c4e41e
-	publi..06a8c5f3
-		$sel..83e12c5c
+	publi..bcb90dac
+		$sel..a86cc80d
-				't..bcfe6fdc
-				't..0354f1fb
-				't..c1da1cf7
-			->j..5ece1be6
-			->w..06cacb23
-			->w..92b1fcfa
-..924d7978
-		if (..74f275dd
-			$se..c661a6e2
-		}..1cd84bc1
+			->w..a8fce2b0
+		$bal..ec6c9f6d
+		if (..60cdd27b
+			$se..3dccdc23
+				->..16f85025
+					D..6e523aeb
+				])..8cd8aeb2
+				->..9622d3d7
+				->..c73d3aaf
+..4063b3ff
+			if ..d84e0907
+				$s..41445d3a
+			}..4736817f
+..4063b3ff
+			$ba..b904919f
+		}..f7c2a1ce
+..4063b3ff
+		// n..19c06f99
+		if (..59c7f8ce
+..4063b3ff
+			// ..209ba082
-				$i..27cca6a1
+				if..d2d91a68
+				el..c098e032
-			$re..732801f1
+			$ke..4ef5f1b0
+			if ..39cf59fb
+..4063b3ff
+			$re..3856d6c2
-			'to..4add2d10
+			'to..ecc0a9f1
-			'im..fe1a736a
+			'im..f470df1c
-			'na..b643f8ef
-			'de..8a02e285
-			'ra..1635d71b
-			'co..2b679db8
-			'ba..60275130
+			'na..ea242683
+			'de..68b71bdd
+			'ra..cb12fa9a
+			'co..bb35121c
+			'ba..862776c4
-			'tr..3ebe4f8d
+			'tr..0c14eb8b
-			'ur..f90b5b50
-			'me..020a5c9c
+			'ur..2817bcc3
+			'me..70542834
- * @me..ac20c3b5
+ * @me..3654bb9d
- * @me..14742d9e
+ * @me..164bed9d
- * @me..cf4daf9c
+ * @me..dfb3ab64
- * @me..dbfc533f
+ * @me..c2bf974f
- * @me..d3fb55b8
+ * @me..9723a29a
- * @me..9ad698c8
+ * @me..ebc6df49
- * @me..b81f0ec8
+ * @me..9fa0571e
-	/** @..003eed68
+	/** @..6b199f30
-	/** @..f9ccb89b
+	/** @..fcb47e83
-	/** @..f9ccb89b
+	/** @..fcb47e83
-	/** @..f9ccb89b
+	/** @..fcb47e83
-	/** @..f9ccb89b
+	/** @..fcb47e83
-	/** @..f9ccb89b
+	/** @..fcb47e83
-	/** @..f9ccb89b
+	/** @..fcb47e83
-	/** @..f9ccb89b
+	/** @..fcb47e83
-	/** @..f9ccb89b
+	/** @..fcb47e83
-	/** @..f9ccb89b
+	/** @..fcb47e83
-	/** @..f9ccb89b
+	/** @..fcb47e83
-	/** @..f6c8f591
+	/** @..ade01df5