-		$thi..b1eb0ab1
-			if ..84b35433
-		});..9145934b
+..a1c92c19
+		try ..4e4631bb
+			$th..9d470bfb
+				if..f2d894cc
+			});..ef132d3e
+		} ca..c994aacc
+			// ..5a5fdceb
+		}..930b035f
-		$thi..edf291d8
-			if ..8734a3b6
-		});..9145934b
+..a1c92c19
+		try ..4e4631bb
+			$th..caf97fd1
+				if..54f50951
+			});..ef132d3e
+		} ca..c994aacc
+			// ..5a5fdceb
+		}..930b035f
-		$thi..363217b6
-			if ..e740a45c
-		});..9145934b
+..a1c92c19
+		try ..4e4631bb
+			$th..c63f0583
+				if..39b48a7f
+			});..ef132d3e
+		} ca..c994aacc
+			// ..5a5fdceb
+		}..930b035f
-			// ..8854252f
+			// ..335554b6