-					f..a3bffc38
-						..bb7b45a3
-						..9e28ce95
-						..fc023312
-						..dfc0200d
-						..82d63786
-						..edbeac8e
-						..449d2996
-						..fd0f46f4
-						..ee109986
-						..46345b81
-						..d1a55f24
-						..86c00f7b
-						..7402574d
-						..b06d7c6e
-						..02b4d77a
-						..06ca3d8f
+					i..3d939602
+						..253c42f0
+						..e23494ab
+						..5288a5ef
+						..6364c733
+						..f69d0756
+						..d97277bb
+						..2c360154
+						..0b96de2e
+						..1f051424
+						..bee909c8
+						..cd76d300
+						..b62ce4b7
+						..81b646c6
+						..ee3b3cb7
+						..600dcd01
+						..c7f6dd6e
+						..7eab320c
+						..8ddc45e2
+..9b19252c
+						..e7a70813
-..a248312f
-						..a3812d5f