-			if ..fc2d381b
-				$t..85dee630
-					r..917431c9
-				})..4b4c1ee7
-..2250b98a
-				if..781d0a2f
-					$..ccd8284f
-					$..668b15fd
-						..c71f2046
-						..906e31c5
-						..bd85a142
-						..7c0c4f56
-						..84efdb34
-						..963ce8e2
-					]..b2fa1dbf
-..2250b98a
-					$..7abcc617
-						..4c88a057
-						..c71f2046
-						..e4b9d344
-						..cf1f067f
-						..e2afa142
-						..da14b481
-						..5e47686a
-						..0905f147
-						..e1a76a16
-						..628b70b7
-					]..0cbbc033
-				}..57a2808a
-..2250b98a
-				$i..2aa97e8b
+			$pr..76784902
+			$th..1c88e312
+				if..59774f98
+				if..5608e244
+			});..29663d4d
+..3525c927
+			if ..c5b343bd
+				$c..ccfd83f6
+				$m..cdfc6645
+					'..3c64e2f5
+					'..2ab63eea
+					'..a2015830
+					'..a07c15f3
+					'..a287826d
+					'..d69633d7
+				];..7c5b9ce0
+..3525c927
+				$i..ab29a9e0
+					'..0d2433fd
+					'..3c64e2f5
+					'..a27a0116
+					'..01dc6d47
+					'..7530604c
+					'..dc1907f5
+					'..889ca3d4
+					'..20d7cc84
+					'..964f559e
+					'..baf8306c
+				])..09f0f343
+..3525c927
+			$in..f236aa40
-		$tok..ca9812d8
-			ret..2c697cca
+		$pro..769fd70d
+		$thi..99ee11e7
+			if ..7384df19
+			if ..06bbdf59
-		$own..b9ab84d5
-			$ow..31b13e2b
-			$th..6e3d3da9
-				if..532906f3
-			});..ceceb16d
+		if (..72e7643d
+			thr..252721e2
+		}..69d2d496
-			ret..34c2e99e
+		$own..902fe368
+		$thi..10565770
+			if ..4f690ea0
-		if (..22df1a76
-			$pr..95389f0b
-			$me..c35d0245
-				'r..394f9146
-				't..bfa49c1a
-				'p..848049c5
-				'm..d814b645
-				'a..4ae842fe
-				'h..55d01d97
-			];..d049f852
-..2250b98a
-			ret..e1d52290
-				'i..11c03569
-				'r..394f9146
-				'c..ff73e32d
-				'o..48169e32
-				'i..e7cca55a
-				'c..65976012
-				'n..ecaf940c
-				'd..d44840e4
-				's..b83fed1a
-				'm..e917eaba
-			])-..890bba5a
-		}..66e9e525
+		$car..02da9102
+		$met..762905ed
+			'ra..0a9d6fb5
+			'tr..0b47d416
+			'pu..0a3b7974
+			'ma..10c04fe2
+			'at..08244921
+			'he..ae8fc2cd
+		];..66431e56
+..3525c927
+		retu..d9f8c419
+			'it..ce78886f
+			'ra..0a9d6fb5
+			'co..0fdc0472
+			'ow..80e30aa1
+			'im..5d00e039
+			'cr..ec22d766
+			'na..e3826a7c
+			'de..8648b3b4
+			'se..d570993f
+			'me..3a30aa30
+		])->..b7d484a8
-	publi..7b3dc299
-		$cac..9dfc20ea
-		$car..ba73a2a2
-		if (..f89686a2
-			$ca..e279ba05
-			if ..b68ed3b2
-		}..66e9e525
-..2250b98a
-		retu..35143211
+	publi..0a99d668
+		retu..a84d4e21
+			ret..c9660877
+		});..e701edf1