+	/**..a65af7b6
+	 * @p..a1fbe71e
+	 * @p..11faf654
+	 * @p..ac1fd14d
+	 * @p..92714009
+	 * @t..e39a8caa
+	 * @r..64c75e38
+	 */..2d6087ec
+	publi..f25a34bd
+		if (..442c94f6
+		if (..7eb5dcae
+		retu..077b263e
+	}..ccd52ad7
+..adce11d1
+	publi..0684e090
+		$val..5e6e9f3b
+		$con..39348778
+		$con..9e6afb39
+			$va..071a410f
+				't..01306571
+				'm..0e7d88da
+				't..2fec9eac
+				'f..8d0207ca
+				'm..2585f605
+			];..de0d5f4b
+		});..ff9308c2
+..adce11d1
+		retu..1ee448a7
+	}..ccd52ad7
+..adce11d1