+  'inv..80140fa2
+  'mal..2a50f039
-  'upg..762413f4
+  'upg..3f27a55a
+      ..4d145add
+      ..56126d59
+      ..3dfc28ee
+      ..894eb686
+      ..c6654517
+      ..9e71310d
+      ..79d0e856
+      ..dd6dd313
+  'blo..c59c463b
+  'cha..8e9603ca
+  'eve..50d7c574
+  arra..4ffcd7c9
+    'e..63f27595
+    'h..25345af4
+    'x..37d89546
+  ),..e471dc30
+  'fea..dbf053a7
+  'go'..976622a4
+  'go_..9b22acf8
+  'pre..7d6902b8
+  'sav..53b10039
+    'c..a4e365bf
+    ar..b73c3533
+      ..d19c54b1
+      ..01f607a2
+      ..5a521e36
+      ..1cc8dce0
+      ..aacdd1de
+    ),..ced1f1f1
+    'p..917790a0
+    's..35fa66c4
+  'sna..79dbb520
+  arra..4ffcd7c9
+    'c..5aa3d869
+    ar..b73c3533
+      ..50af59f7
+    ),..ced1f1f1
+    'h..b29298b8
+    ar..b73c3533
+      ..c8cf7eb0
+    ),..ced1f1f1
+  ),..e471dc30
+  'sug..14cfd309
+  arra..4ffcd7c9
+    'c..815142e8
+    'm..7d08c46a
+  ),..e471dc30
+  'tem..7eb09408
+  'tim..660df739
+  arra..4ffcd7c9
+    'd..faee5fc9
+    'd..d920f35f
+    'h..5e2c44e0
+    'h..f77c0df4
+    'j..f633f69d
+    'm..f646b079
+    'm..251c0d0e
+    'm..cb7989ba
+    'm..62a292f0
+    's..5bd1afd4
+    's..150233a1
+    's..2624c309
+    'y..8830d2c7
+    'y..3b4d2a4d
+  ),..e471dc30
+  'una..db3a0fcb
+  'clo..a202e1ce
+  arra..4ffcd7c9
+    'a..07b07787
+    ar..b73c3533
+      ..5fafb618
+      ..5aec3bd1
+    ),..ced1f1f1
+    'b..48eb50f6
+    ar..b73c3533
+      ..67a4e94c
+      ..d8ffd18c
+    ),..ced1f1f1
+    'c..e896858c
+    ar..b73c3533
+      ..67a4e94c
+      ..d8ffd18c
+    ),..ced1f1f1
+    'e..a676effc
+    ar..b73c3533
+      ..5fafb618
+      ..5aec3bd1
+    ),..ced1f1f1
+    'e..9182907f
+    ar..b73c3533
+      ..5fafb618
+      ..5aec3bd1
+    ),..ced1f1f1
+    'i..faa19374
+    ar..b73c3533
+      ..de1a3334
+      ..67cce581
+    ),..ced1f1f1
+    'r..ccacbdf8
+    ar..b73c3533
+      ..530f3b58
+      ..6eb8dcc6
+    ),..ced1f1f1
+    'u..9dff72a8
+    ar..b73c3533
+      ..47366884
+      ..284287d1
+    ),..ced1f1f1
+    'w..84947e4c
+    ar..b73c3533
+      ..de1a3334
+      ..67cce581
+    ),..ced1f1f1
+    'w..9a0f6d6d
+    ar..b73c3533
+      ..67a4e94c
+      ..d8ffd18c
+    ),..ced1f1f1
+  ),..e471dc30
+  'fea..0f97abc5
+  arra..4ffcd7c9
+    'c..b5b32081
+    ar..b73c3533
+      ..8e6f4018
+      ..228fa50d
+      ..cb0507b0
+    ),..ced1f1f1
+    'm..a7043441
+    'r..700e470d
+    's..81f262be
+    't..450d90f4
+    't..7d6d95ee
+    'u..e37f8db7
+  ),..e471dc30
+    'm..525e39a2
+    ar..b73c3533
+      ..08272c04
+      ..8ae0802c
+    ),..ced1f1f1
+    's..e50a1038
+    ar..b73c3533
+      ..9a458a9e
+      ..1820da10
+    ),..ced1f1f1
-      ..6d1aa4d1
+      ..530f3b58
+    'u..44e5e21e
+    ar..b73c3533
+      ..4295ee7f
+      ..2bc5fc31
+    ),..ced1f1f1
-    'i..56b3df2d
-    'p..a0d65a28
+    'd..f2fc8a1b
+    'i..73033390
+    'p..bd10f28d
-    't..eeea8349
+    't..14c7edbe
+    't..186b3d85
+  ),..e471dc30
+  'err..302ad0a1
+  arra..4ffcd7c9
+    'c..b9dcfb3b
+    ar..b73c3533
+      ..6657d77e
+    ),..ced1f1f1
+    'v..4c250827
+    ar..b73c3533
+      ..41d8ee76
+    ),..ced1f1f1
+    'h..b29298b8
+    ar..b73c3533
+      ..4d82fd01
+    ),..ced1f1f1
+  ),..e471dc30
+  'unn..8faee471
+  arra..4ffcd7c9
+    't..18ad4cb4
+    'a..6e0fa41d
+    ar..b73c3533
+      ..2d0abce6
+      ..9277c243
+    ),..ced1f1f1
+    'a..dcaf674b
+    ar..b73c3533
+      ..4823c98d
+      ..6591d8ee
+    ),..ced1f1f1
-      ..a3fd8172
+      ..1d5e0636
-      ..ca95b527
+      ..6ce90bdc
+      ..1463ed0d
+      ..15dca278
+      ..71cb6c2d
+      ..5892d92f
+      ..9df84370
+      ..fbd2b0e4
+      ..23732fc0
+      ..44c88405
+      ..ee55f6f5
+      ..461a8860
+      ..6b2b5744
+      ..c842db30
+      ..eacb5d19
+      ..89258e2a
+      ..1ab4d82a
+      ..3127e0bc
+      ..4895975f
+      ..b31db5eb
+      ..cee85d82
+      ..1d64ae1b
+      ..3e3eb05a
+      ..485277a8
+      ..8cd25991
+      ..2333d5dd
+      ..5e168fa7
+      ..a0d3297b
+      ..c59f5901
+      ..c141bd3b
+      ..cd06c1aa
+      ..6bb7babb
+      ..ddeaba3b
+      ..1cc8dce0
+      ..d105ab66
+      ..5cb3e367
+      ..a32be559
+      ..0b50664c
+      ..370d2a46
+      ..56ee543c
-      ..8876d0cd
-      ..03d6896c
+      ..a6973e0f
+      ..6b76ed1f
+      ..2f7bbb99
+      ..772f6458
+      ..24f5057a
+    't..d9d5ef89
+    ar..b73c3533
+      ..d6e34b2d
+      ..c9243a1b
+    ),..ced1f1f1
+  'abo..23f115dd
+  arra..4ffcd7c9
+    'b..324ec575
+    'b..d41b886e
+    'd..87d6c7c1
+    'm..3257bc3b
+    'n..920f2079
+    ar..b73c3533
+      ..c01b592e
+      ..d2f150e6
+    ),..ced1f1f1
+    'n..2eec891b
+    ar..b73c3533
+      ..0431e253
+      ..e6250dde
+    ),..ced1f1f1
+    's..658510d8
+    ar..b73c3533
+      ..12909a27
+      ..4cc63f5e
+    ),..ced1f1f1
+    'u..c9cfc6b7
+    ar..b73c3533
+      ..ce2dda2f
+      ..8b44c9e8
+    ),..ced1f1f1
+  ),..e471dc30