+use Sy..9acd4597
-	 * @r..897b32b8
+	 * @r..5508e9e6
+		$pat..7ee43853
-		else..54c4ffee
+		else..d8c5142d
+			|| ..f780f3f0
+			|| ..2ff5b740
-		else..54329c98
-			ret..60a37611
+++ /de..48dfcc9f
-<?php..614cc461
-..4fb7cea1
-namesp..6840909f
-..4fb7cea1
-use \E..9a08b92a
-use Sy..d3aaea3d
-use Sy..f6281e11
-..4fb7cea1
-class ..85d1e8a3
-..4fb7cea1
-	/**..399907fa
-	 * Re..29476896
-	 *..b46b66fb
-	 * @p..03ca5499
-	 * @p..ed7ed801
-	 * @r..9101c019
-	 */..68f857ea
-	publi..69715156
-		$sta..23e1731e
-		$err..9d44b053
-..4fb7cea1
-		// E..93ce520f
-		if (..b5ff90e8
-			$st..52fe8d85
-			$er..eadfe79f
-			$er..4d09c50a
-		} el..4059fd4f
-			$st..99c1640b
-			$er..5f9ae24b
-			$er..59829b76
-		}..29829166
-..4fb7cea1
-		retu..495eee64
-	}..fffc9315
-..4fb7cea1
-}..1fa7956b
-		'xhr..88bfeb41
+		'xhr..c2d0abf6
+++ /de..48dfcc9f
-<?php..614cc461
-..4fb7cea1
-namesp..10732fce
-..4fb7cea1
-use Cl..342338a6
-use En..21d186d6
-use En..04cbc57a
-use Il..ce84db12
-..4fb7cea1
-class ..ee274768
-	/**..399907fa
-	 * Ha..bc5c91ac
-	 *..b46b66fb
-	 * @p..03ca5499
-	 * @p..5511bdbd
-	 * @r..f2a239a5
-	 */..68f857ea
-	publi..68105b03
-		// S..91eee8e4
-		if (..ad600414
-				!i..d050de53
-		requ..cc781751
-..4fb7cea1
-		// C..5348e969
-		$res..a42d671f
-		$res..a44f1229
-		retu..7a853569
-	}..fffc9315
-}..1fa7956b
--- /de..c0944b05
+<?php..bd2e96c2
+..6b8c51bf
+namesp..186a7c27
+..6b8c51bf
+use Cl..c1732994
+use En..563b4615
+use En..a39976ec
+use Il..dfd4c852
+..6b8c51bf
+class ..f6f4ac1f
+	/**..732353fd
+	 * Ha..0353b12e
+	 *..a4897152
+	 * @p..7626c2cf
+	 * @p..844ee5f4
+	 * @r..5ed6ed0d
+	 */..a17faed2
+	publi..ada71f4d
+		// S..1a19c1bb
+		if (..23a68ee3
+				!i..d6fa85c5
+		requ..fd9aa508
+..6b8c51bf
+		// C..f865e075
+		$res..4cc1b9df
+		$res..9c765258
+		retu..a5215864
+	}..fa1a2220
+}..3559f278