+	const..5d63535b
+		'gre..fb0f2878
+		'pur..11a598e2
+		'gre..2eae6430
+		'blu..ac3b0801
+		'ora..f7e670e2
+		'pin..1405c28d
+		'tea..535ada14
+		'red..93001811
+	];..4a712a23
+..59b0d771
+..59b0d771
+					/..3841ace4
+					i..48aec547
+						..26b3d6af
+						..d7ec40f9
+						..52dd8160
+						..148064d8
+						..6d91457c
+						..9fb1178c
+						..6fe33418
+					}..117c437d
+				'c..97a01044
+..59b0d771
+				//..aace871e
+				if..ba067d4e
+					i..f9e1b557
+						..46d88619
+						..30e5ad3a
+						..f8a75ccd
+						..9ab6faac
+						..2bb681da
+					}..117c437d
+				}..6d846335
+			'co..71573c41
+ * @me..136b0c70
+ * @me..90290f11
+ * @me..df3dcd78
+ * @me..51ddf363
+	/** @..8cc17f6f
+	prote..34fbc96f
+	/** @..8cc17f6f
+	prote..309b5968