--- /de..c2737aa7
+<?php..300db474
+..59b0d771
+/*..5a88ea8b
+ * THI..7529f4a8
+ * PLE..57df066a
+*/..e1292ba4
+..59b0d771
+return..7842ae07
+  'api..41133a39
+  'cre..c0c94398
+  'log..5b7892ea
+  'log..91feaa2a
+  'my_..0626284f
+  'reg..f60beb08
+  'set..a2e286da
+);..c731d6c5
--- /de..c2737aa7
+<?php..300db474
+..59b0d771
+/*..5a88ea8b
+ * THI..7529f4a8
+ * PLE..57df066a
+*/..e1292ba4
+..59b0d771
+return..7842ae07
+  'abo..352d9517
+  'can..23cb12ce
+  'cha..cf460b75
+  'clo..85d21117
+  'con..6c497008
+  'con..cacedffd
+  'con..415d43da
+  'cop..8f04d082
+  'cop..bec59cea
+  'cop..c6925376
+  'eve..9fc5fad7
+  arra..d0a24489
+    'e..59d8ff96
+    'h..08aa05d4
+    'x..d476c7c0
+  ),..c2a38e0e
+  'exi..f7f0f9ad
+  'go_..a964b261
+  'hel..e02532ec
+  'lan..8bfa3965
+  'lan..75e66302
+  'nex..34569c11
+  'no'..eb35c810
+  'ok'..1f0128b6
+  'pre..c4d27353
+  'qr_..4db287db
+  'ret..7df8180b
+  'sav..f3707c90
+  'sea..00d0b940
+  arra..d0a24489
+    'c..90131a29
+    ar..ec9a0da4
+      ..ec684f17
+      ..cd7f4f77
+      ..ecca32c8
+    ),..ed49765b
+  ),..c2a38e0e
+  'set..a6a0533f
+  'sna..accf1e16
+  arra..d0a24489
+    'c..87fa5bbd
+    ar..ec9a0da4
+      ..a2abf1b7
+    ),..ed49765b
+  ),..c2a38e0e
+  'tim..84803ea3
+  arra..d0a24489
+    'j..69102724
+  ),..c2a38e0e
+  'try..71f674fd
+  'yes..7f0194a1
+);..c731d6c5
--- /de..c2737aa7
+<?php..300db474
+..59b0d771
+/*..5a88ea8b
+ * THI..7529f4a8
+ * PLE..57df066a
+*/..e1292ba4
+..59b0d771
+return..7842ae07
+  'api..73458110
+  arra..d0a24489
+    'e..475fdde1
+    ar..ec9a0da4
+      ..149a5172
+    ),..ed49765b
+    'r..5fa43737
+    ar..ec9a0da4
+      ..187af386
+    ),..ed49765b
+  ),..c2a38e0e
+);..c731d6c5
--- /de..c2737aa7
+<?php..300db474
+..59b0d771
+/*..5a88ea8b
+ * THI..7529f4a8
+ * PLE..57df066a
+*/..e1292ba4
+..59b0d771
+return..7842ae07
+  'clo..bbb91f07
+  arra..d0a24489
+    'a..c63c9fb0
+    ar..ec9a0da4
+      ..abf75f01
+      ..b2c7b050
+    ),..ed49765b
+    'b..86003f68
+    ar..ec9a0da4
+      ..c5c27f8b
+      ..07160db5
+    ),..ed49765b
+    'c..13cf4014
+    ar..ec9a0da4
+      ..d8951d5a
+      ..07160db5
+    ),..ed49765b
+    'e..29cb2c12
+    ar..ec9a0da4
+      ..abf75f01
+      ..876d5c96
+    ),..ed49765b
+    'e..0e488f2e
+    ar..ec9a0da4
+      ..abf75f01
+      ..876d5c96
+    ),..ed49765b
+    'u..b2419cf3
+    ar..ec9a0da4
+      ..a41e07be
+      ..1fb9cbdf
+    ),..ed49765b
+    'w..279cc97c
+    ar..ec9a0da4
+      ..d8951d5a
+      ..07160db5
+    ),..ed49765b
+  ),..c2a38e0e
+  'htt..f248edb9
+  arra..d0a24489
+    'n..4e49ded6
+    ar..ec9a0da4
+      ..ccf9cca6
+    ),..ed49765b
+  ),..c2a38e0e
+  'sea..d2ca77ca
+  arra..d0a24489
+    't..8294df2a
+  ),..c2a38e0e
+);..c731d6c5
--- /de..c2737aa7
+<?php..300db474
+..59b0d771
+/*..5a88ea8b
+ * THI..7529f4a8
+ * PLE..57df066a
+*/..e1292ba4
+..59b0d771
+return..7842ae07
+  'dra..a5f5140a
+  arra..d0a24489
+    'd..4f0dcb30
+  ),..c2a38e0e
+  'err..c3bf4ad8
+  arra..d0a24489
+    'v..846ac1af
+    ar..ec9a0da4
+      ..0a0cfced
+    ),..ed49765b
+  ),..c2a38e0e
+  'sna..accf1e16
+  arra..d0a24489
+    'c..87fa5bbd
+    ar..ec9a0da4
+      ..a2abf1b7
+    ),..ed49765b
+  ),..c2a38e0e
+  'vie..d70b2c6c
+  arra..d0a24489
+    'a..81bab57a
+    ar..ec9a0da4
+      ..28bfe1b9
+      ..b9da8040
+    ),..ed49765b
+    'c..1c1900b6
+    ar..ec9a0da4
+      ..2430225b
+      ..255352c9
+      ..e5e4fe65
+      ..1eaf7f83
+      ..2ae45c34
+      ..aa051354
+      ..0c5bdfc6
+      ..be85324b
+      ..50431a06
+      ..8e3c43ac
+      ..a033b5a8
+      ..9fd5819b
+      ..214de818
+      ..a2ac1cca
+      ..cfbb0994
+      ..dac3ccb0
+      ..a322ad62
+      ..554600b7
+      ..244bcc22
+      ..bdc42519
+      ..b2db2896
+      ..3a0b60a0
+      ..bd2f5516
+      ..6efd23ff
+      ..6a60d927
+      ..266f2ad6
+      ..eb51f6b8
+      ..3bfb7d74
+      ..73a15a28
+      ..959bc4ae
+      ..172248e9
+      ..00e00e8a
+      ..242933b1
+      ..67488618
+      ..71008ca8
+    ),..ed49765b
+    'n..4e49ded6
+    ar..ec9a0da4
+      ..9b935584
+      ..3628501e
+      ..106fbfa5
+    ),..ed49765b
+    't..6a3beb89
+    ar..ec9a0da4
+      ..28bfe1b9
+    ),..ed49765b
+    't..46f65501
+    ar..ec9a0da4
+      ..51a85d86
+    ),..ed49765b
+  ),..c2a38e0e
+);..c731d6c5
--- /de..c2737aa7
+<?php..300db474
+..59b0d771
+/*..5a88ea8b
+ * THI..7529f4a8
+ * PLE..57df066a
+*/..e1292ba4
+..59b0d771
+return..7842ae07
+  'abo..c7ae75f3
+  arra..d0a24489
+    'b..1bba31b8
+  ),..c2a38e0e
+);..c731d6c5
--- /de..c2737aa7
+<?php..300db474
+..59b0d771
+/*..5a88ea8b
+ * THI..7529f4a8
+ * PLE..57df066a
+*/..e1292ba4
+..59b0d771
+return..7842ae07
+  'can..69f9c37b
+  arra..d0a24489
+    'b..bd918ff2
+  ),..c2a38e0e
+);..c731d6c5
+      ..8958794b
+      ..6a60d927
+      ..2186d0d4
+      ..f0fb4aad
+      ..73a15a28
+    ),..ed49765b
+  ),..c2a38e0e
+  'vie..d70b2c6c
+  arra..d0a24489
+    'd..abde5e78
+    ar..ec9a0da4
+      ..a94abadd
+      ..6a60d927
+      ..b5004cb2
+      ..51144d30
+      ..4a8f430b
+      ..bc86e710
+      ..73a15a28
+      ..7c6d305b
+      ..6a60d927
+      ..3527ea52
+      ..a5b4b8c4
+      ..73a15a28
+      ..b900d090
+      ..6a60d927
+      ..3331fffe
+      ..9e075ee9
+      ..684a275a
+      ..34b58e10
+      ..8eaaf8c7
+      ..f55f0aa1
+      ..79c8a68a
+      ..008a72e7
+      ..c71b2bc7
+      ..b2b17b75
+      ..611c6a61
+      ..51144d30
+      ..d2440089
+      ..adffc8d5
+      ..bc86e710
+      ..73a15a28
+      ..36a3a28b
+      ..6a60d927
+      ..5d042392
+      ..b5004cb2
+      ..84f69d23
+      ..adffc8d5
+      ..bc86e710
+      ..73a15a28
+      ..e7841393
+      ..6a60d927
+      ..7d5fc7b7
+      ..73a15a28
+    'n..41abb6ad
+  'met..22406701
+  arra..d0a24489
+    'd..7075e6e5
+    'k..70053b93
+  ),..c2a38e0e
+  'qr_..25eedc8e
+    'b..5234352b
+    ar..ec9a0da4
+      ..b44e57e7
+      ..bebba440
+    ),..ed49765b
+    'b..a9577545
+    ar..ec9a0da4
+      ..73d43ab3
+      ..5c543f6c
+    ),..ed49765b
+    'g..8e5a905e
+    ar..ec9a0da4
+      ..b44e57e7
+      ..bebba440
+    ),..ed49765b
+    'n..7c7d3089
+    ar..ec9a0da4
+      ..b97cce4f
+      ..e6927076
+    ),..ed49765b
+    's..d8b0c125
+    ar..ec9a0da4
+      ..cb8620a9
+      ..39f305b4
+    ),..ed49765b
+    't..1c592f86
+    ar..ec9a0da4
+      ..9115f644
+      ..0f18d738
+    ),..ed49765b
+  'sea..d2ca77ca
+  arra..d0a24489
+    'm..c8ec42ed
+    't..ca2e27ac
+  ),..c2a38e0e
+    'a..4277a589
+    'a..56194fed
+    'a..16a89ff8
+    'b..9d229ebc
+    'b..4e7ecb97
+    'i..3071661b
+    'p..39e66e01
+    't..dc9a3f3a
+    't..fad69498
+    't..94b445df
+    't..b0a74875
+    't..79616114
+  ),..c2a38e0e
+  'sna..accf1e16
+  arra..d0a24489
+    'c..87fa5bbd
+    ar..ec9a0da4
+      ..25ac0aba
+    ),..ed49765b
+    'a..b6db0a89
+    ar..ec9a0da4
+      ..ccb1470a
+      ..649bd88b
+    ),..ed49765b
+    'a..81bab57a
+    ar..ec9a0da4
+      ..42cc30c9
+      ..c07f2586
+    ),..ed49765b
+    'b..23071674
+    ar..ec9a0da4
+      ..27a84fde
+      ..c2432a0b
+    ),..ed49765b
+      ..27b4c024
+      ..380efa1c
+      ..f832e8d9
+      ..6cfe623e
+      ..4ed819b3
+      ..6f9252ff
+      ..b3761402
+      ..10cb3107
+      ..b539884d
+      ..754ae211
+      ..59100ec0
+      ..9d2ff93e
+      ..6a60d927
+      ..3c11f1d5
+      ..7c9af834
+      ..cb2fa68f
+      ..79f1ff24
+      ..4c617793
+      ..73a15a28
+      ..34e2901e
+      ..79084e91
+      ..db3d9069
+      ..64858831
+      ..9082bf4c
+      ..92504a25
+      ..183748cb
+      ..33ad29c9
+      ..a031e317
+      ..bc016702
+      ..869a9127
+      ..956bdbf6
+      ..96fa64bb
+      ..3e3e60e8
+      ..ddc1aa52
+      ..796db464
+      ..0bfb64b9
+      ..89f8e0bf
+      ..fc89741e
+      ..e4c40fb4
+      ..ae1b1fc2
+      ..7ba77d49
+      ..52a9f1c1
+      ..02bafe94
+      ..1ac537a9
+      ..e6a27323
+      ..2b6bc716
+      ..dcd29156
+      ..18111232
+      ..7fac962f
+      ..91c9e3bc
+      ..0746f937
+      ..7f70e3e8
+      ..bc6b8065
+      ..5d90995b
+      ..629953d7
+    'n..4e49ded6
+    ar..ec9a0da4
+      ..17909768
+      ..c0ce9402
+    ),..ed49765b
+    't..768e6a92
+    ar..ec9a0da4
+      ..a6f089c5
+      ..c9842bc5
+    ),..ed49765b
+    't..a110610b
+    ar..ec9a0da4
+      ..1144cbd7
+      ..c9842bc5
+    ),..ed49765b
+    't..24faa52f
+    ar..ec9a0da4
+      ..9df4fb25
+      ..ea18a08f
+    ),..ed49765b