+SERVER..d106f667
+..fdbf1d49
+# Redi..ef69e5dc
+REDIS_..5f0a674c
+REDIS_..b837886e
-#CACHE..ad93ee6c
+#REDIS..8aedfd47
+#REDIS..1351f27b
-..8212ffef
-# Enji..4593ece5
-DB_ETH..4742da9e
-DB_ETH..be434414
-DB_ETH..ea709961
-DB_ETH..54ae66a7
-# Memc..c5452f2d
-CACHE_..4f049fc9
-CACHE_..0d6156be
-CACHE_..2915e87a
-CACHE_..0876f2ee
+# Redi..ef69e5dc
+REDIS_..c95c1968
+REDIS_..8af58cef
+REDIS_..09bad685
+REDIS_..6e5dca82
-# Enji..c3d5c5d9
-#DB_ET..3d5431b7
-#DB_ET..a538bba9
-#DB_ET..3ab3f8f0
-DB_ETH..d95dccdd
-DB_ETH..f11cefa0
+# Enji..898e38dd
+DB_ETH..80ff6355
+DB_ETH..be6c5771
-DB_ETH..a2630744
+DB_ETH..ba05e4f6
-DB_ETH..70b7ba76
-#DB_ET..d56060d7
+DB_ETH..8fc7b0ab
-CACHE_..66adeb37
+CACHE_..d35f0d98
-ENJINC..87070620
+ENJINC..15a3610a
-ENJINC..bcb59529
-ENJINC..13cebfaa
-ENJINC..6db75fc6
-ENJINC..af97bb55
-ENJINC..25b8e7cb
+ENJINC..b6b1fb1e
+ENJINC..e077bdc8
+ENJINC..1ff36b18
+ENJINC..30b74275
+ENJINC..ed734044
-		retu..60eb1622
+		retu..131c55e8
-			$ca..b504bd44
-			$th..6a306b10
+			try..f611dd7a
+				$c..67957d33
+				$t..dac37220
+			} c..f986bec2
+				$t..17352b64
+			}..4c261dcd
--- /de..4c771835
+<?php..f3d043a5
+..fdbf1d49
+namesp..deb85763
+..fdbf1d49
+use En..08e452e6
+use En..36ad1694
+use En..b93dd57b
+use En..45d87afb
+use En..c6d9dda9
+use Il..bfd5ca78
+..fdbf1d49
+class ..77720a13
+..fdbf1d49
+	priva..83414c81
+..fdbf1d49
+	/**..c7c9d99d
+	 * Th..747d09c8
+	 *..a28a2714
+	 * @v..2a266f2a
+	 */..b7d22c8c
+	prote..4849798d
+..fdbf1d49
+	/**..c7c9d99d
+	 * Th..57969b8f
+	 *..a28a2714
+	 * @v..2a266f2a
+	 */..b7d22c8c
+	prote..f14fa90e
+..fdbf1d49
+	/**..c7c9d99d
+	 * Cr..241c2f89
+	 *..a28a2714
+	 * @r..303d1776
+	 */..b7d22c8c
+	publi..c06cfc20
+		pare..b380aa2f
+..fdbf1d49
+		$thi..a6a3503d
+		$thi..a5f1236c
+..fdbf1d49
+		ini_..9f263dd3
+		ini_..8a01b010
+	}..6190df4e
+..fdbf1d49
+	/**..c7c9d99d
+	 * Ex..cc0116d2
+	 */..b7d22c8c
+	publi..0d2e35f4
+		Ethe..7617b75c
+..fdbf1d49
+		$lim..ae8f85a7
+		$get..45510703
+				->..17002551
+				->..5adb8c7e
+				->..ec4b425f
+				->..77e8b60b
+				->..3b18d469
+				->..691fa198
+..fdbf1d49
+		$thi..8615e141
+		for ..3e5194ae
+			$ba..c91e06cb
+			$th..e2bbd45a
+			$co..14b75b88
+				->..9cae08d9
+				->..873ff70d
+				->..5b8c2881
+				->..65300fa0
+				->..ad9c841b
+..fdbf1d49
+			for..8782012f
+				$s..28b466b7
+				$t..f1e2679d
+				$t..ab4e9ab6
+				$t..3009926e
+			}..4c261dcd
+..fdbf1d49
+			sle..2d98e857
+		}..63ac5eff
+..fdbf1d49
+		$thi..0167ff51
+	}..6190df4e
+..fdbf1d49
+	priva..e8fec725
+		// R..0b2c135f
+		$sel..7ea40a1a
+			->s..c6f2b6b5
+			->w..24b140ef
+			->w..f44647de
+			->g..51da8e4b
+			->u..b9477561
+				$t..90412a18
+					-..c74b0825
+					-..43067877
+					-..ac84c474
+					-..de1e1403
+			);..a663ca00
+		$tra..7368c811
+			->s..807a82f5
+			->g..9773656f
+			->p..7bf4986f
+			->a..00cd371e
+..fdbf1d49
+		// I..7ba059d6
+		fore..5a7069b1
+			// ..bbf63688
+			$sk..bb7c663f
+				'0..e3bc5e48
+			];..061d1485
+..fdbf1d49
+			// ..4cc997ac
+			$ad..796d5289
+..fdbf1d49
+			// ..fc81e1e1
+			try..f611dd7a
+				if..fe19b078
+			} c..f986bec2
+				$t..d24b6af6
+				$t..d2e69b29
+				tr..40abbed8
+					E..7af8b3fc
+				} ..1970e92e
+				}..e0ba0bd7
+				Et..915b6246
+				sl..52b2bcfe
+			}..4c261dcd
+..fdbf1d49
+			// ..f20a6e0b
+			$tr..9ac1d083
+				->..1887cab5
+				->..88c061d5
+				->..9a999b66
+				->..166fdbaa
+				->..651ee70c
+					$..378380bd
+						..5f647bc1
+				})..2399497b
+				->..af092de5
+				->..457d1a53
+				->..ad9c841b
+..fdbf1d49
+			if ..e4c59197
+			for..8091816a
+				tr..40abbed8
+					$..8759d70e
+						..42eb8518
+						..3389960e
+						..6b94592f
+						..e89ddb1a
+						..7f3f9b73
+				} ..d50461fa
+				}..e0ba0bd7
+..fdbf1d49
+				tr..40abbed8
+					$..8759d70e
+						..42eb8518
+						..3389960e
+						..6b94592f
+						..b0c11bcb
+						..7f3f9b73
+..fdbf1d49
+				} ..d50461fa
+				}..e0ba0bd7
+			}..4c261dcd
+..fdbf1d49
+			if ..10b65bd0
+		}..63ac5eff
+	}..6190df4e
+}..9916152b
-						..33025635
+						..c6d44f91
--- /de..4c771835
+<?php..f3d043a5
+..fdbf1d49
+namesp..1c0884cb
+..fdbf1d49
+use En..cc550af6
+use En..c6d9dda9
+use Il..bfd5ca78
+..fdbf1d49
+class ..dd7e17db
+	/**..c7c9d99d
+	 * Th..747d09c8
+	 *..a28a2714
+	 * @v..2a266f2a
+	 */..b7d22c8c
+	prote..237220a3
+..fdbf1d49
+	/**..c7c9d99d
+	 * Th..57969b8f
+	 *..a28a2714
+	 * @v..2a266f2a
+	 */..b7d22c8c
+	prote..c6bd7231
+..fdbf1d49
+	/**..c7c9d99d
+	 * Cr..241c2f89
+	 *..a28a2714
+	 * @r..303d1776
+	 */..b7d22c8c
+	publi..c06cfc20
+		pare..b380aa2f
+	}..6190df4e
+..fdbf1d49
+	/**..c7c9d99d
+	 * Ex..cc0116d2
+	 *..a28a2714
+	 * @r..fcf63097
+	 */..b7d22c8c
+	publi..0d2e35f4
+		$pat..7f476481
+		$que..1a3fd8ea
+..fdbf1d49
+		if (..08a11a05
+			/**..aa2626ab
+			$qu..93d3c106
+			$qu..329e6295
+			$qu..b6086b00
+		} el..26af2225
+			$qu..e239d370
+				$f..0c81c556
+				re..fc47f600
+			}, ..a753e487
+..fdbf1d49
+			for..44589efc
+				if..264581eb
+					U..1a370b8f
+				} ..f2903c0f
+					/..baebcd24
+					$..a53924de
+					$..04fd388d
+				}..e0ba0bd7
+			}..4c261dcd
+		}..63ac5eff
+	}..6190df4e
+}..9916152b
+		if (..5ee0d439
+	const..b49f7b5b
-		if (..2bb4a36c
+		if (..d49d3773
+			thr..824153e9
+		}..63ac5eff
+..fdbf1d49
-use En..b408be3e
-	 * @t..576d23f7
-					'..92a48a89
-					'..1b7b7837
+					'..b873ed00
+					'..f55aafae
-		swit..e504736d
-			cas..4289f684
-				$c..b1d0dea0
-				br..4fddc272
-			cas..b0524494
-				$c..379bb0f8
-				br..4fddc272
-			cas..075ef276
-				$c..0a392556
-				br..4fddc272
-			def..a9073c51
-				re..91342a54
-		}..e570bcb2
-..8212ffef
-		$res..bd877679
+		$res..9c2f2ae3
-		$blo..a940c915
-		if (..65a3a47f
-..8212ffef
-		$cac..e049f10a
+		$cac..6fd908bd
-				$t..53664eb0
-				$t..53664eb0
-				$t..53664eb0
-				$t..be01ebe9
+				$t..7509f41b
-			cas..a71d4166
-			cas..55525f3c
+		$tim..eec235bc
+		$tim..663b3e2b
-			hea..f1f58957
-			hea..09858d0e
+			hea..2812d05a
+			hea..50898b09
-		// L..bd80e10b
-		if (..368aa136
+		// L..054a63cc
+		if (..da7a69a3
+..fdbf1d49
+		// L..74c5bcb0
+		if (..4431b3cb
+		// S..cdbd688e
+		if (..d16742e8
+			sel..aa8e3ce2
+			sel..0333cf45
+		}..63ac5eff
+..fdbf1d49
-		// S..73a02c81
-		self..48d2d357
-		self..0bc5e484
-..8212ffef
+/**..797a6402
+ * Cla..2cd9ac8c
+ * @pa..4723abef
+ * @de..783cf0de
+ */..78204672
-use En..85a7d8ef
+use Il..30e02357
+use Il..3a97d74c
-	publi..3189e60a
+	/**..c7c9d99d
+	 * @p..3407259a
+	 * @p..0dae087d
+	 * @p..a1a22e52
+	 */..b7d22c8c
+	publi..059e0ede
-			'ti..48929b5b
+			'ti..54cf2a9b
-	publi..638c3766
+	/**..c7c9d99d
+	 * Tr..20a7e509
+	 *..a28a2714
+	 * @p..ca8b8cbc
+	 * @t..b62528e0
+	 */..b7d22c8c
+	publi..b985a19c
+		$req..1891d6f2
+		$res..50906e08
+		if (..398bad59
+		if (..a01d089d
+..fdbf1d49
-			'st..1fade4c3
+			'st..5b69f539
-			're..b00dc727
+			're..f23295eb
+			're..162d6dc5
+			're..0c870a31
-			'ip..ba217eb3
+			'ip..c644c138
+		]);..5c9a1b9b
+	}..6190df4e
+..fdbf1d49
+	/**..c7c9d99d
+	 * Tr..fad63d90
+	 *..a28a2714
+	 * @p..ca8b8cbc
+	 * @p..a96cb42c
+	 * @t..b62528e0
+	 */..b7d22c8c
+	publi..3786f551
+		if (..a25a5dcd
+		$req..1891d6f2
+		$res..b73c1c39
+		if (..398bad59
+		if (..a01d089d
+..fdbf1d49
+		self..a1e4b19b
+			'st..5b69f539
+			'ht..91168fac
+			're..c290a1e9
+			're..f23295eb
+			're..162d6dc5
+			're..2609bd41
+			're..0c870a31
+			'us..3f514910
+			'se..ffe98927
+			'ti..37d162d3
+			'ip..c644c138
-	priva..4b3a99bc
-		if (..a970d6d5
+	/**..c7c9d99d
+	 * Pl..f97474e0
+	 *..a28a2714
+	 * @p..eb6d4bbb
+	 * @p..adcbe051
+	 * @p..627bc9cc
+	 */..b7d22c8c
+	priva..13500301
+		$que..b0911043
+		$pay..beaa81bb
-		$pay..d8598098
-		if (..5c2098f7
-		else..76c0f001
+		if (..86fe18ba
+		else..818a072b
+	/**..c7c9d99d
+	 * @d..445117f7
+	 *..a28a2714
+	 * @p..8f4ef175
+	 * @p..3517a89f
+	 * @p..e2c184ef
+	 * @p..5beee786
+	 * @p..f2df2ead
+	 * @r..087a5075
+	 */..b7d22c8c
+	/**..c7c9d99d
+	 * Re..b8f49411
+	 * @t..4fc36ef9
+	 *..a28a2714
+	 * @p..914bedee
+	 * @p..955730f3
+	 * @p..5beee786
+	 * @p..cf33db31
+	 * @r..e5a1aee4
+	 */..b7d22c8c
+	publi..76eaa8a3
+		if (..2c385224
+			// ..c9f8935f
+			$ba..19589be4
+				$t..dabe93e6
+					-..edea6463
+					-..8c825d41
+					-..3a0b2790
+					-..106b4138
+				) ..c098ae95
+..fdbf1d49
+			// ..10393983
+			if ..da8e09f6
+			// ..5b070e50
+			els..652a94e2
+..fdbf1d49
+			// ..50217553
+			$to..17005a41
+			$de..496a6d1a
+..fdbf1d49
+			// ..8040b130
+			$ba..0516a067
+			$ba..6be6fcbc
+..fdbf1d49
+			// ..a83d1acd
+			try..f611dd7a
+				$r..b47621e9
+					-..8c825d41
+					-..3a0b2790
+					-..e95f75ca
+..fdbf1d49
+				//..ab41cfd5
+				//..d1ea3161
+				if..7708a243
+			} c..f986bec2
+				if..aabb3b1e
+					t..bd66b3c9
+						..44959d77
+						..515c283e
+						..c53d8c54
+						..b0cf009d
+						..bc9c7769
+						..14f569d8
+						..93b48fcc
+					}..93491d2e
+						..7900c776
+						..9d92afae
+						..af9d23bb
+					}..83ee99ed
+				}..e0ba0bd7
+			}..4c261dcd
+..fdbf1d49
+			ret..4c8e8671
+		} el..5d130c01
+	}..6190df4e
+..fdbf1d49
-		if (..41912144
-			$ty..48394e0b
-		}..e570bcb2
+		if (..0fd3c9af
-				$t..8457413d
-				$t..47aaff91
-			if ..86ce95b0
-				$t..9a579d89
-			}..74ecfd20
+			if ..c7c28d1f
-			if ..bc963894
-				Ca..7fa7afca
-			}..74ecfd20
+			if ..fd8309c8
+					/..8653bd86
+..fdbf1d49
+					/..c5dfd051
+					(..38e9983b
+..fdbf1d49
+					/..4f99bfc4
+					$..f16f6e23
+					$..9e275934
+			'mi..bb82b0ea
+		// m..30a7bbe7
+		$con..6af85851
+			if ..9751afc5
+		});..a445264e
+..fdbf1d49
-			exi..07abdf04
+..fdbf1d49
+			'mi..6b8e782b
-				->..b7cbceff
+				->..378d8d88
-						..21fe81cf
+						..1d322699
+..fdbf1d49
+	publi..8bf0c96e
+		$con..9bd01b9b
+..fdbf1d49
+		$sup..5526b098
+..fdbf1d49
+		// t..51b51561
+		$con..6684c5a4
+			if ..02ba86c5
+				$s..951fc4dc
+			}..4c261dcd
+		});..a445264e
+..fdbf1d49
+		// c..a0f86695
+		$con..ee272b0a
+			if ..02ba86c5
+				$s..12049b74
+			}..4c261dcd
+		});..a445264e
+..fdbf1d49
+		// m..30a7bbe7
+		$con..e2070ba8
+			if ..02ba86c5
+				$s..60fc73eb
+			}..4c261dcd
+		});..a445264e
+..fdbf1d49
+		// u..19ab4955
+		$thi..bf07fe5e
+			->w..dd9270e1
+			->u..57020b38
+	}..6190df4e
+		if (..cb825469
+			// ..92205349
+			if ..51b34a8d
+				co..374540a6
+					'..ce995702
+				])..99226162
+			}..4c261dcd
+..fdbf1d49
+			// ..2f57edd1
+			if ..a841d006
+		}..63ac5eff
+..fdbf1d49
-				'c..4d0e75c3
+				//..38cb55ac
+				'd..8bb0ef25
--- /de..4c771835
+<?php..f3d043a5
+..fdbf1d49
+namesp..6b0ad6b1
+..fdbf1d49
+interf..42a64bcd
+..fdbf1d49
+	publi..b472c734
+..fdbf1d49
+}..9916152b
--- /de..4c771835
+<?php..f3d043a5
+..fdbf1d49
+namesp..6b0ad6b1
+..fdbf1d49
+use En..08e452e6
+..fdbf1d49
+class ..52e981d8
+..fdbf1d49
+	prote..6534fc7c
+..fdbf1d49
+	publi..2afb35e1
+		if (..27b1479e
+			$th..51984581
+			ret..6c3076da
+		}..63ac5eff
+..fdbf1d49
+		for ..8fff8aa9
+			try..f611dd7a
+				Da..454021fc
+				$t..f3186b37
+				br..953b70d1
+			} c..f986bec2
+				$t..a775b656
+				sl..1598dee8
+			}..4c261dcd
+		}..63ac5eff
+	}..6190df4e
+..fdbf1d49
+}..9916152b
--- /de..4c771835
+<?php..f3d043a5
+..fdbf1d49
+namesp..6b0ad6b1
+..fdbf1d49
+use En..c6d9dda9
+use Il..3c67b968
+..fdbf1d49
+abstra..a4240a5e
+..fdbf1d49
+	prote..84d2685f
+	prote..22b9c2d4
+	prote..6b2117bd
+..fdbf1d49
+	publi..e6a438c6
+		if (..a10cf88b
+			$po..e073386b
+			if ..b0b5cf1b
+			els..29b3c613
+		}..63ac5eff
+..fdbf1d49
+		retu..b9f509b2
+	}..6190df4e
+..fdbf1d49
+	publi..a4cde963
+		$poi..a99c6814
+		fore..971d2162
+			$po..3fbfd999
+				't..9224680e
+				'h..1f370688
+			];..061d1485
+		}..63ac5eff
+..fdbf1d49
+		do {..f0046027
+			$pr..a42a472c
+			for..71bf4506
+				if..57557bc9
+					$..22ca5232
+					$..6adbdad0
+..fdbf1d49
+					/..cfb9c1de
+					f..ed057ab4
+						..7732a747
+						..31c46ebd
+						..911e41e2
+						..e6cc3707
+						..8eab004d
+						..db2c01c5
+					}..83ee99ed
+..fdbf1d49
+					/..5dadc115
+					i..dd0ecb5b
+				}..e0ba0bd7
+			}..4c261dcd
+		} wh..d1ca9f76
+..fdbf1d49
+		// Q..2ae8ea7c
+		if (..f0286696
+			// ..0a991dfc
+			if ..6b2e6d8a
+				fo..07128648
+					C..9e88796b
+				}..e0ba0bd7
+			}..4c261dcd
+		} el..26af2225
+			sle..74a9e1f1
+			sel..d111b78f
+		}..63ac5eff
+	}..6190df4e
+..fdbf1d49
+	prote..f3a57041
+		if (..b8ff0f96
+		else..762873ce
+		$reg..0f19543b
+..fdbf1d49
+		retu..d18c9742
+	}..6190df4e
+..fdbf1d49
+	prote..47511ab8
+		if (..8e33c533
+		echo..e2267279
+	}..6190df4e
+..fdbf1d49
+}..9916152b
-				'c..e3f51d15
-				'c..c2aa710f
+				'c..00cb69f2
-				'c..01bdcb68
+				'c..00cb69f2
-				'c..c2aa710f
-				'c..01bdcb68
+				'c..00cb69f2
-				'c..e3f51d15
-			'to..0a734e10
+			'to..210e2ff4
-					r..28561156
+					r..331bea79
-				'c..01bdcb68
-			$va..10848a7e
+			$va..60f774bc
-			if ..10a63b49
+			if ..b2215ecc
+				if..58b58da7
+				el..269b062a
+			}..4c261dcd
+	/**..c7c9d99d
+	 * Re..734a3763
+	 *..a28a2714
+	 * @r..0f03488d
+	 */..b7d22c8c
+	publi..431d6fc5
+		retu..5de5cf86
+	}..6190df4e
+..fdbf1d49
+      ..c4c4014c
-			'se..f48616ea
+			'se..122e6905
+			//'..4e7d108d
-			'da..44615050
+			'da..560776bb
-/**..06cbbbd8
- * @to..43219260
- */..298f26f8
-		marg..3636ea0c
+		max-..e16cf186
+		marg..5a483895
+  'blo..ac4931e5
+  'fea..264d8b8f
+  'tem..327bdd62
+  'una..bb19b39a
+    'r..1e4884a1
+    't..4d14a591
+    't..ad5f634c
+    'u..90ca46d4
+    'u..76975baa
+    ar..7566a6c2
+      ..f079c0c9
+      ..d8759f6c
+    ),..e17d81c2
-      ..c8242a2b
+      ..073116be
-      ..9d8c5988
+      ..b426b352
+  'blo..b86e3b56
+  'fea..4fb54f8e
+  'tem..58c94722
+  'una..83fc5b61
+  'fea..7f1b76ab
+  arra..6ce9cce3
+    'c..b965db92
+    ar..7566a6c2
+      ..27bc2335
+      ..32f119c4
+      ..d232affc
+    ),..e17d81c2
+    'm..621c9901
+    'r..1de52b1e
+    's..a684e3d9
+    't..0c44a315
+    't..56ad881f
+    'u..2834f8cc
+  ),..a11c314d
+    'u..76975baa
+    ar..7566a6c2
+      ..ef92ca70
+      ..f000b0b5
+    ),..e17d81c2
-      ..7c5a73aa
+      ..d74b1d42
-      ..9e405761
+      ..3059fab9
-      ..f8e5d0e7
-      ..f4bdf0c4
+      ..3d6a6c2f
+      ..4eb2ee64
-      ..0edcf7b3
-      ..7e61f3a0
+      ..4dcae809
+      ..c7b05f1a
-      ..ebde6505
+      ..af62ae8d
-      ..e0ce14c9
+      ..2a1d5d53
-      ..44979d6d
+      ..090cff7e
-      ..427e6b8f
+      ..814f62f6
+  'mal..44204573
+      ..0ebd1ebe
+      ..a92d9cb2
+      ..b946dc3d
+      ..911b4b1e
+      ..3e153c14
+      ..fbfb830b
+  'blo..6e897326
+  'eve..3e00ed8f
+  arra..6ce9cce3
+    'e..263c27a3
+    'h..d3e68a1e
+    'x..07c0da84
+  ),..a11c314d
+  'fea..5b80ccbd
+  'sea..d74a9523
+  arra..6ce9cce3
+    'c..fe195bae
+    ar..7566a6c2
+      ..41ea8e26
+      ..262ff52c
+      ..1b8d646c
+      ..087eada1
+      ..24ebce74
+    ),..e17d81c2
+    'p..5d39f404
+    'p..08f140b6
+    's..e291b9c5
+  ),..a11c314d
+  'tem..3c802753
+  'tim..f044eb01
+  arra..6ce9cce3
+    'd..dbe88d63
+    'd..3d8ab27f
+    'h..4ec05830
+    'h..fbd28c19
+    'j..bad3b7bb
+    'm..70cbf85f
+    'm..67401034
+    'm..3a5a2520
+    'm..8be06c0b
+    's..fc229688
+    's..c4fd9e1f
+    's..f93a5a65
+    'y..b76e3920
+    'y..3d348bc1
+  ),..a11c314d
+  'una..9adcf2dd
+    'r..c21476bd
+    ar..7566a6c2
+      ..f9dbe518
+      ..901a7ea4
+    ),..e17d81c2
+  'fea..7f1b76ab
+  arra..6ce9cce3
+    'c..b965db92
+    ar..7566a6c2
+      ..68dc0f65
+      ..854a17f9
+      ..260d986e
+    ),..e17d81c2
+    'm..d6220d34
+    'r..f0d8fa05
+    's..8d195460
+    't..ee3f9272
+    't..0cafecf4
+    'u..4677e6a2
+  ),..a11c314d
+    'u..76975baa
+    ar..7566a6c2
+      ..b7394b4c
+      ..b2c0b1cd
+    ),..e17d81c2
+    'd..d1b693e1
+    'i..19571b37
+    'p..3bb5fc18
+    't..fe30ceb3
+    't..78a4cbd1
+  'unn..78dac15b
+  arra..6ce9cce3
+    't..a1312d57
+  ),..a11c314d
+    'a..5598d58c
+    ar..7566a6c2
+      ..95e53329
+      ..769d44f7
+    ),..e17d81c2
+    'a..cc221659
+    ar..7566a6c2
+      ..bb98cd63
+      ..b40d2d94
+    ),..e17d81c2
+      ..5df174f3
+      ..34482feb
+      ..936eec55
+      ..8b741a47
+      ..970ceb0c
+      ..c2af912c
+      ..33f02e11
+      ..96d99769
+      ..338f58ce
+      ..af6b51fc
+      ..87c0fbfe
+      ..7b8f2aac
+      ..9c4b1b39
+      ..585b041b
+      ..3be7bca8
+      ..96e48ec7
+      ..57159319
+      ..1cc26d3d
+      ..e3e81a8f
+      ..c70ded78
+      ..4e327ac7
+      ..df700f44
+      ..41cd40ec
+      ..8534771e
+      ..bc8230a3
+      ..bc3c5d39
+      ..ae1f6951
+      ..90e836be
+      ..7c41cabb
+      ..f2e7d470
+    't..057414cd
+    ar..7566a6c2
+      ..f974b352
+      ..530aa4db
+    ),..e17d81c2
+  'abo..ea9d6fdd
+  arra..6ce9cce3
+    'b..97ccb442
+    'b..600e5746
+    'd..17e6c106
+    'm..f05e18b5
+    'n..8316c765
+    ar..7566a6c2
+      ..1ddc9966
+      ..fa7852e1
+    ),..e17d81c2
+    'n..d64de8d9
+    ar..7566a6c2
+      ..e9005d4c
+      ..a6807157
+    ),..e17d81c2
+    's..9a8529cc
+    ar..7566a6c2
+      ..96fcb513
+      ..253cd689
+    ),..e17d81c2
+    'u..5964706f
+    ar..7566a6c2
+      ..3e1b06e0
+      ..ea88befd
+    ),..e17d81c2
+  ),..a11c314d
+  'blo..dfd38503
+  'fea..42d056b0
+  'tem..912830e0
+  'una..a1628589
+  'fea..7f1b76ab
+  arra..6ce9cce3
+    'c..b965db92
+    ar..7566a6c2
+      ..648b591e
+      ..b7054002
+      ..392ff310
+    ),..e17d81c2
+    'm..8c454c8b
+    'r..cf9df13c
+    's..e2a6128f
+    't..72b7d0d1
+    't..7407c5b4
+    'u..63c8056d
+  ),..a11c314d
+    'u..76975baa
+    ar..7566a6c2
+      ..6d58ae2f
+      ..b2e7f68d
+    ),..e17d81c2
+  'mal..5ac22574
+      ..b4458a80
+      ..40235b08
+      ..01fd3f4f
+      ..bac89ec6
+      ..127e70af
+  'blo..0c85dbec
+  'fea..29f65409
+      ..bb1c8fc5
+    'p..d5aaf4bf
+    'p..0f463ff6
+    's..0001b29c
+  'tem..df27e7a3
+    'j..590f4f66
+  'una..df4e92a6
+  'fea..7f1b76ab
+  arra..6ce9cce3
+    'c..b965db92
+    ar..7566a6c2
+      ..ccaf4a09
+      ..2e74c46d
+      ..1129ff00
+    ),..e17d81c2
+    'm..4f8cc2a8
+    'r..d2826857
+    's..93dce7e8
+    't..1845c35b
+    't..25709839
+    'u..e7b4a027
+  ),..a11c314d
+    'u..76975baa
+    ar..7566a6c2
+      ..4e56bb6c
+      ..107b7021
+    ),..e17d81c2
+    'd..644008d0
+  'unn..78dac15b
+  arra..6ce9cce3
+    't..1a6f8a83
+  ),..a11c314d
+      ..916fad3e
+      ..74cbb2cb
+      ..77e9438f
+      ..732f43f7
+      ..1d6a2e0e
+      ..41e346b7
+      ..57159319
+      ..1cc26d3d
+      ..3d5cbc55
+      ..75352c65
+      ..8540d3c8
+      ..574ba6d0
+      ..41cd40ec
+      ..edd50839
+      ..73f46869
+      ..a8e9c046
+  'abo..ea9d6fdd
+  arra..6ce9cce3
+    'b..33246022
+    'b..f1348b44
+    'd..76fdb0a7
+    'm..dae6293b
+    'n..8316c765
+    ar..7566a6c2
+      ..889256ce
+      ..edf6f215
+    ),..e17d81c2
+    'n..d64de8d9
+    ar..7566a6c2
+      ..35fa8041
+      ..350baaee
+    ),..e17d81c2
+    's..9a8529cc
+    ar..7566a6c2
+      ..5441a30e
+      ..2c878cbb
+    ),..e17d81c2
+    'u..5964706f
+    ar..7566a6c2
+      ..815dafaa
+      ..035a79b6
+    ),..e17d81c2
+  ),..a11c314d
+  'fea..7f1b76ab
+  arra..6ce9cce3
+    'c..b965db92
+    ar..7566a6c2
+      ..71f4e2d0
+      ..640e7f8c
+      ..2a818fb7
+    ),..e17d81c2
+    'm..0484bbfc
+    'r..152b0a1f
+    's..218064a2
+    't..296c2111
+    't..a9f58063
+    'u..5cd07847
+  ),..a11c314d
+  'blo..c3ca5501
+  'fea..450bcc9b
+  'tem..63747f37
+  'una..b7f2446c
+  'fea..7f1b76ab
+  arra..6ce9cce3
+    'c..b965db92
+    ar..7566a6c2
+      ..c0386140
+      ..d62f7eb2
+      ..b4e6a508
+    ),..e17d81c2
+    'm..3f006554
+    'r..c67a88e9
+    's..00296674
+    't..c45331d5
+    't..3bc015ab
+    'u..cb40982f
+  ),..a11c314d
+    'u..76975baa
+    ar..7566a6c2
+      ..7b12fe1c
+      ..27fcb89b
+    ),..e17d81c2
+    'u..5964706f
+    ar..7566a6c2
+      ..eb19ea4f
+      ..76814b98
+    ),..e17d81c2
+  'blo..1b0a7c74
+  'fea..7dcecb4b
+  'tem..8abf2da1
+  'una..ab2795d1
+  'fea..7f1b76ab
+  arra..6ce9cce3
+    'c..b965db92
+    ar..7566a6c2
+      ..07010157
+      ..236a16ad
+      ..db427044
+    ),..e17d81c2
+    'm..921f1dde
+    'r..ba705031
+    's..7a2d3e22
+    't..b401195e
+    't..334176ed
+    'u..5de15ac5
+  ),..a11c314d
+    'u..76975baa
+    ar..7566a6c2
+      ..cc9d31bd
+      ..73ee863b
+    ),..e17d81c2
+    'u..5964706f
+    ar..7566a6c2
+      ..6246b9d8
+      ..5917792b
+    ),..e17d81c2
--- /de..4c771835
+<?php..f3d043a5
+..fdbf1d49
+/*..dffb5516
+ * THI..993bd8e7
+ * PLE..0f93a3ba
+*/..5e43e5a7
+..fdbf1d49
+return..389c28fa
+  'api..1222e477
+  'cre..4b6ea5a1
+  'log..2c92cb06
+  'log..12b06b92
+  'my_..cf2c6391
+  'reg..f0d9567c
+  'set..20861d9b
+);..161a9ee3
--- /de..4c771835
+<?php..f3d043a5
+..fdbf1d49
+/*..dffb5516
+ * THI..993bd8e7
+ * PLE..0f93a3ba
+*/..5e43e5a7
+..fdbf1d49
+return..389c28fa
+  'acl..25dbe8fe
+  'bad..e880c43e
+  'ins..ff469256
+  'inv..c84ecba8
+  'lim..bb32b04d
+  'lim..886bd2de
+  'mis..7574ba5d
+  'not..79d674ca
+  'not..348bd63f
+  'no_..a1ceaeab
+  'une..f6041013
+  'upg..b0a21310
+  'val..1ca9b36f
+  arra..6ce9cce3
+    'i..f75b5bac
+    'm..e19f2594
+  ),..a11c314d
+);..161a9ee3
+  'abo..3a9d5fa7
+  'can..b9130238
+  'clo..05b4bc76
+  'con..3850c57f
+  'con..fd2198d2
+  'con..8fe6345d
+  'cop..de98f2dc
+  'cop..1ea1d716
+  'cop..4c2a32e6
+  'exi..2eb8a61e
+  'hel..f371d20e
+  'lan..aa3f4c9c
+  'lan..35c1bd9c
+  'nex..ea2d675a
+  'no'..857e05c6
+  'ok'..787d7ed5
+  'pre..69e4bf58
+  'ret..ef636eb0
+  'sea..d74a9523
+  arra..6ce9cce3
+    'p..6e0238d5
+  ),..a11c314d
+  'set..98258ccb
+  'try..d591552c
+  'yes..1edb6cb3
--- /de..4c771835
+<?php..f3d043a5
+..fdbf1d49
+/*..dffb5516
+ * THI..993bd8e7
+ * PLE..0f93a3ba
+*/..5e43e5a7
+..fdbf1d49
+return..389c28fa
+  'api..7c7b0395
+  arra..6ce9cce3
+    'd..4eb89c2e
+    ar..7566a6c2
+      ..5ed2c27c
+      ..1cc26d3d
+      ..f0f43fd0
+      ..7dfcc782
+      ..41cd40ec
+      ..c933e07c
+    ),..e17d81c2
+    'r..c3c348df
+    ar..7566a6c2
+      ..69891b66
+    ),..e17d81c2
+    't..b27221d5
+  ),..a11c314d
+);..161a9ee3
--- /de..4c771835
+<?php..f3d043a5
+..fdbf1d49
+/*..dffb5516
+ * THI..993bd8e7
+ * PLE..0f93a3ba
+*/..5e43e5a7
+..fdbf1d49
+return..389c28fa
+  'htt..068a0cad
+  arra..6ce9cce3
+    'n..d55f9f44
+    ar..7566a6c2
+      ..58439a30
+      ..f5082ab0
+    ),..e17d81c2
+    's..2f6bc1f9
+    ar..7566a6c2
+      ..e2182c19
+      ..ae37fbf1
+    ),..e17d81c2
+    'u..59d8bdde
+    ar..7566a6c2
+      ..e2182c19
+      ..f2f3a157
+    ),..e17d81c2
+  ),..a11c314d
+);..161a9ee3
--- /de..4c771835
+<?php..f3d043a5
+..fdbf1d49
+/*..dffb5516
+ * THI..993bd8e7
+ * PLE..0f93a3ba
+*/..5e43e5a7
+..fdbf1d49
+return..389c28fa
+  'dra..7719c415
+  arra..6ce9cce3
+    'b..a235eed4
+    't..c6e66f43
+  ),..a11c314d
+  'vie..4dbd9a2c
+  arra..6ce9cce3
+    'b..1116a3cf
+    ar..7566a6c2
+      ..d2499f11
+      ..d06ca9f2
+    ),..e17d81c2
+    'b..c185d7b3
+    ar..7566a6c2
+      ..84624a3b
+      ..d8002a85
+    ),..e17d81c2
+    't..e45c95a1
+    ar..7566a6c2
+      ..61b96286
+      ..ad732c69
+    ),..e17d81c2
+    't..a2e4367e
+    ar..7566a6c2
+      ..91782f5a
+      ..2c1566c7
+    ),..e17d81c2
+    't..c3528a9e
+    ar..7566a6c2
+      ..79c2e8f0
+      ..a68ef79a
+    ),..e17d81c2
+    't..961c325f
+    ar..7566a6c2
+      ..59139b48
+      ..5758b192
+    ),..e17d81c2
+  ),..a11c314d
+);..161a9ee3
--- /de..4c771835
+[..d601616b
+  {..7fa62845
+    "c..cdb5a26e
+    "i..f293642b
+      ..39941911
+      ..90e4e8bd
+      ..293ba663
+      ..468725b3
+    ],..50461168
+    "n..2d4ecca5
+    "o..dec09daa
+      ..39941911
+      ..f1b4406b
+      ..95a737f4
+      ..468725b3
+    ],..50461168
+    "p..1a1c69ff
+    "s..d7b8185d
+    "t..04330140
+  },..6cbcfff6
+  {..7fa62845
+    "c..cdb5a26e
+    "i..f293642b
+..fdbf1d49
+    ],..50461168
+    "n..3494c8ea
+    "o..dec09daa
+      ..39941911
+      ..f1b4406b
+      ..c4e5de5c
+      ..468725b3
+    ],..50461168
+    "p..1a1c69ff
+    "s..d7b8185d
+    "t..04330140
+  },..6cbcfff6
+  {..7fa62845
+    "c..cdb5a26e
+    "i..f293642b
+      ..39941911
+      ..bd051a32
+      ..a5f21ac0
+      ..0a1b72ab
+      ..39941911
+      ..f9082beb
+      ..acd84b2b
+      ..468725b3
+    ],..50461168
+    "n..5078e7f3
+    "o..dec09daa
+      ..39941911
+      ..04652c20
+      ..acd84b2b
+      ..468725b3
+    ],..50461168
+    "p..1a1c69ff
+    "s..d7b8185d
+    "t..04330140
+  },..6cbcfff6
+  {..7fa62845
+    "c..cdb5a26e
+    "i..f293642b
+..fdbf1d49
+    ],..50461168
+    "n..9d8867af
+    "o..dec09daa
+      ..39941911
+      ..f1b4406b
+      ..a5f21ac0
+      ..468725b3
+    ],..50461168
+    "p..1a1c69ff
+    "s..d7b8185d
+    "t..04330140
+  },..6cbcfff6
+  {..7fa62845
+    "c..cdb5a26e
+    "i..f293642b
+..fdbf1d49
+    ],..50461168
+    "n..617cf4ee
+    "o..dec09daa
+      ..39941911
+      ..f1b4406b
+      ..acd84b2b
+      ..468725b3
+    ],..50461168
+    "p..1a1c69ff
+    "s..d7b8185d
+    "t..04330140
+  },..6cbcfff6
+  {..7fa62845
+    "c..3f97cbea
+    "i..f293642b
+      ..39941911
+      ..be06b383
+      ..c4e5de5c
+      ..0a1b72ab
+      ..39941911
+      ..bd051a32
+      ..a5f21ac0
+      ..468725b3
+    ],..50461168
+    "n..61c146a2
+    "o..dec09daa
+..fdbf1d49
+    ],..50461168
+    "p..1a1c69ff
+    "s..41f8650e
+    "t..04330140
+  },..6cbcfff6
+  {..7fa62845
+    "c..cdb5a26e
+    "i..f293642b
+..fdbf1d49
+    ],..50461168
+    "n..eac8c5fe
+    "o..dec09daa
+      ..39941911
+      ..f1b4406b
+      ..c4e5de5c
+      ..468725b3
+    ],..50461168
+    "p..1a1c69ff
+    "s..d7b8185d
+    "t..04330140
+  },..6cbcfff6
+  {..7fa62845
+    "c..cdb5a26e
+    "i..f293642b
+..fdbf1d49
+    ],..50461168
+    "n..92ee55d5
+    "o..dec09daa
+      ..39941911
+      ..f1b4406b
+      ..a5f21ac0
+      ..468725b3
+    ],..50461168
+    "p..1a1c69ff
+    "s..d7b8185d
+    "t..04330140
+  },..6cbcfff6
+  {..7fa62845
+    "c..3f97cbea
+    "i..f293642b
+      ..39941911
+      ..bad77baa
+      ..c4e5de5c
+      ..468725b3
+    ],..50461168
+    "n..8be47369
+    "o..dec09daa
+..fdbf1d49
+    ],..50461168
+    "p..1a1c69ff
+    "s..41f8650e
+    "t..04330140
+  },..6cbcfff6
+  {..7fa62845
+    "c..cdb5a26e
+    "i..f293642b
+..fdbf1d49
+    ],..50461168
+    "n..cbc87e73
+    "o..dec09daa
+      ..39941911
+      ..f1b4406b
+      ..a5f21ac0
+      ..468725b3
+    ],..50461168
+    "p..1a1c69ff
+    "s..d7b8185d
+    "t..04330140
+  },..6cbcfff6
+  {..7fa62845
+    "c..cdb5a26e
+    "i..f293642b
+..fdbf1d49
+    ],..50461168
+    "n..51a8c6dd
+    "o..dec09daa
+      ..39941911
+      ..f1b4406b
+      ..a5f21ac0
+      ..468725b3
+    ],..50461168
+    "p..1a1c69ff
+    "s..d7b8185d
+    "t..04330140
+  },..6cbcfff6
+  {..7fa62845
+    "c..cdb5a26e
+    "i..f293642b
+      ..39941911
+      ..f31ed9ff
+      ..a5f21ac0
+      ..468725b3
+    ],..50461168
+    "n..e76905b2
+    "o..dec09daa
+      ..39941911
+      ..f1b4406b
+      ..95a737f4
+      ..468725b3
+    ],..50461168
+    "p..1a1c69ff
+    "s..d7b8185d
+    "t..04330140
+  },..6cbcfff6
+  {..7fa62845
+    "c..cdb5a26e
+    "i..f293642b
+..fdbf1d49
+    ],..50461168
+    "n..36966aad
+    "o..dec09daa
+      ..39941911
+      ..f1b4406b
+      ..a5f21ac0
+      ..468725b3
+    ],..50461168
+    "p..1a1c69ff
+    "s..d7b8185d
+    "t..04330140
+  },..6cbcfff6
+  {..7fa62845
+    "c..cdb5a26e
+    "i..f293642b
+..fdbf1d49
+    ],..50461168
+    "n..3cff389b
+    "o..dec09daa
+      ..39941911
+      ..f1b4406b
+      ..c4e5de5c
+      ..468725b3
+    ],..50461168
+    "p..1a1c69ff
+    "s..d7b8185d
+    "t..04330140
+  },..6cbcfff6
+  {..7fa62845
+    "c..3f97cbea
+    "i..f293642b
+      ..39941911
+      ..490b2413
+      ..c4e5de5c
+      ..0a1b72ab
+      ..39941911
+      ..be06b383
+      ..c4e5de5c
+      ..0a1b72ab
+      ..39941911
+      ..bd051a32
+      ..a5f21ac0
+      ..468725b3
+    ],..50461168
+    "n..112a016d
+    "o..dec09daa
+..fdbf1d49
+    ],..50461168
+    "p..1a1c69ff
+    "s..41f8650e
+    "t..04330140
+  },..6cbcfff6
+  {..7fa62845
+    "c..3f97cbea
+    "i..f293642b
+      ..39941911
+      ..bad77baa
+      ..c4e5de5c
+      ..468725b3
+    ],..50461168
+    "n..f1e42f05
+    "o..dec09daa
+..fdbf1d49
+    ],..50461168
+    "p..1a1c69ff
+    "s..41f8650e
+    "t..04330140
+  },..6cbcfff6
+  {..7fa62845
+    "c..3f97cbea
+    "i..f293642b
+      ..39941911
+      ..adb9e04d
+      ..c4e5de5c
+      ..468725b3
+    ],..50461168
+    "n..94603f7b
+    "o..dec09daa
+..fdbf1d49
+    ],..50461168
+    "p..1a1c69ff
+    "s..41f8650e
+    "t..04330140
+  },..6cbcfff6
+  {..7fa62845
+    "c..3f97cbea
+    "i..f293642b
+      ..39941911
+      ..c5b0d06f
+      ..c4e5de5c
+      ..468725b3
+    ],..50461168
+    "n..f193a830
+    "o..dec09daa
+..fdbf1d49
+    ],..50461168
+    "p..1a1c69ff
+    "s..41f8650e
+    "t..04330140
+  },..6cbcfff6
+  {..7fa62845
+    "c..3f97cbea
+    "i..f293642b
+      ..39941911
+      ..f31ed9ff
+      ..a5f21ac0
+      ..0a1b72ab
+      ..39941911
+      ..0cc76f96
+      ..a5f21ac0
+      ..0a1b72ab
+      ..39941911
+      ..e3680638
+      ..a5f21ac0
+      ..0a1b72ab
+      ..39941911
+      ..424e43fb
+      ..a5f21ac0
+      ..468725b3
+    ],..50461168
+    "n..d88c2566
+    "o..dec09daa
+..fdbf1d49
+    ],..50461168
+    "p..1a1c69ff
+    "s..41f8650e
+    "t..04330140
+  },..6cbcfff6
+  {..7fa62845
+    "c..3f97cbea
+    "i..f293642b
+..fdbf1d49
+    ],..50461168
+    "n..6ad12016
+    "o..dec09daa
+..fdbf1d49
+    ],..50461168
+    "p..1a1c69ff
+    "s..41f8650e
+    "t..04330140
+  },..6cbcfff6
+  {..7fa62845
+    "c..cdb5a26e
+    "i..f293642b
+      ..39941911
+      ..f1b4406b
+      ..a5f21ac0
+      ..468725b3
+    ],..50461168
+    "n..8a10a10a
+    "o..dec09daa
+      ..39941911
+      ..f1b4406b
+      ..c4e5de5c
+      ..468725b3
+    ],..50461168
+    "p..1a1c69ff
+    "s..d7b8185d
+    "t..04330140
+  },..6cbcfff6
+  {..7fa62845
+    "c..cdb5a26e
+    "i..f293642b
+      ..39941911
+      ..df9695f9
+      ..a5f21ac0
+      ..0a1b72ab
+      ..39941911
+      ..cf2c8dba
+      ..a5f21ac0
+      ..468725b3
+    ],..50461168
+    "n..1eaf0eee
+    "o..dec09daa
+      ..39941911
+      ..f1b4406b
+      ..95a737f4
+      ..468725b3
+    ],..50461168
+    "p..1a1c69ff
+    "s..d7b8185d
+    "t..04330140
+  },..6cbcfff6
+  {..7fa62845
+    "c..cdb5a26e
+    "i..f293642b
+      ..39941911
+      ..f1b4406b
+      ..a5f21ac0
+      ..468725b3
+    ],..50461168
+    "n..114527cb
+    "o..dec09daa
+      ..39941911
+      ..f1b4406b
+      ..c4e5de5c
+      ..468725b3
+    ],..50461168
+    "p..1a1c69ff
+    "s..d7b8185d
+    "t..04330140
+  },..6cbcfff6
+  {..7fa62845
+    "c..3f97cbea
+    "i..f293642b
+      ..39941911
+      ..f31ed9ff
+      ..a5f21ac0
+      ..0a1b72ab
+      ..39941911
+      ..0cc76f96
+      ..a5f21ac0
+      ..0a1b72ab
+      ..39941911
+      ..e3680638
+      ..a5f21ac0
+      ..0a1b72ab
+      ..39941911
+      ..424e43fb
+      ..a5f21ac0
+      ..468725b3
+    ],..50461168
+    "n..9af608b0
+    "o..dec09daa
+..fdbf1d49
+    ],..50461168
+    "p..1a1c69ff
+    "s..41f8650e
+    "t..04330140
+  },..6cbcfff6
+  {..7fa62845
+    "c..3f97cbea
+    "i..f293642b
+      ..39941911
+      ..9d726350
+      ..a5f21ac0
+      ..468725b3
+    ],..50461168
+    "n..5a3ec333
+    "o..dec09daa
+..fdbf1d49
+    ],..50461168
+    "p..1a1c69ff
+    "s..41f8650e
+    "t..04330140
+  },..6cbcfff6
+  {..7fa62845
+    "c..3f97cbea
+    "i..f293642b
+      ..39941911
+      ..75567c34
+      ..c4e5de5c
+      ..0a1b72ab
+      ..39941911
+      ..cf2c8dba
+      ..a5f21ac0
+      ..468725b3
+    ],..50461168
+    "n..df092cc3
+    "o..dec09daa
+..fdbf1d49
+    ],..50461168
+    "p..1a1c69ff
+    "s..41f8650e
+    "t..04330140
+  },..6cbcfff6
+  {..7fa62845
+    "c..3f97cbea
+    "i..f293642b
+      ..39941911
+      ..745561ef
+      ..c4e5de5c
+      ..468725b3
+    ],..50461168
+    "n..4009d1b7
+    "o..dec09daa
+..fdbf1d49
+    ],..50461168
+    "p..1a1c69ff
+    "s..41f8650e
+    "t..04330140
+  },..6cbcfff6
+  {..7fa62845
+    "c..3f97cbea
+    "i..f293642b
+      ..39941911
+      ..e81aeaf2
+      ..a5f21ac0
+      ..0a1b72ab
+      ..39941911
+      ..0de2ef70
+      ..c4e5de5c
+      ..468725b3
+    ],..50461168
+    "n..25647bb1
+    "o..dec09daa
+..fdbf1d49
+    ],..50461168
+    "p..1a1c69ff
+    "s..41f8650e
+    "t..04330140
+  },..6cbcfff6
+  {..7fa62845
+    "c..3f97cbea
+    "i..f293642b
+      ..39941911
+      ..2d4b3396
+      ..a5f21ac0
+      ..468725b3
+    ],..50461168
+    "n..720da0ab
+    "o..dec09daa
+..fdbf1d49
+    ],..50461168
+    "p..1a1c69ff
+    "s..41f8650e
+    "t..04330140
+  },..6cbcfff6
+  {..7fa62845
+    "c..cdb5a26e
+    "i..f293642b
+..fdbf1d49
+    ],..50461168
+    "n..3160aae5
+    "o..dec09daa
+      ..39941911
+      ..f1b4406b
+      ..95a737f4
+      ..468725b3
+    ],..50461168
+    "p..1a1c69ff
+    "s..d7b8185d
+    "t..04330140
+  },..6cbcfff6
+  {..7fa62845
+    "c..3f97cbea
+    "i..f293642b
+..fdbf1d49
+    ],..50461168
+    "n..3685f38d
+    "o..dec09daa
+..fdbf1d49
+    ],..50461168
+    "p..1a1c69ff
+    "s..41f8650e
+    "t..04330140
+  },..6cbcfff6
+  {..7fa62845
+    "c..cdb5a26e
+    "i..f293642b
+      ..39941911
+      ..bd051a32
+      ..a5f21ac0
+      ..468725b3
+    ],..50461168
+    "n..193134fd
+    "o..dec09daa
+      ..39941911
+      ..5b0939b9
+      ..c4e5de5c
+      ..468725b3
+    ],..50461168
+    "p..1a1c69ff
+    "s..d7b8185d
+    "t..04330140
+  },..6cbcfff6
+  {..7fa62845
+    "c..cdb5a26e
+    "i..f293642b
+..fdbf1d49
+    ],..50461168
+    "n..b3319e03
+    "o..dec09daa
+      ..39941911
+      ..f1b4406b
+      ..a5f21ac0
+      ..468725b3
+    ],..50461168
+    "p..1a1c69ff
+    "s..d7b8185d
+    "t..04330140
+  },..6cbcfff6
+  {..7fa62845
+    "c..cdb5a26e
+    "i..f293642b
+..fdbf1d49
+    ],..50461168
+    "n..ad5e6841
+    "o..dec09daa
+      ..39941911
+      ..f1b4406b
+      ..c4e5de5c
+      ..468725b3
+    ],..50461168
+    "p..1a1c69ff
+    "s..d7b8185d
+    "t..04330140
+  },..6cbcfff6
+  {..7fa62845
+    "c..3f97cbea
+    "i..f293642b
+      ..39941911
+      ..bad77baa
+      ..c4e5de5c
+      ..468725b3
+    ],..50461168
+    "n..14af9fb7
+    "o..dec09daa
+..fdbf1d49
+    ],..50461168
+    "p..1a1c69ff
+    "s..41f8650e
+    "t..04330140
+  },..6cbcfff6
+  {..7fa62845
+    "c..cdb5a26e
+    "i..f293642b
+      ..39941911
+      ..0de2ef70
+      ..c4e5de5c
+      ..468725b3
+    ],..50461168
+    "n..c739bfba
+    "o..dec09daa
+      ..39941911
+      ..c222b28e
+      ..a5f21ac0
+      ..468725b3
+    ],..50461168
+    "p..1a1c69ff
+    "s..d7b8185d
+    "t..04330140
+  },..6cbcfff6
+  {..7fa62845
+    "c..3f97cbea
+    "i..f293642b
+      ..39941911
+      ..0354e2ed
+      ..c4e5de5c
+      ..468725b3
+    ],..50461168
+    "n..ab6542f9
+    "o..dec09daa
+..fdbf1d49
+    ],..50461168
+    "p..1a1c69ff
+    "s..41f8650e
+    "t..04330140
+  },..6cbcfff6
+  {..7fa62845
+    "c..cdb5a26e
+    "i..f293642b
+..fdbf1d49
+    ],..50461168
+    "n..5e6c0307
+    "o..dec09daa
+      ..39941911
+      ..f1b4406b
+      ..a5f21ac0
+      ..468725b3
+    ],..50461168
+    "p..1a1c69ff
+    "s..d7b8185d
+    "t..04330140
+  },..6cbcfff6
+  {..7fa62845
+    "c..3f97cbea
+    "i..f293642b
+..fdbf1d49
+    ],..50461168
+    "n..23ea4b68
+    "o..dec09daa
+..fdbf1d49
+    ],..50461168
+    "p..1a1c69ff
+    "s..41f8650e
+    "t..04330140
+  },..6cbcfff6
+  {..7fa62845
+    "c..cdb5a26e
+    "i..f293642b
+      ..39941911
+      ..0de2ef70
+      ..c4e5de5c
+      ..468725b3
+    ],..50461168
+    "n..f790ec34
+    "o..dec09daa
+      ..39941911
+      ..712933ad
+      ..2ffbb9ca
+      ..468725b3
+    ],..50461168
+    "p..1a1c69ff
+    "s..d7b8185d
+    "t..04330140
+  },..6cbcfff6
+  {..7fa62845
+    "c..3f97cbea
+    "i..f293642b
+      ..39941911
+      ..df9695f9
+      ..a5f21ac0
+      ..468725b3
+    ],..50461168
+    "n..9b956981
+    "o..dec09daa
+      ..39941911
+      ..f1b4406b
+      ..a5f21ac0
+      ..468725b3
+    ],..50461168
+    "p..1a1c69ff
+    "s..41f8650e
+    "t..04330140
+  },..6cbcfff6
+  {..7fa62845
+    "c..3f97cbea
+    "i..f293642b
+..fdbf1d49
+    ],..50461168
+    "n..b22e510f
+    "o..dec09daa
+..fdbf1d49
+    ],..50461168
+    "p..1a1c69ff
+    "s..41f8650e
+    "t..04330140
+  },..6cbcfff6
+  {..7fa62845
+    "c..cdb5a26e
+    "i..f293642b
+..fdbf1d49
+    ],..50461168
+    "n..1e7e1923
+    "o..dec09daa
+      ..39941911
+      ..f1b4406b
+      ..acd84b2b
+      ..468725b3
+    ],..50461168
+    "p..1a1c69ff
+    "s..d7b8185d
+    "t..04330140
+  },..6cbcfff6
+  {..7fa62845
+    "c..cdb5a26e
+    "i..f293642b
+      ..39941911
+      ..f1b4406b
+      ..a5f21ac0
+      ..468725b3
+    ],..50461168
+    "n..c9679e16
+    "o..dec09daa
+      ..39941911
+      ..f1b4406b
+      ..99901fda
+      ..468725b3
+    ],..50461168
+    "p..1a1c69ff
+    "s..d7b8185d
+    "t..04330140
+  },..6cbcfff6
+  {..7fa62845
+    "c..cdb5a26e
+    "i..f293642b
+      ..39941911
+      ..f1b4406b
+      ..a5f21ac0
+      ..468725b3
+    ],..50461168
+    "n..7453dd5f
+    "o..dec09daa
+      ..39941911
+      ..f1b4406b
+      ..c4e5de5c
+      ..468725b3
+    ],..50461168
+    "p..1a1c69ff
+    "s..d7b8185d
+    "t..04330140
+  },..6cbcfff6
+  {..7fa62845
+    "c..3f97cbea
+    "i..f293642b
+      ..39941911
+      ..be06b383
+      ..c4e5de5c
+      ..0a1b72ab
+      ..39941911
+      ..bd051a32
+      ..a5f21ac0
+      ..468725b3
+    ],..50461168
+    "n..5e278b87
+    "o..dec09daa
+..fdbf1d49
+    ],..50461168
+    "p..1a1c69ff
+    "s..41f8650e
+    "t..04330140
+  },..6cbcfff6
+  {..7fa62845
+    "c..cdb5a26e
+    "i..f293642b
+..fdbf1d49
+    ],..50461168
+    "n..71ecc167
+    "o..dec09daa
+      ..39941911
+      ..f1b4406b
+      ..c4e5de5c
+      ..468725b3
+    ],..50461168
+    "p..1a1c69ff
+    "s..d7b8185d
+    "t..04330140
+  },..6cbcfff6
+  {..7fa62845
+    "c..cdb5a26e
+    "i..f293642b
+..fdbf1d49
+    ],..50461168
+    "n..40b3c411
+    "o..dec09daa
+      ..39941911
+      ..f1b4406b
+      ..a5f21ac0
+      ..468725b3
+    ],..50461168
+    "p..1a1c69ff
+    "s..d7b8185d
+    "t..04330140
+  },..6cbcfff6
+  {..7fa62845
+    "c..cdb5a26e
+    "i..f293642b
+..fdbf1d49
+    ],..50461168
+    "n..43938b81
+    "o..dec09daa
+      ..39941911
+      ..f1b4406b
+      ..c4e5de5c
+      ..468725b3
+    ],..50461168
+    "p..1a1c69ff
+    "s..d7b8185d
+    "t..04330140
+  },..6cbcfff6
+  {..7fa62845
+    "c..3f97cbea
+    "i..f293642b
+      ..39941911
+      ..e81aeaf2
+      ..a5f21ac0
+      ..468725b3
+    ],..50461168
+    "n..009ee93f
+    "o..dec09daa
+..fdbf1d49
+    ],..50461168
+    "p..1a1c69ff
+    "s..41f8650e
+    "t..04330140
+  },..6cbcfff6
+  {..7fa62845
+    "c..cdb5a26e
+    "i..f293642b
+      ..39941911
+      ..f31ed9ff
+      ..a5f21ac0
+      ..468725b3
+    ],..50461168
+    "n..d1b2ed88
+    "o..dec09daa
+      ..39941911
+      ..f1b4406b
+      ..95a737f4
+      ..468725b3
+    ],..50461168
+    "p..1a1c69ff
+    "s..d7b8185d
+    "t..04330140
+  },..6cbcfff6
+  {..7fa62845
+    "c..cdb5a26e
+    "i..f293642b
+..fdbf1d49
+    ],..50461168
+    "n..965d80f0
+    "o..dec09daa
+      ..39941911
+      ..f1b4406b
+      ..a5f21ac0
+      ..468725b3
+    ],..50461168
+    "p..1a1c69ff
+    "s..d7b8185d
+    "t..04330140
+  },..6cbcfff6
+  {..7fa62845
+    "c..3f97cbea
+    "i..f293642b
+      ..39941911
+      ..3b32c515
+      ..c4e5de5c
+      ..468725b3
+    ],..50461168
+    "n..a23070ca
+    "o..dec09daa
+..fdbf1d49
+    ],..50461168
+    "p..1a1c69ff
+    "s..41f8650e
+    "t..04330140
+  },..6cbcfff6
+  {..7fa62845
+    "c..cdb5a26e
+    "i..f293642b
+..fdbf1d49
+    ],..50461168
+    "n..28a1843c
+    "o..dec09daa
+      ..39941911
+      ..f1b4406b
+      ..c4e5de5c
+      ..468725b3
+    ],..50461168
+    "p..1a1c69ff
+    "s..d7b8185d
+    "t..04330140
+  },..6cbcfff6
+  {..7fa62845
+    "c..cdb5a26e
+    "i..f293642b
+      ..39941911
+      ..050e9c0e
+      ..a5f21ac0
+      ..468725b3
+    ],..50461168
+    "n..1ed904c0
+    "o..dec09daa
+      ..39941911
+      ..99e473c8
+      ..95a737f4
+      ..0a1b72ab
+      ..39941911
+      ..4388c6d1
+      ..95a737f4
+      ..0a1b72ab
+      ..39941911
+      ..cb1c49f6
+      ..a5f21ac0
+      ..0a1b72ab
+      ..39941911
+      ..6923d502
+      ..a5f21ac0
+      ..0a1b72ab
+      ..39941911
+      ..2d4c3a25
+      ..a5f21ac0
+      ..0a1b72ab
+      ..39941911
+      ..65f1d504
+      ..a5f21ac0
+      ..0a1b72ab
+      ..39941911
+      ..d9d9fd2f
+      ..a5f21ac0
+      ..0a1b72ab
+      ..39941911
+      ..f1a849fb
+      ..a5f21ac0
+      ..0a1b72ab
+      ..39941911
+      ..4d8ca68d
+      ..a5f21ac0
+      ..0a1b72ab
+      ..39941911
+      ..e3a31701
+      ..a5f21ac0
+      ..468725b3
+    ],..50461168
+    "p..1a1c69ff
+    "s..d7b8185d
+    "t..04330140
+  },..6cbcfff6
+  {..7fa62845
+    "c..3f97cbea
+    "i..f293642b
+      ..39941911
+      ..cf2c8dba
+      ..a5f21ac0
+      ..0a1b72ab
+      ..39941911
+      ..df9695f9
+      ..a5f21ac0
+      ..468725b3
+    ],..50461168
+    "n..a7146697
+    "o..dec09daa
+..fdbf1d49
+    ],..50461168
+    "p..b7bcdebb
+    "s..6130bfa0
+    "t..04330140
+  },..6cbcfff6
+  {..7fa62845
+    "c..cdb5a26e
+    "i..f293642b
+..fdbf1d49
+    ],..50461168
+    "n..4cb7c03b
+    "o..dec09daa
+      ..39941911
+      ..f1b4406b
+      ..a5f21ac0
+      ..468725b3
+    ],..50461168
+    "p..1a1c69ff
+    "s..d7b8185d
+    "t..04330140
+  },..6cbcfff6
+  {..7fa62845
+    "c..cdb5a26e
+    "i..f293642b
+..fdbf1d49
+    ],..50461168
+    "n..7f1adc3b
+    "o..dec09daa
+      ..39941911
+      ..f1b4406b
+      ..c4e5de5c
+      ..468725b3
+    ],..50461168
+    "p..1a1c69ff
+    "s..d7b8185d
+    "t..04330140
+  },..6cbcfff6
+  {..7fa62845
+    "c..3f97cbea
+    "i..f293642b
+      ..39941911
+      ..df9695f9
+      ..a5f21ac0
+      ..0a1b72ab
+      ..39941911
+      ..cf2c8dba
+      ..a5f21ac0
+      ..468725b3
+    ],..50461168
+    "n..df98a9c9
+    "o..dec09daa
+..fdbf1d49
+    ],..50461168
+    "p..b7bcdebb
+    "s..6130bfa0
+    "t..04330140
+  },..6cbcfff6
+  {..7fa62845
+    "i..f293642b
+..fdbf1d49
+    ],..50461168
+    "p..1a1c69ff
+    "s..41f8650e
+    "t..145411e3
+  },..6cbcfff6
+  {..7fa62845
+    "p..b7bcdebb
+    "s..6130bfa0
+    "t..874953ce
+  },..6cbcfff6
+  {..7fa62845
+    "a..5cdffe2f
+    "i..f293642b
+      ..39941911
+      ..b8a483c5
+      ..5b0939b9
+      ..c4e5de5c
+      ..0a1b72ab
+      ..39941911
+      ..b8a483c5
+      ..d9d9fd2f
+      ..a5f21ac0
+      ..0a1b72ab
+      ..39941911
+      ..b8a483c5
+      ..f1a849fb
+      ..a5f21ac0
+      ..0a1b72ab
+      ..39941911
+      ..b8a483c5
+      ..d4583c57
+      ..a5f21ac0
+      ..468725b3
+    ],..50461168
+    "n..4b13744e
+    "t..386d2101
+  },..6cbcfff6
+  {..7fa62845
+    "a..5cdffe2f
+    "i..f293642b
+      ..39941911
+      ..b8a483c5
+      ..b30f0d85
+      ..c4e5de5c
+      ..0a1b72ab
+      ..39941911
+      ..b8a483c5
+      ..e4ef5808
+      ..c4e5de5c
+      ..0a1b72ab
+      ..39941911
+      ..b8a483c5
+      ..9eef0b19
+      ..a5f21ac0
+      ..468725b3
+    ],..50461168
+    "n..c7275f11
+    "t..386d2101
+  },..6cbcfff6
+  {..7fa62845
+    "a..5cdffe2f
+    "i..f293642b
+      ..39941911
+      ..b8a483c5
+      ..5b0939b9
+      ..c4e5de5c
+      ..0a1b72ab
+      ..39941911
+      ..b8a483c5
+      ..15d85a48
+      ..c4e5de5c
+      ..0a1b72ab
+      ..39941911
+      ..b8a483c5
+      ..9eef0b19
+      ..a5f21ac0
+      ..468725b3
+    ],..50461168
+    "n..2ee53c4d
+    "t..386d2101
+  },..6cbcfff6
+  {..7fa62845
+    "a..5cdffe2f
+    "i..f293642b
+      ..39941911
+      ..b8a483c5
+      ..5b0939b9
+      ..c4e5de5c
+      ..0a1b72ab
+      ..39941911
+      ..b8a483c5
+      ..4d613a27
+      ..a5f21ac0
+      ..0a1b72ab
+      ..39941911
+      ..b8a483c5
+      ..d9d9fd2f
+      ..a5f21ac0
+      ..0a1b72ab
+      ..39941911
+      ..b8a483c5
+      ..f1a849fb
+      ..a5f21ac0
+      ..0a1b72ab
+      ..39941911
+      ..b8a483c5
+      ..e3a31701
+      ..a5f21ac0
+      ..468725b3
+    ],..50461168
+    "n..1a859a8b
+    "t..386d2101
+  },..6cbcfff6
+  {..7fa62845
+    "a..5cdffe2f
+    "i..f293642b
+      ..39941911
+      ..b8a483c5
+      ..baa8ca52
+      ..c4e5de5c
+      ..468725b3
+    ],..50461168
+    "n..b7db4678
+    "t..386d2101
+  }..28dc40a7
+]..8b4772ea