-		$obj..19760ce3
-			->s..3a60e391
+		$obj..7a0d7b24
-			$to..75e2a6de
+			$to..5dc06558
-				if..eaed194d
-				re..4498338e
+				$r..18ff4e17
+..5a8d19c6
+				if..156f9d11
+				el..801bc5ce
+..5a8d19c6
+				re..b198a198
+	}..be1466f4
+..5a8d19c6
+	priva..67afdf73
+		if (..2043dc17
+		$get..57b950f8
+		if (..aca285bc
+		retu..1da8b53b
+use En..cd78a878
- * @me..df125cf3
+	publi..2d124bee
+		$mod..bc2f762c
+		retu..975ba598
+	}..be1466f4
+..5a8d19c6
+use En..d82f83e9
- * @me..df125cf3
+	publi..2d124bee
+		retu..90ccf85b
+	}..be1466f4
+..5a8d19c6