-	prote..11070cdd
+	prote..f1049bcc
-						..273ea5c0
+						..3ea515e6
--- /de..23a366fc
+<?php..a76a877c
+..4a993b2a
+namesp..920c7c77
+..4a993b2a
+use En..6852b0bf
+use En..17f68ccd
+use En..eef24a7c
+use En..8d7f525d
+use En..ffe2ba97
+use En..5c7355e8
+use En..751db4d3
+use We..4d09ce63
+use Il..02f8957f
+use En..6aeb4818
+..4a993b2a
+/**..60d62a6c
+ * Cla..54b46516
+ * @pa..998cb7cb
+ */..0faf972d
+class ..397868b0
+..4a993b2a
+	prote..e4d35d2e
+..4a993b2a
+	priva..4ba6efd0
+		retu..f61e4bf4
+	}..ba31b469
+..4a993b2a
+	publi..c1bd8068
+		$con..43df48ee
+		$ite..0b440fa4
+		$ind..81f4db64
+		whil..82aa7344
+			// ..cdbcf99a
+			if ..7477d321
+				br..d1d31b06
+			}..3fd55939
+..4a993b2a
+			$it..472d95be
+			$co..6d88f5e1
+				if..8efb73d0
+					$..d097c41f
+				}..d179d6c3
+			});..973142b0
+..4a993b2a
+			if ..aa18ed7c
+				br..d1d31b06
+			}..3fd55939
+..4a993b2a
+			$co..2823925b
+				$m..a903f35f
+				if..71037258
+					$..74fa6fdb
+						..40a2a072
+						..82e59c76
+						..c2ff8762
+						..b387a547
+						..298a238f
+						..6a5ee7c7
+						..91b20880
+						..225527b3
+						..413a9e93
+						..5ade5626
+						..d62aba3c
+						..90adde50
+					]..405bd66d
+				}..d179d6c3
+..4a993b2a
+				$i..5279446e
+					'..abe89045
+					'..51b08ef9
+					'..23662029
+					'..e219ca5f
+					'..6e13190a
+					'..092c81ee
+					'..54b98b28
+				])..3e08fc5b
+..4a993b2a
+				$i..367faa1f
+			});..973142b0
+		}..111349d8
+..4a993b2a
+		retu..8cdfbae4
+	}..ba31b469
+..4a993b2a
+	publi..64c890ca
+		$con..43df48ee
+		$ite..48be3d89
+..4a993b2a
+		$con..c598040c
+			if ..8dcf1d89
+				th..6058dc38
+			}..3fd55939
+..4a993b2a
+			$me..5b4cf9ae
+			if ..974dbf54
+				$m..cf90c5c8
+					'..6e550941
+					'..af9552e1
+					'..56b9586f
+					'..669fcb54
+					'..d701eba3
+					'..fb3c6fbd
+					'..8841adb4
+					'..1d8a3fbf
+					'..b9a398b6
+					'..a8fcfbde
+					'..d836f041
+					'..61a0f4c2
+				];..6bb31281
+			}..3fd55939
+..4a993b2a
+			$it..b9484295
+				'i..4ac705e1
+				'o..7945d61e
+				'i..3eabf01a
+				'c..e845c009
+				'n..5ace440a
+				'd..54940c47
+				'm..42019ec5
+			])-..bd1b0aea
+		});..e28a12a1
+..4a993b2a
+		retu..72f99c40
+	}..ba31b469
+..4a993b2a
+	publi..19f19fde
+		retu..2ebed6b9
+	}..ba31b469
+}..d2cd3b91
--- /de..23a366fc
+[..8a378974
+	{..06daf9e9
+		"con..b01b8c84
+		"inp..19244990
+		"nam..072cba32
+		"out..82a61a5c
+			{..9282440a
+				"n..2da22842
+				"t..4f5049c7
+			}..3fd55939
+		],..1673b93e
+		"pay..ef03340c
+		"sta..78f3ef26
+		"typ..a52a41d6
+	},..8e20199b
+	{..06daf9e9
+		"con..b01b8c84
+		"inp..19244990
+		"nam..b429a2b3
+		"out..82a61a5c
+			{..9282440a
+				"n..2da22842
+				"t..6349cbcf
+			}..3fd55939
+		],..1673b93e
+		"pay..ef03340c
+		"sta..78f3ef26
+		"typ..a52a41d6
+	},..8e20199b
+	{..06daf9e9
+		"con..b01b8c84
+		"inp..19244990
+		"nam..75ebd590
+		"out..82a61a5c
+			{..9282440a
+				"n..2da22842
+				"t..3dcada1b
+			}..3fd55939
+		],..1673b93e
+		"pay..ef03340c
+		"sta..78f3ef26
+		"typ..a52a41d6
+	},..8e20199b
+	{..06daf9e9
+		"con..1a458cea
+		"inp..9603bfba
+			{..9282440a
+				"n..7b917735
+				"t..4f5049c7
+			},..c197b892
+			{..9282440a
+				"n..b487a60c
+				"t..6349cbcf
+			}..3fd55939
+		],..1673b93e
+		"nam..7fec6d9a
+		"out..bbd3fe9c
+		"pay..ef03340c
+		"sta..2e56ca9e
+		"typ..a52a41d6
+	},..8e20199b
+	{..06daf9e9
+		"con..b01b8c84
+		"inp..19244990
+		"nam..072fdbb3
+		"out..82a61a5c
+			{..9282440a
+				"n..2da22842
+				"t..4f5049c7
+			}..3fd55939
+		],..1673b93e
+		"pay..ef03340c
+		"sta..78f3ef26
+		"typ..a52a41d6
+	},..8e20199b
+	{..06daf9e9
+		"con..b01b8c84
+		"inp..19244990
+		"nam..7d0b2bfc
+		"out..82a61a5c
+			{..9282440a
+				"n..2da22842
+				"t..6294eeef
+			}..3fd55939
+		],..1673b93e
+		"pay..ef03340c
+		"sta..2138849b
+		"typ..a52a41d6
+	},..8e20199b
+	{..06daf9e9
+		"con..b01b8c84
+		"inp..19244990
+		"nam..0e512bb1
+		"out..82a61a5c
+			{..9282440a
+				"n..2da22842
+				"t..6349cbcf
+			}..3fd55939
+		],..1673b93e
+		"pay..ef03340c
+		"sta..78f3ef26
+		"typ..a52a41d6
+	},..8e20199b
+	{..06daf9e9
+		"con..1a458cea
+		"inp..9603bfba
+			{..9282440a
+				"n..d23e4a03
+				"t..6349cbcf
+			},..c197b892
+			{..9282440a
+				"n..fe78b681
+				"t..819dcfa3
+			}..3fd55939
+		],..1673b93e
+		"nam..e749498b
+		"out..bbd3fe9c
+		"pay..ef03340c
+		"sta..2e56ca9e
+		"typ..a52a41d6
+	},..8e20199b
+	{..06daf9e9
+		"con..1a458cea
+		"inp..9603bfba
+			{..9282440a
+				"n..0a7e9ede
+				"t..4f5049c7
+			},..c197b892
+			{..9282440a
+				"n..7b917735
+				"t..4f5049c7
+			},..c197b892
+			{..9282440a
+				"n..b487a60c
+				"t..6349cbcf
+			}..3fd55939
+		],..1673b93e
+		"nam..fdc39313
+		"out..bbd3fe9c
+		"pay..ef03340c
+		"sta..2e56ca9e
+		"typ..a52a41d6
+	},..8e20199b
+	{..06daf9e9
+		"con..1a458cea
+		"inp..9603bfba
+			{..9282440a
+				"n..a659a9d0
+				"t..4f5049c7
+			}..3fd55939
+		],..1673b93e
+		"nam..13834b76
+		"out..bbd3fe9c
+		"pay..ef03340c
+		"sta..2e56ca9e
+		"typ..a52a41d6
+	},..8e20199b
+	{..06daf9e9
+		"con..1a458cea
+		"inp..9603bfba
+			{..9282440a
+				"n..db97ce9e
+				"t..4f5049c7
+			}..3fd55939
+		],..1673b93e
+		"nam..06d58688
+		"out..bbd3fe9c
+		"pay..ef03340c
+		"sta..2e56ca9e
+		"typ..a52a41d6
+	},..8e20199b
+	{..06daf9e9
+		"con..1a458cea
+		"inp..9603bfba
+			{..9282440a
+				"n..3a7e8621
+				"t..155cb7b1
+			},..c197b892
+			{..9282440a
+				"n..d8e1cdba
+				"t..6349cbcf
+			},..c197b892
+			{..9282440a
+				"n..d39a7371
+				"t..819dcfa3
+			},..c197b892
+			{..9282440a
+				"n..b57e9048
+				"t..819dcfa3
+			},..c197b892
+			{..9282440a
+				"n..839ab295
+				"t..819dcfa3
+			},..c197b892
+			{..9282440a
+				"n..fe78b681
+				"t..819dcfa3
+			},..c197b892
+			{..9282440a
+				"n..2dbf8696
+				"t..4f5049c7
+			}..3fd55939
+		],..1673b93e
+		"nam..42732091
+		"out..bbd3fe9c
+		"pay..ef03340c
+		"sta..2e56ca9e
+		"typ..a52a41d6
+	},..8e20199b
+	{..06daf9e9
+		"con..1a458cea
+		"inp..9603bfba
+			{..9282440a
+				"n..d23e4a03
+				"t..6349cbcf
+			},..c197b892
+			{..9282440a
+				"n..74bbef30
+				"t..6349cbcf
+			},..c197b892
+			{..9282440a
+				"n..d38604c8
+				"t..6349cbcf
+			},..c197b892
+			{..9282440a
+				"n..1037bde8
+				"t..6349cbcf
+			}..3fd55939
+		],..1673b93e
+		"nam..b11af6f0
+		"out..bbd3fe9c
+		"pay..ef03340c
+		"sta..2e56ca9e
+		"typ..a52a41d6
+	},..8e20199b
+	{..06daf9e9
+		"con..1a458cea
+		"inp..19244990
+		"nam..5200850a
+		"out..bbd3fe9c
+		"pay..ef03340c
+		"sta..2e56ca9e
+		"typ..a52a41d6
+	},..8e20199b
+	{..06daf9e9
+		"con..b01b8c84
+		"inp..19244990
+		"nam..e62a81f3
+		"out..82a61a5c
+			{..9282440a
+				"n..2da22842
+				"t..6349cbcf
+			}..3fd55939
+		],..1673b93e
+		"pay..ef03340c
+		"sta..78f3ef26
+		"typ..a52a41d6
+	},..8e20199b
+	{..06daf9e9
+		"con..b01b8c84
+		"inp..9603bfba
+			{..9282440a
+				"n..2dbf8696
+				"t..4f5049c7
+			},..c197b892
+			{..9282440a
+				"n..4de6de67
+				"t..6349cbcf
+			}..3fd55939
+		],..1673b93e
+		"nam..12851cbc
+		"out..82a61a5c
+			{..9282440a
+				"n..2da3c2fe
+				"t..6349cbcf
+			}..3fd55939
+		],..1673b93e
+		"pay..ef03340c
+		"sta..78f3ef26
+		"typ..a52a41d6
+	},..8e20199b
+	{..06daf9e9
+		"con..1a458cea
+		"inp..9603bfba
+			{..9282440a
+				"n..4baa31af
+				"t..4f5049c7
+			}..3fd55939
+		],..1673b93e
+		"nam..1c5af1c8
+		"out..bbd3fe9c
+		"pay..ef03340c
+		"sta..2e56ca9e
+		"typ..a52a41d6
+	},..8e20199b
+	{..06daf9e9
+		"con..1a458cea
+		"inp..9603bfba
+			{..9282440a
+				"n..d23e4a03
+				"t..6349cbcf
+			},..c197b892
+			{..9282440a
+				"n..f08d28f0
+				"t..1de67e54
+			},..c197b892
+			{..9282440a
+				"n..58b0773f
+				"t..155cb7b1
+			},..c197b892
+			{..9282440a
+				"n..22f36415
+				"t..1de67e54
+			},..c197b892
+			{..9282440a
+				"n..4a8cf36a
+				"t..155cb7b1
+			},..c197b892
+			{..9282440a
+				"n..ac0f03b2
+				"t..155cb7b1
+			}..3fd55939
+		],..1673b93e
+		"nam..fc9515db
+		"out..bbd3fe9c
+		"pay..ef03340c
+		"sta..2e56ca9e
+		"typ..a52a41d6
+	},..8e20199b
+	{..06daf9e9
+		"con..b01b8c84
+		"inp..19244990
+		"nam..1eefe8f0
+		"out..82a61a5c
+			{..9282440a
+				"n..2da22842
+				"t..6294eeef
+			}..3fd55939
+		],..1673b93e
+		"pay..ef03340c
+		"sta..78f3ef26
+		"typ..a52a41d6
+	},..8e20199b
+	{..06daf9e9
+		"con..1a458cea
+		"inp..19244990
+		"nam..41fb920e
+		"out..bbd3fe9c
+		"pay..ef03340c
+		"sta..2e56ca9e
+		"typ..a52a41d6
+	},..8e20199b
+	{..06daf9e9
+		"con..b01b8c84
+		"inp..9603bfba
+			{..9282440a
+				"n..b487a60c
+				"t..6349cbcf
+			}..3fd55939
+		],..1673b93e
+		"nam..9ba55cae
+		"out..82a61a5c
+			{..9282440a
+				"n..4d0c2dac
+				"t..4f5049c7
+			}..3fd55939
+		],..1673b93e
+		"pay..ef03340c
+		"sta..78f3ef26
+		"typ..a52a41d6
+	},..8e20199b
+	{..06daf9e9
+		"con..1a458cea
+		"inp..9603bfba
+			{..9282440a
+				"n..d23e4a03
+				"t..6349cbcf
+			},..c197b892
+			{..9282440a
+				"n..d39a7371
+				"t..819dcfa3
+			},..c197b892
+			{..9282440a
+				"n..b57e9048
+				"t..819dcfa3
+			},..c197b892
+			{..9282440a
+				"n..839ab295
+				"t..819dcfa3
+			},..c197b892
+			{..9282440a
+				"n..fe78b681
+				"t..819dcfa3
+			},..c197b892
+			{..9282440a
+				"n..345df91b
+				"t..cd2d7803
+			},..c197b892
+			{..9282440a
+				"n..f08d28f0
+				"t..1de67e54
+			},..c197b892
+			{..9282440a
+				"n..58b0773f
+				"t..155cb7b1
+			},..c197b892
+			{..9282440a
+				"n..22f36415
+				"t..1de67e54
+			},..c197b892
+			{..9282440a
+				"n..4a8cf36a
+				"t..155cb7b1
+			},..c197b892
+			{..9282440a
+				"n..ac0f03b2
+				"t..155cb7b1
+			}..3fd55939
+		],..1673b93e
+		"nam..303e5f4a
+		"out..bbd3fe9c
+		"pay..ef03340c
+		"sta..2e56ca9e
+		"typ..a52a41d6
+	},..8e20199b
+	{..06daf9e9
+		"con..b01b8c84
+		"inp..19244990
+		"nam..f6668b7f
+		"out..82a61a5c
+			{..9282440a
+				"n..2da22842
+				"t..4f5049c7
+			}..3fd55939
+		],..1673b93e
+		"pay..ef03340c
+		"sta..78f3ef26
+		"typ..a52a41d6
+	},..8e20199b
+	{..06daf9e9
+		"con..b01b8c84
+		"inp..19244990
+		"nam..ef545459
+		"out..82a61a5c
+			{..9282440a
+				"n..2da22842
+				"t..4f5049c7
+			}..3fd55939
+		],..1673b93e
+		"pay..ef03340c
+		"sta..78f3ef26
+		"typ..a52a41d6
+	},..8e20199b
+	{..06daf9e9
+		"con..1a458cea
+		"inp..9603bfba
+			{..9282440a
+				"n..b3c846fa
+				"t..4f5049c7
+			}..3fd55939
+		],..1673b93e
+		"nam..84fe1d41
+		"out..bbd3fe9c
+		"pay..ef03340c
+		"sta..2e56ca9e
+		"typ..a52a41d6
+	},..8e20199b
+	{..06daf9e9
+		"con..b01b8c84
+		"inp..9603bfba
+			{..9282440a
+				"n..2dbf8696
+				"t..4f5049c7
+			}..3fd55939
+		],..1673b93e
+		"nam..6d6996bb
+		"out..82a61a5c
+			{..9282440a
+				"n..4b3d45cb
+				"t..6349cbcf
+			}..3fd55939
+		],..1673b93e
+		"pay..ef03340c
+		"sta..78f3ef26
+		"typ..a52a41d6
+	},..8e20199b
+	{..06daf9e9
+		"con..1a458cea
+		"inp..9603bfba
+			{..9282440a
+				"n..3ed8593a
+				"t..4f5049c7
+			}..3fd55939
+		],..1673b93e
+		"nam..a089e220
+		"out..bbd3fe9c
+		"pay..ef03340c
+		"sta..2e56ca9e
+		"typ..a52a41d6
+	},..8e20199b
+	{..06daf9e9
+		"con..1a458cea
+		"inp..9603bfba
+			{..9282440a
+				"n..d8e1cdba
+				"t..6349cbcf
+			},..c197b892
+			{..9282440a
+				"n..d39a7371
+				"t..819dcfa3
+			},..c197b892
+			{..9282440a
+				"n..b57e9048
+				"t..819dcfa3
+			},..c197b892
+			{..9282440a
+				"n..839ab295
+				"t..819dcfa3
+			},..c197b892
+			{..9282440a
+				"n..fe78b681
+				"t..819dcfa3
+			},..c197b892
+			{..9282440a
+				"n..2dbf8696
+				"t..4f5049c7
+			}..3fd55939
+		],..1673b93e
+		"nam..9c5c1734
+		"out..bbd3fe9c
+		"pay..ef03340c
+		"sta..2e56ca9e
+		"typ..a52a41d6
+	},..8e20199b
+	{..06daf9e9
+		"con..1a458cea
+		"inp..9603bfba
+			{..9282440a
+				"n..d23e4a03
+				"t..6349cbcf
+			},..c197b892
+			{..9282440a
+				"n..d39a7371
+				"t..819dcfa3
+			}..3fd55939
+		],..1673b93e
+		"nam..02442d19
+		"out..bbd3fe9c
+		"pay..ef03340c
+		"sta..2e56ca9e
+		"typ..a52a41d6
+	},..8e20199b
+	{..06daf9e9
+		"con..1a458cea
+		"inp..9603bfba
+			{..9282440a
+				"n..d23e4a03
+				"t..6349cbcf
+			},..c197b892
+			{..9282440a
+				"n..ff37959b
+				"t..4f5049c7
+			}..3fd55939
+		],..1673b93e
+		"nam..2ca11f83
+		"out..bbd3fe9c
+		"pay..ef03340c
+		"sta..2e56ca9e
+		"typ..a52a41d6
+	},..8e20199b
+	{..06daf9e9
+		"con..1a458cea
+		"inp..9603bfba
+			{..9282440a
+				"n..d23e4a03
+				"t..6349cbcf
+			},..c197b892
+			{..9282440a
+				"n..345df91b
+				"t..cd2d7803
+			}..3fd55939
+		],..1673b93e
+		"nam..b2df8183
+		"out..bbd3fe9c
+		"pay..ef03340c
+		"sta..2e56ca9e
+		"typ..a52a41d6
+	},..8e20199b
+	{..06daf9e9
+		"con..b01b8c84
+		"inp..9603bfba
+			{..9282440a
+				"n..2da22842
+				"t..6349cbcf
+			}..3fd55939
+		],..1673b93e
+		"nam..c9166dea
+		"out..82a61a5c
+			{..9282440a
+				"n..2da22842
+				"t..4f5049c7
+			}..3fd55939
+		],..1673b93e
+		"pay..ef03340c
+		"sta..78f3ef26
+		"typ..a52a41d6
+	},..8e20199b
+	{..06daf9e9
+		"con..1a458cea
+		"inp..19244990
+		"nam..b0c9bc11
+		"out..bbd3fe9c
+		"pay..ef03340c
+		"sta..2e56ca9e
+		"typ..a52a41d6
+	},..8e20199b
+	{..06daf9e9
+		"con..b01b8c84
+		"inp..9603bfba
+			{..9282440a
+				"n..bc5b9c4e
+				"t..6349cbcf
+			}..3fd55939
+		],..1673b93e
+		"nam..ff087451
+		"out..82a61a5c
+			{..9282440a
+				"n..cb69aa18
+				"t..6349cbcf
+			},..c197b892
+			{..9282440a
+				"n..b775821d
+				"t..6349cbcf
+			},..c197b892
+			{..9282440a
+				"n..2b2ad78f
+				"t..6349cbcf
+			},..c197b892
+			{..9282440a
+				"n..3ffc25a5
+				"t..6349cbcf
+			},..c197b892
+			{..9282440a
+				"n..d065b2e6
+				"t..6349cbcf
+			},..c197b892
+			{..9282440a
+				"n..721f101a
+				"t..6349cbcf
+			},..c197b892
+			{..9282440a
+				"n..0dbea1b1
+				"t..6349cbcf
+			},..c197b892
+			{..9282440a
+				"n..c264bb0a
+				"t..6349cbcf
+			},..c197b892
+			{..9282440a
+				"n..1fa8d114
+				"t..6349cbcf
+			},..c197b892
+			{..9282440a
+				"n..526b8b5b
+				"t..6349cbcf
+			},..c197b892
+			{..9282440a
+				"n..c0dd282e
+				"t..6349cbcf
+			},..c197b892
+			{..9282440a
+				"n..60be35cf
+				"t..6349cbcf
+			}..3fd55939
+		],..1673b93e
+		"pay..ef03340c
+		"sta..78f3ef26
+		"typ..a52a41d6
+	},..8e20199b
+	{..06daf9e9
+		"con..1a458cea
+		"inp..19244990
+		"nam..e9e8a406
+		"out..bbd3fe9c
+		"pay..ef03340c
+		"sta..2e56ca9e
+		"typ..a52a41d6
+	},..8e20199b
+	{..06daf9e9
+		"con..b01b8c84
+		"inp..19244990
+		"nam..12c31104
+		"out..82a61a5c
+			{..9282440a
+				"n..2da22842
+				"t..3dcada1b
+			}..3fd55939
+		],..1673b93e
+		"pay..ef03340c
+		"sta..78f3ef26
+		"typ..a52a41d6
+	},..8e20199b
+	{..06daf9e9
+		"con..1a458cea
+		"inp..9603bfba
+			{..9282440a
+				"n..d23e4a03
+				"t..6349cbcf
+			},..c197b892
+			{..9282440a
+				"n..d39a7371
+				"t..819dcfa3
+			},..c197b892
+			{..9282440a
+				"n..b57e9048
+				"t..819dcfa3
+			},..c197b892
+			{..9282440a
+				"n..839ab295
+				"t..819dcfa3
+			},..c197b892
+			{..9282440a
+				"n..fe78b681
+				"t..819dcfa3
+			},..c197b892
+			{..9282440a
+				"n..345df91b
+				"t..cd2d7803
+			}..3fd55939
+		],..1673b93e
+		"nam..18bdf6db
+		"out..bbd3fe9c
+		"pay..ef03340c
+		"sta..2e56ca9e
+		"typ..a52a41d6
+	},..8e20199b
+	{..06daf9e9
+		"con..1a458cea
+		"inp..9603bfba
+			{..9282440a
+				"n..d23e4a03
+				"t..6349cbcf
+			},..c197b892
+			{..9282440a
+				"n..839ab295
+				"t..819dcfa3
+			}..3fd55939
+		],..1673b93e
+		"nam..1a71fe7e
+		"out..bbd3fe9c
+		"pay..ef03340c
+		"sta..2e56ca9e
+		"typ..a52a41d6
+	},..8e20199b
+	{..06daf9e9
+		"con..1a458cea
+		"inp..9603bfba
+			{..9282440a
+				"n..7b917735
+				"t..4f5049c7
+			},..c197b892
+			{..9282440a
+				"n..b487a60c
+				"t..6349cbcf
+			}..3fd55939
+		],..1673b93e
+		"nam..47460b1a
+		"out..bbd3fe9c
+		"pay..ef03340c
+		"sta..2e56ca9e
+		"typ..a52a41d6
+	},..8e20199b
+	{..06daf9e9
+		"con..b01b8c84
+		"inp..9603bfba
+			{..9282440a
+				"n..2da22842
+				"t..6349cbcf
+			}..3fd55939
+		],..1673b93e
+		"nam..d6f6644d
+		"out..82a61a5c
+			{..9282440a
+				"n..2da22842
+				"t..4f5049c7
+			}..3fd55939
+		],..1673b93e
+		"pay..ef03340c
+		"sta..78f3ef26
+		"typ..a52a41d6
+	},..8e20199b
+	{..06daf9e9
+		"con..b01b8c84
+		"inp..19244990
+		"nam..e5f322fc
+		"out..82a61a5c
+			{..9282440a
+				"n..2da22842
+				"t..6349cbcf
+			}..3fd55939
+		],..1673b93e
+		"pay..ef03340c
+		"sta..78f3ef26
+		"typ..a52a41d6
+	},..8e20199b
+	{..06daf9e9
+		"con..b01b8c84
+		"inp..19244990
+		"nam..9cfa285d
+		"out..82a61a5c
+			{..9282440a
+				"n..2da22842
+				"t..6349cbcf
+			}..3fd55939
+		],..1673b93e
+		"pay..ef03340c
+		"sta..78f3ef26
+		"typ..a52a41d6
+	},..8e20199b
+	{..06daf9e9
+		"con..b01b8c84
+		"inp..19244990
+		"nam..ab2c1cfe
+		"out..82a61a5c
+			{..9282440a
+				"n..2da22842
+				"t..4f5049c7
+			}..3fd55939
+		],..1673b93e
+		"pay..ef03340c
+		"sta..78f3ef26
+		"typ..a52a41d6
+	},..8e20199b
+	{..06daf9e9
+		"con..b01b8c84
+		"inp..19244990
+		"nam..336797ad
+		"out..82a61a5c
+			{..9282440a
+				"n..2da22842
+				"t..6349cbcf
+			}..3fd55939
+		],..1673b93e
+		"pay..ef03340c
+		"sta..78f3ef26
+		"typ..a52a41d6
+	},..8e20199b
+	{..06daf9e9
+		"con..1a458cea
+		"inp..9603bfba
+			{..9282440a
+				"n..d8e1cdba
+				"t..6349cbcf
+			},..c197b892
+			{..9282440a
+				"n..d39a7371
+				"t..819dcfa3
+			},..c197b892
+			{..9282440a
+				"n..b57e9048
+				"t..819dcfa3
+			},..c197b892
+			{..9282440a
+				"n..839ab295
+				"t..819dcfa3
+			},..c197b892
+			{..9282440a
+				"n..fe78b681
+				"t..819dcfa3
+			}..3fd55939
+		],..1673b93e
+		"nam..7fc4fd9c
+		"out..bbd3fe9c
+		"pay..ef03340c
+		"sta..2e56ca9e
+		"typ..a52a41d6
+	},..8e20199b
+	{..06daf9e9
+		"con..1a458cea
+		"inp..19244990
+		"nam..72f5cbae
+		"out..bbd3fe9c
+		"pay..ef03340c
+		"sta..2e56ca9e
+		"typ..a52a41d6
+	},..8e20199b
+	{..06daf9e9
+		"con..1a458cea
+		"inp..9603bfba
+			{..9282440a
+				"n..b3c846fa
+				"t..4f5049c7
+			}..3fd55939
+		],..1673b93e
+		"nam..78c12a8c
+		"out..bbd3fe9c
+		"pay..ef03340c
+		"sta..2e56ca9e
+		"typ..a52a41d6
+	},..8e20199b
+	{..06daf9e9
+		"con..1a458cea
+		"inp..9603bfba
+			{..9282440a
+				"n..d23e4a03
+				"t..6349cbcf
+			},..c197b892
+			{..9282440a
+				"n..b57e9048
+				"t..819dcfa3
+			}..3fd55939
+		],..1673b93e
+		"nam..b9384796
+		"out..bbd3fe9c
+		"pay..ef03340c
+		"sta..2e56ca9e
+		"typ..a52a41d6
+	},..8e20199b
+	{..06daf9e9
+		"con..b01b8c84
+		"inp..19244990
+		"nam..7c5f807b
+		"out..82a61a5c
+			{..9282440a
+				"n..2da22842
+				"t..6294eeef
+			}..3fd55939
+		],..1673b93e
+		"pay..ef03340c
+		"sta..78f3ef26
+		"typ..a52a41d6
+	},..8e20199b
+	{..06daf9e9
+		"con..b01b8c84
+		"inp..19244990
+		"nam..476f612d
+		"out..82a61a5c
+			{..9282440a
+				"n..2da22842
+				"t..4f5049c7
+			}..3fd55939
+		],..1673b93e
+		"pay..ef03340c
+		"sta..78f3ef26
+		"typ..a52a41d6
+	},..8e20199b
+	{..06daf9e9
+		"con..b01b8c84
+		"inp..19244990
+		"nam..e431fa80
+		"out..82a61a5c
+			{..9282440a
+				"n..2da22842
+				"t..6349cbcf
+			}..3fd55939
+		],..1673b93e
+		"pay..ef03340c
+		"sta..78f3ef26
+		"typ..a52a41d6
+	},..8e20199b
+	{..06daf9e9
+		"con..b01b8c84
+		"inp..19244990
+		"nam..0bcac6f2
+		"out..82a61a5c
+			{..9282440a
+				"n..2da22842
+				"t..6349cbcf
+			}..3fd55939
+		],..1673b93e
+		"pay..ef03340c
+		"sta..78f3ef26
+		"typ..a52a41d6
+	},..8e20199b
+	{..06daf9e9
+		"inp..19244990
+		"pay..ef03340c
+		"sta..2e56ca9e
+		"typ..4630bba7
+	},..8e20199b
+	{..06daf9e9
+		"pay..58fa1612
+		"sta..51f940ae
+		"typ..5877ec2b
+	},..8e20199b
+	{..06daf9e9
+		"ano..a20e5f0e
+		"inp..9603bfba
+			{..9282440a
+				"i..4761d179
+				"n..1cf83b09
+				"t..6349cbcf
+			}..3fd55939
+		],..1673b93e
+		"nam..43b23ede
+		"typ..2b3b06b5
+	},..8e20199b
+	{..06daf9e9
+		"ano..a20e5f0e
+		"inp..9603bfba
+			{..9282440a
+				"i..22802b00
+				"n..0b208bb5
+				"t..4f5049c7
+			},..c197b892
+			{..9282440a
+				"i..22802b00
+				"n..b56c3371
+				"t..4f5049c7
+			},..c197b892
+			{..9282440a
+				"i..22802b00
+				"n..2da3c2fe
+				"t..6349cbcf
+			}..3fd55939
+		],..1673b93e
+		"nam..d1206ffc
+		"typ..2b3b06b5
+	},..8e20199b
+	{..06daf9e9
+		"ano..a20e5f0e
+		"inp..9603bfba
+			{..9282440a
+				"i..22802b00
+				"n..4d0c2dac
+				"t..4f5049c7
+			},..c197b892
+			{..9282440a
+				"i..22802b00
+				"n..72fe75a7
+				"t..4f5049c7
+			},..c197b892
+			{..9282440a
+				"i..22802b00
+				"n..2da3c2fe
+				"t..6349cbcf
+			}..3fd55939
+		],..1673b93e
+		"nam..d62cbfbd
+		"typ..2b3b06b5
+	},..8e20199b
+	{..06daf9e9
+		"ano..a20e5f0e
+		"inp..9603bfba
+			{..9282440a
+				"i..22802b00
+				"n..4d0c2dac
+				"t..4f5049c7
+			},..c197b892
+			{..9282440a
+				"i..4761d179
+				"n..1cf83b09
+				"t..6349cbcf
+			},..c197b892
+			{..9282440a
+				"i..4761d179
+				"n..0dbea1b1
+				"t..6349cbcf
+			}..3fd55939
+		],..1673b93e
+		"nam..b8e833fc
+		"typ..2b3b06b5
+	},..8e20199b
+	{..06daf9e9
+		"ano..a20e5f0e
+		"inp..9603bfba
+			{..9282440a
+				"i..4761d179
+				"n..2da533ba
+				"t..4f5049c7
+			}..3fd55939
+		],..1673b93e
+		"nam..9e8a944b
+		"typ..2b3b06b5
+	}..ba31b469
+]..a4c27871