-		// D..cfbf03fe
-		if (..656b6bb4
-			if ..98705e6d
-				ht..26323dd2
-				ex..46fda942
-			} e..ac4e3fb2
-		} //..dd9bffb0
-		else..ca18aab4
-			if ..217d14b0
-				$p..82261039
-				//..32cfc7b4
-				sw..0bee3d1c
-					c..aa38f747
-						..08978fbb
-						..c815e0b0
-						..d4c006b6
-						..76c56576
-						..f0394823
-						..b6d85ae9
-					c..cc9e747c
-						..81ce1a28
-						..57ac8ade
-					d..686eafb4
-						..7a92160b
-						..b7bc8524
-						..7fef6dc1
-						..b6d85ae9
+		// R..b76af56a
+		if (..68d628c7
+			// ..10e075cc
+			if ..f5c1a450
+				if..227eaab3
+					h..677db882
+					e..e9075c6c
+				} ..42584d19
+			} /..861be462
+			els..b191df5b
+				if..4c358e5b
+					$..2efa9699
+					/..8af6c451
+					s..5f8f1bd0
+						..ee27e595
+						..beb7c386
+						..4882010f
+						..301dea77
+						..52e40906
+						..5939d38b
+						..8b15143b
+						..73dc3c3a
+						..dbf1aaf4
+						..10a47691
+						..a7aeb8a3
+						..df402b9f
+						..9080dc1a
+						..55db72d0
+						..8b15143b
+					}..d736f925