-	prote..331c760a
+	prote..12f41827
+		Ethe..2b3cdb5f
-		whil..807b91db
+		whil..f95a0d6a
-					$..04533db7
-					(..ffe94574
+					i..49d4894d
+						..8949fbb3
+						..1cf11b05
+					}..1dc0266f
+						..b1882a4f
+						..e67f99dc
+					}..d736f925
-		whil..807b91db
+		whil..f95a0d6a
-	const..4dcdbcf9
-	const..efd16e67
-	const..f17248bd
-	const..0576f766
-	const..b08face7
+	const..6202470d
+	const..c56d4be7
+	const..88179163
+	const..5173a6fc
+	const..8422fcfc
--- /de..23a366fc
+<?php..a76a877c
+..4a993b2a
+namesp..f7dd2723
+..4a993b2a
+use Ex..d91542ca
+..4a993b2a
+class ..9eb47ddf
+..4a993b2a
+	/**..0a3ad986
+	 * Re..8c18df11
+	 *..6cae6572
+	 * @p..3700027a
+	 * @p..72ab4f21
+	 * @r..a211a21d
+	 */..075aa184
+	publi..47806cb7
+		retu..547eba8f
+	}..ba31b469
+}..d2cd3b91
+use We..38caa374
+		Conn..c1d07713
+..4a993b2a
+		//..93cf7a31
+		Api\..c2f8b0ad
+		Api\..941b7a48
+		Api\..abe058a1
+		Api\..015b3492
+		Api\..06741745
+		Api\..36fa61a5
+		Api\..6c1ef713
+		Api\..06741745
+..4a993b2a
+		Gene..1b05a7b4
-		'pas..aece1ed5
-		if (..9b6e85f8
+		if (..342e00c5
+			ret..39505fcb
+		else..ef056e4a
-			$pl..61e7541c
+			$pl..536097ea
+use En..901786a1
+		Ethe..2b3cdb5f
+		// O..70dc2e70
+		$rem..2757f6d5
+		whil..1e50f4ee
+			$re..6bc7bb61
+			sle..fac2e1fa
+..4a993b2a
+			// ..0fe9bb7c
+			if ..26f9cb9a
+		}..111349d8
+..4a993b2a
+		// E..1b06488d
+		if (..9a5b0377
+			$th..62e507e4
+			exi..19f36074
+		}..111349d8
+..4a993b2a
+	priva..9883b91c
+		$mes..4cc5bb63
+		$sla..d6490e2d
+		$sla..8ab0d931
+		$sla..5b99e0df
+		$sla..914c2bae
+		if (..c02ab31d
+			$sl..0c946dbb
+			$sl..58aad188
+		}..111349d8
+		$sla..a1f2cde5
+	}..ba31b469
+..4a993b2a
-			if ..444f88e3
+			if ..abb1acef
-			sel..31e1b12c
+			sel..c1b34b5f
-			'ch..d3a72da6
+			'na..54c3995e
+			'ch..b415fabb
-			'ur..bf9dcbec
-			'us..1d6ff803
+			'ur..85ceac8d
+			'us..2c1c501d
-			'le..83c4c83b
+			'le..7e4a7026