-	 * @p..c4025c89
+	 * @p..125a5b54
-	 * @p..c4025c89
+	 * @p..125a5b54
-		if (..3314e6c2
+		if (..f55c513f
-		} el..871602ac
+		} el..b8cd8b4a
-..a4377f4b
-	publi..a8e77bd3
-		$tok..712e03b7
-			->w..82d6035a
-			->f..83a8b081
-..a4377f4b
-		$sel..12fba627
+	priva..1be7f3d1
+		retu..0231acfc
-				'e..ae4fcfd7
-				'e..b7cd2ae8
-				'e..33faa3ea
-				'e..5be9e015
-				'e..0cdbd013
-				'e..c8559bc5
-				'e..fbc84a01
-				'e..a55714f2
-				'e..0e7e2cf6
-				'e..2371e44b
+				'e..0eccbb85
+				'e..dea1a892
+				'e..bb74cf89
+				'e..34bc6609
+				'e..8ef16102
+				'e..279d9004
+				'e..de86e454
+				'e..8b094522
+				'e..7932ab75
+				'e..ca91a555
-			->w..9e2dcafe
-			->o..b1468453
-			->l..49cdc9e8
+			->o..6a2e3add
+	}..de51ee8f
-		if (..bbe11db4
+	publi..945c2be3
+		$tok..2c215ab7
+			->w..6516fd45
+			->f..dfb8061b
-		$sel..1bf57b59
-			$qu..3d86eb21
-				->..7ba0260c
-		});..4cebb948
+		$sel..e2a3af43
+			->w..0a162f7a
+			->l..ba8e1607
+..0bd8b7cf
+		// s..22dd5f32
+		if (..58192861
+		// p..d6459d5a
-		$tra..5c12fb23
+		// g..adf4cb85
+		$sel..4a4ebd50
+		$sel..b80ffe90
+..0bd8b7cf
+		// g..c8391d93
+		$sel..e9097289
+		$sel..644866c4
+..0bd8b7cf
+		// c..ae59cd86
+		$tra..bd9bdfbd
+..0bd8b7cf
+		// o..549b8eb2
+		arra..468d7d59
+..0bd8b7cf
+		// l..6f9dfec2
+		$tra..ef2cfbf2
+..0bd8b7cf
+		// f..5ef889ab