+++ /de..22126424
-<?php..407ba9ba
-..8286ed5a
-namesp..4da7d99d
-..8286ed5a
-use En..4e449dab
-use En..4093f27a
-use Il..b30cbf75
-use En..be91ac5c
-use En..0b5e092f
-use En..06a510df
-use Il..05409517
-..8286ed5a
-class ..ff957619
-..8286ed5a
-	priva..ff00994a
-..8286ed5a
-	/**..d2a085fb
-	 * Th..97ed539f
-	 *..cdaff8de
-	 * @v..95644cf9
-	 */..002ea849
-	prote..3bec572a
-..8286ed5a
-	/**..d2a085fb
-	 * Th..66afd006
-	 *..cdaff8de
-	 * @v..95644cf9
-	 */..002ea849
-	prote..ea852596
-..8286ed5a
-	/**..d2a085fb
-	 * Cr..674ac8f2
-	 *..cdaff8de
-	 * @r..87b0f664
-	 */..002ea849
-	publi..ade38a8e
-		pare..6a7745a6
-	}..7499d2e8
-..8286ed5a
-	/**..d2a085fb
-	 * Ex..c6ce098d
-	 *..cdaff8de
-	 * @r..7d207900
-	 */..002ea849
-	publi..e6747cc2
-		$tim..648229a5
-		$thi..8cb025ac
-..8286ed5a
-		$rop..9906ce19
-		if (..fde539d5
-..8286ed5a
-		$thi..0aa0080f
-		$thi..7af6478f
-..8286ed5a
-		$las..6db3e228
-		$cur..60cd011d
-		$end..e3f868b1
-..8286ed5a
-		do {..509e415c
-			$it..00970415
-			whi..a2698545
-				$t..580657a5
-..8286ed5a
-				//..7219dd47
-				if..9e4e97b0
-					$..3b2576b1
-					b..8e8cf403
-				}..2a6a2a93
-..8286ed5a
-				$b..59210274
-				$t..49236a30
-..8286ed5a
-				//..d1202d8e
-				$t..4756db9f
-..8286ed5a
-				//..da10c8d9
-				$t..599565b2
-..8286ed5a
-				//..d1d13fe4
-				if..c81f5996
-					$..a122347e
-				}..2a6a2a93
-..8286ed5a
-				//..f8b84608
-				fo..2a3e7c51
-					$..8c7be749
-..8286ed5a
-					/..21ddb25c
-					$..65290ec9
-..8286ed5a
-					/..c3b3ac7d
-					i..5dbc86e7
-						..1791c4ed
-..8286ed5a
-						..7681e663
-						..6e680fc1
-						..bbf183eb
-					}..cd4d5a2b
-..8286ed5a
-					/..29eee8fd
-					/..3cae599f
-					$..1aca24e3
-					i..30440f80
-						..bf743d2a
-					}..cd4d5a2b
-					*..cc5fceed
-..8286ed5a
-					/..1b8e7bdf
-					i..edac47b8
-						..6b6b94ab
-					}..cd4d5a2b
-				}..2a6a2a93
-..8286ed5a
-				//..5d6930df
-				if..96e7abb6
-					$..7ee529e3
-					b..742a7224
-				}..2a6a2a93
-..8286ed5a
-				//..7c5da84e
-				if..99d48435
-					$..c1847334
-					b..742a7224
-				}..2a6a2a93
-..8286ed5a
-				$c..00e0cb0c
-			}..85680cde
-..8286ed5a
-			sle..20373f1d
-			$it..2c50507e
-			$ti..d21265d8
-			if ..3ad77ed5
-		} wh..b71c0213
-..8286ed5a
-		$tim..8a4e84bb
-		$ela..26a19eff
-		$thi..23ed4d1c
-	}..7499d2e8
-..8286ed5a
-	priva..65224b69
-		try ..4e036b15
-			$bl..d95d39b6
-			$th..95379532
-				->..407a9c84
-					'..2523648b
-					'..49cd0eb4
-					'..2b36b751
-					'..df5d4779
-					'..333423ee
-					'..80db92ee
-					'..e812331e
-					'..90573c78
-					'..9c920466
-					'..8024d706
-					'..752e2255
-					'..b49925c8
-					'..b3b7d7d4
-					'..8d282c68
-					'..e3e4d26c
-					'..2854225b
-					'..6766d4b4
-					'..c756352d
-					'..ed19158c
-				])..d5e2c33d
-		} ca..96bb08ff
-			// ..4808bedc
-		}..3cacd028
-	}..7499d2e8
-..8286ed5a
-	priva..8e18820d
-		fore..030608fb
-			if ..f21792fe
-				tr..22b11c3a
-					$..8ce6d95a
-						..f064f870
-						..158cb9f1
-						..099c8229
-						..c4a797d7
-						..6984d5b8
-						..863bd5af
-						..d4d94676
-						..e8d36056
-						..5042b8cb
-						..b3363165
-						..9caa05bb
-						..55559567
-						..07bc4da4
-						..e4bb51ba
-						..71924a22
-						..9eba1bee
-						..fedec692
-						..1645b4c6
-						..482fd585
-						..abd172b8
-						..852ac457
-						..10b82c70
-				} ..e2b73651
-					/..71eec31b
-				}..2a6a2a93
-			}..85680cde
-		}..3cacd028
-	}..7499d2e8
-..8286ed5a
-	priva..b8fbd751
-		$blo..5003c481
-..8286ed5a
-		// r..a6b4e003
-		$sta..d280f1df
-		if (..96015ec3
-			$st..f8cddc62
-		}..3cacd028
-..8286ed5a
-		try ..4e036b15
-			$th..b2c09076
-				->..407a9c84
-					'..6a5a6076
-					'..d492c7b6
-					'..d79c174a
-					'..b3f8d419
-					'..0400ff2e
-					'..99269e68
-					'..d70d6d18
-					'..b72e6632
-					'..a8a9c4c1
-					'..17c68511
-					'..30559966
-					'..ac53137a
-					'..191046f3
-					'..b03ff20d
-					'..20fecf28
-					'..1b11a125
-				])..d5e2c33d
-		} ca..96bb08ff
-			// ..bfb84f75
-		}..3cacd028
-..8286ed5a
-		$thi..1303bb99
-		if (..d739066e
-		if (..7b8032e8
-..8286ed5a
-		$thi..35f4f04a
-		if (..7bf59777
-	}..7499d2e8
-..8286ed5a
-	priva..4b211809
-		$blo..5003c481
-..8286ed5a
-		$par..c4eb3032
-		$tra..7027423c
-		fore..70ad903b
-			$ev..9fecd095
-				'b..e0b02072
-				't..665b24ac
-				't..cd72beac
-				's..33840ae1
-				't..ea5a6631
-				'p..c7e64524
-				't..dec99d83
-				'f..cb85ae2a
-				't..0f68fd2e
-				'a..da0647bd
-				'r..68539a48
-			];..0ef7bded
-..8286ed5a
-			try..c77ae010
-				$t..c098aacd
-					-..2eafefac
-..8286ed5a
-				if..48c3955f
-					$..3c30105d
-			} c..586413d7
-				if..eef3f7bf
-					$..66a76bcd
-						..4884b08f
-						..e45b1ad1
-						..8f261553
-						..bb543164
-						..dd76d3de
-..8286ed5a
-					/..76c25527
-					i..48b88416
-						..105a37a3
-					}..cd4d5a2b
-..8286ed5a
-					$..234ca305
-				}..2a6a2a93
-			}..85680cde
-..8286ed5a
-			$tr..ebc01aef
-		}..3cacd028
-	}..7499d2e8
-..8286ed5a
-	priva..8b42d89d
-		fore..6b6e12e3
-			$to..985e9d55
-			for..417f2166
-				if..4aa3df29
-					$..70bd69df
-				}..2a6a2a93
-			}..85680cde
-..8286ed5a
-			$ne..a2e49ee5
-				'l..2f4baf65
-				'b..3d5d8678
-				'b..dbf7784f
-				't..bcce63b1
-				't..e6c2091b
-				'a..3928e36b
-				'd..1a595718
-				't..d0d6f157
-				't..d222b98c
-				't..90e8683a
-				't..fb454a99
-				'r..3a2f4421
-			);..9c00f9c8
-..8286ed5a
-			// ..feeb2a7c
-			$ne..cf2264e0
-			if ..4baa7698
-				if..cb55cdd7
-				if..2b9b56d9
-			}..85680cde
-..8286ed5a
-			// ..3944849b
-			if ..ef59d41d
-				fo..3841cc75
-					t..2c1b6058
-						..13652a1f
-						..ca31c86e
-						..a3246e27
-						..b43ca5e4
-						..52b0be2d
-						..6c6b4f53
-					}..f7b5648f
-						..13652a1f
-						..949cd78c
-						..467ff958
-						..405899d7
-						..1b9406c3
-						..52b0be2d
-						..6c6b4f53
-					}..cd4d5a2b
-				}..2a6a2a93
-			}..85680cde
-..8286ed5a
-			try..c77ae010
-				$t..829906c0
-					-..44d1dc00
-			} c..586413d7
-				//..71ef3f0c
-			}..85680cde
-		}..3cacd028
-	}..7499d2e8
-..8286ed5a
-	priva..bd510282
-		$kit..58e36d6a
-		fore..6b6e12e3
-			$bl..becbdd7f
-..8286ed5a
-			// ..4e4ee554
-			$to..985e9d55
-			for..417f2166
-				if..4aa3df29
-					$..70bd69df
-				}..2a6a2a93
-			}..85680cde
-..8286ed5a
-			// ..472e1e86
-			$da..3ad1dfa9
-			$da..643848cd
-			if ..b0c1e804
-				$d..c66b6cb0
-				$d..f360e966
-				fo..cf49a294
-					i..a23c4994
-					e..b67cf80c
-					e..0a217b35
-					e..d7ef9f39
-				}..2a6a2a93
-			}..85680cde
-..8286ed5a
-			// ..869f760f
-			if ..dea9cb57
-				if..ef53c65c
-					$..c9820600
-					$..f48e4b7f
-				}..2a6a2a93
-..8286ed5a
-				if..e7e04264
-					$..5a10e276
-					$..985ff770
-				}..2a6a2a93
-..8286ed5a
-				if..2a99bd43
-					$..7380aa28
-				}..2a6a2a93
-			}..85680cde
-..8286ed5a
-			$ne..a2e49ee5
-				'l..2f4baf65
-				'b..e0b02072
-				'b..dbf7784f
-				't..bcce63b1
-				't..e6c2091b
-				'a..3928e36b
-				't..d0d6f157
-				't..d222b98c
-				't..90e8683a
-				't..fb454a99
-				'd..3aaa7360
-				'd..67166c40
-				'd..d56abf0a
-				'd..aa0e1d80
-				'r..3a2f4421
-			);..9c00f9c8
-..8286ed5a
-			// ..feeb2a7c
-			$ne..cf2264e0
-			if ..4baa7698
-				if..cb55cdd7
-				if..2b9b56d9
-			}..85680cde
-..8286ed5a
-			// ..3944849b
-			if ..ef59d41d
-				fo..3841cc75
-					t..2c1b6058
-						..13652a1f
-						..ca31c86e
-						..a3246e27
-						..b43ca5e4
-						..52b0be2d
-						..6c6b4f53
-					}..f7b5648f
-						..13652a1f
-						..949cd78c
-						..467ff958
-						..405899d7
-						..1b9406c3
-						..52b0be2d
-						..6c6b4f53
-					}..cd4d5a2b
-				}..2a6a2a93
-			}..85680cde
-..8286ed5a
-			try..c77ae010
-				$t..4a7a1314
-					-..44d1dc00
-			} c..586413d7
-				//..71ef3f0c
-			}..85680cde
-		}..3cacd028
-..8286ed5a
-		// i..6339b028
-		if (..764f8b02
-			$th..b2671fd0
-				->..0ead3e11
-				->..dca76d2e
-					'..58c0305b
-				])..d5e2c33d
-		}..3cacd028
-	}..7499d2e8
-..8286ed5a
-	priva..8dc33ee3
-		if (..6f24782e
-		if (..44641b9d
-		$blo..00a8b945
-..8286ed5a
-		try ..4e036b15
-			$th..628d392c
-				->..407a9c84
-					'..cbfd31a7
-					'..0bb11c00
-					'..f48bbb7f
-					'..7bd81ac7
-					'..10458b47
-					'..1ceb8f0b
-				])..d5e2c33d
-		} ca..96bb08ff
-			$th..628d392c
-				->..b9d22c56
-				->..dca76d2e
-					'..19b1cc35
-					'..0fda23e4
-					'..08908402
-					'..1ceb8f0b
-					'..513632dd
-				])..d5e2c33d
-		}..3cacd028
-	}..7499d2e8
-..8286ed5a
-	priva..97d6f707
-		if (..8fec3594
-			$ty..d16cc745
-		}..3cacd028
-..8286ed5a
-		try ..4e036b15
-			$th..017a5629
-				->..407a9c84
-					'..cbfd31a7
-					'..d492c7b6
-					'..0bb11c00
-				])..d5e2c33d
-		} ca..96bb08ff
-..8286ed5a
-		}..3cacd028
-	}..7499d2e8
-..8286ed5a
-	priva..fc25d57c
-		$con..cdda85cb
-		if (..4f8bb3a4
-			try..c77ae010
-				$n..75ae1d2e
-				$d..22c54641
-				if..4fa662ae
-					$..e805648a
-				} ..aadbff2b
-					$..2c4e4017
-					i..6a03e825
-						..c05eaeb3
-						..b843c4d9
-						..c410003f
-						..bbf183eb
-					}..edfef2fd
-						..8d04d877
-					}..cd4d5a2b
-				}..2a6a2a93
-..8286ed5a
-				$i..b12d60af
-				$t..235b9b9a
-					-..54590d9b
-						..f148d691
-						..4c5cfc78
-						..ffbbef88
-						..ad1bca69
-						..c873d707
-						..1d804b46
-						..464df993
-						..7e72d4c7
-						..6f88ceca
-						..3a6d5f0e
-					]..3786bccf
-			} c..586413d7
-				//..108c912a
-			}..85680cde
-		} el..1b8fba51
-			// ..4869661c
-		}..3cacd028
-	}..7499d2e8
-}..a424bf02
+	const..c10a1c1a
-use En..5ab170dc
+use En..f0adb8fe
-		$thi..f62ad496
+		$thi..f02607d2
-	/**..d2a085fb
-	 * @d..a7bd3cd4
-	 * @p..9b14ae83
-	 * @r..bb64cd1a
-	 */..002ea849
-	publi..05e76034
-		retu..979b673c
-	}..7499d2e8
-..8286ed5a
-	/**..d2a085fb
-	 * @d..98463bef
-	 * @p..9b14ae83
-	 * @p..69e0b93a
-	 * @p..dd36d133
-	 * @p..593294f0
-	 * @p..e1e50c39
-	 * @t..39019960
-	 * @r..7d207900
-	 */..002ea849
-	publi..a997c7f8
-		$mod..9b22f34a
-		retu..dd50cdc5
-	}..7499d2e8
-..8286ed5a
-	/**..d2a085fb
-	 * @d..0b933ce0
-	 * @p..9b14ae83
-	 * @p..69e0b93a
-	 * @p..cc1cbd60
-	 * @p..dd36d133
-	 * @p..adecc082
-	 * @p..de9315c1
-	 * @p..e1e50c39
-	 * @t..39019960
-	 * @r..bb64cd1a
-	 */..002ea849
-	publi..b6560b29
-		$mod..9b22f34a
-		retu..06f408e0
-	}..7499d2e8
-..8286ed5a
-	/**..d2a085fb
-	 * @d..bdab178e
-	 * @p..59b24d52
-	 * @p..456ec1dd
-	 * @p..ffd2af58
-	 * @p..69e0b93a
-	 * @p..22710ef2
-	 * @t..39019960
-	 * @r..bb64cd1a
-	 */..002ea849
-	publi..5f287d34
-		$mod..9b22f34a
-		retu..b48f79c6
-	}..7499d2e8
-..8286ed5a
-	/**..d2a085fb
-	 * @d..c74530ef
-	 * @p..69e0b93a
-	 * @p..9b14ae83
-	 * @r..7d207900
-	 * @t..7c456b29
-	 */..002ea849
-	publi..1c1c7bd1
-		$mod..9b22f34a
-		retu..c6a00b40
-	}..7499d2e8
-..8286ed5a
-	/**..d2a085fb
-	 * @d..7cd6d2b0
-	 * @p..15c0088f
-	 * @p..69e0b93a
-	 * @p..9b14ae83
-	 * @r..7d207900
-	 * @t..7c456b29
-	 */..002ea849
-	publi..bf4a0113
-		$mod..9b22f34a
-		retu..4551998a
-	}..7499d2e8
-..8286ed5a
-	/**..d2a085fb
-	 * Re..cc0fd63e
-	 *..cdaff8de
-	 * @p..69e0b93a
-	 * @r..63cb83f4
-	 * @t..7c456b29
-	 */..002ea849
-	priva..2db9311e
-		// V..57b87907
-		if (..6b2cbb55
-..8286ed5a
-		// R..1f2e6cd4
-		swit..fbf19963
-			cas..2d9675a9
-				re..a200a36f
-			cas..77f75192
-				re..3610e02f
-			cas..f7f7ecae
-			cas..ccfd3e6f
-				re..3907513d
-		}..3cacd028
-..8286ed5a
-		retu..73709d79
-	}..7499d2e8
-..8286ed5a
--- /de..2de5f4d8
+<?php..05ee11b9
+..dfc395b7
+namesp..548a3d07
+..dfc395b7
+use En..4407c30b
+use En..44b43809
+use En..365e0ab3
+use En..28708176
+use En..f0adb8fe
+use En..2f556a16
+use We..e0cdf0dd
+..dfc395b7
+class ..2f4cf2b3
+..dfc395b7
+	prote..8ef23ba6
+	prote..065a1a08
+	prote..28fb6968
+..dfc395b7
+	publi..abd37e3f
+		$thi..3ebed749
+		$thi..06949f0c
+		$thi..f02607d2
+	}..50a5b84d
+..dfc395b7
+	publi..8f2b82ca
+		retu..ba9bfe42
+	}..50a5b84d
+..dfc395b7
+	/**..7a0dcc32
+	 * @d..8d4f090c
+	 * @p..19d021d1
+	 * @r..263c0133
+	 * @t..a8d5bdf5
+	 */..078fe4dc
+	publi..b0feb635
+		if (..dcbe128f
+		retu..6d14769b
+	}..50a5b84d
+..dfc395b7
+	/**..7a0dcc32
+	 * @d..528ee530
+	 * @p..19d021d1
+	 * @p..f2a77797
+	 * @p..c65eb22c
+	 * @p..b764ad75
+	 * @p..a324ac5f
+	 * @t..a8d5bdf5
+	 * @r..c865f562
+	 */..078fe4dc
+	publi..22a354a4
+		if (..dcbe128f
+		retu..5a958bf2
+	}..50a5b84d
+..dfc395b7
+	/**..7a0dcc32
+	 * @d..b6d31e6b
+	 * @p..19d021d1
+	 * @p..f2a77797
+	 * @p..e3a32f86
+	 * @p..c65eb22c
+	 * @p..12b924cf
+	 * @p..f6e7c728
+	 * @p..a324ac5f
+	 * @t..a8d5bdf5
+	 * @r..263c0133
+	 */..078fe4dc
+	publi..72fa7aa6
+		if (..dcbe128f
+		retu..3e3e187b
+	}..50a5b84d
+..dfc395b7
+	/**..7a0dcc32
+	 * @d..024b07ef
+	 * @p..fa54b5bd
+	 * @p..5d6d6fe7
+	 * @p..d809e914
+	 * @p..f2a77797
+	 * @p..cc98c2ac
+	 * @t..a8d5bdf5
+	 * @r..263c0133
+	 */..078fe4dc
+	publi..717c9ade
+		if (..4a42a9e3
+		retu..69d94465
+	}..50a5b84d
+..dfc395b7
+	/**..7a0dcc32
+	 * @d..40da3c02
+	 * @p..f2a77797
+	 * @p..19d021d1
+	 * @r..c865f562
+	 * @t..d19a2d24
+	 */..078fe4dc
+	publi..99cbb05d
+		if (..dcbe128f
+		retu..c673eff3
+	}..50a5b84d
+..dfc395b7
+	/**..7a0dcc32
+	 * @d..c1ebaf5a
+	 * @p..70f5c673
+	 * @p..f2a77797
+	 * @p..19d021d1
+	 * @r..c865f562
+	 * @t..d19a2d24
+	 */..078fe4dc
+	publi..216cefdf
+		if (..dcbe128f
+		retu..2331338d
+	}..50a5b84d
+..dfc395b7
+}..0496f74a
+++ /de..22126424
-<?php..407ba9ba
-..8286ed5a
-namesp..2b5f6975
-..8286ed5a
-use En..be91ac5c
-..8286ed5a
-class ..1905ace7
-..8286ed5a
-	prote..28177c81
-	prote..c4e9276c
-..8286ed5a
-	publi..20039fe7
-		'cry..50ca6b68
-			'id..700df133
-			'co..338547ff
-			'na..066949bb
-			'de..6b4337d3
-			'er..e13ed426
-		],..0e5a98e3
-		'eth..e4fbd663
-			'id..3aef6143
-			'co..d772c5b0
-			'na..8c3fb441
-			'de..3c8782ef
-			'er..e13ed426
-		],..0e5a98e3
-		'eth..555463e8
-			'id..30f7d32f
-			'co..fa88d0e0
-			'na..23701fca
-			'de..3c8782ef
-			'er..e13ed426
-		],..0e5a98e3
-		'war..1720cd39
-			'id..be8e6a6f
-			'co..960b44ea
-			'na..da4fa66d
-			'de..29e6cdae
-			'er..5df17b5e
-		]..05f15858
-	];..2b89d966
-..8286ed5a
-	publi..c3bb2f13
-		$col..ffb0d92e
-..8286ed5a
-		// c..ab49b57d
-		$cry..ec15452e
-		if (..4fb792e0
-..8286ed5a
-		// w..886d5067
-		$war..91561c98
-		if (..1fa139ad
-..8286ed5a
-		retu..3a5aa4a1
-	}..7499d2e8
-..8286ed5a
-	publi..58a75315
-..8286ed5a
-	}..7499d2e8
-}..a424bf02
+++ /de..22126424
-<?php..407ba9ba
-..8286ed5a
-namesp..324f029f
-..8286ed5a
-use En..5ab170dc
-use En..06a510df
-use En..0b5e092f
-use Il..05409517
-use Il..48c28be9
-use Il..1c8bdb67
-..8286ed5a
-class ..b77f7fef
-..8286ed5a
-	publi..9c17de47
-		$col..fd67e689
-		$col..b09dc468
-		$col..b2acd6fc
-..8286ed5a
-		retu..23f36089
-	}..7499d2e8
-..8286ed5a
-	publi..5a500547
-		$ite..789d54f6
-		retu..18c8dbdb
-	}..7499d2e8
-..8286ed5a
-	publi..5940f507
-		$sel..46608106
-			->w..237741a6
-			->o..f765633a
-			->l..9f63766f
-..8286ed5a
-		if (..09ff9a33
-			$se..5c1c7530
-		}..3cacd028
-..8286ed5a
-		$ite..d1647f67
-		fore..e3fdd29c
-			$it..0e04e03b
-		}..3cacd028
-..8286ed5a
-		retu..843af3cd
-	}..7499d2e8
-..8286ed5a
-	publi..081ee587
-		$sel..822b7063
-			->s..96cb3da1
-				'c..3eb7ab3f
-				Db..2ba583e3
-				Db..04708eb2
-				Db..c20dc617
-				Db..5e6ae207
-				Db..1f0b8c09
-				Db..3b9cec4a
-				Db..50f46359
-				Db..7c896549
-				Db..64d03253
-				DB..cad4c45d
-				DB..d9ae3268
-				DB..07598adb
-				DB..16c520fb
-				DB..784b875a
-			])..407f7354
-			->l..c2022f7a
-			->l..46b9fd41
-			->l..4d3820a0
-			->w..5c858fab
-			->w..3326ad3b
-			->o..83df62ef
-			->o..1877fea5
-			->l..9f63766f
-..8286ed5a
-		if (..297e4018
-..8286ed5a
-		$sel..c62a2d55
-			$qu..48202f59
-				->..d127e303
-		});..e549fdb8
-..8286ed5a
-		if (..5428b0e7
-			if ..a81b288a
-				$s..302d7f7d
-					$..2ab5ce25
-					$..11c0e093
-						..647ce766
-				})..544e8b55
-			} e..0cfd4da6
-				$s..e651c9ed
-			}..85680cde
-		}..3cacd028
-..8286ed5a
-		$tra..abc96259
-		fore..8bd19494
-			$tr..e3750e32
-			$tr..d155446f
-		}..3cacd028
-..8286ed5a
-		retu..9ab85d13
-	}..7499d2e8
-..8286ed5a
-	publi..c11b9cad
-		$key..5de8efcb
-		if (..aa96be51
-			$ke..65706e07
-		}..3cacd028
-..8286ed5a
-		retu..1048abcc
-			$se..66c9b8dc
-				->..806edf1e
-..8286ed5a
-			if ..d5abb8aa
-				$s..5445170c
-			}..85680cde
-..8286ed5a
-			ret..446fc373
-		});..e549fdb8
-	}..7499d2e8
-..8286ed5a
-	publi..7d59a618
-		$ite..8b3d8805
-			->w..237741a6
-			->w..039e27a6
-			->f..aa8c1cef
-..8286ed5a
-		retu..c930d79d
-	}..7499d2e8
-..8286ed5a
-	publi..61640315
-		retu..e37f8a30
-	}..7499d2e8
-}..a424bf02
+++ /de..22126424
-<?php..407ba9ba
-..8286ed5a
-namesp..324f029f
-..8286ed5a
-use En..5ab170dc
-use En..06a510df
-use En..0b5e092f
-use Il..05409517
-use Il..48c28be9
-use En..be91ac5c
-use Il..1c8bdb67
-..8286ed5a
-class ..fde8e926
-..8286ed5a
-	priva..b1d0ff95
-	priva..26806bf8
-..8286ed5a
-	publi..9c17de47
-		$tot..4f06be78
-		$col..2819efa3
-		$col..73812f1b
-		$col..5153d5f4
-		$col..1fb953cd
-..8286ed5a
-		retu..23f36089
-	}..7499d2e8
-..8286ed5a
-	priva..b76e1ac5
-		$res..e2ada268
-			$th..fe6407b3
-		]);..4d98ea9f
-..8286ed5a
-		retu..15838e54
-	}..7499d2e8
-..8286ed5a
-	priva..614c76a9
-..8286ed5a
-	}..7499d2e8
-..8286ed5a
-	publi..5a500547
-		if (..44b8a8e0
-			ret..bf63017c
-		}..3cacd028
-..8286ed5a
-		$res..d7b1a064
-..8286ed5a
-		retu..cb455c14
-	}..7499d2e8
-..8286ed5a
-	publi..048ae41f
-		if (..44b8a8e0
-			ret..bf63017c
-		}..3cacd028
-..8286ed5a
-		$key..1adda10d
-		retu..761fdece
-			$qu..ca2aed9d
-				qu..67f7bade
-					E..a00d82d6
-						..49e21f39
-						..966f5c1f
-					}..cd4d5a2b
-					E..20d1565e
-						..ce8b8e30
-						..ee51e695
-						..b7e68e96
-						..a0347bbf
-						..c7d64996
-						..7688e1b0
-						..47900904
-						..2914a900
-						..de0887e7
-						..585888c3
-						..54491a06
-						..a4535b10
-						..bbf183eb
-					}..cd4d5a2b
-				}..2a6a2a93
-			");..72cf4764
-..8286ed5a
-			$re..b229f613
-			if ..6f9541e2
-				fo..e2f98727
-					$..8eb3dbfa
-					$..cf8cf246
-..8286ed5a
-					$..bf0ddb1d
-				}..2a6a2a93
-..8286ed5a
-				re..e5142dbe
-			}..85680cde
-..8286ed5a
-			ret..144a06ca
-		});..e549fdb8
-	}..7499d2e8
-..8286ed5a
-	publi..7d59a618
-		$que..76816b55
-			que..d5e9d810
-				En..7e986e23
-					n..b6a9bbc4
-					d..0ac2ed00
-				}..2a6a2a93
-				En..ad8d07ec
-					i..994dcb3d
-					c..f76e58c2
-					n..b6a9bbc4
-					b..598751cf
-					t..d3b6e8b8
-					i..ba81b07e
-					s..eddc97cd
-					m..b7ab61eb
-					m..6d3b822f
-					t..9d92d035
-					c..575f2d91
-					i..e3c45b27
-				}..2a6a2a93
-			}..85680cde
-		");..71cc295b
-..8286ed5a
-		$res..c5c952fe
-		if (..e47722fa
-			$to..67da4cd0
-			$to..97c2d822
-			$to..a9985f6e
-..8286ed5a
-			ret..a107c7e9
-		}..3cacd028
-..8286ed5a
-		retu..73709d79
-	}..7499d2e8
-..8286ed5a
-	publi..081ee587
-..8286ed5a
-	}..7499d2e8
-..8286ed5a
-	publi..fe160256
-		retu..e3e7b1f4
-			$qu..ca2aed9d
-				qu..67f7bade
-					E..20d1565e
-						..a0ba7989
-					}..cd4d5a2b
-				}..2a6a2a93
-			");..72cf4764
-..8286ed5a
-			$re..b229f613
-..8286ed5a
-			ret..838a51cd
-				't..096e317b
-				't..655b36a8
-			];..0ef7bded
-		});..e549fdb8
-	}..7499d2e8
-..8286ed5a
-	publi..61640315
-..8286ed5a
-	}..7499d2e8
-}..a424bf02
--- /de..2de5f4d8
+<?php..05ee11b9
+..dfc395b7
+namesp..598ed784
+..dfc395b7
+use En..f0adb8fe
+use En..9ebe6bf2
+use En..2f556a16
+use Il..c28c23b7
+use Il..b2e42b90
+use En..365e0ab3
+use Il..e52a7076
+..dfc395b7
+class ..84cf1214
+..dfc395b7
+	priva..ef095527
+	priva..67c7d132
+..dfc395b7
+	publi..db84e1c7
+		$tot..60626a2c
+		$col..7a8cd269
+		$col..2d8a0e12
+		$col..dc250dab
+		$col..2a487180
+..dfc395b7
+		retu..3b3543ad
+	}..50a5b84d
+..dfc395b7
+	priva..0ac547a1
+		$res..37e7a04c
+			$th..fdb1590e
+		]);..d5812bcf
+..dfc395b7
+		retu..3726b52d
+	}..50a5b84d
+..dfc395b7
+	priva..4bc7f232
+..dfc395b7
+	}..50a5b84d
+..dfc395b7
+	publi..d95023f4
+		if (..c871edfa
+			ret..d2703771
+		}..6dce021d
+..dfc395b7
+		$res..800b6bc3
+..dfc395b7
+		retu..a186ce6a
+	}..50a5b84d
+..dfc395b7
+	publi..d4e67730
+		if (..c871edfa
+			ret..d2703771
+		}..6dce021d
+..dfc395b7
+		$key..1ed9c62c
+		retu..68c8af35
+			$qu..77056be6
+				qu..12720e7d
+					E..22a80aab
+						..26ca9e53
+						..5857618e
+					}..9452d4ab
+					E..3a8830af
+						..cb0baf4e
+						..6d99dcc0
+						..c1014bac
+						..32376895
+						..5bae0b93
+						..8051ba8d
+						..bca559ea
+						..1d43131a
+						..9c5c3e03
+						..c714acb9
+						..2fd4251b
+						..92249ba2
+						..93b82dd5
+					}..9452d4ab
+				}..13e02a0b
+			");..57be85a9
+..dfc395b7
+			$re..d694eb0a
+			if ..ba2bee6d
+				fo..1d971035
+					$..ca629989
+					$..38e454d1
+..dfc395b7
+					$..3faaf1d0
+				}..13e02a0b
+..dfc395b7
+				re..c5d38a9c
+			}..8a30e5c4
+..dfc395b7
+			ret..e17913a6
+		});..1e93df66
+	}..50a5b84d
+..dfc395b7
+	publi..e0ffbb7e
+		$que..d2591ed1
+			que..2ba51ad9
+				En..11a3892f
+					n..826e9f3e
+					d..d2d80fb8
+				}..13e02a0b
+				En..a5d2765c
+					i..41fb4abd
+					c..4e00d612
+					n..826e9f3e
+					b..608e21a7
+					t..abb00161
+					i..00f07567
+					s..e2b5cd65
+					m..9b3bff87
+					m..b7639b81
+					t..87657ede
+					c..6c294a8e
+					i..7470fba7
+				}..13e02a0b
+			}..8a30e5c4
+		");..78a76526
+..dfc395b7
+		$res..3da9775a
+		if (..75d02975
+			$to..0a6a6edf
+			$to..da721474
+			$to..b688c56e
+..dfc395b7
+			ret..ee3dc353
+		}..6dce021d
+..dfc395b7
+		retu..efeb0074
+	}..50a5b84d
+..dfc395b7
+	publi..0f35b4c0
+		$que..d2591ed1
+			que..2ba51ad9
+				En..3d9a4d4f
+					i..bfba2da2
+					t..472e399c
+					t..e3e22b3a
+					r..ca3ab1b9
+						..a3056032
+					}..9452d4ab
+					i..0be5e8e6
+						..a3056032
+					}..9452d4ab
+					v..1f0f1a59
+					s..fc53c414
+					c..8ba947bb
+				}..13e02a0b
+			}..8a30e5c4
+		");..78a76526
+..dfc395b7
+		$res..3da9775a
+		exit..2780122b
+	}..50a5b84d
+..dfc395b7
+	publi..bc57ca23
+		retu..79c3d1ec
+			$qu..77056be6
+				qu..12720e7d
+					E..3a8830af
+						..61c49432
+					}..9452d4ab
+				}..13e02a0b
+			");..57be85a9
+..dfc395b7
+			$re..d694eb0a
+..dfc395b7
+			ret..efe959f9
+				't..e96bb721
+				't..ef33f7a0
+			];..bf24a97d
+		});..1e93df66
+	}..50a5b84d
+..dfc395b7
+	publi..a296ae9e
+..dfc395b7
+	}..50a5b84d
+}..0496f74a
--- /de..2de5f4d8
+<?php..05ee11b9
+..dfc395b7
+namesp..ee8948e1
+..dfc395b7
+use En..365e0ab3
+use En..9ebe6bf2
+use Il..e52a7076
+use Il..c28c23b7
+use Il..b2e42b90
+use En..05d99149
+use En..2f556a16
+..dfc395b7
+class ..e8fdf709
+..dfc395b7
+	publi..d0ea5fdc
+		retu..ff7e21af
+			$mo..c7fbc3eb
+			$er..b173e1e0
+				->..7d5d6d67
+				->..b038119c
+				->..e33ea392
+..dfc395b7
+			$co..2f870d99
+			for..b1a6797f
+				$b..1cd38bb0
+				if..600fcb98
+					$..245a4744
+						..e8517d28
+						..9af2a11e
+						..68586e25
+						..e0a2ccff
+						..b9f247d8
+						..533b7e6b
+						..9d6322e6
+					]..b81854dc
+				}..13e02a0b
+			}..8a30e5c4
+..dfc395b7
+			ret..1756a03b
+		});..1e93df66
+	}..50a5b84d
+..dfc395b7
+	publi..b811a0f2
+		$tok..cb8809af
+			->j..8dbc5bda
+			->w..5ba2bd05
+			->f..b036fc0e
+..dfc395b7
+		if (..0548c96b
+			$co..19f324e3
+				'i..3e86a6ff
+				'c..31330c8a
+				'n..03b7a6c5
+				'd..99865fc2
+				'e..1381748e
+				'l..caba2630
+			];..bf24a97d
+..dfc395b7
+			if ..2175d4ff
+				$m..47319788
+				$b..1cd38bb0
+				$c..ed252f3e
+			}..8a30e5c4
+..dfc395b7
+			ret..f631a883
+		}..6dce021d
+..dfc395b7
+		retu..efeb0074
+	}..50a5b84d
+..dfc395b7
+	publi..a7c2da84
+		$tok..cb8809af
+			->w..5ba2bd05
+			->f..b036fc0e
+..dfc395b7
+		if (..25f39cc4
+			$cu..e4e05a7d
+			ret..ecd8e46e
+		} el..0af6258f
+			$mo..c7fbc3eb
+			ret..d783792d
+			//@..b2036fbc
+		}..6dce021d
+	}..50a5b84d
+..dfc395b7
+	publi..e8da3150
+		$tok..cb8809af
+			->w..5ba2bd05
+			->f..b036fc0e
+..dfc395b7
+		$sel..85709909
+			->s..0b95b0f4
+				Db..7bd6af91
+				Db..f965be6e
+				Db..c17def23
+				Db..9731c8bc
+				Db..cdd673c4
+				Db..1ac5c28b
+				Db..02ea3e15
+				Db..998cf624
+				Db..b15dac11
+				Db..f452f962
+				DB..45fbfbb9
+				DB..4f7275ac
+				DB..17056a43
+				DB..a2e8cfbb
+				DB..e7e57224
+			])..b935abed
+			->l..f9148394
+			->l..34a73028
+			->l..696c6936
+			->w..393f6ba7
+			->w..30ebf19b
+			->o..7d9c8dd4
+			->o..017c0a19
+			->l..d52a12d4
+..dfc395b7
+		if (..3fd250d9
+..dfc395b7
+		$sel..2e488ba4
+			$qu..93de1c13
+				->..f98d6a1c
+		});..1e93df66
+..dfc395b7
+		if (..2d0155d4
+			if ..d1b8e913
+				$s..a1d62aae
+					$..02ddb929
+					$..25a4c023
+						..319adcd5
+				})..f0bcea43
+			} e..79ec8d71
+				$s..b77e1ae1
+			}..8a30e5c4
+		}..6dce021d
+..dfc395b7
+		$tra..c856b818
+		fore..3f4f8830
+			$tr..f2dff32c
+		}..6dce021d
+..dfc395b7
+		retu..dfd358a3
+	}..50a5b84d
+..dfc395b7
+	publi..90f8ec08
+		// @..fe66e007
+	}..50a5b84d
+..dfc395b7
+	publi..9418310b
+		// @..fe66e007
+	}..50a5b84d
+..dfc395b7
+}..0496f74a
--- /de..2de5f4d8
+<?php..05ee11b9
+..dfc395b7
+namesp..598ed784
+..dfc395b7
+use En..f0adb8fe
+use En..9ebe6bf2
+use En..2f556a16
+use Il..c28c23b7
+use Il..b2e42b90
+use Il..e52a7076
+..dfc395b7
+/**..77db15a2
+ * Cla..802b134b
+ * @pa..434abde9
+ */..3cdb1480
+class ..0d730f5a
+..dfc395b7
+	publi..01ddc889
+		$sel..1a40e47e
+			->w..89b81574
+			->o..f7b238a7
+			->l..d52a12d4
+..dfc395b7
+		if (..ee7e9808
+			$se..a3d50220
+		}..6dce021d
+..dfc395b7
+		$ite..1ee52093
+		fore..75bee9e5
+			$it..6a5fc17a
+		}..6dce021d
+..dfc395b7
+		retu..e852b043
+	}..50a5b84d
+..dfc395b7
+	publi..1dff077f
+		$key..18e28e02
+		if (..e5f10b10
+			$ke..8c76040a
+		}..6dce021d
+..dfc395b7
+		retu..f73e0bcb
+			$se..c306fa65
+				->..812c311a
+..dfc395b7
+			if ..2175d4ff
+				$s..3dc30626
+			}..8a30e5c4
+..dfc395b7
+			ret..6813fda5
+		});..1e93df66
+	}..50a5b84d
+..dfc395b7
+	publi..e0ffbb7e
+		$ite..c35f6feb
+			->w..89b81574
+			->w..c3ec2279
+			->f..b036fc0e
+..dfc395b7
+		retu..53b32021
+	}..50a5b84d
+..dfc395b7
+	publi..a296ae9e
+		retu..2ab68de7
+	}..50a5b84d
+}..0496f74a
+++ /de..22126424
-<?php..407ba9ba
-..8286ed5a
-namesp..2b5f6975
-..8286ed5a
-interf..692ae8fa
-..8286ed5a
-	publi..3ad2117c
-..8286ed5a
-	publi..fa19399b
-..8286ed5a
-	publi..391c1ec9
-..8286ed5a
-	publi..4eba4b1e
-..8286ed5a
-	publi..828ad58e
-..8286ed5a
-}..a424bf02
-				't..64d6a2d0