+SERVER..7640fb2c
-	prote..f5ee905d
+	prote..7253eafe
-		$cli..746ca619
+		// s..9f45ec43
+		if (..4e9be6bd
+			req..83a31826
+		}..434b0e4d
+..768499fc
+		$cli..eb60fb2d
-	prote..31424b47
+	prote..b1369bfe
-		$rop..1b55230a
-		if (..f3e77fad
+		// s..9f45ec43
+		if (..4e9be6bd
+			req..83a31826
+		}..434b0e4d
-	prote..f9d4c540
+	prote..56208f48
-		$rop..1b55230a
-		if (..f3e77fad
+		// s..9f45ec43
+		if (..4e9be6bd
+			req..83a31826
+		}..434b0e4d
-	prote..37a39770
+	prote..20f55b84
-		$cli..746ca619
+		// s..9f45ec43
+		if (..4e9be6bd
+			req..83a31826
+		}..434b0e4d
+..768499fc
+		$cli..eb60fb2d
-		whil..acb9bfb4
-			// ..c4dc7451
+		$buf..0d38db48
+		whil..5ff5f594
+			$ca..e7ed7a18
+			$in..c1ceb17e
+..768499fc
+			// ..dc26b9c1
+			if ..c0653eb2
+				$t..9a4bbac8
+				$b..117cd755
+				$k..c960328b
+				co..84525eec
+			}..a694aabe
+..768499fc
+			// ..45d56ee0
+				$t..66421cff
-			$th..7ac2be7d
-..944efe82
+			$th..2fff9cba
+..768499fc
-	prote..ad5115d8
+	prote..0d6297b1
-		$fro..d47b5366
+		$fro..88bcbc58
+		$thi..d6452ad7
-		fore..2bfd6d2e
-			$th..2010caa3
+		fore..7224f411
+			$th..2a7ab65f
-			$th..eee7e87a
+			if ..21b09496
-				$t..ab5beccb
+				$t..d0790b0d
+				sl..55d2ee75
-			->l..d148872d
+			->l..8dd61109
-		// s..7f476a56
+		// s..072b5de5
-			if ..b770559e
+			if ..9ff21346
+			} e..7581599a
+				$t..6410650a
-		if (..aa6ccffb
-			&& ..fcc309ad
-			&& ..133a211d
-			&& ..040b9aae
-		) {..b91963ca
+		if (..4c080511
-			cas..1f25c55d
+			cas..4cb6e5a4
+			cas..ec907774
+			// ..6d3b7f84
+			if ..c93ccb64
+				$n..f475e6dc
+			} e..8d0d2e69
+				$n..4780cc83
+			}..a694aabe
+..768499fc
-					'..e4ca7430
+					'..278f2fcf
+	const..7047c45b
+	'ethe..c72c5757
+		'ser..2e90e7cb
+	],..10d232c5
-	if (s..6bd585c8
+	if (s..ed2b85fb
+		retu..5e6b7711
+	} els..d2a7f308
+		'jus..b58aed8e