-			'ru..1406c8eb
+			'ru..dd445583
-	publi..e14e420a
+	publi..ee03e1c4
-		//$b..000c1a7d
-		//if..04b7dedc
+		if (..5fd29f0b
-	publi..43195bc2
-		$mod..de82a2a3
-		$mod..b48c12cb
-..f8cc3236
-		$tex..87fd4f06
-		$tok..e70c217e
-..f8cc3236
-		if (..3a2b29f9
-			$tr..b1817f57
-			if ..89e6995a
-				re..d7839ba4
-			} e..35d1172e
-				$b..3fd55133
-				if..bb5168c4
-			}..e4ac3110
-		} el..fcb95aef
-			ret..b23f0665
-		} el..323b5613
-			ret..bb7db135
-		} el..624086ae
-			ret..a590e8b9
-		}..c74e5b0f
-..f8cc3236
-		retu..c5bc1c7d
-	}..3347c37f
-..f8cc3236
-	publi..0d8911f1
+	publi..ecc9a4bb
+		if (..cc626a76
+	publi..0a373791
+		$res..b66f5845
+		$cha..4ac0bcd9
+		$res..ca3e03ad
+..bc507f33
+		// P..17e0bf48
+		if (..5ca70985
+		else..3fb63ac0
+			for..7623ad9c
+				if..b0e2382a
+				$r..09d80d54
+				br..f2252e36
+			}..6ff5c878
+		}..54cc91cf
+..bc507f33
+		// R..27af924a
+		if (..c0c173fd
+			$bl..7020f530
+			$pa..f61e66fa
+..bc507f33
+			swi..44f89a96
+				ca..f0cda658
+					$..a17b053c
+					b..3feb8446
+				ca..45e64e64
+					$..5378c55e
+					b..3feb8446
+				ca..156f2f0b
+					$..4e69ecdb
+					b..3feb8446
+				ca..e027e524
+					$..a17b053c
+					b..3feb8446
+				de..bfd15d26
+					$..cf530fa7
+					b..3feb8446
+			}..6ff5c878
+		}..54cc91cf
+..bc507f33
+		retu..a1c07818
+	}..3802f1a7
+..bc507f33
-					'..2eaf4c1b
+					'..50e12fdc
-			->w..3538b563
+			->w..4e26475d
-		if (..932cce5f
+		if (..4da485a0
-				if..06e48c27
-					t..2fdd9b72
-					r..93dff630
-				}..aa741410
-..f8cc3236
-				//..8104e402
-				if..701af5c3
-					t..236d7284
-				}..aa741410
+				if..6a88bf6d
+				el..d59d1bfa
+				el..d8396b67
+					i..9b36265a
+						..17af9bea
+						..03b2965d
+					}..4ef4cf76
-				if..3e82e4a8
-					c..93916176
-					t..3d14f8d4
+					t..deb704f7
-..f8cc3236
-				th..addf7506
+				//..0e133b7a
+				if..3d5eb1bb