+	publi..3d878d62
+		if (..3abf4fdc
+		fore..ae555e7e
+	}..3802f1a7
+..bc507f33
-	publi..85fa2ee6
+	publi..009cc8ef
+		if (..17ef7e1b
+..bc507f33
-		$res..3cc7ed16
+		$cac..aebc608c
+		$res..2e3f1377
-		if (..c5ea7e39
-			$re..23223584
-		}..c74e5b0f
+		if (..1b4b2ad8
+			$re..e4915abf
-		if (..767b725e
-			$re..fa20c430
-		}..c74e5b0f
+			if ..03a69f1b
+				$r..09d3abed
+			}..6ff5c878
+..bc507f33
+			if ..fa8b95af
+				$r..1b0ee433
+			}..6ff5c878
+..bc507f33
+			if ..c7115124
+				$r..6e4fd425
+			}..6ff5c878
-		if (..3998cb8c
-			$re..f2878ce4
+			Cac..0a85ff45
-		retu..c337c33c
-			$mo..1af9454c
-			$mo..08239f39
-..f8cc3236
-			$da..0e1fe4c3
-				't..2fb46c1d
-				'a..b673abe7
-				'b..6cc897cb
-				'c..4af1ca11
-			];..0af4f502
-..f8cc3236
-			// ..f033f568
-			Deb..d46eb4d1
-			$co..c472be96
-			if ..eb173cd3
-			Deb..b98ead16
-..f8cc3236
-			// ..f807e5fe
-			if ..f256d5b8
-				De..c2a50120
-				$b..59deee27
-				if..b26e23ba
-				De..9d2b3749
-			}..e4ac3110
+		$mod..9d92bc34
+		$mod..04f92f9d
-			// ..5515bc15
-			if ..c0a83d59
-				De..6ce36917
-				$a..f15e406b
-				if..90ad3658
-				De..b89a1b83
-			}..e4ac3110
+		$dat..a98141c5
+			'tr..510dc9cc
+			'ad..31903c67
+			'bl..c38762f2
+			'co..5f2ef172
+		];..07a864aa
-			// ..add51794
-			if ..e7c29bfd
-				De..146df4c9
-				$t..4bd09c0f
-				if..a00c0486
-				De..98c45a50
-			}..e4ac3110
+		// s..0c7005a9
+		Debu..65fa2c20
+		$coi..8963ce5d
+		if (..c4b9cb01
+		Debu..82cdc4e1
+..bc507f33
+		// s..3d837f9d
+		if (..230a8ecc
+			Deb..fbab92c9
+			$bl..b0719748
+			if ..268d1c5d
+			Deb..50b18442
+		}..54cc91cf
+..bc507f33
+		// s..a323a9ce
+		if (..2dc82caa
+			Deb..099f53f8
+			$ad..3fbc2b51
+			if ..f09c93bd
+			Deb..cfd1c073
+		}..54cc91cf
+..bc507f33
+		// s..453e30b4
+		if (..58111691
+			Deb..4a0719e2
+			$tr..038a48f7
+			if ..445ac1af
+			Deb..c8181bd8
+		}..54cc91cf
-			ret..32d14d4b
-		});..5b364c40
+		retu..f0b3b9b6
-		if (..abd64d5d
+		if (..bce99cee
-		if (..b27a766e
+		if (..ffd5a3ee