-			Deb..116307b1
-			Deb..e046ba98
-			if ..7226e4d9
-				De..72d3f3fc
-				$b..bd2e93c5
+			if ..d1e0a76b
+				$b..63a956a0
-				De..22719547
-				De..66f71f13
-				De..8ce52a46
-				De..ccd58754
-				De..43a5d3da
-			->w..e40182b9
+			->w..c1adffbc
-			->o..51cce745
+			->o..6dc74406
+			->o..6e541060
+				'C..bd80a1a2
+				'W..87c4a6c6
+				'W..7f4a299d
+				'W..7f1f32ab
+				'E..c8c68a3d
+			)..4cda4e58
+			->o..d4a81fcf
-		retu..17f49938
+		$sel..b04fbd5a
-			->o..e3f5e422
+			->o..a97e6c1b
-			->l..4cb73e3a
-			->g..5fa688b0
+			->l..24c1b9b7
+		if (..268db6a0
+..95526b53
+		retu..8be49faf