+use En..91f577d1
-		$sta..f383fcfa
-		fore..0f52a71d
+		fore..807381f9
+			cas..020442a2
+				$v..7559e8cf
+					'..88c6bda2
+					'..e39d25b3
+				];..0e6de3b1
+				br..f2f6bb80
+	/**..c03e8799
+	 * Re..dd95e0d0
+	 *..e14f6557
+	 * @r..680c026e
+	 */..fa97bd86
+	publi..7341df08
+		retu..3e7429b3
+	}..30a5a00f
+..95526b53
+		'rat..6580eee5
+			'ti..390e90d6
+			'me..c560e5bc
+		],..b6e245eb
+++ /de..dd05f546
-<?php..4afea6bb
-..e32d1fa0
-namesp..8416010b
-..e32d1fa0
-use Te..891a0d28
-..e32d1fa0
-class ..90a3cb7f
-..e32d1fa0
-	publi..758ae0bd
-		$thi..9bdd357f
-	}..e252f5fd
-}..0bfe7f29
--- /de..2cda2c20
+<?php..2f33f2dc
+..95526b53
+namesp..05114d27
+..95526b53
+use En..b6f495c5
+use En..3d4cb075
+use En..91f577d1
+use Te..5e42c4e8
+..95526b53
+class ..8ac98739
+..95526b53
+	publi..c43a7b38
+		// D..2a46aaab
+		$thi..9ad8ff9f
+		$thi..f9e6a62c
+		$thi..5d9f2091
+		$thi..d2a72cbb
+		$thi..aad84517
+..95526b53
+		// E..24350c34
+		$thi..f2e79738
+		$thi..8f6b41ae
+..95526b53
+		// P..ebbaf6a1
+		if (..4b32285f
+		$thi..8862301e
+		$thi..b5823800
+		$thi..0df8d60f
+..95526b53
+		// I..c956048f
+		$thi..45b54311
+		$thi..ffcdda22
+		$thi..0eb07260
+		$thi..e8466910
+		$thi..0c792b5d
+		$thi..1eba8e1a
+..95526b53
+		// C..c56ea44d
+		if (..b7cf25c4
+			$th..c6b5554f
+			$th..48eae36a
+..95526b53
+			$th..5a5f0da6
+			$th..99c4d2f5
+		}..9a2cb952
+..95526b53
+		// J..0aecf773
+		if (..b7cf25c4
+			$th..30a2e71f
+			$th..5e434c9a
+..95526b53
+			$th..1ba2a8f5
+			$th..c508e6f1
+..95526b53
+			$th..9635316c
+			$th..d1c9263c
+..95526b53
+			$th..185855c4
+			$th..cd8c45fb
+..95526b53
+			$th..1761f69e
+			$th..69296818
+		}..9a2cb952
+..95526b53
+		// L..3a84a434
+		if (..b7cf25c4
+			for..d117c923
+				$t..559039c8
+				$t..102d2cdc
+			}..b53a0f0c
+		}..9a2cb952
+	}..30a5a00f
+..95526b53
+	publi..01655b98
+		$thi..e141a043
+		$thi..9d67109b
+		$thi..26802719
+		$thi..1492d3c7
+..95526b53
+		fore..dc7dc043
+			$th..06e3e57c
+			$th..dafbb4e6
+		}..9a2cb952
+	}..30a5a00f
+..95526b53
+	publi..d0397418
+		if (..b7cf25c4
+			$th..5d396162
+			$th..e337f73a
+		} el..1432ace3
+	}..30a5a00f
+..95526b53
+	publi..08a82b18
+		$thi..aaf053c1
+		$thi..d5d05343
+	}..30a5a00f
+..95526b53
+}..20bb0649
--- /de..2cda2c20
+<?php..2f33f2dc
+..95526b53
+namesp..05114d27
+..95526b53
+use Te..5e42c4e8
+..95526b53
+class ..4f5206eb
+..95526b53
+	publi..e838fdf1
+		$thi..1f43678a
+		$thi..e14d7f92
+		$thi..ab24b122
+..95526b53
+		$thi..0925e5cb
+		$thi..302455ff
+		$thi..78730e0a
+		$thi..9da16bcc
+		$thi..8a1a2002
+		$thi..94955a18
+		$thi..957e4192
+	}..30a5a00f
+..95526b53
+	publi..7d7fe62b
+		$thi..fb2537c3
+		$thi..55ae3376
+..95526b53
+		$thi..3b1f1c80
+		$thi..b9f57d60
+	}..30a5a00f
+}..20bb0649
+	.js('..48e0b860