-APP_AP..67cba9c4
+APP_AP..aceb2778
-APP_AP..67cba9c4
+APP_AP..aceb2778
+	publi..8d2d7691
+		$sql..fffeaa60
+		fore..5aa8f8e7
+			$va..96ed49f0
+			$sq..e217a248
+		}..9a2cb952
+		retu..2d477294
+	}..30a5a00f
+..95526b53
-			Cac..67ab7cf4
+			Cac..cbaadb9e
-				RO..c41a6470
+				RO..837d7a67
-		$sel..9098aa04
+		func..2481caf8
+			if ..edb82ef2
+				$s..e491adb6
+				if..e8634bfa
+					-..d5410481
+				el..c78395e2
+			}..b53a0f0c
+		}..9a2cb952
+..95526b53
+		if (..234d1cab
+			// ..91911a8a
+			$se..ed96116a
+				->..afb60523
+				->..610a410b
+				->..3ba46b4f
+				->..e755581c
+..95526b53
+			// ..d62b6f34
+			set..6690c18a
+..95526b53
+			// ..6d22f1c2
+			$to..c0d9faee
+			$fr..c40f5fc3
+..95526b53
+			// ..1f819df8
+			$bl..fa0a5b54
+				re..180f5bdb
+			}, ..cb5d8a53
+..95526b53
+			// ..2bb8886c
+			if ..9ed2b63b
+			els..48c3a3ab
+..95526b53
+			// ..8db9169c
+			$bl..b2020538
+		}..9a2cb952
+..95526b53
+		// B..21b0a76f
+		$sel..d3677a98
-			->w..fb9f829a
+		// A..adcf4068
-			$se..b3c4f434
-				$q..1eb55d3d
-					-..aad60347
-			});..d1564eb9
+			$se..70cf0613
+				->..f36b872a
+			if ..f9fbe7ee
+			els..d139f288
-		// p..4eddddcb
-		if (..93a5b8f4
-			if ..7d08f7fa
-				$s..a9515380
-					$..1fcbc8f7
-					$..f1ac9eee
-						..489bf844
-				})..fbe73ba5
-			} e..795e010b
-				$s..e8ef6d94
-			}..af816547
-		}..af9d877a
+		// P..6e6101d5
+		setQ..dc570036
+		// R..a88e6da7
-..e32d1fa0
-			->s..fcea0c60
-			->w..6719d638
-			->f..08814635
+				->..f43d8253
+				->..188d9bb2
+				->..f5b71abc
-	<!--..031a1fca
-	-- SY..58312b43
+<!--..7d43cd7e
-	- Ser..25a84ea5
-	- Env..f3c5cd36
-	- Bui..997f7dfa
-	- Use..f3aa02d3
-	- Use..9ffed161
-	- Req..636934e6
+-- SYS..0eaaed53
+..95526b53
+- Serv..f449d1ea
+- Envi..0c9d65a9
+- Buil..9f90e690
+- User..9ce341ea
+- User..ca6f63cf
+- Requ..30aee441
+..95526b53
+-- ELA..e1ffba14
+..95526b53
+-- DEB..76d1c745
+ - Key..58a57f3c
+ - Log..3dcfac64
-	-- EL..1bc365d0
-	serve..c22c0a5f
+	serve..2b8bfdee
-	serve..87f956e1
+	serve..1694fdc8