-		retu..e2d51e97
+		retu..db515add
+			'ru..f3ab5288
+		]);..53f3c0fd
-		retu..cf39b86e
+		retu..823c9328
+			'ru..f3ab5288
+		]);..53f3c0fd
-	publi..5b8bb961
+	publi..af82379b
-		$blo..c4267aa5
-		if (..54738a3e
+		//$b..fb375fd0
+		//if..4dd2f269
-		retu..9c3a9bc2
-				'n..e6f3fb58
-					'..48f53175
-					'..441dcd52
-				],..3989b514
-				'b..3bb88b17
-				'v..57118ca1
-				'e..81affc58
-				'd..6cedd440
-				'l..d221f0cc
-				'u..f7ed142c
-					'..1ffecb27
-					'..2e58b7ce
-					'..f45ff0a4
-				],..3989b514
-				'p..3618fea4
-					'..58284472
-				])..98ac5c5d
-				'c..4afdfdd0
-				'd..f84eb9ec
-				'v..6dba271c
-				'p..6f36e083
-					'..2af25dd6
-				]..b44fc2c5
-			], ..55d86710
-			->h..f51cf064
+		retu..afa70c5b
+			'na..359776f6
+				's..054e8069
+				'l..838822ef
+			],..87ca69a5
+			'bl..394d2634
+			've..084321f4
+			'en..5f56200d
+			'de..a4ee9cad
+			'lo..7e459729
+			'ur..d54acb50
+				'r..c86b2826
+				'l..1c73515c
+				'a..bf48d8ec
+			],..87ca69a5
+			'pr..29d82213
+				'u..1e746b7c
+			]),..26d923c4
+			'cu..024cbea1
+			'de..8d34f6c3
+			'va..3425ca76
+			'pr..18552ef4
+				'l..4bb75508
+			],..87ca69a5
+		];..78407913
-<scrip..7b6d9862
+<scrip..b6c9dc4d
+	windo..c31272c2
+</scri..bc4fd441