+	publi..7a51d2fa
+		if (..5f0eadb7
+			ret..d18a04fa
+		}..8b9da885
+..54ba407d
+		retu..cdb04d2d
+			'tr..7f9071a8
+		]);..c2ff7eb1
+	}..ade6935e
+..54ba407d
-	publi..3f31d6fa
-		if (..c4b1d20d
+	publi..4d327321
+		if (..5f0eadb7
-			'tr..497cfc54
+			'tr..38f23f52
-		"nod..ce65b16a
+		"nod..8a63855c
-		"per..aab041fb
+		"vue..97e1278e
-		"web..042681d8
-import..a32e5a80
-		// l..69283286
-		this..ad35697a
-		max-..901c68ef
-		marg..d9a46048
+		max-..a7e13602
+		marg..208ab971
-						..ebac7065
+						..5453a9b6
-						..05a021c8
+						..70c182f5
-	impor..501ab411
-..7f75c286
-			//t..92206b51
+..54ba407d
-import..a32e5a80
+import..48b57b1d
+import..024e7ee2
+		load..58b12056
+		tabl..4872a820
-			dat..edbe851a
-			dat..1d6cab74
+			dat..8ad17066
+			fil..962688b0
+				da..2ea7b185
+					m..b3c3723b
+					a..92b219ef
+					v..8dc6d208
+				}..8a72d5ff
+			},..39cb8b97
-				la..222c0ebd
+				la..45fed26e
+..54ba407d
+		this..7baffe2b
+			whe..be11cc74
+			min..defd9625
+		};..632bc450
-		// l..69283286
-		this..ad35697a
-..7f75c286
+		/*..bc5a9c9c
-			/*..7c2001a4
-			con..fb99fe01
-			if ..6058ade7
-				ta..1241275c
-				ta..9562a9c7
-				ta..210e06dc
-				ta..b013c072
-				ta..b6b1b245
-				ta..d842a29f
+			con..8f32d84f
+			con..d31e21cc
+			//c..48931dee
+			con..64d954d0
+			if ..788b1778
+				fo..c518c378
+					c..5a361302
+					i..bc1a2594
+						..1bc3c487
+						..6219d139
+..54ba407d
+						..d8088f01
+						..0c3c1faf
+						..754f8a82
+						..8430e456
+					}..5c4d35ae
+				}..8a72d5ff
+..54ba407d
+				//..233cfffe
+				if..cce20d38
+					t..1833cc84
+					t..e5f0d457
+					t..ba0d8dc4
+				}..8a72d5ff
-				ta..6974c01d
+				if..f02913c8
+					t..72b8c043
+					t..58b18178
+				}..8a72d5ff
-			*/..78979214
+		*/..5e5e73ce
+		'dat..a938be45
+		'vue..873a5eaf
-			thi..bf2b75b2
+			thi..0de0a10e
-					t..2d30a463
+					t..7a4691d9
-					t..710a0b66
+					t..6c2574c8
-					t..b3335697
+					t..86b59764
-					t..37232804
+					t..748e73ad
-			if ..9281ecba
-				sw..b5e18363
-					c..7a057923
-						..36eeaec2
-				}..b1113b69
-			}..efa087d8
-..7f75c286
+			if ..d8a2a7c6
+				sw..86229c4b
+					c..b99d5d07
+						..8793b0c2
+				}..8a72d5ff
+			}..0d1149dc
+..54ba407d
-			thi..35c67417
-			thi..a24239df
-				if..88fa0fd5
-					t..05ec452c
-				}..b1113b69
-..7f75c286
+			thi..b1e9ba50
+			thi..fc75439f
+			thi..b03ed143
+				th..e837b68a
+				th..95cf8131
-			thi..aa67c40c
+			thi..0de0a10e
+		date..fa57b23c
+			thi..b42bdae7
+		},..266ed8cc
+		date..75b2db2a
+			thi..2b6257a0
+		},..266ed8cc
+		hand..2ecf3a56
+			con..d20b8358
+		},..266ed8cc
+		hand..937e5a72
+			// ..a9a549c8
+			if ..f743e59f
+				't..1cef7b73
+				'i..f8090c02
+				't..a80916f8
+				't..480a80a8
+				'b..73c92bf5
+				'b..b996d013
+				'a..6ea34443
+				'a..d340248f
+				'a..7b3661bf
+			], ..88f2d56c
+				//..ac1cd17d
+				if..2e34e6a0
+					r..d4c9cba8
+				}..8a72d5ff
+..54ba407d
+				th..ea792d4e
+..54ba407d
+				//..9c17c05a
+				co..c3d0dfa4
+				th..1bb7e906
+					i..70954a7a
+						..45bb1a8d
+						..ba11ec0b
+					}..5c4d35ae
+..54ba407d
+					/..b3121fb5
+					i..40e0afc3
+						..6b0a03f3
+						..1e8eccdd
+						..d3fa44f7
+						..2c348d16
+					)..61e6ffac
+						..402cdb53
+						..175c4b42
+					}..8ba8865f
+						..c2eb746b
+						..0827a3c8
+					}..4b22ac88
+						..a64512fe
+						..8ba65bed
+					)..61e6ffac
+						..d444142a
+						..05516cd4
+					}..4b22ac88
+						..002f968e
+						..328a4ed5
+					)..61e6ffac
+						..b3f7005a
+						..2d788d39
+					}..5c4d35ae
+..54ba407d
+					t..8b48ca12
+				})..099337e0
+			}..0d1149dc
+		},..266ed8cc
+		save..06cc6cba
+			thi..51328202
+			thi..8e3fe67e
+		},..266ed8cc
+		load..a3d147fa
+			thi..eef65981
+				ca..62274f33
+			});..643dde56
+		},..266ed8cc
+		load..6080cda7
+			con..e26103ab
+			con..2afa9200
+			con..57c5d106
+			thi..d6a91a01
+				fr..c31a8465
+				fr..d7041012
+			}, ..db6ac25f
+				ca..62274f33
+			});..643dde56
+		},..266ed8cc
+		load..2d55c872
+			con..e26103ab
+			con..57c5d106
+			thi..69663fc4
+				fr..d7041012
+			}, ..db6ac25f
+				ca..62274f33
+			});..643dde56
+		},..266ed8cc
-/**..3217e892
- * Cus..4145d969
- */..e3249ddb
-@impor..e7913cbf
-.md-ap..94a7895a
+.md-ap..daed9058
+.md-ap..7368fe53
+	heigh..fa995278
+}..5a73c6e4
+..54ba407d
+.md-ap..8ff40e04
+	backg..5ad558a3
+	z-ind..22c482cb
-.md-ap..1d25d64f
+.md-ap..c85439ec
+	backg..31f2880d
+	borde..b960809e
+	right..c3f9da95
-	box-s..c951aee7
+	box-s..2c8e1949
+	displ..d7b392b6
-	}..127874b7
-..7f75c286
-	.ethe..e0656767
-	.ethe..af2fc1e8
-		padd..e60a5aad
+		padd..f25ff255
-		max-..901c68ef
-		marg..d9a46048
+		max-..a7e13602
+		marg..208ab971
+	}..ade6935e
+..54ba407d
+	.tr {..d8754405
+		disp..741c057a
+	}..ade6935e
+..54ba407d
+	.thea..d6ff46ac
+		disp..c3344451
+	.tbod..77ec98cc
+		disp..c4b4b025
+	}..ade6935e
+..54ba407d
+	.thea..c81ad466
+		disp..6edcbe84
-		padd..7e22db5a
+		padd..436c8987
+	.tbod..a1f291b8
+		disp..6edcbe84
-		padd..7e22db5a
+		padd..436c8987
+	.tbod..5552145c
+	.tbod..def4cc56
+	.thea..e2b11557
+	.tbod..a4da420c
+	.thea..71f32814
+	.tbod..4c110cf5
-	.cont..bdeefd34
-		font..508b1996
-		widt..ff90c6c0
-		heig..724d8747
-		marg..875a2086
-		vert..0fd3d617
-	}..127874b7
-..7f75c286
-	.cont..ad866582
+	.cont..0c5ac2af
+		font..6f282406
+		widt..6994854e
+		heig..a9d9acbc
+		marg..00eba5d5
+		posi..8dee220d
+		top:..d8f297ef
+.table..8f21eb6f
+	.thea..d6ff46ac
+		posi..418b4ec4
+		top:..2537ba0e
+		box-..b059db6b
+		tran..d6ed9a82
+	}..ade6935e
+}..5a73c6e4
+..54ba407d
-	.deta..2935e5ab
-		padd..2f1cc1d7
+	.deta..d1c1d251
+		padd..f25ff255
-	.deta..2935e5ab
-		padd..2f1cc1d7
+	.deta..d1c1d251
+		padd..f25ff255
-		<md-..d6e31cae
+		<md-..b410f605
-			<md..3b4df467
-			<md..575f3ce4
-				<m..2709d494
-					<..545dadbd
-				</..a3c7363a
-				<m..f86b2652
-					@..0aa4e70e
-				</..a3c7363a
-				<m..71857019
-				  ..02f71070
-					@..a9e98931
-				</..a3c7363a
-			</m..389bf412
-			<md..2562a53b
-				<m..2709d494
-					<..545dadbd
-				</..a3c7363a
-				<m..97d3c93f
-					@..244f14d2
-				</..a3c7363a
-				<m..560b5994
-					@..f8dc9922
-				</..a3c7363a
-			</m..389bf412
-			<md..736f32f0
-				v-..ce97caa8
-				ke..4d8f60e4
-				<m..2709d494
-					<..545dadbd
-				</..a3c7363a
-				<m..61b8d18c
-					@..8d03d3ea
-				</..a3c7363a
-				<m..fc0d497c
-				  ..718585d7
-					@..2afcc1cd
-				</..a3c7363a
-				<m..e724338c
-					@..29b3a1c5
-				</..a3c7363a
-				<m..93f4ccb1
-				  ..25e51d0d
-					@..3943df6b
-				</..a3c7363a
-			</m..389bf412
-			<md..ebf5e476
-				<m..44833430
-					@..8d03d3ea
-				</..a3c7363a
-				<m..1b6544d8
-					@..32ff29f6
-				</..a3c7363a
-				<m..2083a2ce
-					@..2afcc1cd
-				</..a3c7363a
-				<m..511a8f4f
-					@..29b3a1c5
-				</..a3c7363a
-				<m..78481a90
-					@..3943df6b
-				</..a3c7363a
-			</m..389bf412
-			<di..c2c25779
-				<a..a2a0ef16
-					<..4ef18adf
-					<..9257d1ae
-				</..4f948dd1
-			</d..3c500f99
+			<vu..3e2a55ed
+				<m..2ac936f6
+				<m..afcca445
+					<..06c7edc6
+						..8e67f685
+					<..b49f8579
+					<..25edf5cc
+						..6e85fc1f
+					<..b49f8579
+					<..f72697dd
+						..4c6053b2
+						..2ea6cdec
+						..f14f2a86
+						..2e3986f1
+					<..b49f8579
+				</..86cb56ac
+				<m..3cb6859f
+					<..06c7edc6
+						..8e67f685
+					<..b49f8579
+					<..cd5cb347
+						..5c55dfa8
+					<..b49f8579
+					<..c97d392b
+						..b4ae2f93
+					<..b49f8579
+				</..86cb56ac
+				<m..f95d4397
+					v..885106c7
+					k..356c274c
+					<..06c7edc6
+						..8e67f685
+					<..b49f8579
+					<..afad306d
+						..7bcdab34
+					<..b49f8579
+					<..f72697dd
+						..ac81a2b5
+						..a7890c0e
+						..96160271
+						..4d2f2f94
+					<..b49f8579
+					<..f72697dd
+						..86b3a687
+						..23afa72e
+						..153d2d8f
+						..dd227b50
+					<..b49f8579
+					<..f72697dd
+						..9458bcef
+						..0519fe9d
+						..99ffc79f
+						..2bd38b40
+					<..b49f8579
+				</..86cb56ac
+				<m..ff80f84d
+					<..362e753c
+						..7bcdab34
+					<..b49f8579
+					<..c97fdb21
+						..38f5cee8
+					<..b49f8579
+					<..39af8722
+						..4d2f2f94
+					<..b49f8579
+					<..5c922211
+						..dd227b50
+					<..b49f8579
+					<..2d42d697
+						..2bd38b40
+					<..b49f8579
+				</..86cb56ac
+				<d..90c1f3e5
+					<..44dc5411
+						..321574fa
+						..37f90112
+					<..bd91eb41
+				</..e9617162
+			</v..bb914ab8
-			<di..1692f1ad
+			<vu..4d0d0fa6
+				cl..4fdbce6a
+				:s..570fabbf
+				@p..3e79afa2
+				@p..6dfee931
-			</d..3c500f99
+			</v..bb914ab8
-	<tran..9b5d4b69
-		:tra..db17aa12
-		:go-..6e441c38
-		:dat..0ac181e9
-		:dat..be2d49a6
-		:dat..caced497
-		date..6d0e1306
-	</tra..ca03542c
+	<div ..b83e78fe
+		<div..2f834b3d
+			<di..7df25e7b
+				<d..7f7bebf7
+				<d..0f4538da
+				<d..3a9929eb
+					@..8af97510
+					<..b9592220
+						..e255bc8c
+						..e6c1b985
+						..8b7fe244
+						..beb6c076
+						..84233507
+						..8b7fe244
+					<..a95a7eae
+				</..e9617162
+				<d..a37456df
+				<d..74caf664
+				<d..0d05d9e0
+				<d..2fb8c7f3
+			</d..a837c84b
+		</di..a04297af
+		<div..769b8b1b
+			<di..ff5d5d21
+				<d..659a93af
+					<..40cccc5f
+						..7d57499f
+						..5987b6a1
+						..6f93c8da
+					<..bd91eb41
+				</..e9617162
+				<d..18b624ee
+					<..40cccc5f
+						..d4e920d6
+						..54ffeef6
+						..3284be35
+					<..bd91eb41
+				</..e9617162
+				<d..41c0b584
+					@..a38e0d76
+				</..e9617162
+				<d..6c53f674
+					<..40cccc5f
+						..61c5322c
+						..a95dbabf
+						..2683439d
+						..cb8c11c8
+					<..bd91eb41
+				</..e9617162
+				<d..3ee5a67c
+					<..40cccc5f
+						..70125851
+						..a538b6d3
+						..37250911
+						..f7fbe1ba
+						..7b21b3fc
+						..d28d16a1
+					<..bd91eb41
+					<..40cccc5f
+						..70125851
+						..a538b6d3
+						..88c9097f
+						..c028ae29
+						..352aa518
+					<..bd91eb41
+					<..40cccc5f
+						..69201d94
+						..37250911
+						..cd9ae754
+						..d1b097ca
+						..7b21b3fc
+						..f13ba704
+					<..bd91eb41
+				</..e9617162
+				<d..053d611c
+					<..121010f1
+						..3b97d0c8
+					<..a95a7eae
+					<..6141b965
+						..66de35dc
+					<..a95a7eae
+					<..5b3bd5ba
+						..936e70b2
+					<..a95a7eae
+				</..e9617162
+				<d..67219995
+					<..af634540
+						..fc55de2d
+					<..a95a7eae
+					<..ec9b3bdb
+						..16623823
+					<..a95a7eae
+					<..2819b7aa
+						..df814d98
+					<..a95a7eae
+				</..e9617162
+			</d..a837c84b
+		</di..a04297af
+	</div..c8afe979
+	<date..3346b3c0
+		min=..e4319ccf
+		max=..c8c41a78
+		colo..c1a46fe5
+		@clo..7f81f248
+		@inp..37016d82
+		v-if..077e3c7f
+		v-mo..2fff3c69
+	</dat..20262898
+			Rou..0047367d
+			Rou..ab9fe8b4