-			// ..1f5df6fe
-			thi..12f2fd5e
-..7f75c286
+				//..b6cafddd
+				th..75a5574d
+..54ba407d
+				//..16c9c209
+				th..394bdffb
+..54ba407d
-					h..90176423
+					h..556bb21a
-..7f75c286
-				//..d44f6ebf
-				th..7e34a89a
-			});..ea2aa39c
+			}, ..c4fb11c0
-		load..9da5cfa3
-			if ..d0da6ef3
-				th..37fb6347
+		load..0ed7642a
+			if ..10721ada
+				&&..e8653a90
+					|..d734d601
-			thi..fb8f9c4b
+			thi..d4f94d02
-		load..3a97e6c6
-			thi..8086b51a
+		load..50692552
+			thi..c0be0f87
-		load..6e9be750
-			if ..785879b2
-				th..45c78a1d
-				th..452c41e4
-				th..caf43617
+		load..ae68e87b
+			if ..10721ada
+				&&..9777f89c
+					|..3d9efe0a
+					|..4d3a5899
+					|..04d7c257
-			thi..01418346
+			thi..fe9f2d95
-		load..bd49965d
-			if ..ee9a3312
-				th..a8e647d0
+		load..c4171def
+			if ..10721ada
+				&&..c015d9b8
+					|..b67a3830
-			thi..224a34fc
+			thi..8e3e9a91
-	}..127874b7
-..7f75c286
-	.tx-i..c1d952bc
-	}..127874b7
-..7f75c286
-	.tx-o..bfe53d81
-	}..127874b7
-..7f75c286
-	.tx-s..acc77ea2
-	<tran..9b5d4b69
-		:tra..db17aa12
-		:go-..94eb7b25
-		:add..ac1f2695
-		:bal..b6415f59
-	</tra..ca03542c
+	<div ..b83e78fe
+		<div..2f834b3d
+			<di..7df25e7b
+				<d..7f7bebf7
+				<d..0f4538da
+				<d..3a9929eb
+					@..8af97510
+					<..b9592220
+						..e255bc8c
+						..e6c1b985
+						..8b7fe244
+						..beb6c076
+						..84233507
+						..8b7fe244
+					<..a95a7eae
+				</..e9617162
+				<d..a37456df
+				<d..74caf664
+				<d..0d05d9e0
+				<d..2fb8c7f3
+			</d..a837c84b
+		</di..a04297af
+		<div..769b8b1b
+			<di..ff5d5d21
+				<d..659a93af
+					<..40cccc5f
+						..7d57499f
+						..5987b6a1
+						..6f93c8da
+					<..bd91eb41
+				</..e9617162
+				<d..18b624ee
+					<..40cccc5f
+						..d4e920d6
+						..54ffeef6
+						..3284be35
+					<..bd91eb41
+				</..e9617162
+				<d..41c0b584
+					@..a38e0d76
+				</..e9617162
+				<d..6c53f674
+					<..e95d3d72
+						..2683439d
+						..cb8c11c8
+					<..a95a7eae
+					<..40cccc5f
+						..61c5322c
+						..7bbc5672
+						..455943df
+						..2683439d
+						..cb8c11c8
+					<..bd91eb41
+				</..e9617162
+				<d..3ee5a67c
+					<..96e1fb41
+						..c028ae29
+						..352aa518
+					<..a95a7eae
+					<..40cccc5f
+						..70125851
+						..a538b6d3
+						..37250911
+						..c5b16456
+						..7b21b3fc
+						..d28d16a1
+					<..bd91eb41
+					<..40cccc5f
+						..70125851
+						..a538b6d3
+						..88c9097f
+						..c028ae29
+						..352aa518
+					<..bd91eb41
+					<..40cccc5f
+						..69201d94
+						..37250911
+						..cd9ae754
+						..d1b097ca
+						..7b21b3fc
+						..f13ba704
+					<..bd91eb41
+				</..e9617162
+				<d..053d611c
+					<..d09d1997
+						..1f530ae2
+					<..a46b826f
+					<..59709e51
+						..779694cd
+					<..a46b826f
+					<..950a895d
+						..80df9f2b
+					<..a46b826f
+					<..121010f1
+						..3b97d0c8
+					<..a95a7eae
+					<..6141b965
+						..66de35dc
+					<..a95a7eae
+					<..5b3bd5ba
+						..936e70b2
+					<..a95a7eae
+				</..e9617162
+				<d..67219995
+					<..af634540
+						..fc55de2d
+					<..a95a7eae
+					<..ec9b3bdb
+						..16623823
+					<..a95a7eae
+					<..2819b7aa
+						..df814d98
+					<..a95a7eae
+				</..e9617162
+			</d..a837c84b
+		</di..a04297af
+	</div..c8afe979
-						..dc1995d5
-						..865b94b6
+						..bfd5ae21
+						..d65e02ce
+						..bc8c4c55