--- /de..0af899bb
+<?php..453bbcca
+..54ba407d
+namesp..78663c44
+..54ba407d
+use En..ff44f10a
+use En..58c9d968
+use Il..2432736c
+use Il..585f6bb6
+..54ba407d
+class ..781ea49e
+	/**..44f3450a
+	 * Th..ab24f8c6
+	 *..82fea821
+	 * @v..315c7ccf
+	 */..9f1b36f3
+	prote..a453182a
+..54ba407d
+	/**..44f3450a
+	 * Th..d5826287
+	 *..82fea821
+	 * @v..315c7ccf
+	 */..9f1b36f3
+	prote..dce13fa5
+..54ba407d
+	/**..44f3450a
+	 * Cr..b1c00562
+	 *..82fea821
+	 * @r..47553404
+	 */..9f1b36f3
+	publi..60819588
+		pare..107cd99f
+	}..ade6935e
+..54ba407d
+	/**..44f3450a
+	 * Ex..a610de73
+	 *..82fea821
+	 * @r..535112a5
+	 */..9f1b36f3
+	publi..e9c6b4df
+		$thi..4fb28fff
+		DB::..2300cbfc
+			->t..361eb691
+			->w..45b418a5
+			->d..3be501e0
+		$thi..f36ec700
+	}..ade6935e
+}..5a73c6e4
-..7f75c286
-..7f75c286
-	/* --..058fc742
+	/* --..8af2a325
+	const..a01ccf6c
+	/* --..9c42de8f
+	const..b69389d5
-		$pri..6ef48e9e
-		$pri..20598b6a
-		retu..19f8f71b
+		retu..278ef590
+use En..4a487135
-			$co..44c398b1
+			$co..4f1c6823
+++ /de..5838f029
-<?php..57c051f9
-..7f75c286
-use Il..e3940b5c
-use Il..f7827439
-use Il..df701b07
-..7f75c286
-class ..436f9570
-..7f75c286
-	/**..f2927328
-	 * Ru..e59b3f49
-	 *..a89447e0
-	 * @r..6ed12931
-	 */..1703df15
-	publi..23d96b1e
-		DB::..191b8c9e
-		  `a..a3ae7a8a
-		  `a..76602bb4
-		  `u..5b2d1492
-		  PR..f40cbfd3
-		  UN..98c12e6b
-		  KE..4cc47ac3
-		) EN..4475787f
-..7f75c286
-		DB::..20691ef8
-		  `a..961ceff6
-		  `i..ff6b1b87
-		  PR..00bd369f
-		) EN..4475787f
-..7f75c286
-		DB::..34be3b90
-		  `m..7741056c
-		  `c..bd79852e
-		  `m..da1ba140
-		  `v..ebc7b422
-		  `h..6074d1e3
-		  `d..96dca733
-		  `h..9300a2aa
-		  PR..35648167
-		  KE..63b18af5
-		) EN..4475787f
-..7f75c286
-		DB::..f292c1a8
-		  `m..a74b1a3a
-		  `r..3930081c
-		  PR..2a3b3c89
-		  UN..d4466fbf
-		) EN..59820b6e
-");..abb5b391
-..7f75c286
-		DB::..5dc41aba
-		  `p..92395259
-		  `n..96488123
-		  `p..ad3a1ac5
-		  `h..9300a2aa
-		  `c..701b0e1c
-		  PR..bde6d0f3
-		) EN..4475787f
-..7f75c286
-		DB::..287709d6
-		  `p..ba0a8c2e
-		  `m..a74b1a3a
-		  `r..abf1bebf
-		  `r..f1d16af1
-		  PR..eb69ad0f
-		) EN..4475787f
-..7f75c286
-		DB::..0c26ce04
-		  `u..5b2d1492
-		  `p..14e6da4b
-		  `p..33bc976d
-		  `s..37a10740
-		  `s..e68e1fa1
-		  PR..61a80ba5
-		  KE..6e8f6a42
-		) EN..4475787f
-..7f75c286
-		DB::..91d6b6e6
-		  `u..5b2d1492
-		  `m..a74b1a3a
-		  `r..abf1bebf
-		  `r..f1d16af1
-		  PR..b186df0d
-		) EN..4475787f
-..7f75c286
-		DB::..789b998a
-		  AD..cd4aa1b4
-..7f75c286
-		DB::..9bfb397b
-		  AD..b0f0a167
-..7f75c286
-		DB::..6384c36b
-		  AD..c8ec5598
-..7f75c286
-		DB::..5c213ff5
-		  AD..1f5d5c66
-		  AD..b607534d
-..7f75c286
-		DB::..9b239cee
-		  AD..2b3fe3f7
-..7f75c286
-		DB::..9e478a4d
-		  AD..02ab49e3
-		  AD..c9edebe7
-	}..127874b7
-..7f75c286
-	/**..f2927328
-	 * Re..c5a0bb18
-	 *..a89447e0
-	 * @r..6ed12931
-	 */..1703df15
-	publi..d1f57da1
-		Sche..00064c5a
-		Sche..152a44df
-		Sche..ca4127ba
-	}..127874b7
-}..3e8a53e8
+++ /de..5838f029
-<?php..57c051f9
-..7f75c286
-use Il..e3940b5c
-use Il..f7827439
-use Il..df701b07
-..7f75c286
-class ..006242c3
-..7f75c286
-	/**..f2927328
-	 * Ru..e59b3f49
-	 *..a89447e0
-	 * @r..6ed12931
-	 */..1703df15
-	publi..23d96b1e
-		DB::..fcd30203
-			(1,..0a9467bb
-			(2,..602dd19b
-			(3,..d443afa4
-			(4,..f80c5ee9
-			(5,..c54c410f
-			(6,..8e4782f2
-			(7,..5eea38a1
-			(8,..880c8c46
-			(9,..a09d2b31
-			(10..f1e6bf0f
-			(11..4c4b7d36
-			(12..510a56a7
-			(13..63008ede
-			(14..6ee51ad6
-			(15..4441b07b
-			(16..ae630934
-			(17..78e8b424
-			(18..6950c44b
-			(19..d329eead
-			(20..10a03921
-			(21..b149a785
-..7f75c286
-		DB::..18c335d9
-			(1,..9f9b5f84
-			(2,..288373a0
-			(3,..f64f5ed4
-			(4,..40d354b0
-			(5,..1cfed8d1
-			(6,..f3feedbe
-			(7,..e981c75c
-			(8,..76bff25e
-			(9,..386b77f4
-			(10..65fc0cc1
-			(11..cb8a859e
-			(12..87cdfb6b
-			(13..e70730a6
-			(14..3269c9a6
-			(15..08365dcb
-			(16..2065b409
-			(17..093eefb0
-			(18..da36e77c
-			(19..b661fce4
-			(20..63d6eba6
-			(21..a1799a60
-..7f75c286
-		DB::..6560dce5
-			(1,..3b41f2d4
-			(2,..556ccbfa
-			(3,..cd6d0f01
-			(4,..8320cd28
-			(5,..2b7f634a
-			(6,..d6e89b64
-..7f75c286
-		DB::..eba1aa88
-			(1,..91a0ccf4
-			(1,..f261ce12
-			(1,..1a32f392
-			(1,..b2822cd6
-			(1,..40836dcd
-			(1,..a63f7bd4
-			(1,..b27381aa
-			(1,..575875d0
-			(1,..63ca39e4
-			(1,..c5ff5d32
-			(1,..d8f17610
-			(1,..f49e9fd0
-			(1,..1e04972c
-			(1,..b734a044
-			(1,..e05332ec
-			(1,..4ac4f7fa
-			(1,..cfc4aebb
-			(1,..be0174d8
-			(1,..3bcdf218
-			(1,..cde1d659
-			(1,..4938f8ed
-			(2,..6a3861e8
-			(2,..5ebc00d9
-			(2,..26b7a7f6
-			(2,..acd4be76
-			(2,..49bf229c
-			(2,..2ac60107
-			(2,..230cac87
-			(2,..81ed56c2
-			(2,..49d199b8
-			(2,..7f1f65b6
-			(2,..4bea127e
-			(2,..2ac0dd97
-			(2,..91558c35
-			(2,..cf9228a5
-			(2,..a55903bb
-			(2,..30f28a6e
-			(2,..eb83e55f
-			(2,..ad7702f6
-			(2,..e15862ec
-			(2,..ee8783b5
-			(2,..e6704e9c
-			(3,..89ad2397
-			(3,..2f81027e
-			(3,..0e96ce59
-			(3,..2cbb00b9
-			(3,..8076394b
-			(3,..51e51d7a
-			(3,..f55980b7
-			(3,..9016ec0c
-			(3,..ab8b62bc
-			(3,..06027e72
-			(3,..16a27630
-			(3,..8b3e4413
-			(3,..4c199562
-			(3,..def9ac68
-			(3,..a445f206
-			(3,..b745542d
-			(3,..0b4cf5b2
-			(3,..dd7ad56f
-			(3,..e91ba99e
-			(3,..57dcdae6
-			(3,..f53d1565
-			(4,..f059a04f
-			(4,..95844f5f
-			(4,..fbae3ec1
-			(4,..2a6a720c
-			(4,..16fcc2d1
-			(4,..c01d0994
-			(4,..e4d546f2
-			(4,..21bf4272
-			(4,..394ce53a
-			(4,..a4efcbb1
-			(4,..5191fb1b
-			(4,..08371436
-			(4,..6d0109f2
-			(4,..7ea54df1
-			(4,..598d1a40
-			(4,..7d151828
-			(4,..6390e441
-			(4,..f347a4b6
-			(4,..a713e3f5
-			(4,..541e9c0b
-			(4,..4a3d0475
-			(5,..b59f8799
-			(5,..48417187
-			(5,..bd0b9cd8
-			(5,..7ea650b6
-			(5,..5f870adf
-			(5,..757b1554
-			(5,..3d823866
-			(5,..30ba8cd0
-			(5,..ee95184a
-			(5,..7bdbbaf4
-			(5,..f587db72
-			(5,..7a05831b
-			(5,..de27259a
-			(5,..9d9c9308
-			(5,..71e220b1
-			(5,..c5885be5
-			(5,..afa7b069
-			(5,..f3d43991
-			(5,..b33a5f67
-			(5,..e735da6e
-			(5,..a9294321
-			(6,..b66b4966
-			(6,..52a219e5
-			(6,..cc1321ab
-			(6,..70d66da5
-			(6,..be3713ce
-			(6,..fa3808cc
-			(6,..d0c20a36
-			(6,..bbf7481c
-			(6,..9b486a10
-			(6,..c28f12f6
-			(6,..89986791
-			(6,..4e1e2169
-			(6,..09185590
-			(6,..0d21dd7e
-			(6,..6a941bcd
-			(6,..42c62e40
-			(6,..1d84c44c
-			(6,..5daf1e22
-			(6,..3119a68d
-			(6,..924bcce6
-			(6,..c3cdad39
-	}..127874b7
-..7f75c286
-	/**..f2927328
-	 * Re..c5a0bb18
-	 *..a89447e0
-	 * @r..6ed12931
-	 */..1703df15
-	publi..d1f57da1
-		DB::..8af4be61
-		DB::..6efc74dd
-	}..127874b7
-}..3e8a53e8
+++ /de..5838f029
-<?php..57c051f9
-..7f75c286
-use Il..e3940b5c
-use Il..f7827439
-use Il..df701b07
-..7f75c286
-class ..b7abc9e8
-..7f75c286
-	/**..f2927328
-	 * Ru..e59b3f49
-	 *..a89447e0
-	 * @r..6ed12931
-	 */..1703df15
-	publi..23d96b1e
-		DB::..f5d8775b
-		DB::..8331d020
-		DB::..5a8781fb
-		DB::..a3c52178
-			('2..8b0dea2b
-			('2..8a3be287
-		");..d222e407
-		DB::..8042a59c
-			('1..6024ad20
-			('1..b5c3dc6d
-			('2..1851d9e2
-			('2..9155f446
-			('3..3073f0e2
-			('3..38389dd3
-			('4..f8ed4da2
-			('4..6ad6c967
-			('5..2b5204ff
-			('5..8c6d5979
-			('6..6c402718
-			('6..8879b6c6
-		");..d222e407
-	}..127874b7
-..7f75c286
-	/**..f2927328
-	 * Re..c5a0bb18
-	 *..a89447e0
-	 * @r..6ed12931
-	 */..1703df15
-	publi..d1f57da1
-		DB::..182ab2f2
-		DB::..f911ecd2
-		DB::..6e113919
-		DB::..e36c31df
-		DB::..0675dfb2
-	}..127874b7
-}..3e8a53e8
+++ /de..5838f029
-<?php..57c051f9
-..7f75c286
-use Il..e3940b5c
-use Il..f7827439
-use Il..df701b07
-..7f75c286
-class ..aa9cb0e4
-..7f75c286
-	/**..f2927328
-	 * Ru..e59b3f49
-	 *..a89447e0
-	 * @r..6ed12931
-	 */..1703df15
-	publi..23d96b1e
-		Sche..cf451980
-			$ta..52e3d8e3
-			$ta..67dc7e78
-			$ta..45835a4e
-			$ta..de17e51f
-			$ta..2000746f
-			$ta..7fc7792d
-		});..7bef5793
-	}..127874b7
-..7f75c286
-	/**..f2927328
-	 * Re..c5a0bb18
-	 *..a89447e0
-	 * @r..6ed12931
-	 */..1703df15
-	publi..d1f57da1
-		Sche..f8134ae9
-	}..127874b7
-}..3e8a53e8
+++ /de..5838f029
-<?php..57c051f9
-..7f75c286
-use Il..df701b07
-use En..14bdff44
-use En..7dbf07cd
-..7f75c286
-class ..c83d9d84
-	/**..f2927328
-	 * Ru..e59b3f49
-	 *..a89447e0
-	 * @r..6ed12931
-	 */..1703df15
-	publi..23d96b1e
-		// C..aaad1387
-		DB::..a13f3fac
-			->i..7dc99733
-				'p..f8d825c3
-				'n..ffe761b9
-				'p..eee89e90
-				'h..a1e11222
-				'c..f179cd06
-			]);..23429730
-..7f75c286
-		// C..20985974
-		DB::..8ae49072
-			->i..7dc99733
-				'u..6453d10c
-				'p..f8d825c3
-			]);..23429730
-		DB::..9d08e440
-			->i..7dc99733
-				'a..928b4199
-				'u..6453d10c
-			]);..23429730
-..7f75c286
-		// C..eed271dd
-		DB::..8ae49072
-			->i..7dc99733
-				'u..c8b75386
-				'p..fc59bfe1
-			]);..23429730
-		DB::..9d08e440
-			->i..7dc99733
-				'a..e0f28972
-				'u..c8b75386
-			]);..23429730
-..7f75c286
-		// C..d57d1bb6
-		DB::..8ae49072
-			->i..7dc99733
-				'u..9ec9d31c
-				'p..25353bde
-			]);..23429730
-		DB::..9d08e440
-			->i..7dc99733
-				'a..be6d350f
-				'u..9ec9d31c
-			]);..23429730
-..7f75c286
-		// C..9a0b8d0c
-		DB::..8ae49072
-			->i..7dc99733
-				'u..9a180817
-				'p..25353bde
-			]);..23429730
-		DB::..9d08e440
-			->i..7dc99733
-				'a..4081a2d0
-				'u..9a180817
-			]);..23429730
-	}..127874b7
-..7f75c286
-	/**..f2927328
-	 * Re..c5a0bb18
-	 *..a89447e0
-	 * @r..6ed12931
-	 */..1703df15
-	publi..d1f57da1
-		DB::..a13f3fac
-			->w..813f646c
-			->d..e15ec7b4
-..7f75c286
-		DB::..8ae49072
-			->w..f2debd4a
-				Da..d852bdda
-				Da..45442c4b
-				Da..eeea4d62
-				Da..fa3c936b
-			])..c78df8c7
-			->d..e15ec7b4
-	}..127874b7
-}..3e8a53e8
+++ /de..5838f029
-<?php..57c051f9
-..7f75c286
-use Il..e3940b5c
-use Il..f7827439
-use Il..df701b07
-use En..14bdff44
-..7f75c286
-class ..fc60fdab
-..7f75c286
-	/**..f2927328
-	 * Ru..e59b3f49
-	 *..a89447e0
-	 * @r..6ed12931
-	 */..1703df15
-	publi..23d96b1e
-		$met..7f2d85b3
-			->i..da452eaf
-				'c..cbd9dc07
-				'm..7be3d3d5
-				'v..ef1fe0b7
-				'h..2cace2d0
-				'd..87aac5b3
-				'h..3f58e61c
-			]);..23429730
-..7f75c286
-		DB::..d51604a7
-			->i..7dc99733
-				'm..383d993a
-				'r..565f1d60
-			]);..23429730
-..7f75c286
-		DB::..e25f529e
-			->i..7dc99733
-				'p..5fabd4e5
-				'm..383d993a
-				'r..5ae27830
-				'r..dd316c44
-			]);..23429730
-	}..127874b7
-..7f75c286
-	/**..f2927328
-	 * Re..c5a0bb18
-	 *..a89447e0
-	 * @r..6ed12931
-	 */..1703df15
-	publi..d1f57da1
-		DB::..0fdc940e
-			->w..a5399940
-			->w..79f9b81a
-			->d..e15ec7b4
-..7f75c286
-		DB::..d51604a7
-			->w..6633bbf6
-			->d..e15ec7b4
-	}..127874b7
-}..3e8a53e8
--- /de..0af899bb
+-- DEF..f8bdd818
+-- @to..3ba31697