+						..11e1ff4f
+	priva..9d739d1e
+		fore..a366dace
+			// ..c719bfe7
+			$to..b46c32bc
+			for..89dd8980
+				if..bd7e53a6
+					$..7d590313
+				}..4a54ce7d
+			}..3a18dc9e
+..e0c336ce
+			// ..d49b6e6c
+			$da..b441c8e0
+			$da..92579ae0
+			if ..297fdd8c
+				$d..97359e82
+				$d..0191a639
+				fo..aa0aab1f
+					i..7bd4fb73
+					e..1e18fcd9
+					e..329411ce
+					e..fa1e6bc5
+				}..4a54ce7d
+			}..3a18dc9e
+..e0c336ce
+			$ne..0e4fc406
+				'l..c8a48a4b
+				'b..bd831586
+				'b..4404798a
+				't..e8403dc3
+				't..749384d4
+				'a..df159e80
+				't..6e41b6ec
+				't..0cfaf8f4
+				't..7360cddf
+				't..f75ce859
+				'd..32d69952
+				'd..6a9ab854
+				'd..65c3fef4
+				'd..4b301004
+				'r..530c5c3e
+			);..691df41b
+..e0c336ce
+			// ..b3f45701
+			$ne..39778319
+			if ..e5cc6f44
+				if..5b8cee97
+				if..fc519a11
+			}..3a18dc9e
+..e0c336ce
+			// ..37b2539d
+			if ..17bf5054
+				fo..81264bb8
+					t..943e6c92
+						..bf40ba3d
+						..cd4ecf60
+						..71476f0e
+						..2429b355
+						..08bd87ea
+						..72993702
+					}..ffc3e98e
+						..bf40ba3d
+						..37a9031d
+						..b0236633
+						..c0b723bb
+						..4e2ed7f1
+						..08bd87ea
+						..72993702
+					}..bfc97593
+				}..4a54ce7d
+			}..3a18dc9e
+..e0c336ce
+			try..50c8913a
+				$t..9691b2cc
+					-..b929574b
+			} c..cb00a5e3
+				//..2dd44563
+			}..3a18dc9e
+		}..30a08179
+	}..196f6150
+..e0c336ce
+	 * @p..c86d75a1
-	publi..6263dc83
+	publi..974f364d
-		retu..5be53716
+		retu..00263377
-use En..40080f52