-		$cur..6e9876be
-..581f7fe4
-		do {..cbc1c8af
-			$it..5202d01c
-			whi..1dc390d0
-				$t..11607749
-				$b..93267285
-				$t..e158c867
-..581f7fe4
-				//..8012416b
-				$t..127c4727
-				fo..f8723eb2
-					$..4dec49b9
-					i..2d1b843a
-						..05f14e8b
-						..b487d79b
-						..4db55f68
-						..d2eed53e
-						..1c425418
-						..633f705c
-						..76236d4d
-						..b2d10fe5
-						..e6e0d992
-						..113d821d
-						..c1c1a7f9
-						..c9b1ec80
-						..ae58dec0
-						..7d9541a2
-						..c9d98437
-						..0c826a6a
-..581f7fe4
-						..dae1decc
-						..557249ad
-						..537bc74b
-..581f7fe4
-						..c43cf697
-						..e92a358f
-						..4cc3f890
-						..89067c72
-						..b071aaba
-						..e885cbdf
-						..12b2eae7
-						..025cb641
-						..b0d0ecb5
-						..25db4f29
-..581f7fe4
-						..a3ddb337
-						..661f175c
-						..956f3486
-						..8f2bf95c
-..581f7fe4
-						..db3bd6ce
-						..432d49ab
-						..42d33e64
-..581f7fe4
-						..83a4478d
-						..5de283d6
-						..d11f544c
-					}..458c834a
-					$..832f82f3
-				}..56355c7d
+		$pro..e68bc0e4
-				//..a7b65fcb
-				$t..1c87ebb7
+		$sel..bf27f011
+			->o..87447df4
+			->o..096be941
+			->l..b5c86f71
-				//..a5726fad
-				if..b5a7329d
-					$..77927099
-					b..65ba7a02
-				}..56355c7d
+		$sel..443776bd
+			->o..36e914f2
-				$c..c6d69e46
+		$tra..88fce569
+		fore..d78dbb4e
+			$th..1af1a441
+			$tr..ca4c9226
+			if ..e24d9142
+				$t..fb3585ed
-			sle..c2f9c775
-			$it..132b3e1c
-			$ti..c44526cf
-			if ..7400fb56
-		} wh..81018c47
+			$th..7b6c3ac4
+		}..30a08179
-			ret..a20e72d6
+			ret..2ca1d07e
-		retu..78311fcc
+		retu..c0f313ba
-	priva..61356fac
+	priva..abf88291
+				'i..de98282a
+..e0c336ce
+	priva..46749cd8
+		$par..b9c221ce
+		$tra..cff1467c
+		fore..d0c36302
+			$ev..31b5f07f
+				'b..57ad9390
+				't..50f5b510
+				't..e4af5481
+				's..e90ac276
+				't..8a347cf4
+				'p..722fe812
+				't..02e24138
+				'f..17d68522
+				't..2c3b5cb0
+				'a..af801eb5
+				'r..6ce27207
+			];..a7d8f817
+..e0c336ce
+			try..50c8913a
+				$t..bb69f69d
+					-..343e83a1
+..e0c336ce
+				if..3a608872
+					$..3055f16c
+			} c..cb00a5e3
+				if..bfbc0eed
+					$..6912f2da
+						..8729e474
+						..7b7afa25
+						..0e529f9a
+						..b9d344ab
+						..26c8036a
+..e0c336ce
+					/..5fd5dfa8
+					i..dcd82e6a
+						..ac9ea456
+					}..bfc97593
+..e0c336ce
+					$..3e65235d
+				}..4a54ce7d
+			}..3a18dc9e
+..e0c336ce
+			$tr..515f1e2b
+		}..30a08179
+	}..196f6150
-			$th..25473f88
+			$th..116b37db