-			whi..cba2df64
-				$t..cbef38de
+			whi..461be114
+				$t..725e6802
-				$b..d1f69fc6
+				$b..4779cac8
-			whi..cba2df64
-				$b..d1f69fc6
+			whi..461be114
+				$b..4779cac8
-				$p..0eb51454
+				$p..d5f3cda8
-			$bl..ff8696dc
+			$bl..00985332
-					'..90e5b8c5
+					'..dae0da04
-		$blo..59d2aefb
+		$blo..79777180
-			$st..c8a09479
+			$st..65583a5f
-					'..21bdd4c8
+					'..615d65dc
-				'l..b28c6a80
-				'b..14a23ef7
+				'l..c8a48a4b
+				'b..bd831586
-				't..044547b4
+				't..749384d4
-				if..d260ec34
-				if..268e9bea
+				if..5b8cee97
+				if..fc519a11
-			whi..cba2df64
+			whi..461be114
-				$b..d1f69fc6
+				$b..4779cac8
-					i..258829c0
+					i..9133a6d4
-			whi..cba2df64
-				$b..d1f69fc6
+			whi..461be114
+				$b..4779cac8
-		$blo..59d2aefb
+		$blo..79777180
-			$st..c8a09479
+			$st..65583a5f
-					'..21bdd4c8
+					'..615d65dc
+++ /de..9dfcc66f
-<?php..3113b003
-..581f7fe4
-namesp..834f804d
-..581f7fe4
-use En..c3b3562b
-use En..6b70875e
-..581f7fe4
-class ..e6f4830f
-..581f7fe4
-	publi..a976f8ea
-		if (..f6acecc8
-			$pa..fdd34625
-		} el..7815c460
-			$pa..1dc896bc
-		}..76124c44
-..581f7fe4
-		retu..345421f3
-	}..57bca9e8
-..581f7fe4
-	publi..be1c3a9c
-		$res..472e3b05
-			'co..d336ad0b
-			'ad..dbd7eb0f
-			'ta..f4bbe540
-		)));..b5e76d65
-..581f7fe4
-		$eth..88705089
-		$tok..39a4ec02
-		$dec..1b8c15d6
-		retu..b0b3a3b2
-	}..57bca9e8
-..581f7fe4
-	publi..9377d1f6
-		$res..40556aca
-			'ad..dbd7eb0f
-			'ta..ac6dca8f
-		)));..b5e76d65
-..581f7fe4
-		retu..3c00e02d
-	}..57bca9e8
-..581f7fe4
-	publi..29f26f62
-		$act..b658ef7c
-		$res..c0088515
-			'st..0f247f64
-			'en..4ea1333b
-			'pa..2aa3224b
-			'so..0676a6b4
-			'of..98c55e96
-			'ad..dbd7eb0f
-		)));..b5e76d65
-..581f7fe4
-		$tra..01784936
-		fore..36697f2c
-			$er..25f60786
-			if ..f8cc1d14
-				$s..d8f37c23
-				if..bdf962b9
-					$..5a7fbf63
-				}..56355c7d
-			}..56a48030
-..581f7fe4
-			$ne..fb1f4bae
-				'b..5cd440b5
-				't..d1a258d4
-				'h..695faccc
-				'f..91acefcb
-				't..d51388d3
-				'v..735124ab
-				'g..9689e546
-				'i..a81a8d77
-				'e..e4570719
-				'i..b631d04f
-				'g..70531be3
-				'c..71c989f9
-				'n..33e6705a
-				'g..40bd9d67
-				'c..83b1572e
-				'c..407d8e90
-				't..a9056110
-			);..3efedc0e
-..581f7fe4
-			$tr..8c98cfb6
-		}..76124c44
-..581f7fe4
-		retu..b3462c43
-	}..57bca9e8
-..581f7fe4
-	publi..fa395992
-		$res..557611c4
-		retu..af29f136
-	}..57bca9e8
-..581f7fe4
-	publi..6d9a85f3
-		$res..b665648e
-		retu..302ce4eb
-	}..57bca9e8
-..581f7fe4
-	publi..6778d2e3
-		$res..5f190415
-			'tx..b21004ab
-		)));..b5e76d65
-..581f7fe4
-		$tx ..e4bbd646
-		$rec..31248f2a
-		$sta..fb0f48d7
-..581f7fe4
-		if (..78bc2449
-			thr..71cd9aa3
-		}..76124c44
-..581f7fe4
-		// w..d8a7270e
-		$tim..452ef1cc
-		if (..dffec619
-			$bl..55d923e0
-			$ti..f9ea423c
-		}..76124c44
-		$err..6ef98617
-		if (..bbb140c2
-			if ..875a6a5d
-				$e..d10c8942
-			}..56a48030
-		}..76124c44
-..581f7fe4
-		$tra..496ff071
-			'bl..ecdb4c21
-			'ti..a801ef47
-			'ha..541f20b8
-			'fr..2d3b5586
-			'to..8b87c1d8
-			'va..94f18b9c
-			'ga..71959638
-			'is..69f0bcd0
-			'er..a0ba6a00
-			'in..c487f21b
-			'ga..1d342212
-			'co..5f426f77
-			'no..c61fc5e2
-			'ga..b49d92d2
-			'co..c4305c5c
-			'cu..0887f0f8
-			'tr..54cf01a4
-		);..266c9b60
-..581f7fe4
-		retu..f4e2e1c2
-	}..57bca9e8
-..581f7fe4
-	publi..d406c5fd
-		$res..87f984e6
-		retu..302ce4eb
-	}..57bca9e8
-..581f7fe4
-	publi..ab9dddc0
-		retu..16dea0ac
-			'he..dfa7da70
-		)));..b5e76d65
-	}..57bca9e8
-..581f7fe4
-	publi..8b6474ad
-		$res..fd13f7ec
-			'tx..e4476b28
-		)));..b5e76d65
-..581f7fe4
-		retu..302ce4eb
-	}..57bca9e8
-..581f7fe4
-	publi..a0ed4593
-		$res..1e98e828
-		retu..3b32f03e
-	}..57bca9e8
-..581f7fe4
-	publi..0fec28c7
-		$res..9edfdea0
-		retu..3b32f03e
-	}..57bca9e8
-..581f7fe4
-	publi..ba282bd1
-		$res..235a4cc8
-			'ad..dbd7eb0f
-			'ta..ac6dca8f
-		)));..b5e76d65
-..581f7fe4
-		retu..3b32f03e
-	}..57bca9e8
-..581f7fe4
-	publi..1dca4de5
-		$res..aa33c98d
-			'bl..86b73676
-		)));..b5e76d65
-..581f7fe4
-		retu..302ce4eb
-	}..57bca9e8
-..581f7fe4
-	publi..c6647b34
-		$res..409ab7dc
-			'ad..dbd7eb0f
-		)));..b5e76d65
-..581f7fe4
-		if (..bdaf4cba
-			ret..1011e550
-		}..76124c44
-..581f7fe4
-		retu..e0b26b94
-	}..57bca9e8
-..581f7fe4
-}..321535c7
-		$pri..1e598d31
+		$pri..bc60c616
-		$val..f689297f
+		$val..9e47fc45
-		$num..75bb8e90
+		$num..4f8dd394
-		$val..f689297f
+		$val..9e47fc45
-		$non..ac163da6
+		$non..37395287
-		$res..5e25833b
+		$res..23bf1d15
-				$m..1950e029
-				$p..e48cd45b
+				$p..12a1296b
-				$l..b7016d17
-				$p..adaeec9d
+				$l..1fb73ccb
+				$p..8fbffc38
-						..7fbe3682
+						..fbcabb88
-			ret..b4c3ffe8
+			ret..a4bd9bd1
-		$sel..73bc0045
-		$sel..30037340
+		$sel..58363b8a
+		$sel..0a25cf00
-			$ba..be631036
+			$ba..4c415b71
-			$ba..180f87fa
+			$ba..3f6628ed
-				$q..5a4877a1
-					-..53b0f125
+				$q..a02fce45
+					-..64fb9351
-						..8e6d0853
-						..4cd430cd
-						..19947b86
+						..f8360d4b
+						..6a393389
+						..f4af726d
-			$qu..dba4160d
-				->..aec3f20f
+			$qu..317cc67e
+				->..e6b6a8e2
-			$fe..16de5089
+			$fe..b1a3d48d
-			$fe..17dd5883
+			$fe..130ac2a1
-			->s..598f4406
+			->s..f1ec5ed2
-	publi..b275ed79
-		retu..878d600d
-	}..57bca9e8
-..581f7fe4
-	publi..6bb6edd5
-		retu..5b454031
-	}..57bca9e8
-..581f7fe4
-			$bl..ff8696dc
+			$bl..00985332
-					'..90e5b8c5
+					'..dae0da04
-			if ..df4430c6
+			if ..9cf52135
-						..6ff0f870
+						..1f57f776
-						..a1f3ef64
+						..84fe9be8
-		$blo..59d2aefb
+		$blo..79777180
-			$st..c8a09479
+			$st..65583a5f
-					'..21bdd4c8
+					'..615d65dc
-		$blo..59d2aefb
+		$blo..79777180
-				't..2999c368
+				't..57bddc85
-						..1a926c6d
+						..f6834924
-				'l..b28c6a80
-				'b..14a23ef7
+				'l..c8a48a4b
+				'b..bd831586
-				't..044547b4
+				't..749384d4
-				if..8dac8a98
-				if..4ae7836b
+				if..5b8cee97
+				if..fc519a11
-		'eth..0a5df147
+		'eth..d28d7d25
-			'et..425c4f50
+			'et..13e955aa
-			->w..1d9af913
+			->w..018aaa8d
-			$qu..54255268
-				->..b9e62f7d
+			$qu..c2de89f5
+				->..915f35e7
-			->s..46a97960
-			->s..645b76c5
+			->s..39d628cb
+			->s..ea02c7c1
+			$ob..749dc132
+			$ob..e0916d30
+..e0c336ce
-				'n..f10316f8
-				'i..5440fbd0
-				$d..793dc4b1
+				$d..66dbf8ce
-		$thi..60095d74
+		$thi..5ae6bf00
-		$thi..e8894640
+		$thi..dc9c5742
-		$thi..e825dcaf
+		$thi..b22889fb
-		$thi..5f37ed4a
+		$thi..c3c93d98
-		$thi..502be3be
+		$thi..545ef7db
-		$thi..cea26c2f
+		$thi..97d31696
+ * @me..50e5e83b
+ * @me..b04bab5c
+ * @me..6e45471a
+ * @me..669204c2
+	/** @..348acc1e
+	prote..fee5e410
+	/** @..348acc1e
+	prote..5919d9d5
-		$thi..f2fced83
+		$thi..ed25b653
-		$thi..60095d74
+		$thi..5ae6bf00
-		$thi..e8894640
+		$thi..dc9c5742
-		$thi..30f61ac5
+		$thi..8f80060d
-		$thi..9fdae328
+		$thi..35f12da2
-		$thi..6c64f8e2
+		$thi..131386db
-		$thi..f2fced83
+		$thi..ed25b653
-		$thi..60095d74
+		$thi..5ae6bf00
-		$thi..e8894640
+		$thi..dc9c5742
-		$thi..30f61ac5
+		$thi..8f80060d
-		$thi..9fdae328
+		$thi..35f12da2
-	/**..7c2e3a0b
-	 * Co..7441ef14
-	 *..c30f939f
-	 * @p..5f8a0e8d
-	 * @r..7dd974f6
-	 */..931f6ca9
-	publi..8463df4f
-		if (..dc74cb50
-			$in..01b56f82
+	publi..ce74af9a
+		if (..d48e741e
-		if (..a48f4d78
-			ret..255f8c27
+		if (..449fa8eb
+		else..23c75842
-		retu..9c45af53
+		retu..244e367c
+			(st..5395e732
+			(st..75f48caf
+			$de..9bf35507
+		);..ccb3f7ce
-	/**..7c2e3a0b
-	 * Co..888e9771
-	 *..c30f939f
-	 * @p..5f8a0e8d
-	 * @r..389d8b7f
-	 */..931f6ca9
-	publi..87d99b8c
+	publi..62e7f1a3
+		retu..cc443682
+	}..196f6150
+..e0c336ce
+	publi..aa27766e
+		retu..cca7c01a
+	}..196f6150
+..e0c336ce
+	publi..825c673e
+		retu..6e6312ce
+	}..196f6150
+..e0c336ce
+	publi..15c638ee
+		if (..8dd25c8b
+			$he..8e6657f4
+		}..30a08179
+..e0c336ce
+		retu..dc7e0a7a
+	}..196f6150
+..e0c336ce
+	publi..e2c5090e
-	publi..76e87404
-		if (..27360863
+	publi..6719a811
+		if (..c3435ee2
+			$in..79f48ef8
-		if (..9f10e1b8
-		else..d84ac332
+		if (..d039aee6
+			ret..aebfe86a
-		retu..37696ca5
-			(st..4849ebc9
-			(st..93ebff2d
-			$de..dde7ea19
-		);..266c9b60
+		retu..a888178c
-	/**..7c2e3a0b
-	 * Co..e03766a2
-	 *..c30f939f
-	 * @p..53972a2b
-	 * @r..389d8b7f
-	 */..931f6ca9
-	/**..7c2e3a0b
-	 * Co..f6c1e785
-	 *..c30f939f
-	 * @p..cd121607
-	 * @r..d75175c2
-	 */..931f6ca9
-				$a..a62efd32
-				$b..cedc4f4e
+				$a..c0891268
+				$b..68d0d3eb