-		$app..defffcfe
+		$add..8bd2fd86
+		$upd..cdea4795
+			$na..8eeecea6
+			$sy..dceadf67
-						..6dddb82d
-						..4c857431
-						..54be6e6e
+						..3fc9de1d
+						..40bf5a46
+						..0fa06e3a
+						..e34980f5
+						..eb20b37a
-					$..54b9f9ed
+					/..eda22be8
+					$..3b75176a
+					$..9c5078b1
+					$..e0345de5
+					$..4e09cf61
+					i..818bc177
+						..92487149
+						..e1c7e060
+						..28e83969
+						..8dc4dad3
+						..f192f101
+						..035d5833
+						..5c873558
+						..ed6a057e
+						..71022af5
+						..d70d238f
+						..eb91d428
+						..eb20b37a
+..f7b71b20
+						..3b3f379a
+						..d1a14dc4
+						..d9f763f7
+						..eb20b37a
+						..24cc8e34
+						..5cb85298
+					}..00e38a5c
+..f7b71b20
+					$..26401ceb
+					i..9dd891cc
+						..48a5b878
+					}..7bd2e077
+						..1fd4f916
+					}..00e38a5c
+..f7b71b20
+					$..7b3db40b
+						..8e721f7c
+						..6e554a6b
+						..64d7ed2a
+						..8558c632
+						..f9fb813e
+						..774f82b7
+						..b4972e00
+						..1e4d3cd2
+						..34a97732
+						..4303f8d7
+						..0f22afaf
+..f7b71b20
+						..23080a25
+					}..bca477f6
+						..65551f01
+						..1a4faba3
-						..bf6c72ed
-					}..33da451f
-..f69c1b51
+						..53981639
-		$thi..3414dbd1
-		$thi..aade7633
+		$thi..1bfc9ef3
-	prote..80774614
+	prote..ebd71e9d
-			->s..f3a5bef0
+			->s..9d3d45ae
+			->g..e937f38f