+	/**..fd884f48
+	 * @p..c0069042
+	 * @r..7f2df7f9
+	 */..63540258
-	publi..563d2ecb
+	/**..fd884f48
+	 * @p..8874de6a
+	 * @p..dcb79d07
+	 * @r..d23fde58
+	 * @t..74800198
+	 */..63540258
+	publi..378a8062
+	/**..fd884f48
+	 * @p..c0069042
+	 * @p..dcb79d07
+	 * @p..82ec7ef9
+	 * @p..67db1fad
+	 * @p..d21704c7
+	 * @r..7f2df7f9
+	 * @t..74800198
+	 */..63540258
+	/**..fd884f48
+	 * @p..844e2e7e
+	 * @p..3d9adafa
+	 * @p..7244f341
+	 * @p..dcb79d07
+	 * @p..82ec7ef9
+	 * @r..7f2df7f9
+	 * @t..74800198
+	 */..63540258