-					'..cefbc9c0
+					'..0c9ca9fe
+					'..195d7e5a
-					'..d201f942
+					'..53cab596
+					'..195d7e5a
-					'..607c0088
+					'..c9f534d2
+					'..195d7e5a
-					'..5bfab76e
+					'..c9317795
+					'..195d7e5a
-	.cent..f8bbfe3c
-		max-..e10ac47a
-		marg..2669ac46
-		text..86f26419
-		padd..d2030b21
-	}..8d325bd9
+  .cen..f65193ef
+    ma..81b7e377
+    ma..2a427f62
+    te..65b8b904
+    pa..9bb89444
+  }..dd6a90f4
-	.cent..f8bbfe3c
-		max-..e10ac47a
-		marg..2669ac46
-		text..86f26419
-		padd..d2030b21
-	}..8d325bd9
+  .cen..f65193ef
+    ma..81b7e377
+    ma..2a427f62
+    te..65b8b904
+    pa..9bb89444
+  }..dd6a90f4
-	.cent..9f37b46c
-		max-..4a386391
-		marg..2669ac46
-		heig..35385a4f
-		widt..98138086
-	}..8d325bd9
+  .cen..8a1efd1b
+    ma..a38c84e5
+    ma..2a427f62
+    he..41f9ffe0
+    wi..38254b93
+  }..dd6a90f4
-	.erro..8acb7f63
-		font..97c709ca
-		line..8d97759c
-		padd..14685ef7
-		font..35d72743
-	}..8d325bd9
+  .err..f45e2ef0
+    fo..aecbc5c8
+    li..00d1deac
+    pa..4e66b6d7
+    fo..cc4c0a3f
+  }..dd6a90f4
-	.erro..ff2d973a
-		font..74429f4c
-		line..32ce0e59
-		padd..5306f6a5
-		marg..2669ac46
-		heig..35385a4f
-		font..35d72743
-	}..8d325bd9
+  .err..f4a883a8
+    fo..d8f17e97
+    li..c4ad79dc
+    pa..2bfb35ed
+    ma..2a427f62
+    he..41f9ffe0
+    fo..cc4c0a3f
+  }..dd6a90f4
-	.erro..c298bdcd
-		font..510599ee
-		line..3e9650e3
-		padd..950b4d47
-		font..35d72743
-	}..8d325bd9
+  .err..d299a0bc
+    fo..74991436
+    li..3bf21d8b
+    pa..a23d5f20
+    fo..cc4c0a3f
+  }..dd6a90f4
+..84266f38
+  #rec..f3c344ce
+    ma..83358d71
+  }..dd6a90f4
-			@if..4a782130
+			@if..0e6d1251