-			$th..f772df55
+			$th..b59ad05f
-						..ff5959a7
+						..49b5a7ea
-	priva..ea163a02
+	priva..a7c595eb
-			if ..2ca2548c
-				$d..98cac82b
-			}..04537517
-..f9b20fdf
-			if ..2ca2548c
-				$t..5c93ab50
-			}..04537517
-		}..6526750a
-	}..89e483ca
-	priva..83bc4026
-		$thi..58fc407c
-			->w..958a8d9a
-			->u..275d3890
-				't..75e53f82
-				'f..fc0d2b43
-				'l..49d54311
-				$i..3ce18c63
-			]);..bd060191
+		}..7e69b602
--- /de..6a2d324b
+<?php..3306b372
+..e0137e51
+namesp..dc175520
+..e0137e51
+use Il..fdecff63
+use Il..3896be20
+use Il..127fda9a
+use En..593c54d4
+use En..597e4458
+use En..ca2f7a76
+use En..85194489
+..e0137e51
+class ..66c8ff3a
+..e0137e51
+	priva..bedef377
+	priva..3d73b866
+..e0137e51
+	/**..532df352
+	 * Th..f9583094
+	 *..594176e1
+	 * @v..90191e8b
+	 */..da5ff26a
+	prote..1a95488c
+..e0137e51
+	/**..532df352
+	 * Th..3e0d9f87
+	 *..594176e1
+	 * @v..90191e8b
+	 */..da5ff26a
+	prote..19316e06
+..e0137e51
+	/**..532df352
+	 * Cr..5f23a1f0
+	 *..594176e1
+	 * @r..77d195a9
+	 */..da5ff26a
+	publi..b4d0fa7b
+		pare..6c00384c
+	}..5f109316
+..e0137e51
+	/**..532df352
+	 * Ex..ca36a484
+	 *..594176e1
+	 * @r..f44d41b7
+	 */..da5ff26a
+	publi..0e92ca03
+		$tim..cd041136
+		$thi..721697f0
+..e0137e51
+		$rop..e69f17cb
+		if (..eb3575bc
+..e0137e51
+		$thi..6820243f
+		$thi..4d86f07e
+..e0137e51
+		set_..7c5ed3c7
+..e0137e51
+		$add..60ba069a
+			->o..d3d05891
+			->l..0bb9f6b9
+			->p..aa294428
+..e0137e51
+		$cou..4f789885
+		$thi..1c24d51a
+		fore..c2515118
+			$th..ffbcc664
+			$tr..2a189266
+			$tr..dbf63365
+			$in..de6ae9ea
+..e0137e51
+			$th..1e890408
+				->..cec8552a
+				->..24ec0505
+					'..26ae3ea7
+					'..e83c1a64
+					'..6a0ca42f
+				])..96d60a2f
+		}..7e69b602
+..e0137e51
+		$tim..bb8c92aa
+		$ela..7038329b
+		$thi..da91e0e5
+	}..5f109316
+}..3e7ae140
-			'to..997c620f
+			'to..58c3d11f
-		$all..ffa9f4a9
-		fore..7a51b4b2
-			$da..198fba53
-			$ba..43a6fb8e
-				't..3819a9dd
-				'd..f3f6b0fd
-			], ..c9c302ac
-..f9b20fdf
-			if ..76b698a5
-				$b..e18cc366
-					'..8c65caa8
-					'..9dc7f74b
-					'..ba3c5251
-					'..3f700b88
-					'..3317cc56
-					'..6a6c927b
-					'..902bef38
-					'..ced9a030
-				];..f6abfc74
-			}..04537517
-		}..6526750a
-..f9b20fdf
+	publi..bd5c53af
+		// I..0d31b4cd
+		if (..33f08be5
+..e0137e51
+		$fro..025a7fec
+..e0137e51
+		retu..7fd04e38
+			'de..86d9ab34
+			'to..576a882e
+		]);..1d79e783
+	}..5f109316
+..e0137e51
+			'tr..586443dc
+			'in..70be6bc9
+	publi..4fd16794
+		$sel..ae07473f
+			->s..ba6e9cc4
+..e0137e51
+		$sel..ce244a5c
+			$qu..d76be6c4
+				->..78a6f427
+		});..36643eba
+..e0137e51
+		$cou..f7ed91a1
+..e0137e51
+		retu..cfd14762
+	}..5f109316
+..e0137e51
+	publi..1425b608
+		$sel..9700b2fc
+			->s..29c68fa7
+			->l..6a56d55b
+			->w..9754fada
+			->w..af8e10f1
+			->w..328aa3e6
+			->w..b0674536
+			->w..5075eefe
+..e0137e51
+		$sel..ce244a5c
+			$qu..2bdddfa8
+				->..93b810f6
+		});..36643eba
+..e0137e51
+		$cou..f7ed91a1
+..e0137e51
+		retu..cfd14762
+	}..5f109316
+..e0137e51
+	publi..e0c4dcf2
+		retu..b43cb89c
+	}..5f109316
+..e0137e51
-	publi..d36fb0e8
+	publi..6fdd865f
-				'c..074ea8b5
+				'c..dba7f152
+				'c..8cb92f87
+				'c..712be237
+				'c..46507fa7
+				'c..6137506d
+				'c..7d21456c
-			->g..3853dc09
+			->w..e0a0375d
+			->g..fbef311a
+			->o..6307caf9
+			->l..4488529e
-		$tra..6c26b2a8
+		if (..326bd0b6
+			$si..3e6d96c2
+			$se..b1e4b3e8
+		}..7e69b602
-		$tok..aae842ae
-		fore..42cbf768
-			if ..f78a8dae
-				$t..380403c0
-					'..c54f7dd6
-					'..7d6c1144
-					'..94bd47d9
-					'..22b9b9cb
-					'..895aa638
-					'..c9f958ab
-					'..24b72a5f
-				];..f6abfc74
-			}..04537517
+		$tok..43b42a19
+		fore..ec0801e3
+			$da..73835b94
+			$ba..1035db8a
+				't..00324e21
+				'd..e259dbc3
+			], ..10d3b92c
+			$to..72308700
-      ..8eaad986
-		"boo..4956370d
+		"boo..8cebb4be
-		max-..09050acc
+		max-..bc9b50a1
+				<t..5eef36f0
-				<t..2b9d0b6e
+			add..08493811
+				ty..c0e3f018
+				re..f66625c0
+			},..6b6cc09d
+					/..ffc55533
+					i..f0e1d5c4
+						..db424956
+						..98c2bf0d
+						..99085c73
+						..7c936210
+						..0dffda83
+						..59c74ae9
+						..9138ad62
+						..c8b31cc7
+					}..560dd682
+						..db424956
+						..98c2bf0d
+						..9337da05
+						..32fccb75
+						..518833bf
+						..70ea6624
+						..9138ad62
+						..c8b31cc7
+					}..08477d77
+..e0137e51
-					t..4fed330b
-						..df20cb05
-						..63eea588
-						..aea2186d
-						..2bd2c4de
-						..8a1fe2b8
-						..dc0f4fdf
-						..e03694ea
-						..e2cf58fd
-					`..f275407c
+					i..7496a6be
+						..db424956
+						..018072e0
+						..785e1d03
+						..a5b300d4
+						..11bfece2
+						..fefe56db
+						..c440bd4b
+						..70ea6624
+						..9138ad62
+						..c8b31cc7
+					}..560dd682
+						..db424956
+						..018072e0
+						..785e1d03
+						..a5b300d4
+						..11bfece2
+						..449046a6
+						..c440bd4b
+						..59c74ae9
+						..9138ad62
+						..c8b31cc7
+					}..08477d77
-					t..4fed330b
-						..d3317308
-						..63eea588
-						..aea2186d
-						..2bd2c4de
-						..25969eb2
-						..492190fc
-						..e03694ea
-						..e2cf58fd
-					`..f275407c
+					i..5c4da3d7
+						..db424956
+						..b2087f19
+						..785e1d03
+						..a92579fe
+						..11bfece2
+						..fefe56db
+						..b4043a76
+						..70ea6624
+						..9138ad62
+						..c8b31cc7
+					}..560dd682
+						..db424956
+						..b2087f19
+						..785e1d03
+						..a92579fe
+						..11bfece2
+						..15913016
+						..b4043a76
+						..59c74ae9
+						..9138ad62
+						..c8b31cc7
+					}..08477d77
-					/..f0ae36b6
-					i..60557595
-						..88e301b5
-						..53f56614
-						..003f1972
-						..fdf6d6ad
-						..a37e0f2a
-						..0451aee8
-						..3683e41a
-						..c1b9ae13
-					}..bd997924
-						..88e301b5
-						..53f56614
-						..b8a628ba
-						..fdf6d6ad
-						..862fa594
-						..0451aee8
-						..3683e41a
-						..c1b9ae13
-					}..ad602e0d
-..f9b20fdf
+				//..0d25fe31
+				co..1ca84a6c
+				fo..ec1d2925
+					i..08f83ccc
+						..36b6e4a7
+						..f69c51ae
+					}..08477d77
+..e0137e51
+					t..a102f704
+						..b6dc9e81
+					}..7c6d8b30
+				}..f009370a
+..e0137e51
-						..25b0e0ef
+						..19f11322
+						..3fb226f6
+						..03b181ea
+				//..0d25fe31
+				co..0a654a8b
+				fo..ec1d2925
+					i..08f83ccc
+						..36b6e4a7
+						..f69c51ae
+					}..08477d77
+..e0137e51
+					t..a102f704
+						..b6dc9e81
+					}..7c6d8b30
+				}..f009370a
+..e0137e51
-					t..4fed330b
-						..df20cb05
-						..63eea588
-						..8d44fb93
-						..2bd2c4de
-						..8a1fe2b8
-						..dc0f4fdf
-						..e03694ea
-						..e2cf58fd
-					`..f275407c
-..f9b20fdf
-					/..85135b3f
-					i..d67eedd8
+					i..7496a6be
-						..809bb322
+						..018072e0
+						..785e1d03
+						..a5b300d4
+						..11bfece2
+						..fefe56db
+						..c440bd4b
+						..70ea6624
+						..9138ad62
+						..c8b31cc7
+					}..560dd682
+						..db424956
+						..018072e0
-						..1fda9dc6
+						..a5b300d4
-						..c343d8ad
-						..bb5db41f
+						..449046a6
+						..c440bd4b
+					}..08477d77
+..e0137e51
+					/..7e89f5e3
+					i..f6314a4b
+						..4c828558
+						..ac56843d
+						..aa0f1c67
+						..22e1e473
+						..6ff9eb3f
+						..73735fc1
+						..054095f8
+						..c67abfb2
+						..b5db7eb5
+						..367c1c53
+						..6cca6d2f
+						..1d949af0
+						..ac56843d
+						..aa0f1c67
+						..22e1e473
+						..6ff9eb3f
+						..73735fc1
+						..e57bb002
+						..c67abfb2
+						..10e0e479
+						..367c1c53
+						..6cca6d2f
+						..babcbc79
-			con..b47a8471
-			con..b7e6ff4a
+			con..b78b0fd1
-				fr..44977379
-				fr..276093a8
+				fr..b580cd98
-				ca..f7434d37
+				ca..366777ac
-.table..a307938f
+.table..27856abb
+.table..0ef322d8
+			'ba..4a0e4b03
+			'to..adbf19e3
+			'to..8379b242
+			'to..cdf324e9
+		'add..06f2cd57
+			'br..9e2b8ff5
+			'ti..fce6b56c
+		],..dded03eb
-				v-..78397d7a
+				v-..b0daceed
+				<m..13e0a320
+					@..dffd3f1c
+				</..17c1c8cb
+		@inc..d1307b9e
-	@incl..20a86fff
+	<sect..f2120262
+		<div..c4d2605e
+			<la..0e94c78e
+			<di..3c4ba466
+				<e..787b3e3e
+				<s..a997c1a7
+				<c..8e6628f1
+				<m..b6eecb88
+					@..5e35d176
+				</..847cbe0a
+			</d..3e4406d6
+		</di..bd306306
+		<div..b9592fbf
+			<di..dd01f7de
+				<l..b461f0d8
+				<d..393a677c
+					$..59f31c37
+				</..075d6ef8
+			</d..3e4406d6
+			<di..4b6c6ee9
+				<l..9d0268d6
+				<d..393a677c
+					@..7bbcdc7b
+				</..075d6ef8
+			</d..3e4406d6
+		</di..bd306306
+	</sec..f1103014
+		:add..9c822659
-	<md-t..8c400138
-		<md-..37f7621d
-			<md..89f9a325
-				<a..e2fd164a
-					<..8a8cc0b8
-					@..2b485fbb
-				</..608d14b2
-			</m..95963ed8
-			<md..6130f394
-				@{..6b9d9f1b
-			</m..95963ed8
-			<md..df63cb45
-				<a..f15b3aaa
-					@..2fef271f
-				</..608d14b2
-			</m..95963ed8
-			<md..3043a623
-				@{..aced949c
-			</m..95963ed8
-			<md..0f1c6d88
-				@{..ee90e2f7
-			</m..95963ed8
-			<md..91cc46e7
-				à¸..05353ebd
-			</m..95963ed8
-		</md..e4202872
-	</md-..79fe0759
+	<sect..f2120262
+		<div..c4d2605e
+			<la..0e94c78e
+			<di..3c4ba466
+				<e..787b3e3e
+				<s..a997c1a7
+				<c..8e6628f1
+				<m..b6eecb88
+					@..c08ad485
+				</..847cbe0a
+			</d..3e4406d6
+		</di..bd306306
+		<div..b9592fbf
+			<di..dd01f7de
+				<l..b461f0d8
+				<d..393a677c
+					$..59f31c37
+				</..075d6ef8
+			</d..3e4406d6
+			<di..4b6c6ee9
+				<l..4305e1f6
+				<d..393a677c
+					@..ddd22766
+				</..075d6ef8
+			</d..3e4406d6
+		</di..bd306306
+	</sec..f1103014
+	<tabl..297b5148
+		<the..7855ddec
+		<tr>..dbbd7db0
+			<th..b5cfce4f
+			<th..622eccce
+			<th..4e7f2bff
+			<th..475f4115
+			<th..7933d074
+		</tr..02b04512
+		</th..e8d87684
+		<tbo..83f03289
+		<tr ..4698d38a
+			<td..fcd22079
+				<i..9b282538
+				<a..838b68ac
+			</t..cecda72d
+			<td..69a15fa8
+			<td..024caca6
+			<td..5ae0bf0a
+			<td..2d88c6f1
+		</tr..02b04512
+		</tb..9841928d
+	</tab..f78cd938
+	<div ..f2f9466e
+		<md-..37ecad20
+	</div..71a8d971
-	@incl..20a86fff
+	<sect..f2120262
+		<div..c4d2605e
+			<la..0e94c78e
+			<di..3c4ba466
+				<e..787b3e3e
+				<s..a997c1a7
+				<c..8e6628f1
+				<m..b6eecb88
+					@..c08ad485
+				</..847cbe0a
+			</d..3e4406d6
+		</di..bd306306
+		<div..b9592fbf
+			<di..dd01f7de
+				<l..341b61d4
+				<d..393a677c
+					@..fcb3d9f2
+				</..075d6ef8
+			</d..3e4406d6
+			<di..dd01f7de
+				<l..128a967f
+				<d..393a677c
+					@..afe55bf8
+				</..075d6ef8
+			</d..3e4406d6
+			<di..4b6c6ee9
+				<l..d33ef1bc
+				<d..393a677c
+					@..a8746ab1
+				</..075d6ef8
+			</d..3e4406d6
+		</di..bd306306
+	</sec..f1103014
+			Rou..03575ebf