+use En..8b1f37f3
+use En..85194489
+use Il..00f31bbf
+..e0137e51
+	 * @t..afef05b1
-		// @..0972fea8
-		$res..8ff0ccc8
-			'ma..ce3cdecc
-				'p..14c6f745
-				'm..c07d3c52
-				'c..48c52dcf
-			],..12a40221
-			'ne..7fe90eb9
-		];..7429c4e9
+		retu..7fbfd7f6
+			$mo..85e19f80
+			$co..701f935d
-		for ..d5284464
-			$re..a87ac75f
-				't..336d008c
-				'd..991d67e4
-					'..fe89f8f8
-					'..63a424e5
+			ret..0aa74a0d
+				'm..a1ec4d71
+					'..849af135
+					'..9ecbc475
+					'..af9bb9ff
+				],..cd752ff6
+				'n..614382d2
-		}..6526750a
-..f9b20fdf
-		retu..ab52d5f6
+		});..36643eba
+	/**..532df352
+	 * Re..68b00863
+	 * @t..eeacccde
+	 */..da5ff26a
+	publi..4e6ebe09
+		retu..7eaad996
+			$ne..5e851921
+			for..80aee15f
+				$n..6a03aef1
+					'..d0ae270f
+					'..46606dea
+						..547ce4e8
+						..9839a233
+				];..5e0ee452
+			}..c1693672
+..e0137e51
+			ret..4adb91ed
+		});..36643eba
+	}..5f109316
+..e0137e51
-			'me..4d62622b
+			'me..9a6c3436
+				'm..14b77747
+				'm..9c0136d4
+				'd..2074c45d