+		menu..a65a72ff
+		menu..0359c9db
+..e0137e51
+		this..bb5e3126
+		// r..916522ee
+		wind..ec3c4c2b
+			thi..d3ebaaac
+		});..36643eba
+..e0137e51
-	compu..e6eeeaad
+				//..30fc6738
+				th..bbdcdadd
+..e0137e51
+		hand..6873640b
+			con..e84947cd
+			con..109d8b43
+			if ..4e3b0974
+				th..c38be21f
+				th..bbdcdadd
+			} e..6772e4a6
+				th..f55eaf1d
+				th..bbdcdadd
+			}..c1693672
+		},..15f0d429
+/**..95072673
+ * App..64f7680d
+ */..4fc9ed30
-.app-t..39672650
+.app-t..c6178f4c
-.app-t..cf53f021
+.app-t..3748d87a
-.app-t..6f6a4197
+.app-t..6609fcf4
+.app-t..fd997598
+	min-h..c9749e3c
+}..3e7ae140
+..e0137e51
+/*..2b5768c1
+ * App..bf36f5b7
+ */..4fc9ed30
+.app-d..b0bc1de8
+	backg..acc632c6
+	max-w..848a7ce2
+	overf..4e285cc5
+}..3e7ae140
+..e0137e51
-.app-d..d384a381
-	backg..5d205a2b
-	max-w..f593ead5
-}..ca9d5706
-..f9b20fdf
-	max-h..bc67953e
-.loadi..9eb6b542
-	margi..6c1a3046
-	max-w..6c998db9
-	text-..f2d97f16
-	paddi..a8ce118a
-}..ca9d5706
-..f9b20fdf
+/*..2b5768c1
+ * But..c2cc3d9d
+ */..4fc9ed30
+.loadi..8819557b
+	margi..d93f700c
+	max-w..0c49cc1a
+	text-..618310e6
+	paddi..656f69f9
+}..3e7ae140
+..e0137e51
+..e0137e51
+	white..99f5ad30
+ * X-L..397e3a45
+ */..4fc9ed30
+@media..c0eb954e
+..e0137e51
+}..3e7ae140
+..e0137e51
+/**..95072673
+ * Lar..ea524c8a
+ */..4fc9ed30
+@media..25edf883
+..e0137e51
+}..3e7ae140
+..e0137e51
+/**..95072673
+ * Med..c2459530
+ */..4fc9ed30
+@media..fdd2ac9f
+	.head..c0174449
+		padd..3ea83121
+	}..5f109316
+..e0137e51
+	.tabl..4df3bdf9
+		disp..237b11c8
+	}..5f109316
+}..3e7ae140
+..e0137e51
+/**..95072673
+ * Sma..9da38c57
+ */..4fc9ed30
+@media..87a03eb4
+	.app-..8f483f75
+		min-..42aa9d6d
+		disp..cf8dd549
+	}..5f109316
+..e0137e51
+	.app-..dd230de4
+		disp..cf8dd549
+		padd..bd9c4f43
+	}..5f109316
+..e0137e51
+	.app-..d8e729d4
+		padd..70f214f3
+	}..5f109316
+..e0137e51
+	.app-..a3fe7a7e
+		max-..72bf652b
+		marg..40a97cfa
+		marg..a06eee6f
+	}..5f109316
+..e0137e51
+	.app-..27db43bb
+	.app-..66e750d1
+		disp..cf8dd549
+	}..5f109316
+..e0137e51
+	.app-..a0b322f3
+		font..7daa397e
+		line..f52ab19c
+	}..5f109316
+..e0137e51
+	.app-..dce4d9bc
+		floa..68706818
+		posi..1992a4d6
+		top:..72e3dcdc
+		righ..3fb7ab3f
+	}..5f109316
+..e0137e51
+	.app-..e5911d85
+		colo..503c19a1
+		font..5130d5cd
+	}..5f109316
+..e0137e51
+	.app-..3ef2d743
+		top:..fff393bc
+		font..e12f67ca
+	}..5f109316
+..e0137e51
+	.md-c..839891b8
+		padd..90c7f2da
+	}..5f109316
+..e0137e51
+	.tabl..12907dc9
+	.tabl..8a256e1f
+		padd..0fa24710
+	}..5f109316
+..e0137e51
+	.tabl..9e7d8835
+	.tabl..239e64f6
+		padd..18d5a9d1
+	}..5f109316
+..e0137e51
+	.head..c0174449
+		padd..3ea83121
+	}..5f109316
+..e0137e51
+	.app-..34ab04f9
+		padd..2086cacf
+	}..5f109316
+..e0137e51
+	.tabl..4df3bdf9
+		disp..237b11c8
+	}..5f109316
+}..3e7ae140
+..e0137e51
+/**..95072673
+ * X-S..086db638
+ */..4fc9ed30
+@media..01a44712
+	.app-..8f483f75
+		min-..42aa9d6d
+		disp..cf8dd549
+	}..5f109316
+..e0137e51
+	.app-..dd230de4
+		disp..cf8dd549
+		padd..7fce42b3
+	}..5f109316
+..e0137e51
+	.app-..d8e729d4
+		padd..70f214f3
+	}..5f109316
+..e0137e51
+	.app-..a3fe7a7e
+		max-..984367d5
+		marg..40a97cfa
+		marg..a06eee6f
+	}..5f109316
+..e0137e51
+	.app-..27db43bb
+	.app-..66e750d1
+		disp..cf8dd549
+	}..5f109316
+..e0137e51
+	.app-..a0b322f3
+		font..69e3e8d1
+		line..6952ecf5
+	}..5f109316
+..e0137e51
+	.app-..dce4d9bc
+		floa..68706818
+		posi..1992a4d6
+		top:..b226f168
+		righ..3fb7ab3f
+	}..5f109316
+..e0137e51
+	.app-..e5911d85
+		colo..503c19a1
+		font..50437ab5
+	}..5f109316
+..e0137e51
+	.app-..3ef2d743
+		top:..fff393bc
+		font..e12f67ca
+	}..5f109316
+..e0137e51
+	.md-c..839891b8
+		padd..7fce42b3
+	}..5f109316
+..e0137e51
+	.tabl..12907dc9
+	.tabl..8a256e1f
+		padd..52345ff3
+	}..5f109316
+..e0137e51
+	.tabl..9e7d8835
+	.tabl..239e64f6
+		padd..b904f30e
+	}..5f109316
+..e0137e51
+	.head..de51baa4
+		disp..cf8dd549
+	}..5f109316
+..e0137e51
+	.head..c0174449
+		padd..6b49e535
+	}..5f109316
+..e0137e51
+	.md-c..06f2a32a
+		font..1ba8b9f3
+		marg..76ebbe68
+	}..5f109316
+..e0137e51
+	.md-c..f08c8dc4
+		font..119c30e4
+		line..6952ecf5
+	}..5f109316
+..e0137e51
+	.tabl..19f7fc56
+		font..08665389
+	}..5f109316
+..e0137e51
+	.tabl..6cd3bcc0
+		font..08665389
+	}..5f109316
+..e0137e51
+	.app-..34ab04f9
+		padd..4e761508
+	}..5f109316
+..e0137e51
+	.tabl..4df3bdf9
+		disp..237b11c8
+	}..5f109316
+}..3e7ae140
+..e0137e51
+@media..876f5241
+	.app-..09512ff1
+		disp..237b11c8
+	}..5f109316
+}..3e7ae140
+..e0137e51
+/**..95072673
-					<..501d4f75
-						..88dc3541
-						..ed3a9860
-						..82690675
-						..237aefa3
-					<..7b25902f
+					<..1c85a0d8
+						..2e78ba18
+						..f7293c4a
+						..f6a7dae5
+						..1ed0bd37
+						..862aba2c
+					<..c6ac8b93
-		<md-..31149db9
+		<md-..1ce31cc8
-			<di..9f0f1cc0
+			<di..32c0990f
-			<di..9f0f1cc0
+			<di..32c0990f
-			<di..94a545c5
+			<di..dc326363
-			<di..9f0f1cc0
+			<di..32c0990f
-			<di..9f0f1cc0
+			<di..32c0990f
-			<di..9f0f1cc0
+			<di..32c0990f
-			<di..9f0f1cc0
+			<di..32c0990f
-			<di..94a545c5
+			<di..dc326363