-					<..cc33d2d9
-						..fcd81bd0
+					<..ef1e2531
+						..d5772d90
+						..53f2c609
+						..0b9ba6c7
+						..de03ea09
+						..3318fb5d
+						..69d9afec
-						..336c2ac4
-				v-..3a31b7be
+				v-..6d9d6c52
-			dat..a78dfa5f
+			dat..783d07b9
+				ty..bec65986
+				re..1d9ad79b
+				de..b4a07199
+			},..97b33140
+			dat..15757eae
+			dat..e37d151b
+				ty..8861386a
+				re..1d9ad79b
+			},..97b33140
-				//..ec8d2289
-				th..f889efc0
+			},..97b33140
+			res..693050f2
+				//..671730e3
+				th..b92c29e2
+..965988b6
+				if..02ff723d
+					t..b74f0e2f
+				}..0d14db17
-	.comp..befbf614
+	.comp..a9a74ccd
-	.comp..6fbe9f8b
+	.comp..ae69169f
+..965988b6
+	.comp..e67f1592
+		font..554734f9
+		padd..ec43c096
+	}..04df198b
+			dat..17a72b2c
-					'..2dbb6b5c
-						..049fecbf
-						..8ae06143
-						..94fd7977
-						..73512b88
+				ca..031a212e
-				ca..2a700dbb
-					i..09cca7c6
-						..6e2908ff
-					}..2e92cc94
-						..bea4ba43
-					}..8663508c
-					b..3ff581ef
+..965988b6
+			// ..4425df1d
+			thi..db43d61c
-				} ..68484193
-					t..cc89bb38
-				ca..7113edf0
-					p..973e54d5
-					b..3ff581ef
+			if ..e807db7c
+				sw..b5f7b7a4
+					c..e5f89ce1
+						..5970a1cd
+				}..0d14db17
+			}..2bf662bf
+..965988b6
-				ca..7113edf0
-					r..fa240a29
-			thi..765c611e
+			thi..c436f271
+			thi..a4247883
+			thi..c495af3f
+			thi..8c938a80
+				if..c5797d94
+					t..42cdbebf
+				}..0d14db17
+..965988b6
+				th..237c8e11
+				th..6866a5ef
+			});..188f43d7
+		},..da0ce5d8
+		tran..151bc71b
+			thi..e56c1df6
+			thi..fda72323
+			're..e3f9604e
+++ /de..ff8d1b16
-<div c..f3e261f2
-	<sect..eef7354a
-		<div..ffa05e35
-			<di..68eecfa5
-				<l..668ab1a6
-				<d..8c1c379b
-					1..a0a5b58c
-				</..64bc09e1
-			</d..4801932b
-			<di..68eecfa5
-				<l..d9ff7062
-				<d..8c1c379b
-					0..74b5bd79
-				</..64bc09e1
-			</d..4801932b
-			<di..c6ea6ddf
-				<l..7686fa6c
-				<d..8c1c379b
-					$..790ed480
-				</..64bc09e1
-			</d..4801932b
-		</di..0e07c015
-	</sec..8abcbce7
-	<tran..655534b4
-		:tra..3f70521a
-		:go-..06159c63
-		:dat..6d4e8d81
-		date..a92c4b59
-	</tra..f0e1c3b2
-	<div ..f654d905
-		<md-..85edeece
-	</div..6b3621f9
-</div>..df7c47ed
-		date..a92c4b59
+		:dat..0cf8308f
+		:dat..321e046c
+		date..22e14d65