+			// ..ef8abad0
+			//$..50e0c829
+..e08f1933
-					$..caabc2e9
-					i..db48682e
-					i..705d4da8
+					/..55077973
+					/..2ebf62ff
+					/..f1dc4032
-	priva..d724ff23
+	priva..b2a26507
+			$da..b412b61d
+				'a..2b0f0052
+				't..082c9e83
+				'f..ec2348de
+				'l..7dbd038d
+			];..cbce6075
+..e08f1933
+			if ..17e3b98e
+				$d..ccbdb771
+			}..6b997c3c
+..e08f1933
-				->..ee8a73cf
-					'..6c4bc05f
-					'..a7fa5b2c
-					'..f595da78
-					'..7e68d8be
-					$..649fce59
-				])..d070d80d
+				->..cd150f39
-			$th..f41ac232
+			if ..17e3b98e
+				$t..002f17d4
+			}..6b997c3c
-	priva..19c1ec77
+	priva..ba58320d
-				'c..7e852db5
-				'f..9bdae2fa
+				't..082c9e83
+				'f..80b81d16
-				$t..201cff29
+				$i..a3f7b54b
+			// ..ef8abad0
+			$th..581cb17c
+..e08f1933
-						..97bf0150
+						..850c43fe
-	priva..d724ff23
+	priva..b2a26507
+			$da..b412b61d
+				'a..2b0f0052
+				't..082c9e83
+				'f..ec2348de
+				'l..7dbd038d
+			];..cbce6075
+..e08f1933
+			if ..17e3b98e
+				$d..ccbdb771
+			}..6b997c3c
+..e08f1933
-				->..ee8a73cf
-					'..6c4bc05f
-					'..a7fa5b2c
-					'..7e68d8be
-					$..649fce59
-				])..d070d80d
+				->..cd150f39
-			$th..f41ac232
+			if ..17e3b98e
+				$t..002f17d4
+			}..6b997c3c
-	priva..19c1ec77
+	priva..ba58320d
-				'c..7e852db5
+				't..082c9e83
+				'f..80b81d16
-				$t..201cff29
+				$i..a3f7b54b
-					<..c1c16687
+					0..08b72363
+.md-ap..1ac045d4
+	overf..ee3ddd8b
+}..c285bef6
+..e08f1933
-						..9dd96390
-					<..558ae226
+					<..f3d043d8
+					<..115b3353