-		'ca-..09606f81
+		'ca-..da26045f
- *    ..8a179542
- *    ..e70a5a0c
+ *    ..a1d67156
+ *    ..8fa9f35a
- *    ..8a179542
- *    ..e70a5a0c
+ *    ..a1d67156
+ *    ..8fa9f35a
- *    ..8a179542
- *    ..e70a5a0c
+ *    ..a1d67156
+ *    ..8fa9f35a
- *    ..8a179542
- *    ..e70a5a0c
+ *    ..a1d67156
+ *    ..8fa9f35a
- *    ..8a179542
- *    ..e70a5a0c
+ *    ..a1d67156
+ *    ..8fa9f35a
- *    ..8a179542
- *    ..e70a5a0c
+ *    ..a1d67156
+ *    ..8fa9f35a
-	'cont..1909924f
-		arra..ad2a8ef2
-			'24..4dbffe5f
-			'ac..6c627eb0
-			'ad..0b7df5cf
-			'av..6defd18a
-			'bl..36ebb1af
-			'bl..43899ca8
-			'co..6ea075a5
-			'cu..ef06bdb7
-			'de..30cc9cb1
-			'di..fa683a8a
-			'et..e01a9134
-			'ex..31d95043
-			'fe..413a8b0a
-			'fr..a0314157
-			'ga..1ff6c490
-			'ga..6ec3e716
-			'ga..3806c27d
-			'ga..19762b4e
-			'ha..eae19dbb
-			'in..13391460
-			'mi..6c5391de
-			'na..fce86205
-			'no..47c52ba4
-			'pa..4a38f80b
-			'pr..c684fe4c
-			'pr..3f753aa9
-			're..901a4fe0
-			'si..c7a0739e
-			'st..dc99e8df
-			'sy..93af3cb6
-			'ti..22a93c9a
-			'to..a006b2f8
-			'to..5a6544c8
-			'to..4340c8f2
-			'to..ff0fa840
-			'tr..02432841
-			'tr..6741afed
-			'tx..8240dc8a
-			'tx..3e5a0c4f
-			'tx..d3a5e955
-			'un..0020791c
-			'us..45755c6d
-			'us..c0eb365d
-			'va..8c684c7e
-		),..d04619bd
-			'ba..08833fc5
-			'in..0cf6ac8c
-			'pe..92607511
+			'in..25cb5c86
+			'pe..eaaa877b
-			'tr..4a539e21
+			'tx..0947ad3b
+					'..8976c5e2
+					'..a5bdfb15
+					'..ab549c66
- *    ..8a179542
- *    ..e70a5a0c
+ *    ..a1d67156
+ *    ..8fa9f35a
- *    ..8a179542
- *    ..e70a5a0c
+ *    ..a1d67156
+ *    ..8fa9f35a
- *    ..8a179542
- *    ..e70a5a0c
+ *    ..a1d67156
+ *    ..8fa9f35a
- *    ..8a179542
- *    ..e70a5a0c
+ *    ..a1d67156
+ *    ..8fa9f35a
- *    ..8a179542
- *    ..e70a5a0c
+ *    ..a1d67156
+ *    ..8fa9f35a
- *    ..8a179542
- *    ..e70a5a0c
+ *    ..a1d67156
+ *    ..8fa9f35a
- *    ..8a179542
- *    ..e70a5a0c
+ *    ..a1d67156
+ *    ..8fa9f35a
-					'..c626a3da
+					'..0636f47a
- *    ..8a179542
- *    ..e70a5a0c
+ *    ..a1d67156
+ *    ..8fa9f35a
-	'cont..1909924f
-		arra..ad2a8ef2
-			'24..8605ba3c
-			'ac..20d00f2b
-			'ad..537ca4e4
-			'av..acd4e25d
-			'bl..b732a1d5
-			'bl..95de21ea
-			'co..e954629b
-			'cu..c2791aef
-			'de..cc2dc983
-			'di..3e1f68a6
-			'et..157cde88
-			'ex..4ce44f69
-			'fe..d9bc4afb
-			'fr..b1511317
-			'ga..ffe3832e
-			'ga..0f8dc3bb
-			'ga..042cd3a5
-			'ga..8081075d
-			'ha..eae19dbb
-			'in..a6c329c5
-			'mi..6c5391de
-			'na..ccb50ff2
-			'no..47c52ba4
-			'pa..6399871c
-			'pr..a52882d7
-			'pr..a0af89be
-			're..d58aaffb
-			'si..7ba44119
-			'st..a3fa81a3
-			'sy..17fe32e3
-			'ti..60e2025f
-			'to..f2f081df
-			'to..5a6544c8
-			'to..860df6a8
-			'to..1fec3205
-			'tr..5dad43b6
-			'tr..7dafc85b
-			'tx..8240dc8a
-			'tx..72b2ecc0
-			'tx..9e30fb0d
-			'un..0020791c
-			'us..08ed020b
-			'us..c7440a0a
-			'va..741edf5c
-		),..d04619bd
-			'ba..6a5de904
-			'in..ac21a1a0
-			'pe..2090b126
+			'in..589063f7
+			'pe..1d31874e
-			'tr..4a539e21
+			'tx..0947ad3b
+					'..02c1bbbf
+					'..33bdabd8
+					'..ed8e840f
- *    ..8a179542
- *    ..e70a5a0c
+ *    ..a1d67156
+ *    ..8fa9f35a
- *    ..8a179542
- *    ..e70a5a0c
+ *    ..a1d67156
+ *    ..8fa9f35a
- *    ..8a179542
- *    ..e70a5a0c
+ *    ..a1d67156
+ *    ..8fa9f35a
- *    ..8a179542
- *    ..e70a5a0c
+ *    ..a1d67156
+ *    ..8fa9f35a
- *    ..8a179542
- *    ..e70a5a0c
+ *    ..a1d67156
+ *    ..8fa9f35a
- *    ..8a179542
- *    ..e70a5a0c
+ *    ..a1d67156
+ *    ..8fa9f35a
- *    ..8a179542
- *    ..e70a5a0c
+ *    ..a1d67156
+ *    ..8fa9f35a
- *    ..8a179542
- *    ..e70a5a0c
+ *    ..a1d67156
+ *    ..8fa9f35a
-	'cont..1909924f
-		arra..ad2a8ef2
-			'24..e2a42d48
-			'ac..d5225d90
-			'ad..876996b1
-			'av..ac3169c4
-			'bl..b732a1d5
-			'bl..5c1ea07f
-			'co..9123ae88
-			'cu..082ab469
-			'de..adccf0d8
-			'di..6acda32d
-			'et..026a9abc
-			'ex..30273350
-			'fe..f0fcf912
-			'fr..79a13b50
-			'ga..8bc16e60
-			'ga..debcd5c9
-			'ga..2bef3592
-			'ga..ec1df4ae
-			'ha..eae19dbb
-			'in..28f1a385
-			'mi..6c5391de
-			'na..06843ae5
-			'no..47c52ba4
-			'pa..3e3f4e27
-			'pr..48d814e8
-			'pr..dcd4ea2b
-			're..cf90b997
-			'si..b19fe4ec
-			'st..83f62b3a
-			'sy..7ce91f4c
-			'ti..e19d3959
-			'to..54a824c6
-			'to..5a6544c8
-			'to..c17bb228
-			'to..7a438d07
-			'tr..34bf05cc
-			'tr..80813cdc
-			'tx..35884b0a
-			'tx..9cf83ed2
-			'tx..a552e272
-			'un..0020791c
-			'us..fa3de7e1
-			'us..cba5ec3f
-			'va..76411284
-		),..d04619bd
-			'ba..543e9c66
-			'in..881a4001
-			'pe..ab24de6d
+			'in..81e6f14f
+			'pe..b3cd6a18
-			'tr..80813cdc
+			'tx..764cd1cb
+					'..edef41d2
+					'..f5e79340
+					'..efa27054
- *    ..8a179542
- *    ..e70a5a0c
+ *    ..a1d67156
+ *    ..8fa9f35a
- *    ..8a179542
- *    ..e70a5a0c
+ *    ..a1d67156
+ *    ..8fa9f35a
- *    ..8a179542
- *    ..e70a5a0c
+ *    ..a1d67156
+ *    ..8fa9f35a
- *    ..8a179542
- *    ..e70a5a0c
+ *    ..a1d67156
+ *    ..8fa9f35a
- *    ..8a179542
- *    ..e70a5a0c
+ *    ..a1d67156
+ *    ..8fa9f35a
- *    ..8a179542
- *    ..e70a5a0c
+ *    ..a1d67156
+ *    ..8fa9f35a
- *    ..8a179542
- *    ..e70a5a0c
+ *    ..a1d67156
+ *    ..8fa9f35a
- *    ..8a179542
- *    ..e70a5a0c
+ *    ..a1d67156
+ *    ..8fa9f35a
-	'cont..1909924f
-		arra..ad2a8ef2
-			'24..82c9db4f
-			'ac..bc8ab9b4
-			'ad..51662b51
-			'av..28c35064
-			'bl..4fac0f9c
-			'bl..eb991967
-			'co..be850da4
-			'cu..516eb280
-			'de..0303c584
-			'di..fbe19700
-			'et..e01a9134
-			'ex..cce38d35
-			'fe..900483c3
-			'fr..a0314157
-			'ga..dde501f4
-			'ga..3cd6289b
-			'ga..fea9bd17
-			'ga..cf920f29
-			'ha..eae19dbb
-			'in..43c93dba
-			'mi..6c5391de
-			'na..cb0f84b7
-			'no..47c52ba4
-			'pa..7f5ed961
-			'pr..bffd8f90
-			'pr..e39fbbda
-			're..901a4fe0
-			'si..f45fe1cd
-			'st..dbf95559
-			'sy..3e2e80a2
-			'ti..34128428
-			'to..a006b2f8
-			'to..5a6544c8
-			'to..4340c8f2
-			'to..f046c94d
-			'tr..649a8e68
-			'tr..42991379
-			'tx..8240dc8a
-			'tx..804acb97
-			'tx..d3a5e955
-			'un..0020791c
-			'us..0686a837
-			'us..c0eb365d
-			'va..8c684c7e
-		),..d04619bd
-			'ba..c21971c0
-			'in..f61fd3de
-			'pe..7613d130
+			'in..aee0e2e3
+			'pe..fbc9bb87
-			'tr..4a539e21
+			'tx..0947ad3b
+					'..7e00a22f
+					'..986a31f7
+					'..aee01f66
- *    ..8a179542
- *    ..e70a5a0c
+ *    ..a1d67156
+ *    ..8fa9f35a
- *    ..8a179542
- *    ..e70a5a0c
+ *    ..a1d67156
+ *    ..8fa9f35a
- *    ..8a179542
- *    ..e70a5a0c
+ *    ..a1d67156
+ *    ..8fa9f35a
- *    ..8a179542
- *    ..e70a5a0c
+ *    ..a1d67156
+ *    ..8fa9f35a
+	'bad_..1efcfe95
+	'not_..c2d23e00
+	'unex..710f711b
- *    ..8a179542
- *    ..e70a5a0c
+ *    ..a1d67156
+ *    ..8fa9f35a
- *    ..8a179542
- *    ..e70a5a0c
+ *    ..a1d67156
+ *    ..8fa9f35a
- *    ..8a179542
- *    ..e70a5a0c
+ *    ..a1d67156
+ *    ..8fa9f35a
- *    ..8a179542
- *    ..e70a5a0c
+ *    ..a1d67156
+ *    ..8fa9f35a
- *    ..8a179542
- *    ..e70a5a0c
+ *    ..a1d67156
+ *    ..8fa9f35a
- *    ..8a179542
- *    ..e70a5a0c
+ *    ..a1d67156
+ *    ..8fa9f35a
- *    ..8a179542
- *    ..e70a5a0c
+ *    ..a1d67156
+ *    ..8fa9f35a
- *    ..8a179542
- *    ..e70a5a0c
+ *    ..a1d67156
+ *    ..8fa9f35a
-	'cont..1909924f
-		arra..ad2a8ef2
-			'24..17551c0e
-			'ac..c64d2a5e
-			'ad..433584c4
-			'av..a14e963e
-			'bl..7a6571ae
-			'bl..f07b816c
-			'co..1b67171a
-			'cu..eb3a9e21
-			'de..7cf69694
-			'di..f32d6a34
-			'et..3163bf79
-			'ex..25ad8a5e
-			'fe..6fd9a9c9
-			'fr..9dbc0454
-			'ga..9a6823f5
-			'ga..b7bfd6b4
-			'ga..db127450
-			'ga..22c34770
-			'ha..eae19dbb
-			'in..533d73cc
-			'mi..be166d18
-			'na..80382417
-			'no..47c52ba4
-			'pa..65048166
-			'pr..bd3d7f5b
-			'pr..84f1c87e
-			're..9fbf751a
-			'si..c0164b7f
-			'st..29e450fc
-			'sy..06e2f677
-			'ti..4a39c151
-			'to..a006b2f8
-			'to..5a6544c8
-			'to..9c96b4f6
-			'to..dad63bb1
-			'tr..65bbda0e
-			'tr..dd8a652e
-			'tx..8240dc8a
-			'tx..3e5a0c4f
-			'tx..9e30fb0d
-			'un..0020791c
-			'us..1701c00b
-			'us..724cea40
-			'va..3aa5179c
-		),..d04619bd
-			'ba..42721128
-			'in..d98060d7
-			'pe..fa806c3c
-			'tr..4a539e21
- *    ..8a179542
- *    ..e70a5a0c
+ *    ..a1d67156
+ *    ..8fa9f35a
- *    ..8a179542
- *    ..e70a5a0c
+ *    ..a1d67156
+ *    ..8fa9f35a
- *    ..8a179542
- *    ..c1ce66aa
+ *    ..a1d67156
+ *    ..8fa9f35a
- *    ..8a179542
- *    ..c1ce66aa
+ *    ..a1d67156
+ *    ..8fa9f35a
- *    ..8a179542
- *    ..c1ce66aa
+ *    ..a1d67156
+ *    ..8fa9f35a
- *    ..8a179542
- *    ..c1ce66aa
+ *    ..a1d67156
+ *    ..8fa9f35a
- *    ..8a179542
- *    ..c1ce66aa
+ *    ..a1d67156
+ *    ..8fa9f35a
- *    ..8a179542
- *    ..c1ce66aa
+ *    ..a1d67156
+ *    ..8fa9f35a
-	'cont..1909924f
-		arra..ad2a8ef2
-			'24..89bfdd3f
-			'ac..9e892c08
-			'ad..4dd0db88
-			'av..9f9ba216
-			'bl..13522255
-			'bl..ae84bd68
-			'co..e2613afe
-			'cu..adca063d
-			'de..60ae5cd3
-			'di..272958dd
-			'et..1b556947
-			'ex..7be29521
-			'fe..6b3a8349
-			'fr..b639c602
-			'ga..cc6dbf5a
-			'ga..89e0b032
-			'ga..1076bce7
-			'ga..f3e4b999
-			'ha..3fea7beb
-			'in..816f7aca
-			'mi..b5af5151
-			'na..9d7a5b68
-			'no..718b6035
-			'pa..689eb629
-			'pr..2a9aed71
-			'pr..c8f305d6
-			're..18b9b5e2
-			'si..8c598310
-			'st..80d8fac3
-			'sy..bab6798d
-			'ti..f0d1b408
-			'to..d0591bcb
-			'to..5d5e57f2
-			'to..5b1cfc25
-			'to..d822082d
-			'tr..d5f923d4
-			'tr..e474740b
-			'tx..8240dc8a
-			'tx..262164bd
-			'tx..3c21f839
-			'un..a337881f
-			'us..2a453121
-			'us..a8814453
-			'va..146bcea8
-		),..d04619bd
-			'ba..75b5e5d2
-			'in..319c34c8
-			'pe..1f1444b4
-			'tr..4a539e21
- *    ..8a179542
- *    ..c1ce66aa
+ *    ..a1d67156
+ *    ..8fa9f35a
- *    ..8a179542
- *    ..c1ce66aa
+ *    ..a1d67156
+ *    ..8fa9f35a
- *    ..8a179542
- *    ..c1ce66aa
+ *    ..a1d67156
+ *    ..8fa9f35a
- *    ..8a179542
- *    ..c1ce66aa
+ *    ..a1d67156
+ *    ..8fa9f35a
- *    ..8a179542
- *    ..c1ce66aa
+ *    ..a1d67156
+ *    ..8fa9f35a
- *    ..8a179542
- *    ..c1ce66aa
+ *    ..a1d67156
+ *    ..8fa9f35a
- *    ..8a179542
- *    ..c1ce66aa
+ *    ..a1d67156
+ *    ..8fa9f35a
- *    ..8a179542
- *    ..c1ce66aa
+ *    ..a1d67156
+ *    ..8fa9f35a
-	'cont..1909924f
-		arra..ad2a8ef2
-			'24..74bdb16f
-			'ac..ee3d49b6
-			'ad..4dc985d8
-			'av..ea018c15
-			'bl..2a05306a
-			'bl..1feee54d
-			'co..4e9067a4
-			'cu..f330fde9
-			'de..97f412d2
-			'di..6d81a8cf
-			'et..d9b88c20
-			'ex..f6f501d8
-			'fe..c381d1f9
-			'fr..ab3d30f5
-			'ga..b6491042
-			'ga..fad8418e
-			'ga..11b92fd4
-			'ga..4d712ac7
-			'ha..eae19dbb
-			'in..492b046c
-			'mi..9f14fefe
-			'na..df2ca2a6
-			'no..47c52ba4
-			'pa..db08abfa
-			'pr..51a3dbe9
-			'pr..0dace26e
-			're..0d9890ea
-			'si..815a5451
-			'st..a3fa81a3
-			'sy..ef96a96c
-			'ti..b4640f97
-			'to..8e668165
-			'to..603c70c0
-			'to..9f5827a4
-			'to..6b2d2e43
-			'tr..85c11abb
-			'tr..a6a32e94
-			'tx..8240dc8a
-			'tx..2a859e66
-			'tx..9e30fb0d
-			'un..0020791c
-			'us..bf54f235
-			'us..56e0ea84
-			'va..209c64e2
-		),..d04619bd
-			'ba..6b5cd986
-			'in..024d9b05
-			'pe..a6548663
-			'tr..4a539e21
- *    ..8a179542
- *    ..c1ce66aa
+ *    ..a1d67156
+ *    ..8fa9f35a
- *    ..8a179542
- *    ..c1ce66aa
+ *    ..a1d67156
+ *    ..8fa9f35a
- *    ..8a179542
- *    ..e70a5a0c
+ *    ..a1d67156
+ *    ..8fa9f35a
- *    ..8a179542
- *    ..e70a5a0c
+ *    ..a1d67156
+ *    ..8fa9f35a
- *    ..8a179542
- *    ..c1ce66aa
+ *    ..a1d67156
+ *    ..8fa9f35a
--- /de..cccc323a
+<?php..00ddbbf2
+..e08f1933
+/*..6f32843e
+ * THI..4b258bfc
+ * PLE..1a388061
+ *..68eadd08
+ *..68eadd08
+ * DET..f7887bb9
+ *    ..e0ed6bbe
+ *    ..97d60ba1
+ *    ..a1d67156
+ *    ..8fa9f35a
+*/..b392b886
+..e08f1933
+return..4559be6e
+	'api_..fb316caa
+	'crea..a8b4b640
+	'logi..ab9bea8d
+	'logo..cc6ca325
+	'my_a..55bf3884
+	'regi..358033ff
+	'sett..9fe5e4a2
+);..d536725d
--- /de..cccc323a
+<?php..00ddbbf2
+..e08f1933
+/*..6f32843e
+ * THI..4b258bfc
+ * PLE..1a388061
+ *..68eadd08
+ *..68eadd08
+ * DET..f7887bb9
+ *    ..e0ed6bbe
+ *    ..d81cd213
+ *    ..a1d67156
+ *    ..8fa9f35a
+*/..b392b886
+..e08f1933
+return..4559be6e
+	'acl_..a51df493
+	'bad_..a7ff5dc9
+	'inse..e7952461
+	'inva..86417dbf
+	'inva..7f433185
+	'limi..2d637197
+	'limi..f633d28b
+	'miss..dcac4cb3
+	'not_..08716841
+	'not_..32a58314
+	'no_p..b51a31c4
+	'refe..2ad44c96
+	'unex..e0022138
+	'upgr..7724f662
+	'upgr..00e9d6c3
+	'vali..023c7c73
+		arra..406bff85
+			'in..8bb51f5c
+			'mi..cf95f166
+			'ra..736b0526
+				ar..960dc5a4
+					'..333e7db9
+						..ed99d86f
+						..af0543ca
+						..eb8abf47
+						..a8c1f722
+					'..9ca32aa7
+						..ed99d86f
+						..d66e456e
+						..295d88ac
+						..a8c1f722
+				),..93a3c7f2
+		),..29e42a18
+);..d536725d
--- /de..cccc323a
+<?php..00ddbbf2
+..e08f1933
+/*..6f32843e
+ * THI..4b258bfc
+ * PLE..1a388061
+ *..68eadd08
+ *..68eadd08
+ * DET..f7887bb9
+ *    ..e0ed6bbe
+ *    ..c30def6c
+ *    ..a1d67156
+ *    ..8fa9f35a
+*/..b392b886
+..e08f1933
+return..4559be6e
+	'abor..9ff1a2a6
+	'canc..96a438eb
+	'clos..fa6cc91a
+	'conf..774039fa
+	'cont..e72cbdd6
+	'cont..86d4ff10
+	'copi..5fe52dc9
+	'copi..b3e54ed7
+	'copy..6ffd86c9
+	'exit..e1150f9f
+	'help..04679914
+	'lana..436f6edc
+	'lang..d0b1ce17
+	'next..68614f9e
+	'no' ..b10dfb09
+	'ok' ..77768ac6
+	'prev..03216641
+	'retr..28d71dd4
+	'sear..14180ba4
+		arra..406bff85
+			'pl..5df43022
+		),..29e42a18
+	'sett..1c18118d
+	'try_..ab5d3d2d
+	'yes'..47dde425
+);..d536725d
--- /de..cccc323a
+<?php..00ddbbf2
+..e08f1933
+/*..6f32843e
+ * THI..4b258bfc
+ * PLE..1a388061
+ *..68eadd08
+ *..68eadd08
+ * DET..f7887bb9
+ *    ..e0ed6bbe
+ *    ..a4ccd85c
+ *    ..a1d67156
+ *    ..8fa9f35a
+*/..b392b886
+..e08f1933
+return..4559be6e
+	'api'..3973430c
+		arra..406bff85
+			'de..bc60c386
+				ar..960dc5a4
+					'..eb903a41
+						..ed99d86f
+						..8c100e6f
+						..906e2361
+						..a8c1f722
+					'..050b1242
+				),..93a3c7f2
+			'ex..be9e288e
+				ar..960dc5a4
+					'..241abe7c
+					'..ade0cc30
+				),..93a3c7f2
+			'op..b16ddc72
+				ar..960dc5a4
+					'..5109a387
+					'..fe3de16f
+				),..93a3c7f2
+			're..bc2bf961
+				ar..960dc5a4
+					'..af1bda63
+					'..2709e672
+				),..93a3c7f2
+			'tr..660810e2
+		),..29e42a18
+);..d536725d
--- /de..cccc323a
+<?php..00ddbbf2
+..e08f1933
+/*..6f32843e
+ * THI..4b258bfc
+ * PLE..1a388061
+ *..68eadd08
+ *..68eadd08
+ * DET..f7887bb9
+ *    ..e0ed6bbe
+ *    ..22d7e511
+ *    ..a1d67156
+ *    ..8fa9f35a
+*/..b392b886
+..e08f1933
+return..4559be6e
+	'http..cf64ac45
+		arra..406bff85
+			'ba..ea19a6e6
+				ar..960dc5a4
+					'..3001897d
+					'..21c23acc
+				),..93a3c7f2
+			'ba..f70f12cf
+				ar..960dc5a4
+					'..11c8a8bd
+					'..8157abba
+				),..93a3c7f2
+			'fo..3f798800
+				ar..960dc5a4
+					'..568dd83a
+					'..d67665d9
+				),..93a3c7f2
+			'ga..f9b275a0
+				ar..960dc5a4
+					'..3001897d
+					'..21c23acc
+				),..93a3c7f2
+			'no..c245f724
+				ar..960dc5a4
+					'..f1cf28b1
+					'..4cbd63a7
+				),..93a3c7f2
+			'no..d06d62d2
+				ar..960dc5a4
+					'..b30148a2
+					'..5ff6d7d9
+				),..93a3c7f2
+			'se..5fcf2904
+				ar..960dc5a4
+					'..3001897d
+					'..2800bb9c
+				),..93a3c7f2
+			'se..20dde397
+				ar..960dc5a4
+					'..cebfb1bc
+					'..5b218c5d
+				),..93a3c7f2
+			'to..1abb07f4
+				ar..960dc5a4
+					'..2b890a3b
+					'..16227449
+				),..93a3c7f2
+			'un..7280367f
+				ar..960dc5a4
+					'..7da19151
+					'..22214c91
+				),..93a3c7f2
+			'un..99857f7f
+				ar..960dc5a4
+					'..3001897d
+					'..d276390f
+				),..93a3c7f2
+		),..29e42a18
+	'sear..82c1c88c
+		arra..406bff85
+			'me..db3bb0c3
+			'ti..3c508eb7
+		),..29e42a18
+);..d536725d
--- /de..cccc323a
+<?php..00ddbbf2
+..e08f1933
+/*..6f32843e
+ * THI..4b258bfc
+ * PLE..1a388061
+ *..68eadd08
+ *..68eadd08
+ * DET..f7887bb9
+ *    ..e0ed6bbe
+ *    ..f782ea73
+ *    ..a1d67156
+ *    ..8fa9f35a
+*/..b392b886
+..e08f1933
+return..4559be6e
+	'draw..2231940a
+		arra..406bff85
+			'ad..b51e8a95
+			'ad..c13a1450
+			'ad..0ad98091
+			'bl..abad828d
+			'bl..19d0143a
+			'bl..98704601
+			'in..589063f7
+			'pe..d7b7f97d
+			'to..137464a1
+			'to..35e08691
+			'to..fe94ffc5
+			'to..9bae1d15
+			'tr..74571096
+			'tx..0947ad3b
+		),..29e42a18
+	'snac..08d9dcd5
+		arra..406bff85
+			'co..53d276d4
+				ar..960dc5a4
+					'..24b4637f
+				),..93a3c7f2
+		),..29e42a18
+	'view..bda980fc
+		arra..406bff85
+			'ad..9ea53d1d
+				ar..960dc5a4
+					'..167ac225
+					'..6ddeb3e8
+				),..93a3c7f2
+			'ad..c39a886e
+				ar..960dc5a4
+					'..8c21c1df
+					'..db842eb3
+				),..93a3c7f2
+			'bl..5d8c6a6c
+				ar..960dc5a4
+					'..3e2fddbc
+					'..a3990627
+				),..93a3c7f2
+			'bl..5c3dda18
+				ar..960dc5a4
+					'..0c951e7a
+					'..4990ecf3
+				),..93a3c7f2
+			'bl..39645e91
+				ar..960dc5a4
+					'..3e2fddbc
+					'..15b3c2a8
+				),..93a3c7f2
+			'co..f5942c2a
+				ar..960dc5a4
+					'..76c1262f
+					'..fe390b09
+					'..c57e00a5
+					'..b0b618b7
+					'..e69c8e7a
+					'..ba830636
+					'..527c4019
+					'..9b65f058
+					'..65a74b94
+					'..33aee65f
+					'..933bbcc4
+					'..4b90ff2c
+					'..1425ba83
+					'..744d4ab8
+					'..890723cf
+					'..cbc7b265
+					'..bf8204a4
+					'..52903d43
+					'..7fe5719a
+					'..50d1fbf9
+					'..f2233077
+					'..a9820066
+					'..c8e6a965
+					'..f870dc1a
+					'..6751a5dc
+					'..9dbd99fc
+					'..fd66c183
+					'..9afe6ef7
+					'..90a98038
+					'..68fad670
+					'..feef826c
+					'..905e86fa
+					'..b7adc3db
+					'..76efa3f4
+					'..8da89204
+					'..b3776173
+					'..60b5546c
+					'..dc4154af
+					'..55a743e6
+					'..b30fdb96
+					'..148be063
+					'..b4f8722b
+					'..57143d86
+					'..02c1bbbf
+					'..847f7cc3
+					'..34c9f376
+					'..99311126
+					'..7f9c8965
+					'..2cd83af3
+					'..1bc2633f
+					'..5f480dc7
+					'..bf9b6896
+					'..0d80913c
+				),..93a3c7f2
+			'in..b891f8e2
+				ar..960dc5a4
+					'..8883d441
+					'..3b931704
+				),..93a3c7f2
+			'pe..f309394a
+				ar..960dc5a4
+					'..e18d49f0
+					'..0944c397
+				),..93a3c7f2
+			'to..df7c55d1
+				ar..960dc5a4
+					'..8426feef
+					'..d63b7052
+				),..93a3c7f2
+			'to..a6af7ed0
+				ar..960dc5a4
+					'..70fdceb7
+					'..cc51a96c
+				),..93a3c7f2
+			'to..ca392ad2
+				ar..960dc5a4
+					'..8426feef
+					'..3916f6d8
+				),..93a3c7f2
+			'to..f208b31b
+				ar..960dc5a4
+					'..8147d5e9
+					'..079fd981
+				),..93a3c7f2
+			'tr..3d3851e1
+				ar..960dc5a4
+					'..4446cd1b
+					'..9475d7d0
+				),..93a3c7f2
+			'tr..a20f279b
+				ar..960dc5a4
+					'..79df2d68
+					'..e9317463
+						..ed99d86f
+						..88b48229
+						..450efaea
+						..a8c1f722
+					'..993c5a64
+				),..93a3c7f2
+		),..29e42a18
+);..d536725d
--- /de..cccc323a
+<?php..00ddbbf2
+..e08f1933
+/*..6f32843e
+ * THI..4b258bfc
+ * PLE..1a388061
+ *..68eadd08
+ *..68eadd08
+ * DET..f7887bb9
+ *    ..e0ed6bbe
+ *    ..0fe2ac8e
+ *    ..a1d67156
+ *    ..8fa9f35a
+*/..b392b886
+..e08f1933
+return..4559be6e
+	'sear..14180ba4
+		arra..406bff85
+			'bu..1c399c96
+			'pl..0d957a95
+		),..29e42a18
+);..d536725d
--- /de..cccc323a
+<?php..00ddbbf2
+..e08f1933
+/*..6f32843e
+ * THI..4b258bfc
+ * PLE..1a388061
+ *..68eadd08
+ *..68eadd08
+ * DET..f7887bb9
+ *    ..e0ed6bbe
+ *    ..5949c779
+ *    ..a1d67156
+ *    ..8fa9f35a
+*/..b392b886
+..e08f1933
+return..4559be6e
+	'auto..8eed27be
+		arra..406bff85
+			'di..6f9d1865
+			'en..56b9d391
+		),..29e42a18
+	'canc..f9597859
+		arra..406bff85
+			'bu..3988237e
+			'co..d9fe709a
+		),..29e42a18
+	'curr..07b778ba
+	'expi..3d2ca5d4
+	'peri..213b0855
+		arra..406bff85
+			'an..e44ccb6b
+			'bi..82126a20
+			'mo..dc0ff389
+			'qu..dd4fdb6c
+		),..29e42a18
+	'rene..df814457
+	'subs..3a3ec944
+		arra..406bff85
+			'bu..58cec861
+			'co..7a7f2b3b
+		),..29e42a18
+	'upgr..97152691
+		arra..406bff85
+			'bu..3f3ae52f
+			'co..41038d53
+		),..29e42a18
+);..d536725d
- *    ..8a179542
- *    ..e70a5a0c
+ *    ..a1d67156
+ *    ..8fa9f35a
- *    ..8a179542
- *    ..e70a5a0c
+ *    ..a1d67156
+ *    ..8fa9f35a
- *    ..8a179542
- *    ..e70a5a0c
+ *    ..a1d67156
+ *    ..8fa9f35a
- *    ..8a179542
- *    ..e70a5a0c
+ *    ..a1d67156
+ *    ..8fa9f35a
- *    ..8a179542
- *    ..e70a5a0c
+ *    ..a1d67156
+ *    ..8fa9f35a
- *    ..8a179542
- *    ..e70a5a0c
+ *    ..a1d67156
+ *    ..8fa9f35a
-	'cont..1909924f
-		arra..ad2a8ef2
-			'24..afaabc22
-			'ac..ec26db71
-			'ad..18fd1bd7
-			'av..278ef68e
-			'bl..f3cd0035
-			'bl..1feee54d
-			'co..eafbd6b1
-			'cu..23306844
-			'de..d025c24f
-			'di..3f1c6eef
-			'et..7c99b8ca
-			'ex..6b21808d
-			'fe..bb98fc47
-			'fr..193ebd91
-			'ga..fe39e7d9
-			'ga..0140ec90
-			'ga..13e8199e
-			'ga..3badc264
-			'ha..eae19dbb
-			'in..5f929724
-			'mi..6a292dc4
-			'na..074e173a
-			'no..47c52ba4
-			'pa..6399871c
-			'pr..51a3dbe9
-			'pr..0dace26e
-			're..d7c217f3
-			'si..69717ed7
-			'st..a3fa81a3
-			'sy..17fe32e3
-			'ti..4cb7087d
-			'to..09a136fd
-			'to..5a6544c8
-			'to..07b07f45
-			'to..cdf03286
-			'tr..059f0890
-			'tr..bc8ba5eb
-			'tx..8240dc8a
-			'tx..892e86ff
-			'tx..9e30fb0d
-			'un..0020791c
-			'us..a21e778e
-			'us..19a782de
-			'va..52ec628c
-		),..d04619bd
-			'ba..161aceea
-			'in..ae91cedd
-			'pe..1bf09a58
-			'tr..4a539e21
- *    ..8a179542
- *    ..e70a5a0c
+ *    ..a1d67156
+ *    ..8fa9f35a
- *    ..8a179542
- *    ..e70a5a0c
+ *    ..a1d67156
+ *    ..8fa9f35a
- *    ..8a179542
- *    ..e70a5a0c
+ *    ..a1d67156
+ *    ..8fa9f35a
- *    ..8a179542
- *    ..e70a5a0c
+ *    ..a1d67156
+ *    ..8fa9f35a
- *    ..8a179542
- *    ..e70a5a0c
+ *    ..a1d67156
+ *    ..8fa9f35a
- *    ..8a179542
- *    ..e70a5a0c
+ *    ..a1d67156
+ *    ..8fa9f35a
- *    ..8a179542
- *    ..e70a5a0c
+ *    ..a1d67156
+ *    ..8fa9f35a
- *    ..8a179542
- *    ..e70a5a0c
+ *    ..a1d67156
+ *    ..8fa9f35a
-	'cont..1909924f
-		arra..ad2a8ef2
-			'24..4973ef7b
-			'ac..de312e4d
-			'ad..593d7362
-			'av..5b8d6162
-			'bl..89d6c933
-			'bl..b63b4a0a
-			'co..3761473f
-			'cu..ec2428ca
-			'de..f7bdabfc
-			'di..16c78fa2
-			'et..e01a9134
-			'ex..49e94b0f
-			'fe..602dccfe
-			'fr..a0314157
-			'ga..0a5811d0
-			'ga..58f406f3
-			'ga..42c4fb7b
-			'ga..2d36398c
-			'ha..eae19dbb
-			'in..3246ec29
-			'mi..3f9e5645
-			'na..80382417
-			'no..47c52ba4
-			'pa..7084d322
-			'pr..55170230
-			'pr..15569cea
-			're..29bfa2aa
-			'si..fd7cdb5a
-			'st..dbf95559
-			'sy..3e2e80a2
-			'ti..4a39c151
-			'to..5c2a1531
-			'to..5a6544c8
-			'to..d2ab1be0
-			'to..e74b48b0
-			'tr..6f783fbf
-			'tr..7507c9a4
-			'tx..8240dc8a
-			'tx..b9fe4f11
-			'tx..4072fc77
-			'un..0020791c
-			'us..cd05db97
-			'us..c0eb365d
-			'va..8c684c7e
-		),..d04619bd
-			'ba..b6ac33a0
-			'in..d98060d7
-			'pe..94a96375
+			'in..801b1157
+			'pe..5e131bac
-			'tr..4a539e21
+			'tx..0947ad3b
+					'..1ae7cd32
+					'..a163ec22
+					'..1b9fe4eb
- *    ..8a179542
- *    ..e70a5a0c
+ *    ..a1d67156
+ *    ..8fa9f35a
- *    ..8a179542
- *    ..c1ce66aa
+ *    ..a1d67156
+ *    ..8fa9f35a
- *    ..8a179542
- *    ..e70a5a0c
+ *    ..a1d67156
+ *    ..8fa9f35a
- *    ..8a179542
- *    ..e70a5a0c
+ *    ..a1d67156
+ *    ..8fa9f35a
+	'not_..46030421
+	'vali..023c7c73
+		arra..406bff85
+			'mi..77520cb2
+		),..29e42a18
- *    ..8a179542
- *    ..e70a5a0c
+ *    ..a1d67156
+ *    ..8fa9f35a
+	'abor..77852e9b
+	'exit..6b243557
--- /de..cccc323a
+<?php..00ddbbf2
+..e08f1933
+/*..6f32843e
+ * THI..4b258bfc
+ * PLE..1a388061
+ *..68eadd08
+ *..68eadd08
+ * DET..f7887bb9
+ *    ..60bcce96
+ *    ..a4ccd85c
+ *    ..a1d67156
+ *    ..8fa9f35a
+*/..b392b886
+..e08f1933
+return..4559be6e
+	'api'..3973430c
+		arra..406bff85
+			'ex..be9e288e
+				ar..960dc5a4
+					'..3e953ac4
+					'..549e6806
+				),..93a3c7f2
+			'op..b16ddc72
+				ar..960dc5a4
+					'..adce1086
+					'..261be2f3
+				),..93a3c7f2
+			're..bc2bf961
+				ar..960dc5a4
+					'..68eadad7
+					'..2a614ebf
+				),..93a3c7f2
+			'tr..e0f19e3e
+		),..29e42a18
+);..d536725d
--- /de..cccc323a
+<?php..00ddbbf2
+..e08f1933
+/*..6f32843e
+ * THI..4b258bfc
+ * PLE..1a388061
+ *..68eadd08
+ *..68eadd08
+ * DET..f7887bb9
+ *    ..60bcce96
+ *    ..22d7e511
+ *    ..a1d67156
+ *    ..8fa9f35a
+*/..b392b886
+..e08f1933
+return..4559be6e
+	'http..cf64ac45
+		arra..406bff85
+			'ba..ea19a6e6
+				ar..960dc5a4
+					'..d092f546
+				),..93a3c7f2
+			'fo..3f798800
+				ar..960dc5a4
+					'..0e7f1ee2
+					'..3677a021
+				),..93a3c7f2
+			'se..5fcf2904
+				ar..960dc5a4
+					'..ec1fd828
+				),..93a3c7f2
+			'to..1abb07f4
+				ar..960dc5a4
+					'..5f0b06b3
+				),..93a3c7f2
+			'un..7280367f
+				ar..960dc5a4
+					'..b4e8bacd
+					'..699624af
+				),..93a3c7f2
+			'un..99857f7f
+				ar..960dc5a4
+					'..d092f546
+				),..93a3c7f2
+		),..29e42a18
+);..d536725d
- *    ..8a179542
- *    ..e70a5a0c
+ *    ..a1d67156
+ *    ..8fa9f35a
+	'snac..08d9dcd5
+		arra..406bff85
+			'co..53d276d4
+				ar..960dc5a4
+					'..30eda6f4
+				),..93a3c7f2
+		),..29e42a18
+					'..3f66aac7
-					'..abc583bf
+					'..2c28c062
+					'..9c69f839
+					'..d35c1e13
+					'..c8fc06dd
+					'..26dc93cb
+					'..cbf1a82c
-					'..05e54142
+					'..efbb46c0
+					'..7671db14
+					'..a1389b0e
+					'..206ea466
+					'..fb0f2264
+			'in..b891f8e2
+				ar..960dc5a4
+					'..dff7eb08
+					'..e33b159a
+				),..93a3c7f2
+			'pe..f309394a
+				ar..960dc5a4
+					'..28d47680
+					'..0b81e1ff
+				),..93a3c7f2
+			'tr..a20f279b
+				ar..960dc5a4
+					'..f69ba735
+					'..e9317463
+						..ed99d86f
+						..1ad23a8b
+						..a8c1f722
+					'..fc962993
+				),..93a3c7f2
--- /de..cccc323a
+<?php..00ddbbf2
+..e08f1933
+/*..6f32843e
+ * THI..4b258bfc
+ * PLE..1a388061
+ *..68eadd08
+ *..68eadd08
+ * DET..f7887bb9
+ *    ..60bcce96
+ *    ..5949c779
+ *    ..a1d67156
+ *    ..8fa9f35a
+*/..b392b886
+..e08f1933
+return..4559be6e
+	'canc..f9597859
+		arra..406bff85
+			'bu..0dfb6bfa
+		),..29e42a18
+	'peri..213b0855
+		arra..406bff85
+			'an..9e6dcc3b
+			'mo..3df27f4d
+		),..29e42a18
+	'subs..3a3ec944
+		arra..406bff85
+			'bu..f5e6fd67
+		),..29e42a18
+	'upgr..97152691
+		arra..406bff85
+			'bu..77bea5a5
+		),..29e42a18
+);..d536725d
- *    ..8a179542
- *    ..c1ce66aa
+ *    ..a1d67156
+ *    ..8fa9f35a
- *    ..8a179542
- *    ..c1ce66aa
+ *    ..a1d67156
+ *    ..8fa9f35a
- *    ..8a179542
- *    ..c1ce66aa
+ *    ..a1d67156
+ *    ..8fa9f35a
- *    ..8a179542
- *    ..c1ce66aa
+ *    ..a1d67156
+ *    ..8fa9f35a
- *    ..8a179542
- *    ..c1ce66aa
+ *    ..a1d67156
+ *    ..8fa9f35a
- *    ..8a179542
- *    ..c1ce66aa
+ *    ..a1d67156
+ *    ..8fa9f35a
-	'cont..1909924f
-		arra..ad2a8ef2
-			'24..f23c370d
-			'ac..4ab5c491
-			'ad..5ce43030
-			'av..a44e88ef
-			'bl..b732a1d5
-			'bl..5c1ea07f
-			'co..8608c239
-			'cu..e45d1435
-			'de..3f470d37
-			'di..495a8ac7
-			'et..14bb354c
-			'ex..7e8961f9
-			'fe..63cead12
-			'fr..5a66463a
-			'ga..fe39e7d9
-			'ga..0f8dc3bb
-			'ga..ff37f2a4
-			'ga..a7075162
-			'ha..eae19dbb
-			'in..d5f4750f
-			'mi..6c5391de
-			'na..033de5ad
-			'no..47c52ba4
-			'pa..6399871c
-			'pr..53a7a7d0
-			'pr..4b01f218
-			're..f594eb70
-			'si..757efacb
-			'st..166233ad
-			'sy..583d13f3
-			'ti..5f706ea9
-			'to..c46453c5
-			'to..5a6544c8
-			'to..e2735def
-			'to..e652d3bc
-			'tr..202a821e
-			'tr..48bfe11e
-			'tx..8240dc8a
-			'tx..fd46f430
-			'tx..9e30fb0d
-			'un..0020791c
-			'us..0cdc40f8
-			'us..eea0cffe
-			'va..d367c01e
-		),..d04619bd
-			'ba..cbd44699
-			'in..e422350e
-			'pe..332e43dc
-			'tr..4a539e21
- *    ..8a179542
- *    ..c1ce66aa
+ *    ..a1d67156
+ *    ..8fa9f35a
- *    ..8a179542
- *    ..c1ce66aa
+ *    ..a1d67156
+ *    ..8fa9f35a