--- /de..cccc323a
+<?php..00ddbbf2
+..e08f1933
+namesp..f68f3785
+..e08f1933
+use Il..dd32c22b
+use Il..37110ded
+use Il..c3db6e45
+use En..9f1eb3db
+use En..124d37d4
+use En..58826017
+use En..665ce8db
+..e08f1933
+class ..dada9049
+..e08f1933
+	priva..99b76e8f
+	priva..d3329261
+..e08f1933
+	/**..372d1048
+	 * Th..a032049a
+	 *..38fa305f
+	 * @v..b923ade0
+	 */..d6c94b18
+	prote..ece345c0
+..e08f1933
+	/**..372d1048
+	 * Th..456cf143
+	 *..38fa305f
+	 * @v..b923ade0
+	 */..d6c94b18
+	prote..d2ed85e7
+..e08f1933
+	/**..372d1048
+	 * Cr..033b5d9c
+	 *..38fa305f
+	 * @r..66b0bdcc
+	 */..d6c94b18
+	publi..88fed003
+		pare..9dd2f653
+	}..3dc2da24
+..e08f1933
+	/**..372d1048
+	 * Ex..0f458f91
+	 *..38fa305f
+	 * @r..3bc1c59e
+	 */..d6c94b18
+	publi..7b6abf86
+		$tim..29a0bee4
+		$thi..53ae3b42
+..e08f1933
+		$rop..e4a1efa6
+		if (..3569f2df
+..e08f1933
+		$thi..75536669
+		$thi..b74072c5
+..e08f1933
+		$cur..9c10763f
+		$end..a6f26291
+		$noT..569ac323
+..e08f1933
+		set_..91e48dcd
+..e08f1933
+		whil..7c8db8f1
+			if ..ab2df6de
+				$t..ba4d9565
+				br..6f663627
+			}..6b997c3c
+..e08f1933
+			$bl..e7d5cd7e
+			$th..d6ce34a3
+..e08f1933
+			// ..75f8b4f7
+			for..2aa41711
+				//..44aa03ba
+				$t..bf39ad4c
+..e08f1933
+				//..858a0aaf
+				if..2d391782
+					$..239c8a96
+				} ..8a000441
+					/..a29046f9
+					$..bef19039
+..e08f1933
+					/..4d9e3128
+					i..239a00bd
+						..09cb0277
+					}..cc28a9ca
+				}..2ffb0e7d
+			}..6b997c3c
+..e08f1933
+			$cu..f3a407d7
+		}..3f084759
+..e08f1933
+		$tim..b6819fba
+		$ela..4b0f387e
+		$thi..d12fd8a2
+	}..3dc2da24
+..e08f1933
+	priva..11ea3520
+		try ..44feae21
+			$th..138f4387
+				->..eaf232b7
+					'..82e1fdea
+					'..d0fc7210
+					'..c8cf2c1f
+					$..b9b6c9e3
+				])..1d147bf5
+		} ca..2f954ede
+			$th..89b71781
+		}..3f084759
+	}..3dc2da24
+..e08f1933
+	priva..f3ca3adb
+		$thi..b65d2f81
+			->w..8b605cb5
+			->u..cffb7f6e
+				'c..1ab8dcdc
+				'l..3184e0a3
+				$t..26214ae2
+			]);..dc0ec0d4
+	}..3dc2da24
+}..c285bef6
+	const..f56c351b
-			'tr..b11605c3
+			'tr..e4c16771
-	publi..7bd6f5ba
-		// t..bcd0247a
-		$txL..7dbe0945
-..fae7a3fc
-		// @..c59a325c
-		$txL..c83c784e
-..fae7a3fc
-		// s..805ff99f
-		retu..8c76783f
-	}..fb889ae5
-..fae7a3fc
-			//$..50d2b79c
-			$ro..80f30365
-			//$..a4fe1cb8
-			//$..a79e2bdd
+			$se..37a665ab
+			$ro..599c3291
+			$ro..d71fe8c7
+			$ro..4736131c
-			//$..bc0529a3
-			$lo..c1160ccf
-			//$..3b3d6056
-			//$..f7201f40
+			$se..a46bfb8f
+			$lo..f2540d01
+			$lo..6fc91f16
+			$lo..03782c54