-						..09273b1f
+						..8a4cb50b
+..e08f1933
+					$..93724b5d
+					i..f5b9a221
+					i..9fd336a1
+..e08f1933
+	priva..11ea3520
+		try ..44feae21
+			$th..138f4387
+				->..eaf232b7
+					'..82e1fdea
+					'..d0fc7210
+					'..a01abf58
+					'..c8cf2c1f
+					$..b9b6c9e3
+				])..1d147bf5
+		} ca..2f954ede
+			$th..89b71781
+		}..3f084759
+	}..3dc2da24
+..e08f1933
+	priva..f3ca3adb
+		$thi..b65d2f81
+			->w..8b605cb5
+			->u..cffb7f6e
+				'c..1ab8dcdc
+				'f..2e8f7f5e
+				'l..3184e0a3
+				$t..26214ae2
+			]);..dc0ec0d4
+	}..3dc2da24
-		back..0f8fc624
-				<e..0e63d52f
-				<a..72bc8ac2
-					{..3e445a25
-				</..a7d17eb7
+				<d..1a01e16e
+					<..964c1350
+					<..935525cc
+						..dcbdd5d4
+					<..06709691
+				</..466bdfa6
+				<d..6f9c8ea1
+					<..4b5a3b23
+					 ..4f9eaf7c
+						..7af44234
+						..d7400752
+					<..06709691
+				</..466bdfa6
+..e08f1933
+	.comp..ecd44ec2
+		font..0f670edb
+		widt..b998aa81
+		heig..f5f5ff88
+		marg..a908a265
+	}..3dc2da24
+..e08f1933
+	.comp..29e64ac6
+		vert..31455c38
+	}..3dc2da24
-		thro..5b34df46
+		retu..4cc454fb
+	//thr..b38a714e
+	backg..22a7377b
+	color..4c1271c3
-	width..fe4b70b8
-	max-w..0480d528
+	width..30adb528
+	min-w..b20806fb
+	.head..c708b627
+		padd..3dcd1b02
+	}..3dc2da24
--- /de..cccc323a
+<secti..3810cf96
+	<div ..ed11eace
+		<lab..bae7cfb3
+		<div..1e32e1b3
+			<et..845f490d
+			<sp..1845cc0a
+			<co..580ca707
+			<md..60a4b0dd
+				QR..c472d3e4
+			</m..79a24408
+		</di..3925e6b9
+	</div..f0cd8a1b
+	<div ..459f4281
+		<div..cfbadd9a
+			<la..b26f7a62
+			<di..f83a7c9b
+				@{..8a913bd9
+			</d..70427cf1
+		</di..3925e6b9
+		<div..cfbadd9a
+			<la..3f9c34f9
+			<di..f83a7c9b
+				@{..ce209518
+			</d..70427cf1
+		</di..3925e6b9
+		<div..d3f0d398
+			<la..f53de35e
+			<di..f83a7c9b
+				@{..d8ace6b4
+			</d..70427cf1
+		</di..3925e6b9
+	</div..f0cd8a1b
+</sect..79db7d23
-	<sect..a188a58b
-		<div..163347d7
-			<la..11d71461
-			<di..4c63e5b4
-				<e..98503d31
-				<s..61a29f28
-				<c..d7105dd2
-				<m..9a28d8d3
-					Q..f03abd44
-				</..0e6a54d2
-			</d..42457f6a
-		</di..97b01aa1
-		<div..d5dd6243
-			<di..c2c93e0f
-				<l..1dfa33c7
-				<d..7eef3e26
-					@..35f61660
-				</..b9b0da2b
-			</d..42457f6a
-			<di..c2c93e0f
-				<l..fc27b452
-				<d..7eef3e26
-					@..a083915f
-				</..b9b0da2b
-			</d..42457f6a
-			<di..1e54e03e
-				<l..51f86b0d
-				<d..7eef3e26
-					@..6028178e
-				</..b9b0da2b
-			</d..42457f6a
-		</di..97b01aa1
-	</sec..4964b915
-	<toke..73401fd9
+	@incl..c3c9c047
+	<toke..30543185
+		:tra..799f52ed
+		:go-..8fbf5d84
+	</tok..38a399d5
+	<div ..6421373e
+		<md-..085910c9
+	</div..f0cd8a1b
-	<sect..a188a58b
-		<div..163347d7
-			<la..11d71461
-			<di..4c63e5b4
-				<e..98503d31
-				<s..61a29f28
-				<c..d7105dd2
-				<m..9a28d8d3
-					Q..f03abd44
-				</..0e6a54d2
-			</d..42457f6a
-		</di..97b01aa1
-		<div..d5dd6243
-			<di..c2c93e0f
-				<l..1dfa33c7
-				<d..7eef3e26
-					@..35f61660
-				</..b9b0da2b
-			</d..42457f6a
-			<di..c2c93e0f
-				<l..fc27b452
-				<d..7eef3e26
-					@..a083915f
-				</..b9b0da2b
-			</d..42457f6a
-			<di..1e54e03e
-				<l..51f86b0d
-				<d..7eef3e26
-					@..6028178e
-				</..b9b0da2b
-			</d..42457f6a
-		</di..97b01aa1
-	</sec..4964b915
+	@incl..c3c9c047
+	<div ..6421373e
+		<md-..085910c9
+	</div..f0cd8a1b
-	<sect..a188a58b
-		<div..163347d7
-			<la..fadbeb6f
-			<di..19d87a38
-				@{..2742b0da
-			</d..42457f6a
-		</di..97b01aa1
-		<div..d5dd6243
-			<di..0c533b04
-				<l..3362de92
-				<d..33edcd3c
-					@..e03f8a09
-				</..b9b0da2b
-			</d..42457f6a
-			<di..0c533b04
-				<l..51f86b0d
-				<d..7592afec
-					@..892ada93
-				</..b9b0da2b
-			</d..42457f6a
-			<di..1e54e03e
-				<l..9bcf9cd8
-				<d..7592afec
-					@..90692581
-				</..b9b0da2b
-			</d..42457f6a
-		</di..97b01aa1
-	</sec..4964b915
+	@incl..db02eb79
-				<d..f442b0fe
+				<d..24e4bc80
-						..7b19fdeb
+				<d..7a2562c4
+					<..496e09a6
+				</..466bdfa6
-				<d..f442b0fe
+				<d..24e4bc80
-						..34eb41f4
+				<d..7a2562c4
+					<..c828c3c1
+				</..466bdfa6
-				<d..f442b0fe
+				<d..24e4bc80
-						..27a0fdae
+				<d..7a2562c4
+					<..fd17d537
+				</..466bdfa6
--- /de..cccc323a
+<secti..3810cf96
+	<div ..ed11eace
+		<lab..4fb5514f
+		<div..4a4dcb42
+			@{{..e5a8bf61
+		</di..3925e6b9
+	</div..f0cd8a1b
+	<div ..459f4281
+		<div..de04d21a
+			<la..cd29b116
+			<di..967b0ea8
+				<d..ed496e4c
+				<d..a10b9b53
+			</d..70427cf1
+		</di..3925e6b9
+		<div..de04d21a
+			<la..f53de35e
+			<di..493bb33f
+				@{..9b813c8f
+			</d..70427cf1
+		</di..3925e6b9
+		<div..d3f0d398
+			<la..13867f7b
+			<di..493bb33f
+				@{..368e3dd7
+			</d..70427cf1
+		</di..3925e6b9
+	</div..f0cd8a1b
+</sect..79db7d23
-	<sect..a188a58b
-		<div..163347d7
-			<la..fadbeb6f
-			<di..19d87a38
-				@{..2742b0da
-			</d..42457f6a
-		</di..97b01aa1
-		<div..d5dd6243
-			<di..0c533b04
-				<l..3362de92
-				<d..33edcd3c
-					@..e03f8a09
-				</..b9b0da2b
-			</d..42457f6a
-			<di..0c533b04
-				<l..51f86b0d
-				<d..7592afec
-					@..892ada93
-				</..b9b0da2b
-			</d..42457f6a
-			<di..1e54e03e
-				<l..9bcf9cd8
-				<d..7592afec
-					@..90692581
-				</..b9b0da2b
-			</d..42457f6a
-		</di..97b01aa1
-	</sec..4964b915
-	<tran..52a342c1
+	@incl..db02eb79
+	<tran..9222c665
+		:tra..a1228cd0
+		:go-..1d70c3ef
+	</tra..e816f858
+	<div ..6421373e
+		<md-..085910c9
+	</div..f0cd8a1b
-				<d..f442b0fe
+				<d..ddc431b1
-						..8e499587
+				<d..7a2562c4
+					<..51c3f195
+				</..466bdfa6
-				<d..f442b0fe
-					<..1a0915c4
+				<d..ddc431b1
+					<..61f3dc3f
+					<..9faf14d1
+						..e6de17ff
+						..62500c03
+						..75d72c3e
+						..4e39dfff
+					<..014bff2c
+				</..466bdfa6
+				<d..7a2562c4
+					<..1aca1a1f