-		$thi..94d7c434
+		$thi..c9977c35
--- /de..6f4f61d7
+<?php..234859fd
+..1eec9a20
+namesp..44e19719
+..1eec9a20
+use En..15b1e6e9
+use Il..245b520a
+..1eec9a20
+class ..d7cce933
+	/**..59d5c6cc
+	 * Th..c21d84f1
+	 *..faca717e
+	 * @v..706b4a76
+	 */..9853dff2
+	prote..dc535650
+..1eec9a20
+	/**..59d5c6cc
+	 * Th..832ef57d
+	 *..faca717e
+	 * @v..706b4a76
+	 */..9853dff2
+	prote..205506e9
+..1eec9a20
+	/**..59d5c6cc
+	 * Cr..638b1a2b
+	 *..faca717e
+	 * @r..faa392e5
+	 */..9853dff2
+	publi..94c4cdbd
+		pare..7e4abcbd
+	}..190b5013
+..1eec9a20
+	/**..59d5c6cc
+	 * Ex..4c6d8265
+	 *..faca717e
+	 * @r..8b8fcbac
+	 */..9853dff2
+	publi..e6fd61f0
+		$sta..cd7c79de
+		$dir..1ca125ba
+..1eec9a20
+		fore..34695064
+			$co..211d4322
+..1eec9a20
+			// ..c08609e0
+			pre..e93e7934
+			pre..e145852b
+			$ma..d4642c3e
+				ar..cd0430b3
+				ar..4712c8d7
+			];..dc3beb3e
+..1eec9a20
+			// ..42bfa58c
+			if ..cac85b92
+				th..ea307645
+..1eec9a20
+			// ..5b92b196
+			for..21f5b81f
+				$l..e0cf8dd0
+				$u..c08763cd
+				$t..4b067f31
+				if..65cb8422
+..1eec9a20
+				$t..3c3c6470
+..1eec9a20
+				if..c6d7b7ea
+				el..374dbdbc
+..1eec9a20
+				if..27744e48
+					$..e1326f5b
+					$..1f1a7385
+				} ..b2805dc9
+			}..16a7c665
+..1eec9a20
+			// ..b49c5956
+			$th..37a8f483
+			fil..dddbe7b2
+		}..25c3175e
+	}..190b5013
+}..66382f80
+		} el..a29641c8
+			$st..dd20b591
+use En..3215c9cf
+		$rat..b09ada1d
+		$rat..50beb791
+..1eec9a20
-			->h..8fd4ae55
+			->h..2d786251
+			->h..557889a9
+			->h..b8155b98
+	publi..b903f897
+		if (..3eb2ff6e
+		App:..5430ccee
+	}..190b5013
+..1eec9a20
-				'D..8922bf15
+				'D..821e87d2
-			$ra..d09e240f
+			$ra..9006f01c
+use Il..f1d809fd
+		// D..edee19e0
+		$rat..b09ada1d
+		if (..9200f70d
+..1eec9a20
+use Il..0e70e5fe
+use Il..580f4144
+	/**..59d5c6cc
+	 * Re..a9232734
+	 *..faca717e
+	 * @r..cdc5352e
+	 */..9853dff2
+	publi..c8f24664
+		retu..342cfa79
+	}..190b5013
+..1eec9a20
+		'too..97a7f9b1
+			'ti..03687486
+			'me..bcfc6be4
+		],..1ed5831f
+		'not..7a40ff0a
+			'ti..e815de89
+			'me..9935f133
+		],..1ed5831f
+		'bad..05cfe82d
+			'ti..f7e0790c
+			'me..f02f801b
+		],..1ed5831f
+		'ser..2fbd2cfe
+			'ti..5c00ce66
+			'me..f0d4dd62
+		],..1ed5831f
+		'gat..b7f47ab9
+			'ti..f7e0790c
+			'me..f02f801b
+		],..1ed5831f
-		'tit..cc1cc85a
+		'tit..a5c90f30
--- /de..6f4f61d7
+Bad Ga..b7ff5359
--- /de..6f4f61d7
+Servic..bd4d64bb
--- /de..6f4f61d7
+Gatewa..6c3b324b
--- /de..6f4f61d7
+@exten..9036c3da
+@secti..c6b97f87
+@secti..31f43bfb
+@secti..21053904
--- /de..6f4f61d7
+@exten..9036c3da
+@secti..59426721
+@secti..8c1a0f07
+@secti..6d8407fa
--- /de..6f4f61d7
+@exten..9036c3da
+@secti..004f8c08
+@secti..63ab88d0
+@secti..ed07c5ee
--- /de..6f4f61d7
+@exten..9036c3da
+@secti..2f314e22
+@secti..1ab30648
+@secti..b5a16b23
--- /de..6f4f61d7
+@exten..9036c3da
+@secti..db333867
+@secti..123e8178
+@secti..d4c00edf
+@secti..6a9f25d3
-	<scri..0bf9ce0e
-	<scri..1a282a6f
-		wind..1eb92c02
+		<scr..c5d3806c
+		<scr..ac7e7eff
+			win..51f41825
-		func..5899ae14
-			dat..18b26bbc
-		}..e8f6695c
+			fun..9f7e7cae
+				da..9e8a1132
+			}..16a7c665
-		gtag..0791d8aa
+			gta..1e2cd75b
+..1eec9a20
+			gta..c527751e
+		</sc..d8283eb4
+@endse..b1862838
+@yield..fc0460e6
-		gtag..14b98664
-	</scr..77e20bf7
+@secti..ae075909
+@endse..b1862838
+@yield..fa8a4c40
+@secti..d7fde171
+@secti..183368c2
+..1eec9a20
+@secti..4c156217
+	@yiel..0b572472
+@endse..b1862838
+	// AP..c83a7074
+	Route..fec16230
+		App:..e616312e
+	});..c9fca38e
+..1eec9a20
-Route:..9b33e156
-Route:..1c8e8b67
-Route:..4f1bd0c0
+	Route..a68b4d16
+	Route..16545237
+	Route..57dad2ae
+	Route..300d1450
+includ..15ce3c7b
+..1eec9a20
--- /de..6f4f61d7
+# Stat..96b1732a
+error_..d32d5573
+error_..73c54e7d
+error_..07e5e2de