--- /de..20c4c499
+(funct..b8754dac
+	var r..9eb4f329
+..b9fb7ad8
+	const..574a99e5
+..b9fb7ad8
+	funct..e8f21598
+		for ..5d09dfc6
+			ran..82776d53
+		}..ef8c72e9
+..b9fb7ad8
+		for ..5bd53faa
+			ran..c0ec1651
+		}..ef8c72e9
+..b9fb7ad8
+		for ..5d09dfc6
+			ran..b3f0052e
+		}..ef8c72e9
+	}..0d656048
+..b9fb7ad8
+	funct..aac67b4c
+		var ..0abf6e0b
+..b9fb7ad8
+		rand..e87f04dd
+		rand..047c5910
+		rand..ceba5dd0
+		rand..79da4ad9
+..b9fb7ad8
+		retu..eaa06c67
+	}..0d656048
+..b9fb7ad8
+	funct..9e39bad4
+		var ..53021622
+		var ..425ff11d
+		var ..1e9f2612
+..b9fb7ad8
+		retu..61050c30
+	}..0d656048
+..b9fb7ad8
+	funct..a41a419c
+		var ..8fb54822
+		var ..65825011
+..b9fb7ad8
+		var ..4167eba8
+		var ..132d24c1
+		var ..4f39ede7
+..b9fb7ad8
+		for ..11161e57
+			for..6223d4f2
+				ro..1cc7bb4c
+			}..15e23ad6
+..b9fb7ad8
+			for..ad8bf065
+				da..ca2f7f07
+			}..15e23ad6
+..b9fb7ad8
+			for..7f760747
+				da..ca2f7f07
+			}..15e23ad6
+		}..ef8c72e9
+..b9fb7ad8
+		retu..0b55ec6a
+	}..0d656048
+..b9fb7ad8
+	funct..e1518423
+		var ..ec52bbe3
+..b9fb7ad8
+		newO..42e3b42c
+..b9fb7ad8
+		seed..34e33881
+..b9fb7ad8
+		newO..887c6884
+		newO..52dd008b
+		newO..9f957f12
+		newO..255d2625
+		newO..e14271f0
+..b9fb7ad8
+		retu..3077c733
+	}..0d656048
+..b9fb7ad8
+	funct..a1236d0d
+		var ..835bd41e
+		var ..2c686973
+..b9fb7ad8
+		canv..db31ac2c
+..b9fb7ad8
+		var ..16c19caf
+		cc.f..d1f681de
+		cc.f..8d5284ee
+		cc.f..569fa67a
+..b9fb7ad8
+		for ..0769e9af
+..b9fb7ad8
+			// ..bf624ebb
+			if ..aeaf95c0
+				va..4c4443bf
+				va..9224cb1d
+..b9fb7ad8
+				//..a195d546
+				cc..8942d6c0
+..b9fb7ad8
+				cc..6efa83b5
+			}..15e23ad6
+		}..ef8c72e9
+		retu..24fd72e2
+	}..0d656048
+..b9fb7ad8
+	funct..3bce7b7f
+		var ..ad06133b
+		var ..83dae5f3
+..b9fb7ad8
+		rend..1c70eb1d
+..b9fb7ad8
+		retu..24fd72e2
+	}..0d656048
+..b9fb7ad8
+	funct..57768286
+		retu..5734f2bd
+	}..0d656048
+..b9fb7ad8
+	var a..abcff505
+		gene..04d5afd3
+		crea..301eae78
+		rend..a77b45ed
+	};..1cf98611
+..b9fb7ad8
+	if (t..fbb66548
+		modu..b17a1199
+	}..0d656048
+..b9fb7ad8
+})();..95a97cae
+};..566f4595
+..b9fb7ad8
+Vue.pr..b485487d
+	let b..535ad807
+	retur..f7901c51