-	 * @p..43971cd6
+	 * @p..ade364e8
-	publi..8449375e
-		retu..d7a032a7
+	publi..cf6a9453
+		retu..786bf67f
-	publi..62a96a4e
-		$mod..6d9632e7
-..a6999594
-		retu..2087772f
-			'pr..1b0c5172
-		]);..16f1e914
-	}..b79b63e3
-..a6999594
+	publi..23830190
+		$mod..20322862
+		$mod..8f460c50
+..b9fb7ad8
+		$tex..f9c1802e
+..b9fb7ad8
+		$tok..99acc61b
+..b9fb7ad8
+		if (..87b2a303
+			$tr..d711179c
+			if ..d2b861ed
+				re..5ff6e35d
+			} e..b387a5fb
+				$b..4b3bca7f
+				if..daa1d13f
+					r..1b592fd9
+				}..20e19d67
+			}..15e23ad6
+		} el..022d5e00
+			ret..dcf0ade6
+		} el..cd895260
+			ret..dd1f1022
+		} el..e4ec29ea
+			$id..f7090f51
+..b9fb7ad8
+			ret..622a1904
+		} el..5c72adb7
+			ret..a7de557f
+		}..ef8c72e9
+	}..0d656048
+..b9fb7ad8
-			if ..26ee96d4
-				$t..17550313
-				if..0b9b2788
-					$..c5699568
-				} ..265232da
-					$..c6bc663a
-					i..bfa5a14c
-						..b8b26d83
-					}..9229c9c8
-				}..c4169309
-			} e..18ea06f7
-				$d..56ae18a9
-			} e..71166f58
-				//..efd3ddd0
-				$c..ad7548a0
-				if..1b24b575
-					$..96efe2c9
-				}..c4169309
+			// ..7d96c32a
+			$co..83a69ac3
+			if ..22561900
+				$d..1d151868
+			}..15e23ad6
-				//..5e92664a
-				$b..e8ce342c
-				if..59a6c0d8
-					$..1865be9c
-				}..c4169309
+			// ..6761bd76
+			$bl..d795e717
+			if ..b53fba85
+				$d..95975c48
+	publi..94353537
+		retu..35905bed
+	}..0d656048
+..b9fb7ad8
-	publi..04c38d3b
-		$mod..29d8fb66
-		$mod..6d9632e7
-..a6999594
-		retu..2087772f
-			'tr..80a171a1
-			'bl..f2e9909a
-			'in..d4ffdef3
-			'pe..10d6e1d1
-			'to..b6d47e92
-			'to..1969a828
-			'pr..1b0c5172
-		]);..16f1e914
-	}..b79b63e3
-..a6999594
-	publi..ecd3c2bd
+	publi..baffe75d
-		if (..12db597b
-			$se..44d08c4d
+		if (..f7a13340
+			$si..d602eabc
+			$se..4c7dad8f
+		$con..d9b0b751
+		if (..38a1ff97
+			$co..94c523cc
+			if ..0c78e0ba
+				$c..d3eb1f42
+			}..15e23ad6
+		}..ef8c72e9
-			'co..150f8379
+			'co..12441d0f
+		$con..d9b0b751
+		if (..587ff719
+			$co..c12985bc
+			if ..0c78e0ba
+				$c..d3eb1f42
+			}..15e23ad6
+		}..ef8c72e9
-			'co..f4b1febd
+			'co..12441d0f
- * Uti..f8340317
+ * Vue..1eb2741c
- * Com..8a1e1f46
+ * Glo..66f03373
--- /de..20c4c499
+export..edce110a
+	templ..56ca30cb
+		<md-..65ca7dc5
+			<md..e3ea69e1
+				<m..07378ef5
+				<m..d4c3b8b7
+				<m..985519e6
+				<m..afeb3098
+				<m..a4094d07
+				<m..577b29da
+				<m..0db8db0a
+				<m..d8d33822
+				<m..b32d070d
+			</m..5f8a133c
+			<md..3671c8c1
+				<m..ac026008
+					<..481228e1
+						..4d6f2b63
+					<..71f8a7e9
+				</..184a32dc
+				<m..ac026008
+					{..faf4754f
+				</..184a32dc
+				<m..ac026008
+					{..03ce10c9
+				</..184a32dc
+				<m..ac026008
+					{..d23edb43
+				</..184a32dc
+				<m..ac026008
+					<..43fcb1a1
+					{..eba3a9dd
+				</..43ad1131
+				</..184a32dc
+				<m..ac026008
+					{..49cc92cd
+					(..74f34b7e
+				</..184a32dc
+				<m..ac026008
+					{..ef977871
+				</..184a32dc
+				<m..ac026008
+					-..62c9a21c
+				</..184a32dc
+				<m..ac026008
+					-..62c9a21c
+				</..184a32dc
+			</m..5f8a133c
+		</md..0082ae8b
+	',..7d5228e4
+	props..f3ab7908
+	data:..d3c31c62
+		retu..8bc82a74
+	},..d8c9b2a1
+	mount..92dc6752
+..b9fb7ad8
+	},..d8c9b2a1
+	metho..c5d23942
+}..287787e9
--- /de..20c4c499
+export..edce110a
+	templ..56ca30cb
+		<md-..65ca7dc5
+			<md..e3ea69e1
+				<m..fc881790
+				<m..d4c3b8b7
+				<m..cca71380
+				<m..747a0d4f
+				<m..09f1d237
+				<m..0680279e
+				<m..728ca514
+			</m..5f8a133c
+			<md..8ed8dfe5
+				<m..ac026008
+					<..6a6c3c42
+						..4bcebabf
+					<..71f8a7e9
+				</..184a32dc
+				<m..ac026008
+					{..faf4754f
+				</..184a32dc
+				<m..ac026008
+					<..3f28f56d
+						..c4f30b6a
+					<..71f8a7e9
+				</..184a32dc
+				<m..ac026008
+					<..89bad226
+						..f92c3726
+					<..71f8a7e9
+				</..184a32dc
+				<m..ac026008
+					{..5c9a0826
+				</..184a32dc
+				<m..ac026008
+					<..fcbe17ca
+						..17272cf0
+						..fb6f67a5
+					<..71f8a7e9
+					<..b8c9fb0c
+						..21c0d271
+						..72912963
+					<..854190dc
+				</..184a32dc
+				<m..ac026008
+					{..8c2dddf1
+				</..184a32dc
+			</m..5f8a133c
+		</md..0082ae8b
+	',..7d5228e4
+	props..2db7ce6d
+	data:..d3c31c62
+		retu..8bc82a74
+	},..d8c9b2a1
+	mount..92dc6752
+..b9fb7ad8
+	},..d8c9b2a1
+	metho..21251d0e
+		toke..620dc7aa
+			eve..0d1b633c
+		},..3db8ef10
+		toUs..cc4e3357
+			if ..fe607667
+				re..5c2116e6
+			}..15e23ad6
+..b9fb7ad8
+			ret..86dd8a62
+		},..3db8ef10
+	}..0d656048
+}..287787e9
--- /de..20c4c499
+export..edce110a
+	templ..56ca30cb
+		<md-..65ca7dc5
+			<md..e3ea69e1
+				<m..54a9554d
+				<m..61836e0f
+				<m..25f6e88f
+				<m..2c1f758c
+				<m..ade571f6
+				<m..d511bcbb
+			</m..5f8a133c
+			<md..65ddc22d
+				<m..ac026008
+					<..904844ed
+						..aaff79f9
+						..6da3ba06
+					<..71f8a7e9
+				</..184a32dc
+				<m..ac026008
+					{..5f21ae5e
+				</..184a32dc
+				<m..ac026008
+					<..a5b62f27
+						..4a386ec8
+					<..71f8a7e9
+				</..184a32dc
+				<m..ac026008
+					{..252be11c
+				</..184a32dc
+				<m..ac026008
+					{..831f7281
+				</..184a32dc
+				<m..ac026008
+					à..2431b5e9
+				</..184a32dc
+			</m..5f8a133c
+		</md..0082ae8b
+	',..7d5228e4
+	props..0e7de1a0
+	data:..d3c31c62
+		retu..8bc82a74
+	},..d8c9b2a1
+	mount..92dc6752
+..b9fb7ad8
+	},..d8c9b2a1
+	metho..21251d0e
+		toke..620dc7aa
+			eve..0d1b633c
+		},..3db8ef10
+	}..0d656048
+}..287787e9
--- /de..20c4c499
+export..edce110a
+	templ..56ca30cb
+		<md-..65ca7dc5
+			<md..e3ea69e1
+				<m..fc881790
+				<m..895f7e9a
+				<m..d4c3b8b7
+				<m..cca71380
+				<m..747a0d4f
+				<m..09f1d237
+				<m..728ca514
+			</m..5f8a133c
+			<md..ad210005
+				<m..ac026008
+				<a..ec43d610
+					{..ea5d4a30
+				</..43ad1131
+				</..184a32dc
+				<m..940cc33c
+					<..8c42622b
+					{..785eba70
+				</..43ad1131
+				</..184a32dc
+				<m..ac026008
+					{..faf4754f
+				</..184a32dc
+				<m..ac026008
+					<..3f28f56d
+					{..cfb90d83
+				</..43ad1131
+				</..184a32dc
+				<m..ac026008
+					<..89bad226
+					{..5759b1d3
+				</..43ad1131
+				</..184a32dc
+				<m..ac026008
+					{..42cf3d47
+				</..184a32dc
+				<m..ac026008
+					{..8c2dddf1
+				</..184a32dc
+			</m..5f8a133c
+		</md..0082ae8b
+	',..7d5228e4
+	props..73d58d84
+		tran..98924e8f
+			typ..92d88d37
+			req..0c658fd8
+		},..3db8ef10
+		goTo..91e41d14
+			typ..5c1bfd5c
+			req..0c658fd8
+		},..3db8ef10
+		clas..a2b4a483
+			typ..834fad61
+			def..f1ea250c
+			req..e5b6964f
+		},..3db8ef10
+		disp..b90ff8cd
+			typ..aaeb22af
+			def..a834d06e
+			req..e5b6964f
+		}..ef8c72e9
+	},..d8c9b2a1
+	data:..d3c31c62
+		retu..8bc82a74
+	},..d8c9b2a1
+	mount..92dc6752
+..b9fb7ad8
+	},..d8c9b2a1
+	metho..21251d0e
+		toUs..cc4e3357
+			if ..fe607667
+				re..5c2116e6
+			}..15e23ad6
+..b9fb7ad8
+			ret..86dd8a62
+		},..3db8ef10
+	}..0d656048
+}..287787e9
-		<for..3923e100
+		<div..766a8f13
-			<md..6ddff60d
+			<md..621824d7
-						..614146d9
+						..560ec60b
-						..09e38b29
+						..86ca8389
-						..e9d07cfe
+						..327af20f
-						..c170c524
+						..e13e9757
-		</fo..8673f68b
-		',..5179a69e
-	props..1d708321
+		</di..2823d853
+	',..7d5228e4
+	props..ec5720b8
+	watch..73f30c1a
+		text..8b26e4c1
+			thi..55db9f9a
+		}..ef8c72e9
+	},..d8c9b2a1
+			// ..11fc26f0
+			if ..0c5a72e8
+				lo..e2650c48
+			}..15e23ad6
+..b9fb7ad8
-		subm..40b8ee01
-			eve..eab67d4b
-			if ..b7829ccc
-				th..b913f1fc
-			}..160303ea
-		},..f35c2308
-		}..b40ec23d
+		},..3db8ef10
+		chan..29727527
+			thi..860c7ecd
+			thi..e86207e0
+		},..3db8ef10
+import..2f7ad5e9
+import..d184cba4
+import..d08d6dbc
+import..022ed80c
-		xhr:..6aa38ca8
-		page..2ccebc81
-		//su..000dd0c9
+		xhr:..8fbeedbc
-		menu..1fe8533d
+		menu..36e7b60f
+		pric..00a837ed
+		page..998ba98f
+			key..81cd39a4
+			dat..6e6dd9b6
+			exh..f7ec0bcf
+			id:..c99d8bb7
+		},..3db8ef10
-		pric..beac4d48
-		page..82fa1ec2
-			tra..b0158a68
-				fi..15e5e8a4
-				tr..f0eb915d
-			},..b0596621
-			blo..17e3db5a
-				fi..15e5e8a4
-				bl..270b7f42
-			},..b0596621
-			tok..bbedbf63
-				fi..15e5e8a4
-				to..573cd580
-			},..b0596621
-			tok..61ab0649
-				fi..15e5e8a4
-				tr..f0eb915d
-			},..b0596621
-			int..02c7301f
-				fi..15e5e8a4
-				tr..f0eb915d
-			},..b0596621
-			pen..14b65237
-				fi..15e5e8a4
-				tr..f0eb915d
-			},..b0596621
-			blo..3a308d23
-				de..8cfa1cc0
-				tr..37909814
-			},..b0596621
-			add..e3c0aaaf
-				de..8cfa1cc0
-				tr..37909814
-				to..0879d3f7
-				to..1dc2ce81
-			},..b0596621
-			tra..9cd18367
-				de..8cfa1cc0
-			},..b0596621
-			tok..c000e2d7
-				de..8cfa1cc0
-				tr..37909814
-			},..b0596621
-		},..f35c2308
-..a6999594
-		docu..cad336d0
+..b9fb7ad8
+		docu..4624bc2e
-		cons..93ba4faa
-..a6999594
-		this..bb03e6e3
-..a6999594
-		// m..743feaf4
-		this..0875ca96
+		this..1bc61850
-		docu..2f8d2322
-			if ..ae6fe956
-				th..6fb60858
-..a6999594
-				co..b65ad439
+		docu..6bc57f44
+			con..1deab0e3
+			if ..98f6898c
+				th..1f3f59f2
-				co..98068285
-				th..77a396ed
+				co..24059f6d
+				th..da6f5052
-					t..0dc0088d
-..a6999594
-					/..f726fd43
-					t..07165a2c
+					t..8c55ef43
-..a6999594
-		// l..3628d45a
+..b9fb7ad8
+		// l..faaabfa6
-			tha..4d5b3660
+			thi..b292de91
+	compo..f953f57f
+		'tok..b55093a6
+		'tra..489b47d3
+		'tok..a575a86d
+		'blo..cbbfe175
+	},..d8c9b2a1
-			ret..fa35ab52
+			let..31a21111
+..b9fb7ad8
+			swi..a9ed0e5f
+				ca..50316a4a
+				ca..ab267457
+				ca..6ee182f3
+				ca..445ec975
+				ca..b854b26d
+				ca..7badfd49
+					p..efa50de8
+					b..ecb0f2ee
+				ca..9b64d70e
+					i..b8d6439a
+						..d2ae85dd
+					}..06def01c
+						..01d821bf
+					}..8234fb5c
+					b..ecb0f2ee
+				ca..9a618c5e
+					i..b8d6439a
+						..62676321
+					}..a28608a4
+						..ce3282ae
+					}..a46c2fc6
+						..448b8d66
+					}..8234fb5c
+					b..ecb0f2ee
+				ca..d68761e8
+					p..cb4bcca0
+					b..ecb0f2ee
+				ca..94e083e3
+					i..b8d6439a
+						..767f89b4
+					}..06def01c
+						..ebb987af
+					}..8234fb5c
+					b..ecb0f2ee
+			}..15e23ad6
+..b9fb7ad8
+			ret..f746401f
-		chan..d0d574a0
-			con..97804fe5
-..a6999594
+		chan..24dad3a6
-			if ..ead35c8c
+			if ..8e5c535e
-			con..dd912184
-..a6999594
-			if ..da44f1a8
+			con..6888ed37
+..b9fb7ad8
+			if ..5cd2e625
-			tha..2c16500b
-..a6999594
-			// ..c72717fb
-			if ..b8e8ac03
-				da..aaa45608
+			thi..983f78f4
+..b9fb7ad8
+			// ..9f5b94fb
+			thi..4da29f5e
+..b9fb7ad8
+			// ..86ed341f
+			if ..fa2c12c4
+				th..6dba0c18
+			} e..a523df56
+				th..87ff0663
-			thi..9c3078b1
+			thi..97337524
-				th..27372c02
+				th..5b1dac06
-				do..2ec62cb4
+				do..01612cfe
-				th..be8ecfb3
+				th..4fcc42f3
-					h..7c30d9e1
+					h..5eba8bf2
-				th..b7be9b96
-..a6999594
-				//..87f81d70
-				if..84305124
+				th..9ae2a108
+..b9fb7ad8
+				//..dbad8e62
+				if..005900fe
-				'a..48b51180
-..a6999594
-			if ..c6533242
+..b9fb7ad8
+			if ..854a4246
+			if ..d3bd167f
+				pa..528afec8
+			}..15e23ad6
+..b9fb7ad8
-		getP..0d878517
+		getP..3dc2e595
-..a6999594
-			if ..39174104
+			if ..474a8e1b
+				id..7a3b3b4a
-					p..c0da1ad2
+					p..6d819d2c
-					p..b660e7ec
-					b..ada6db9b
-				ca..5becc268
-					p..efdd55e2
+					p..c4b2e78c
-					p..555c86c8
+					p..e30e43a3
-					p..c9d9f728
+					p..5d745836
-					p..e03d3f4e
+					p..5c30ddfe
-					p..ca37100c
+					p..21ed5ab9
-					p..e086e82c
+					p..4ed06d89
-					p..b97d240d
+					p..7aa9110b
-				ca..5becc268
-		getD..b15b4766
+		getI..d3fc203e
-				le..d4d6c94d
+				le..391181a0
-					d..6c46191a
+					i..27d5157e
-				re..af10a212
+				re..f0b9fade
-		upda..75c9f5e1
-			el...8932e38f
-			el...163c09a4
-		},..f35c2308
-		load..3328f222
-			con..97804fe5
-..a6999594
+		load..33f77667
-			if ..1b5d92a0
+			if ..31f56e40
-			if ..5f3d8e6a
-				fo..2488d94d
-					c..a2f599d4
+			if ..901e42fb
+				fo..b18ea7fd
+					c..fc8a212f
-			}, ..035a7dbe
-				if..2b43cdf3
-					t..69b71a0c
+			}, ..07650832
+				if..56e797a3
+					t..6c38cb42
-				if..fdac55f5
-					t..2986adff
+				if..bf4072df
+					t..8408ccbf
-					t..6a9d8174
+					t..ac8470b4
-		load..589029e9
-			con..97804fe5
-..a6999594
+		load..54da77b5
-			if ..1f906e81
+			if ..31f56e40
-			if ..ae97d439
-				fo..dca03bae
-					c..c0511f47
+			if ..d68e98dc
+				fo..7b1f8ecb
+					c..464b1ee7
-			}, ..035a7dbe
-				if..2b43cdf3
-					t..958c55e0
+			}, ..07650832
+				if..56e797a3
+					t..6c38cb42
-				if..1a3731eb
-					t..7d73fb7c
+				if..af926e45
+					t..04e776b9
-					t..9f7b92b2
+					t..b49c1197
-		load..0afa15ef
+		load..e17599cb
-		load..c3e9cf76
+		load..e1c8b5ff
-		load..337bb6e8
-			con..97804fe5
-..a6999594
+		load..5ecf4c05
-			if ..a2e347b4
+			if ..31f56e40
-			if ..da446547
-				fo..3dc28181
-					c..c4f063f8
+			if ..94379b2c
+				fo..b18ea7fd
+					c..fc8a212f
-			}, ..035a7dbe
-				if..2b43cdf3
-					t..6b651170
+			}, ..07650832
+				if..56e797a3
+					t..6c38cb42
-				if..8817abe6
-					t..221d5ff2
+				if..22f4f598
+					t..8408ccbf
-					t..cae5f84b
+					t..ac8470b4
-		load..5df14651
-			con..97804fe5
-..a6999594
+		load..c48cd6eb
-			if ..2acfdd01
+			if ..31f56e40
-			if ..8fe74c0d
-				fo..4cb76cdd
-					c..b8dbf409
+			if ..e091352e
+				fo..5ff6c531
+					c..9a4a27c0
-			}, ..035a7dbe
-				if..2b43cdf3
-					t..29ac221c
+			}, ..07650832
+				if..56e797a3
+					t..6c38cb42
-				if..704efac9
-					t..eb383411
+				if..a4f44665
+					t..74baa593
-					t..2c3b1173
+					t..832eef3f
-		load..aeadf1fe
-			con..97804fe5
-..a6999594
+		load..56a37b6d
-			if ..051cb359
+			if ..9c075b91
-			thi..3073c931
-				th..6fdd789e
+			thi..f7ac683d
+				th..5f7de339
-		load..c1dd618b
-			con..97804fe5
-..a6999594
+		load..ec9f0735
-			if ..f1506f26
+			if ..41852963
-			thi..b892ed01
-				th..c56c370e
-				th..5bd14912
-				th..18c72e57
-				th..18aa0c8a
+			thi..442ab8c3
+				th..5f7de339
+				th..fdf19522
+				th..fb0c0e90
+				th..90f45963
-		load..03dd5feb
-			con..97804fe5
-..a6999594
+		load..88979253
-			if ..9338933e
+			if ..4b291d01
-			thi..fadaa08a
-				th..3975e128
-				th..7d41ecd4
+			thi..0801abc9
+				th..5f7de339
+				th..fdf19522
-		load..bd48d1ec
-			con..97804fe5
+		load..17be7ca0
-			if ..a606c720
+			if ..e22ceaa3
-			thi..4d8a1bac
-				th..1c7cec20
-				th..5aedc60b
+			thi..398bfbec
+				th..5f7de339
+				th..fdf19522
-..a6999594
-		/**..3b27df5c
-		 * S..8f967334
-		 */..09163239
-		sort..b86f70de
-			ret..cac2f7d1
-		},..f35c2308
-		sort..0c13d800
-			ret..58197824
-		},..f35c2308
-		sort..8610eaf5
-			ret..51e12e07
-		},..f35c2308
-		sort..e402f9e6
-			ret..dcb99ae7
-		},..f35c2308
-		sort..38404af7
-			ret..ef0acadf
-		},..f35c2308
-		sort..738649d9
-			ret..98a20aeb
-		},..f35c2308
-		sort..c12e302f
-			ret..2d245374
-		}..b40ec23d
-..a6999594
+		this..a57f12a1
+		this..eae6bca2
+		this..ff221bd1
-			win..971066e4
+			if ..a93730d1
+				lo..a84c2ed9
+			} e..b387a5fb
+				lo..5478ad75
+			}..15e23ad6
-.md-ap..b95d7875
+.md-ap..85d8b320
+.md-ap..e88f34d7
-.md-ap..4e1d4668
+.md-ap..50d24a54
+.md-ap..ab884c53
-	font-..c44a2ba8
+	font-..46911b3c
-	top: ..19f95cbf
+.md-ta..b4254fb0
+	heigh..cd3c9aed
+}..287787e9
+..b9fb7ad8
-	paddi..11a3b047
-	paddi..2308dc5f
+	paddi..5f330865
+	paddi..8ddde197
+.md-sc..4eea6c31
-	paddi..51aac7d4
+	paddi..7872850b
+}..287787e9
+..b9fb7ad8
+.app-t..f0771db8
+	box-s..2980b26a
-	font-..bdbb1e0a
+	font-..a1d04ad7
-	backg..0db1c9e1
-	max-w..177728c7
+	backg..8080df6c
+	max-w..7948d66b
-	backg..0db1c9e1
+	backg..8080df6c
-	borde..180d5978
+	borde..15e777e9
-	paddi..60134876
+	paddi..50f4e5b4
+	max-h..47c20162
-	color..690fa253
+	color..deefd148
-	backg..93ea905c
+	backg..1c14400c
+.loadi..f0fc0633
+	margi..8ef1dac0
+	max-w..7633e1b6
+	text-..2bf81fb5
+	paddi..a872d00b
+}..287787e9
+..b9fb7ad8
-	posit..030f4c31
+	posit..750aabd3
-	backg..a7345680
+	top: ..c38d3595
-	font-..449a7d5a
+	font-..19c910fe
+.md-co..ed5f3759
+	font-..3b1b9878
+	line-..52f9b6f1
+}..287787e9
+..b9fb7ad8
+.token..9216730f
+	max-w..9187670f
+	verti..df33ecb2
+	margi..ffa3995d
+	posit..30af6a76
+	top: ..b9c64591
+}..287787e9
+..b9fb7ad8
-.fade-..794f28d9
-	trans..033c7773
-	posit..36cfbc4a
-	width..1cbb0651
+.fade-..25b594dd
+	trans..8e094bfa
+}..287787e9
+..b9fb7ad8
+.fade-..a070a93d
+	trans..144315f2
+}..287787e9
+..b9fb7ad8
+.fade-..5ea401dc
+.fade-..a070a93d
+..b9fb7ad8
-	posit..36cfbc4a
-	width..1cbb0651
-.fade-..be6b73da
-	trans..65886607
+.fade-..f9019b1f
+	trans..2e34c5e4
+}..287787e9
+..b9fb7ad8
+.fade-..05174630
+	trans..6f25b6c5
+}..287787e9
+..b9fb7ad8
+.fade-..18b8510e
+.fade-..05174630
-	posit..36cfbc4a
-	width..1cbb0651
+	posit..30af6a76
-	posit..36cfbc4a
-	width..1cbb0651
+	posit..30af6a76
+	z-ind..788c8747
-	max-w..a4ddf950
-		padd..521be7f2
+		padd..2bfc3ab8
+}..287787e9
+..b9fb7ad8
+.compo..c5e7bd20
+	input..6fc56301
+		padd..7f11ca3a
+	}..0d656048
-	.head..bebb4c1e
-		font..148037ae
-		line..e982d0e8
-	}..b79b63e3
-	.head..bebb4c1e
-		font..148037ae
-		line..e982d0e8
-	}..b79b63e3
-		padd..b0109994
+		padd..c2d35c7e
-		font..1677ef5d
-		line..e982d0e8
+		font..3d421929
+		line..8a71e6b0
-		padd..2d53b3a0
+		padd..5109357e
-	.head..bebb4c1e
-		font..148037ae
-		line..1558b4b3
-	}..b79b63e3
+..b9fb7ad8
-	.head..bebb4c1e
-		font..148037ae
-		line..1558b4b3
-	}..b79b63e3
-	.md-t..5509dea6
-		heig..9f2452d9
-		vert..4ef31839
-		marg..46c2f193
-		posi..01dde932
-		top:..d3166900
-	}..b79b63e3
+..b9fb7ad8
-	.head..bebb4c1e
-		font..148037ae
-		line..1558b4b3
-	}..b79b63e3
-	.md-t..5509dea6
-		heig..9f2452d9
-		vert..4ef31839
-		marg..46c2f193
-		posi..01dde932
-		top:..d3166900
-	}..b79b63e3
+..b9fb7ad8
-	.head..bebb4c1e
-		font..148037ae
-		line..1558b4b3
-	}..b79b63e3
-		padd..b0109994
+		padd..c2d35c7e
-		font..1677ef5d
-		line..1558b4b3
+		font..3d421929
+		line..8a71e6b0
-		padd..2d53b3a0
+		padd..5109357e
-		font..1677ef5d
-		line..1558b4b3
+		font..3d421929
+		line..8a71e6b0
-	.head..bebb4c1e
-		font..148037ae
-		line..1558b4b3
-	}..b79b63e3
+..b9fb7ad8
-	.cent..f9490eba
-		disp..0a8fd533
-		bord..cae2fcc3
-		widt..f830677f
-		padd..3acbb15a
-		colo..eb306d95
+	.cent..a2d42f13
-		box-..bd247525
-		tran..100c27ab
-		font..acb30f7b
-		font..daa8fc5a
-		text..9d46341a
+		widt..8fff63ea
-	.cent..05b8387d
-		outl..30e4c7ae
-		box-..872c17ba
-		bord..9ec55afc
-		tran..59a04b56
+	.cent..22819fbb
+		text..ec442533
-		max-..e4c3764b
+		max-..ab83b689
-$prima..f712df02
+$prima..2dc3197f
-		]..9f4dff91
+		],..17427b28
+	],..a08ace81
+	'sear..2c473ae5
+		'tit..3287d3c6
+		'mes..d5df25f4
-		'add..341a8284
+		'con..8c984564
+			'bl..3fdec6e1
+			're..bdfe67fb
+			'av..689e8cb8
+			'bl..329ddc34
+			'ti..78087bd9
+			'tx..db31e6ee
+			'tr..4fab690a
+			'un..77a148cb
+			'mi..a6de2388
+			'ga..f21bc717
+			'ga..3cb044cf
+			'ga..b8e33673
+			'ha..db4f347b
+			'pa..5d6fa9f9
+			'di..04e4dbe8
+			'to..5ad13723
+			'si..8a96bb6d
+			'no..873de38c
+			'ex..faba5d7b
+			'co..072dfa7a
+			'ad..e0adedf9
+			'et..0d830f1b
+			'us..1c6eaf4e
+			'fr..ebbd24cf
+			'to..cf2a5e64
+			'va..833574c0
+			'fe..7aebc9eb
+			'ga..6e234bb1
+			'cu..f9d5c62b
+			'ac..f885c752
+			'tx..16f6d397
+			'24..74a84794
+			'tx..30df7477
+			'in..c7c9feed
+			'st..0c146184
+			'to..8109bc9c
+			'to..8bd2251c
+			'tr..e24593d9
+			'na..2db5caa9
+			'sy..15b2236c
+			'de..1b5b2476
+			'pr..411da9c0
+			'pr..aaa9836e
+		],..17427b28
-		'add..769b7338
+		'add..5c18d5c6
+			'br..3f695664
+			'ti..7fa1d39e
+		],..17427b28
+		'add..8ee1104b
-			'ti..6167fa41
+			'ti..a0745c80
+		'tok..4095ba34
+			'br..78d88aee
+			'ti..a0745c80
+		],..17427b28
--- /de..20c4c499
+@exten..3d52e40a
+@secti..41e5bc7e
+@secti..fa8ed548
+@secti..e5659cb7
-			<di..f7d37a24
-				<m..ef5abbaf
+			<di..982fc15f
+				<m..21db9afc
-					<..4e9eafce
+					<..256211fe
+						..2e756d39
+					<..ce61a06b
-					<..67c8a04f
+					<..4d761e02
-			<!-..3ac621de
-				<m..e02af01f
-				<m..2307020f
+			<!-..b68140be
+				<m..3c2ad58c
+				<m..77a294f9
-				<m..761c9a32
+				<m..3bdfcd83
-					v..c72f47fe
+					v..fd7f6957
-					<..61620804
-						..82b89e76
-					<..479e32ee
-					<..92b7d400
-						..8f9d9b90
-					<..479e32ee
-				<m..dc16fdc7
+				<m..e3be5fb7
-					<..572aca31
-						..b3b153df
-					<..479e32ee
-					<..9688621b
-					>..002cab47
-					<..479e32ee
-			<tr..733ea299
+			<!-..b68140be
+				<d..4f101ccc
-				@i..ace8c74b
-				@i..d0441f62
-				@i..ca0a1e9b
-				@i..5afda759
-			</t..2396fc3d
+		<!--..5f05e9ac
+++ /de..23b74584
-<div c..6dfb25d3
-	<sect..a2df7f31
-		<div..4dc65694
-			<la..280f0b2e
-			<di..a9e0f281
-				@{..1536af6c
-				<c..94fa4e7f
-			</d..8118de54
-		</di..03414fdb
-		<div..8ab1f3ae
-			<di..a69d589f
-				<l..3042fc59
-				<d..e550fe0a
-					@..4002def1
-				</..f43b6d66
-			</d..8118de54
-			<di..e34b990c
-				<l..6bd1e3b1
-				<d..e550fe0a
-					@..52d426b4
-				</..f43b6d66
-			</d..8118de54
-			<di..974b747a
-				<l..e60d1296
-				<d..e550fe0a
-					@..6087e461
-				</..f43b6d66
-			</d..8118de54
-		</di..03414fdb
-	</sec..d8aa2094
-</div>..235111fe
-<div c..a37d5c57
-..a6999594
+<div c..969ff031
+	<sect..09611def
+		<div..b1487db2
+			<la..ec9ca1ee
+			<di..82c0b910
+				@{..3fa478f0
+				<c..0a8fef53
+			</d..db63918c
+		</di..ba5185d3
+		<div..4494eb04
+			<di..5cdb4237
+				<l..8cff9bf6
+				<d..0a3cb92b
+					@..801fcd01
+				</..5f8669ed
+			</d..db63918c
+			<di..fc909910
+				<l..91de69c6
+				<d..0a3cb92b
+					@..0a372a7f
+				</..5f8669ed
+			</d..db63918c
+			<di..be71ae8d
+				<l..bcc7f7ea
+				<d..0a3cb92b
+					@..0149274a
+				</..5f8669ed
+			</d..db63918c
+		</di..ba5185d3
+	</sec..8317986e
+	<toke..9af1f8f5
-<div c..2e34e728
-..a6999594
+<div c..b76b72a5
+	<md-t..f98edd57
+		<md-..a420f186
+			<md..368b6f82
+				<a..3c3d66ae
+					<..fc54c8a1
+					@..ce06dd7c
+				</..ec5eb6e1
+			</m..d217ec63
+			<md..a538d42b
+				@{..c89bb93c
+			</m..d217ec63
+			<md..cc570e05
+				<a..2353c583
+					@..0db64225
+				</..ec5eb6e1
+			</m..d217ec63
+			<md..6bb70ea4
+				@{..30bdeddc
+			</m..d217ec63
+			<md..db07fd59
+				$@..9f946f7a
+			</m..d217ec63
+			<md..078b918a
+				à¸..fd60a2b6
+			</m..d217ec63
+		</md..9b6858f7
+	</md-..0065c509
-<div c..cfcd3fc2
-..a6999594
+<div c..1900d2b5
+	<sect..09611def
+		<div..b1487db2
+			<la..ec9ca1ee
+			<di..82c0b910
+				@{..3fa478f0
+				<c..0a8fef53
+			</d..db63918c
+		</di..ba5185d3
+		<div..4494eb04
+			<di..5cdb4237
+				<l..8cff9bf6
+				<d..0a3cb92b
+					@..801fcd01
+				</..5f8669ed
+			</d..db63918c
+			<di..fc909910
+				<l..91de69c6
+				<d..0a3cb92b
+					@..0a372a7f
+				</..5f8669ed
+			</d..db63918c
+			<di..be71ae8d
+				<l..bcc7f7ea
+				<d..0a3cb92b
+					@..0149274a
+				</..5f8669ed
+			</d..db63918c
+		</di..ba5185d3
+	</sec..8317986e
+	<tran..4f8be0fc
-<div c..3b5daa66
+<div c..6931da9b
-				@{..8f2bca62
-				<c..025447df
+				@{..d5a25ad8
+				<c..baf4a5cf
-					@..13bce624
+					@..99ca4b28
-					@..d0b85abe
+					@..0432cd90
-					@..c516aa32
+					@..5f715d55
-						..d2e2fdf2
-						..e23910bf
+						..7c219dd7
+						..978f42b5
-						..44dbf9bb
-						..11b8ab2b
+						..cd9dc479
+						..13068925
-						..0c31c2fe
-						..005143d7
+						..9ce508d3
+						..5c55f8f3
-						..73384e3b
+						..d1a4e290
-						..53ef23e5
+						..217a2800
-						..a2789636
+						..c86d1277
-						..b8bf1eb5
-						..cce69f26
+						..758389d9
+						..41cabe0d
-						..6781010e
+						..9c8312ed
-						..b9cb44ab
+						..123d3f39
-						..76f04f35
+						..f72fda61
-<div c..2f72e316
-	<sect..72872426
-		<md-..6bd81335
-			<md..0d9d773d
-				<m..153e2ebe
-					<..b5e4cbc1
-						..aa500989
-					<..a736d6f9
-				</..11a83631
-				<m..29eacb32
-					@..c98e583b
-				</..11a83631
-				<m..3dd78503
-					<..366cda9a
-						..581abbe2
-					<..a736d6f9
-				</..11a83631
-				<m..639182b2
-					<..2bbf7f4d
-						..288e76e0
-					<..a736d6f9
-				</..11a83631
-				<m..961a8562
-					@..1d5eb3f3
-				</..11a83631
-				<m..09383812
-					@..cdc0896b
-				</..11a83631
-			</m..bb9843d0
-		</md..8f54538e
+<div c..434df307
+	<sect..09611def
+		<div..b1487db2
+			<la..ceeae0c6
+			<di..c964bfb8
+				@{..d5a25ad8
+				<c..baf4a5cf
+			</d..db63918c
+		</di..ba5185d3
+		<div..4494eb04
+			<di..5cdb4237
+				<l..e82816ac
+				<d..6dfdbd83
+					@..99ca4b28
+				</..5f8669ed
+			</d..db63918c
+			<di..fc909910
+				<l..8b6db520
+				<d..9b8e0c9e
+					@..0432cd90
+				</..5f8669ed
+			</d..db63918c
+			<di..be71ae8d
+				<l..bcc7f7ea
+				<d..77c5ce6e
+					@..5f715d55
+				</..5f8669ed
+			</d..db63918c
+		</di..ba5185d3
+	<tran..88f8febe
-<div c..e1f73773
+<div c..ef84a415
-	<md-t..8cbfcb87
-		<md-..04a7dfe2
-			<md..e441f4ab
-				<a..45ee89c8
-					@..8131b72e
-				</..4f903022
-			</m..775ce7c5
-			<md..b9604886
-				@{..1f6c2504
-			</m..775ce7c5
-			<md..4f850c6b
-				@{..6a23be2b
-			</m..775ce7c5
-			<md..62bcb64f
-				@{..eb300cd0
-			</m..775ce7c5
-			<md..369da24b
-				<a..7413da32
-					@..3b00063c
-				</..4f903022
-			</m..775ce7c5
-			<md..be2fd1d2
-				@{..b4bbddc2
-				(@..18c38373
-			</m..775ce7c5
-			<md..e6ac0006
-				@{..0dcb8beb
-			</m..775ce7c5
-			<md..73a4dae8
-				-..c38e4817
-			</m..775ce7c5
-			<md..51940318
-				-..c38e4817
-			</m..775ce7c5
-		</md..e15ac546
-	</md-..bd0bac69
+	<bloc..0cab2b71
+	<div ..3b0d3c32
+		<md-..6516a3c6
+	</div..a65ff280
-<div c..81435c39
+<div c..28bbd2d3
-<div c..f52ee9b6
+<div c..e076e7bc
-<div c..279312a0
+<div c..a20fedf5
-	<md-t..41720a97
-		<md-..04a7dfe2
-			<md..23c0d7e4
-				<a..f049f26b
-					@..4a69d158
-				</..4f903022
-			</m..775ce7c5
-			<md..b9604886
-				@{..1f6c2504
-			</m..775ce7c5
-			<md..5ef3c6a9
-				<a..4edbf52e
-					@..ff66c8b3
-				</..4f903022
-			</m..775ce7c5
-			<md..b527abc0
-				<a..9728b7d3
-					@..88f6f438
-				</..4f903022
-			</m..775ce7c5
-			<md..9ce1caaa
-				@{..f1e73701
-			</m..775ce7c5
-			<md..fea660b3
-				<a..a94f3a44
-					<..508beebb
-					@..9f429aa7
-				</..4f903022
-				<s..43b59d6c
-					-..1d2be610
-				</..ff4a5e8e
-			</m..775ce7c5
-			<md..da5ee142
-				@{..8ddce5e5
-			</m..775ce7c5
-		</md..e15ac546
-	</md-..bd0bac69
+	<toke..51d43643
+	<div ..3b0d3c32
+		<md-..6516a3c6
+	</div..a65ff280
-<div c..ebeb60fb
+<div c..d827440e
-<div c..69ae372c
+<div c..c92a31ea
-<div c..b8447a1e
+<div c..24ebc8f0
-	<md-t..941bfc23
-		<md-..04a7dfe2
-			<md..fdd145de
-				<a..c65739e6
-					<..a4e2ace3
-					@..396bd72d
-				</..4f903022
-			</m..775ce7c5
-			<md..f1842904
-				@{..8f8090be
-			</m..775ce7c5
-			<md..23e09cc2
-				<a..dc356ffe
-					@..ae8ddffd
-				</..4f903022
-			</m..775ce7c5
-			<md..440b8a64
-				@{..ff119cf8
-			</m..775ce7c5
-			<md..94434237
-				$@..7f5ed58c
-			</m..775ce7c5
-			<md..15bbd005
-				à¸..5bf2e120
-			</m..775ce7c5
-		</md..e15ac546
-	</md-..bd0bac69
+	<toke..9947be04
+	<div ..3b0d3c32
+		<md-..6516a3c6
+	</div..a65ff280
-<div c..5283cba3
+<div c..f5816667
-				@{..5c000cdf
-				<c..66830ba9
+				@{..84875221
+				<c..cce5a428
-					@..173d0136
+					@..99ca4b28
-					 ..5e4a5fb5
-					@..ef25f080
+					 ..b06063cf
+					@..d7c9bdcd
-					<..0c630126
-					 ..e6e95b64
-						..681a7cac
+					<..91c76e9b
+					 ..721f4d21
+						..39d63cf1
-						..24426905
+						..8562fa2e
-					<..9f08c228
+					<..943329de
-		<div..3ac73107
+		<div..b46a52c4
-						..15e2e3ab
+						..2166b740
-						..7fb4baa5
-						..8060852d
-						..d32022a4
+						..31c0870a
+						..86b82662
+						..4a9add75
-						..e58ea5a5
+						..247ade66
-						..417a1b4c
-						..8cb9b6ac
-						..81a2284e
+						..ebfd211a
+						..ab7214e2
+						..13cf7773
-						..af0717ce
+						..43eca96d
-						..ee94746b
-						..dda5ddaa
+						..39fb53d0
+						..7b67f957
-		<div..e0f9ceb9
+		<div..27fa126d
-						..d770ca7f
+						..31ad817f
-					<..cdddf05e
+					<..0baf748b
-					<..d268d294
+					<..8a74048d
-						..725f6190
-						..096bf282
+						..51418c29
+						..f60c481a
-						..08fb846d
-						..59d70ce0
+						..f4796c69
+						..a423c365
-					<..a83b6d20
+					<..49a587cd
-					<..e34f1f2a
+					<..e5e27742
-				@{..4a5b59ab
+				@{..e18ad168
-<div c..171eab90
+<div c..dfeffbd0
-	<md-t..5cb561e3
-		<md-..04a7dfe2
-			<md..23c0d7e4
-				<a..f049f26b
-					@..4a69d158
-				</..4f903022
-			</m..775ce7c5
-			<md..e441f4ab
-				<a..3cd8b972
-					@..2591d5f1
-				</..4f903022
-			</m..775ce7c5
-			<md..b9604886
-				@{..1f6c2504
-			</m..775ce7c5
-			<md..5ef3c6a9
-				<a..4edbf52e
-					@..ff66c8b3
-				</..4f903022
-			</m..775ce7c5
-			<md..b527abc0
-				<a..9728b7d3
-					@..88f6f438
-				</..4f903022
-			</m..775ce7c5
-			<md..9ce1caaa
-				@{..eda2b1f5
-			</m..775ce7c5
-			<md..da5ee142
-				@{..8ddce5e5
-			</m..775ce7c5
-		</md..e15ac546
-	</md-..bd0bac69
+	<tran..4f8be0fc
+	<div ..3b0d3c32
+		<md-..6516a3c6
+	</div..a65ff280
-				<i..0e6d1882
-					 ..cdc886b6
+				<s..0f5be612
-				<d..b8c69156
-				<d..3e0ec919
-				<d..bc8dd165
+				<d..408e8513
+				<d..9959703f
+				<d..8614af3a
+		// t..4bf0f099
+		Rout..15402fd8
+			ret..d1027d17
+		})->..7676bf68
+..b9fb7ad8
-		Rout..0680e01b
+Route:..2eb48d03
+Route:..8c2259d1
-	Route..9bb5e511
-	Route..b4072a4c
+..b9fb7ad8