-			//'..691e9133
+			'to..cbd41646
-			->o..506af1e3
+			->o..0027395f
+			->o..1c2faa34
-			->o..506af1e3
+			->o..e0f324fb
+			->o..6198d29e
-		"mom..2655a220
+		"mom..2e0dda67
-		load..1fb0b7d0
-		xhr:..98da9c29
-		page..7713f65b
-		titl..a4282d9a
-		menu..daa4c535
-		snac..aae90dbf
+		load..73d1f380
+		page..e914d9cf
+		//su..b008dd46
+		titl..677625a9
+		menu..10bc01d3
+		snac..ff4fd42a
-		pric..d884402d
+		pric..00a837ed
+..b9fb7ad8
+			if ..854a4246
+				da..f850543d
+			}..15e23ad6
+..b9fb7ad8
+		'bac..1e583d69
+		'blo..05a37931
+		'blo..bd3f56b6
+		'add..47f8184a
+		'add..00f0d52f
+		'add..e1669a83
+		'tra..e6f906bc
-		'cop..a56af284
+		'cop..25ee99fb
+			'co..a60b9d76
+		]..83d69241
-	'bloc..b5878f86
+	'cont..8f40d7d2
-		'tra..9c2a0837
+		'txs..4509da41
+		'tra..9ce1fe27
-	],..66ed3786
-	'bloc..41938331
-		'blo..977f01c6
-		'tra..4e2d2e77
-		'tim..bfe6d278
-		'min..3e10a939
-		'gas..b66e75c3
-		'gas..bc3ed344
-	],..66ed3786
-	'addr..a49e9dd2
-		'tra..4e2d2e77
-		'tab..fecaaac2
-			'ha..45821051
-			'bl..2669ecda
-			'ti..2ceac9d6
-			'fr..6efd5b72
-			'to..8ab75654
-			'va..347d7050
-			'fe..79091bd6
-		],..d5e0eed3
-	],..66ed3786
-	'tran..624e8e9c
-		'tra..4e2d2e77
+		'fro..62b02718
+		'to'..d88720c4
+		'val..1dc26dbe
+		'fee..15c769dc
-		'gas..bc3ed344
-		'has..3c29e37e
-		'blo..977f01c6
-		'tim..bfe6d278
-		'fro..53097a56
-		'to'..e831fe8c
-		'val..7b5873f0
-		'fee..29a64788
-		'non..c4073fe7
-		'tok..4ca96ddd
-	],..66ed3786
-	'toke..3eca4c2c
-		'tra..4e2d2e77
-		'tab..fecaaac2
-			'ha..45821051
-			'bl..2669ecda
-			'ti..2ceac9d6
-			'fr..6efd5b72
-			'to..8ab75654
-			'va..347d7050
-			'fe..79091bd6
-			'to..8b0ee086
-		],..d5e0eed3
-	],..66ed3786
-	'toke..c84fcccb
-		'tok..28917351
-		'tab..fecaaac2
-			'na..0aabb703
-			'sy..b821005a
-			'ad..57de1c87
-			'de..8418c3cb
-			'la..f802dca3
-			'la..60265f12
-		],..d5e0eed3
+		'tok..1f4c5121
+		'nam..bca82c0c
+		'sym..7ad1a1f2
+		'dec..ec650ea5
+		'pri..bec8a6bd
+		'pri..06ed1b69
-		'tra..5944fb83
+		'tra..8ccf5cc4
-			'st..0e76ea27
+			'st..22ec6f86
-		'tra..53a305fd
+		'tra..925f7413
-		'blo..5ce5f411
+		'blo..baf6b4b6
-		'blo..81cdcc80
+		'blo..fb113a48
-		'add..b3a423d1
+		'add..afd3185b
-		'tok..8e459337
+		'tok..6d0415be
-		'int..11745df0
+		'int..d2cae360
-		'tok..e94ed297
+		'tok..1fb55653
-				<m..44db604d
-						..ad494bb2
-				<m..86e8c57f
-						..943d6169
-				<m..b28f4cf4
-						..a953e520
-				<m..b997a7b5
-						..b0bffe19
-				<m..1506f765
-						..9ad0ddae
-				<m..6f39fa52
-						..ce683453
+				<d..84e72f91
+					<..227edbe0
+					<..fd957786
+				</..5f8669ed
+				<d..8fac3242
+					<..227edbe0
+					<..3b408309
+					<..719cb6a7
+				</..5f8669ed
+				<d..7d36b3f1
+					<..227edbe0
+					<..02fde7b1
+					<..9288c822
+					<..8649abb1
+				</..5f8669ed
+				<d..a97df319
+					<..f2063272
+						..a0e8ae1f
+					<..317e91d1
+					<..dc74ad46
+						..2618a1e3
+					<..317e91d1
+					<..07cbf190
+					>..b5d50e84
+					<..317e91d1
+					<..cfa53252
+						..4a892c2a
+					<..317e91d1
+					<..fcda2ea0
+						..d93c18e8
+					<..317e91d1
+					<..d01284f3
+						..0798ba16
+					<..317e91d1
+				</..5f8669ed
-			<md..f02f5e75
-						..48e90ec0
-				<s..f0cc31de
+			<md..cde366d3
+				cl..4945abcc
+				:m..0ea2a32c
+				:m..7c5853b5
+				:m..31478378
+				<s..ce2e5edf
-			<la..3a3000d4
+			<la..ec9ca1ee
-				<l..5a8236d3
+				<l..8cff9bf6
-				<l..1fc5a073
+				<l..91de69c6
-				<l..a58149cb
+				<l..bcc7f7ea
-		<md-..93e0b75a
-				  ..b2634725
-				  ..99a57c73
-				  ..94e6932f
-				  ..e1d5680e
-		>..2038bc9f
+		<md-..35ad01c2
-				<m..77bf6923
+				<m..4f1572d0
-				<m..5f5e8903
+				<m..f1fc0c23
-				<m..4f7bf288
+				<m..60c60af9
-				<m..f74907c1
+				<m..f96612a1
-				<m..911158ad
+				<m..f1eedc56
-				<m..e454d07b
+				<m..ad1874c1
-			<la..4d2493a0
+			<la..ceeae0c6
-				<l..fc6bb6d6
+				<l..e82816ac
-				<l..0d87c7e3
+				<l..8b6db520
-				<l..2d02d556
+				<l..bcc7f7ea
-					<..dedb065e
+					<..86cb56d5
-					<..5b324b70
+					<..d254c112
-					<..b2d5079c
+					<..84507b3e
-					<..f0bab596
+					<..93bc8eac
-					<..e1f2a1d2
+					<..9086a7c5
-					<..2bb32317
+					<..79a04d15
-					<..35cf5961
+					<..a7e0e41a
-					<..f2f978a8
+					<..6e174b6f
-					<..4a06fa63
+					<..dea56b23
-					<..b3bdedba
+					<..4d8673d3
-				<m..184b2ed5
+				<m..4f1572d0
-				<m..1707239c
+				<m..87a72f5f
-				<m..ef05e130
+				<m..60c60af9
-				<m..787d9376
+				<m..f96612a1
-				<m..e6882d42
+				<m..ca8fc866
-				<m..cf8866c6
+				<m..2ef2bccc
-				<l..53fa3d92
+				<l..d6cf958d
-				<l..0e0ed0f8
+				<l..096813fd
-				<l..bfbe2f9b
+				<l..8b2537fc
-	<md-t..7673d606
-			  :..0765dfbe
+	<md-t..16374b42
-			<md..aa5dd63d
+			<md..566d5d57
-			<md..d4e8d8c0
+			<md..64372c2f
-			<md..87ca69a9
+			<md..6607aec7
-			<md..9039a08b
-				-..c38e4817
+			<md..01d2d432
+				@{..a4c07daa
-			<md..2d7b2f2d
+			<md..cd6a4be8
-			<md..ec41a5ed
+			<md..49921ec1
-			<md..59c3e9bd
+			<md..a5ea6193
-			<md..4b72c20a
+			<md..0e27b06b
-			<md..00a38dc3
+			<md..319428b8
-				<l..90805e4b
+				<l..bcc7f7ea
-	<md-t..6c58143b
-			  :..088ac34a
-			  :..5ba7d6d1
-			  :..28da04ba
-			  c..34b0ea2b
-	>..4ae17b80
+	<md-t..ae6a4e60
-			<md..ab6afb07
+			<md..97d8fd97
-			<md..49611cf1
+			<md..64372c2f
-			<md..6ffc801e
+			<md..6ac283ef
-			<md..55ca09cd
+			<md..f9d0e0d7
-			<md..884a7986
+			<md..dfccd393
-			<md..37d94840
+			<md..74c32f69
-			<md..422ddaa5
+			<md..6ce5ecae
-				<l..c9f6b2ee
+				<l..440d9241
-	<md-t..674b0e97
-			  :..a226a506
-			  :..a63ece51
-			  :..c247346d
-			  c..34b0ea2b
-	>..4ae17b80
+	<md-t..cae11ebe
-			<md..6334d610
+			<md..368b6f82
-			<md..8e7dc67a
+			<md..a538d42b
-			<md..92ee5d3a
+			<md..cc570e05
-			<md..de98e389
+			<md..6bb70ea4
-			<md..2bcd7d75
+			<md..db07fd59
-			<md..c0b80eef
+			<md..078b918a
-			<la..30fa58b7
+			<la..872b8e77
-				<l..a6cc9686
+				<l..e82816ac
-				<l..c2fca453
+				<l..2a0dc6ef
-					@..7be3fbac
-					}..efeaaaa1
+					@..85cd42ee
-				<l..a30b94eb
+				<l..97430667
-					<..adfaadea
+					<..3a4324d9
-					<..b52e683c
+					<..7fb4f613
-					<..23f2efe3
+					<..f48fa451
-					<..65954204
+					<..fa449106
-					<..1676a9c8
+					<..e8063867
-					<..acf1665a
+					<..6e174b6f
-					<..aa80a4b3
+					<..2fd149f1
-					<..db756d4f
+					<..fbdbc8fa
-					<..2a21fdf3
+					<..c9ba50a3
-					<..cbd75c10
+					<..237f9277
-					<..3c39c038
+					<..dea56b23
-			<la..9d4b10c6
+			<la..e723603e
-				<l..868836ce
+				<l..bcc7f7ea
-				<l..04ba193e
+				<l..fb9a5079
-				<l..a2a2113a
+				<l..70ae9465
-	<md-t..81753c45
-			  :..3fc071e0
-			  :..510ddbe3
-			  :..652480ec
-			  c..34b0ea2b
-	>..4ae17b80
+	<md-t..c954e3c8
-			<md..4cf481a0
+			<md..97d8fd97
-			<md..5936fa47
+			<md..566d5d57
-			<md..0d7966f4
+			<md..64372c2f
-			<md..34922ddf
+			<md..6ac283ef
-			<md..d86d432f
+			<md..f9d0e0d7
-			<md..593dca05
+			<md..dfccd393
-			<md..2d95a544
+			<md..6ce5ecae