--- /de..cf94d80b
+<?php..e1da157b
+..e076867e
+namesp..b67ad6c8
+..e076867e
+class ..aba57812
+..e076867e
+	const..f0892f8b
+	const..173c007c
+	const..0e3f58aa
+	const..b3783f58
+	const..e8da3169
+	const..230fbc73
+	const..99bd80f6
+	const..a0caa60b
+..e076867e
+	/* --..02592507
+..e076867e
+	const..b337e73e
+	const..ebec868c
+..e076867e
+	const..3641f659
+	const..e8127811
+..e076867e
+	const..ad32be2b
+	const..2ca452f8
+..e076867e
+	const..f220ec5c
+	const..eed26b68
+..e076867e
+}..f205f878
+use En..cd03727b
-				'a..0bedf9ce
+				'a..dfa825aa
-		else..d638f697
+		else..2e8dde94
+		$is_..bee972df
+			if ..e4a27580
-			if ..dfaf4f9e
+			if ..02b1ed64
+	/**..53bde662
+	 * Re..b8242a05
+	 *..23394c2e
+	 * @p..176a2e90
+	 * @r..dfa2ecab
+	 */..d635ee54
+	publi..9281a38a
+		retu..9b602205
+			Dat..1ca78f2e
+			Dat..1424f05f
+		]);..a0a6b67a
+	}..2b5c8d15
+..e076867e
--- /de..cf94d80b
+<?php..e1da157b
+..e076867e
+use Il..ea982aab
+use En..7ff1642c
+use En..cd03727b
+..e076867e
+class ..ec552cab
+	/**..53bde662
+	 * Ru..ff9873c9
+	 *..23394c2e
+	 * @r..c2a0c5d4
+	 */..d635ee54
+	publi..8a959362
+		// C..fb00e5f0
+		DB::..02fff0a8
+			->i..8723c125
+				'p..d8af59ce
+				'n..f7fa6576
+				'p..141bc849
+				'h..fe7a7238
+				'c..94d86760
+			]);..eb22ebfb
+..e076867e
+		// C..a1b134e8
+		DB::..c86c4100
+			->i..8723c125
+				'u..9f866d0a
+				'p..d8af59ce
+			]);..eb22ebfb
+		DB::..bdd62ccb
+			->i..8723c125
+				'a..28a5b761
+				'u..9f866d0a
+			]);..eb22ebfb
+..e076867e
+		// C..5725a2da
+		DB::..c86c4100
+			->i..8723c125
+				'u..7ed15aa1
+				'p..ee751402
+			]);..eb22ebfb
+		DB::..bdd62ccb
+			->i..8723c125
+				'a..6d7feb78
+				'u..7ed15aa1
+			]);..eb22ebfb
+..e076867e
+		// C..1bf2f840
+		DB::..c86c4100
+			->i..8723c125
+				'u..5e124777
+				'p..6f26846a
+			]);..eb22ebfb
+		DB::..bdd62ccb
+			->i..8723c125
+				'a..9dba9f89
+				'u..5e124777
+			]);..eb22ebfb
+..e076867e
+		// C..9015593d
+		DB::..c86c4100
+			->i..8723c125
+				'u..7d7a782f
+				'p..6f26846a
+			]);..eb22ebfb
+		DB::..bdd62ccb
+			->i..8723c125
+				'a..d7d2ac18
+				'u..7d7a782f
+			]);..eb22ebfb
+	}..2b5c8d15
+..e076867e
+	/**..53bde662
+	 * Re..ebb23753
+	 *..23394c2e
+	 * @r..c2a0c5d4
+	 */..d635ee54
+	publi..c4f0a081
+		DB::..02fff0a8
+			->w..81719dd2
+			->d..22c221c8
+..e076867e
+		DB::..c86c4100
+			->w..03f24438
+				Da..57ae3314
+				Da..bdc499e4
+				Da..39881c76
+				Da..18cb329c
+			])..0cc146ff
+			->d..22c221c8
+	}..2b5c8d15
+}..f205f878
+	'upgr..90d45db4