+..e076867e
+	publi..e8040414
+		retu..4eebdf5b
+				'n..fc69d013
+					'..2bf01ef3
+					'..5144af9e
+				],..ea3fd7a0
+				'e..99227dea
+				'd..3be110a3
+				'l..3c387faf
+				'u..20ea7ca3
+					'..c657b6bb
+					'..bd0981d4
+					'..a7547b0a
+				],..ea3fd7a0
+				'a..b84a6d85
+			]) ..6d91fd70
+			->h..a752a261
+			->h..45a0a07e
+	}..2b5c8d15
-	Route..9f6eac66
-		$run..709cf469
-			'na..1a78abe3
-				's..093fa3c9
-				'l..56f8a756
-			],..621b89a0
-			'en..cfe5d2d0
-			'de..8d15a9c3
-			'lo..19e42dd8
-			'ur..cf5b3c0e
-				'r..d154f4c2
-				'l..93cec3bd
-				'a..6f1d1227
-			],..621b89a0
-			'au..93afeb50
-		];..2b40a357
-..52862706
-		retu..b6c56240
-			->h..e707b3c9
-			->h..9be9ff69
-	});..a5751ef9
+	Route..dfbc40a9