-    //..050cb450
-..1bff38a2
-    //..6a9c3d78
-    if..abf4d1c8
-..1bff38a2
-      ..4b95f584
-..1bff38a2
-      ..3c472d25
-      ..387acc83
-..1bff38a2
-    } ..059afd53
-..1bff38a2
-      ..4c3ecb91
-    }..8f398883
+    le..0223c574
+    ma..fee95860
-      ..7f587b4c
+      ..0eaf449d
+..a26845ba
+      ..521f9896
+      ..9edd5ab3
+      ..c2f10d95
+      ..f3f684da
+    as..ecadffa5
+    as..997003fa
+..a26845ba
-    if..81491fe4
-..1bff38a2
-      ..d5733625
-      ..68c7e211
-      ..49e5104c
-      ..c7d6a379
-      ..4f74d6f5
-      ..80e7c772
-      ..9bdd7896
-      ..a36051e1
-      ..81a8e42c
-      ..1bbcd9a0
-      ..19692f19
-      ..32d79f88
-..1bff38a2
-      ..2bf26e17
-..1bff38a2
+    if..e1242e14
+      ..eecbe559
+      ..942087df
+      ..333162b5
+      ..458dd0df
-    ma..41fff676
+    //..eb0b2f36
+    if..dea6bdc5
+      ..e66e3cdf
+    }..a9af18cd
-..1bff38a2
-      ..068536b2
-      ..6b7880f3
-      ..c30b0abf
-      ..aa1f2e26
-      ..32d79f88
-    }..8f398883
-..1bff38a2
-    if..2350c611
-      ..6af5388b
-    if..1b429109
+    if..5edaa99b