-    by..0d15ca02
-    by..fcd3ee6d
+    by..e19b0bc7
+    by..55d02905
+    by..c5d37157
-      ..ddedebeb
+      ..d2639a76
-      ..08136f0e
+      ..b1c92bdd
+..4023942d
+//////..6e403027
+..4023942d
+    fu..3c73883c
+..4023942d
+      ..9a7d1f97
+      ..5ecd2173
+      ..2d964a0a
+      ..5b78ab26
+      ..ca626f82
+      ..dbadda76
+      ..9eca76dd
+      ..48ca5e69
+      ..6eb6f076
+      ..0c4c69d9
+      ..4fac7601
+      ..3c5d4678
+      ..bcf9d7eb
+      ..0e078fbb
+      ..b0526113
+      ..bc64418e
+..4023942d
+      ..99d8234d
+      ..71f86a85
+      ..95a6c34a
+      ..617a9da9
+      ..4022c213
+      ..76c18714
+      ..2fa2f12f
+      ..ef8a5838
+      ..bc64418e
+    }..588509c8
+..4023942d
+    fu..36613bed
+..4023942d
+      ..9a7d1f97
+      ..5ecd2173
+      ..045b0298
+      ..5b78ab26
+      ..ca626f82
+      ..74729dcb
+      ..d8512020
+      ..48ca5e69
+      ..6eb6f076
+      ..0c4c69d9
+      ..4fac7601
+      ..3c5d4678
+      ..bcf9d7eb
+      ..0e078fbb
+      ..b0526113
+      ..bc64418e
+..4023942d
+      ..73f5c0c4
+      ..71f86a85
+      ..95a6c34a
+      ..617a9da9
+      ..4022c213
+      ..76c18714
+      ..2fa2f12f
+      ..ef8a5838
+      ..bc64418e
+    }..588509c8
-      ..5843fb7f
+      ..8902f13a
-      ..c6e41169
+      ..d2639a76
-      ..b5230f29
+      ..b1c92bdd
-      ..b8930da4
+      ..13eddc02
-      ..eb09b4f2
+      ..8902f13a
+import..304fff97
+..4023942d
-contra..cbca9c9a
-    by..fae6a183
-    by..fcd3ee6d
-    by..9f7eea9b
+contra..852f3d6d
-      ..610bb8f4
+      ..f5d87e4f
-      ..28570a27
+      ..e3a07806
-      ..610bb8f4
+      ..f5d87e4f
-      ..77fcd52d
+      ..5295eabe
-interf..710be5e1
+contra..9629e74b
+..4023942d
+    by..5b18d2d3
+    by..fb780fbf
+    by..1077b904
+..4023942d