+	"SRC_..5b606b0a
+	"SRC_..54991eda
+	"SRC_..3d6af0ea
+	"SRC_..5b606b0a
+	"SRC_..54991eda
+	"SRC_..3d6af0ea
+	"SRC_..5b606b0a
+	"SRC_..54991eda
+	"SRC_..3d6af0ea
-	"SRC_..1c71fc5e
+	"SRC_..44104407
+	"SRC_..6f859dac
+	"SRC_..b62b539c
+	"SRC_..59d6db3b
-	"SRC_..1c71fc5e
+	"SRC_..44104407
+	"SRC_..6f859dac
+	"SRC_..b62b539c
+	"SRC_..59d6db3b
+..9ab5a020
+export..06e85ad4
+..9ab5a020
+    le..e19d98f9
+    fo..a99599a9
+      ..28501a42
+    }..10531794
+..9ab5a020
+    le..e7db1fb2
+..9ab5a020
+    re..8a54af44
+      ..9c1683fd
+      ..5a015527
+      ..991827b6
+      ..6d951685
+      ..b6fbfd30
+      ..6c785882
+      ..5f19bb77
+      ..c4ceb156
+      ..6a076e15
+      ..3c2d3fc6
+      ..e5b48b2f
+      ..f895bd80
+    })..773f5bd4
+}..7e51713f
+..9ab5a020
+//////..2a66c463
-import..658a3fb1
+import..e3049b47
-async ..9d6b6ab6
+functi..0306bf7e
+..9ab5a020
+..9ab5a020
+    ve..0e962963
-functi..6cbf2a04
+async ..9d4b820c
+..9ab5a020
+    le..f24b4fc7
+    le..897888e3
-    co..a2e2f7db
+    co..916d3fd5
-    ve..fc2d2949
-..b19aa40b
+      ..beeb0388
+      ..f986a5fd
+      ..d202f80d
+      ..5110e5b9
+      ..bec1ab67
+      ..ada8e16f
+..9ab5a020
-    fi..1fc189f2
-    fi..b92b8756
+    fi..ab704c77
+    fi..e1e604dd
-    le..41cbb5e6
+    le..ce2e9a8b
+..9ab5a020
+async ..a5cb9b7f
+..9ab5a020
+    le..b94eab98
+    le..8292c335
+    le..897888e3
+..9ab5a020
+    le..ce2e9a8b
+    co..d3ff4e5d
+..9ab5a020
+    //..c4320769
+    le..99ca9a41
+    le..9fc318d7
+    le..a143f638
+    fo..f3f8929e
+      ..40626009
+      ..46ea48ea
+      ..72a6d2f5
+      ..46f16a97
+      ..ada8e16f
+      ..de8a05c5
+      ..d9778be3
+      ..ada8e16f
+..9ab5a020
+      ..9a5d76db
+      ..7a9fec23
+      ..e9ba4a0e
+      ..ada8e16f
+    }..10531794
+..9ab5a020
+    //..5010ebda
+    co..2c394e14
+    wh..f96fb666
+..9ab5a020
+      ..abed8ed5
+..9ab5a020
+      ..2af5c543
+..9ab5a020
+      ..786969e1
+..9ab5a020
+      ..b18dc7a1
+      ..c03306fa
+      ..750d2e5e
+..9ab5a020
+      ..130ba402
+      ..da06d2f8
+      ..ada8e16f
+..9ab5a020
+      ..61648a8f
+..9ab5a020
+      ..b6b7bc03
+      ..f986a5fd
+      ..e23b5940
+      ..f4671fa1
+      ..d67120f4
+      ..ada8e16f
+..9ab5a020
+      ..beeb0388
+      ..d202f80d
+      ..5110e5b9
+      ..bec1ab67
+      ..ada8e16f
+    }..10531794
+}..7e51713f
+..9ab5a020
+//////..2a66c463
+..9ab5a020
-    le..6af9601d
+    le..7cff13ce
-async ..5380d794
+async ..93188c78
+    le..897888e3
+..9ab5a020
+      ..beeb0388
+      ..7e9fced3
+      ..5110e5b9
+      ..bec1ab67
+      ..ada8e16f
+    fi..71490bea
-import..2d4ae7cc
+import..ebdfc5b3
-contra..2e99b0ce
+contra..fcba6f6a
-      ..3ea10d92
-..b19aa40b
+      ..819198cf
+      ..da2af7b4
+      ..6bfecd34
+      ..224d198c
+      ..ada8e16f
+..9ab5a020
-      ..45990067
-      ..db42f697
-      ..aa67eeee
+      ..94e2ef39
+..9ab5a020
+      ..e3efa5a8
+..9ab5a020
+      ..06c4fd02
+      ..21628e81
+..9ab5a020
+      ..6a076e15
+..9ab5a020
+      ..b152f87d
+..9ab5a020
+      ..06c4fd02
+      ..3e0597e2
+      ..e5b48b2f
-      ..d7816bc4
+      ..19f9c7c2
-    it..728a17b4
+    it..c24b3ba9
-      ..aa4ac569
+      ..fc9e9d95
-      ..e1c52f8f
+      ..0351d08b
+..9ab5a020
+      ..fc9e9d95
+..9ab5a020
+    })..dd91f97a
+..9ab5a020
+    //..9b691993
+..9ab5a020
+    it..9075ab7e
+..9ab5a020
+      ..c48c1711
+..9ab5a020
+      ..ac50dab5
+..9ab5a020
+      ..fc9e9d95
-      ..55965949
+      ..8f03ad07
+..9ab5a020
+      ..fc9e9d95
+      ..fc9e9d95
+..9ab5a020
-      ..6243981e
+      ..fc9e9d95
-var Co..dc93c660
+import..ebdfc5b3
+import..13de5299
-import..57ced8d8
+const ..e937c43b
+const ..6d671b11
-      ..bbc26861
+      ..b5b7a7b7
+      ..e872391c
-      ..3ea10d92
+      ..4a366cd7
+..9ab5a020
+      ..819198cf
+      ..da2af7b4
+      ..6bfecd34
+      ..224d198c
+      ..ada8e16f
-      ..f3ef8768
+..9ab5a020
+      ..c094a9fc
+      ..1b7220f4
+      ..e5b48b2f
+      ..4fb53030
+      ..4baa5d45
+      ..e5b48b2f
-      ..4648b215
+      ..e08de703
+      ..8c6f9421
+      ..ada8e16f
+      ..a04a6f03
+      ..689ea94b
-      ..aa4ac569
+      ..aaaddd70
-      ..840418a9
-      ..c82a9322
-      ..af96f4fd
+      ..cf21c705
+      ..71a3ea53
+      ..84bf7462
+      ..ada8e16f
-      ..e394d2ae
+      ..e08de703
+      ..5cca5d02
+      ..ada8e16f
+      ..a04a6f03
+..9ab5a020
+      ..aaaddd70
-      ..aa4ac569
+      ..94e2ef39
+..9ab5a020
+      ..e3efa5a8
-      ..c7dbf314
-      ..506fcece
+      ..06c4fd02
+      ..21628e81
+..9ab5a020
+      ..6a076e15
+..9ab5a020
+      ..b152f87d
+..9ab5a020
+      ..06c4fd02
+      ..3e0597e2
+      ..e5b48b2f
+      ..ada8e16f
-      ..82f73888
+      ..1bf85f4e
-      ..8fc94fcf
+      ..4cef78b9
+      ..fa9e7258
+..9ab5a020
-      ..d7816bc4
+      ..19f9c7c2
-    it..728a17b4
+    it..c24b3ba9
-      ..aa4ac569
+      ..fc9e9d95
-      ..e1c52f8f
+      ..0351d08b
+..9ab5a020
+      ..fc9e9d95
+..9ab5a020
+    })..dd91f97a
+..9ab5a020
+    //..9b691993
+..9ab5a020
+    it..9075ab7e
+..9ab5a020
+      ..c48c1711
+..9ab5a020
+      ..ac50dab5
-      ..55965949
+      ..8f03ad07
-      ..82f73888
+      ..1bf85f4e
-      ..e4eaed14
+      ..9600a4c1
+      ..fa9e7258
+..9ab5a020
+const ..6d671b11
-    le..e7ab0978
-    le..af26f4b0
+    le..dbfd66fc
+      ..b01a8949
+      ..0631687f
+      ..7b58d892
+..9ab5a020
+      ..2bf3feaa
+      ..66c54a0f
+      ..b7da9695
+      ..027b7a9c
+      ..9511777d
+      ..ada8e16f
-      ..e394d2ae
-..b19aa40b
-      ..c7dbf314
-      ..c0ce8614
+      ..b7da9695
+..9ab5a020
+      ..f9433425
+..9ab5a020
+      ..78a3d180
+      ..fea2e32a
+..9ab5a020
+      ..6bfecd34
+..9ab5a020
+      ..b1124eb3
+..9ab5a020
+      ..78a3d180
+      ..fd3287d5
+      ..ada8e16f