+	"SRC_..66ec0b9f
+	"SRC_..66ec0b9f
+	"SRC_..66ec0b9f
+	"SRC_..66ec0b9f
+	"SRC_..66ec0b9f
+	"SRC_..66ec0b9f
+	"SRC_..66ec0b9f
+	"SRC_..66ec0b9f
+	"SRC_..66ec0b9f
+	"SRC_..66ec0b9f
+	"SRC_..66ec0b9f
-	"SRC_..29e74c4d
-	"SRC_..0e1bb1b2
+	"SRC_..159a7c74
+	"SRC_..6eb85ec8
+	"SRC_..4f112617
-	"SRC_..29e74c4d
-	"SRC_..0e1bb1b2
+	"SRC_..159a7c74
+	"SRC_..6eb85ec8
+	"SRC_..4f112617
-	"SKIP..3dc275fa
-	"SKIP..e68b1a29
+	"SKIP..6dcd9d81
+	"SKIP..df420ac1
-	"SRC_..29e74c4d
-	"SRC_..0e1bb1b2
+	"SRC_..159a7c74
+	"SRC_..6eb85ec8
+	"SRC_..4f112617
-	"SKIP..3dc275fa
-	"SKIP..e68b1a29
+	"SKIP..6dcd9d81
+	"SKIP..df420ac1
-	"SRC_..29e74c4d
-	"SRC_..0e1bb1b2
+	"SRC_..159a7c74
+	"SRC_..6eb85ec8
+	"SRC_..4f112617
-	"SKIP..3dc275fa
-	"SKIP..e68b1a29
+	"SKIP..6dcd9d81
+	"SKIP..df420ac1
-	"SRC_..29e74c4d
-	"SRC_..0e1bb1b2
+	"SRC_..159a7c74
+	"SRC_..6eb85ec8
+	"SRC_..4f112617
-      ..3444d74f
+      ..2249d44c
+      ..98929357
-      ..db5881f1
+      ..cdd3b47f
+      ..98929357
-      ..db5881f1
+      ..cdd3b47f