+import..fa3ab054
-contra..9d756368
+contra..cf0f3f2d
--- /de..647928e2
+pragma..ee2effbe
+..4ec1a641
+/// @t..89ec9ff9
+/// @d..62eb6c6b
+///  N..b3d18865
+interf..cdf72f4c
+..4ec1a641
+    //..38b59d9a
+    //..7371b06b
+    //..5f6471f4
+    ev..80b4af49
+..4ec1a641
+    //..e4baf1ae
+    //..15240b4c
+    //..8fd91d66
+    //..2b1cf4ae
+    //..8fb2ba00
+    //..2017fa46
+    //..e6fae6b2
+    //..b0fa1aa5
+    //..551ac0e3
+    //..7bee4d3c
+    ev..88f83978
+..4ec1a641
+    //..9836cfb7
+    //..e75c5c1f
+    //..43700b7b
+    //..8ea51834
+    //..1b04844c
+    //..4e028a08
+    //..d7e61177
+    //..8e6dc815
+    //..537d5d02
+    //..6ae6c96b
+    fu..09ea6b15
+}..6031a84b
+import..4f3fef32
-interf..317446f6
-    ev..3fd38ef9
-    ev..dfdad241
-    fu..f339c3f1
-}..bfda48be
-..9cb3bb47
-//////..a73a8254
-..9cb3bb47