-      ..f1e16ef3
+      ..f97b0a7b
-    fu..bfd356d6
-      ..2d17588d
-      ..8203f711
+    fu..a978b58c
-      ..6627badc
-..9cb3bb47
-      ..9f3d6990
+      ..19d858ac
+      ..cf14307c
-      ..9b5ff419
-      ..ba0955bf
-    //..f768410a
+    //..bd64f40e
+    fo..c41389dd
+      ..03e0bb9c
+      ..6e1af934
+      ..aa93e201
+    }..86063467
+..4ec1a641
+    co..68d5a151
+..4ec1a641
+..4ec1a641
+      ..be60c91f
+      ..66b9724c
+..4ec1a641
-      ..2927f1a7
-..9cb3bb47
+      ..d3643e71
+      ..f19e470b
+..4ec1a641