-  "pre..90395838
+    pr..0e54e07c
+++ /de..44d19826
-node_m..5647fd72
+++ /de..44d19826
-{..44c6c59c
-  "ext..1710353f
-    "p..3145b366
-  "rul..dee183a6
-    "o..dd292b14
-    "i..0e7d2d52
-    "e..909a6452
-    "l..a980c045
-    "m..0a01d5a3
-..b3c57c0d
-    "s..c4c3887b
-    "s..85c5ba7d
-    "s..df59e681
-    "s..2fc8001e
-    "s..d9bf4878
-    "s..4762f1e3
-    "s..f90901bd
-    "s..a70eb887
-    "s..6caae207
-    "s..37d5cf1c
-    "s..19c175bb
-    "s..38a45075
-    "s..764a426e
-..b3c57c0d
-    "s..70dc3531
-    "s..1bb185df
-    "s..dc389973
-    "s..ac4cda5a
-    "s..3d978778
-    "s..14983dfe
-    "s..af83efe0
-    "s..75eb5d3e
-    "s..cc7bb9f1
-    "s..5aacc70d
-    "s..b1755d26
-    "s..f3b25255
-    "s..a1bc614e
-    "s..317b1f92
-    "s..590b455d
-    "s..f2dc7d0c
-    "s..3c6b4fa9
-    "s..65fd70f0
-    "s..bc617eeb
-..b3c57c0d
-     "..b314e9d8
-      ..17767181
-      ..30766e55
-      ..61d7f96b
-      ..17767181
-      ..30766e55
-      ..53c77b50
-      ..9aeb7121
-      ..30766e55
-      ..9df4f575
-      ..17767181
-      ..30766e55
-      ..b21f2b87
-      ..17767181
-      ..30766e55
-      ..24a228b1
-      ..17767181
-      ..30766e55
-      ..3563a62f
-      ..17767181
-      ..7d0f48e6
-  }..b93acc8b
-}..1e4b0964
-    "@..1901cb18
-      ..1686f481
-      ..e2cea942
-      ..08da3dc5
-    },..e6a4c7ad
-    "a..d94742a8
-      ..1e0cfdc0
-      ..2a0e9e0d
-      ..20cd9c6e
-      ..139c8e98
-      ..237f7b2a
-      ..49bbd97e
-      ..c6ca7138
-    },..e6a4c7ad
-    "a..a607a1b1
-      ..26271fb9
-      ..01cd1506
-      ..34fec1b8
-    },..e6a4c7ad
-    "a..7df83575
-      ..038f419a
-      ..1aaeb700
-      ..96f83c90
-      ..139c8e98
-      ..37770a78
+    "@..b021e183
+      ..129437d1
+      ..99790c55
+      ..91b6f135
+      ..d529fb1b
+      ..3095238d
+      ..f2ea547d
+      ..ec6c0f52
+    },..e11ebda6
+    "@..bda24dee
+      ..c904a7f9
+      ..4599423b
+      ..135b4622
+      ..d529fb1b
+      ..3095238d
+      ..25723605
+      ..53fc8c16
+      ..7166d594
+      ..121fda5a
+      ..77b30b33
+      ..f87ffee3
+      ..53b99991
+      ..a5783e08
+      ..ccd6e4d9
+      ..162206e1
+      ..6f92c452
+      ..47732962
+      ..de04516f
+      ..a19fdced
-      ..596370ff
-      ..6d2bca74
-      ..d644f707
-      ..e01d511f
+      ..9e4f2a81
+      ..d9fd7614
+      ..2556ca7a
+      ..f90d696e
+      ..923ba4a3
+      ..a4c074fb
+      ..7300a27d
+      ..02390e6f
+      ..f50d5dba
+      ..30067ed6
+      ..e7ba7dcc
+      ..e1625a19
+      ..2ede45f7
+      ..c95e636b
-    "a..90a4edee
-      ..971e2fb3
-      ..fc9a96da
-      ..a72e5329
-    },..e6a4c7ad
-    "a..74981096
-      ..fd841a3b
-      ..33cdb58e
-      ..45ee26e9
+    "@..fff2eda0
+      ..56fa5ce6
+      ..7e9662ba
+      ..e401cf34
+      ..d529fb1b
-      ..f4e7ae78
-      ..8be08699
-      ..abd81b70
-      ..8d108261
+      ..ebde2b5e
+      ..ac92226a
+      ..6f92c452
+      ..319b0661
+      ..8ca6df09
-    "a..5b86982b
-      ..a3ab0423
-      ..d2c80379
-      ..b18f709e
-    },..e6a4c7ad
-    "a..6dcabf11
-      ..193756bb
-      ..3cf443ef
-      ..070d471e
-    },..e6a4c7ad
-    "a..815c1efc
-      ..a3ab0423
-      ..7d39363b
-      ..7262e338
-    },..e6a4c7ad
-    "a..dd176e59
-      ..824d415b
-      ..a63b8fb2
-      ..9d27f19f
-    },..e6a4c7ad
-    "a..2bf529ec
-      ..d8bd6331
-      ..6437bb2c
-      ..b537534a
-    },..e6a4c7ad
-    "a..9a9b5103
-      ..a66acf0c
-      ..ee3e1206
-      ..0901f6d8
+    "@..6ce73e24
+      ..129437d1
+      ..82081f7d
+      ..de8124ec
+      ..d529fb1b
-      ..d1fbcd51
-      ..6df7a974
+      ..d90ff77b
-    "a..d7c64c9f
-      ..b6a2f685
-      ..fbdb5f61
-      ..bd1d5ba5
+    "@..f9721c46
+      ..e230aecd
+      ..9f4fc3f9
+      ..1e0d8b6d
+      ..d529fb1b
-      ..db5586bc
+      ..cd639ff2
+      ..d90ff77b
-    "a..dcf30687
-      ..dd857635
-      ..c125c3d2
-      ..025a3eaf
+    "@..d5b5592b
+      ..e230aecd
+      ..bcc51a5a
+      ..2c8807e5
+      ..d529fb1b
-      ..f7c7fa11
+      ..4412dcad
+      ..7449f50b
+      ..d90ff77b
-    "a..448c97ee
-      ..fbbefbeb
-      ..3ecd6aeb
-      ..22e29d3a
-    },..e6a4c7ad
-    "a..6fb7ee05
-      ..4d530198
-      ..8b94ba07
-      ..927c02a6
-    },..e6a4c7ad
-    "a..ad46a2ce
-      ..f8386885
-      ..97bfaf80
-      ..e1493fe2
+    "@..011e675d
+      ..e230aecd
+      ..dfaa91d7
+      ..e16426a0
+      ..d529fb1b
-      ..84a88716
+      ..88794161
+      ..94757773
+      ..f501c5b5
-    "a..46ccec67
-      ..38e30c50
-      ..45741291
-      ..93969d13
-    },..e6a4c7ad
-    "a..75197aa4
-      ..59881718
-      ..e3900e8e
-      ..74087360
-    },..e6a4c7ad
-    "a..51cbe20f
-      ..8fd0829c
-      ..033da654
-      ..d424ca33
-    },..e6a4c7ad
-    "a..2e22e581
-      ..42cf9aff
-      ..b4311bf5
-      ..a0a50239
+    "@..2c90a9f2
+      ..e230aecd
+      ..0a1f4051
+      ..6134bfcf
+      ..d529fb1b
-      ..822fc59e
+      ..7449f50b
+      ..d90ff77b
-    "a..66709949
-      ..08adf764
-      ..2e916fbe
-      ..5d9613df
+    "@..89602544
+      ..e230aecd
+      ..0ca4c4af
+      ..bb1dadd9
+      ..d529fb1b
-      ..e0e44777
-      ..e4d4401f
-      ..927e185a
+      ..c98f3f3a
+      ..7f01c476
+      ..d90ff77b
-    "a..08db809f
-      ..74e286fc
-      ..1e55959e
-      ..de688c03
-    },..e6a4c7ad
-    "a..31055bc3
-      ..8fd0829c
-      ..a70ab9a4
-      ..29a41038
-    },..e6a4c7ad
-    "a..680a2ebe
-      ..74e286fc
-      ..87f37bcf
-      ..6f345701
-    },..e6a4c7ad
-    "a..4e11b481
-      ..eb6704b4
-      ..7de28bb8
-      ..61842274
-    },..e6a4c7ad
-    "a..e139eeae
-      ..2864f30d
-      ..0662c931
-      ..f665b897
-    },..e6a4c7ad
-    "a..cd344358
-      ..09d6cbe9
-      ..695056ab
-      ..c982413f
-    },..e6a4c7ad
-    "b..c6988703
-      ..40971d09
-      ..ce9e2e7f
-      ..7cbafb46
+    "@..293e0ddb
+      ..129437d1
+      ..2b955fd9
+      ..688c6b7f
+      ..d529fb1b
-      ..03616775
-      ..76ab9757
-      ..3829dbf6
-      ..c6ca7138
-    },..e6a4c7ad
-    "b..8928c27c
-      ..40971d09
-      ..e45bf745
-      ..5520c1a5
-      ..139c8e98
-      ..7c7533bd
-      ..c63a97ae
-      ..4959a577
-      ..45e0220b
-      ..197ec0f5
-      ..c11078e3
-      ..71c72913
-      ..0aa0d9fd
-      ..4022adba
-      ..bbff3702
-      ..4b1dda14
-      ..76085b93
-      ..a7461242
-      ..09bddb71
-      ..e7bb7132
-      ..f5572447
-      ..5f07dd67
-      ..36d3a79f
-      ..f5c954d2
-      ..c6ca7138
-    },..e6a4c7ad
-    "b..277cdfd2
-      ..5b66fdcc
-      ..8e312161
-      ..e5aa3008
-      ..139c8e98
-      ..45e0220b
-      ..c11078e3
-      ..4022adba
-      ..947ca5e5
-      ..0f70db5f
-      ..09bddb71
-      ..e14e70c0
-      ..036304c6
-      ..370719c7
-      ..5b1ddaf0
-      ..7cf1b32a
-      ..e7c7a281
-      ..6aea837e
-      ..da754cb1
-      ..42a59577
+      ..d90ff77b
-    "b..1b347978
-      ..245e8185
-      ..95ac5347
-      ..6d2b79aa
+    "@..cc9d2769
+      ..129437d1
+      ..45e86fbb
+      ..c1b31ff0
+      ..d529fb1b
-      ..81a1e71a
-      ..1b90f871
-      ..0e07753d
+      ..d90ff77b
-    "b..e376e088
-      ..245e8185
-      ..d3ef09de
-      ..8b10d633
+    "@..f1535081
+      ..129437d1
+      ..1a0faec9
+      ..d447ea42
+      ..d529fb1b
-      ..27f26432
-      ..81a1e71a
-      ..0e07753d
+      ..d90ff77b
-    "b..a964c302
-      ..245e8185
-      ..08f8df13
-      ..a6f603fc
+    "@..dc18a1a6
+      ..129437d1
+      ..63f24c60
+      ..4487f8af
+      ..d529fb1b
-      ..5d1f9e7d
-      ..81a1e71a
-      ..1b90f871
-      ..0e07753d
+      ..d90ff77b
-    "b..57516f72
-      ..40971d09
-      ..2c543468
-      ..7b88bd57
+    "@..8a4141dd
+      ..c904a7f9
+      ..b0e0328e
+      ..97960abc
+      ..d529fb1b
-      ..4fa19c73
-      ..c11078e3
-      ..4022adba
-      ..4bb342e8
+      ..965b1790
+      ..53abc5fd
+      ..e9e19f41
+      ..77b30b33
+      ..53b99991
+      ..f501c5b5
-    "b..313e0a56
-      ..245e8185
-      ..ba0e3e89
-      ..d389e2ea
+    "@..e9b5e1ef
+      ..129437d1
+      ..3a2ee97a
+      ..8ce2c5e0
+      ..d529fb1b
-      ..81a1e71a
-      ..1b90f871
-      ..0e07753d
+      ..d90ff77b
-    "b..804652d0
-      ..245e8185
-      ..ed1a0b71
-      ..a0806381
+    "@..3af282c1
+      ..129437d1
+      ..bbaf8a48
+      ..ee81c0f1
+      ..f84daf5f
+    },..e11ebda6
+    "@..e1b63c8c
+      ..129437d1
+      ..b6f3bf49
+      ..3452bfc2
+      ..d529fb1b
-      ..66f0edaa
-      ..81a1e71a
-      ..1b90f871
-      ..0e07753d
+      ..f501c5b5
-    "b..ed7959e3
-      ..245e8185
-      ..839c1528
-      ..33dc5b64
+    "@..18f09a46
+      ..e230aecd
+      ..6033cdc7
+      ..e94bf936
+      ..d529fb1b
-      ..6fe845cb
-      ..81a1e71a
-      ..02f9bfe8
-      ..1b90f871
-      ..0e07753d
+      ..b9956a92
+      ..318e48c8
+      ..7f01c476
+      ..7449f50b
+      ..d90ff77b
-    "b..bd2b7aca
-      ..245e8185
-      ..cf1196fa
-      ..83066e3f
+    "@..fe287588
+      ..ad0bda30
+      ..b99eeafc
+      ..44cd91f1
+      ..d529fb1b
-      ..81a1e71a
-      ..0e07753d
+      ..6cfc46c4
+      ..04005cad
+      ..d2c1bc56
+      ..d90ff77b
-    "b..bc6b8f7d
-      ..245e8185
-      ..518ddf33
-      ..dbb2fc66
+    "@..f4e01b8a
+      ..e230aecd
+      ..f96b3acb
+      ..d6845750
+      ..d529fb1b
-      ..81a1e71a
-      ..0e07753d
+      ..7f01c476
+      ..d90ff77b
-    "b..6234a4df
-      ..245e8185
-      ..282cbfb3
-      ..a203f23f
+    "@..f7b2c907
+      ..129437d1
+      ..48790091
+      ..9d7e8b3e
+      ..d529fb1b
-      ..81a1e71a
-      ..0e07753d
+      ..d90ff77b
-    "b..722786c2
-      ..40971d09
-      ..c0e1148a
-      ..b7aac528
+    "@..367f753a
+      ..494aa255
+      ..cfcff9e1
+      ..e77047e7
+      ..d529fb1b
-      ..c11078e3
-      ..4022adba
-      ..4bb342e8
+      ..88794161
+      ..7f01c476
+      ..7449f50b
+      ..785bad83
-    "b..8b78ac90
-      ..245e8185
-      ..50071be3
-      ..bff46c63
+    "@..148592ea
+      ..e6adb052
+      ..59509b32
+      ..b78f650b
+      ..d529fb1b
-      ..4fa19c73
-      ..81a1e71a
-      ..02f9bfe8
-      ..1b90f871
-      ..0e07753d
+      ..1064202f
+      ..7dbdfdab
+      ..c58b129c
-    "b..351c5ad6
-      ..245e8185
-      ..c5761788
-      ..226e12bd
+    "@..a86e438a
+      ..129437d1
+      ..1976d221
+      ..49474046
+      ..d529fb1b
-      ..08c6230d
-      ..45e0220b
-      ..81a1e71a
-      ..02f9bfe8
-      ..1b90f871
-      ..0e07753d
+      ..b3462fde
+      ..1ba05c38
+      ..e2aa7651
+      ..3c0cf709
+      ..73500631
+      ..a606ab44
+      ..f2968472
+      ..48f733e1
+      ..31356d8a
+      ..923ba4a3
+      ..a4c074fb
+      ..5d74d419
+      ..02390e6f
+      ..f50d5dba
+      ..def2b595
+      ..7eca06a0
+      ..b0e54bb7
+      ..bab3cdfc
+      ..923ba4a3
+      ..a4c074fb
+      ..7f315d38
+      ..4160eafe
+      ..c2298bab
+      ..02390e6f
+      ..f50d5dba
+      ..38450188
+      ..f0aa2a6b
+      ..b5b6e456
+      ..c14b85c0
+      ..c95e636b
+      ..f50d5dba
+      ..addd51d2
+      ..036ec25b
+      ..6e52b869
+      ..c080708e
+      ..c95e636b
+      ..f50d5dba
+      ..09eb0e7a
+      ..b91e17d7
+      ..54021bc4
+      ..0fc9a94c
+      ..923ba4a3
+      ..a4c074fb
+      ..ce224e20
+      ..02390e6f
+      ..eafe6e6d
-    "b..6e06b2b6
-      ..245e8185
-      ..d1a93a2d
-      ..1f892ac2
+    "@..7338c7e9
+      ..56fa5ce6
+      ..c72b97e9
+      ..f55268b6
+      ..f84daf5f
+    },..e11ebda6
+    "@..265ab2aa
+      ..494aa255
+      ..1812ade7
+      ..9c551ea6
+      ..d529fb1b
-      ..81a1e71a
-      ..7c03f334
+      ..a354198f
+      ..32fccb19
+      ..b2f09299
-    "b..1259d870
-      ..198fa913
-      ..983ff95d
-      ..3ae7d778
+    "@..3244f46d
+      ..494aa255
+      ..407889a1
+      ..67fc1afc
+      ..d529fb1b
-      ..fd461839
+      ..a354198f
+      ..111d3cb0
-    "b..9f2594f3
-      ..aeb34337
-      ..d77b887d
-      ..13a19fcd
+    "@..ddaf887d
+      ..56fa5ce6
+      ..887e506c
+      ..af73fd46
+      ..d529fb1b
-      ..fd461839
+      ..a354198f
+      ..7c34fda6
-    "b..832c6489
-      ..2805b515
-      ..9f4e53d3
-      ..bdae6fc0
-    },..e6a4c7ad
-    "b..0ac411d7
-      ..2805b515
-      ..360b295f
-      ..3d31fe21
-    },..e6a4c7ad
-    "b..6dd66b87
-      ..2805b515
-      ..f183fe07
-      ..94189cf8
-    },..e6a4c7ad
-    "b..6fa7b73c
-      ..2805b515
-      ..a85041cc
-      ..5d1a5619
-    },..e6a4c7ad
-    "b..d14d9066
-      ..104f07a5
-      ..21fff697
-      ..c5404e8d
-    },..e6a4c7ad
-    "b..af8e8232
-      ..2805b515
-      ..a457c6c2
-      ..f1df5375
-    },..e6a4c7ad
-    "b..f7140b96
-      ..2805b515
-      ..e952f432
-      ..72da3671
-    },..e6a4c7ad
-    "b..5a4e41e9
-      ..aeb34337
-      ..e46060b1
-      ..e8bc200d
-    },..e6a4c7ad
-    "b..1db7e909
-      ..245e8185
-      ..55e5fd67
-      ..ff431952
+    "@..315d4d11
+      ..494aa255
+      ..214a3b95
+      ..1730a8e7
+      ..d529fb1b
-      ..2b561d5a
-      ..de3b20fd
-      ..fd461839
+      ..a354198f
+      ..13878444
-    "b..4d58e62a
-      ..245e8185
-      ..a1ca7bbb
-      ..e8624a88
+    "@..b032e516
+      ..494aa255
+      ..7bc1a169
+      ..6d4ca734
+      ..d529fb1b
-      ..2b561d5a
-      ..848f7126
-      ..fd461839
+      ..a354198f
+      ..21dc7e6a
+      ..b4b9b0be
-    "b..ff2680e0
-      ..245e8185
-      ..a086bbbc
-      ..e0240853
+    "@..2692b7da
+      ..494aa255
+      ..a738de1c
+      ..8ed726e5
+      ..d529fb1b
-      ..4fa19c73
-      ..a7ceef96
-      ..81a1e71a
-      ..7c03f334
+      ..2723c793
-    "b..ae185bf0
-      ..245e8185
-      ..450e3646
-      ..13687e95
+    "@..a33c46fe
+      ..494aa255
+      ..4feef45e
+      ..24bbed54
+      ..d529fb1b
-      ..c1c1076f
-      ..a729f3e6
-      ..81a1e71a
-      ..02f9bfe8
-      ..0e07753d
+      ..2723c793
-    "b..81f5ab0f
-      ..aeb34337
-      ..bcd35baf
-      ..f7c351ce
+    "@..0a45de04
+      ..494aa255
+      ..e8884190
+      ..75ba723d
+      ..d529fb1b
-      ..fd461839
+      ..2723c793
-    "b..930bf89f
-      ..aeb34337
-      ..da72ac4a
-      ..96332bc9
+    "@..5845fd9e
+      ..494aa255
+      ..4db1d79e
+      ..8a86200b
+      ..d529fb1b
-      ..fd461839
+      ..2723c793
-    "b..63ba9765
-      ..40971d09
-      ..1677e9e2
-      ..f0a9b67a
+    "@..0712daa3
+      ..494aa255
+      ..6ca96a79
+      ..3015e820
+      ..d529fb1b
-      ..c11078e3
-      ..71c72913
-      ..0aa0d9fd
-      ..4022adba
-      ..4bb342e8
+      ..2723c793
-    "b..cf35293d
-      ..245e8185
-      ..78baf191
-      ..f107fa0a
+    "@..f96edacc
+      ..494aa255
+      ..a95af361
+      ..bd23011a
+      ..d529fb1b
-      ..96c3c3c9
-      ..4fa19c73
-      ..08c6230d
-      ..4179e683
-      ..45e0220b
-      ..81a1e71a
-      ..02f9bfe8
-      ..1b90f871
-      ..0e07753d
+      ..965b1790
+      ..a354198f
+      ..d2a6d8db
-    "b..9be4a185
-      ..245e8185
-      ..72bc1419
-      ..f29fecab
+    "@..d40dc326
+      ..494aa255
+      ..c434ea9d
+      ..162a37df
+      ..d529fb1b
-      ..81a1e71a
-      ..7c03f334
+      ..2723c793
-    "b..c0ff6a2f
-      ..198fa913
-      ..13e18585
-      ..97212673
+    "@..bd263097
+      ..494aa255
+      ..b5b7280f
+      ..f8632634
+      ..d529fb1b
-      ..fd461839
+      ..a354198f
+      ..f501c5b5
-    "b..5724a1d6
-      ..245e8185
-      ..cd813000
-      ..2ae0aff4
+    "@..8a660d4e
+      ..c904a7f9
+      ..af852083
+      ..0453f6dd
+      ..d529fb1b
-      ..81a1e71a
-      ..0e07753d
+      ..b9956a92
+      ..b853f069
+      ..88794161
+      ..04005cad
+      ..a354198f
+      ..f9890cef
+      ..e9e19f41
+      ..5e60042b
-    "b..8e2acb7d
-      ..198fa913
-      ..bee6e857
-      ..7c853681
+    "@..4fb4bfa6
+      ..494aa255
+      ..fed68fea
+      ..e4bb4abf
+      ..d529fb1b
-      ..fd461839
+      ..2723c793
-    "b..c5bb4561
-      ..245e8185
-      ..a7e65154
-      ..2c43bb42
+    "@..1690ba92
+      ..56fa5ce6
+      ..6e883700
+      ..633e85dd
+      ..d529fb1b
-      ..4fa19c73
-      ..81a1e71a
-      ..0e07753d
+      ..2723c793
-    "b..e9db2448
-      ..aeb34337
-      ..79227131
-      ..57f9982c
+    "@..c5ba7e6c
+      ..494aa255
+      ..a4707015
+      ..17513086
+      ..d529fb1b
-      ..fd461839
+      ..a354198f
+      ..21dc7e6a
+      ..3c555052
-    "b..9c857035
-      ..245e8185
-      ..e9c7ec5c
-      ..2db85b0d
+    "@..7651b995
+      ..494aa255
+      ..5de7a716
+      ..ac4b0f63
+      ..d529fb1b
-      ..7fcc6fa1
-      ..81a1e71a
-      ..7c03f334
+      ..2723c793
-    "b..c2292bda
-      ..40971d09
-      ..aec63a96
-      ..3cbf5318
+    "@..7296b2a7
+      ..494aa255
+      ..974baf5d
+      ..5cd4c8b9
+      ..d529fb1b
-      ..788dece8
-      ..c11078e3
-      ..71c72913
-      ..16e3c9f0
+      ..dd8fbb23
+      ..2723c793
-    "b..9d70921e
-      ..245e8185
-      ..6ca85768
-      ..ee6fe908
+    "@..5548b147
+      ..494aa255
+      ..00884ad3
+      ..cb3bbd5e
+      ..d529fb1b
-      ..5d1f9e7d
-      ..81a1e71a
-      ..7c03f334
+      ..2723c793
-    "b..06581dcf
-      ..245e8185
-      ..df324cb8
-      ..fa0f2b5c
+    "@..655e50ea
+      ..494aa255
+      ..fd411ebb
+      ..9a4d300c
+      ..d529fb1b
-      ..2fa8ab78
-      ..81a1e71a
-      ..7c03f334
+      ..88794161
+      ..2723c793
-    "b..a85b70a4
-      ..245e8185
-      ..621e4e77
-      ..a09830cd
+    "@..5889daaa
+      ..494aa255
+      ..049b8b04
+      ..47ae6ef3
+      ..d529fb1b
-      ..4179e683
-      ..fd461839
+      ..2723c793
-    "b..a85e8f16
-      ..245e8185
-      ..07d6e570
-      ..64b4cc34
+    "@..60a3430f
+      ..494aa255
+      ..ccde3360
+      ..dc88f36b
+      ..d529fb1b
-      ..3cd6b876
-      ..6fe845cb
-      ..81a1e71a
-      ..02f9bfe8
-      ..1b90f871
-      ..0e07753d
+      ..79223ebf
+      ..2723c793
-    "b..a41cb41b
-      ..245e8185
-      ..4071ac19
-      ..54981769
+    "@..77d5c518
+      ..494aa255
+      ..ff0a2d6b
+      ..d5bfcd80
+      ..d529fb1b
-      ..81a1e71a
-      ..0e07753d
+      ..79223ebf
+      ..a354198f
+      ..6e0516cf
-    "b..fa32178f
-      ..aeb34337
-      ..b51e6344
-      ..bb218fcf
+    "@..bc74fefb
+      ..494aa255
+      ..1727ac87
+      ..663cc03e
+      ..d529fb1b
-      ..fd461839
+      ..4412dcad
+      ..2723c793
-    "b..974208f8
-      ..245e8185
-      ..33cfc106
-      ..5a122f7a
+    "@..4b70886d
+      ..494aa255
+      ..23c121cb
+      ..62e5d150
+      ..d529fb1b
-      ..3200eb2e
-      ..81a1e71a
-      ..0e07753d
+      ..79223ebf
+      ..2723c793
-    "b..eabd8487
-      ..aeb34337
-      ..2f437c7d
-      ..d9319004
+    "@..c6e9b45c
+      ..7b339fa1
+      ..b5ef17b3
+      ..f0e35759
+      ..d529fb1b
-      ..fd461839
+      ..6c28811a
-    "b..889565f1
-      ..198fa913
-      ..ff648def
-      ..feb14253
+    "@..1e18ca0e
+      ..129437d1
+      ..4e91f524
+      ..36ea62aa
+      ..d529fb1b
-      ..fd461839
+      ..2723c793
-    "b..12d2a875
-      ..245e8185
-      ..9960e4b6
-      ..e752c136
+    "@..abb22070
+      ..494aa255
+      ..029f6896
+      ..22c1bfda
+      ..d529fb1b
-      ..3200eb2e
-      ..81a1e71a
-      ..3ee03f7b
+      ..a354198f
+      ..358b0123
-    "b..cd461b57
-      ..245e8185
-      ..718f42b1
-      ..a67a85f2
+    "@..dd375cb5
+      ..494aa255
+      ..f2b7b93a
+      ..e403a27b
+      ..d529fb1b
-      ..21ebef74
-      ..fc38e222
-      ..fd461839
+      ..3e2aa4cf
+      ..c98f3f3a
+      ..2723c793
-    "b..44e09aa7
-      ..40971d09
-      ..4ffaba7e
-      ..0189c10d
+    "@..6f0bbdce
+      ..129437d1
+      ..00798037
+      ..21bc48d3
+      ..d529fb1b
-      ..160ec1aa
-      ..52c78106
+      ..b3be865e
-    "b..9dc3b607
-      ..40971d09
-      ..acd809b7
-      ..1436940f
+    "@..d3fc57fa
+      ..494aa255
+      ..8f54d596
+      ..ebb4d54b
+      ..d529fb1b
-      ..de3e80ff
+      ..2723c793
-    "b..0555aaed
-      ..245e8185
-      ..7a2fd21d
-      ..b7dbb5b0
+    "@..621c728d
+      ..c904a7f9
+      ..5188645f
+      ..10c4351c
+      ..d529fb1b
-      ..81a1e71a
-      ..0e07753d
+      ..2723c793
-    "b..fb2e3ab3
-      ..40971d09
-      ..a15fd8a4
-      ..c0b20034
+    "@..f2f765d1
+      ..494aa255
+      ..e6727ee0
+      ..4a35b744
+      ..d529fb1b
-      ..c11078e3
-      ..3a4c421a
-      ..84cf54bd
+      ..a354198f
+      ..ea750a88
-    "b..2b6e1e82
-      ..245e8185
-      ..cddee994
-      ..00c165a5
+    "@..d6c53972
+      ..494aa255
+      ..8495b56c
+      ..d4d5492e
+      ..d529fb1b
-      ..c225f3c5
-      ..aa3ca3f1
-      ..20ec07ce
-      ..7762825d
-      ..7a714bb7
-      ..a7e6893c
-      ..7cfa1e96
-      ..2b4d848b
-      ..0092c41e
-      ..33ff4d84
-      ..a9687dc1
-      ..2fa8ab78
-      ..7fcc6fa1
-      ..924eb200
-      ..e144f3d5
-      ..8b79001f
-      ..0b85beee
-      ..c0bba36b
-      ..2300ca9b
-      ..bdb780f7
-      ..99b878d8
-      ..876c3a68
-      ..f0a8e1da
-      ..3fb20cd2
+      ..b9956a92
+      ..2723c793
-    "b..47932690
-      ..245e8185
-      ..169d3a3e
-      ..222575a8
+    "@..9e32e87e
+      ..494aa255
+      ..cca51a4c
+      ..bf34d07b
+      ..d529fb1b
-      ..8dc5e253
-      ..f985893b
-      ..d15a43b5
-      ..3fbec38e
+      ..2723c793
-    "b..d25d2fc0
-      ..245e8185
-      ..fc823d1b
-      ..51bd9db0
-      ..139c8e98
-      ..c0958580
-      ..f56f740d
-      ..77573aae
-      ..8064a745
-      ..37b910d8
-      ..c6ca7138
-    },..e6a4c7ad
-    "b..84bd40cb
-      ..40971d09
-      ..bb1e2b3a
-      ..91cf9465
-      ..139c8e98
-      ..99beb4a9
-      ..c11078e3
-      ..3a4c421a
-      ..38bc0356
-      ..09bddb71
-      ..e159e020
-      ..56b20482
+    "@..9dce5cf0
+      ..494aa255
+      ..7aa80e59
+      ..5aff0e1d
+      ..d529fb1b
+      ..3095238d
+      ..a354198f
+      ..21dc7e6a
+      ..3c555052
-    "b..8a360a9a
-      ..40971d09
-      ..33ed62d0
-      ..e6dc6ce1
+    "@..2144f6b1
+      ..8d6c2d97
+      ..9032cd3e
+      ..6e034086
-      ..00c531fd
-      ..7e8c788a
+      ..c011611b
+      ..827a3e9e
-      ..47b25001
-      ..8cffcb25
-      ..f3c449b1
+      ..93d14663
+      ..48a19763
+      ..fa7f1d74
-    "b..b1af9621
-      ..40971d09
-      ..7c5f569b
-      ..01b624b1
+    "@..07f64f41
+      ..e6adb052
+      ..df0ad942
+      ..6630cb81
+      ..d529fb1b
+      ..3095238d
+      ..965b1790
+      ..a354198f
+      ..116ed5cb
+      ..78cf88ff
+      ..dff11943
+      ..beda2271
+      ..b30d45cb
+      ..9f12a1bc
+      ..993af469
+      ..66773e6d
+      ..5fec9255
+      ..a4532e55
+      ..fc75fe4e
+      ..161ee30d
+      ..2826ea21
+      ..5e6e7891
+      ..5ac0ee99
+      ..e7231761
+      ..76f70022
+      ..745a0beb
+      ..47c1aede
+      ..647a61da
+      ..c82b6453
+      ..a96ade8d
+      ..d56bf5a0
+      ..adf50cb9
+      ..52dbed52
+      ..87eb8c77
+      ..5089f2bb
+      ..c50b2761
+      ..4486748d
+      ..90ddc5e4
+      ..189bb906
+      ..35efd1e0
+      ..8bdbf4d5
+      ..45a70630
+      ..e1e2b31c
+      ..1c9b5d6f
+      ..56dc4108
+      ..9ed409b7
+      ..642a8945
+      ..9149b855
+      ..0806fb13
+      ..ec6c0f52
+    },..e11ebda6
+    "@..a39ebd6c
+      ..129437d1
+      ..0294772d
+      ..c5a385b0
+      ..d529fb1b
+      ..3095238d
+      ..c011611b
+      ..b8940de1
+      ..d47adacb
+      ..6f92c452
+      ..9f7b4a28
+      ..33599bf7
+      ..611876d7
+      ..ec6c0f52
+    },..e11ebda6
+    "@..57278a4c
+      ..c904a7f9
+      ..89b30e2a
+      ..0e0801b8
+      ..d529fb1b
+      ..3095238d
+      ..25723605
+      ..121fda5a
+      ..69e9a6a7
+      ..ec6c0f52
+    },..e11ebda6
+    "@..31a46c10
+      ..ad0bda30
+      ..b4f5fc5f
+      ..cbc467d4
+      ..d529fb1b
+      ..3095238d
+      ..25723605
+      ..53fc8c16
+      ..88794161
+      ..e9e19f41
+      ..f96f765f
+      ..53b99991
+      ..ccd6e4d9
+      ..25a8658e
+      ..f501c5b5
+      ..3c0cf709
+      ..73500631
+      ..9e4f2a81
+      ..d9fd7614
+      ..2556ca7a
+      ..f90d696e
+      ..923ba4a3
+      ..a4c074fb
+      ..7300a27d
+      ..02390e6f
+      ..f50d5dba
+      ..30067ed6
+      ..e7ba7dcc
+      ..e1625a19
+      ..2ede45f7
+      ..c95e636b
+      ..eafe6e6d
+      ..ec6c0f52
+    },..e11ebda6
+    "@..48121f05
+      ..56fa5ce6
+      ..4ff0b6fe
+      ..5c480c9c
+      ..d529fb1b
-      ..c11078e3
-      ..0aa0d9fd
-      ..4022adba
-      ..bbff3702
-      ..4bb342e8
+      ..1ba05c38
+      ..6f92c452
+      ..3542369b
-    "b..b7a97272
-      ..40971d09
-      ..d915a2a0
-      ..975c6ed7
+    "@..40932e78
+      ..96d82f4d
+      ..f548d0ad
+      ..f7f22fc9
+    },..e11ebda6
+    "a..7b42118c
+      ..25c341c6
+      ..7f1d8670
+      ..7730e85b
-      ..7c7533bd
-      ..45e0220b
-      ..c11078e3
-      ..4022adba
-      ..bbff3702
-      ..76085b93
-      ..89501e16
-      ..9fa8e819
-      ..4bb342e8
+      ..fb4eefd5
+      ..d2655d98
-    "b..1d150185
-      ..40971d09
-      ..cb4c981e
-      ..9654956c
+    "a..42babcf1
+      ..be954a3a
+      ..ec524d6f
+      ..98c07a76
+    },..e11ebda6
+    "a..352a6f3f
+      ..9ee971ca
+      ..4fcaa678
+      ..22fd79fa
+      ..f84daf5f
+    },..e11ebda6
+    "a..77a6e5dd
+      ..11957480
+      ..31eb3f70
+      ..720046d0
+    },..e11ebda6
+    "a..d4fc1e99
+      ..f1d8d63f
+      ..e5dc5169
+      ..6c8dbab2
+    },..e11ebda6
+    "a..94b3a440
+      ..bd0abdcd
+      ..8bb8b310
+      ..a36d54aa
-      ..c11078e3
-      ..76ab9757
-      ..09bddb71
-      ..60fcd631
+      ..eabf4c08
+      ..ec6c0f52
+    },..e11ebda6
+    "a..159f302d
+      ..47776b3e
+      ..b9f4b205
+      ..ce86da53
+      ..3095238d
+      ..2a32b014
+      ..244ac935
+      ..737dea0e
-    "b..8d0c2803
-      ..104f07a5
-      ..34955498
-      ..93e36741
+    "a..4318522d
+      ..4549d253
+      ..5cc5e7e1
+      ..77844685
+    },..e11ebda6
+    "a..d5988e81
+      ..4549d253
+      ..f9fbf356
+      ..32b7fa1a
+    },..e11ebda6
+    "a..4123c55b
+      ..c323ea3d
+      ..cbfec09e
+      ..27734858
+    },..e11ebda6
+    "a..997f8175
+      ..444dc2c6
+      ..29747fc8
+      ..645111bb
+    },..e11ebda6
+    "a..41d532f8
+      ..c0c44d1d
+      ..b4c104af
+      ..d7c2b21f
-    "b..fb1760d8
-      ..2628435f
-      ..67e7053d
-      ..2c13498d
-    },..e6a4c7ad
-      ..7261f4a7
-      ..91a56878
-      ..60fe4097
+      ..1bd9354b
+      ..846f41d9
+      ..381f389e
+      ..3095238d
+      ..4509ed1e
+      ..ec6c0f52
-    "b..5e49bf50
-      ..45a9a97f
-      ..a9cd22b2
-      ..eeb7ad74
-      ..139c8e98
-      ..7c442468
-      ..af89a163
-      ..739092a6
-      ..c6ca7138
-    },..e6a4c7ad
-    "b..3fa12026
-      ..d8bd6331
-      ..1d21ba5f
-      ..94b6116d
-    },..e6a4c7ad
+    "b..2c045d14
+      ..48899205
+      ..76c94976
+      ..7401a498
+      ..d529fb1b
+      ..3095238d
+      ..9ccb7dcb
+      ..eb68e089
+      ..ae320079
+      ..ec6c0f52
+    },..e11ebda6
-      ..3ab9458d
+      ..b5e3ed0b
+      ..f84daf5f
-    "c..3b5ecdea
-      ..dbc5abf0
-      ..1390c178
-      ..eededc5a
-      ..139c8e98
-      ..cae8598b
-      ..c6ca7138
-    },..e6a4c7ad
-    "c..fa2e007e
-      ..12608249
-      ..bee77eee
-      ..f9194ada
-    },..e6a4c7ad
-    "c..431e6ec5
-      ..4de1b446
-      ..46e7c683
-      ..15ee9010
+    "c..ee0dadd3
+      ..646381d3
+      ..2548effd
+      ..6d7064b5
+      ..f84daf5f
-    "c..d162ec74
-      ..55194fb2
-      ..bb608277
-      ..be5e98e8
-      ..139c8e98
-      ..67b841d0
-      ..429907af
-      ..2e28ca75
-      ..f47624e0
-      ..754d7480
-      ..c6ca7138
-    },..e6a4c7ad
-    "c..9a80b080
-      ..9cfe28a1
-      ..aa50b1cc
-      ..118f477e
-    },..e6a4c7ad
-    "c..b9655702
-      ..ae3fb920
-      ..34faf4d8
-      ..fef6f3f1
-      ..139c8e98
-      ..45965d2a
-      ..b0b46d62
-      ..11026918
-      ..e19f5bfb
-      ..e4d4401f
-      ..d583bb4e
-      ..9fa5b60c
-      ..223163ca
-      ..b3dfa27d
-      ..c6ca7138
-    },..e6a4c7ad
-    "c..fcd8e406
-      ..2d467f6f
-      ..8c77a15d
-      ..c10588fe
-    },..e6a4c7ad
-    "c..4e09fb31
-      ..4297ae69
-      ..dc07549f
-      ..28a83b78
+    "c..689d69fa
+      ..abc536cd
+      ..2b2266f2
+      ..14afdded
+      ..d529fb1b
-      ..f3638190
+      ..09810585
+      ..a5fecb51
+      ..3030e4f1
-    "c..82ae7cfe
-      ..d4585f71
-      ..09bfdd39
-      ..3ecca6d8
-    },..e6a4c7ad
+      ..d529fb1b
-      ..5a95e916
+      ..eab2f3d2
+      ..c95e636b
+      ..923ba4a3
-    "c..74c032da
-      ..e6b1c325
-      ..1a3b0585
-      ..da044166
-    },..e6a4c7ad
-      ..55a83ef5
+      ..6ff86c1a
+      ..f84daf5f
+      ..d529fb1b
-      ..8959c7a9
+      ..f900c7ad
+      ..f84daf5f
-      ..63ff0ec2
+      ..863f344d
+      ..f84daf5f
+    "c..210781d3
+      ..d57f78a8
+      ..59beb274
+      ..0ddc9e61
+      ..f84daf5f
+    },..e11ebda6
-    "c..c84f614c
-      ..22f5fd28
-      ..92fdf120
-      ..2c92496e
-      ..139c8e98
-      ..7be6ca8f
-      ..35b2956e
-      ..2c55acdf
-      ..588ccf93
-      ..c6ca7138
-    },..e6a4c7ad
-      ..5de112f4
-      ..4412b4a9
-      ..e4456e6a
+      ..c017ffd3
+      ..dee228d7
+      ..a7fcbe08
+      ..d529fb1b
+      ..3095238d
+      ..a651c3f8
+      ..ec6c0f52
-      ..6f47455d
-      ..26e3a82d
-      ..514e0de4
+      ..84715d68
+      ..d1a4c93d
+      ..5a7228b3
-    "c..d139feb2
-      ..73935b47
-      ..897787a4
-      ..1e0bcd5b
-      ..139c8e98
-      ..1ae416be
-      ..53e4f187
-      ..b024c405
-      ..c6ca7138
-    },..e6a4c7ad
-      ..a883dae4
+      ..2e5ac3de
+      ..f84daf5f
-    "d..f54c9395
-      ..f4d36713
-      ..5cddd234
-      ..8a90d16d
-    },..e6a4c7ad
-    "d..71e9584b
-      ..9bb1c3e9
-      ..0dc4bef2
-      ..323a1c3f
-      ..139c8e98
-      ..9b74e876
-      ..642c4f01
-      ..ab1592ae
-      ..832b9f32
-      ..a75907f5
-      ..938712b0
-      ..6d586b87
-      ..c6ca7138
-    },..e6a4c7ad
-    "d..b4b50b9d
-      ..d67fb9bd
-      ..50e2fbf0
-      ..fa37a9bc
-      ..139c8e98
-      ..9c635677
-      ..c6ca7138
-    },..e6a4c7ad
-    "d..2a80e8af
-      ..fe6861a1
-      ..1bf552e2
-      ..793f95df
-    },..e6a4c7ad
-    "d..79d7d6ce
-      ..4297ae69
-      ..85f4760f
-      ..107a29d4
-      ..139c8e98
-      ..baa19ad1
-      ..c6ca7138
-    },..e6a4c7ad
+    "e..088c8517
+      ..dc038aca
+      ..07e88882
+      ..537d409b
+      ..f84daf5f
+    },..e11ebda6
-    "e..051ff86c
-      ..63c74067
-      ..9ddde5eb
-      ..5b5accde
-    },..e6a4c7ad
-      ..628d649f
-    },..e6a4c7ad
-    "e..2f9d4e21
-      ..24208f4c
-      ..694a1a83
-      ..d8fbb304
-      ..139c8e98
-      ..af496567
-      ..cb2b5183
-      ..2e70dc25
-      ..8822b3d2
-      ..5c3b0395
-      ..9b667ea8
-      ..1830aa1e
-      ..e3985675
-      ..1a90f3d4
-      ..b48cbe56
-      ..c2475b76
-      ..76ab9757
-      ..013b687c
-      ..7cf9c3a0
-      ..85286de7
-      ..acb8d7e2
-      ..4375df35
-      ..a9bce3b7
-      ..9f3aa054
-      ..f042f85b
-      ..0b7ec619
-      ..f20ed426
-      ..78a072a2
-      ..09bddb71
-      ..ca8a00a7
-      ..e159e020
-      ..d3dca6bb
-      ..35530fd9
-      ..bebd3400
-      ..6b89f48c
-      ..3bc1cd65
-      ..fb665b30
-      ..f61d91a6
-      ..452071fb
-      ..2bfd4d5c
-      ..92e3a434
-      ..0a45fb0c
-      ..63aa55ad
-      ..370719c7
-      ..5b1ddaf0
-      ..33873ff6
-      ..bf02b6cd
-      ..3c3a7ccd
-      ..5a95e916
-      ..0ea31667
-      ..22537f4b
-      ..283f35d8
-      ..6a4aae01
-      ..437c1138
-      ..7ec7f856
-      ..cec1979c
-      ..fe799021
-      ..0ea31667
-      ..074cc326
-      ..91a00c36
-      ..132c4575
-      ..5b5b658f
-      ..7ec7f856
-      ..2e4bd115
-      ..c172fc9e
-      ..87d263a1
-      ..fe799021
-      ..0ea31667
-      ..4c3d7401
-      ..b174055b
-      ..184731d7
-      ..3232e74b
-      ..7ec7f856
-      ..41792545
-      ..fe799021
-      ..0ea31667
-      ..46a84ef3
-      ..fe764c48
-      ..841a2370
-      ..bed3de17
-      ..0ea31667
-      ..2c4d68b6
-      ..bf02b6cd
-      ..3da0d720
-      ..36f4f5aa
-      ..0ea31667
-      ..50bf9144
-      ..2f06d0ab
-      ..5e3c2129
-      ..c644af99
-      ..7ec7f856
-      ..5714b5f1
-      ..fe799021
-      ..0ea31667
-      ..066ce3c5
-      ..ae842028
-      ..032e575a
-      ..3c233eee
-      ..7ec7f856
-      ..4c77c8ee
-      ..fe799021
-      ..42a59577
-      ..c6ca7138
-    },..e6a4c7ad
-    "e..43a41448
-      ..0eb03765
-      ..305aa166
-      ..0b7ab314
-      ..139c8e98
-      ..7baf3731
-      ..e09e7a45
-      ..c6ca7138
-    },..e6a4c7ad
-    "e..0d813b9e
-      ..74e286fc
-      ..3df7baf3
-      ..b3e7e20d
-    },..e6a4c7ad
-    "e..bd15fb47
-      ..55759511
-      ..a323c675
-      ..d732cb1e
-      ..139c8e98
-      ..3bc987c3
-      ..9f2ae37f
-      ..c6ca7138
-    },..e6a4c7ad
-    "e..f2f2b5bb
-      ..b9631154
-      ..7d1f1337
-      ..197804d0
-    },..e6a4c7ad
-    "e..51383a84
-      ..8fd0829c
-      ..413d2809
-      ..1733a075
-      ..139c8e98
-      ..56e2d684
-      ..c6ca7138
-    },..e6a4c7ad
-    "e..9aeb5d92
-      ..86ff8f78
-      ..60f7e72e
-      ..129163bd
-      ..139c8e98
-      ..b144a5bd
-      ..c6ca7138
-    },..e6a4c7ad
-    "e..c30054a6
-      ..97e5b4dc
-      ..8f73ce52
-      ..5e1a19c9
+      ..2dba8f7b
+      ..f84daf5f
-      ..761dd1d7
+      ..666031f9
+      ..f84daf5f
-    "e..18f35837
-      ..2864f30d
-      ..5aabff4b
-      ..4b5490a9
-      ..139c8e98
-      ..24041d40
-      ..92baafbc
-      ..512a15df
-      ..8029c5ad
-      ..a736a5ec
-      ..339925cc
-      ..9227a91f
-      ..c6ca7138
-    },..e6a4c7ad
-    "e..32696170
-      ..ad756c0a
-      ..c654926f
-      ..cad6f465
-      ..139c8e98
-      ..8ca9c638
-      ..c6ca7138
-    },..e6a4c7ad
-    "e..fe54aed7
-      ..0857a8b2
-      ..38ef2d2e
-      ..358fb2ef
-      ..139c8e98
-      ..52cb297b
-      ..c6ca7138
-    },..e6a4c7ad
-    "e..cb27e42a
-      ..d4585f71
-      ..ee8a9905
-      ..3b0b2dff
-      ..139c8e98
-      ..a9d65134
-      ..2cb73831
-      ..0ca3f3a1
-      ..c6ca7138
-    },..e6a4c7ad
-    "e..818027ca
-      ..84597526
-      ..6ecb18ed
-      ..ee2ae17a
-      ..139c8e98
-      ..0439aec9
-      ..c6ca7138
-    },..e6a4c7ad
-    "f..df984314
-      ..fbbefbeb
-      ..f2f072e4
-      ..95296153
-    },..e6a4c7ad
-    "f..1485105d
-      ..ce8f8aa3
-      ..b47b70dc
-      ..efa9429d
-    },..e6a4c7ad
-    "f..15afaf42
-      ..dd857635
-      ..2a119f74
-      ..168bb30e
-      ..139c8e98
-      ..73f7ffe9
-      ..c6ca7138
-    },..e6a4c7ad
-    "f..fa218e83
-      ..dd857635
-      ..fc7b8f38
-      ..2acba7a7
-      ..139c8e98
-      ..8e662a69
-      ..cc4dcb6f
-      ..c6ca7138
-    },..e6a4c7ad
-    "f..0027b437
-      ..b891f123
-      ..395f5377
-      ..ee3b9b64
-    },..e6a4c7ad
-    "f..88cffb14
-      ..74e3d6f3
-      ..4203d7d1
-      ..dfbe3f6e
-      ..139c8e98
-      ..c4a3fcee
-      ..463efcdb
-      ..416749f0
-      ..e53cf06b
-      ..350a33bd
-      ..c6ca7138
+    "f..d6ee11e5
+      ..4549d253
+      ..1e9eeb24
+      ..4f3d932c
+    "f..061e5298
+      ..4549d253
+      ..e673166b
+      ..63a9f9a3
+      ..d529fb1b
+      ..3095238d
+      ..e1c994d9
+      ..323034c6
+      ..2ef47b7c
+      ..ec6c0f52
+    },..e11ebda6
+      ..d529fb1b
-    "f..d960b246
-      ..d8bd6331
-      ..2dad1911
-      ..3b45ebb7
-      ..139c8e98
-      ..4837d322
-      ..54a6bdd0
-      ..a9d2befe
-      ..0a4b2c4b
-      ..c6ca7138
-    },..e6a4c7ad
-    "f..b1748b1d
-      ..f8386885
-      ..9357dc89
-      ..e882a4eb
-    },..e6a4c7ad
-    "f..4442e1ef
-      ..ad756c0a
-      ..14fa01ea
-      ..59880797
-      ..139c8e98
-      ..91be079f
-      ..c6ca7138
-    },..e6a4c7ad
-    "f..8917ee8a
-      ..ff3fa64f
-      ..6ca0c542
-      ..6574c044
-      ..b3379ecc
-      ..139c8e98
-      ..2b82c5f8
-      ..d6eeb8cf
-      ..370719c7
-      ..5b1ddaf0
-      ..3cea484c
-      ..bcd9b988
-      ..fe64c950
-      ..e1677416
-      ..0ea31667
-      ..33873ff6
-      ..56acf173
-      ..062f988e
-      ..0ea31667
-      ..366314fc
-      ..66940ef2
-      ..fe64c950
-      ..e1677416
-      ..0ea31667
-      ..4b138eb1
-      ..72f3db97
-      ..fe64c950
-      ..47b4aee3
-      ..7ec7f856
-      ..ece1e294
-      ..0a8dff19
-      ..fe799021
-      ..0ea31667
-      ..20b15bdd
-      ..69cae979
-      ..fe64c950
-      ..e1677416
-      ..0ea31667
-      ..e1491900
-      ..5d501ba5
-      ..fe64c950
-      ..47b4aee3
-      ..7ec7f856
-      ..8df8b817
-      ..61d653e4
-      ..fe799021
-      ..0ea31667
-      ..feae5587
-      ..0858617f
-      ..fe64c950
-      ..e1677416
-      ..0ea31667
-      ..71b5820d
-      ..b606dba4
-      ..fe64c950
-      ..e1677416
-      ..0ea31667
-      ..f3b4827c
-      ..1460921b
-      ..fe64c950
-      ..e1677416
-      ..0ea31667
-      ..9151474e
-      ..b606dba4
-      ..fe64c950
-      ..e1677416
-      ..0ea31667
-      ..0c999c5f
-      ..c88a7223
-      ..fe64c950
-      ..e1677416
-      ..0ea31667
-      ..4c3d7401
-      ..4ade07b6
-      ..fe64c950
-      ..47b4aee3
-      ..7ec7f856
-      ..41792545
-      ..fe799021
-      ..0ea31667
-      ..db02c8c9
-      ..8c55c538
-      ..fe64c950
-      ..e1677416
-      ..0ea31667
-      ..943189db
-      ..69cae979
-      ..fe64c950
-      ..e1677416
-      ..0ea31667
-      ..9aa8a9f6
-      ..7cc14939
-      ..fe64c950
-      ..e1677416
-      ..0ea31667
-      ..4ebe8d54
-      ..b13c0414
-      ..fe64c950
-      ..47b4aee3
-      ..7ec7f856
-      ..41237529
-      ..fe799021
-      ..0ea31667
-      ..d1efe4a1
-      ..69cae979
-      ..fe64c950
-      ..e1677416
-      ..0ea31667
-      ..812363c8
-      ..8761ac3a
-      ..fe64c950
-      ..47b4aee3
-      ..7ec7f856
-      ..48097792
-      ..81133b6d
-      ..9682a16e
-      ..0f699130
-      ..84f03fb8
-      ..7d0df776
-      ..0d0e6aea
-      ..2749d783
-      ..fe799021
-      ..0ea31667
-      ..55623295
-      ..7896f3ae
-      ..fe64c950
-      ..47b4aee3
-      ..7ec7f856
-      ..bd78e336
-      ..8b7a6827
-      ..bdc446d9
-      ..36f420a7
-      ..b9f6e484
-      ..9b421733
-      ..fe799021
-      ..0ea31667
-      ..a0a61699
-      ..9be51af6
-      ..fe64c950
-      ..e1677416
-      ..0ea31667
-      ..f4e1252e
-      ..7829c344
-      ..fe64c950
-      ..47b4aee3
-      ..7ec7f856
-      ..049183c3
-      ..fe799021
-      ..0ea31667
-      ..16d74871
-      ..39455e61
-      ..fe64c950
-      ..47b4aee3
-      ..7ec7f856
-      ..55ce761d
-      ..fe799021
-      ..0ea31667
-      ..42432ec7
-      ..2bb6167b
-      ..fe64c950
-      ..47b4aee3
-      ..7ec7f856
-      ..b9f6e484
-      ..f0dbbf47
-      ..fe799021
-      ..0ea31667
-      ..ac75ba22
-      ..ee9ba982
-      ..fe64c950
-      ..e1677416
-      ..0ea31667
-      ..e9e72fb1
-      ..18c80f82
-      ..fe64c950
-      ..e1677416
-      ..0ea31667
-      ..bb193a60
-      ..69cae979
-      ..fe64c950
-      ..47b4aee3
-      ..7ec7f856
-      ..05724e12
-      ..fe799021
-      ..0ea31667
-      ..7e2655df
-      ..69cae979
-      ..fe64c950
-      ..e1677416
-      ..0ea31667
-      ..f64ae7c9
-      ..c7f0d560
-      ..fe64c950
-      ..47b4aee3
-      ..7ec7f856
-      ..03404e4a
-      ..fe799021
-      ..0ea31667
-      ..9e68aa43
-      ..00d8cf04
-      ..fe64c950
-      ..e1677416
-      ..0ea31667
-      ..7c0b03f6
-      ..c002f2bb
-      ..fe64c950
-      ..47b4aee3
-      ..7ec7f856
-      ..3f1d2908
-      ..95d98c84
-      ..fe799021
-      ..0ea31667
-      ..09fda8f1
-      ..b606dba4
-      ..fe64c950
-      ..47b4aee3
-      ..7ec7f856
-      ..41237529
-      ..fe799021
-      ..0ea31667
-      ..ef2dc939
-      ..8c55c538
-      ..fe64c950
-      ..47b4aee3
-      ..7ec7f856
-      ..4a9033ec
-      ..fe799021
-      ..0ea31667
-      ..a208906c
-      ..61fa917c
-      ..fe64c950
-      ..e1677416
-      ..0ea31667
-      ..2c073d45
-      ..246ce6e4
-      ..fe64c950
-      ..47b4aee3
-      ..7ec7f856
-      ..0ba17625
-      ..1304c53c
-      ..18036727
-      ..fe799021
-      ..0ea31667
-      ..ea6d2984
-      ..08134496
-      ..fe64c950
-      ..47b4aee3
-      ..7ec7f856
-      ..59cbb919
-      ..57e5fc73
-      ..114c9022
-      ..8817013b
-      ..eb3b5251
-      ..7f76d4de
-      ..3b22352f
-      ..639631e0
-      ..8778b5f5
-      ..ba667685
-      ..fe799021
-      ..0ea31667
-      ..205b0a47
-      ..b468d3f4
-      ..fe64c950
-      ..47b4aee3
-      ..7ec7f856
-      ..da00e0d8
-      ..ff3142ab
-      ..fe799021
-      ..0ea31667
-      ..981473d4
-      ..7cc14939
-      ..fe64c950
-      ..e1677416
-      ..0ea31667
-      ..576be9b5
-      ..699fcb77
-      ..fe64c950
-      ..47b4aee3
-      ..7ec7f856
-      ..13631898
-      ..09d47aa2
-      ..fe799021
-      ..0ea31667
-      ..c779cb16
-      ..fec4c32e
-      ..fe64c950
-      ..47b4aee3
-      ..7ec7f856
-      ..1976ee47
-      ..27d1f142
-      ..6dcbab4b
-      ..6f36a80c
-      ..fe799021
-      ..0ea31667
-      ..fd0ccd15
-      ..0858617f
-      ..fe64c950
-      ..e1677416
-      ..0ea31667
-      ..f5e9710a
-      ..ea8f627c
-      ..fe64c950
-      ..e1677416
-      ..0ea31667
-      ..17d5b748
-      ..cb84217f
-      ..fe64c950
-      ..47b4aee3
-      ..7ec7f856
-      ..f0dbbf47
-      ..fe799021
-      ..0ea31667
-      ..99e8ba7d
-      ..c88a7223
-      ..fe64c950
-      ..e1677416
-      ..0ea31667
-      ..4eb80c8d
-      ..c88a7223
-      ..fe64c950
-      ..e1677416
-      ..0ea31667
-      ..9141b31b
-      ..ae8c4dc1
-      ..fe64c950
-      ..47b4aee3
-      ..7ec7f856
-      ..b5ac4024
-      ..b58338f1
-      ..fe799021
-      ..0ea31667
-      ..925237b7
-      ..0858617f
-      ..fe64c950
-      ..e1677416
-      ..0ea31667
-      ..9123c843
-      ..61fa917c
-      ..fe64c950
-      ..e1677416
-      ..0ea31667
-      ..2252eb9c
-      ..1ab3dcc6
-      ..fe64c950
-      ..47b4aee3
-      ..7ec7f856
-      ..ebbb7a3f
-      ..563ea32f
-      ..ec09cbe4
-      ..eaf151d1
-      ..d1910ab9
-      ..ad9e6f94
-      ..0def5879
-      ..c0892b59
-      ..dedc7a48
-      ..478084af
-      ..13788833
-      ..fe799021
-      ..0ea31667
-      ..0545d2a6
-      ..0d324589
-      ..fe64c950
-      ..47b4aee3
-      ..7ec7f856
-      ..77cd379f
-      ..fe554412
-      ..53ff8001
-      ..6225432c
-      ..09385966
-      ..90040c82
-      ..deeeb182
-      ..fe799021
-      ..0ea31667
-      ..4c8b158b
-      ..1cff0786
-      ..fe64c950
-      ..47b4aee3
-      ..7ec7f856
-      ..2a190199
-      ..fe799021
-      ..0ea31667
-      ..da3f163f
-      ..09a0d479
-      ..062f988e
-      ..0ea31667
-      ..ecdbe02f
-      ..a56a9619
-      ..fe64c950
-      ..e1677416
-      ..0ea31667
-      ..132aa5f8
-      ..d11fc505
-      ..fe64c950
-      ..e1677416
-      ..0ea31667
-      ..a4955811
-      ..6e1e5b4b
-      ..fe64c950
-      ..e1677416
-      ..0ea31667
-      ..e8d5c17f
-      ..61fa917c
-      ..fe64c950
-      ..e1677416
-      ..0ea31667
-      ..8e758c4e
-      ..bcb27156
-      ..fe64c950
-      ..e1677416
-      ..0ea31667
-      ..c581d119
-      ..c88a7223
-      ..fe64c950
-      ..47b4aee3
-      ..7ec7f856
-      ..bf174bdf
-      ..42d7cff0
-      ..899ba645
-      ..fe799021
-      ..0ea31667
-      ..d914e72e
-      ..bcd9b988
-      ..fe64c950
-      ..47b4aee3
-      ..7ec7f856
-      ..500d193c
-      ..fe799021
-      ..0ea31667
-      ..50bf9144
-      ..39455e61
-      ..fe64c950
-      ..7ec7f856
-      ..078f7d7b
-      ..fe799021
-      ..0ea31667
-      ..2aa90849
-      ..9be51af6
-      ..fe64c950
-      ..e1677416
-      ..0ea31667
-      ..54e3fe0a
-      ..bb5cefd0
-      ..fe64c950
-      ..47b4aee3
-      ..7ec7f856
-      ..e5a77699
-      ..08eb2eb5
-      ..1baa8346
-      ..b9c02c97
-      ..ee3e4260
-      ..3f1d2908
-      ..f9cb8dd6
-      ..fe799021
-      ..0ea31667
-      ..e6ba1c28
-      ..c88a7223
-      ..fe64c950
-      ..e1677416
-      ..0ea31667
-      ..d14e3ed4
-      ..66fc7bcd
-      ..fe64c950
-      ..47b4aee3
-      ..7ec7f856
-      ..1ff6d5a6
-      ..fe799021
-      ..0ea31667
-      ..c036015a
-      ..c88a7223
-      ..062f988e
-      ..0ea31667
-      ..ea2ee64d
-      ..bcb27156
-      ..062f988e
-      ..42a59577
-      ..c6ca7138
-    },..e6a4c7ad
-    "f..a563eca3
-      ..8fd0829c
-      ..49467989
-      ..322e1a7c
-    },..e6a4c7ad
-      ..e096e296
+      ..67786429
+      ..f84daf5f
-    "g..c5194429
-      ..35169fc9
-      ..cd57aa42
-      ..0a078943
-      ..139c8e98
-      ..e19f5bfb
-      ..b8bb12e9
-      ..c6ca7138
-    },..e6a4c7ad
-    "g..36298dbb
-      ..dd857635
-      ..58d9ba29
-      ..c6f8639e
-      ..139c8e98
-      ..b8bb12e9
-      ..c6ca7138
-    },..e6a4c7ad
-      ..947899e6
-      ..a4f138a9
-      ..6733e4fc
-    },..e6a4c7ad
-    "g..65417218
-      ..86fbc94a
-      ..ef85dd22
-      ..69097635
-      ..139c8e98
-      ..bf2eca0b
-      ..5f067b6e
-      ..32a9a270
-      ..832b9f32
-      ..a75907f5
-      ..4be6722d
-      ..c6ca7138
+      ..10ba2c36
+      ..36893d1b
+      ..724068a7
+      ..f84daf5f
-    "g..37393eec
-      ..1e829fde
-      ..9947d33b
-      ..be97e155
-    },..e6a4c7ad
-    "h..456cde50
-      ..dd857635
-      ..a51fd074
-      ..b68f3d4d
-      ..139c8e98
-      ..3d96f18c
-      ..c6ca7138
-    },..e6a4c7ad
-    "h..d723b56e
-      ..dd857635
-      ..506d49a3
-      ..09c6ab5c
-    },..e6a4c7ad
-    "h..33b942ac
-      ..4d530198
-      ..7410dc5a
-      ..5afb3cbf
-    },..e6a4c7ad
-      ..dd857635
-      ..abbff351
-      ..fbdb7615
-      ..139c8e98
-      ..d381d0d4
-      ..410c5b36
-      ..c6ca7138
+      ..be954a3a
+      ..85e600e5
+      ..f417aac9
+      ..f84daf5f
-    "i..d565ce04
-      ..63bb5160
-      ..7b9a5f9c
-      ..c8d8255d
-    },..e6a4c7ad
-    "i..526f694d
-      ..c3f70002
-      ..9b52a474
-      ..3dc12821
-    },..e6a4c7ad
-    "i..e8824610
-      ..d79b0737
-      ..d249c654
-      ..f3792d64
-      ..139c8e98
-      ..7576b9ca
-      ..6424fabf
-      ..e2be9d0b
-      ..703ca472
-      ..340f7539
-      ..68620d6a
-      ..9f9e5b10
-      ..5b58c09a
-      ..3342bad3
-      ..ccfb0972
-      ..e7c4b1d5
-      ..2c706231
-      ..2bfd4d5c
-      ..be54ce41
-      ..370719c7
-      ..5b1ddaf0
-      ..33873ff6
-      ..bf02b6cd
-      ..3c3a7ccd
-      ..5a95e916
-      ..0ea31667
-      ..22537f4b
-      ..283f35d8
-      ..6a4aae01
-      ..437c1138
-      ..7ec7f856
-      ..cec1979c
-      ..fe799021
-      ..0ea31667
-      ..074cc326
-      ..91a00c36
-      ..132c4575
-      ..5b5b658f
-      ..7ec7f856
-      ..2e4bd115
-      ..c172fc9e
-      ..87d263a1
-      ..fe799021
-      ..0ea31667
-      ..2c4d68b6
-      ..bf02b6cd
-      ..3da0d720
-      ..36f4f5aa
-      ..0ea31667
-      ..50bf9144
-      ..2f06d0ab
-      ..5e3c2129
-      ..c644af99
-      ..7ec7f856
-      ..5714b5f1
-      ..fe799021
-      ..0ea31667
-      ..066ce3c5
-      ..ae842028
-      ..032e575a
-      ..3c233eee
-      ..7ec7f856
-      ..4c77c8ee
-      ..fe799021
-      ..42a59577
-      ..c6ca7138
-    },..e6a4c7ad
-      ..6dbc308c
-      ..15ae1dbb
-      ..0e08a6fe
+      ..2d3d2ac4
+      ..96926a5d
+      ..cb08919c
+      ..d529fb1b
-    "i..2bc411aa
-      ..74e286fc
-      ..a4d1dc52
-      ..ad80debc
-    },..e6a4c7ad
-    "i..cbfba1d6
-      ..8fd0829c
-      ..4c311a7a
-      ..d96ff304
-      ..139c8e98
-      ..35516066
-      ..c6ca7138
-    },..e6a4c7ad
-    "i..1a06c185
-      ..f3767506
-      ..2bfcf012
-      ..91215095
-    },..e6a4c7ad
-    "i..5e030cc5
-      ..38e30c50
-      ..46ba79a8
-      ..7d2e143c
-    },..e6a4c7ad
-    "i..e2c8c1a0
-      ..f4d36713
-      ..ef7bd675
-      ..6539edec
-      ..139c8e98
-      ..c4dac3b3
-      ..c6ca7138
-    },..e6a4c7ad
-    "i..53fc1bac
-      ..0d9a27c0
-      ..db9dde24
-      ..16ac445b
-    },..e6a4c7ad
-    "i..29273830
-      ..74e286fc
-      ..d9c7cfb2
-      ..6ae87f12
-    },..e6a4c7ad
-    "i..f81ac5eb
-      ..f8386885
-      ..30e76595
-      ..b3c995c1
-      ..139c8e98
-      ..00d9cb04
-      ..c6ca7138
-    },..e6a4c7ad
-      ..102065e4
+      ..04d4ff19
+      ..f84daf5f
-    "i..6d53bb7b
-      ..b891f123
-      ..012bc677
-      ..437a04cb
-      ..139c8e98
-      ..0439aec9
-      ..c6ca7138
-    },..e6a4c7ad
-    "i..9dcfb367
-      ..4297ae69
-      ..7b8a9029
-      ..2a012600
-      ..139c8e98
-      ..532f068b
-      ..c6ca7138
-    },..e6a4c7ad
-    "i..d5b4fbaf
-      ..74e286fc
-      ..0ff0c7b9
-      ..2c20a2da
-    },..e6a4c7ad
-    "i..45c44110
-      ..8fd0829c
-      ..1ab0e4a7
-      ..8f48f24f
-      ..139c8e98
-      ..e75c32a3
-      ..c6ca7138
-    },..e6a4c7ad
-    "i..947ac38e
-      ..8fd0829c
-      ..16e0e04d
-      ..5c4ba428
-      ..139c8e98
-      ..7419e9c8
-      ..c6ca7138
-    },..e6a4c7ad
-    "i..7d3429c9
-      ..0d9a27c0
-      ..9b7d0f91
-      ..f26317d3
-    },..e6a4c7ad
-    "i..b7140183
-      ..dd857635
-      ..1c62d2a1
-      ..7514078f
-    },..e6a4c7ad
-    "i..af5ec481
-      ..4297ae69
-      ..4344b33b
-      ..aefcf2f7
-    },..e6a4c7ad
-    "i..00ceb93c
-      ..fbbefbeb
-      ..401d49d3
-      ..a482cdf9
-    },..e6a4c7ad
-      ..905ea75f
-    },..e6a4c7ad
-    "i..c490d740
-      ..4297ae69
-      ..7ab42a1e
-      ..bfc5c985
-      ..139c8e98
-      ..11ed6bb2
-      ..c6ca7138
+      ..eaf72b71
+      ..f84daf5f
+    "j..97f6a055
+      ..43946cb4
+      ..b7ec307b
+      ..3cb03a00
+      ..f84daf5f
+    },..e11ebda6
-    "j..8250843e
-      ..8fd0829c
-      ..01d7674f
-      ..138b0120
-    },..e6a4c7ad
-      ..451b9bcd
-    },..e6a4c7ad
-    "j..43b3af59
-      ..49636c90
-      ..2d866fb2
-      ..e8334c33
-      ..139c8e98
-      ..e8a9862e
-      ..85bce343
-      ..c6ca7138
+      ..e479b932
+      ..f84daf5f
-      ..db9a24ea
-      ..8faf1129
-      ..fecca05a
+      ..23e38964
+      ..ea8ee6c4
+      ..5e3b2916
+      ..f84daf5f
-    "j..81347358
-      ..a334f7af
-      ..f759b9ed
-      ..cbd98935
-    },..e6a4c7ad
-    "j..32f0824c
-      ..8fd0829c
-      ..d1d8bdba
-      ..d851fe59
-    },..e6a4c7ad
-      ..5ff41a88
-      ..3c66b6c7
-      ..2c8470b4
+      ..ac64a00d
+      ..802228ca
+      ..953d1773
+      ..d529fb1b
+      ..3095238d
+      ..895ca978
+      ..ec6c0f52
-    "k..4bf69128
-      ..ea1ee019
-      ..96ccd7f9
-      ..086ad636
-      ..139c8e98
-      ..59c5b863
-      ..c6ca7138
-    },..e6a4c7ad
-    "l..6ae4ccc0
-      ..74e286fc
-      ..90bc6089
-      ..a67f554a
-      ..139c8e98
-      ..bfd849a5
-      ..c6ca7138
-    },..e6a4c7ad
-    "l..babc6b96
-      ..35169fc9
-      ..8ec8d14a
-      ..849445c1
-      ..139c8e98
-      ..e79b00ff
-      ..91ec48b7
-      ..c6ca7138
-    },..e6a4c7ad
+      ..d529fb1b
-      ..8043ab3a
+      ..3c27b562
+      ..f84daf5f
-      ..7261f4a7
-      ..23fe8e48
-      ..70849405
+      ..1bd9354b
+      ..0496c1ca
+      ..3fc6bf1b
+      ..d529fb1b
-      ..7ed8561d
+      ..ac3a6c82
-    "l..fbd1330d
-      ..b0bd5d17
-      ..351cbf59
-      ..5fde6a32
-      ..139c8e98
-      ..992e08a5
-      ..4d068d0d
-      ..c6ca7138
-    },..e6a4c7ad
-    "m..c03e40ad
-      ..8fd0829c
-      ..5ec62885
-      ..e243ed82
+    "m..cdf7b761
+      ..5b2f84b7
+      ..786676de
+      ..f9859b02
+      ..d529fb1b
+      ..3095238d
+      ..78507ac8
+      ..ec6c0f52
-    "m..585cc7bd
-      ..fbbefbeb
-      ..e7ca6c39
-      ..671c931d
-      ..139c8e98
-      ..3366906e
-      ..c6ca7138
-    },..e6a4c7ad
-    "m..98cea1ee
-      ..c3227b79
-      ..32fbc2ad
-      ..7c5870c3
-      ..139c8e98
-      ..46e30d17
-      ..42c1f6b6
-      ..9cab1a14
-      ..4aa9a4d1
-      ..9d6db372
-      ..4a56fb13
-      ..2f91f7de
-      ..e1d2464a
-      ..4e991f86
-      ..40b72ce0
-      ..76b9c475
-      ..e633c45c
-      ..2050ed26
-      ..c6ca7138
-    },..e6a4c7ad
-      ..4f3f036c
+      ..7acb9dfb
+      ..f84daf5f
-    "m..f3810cbe
-      ..4de1b446
-      ..9a522e6f
-      ..7146c4a2
-      ..139c8e98
-      ..218e5a49
-      ..fae410ee
-      ..8c8541cd
-      ..03029f5f
-      ..8f8a928c
-      ..994a7a24
-      ..5342afe0
-      ..79aea21c
-      ..03036cd3
-      ..ab919631
-      ..370719c7
-      ..5b1ddaf0
-      ..156fbc7b
-      ..bc6705f6
-      ..bf31a2b8
-      ..ebc0afc5
-      ..0ea31667
-      ..4c3d7401
-      ..b174055b
-      ..184731d7
-      ..3232e74b
-      ..7ec7f856
-      ..41792545
-      ..fe799021
-      ..0ea31667
-      ..066ce3c5
-      ..3f0393ed
-      ..ca8d0880
-      ..8a965e63
-      ..7ec7f856
-      ..e7c4ad33
-      ..fe799021
-      ..42a59577
-      ..c6ca7138
-    },..e6a4c7ad
-    "m..bcb2baa0
-      ..ab317e46
-      ..ebbd356e
-      ..611b7047
-    },..e6a4c7ad
-    "n..a4006d95
-      ..55fab73a
-      ..8181ce07
-      ..ecae68d7
-    },..e6a4c7ad
-    "n..27282b71
-      ..a3ab0423
-      ..f81e493e
-      ..f0fb5544
+    "n..57b82494
+      ..603aee2e
+      ..e7d5d7c8
+      ..e4cfbb31
+      ..f84daf5f
+    },..e11ebda6
+    "n..934de411
+      ..4549d253
+      ..0aed1cdf
+      ..b09541f6
+      ..f84daf5f
+    },..e11ebda6
+    "n..2daa4ab8
+      ..4a8ad5d5
+      ..846b9efc
+      ..3f902ec4
+      ..d529fb1b
-      ..a7e151f7
+      ..0806fb13
+      ..d529fb1b
-      ..799e7c30
+      ..5bde2181
+      ..f84daf5f
-    "o..38e7d7a2
-      ..b891f123
-      ..3340076e
-      ..0ea5c7b9
-      ..139c8e98
-      ..190f45b1
-      ..842eb583
-      ..c6ca7138
-    },..e6a4c7ad
-    "o..386971b5
-      ..b891f123
-      ..77f35448
-      ..0d7b6a72
-      ..139c8e98
-      ..3366906e
-      ..c6ca7138
-    },..e6a4c7ad
-    "o..b9bd8b8e
-      ..9b7931b3
-      ..cadf1e0f
-      ..fdad3c8a
-      ..139c8e98
-      ..c76fdee0
-      ..0311fb9e
-      ..c0b3fb5a
-      ..e79b00ff
-      ..c0544185
-      ..b1926ac2
-      ..c6ca7138
-    },..e6a4c7ad
-    "o..2c67a671
-      ..f8386885
-      ..2c573991
-      ..63e70313
-    },..e6a4c7ad
-    "o..3b457578
-      ..4297ae69
-      ..f19d71ec
-      ..4f8b49a9
-      ..139c8e98
-      ..ab0fec5f
-      ..f53c9acf
-      ..18d7ec1c
-      ..c6ca7138
-    },..e6a4c7ad
-    "o..0a6760b2
-      ..f8386885
-      ..9bea11b0
-      ..f00cefd9
-    },..e6a4c7ad
+    "p..52bfe809
+      ..4549d253
+      ..50aa7c78
+      ..732cc6d2
+      ..f84daf5f
+    },..e11ebda6
+    "p..4c168a03
+      ..98c8cd7a
+      ..40a248d1
+      ..8c3bbb89
+      ..f84daf5f
+    },..e11ebda6
+      ..d529fb1b
+      ..d529fb1b
-      ..3373bd34
+      ..5d763335
+      ..f84daf5f
-    "p..191e16a4
-      ..201a857c
-      ..653c0c87
-      ..569bb842
-      ..139c8e98
-      ..eca8102e
-      ..5701d80f
-      ..2f91f7de
-      ..b8bb12e9
-      ..c6ca7138
-    },..e6a4c7ad
-      ..de3aef5a
+      ..d8adbca7
+      ..f84daf5f
-    "p..90152bf7
-      ..f8386885
-      ..52fd283f
-      ..ba03310b
-    },..e6a4c7ad
-      ..b09cbf6a
+      ..6cc47435
+      ..f84daf5f
+    },..e11ebda6
+    "p..f3e936c6
+      ..9049c0bf
+      ..f0c71de2
+      ..9972baf3
+      ..f84daf5f
-    "p..b7f3850a
-      ..7eef5e81
-      ..617c814f
-      ..16e47611
-    },..e6a4c7ad
-    "p..9237d17b
-      ..496e9aba
-      ..a278c8d5
-      ..f4b2bc0e
+    "p..09d7f025
+      ..cda5fa36
+      ..96361796
+      ..3d1fe8ec
+      ..d529fb1b
+      ..3095238d
+      ..a67d9870
+      ..ec6c0f52
-    "p..a22b8fd0
-      ..8a41bd9e
-      ..f7332316
-      ..3b14ef90
+    "p..c6b31530
+      ..98c8cd7a
+      ..bb523c21
+      ..3a35a882
+      ..d529fb1b
+      ..3095238d
+      ..95b6dab6
+      ..ec6c0f52
-    "p..37400a25
-      ..12608249
-      ..601d965f
-      ..d60e651c
-    },..e6a4c7ad
-      ..168b3d4a
+      ..019bde41
+      ..f84daf5f
-    "p..de79f3bd
-      ..dd857635
-      ..9e6bb3bc
-      ..5073815e
-    },..e6a4c7ad
-    "p..7f0984ff
-      ..f8386885
-      ..f63a4943
-      ..137d45a6
-    },..e6a4c7ad
+    "p..5bc54a7f
+      ..be954a3a
+      ..dfae3261
+      ..92028bba
+      ..d529fb1b
+      ..3095238d
+      ..3ee7fa0b
+      ..21acbcb8
+      ..ec6c0f52
+    },..e11ebda6
-    "r..b2729e77
-      ..971e2fb3
-      ..1635e50f
-      ..6ca78038
-      ..139c8e98
-      ..b0b5d383
-      ..b7dfa9a0
-      ..e06e3fa6
-      ..370719c7
-      ..5b1ddaf0
-      ..98c8e9c8
-      ..2f06d0ab
-      ..8d92d025
-      ..8cff5a08
-      ..0ea31667
-      ..aff671f2
-      ..f8f103f3
-      ..eedf1dfe
-      ..8a48bb9b
-      ..42a59577
-      ..c6ca7138
-    },..e6a4c7ad
-    "r..0b3ae1da
-      ..4297ae69
-      ..6cf28ac0
-      ..4ad9dcaf
-      ..139c8e98
-      ..a9d2befe
-      ..ca8a00a7
-      ..fb8d9851
-      ..bf999bf4
-      ..c6ca7138
-    },..e6a4c7ad
-      ..3f0e60c5
-      ..9819dbe6
-      ..ec111153
+      ..1bd9354b
+      ..6edd3609
+      ..8d80305a
+      ..f84daf5f
-    "r..23a83858
-      ..94d1ffd3
-      ..86dc63ce
-      ..0d5a42ca
+    "r..57cf48f0
+      ..129437d1
+      ..e6d012dc
+      ..fd883d33
+      ..d529fb1b
+      ..3095238d
+      ..3a08d72b
+      ..ec6c0f52
-      ..eec28f42
-      ..30952e03
-      ..2c9b7c30
+      ..1fda5e3f
+      ..63e50dbb
+      ..b044e982
+      ..d529fb1b
-      ..3bd06ec2
-      ..6f9ec723
-    "r..f9cda589
-      ..99386cb4
-      ..70496cbb
-      ..ccb3ec74
+    "r..86358eb2
+      ..ffc724f1
+      ..397ad684
+      ..21b858b6
+      ..d529fb1b
-      ..ced544eb
+      ..7956b7b5
+      ..09810585
+      ..9e77d2fe
+      ..3c0cf709
+      ..73500631
+      ..7efa27fc
+      ..788ac591
+      ..67cc9c49
+      ..bba3abac
+      ..c95e636b
+      ..f50d5dba
+      ..6d4e30be
+      ..c5b37f84
+      ..13ba9654
+      ..358317ac
+      ..923ba4a3
+      ..a4c074fb
+      ..870a5a2e
+      ..9123e0f2
+      ..e7f0304f
+      ..823afd83
+      ..9a40291e
+      ..02390e6f
+      ..f50d5dba
+      ..cf9af904
+      ..ac7da8dd
+      ..6f2c8563
+      ..7b30dc93
+      ..923ba4a3
+      ..a4c074fb
+      ..267fa474
+      ..6265661a
+      ..65031ebd
+      ..a71f9377
+      ..e6bc2be5
+      ..833335eb
+      ..ac1d29f8
+      ..02390e6f
+      ..f50d5dba
+      ..70cb7ce9
+      ..f0aa2a6b
+      ..088178b4
+      ..b75265a0
+      ..923ba4a3
+      ..a4c074fb
+      ..3d7dbe5c
+      ..02390e6f
+      ..f50d5dba
+      ..5317f6d8
+      ..f4379c7e
+      ..2912a5d0
+      ..1f683041
+      ..923ba4a3
+      ..a4c074fb
+      ..9899b7c1
+      ..02390e6f
+      ..f50d5dba
+      ..8865ab80
+      ..62ac9648
+      ..b10b1bdf
+      ..fbf60380
+      ..c95e636b
+      ..f50d5dba
+      ..310dfcfd
+      ..62ac9648
+      ..d272c5bc
+      ..78958c2f
+      ..923ba4a3
+      ..a4c074fb
+      ..38ec1892
+      ..02390e6f
+      ..f50d5dba
+      ..31ae149d
+      ..f0aa2a6b
+      ..919d510c
+      ..6d850927
+      ..923ba4a3
+      ..a4c074fb
+      ..f41cbfd0
+      ..e9d765f0
+      ..02390e6f
+      ..f50d5dba
+      ..08e55fde
+      ..f4379c7e
+      ..6c988214
+      ..ed7ec7e2
+      ..923ba4a3
+      ..a4c074fb
+      ..de1b51c0
+      ..1f24f1ad
+      ..2cb8b9eb
+      ..02390e6f
+      ..f50d5dba
+      ..b0461a7e
+      ..25482db4
+      ..ca530893
+      ..9bb35f02
+      ..923ba4a3
+      ..a4c074fb
+      ..b7c9a904
+      ..d71d6d14
+      ..de9a60f9
+      ..02390e6f
+      ..f50d5dba
+      ..7bc96686
+      ..eefe2bfc
+      ..fabc0fb1
+      ..05b3fb30
+      ..923ba4a3
+      ..a4c074fb
+      ..8075a6fb
+      ..02390e6f
+      ..f50d5dba
+      ..ded70932
+      ..f0aa2a6b
+      ..2e4127ec
+      ..1fbe9712
+      ..923ba4a3
+      ..a4c074fb
+      ..a8d259c4
+      ..02390e6f
+      ..f50d5dba
+      ..d482b2a0
+      ..62ac9648
+      ..8f88c5be
+      ..e316e709
+      ..c95e636b
+      ..f50d5dba
+      ..38eb718f
+      ..06654fcc
+      ..83cc0f70
+      ..ee6bd2b2
+      ..923ba4a3
+      ..a4c074fb
+      ..7afaee97
+      ..c0a48ebe
+      ..1646df48
+      ..f13d940d
+      ..03680fe9
+      ..0a45a8e6
+      ..aba75a21
+      ..52d1d4ab
+      ..f81d2c37
+      ..e0102e35
+      ..b4d3beba
+      ..912ea9c8
+      ..02390e6f
+      ..f50d5dba
+      ..ff7bea9c
+      ..6280e6aa
+      ..a6bc6696
+      ..db36499c
+      ..923ba4a3
+      ..a4c074fb
+      ..1e9ecdb6
+      ..3a398c23
+      ..02390e6f
+      ..eafe6e6d
-    "r..e49ad94c
-      ..fbbefbeb
-      ..af6061a7
-      ..bdf4e445
-    },..e6a4c7ad
-      ..dd857635
-      ..a78b2d01
-      ..11469d9b
+      ..6bc57f1d
+      ..4f790f7a
+      ..434a9857
+      ..d529fb1b
-      ..3bedab6f
-      ..02256f0d
-      ..026c524f
+      ..e02a9ef5
+      ..6a90b1f0
+      ..f0bbda90
+      ..80abf6ec
+      ..141ffee8
+      ..61813dcf
-      ..12608249
-      ..36f42b59
-      ..3de39903
+      ..09200546
+      ..b016ebdf
+      ..46a96454
+      ..f84daf5f
-      ..ad756c0a
-      ..20d2f56f
-      ..c6bd807e
+      ..13c848d6
+      ..1a257482
+      ..6c06f9e5
+      ..d529fb1b
-      ..c6ca7138
-    },..e6a4c7ad
-    "r..0c776b9a
-      ..fbbefbeb
-      ..ed48a5ee
-      ..03343aad
-    },..e6a4c7ad
-    "r..b7a2dbfb
-      ..8a41bd9e
-      ..543ebbdf
-      ..f057da26
-    },..e6a4c7ad
-    "r..1ef7aedd
-      ..901e9d41
-      ..e58afe90
-      ..252af154
-    },..e6a4c7ad
-    "r..6168a4d6
-      ..b891f123
-      ..636c1a57
-      ..c6741166
-      ..139c8e98
-      ..2bde61cd
+      ..3c0cf709
+      ..73500631
+      ..3d6054c7
+      ..98cfe82a
+      ..087dd495
+      ..2956ac9b
+      ..c95e636b
+      ..eafe6e6d
-      ..09f36c45
+      ..f14cbf9c
+      ..f84daf5f
-      ..5c0d12d9
-    },..e6a4c7ad
-    "r..7683f707
-      ..38e30c50
-      ..b29cbbff
-      ..71dfce6f
-      ..139c8e98
-      ..aa39896a
-      ..7c34437e
-      ..c6ca7138
-    },..e6a4c7ad
-    "r..1bc18c85
-      ..8fd0829c
-      ..3fbdebec
-      ..f6008916
+      ..3d0dc9c9
+      ..f84daf5f
-    "r..b3ed8dc9
-      ..dd857635
-      ..9f05fe3f
-      ..95491b1a
+    "r..d0e1f8df
+      ..d028f06d
+      ..d1622e8f
+      ..3c46c859
+      ..d529fb1b
-      ..b47dc755
-      ..e43965b5
+      ..b28fc623
-    "r..081f91b1
-      ..7d56dd7c
-      ..1838e4f6
-      ..e0ef063a
-      ..139c8e98
-      ..533c77f7
-      ..c6ca7138
-    },..e6a4c7ad
-    "r..4cbeca3b
-      ..1584ae47
-      ..616a9718
-      ..c4acfe84
-    },..e6a4c7ad
-    "r..2a6e60f6
-      ..1584ae47
-      ..8d2cdd2b
-      ..04d17c68
-      ..139c8e98
-      ..ac264578
-      ..c6ca7138
-    },..e6a4c7ad
-      ..3f9dd1b4
+      ..c66581bb
+      ..f84daf5f
-      ..973484db
-    },..e6a4c7ad
-    "s..d53d43fa
-      ..8fd0829c
-      ..f9962ae4
-      ..4b9da823
+      ..06d03f7a
+      ..f84daf5f
+      ..d529fb1b
-      ..f95ade56
+      ..cd402bfc
+      ..f84daf5f
-      ..2a33a4e1
+      ..3addd05f
+      ..f84daf5f
-    "s..7f2c96bd
-      ..74e286fc
-      ..1bbb4e14
-      ..cb38d0eb
-    },..e6a4c7ad
-    "s..58081048
-      ..74e286fc
-      ..73341514
-      ..dda5defd
-      ..139c8e98
-      ..feb49b10
-      ..c6ca7138
-    },..e6a4c7ad
-    "s..3e8ff6c8
-      ..3ed53caf
-      ..07784eb7
-      ..6c6e3e83
-    },..e6a4c7ad
-    "s..89b6e520
-      ..901e9d41
-      ..d44fa79a
-      ..ab9fe577
-    },..e6a4c7ad
-    "s..aa727326
-      ..5971ea0b
-      ..330c6597
-      ..214b9f3d
-      ..139c8e98
-      ..07119f60
-      ..7f6aa313
-      ..937acba6
-      ..d26c518d
-      ..422a1b94
-      ..810e1922
-      ..3b98fb4c
-      ..09a576df
-      ..20e09ab4
-      ..92ef45d6
-      ..743405d6
-      ..d42c2512
-      ..c6ca7138
-    },..e6a4c7ad
-    "s..015a2c6b
-      ..0d9a27c0
-      ..a1144c73
-      ..1da04a27
-    },..e6a4c7ad
-    "s..0b73d568
-      ..3ed53caf
-      ..a3b682ae
-      ..4354240c
-      ..139c8e98
-      ..c02ddc79
-      ..cce01713
-      ..9d5a7a86
-      ..c6ca7138
-    },..e6a4c7ad
-    "s..749f09b6
-      ..2921b257
-      ..89634b69
-      ..5db6094b
-      ..139c8e98
-      ..048860f2
-      ..4071aacb
-      ..553c16e3
-      ..c6ca7138
-    },..e6a4c7ad
-      ..5a5d8dfe
+      ..9470078d
+      ..f84daf5f
-      ..9362c053
-      ..51a5f77e
-      ..c21f4747
+      ..3c071a05
+      ..43fc39d9
+      ..0d2c89ff
+      ..d529fb1b
-      ..f5c954d2
+      ..ebe774ad
+      ..d0adb744
+      ..3c0cf709
+      ..73500631
+      ..a94f65a3
+      ..7da111f9
+      ..2d2d93b8
+      ..2a7bf181
+      ..c95e636b
+      ..eafe6e6d
-    "s..6c3811f1
-      ..38e30c50
-      ..96dbd6f0
-      ..61373ed9
-    },..e6a4c7ad
+      ..d529fb1b
-      ..5a95e916
+      ..eab2f3d2
+      ..c95e636b
+      ..923ba4a3
+      ..d529fb1b
-      ..3d27d0f5
+      ..9af5b1d6
+      ..f84daf5f
-    "s..bc1bc3d3
-      ..b891f123
-      ..1d27aa08
-      ..42eb3b34
-    },..e6a4c7ad
-    "s..65efd0b7
-      ..dd857635
-      ..6d966506
-      ..58f940bc
-    },..e6a4c7ad
-    "t..18bd927f
-      ..cf847383
-      ..c30f174e
-      ..6d993fc3
-      ..139c8e98
-      ..5913c08a
-      ..44886c71
-      ..2e70dc25
-      ..09bddb71
-      ..cae2b79a
-      ..e82f0179
-      ..370719c7
-      ..5b1ddaf0
-      ..22537f4b
-      ..283f35d8
-      ..6a4aae01
-      ..437c1138
-      ..7ec7f856
-      ..cec1979c
-      ..fe799021
-      ..0ea31667
-      ..074cc326
-      ..91a00c36
-      ..132c4575
-      ..5b5b658f
-      ..7ec7f856
-      ..2e4bd115
-      ..c172fc9e
-      ..87d263a1
-      ..fe799021
-      ..0ea31667
-      ..2c4d68b6
-      ..bf02b6cd
-      ..3da0d720
-      ..36f4f5aa
-      ..0ea31667
-      ..066ce3c5
-      ..ae842028
-      ..032e575a
-      ..3c233eee
-      ..7ec7f856
-      ..4c77c8ee
-      ..fe799021
-      ..42a59577
-      ..c6ca7138
-    },..e6a4c7ad
-    "t..e5054c73
-      ..12608249
-      ..c986dccf
-      ..a4138682
-    },..e6a4c7ad
-    "t..4ca7db2e
-      ..90249dca
-      ..b57bfa17
-      ..78c8ef73
-      ..139c8e98
-      ..eebcad0e
-      ..c6ca7138
-    },..e6a4c7ad
-      ..38e30c50
-      ..d96488d1
-      ..4230ba1b
+      ..98c8cd7a
+      ..f59f1a94
+      ..51fb83d0
+      ..f84daf5f
-      ..f16fa32e
+      ..0c1da36e
+      ..f84daf5f
-      ..f8386885
-      ..c171b631
-      ..3d2c7d8b
+      ..f2f071f3
+      ..f36e779d
+      ..1eb9d959
-    "t..1fe75bfb
-      ..84597526
-      ..1d18d617
-      ..69b4731a
-      ..139c8e98
-      ..dc585b90
-      ..c6ca7138
-    },..e6a4c7ad
-    "t..6d9defc8
-      ..d08e3576
-      ..3c832651
-      ..60312b2c
-    },..e6a4c7ad
+    "u..2f3e2a3b
+      ..0e7bd158
+      ..69214073
+      ..cb5c6070
+      ..f84daf5f
+    },..e11ebda6
+    "u..97e55eac
+      ..0e7bd158
+      ..2ff43a81
+      ..c432548a
+      ..d529fb1b
+      ..3095238d
+      ..0459183e
+      ..bf7b758e
+      ..ec6c0f52
+    },..e11ebda6
+    "u..c5deba59
+      ..d3cfc02a
+      ..f63771ec
+      ..43c08fd7
+      ..f84daf5f
+    },..e11ebda6
+    "u..aea88d46
+      ..0e7bd158
+      ..3cbb668c
+      ..8faf39ca
+      ..f84daf5f
+    },..e11ebda6
+      ..d529fb1b
-      ..ebb517d4
-    },..e6a4c7ad
-    "w..92424c16
-      ..74e286fc
-      ..8a295dc2
-      ..8fd80a53
+      ..c8c32511
+      ..f84daf5f
+      ..d529fb1b
+      ..923ba4a3
+      ..923ba4a3
-    "w..2d9babbc
-      ..59881718
-      ..a0d977bd
-      ..477ca275
-      ..139c8e98
-      ..f55abf0b
-      ..c6ca7138
-    },..e6a4c7ad
-      ..01262ed8
+      ..d231b300
+      ..f84daf5f
-    "y..8ab6ad8e
-      ..107b8d67
-      ..bbc8f3f0
-      ..e31feb60
-    },..e6a4c7ad
-    "y..4816184c
-      ..cf0e88bf
-      ..b6cc82a8
-      ..d5376636
-      ..139c8e98
-      ..ee9f3c48
-      ..d9329e8a
-      ..0c05a1a1
-      ..7179b952
-      ..05c1bcd2
-      ..01b3bc06
-      ..1a5d1b0b
-      ..6d8b1e52
-      ..6c699980
-      ..237026e4
-      ..b20c34d8
-      ..c85469e3
-      ..c6ca7138
-    },..e6a4c7ad
-    "y..7fbd0219
-      ..5aa44dc9
-      ..cd7aa79e
-      ..c51b17e5
-      ..139c8e98
-      ..ceef8ce7
-      ..c6ca7138
-    },..e6a4c7ad
-    "b..ec124dea
-    "b..8b62a616
-    "b..4d59e21b
-    "b..adeb9b8d
-    "b..8bb75c3b
+    "@..b2eee7b4
-    "m..dab094ba
-    "s..ee2f1afb
-    "s..f4780927
-    "t..a5a082da
+    "m..2596e522
+    "t..07d332b9
-  "dev..5e9233da
+  "dev..785e72c3
+    "@..e0fe3323
+    "@..dc85ce10
+    "@..53df68ba
+  },..12ada8a0
-requir..b5a95b6e
+requir..a57bfee1
-requir..a9a06eb9
+requir..3742ecf7
-requir..b5a95b6e
+requir..a57bfee1
-requir..a9a06eb9
+requir..3742ecf7
-requir..b5a95b6e
+requir..a57bfee1
-requir..a9a06eb9
+requir..3742ecf7