+    ev..b6ae6bd5
+..aab9e3f3
+    /*..80d4c9de
+      ..9d5d7eee
+      ..948150d2
+      ..7af6b689
+      ..42aa7891
+    */..0121626f
+    ev..6c2acf33
+..aab9e3f3
+    /*..80d4c9de
+      ..ca8b1ca9
+      ..ce6de20d
+      ..db725ad3
+    */..0121626f
+    ev..7e25d1b7
+..aab9e3f3
+..aab9e3f3
+    /*..80d4c9de
+      ..9beeb507
+      ..18d48bb6
+      ..deea7458
+     *..9acc9867
+    fu..0c7d0a87
+      ..f6410a66
+      ..6dff3b47
+      ..1e5b4785
+      ..570032ad
+    }..682c0fa2
+..aab9e3f3
+    /*..80d4c9de
+      ..7ecb9761
+      ..18d48bb6
+      ..12854aff
+     *..9acc9867
+    fu..b569e158
+    cr..9a234833
+      ..5c1ae580
+      ..5427a646
+      ..7c4ff219
+      ..262dd37d
+..aab9e3f3
+      ..af252115
+      ..553999cd
+      ..88901e65
+..aab9e3f3
+      ..527840c9
+      ..167cdd24
+      ..a772633a
+      ..b0bde375
+      ..a4ce5261
+      ..49ef06d9
+      ..53b79609
+      ..a20268a2
+      ..610cbab3
+..aab9e3f3
+      ..173d35ac
+    }..682c0fa2
+..aab9e3f3
-      ..87f684fa
-      ..e1b19cad
-      ..a6795b03
-      ..9a352776
+      ..5c17227c
+      ..bb5583f4
+      ..470a64b9
+      ..c8844d3e
-      ..3f9cc2ee
-      ..23e42353
+      ..9c31aa4c
+      ..fca812e3
+      ..38984a22
-      ..84f91064
-    ev..086b910b
-    ev..3cd9ba63
+    ev..017e31b2
-      ..ba182602
+      ..144a0137
-    /*..b3fc9576
-      ..0a061195
-      ..dccdfc1a
-      ..8abc5942
-      ..8b040369
-      ..862fa88e
-      ..5a8a7522
-    */..8a94c23c
-    fu..027b1eb4
-    ex..15417a75
-      ..8d1f4c8e
-      ..7ee7a45d
-    }..06194fb1
-      ..dc73766e
-      ..2f9ac9fb
-      ..0c5a0c03
-      ..d9125a8b
-      ..41d81b71
+      ..11d68976
+      ..b39d26e1
+      ..49571d19
+      ..9e9c041d
+      ..d29c9548
-    fu..8ab15548
-      ..69ebafe1
+    fu..1e79aec9
+      ..5ee24a16
+      ..f216dbd4
+    }..682c0fa2
+..aab9e3f3
+    /*..80d4c9de
+      ..ca7845cd
+      ..51182f55
+      ..a07b3774
+      ..e78b8893
+      ..0e9dc7a7
+    */..0121626f
+    fu..2dc85f4f
+      ..2fc0cdba
-      ..891055fc
+      ..11bd3c89
-      ..8f05acd6
-      ..7566f02b
-      ..41285b17
+      ..5baa8a1a
+      ..83b5cd29
+      ..19b4cd0e
+    */..0121626f
+    fu..35246a42
+..aab9e3f3
+      ..37125b06
+..aab9e3f3
+      ..2e8a8668
+      ..1cd2f3d3
+      ..49ef06d9
+      ..a0fde9de
+      ..0b42ad0d
+..aab9e3f3
+      ..2e89d1be
+      ..6cad15ca
+      ..52d828a2
+      ..d28427f0
+      ..4ad36d13
+      ..80c0f124
+      ..1470a747
+      ..d173357d
+      ..5ea7c6d7
+      ..fb81be37
+      ..2da09a07
+      ..83556351
+      ..ce1efe89
+      ..cd52d377
+      ..7bff4a7b
+      ..3885987d
+      ..610cbab3
+    }..682c0fa2
+..aab9e3f3
+    /*..80d4c9de
+      ..bf750350
+      ..33aa213c
+      ..18737444
+      ..ac020c0f
+    */..0121626f
+    fu..e43e9adb
+..aab9e3f3
+      ..37125b06
+      ..60b0bbc0
+..aab9e3f3
+      ..15da528c
+      ..9eccf62e
+      ..38992bc1
+      ..52617a5b
+..aab9e3f3
+      ..9ef95f10
+      ..1f652803
+      ..94a1b9d3
+..aab9e3f3
+      ..1414de97
+      ..42e34f67
+..aab9e3f3
+      ..fc9636a5
+..aab9e3f3
+      ..db94b84f
+      ..f761fdab
+      ..1cee6625
+..aab9e3f3
+      ..c4626029
+      ..0aecb705
+      ..cd4c9503
+      ..610cbab3
+    }..682c0fa2
+..aab9e3f3
+    /*..80d4c9de
+      ..cb8df467
+      ..8d8a00ed
+      ..8ac81bbb
-    fu..db4d0315
+    fu..717dced2
+..aab9e3f3
+      ..250be4a4
+      ..66dfe2ae
-      ..eae4edad
+      ..bd50647d
+      ..3b8474ca
+      ..6848f444
+      ..610cbab3
+..aab9e3f3
+      ..7907e242
+..aab9e3f3
+      ..560783bc
+      ..7530c02b
+     *..9acc9867
+    fu..62027959
+..aab9e3f3
+      ..fb64d8a3
+    }..682c0fa2
+..aab9e3f3
+    fu..f00941e6
+..aab9e3f3
+      ..800e506e
+    }..682c0fa2
+..aab9e3f3
+    /*..80d4c9de
+    ev..6c2acf33
+..aab9e3f3
+..aab9e3f3
+      ..6e063a48
+      ..657a04ba
+      ..49ef06d9
+      ..bf332099
+      ..610cbab3
+..aab9e3f3
+      ..29686b94
+..aab9e3f3
-    re..33acf539
+    re..4e7f7154
-    re..48fb5d88
+    re..7eed5414
-    it..1252df92
+    it..e2ecf2ff
-      ..7c1091fe
+      ..db0ef939
-      ..32662460
-      ..2f810741
-      ..fac87fa5
+      ..6317346b
+      ..9e04678a
+      ..8793e0da
-      ..d9c1d204
+      ..01c801d7
-      ..32662460
+      ..6317346b
-    it..9dcfa282
+    it..11e63e42
-      ..7fba897c
+      ..687afcc8
-      ..1ab24a5d
+      ..2eb08c31
-      ..fb1b2cf3
-      ..a8958b2e
-      ..2ce645f8
+      ..aefa2e81
+      ..3c45c250
+      ..a00e180e
-      ..1ab24a5d
-      ..362789a5
-      ..fb1b2cf3
+      ..2eb08c31
+      ..52c3fbad
+      ..aefa2e81
-    it..cd55c5bd
+    it..0c588905
-      ..926a4408
+      ..abc78c3b
-      ..1ab24a5d
+      ..2eb08c31
-      ..a8958b2e
+      ..3c45c250
-      ..1ab24a5d
+      ..2eb08c31
-      ..b24d9b47
+      ..1849d224
-      ..1ab24a5d
-      ..362789a5
-      ..bdad99f7
+      ..2eb08c31
+      ..52c3fbad
+      ..d37785f5
-    //..a9a34185
+    //..ecf10964
--- /de..00d8e20c
+/* glo..4affa77e
+/* esl..338e99e5
+..aab9e3f3
+var Co..2bc17c21
+..aab9e3f3
+import..b143d3fd
+import..12d79d58
+..aab9e3f3
+const ..7fceacfe
+..aab9e3f3
+const ..5feea004
+const ..4fa24918
+const ..83cb4e9a
+..aab9e3f3
+const ..f1428584
+..aab9e3f3
+const ..61b69914
+..aab9e3f3
+let us..757c5248
+let us..09d2bae2
+let us..f4ff050d
+let us..5f2093a1
+..aab9e3f3
+let en..0bd96e0d
+let cr..1c27030e
+..aab9e3f3
+let EN..c7985013
+..aab9e3f3
+let id..5c817de4
+let id..33082bbf
+let al..2c8d2b08
+let id..44c03567
+let id..6421bc4e
+let ty..4e3606a0
+..aab9e3f3
+const ..9bd39ff5
+const ..274616e7
+const ..ec4ec630
+..aab9e3f3
+let tx..42807dc7
+const ..649cb6c5
+..aab9e3f3
+let by..8eac2a5e
+..aab9e3f3
+// Ski..45821533
+if (Co..6ee5effd
+..aab9e3f3
+const ..a4a9652c
+..aab9e3f3
+//  ev..3e021c37
+functi..d31643cf
+    le..6b90a33c
+    fo..39538372
+      ..303d5e90
+      ..cf1a133e
+      ..f3323944
+      ..07756416
+      ..3763627e
+      ..a1c1083c
+      ..1bd084e9
+      ..97965016
+      ..4d87f7c0
+      ..967555a3
+      ..67c1fa65
+      ..dd64ce9e
+..aab9e3f3
+      ..5d1c37d2
+      ..ce1efe89
+      ..0ba7f132
+      ..3885987d
+      ..a234ccbc
+      ..a09e5784
+      ..610cbab3
+    }..682c0fa2
+    if..6910ea1f
+      ..9d6b8bc9
+    el..c4622377
+      ..b510a931
+}..eaefe7ac
+..aab9e3f3
+//    ..9359cac1
+functi..8325ff07
+    le..6b90a33c
+    fo..39538372
+      ..2e3eb88b
+      ..cf1a133e
+      ..f3323944
+      ..f957e640
+      ..3763627e
+      ..2afd558e
+      ..5d1c37d2
+      ..ce1efe89
+      ..0ba7f132
+      ..3885987d
+      ..a234ccbc
+      ..a09e5784
+      ..610cbab3
+    }..682c0fa2
+    if..6910ea1f
+      ..670b5d3c
+    el..c4622377
+      ..38360558
+}..eaefe7ac
+..aab9e3f3
+// Ret..cdd8ac3e
+functi..990771e3
+    //..a7602cee
+    le..19e2d67d
+..aab9e3f3
+    //..264936cd
+    le..6a3fe1b1
+    re..e94ef9d3
+}..eaefe7ac
+..aab9e3f3
+contra..6d6d9499
+    le..65455f6d
+..aab9e3f3
+    be..4391270e
+      ..a9c9d342
+      ..94988bc2
+      ..f55044ff
+..aab9e3f3
+      ..ebd13c9e
+      ..29623e86
+      ..b907d90e
+..aab9e3f3
+      ..7da3b1b2
+      ..0bde90f7
+..aab9e3f3
+      ..460504ca
+    })..a5aa53d5
+..aab9e3f3
+    af..9f9dcd91
+      ..07d96ea8
+    })..a5aa53d5
+..aab9e3f3
+    le..162ab63f
+..aab9e3f3
+    it..44ac1857
+      ..0ab4c1ce
+      ..a7ec80ce
+      ..7204016a
+      ..183550c3
+      ..188ff628
+      ..f0295a03
+      ..3da6082b
+      ..610cbab3
+    })..a5aa53d5
+..aab9e3f3
+    it..b20f89ff
+      ..65c11033
+      ..c2e2dbe1
+      ..74ebefe6
+      ..a7ec80ce
+      ..f923a350
+      ..3b1c161c
+      ..5591f3ee
+      ..5298f213
+      ..f06f8cd0
+..aab9e3f3
+      ..fd70bb98
+      ..64051c99
+      ..48322837
+      ..3c69dfaf
+      ..49efbd07
+      ..610cbab3
+..aab9e3f3
+      ..4f1c21fe
+..aab9e3f3
+      ..59f67c07
+      ..350bd317
+      ..f55395f9
+      ..1a62a6d8
+      ..ce1efe89
+      ..2a04d6c3
+      ..3885987d
+      ..610cbab3
+    })..a5aa53d5
+..aab9e3f3
+    //..f0a065e6
+    it..143b7071
+      ..d246d183
+      ..16a29ddf
+    })..a5aa53d5
+..aab9e3f3
+    it..0280b7e4
+      ..9a53c4a2
+    })..a5aa53d5
+..aab9e3f3
+    it..90ceb193
+      ..2e7b0786
+      ..8012bdb8
+      ..8ae20459
+    })..a5aa53d5
+..aab9e3f3
+    it..8ed794ea
+      ..5b92795c
+      ..11ad78a3
+      ..463abd30
+      ..610cbab3
+    })..a5aa53d5
+..aab9e3f3
+    it..dceab14e
+      ..9d8a02c3
+      ..3ae8f1d0
+      ..463abd30
+      ..610cbab3
+    })..a5aa53d5
+..aab9e3f3
+    it..80950747
+..aab9e3f3
+      ..6d324568
+      ..11ad78a3
+      ..75116926
+      ..610cbab3
+    })..a5aa53d5
+..aab9e3f3
+    it..521eff27
+..aab9e3f3
+      ..24066a8f
+      ..420b84ec
+..aab9e3f3
+      ..52d816f5
+      ..7e9d177d
+      ..9ac248b3
+      ..78d2e738
+..aab9e3f3
+      ..1f652803
+      ..10a092ee
+      ..22a52802
+      ..e7b6b8cc
+      ..77538431
+      ..ef074044
+..aab9e3f3
+      ..963fdf28
+      ..d3fcd9a2
+      ..9f0b1d20
+      ..e1ac4ed5
+      ..610cbab3
+    })..a5aa53d5
+..aab9e3f3
+    it..08b4186b
+..aab9e3f3
+      ..6d324568
+      ..7e9d177d
+      ..9ac248b3
+      ..78d2e738
+..aab9e3f3
+      ..1f652803
+      ..22a52802
+      ..94ab8fd2
+      ..e7b6b8cc
+      ..ef074044
+..aab9e3f3
+      ..86d34791
+      ..5a4d9dbd
+      ..5f9faafb
+      ..8ae42a4f
+..aab9e3f3
+      ..4c552164
+      ..80cade90
+      ..9f0b1d20
+      ..e1ac4ed5
+      ..610cbab3
+    })..a5aa53d5
+..aab9e3f3
+    it..3aa565d7
+..aab9e3f3
+      ..5b92795c
+      ..78e3f47f
+      ..610cbab3
+    })..a5aa53d5
+..aab9e3f3
+    it..937964a9
+..aab9e3f3
+      ..9d8a02c3
+      ..6a9380c7
+      ..610cbab3
+    })..a5aa53d5
+..aab9e3f3
+    it..e473b64c
+..aab9e3f3
+      ..6d324568
+      ..948b060f
+      ..610cbab3
+    })..a5aa53d5
+..aab9e3f3
+    it..34004f67
+..aab9e3f3
+      ..4fc8edaf
+..aab9e3f3
+      ..5d3507e0
+      ..42b2c7e9
+      ..83d385c5
+      ..26892491
+..aab9e3f3
+      ..23ae6d1e
+      ..5d2a705b
+      ..c600bf8e
+..aab9e3f3
+      ..fa2e79a7
+      ..12a4a809
+..aab9e3f3
+      ..068689c4
+..aab9e3f3
+      ..0e9de5d4
+      ..983f0e65
+      ..a9a95049
+      ..398128dd
+..aab9e3f3
+      ..16ee4dd4
+      ..ad320445
+..aab9e3f3
+      ..a657d161
+      ..037496e3
+      ..983f0e65
+      ..fe701e8e
+      ..3885987d
+      ..610cbab3
+    })..a5aa53d5
+..aab9e3f3
+    it..ebed89fc
+..aab9e3f3
+      ..a0f3ea75
+      ..bb906b26
+..aab9e3f3
+      ..9e04678a
+      ..8793e0da
+..aab9e3f3
+      ..82c8bbee
+      ..1ca0c3c9
+      ..37d3ab5c
+      ..365a1109
+..aab9e3f3
+      ..5bdd46b8
+      ..1946166a
+..aab9e3f3
+      ..908f4b26
+      ..b5b78bfc
+      ..610cbab3
+..aab9e3f3
+      ..01c801d7
+      ..6317346b
+    })..a5aa53d5
+..aab9e3f3
+    it..5015931f
+..aab9e3f3
+      ..9c5e0596
+      ..946e8406
+..aab9e3f3
+      ..9e04678a
+      ..8793e0da
+..aab9e3f3
+      ..82c8bbee
+      ..1ca0c3c9
+      ..365a1109
+..aab9e3f3
+      ..cc7889e2
+      ..ad320445
+..aab9e3f3
+      ..3d4d6ad0
+      ..fe701e8e
+      ..3885987d
+      ..af61a3bf
+      ..12a4a809
+..aab9e3f3
+      ..3d4d6ad0
+      ..f6dab692
+      ..3885987d
+      ..610cbab3
+..aab9e3f3
+      ..01c801d7
+      ..6317346b
+    })..a5aa53d5
+..aab9e3f3
+    it..08705ff5
+..aab9e3f3
+      ..cc1e8192
+      ..21160d85
+..aab9e3f3
+      ..4864322b
+      ..3c70cfb6
+..aab9e3f3
+      ..82dbcef0
+..aab9e3f3
+      ..4b2690b3
+      ..dd317d71
+..aab9e3f3
+      ..bc72b6b7
+      ..269b0f4d
+..aab9e3f3
+      ..08c4204e
+      ..584251ad
+..aab9e3f3
+      ..b4dc6a05
+      ..b47d3bce
+      ..299b5e02
+      ..41bcfa66
+      ..e03f0ca2
+..aab9e3f3
+      ..b4dc6a05
+      ..083435c8
+      ..299b5e02
+      ..878b24ab
+..aab9e3f3
+      ..885b0787
+      ..2d14303f
+    })..a5aa53d5
+..aab9e3f3
+    it..1ef3666a
+..aab9e3f3
+      ..0413fdaa
+      ..e4af1744
+..aab9e3f3
+      ..4864322b
+      ..3c70cfb6
+..aab9e3f3
+      ..82dbcef0
+      ..4b2690b3
+      ..dd317d71
+..aab9e3f3
+      ..2d34138b
+      ..584251ad
+..aab9e3f3
+      ..b4dc6a05
+      ..b47d3bce
+      ..299b5e02
+      ..41bcfa66
+      ..e03f0ca2
+..aab9e3f3
+      ..b4dc6a05
+      ..083435c8
+      ..299b5e02
+      ..878b24ab
+..aab9e3f3
+      ..885b0787
+      ..2d14303f
+    })..a5aa53d5
+..aab9e3f3
+    it..af74f373
+..aab9e3f3
+      ..a0f3ea75
+      ..bb906b26
+..aab9e3f3
+      ..0ace194e
+..aab9e3f3
+      ..1dc416f1
+      ..82c8bbee
+      ..1ca0c3c9
+      ..365a1109
+      ..610cbab3
+..aab9e3f3
+      ..fdf6c9e7
+      ..59add54b
+..aab9e3f3
+      ..12f48b30
+      ..9e04678a
+      ..8793e0da
+..aab9e3f3
+      ..a4e0daee
+      ..fb04926c
+..aab9e3f3
+      ..5f66b35d
+      ..01c801d7
+      ..6317346b
+..aab9e3f3
+      ..82c8bbee
+      ..1ca0c3c9
+      ..b5b78bfc
+      ..610cbab3
+    })..a5aa53d5
+..aab9e3f3
+    it..92cbffbf
+..aab9e3f3
+      ..f610c0a5
+      ..b678be05
+      ..60416eca
+..aab9e3f3
+      ..8e3bdd51
+      ..2c0b5fc2
+      ..d1e2c8c9
+..aab9e3f3
+      ..1dc416f1
+      ..a172e2a4
+      ..c5fc5841
+..aab9e3f3
+      ..fdf6c9e7
+      ..c84634c9
+..aab9e3f3
+      ..12f48b30
+      ..2e1c38a9
+..aab9e3f3
+      ..97928818
+      ..f882a95a
+..aab9e3f3
+      ..f962acf4
+      ..f73043bb
+..aab9e3f3
+      ..24490758
+      ..c4c28ff0
+      ..e3819941
+..aab9e3f3
+      ..c0ad68c0
+      ..77fca6a3
+..aab9e3f3
+      ..d1b653ae
+..aab9e3f3
+      ..e88e327f
+      ..13b13349
+..aab9e3f3
+      ..5f66b35d
+      ..18570b54
+      ..80bb532d
+      ..a6f2f274
+      ..8e776107
+    })..a5aa53d5
+..aab9e3f3
+    //..0589ba24
+    //..b63cb2d7
+    //..b542f7d6
+    //..97fd97e7
+    //..b8aacaa9
+    //..e2f042f7
+    //..83065a44
+    //..53cea170
+    //..c40ef6f1
+    //..b95b4900
+    //..c81a0b6a
+    //..0307b408
+    it..01897954
+..aab9e3f3
+    })..a5aa53d5
+..aab9e3f3
+    it..7227c567
+..aab9e3f3
+    })..a5aa53d5
+..aab9e3f3
+    it..7240c4bc
+..aab9e3f3
+    })..a5aa53d5
+..aab9e3f3
+    it..7441e516
+..aab9e3f3
+    })..a5aa53d5
+..aab9e3f3
+    it..a42615b2
+..aab9e3f3
+    })..a5aa53d5
+..aab9e3f3
+    it..ae33ef8b
+..aab9e3f3
+    })..a5aa53d5
+..aab9e3f3
+    it..dfd57036
+      ..2d1fee16
+      ..974c8301
+      ..f55247b0
+      ..73fb2441
+..aab9e3f3
+      ..cdd33287
+..aab9e3f3
+      ..643755e2
+    })..a5aa53d5
+..aab9e3f3
+    it..48190885
+..aab9e3f3
+      ..9c76790f
+      ..28341d6e
+      ..73fb2441
+..aab9e3f3
+      ..48ec39d9
+..aab9e3f3
+      ..cdd33287
+..aab9e3f3
+      ..643755e2
+    })..a5aa53d5
+..aab9e3f3
+    it..6c2cb433
+      ..58c294ee
+      ..9437f898
+      ..99da5790
+      ..6c8b5c86
+..aab9e3f3
+      ..a75da72e
+      ..3c101136
+      ..127a8f89
+      ..98911e75
+      ..b9e3f160
+..aab9e3f3
+      ..2b172d75
+      ..b5ad349b
+    })..a5aa53d5
+..aab9e3f3
+    it..d2a2c81e
+      ..3bba7180
+      ..1c1a5d51
+      ..91b750db
+      ..57f1efa2
+..aab9e3f3
+      ..c2d29685
+      ..eb12911e
+..aab9e3f3
+      ..698b9f1f
+      ..1f05a842
+      ..dc3bbcfb
+..aab9e3f3
+      ..2b172d75
+      ..54161d39
+    })..a5aa53d5
+..aab9e3f3
+    it..4f9ab42f
+..aab9e3f3
+      ..9437f898
+      ..99da5790
+      ..6c8b5c86
+..aab9e3f3
+      ..e3b71a8b
+..aab9e3f3
+      ..fdbbbf51
+      ..5634f375
+..aab9e3f3
+      ..b49239c8
+      ..0fa386f2
+      ..74e15b84
+..aab9e3f3
+      ..eb533b78
+      ..753b9295
+      ..15a33c6c
+..aab9e3f3
+      ..eb2db5d5
+      ..b5ad349b
+    })..a5aa53d5
+..aab9e3f3
+    it..31aa0fcd
+..aab9e3f3
+      ..c57aef67
+      ..e3cfae7f
+      ..6c8b5c86
+..aab9e3f3
+      ..0fadfed9
+..aab9e3f3
+      ..fdbbbf51
+      ..74ebefe6
+      ..bb8ba0e1
+..aab9e3f3
+      ..b49239c8
+      ..0fa386f2
+      ..9340e565
+..aab9e3f3
+      ..3f9ca6f9
+      ..fed81c22
+      ..133ed1b5
+      ..b73b3179
+      ..2858ce3b
+      ..937fca02
+..aab9e3f3
+      ..eb2db5d5
+      ..54161d39
+    })..a5aa53d5
+..aab9e3f3
+    it..98842ff6
+..aab9e3f3
+      ..9437f898
+      ..99da5790
+      ..47250e25
+..aab9e3f3
+      ..05d48efb
+..aab9e3f3
+      ..f3456b33
+      ..9e04678a
+      ..2b64f333
+      ..2d750646
+..aab9e3f3
+      ..e17cb04b
+      ..b9e3f160
+      ..f499df2b
+..aab9e3f3
+      ..37dc60bc
+      ..b5ad349b
+      ..2524cae2
+..aab9e3f3
+      ..3cb65c25
+      ..01c801d7
+      ..d409e056
+    })..a5aa53d5
+..aab9e3f3
+    it..287835fa
+..aab9e3f3
+      ..9437f898
+      ..72843cdb
+..aab9e3f3
+      ..99da5790
+..aab9e3f3
+      ..32d9e178
+      ..5eb71f82
+..aab9e3f3
+      ..9bbb856b
+      ..f1ba0a0b
+..aab9e3f3
+      ..45e6f132
+      ..e5cd7f96
+      ..50745f1f
+    })..a5aa53d5
+..aab9e3f3
+});..0770cf7f
+..aab9e3f3
+}..eaefe7ac