-import..12654083
+import..4c902a60
+    //..a9425234
+..e6b80d10
+    le..e2d31218
+    le..5d39099c
+    le..6321c3d6
+..e6b80d10
+    //..a9425234
+..e6b80d10
+..e6b80d10
+      ..db6479cf
+      ..0de75c71
+      ..a514ec8e
+    //..a9425234
+..e6b80d10
-      ..bc03317a
+      ..3d44ff69
+      ..3d037f12
+      ..108bc070
+      ..1f8dee36
+      ..d817d761
+    //..a9425234
+..e6b80d10
-      ..988ef80a
+      ..d0c56378
+    //..a9425234
+..e6b80d10
-      ..bc03317a
+      ..3d44ff69
+      ..3d037f12
+      ..108bc070
+      ..1f8dee36
+      ..d817d761
-      ..000b8d22
+      ..6a4a0522
+      ..047f9d74
+      ..d817d761
-      ..988ef80a
+      ..d0c56378
+    //..a9425234
+..e6b80d10