+const ..70f78b05
+functi..ff377a8d
+    re..85195f01
+}..b9faef49
+..09190283
-functi..f2093c1d
+async ..ccbfc522
+functi..f8bd8efe
+  var ..2d77f2f9
+  var ..5f343f96
+..09190283
+  newN..c3c30300
+    ev..b793bb2b
+    li..b62b1442
+    ad..4903a306
+    tr..c7129857
+  }..35c19329
+..09190283
+  retu..7b0023de
+    ....1ee568db
+    ne..be873f53
+      ..44d795c0
+      ..c236f86f
+    }..d7ec1e78
+  }..35c19329
+}..b9faef49
+..09190283
-    re..240ca7b5
+    //..4d2c0b12
+    co..ffbe55ae
+    co..19e429df
+    co..b9745557
+    co..5e5c011d
+    co..b2b18aed
+    co..a940348a
+..09190283
+    co..f0959269
+..09190283
+    co..d1986308
+    fs..d264741e
-    if..c57d3db5
-      ..36b58a5f
-      ..c085546a
+    le..3e5d3e80
+..09190283
+    if..44376b75
+      ..0559432a
+      ..4e422cdd
+      ..9649a520
-      ..8d83bb2d
+      ..060b0650
+      ..0b701953
-    le..d231d166
-..422ed13e