-      ..06389cca
+      ..6962a05e
-      ..5bbd9b3c
+      ..0294c770
-      ..1f5e102d
+      ..f7f51727
-      ..1f5e102d
+      ..f7f51727
+      ..924e213b
-      ..ff4dfb7f
+      ..89cf7ac0
+      ..5a1a2901
+const ..676c4aa8
-    n ..a7a1c921
-    re..81cfc40d
+    re..fb2f5942
+    _d..1c9aa228
-      ..4c01ef75
+      ..db58c4ac
-      ..298416f6
+      ..373c625d
-      ..c5cee81a
+      ..f4abad57
-      ..1ca4c29c
+      ..6908e52f
-      ..76f241b9
+      ..9f83076a
-      ..b4a06cf0
-      ..2fd137f0
+      ..e2b35e15
+      ..149b6594
-      ..f4dec38d
-      ..29e27155
-      ..33651a49
+      ..e372b00d
+      ..8265de28
+      ..a97ad0b8
-      ..bb93ac97
+      ..11cc12b9
-      ..fbcd99f4
+      ..d86aedbc
-      ..d533116e
+      ..6d1624f6
-      ..2010faee
+      ..7cbc603f
-      ..b3da3bca
-      ..e6fa3f33
+      ..b8b318d9
+      ..73ffc60d
-      ..e676d938
+      ..43f645e8
-      ..e44aa0bd
+      ..d557ba93
-      ..661f7afc
-      ..10d9fb6b
-      ..afb451a6
+      ..d373cb6c
+      ..08947dd1
+      ..2f0619e8
-      ..84f5cd03
-      ..15b68c8e
-      ..afb451a6
+      ..6abc8902
+      ..7ab50a3d
+      ..2f0619e8
-      ..45ec4d4c
-      ..08982740
-      ..afb451a6
+      ..49fb749c
+      ..31411782
+      ..2f0619e8
-      ..31f20d04
-      ..ed8fb081
+      ..ff936d5c
+      ..fa5999db
-      ..45ec4d4c
-      ..08982740
-      ..afb451a6
+      ..49fb749c
+      ..31411782
+      ..2f0619e8
-      ..d6dd5a36
+      ..292aca75
-      ..298416f6
+      ..373c625d
-      ..06cf6006
+      ..897c9cb7
-      ..f45ae111
+      ..8e6acb69
-      ..30aa85f2
+      ..ef0a39d3
-      ..6272a78f
+      ..dd4808c4
-      ..c3721488
+      ..5fd5db0d
-      ..c9e19b9c
+      ..5a3a00ec
-..2648b446
-// Uti..fda1ff22
-functi..f1c8f352
-    co..65cf535d
-    ac..34f7e576
-      ..c6b7217f
-    })..f7f730fb
-}..0b9def9b
-      ..43336631
+      ..b4fb6b95
-      ..6f62e521
+      ..785e3960
-      ..9c20c7a2
+      ..275537b8
-      ..daa65a84
+      ..e39f7aa3
-      ..16d56a3b
+      ..1ee9c0e6
-      ..ee0b4782
+      ..73a62b9e
-      ..a3e3f490
+      ..df73bc18
-      ..cf1e8f58
+      ..79990c07
-      ..5f4cf3a0
+      ..bad23afb
-      ..d893b0fa
+      ..6948ad9c
-      ..e930e214
+      ..09ff0be4
-      ..3920598b
+      ..b13fbeca
+const ..52edc938
+..598cef63
-      ..7ece2b8d
+      ..ae334689
-      ..0c5d4dbb
+      ..723ee2e1
-      ..7ece2b8d
+      ..ae334689
-      ..7ece2b8d
+      ..ae334689
-      ..7ece2b8d
+      ..ae334689
-      ..14945f5a
+      ..fd3af2b1
-      ..f7402e7a
+      ..24258ac5
-      ..b3515ef5
+      ..e15d7154
-      ..7d079475
+      ..491f7704
-      ..c41b5e75
+      ..dcc98c37
-      ..a6932e18
+      ..ee4d4148
+const ..45474718
-      ..fa877134
+      ..3037fd9d
-      ..e5f3c3ad
+      ..2723490f
-      ..76f80c18
+      ..0081a3a0
-      ..b1cc4099
+      ..a756d4cb
-      ..9f967ba9
+      ..9d0f0e10
+const ..771d6edd
-      ..fdf7ba51
+      ..6df85154
-      ..b2b32483
+      ..d267f0af
-      ..c452d638
+      ..f8717793
-      ..85b07fed
+      ..a3be5287
-      ..caeed270
+      ..8150bd03
-      ..394f21b2
+      ..e304e018
-      ..caeed270
+      ..8150bd03
-      ..dee45747
+      ..e8ec6479
-      ..2f3c8670
+      ..5bbabfb3
-      ..2f3c8670
+      ..5bbabfb3
-      ..dd4e8ca4
+      ..a5745a80
-      ..1721c5a2
+      ..14fc39a2
-      ..3058cef2
-      ..4f6d45fc
+      ..75d57724
+      ..3e2ef4f3
+      ..535a7b5d
-      ..c04fc855
+      ..f6d41ea1
-      ..8383c9d2
+      ..7480ba1b
-      ..f85d59b6
+      ..c37dfd36
-      ..4f6d45fc
+      ..3e2ef4f3
+      ..535a7b5d
-      ..c04fc855
+      ..f6d41ea1
-      ..8383c9d2
+      ..7480ba1b
-      ..f85d59b6
+      ..c37dfd36
-      ..b2b32483
+      ..d267f0af
-      ..df31baa6
-      ..03349998
+      ..64649ac0
+      ..7e2c0522
+const ..52edc938
-    er..9ff542b9
+    er..db641968
-      ..27adcba3
+      ..f1469f1b
-      ..103e512d
+      ..2d6d5f86
-      ..56d271d9
+      ..259e0ed5
+import..4c434e98
-      ..175677c2
-      ..13b27b5e
+      ..f9654a58
+      ..43aa99f8
-      ..882a03ab
-      ..339fd188
+      ..4cd867ea
+      ..22b31aa1
-      ..6ff2ff5f
+      ..5b430c69
-      ..278669cb
-      ..dc9852d1
+      ..2f0e9477
+      ..786cb8d8
-      ..bb7bab2a
+      ..ec1b5ef8
-      ..93198c85
+      ..e97f9a3d
-      ..278669cb
-      ..dc9852d1
+      ..2f0e9477
+      ..786cb8d8
-      ..bb7bab2a
+      ..ec1b5ef8
-      ..93198c85
+      ..e97f9a3d
-      ..026c6311
-      ..2107f345
+      ..e759ffd8
+      ..55f2304b
-      ..5894a780
+      ..14fbf568
-      ..5b716424
+      ..333328a7
-      ..026c6311
-      ..2107f345
+      ..e759ffd8
+      ..55f2304b
-      ..5894a780
+      ..14fbf568
-      ..5b716424
+      ..333328a7
-      ..001471a9
+      ..b5f89bbc
-      ..026c6311
-      ..2107f345
+      ..e759ffd8
+      ..55f2304b
-      ..f8df1107
+      ..5dd58b62
-      ..bb7bab2a
+      ..ec1b5ef8
-      ..175677c2
+      ..f9654a58
-      ..2107f345
+      ..55f2304b
-      ..cab786e9
+      ..08ae8bf6
-      ..1b96ac5f
+      ..7e7e2591
-      ..2306f896
-      ..eb4c1e97
-      ..5b3e38ec
+      ..9e5fd6a8
+      ..be404f04
+      ..df8b240c
-      ..8eaa2e24
+      ..6415e168
-      ..d892c89e
+      ..966247fd
-      ..25bb1237
-      ..97e9806e
-      ..5b3e38ec
+      ..c6c9ca6c
+      ..d01202eb
+      ..df8b240c
-      ..5d37fa21
+      ..ecf24397
-      ..1013e30a
-      ..e3e3a136
-      ..270f4700
+      ..0150fd85
+      ..7a243f65
+      ..1358a5fd
-      ..2306f896
-      ..eb4c1e97
-      ..5b3e38ec
+      ..9e5fd6a8
+      ..be404f04
+      ..df8b240c
+import..4c434e98
-      ..39b76bdc
-      ..e873a36d
+      ..f724c84b
+      ..b37b1d51
-      ..0d8c55a7
+      ..209f53c3
-      ..daf9ffdf
+      ..8b54a94d
-      ..a713b130
-      ..a279066b
+      ..75b5f7b0
+      ..8fe337fe
-      ..e64c1113
-      ..698fd648
+      ..b7f85b3e
+      ..6a2d2af3
-      ..aba050fd
+      ..b6a3addc
-      ..660c2239
+      ..c3960068
-      ..de0cfaac
-      ..ce05d6f5
+      ..77f29081
+      ..ce3b314d
-      ..82107472
+      ..4972fbcc
-      ..c9cf07c2
+      ..8c147271
-      ..93655711
-      ..3dd2a8f8
+      ..ae33a4b8
+      ..e0b61bcb
-      ..d6321162
+      ..ced48218
-      ..37bc609e
+      ..92ede796
-      ..9f22c307
-      ..c30a5a59
+      ..24c6d449
+      ..036cb433
-      ..0ce2df31
+      ..65d937e6
-      ..3cbcb3d7
+      ..8baa242b
-      ..da4a2f64
+      ..73d3cea5
-      ..1cf12658
+      ..984d4e06
-      ..08e38313
+      ..14de67df
-      ..c8d10f5a
-      ..8f4c6f75
-      ..c7fbdc43
-      ..0b56f4a1
+      ..aa4b39df
+      ..cb38affe
+      ..ca409a63
+      ..19fcfe32
-      ..5493d966
+      ..13a4fefe
-      ..8085cf32
+      ..42438bf1
-      ..03a5f335
+      ..9fc2deee
-      ..41fb5374
+      ..f117b6cd
-      ..41e54148
-      ..ea1299e9
-      ..864ca9af
+      ..e4ad1854
+      ..f666016b
+      ..20bcac5e
-      ..db78aede
-      ..5e8c4677
+      ..bdee6693
+      ..4bce74fb
-      ..5493d966
+      ..13a4fefe
-      ..8085cf32
+      ..42438bf1
-      ..03a5f335
+      ..9fc2deee
-      ..959fe2f0
+      ..b98b7819
-      ..41fb5374
+      ..f117b6cd
-      ..41e54148
+      ..e4ad1854
-      ..a63f241e
+      ..c6be9656
-      ..8e5c58d8
+      ..5025cd7c
-      ..db78aede
-      ..5e8c4677
+      ..bdee6693
+      ..4bce74fb
-      ..b079eebf
+      ..1fafe2e4
-      ..8085cf32
+      ..42438bf1
-      ..03a5f335
+      ..9fc2deee
-      ..519f0452
+      ..f49ba317
-      ..41fb5374
+      ..f117b6cd
-      ..959fe2f0
+      ..b98b7819
-      ..41e54148
+      ..e4ad1854
-      ..8ed5f4ea
+      ..ce84e1f8
-      ..8e5c58d8
+      ..5025cd7c
-      ..af6345d9
+      ..3eaf3c3f
-      ..b92fda7c
+      ..4e870478
-      ..519f0452
+      ..f49ba317
-      ..441e9fe2
+      ..fa5a8098
-      ..ba560e34
-      ..37c6dbad
-      ..2f4918ca
+      ..c391bc34
+      ..8e3acb65
+      ..7c4054c7
-      ..0068b953
+      ..dee9a2cb
-      ..65041f4c
+      ..e4d32768
-      ..515a4adb
+      ..d7156706
-      ..80f26ce5
+      ..626825bc
-      ..3d841715
-      ..4bdf67dd
+      ..f6cae4a3
+      ..f2635467
-      ..09dacce8
+      ..ab54672e
-let bi..1a8d689a
+let bi..2a33d2fb
-      ..e315c7bf
+      ..113a85c4
-      ..e5db95aa
-      ..985d9c65
+      ..d54511dd
+      ..bf3b7ccb
+      ..4507e89e
-      ..298416f6
-      ..e315c7bf
+      ..113a85c4
-      ..e5db95aa
-      ..298416f6
+      ..d54511dd
+      ..bf3b7ccb
-      ..e315c7bf
+      ..113a85c4
-      ..e5db95aa
-      ..298416f6
+      ..d54511dd
+      ..bf3b7ccb
-      ..e315c7bf
+      ..113a85c4
-      ..e5db95aa
-      ..298416f6
+      ..d54511dd
+      ..bf3b7ccb
-      ..5b0ed593
-      ..57d22096
+      ..1e29a0e3
+      ..a74a0815
-      ..7e237d96
-      ..d7ad5962
-      ..413ada2d
+      ..b8c3e2af
+      ..4698478d
+      ..41395c79
-      ..a0b75144
-      ..f5db046e
-      ..754a0feb
+      ..aea69aa9
+      ..2e7aa12b
+      ..e84150b3
-      ..eb2119dd
+      ..7737af70
-      ..720dc9c5
-      ..9386107a
+      ..55828d63
+      ..d9b5c579
-      ..66f1d497
-      ..a61830d1
-      ..916b5b73
+      ..545b966e
+      ..903be96d
+      ..a7aff5cf
-      ..7a7e1996
-      ..e58a4779
+      ..edd89764
+      ..0adb6bda
-      ..546dd441
-      ..19de153d
+      ..81724d08
+      ..fcf5a8a7
-const ..7635126a
+const ..23a30b80
-    us..09b57b88
-    us..5fafd778
-    us..6556de2c
-    us..c529a59a
+    us..ccd9071c
+    us..ac92ee53
+    us..bf431eb9
+    us..bc2778c6
-     {..514f25f8
-    ,{..83b33768
-    ,{..1a1e3df6
+     {..4ed53140
+    ,{..b8f35e3e
+    ,{..b1ff0b09
-      ..982dcd87
+      ..a4c4e671
-      ..088d06b0
+      ..cfc82e01
-      ..01cf2087
+      ..96a72b19
-      ..06ba61ff
+      ..48014f14
-      ..3941ce4e
+      ..3db90ebe
-      ..d077058f
+      ..4092dfcc
-      ..063d7c40
+      ..34404bb9
-      ..136c1621
+      ..958757d5
+      ..909d0c41
-      ..9e81eb41
+      ..fe1205b8
+      ..997ce87a
-      ..89faf1dc
+      ..8ed40828
-      ..3126618a
-      ..610bb4cf
+      ..501b9947
+      ..2b8e4814
-      ..6644beaa
-      ..a6ea463f
-      ..8d60b702
-      ..e96e3538
+      ..58da1ffd
+      ..3b7d0951
+      ..471d6b6b
+      ..5918aede
-      ..5a785db6
+      ..42b8ca1b
-      ..a0376fbe
+      ..a3bd0fb4
-      ..45f719d6
+      ..f2d6f30b
-      ..d73f1d05
-      ..6c384813
+      ..2462e285
+      ..872a3ade
-      ..6c0219aa
-      ..83c8dc1e
+      ..4d78936e
+      ..e3a779b5
+      ..5860971b
-      ..9e81eb41
+      ..fe1205b8
+      ..997ce87a
-      ..89faf1dc
+      ..8ed40828
-      ..3126618a
-      ..610bb4cf
+      ..501b9947
+      ..2b8e4814
-      ..e68a869d
+      ..42f0f5f3
+      ..5860971b
-      ..9e81eb41
+      ..fe1205b8
+      ..997ce87a
-      ..89faf1dc
+      ..8ed40828
-      ..19ccfbbf
-      ..6129e1c1
+      ..e1abcf63
+      ..0af2eee5
-      ..27f98ba9
+      ..f0e4100e
-      ..b1d74d4a
-      ..237f7b94
-      ..9e81eb41
+      ..9131493e
+      ..5860971b
+      ..96b7c20c
+      ..fe1205b8
+      ..997ce87a
+..598cef63
-      ..3fc248ed
+      ..048e6427
-      ..c40ac05c
-      ..558ae915
+      ..0ebfdec8
+      ..a07de81c
-      ..3126618a
-      ..6bbf9179
+      ..501b9947
+      ..68adc483
-      ..3f566cc1
+      ..ab2e3b98
-      ..3126618a
-      ..610bb4cf
+      ..501b9947
+      ..2b8e4814
-      ..3126618a
-      ..610bb4cf
+      ..501b9947
+      ..2b8e4814
-      ..92f89ef3
+      ..0140ee3e
-      ..aadf22ff
-      ..aaad9885
+      ..31228dba
+      ..527bd090
-      ..24f66b31
+      ..c09aee68
-      ..8fa69e88
+      ..a1b1bc31
-      ..2c75726b
-      ..30a018dd
+      ..0a22dff1
+      ..812b7cb6
-      ..95e4cf98
+      ..87b517ac
+const ..23a30b80
-      ..effdd08f
-      ..0ff0553a
+      ..aa8089bb
+      ..5d165149
-      ..c9d15eca
-      ..95f8b9d6
+      ..7deeeb2a
+      ..5b2c389b
-      ..b85d8c89
+      ..32a9d662
-      ..6140c8a2
+      ..9acbbbdc
-      ..7d8c8f86
+      ..c2863cb9
-      ..fbb77a3a
+      ..b57460f4
-      ..8e2a17d5
+      ..605019fe
-      ..7687b373
+      ..3b0d410e
-      ..5aefeac2
+      ..e636c6fd
-      ..fd1c7719
-      ..0c3230a5
-      ..b0277eae
+      ..e44f9e4e
+      ..80ce5984
+      ..22395ce9
-      ..0e7204d5
-      ..133d10ad
-      ..76b105c6
+      ..fc5ea93d
+      ..dd8e1086
+      ..23aa676c
-      ..e3473e47
-      ..92688dc1
-      ..552eabc3
+      ..4da5864f
+      ..1a2d16d3
+      ..7faa686c
-      ..f2f362e0
-      ..45f1855a
-      ..0dbcf154
+      ..7f8cf6b0
+      ..84c20b62
+      ..786668a8
-      ..ec024b68
+      ..7d257a10
-      ..68aa9702
+      ..3aca4fd5
-      ..287af9cb
+      ..10780275
-      ..dd30f209
+      ..a60322aa
-      ..a9c50208
-      ..476947e8
+      ..90dd595b
+      ..9ded0a4b
-      ..eed45c76
-      ..7d5255c7
+      ..4adba0d1
+      ..688a2411
-      ..476abd50
-      ..1a2afaeb
+      ..4a5515f2
+      ..fe27a404
-      ..295cb4a6
-      ..06229b2d
+      ..5ffe0bff
+      ..34a9bcbe
-      ..186ef139
+      ..6a1fcb03
-      ..0ab7066c
+      ..0df12a17
-      ..a8737f01
-      ..a62acb39
-      ..61053759
+      ..ae74b992
+      ..cfeba022
+      ..db399809
-      ..5972eee9
+      ..7036ac41
-      ..046c3e18
+      ..d1d8281c
-      ..deb03136
+      ..5b4cfc29
-      ..99b0a166
-      ..ef46e2fa
-      ..e8cd1d34
+      ..1d60b04d
+      ..ebee5626
+      ..6745ecbf
-      ..7c7b86c1
+      ..dafdf0f3
-      ..27e8506c
+      ..2b486512
-      ..4626c810
+      ..3f02fcd3
-      ..39dea9be
+      ..e35265b2
-      ..d9b70b1b
+      ..f79fa46a
-      ..7e2740ea
+      ..85759ee3
-      ..98c15fce
+      ..de9ff6b5
-      ..166b0dd8
-      ..ab50038e
+      ..9d852c06
+      ..332138f0
-      ..3517037f
-      ..7408038b
+      ..22d2b19f
+      ..69d00894
-      ..033466bf
-      ..d1b89543
+      ..1921f25a
+      ..9e4c85e0
-      ..48eef983
-      ..3e5ff165
+      ..83adba1f
+      ..c7daea61
-      ..7fa9aad8
-      ..fe1853d2
+      ..187d7940
+      ..10064d77
-      ..57de9495
-      ..95662150
+      ..5a51b831
+      ..f5d1601f
-      ..a90b44f5
-      ..7df8f815
+      ..40f71ef7
+      ..853053c8
-      ..6cbcd641
-      ..5dd636ea
+      ..ef1363c6
+      ..a3f0ae28
-      ..5bc79cc7
-      ..0d9e778a
+      ..dfd166a2
+      ..1e0c86de
-      ..ff4ccf50
-      ..c3ea5ebf
+      ..ccf978c3
+      ..9539e530
-      ..7bcc6895
-      ..ee11f798
+      ..ca67e8bd
+      ..4f0f2597
-      ..f7aac386
-      ..5fcc266f
+      ..e0c18171
+      ..6388b035