+import..faf131f4
-contra..cf56ecae
+contra..ffa512f2
+..759d68a2
+    ev..2997bb40
+..759d68a2
+    fu..211c071b
+var ER..56e90510
+var ER..72317c17
+..759d68a2
+..759d68a2
+      ..a96f64ad
+      ..3f9301b5
+      ..8ffbe556
+..759d68a2
-      ..032161d3
-..b74d4fe0
-      ..0d598ae6
+      ..87f9b696
-      ..0d598ae6
+      ..2ce2383a
-      ..b7412e9e
+      ..e5b62a7f
-// Beg..ae62de1b
-      ..17536052
-..b74d4fe0
-    })..8dacc09e
-..b74d4fe0
-      ..b8ea2582
-      ..020c5e38
-      ..99f0c5e8
-      ..107ee998
-..b74d4fe0
-    })..8dacc09e
-..b74d4fe0
-      ..6bd68730
-..b74d4fe0
-    })..8dacc09e
-..b74d4fe0
-// End..e7a39c70
-..b74d4fe0
-      ..6e1218a2
-..b74d4fe0
-    })..8dacc09e
-..b74d4fe0
-      ..7a813faf
-      ..8cf7d770
+      ..eafbb65d
+      ..a5fceb78
+      ..6bcb9c4b
+      ..701f5f08
-      ..9780e471
+      ..26267481
-      ..e57abf0c
+      ..367bceca
+..759d68a2
+      ..844fd9b6
+      ..42c7384f
+      ..9809d615
+      ..b6944e9f
-..b74d4fe0
-    if..7cebf7a7
-      ..dede1fd3
-    }..be2e43f4
-const ..482dc102
+const ..5a534c9d
-    th..01b58175
+    th..af323cc9
-      ..79612ecf
-      ..0c652902
-      ..3356d429
-      ..a0216ded
+..759d68a2
+      ..115cf60e
+      ..7ccbcceb
+++ /de..c025a683
-/* glo..d8541e90
-/* esl..77c08030
-..b74d4fe0
-var Co..eb20a562
-..b74d4fe0
-import..f98a054f
-import..bfff2ca8
-..b74d4fe0
-const ..731ca0b9
-const ..192d1490
-..b74d4fe0
-var Cr..74e4d00a
-var Cr..43e30d24
-var Cr..20b6c16c
-//var ..bb879958
-..b74d4fe0
-let st..90fc9e41
-let cr..b5e65b53
-let ma..1eaf805b
-let ma..c449ccf5
-..b74d4fe0
-// Ski..4354bd44
-if (Co..1a7cd64b
-..b74d4fe0
-contra..dfa54f4b
-..b74d4fe0
-    le..fdcfd714
-..b74d4fe0
-    be..94d01472
-      ..5cbe81ad
-      ..55572dda
-    })..ae2bee69
-..b74d4fe0
-    af..5e6548ad
-    })..ae2bee69
-..b74d4fe0
-    it..4e1a04f2
-      ..37276bc6
-      ..f9c17840
-      ..92b08ff3
-      ..2586debc
-      ..74445c00
-      ..36ee1708
-      ..107ee998
-    })..ae2bee69
-});..36eb67e7
-..b74d4fe0
-}..7415afea
+var IC..292c18aa
+..759d68a2
+var ER..56e90510
+var ER..72317c17
+..759d68a2
-let ma..c449ccf5
+let ma..64937b85
-// Ski..4354bd44
+// Onl..781f4150
-      ..55572dda
-      ..54028025
+      ..5ebf969a
+      ..410d715d
-      ..f43ba8ad
-      ..d7336bdc
+..759d68a2
+      ..273a3579
+      ..fd4cedc1
+    //..8e1f86e2
+    //..8aa91f49
+    //..19e49c38
+    it..21745781
+..759d68a2
+      ..b85c5f91
+..759d68a2
+      ..5324ac20
+      ..8d35098e
+..759d68a2
+..759d68a2
+      ..cf015e68
+      ..52ae9c32
+      ..a3ce2eab
+      ..7f7ed4ad
+      ..ed7a3de4
+      ..f950c55e
+..759d68a2
+      ..add328d7
+      ..8dcff3d4
+      ..f4c55685
+      ..20322a61
+      ..7397164d
+      ..b6944e9f
+    })..61739137
+..759d68a2
-      ..6927cf9f
+      ..912a0d9e
+..759d68a2
+      ..e93c5011
+..759d68a2
+      ..034ac464
+      ..4d91eaa0
+      ..3196897c
+..759d68a2
+      ..9e9d5e05
+      ..9a41a559
+..759d68a2
+      ..6b5bf7fb
+      ..ed85a637
-      ..f482609a
-      ..9a6df7cc
-      ..4393e55c
+      ..df43e3f7
+      ..d2987536
+      ..200244e5
-      ..4076549b
-      ..d1c3f2b7
+      ..a43ebc16
+      ..16663dc6
-      ..da9b6b8f
-      ..528d7d01
-      ..8d1fdfe0
+      ..88127543
+..759d68a2
+      ..a8d4f6df
+      ..88b217b3
+..759d68a2
+      ..c604798d
+++ /de..c025a683
-{..cade280e
-	"SRC_..fa719925
-	"SRC_..fbf7d8ee
-	"SRC_..fe950be7
-	"DEST..50b2746f
-	"MAX_..41ed1afb
-	"MODE..afb3a679
-}..7415afea