+    by..3258dac8
+    by..4850ffbb
+    by..f9c18083
+    by..6d572968
+    by..8c31a81a
+    by..398154f4
+    by..8104b83c
+    by..88a24141
+    by..f1dcbdb9
+    by..58575cc0
+    by..b0650ff1
+    by..118c03c4
+    by..b57a30f3
+    by..17b4bc52
+    by..25697169
+    by..9b8d6b5f
+    by..5a5228bd
+    by..cb999d96
+    by..a574d036
+    by..4288cdb1
+    by..0c4e02cd
+    by..432eac85
+    by..212c036b
+    by..b472c4ea
+    by..abd19350
+    by..47c8a910
+..1b595407
--- /de..0e217870
+pragma..3c4611fb
+..1b595407
+/* sol..1935de99
+..1b595407
+// jus..db6f79b8
+contra..7d90eb3b
+..1b595407
+    by..ff2f52fc
+    by..47f0856b
+    by..08d06968
+    by..e1603e68
+    by..eb73d77a
+    by..b13f0753
+    by..1fbfba0f
+    by..6cc52d73
+    by..6ccd0185
+    by..dedb1667
+    by..8c08f965
+    by..6c971568
+    by..01550624
+    by..8cffafad
+    by..0432867e
+    by..94e45797
+    by..2969a80b
+    by..d3fe7af0
+    by..d438c674
+    by..42242f62
+    by..832a81fa
+    by..f8e800b4
+    by..42491f41
+    by..5b7a7e91
+    by..8bfcc76f
+    by..35cdb0a8
+..1b595407
+..1b595407
+    co..7cf594e3
+..1b595407
+      ..e69b91d0
+      ..e2ee94c2
+      ..a9dfa13e
+      ..53d2e3d1
+      ..3ab4d007
+      ..37a6df97
+      ..8ce16507
+      ..bb4450df
+      ..e4bb2279
+      ..4e3f7237
+      ..5e976f2f
+      ..b5a00a30
+      ..7c71f49f
+      ..d0f09ecf
+      ..e391d936
+      ..5f3c326c
+      ..145396ab
+      ..fae9ed05
+      ..d1d7194f
+      ..7ad9e837
+      ..9377b618
+      ..be8aa575
+      ..d36453c1
+      ..ccbe3278
+      ..5dea0142
+      ..c7f329b2
+    }..857834b1
+}..37e2007e
+..1b595407
+    or..c1978a7c
-      ..2260d787
+      ..5d7ee761
+      ..6e09d109
+..1b595407
-      ..35d84377
+      ..6a018101
-      ..e1c7b4e9
+      ..2c216c51
+      ..3eb73988
+      ..c8a4aa8c
+      ..e187a03f
+      ..0e8f0697
+      ..09c7ac04
+      ..eb6bd88d
+      ..b646cd12
+      ..832fb795
+      ..12de414d
+const ..9c980e46
+const ..0e988ff1
+const ..ad7f557e
+const ..463a85ec
+const ..7e8bd771
+const ..6769e152
+const ..f971b991
+const ..0a73e608
+const ..7d268f0a
+const ..f8defe49
+const ..e2774306
+const ..1fec8cf1
+const ..13079440
+const ..e078e29d
+const ..7a18ccc5
+const ..dba900d7
+const ..a08196e9
+const ..8bd9df65
+const ..aff42df7
+const ..4bfd2f9a
+const ..0dd2d172
+const ..eacd4303
+const ..2fbf1316
+const ..768a10d8
+const ..bdbd93f7
+const ..c4963d61
+..1b595407
+functi..34a18671
+..1b595407
+    le..d49b2314
+    le..270ba8d3
+..1b595407
+    sw..3012dc54
+      ..e1823f93
+      ..f60c19db
+      ..20fce455
+      ..dbed5465
+      ..3dd69a40
+      ..4be88ffe
+      ..9a0ea0ef
+      ..67bd73f9
+      ..33bf2210
+      ..fc4092e2
+      ..6752f8d0
+      ..ed32cfd7
+      ..6d663f22
+      ..dbed5465
+      ..e3ee566f
+      ..af15c96e
+      ..0120b4fb
+      ..67bd73f9
+      ..33bf2210
+      ..fc4092e2
+      ..de821b3c
+      ..5dd42556
+      ..01818178
+      ..dbed5465
+      ..104d2387
+      ..e06cda03
+      ..9a0ea0ef
+      ..67bd73f9
+      ..33bf2210
+      ..fc4092e2
+      ..fd63bfc6
+      ..aa17430a
+      ..ba2a3553
+      ..959309c0
+      ..b7b93599
+      ..e140cc92
+      ..9a0ea0ef
+      ..67bd73f9
+      ..33bf2210
+      ..fc4092e2
+      ..e009cd3e
+      ..8ce5b4ae
+      ..762a6837
+      ..959309c0
+      ..b7b93599
+      ..20a6d9b8
+      ..e4e229f8
+      ..dd4cda9c
+      ..54882f82
+      ..fc4092e2
+      ..d7f90ac8
+      ..1bc24a00
+      ..e3726eda
+      ..dbed5465
+      ..3dd69a40
+      ..5cb53fdc
+      ..9a0ea0ef
+      ..67bd73f9
+      ..33bf2210
+      ..fc4092e2
+      ..ec4f2462
+      ..9916599b
+      ..77a616f3
+      ..959309c0
+      ..b7b93599
+      ..20a6d9b8
+      ..d4346fd4
+      ..67bd73f9
+      ..33bf2210
+      ..fc4092e2
+      ..57f885da
+      ..ad949942
+      ..e53ba7e6
+      ..dbed5465
+      ..9c105a64
+      ..4be88ffe
+      ..9a0ea0ef
+      ..67bd73f9
+      ..33bf2210
+      ..fc4092e2
+      ..671ace6e
+      ..a22247ae
+      ..f6e1bdfd
+      ..daa1d6e6
+      ..26145810
+      ..471e541e
+      ..9a0ea0ef
+      ..67bd73f9
+      ..33bf2210
+      ..fc4092e2
+      ..09a39a41
+      ..da041b76
+      ..f5e5b428
+      ..dbed5465
+      ..104d2387
+      ..da2e566e
+      ..9a0ea0ef
+      ..67bd73f9
+      ..33bf2210
+      ..fc4092e2
+      ..6e2d606d
+      ..c865ba79
+      ..ae23cce2
+      ..dbed5465
+      ..e3ee566f
+      ..8e92c30f
+      ..9a0ea0ef
+      ..67bd73f9
+      ..33bf2210
+      ..fc4092e2
+      ..9a81c831
+      ..ad38debc
+      ..0c231a4a
+      ..dbed5465
+      ..ef4f9986
+      ..4be88ffe
+      ..9a0ea0ef
+      ..67bd73f9
+      ..33bf2210
+      ..fc4092e2
+      ..1ea90485
+      ..775a108e
+      ..0f24b5ea
+      ..469dd2d2
+      ..247b7341
+      ..021aa5b5
+      ..77b8747d
+      ..67bd73f9
+      ..33bf2210
+      ..fc4092e2
+      ..32f1bb0d
+      ..bb90e86c
+      ..694b32ed
+      ..daa1d6e6
+      ..4784d249
+      ..4be88ffe
+      ..9a0ea0ef
+      ..67bd73f9
+      ..33bf2210
+      ..fc4092e2
+      ..fd23deb7
+      ..81128b3d
+      ..f22bf9a0
+      ..dbed5465
+      ..12ee8e8f
+      ..4be88ffe
+      ..9a0ea0ef
+      ..67bd73f9
+      ..33bf2210
+      ..fc4092e2
+      ..7ef45956
+      ..b248ebce
+      ..78bbac34
+      ..dbed5465
+      ..104d2387
+      ..e06cda03
+      ..0120b4fb
+      ..67bd73f9
+      ..33bf2210
+      ..fc4092e2
+      ..688a05b9
+      ..b3d80e3a
+      ..90fa505a
+      ..dbed5465
+      ..9c105a64
+      ..147c0188
+      ..59e625ca
+      ..67bd73f9
+      ..33bf2210
+      ..fc4092e2
+      ..897ca8c4
+      ..d115f4ea
+      ..a0edac4d
+      ..dbed5465
+      ..f50d33c4
+      ..4be88ffe
+      ..9a0ea0ef
+      ..67bd73f9
+      ..33bf2210
+      ..fc4092e2
+      ..97a1d84c
+      ..92b25c62
+      ..8705bd87
+      ..dbed5465
+      ..f50d33c4
+      ..4be88ffe
+      ..9a0ea0ef
+      ..67bd73f9
+      ..33bf2210
+      ..fc4092e2
+      ..90913b6f
+      ..20bb17a6
+      ..f70dc578
+      ..dbed5465
+      ..f50d33c4
+      ..4be88ffe
+      ..9a0ea0ef
+      ..67bd73f9
+      ..33bf2210
+      ..fc4092e2
+      ..ea0173c8
+      ..fc3a05f2
+      ..cebccb2c
+      ..dbed5465
+      ..f50d33c4
+      ..4be88ffe
+      ..9a0ea0ef
+      ..67bd73f9
+      ..33bf2210
+      ..fc4092e2
+      ..3cc376af
+      ..9ebfca0d
+      ..84d0384e
+      ..dbed5465
+      ..f50d33c4
+      ..4be88ffe
+      ..9a0ea0ef
+      ..67bd73f9
+      ..33bf2210
+      ..fc4092e2
+      ..318b9297
+      ..3cc233b8
+      ..427ed04e
+      ..dbed5465
+      ..f50d33c4
+      ..4be88ffe
+      ..9a0ea0ef
+      ..67bd73f9
+      ..33bf2210
+      ..fc4092e2
+      ..aa33049d
+      ..256b80f1
+      ..09f0c464
+      ..dbed5465
+      ..f50d33c4
+      ..4be88ffe
+      ..9a0ea0ef
+      ..67bd73f9
+      ..33bf2210
+      ..fc4092e2
+      ..9633908b
+      ..85e01728
+      ..2992528d
+      ..dbed5465
+      ..f50d33c4
+      ..4be88ffe
+      ..9a0ea0ef
+      ..67bd73f9
+      ..33bf2210
+      ..fc4092e2
+      ..81b57794
+      ..203f9c2e
+      ..c1d65693
+      ..dbed5465
+      ..6d20711d
+      ..50a025c6
+      ..46ff1686
+      ..67bd73f9
+      ..33bf2210
+      ..fc4092e2
+..1b595407
+      ..c49a15b9
+      ..8d3b1604
+      ..8394e456
+      ..fc4092e2
+    }..857834b1
+..1b595407
+    re..8e85dfc6
+}..37e2007e
+..1b595407
+//////..20a5d113
+..1b595407
+..1b595407
-    //..a90f2e2c
-    //..07180ef5
-    //..9be3a9ee
-    //..1214ae3b
-    //..9be3a9ee
-    //..2ed6743b
+     /..0ea91bc7
+    fo..cda86daf
+..1b595407
+      ..071af775
+..1b595407
+      ..45f59dec
+      ..a62dbb49
+..1b595407
+      ..bd577aaa
+    }..857834b1
-    ba..fcb046e3
+    ba..d59f5f04
+    ba..cfbd4939
-    if..3b1804fd
-      ..a3c176df
+    if..abb13f5e
+      ..62e307b6
-    if..e40b9dfc
-      ..10631375
+    if..38e328db
+      ..88afc522
-    da..020b9057
+    da..9c7a3490
-    as..75afd5f4
+    as..bb7a3be8
-    //..bbbbcd04
+    //..034806e0
-    fo..48cc4e88
-      ..c0bab12b
+    fo..7adb61ac
+      ..e020e266
-      ..c08602e0
+      ..1f1f78a9
-      ..2544d1e6
-      ..8df959d8
+      ..72813218
+      ..c51f28a7
-      ..5cc0c554
+      ..0be78f3e
+      ..4cace95d
+      ..7b7ebf35
+      ..bb07f199
+      ..444d6f57
+      ..b9d020c0
+      ..bd8783ba