-      ..0d7c1d7b
-      ..72434f7c
-..3ee0712d
-      ..86ce39d4
-      ..cb341cf3
-..3ee0712d
-      ..dab49eea
+      ..1b5d96cd
-      ..a57d834d
+      ..4a349606
+..afc7f990
-..3ee0712d
-      ..0d7c1d7b
-      ..72434f7c
-..3ee0712d
-      ..86ce39d4
-      ..86d4a4e2
-..3ee0712d
-      ..96ee1717
+      ..85b9c281
-      ..0d7c1d7b
-      ..72434f7c
-..3ee0712d
-      ..86ce39d4
-..3ee0712d
-      ..51bb5377
-      ..ddfc7c9c
+      ..80c948b7
-      ..0d7c1d7b
-      ..72434f7c
-..3ee0712d
-      ..86ce39d4
-      ..cb341cf3
-..3ee0712d
-      ..dab49eea
+      ..1b5d96cd
-      ..a57d834d
+      ..4a349606
-      ..0d7c1d7b
-      ..2150f01a
-..3ee0712d
-      ..86ce39d4
-      ..2524947a
-..3ee0712d
-      ..91c8b7ab
+      ..720bb2d4
-      ..0d7c1d7b
-      ..86ce39d4
-      ..936f3bf1
-..3ee0712d
-      ..7a23f156
-      ..1585181a
+      ..cfdf95da
-      ..0d7c1d7b
-      ..72434f7c
-..3ee0712d
-      ..86ce39d4
-..3ee0712d
-      ..51bb5377
-      ..ddfc7c9c
+      ..80c948b7
-      ..544c3db0
-      ..1756709b
-      ..424de362
+      ..3a31b984
+      ..5db58d42
+      ..16ef911e
-    ev..dea5a2ea
+    ev..8b13e891
+..afc7f990
+    /*..86d7b91a
+      ..ae048423
+      ..4e721f24
+      ..938e03cd
+      ..db888a91
+    */..31c7269c
+    ev..f04be3af
-      ..75245f29
+      ..dfc52015
-      ..35a04405
-      ..00799764
+      ..8ade3007
+      ..68630cdb
-    //..84d0d225
+    //..c745d71b
+    //..568f6794
-      ..926f9eb8
+      ..e144d12a
-      ..3465d9f7
+      ..1626dbb2
+      ..d37c1c8b
+      ..880802a3
-    as..dd471f9c
+    as..7e858b78
-      ..a797c4ef
+      ..1082adea
-      ..3b1866ac
+      ..77ca5b84
-      ..c3660ea8
+      ..95bcb1f4
-      ..74f8f23c
+      ..48fc1a44