-    ev..189a8c9c
+    ev..2d8b4d95
+..0af689f4
-      ..d3334e54
+      ..8ea0c0bb
-      ..2c97d82b
+      ..416067fe
-      ..3b2c7000
+      ..41a28637
-      ..3b2c7000
+      ..41a28637
-    ev..bca28a3d
+    ev..78aa548d
-..949eb0ca
+..0af689f4
-      ..6a6f4971
+      ..f8fd1bbb
-    ev..189a8c9c
+    ev..2d8b4d95
-      ..de334aaf
+      ..4ef60147
-      ..1512e381
+      ..3669e04f
-      ..98d14d24
+      ..62bf9158
-      ..3e8bdf9d
+      ..301a428a
-      ..237d6bec
+      ..17f52f40
-    ev..189a8c9c
+    ev..2d8b4d95
-      ..9769ef8c
+      ..7625a53d
-    ev..189a8c9c
+    ev..2d8b4d95
-      ..ba29b478
+      ..41a65e1d
-      ..266b1ef5
+      ..3f2dc0ef
-    ev..a19948dd
+    ev..5b25bf41
-      ..59793909
+      ..5049d30d
-      ..e400a49e
+      ..787a7d77
-      ..e400a49e
+      ..787a7d77
-      ..e400a49e
+      ..787a7d77
-      ..a9ef8e90
+      ..5fe7e019
-    ev..189a8c9c
+    ev..2d8b4d95
-      ..62368330
+      ..92c45848
-      ..37cf7eac
+      ..c88c2350
-      ..3b99cdb4
+      ..f3f34764