+    fu..b299f9ee
+      ..72d6368e
+    ) ..be435df2
+      ..831a6592
+..7043bff8
+      ..6596c256
+..7043bff8
+      ..8a1be2d4
+      ..796bd29e
+..7043bff8
+      ..382baceb
+      ..1fadccfa
+..7043bff8
+      ..e2a150d2
+..7043bff8
+      ..332a7988
+      ..bea3fa47
+..7043bff8
+      ..7479c38c
+      ..5b27043e
+..7043bff8
+      ..a3b52392
+      ..b68cd6d3
+      ..094d8640
+      ..78615e3f
+      ..f35c7d93
+      ..502a6229
+      ..595ddaf6
+      ..d182516e
+    }..6cc34062
+..7043bff8
-      ..c2faf4f7
-..c3ec0748
-      ..2ec0081c
-      ..4f7e97a4
-..c3ec0748
-      ..16774935
-      ..bddd6409
-..c3ec0748
-      ..5e1fdbe4
+      ..becaa99b
-      ..34499671
-..c3ec0748
-      ..c34182c8
-      ..159460e5
-..c3ec0748
-      ..e387dff9
-      ..b9f25c40
-..c3ec0748
-      ..c7029a4a
-      ..2d4121f7
-   }..e840a64f
+      ..75f70667
+      ..d182516e
+    }..6cc34062