+++ /de..787469c2
-/* glo..a7b2886e
-/* esl..0fbc52a4
-..7355dc0a
-var Co..1b4bce10
-import..abb0daf3
-..7355dc0a
-const ..3e37f06a
-const ..c86c853b
-const ..9907048f
-..7355dc0a
-let us..313b9e05
-let ma..36b3e55f
-let ma..193e35e3
-let ma..e64f8d39
-..7355dc0a
-let ma..d82d4e80
-let st..616756e8
-..7355dc0a
-let co..97094e5a
-let co..289b4700
-..7355dc0a
-let ze..16604733
-..7355dc0a
-let tx..39c44f8d
-..7355dc0a
-// Ski..01f926f9
-if (Co..b71ff51f
-..7355dc0a
-contra..70240d77
-    be..8e5d9ce1
-      ..b0c90c3d
-      ..e6995b92
-      ..f22496ca
-      ..348c21ad
-      ..16bbf07e
-    })..9c88c413
-..7355dc0a
-    af..b08dcea8
-    })..9c88c413
-..7355dc0a
-    it..ef2419d7
-      ..d790aa74
-      ..5dfc4fd7
-      ..3757cf89
-      ..423ccc98
-..7355dc0a
-      ..64655a8f
-      ..343b5b5d
-      ..0ed63acc
-..7355dc0a
-      ..9e936e53
-      ..1ad22d82
-      ..e9d5def1
-..7355dc0a
-      ..0d7544d1
-    })..9c88c413
-..7355dc0a
-    it..b4e01d89
-      ..634341cf
-      ..0f7489b3
-..7355dc0a
-      ..5aac9000
-..7355dc0a
-      ..7dd2bb97
-      ..7b83d678
-..7355dc0a
-      ..ee06c62a
-      ..8f5e20b5
-      ..ddafe600
-    })..9c88c413
-});..a0537810
-..7355dc0a
-}..17b94e67