+++ /de..787469c2
-/* glo..a7b2886e
-/* esl..0fbc52a4
-..7355dc0a
-var Co..1b4bce10
-..7355dc0a
-import..abb0daf3
-..7355dc0a
-const ..95e4a41d
-const ..759540af
-..7355dc0a
-const ..74aa8e2e
-..7355dc0a
-// Ski..01f926f9
-if (Co..b71ff51f
-..7355dc0a
-contra..c48cc278
-    le..51c1a5d7
-..7355dc0a
-    le..58b10290
-    le..475e2fd6
-    le..1b75ffcd
-    le..3e674bdf
-    le..edb992c6
-    le..6f944df2
-    le..4914b635
-    le..f9bcc053
-    le..9ac22379
-    le..1c95d808
-..7355dc0a
-    be..8e5d9ce1
-      ..98e35977
-..7355dc0a
-      ..6c318c3d
-      ..c984ebe6
-      ..6903ca71
-      ..fff3b16b
-      ..37fbd888
-..7355dc0a
-      ..2d3399b3
-      ..75fcdd46
-      ..4e370166
-      ..920c87a8
-..7355dc0a
-      ..1be4dac0
-    })..9c88c413
-..7355dc0a
-    af..b08dcea8
-      ..dabfed41
-    })..9c88c413
-..7355dc0a
-    it..bfa3b3c0
-      ..7bb9dfcf
-..7355dc0a
-      ..283aa15e
-      ..bfc28920
-..7355dc0a
-      ..6332c501
-..7355dc0a
-      ..a7adaf7a
-    })..9c88c413
-..7355dc0a
-    it..52c8ed24
-      ..f262d18c
-    })..9c88c413
-..7355dc0a
-    it..84719d87
-      ..a48344fe
-    })..9c88c413
-..7355dc0a
-    it..5cd449a6
-      ..d167a95f
-    })..9c88c413
-..7355dc0a
-    it..feb56940
-      ..416326ea
-      ..559ea887
-      ..66e5c7bb
-..7355dc0a
-      ..24b382c3
-      ..b07921bd
-      ..cee12b83
-    })..9c88c413
-..7355dc0a
-    it..71e84f4f
-      ..6d9cc5e5
-      ..c1e125ec
-      ..02605ef4
-      ..740b6939
-    })..9c88c413
-..7355dc0a
-    it..332af14a
-      ..6d9cc5e5
-      ..c1e125ec
-    })..9c88c413
-..7355dc0a
-    it..3695c59f
-      ..21ebfaea
-      ..c1e125ec
-      ..02605ef4
-      ..740b6939
-    })..9c88c413
-..7355dc0a
-    it..30cba08b
-      ..c0095bbd
-    })..9c88c413
-..7355dc0a
-    it..35f80bd3
-      ..a48344fe
-    })..9c88c413
-..7355dc0a
-    it..5cd449a6
-      ..d167a95f
-    })..9c88c413
-..7355dc0a
-    it..e41d8ce9
-      ..74ef74ec
-      ..559ea887
-      ..66e5c7bb
-      ..b07921bd
-      ..cee12b83
-    })..9c88c413
-..7355dc0a
-    it..84055ab9
-      ..02605ef4
-      ..740b6939
-    })..9c88c413
-..7355dc0a
-    it..30cba08b
-      ..b5f7aefa
-    })..9c88c413
-..7355dc0a
-    it..e4253d9f
-      ..60994c23
-..7355dc0a
-      ..8e7a5b11
-      ..d4231cff
-..7355dc0a
-      ..683bbca2
-..7355dc0a
-      ..a7adaf7a
-    })..9c88c413
-..7355dc0a
-    //..e1528637
-});..a0537810
-..7355dc0a
-}..17b94e67