-    ev..74bff74a
-    ev..472de272
-    ev..513edf05
-    ev..8334704d
+..63e1e6a1
+    ev..dec84d3f
+    ev..bf31d276
+    ev..ee609a1b
+    ev..bc08f634
+    //..4cfee54f
+..63e1e6a1
-      ..6c7d4837
+      ..0a14c772
-    ev..74bff74a
-    ev..513edf05
+    ev..dec84d3f
+    ev..ee609a1b
+..63e1e6a1
-      ..54a46fb9
+      ..f53f1f66
-      ..7670bab2
+      ..32ee60e4
-    //..986efd8e
-    ev..d756533c
-    ev..8e0ba10f
+    ev..4528d9e8
-    fu..95d0ec02
-      ..5031d834
-      ..01ffa2f4
-      ..f2f308b2
-      ..492120b5
-      ..04e6c6d0
-      ..e008eed6
-      ..b6b84e12
-    }..37091600
-    fu..0bfb519f
-      ..5031d834
-      ..884a0608
-      ..b6b84e12
+    fu..cfee50b2
+      ..4d16a00f
-      ..703520fa
+      ..5bd10ba1
-      ..46bb9fbf
+      ..3b0d29a2
-    ev..8334704d
+    ev..bc08f634
+      ..b70ee03c
+..63e1e6a1
-      ..ce9e2e40
+      ..1cb0bde2
+    //..63e14579
+    ev..2ce4365e
+    ev..bf31d276
+..63e1e6a1
-    ev..5f09a7df
+    //..aa22def9
-      ..d290f580
-      ..7ce86066
+      ..5e7b5e4e
+      ..a5e4ab0d
+    }..ae613626
+..63e1e6a1
+    fu..78ab84cb
+      ..e56f00cc
+      ..7ab640ff
+..63e1e6a1
+      ..14ced2eb
+      ..125806f2
+      ..980d49a9
+      ..c46b0230
+..63e1e6a1
+      ..7e1d9c9a
+      ..0a14c772