+import..c4c7564e
+    it..1a30f75a
+      ..f484cefa
+    })..f08e78c5
+..63e1e6a1
-      ..d6e1d5e0
+      ..7c18a473
-      ..bf3f20bd
+      ..19461ebb
-      ..ec7cace5
+      ..041b6a91
-      ..53ba259c
-      ..9f392c4a
+      ..738403d5
+      ..c06a5fb9
-      ..237ee0c9
+      ..b910a90e
-      ..25b5acdf
+      ..9eb06b43
-      ..d6e1d5e0
+      ..7c18a473
+      ..fd02b7c5
-      ..bf3f20bd
+      ..19461ebb
-      ..750d261d
+      ..ff336a44
-      ..48eaf302
+      ..cca59ce6
-      ..45814098
+      ..afa6f38f
-      ..d6e1d5e0
+      ..7c18a473
-      ..d008aad2
+      ..d8027f14
-      ..48eaf302
+      ..cca59ce6
-      ..53ba259c
-      ..9f392c4a
+      ..738403d5
+      ..c06a5fb9
-      ..8c91d1f6
+      ..fcd2d2be
-      ..5754d1de
+      ..8de82d7d
-      ..edd21dfa
+      ..73b75bce
-      ..d6e1d5e0
+      ..c4670f51
-      ..bf3f20bd
+      ..4d44561e
-      ..750d261d
+      ..98c9f4ee
-      ..48eaf302
+      ..c43aad8c
-      ..53ba259c
-      ..9f392c4a
+      ..0a1693c1
+      ..e44e065c
-      ..8c91d1f6
+      ..7756e2da
-      ..5754d1de
+      ..23bebce8
-      ..edd21dfa
+      ..5a85164e
-      ..edd21dfa
+      ..5a85164e
-      ..48eaf302
+      ..c43aad8c
-      ..d6e1d5e0
+      ..c4670f51
-      ..964f69db
+      ..5ec99d00
-      ..9f392c4a
+      ..e44e065c
-      ..f749dc0c
+      ..1668de1d
-      ..1b402b63
-      ..5b696a57
+      ..41a87e6f
+      ..88832d93
-      ..3d7435f7
+      ..3dc92553
-      ..15036653
-      ..f6b5c367
-      ..4d167df8
-      ..41036d59
+      ..2e5aa3bc
+      ..f635f8a5
+      ..1dc18d82
+      ..3645d205
-      ..e1d67a47
-      ..b0b0db00
+      ..f78aaa1f
+      ..0415ed53
-      ..bc2b4b1c
+      ..07b45aa8
-      ..98fe3515
+      ..e62a269f
-      ..a963e47e
+      ..d855425f