-    ev..eb655054
-    ev..d51bf1ae
+    //..eb1dd57e
+    ev..2ce4365e
+..63e1e6a1
-    ev..4ae16aba
-    /*..3921b615
-      ..d07fe5af
-     *..5952c80f
-    fu..aeec55f2
-..efde5707
-    /*..3921b615
-      ..7e2e13c7
-      ..cbbd2df7
-     *..5952c80f
-    fu..9c179969
-..efde5707
-      ..9a9b9116
-..efde5707
-      ..52079827
-      ..6a2e3b11
-..efde5707
-      ..8a826b32
-    }..37091600
-..efde5707
-    /*..3921b615
-      ..3eddf8ce
-      ..3b17b0a5
-     *..5952c80f
-    fu..9dec270b
-..efde5707
-      ..99b61063
-..efde5707
-      ..c8931e60
-    }..37091600
-..efde5707
-      ..2fd0e8c6
+      ..e56f00cc
+      ..7ab640ff
+..63e1e6a1
+      ..14ced2eb
+      ..b8105f90
+..63e1e6a1
+      ..00737f8b
-      ..969245b6
+      ..bb9ee82b
+      ..e56f00cc
+      ..7ab640ff
+..63e1e6a1
+      ..14ced2eb
+      ..b8105f90
+..63e1e6a1
+      ..00dcb7c7
-    ev..4ae16aba
+    //..63e14579
+    ev..2ce4365e
+..63e1e6a1
+      ..a40b0d8d
+      ..ab3ec8a2
-      ..0d85fbaf
+      ..c0f5e63c
+      ..6405914e
+      ..88169372
+      ..b1563e37
+      ..fac860f6
-      ..3baebee3
+      ..c0f5e63c
+      ..b8ebbcc0
+      ..88169372
+      ..b1563e37
+..63e1e6a1
+      ..569f5a58
-import..8ea2cf9c
+import..b9f29ceb
+..63e1e6a1
+import..3346a6a1
-import..09e230a9
+..63e1e6a1
+import..fe1952fd
-      ..ee10f804
+      ..51e6df26
-      ..1e530478
+      ..dbd83fd9
+      ..de15cfa5
-      ..b2abc474
+      ..417a420b
+      ..f553d502
+..63e1e6a1
+      ..99396818
-      ..42267b80
+      ..ddb993d2
-      ..fbb390c0
-      ..7d9c2d30
-..efde5707
-      ..8f71614e
-      ..a8248afd
-      ..8a236a6d
-..efde5707
-      ..1d5056d9
-      ..367a789b
-      ..080d8004
-      ..bd1b4a03
-      ..ef7bde54
-      ..e5938728
-      ..ac76e5f6
-      ..516749b5
-      ..6ef6aed8
-      ..1aa46646
-      ..bd1b4a03
-      ..ef7bde54
-      ..e5938728
-      ..ac76e5f6
-      ..b7895e10
-      ..516749b5
+      ..c1d25d6b
+      ..2afa989f
+      ..c8b02eea
+..63e1e6a1
+      ..2824eae4
+..63e1e6a1
+      ..6e7ee07d
+      ..acbf82b7
+      ..44b30601
+..63e1e6a1
+      ..973e7a3b
+..63e1e6a1
+      ..290f1d41
+      ..27864e17
+      ..dbd83fd9
+      ..1aa408ec
+..63e1e6a1
-      ..1d06da1a
-      ..1b8ec3ed
+      ..07178c48
+      ..15c2708a
-      ..27640ff6
+      ..b5050c8a
-      ..1dc5c1f2
+      ..0b0fc013
-      ..30dc8c5b
-..efde5707
-      ..6029f83d
-      ..0e9b66f4
-      ..de59f0d2
-      ..d281a019
-      ..204e1a3b
-..efde5707
-      ..1b086985
-..efde5707
-      ..b80dc4f4
-..efde5707
-      ..511409e1
-..efde5707
-      ..98b449a0
-      ..340cf8d6
-      ..516749b5
-..efde5707
-      ..dfe24cac
-..efde5707
-      ..6ef6aed8
-..efde5707
-      ..98b449a0
-      ..8366d164
-      ..28454771
-      ..a120f45e
-      ..19a899fb
-      ..516749b5
-      ..204e1a3b
-      ..d3262a7e
-..efde5707
-      ..55ecd18e
-      ..ab7e5d46
-      ..fa87397b
-..efde5707
-      ..942fe884
-..efde5707
-      ..f9dbda9d
-..efde5707
-      ..5881bf0a
-..efde5707
-      ..aa031b3e
-      ..7f645ff5
-..efde5707
-      ..37d71424
-      ..f7ce62fb
-      ..46e34f43
-      ..72aad9cb
-..efde5707
-      ..ad769932
-..efde5707
-      ..ce5eb26d
-      ..a4fb6ed7
-      ..7652abf5
-      ..9bdeb320
-      ..ba5d9514
-      ..72aad9cb
-..efde5707
-      ..d5f4a324
-..efde5707
-      ..60256f08
-..efde5707
-      ..961bd5df
-      ..204e1a3b
-      ..d3262a7e
-..efde5707
-      ..b9a3f1bf
-      ..5dcf75ef
-      ..0564fc0e
-..efde5707
-      ..1b086985
-..efde5707
-      ..8c68069b
-..efde5707
-      ..5881bf0a
-..efde5707
-      ..aa031b3e
-      ..174d412c
-..efde5707
-      ..37d71424
-      ..f7ce62fb
-      ..46e34f43
-      ..72aad9cb
-..efde5707
-      ..11007c0b
-..efde5707
-      ..ce5eb26d
-      ..a4fb6ed7
-      ..7652abf5
-      ..4138bd18
-      ..1c2561d6
-      ..72aad9cb
-..efde5707
-      ..8fdedf26
-..efde5707
-      ..f4de3427
-..efde5707
-      ..6aaa2fcf
-..efde5707
-      ..18b5496c
-..efde5707
-      ..a628f7c7
-      ..bad00a78
-      ..d6356cb2
-      ..6e780796
-..efde5707
-      ..a69236e8
-..efde5707
-      ..a628f7c7
-      ..bad00a78
-      ..d6356cb2
-      ..516749b5
-..efde5707
-      ..9405ff8e
-      ..76cd7f70
-..efde5707
-      ..130a2f30
-..efde5707
-      ..928b9772
-      ..b6b84e12
-    }..37091600
-    //..eae0ee86
-    ev..4ae16aba
-..efde5707
-    //..9fe75176
-    //..4b9dfee0
-    //..96e48d8f
-    //..753ddc48
-    //..a67b46ff
-    //..a27f1787
-    //..9b72737b
-    //..85ac3ceb
-    //..a4320e62
-    //..bbc9f912
-    //..ab72082a
-    //..e47ad14a
-    //..f48391b6
+    /*..fcae6046
+      ..34e4ff0b
+      ..63c1e3af
+      ..da348fd2
+      ..c68ef67e
+      ..0b80c7c4
+      ..126d9de1
+      ..1bee9560
+      ..ae8d3e69
+      ..02e3a137
+      ..3cc5d63e
+      ..2d747617
+      ..cec66f16
+    */..d360afcc
+..63e1e6a1
+    /*..fcae6046
+      ..ea2f4690
+      ..63c1e3af
+      ..da348fd2
+      ..c68ef67e
+      ..0b80c7c4
+      ..126d9de1
+      ..1bee9560
+      ..ae8d3e69
+      ..6dfd3a16
+      ..b45584d2
+      ..2d747617
+      ..cec66f16
+    */..d360afcc
+    fu..1388dfcb
-    /*..3921b615
-      ..e529c2ff
-      ..25df45cb
-..efde5707
-      ..a1f9a24e
-      ..877e2a7b
-      ..61e6e88d
-      ..934b3dff
-    */..7c47592f
-    fu..66a4a68f
-      ..da472560
-      ..f8387c79
-    ex..a7c4e07d
-..efde5707
-      ..260f2558
-      ..7401a118
-      ..9968be73
-      ..64459d0a
-      ..b6b84e12
-    }..37091600
-..efde5707
-    /*..3921b615
-      ..e529c2ff
-      ..5a4f8f64
-..efde5707
-      ..a1f9a24e
-      ..877e2a7b
-      ..61e6e88d
-      ..934b3dff
-      ..aae01f02
-    */..7c47592f
-    fu..aa085404
-      ..da472560
-      ..a5ec1205
-    )..8c30c267
-    ex..a7c4e07d
-..efde5707
-      ..260f2558
-      ..40ee16fb
-      ..9968be73
-      ..1b955113
-      ..b6b84e12
-    }..37091600
-..efde5707
-    /*..3921b615
-      ..e1274b4b
-      ..f74cb78f
-      ..989210f8
-..efde5707
-      ..cc53d247
-      ..61e6e88d
-      ..412f6704
-      ..6382a9ff
-    */..7c47592f
-    fu..9c14f1c2
-      ..da472560
-      ..ed494f31
-    ex..a7c4e07d
-..efde5707
-      ..304baa85
-      ..1221dac2
-      ..9968be73
-      ..548aaf50
-      ..b6b84e12
-    }..37091600
-..efde5707
-    /*..3921b615
-      ..4500714c
-..efde5707
-      ..cc53d247
-      ..642342fc
-      ..412f6704
-      ..6382a9ff
-      ..aae01f02
-    */..7c47592f
-    fu..9741900e
-      ..da472560
-      ..b67d62e5
-    ex..a7c4e07d
-..efde5707
-      ..304baa85
-      ..7e3a5239
-      ..9968be73
-      ..7ad44e3e
-      ..b6b84e12
-    }..37091600
-..efde5707
-    /*..3921b615
-      ..f9ea07e2
-..efde5707
-      ..22cf3719
-..efde5707
-      ..877e2a7b
-      ..0ff65d0a
-      ..412f6704
-      ..6382a9ff
-    */..7c47592f
-    fu..afae6a9b
-      ..da472560
-      ..6fa14f58
-    ex..a7c4e07d
-..efde5707
-      ..cfd995e1
-..efde5707
-      ..a78f2e18
-      ..d3bdbb67
-      ..6c68e679
-      ..cfeeafb3
-      ..0b10a391
-..efde5707
-      ..b6b84e12
-..efde5707
-    }..37091600
-..efde5707
-..efde5707
-    ev..4ae16aba
+    ev..2ce4365e
-      ..f980ec87
+..63e1e6a1
+      ..e56f00cc
+      ..7ab640ff
+..63e1e6a1
+      ..14ced2eb
+      ..032193ba
+..63e1e6a1
+      ..23d5699f
+      ..cb28644a
+      ..e56f00cc
+      ..14ced2eb
+..63e1e6a1
-      ..d57770f3
+..63e1e6a1
+      ..0a78a497
+      ..69504c1f
+      ..18052191
-    ev..6e766cb2
-    ev..af8d9a97
+    ev..94466b8c
-      ..5c24ce5d
+      ..e56f00cc
+      ..7ab640ff
+..63e1e6a1
+      ..14ced2eb
+      ..a7c9ae6a
+..63e1e6a1
+      ..bf3db767
+      ..14ced2eb
+      ..a7c9ae6a
+..63e1e6a1
+      ..e56f00cc
+..63e1e6a1
-      ..843ff32a
+..63e1e6a1
+      ..0a78a497
+..63e1e6a1
+      ..f2b106ba
+      ..fedcae81
+      ..5c9cf14f
+      ..182ce74d
+      ..14ced2eb
+      ..a7c9ae6a
+..63e1e6a1
+      ..e56f00cc
+..63e1e6a1
-      ..843ff32a
+      ..928c1c35
+      ..182ce74d
-      ..843ff32a
+      ..928c1c35
+      ..182ce74d
-      ..99de0a66
+      ..7938239e
+      ..81666af9
+import..c1b09548
-    ev..4ae16aba
-   /**..eb3089fe
-   * @..0db0b269
-   * @..e27cd0ec
-   * @..25e3f109
-   * @..4a89ccec
-   * @..e471b806
-   * @..bd8606a9
-   * @..9d59377a
-   * @..1b1fc35d
-   */..2e581b7a
-    fu..135c519a
-      ..1d73d6f5
-      ..4dff8793
-      ..b6b84e12
-      ..0596e917
-      ..0ddab461
-    }..37091600
-..efde5707
-    fu..b9c0f65b
-      ..da472560
-      ..38e5eadf
-    ) ..d8966e39
-..efde5707
-      ..b9978517
-      ..8eca7edc
-    }..37091600
-..efde5707
-    fu..73619366
-      ..da472560
-      ..854e0305
-    ) ..d8966e39
-..efde5707
-      ..b9978517
-      ..5e5c176f
-    }..37091600
-..efde5707
-    fu..41d1e88c
-      ..da472560
-      ..854e0305
-    ) ..132108f8
-..efde5707
-      ..8eca7edc
-..efde5707
-      ..834620c3
-    }..37091600
-..efde5707
-    fu..b45c394b
-      ..da472560
-      ..38e5eadf
-    ) ..132108f8
-..efde5707
-      ..91183159
-      ..d3ae6b64
-      ..0c94db16
-      ..9b91530b
-..efde5707
-      ..0138aa57
-      ..906e96a8
-      ..b6b84e12
-..efde5707
-      ..33cf045d
-..efde5707
-      ..cbfe4d67
-      ..16e112a4
-      ..9968be73
-      ..8308ddcc
-      ..b6b84e12
-..efde5707
-      ..b812be6d
-      ..39b5d8d1
-      ..1892931a
-      ..9968be73
-      ..750806a1
-      ..b6b84e12
-..efde5707
-      ..e1bfb43c
-    }..37091600
-..efde5707
-    fu..66a4a68f
-      ..da472560
-      ..ac67476b
-    ) ..d8966e39
-..efde5707
-      ..b9978517
-      ..363f8750
-    }..37091600
-..efde5707
-    fu..aa085404
-      ..da472560
-      ..a5ec1205
-    ) ..d8966e39
-..efde5707
-      ..b9978517
-      ..528cf889
-    }..37091600
-..efde5707
-    fu..8adaf3fa
-      ..da472560
-      ..a5ec1205
-    ) ..132108f8
-..efde5707
-      ..363f8750
-..efde5707
-      ..96c2d4aa
-    }..37091600
-..efde5707
-    fu..75ba8316
-      ..da472560
-      ..ac67476b
-    ) ..132108f8
-..efde5707
-      ..0c94db16
-      ..9b91530b
-..efde5707
-      ..6dc11bed
-      ..0138aa57
-      ..16e894a5
-      ..ef193d52
-      ..b6b84e12
-..efde5707
-      ..0c94db16
-      ..7e89bf7e
-      ..77985b63
-..efde5707
-      ..9367bd5a
-      ..ea9d026d
-      ..ae0ab722
-      ..4a577f00
-      ..f8cdac1e
-      ..4bbcd24b
-      ..b6b84e12
-..efde5707
-      ..ff82b726
-      ..33cf045d
-..efde5707
-      ..cbfe4d67
-      ..ef277bcc
-      ..9968be73
-      ..8308ddcc
-      ..b6b84e12
-..efde5707
-      ..b812be6d
-      ..39b5d8d1
-      ..7aec0d4a
-      ..9968be73
-      ..437fa310
-      ..b6b84e12
-..efde5707
-      ..b2d4f361
-    }..37091600
-..efde5707
-    fu..90834db9
-      ..da472560
-      ..a58804e9
-    ) ..d8966e39
-      ..02a8d590
-      ..8de46516
-      ..7f972a61
-      ..b6b84e12
-    }..37091600
-..efde5707
-    fu..fe721d5e
-      ..da472560
-      ..9704496a
-    ) ..d8966e39
-      ..02a8d590
-      ..8de46516
-      ..ad4a506f
-      ..b6b84e12
-    }..37091600
-..efde5707
-    fu..9c14f1c2
-      ..da472560
-      ..1d8bd783
-    ) ..d8966e39
-      ..02a8d590
-      ..8de46516
-      ..d45e96c6
-      ..b6b84e12
-    }..37091600
-..efde5707
-    fu..9741900e
-      ..da472560
-      ..6f70326d
-    ) ..d8966e39
-      ..02a8d590
-      ..8de46516
-      ..6824422e
-      ..b6b84e12
-    }..37091600
-..efde5707
-    fu..2ccd2fac
-      ..da472560
-      ..f6ed35f7
-    ) ..d8966e39
-      ..cfd995e1
-      ..f2f308b2
-      ..aa71ea4e
-      ..34d29c8b
-      ..b6b84e12
-    }..37091600
-..efde5707
-    fu..a7556988
-      ..da472560
-      ..8c0da699
-    ) ..d8966e39
-      ..cfd995e1
-      ..f2f308b2
-      ..aa71ea4e
-      ..18a91ce7
-      ..b6b84e12
-    }..37091600
-}..8c338ceb
+..63e1e6a1
+    ev..2ce4365e
+..63e1e6a1
+    //..d86a4a73
+    fu..6d18f04e
+      ..94f9a092
+      ..837028f0
+    in..32de93bd
+      ..af7f6be4
+      ..3dcbeba4
+      ..ffbbfb45
+      ..045dcd8c
+      ..6c3d1df4
+..63e1e6a1
+      ..abac3ef3
+..63e1e6a1
+      ..3902976b
+..63e1e6a1
+      ..49b76c61
+..63e1e6a1
+      ..6173ed1a
+      ..531fc00a
+      ..ff986692
+..63e1e6a1
+      ..5b68374c
+..63e1e6a1
+      ..adadd197
+..63e1e6a1
+      ..6173ed1a
+      ..e1e08b2a
+      ..6abf4f2b
+      ..6a485223
+      ..0ff6e1fb
+      ..ff986692
+      ..6c3d1df4
+    }..ae613626
+..63e1e6a1
+    fu..656e374b
+      ..bc504c53
+      ..e0a5c8e2
+    in..2efb25cf
+..63e1e6a1
+      ..885d4e1c
+..63e1e6a1
+      ..8ad193fd
+..63e1e6a1
+      ..225aed45
+..63e1e6a1
+      ..4546a19f
+      ..7f1e9d33
+..63e1e6a1
+      ..bf410d44
+      ..a34d0f6d
+      ..d54b8017
+      ..3636d06e
+..63e1e6a1
+      ..16b9031f
+..63e1e6a1
+      ..69ce5e17
+      ..59a86119
+      ..d06c28e8
+      ..5f2552ed
+      ..3d9ec6ee
+      ..3636d06e
+..63e1e6a1
+      ..86786d36
+..63e1e6a1
+      ..1eb75d62
+..63e1e6a1
+      ..e57f9333
+      ..db3e8f63
+..63e1e6a1
+      ..e58697bb
+      ..59dd0e79
+..63e1e6a1
+      ..0a02940a
+      ..6c3d1df4
+    }..ae613626
+..63e1e6a1
+    fu..ab3b3b81
+      ..bc504c53
+      ..9de32501
+    in..32de93bd
+..63e1e6a1
+      ..abac3ef3
+..63e1e6a1
+      ..bc8f0e60
+..63e1e6a1
+      ..225aed45
+..63e1e6a1
+      ..4546a19f
+      ..2e24b100
+..63e1e6a1
+      ..bf410d44
+      ..a34d0f6d
+      ..d54b8017
+      ..3636d06e
+..63e1e6a1
+      ..dd2fdd3f
+..63e1e6a1
+      ..69ce5e17
+      ..59a86119
+      ..d06c28e8
+      ..7540d97a
+      ..449be1ef
+      ..3636d06e
+..63e1e6a1
+      ..10ee227d
+..63e1e6a1
+      ..51ecbc88
+..63e1e6a1
+      ..80e907bc
+..63e1e6a1
+      ..7d3d204f
+..63e1e6a1
+      ..76264c0f
+      ..ec493ae6
+      ..4a48e496
+      ..ed048f8f
+..63e1e6a1
+      ..a3c29637
+..63e1e6a1
+      ..76264c0f
+      ..ec493ae6
+      ..4a48e496
+      ..ff986692
+..63e1e6a1
+      ..3790a5be
+      ..bec1756c
+..63e1e6a1
+      ..038e0591
+..63e1e6a1
+      ..0c004b27
+      ..bb96662d
+..63e1e6a1
+      ..b6180a37
+      ..9493ad31
+..63e1e6a1
+      ..25d58a84
+      ..1a07efb8
+   }..125d5c64
+}..6930be14