-//////..964cefac
-..bb1696fa
-    IC..32dcdbfd
-..bb1696fa
-    ui..164cb5d9
-    ui..d816b4b8
-..bb1696fa
-    ui..b5b119db
-..bb1696fa
-    ui..2a33afa6
-    ui..fc85c5d4
-    ui..86f0d4c2
+//////..d9a7d1f8
-    ui..c18aea95
+    co..75851e1b
+    }..82661942
-    ad..89fc35c8
+    /*..7b031872
+      ..a4cce861
+     *..b497904f
+    fu..863bff0a
-    ui..16b583a1
+    /*..7b031872
+      ..44d9fb62
+      ..61a36464
+     *..b497904f
+    fu..be6bf4af
-//////..25a6bf33
+      ..4a169cbb
-    co..200a1acf
+      ..9add23d1
+      ..36e4a0a7
+..5ee2e3db
+      ..fc9c6f1a
+    /*..7b031872
+      ..c706de79
+      ..3ffb6254
+     *..b497904f
+    fu..341a9aa5
+..5ee2e3db
+      ..f7a74874
-//////..e38277f6
+      ..243936dc
+    }..82661942
+..5ee2e3db
+//////..9dcc44be
+..5ee2e3db
+    fu..2d128850
+      ..b81c3b0d
+    }..82661942
+..5ee2e3db
-      ..cabc44fb
+      ..89448566
-      ..3f25c024
+      ..52ebffdd
-      ..5a45c05a
+      ..fb9c233d
-..bb1696fa
-    by..42730274
-..bb1696fa
-    fu..cc4350cf
-      ..e3b6af81
-    }..544b19b1
-      ..b4cbee81
+      ..57873b65
-      ..6d066df3
+      ..99c54ee2
-      ..99b35ccd
-      ..7875ddcc
-      ..d39378fc
+      ..0edf1e92
+      ..df396786
+      ..16f68b58
-      ..16a5bb33
-      ..afa4b871
-      ..e4735e1e
+      ..0ef2ff35
+      ..62382bd1
+      ..181a107e
-      ..d527d818
-      ..485fc747
-      ..399faf2c
-      ..fbde65d9
+      ..9b337807
+      ..2defe2d8
+      ..78cec352
+      ..f7a544bd
-      ..a12bb1ef
-      ..0dee3fc4
-      ..a4cdd3eb
-      ..43f80c58
+      ..e9582c45
+      ..863b230b
+      ..19bebd79
+      ..82aec27a
-      ..bbf511b5
-      ..fdb87dd1
-      ..384cd04d
+      ..3c7011ed
+      ..e87c286e
+      ..e8a4f3e6
-      ..dc1e0573
-      ..78620fb2
-      ..9e85e1f7
+      ..3c7011ed
+      ..5a1412a3
+      ..e8a4f3e6
-      ..c3f67c95
+      ..3c7011ed
-      ..2ad46684
+      ..e8a4f3e6
-      ..5b9f932b
-      ..a783bf70
-      ..90cfcd3c
-      ..181b98e2
+      ..1b9a3e3c
+      ..595dfe73
+      ..3b44251c
+      ..b8cff30c
-      ..4b04cee7
-      ..f1bb386f
-      ..bbf511b5
-      ..d001ad7c
-      ..37a88fe6
-      ..384cd04d
+      ..e0f8e5a9
+      ..3c7011ed
+      ..db18d2d9
+      ..e8a4f3e6
-      ..b33e7682
-      ..f1bb386f
-      ..dc1e0573
-      ..fffe9cef
-      ..37a88fe6
-      ..9e85e1f7
+      ..079e4136
+      ..3c7011ed
+      ..a5408341
+      ..e8a4f3e6
-      ..72321693
+      ..710dd6e5
-      ..428b72ed
+      ..f5135409
-      ..50618e2e
-      ..82016b53
-      ..6eb1e628
+      ..e90ce40d
+      ..2067f5dc
+      ..7a3b6e34
-      ..9be8df68
+      ..2da8c845
-      ..0d4b48f1
+      ..9a40e307
-      ..89cfb367
+      ..741850f2
-      ..d527d818
-      ..ea9890ab
-      ..a85fa2b4
-      ..b26b5172
+      ..9b337807
+      ..5ad2c38e
+      ..5c3bfa3a
+      ..01a4ef29
-      ..a12bb1ef
-      ..1d438375
+      ..e9582c45
+      ..b8e5f9f5
-      ..8ac35304
+      ..cbb86d81
-      ..23f7a316
+      ..520addaf
-      ..bbf511b5
-      ..b40edf2f
-      ..86b37d6b
+      ..3c7011ed
+      ..8b192694
+      ..e8a4f3e6
-      ..ac7045c1
-      ..07a268b2
+      ..3c7011ed
+      ..ab2c9c75
-      ..5b9f932b
-      ..7f8f9866
-      ..dd312a9e
+      ..1b9a3e3c
+      ..8c3754b9
+      ..894f1f0a
-      ..4b04cee7
-      ..f1bb386f
-      ..bbf511b5
-      ..c64f42f8
-      ..ebf34642
-      ..86b37d6b
+      ..e0f8e5a9
+      ..3c7011ed
+      ..d90430b1
+      ..e8a4f3e6
-      ..b33e7682
-      ..f1bb386f
-      ..ac7045c1
-      ..e4706017
-      ..ebf34642
+      ..079e4136
+      ..3c7011ed
+      ..8cfb5ea4
+      ..e8a4f3e6
+      ..6e4998dc
-      ..9294067d
-      ..e1fe9972
+      ..f5d0c69f
+      ..2d6d361c
+      ..9e7f4d82
-      ..b7af3d20
+      ..cf63bfe9
+      ..2d6d361c
+      ..9e7f4d82
-    re..db7de06d
+    re..0b2a3e90