+++ /de..f813acb8
-/* glo..6926606a
-/* esl..214b65e9
-..3fb139cb
-import..e8a00484
-import..3bc90f7b
-..3fb139cb
-const ..c868994f
-..3fb139cb
-const ..05e9d5ea
-const ..75ce0dce
-..3fb139cb
-const ..2519b1ca
-..3fb139cb
-const ..97c7dde1
-..3fb139cb
-const ..f740d7e7
-const ..f11a9dba
-..3fb139cb
-let us..4d364071
-let us..4a6b5aef
-let us..4c51544a
-let us..33863dc3
-let st..87b42718
-let en..4b9e490c
-let cr..3dcb24c8
-let ad..bd42902f
-let ma..18b5fed6
-let ma..da70017a
-..3fb139cb
-const ..67e698be
-const ..4d2e4927
-const ..ffe73664
-..3fb139cb
-const ..4c91ef74
-const ..5f6b53c9
-const ..73880eaa
-const ..a0448bbe
-const ..8e90ac5e
-const ..9405a02e
-const ..1683aa74
-const ..2014b3ff
-const ..c9e59860
-const ..acd908ad
-const ..f0a3f261
-const ..c7550061
-..3fb139cb
-const ..398f428a
-..3fb139cb
-async ..15cc4c5c
-    re..6e259e58
-      ..903f7e38
-      ..fa4d9e62
-      ..2c84ed42
-      ..353521ae
-      ..85ac9018
-      ..761b4146
-      ..c0096f9d
-      ..9d4c9122
-      ..2b74276c
-      ..f95eaa87
-      ..7614f995
-      ..e740b367
-    })..903630ea
-}..114110bf
-..3fb139cb
-let tx..6f494d93
-let ga..4ead8374
-let ga..459c310e
-let ga..b0cffec3
-..3fb139cb
-let to..9fb9d4ac
-..3fb139cb
-functi..fcd6ad9f
-    ga..a7a7e4f5
-    ga..b5577112
-}..114110bf
-..3fb139cb
-functi..7d144d56
-    co..b5058ce2
-    fo..00ca3509
-      ..e96a37dd
-    }..51159698
-    co..23721db9
-    co..b5058ce2
-}..114110bf
-..3fb139cb
-async ..4ee2e945
-    aw..31ab2fa3
-..3fb139cb
-    le..8c06f9a8
-    le..5a543399
-    wh..f7f1b950
-      ..39bfb6dc
-..3fb139cb
-      ..977f30ed
-..3fb139cb
-      ..8be1fd88
-      ..da2af49b
-      ..98fc6dc7
-      ..a75b6a4c
-      ..7476ebbe
-      ..b42c345c
-      ..b5eea601
-      ..2dcf139e
-      ..fb113ed0
-      ..aba0d8c1
-      ..f9b30573
-      ..41e7ba0e
-      ..848e77d7
-..3fb139cb
-      ..77579ecb
-      ..d355aab0
-      ..98fc6dc7
-      ..a75b6a4c
-      ..7476ebbe
-      ..5adcb9a4
-      ..b5eea601
-      ..2dcf139e
-      ..fb113ed0
-      ..aba0d8c1
-      ..f9b30573
-      ..6c5287d5
-..3fb139cb
-      ..21f0a9e6
-      ..0dd60484
-      ..e7b1ebd9
-      ..5dfa2723
-      ..8b8e6e79
-..3fb139cb
-      ..c7928c19
-      ..ee531611
-      ..36bb41e7
-      ..8a1d3cef
-      ..f780f6e1
-      ..6d7ee7e3
-      ..73f44ef4
-    }..51159698
-    aw..39670978
-}..114110bf
-..3fb139cb
-contra..92cf64fc
-    le..7779dfa7
-..3fb139cb
-    be..d0305be6
-      ..bd9501f3
-..3fb139cb
-      ..abaf35df
-      ..fbab9fa0
-      ..16f54f4d
-      ..bcaa8c85
-      ..c17b6fc2
-      ..4263067f
-..3fb139cb
-      ..8bf60eb7
-      ..58aeaeb2
-      ..c94ccff0
-      ..2c624985
-..3fb139cb
-      ..1332e2dc
-      ..813d3799
-    })..903630ea
-..3fb139cb
-..3fb139cb
-    af..6ad6064f
-      ..44aec358
-    })..903630ea
-..3fb139cb
-    it..a914be2a
-      ..5618f48d
-    })..903630ea
-..3fb139cb
-    it..bfe3f0d8
-      ..5ec27343
-      ..94a5ba66
-      ..f3fc3156
-      ..359a6656
-      ..e50ce8bf
-..3fb139cb
-      ..a95db621
-      ..8be1fd88
-      ..2eccc939
-      ..e7269af6
-      ..d9a9b856
-      ..7476ebbe
-      ..d17eadf5
-      ..4490b3ec
-      ..3a657a72
-      ..fb113ed0
-      ..aba0d8c1
-      ..f9b30573
-      ..41e7ba0e
-      ..848e77d7
-..3fb139cb
-      ..8441bfa9
-      ..07a27cc4
-      ..c1b6fb07
-      ..170bceb2
-      ..f5527811
-      ..742623d2
-      ..170bceb2
-      ..d0fd4dcc
-      ..742623d2
-    })..903630ea
-..3fb139cb
-    it..9a5e8ca5
-      ..5ec27343
-      ..7b810813
-      ..c7ea3187
-      ..42cd91c4
-      ..e50ce8bf
-..3fb139cb
-      ..a95db621
-      ..8be1fd88
-      ..2eccc939
-      ..e7269af6
-      ..d9a9b856
-      ..7476ebbe
-      ..d17eadf5
-      ..4490b3ec
-      ..3a657a72
-      ..fb113ed0
-      ..aba0d8c1
-      ..f9b30573
-      ..41e7ba0e
-      ..848e77d7
-..3fb139cb
-      ..c1b6fb07
-      ..170bceb2
-      ..4d25ca0a
-      ..f5527811
-      ..742623d2
-      ..170bceb2
-      ..d0fd4dcc
-      ..742623d2
-    })..903630ea
-..3fb139cb
-    it..612dcff4
-      ..86167c52
-      ..600cb6d9
-      ..9d736812
-      ..f3fc3156
-..3fb139cb
-      ..6fe32f87
-      ..d502df47
-      ..6b4d0dd2
-..3fb139cb
-      ..ffce0e65
-      ..c1095bec
-..3fb139cb
-      ..11ad4336
-      ..cad7f5df
-      ..aa888978
-..3fb139cb
-      ..8be1fd88
-      ..b8c6f6dd
-      ..cc3c50e8
-      ..c7e637a3
-      ..3e8c968e
-      ..4c2a0eac
-      ..52d36ef4
-      ..bdeeb184
-      ..9b4ad535
-      ..4e2413c4
-      ..f9b30573
-      ..41e7ba0e
-      ..39108a36
-      ..c13f3068
-..3fb139cb
-      ..a95db621
-      ..8be1fd88
-      ..b8c6f6dd
-      ..a4be3d6b
-      ..6bbffc1c
-      ..3e8c968e
-      ..4c2a0eac
-      ..03183eed
-      ..bdeeb184
-      ..9b4ad535
-      ..4e2413c4
-      ..f9b30573
-      ..41e7ba0e
-      ..121685d8
-      ..c13f3068
-      ..311d403e
-      ..15d55e89
-      ..611b331a
-..3fb139cb
-      ..88ba00d3
-      ..958e22c6
-..3fb139cb
-      ..a95db621
-      ..8be1fd88
-      ..b8c6f6dd
-      ..a4be3d6b
-      ..c7e637a3
-      ..3e8c968e
-      ..4c2a0eac
-      ..52d36ef4
-      ..a9073fd8
-      ..9b4ad535
-      ..4e2413c4
-      ..f9b30573
-      ..41e7ba0e
-      ..83050b2d
-      ..c13f3068
-      ..f47be62f
-..3fb139cb
-      ..a95db621
-      ..8be1fd88
-      ..b8c6f6dd
-      ..a4be3d6b
-      ..c7e637a3
-      ..5116b870
-      ..4c2a0eac
-      ..03183eed
-      ..a9073fd8
-      ..9b4ad535
-      ..4e2413c4
-      ..f9b30573
-      ..41e7ba0e
-      ..2c5e803c
-      ..c13f3068
-      ..f47be62f
-..3fb139cb
-      ..a95db621
-      ..8be1fd88
-      ..b8c6f6dd
-      ..a4be3d6b
-      ..c7e637a3
-      ..5116b870
-      ..4c2a0eac
-      ..52d36ef4
-      ..79fcc477
-      ..9b4ad535
-      ..4e2413c4
-      ..f9b30573
-      ..41e7ba0e
-      ..f3e9f69a
-      ..c13f3068
-      ..f47be62f
-..3fb139cb
-      ..1d42ae03
-    })..903630ea
-..3fb139cb
-    it..4a7d2c3c
-..3fb139cb
-      ..bf3413a6
-      ..f0ad9c8e
-..3fb139cb
-      ..257e381c
-      ..5ac1501d
-      ..4934a45d
-      ..5605cf82
-..3fb139cb
-      ..7272adda
-..3fb139cb
-      ..6e6b8d90
-      ..4183d96a
-      ..2ea5828e
-      ..381953c6
-      ..160ed872
-      ..bf227b03
-      ..b27661a3
-      ..86b81c45
-      ..1bdafd37
-      ..c2201119
-      ..e8f21b81
-      ..67052806
-      ..bc552239
-..3fb139cb
-      ..94833e13
-      ..0b55ab65
-..3fb139cb
-      ..6a4b40c3
-      ..3d92e181
-..3fb139cb
-      ..5a7dcb63
-      ..596114dd
-..3fb139cb
-      ..08a635a1
-      ..596114dd
-..3fb139cb
-      ..695fb1b4
-      ..596114dd
-..3fb139cb
-..3fb139cb
-      ..19747313
-      ..3286d894
-..3fb139cb
-      ..99a7e637
-      ..6a8c68b7
-      ..256a828f
-    })..903630ea
-..3fb139cb
-    it..ef5cb27f
-      ..a87f57d4
-      ..f8df7231
-      ..f3fc3156
-..3fb139cb
-      ..a95db621
-      ..8be1fd88
-      ..2eccc939
-      ..e7269af6
-      ..f4edc17b
-      ..7476ebbe
-      ..d17eadf5
-      ..b5eea601
-      ..6dc28846
-      ..fb113ed0
-      ..aba0d8c1
-      ..f9b30573
-      ..41e7ba0e
-      ..848e77d7
-..3fb139cb
-      ..94868605
-      ..90342fb6
-    })..903630ea
-..3fb139cb
-    it..a7b603a8
-      ..bf0f0706
-      ..f80777f2
-..3fb139cb
-      ..ffa65c89
-      ..a2251961
-..3fb139cb
-      ..1b33600a
-      ..ec12fa2d
-    })..903630ea
-..3fb139cb
-    it..aeac0129
-      ..bfb4d2b8
-      ..ac54835d
-      ..9d922897
-..3fb139cb
-      ..a2251961
-      ..0aa3271d
-..3fb139cb
-      ..3e718577
-      ..6ce88dc6
-    })..903630ea
-..3fb139cb
-    it..40e06981
-      ..a42207d1
-      ..a3724d04
-..3fb139cb
-      ..c24150eb
-      ..5dd41f50
-      ..9d736812
-      ..f3fc3156
-..3fb139cb
-      ..6fe32f87
-      ..d502df47
-..3fb139cb
-      ..8be1fd88
-      ..bac7dd81
-      ..f93a1f51
-      ..8f113c96
-      ..5116b870
-      ..6e9aa4c2
-      ..52d36ef4
-      ..bdeeb184
-      ..9b4ad535
-      ..4e2413c4
-      ..f9b30573
-      ..41e7ba0e
-      ..bd0cfdec
-      ..2760b616
-..3fb139cb
-      ..3e0eba9c
-      ..f0548406
-..3fb139cb
-      ..a8e43273
-      ..a63879bc
-      ..87cf4d98
-      ..69f88939
-      ..2ea86d78
-..3fb139cb
-      ..322648f0
-      ..6a5bc516
-..3fb139cb
-      ..da2f8df5
-      ..956019cf
-..3fb139cb
-      ..1d42e60f
-      ..057d8ee1
-      ..63f2c9c7
-..3fb139cb
-      ..841b08da
-      ..af14f239
-      ..9a0b186b
-..3fb139cb
-      ..5739e158
-      ..089b6abb
-      ..b4562773
-      ..8e5a70a1
-..3fb139cb
-      ..be01ecfc
-      ..3044269e
-..3fb139cb
-      ..4fd6d8f9
-      ..ab77f99f
-    })..903630ea
-..3fb139cb
-    it..2ee7bae3
-      ..047019c5
-    })..903630ea
-..3fb139cb
-    it..492cee81
-..3fb139cb
-      ..b7b0529e
-      ..9bd1075f
-      ..ca0f31c9
-      ..cc82f530
-      ..aab64495
-..3fb139cb
-      ..259ed85b
-      ..e30f79d9
-      ..ca0f31c9
-      ..e092cb09
-..3fb139cb
-      ..4dc938c1
-      ..ba25b9c2
-..3fb139cb
-      ..a2251961
-      ..f44b4d7f
-..3fb139cb
-      ..0aa3271d
-      ..4fc93468
-    })..903630ea
-..3fb139cb
-    it..3f8cdb61
-      ..2dc9df01
-      ..da9d80a8
-      ..6733bfec
-      ..d49946f6
-    })..903630ea
-..3fb139cb
-    it..b0cde1e9
-      ..568326d4
-      ..191f0047
-..3fb139cb
-      ..b6b2b098
-      ..5e1e11d3
-..3fb139cb
-      ..d4c4e42b
-      ..b42a4b81
-    })..903630ea
-..3fb139cb
-    it..d196a09d
-      ..211239bb
-    })..903630ea
-..3fb139cb
-    it..826a0f9a
-      ..bcf5c550
-      ..9400945a
-..3fb139cb
-      ..47634b92
-      ..673b0293
-      ..aab64495
-..3fb139cb
-      ..4e42fa8e
-    })..903630ea
-..3fb139cb
-    it..889386c2
-      ..62348218
-      ..6cba8642
-      ..ab9b3d85
-..3fb139cb
-      ..9400945a
-..3fb139cb
-      ..47634b92
-      ..c68c0602
-      ..611b331a
-    })..903630ea
-..3fb139cb
-    it..9057f1dc
-      ..e34f77ea
-..3fb139cb
-      ..24db27a5
-      ..26be258a
-..3fb139cb
-      ..2504f454
-      ..7a29ae6d
-      ..612e78e3
-    })..903630ea
-..3fb139cb
-    it..87227086
-      ..a2e16f06
-      ..f65651d4
-      ..f6afd284
-      ..8c1197dd
-..3fb139cb
-      ..2b50585d
-      ..6b38771a
-..3fb139cb
-      ..e5c229c2
-      ..a8b62f4e
-      ..f6afd284
-      ..1915ac67
-..3fb139cb
-      ..5739e27d
-      ..f6afd284
-      ..307482b8
-    })..903630ea
-..3fb139cb
-    it..f2080a2f
-      ..82927e1e
-      ..6ef5e806
-..3fb139cb
-      ..294c1cdd
-      ..d98df524
-..3fb139cb
-      ..6ef5e806
-    })..903630ea
-..3fb139cb
-    it..9348ae69
-      ..32b63bfd
-      ..a7a212ca
-..3fb139cb
-      ..cbc62ac5
-      ..e20352cf
-..3fb139cb
-      ..476ce65d
-      ..4c1a8ec2
-    })..903630ea
-..3fb139cb
-    it..7e1dd92d
-      ..eda86815
-      ..9d84fbe7
-..3fb139cb
-      ..983c29e9
-      ..2b4b631f
-..3fb139cb
-      ..83dd83e6
-      ..98041116
-    })..903630ea
-..3fb139cb
-    it..ea381154
-      ..eda86815
-      ..bd9b68e4
-      ..1fbd8482
-..3fb139cb
-      ..983c29e9
-      ..e469be8d
-..3fb139cb
-      ..d4c4e42b
-      ..b251493f
-    })..903630ea
-..3fb139cb
-    it..3520fe82
-      ..eda86815
-      ..d270daaa
-      ..b850bb35
-..3fb139cb
-      ..983c29e9
-      ..687bafee
-..3fb139cb
-      ..5049851f
-      ..d4c4e42b
-      ..7ac227c0
-..3fb139cb
-      ..fabf243f
-      ..42904cbc
-      ..46799ed3
-      ..665c3b5d
-      ..be7535b4
-    })..903630ea
-..3fb139cb
-    it..7065160a
-      ..551dc82f
-      ..4dc938c1
-      ..a2251961
-..3fb139cb
-      ..86b865ab
-      ..d6208051
-..3fb139cb
-      ..cc965ccb
-      ..5c8bdc00
-      ..f80777f2
-..3fb139cb
-      ..d1da8c1b
-      ..26c041c8
-      ..f2330439
-..3fb139cb
-      ..db59f92c
-      ..e895432f
-    })..903630ea
-..3fb139cb
-    it..a5a4dffb
-      ..551dc82f
-      ..b2dadc9b
-      ..054963fa
-      ..c89f2520
-..3fb139cb
-      ..cc965ccb
-      ..93d79cf0
-      ..4c35d05f
-..3fb139cb
-      ..d1da8c1b
-      ..5e77375a
-      ..8bc0b848
-      ..d19c0094
-..3fb139cb
-      ..db18876f
-      ..65aa3b1e
-      ..8f226d00
-    })..903630ea
-..3fb139cb
-    it..265b8779
-      ..61af849e
-..3fb139cb
-      ..551dc82f
-      ..2638a9d2
-      ..6fd19515
-..3fb139cb
-..3fb139cb
-      ..27c4cb67
-      ..73ed4145
-..3fb139cb
-      ..b1d32831
-      ..7b52b773
-..3fb139cb
-      ..cc965ccb
-      ..05d93653
-      ..74ae226e
-      ..76c242b8
-      ..b28079a3
-      ..23aa7f1f
-      ..f9b30573
-      ..41e7ba0e
-      ..4930fdc9
-..3fb139cb
-      ..d1da8c1b
-      ..04c31e93
-      ..8ba73ce8
-..3fb139cb
-      ..00a1d4f0
-      ..5f50b504
-..3fb139cb
-      ..711f2973
-      ..01de5241
-      ..72a932b1
-      ..7300e7e9
-    })..903630ea
-..3fb139cb
-    it..b841cabc
-      ..385730ff
-      ..770c8198
-      ..80256936
-..3fb139cb
-      ..fea13487
-      ..c6af5edb
-..3fb139cb
-      ..a49e9532
-      ..584c9224
-      ..66bd63ee
-..3fb139cb
-      ..7ba8dea8
-      ..52fe1548
-    })..903630ea
-..3fb139cb
-    it..35117a59
-..3fb139cb
-      ..700fa0ca
-      ..0dd4952f
-..3fb139cb
-      ..c14dd3ce
-      ..79396092
-..3fb139cb
-      ..43c0c6fc
-      ..52fe5309
-..3fb139cb
-      ..992d7526
-      ..b97879ff
-..3fb139cb
-      ..388e8435
-      ..21f0fd50
-..3fb139cb
-      ..d8f05b4f
-    })..903630ea
-..3fb139cb
-    it..9df21c1c
-      ..01ff86d4
-      ..f9ef335a
-..3fb139cb
-      ..466a6134
-..3fb139cb
-      ..6f0e03ea
-      ..620d5c86
-..3fb139cb
-      ..cb711bbd
-      ..d61b2163
-      ..9b91f55d
-..3fb139cb
-      ..8e2d4bc9
-      ..649cd72e
-..3fb139cb
-      ..c5c196b7
-..3fb139cb
-      ..efbfabe1
-      ..ce1f093d
-..3fb139cb
-      ..511aee92
-    })..903630ea
-..3fb139cb
-/* ToD..4a466a6e
-    it..01e033d7
-      ..0e68f525
-      ..6b772021
-..3fb139cb
-      ..388a2d4e
-      ..76182285
-..3fb139cb
-      ..5faff6f7
-..3fb139cb
-      ..150b95b4
-      ..902a1d16
-..3fb139cb
-      ..362f4eb4
-      ..47c77bba
-    })..903630ea
-*/..f4f0e748
-    //..92ab4c72
-..3fb139cb
-    it..63186e7e
-      ..63d4e5b2
-..3fb139cb
-      ..1bc0f6f8
-      ..de5fbb2b
-..3fb139cb
-      ..4719de97
-      ..92849d17
-..3fb139cb
-      ..0e50ebaa
-      ..92a97888
-      ..26b2d5f5
-..3fb139cb
-      ..eb74f93c
-      ..9a35ac9d
-..3fb139cb
-      ..ea5ad08f
-      ..7d50649e
-..3fb139cb
-      ..34521230
-      ..fae2d832
-      ..1533cd41
-..3fb139cb
-      ..4719de97
-      ..92849d17
-..3fb139cb
-      ..6922b615
-      ..feaf77e2
-      ..3164e193
-..3fb139cb
-      ..34521230
-      ..fae2d832
-      ..1533cd41
-    })..903630ea
-..3fb139cb
-    it..63e04bf7
-..3fb139cb
-      ..89598b9a
-      ..273269a0
-..3fb139cb
-      ..04574bbf
-..3fb139cb
-      ..8a8f596d
-      ..15615b85
-..3fb139cb
-      ..14676ed2
-      ..41f05633
-      ..61122ad6
-      ..4e779518
-      ..50399c1d
-      ..493196bb
-..3fb139cb
-      ..964422f4
-      ..61122ad6
-..3fb139cb
-      ..525b4927
-      ..fe3449c6
-      ..d8415349
-      ..1aa5cdf7
-..3fb139cb
-      ..686efca1
-      ..7b23da42
-      ..9ed906bf
-..3fb139cb
-      ..f58b20e2
-    })..903630ea
-..3fb139cb
-    it..a13f0cd9
-      ..b24b49f2
-      ..8a17d1fd
-      ..445ed250
-    })..903630ea
-..3fb139cb
-    it..f4d1f5e7
-      ..0c0f5e1a
-      ..914c6a37
-..3fb139cb
-      ..e319f96f
-      ..e4807be7
-      ..bda5ffde
-..3fb139cb
-      ..97e7e83b
-      ..b4e80fcb
-..3fb139cb
-      ..cbf0bde0
-      ..6d03cccd
-..3fb139cb
-      ..4a4cf65c
-    })..903630ea
-..3fb139cb
-    it..7a6f84e8
-      ..d9258b10
-      ..2cacc379
-      ..4a60d98e
-..3fb139cb
-      ..513cfdf4
-      ..226b51de
-      ..e09456c3
-      ..b50f87d5
-      ..8504cc12
-    })..903630ea
-..3fb139cb
-    it..f93dc6a6
-      ..041d012b
-      ..381f10a3
-      ..b50f87d5
-      ..15d1b3cc
-    })..903630ea
-..3fb139cb
-    it..d4a1879b
-      ..e319f96f
-      ..c3703695
-      ..9633b5eb
-..3fb139cb
-      ..5d94c566
-      ..f63b641c
-    })..903630ea
-..3fb139cb
-    it..f6af87a0
-      ..193890da
-      ..d352682d
-      ..eb816880
-..3fb139cb
-      ..a3724d04
-..3fb139cb
-      ..c24150eb
-      ..34a4d5ff
-      ..d10b8ee8
-      ..f3fc3156
-..3fb139cb
-      ..a95db621
-..3fb139cb
-      ..8be1fd88
-      ..2cc1fc93
-      ..f93a1f51
-      ..8f113c96
-      ..5116b870
-      ..6e9aa4c2
-      ..52d36ef4
-      ..bdeeb184
-      ..9b4ad535
-      ..4e2413c4
-      ..f9b30573
-      ..41e7ba0e
-      ..bd0cfdec
-      ..2760b616
-..3fb139cb
-      ..3e0eba9c
-      ..f0548406
-..3fb139cb
-      ..a8e43273
-      ..a63879bc
-      ..87cf4d98
-      ..69f88939
-      ..2ea86d78
-      ..aaaa90bd
-..3fb139cb
-      ..322648f0
-      ..6a5bc516
-..3fb139cb
-      ..da2f8df5
-      ..956019cf
-..3fb139cb
-      ..1d42e60f
-      ..057d8ee1
-      ..63f2c9c7
-..3fb139cb
-      ..841b08da
-      ..af14f239
-      ..9a0b186b
-..3fb139cb
-      ..5739e158
-      ..089b6abb
-      ..b4562773
-      ..8e5a70a1
-..3fb139cb
-      ..be01ecfc
-      ..3044269e
-..3fb139cb
-      ..608eabb2
-      ..ddd6ac2b
-..3fb139cb
-      ..4fd6d8f9
-      ..ab77f99f
-..3fb139cb
-      ..1f271a19
-      ..54d2a613
-..3fb139cb
-      ..d629b7cb
-      ..752afb42
-    })..903630ea
-..3fb139cb
-    it..c6a89cca
-      ..e319f96f
-      ..537bfcbd
-      ..da8d4cc9
-..3fb139cb
-      ..c24150eb
-      ..a87f57d4
-      ..d10b8ee8
-      ..16733562
-      ..f3fc3156
-..3fb139cb
-      ..d502df47
-..3fb139cb
-      ..8be1fd88
-      ..2cc1fc93
-      ..f93a1f51
-      ..8f113c96
-      ..5116b870
-      ..6e9aa4c2
-      ..03183eed
-      ..bdeeb184
-      ..dfd1188a
-      ..4e2413c4
-      ..f9b30573
-      ..41e7ba0e
-      ..bd0cfdec
-..3fb139cb
-      ..2760b616
-..3fb139cb
-      ..3e0eba9c
-      ..e4d26b33
-..3fb139cb
-      ..69f88939
-      ..2ea86d78
-      ..aaaa90bd
-..3fb139cb
-      ..faf276e9
-      ..dd384ac6
-..3fb139cb
-      ..be01ecfc
-      ..1e14e11a
-..3fb139cb
-      ..bf86a043
-      ..187b4350
-..3fb139cb
-      ..4fd6d8f9
-      ..96bfe5fd
-..3fb139cb
-      ..1f271a19
-      ..a6e52570
-..3fb139cb
-      ..e0ce3926
-      ..65541bed
-    })..903630ea
-..3fb139cb
-    it..274241eb
-..3fb139cb
-      ..b232511b
-      ..26645143
-      ..8f5ba222
-      ..853ae532
-      ..8c415e63
-      ..7b23da42
-      ..c65e5622
-      ..25434d2c
-      ..7b23da42
-      ..e8d09d09
-      ..6c32c21c
-      ..7b23da42
-      ..f6c95bfe
-..3fb139cb
-      ..61122ad6
-      ..14668e53
-      ..fbe7b135
-      ..84d7f565
-      ..2af15b31
-      ..aa91511d
-      ..9d422a8d
-      ..b4a2aaeb
-      ..1ae86e65
-      ..851e2077
-      ..493196bb
-      ..d5606572
-      ..84d7f565
-      ..2af15b31
-      ..aa91511d
-      ..9d422a8d
-      ..b4a2aaeb
-      ..68a428fa
-      ..61122ad6
-      ..9ed906bf
-..3fb139cb
-      ..31b385e2
-      ..57d4a893
-      ..1dfbb664
-      ..17bfa61a
-      ..67fc147b
-..3fb139cb
-      ..e2249033
-      ..eaf03f8d
-      ..d1f59cd0
-      ..366dcd32
-      ..2da2d223
-..3fb139cb
-      ..ee3d71b5
-      ..0dd60484
-      ..e7b1ebd9
-      ..296cdb5c
-      ..da23485b
-      ..95e67687
-      ..1129213a
-      ..6bd21b75
-      ..2110befd
-      ..5cd3ae17
-      ..f15ad341
-      ..164fc89a
-..3fb139cb
-      ..5fde1c2a
-..3fb139cb
-      ..9cdd95c0
-      ..8b8e6e79
-      ..366dcd32
-      ..2da2d223
-..3fb139cb
-      ..81b0040a
-      ..60ea2ca9
-      ..6c8360db
-      ..296cdb5c
-      ..83ea29d3
-      ..6bd21b75
-      ..156c4e72
-..3fb139cb
-      ..d56d60b1
-      ..eaf03f8d
-..3fb139cb
-      ..9bfa6d0f
-      ..7f4ccf2f
-    })..903630ea
-..3fb139cb
-..3fb139cb
-    //..f1780dd7
-    //..654c8c72
-    //..f1780dd7
-..3fb139cb
-    it..fe306618
-      ..60ea2ca9
-      ..6c8360db
-      ..29e72c47
-      ..15022ed5
-      ..41434fe3
-      ..7f4ccf2f
-    })..903630ea
-..3fb139cb
-    it..09364ec2
-      ..b86e1cec
-      ..294d2ba8
-..3fb139cb
-      ..60ea2ca9
-      ..6c8360db
-..3fb139cb
-      ..437cda3a
-      ..cce5321a
-..3fb139cb
-      ..7115ff1d
-      ..dced3623
-..3fb139cb
-      ..7cbe9920
-      ..103712e0
-..3fb139cb
-      ..f36e0afe
-      ..e180dd6e
-..3fb139cb
-      ..7f4ccf2f
-    })..903630ea
-..3fb139cb
-    it..72a8c31f
-      ..60ea2ca9
-      ..6c8360db
-..3fb139cb
-      ..40fcc74c
-      ..277bf64c
-..3fb139cb
-      ..f65ad399
-..3fb139cb
-      ..fbb8711e
-..3fb139cb
-      ..99608ea8
-      ..4991bb2e
-      ..ca5f74ae
-      ..9d1942cb
-..3fb139cb
-      ..7f4ccf2f
-    })..903630ea
-..3fb139cb
-    it..d8f60e8d
-      ..bb4ba4a2
-..3fb139cb
-      ..7895500b
-    })..903630ea
-..3fb139cb
-     i..1577b7c5
-      ..5c506d9d
-..3fb139cb
-      ..f0cfb7ae
-      ..06ced24b
-..3fb139cb
-      ..4c4b7d0d
-      ..218f17a5
-      ..ea6482bf
-      ..091d6a91
-    })..903630ea
-..3fb139cb
-..3fb139cb
-    //..f1780dd7
-    //..78c3dd98
-    //..f1780dd7
-..3fb139cb
-    it..4e77a89a
-      ..82e6d4cc
-    })..903630ea
-..3fb139cb
-    it..4e77a89a
-      ..90535e8f
-    })..903630ea
-..3fb139cb
-    it..c4dc55ae
-      ..2d8257af
-      ..48f5e814
-    })..903630ea
-..3fb139cb
-    it..8695af8e
-      ..e0389626
-    })..903630ea
-..3fb139cb
-    it..6116f29e
-      ..c13c1b29
-    })..903630ea
-..3fb139cb
-..3fb139cb
-    //..f1780dd7
-    //..6f58fc3e
-    //..f1780dd7
-..3fb139cb
-/*    ..af50a8da
-      ..0ca6e2d4
-      ..9d736812
-      ..f3fc3156
-..3fb139cb
-      ..1944ed0f
-..3fb139cb
-      ..d502df47
-..3fb139cb
-      ..b7e4669f
-..3fb139cb
-      ..8be1fd88
-      ..9d8218ce
-      ..ab0d912c
-      ..773b18ef
-      ..3e8c968e
-      ..4c2a0eac
-      ..52d36ef4
-      ..a9073fd8
-      ..9b4ad535
-      ..4e2413c4
-      ..f9b30573
-      ..41e7ba0e
-      ..2e9e7423
-..3fb139cb
-      ..f1f3ae2b
-      ..9c80e931
-      ..fbfd36b6
-      ..c3e5614b
-    })..9c5a6d6b
-});..51cd6717
-..3fb139cb
-// Uti..77d2d847
-functi..d3c337ff
-    co..2e7aa62d
-    ac..1eeeeb01
-      ..cd472e3a
-    })..105203d4
-}..114110bf