-      ..8123591e
+      ..a48f2435
+      ..6f117b45
-//////..d723672e
+//////..33c7fe3a
-    le..1bc0ee61
-      ..a0166739
+      ..de00af24
-      ..b3193124
-..9c4b9338
-      ..a9ad74b7
+      ..f7220da8
-      ..1c4f433e
+      ..cfd8e3a3
-      ..f7c4dbaf
+      ..2a54ab5a
-      ..aa3def42
+      ..0dd84bba
-      ..c5918b21
+      ..eeb46670
-      ..e1ae3305
+      ..dc875f54
-      ..dd1852f2
+      ..fca282db
-      ..9377d0f2
+      ..0c6f388d
-      ..4d9d5bec
+      ..9e2e934c
-      ..b5188064
+      ..4857aa8e
-      ..9185403c
+      ..223ef214