+      ..572e8826
+      ..0d4ee052
+      ..078f0a02
+..0ea29988
+      ..3ac21d9e
+      ..7b3b4076
+..0ea29988
+const ..dfc5db45
+..0ea29988
-      ..4bece41b
+      ..47f3becd
-      ..207e1473
-      ..012d396f
+      ..6c780972
+      ..ac830dc3
-      ..6b143bdc
+      ..b9570a04
-      ..182a1863
+      ..016d4798
-      ..0a8cc724
+      ..a3dcfdca
-    it..3f4aaf46
+    it..7132cb4a
-      ..0dbf4380
-      ..047b0ba9
-      ..239b895f
+      ..35fa784e
+..0ea29988
+      ..64b3bd89
+      ..51355509
+      ..7ccb2ad8
+..0ea29988
+      ..15b4a2c5
-      ..060f8070
-      ..6f241ed3
-      ..584132b6
+      ..9c9adaa5
+      ..8d6a3e9c
+      ..cad452ad
-      ..79f509f6
+      ..ce5a335e
-      ..1662cd52
+      ..9219bca9
-      ..5e592c6d
+      ..6c586f16
-      ..d478b52f
+      ..62b2589e
-      ..070cdf40
+      ..fd9d1072
-      ..c71726f6
+      ..3b6962e3
-      ..8bc42dee
+      ..74dc9f41
-      ..eea9297b
-      ..c9f7257e
+      ..3d10465c
+      ..eef8ce9f
+      ..b8b7ad1e
+      ..ff3dee94
-      ..9b33b89a
+      ..31cfb1a7
-      ..59e695f5
-      ..61fc3fb6
+      ..c79438ab
+      ..5bdd1afa
+      ..f94e34c2
-      ..d0979675
-      ..d80f7665
+      ..fda069fe
+      ..ceeb7622
+      ..d42354dc
-      ..cf7be906
+      ..7a614429
+      ..535ea837
-      ..8031b119
-      ..086afc4c
+      ..56141aa7
+      ..bf472ba4
+      ..a56c9dc0
-      ..e568f064
-      ..8a76b95d
+      ..920780d1
+      ..902df61d
+      ..3eac7e90
-      ..d4f02b2d
-      ..43a18d8d
+      ..7cc5a944
+      ..014d67ee