+import..bdcf4dfc
+import..2a13e32d
+import..07f62f2f
+import..55c0444a
- * @ti..82814cdb
- * @de..f2b66a72
+ * @ti..e4fcb365
+ * @de..f83466d3
-// thi..ff4af1b0
-contra..6141ef3b
-..057e5512
-//////..5de4879c
-..057e5512
-    mo..2d7fbb21
-      ..d91da3d2
-      ..c6c036fb
-    }..a06ffc9f
-..057e5512
-//////..fe31575b
-..057e5512
-..057e5512
-//////..4e238c2e
-..057e5512
-    by..1a716ab6
-    by..8b17b619
+contra..c89e5523
-    co..48408e32
-    }..a06ffc9f
-..057e5512
-//////..7e2b4146
-..057e5512
-    /*..2eb8a582
-      ..ce9827c8
-      ..e4fcdd7a
-      ..67b25cab
-    */..b9fbb7c9
-    fu..2ce37a62
-    ex..5a1f163b
-    ma..c3a522ea
-      ..2f7ba492
-      ..530624d9
-    }..a06ffc9f
-..057e5512
-    /*..2eb8a582
-      ..4571cdeb
-      ..6dbbcd2c
-      ..67b25cab
-    */..b9fbb7c9
-    fu..78508ec9
-    ex..5a1f163b
-    ma..c3a522ea
-      ..313b2277
-    }..a06ffc9f
-..057e5512
-    /*..2eb8a582
-      ..f6d4cd83
-      ..fb1faee8
-      ..67b25cab
-    */..b9fbb7c9
-    fu..d8ce29a0
-    ex..5a1f163b
-    ma..c3a522ea
-      ..15aaa2ae
-      ..ec911368
-    }..a06ffc9f
-..057e5512
-    /*..2eb8a582
-      ..f6d4cd83
-      ..637f4ccc
-      ..67b25cab
-    */..b9fbb7c9
-    fu..963b91d5
-    ex..5a1f163b
-    ma..c3a522ea
-      ..14afecd2
-      ..ac356311
-    }..a06ffc9f
-..057e5512
-    fu..37584cc9
-      ..83fe5a5f
-    }..a06ffc9f
-..057e5512
-    fu..9005fdfe
-      ..1a7a9653
+    co..70d76607
-..057e5512
+..8408967b
-..057e5512
-      ..3b7786c3
+      ..04b4add5
-..057e5512
+// Con..27647dd2
-import..ffb429d0
+import..0854d2a1
+import..2a88b275
+import..05889754
+import..d44afd83
+import..6a80f675
+import..a0fdf284
+import..2a88b275
+import..18e2cf04
+import..e0f39149
+import..087334c3
-contra..626d5797
+contra..18b8d70f
-    co..2615d409
+    co..70d76607
--- /de..37803025
+pragma..cd90d352
+..8408967b
+import..850357a2
+import..26a242d3
+import..95359721
+..8408967b
+/**..ddbb9f76
+ * @ti..7fef5195
+ * @de..faf3ba9b
+ */..dacb159f
+..8408967b
+// thi..356d4aa3
+contra..23da4300
+..8408967b
+//////..eba87c2b
+..8408967b
+    mo..eff40d61
+      ..e940fe07
+      ..8ff0c3b2
+    }..75fb3901
+//////..132c7ec6
+..8408967b
+    by..f522943d
+    by..3d24f76e
+..8408967b
+//////..724b36a2
+..8408967b
+    co..70d76607
+    }..75fb3901
+..8408967b
+//////..864cb6ea
+..8408967b
+    fu..9f88c95a
+      ..a5cd4b9f
+    }..75fb3901
+..8408967b
+    fu..c4211c97
+      ..a3f06ab3
+    }..75fb3901
+}..2f78fcd4
--- /de..37803025
+pragma..cd90d352
+..8408967b
+import..ae054073
+import..1c78a074
+import..0fb0752d
+import..e0f39149
+..8408967b
+/**..ddbb9f76
+ * @ti..7fef5195
+ * @de..faf3ba9b
+ */..dacb159f
+..8408967b
+contra..909d4c54
+..8408967b
+//////..eba87c2b
+..8408967b
+    mo..eff40d61
+      ..e940fe07
+      ..8ff0c3b2
+    }..75fb3901
+..8408967b
+//////..724b36a2
+..8408967b
+    co..70d76607
+      ..f1124823
+    }..75fb3901
+..8408967b
+//////..864cb6ea
+..8408967b
+    /*..e1ba2546
+      ..1d9d1f7e
+      ..d38f2165
+      ..b7de06f0
+    */..91f2180a
+    fu..57e8c24d
+    ex..57816887
+    ma..879687f4
+      ..9cdf545f
+      ..cf8ef79c
+    }..75fb3901
+..8408967b
+    /*..e1ba2546
+      ..9b59323f
+      ..cb129d83
+      ..b7de06f0
+    */..91f2180a
+    fu..fc8744cd
+    ex..57816887
+    ma..879687f4
+      ..a707d930
+    }..75fb3901
+..8408967b
+    /*..e1ba2546
+      ..bf4d59c6
+      ..b15b2058
+      ..b7de06f0
+    */..91f2180a
+    fu..e8a76188
+    ex..57816887
+    ma..879687f4
+      ..cd0fbcae
+      ..0b31a0b1
+    }..75fb3901
+..8408967b
+    /*..e1ba2546
+      ..bf4d59c6
+      ..a825d90b
+      ..b7de06f0
+    */..91f2180a
+    fu..a93494e6
+    ex..57816887
+    ma..879687f4
+      ..dded3dc6
+      ..1bb97eea
+    }..75fb3901
+}..2f78fcd4
-import..954a4c71
+    fu..f226465e
+..8408967b
+..8408967b
+var Cr..8ec94b5e
+var Cr..85b548ec
+..8408967b
-    de..beee5090
+    de..6faa1cc7
-    de..855d06a5
+    de..5c2c4558
-    de..1a50dad0
+    de..e3fdfe21
-    de..513a0be3
+    de..21b3119c
-    de..ac98afa1
+    de..f576d0dd
-    de..9c124817
+    de..b499c3f9
-      ..0dd0cc96
-..057e5512
-      ..f8c22afd
-..057e5512
+      ..8bdbc2a1
+..8408967b
+      ..e7805424
+..8408967b
+      ..ea6ca088
+..8408967b
+      ..e7805424
+..8408967b
-      ..2a82795f
+      ..4a55ee86
+      ..f13f4e06
+      ..e96e4b6f
-      ..d0e7a097
-      ..42248d1d
-      ..3790e91d
-      ..93dbb3de
+      ..e7805424
-      ..40353ac3
+      ..c14d9280
+      ..1307c0f1
+      ..1c9c0326
-      ..2a82795f
-..057e5512
-      ..ba3f6703
+      ..548ced40
-      ..daf6fce8
-      ..93dbb3de
-..057e5512
-      ..40353ac3
+      ..6bc59358
-      ..2a82795f
-..057e5512
-      ..3fae4bf4
+      ..1768d1b2
-      ..daf6fce8
-      ..93dbb3de
-..057e5512
-      ..40353ac3
+      ..204c4e76
-      ..91d85d6b
-      ..e15eed09
-      ..14d07fe4
-      ..2a82795f
-      ..8100745a
-      ..b464bca5
-      ..f4ee44fc
-      ..d8d35e3d
-..057e5512
-      ..40353ac3
+      ..44518067
-..057e5512
-..057e5512
-      ..133d8dc4
-      ..e07c844b
+      ..7aaf47d2
+      ..1ad0d38d
-      ..f406fe65
+      ..32d8df33
-export..5b0958e6
-    //..e0b5b8b3
+..8408967b
+export..a073ce44
+    //..17aa09f2
+    re..7febd664
+}..2f78fcd4
+..8408967b
+export..5bc49cc6
+    //..fd9ccaf1
+export..d98f9dbe
+    re..8260de8a
+}..2f78fcd4
+..8408967b
+export..c0ba8ce1
+    re..7eb1bae4
+}..2f78fcd4
+..8408967b