-    ev..7048ae60
+      ..445cc5e9
-    ev..7048ae60
-    ev..39a58ca8
-..0aca97a2
-..0aca97a2
-      ..61db5102
+      ..70ef35b5
-      ..d2665921
-..0aca97a2
-      ..f14068f2
+      ..72e06d4f
-    ev..7048ae60
-    ev..bb82e42e
-..0aca97a2
-    ev..39a58ca8
+    ev..71460738
-      ..295ab4e0
+      ..33854930
-      ..26e61d65
-..0aca97a2
-      ..975c887f
+      ..7df8d669
-      ..26e61d65
-..0aca97a2
-      ..975c887f
+      ..7df8d669
-      ..975c887f
+      ..7df8d669
-..0aca97a2
-      ..49209222
+      ..eae57975