+import..59e7eb85
+import..28003242
+// thi..ee7faf8d
-    //..75adf224
-    ev..010deaf7
-    ev..8966f9a5
-    /*..cfb480a3
-      ..9243df5d
-      ..d9c77e20
-     *..9c7984e6
-    fu..4320d283
-..bb528366
-      ..ee8bfbfb
-..bb528366
-      ..ea8aade9
-    }..ee70ac53
-..bb528366
--- /de..384da7ba
+pragma..fa707a1f
+..56470d62
+// Han..a613b1b5
+contra..20cf541a
+..56470d62
+      ..8405dd03
+      ..8fc4152d
+..56470d62
+      ..24167209
+      ..7c90f9d2
+      ..63b403a0
+      ..57901c20
+      ..32e03194
+      ..2dbe177a
+      ..2fcc7738
+      ..394d4c89
+      ..4d622af2
+      ..d8a188bd
+      ..66e8db87
+      ..974824b8
+..56470d62
+..56470d62
+      ..e0546ea9
+      ..27a96fdb
+      ..2a5ee3f5
+      ..d6b0b355
+      ..ecf24a15
+      ..4b394534
+      ..c9f20357
+}..e8a23572
-import..71678377
-import..58f37f6f
-..bb528366
+import..235a4704
+import..62496e01
- * @de..8cd8573c
+ * @de..b85fe6b9
+    us..8856c18e
+..56470d62
-    ui..5764b504
+    by..1397367e
-//////..33629dcd
+    ui..150e6ed1
-    //..32a92bf2
-    by..52ad9e61
-..bb528366
-    /*..1bac55f4
-      ..758417a0
-      ..a4f59bab
-      ..0a5c2f1f
-      ..59faeb32
-      ..fa95d9c6
-      ..077d0b07
-      ..e4f4244a
-      ..d1fcba9e
-      ..55587bfc
-    */..23da3c6a
-    by..d9b543d3
+    ui..c35e0679
+    ui..074b7874
+    ui..e91c4b2a
+    //..d26e974e
+    //..8ee22e10
+    //..563c8c37
+    //..082227a4
+    //..e24cacdf
+    //..7bb066c4
+    //..528765a9
+    ui..438ccd10
+    ui..8573dc3c
+    ui..ddfe71d4
+    ui..d31f8c40
+    ui..c60cb240
+    ui..a004ce0a
+..56470d62
+//////..136c2e5b
-    fu..931b3556
-      ..121592fc
-      ..8bc94265
-      ..8d7122c0
-      ..1aaa4bb4
-    }..ee70ac53
-      ..5e3bbda7
+      ..99f70c33
+..56470d62
+      ..860b1c44
+      ..3444f611
+..56470d62
+      ..6c51c257
+..56470d62
+      ..53ce31b8
+..56470d62
+      ..e4fb5d41
+..56470d62
+      ..fbec131e
+      ..7f6c502d
+..56470d62
+      ..d18b380d
-    ex..6772a048
+    pu..7d756155
+..56470d62
+      ..7ca6543a
-      ..5753514a
+      ..1488b4fa
+      ..d36f44a9
+      ..84674eab
+      ..68c5d602
+      ..7f6c502d
+..56470d62
+      ..4a2ac825
+..56470d62
+      ..51e3ead5
+..56470d62
+      ..6cd02e29
+      ..72333cff
+      ..8e9db540
+      ..6e0c3b0c
+      ..0727fb1e
+      ..7f6c502d
+..56470d62
+      ..f12ac430
+      ..fccaaa68
+..56470d62
+      ..1c261164
+      ..41ea68ca
+      ..a525636d
+      ..7f6c502d
+..56470d62
+      ..c1647f08
+      ..136447d7
+      ..fa82a885
+      ..97d817b3
+      ..a2f12f97
+      ..7f6c502d
+..56470d62
+      ..d9b79427
-      ..ef12af03
+      ..92668fec
+..56470d62
+      ..516be382
+      ..69f1d720
+      ..7f6c502d
+..56470d62
+      ..e574944e
+      ..5ee21643
-      ..75a40235
+      ..92668fec
+..56470d62
+      ..516be382
+      ..69f1d720
+      ..7f6c502d
+..56470d62
+      ..6a0527a5
+      ..6c849c32
-      ..051e718e
+      ..40b74e14
-    fu..fd0b4441
+    fu..6146a358
-      ..3de7f7f2
+      ..2f8c86d8
+..56470d62
+      ..547985b1
+      ..ac1a2c22
+..56470d62
+      ..3cd6fd02
+..56470d62
+      ..85b34d51
-      ..7c6de334
-      ..bca3922b
-      ..a7efc476
-      ..1aaa4bb4
+      ..5e372282
+..56470d62
+      ..99636752
+      ..4000aba6
-      ..b00ddb3a
+      ..e810abbc
+//////..85b11937
+..56470d62
+    fu..5fdb8ee3
+    in..0af30111
+    vi..7da829b4
+    re..ed291037
+      ..93462458
+      ..cb766790
+      ..ca35fdf9
+      ..ab28ae27
+      ..834694d0
+      ..831d8f08
+      ..b8361bc8
+      ..695761bd
+      ..a46ae85e
+      ..7cd0908f
+    }..35334971
+..56470d62
-import..841fbaa2
+import..4ecd1724
+import..fb378b68
+import..f034da67
+import..58340835
-contra..a8c3dbd5
+contra..ebab13b0
-//////..874576c4
-..bb528366
-    by..9652754f
-..bb528366
-    /*..1bac55f4
-      ..fa0ea286
-      ..ca662856
-      ..146d1787
-    */..23da3c6a
-    by..5c6bce1c
-..bb528366
-    /*..1bac55f4
-      ..5ae51f55
-      ..fda0b3cf
-      ..b799e8a7
-      ..9d35da1d
-    */..23da3c6a
-    by..9c0c2136
-..bb528366
-    /*..1bac55f4
-      ..1ca8b057
-      ..7b09c336
-      ..a196ed05
-    */..23da3c6a
-    by..540b2853
-..bb528366
-    /*..1bac55f4
-      ..11d64fb4
-      ..352f2d31
-      ..ea197c47
-      ..3b18f029
-      ..06c5ff2e
-    */..23da3c6a
-    by..ccffa214
-..bb528366
-    /*..1bac55f4
-      ..e8fd5736
-      ..edf2d043
-      ..9fcac610
-      ..d608c8aa
-      ..200a20ab
-      ..d4769b99
-    */..23da3c6a
-    by..a01e2e52
-..bb528366
-    /*..1bac55f4
-      ..c9917835
-      ..a4f59bab
-      ..1e60942a
-      ..ff9f075a
-      ..4690fd15
-    */..23da3c6a
-    by..eb5d6df6
-..bb528366
-    /*..cfb480a3
-      ..545e2aa8
-      ..d07842fc
-      ..bbbdf1b1
-      ..fa9de96d
-      ..1bf37ab7
-      ..68aca982
-    */..23da3c6a
-    fu..931b3556
-      ..121592fc
-      ..fe1cf1ec
-      ..79b68f1e
-      ..1d908f35
-      ..df11050d
-      ..79c2894d
-      ..7d3394cc
-      ..53db893b
-      ..161f52ef
-      ..1aaa4bb4
-    }..ee70ac53
+    ui..2add635d
-    co..e195eb8a
+    co..6685b5ef
+      ..f4f0cc0e
-import..f9162fc0
-    by..6ae9c41e
-    ev..fc991e2e
-    ev..86503da4
-    fu..89aa397e
-      ..2aa7e1b2
-      ..ce17f5cd
-      ..e0d2f492
-      ..0ce90127
-      ..f4ca3926
-    }..ee70ac53
-..bb528366
-    fu..e199d0a5
-      ..529a43e4
-      ..240ff4a9
-    ) ..33c28df4
-..bb528366
-      ..699d75c5
-..bb528366
-      ..b66e5014
-      ..d5ac0e9a
-      ..b29d0872
-      ..da0bd8bb
-      ..e0d2f492
-..bb528366
-      ..6b0a0189
-..bb528366
-      ..cc031650
-..bb528366
-      ..e72a1c93
-      ..7e11d761
-      ..a413380c
-      ..1c63c690
-..bb528366
-      ..24e9d39b
-      ..e0d2f492
-..bb528366
-      ..6ef505dd
-      ..206347b0
-..bb528366
-      ..b485fe5d
-      ..a793db12
-      ..85206b3d
-      ..e0d2f492
-..bb528366
-      ..6666e8d6
-      ..6b6d4bed
-      ..094c7eec
-      ..697e6484
-      ..c27f8bf4
-      ..e0d2f492
-..bb528366
-      ..0528763e
-    }..ee70ac53
-..bb528366
-    fu..14677e38
-      ..529a43e4
-      ..22ead7e2
-..bb528366
-      ..38b01391
-..bb528366
-      ..0581846a
-    }..ee70ac53
-..bb528366
-    fu..cc2cf179
-      ..529a43e4
-      ..0d54c414
-..bb528366
-      ..ecf282b1
-..bb528366
-      ..da48d5c2
-      ..1efe6af8
-..bb528366
-      ..e2c8a1ca
-..bb528366
-      ..32ecac99
-    }..ee70ac53
-..bb528366
+var Cr..b7c67005
+var Cr..f9c9ceb0
-    de..3cd61659
+    de..92e18e66
+      ..b77a94a2
+..56470d62
+      ..ca17c5e9
+..56470d62
+      ..4b67fcb7
+..56470d62
+      ..ca17c5e9
+..56470d62
+..56470d62
+      ..42656fbb
+      ..96f386e7
+      ..3ca23f9c
-      ..1eb798f3
+      ..ca17c5e9
-      ..c361ce98
-      ..b38804d2
-      ..9b2b4132
-      ..6c026407
+      ..d7cf6121
+      ..53655bba
+      ..27e647d8
-      ..a565b93f
+      ..ca17c5e9
+..56470d62
+      ..ab43c314
+      ..c7fe82b6
+      ..1c1d64b0
+export..e4741c52
+    re..b1915b4d
+}..e8a23572
+..56470d62
+export..beda1d05
+    re..e0ccbd3b
+}..e8a23572
+..56470d62