+let sc..5d343dd8
+..5eb7229d
+async ..4911fb8e
+..5eb7229d
+    le..c9f8f049
+    le..bc288fd8
+..5eb7229d
+    tx..c1c37b88
+    ve..cdd7e51d
+..5eb7229d
+    le..47fb0857
+    le..7dc48817
+..5eb7229d
+    if..1e6a41e5
+      ..3013f364
+      ..90cb1c84
+    } ..139d04a7
+      ..b18c7bfe
+      ..3be7b795
+    }..a746c55a
+}..c856dc17
+..5eb7229d
+      ..011f3837
+      ..789b6bbc
+      ..910b3706
+      ..369b704d
+      ..af6873d4
+      ..a94e7692
+      ..ee11083a
+      ..fc7ab785
+      ..9282ffa1
+      ..0eeea978
+..5eb7229d
+..5eb7229d
+      ..331964f7
+..5eb7229d
-    it..99aeca09
-..797c84f3
-      ..7c476bf6
-      ..2fe5f46a
+    it..963723de
-      ..82b2421f
+    })..86aa838d
+..5eb7229d
+    it..cb82d70f
-      ..c78598b6
-      ..c01bba5c
-      ..c9aa10c0
-      ..293f7fc0
-      ..3bd9941e
-      ..69d43b7e
-      ..725f3600
-      ..69b9ebe0
-      ..01684208
+    })..86aa838d
-      ..70433ba5
+    it..95f4748b
+      ..e38f09e5
+    })..86aa838d
-      ..9f026a0d
-      ..558536b7
+    it..e8572389
+      ..205b1852
+      ..e38f09e5
+      ..e0059ed7
+    })..86aa838d
-      ..6dee0d4a
-      ..bae552e1
+    it..e925f61a
+      ..dde2ece2
+    })..86aa838d
-      ..33787828
-      ..b5850ad8
+    it..6ea14fce
+      ..2b827144
+    })..86aa838d
-      ..ef847a2d
-      ..4f7d8bb4
-      ..4dc6f619
-      ..85b1c65f
-      ..f602b9a1
-      ..67187029
-      ..10b9101f
-      ..3783b7a1
+    it..ff264cfb
+      ..cc071841
+      ..8751b7d0
+    })..86aa838d
-      ..f04aa20d
-      ..96de8fb3
+    it..2ff4b10e
-      ..1b7327c6
+    })..86aa838d
+..5eb7229d
+    it..b0b84cb7
-      ..3e8e88dc
+    })..86aa838d
+..5eb7229d
+    it..a1c1cbcb
-      ..177e40b0
+    })..86aa838d
+..5eb7229d
+    it..f6403c64
+    })..86aa838d
+..5eb7229d
+    it..7fc9a504
+      ..4ea21ad1
+      ..58011459
+      ..d28b8472
+    })..86aa838d
-      ..12333e16
+    it..8e239130