--- /de..7c544695
+pragma..a5163fdb
+..c3a2a1e5
+/* sol..b18a7b74
+..c3a2a1e5
+contra..ee106139
+..c3a2a1e5
+    //..2377a070
+    by..6cb2a183
+..c3a2a1e5
+    co..09e641ac
+    pu..05c2edfc
+    }..0bf2f737
+..c3a2a1e5
+    fu..c72042e4
+    ex..64625a4c
+      ..ace39a6a
+    }..0bf2f737
+}..54510b7d
-      ..8f57c928
+..c3a2a1e5
-    it..fb5ec06e
+    it..fb409462
-      ..6d5433e3
+      ..8c7c17a4
-      ..8f57c928
+..c3a2a1e5
-    it..ae78fa08
+    it..a536d71e
-      ..be4aa7d1
+      ..b44c5025
-      ..8f57c928
+..c3a2a1e5
+      ..75f7480d
+      ..450c2e26
+      ..791a7a92
+..c3a2a1e5
+      ..f6a644c9
+      ..7a352fc2
+      ..791a7a92
+..c3a2a1e5
-      ..14b9babb
-      ..c6c154f9
-      ..06d1c383
-      ..14b9babb
-      ..835bdedf
-..c6578039
-      ..671accfa
+      ..d3d05964
+      ..08b2f6ae
+      ..152f35ff
-      ..bc646591
-      ..8f57c928
+      ..c60396d9
+..c3a2a1e5
+..c3a2a1e5
+      ..75f7480d
+      ..450c2e26
+      ..791a7a92
+..c3a2a1e5
+      ..f6a644c9
+      ..7a352fc2
+      ..791a7a92
+..c3a2a1e5
+      ..5c7a60e7
+      ..b442f18c
+      ..c661abde
+      ..d3d05964
+      ..08b2f6ae
+      ..152f35ff
+      ..e4c1fb9d
+..c3a2a1e5
+      ..77b21fe9
+..c3a2a1e5
+..c3a2a1e5
+    })..f7ec3095
+..c3a2a1e5
+    it..6bb3f013
+..c3a2a1e5
+      ..75f7480d
+      ..cdc3326d
+      ..791a7a92
+..c3a2a1e5
+      ..f6a644c9
+      ..9f35e5c4
+      ..791a7a92
+..c3a2a1e5
+      ..5c7a60e7
+      ..b4e1efcc
+      ..c661abde
+      ..d3d05964
+      ..08b2f6ae
+      ..152f35ff
+      ..e4c1fb9d
+..c3a2a1e5
+      ..c60396d9
+..c3a2a1e5
+..c3a2a1e5
+    })..f7ec3095
+..c3a2a1e5
+    it..ce54f5a4
+..c3a2a1e5
+      ..75f7480d
+      ..cdc3326d
+      ..791a7a92
+..c3a2a1e5
+      ..f6a644c9
+      ..9f35e5c4
+      ..791a7a92
+..c3a2a1e5
+      ..5c7a60e7
+      ..b442f18c
+      ..c661abde
+      ..d3d05964
+      ..08b2f6ae
+      ..152f35ff
+      ..e4c1fb9d
+..c3a2a1e5
+      ..c171d65b
+..c3a2a1e5
+..c3a2a1e5
+    })..f7ec3095
+..c3a2a1e5
+    it..94738487
+..c3a2a1e5
+      ..75f7480d
+      ..07b64c71
+      ..791a7a92
+..c3a2a1e5
+      ..f6a644c9
+      ..d1466463
+      ..791a7a92
+..c3a2a1e5
+      ..5c7a60e7
+      ..b4e1efcc
+      ..c661abde
+      ..d3d05964
+      ..08b2f6ae
+      ..152f35ff
+      ..e4c1fb9d
+..c3a2a1e5
+      ..f146c5dd
+..c3a2a1e5
+..c3a2a1e5
+    })..f7ec3095
+..c3a2a1e5
+    it..ce54f5a4
+..c3a2a1e5
+      ..75f7480d
+      ..07b64c71
+      ..791a7a92
+..c3a2a1e5
+      ..f6a644c9
+      ..d1466463
+      ..791a7a92
+..c3a2a1e5
-      ..14b9babb
-      ..c6c154f9
-      ..06d1c383
-      ..14b9babb
-      ..835bdedf
+      ..d3d05964
+      ..08b2f6ae
+      ..152f35ff
+      ..e4c1fb9d
+..c3a2a1e5
+      ..c171d65b
+..c3a2a1e5
+..c3a2a1e5
+    })..f7ec3095
+..c3a2a1e5
+    it..94738487
+..c3a2a1e5
+      ..75f7480d
+      ..37fb5da4
+      ..791a7a92
+..c3a2a1e5
+      ..f6a644c9
+      ..5b6073e0
+      ..791a7a92
+..c3a2a1e5
+      ..5c7a60e7
+      ..b4e1efcc
+      ..c661abde
+      ..d3d05964
+      ..08b2f6ae
+      ..152f35ff
+      ..e4c1fb9d
+..c3a2a1e5
+      ..f146c5dd
+..c3a2a1e5
+..c3a2a1e5
+    })..f7ec3095
+..c3a2a1e5
+    it..ce54f5a4
+..c3a2a1e5
+      ..75f7480d
+      ..37fb5da4
+      ..791a7a92
+..c3a2a1e5
+      ..f6a644c9
+      ..5b6073e0
+      ..791a7a92
-      ..671accfa
+      ..5c7a60e7
+      ..b442f18c
+      ..c661abde
+      ..d3d05964
+      ..08b2f6ae
+      ..152f35ff
+      ..e4c1fb9d
+..c3a2a1e5
+      ..c171d65b
+    })..f7ec3095
+..c3a2a1e5
+    it..94738487
+..c3a2a1e5
+      ..75f7480d
+      ..37fb5da4
+      ..37fb5da4
+      ..791a7a92
+..c3a2a1e5
+      ..f6a644c9
+      ..5b6073e0
+      ..5b6073e0
+      ..791a7a92
+..c3a2a1e5
+      ..5c7a60e7
+      ..b4e1efcc
+      ..c661abde
+      ..d3d05964
+      ..08b2f6ae
+      ..152f35ff
+      ..e4c1fb9d
+..c3a2a1e5
+      ..f146c5dd
+    })..f7ec3095
+..c3a2a1e5
+    it..ce54f5a4
+..c3a2a1e5
+      ..75f7480d
+      ..37fb5da4
+      ..37fb5da4
+      ..791a7a92
+..c3a2a1e5
+      ..f6a644c9
+      ..5b6073e0
+      ..5b6073e0
+      ..791a7a92
+..c3a2a1e5
+      ..5c7a60e7
+      ..b442f18c
+      ..c661abde
+      ..d3d05964
+      ..08b2f6ae
+      ..152f35ff
-      ..eb3062ed
-      ..8f57c928
+      ..c171d65b
-      ..8f57c928
+..c3a2a1e5
-      ..8f57c928
+..c3a2a1e5
--- /de..7c544695
+/* glo..8d55c3ac
+/* esl..751b52dd
+..c3a2a1e5
+import..7aa58b8c
+import..4f6cf721
+..c3a2a1e5
+const ..a45fe36f
+const ..082ee3d0
+..c3a2a1e5
+const ..b185c2f6
+const ..9386a40d
+const ..b7f1e9b2
+..c3a2a1e5
+let us..fe825156
+let us..fcaae58d
+let us..7e657c55
+let us..cf516b5f
+let st..f3146e4e
+let en..8a7d30bd
+let cr..6e0622c7
+let ma..54f7c491
+let ma..49538efe
+..c3a2a1e5
+const ..b166cbc3
+const ..eba0084c
+const ..a7b3f29a
+..c3a2a1e5
+const ..716f2d60
+const ..67c9ac7c
+const ..059ba028
+const ..62eb4469
+const ..0366e351
+const ..7495057e
+const ..8987684f
+const ..de0345a3
+const ..c607ddce
+const ..b7492dde
+const ..13a96d0a
+const ..1b98e119
+..c3a2a1e5
+const ..2d4ebd46
+..c3a2a1e5
+async ..c54f61e8
+    re..44d8805d
+      ..57ba9db0
+      ..f021b97b
+      ..e81e515e
+      ..0140f227
+      ..8ec3ca67
+      ..84fa58c2
+      ..32477ec9
+      ..e205d72d
+      ..968ffd95
+      ..06470403
+      ..39fb0e41
+      ..0cbf4d9d
+    })..f7ec3095
+}..54510b7d
+..c3a2a1e5
+let tx..a6c4f8c7
+let ga..6d2ae05f
+let ga..234dc8b3
+let ga..87a8aeb4
+..c3a2a1e5
+let to..ca1a33a1
+..c3a2a1e5
+functi..280f410f
+    ga..42262e4f
+    ga..6327056a
+    //..7e9747c5
+}..54510b7d
+..c3a2a1e5
+functi..dd7f5a84
+    co..0911f332
+    fo..9ec95c31
+      ..55dd0a13
+    }..0bf2f737
+    co..a00d4720
+    co..0911f332
+}..54510b7d
+..c3a2a1e5
+let ba..26203f49
+let ba..da9a15a3
+..c3a2a1e5
+contra..520cf20b
+    le..2e894369
+..c3a2a1e5
+before..e4dc7a5b
+      ..778402e4
+..c3a2a1e5
+      ..fab1f0be
+      ..0f959235
+      ..785f59a2
+      ..7cd0a28d
+      ..977693e9
+..c3a2a1e5
+      ..27f94c8f
+      ..e37df223
+..c3a2a1e5
+      ..4809a99c
+      ..ed573503
+      ..ecd0dc4a
+    })..f7ec3095
+..c3a2a1e5
+    af..53912dea
+      ..4bfd05bc
+    })..f7ec3095
+..c3a2a1e5
+    it..4c47b29f
+      ..18c226f4
+      ..5eb83b2e
+      ..6daf0c2d
+..c3a2a1e5
+      ..5ccc7851
+      ..a0315cd5
+      ..f48f462f
+      ..aa9b6a05
+      ..ad63396c
+      ..d2828598
+      ..e8e12dc1
+      ..ecc2434a
+      ..706a05e0
+      ..254f0282
+      ..65c4af12
+      ..b337f712
+      ..152f35ff
+      ..e4c1fb9d
+      ..65c570a6
+      ..253ba427
+..c3a2a1e5
+      ..0e8a60c5
+      ..5ab02d1e
+      ..f48f462f
+      ..aa9b6a05
+      ..ad63396c
+      ..d2828598
+      ..e8e12dc1
+      ..ecc2434a
+      ..706a05e0
+      ..254f0282
+      ..65c4af12
+      ..b337f712
+      ..682ac4af
+      ..e4c1fb9d
+      ..65c570a6
+      ..41da3f77
+    })..f7ec3095
+..c3a2a1e5
+    it..a21185b7
+      ..d573cb60
+      ..2d6f8ee0
+..c3a2a1e5
+      ..6aeb45ad
+      ..bd60fc85
+      ..04e40f38
+      ..ff81e938
+      ..5e97444a
+      ..321c9fa6
+..c3a2a1e5
+      ..d58ccbe6
+      ..87daa079
+..c3a2a1e5
+      ..6aeb45ad
+      ..ce063e8d
+      ..04e40f38
+      ..ff81e938
+      ..5e97444a
+      ..321c9fa6
+    })..f7ec3095
+..c3a2a1e5
+    it..9494c10d
+..c3a2a1e5
+      ..5bf7dc63
+..c3a2a1e5
+      ..a0c27698
+      ..fdbb5f30
+..c3a2a1e5
+      ..d32f6bc8
+      ..15890a90
+..c3a2a1e5
+      ..7751aec3
+      ..15890a90
+..c3a2a1e5
+      ..edd02900
+      ..a6787dfb
+    })..f7ec3095
+..c3a2a1e5
+    it..514930da
+..c3a2a1e5
+      ..d543f6c9
+..c3a2a1e5
+      ..72013869
+      ..7793d744
+..c3a2a1e5
+      ..a5450faf
+      ..98c4312a
+..c3a2a1e5
+      ..a8003c80
+      ..98c4312a
+..c3a2a1e5
+      ..4b100288
+      ..18bced8d
+    })..f7ec3095
+..c3a2a1e5
+    it..d70e318a
+..c3a2a1e5
+      ..f8e98464
+..c3a2a1e5
+      ..d543f6c9
+..c3a2a1e5
+      ..311bb1ba
+      ..7ad1a21e
+..c3a2a1e5
+      ..52182fc8
+      ..ebb587d5
+..c3a2a1e5
+      ..19d12efb
+      ..ebb587d5
+..c3a2a1e5
+      ..8816c445
+      ..a6035e98
+    })..f7ec3095
+..c3a2a1e5
+    it..f73e2483
+      ..f7520b58
+      ..583701d8
+..c3a2a1e5
+      ..e9b735af
+..c3a2a1e5
+      ..e192c89f
+      ..e6672f12
+      ..731bead2
+      ..736b67b7
+      ..b661afa7
+..c3a2a1e5
+      ..d5a95ca8
+      ..26f41306
+      ..1350bee1
+      ..59daa3cf
+      ..2f64130a
+      ..5967f10b
+    })..f7ec3095
+..c3a2a1e5
+    it..286d3eff
+..c3a2a1e5
+      ..f8e98464
+..c3a2a1e5
+      ..a1679992
+      ..7c484921
+..c3a2a1e5
+      ..e9b735af
+..c3a2a1e5
+      ..8f1b7247
+      ..a9f85b11
+      ..731bead2
+      ..736b67b7
+      ..5e1e607c
+..c3a2a1e5
+      ..3ae8c521
+      ..20e51626
+      ..3cb866f2
+      ..59daa3cf
+      ..2f64130a
+      ..8986fd85
+    })..f7ec3095
+});..1dbc0703
+..c3a2a1e5
+// Uti..93bba2a0
+functi..67b16708
+    co..1be9e470
+    ac..c7bcfc25
+      ..109d48b1
+    })..4636a3e4
+}..54510b7d
+..c3a2a1e5
+export..24538b36
+    fo..37b200b0
+      ..0b0ade27
+      ..01ba9812
+      ..321c9fa6
+    }..0bf2f737
+    re..846359ff
+}..54510b7d