-import..2f0b7e3a
+import..d455b15f
-    aw..d3afff78
-..2057720d
-    as..d7c358d9
-..2057720d
-    er..984a5ca1
+    le..df1ad6f1
+    aw..babb99d3
+    er..19bc234f
-..2057720d
-    as..d7c358d9
-..2057720d
-    er..0f5be237
-..2057720d
-    mi..52344a6c
+    le..df1ad6f1
+    er..cf0d3305
+    mi..9ab1656f
-      ..19098fd7
-      ..2e7b33bf
+      ..e1b2569c
+      ..84e88cfd
-      ..472e0a6a
-      ..84c6eb46
-      ..f015863f
+      ..b676550b
-      ..c9089a79
-..2057720d
-      ..f7d1283c
-      ..679198e9
-..2057720d
-      ..270b3e4f
-      ..b0c0d8ef
+      ..54680708
-      ..666d08c1
-      ..64daf9b6
-      ..b2009fa5
-      ..c9ca8173
-      ..73826fb4
-      ..c1e4e853
-..2057720d
-      ..89803b41
-      ..c1e4e853
-..2057720d
-      ..052ad4b0
-      ..c1e4e853
+      ..439170c2
+      ..1a02f838
+      ..65d957af
-      ..a06447ce
-      ..c1e4e853
-      ..fd7e9460
-      ..c1e4e853
-      ..a168d030
-      ..c1e4e853
+      ..e5311ea0
+      ..f30ddf59
+      ..12e5f0f1
-      ..2e258b63
-      ..c1e4e853
-      ..ef13ae33
-      ..c1e4e853
-      ..d0a9d732
-      ..c1e4e853
+      ..94d60585
+      ..e6961e70
+      ..44831744
-      ..793992a6
-      ..84c6eb46
-      ..91b08562
-..2057720d
-      ..0969da75
-      ..32154baf
-      ..c9089a79
-..2057720d
-      ..f7d1283c
-      ..679198e9
-..2057720d
-      ..43e37a40
-      ..8ea628d6
+      ..a0fc8ae0
-      ..19098fd7
-      ..2e7b33bf
+      ..e1b2569c
+      ..84e88cfd
-      ..73826fb4
-      ..c1e4e853
+      ..887a6aaa
-      ..c4a696b9
-      ..c1e4e853
+      ..c9944ae3
-      ..116211a4
-      ..2d0ba778
+      ..9b9b6ea8
-      ..19098fd7
-      ..2e7b33bf
-      ..7aef766a
+      ..e1b2569c
+      ..84e88cfd
+      ..745f985b
-      ..116211a4
+      ..9b9b6ea8