-import..73e7cdc6
-import..73e7cdc6
+import..07defc88
+import..8be35ea1
+import..a878545c
+    ev..58d76063
+    ev..50bbedcc
+      ..4bf91e9b
+      ..99f5b1d0
+    );..822569f7
+    ev..bf72e5b9
+..6dfe407b
+    ev..4cc8314b
+..6dfe407b
+..6dfe407b
+    ad..3b46470d
+    ad..6b483ec5
+    ad..b6983b16
+    ad..aa3bfa93
+..6dfe407b
+    ui..06a78680
+    ui..df85d433
+    ui..612789fd
+    ui..0d96cfa1
+..6dfe407b
+    ui..88321ccf
+..6dfe407b
+    ui..149990a6
+    ui..300ecec0
+..6dfe407b
+    ui..0370ed14
+..6dfe407b
+    ui..4fd43bf6
+    //..1570bcc9
+    ui..96bc79e7
+    //..1570bcc9
+    ui..a782fff1
+    //..1570bcc9
+    ui..51798767
+    ui..29768c69
+..6dfe407b
+    ui..f699d656
+..6dfe407b
+    ui..7b788c2a
+    ui..fbeffd0b
+    ui..b463ee1e
+    ui..eb682b3d
+    ui..59defd6e
+    ui..8f11e86f
+    ui..31f8e5e9
+    ui..ee210d9b
+    ui..e1575717
+    ui..bbd18e5b
+..6dfe407b
+    ui..20481bbf
+    ui..3bddd9cc
+    ui..c4225d0e
+..6dfe407b
-//////..6bb575be
-..d0c93d6c
-    //..162b6e89
-    ev..97593f63
-    ev..8c6fac96
-      ..f3f7d008
-      ..a8dad074
-    );..f1d8cb13
-    ev..8c3a997e
-..d0c93d6c
+..6dfe407b
-      ..ffe48dc8
+      ..68c40ea1
+      ..54ebb1a9
+      ..ab72633e
+      ..7e22d95a
+      ..11cfbb3f
+      ..fe81b0ab
+      ..d1fb9177
+..6dfe407b
+      ..db0f6433
+      ..029b940b
+      ..2580bb99
+      ..d1fb9177
+..6dfe407b
+      ..3ad83a3e
-      ..b87fca62
+      ..de8e0cfc
-      ..91fa3c84
-    ) ..0a32b69b
+      ..a4eabfbf
+    ) ..5b1d7bc7
+..6dfe407b
+      ..99816648
+      ..aacab561
-      ..07c8a125
+      ..da6a13fe
+      ..80e89434
+..6dfe407b
+      ..dd2d3dcd
+      ..7a744ce0
+      ..fd654e6c
+      ..2f737344
+      ..d1fb9177
+..6dfe407b
+      ..45db9fd6
+      ..9de361be
+      ..ae685b99
+..6dfe407b
+      ..d5a4a37d
+      ..9de361be
+      ..ae685b99
+..6dfe407b
+      ..278ba432
-      ..b87fca62
+      ..de8e0cfc
-      ..91fa3c84
+      ..a4eabfbf
-      ..8c50ecec
+      ..7f973d47
+..6dfe407b
+      ..dd2d3dcd
+      ..7a744ce0
+      ..46b899d0
+..6dfe407b
+      ..060d0fc8
+      ..7e97d756
+      ..f1c9d258
+..6dfe407b
+      ..e810b8a8
+      ..25917bf8
+      ..34ff6436
+..6dfe407b
+      ..1984efd1
+..6dfe407b
+      ..1fdf3c7d
-      ..b87fca62
+      ..de8e0cfc
-      ..91fa3c84
+      ..a4eabfbf
+      ..7f973d47
+      ..fb99f4d9
+..6dfe407b
+      ..a73cd726
+      ..965d12f5
+      ..547497cd
+      ..61f89a19
+      ..d1fb9177
-      ..c6813d0b
+      ..b80e1bdd
+..6dfe407b
+      ..35b67784
-      ..24baaa49
+      ..e5e15bca
-      ..24baaa49
+      ..e5e15bca
+//////..ce14553f
+..6dfe407b
+    fu..4654c142
+      ..ffa1f4c1
+      ..bad06daf
+      ..6810ccbb
+      ..8dfa3616
+      ..7473cf7b
+      ..ad065f14
+      ..7e59b791
+      ..3c3a93a7
+      ..23632188
+      ..240e2f63
+      ..e173bc17
+..6dfe407b
+      ..03080dbf
+      ..8430d15b
+      ..8fcaaa7f
+      ..d6cd6ad6
+      ..ec267110
+      ..814bdf9c
+      ..1eb6f640
+      ..e8fce259
+      ..8e75569d
+      ..d1fb9177
+    }..325b97b4
+..6dfe407b
+    //..a2b42ef7
+    fu..de12da0a
+      ..63cede1f
+      ..aec2c50e
+      ..c3382668
+      ..7473cf7b
+      ..21217421
+      ..746a7c0e
+      ..23632188
+      ..36d02a75
+      ..7ee4c324
+      ..f91c4c6a
+      ..1f1ce16f
+..6dfe407b
+      ..43d9932d
+      ..1b86cc3b
+..6dfe407b
+      ..c1c2bff0
+      ..6da26b9b
+..6dfe407b
+      ..e66aba18
+      ..760869b5
+..6dfe407b
+      ..d77878d5
+      ..a3bb6cc5
+      ..0c486417
+      ..bb72e9a3
+      ..584cb2f3
+      ..0c486417
+      ..c7b69ca1
+..6dfe407b
+      ..aff00b94
+      ..d6cd6ad6
+..6dfe407b
+      ..ec267110
+      ..31cc83d6
+      ..2ada2934
+      ..8e75569d
+      ..d1fb9177
+    }..325b97b4
+..6dfe407b
+    //..3da7c908
+    fu..e1fc4d42
+      ..63cede1f
+      ..aec2c50e
+      ..7473cf7b
+      ..746a7c0e
+      ..d1fb9177
+    }..325b97b4
+..6dfe407b
+    fu..04aff86c
+      ..84dcb6c9
+    ) ..9e2f8bdc
+..6dfe407b
+      ..dbee2b8c
+..6dfe407b
+      ..68c40ea1
+..6dfe407b
+      ..6d09d546
+      ..da56db27
+      ..4b746bba
+..6dfe407b
+      ..0276d036
+      ..5187ab84
+      ..33ed0a81
+      ..28b10cc0
+      ..fd937511
+      ..8e75569d
+..6dfe407b
+      ..48dffd79
+      ..764dae93
+      ..fd937511
+..6dfe407b
+      ..bdf1ac77
+      ..9361f811
+..6dfe407b
+      ..d1a32fbb
+      ..7eea0356
+      ..298b9b98
+      ..9b704ef8
+      ..a9f99770
+      ..ed9be5c3
+      ..d6cd6ad6
+..6dfe407b
+      ..7a876036
+      ..afdde332
+      ..8b043228
+      ..0e5ade46
+      ..8bd73335
+      ..fe814393
+      ..62203272
+      ..d6cd6ad6
+      ..8e75569d
+      ..d1fb9177
+..6dfe407b
+      ..c1cf9a35
+      ..09cf9788
+..6dfe407b
+      ..deed957f
+..6dfe407b
+      ..83f3af58
+      ..2d63396d
+      ..e06b7c8f
+      ..57565a25
+      ..d1fb9177
+..6dfe407b
+      ..63b7e2be
+    }..325b97b4
+..6dfe407b
+..6dfe407b
+    //..74e2440b
+    fu..7991a5e9
+      ..d0c0ac41
+    pr..3db3504b
+    vi..55f13697
+    re..3ab9e890
+..6dfe407b
+      ..d701816d
+..6dfe407b
+      ..753621fd
+..6dfe407b
+      ..91f0611a
+..6dfe407b
+      ..f7de54ad
+      ..d9d6ed09
+      ..f880ba80
+      ..cd06855f
+      ..100a5c6b
+      ..3631b163
+..6dfe407b
+      ..137c9534
+      ..3079c159
+      ..91769474
+..6dfe407b
+      ..09943c7e
+..6dfe407b
+      ..ab868dea
+..6dfe407b
+      ..9f1d04f8
+..6dfe407b
+      ..69290c1f
+      ..40081be2
+..6dfe407b
+      ..f329610d
+..6dfe407b
+      ..615a8961
+      ..a9b18b07
+      ..28851e32
+      ..8e75569d
+      ..d1fb9177
+    }..325b97b4
+..6dfe407b
+    fu..4a949eeb
+      ..abbb7d5f
+    pr..3db3504b
+    vi..55f13697
+    re..ac531611
+    {..63801b98
+      ..7f72a027
+      ..c5912642
+..6dfe407b
+      ..540c404d
+..6dfe407b
+      ..b0a24a69
+      ..3cb7fee6
+      ..49f0528e
+      ..90cff60f
+..6dfe407b
+      ..68c40ea1
+      ..9c4c637c
+      ..205202cb
+      ..ee082a9f
+..6dfe407b
+      ..06b301aa
+      ..915b0879
+      ..3869b027
+..6dfe407b
+      ..a8ab7aea
+..6dfe407b
+      ..79ef6ab1
+      ..65e5da00
+      ..0ef6fe37
+      ..ccec9f95
+      ..5135cf87
+      ..c35d59b6
+      ..d6cd6ad6
+..6dfe407b
+      ..c89c6cfa
+      ..294cfa61
+      ..872a0759
+      ..4dba2431
+      ..d6cd6ad6
+..6dfe407b
+      ..5fc8ca03
+      ..f3d79210
+      ..46828196
+      ..a2cc3566
+      ..d6cd6ad6
+..6dfe407b
+      ..3e673dcb
+..6dfe407b
+      ..dec0040b
+..6dfe407b
+      ..3666c2f8
+      ..c7df6e0e
+      ..6a9a11d4
+      ..b07b05e7
+      ..b464fd38
+      ..eb8e7e0f
+      ..2c352350
+      ..d779e719
+      ..1538782b
+      ..e8a1f53a
+..6dfe407b
+      ..0916b5cb
+      ..7c059757
+      ..7f0b4ff4
+      ..1ffd04aa
+      ..0a95fd4d
+      ..e8a1f53a
+      ..f76839e6
+      ..d6cd6ad6
+..6dfe407b
+      ..ec267110
+..6dfe407b
+      ..1e9e8f34
+      ..8e75569d
+      ..d1fb9177
+..6dfe407b
+      ..f4e38b69
+      ..d8bff924
+      ..fd34a2c1
+      ..bc2bc84a
+..6dfe407b
+      ..ab024cfb
+      ..86eddc2c
+      ..e805d7ba
+      ..311655a9
+      ..4d6a67fb
+      ..ec267110
+      ..489b0f6c
+      ..4d6a67fb
+      ..8e75569d
+      ..d1fb9177
+..6dfe407b
+      ..278ba432
+    }..325b97b4
+..6dfe407b
+    fu..c9fdcd3d
+      ..abbb7d5f
+    pr..3db3504b
+    vi..55f13697
+    re..ac531611
+    {..63801b98
+      ..c5912642
+..6dfe407b
+      ..0f5983c0
+..6dfe407b
+      ..b0a24a69
+      ..3cb7fee6
+      ..bdcf3cae
+      ..e4c49341
+..6dfe407b
+      ..68c40ea1
+      ..9c4c637c
+      ..c075b732
+      ..205202cb
+      ..ee082a9f
+..6dfe407b
+      ..06b301aa
+      ..2272608b
+      ..a842435f
+..6dfe407b
+      ..a8ab7aea
+      ..7e83d3bc
+      ..24f910e7
+      ..d2ce81a3
+      ..a2cc3566
+      ..d6cd6ad6
+..6dfe407b
+      ..02192338
+      ..0ef6fe37
+      ..ccec9f95
+      ..5135cf87
+      ..c35d59b6
+      ..d6cd6ad6
+..6dfe407b
+      ..c89c6cfa
+      ..ffe414b1
+      ..872a0759
+      ..4dba2431
+      ..d6cd6ad6
+..6dfe407b
+      ..62bf5db8
+..6dfe407b
+      ..080b7039
+..6dfe407b
+      ..3666c2f8
+      ..f0392464
+      ..6a9a11d4
+      ..b07b05e7
+      ..a45c5b3b
+      ..eb8e7e0f
+      ..2c352350
+      ..d779e719
+      ..1538782b
+      ..e8a1f53a
+..6dfe407b
+      ..7c059757
+      ..91dfadfb
+      ..1ffd04aa
+      ..0a95fd4d
+      ..e8a1f53a
+      ..f76839e6
+      ..d6cd6ad6
+..6dfe407b
+      ..ec267110
+..6dfe407b
+      ..1e9e8f34
+      ..8e75569d
+      ..d1fb9177
+..6dfe407b
+      ..e677a114
+      ..35ff7680
+      ..f24722a3
+      ..fd34a2c1
+      ..2f805cb3
+..6dfe407b
+      ..950b8fc6
+      ..fd34a2c1
+      ..2f805cb3
+..6dfe407b
+      ..44cd34d1
+      ..35ff7680
+      ..45fe1f29
+      ..f24722a3
+      ..fd34a2c1
+      ..19621452
+..6dfe407b
+      ..950b8fc6
+      ..fd34a2c1
+      ..19621452
+..6dfe407b
+      ..86eddc2c
+      ..e805d7ba
+      ..1b9517f1
+      ..44aa7a3c
+      ..ec267110
+      ..cb9b6ada
+      ..44aa7a3c
+      ..8e75569d
+      ..d1fb9177
+..6dfe407b
+      ..278ba432
+    }..325b97b4
+..6dfe407b
+    //..55b019e8
+..6dfe407b
+    /*..35eb237e
+    */..4b253f4d
+    fu..ce8f123a
+      ..06b51ef9
+    ) ..d2b0b439
+..6dfe407b
+      ..7f72a027
+      ..583e969d
+      ..c5912642
+..6dfe407b
+      ..540c404d
+..6dfe407b
+      ..d17c801d
+      ..205202cb
+      ..e3c717fe
+..6dfe407b
+      ..d2862726
+      ..a1d4918d
+      ..371d2215
+      ..a6388658
+      ..80ca3167
+      ..999e7275
+      ..00c72def
+      ..d6cd6ad6
+..6dfe407b
+      ..4cc32165
+      ..9d14733b
+      ..d6cd6ad6
+..6dfe407b
+      ..c8117f19
+..6dfe407b
+      ..aca709cf
+..6dfe407b
+      ..ec267110
+..6dfe407b
+      ..093214e5
+      ..8e75569d
+      ..d1fb9177
+..6dfe407b
+      ..fc9c0dc0
+      ..a239ef70
+      ..5ae1f176
+      ..888ebad4
+      ..d1fb9177
+..6dfe407b
+      ..3408304d
+..6dfe407b
+      ..249bb697
+      ..d8bff924
+..6dfe407b
+      ..d000631e
+      ..20c6df4a
+      ..700ca253
+..6dfe407b
+      ..510f9673
+      ..09eb35dd
+..6dfe407b
+      ..ad843706
+      ..368a7fd4
+      ..111d5d06
+      ..d1fb9177
+    }..325b97b4
+..6dfe407b
+    /*..35eb237e
+    */..4b253f4d
+    fu..10d20bbc
+      ..a4eabfbf
+    ) ..6079e699
+..6dfe407b
+      ..7b693385
+      ..205202cb
+..6dfe407b
+      ..aff204f3
+      ..1232b3ea
+      ..0f5983c0
+      ..c5912642
+      ..2c4ce6b5
+      ..df423287
+      ..4cec46e9
+..6dfe407b
+      ..958f9bd5
+      ..93060084
+      ..6ca89a0a
+      ..d6cd6ad6
+..6dfe407b
+      ..d630e411
+      ..366fbd36
+      ..d6cd6ad6
+..6dfe407b
+      ..37b54286
+..6dfe407b
+      ..5a0170e9
+      ..8e75569d
+      ..7c5c4494
+      ..cecf5770
+      ..8e75569d
+      ..d1fb9177
+..6dfe407b
+      ..6fc7e46c
+      ..98ebf063
+      ..94cbd667
+      ..d1fb9177
+    }..325b97b4
+++ /de..02438fd0
-pragma..7eee493e
-..d0c93d6c
-import..e880e7ba
-import..5e432bf2
-import..82857fd0
-import..bf02e627
-import..61fa06b2
-..d0c93d6c
-..d0c93d6c
-librar..7dc1ab73
-..d0c93d6c
-    us..53b55ca3
-..d0c93d6c
-//////..f0bec3ff
-..d0c93d6c
-    ev..97593f63
-    ev..8c6fac96
-      ..f3f7d008
-      ..a8dad074
-    );..f1d8cb13
-    ev..8c3a997e
-..d0c93d6c
-    ev..0af68b1b
-..d0c93d6c
-//////..e8aec2f0
-..d0c93d6c
-    ad..e61448bc
-    ad..91fe170e
-    ad..23c582ce
-    ad..c0d7f943
-..d0c93d6c
-    ui..5cc696d1
-    ui..cb30f1d2
-    ui..240d86e1
-    ui..ba841852
-..d0c93d6c
-    ui..4033544b
-..d0c93d6c
-    ui..ef893344
-    ui..f1a92f6c
-..d0c93d6c
-    ui..a1209b41
-..d0c93d6c
-    ui..9fe8b0b9
-    //..eb83693a
-    ui..cda8154f
-    //..eb83693a
-    ui..638c2ac6
-    //..eb83693a
-    ui..abb4132e
-    ui..6a91d8b4
-..d0c93d6c
-    ui..ab861982
-..d0c93d6c
-    ui..b887ae87
-    ui..2b195fcb
-    ui..05fc9d43
-    ui..d9b78e11
-    ui..63b79c93
-    ui..b91a94db
-    ui..62ad9e16
-    ui..958c636a
-    ui..898b9b58
-    ui..f59ff44b
-..d0c93d6c
-    ui..0176ca6d
-    ui..677abc2f
-    ui..b9663df7
-..d0c93d6c
-//////..a26d852a
-..d0c93d6c
-    fu..8410bcfe
-      ..5e4b945b
-      ..a8b222f5
-      ..88524147
-      ..df32730b
-      ..68563724
-      ..009bbbd3
-      ..eae2a578
-      ..a637c968
-      ..057193af
-      ..f317346c
-      ..76e5f73c
-..d0c93d6c
-      ..434f7ed1
-      ..f70c36bb
-      ..f7a411f5
-      ..5ebb95ee
-      ..d1e36d36
-      ..9fd0138c
-      ..53e69b10
-      ..7b35cd17
-      ..ec1fb8df
-      ..8c98897b
-    }..830a9636
-..d0c93d6c
-    //..f95dcbf1
-    fu..0a942d6f
-      ..1fba9402
-      ..42c51e2d
-      ..5b902aef
-      ..68563724
-      ..782c7874
-      ..e7c49bf8
-      ..057193af
-      ..44d6b698
-      ..38fec7cd
-      ..63f8d958
-      ..3ac1d367
-..d0c93d6c
-      ..34a6d366
-      ..22149044
-..d0c93d6c
-      ..9ce25bcb
-      ..db5d5e57
-..d0c93d6c
-      ..ebb684c8
-      ..f31a8dda
-..d0c93d6c
-      ..d76109ea
-      ..8d7f541d
-      ..57f4cd41
-      ..5f905c30
-      ..142a78b3
-      ..57f4cd41
-      ..23b438fb
-..d0c93d6c
-      ..3b562371
-      ..5ebb95ee
-..d0c93d6c
-      ..d1e36d36
-      ..9bfc6e10
-      ..acf3b669
-      ..ec1fb8df
-      ..8c98897b
-    }..830a9636
-..d0c93d6c
-    //..9a2144c1
-    fu..d97a2196
-      ..1fba9402
-      ..42c51e2d
-      ..68563724
-      ..e7c49bf8
-      ..8c98897b
-    }..830a9636
-..d0c93d6c
-    fu..166e2c7f
-      ..768d3cb6
-      ..bf7c2bbd
-    {..fcdb6f7c
-      ..c3a0c84a
-      ..c4272da8
-      ..f9d93ee6
-      ..80f96e41
-      ..d79eef53
-      ..245fa24f
-      ..8c98897b
-..d0c93d6c
-      ..7b344d2f
-      ..9a1aa492
-      ..fd6eca27
-      ..8c98897b
-..d0c93d6c
-      ..c7502128
-    }..830a9636
-..d0c93d6c
-    fu..166e2c7f
-      ..768d3cb6
-      ..210c80c5
-    ) ..a6021c68
-..d0c93d6c
-      ..4dabb521
-..d0c93d6c
-      ..c3a0c84a
-..d0c93d6c
-      ..3b3269a0
-      ..7ac76f60
-      ..27f5e399
-..d0c93d6c
-      ..200a778d
-      ..d2b6136c
-      ..5a2929f8
-      ..101bde5d
-      ..1335cdd9
-      ..ec1fb8df
-..d0c93d6c
-      ..074fdc1f
-      ..f01fb6b9
-      ..1335cdd9
-..d0c93d6c
-      ..00460cae
-      ..5344eb88
-..d0c93d6c
-      ..eb52a8de
-      ..b6627324
-      ..614f4dd9
-      ..786b2514
-      ..fe8fcbd6
-      ..8a3f2b38
-      ..5ebb95ee
-..d0c93d6c
-      ..0254a902
-      ..57bf92f1
-      ..37158b51
-      ..110764ff
-      ..cc9faef6
-      ..fa1bf228
-      ..620f94a5
-      ..5ebb95ee
-      ..ec1fb8df
-      ..8c98897b
-..d0c93d6c
-      ..485120ce
-      ..0be84871
-..d0c93d6c
-      ..7605ca6d
-..d0c93d6c
-      ..af851b74
-      ..b76f392b
-      ..07ac1338
-      ..d80cb75f
-      ..8c98897b
-..d0c93d6c
-      ..999bbc6e
-    }..830a9636
-..d0c93d6c
-..d0c93d6c
-    //..8d50010e
-    fu..9b5e1c5a
-      ..2f3bda41
-    pr..53a5a3f9
-    vi..24926826
-    re..054b1c98
-..d0c93d6c
-      ..e6907d4c
-..d0c93d6c
-      ..c16275a4
-..d0c93d6c
-      ..6f9f5c1e
-..d0c93d6c
-      ..f2007038
-      ..45c3b084
-      ..c718740f
-      ..469265e8
-      ..f0b3431e
-      ..d274e73f
-..d0c93d6c
-      ..3b6db9e3
-      ..d11d1583
-      ..dd6ba15b
-..d0c93d6c
-      ..4f46140f
-..d0c93d6c
-      ..4caa1eb7
-..d0c93d6c
-      ..262a77ba
-..d0c93d6c
-      ..93f304b9
-      ..2a84160a
-..d0c93d6c
-      ..6b0dfaa1
-..d0c93d6c
-      ..f659cef8
-      ..45ff86b6
-      ..75fdb3e9
-      ..ec1fb8df
-      ..8c98897b
-    }..830a9636
-..d0c93d6c
-    fu..e129d5bf
-      ..b619d5de
-    pr..53a5a3f9
-    vi..24926826
-    re..653f39fd
-    {..fcdb6f7c
-      ..0f894dc5
-      ..184928ed
-..d0c93d6c
-      ..74f583b2
-..d0c93d6c
-      ..47043db4
-      ..fb974e24
-      ..eb208ffe
-      ..9f330348
-..d0c93d6c
-      ..c3a0c84a
-      ..2b555863
-      ..c6dde07e
-      ..626a16a3
-..d0c93d6c
-      ..5b12039c
-      ..d7117a8e
-      ..a16e6631
-..d0c93d6c
-      ..f2f32f4a
-..d0c93d6c
-      ..23b46afe
-      ..93c0497b
-      ..14b58320
-      ..115999c1
-      ..38acee2e
-      ..3e8fe240
-      ..5ebb95ee
-..d0c93d6c
-      ..e5a29a5f
-      ..be8d6901
-      ..0e5c1f98
-      ..e389b34d
-      ..5ebb95ee
-..d0c93d6c
-      ..85eafecf
-      ..c13e024e
-      ..9cd08126
-      ..f1af92a9
-      ..5ebb95ee
-..d0c93d6c
-      ..c81b1a8f
-..d0c93d6c
-      ..0baf8a95
-..d0c93d6c
-      ..2d69b2a4
-      ..26892f31
-      ..7ac886c1
-      ..8d6327fb
-      ..86f20a9f
-      ..bae3b982
-      ..d2227d34
-      ..7abf6896
-      ..78d3bb07
-      ..e3262fd9
-..d0c93d6c
-      ..4472bd32
-      ..ffdb2d75
-      ..ba0f59bd
-      ..83ceb46e
-      ..16f020ae
-      ..e3262fd9
-      ..f687e36b
-      ..5ebb95ee
-..d0c93d6c
-      ..d1e36d36
-..d0c93d6c
-      ..02425e1b
-      ..ec1fb8df
-      ..8c98897b
-..d0c93d6c
-      ..9e72910c
-      ..71d7d9c7
-      ..f8533f77
-      ..da3c855e
-..d0c93d6c
-      ..8ca6397c
-      ..17257b49
-      ..0fc35c0b
-      ..2d2bc714
-      ..16050cd0
-      ..d1e36d36
-      ..408f234c
-      ..16050cd0
-      ..ec1fb8df
-      ..8c98897b
-..d0c93d6c
-      ..43fa1145
-    }..830a9636
-..d0c93d6c
-    fu..a9d14eff
-      ..b619d5de
-    pr..53a5a3f9
-    vi..24926826
-    re..653f39fd
-    {..fcdb6f7c
-      ..184928ed
-..d0c93d6c
-      ..74d8ac3f
-..d0c93d6c
-      ..47043db4
-      ..fb974e24
-      ..dd674eab
-      ..daddbc44
-..d0c93d6c
-      ..c3a0c84a
-      ..2b555863
-      ..f315c169
-      ..c6dde07e
-      ..626a16a3
-..d0c93d6c
-      ..5b12039c
-      ..992afc33
-      ..68742d7f
-..d0c93d6c
-      ..f2f32f4a
-      ..53bb0c07
-      ..05610f5d
-      ..50dac463
-      ..f1af92a9
-      ..5ebb95ee
-..d0c93d6c
-      ..baa37679
-      ..14b58320
-      ..115999c1
-      ..38acee2e
-      ..3e8fe240
-      ..5ebb95ee
-..d0c93d6c
-      ..e5a29a5f
-      ..6648e599
-      ..0e5c1f98
-      ..e389b34d
-      ..5ebb95ee
-..d0c93d6c
-      ..1643436e
-..d0c93d6c
-      ..305bc5e2
-..d0c93d6c
-      ..2d69b2a4
-      ..9e04a0f9
-      ..7ac886c1
-      ..8d6327fb
-      ..7d173fd5
-      ..bae3b982
-      ..d2227d34
-      ..7abf6896
-      ..78d3bb07
-      ..e3262fd9
-..d0c93d6c
-      ..ffdb2d75
-      ..19c45415
-      ..83ceb46e
-      ..16f020ae
-      ..e3262fd9
-      ..f687e36b
-      ..5ebb95ee
-..d0c93d6c
-      ..d1e36d36
-..d0c93d6c
-      ..02425e1b
-      ..ec1fb8df
-      ..8c98897b
-..d0c93d6c
-      ..3ab090d8
-      ..f3e40fe3
-      ..cb4cebf2
-      ..f8533f77
-      ..91e94ef1
-..d0c93d6c
-      ..6dd7f3ae
-      ..f8533f77
-      ..91e94ef1
-..d0c93d6c
-      ..7977fb89
-      ..f3e40fe3
-      ..10d5111c
-      ..cb4cebf2
-      ..f8533f77
-      ..76d05c41
-..d0c93d6c
-      ..6dd7f3ae
-      ..f8533f77
-      ..76d05c41
-..d0c93d6c
-      ..17257b49
-      ..0fc35c0b
-      ..764ab7b2
-      ..d5212a81
-      ..d1e36d36
-      ..e3344f6c
-      ..d5212a81
-      ..ec1fb8df
-      ..8c98897b
-..d0c93d6c
-      ..43fa1145
-    }..830a9636
-..d0c93d6c
-    fu..b23efec5
-      ..b619d5de
-    ex..89656b80
-    vi..24926826
-    re..c50b1686
-..d0c93d6c
-      ..48005beb
-      ..66a546eb
-..d0c93d6c
-      ..d4ac2947
-      ..feee1571
-..d0c93d6c
-      ..fd543421
-      ..58e063e4
-      ..9005ad6c
-      ..e5688bea
-      ..8c98897b
-..d0c93d6c
-      ..e02c86b2
-      ..854e3b51
-      ..e0abd075
-..d0c93d6c
-      ..f31e7f2c
-      ..854e3b51
-      ..e0abd075
-..d0c93d6c
-      ..bc8d9383
-    }..830a9636
-..d0c93d6c
-    /*..20a31457
-    */..68f28a5d
-    fu..09fe5273
-    ex..e41b19b8
-      ..828d81a1
-..d0c93d6c
-      ..fd543421
-      ..58e063e4
-      ..effb8cf1
-..d0c93d6c
-      ..58d492fd
-      ..df4c255f
-      ..0126e144
-..d0c93d6c
-      ..2acffc9a
-      ..6bc878ec
-      ..bb772cc2
-..d0c93d6c
-      ..cdb3dd56
-      ..a61f4007
-    }..830a9636
-..d0c93d6c
-    /*..20a31457
-    */..68f28a5d
-    fu..2662c155
-    ex..e41b19b8
-      ..828d81a1
-      ..19339be0
-..d0c93d6c
-      ..11b73f9a
-      ..d04ff19e
-      ..40bb0cc9
-      ..4018465d
-      ..8c98897b
-..d0c93d6c
-      ..35341956
-      ..8f33f4a0
-    }..830a9636
-..d0c93d6c
-    //..bfc437d8
-..d0c93d6c
-    /*..20a31457
-    */..68f28a5d
-    fu..178774c3
-      ..bfefbef3
-    ) ..cf29f4bf
-..d0c93d6c
-      ..0f894dc5
-      ..3dca7680
-      ..184928ed
-..d0c93d6c
-      ..74f583b2
-..d0c93d6c
-      ..a7aa948f
-      ..c6dde07e
-      ..84117187
-..d0c93d6c
-      ..0f7f3981
-      ..6e41bbbc
-      ..056a1649
-      ..2690ef60
-      ..383107ab
-      ..a3b92492
-      ..183f7a07
-      ..5ebb95ee
-..d0c93d6c
-      ..91994447
-      ..8d011395
-      ..5ebb95ee
-..d0c93d6c
-      ..6bcdb9d6
-..d0c93d6c
-      ..98e1bd65
-..d0c93d6c
-      ..d1e36d36
-..d0c93d6c
-      ..7e944282
-      ..ec1fb8df
-      ..8c98897b
-..d0c93d6c
-      ..052a6b98
-      ..785d2483
-      ..53c0c27b
-      ..1d62f4f5
-      ..8c98897b
-..d0c93d6c
-      ..2ccd2998
-..d0c93d6c
-      ..2f4b696b
-      ..71d7d9c7
-..d0c93d6c
-      ..67c275b2
-      ..f526ed8d
-      ..3664848b
-..d0c93d6c
-      ..d0115f93
-      ..4ea80f5b
-..d0c93d6c
-      ..8a14133a
-      ..9a9c543d
-      ..bf586649
-      ..8c98897b
-    }..830a9636
-..d0c93d6c
-    /*..20a31457
-    */..68f28a5d
-    fu..334a3145
-      ..bfefbef3
-    ) ..fff99f7f
-..d0c93d6c
-      ..7b4a8e22
-      ..c6dde07e
-..d0c93d6c
-      ..921635a1
-      ..34d590f6
-      ..74d8ac3f
-      ..184928ed
-      ..2ab04bab
-      ..c4e19603
-      ..4e45abf9
-..d0c93d6c
-      ..3b1845d2
-      ..86101943
-      ..0a358330
-      ..5ebb95ee
-..d0c93d6c
-      ..5f5e546b
-      ..da44386a
-      ..5ebb95ee
-..d0c93d6c
-      ..0ca3a529
-..d0c93d6c
-      ..f4eeba8e
-      ..ec1fb8df
-      ..c16fea21
-      ..5dcd4ea9
-      ..ec1fb8df
-      ..8c98897b
-..d0c93d6c
-      ..bfd98481
-      ..2aa98eff
-      ..40e08e68
-      ..8c98897b
-    }..830a9636
-..d0c93d6c
-}..e65610ef
-var Li..a824adcb
-    de..626c1cc4
+    de..8ffe6e92
-    de..c55645fa
+    de..e6d62a4d
-    de..237713d0
+    de..7af32c9c
-    de..a34820c1
+    de..0e7321da
-    de..f883ee67
-    de..e8263e50
-..d0c93d6c