+//////..daec907f
+..b7dba0a5
+    ev..1043f0b5
+    ev..6b8e0e34
+..b7dba0a5
+//////..f2939b47
+..b7dba0a5
+    mo..235cbb7a
+      ..c07d4d62
+      ..5e529a18
+    }..88ed1079
+..b7dba0a5
-    us..33b364a1
-..df19fbc3
-      ..29202b83
+      ..aafffe64
+..b7dba0a5
+//////..d8aa4cfe
+..b7dba0a5
+    co..ea48df71
+      ..de9fba32
+    }..88ed1079
+..b7dba0a5
+    /*..373681c1
+      ..17656d40
+     *..8647f6cf
+    fu..dd892d35
+..b7dba0a5
+    /*..373681c1
+      ..7282f881
+      ..906c2d38
+     *..8647f6cf
+    fu..2c1b2d38
+..b7dba0a5
+      ..afcab6a7
+..b7dba0a5
+      ..e8d7e3cc
+    }..88ed1079
+..b7dba0a5
+    /*..373681c1
+      ..7b7a69a4
+      ..907dbed5
+     *..8647f6cf
+    fu..23cf60ac
+..b7dba0a5
+      ..e9107a13
+    }..88ed1079
-      ..3795ae7a
-      ..37b27d7e
-      ..52ae1274
-      ..ebb923eb
-      ..1c6dc041
-     *..e62c3480
-    fu..d4f2292f
-    ex..10f35555
-    re..d7a2b005
-..df19fbc3
-      ..d473137d
-    }..466a0802
-..df19fbc3
-    /*..5947d557
-      ..5d36f2e0
-      ..ae2273ea
-      ..52ae1274
-      ..1c6dc041
-     *..e62c3480
-    fu..038e76bf
-    ex..10f35555
-    re..d7a2b005
-..df19fbc3
-      ..04a06710
-    }..466a0802
-..df19fbc3
-    /*..5947d557
+    ev..65b734a4
+..b7dba0a5
+    fu..af2235fe
+      ..b50e72db
+      ..fe4eb8a8
+    ) ..722ebe80
+..b7dba0a5
+      ..fd48b53c
+..b7dba0a5
+      ..4edfac71
+      ..32a21ea7
+..b7dba0a5
+      ..7861411a
+..b7dba0a5
+      ..80678963
+    }..88ed1079
-    fu..4361bcea
-      ..cc0dbe8b
-      ..36fd2931
-    ) ..8613f2d9
-..df19fbc3
-      ..4ba52f2c
-..df19fbc3
-      ..ba045fcf
-    }..466a0802
-..df19fbc3