+functi..51788202
+    fo..86e2c95e
+      ..8a47b9dd
+      ..d7f57535
+      ..16a8f1b0
+    }..5d401582
+}..ff9c8d90
+..061c9064
-      ..f395eee9
+      ..ee675506
-      ..f395eee9
+      ..ee675506
-      ..f395eee9
+      ..ee675506
-      ..fb10524b
+      ..3451f6c3
-      ..fb10524b
+      ..3451f6c3
-      ..fb10524b
-      ..eb14e08e
+      ..3451f6c3
+      ..b63ad8c8
-      ..fb10524b
-      ..eb14e08e
+      ..3451f6c3
+      ..b63ad8c8
-      ..fb10524b
-      ..eb14e08e
+      ..3451f6c3
+      ..b63ad8c8
-      ..f395eee9
+      ..ee675506
-      ..efaa67fa
-      ..06b69458
+      ..33ce8248
+      ..72d0e8ee
-      ..28c228b5
+      ..dc2812e9
+      ..58d23087
-      ..06b69458
-      ..9968efd5
+      ..72d0e8ee
+      ..aba47725
-      ..3b21af6a
+      ..6cbb73ad
-      ..6fb45c89
-      ..b4bcf040
+      ..9f362112
+      ..23f8e556
-      ..a8148456
+      ..5c6367ed
-      ..aa52c858
+      ..4b39a6e5
-      ..400c0d45
+      ..e5788d92
-      ..e8d43f04
+      ..e9be8544
-      ..06b69458
+      ..72d0e8ee
-      ..9968efd5
+      ..aba47725
-      ..e8d43f04
-      ..06b69458
+      ..e9be8544
+      ..72d0e8ee
-      ..6a589bd6
-      ..08f851c5
+      ..8b402d13
+      ..a4bcee61
-      ..5e7bcee1
-      ..b4c3da1f
-      ..650848f1
+      ..92212e10
+      ..7be835c4
+      ..db035fca
-      ..8e088dfa
-      ..60043ddc
-      ..130d54fe
+      ..20f2482c
+      ..8cab7798
+      ..cd814111
-      ..2850fa14
-      ..1f8ef100
+      ..1d21ad5f
+      ..458c84e8
-      ..717bdc2d
-      ..d2f547bd
+      ..c9ae5265
+      ..608641f6
-      ..3764f952
-      ..92f62284
+      ..13b2a1b1
+      ..ab6a564a
-      ..f18c65a0
-      ..79c29ea2
+      ..db796de6
+      ..357822fb
-      ..a5167523
+      ..9ca87967
-      ..7a8b8979
+      ..5173c6a4
-      ..019ca42c
+      ..ce2da691
-      ..3b21af6a
+      ..6cbb73ad
-      ..6fb45c89
-      ..b4bcf040
-      ..4fe68f4e
+      ..9f362112
+      ..23f8e556
+      ..09474ebd
-      ..a8148456
+      ..5c6367ed
-      ..aa52c858
+      ..4b39a6e5
-      ..400c0d45
+      ..e5788d92
-      ..6fb45c89
-      ..b4bcf040
-      ..4fe68f4e
+      ..9f362112
+      ..23f8e556
+      ..09474ebd
-      ..aa52c858
+      ..4b39a6e5
-      ..400c0d45
+      ..e5788d92