+    //..b8889ebf
+    ev..aebb54b2
+..844f1a76
+..844f1a76
-      ..e8ea3013
+      ..b6456b01
-    fu..4190f9af
+    fu..6fc8f72e
-      ..b3f4dd53
-      ..5a2ec9f4
-      ..ced63271
-      ..806161ed
-     *..e705782a
-    fu..7e2c121d
-    ex..876c9eff
-    re..38938826
-..8cf7ed1b
-      ..a0901378
-    }..53f3239c
-..8cf7ed1b
-    /*..48a3d01b
-      ..d5b5346a
-..8cf7ed1b
-      ..b3959abe
-      ..3de6fd2b
-      ..3a2943c5
-..8cf7ed1b
-      ..796c0f49
-..8cf7ed1b
-      ..4767d86c
-..8cf7ed1b
-      ..f17dab94
-      ..3e430fb0
-      ..01884482
+      ..8185dfcd
+    //..7251f08e
+    //..75d46ce9
+    //..2371adeb
+    //..ec7019e3
+    //..0aa165a6
+    //..10be73df
+    //..3ff7e260
+    //..0b19eed7
+    //..f9fa461d
+    //..7a24f9e0
+    //..a5239bed
+    //..2c39fa74
+    fu..3c20cccc
+..844f1a76
+      ..00a74cbc
+    }..5ca75930
+..844f1a76
+    //..7251f08e
+    //..7bb23f71
+    //..2dc566f9
+    //..f9fa461d
+    //..7a24f9e0
+    //..a5239bed
+    fu..a4d460fb
+..844f1a76
+      ..10db5824
+    }..5ca75930
+..844f1a76
+    //..d3b4d542
+    //..474d5b67
+    //..560f26ec
+    //..75d46ce9
+    //..2371adeb
+    //..ec7019e3
+    //..78c6d026
+    //..f9fa461d
+    //..7a24f9e0
+    //..a5239bed
+    fu..494d81af
+..844f1a76
+      ..360e68f3
+    }..5ca75930
+..844f1a76
+    //..932f9c71
+    //..b2c82650
+    //..a1c5cee7
+    //..90e919fe
+    //..e902a275
+    //..94e0af51
+    fu..9ae00da5
+..844f1a76
+      ..09ca1df0
+    }..5ca75930
+..844f1a76
+    //..32cd0918
+    //..ee45efa6
+    //..a2fe0cdc
+    //..b4da05f0
+    fu..28243591
+..844f1a76
+      ..270e35d4
+    }..5ca75930
+..844f1a76
+    fu..a532afac
+      ..c6ef2064
+      ..51591a4b
+    ex..279c6a83
+    re..3946792b
+..844f1a76
+      ..39078ea2
+..844f1a76
+      ..0535e952
+      ..ef5b2863
+      ..56c2fa12
+..844f1a76
+      ..aa4f044b
+..844f1a76
+      ..5f01983d
+..844f1a76
+      ..08020e90
+      ..e379f419
+      ..0fc0c2bb
+    }..5ca75930
+..844f1a76
-      ..6df9b0e8
+      ..1705f5fb
+..844f1a76
+    //..0502c3ca
+    //..c8bee213
+    fu..a532afac
+      ..c6ef2064
+      ..a57a0190
+      ..32d9dca5
+    re..3946792b
+..844f1a76
+      ..bf85e658
+      ..3dfa9d5c
+..844f1a76
+      ..fadaf0cd
+      ..906c1831
+      ..48963135
+      ..0fc0c2bb
+..844f1a76
+      ..a77d0079
+    }..5ca75930
+import..cb42be39
+    by..3b9568a6
+    //..b8889ebf
+    ev..aebb54b2
+    ev..cd1b693f
+..844f1a76
+    fu..1917c4b2
+      ..8f85427e
+      ..ccf47180
+      ..0fc0c2bb
+      ..e3bf5a3f
+      ..fb905e24
+    }..5ca75930
+..844f1a76
+    fu..5c364ff5
+      ..90e9b8b3
+      ..a4b43046
+    ) ..948d3754
+..844f1a76
+      ..1683ae4b
+..844f1a76
+      ..431c9488
+      ..1e50eeae
+      ..cab3a441
+      ..a93892f3
+      ..0fc0c2bb
+..844f1a76
+      ..f5485b17
+..844f1a76
+      ..90a215df
+      ..d401c4b6
+      ..9e52ac55
+      ..f3d1cb44
+..844f1a76
+      ..01a0b1b7
+      ..0fc0c2bb
+..844f1a76
+      ..783a0858
+..844f1a76
+      ..70e65d0c
+      ..fa264eae
+      ..2b1afd48
+      ..0fc0c2bb
+..844f1a76
+      ..1afb4550
+      ..9a1b549d
+      ..bd7b33c7
+      ..5f01983d
+      ..dde288ab
+      ..0fc0c2bb
+..844f1a76
+      ..d33d8db1
+    }..5ca75930
+..844f1a76
+    fu..c149fa2e
+      ..90e9b8b3
+      ..b0e12d39
+..844f1a76
+      ..c87cf166
+..844f1a76
+      ..b472c9b7
+    }..5ca75930
+..844f1a76
+    fu..5df84aac
+      ..90e9b8b3
+      ..21ccc16c
+..844f1a76
+      ..15b268bc
+..844f1a76
+      ..843f4dd9
+      ..3e41b0a4
+..844f1a76
+      ..c4bce294
+..844f1a76
+      ..e56b24d2
+    }..5ca75930
+..844f1a76