-let Lo..db7f39f2
+let Ch..999fdbdb
-    SU..2041d048
-    SU..1dcca258
-    ET..d6bda602
-    PH..a7ac6954
-    [L..f9a2c000
-    [L..c452e858
-    [L..16d814f5
-    [L..f17cfa06
-    [L..55303b49
-    [L..07d75daf
-    [L..ae532a48
-    [L..4e9dfd91
+    [C..c1c1b618
+    [C..ce316f7e
+    [C..4c1cad1e
+    [C..ddd9cda2
-functi..e4dbebb5
+functi..568deaa8
-    if..3ec792ba
-      ..7a6a9884
+    if..838f273f
+      ..c599459e
+      ..7c745230
+      ..c55cae41
+      ..145aca39
+      ..a68ee18c
+      ..c55cae41
+    }..2907a3ca
-    Lo..859f9361
-    lo..c776f5e7
+    ch..bfe3df60
+    ch..3f02f845