-    ev..2d38d79e
+    ev..3083c664
+      ..e6d092e0
+..7379b596
+async ..976f4f1c
+..7379b596
+    le..d0e36d79
+    le..75017a3d
+    le..7615a735
+    le..18d00177
+..7379b596
+    le..fd36bd91
+    le..1ad11883
+..7379b596
+    le..7ef9319d
+    le..3f0668ad
+..7379b596
+    //..2a9d64c9
+    //..d5d95582
+    ds..4aeeee1a
+      ..a66866d4
+      ..e967a90f
+      ..7f61c019
+..7379b596
+      ..a517740d
+      ..4a9b90a8
+      ..c20fd7c1
+      ..33347ed1
+..7379b596
+      ..0931b05c
+..7379b596
+      ..701ee6cd
+..7379b596
+      ..9daee8cb
+..7379b596
+      ..23e66ce0
+      ..56d9bf28
+      ..83aa21fb
+      ..8dd9f3e9
+      ..683d65f2
+      ..bd6c2c4b
+      ..688dc847
+..7379b596
+      ..d531c188
+      ..bbf57f7c
+      ..f42564f8
+      ..4c9c0b54
+..7379b596
+      ..815bce7d
+..7379b596
+      ..c320a02b
+..7379b596
+      ..9daee8cb
+..7379b596
+      ..23e66ce0
+      ..c68ffb91
+      ..e69616d0
+      ..8dd9f3e9
+      ..683d65f2
+      ..bd6c2c4b
+      ..688dc847
+      ..01b35425
+    );..7c3aa551
+}..bb8591e1