-    ev..59a77483
-    ev..242867ec
-    ev..90743752
-    ev..f3b79444
+    ev..b29c4992
+    ev..018cead5
+    ev..30c22f7f
+    ev..32165f9e
-const ..1bc81c6d
+const ..148ced2d
-let cf..5e1318eb
-..95a4fde9
-    cf..f0da5723
-..95a4fde9
-    if..d57b1de0
-      ..98fe8437
+    fo..6ab2c109
+      ..c5749733
+..7379b596
+      ..54de207f
-      ..9d154044
-}..2a77432a
-..95a4fde9
-async ..f547a99b
+..7379b596
+    ca..f6816ad4
-    cf..08bb32cc
-..95a4fde9
-    le..7edf300d
-    Ne..d76ed2a5
-..95a4fde9
-    le..ad848b03
-    Ne..132878a8
-      ..45c65406
-      ..bcae17c3
-    })..f930dc3a
-..95a4fde9
-    re..7efb2201
-      ..83a7263a
+      ..849aefe3
-      ..7cb5a933
+      ..eb170f0c
+      ..b4875a02
+..7379b596
-      ..5eb5e7a2
+      ..01b35425
+    );..7c3aa551
--- /de..c72748cb
+'use s..df2e3c97
+..7379b596
+const ..70d5170b
+..7379b596
+let cf..15e7916a
+..7379b596
+async ..265537a1
+..7379b596
+    cf..4fb4252b
+..7379b596
+    le..7f7a3065
+    Ne..21af0e74
+..7379b596
+    le..ce87e2af
+    Ne..732fa9b0
+      ..a4087371
+      ..dc3e37fa
+    })..08b6e768
+..7379b596
+    re..e10fe769
+}..bb8591e1
+..7379b596
+module..8af046de
+    cf..ff38a632
+    ge..70b9228b
+}..bb8591e1
+const ..148ced2d
+..7379b596
-..95a4fde9
-const ..0e31f87c
-const ..e26c4bdf
+const ..b0e7e998
-    le..3f51c9d7
-    we..f9612aae
+    le..4d6fd0cf
+    le..3c8376e4
+    le..dff9e5cb
+    le..9e2a0700
+..7379b596
+    fo..cc12d103
+      ..ccd12400
+      ..30b325c4
+..7379b596
+      ..c24539ab
+      ..a9e3c275
+      ..01b35425
+..7379b596
+      ..6075ba0c
+      ..5a370cfa
+      ..01b35425
+..7379b596
+      ..24a52143
+      ..9582a667
+      ..01b35425
+..7379b596
+      ..4f4b04dd
+      ..089c06df
+      ..01b35425
+    }..4acbcbb9
+..7379b596
+    le..08b2ed80
+    fo..6ab2c109
+      ..b1db51e2
+      ..c832b17a
+..7379b596
+      ..54de207f
+      ..cbaa6f08
+    }..4acbcbb9
+..7379b596
+    le..3c4fd07b
-    le..b00630c9
-    le..54e92d10
+    le..5d2475c3
+    le..3424fe4e
-    le..daf5f1d5
+    le..0701ec79
-      ..8ba574cf
+      ..b06d955f
-    le..a8b42a69
-    le..8ff69e75
-    co..bae33adb
-..95a4fde9
-    le..c8eddd35
-    le..f925a090
-    co..8847298c
+    le..6f9bc90c
+    le..07bd8a1d
-    le..302732b1
+    le..9a3b74fd
-    le..24cdb6a7
-    co..69b7f4e6
+    le..5c3bacb6
-      ..da3f4e2b
+      ..bce892bd
-      ..310f97d0
+      ..fd49eca9
-    al..52c33f89
+    al..2f3b5515
-    le..ccae7584
+    le..1ad11883
+    le..47a6579d
+..7379b596
+    le..89b5ec22
+..7379b596
+    le..81c56f30
+    fo..9ccbeb27
+      ..364ca7c8
+      ..2628c03a
+      ..01b35425
+    }..4acbcbb9
+..7379b596
+    ds..ec7dc44b
+      ..94c50266
+      ..e967a90f
+      ..7f61c019
+      ..34f77b8b
+      ..978b0461
+      ..86ada63a
+      ..688dc847
+..7379b596
+      ..63a94e88
+      ..f53cbd90
+      ..86ada63a
+      ..688dc847
+..7379b596
+      ..5a911a44
+      ..20bd7ab7
+..7379b596
+      ..942457fc
+..7379b596
-    co..ab6ac3d3
-    co..a2534a82
+      ..01b35425
+    );..7c3aa551