+      ..298877d3
+..7379b596
+      ..580da183
+..7379b596
-      ..d627798d
+      ..0dedb72b
+      ..3ea1182c
+      ..1bfe8e8f
+      ..9daee8cb
+      ..57f39377
-      ..e69f5ad0
-..95a4fde9
+      ..f823124b
+      ..57f39377
-      ..1493a6c2
+      ..ae519c40
-      ..46137e7b
-..95a4fde9
-      ..3b741302
-      ..57d4160d
-      ..b6890fef
-      ..e40e2921
-      ..c2f8f99e
-..95a4fde9
+    le..fd36bd91
+    le..bb6413e1
+..7379b596
-    le..cd848bae
+    le..ca9c01a6
-      ..5f33ea2f
+      ..a00593f2
-      ..1286a4b7
+      ..8892ddde
-      ..56e76b88
+      ..4c3a87c8
+      ..de57e268
+      ..d2b88d50
+..7379b596