+..f8ba95a8
+//  - ..99e6a85a
+//    ..9ea218fe
+..f8ba95a8
-//   -..75906efa
-//    ..9c82226c
-//    ..7d4d812c
+//    ..a355a6a1
+//    ..c0012d87
-//   -..75906efa
-//    ..aae1a3db
-//    ..5b0a163e
-//    ..a15eea05
-//    ..92ac3dd0
-//    ..b2e47f60
-//    ..6c7b00f6
-//    ..b2e47f60
+//    ..11ad6f40
+//    ..eb489eae
+//    ..d7c1a837
+//    ..aee58c9a
+//    ..393d92f7
+//    ..ed8dd62f
+//    ..7ca66804
+..f8ba95a8
+// Cre..595da896
+//    ..127d203a
+//    ..a38d3dd0
+//    ..6716cd13
+//    ..d6a327cb
+..f8ba95a8
+// Map..0f96bbd1
+//   -..657e5748
+//    ..7026aa31
+//    ..4eb12462
+//    ..c03b82ce