-      ..8df6eea5
+      ..69f4ece7
-    fu..1675b9b8
+    fu..8abb03c1
-    //..0d4bb3f0
+      ..4c9a8c21
-    //..0d4bb3f0
+      ..4c9a8c21
-    fu..690c6414
+    fu..7a3a61f5
-..938a2321
+    it..e72cd968
+      ..5ada26fd
+..c73e9a1a
+      ..4e7e334f
+      ..972f0940
+..c73e9a1a
+      ..65fadd84
+      ..dea8e788
+      ..2ccf790e
+..c73e9a1a
+      ..acc6c34a
+      ..06a2ea08
+      ..bffc504c
+..c73e9a1a
+      ..7ffe8e63
+      ..96d9211f
+..c73e9a1a
+      ..c88fe2fb
+      ..2a588fba
+..c73e9a1a
+      ..9301f29e
+      ..b581dabb
+..c73e9a1a
+      ..8f60d63e
+    })..824b394e
+..c73e9a1a
+    it..db284b29
+      ..5ada26fd
+      ..4e7e334f
+      ..972f0940
+      ..65fadd84
+      ..dea8e788
+      ..2ccf790e
+      ..acc6c34a
+      ..06a2ea08
+      ..bffc504c
+..c73e9a1a
+      ..7ffe8e63
+      ..96d9211f
+..c73e9a1a
+      ..163d5709
+..c73e9a1a
+      ..c88fe2fb
+      ..2a588fba
+..c73e9a1a
+      ..6f3f6e88
+      ..f9905fc9
+..c73e9a1a
+      ..48c96314
+    })..824b394e