-      ..b7117d39
+      ..21814e36
-      ..6f123180
+      ..8ac9e9ec
+      ..d6ec1700
+      ..f9aa0408
+..7379b596
+..7379b596
-      ..0cad5c0e
+      ..f6e21579
+      ..262bf1e4
-      ..9a9c2a8d
-      ..8cc781c8
-..95a4fde9
+    fu..40fac578
+    in..054fd389
+    re..18f6bc91
+..7379b596
+      ..b61b906f
+      ..fece5fae
+      ..58a448a5
+..7379b596
+      ..054987bc
+      ..47446fd4
+      ..1ee8aa3b
+..7379b596
+      ..a9b13da8
+      ..9506b66c
+      ..7d7dd097
+      ..315fbdd1
+      ..bd6c2c4b
+..7379b596
+      ..03b65952
+      ..688dc847
+      ..6dc3aaf2
+      ..655662cf
+      ..688dc847
+      ..01b35425
+..7379b596
+      ..21646542
+      ..6ff36e39
+      ..aefdc7b2
+..7379b596
+      ..da83fc1a
+      ..88d7674b
+      ..76c59c2a
+      ..9daee8cb
+      ..eafb6a64
+      ..d146d941
+      ..688dc847
+      ..01b35425
+    }..4acbcbb9
+..7379b596
-    fu..4d4b9073
-    in..38229d13
-    re..0a77e714
-..95a4fde9
-      ..e9889d7e
-      ..1f7f6a13
-      ..f7806c94
-..95a4fde9
-      ..a20be162
-      ..5d7d404d
-      ..6ff7edca
-..95a4fde9
-      ..acd815b6
-      ..b82be54b
-      ..05cd9d90
-      ..70b4f6f5
-      ..ba99a28d
-..95a4fde9
-      ..7a8cbcfd
-      ..c2f8f99e
-      ..ebd9be88
-      ..f45d3d95
-      ..c2f8f99e
-      ..9d154044
-..95a4fde9
-      ..4c034da5
-      ..32c9a6af
-      ..78ca0bea
-      ..dee943ac
-..95a4fde9
-      ..a374a747
-      ..42da772a
-      ..9d154044
-    }..20d4dc7d
-..95a4fde9
+let to..6dc1dc91
-let tr..90bd6c8c
+let tr..5df38a28
+let us..ada1d84f
+      ..e080dbd6
-      ..aac6d70a
+      ..b70078f2
+      ..fe4578d1
+..7379b596
-      ..607937f6
-      ..bce070a7
+      ..d7be481e
+      ..962be544
+      ..85d78e8a
-      ..f44ac8dc
-      ..b9f13fe4
+      ..f978731f
+      ..0a9381f2
+..7379b596
+      ..c18af63b
+      ..078e29c8
+      ..24aa6125
-      ..69eac093
-      ..b35e37b1
+      ..3646be4b
+      ..d7b85b0d
-      ..64e79878
-      ..dc1f3f4b
+      ..7e9fad41
-      ..046906ad
+      ..644e729f
-      ..8450f3db
+      ..8c4b898a
-      ..5435d81f
+      ..1fcd7903
-      ..86e9993e
+      ..e2a2378d
-      ..7e526d74
+      ..8cdae6c3
-      ..bf83863d
-      ..f18f2970
+      ..34877266
+      ..231a2824
-/*..6e069758
+..7379b596
-      ..3a72c864
+      ..8c4b898a
+      ..b0846b8b
+      ..0856352e
-      ..9578a936
-      ..97aa995e
+      ..c11916c1
-      ..8a295026
+      ..8746d9e6
+      ..1480e71d
+      ..0f6154f3
+      ..467f93f9
-      ..5435d81f
-      ..6d41bc6f
+      ..1fcd7903
+      ..a8223ea5
-      ..b56484dd
+      ..1bd17d53
-      ..0418f2ec
-      ..fca1f5b4
+      ..ee328cda
+      ..4cccbd94
-      ..0a3c9df3
+      ..e2a2378d
+..7379b596
-      ..ae88bcc8
+      ..22fedb67
+      ..eb116633
+      ..166c1259
-      ..4989e811
+      ..8cdae6c3
+      ..cab14a8c
+      ..a1412c79
+      ..e3c7ab14
+      ..6728764c
+..7379b596
-      ..0a3c9df3
+      ..e2a2378d
-      ..e13b66dd
+      ..13a8304c
+      ..e1924f1e
+..7379b596
+      ..6411d7ab
+      ..e2abfd96
+      ..6cd0f895
+..7379b596
+      ..1bf16e86
+      ..76fe6e22
+      ..1476adf3
-      ..a7d8bbd8
-      ..7dffbc0a
-      ..6dfc08de
-      ..435609bb
-      ..41559060
-      ..0bfad731
-      ..0552950e
+..7379b596
+      ..0856352e
+..7379b596
+      ..8b6bd965
+      ..ba033d20
+      ..c05bcaee
+..7379b596
+      ..1fcd7903
+      ..a5af129a
+      ..9e9f564a
+      ..118ba8a7
+      ..ff99261f
+      ..f6a2cff0
+      ..4cccbd94
-      ..0f1640f0
-..95a4fde9
-      ..1126e49f
-      ..ee488cec
-      ..c06e1392
+      ..2d577150
+      ..b0b34746
-      ..13130e72
+      ..8cdae6c3
-      ..293c618f
-      ..c8d22ccb
+      ..20a21067
+      ..41de98ea
+      ..ff312362
-      ..e9cb4821
-      ..63dfb435
-..95a4fde9
-      ..6934a226
-      ..51b966de
+      ..5a6963cf
+      ..08c46c58
+      ..95d19c17
-..95a4fde9
-      ..b04b5e43
-      ..1126e49f
-      ..a6bd3bd7
+      ..8b6bd965
+      ..ba033d20
+      ..c05bcaee
-      ..a7d8bbd8
-      ..66bbc516
-      ..8f66dfbd
-      ..f5ea3ce0
-      ..bb529486
-      ..1778997e
-      ..fca1f5b4
+      ..2b3361e9
+      ..41fee79f
+..7379b596
+      ..1fcd7903
+      ..b6c974b2
+      ..e5a834f5
+      ..7cf1a7a0
+      ..5a996c05
+      ..f6a2cff0
+      ..4cccbd94
-      ..0f1640f0
-..95a4fde9
-      ..97737d34
-      ..84397c80
-      ..c06e1392
-      ..b7efbbdc
+      ..8cdae6c3
-      ..293c618f
-      ..91c3aa4e
+      ..20a21067
+      ..41de98ea
+      ..ff312362
-      ..e9cb4821
-      ..51b966de
+      ..17256845
+      ..20ae96f5
+      ..95d19c17
+/*..c174e389