-    "s..4deb2db6
+    "s..f7200a61
-    ui..b9198667
+    ui..46c1c020
+    //..351d30da
+    ui..79e09294
+..c73e9a1a
+    ui..2be8c7f6
+    //..351d30da
+    ui..1344dba0
-      ..c42bdc5a
-      ..aa5604b5
-      ..700946ad
-      ..316692e1
+      ..aee3018f
+      ..354c9276
-    fu..1b1e27b2
-      ..3a627779
-      ..1540f724
-      ..9cc744e9
+    fu..4af71f1c
+      ..831a393c
-      ..241db6dd
-      ..46dd9ffb
-      ..5a51724b
-      ..6bec53c5
+      ..7ab75aab
+      ..a16f5fc4
+..c73e9a1a
+      ..cd789710
-      ..b8b8ba51
-      ..9d579a81
-      ..e27b906f
+      ..04bdb5d6
+      ..d07d24a1
+      ..0b6ea787
-    fu..51441776
+    fu..9679de10
-      ..bbb0fde7
+      ..21b41cea
-      ..31e0bbb5
+      ..ad3ec217
-      ..9d5e8159
+      ..4ed606b8
+      ..701a01de
+      ..778a111e
-      ..82364bc9
-      ..9c23942e
-      ..27b427cf
-      ..c55f9b7d
+      ..db365080
+      ..66d63958
+..c73e9a1a
+      ..f40e6460
+      ..4021e0d5
+      ..0ac10273
-      ..f7ed340b
+      ..689193de
+..c73e9a1a
+      ..9c93e23f
+      ..a3e341a7
-      ..e37f478f
+      ..e1d43b00
-      ..9cd98184
+      ..4e280067
-      ..7661e13a
+      ..a31e1b75
+    ad..2a023a95
+..c73e9a1a
-      ..5060ef95
+      ..3c20082f
-      ..4b06736a
+      ..74bdcc69
-      ..4b06736a
+      ..74bdcc69
-      ..475bddf4
-      ..4f5cf3aa
+      ..a971cc40
+      ..0bceca4d
-      ..8aa2b956
-      ..6394de78
+      ..e8beeebf
+      ..444f6ab5
+    //..8917634b
+    //..3090b878
+    //..8917634b
+..c73e9a1a
+    /*..d33a3919
+    * ..561f7447
+    */..c2d91c10
+    fu..f99fe320
+      ..cc392ba2
+      ..4da52809
+      ..66d63958
+      ..6876e0a0
+      ..402752ad
+      ..519acf1b
+    }..9798a4ad
+..c73e9a1a
+    /*..d33a3919
+    * ..85a083d4
+    */..c2d91c10
+    fu..417ffd7b
+      ..b4625c84
+      ..6098300a
+      ..aac47a9e
+      ..6c45df95
+    }..9798a4ad
+..c73e9a1a
+    /*..d33a3919
+    * ..1ac4eb6c
+    */..c2d91c10
+    fu..b0a8d036
+      ..64c03eaf
+      ..55652edc
+    }..9798a4ad
+..c73e9a1a
+    /*..d33a3919
+    * ..f8f90001
+    */..c2d91c10
+    fu..94786ef7
+      ..d65c22e4
+      ..7798dd09
+      ..519acf1b
+    }..9798a4ad
+import..110a2bcf
+  usin..088db5cd
+..c73e9a1a
+..c73e9a1a
+      ..caa695dd
+      ..cbc91ad1
+      ..04e22546
+..c73e9a1a
+    us..1e83dd7d
+    ad..2a023a95
+..c73e9a1a
-      ..b8ef04f7
+      ..0acca987
-    ex..4c68272f
+    pu..c9631d8a
+..c73e9a1a
+      ..0ea62e9f
+      ..fb3fa5a8
-      ..94bab24e
-      ..901b501a
+      ..e4ed6d22
+      ..8f1b57ad
-      ..3cacbcf6
+      ..2034622a
-      ..8d05d18d
-      ..6e624073
-      ..5d444034
-      ..85091954
+      ..3668dd91
+      ..011930c9
-      ..7783a8b0
-      ..849f043c
+      ..3668dd91
+      ..08309208
-      ..f9963b0a
+      ..27a91ba6
-      ..f1d0bbf4
+      ..7a4c32b3
-      ..7722a05f
-      ..c16d6d0f
+      ..2719e33d
-    le..804033d7
+    le..cef22c5e
+    if..05a047cf
+      ..a86552df
+    if..3ddeb6fc
+      ..15e701a1
+..c73e9a1a
-      ..5793fd5c
-..938a2321
-      ..2b0b90fb
-..938a2321
-      ..93b29135
+      ..bde025ad
-      ..c7a9a462
-      ..84fa8c0f
+      ..737224f1
+      ..1d41f66f
+      ..9466b81c
+      ..187ba3c4
+      ..b6f76e86
-      ..1b799eb3
-      ..96f17983
-      ..fd6d366e
+      ..f194878a
+      ..9c7eab48
+      ..b7634c95
+      ..927d991b
-      ..0a8913c3
+      ..47c167e5
-      ..ac75f6e2
+      ..07c50cc4
-      ..ac75f6e2
+      ..07c50cc4
-      ..d88362f1
+      ..08b57920
+      ..47eebc90
+      ..87b5d6ce
+      ..9f579e1f
+      ..a087bcbc
+      ..187ba3c4
+..c73e9a1a
-      ..36fc7b16
+      ..af3efaaf
-      ..b90612a3
+      ..e4e856c3
+      ..737224f1
-      ..9f078894
-      ..b9367a47
-      ..b69b38bc
-      ..4a9c178e
-      ..cc630e1e
+      ..290f5ab6
+      ..04ab264d
+      ..0fc7e2fb
+      ..82eec926
+      ..662ae64c
-..938a2321
-      ..06a32ed8
+      ..b6f76e86
-      ..0f6a3ca4
+      ..d2160adf
-      ..c7a9a462
-      ..eda4b0bb
+      ..737224f1
+      ..1d41f66f
+      ..ca8d4738
+      ..187ba3c4
+      ..b6f76e86
-const ..4272d40d
+const ..7098d730
+async ..7766f8d8
+    aw..a8a2c41b
+..c73e9a1a
+    le..acb59a21
+    le..0e395d97
+    wh..35c16fd5
+      ..910c09e2
+..c73e9a1a
+      ..d35164bd
+..c73e9a1a
+      ..a37180a0
+      ..dbc869a2
+      ..c37f731d
+      ..7d72e91f
+      ..d75338f4
+      ..cc322556
+      ..0e85eab4
+      ..a1befc9d
+      ..59ba657e
+      ..7bdc8f68
+      ..3392a04b
+      ..02b8ec77
+      ..4cfc7d74
+..c73e9a1a
+      ..8b8dfa22
+      ..af60f881
+      ..c37f731d
+      ..7d72e91f
+      ..d75338f4
+      ..62b92734
+      ..0e85eab4
+      ..a1befc9d
+      ..59ba657e
+      ..7bdc8f68
+      ..3392a04b
+      ..1e83585d
+..c73e9a1a
+      ..e042a551
+      ..ddbcbfb8
+      ..3f286c30
+      ..5ba88907
+      ..f9d279e7
+      ..66d63958
+..c73e9a1a
+      ..92e52e0c
+      ..767add5e
+      ..0124d9f5
+      ..c1289a5b
+      ..3b903e9d
+      ..5af25495
+      ..7e585441
+    }..9798a4ad
+    aw..bbeead7e
+}..e94d8137
-      ..e78431c7
+      ..bc07bbb3
+      ..1703d6dd
+    it..866a0097
+      ..9c1bbe52
+    })..824b394e
+..c73e9a1a
-      ..c26b7bab
-      ..7e1de872
-      ..fac1ec99
-      ..7b225468
-      ..97bd2c32
-      ..1cb56cd4
-      ..7e1de872
-      ..7b225468
-      ..97bd2c32
+      ..9ad381ee
+      ..9dcfcaa1
+      ..d966e2bd
+      ..5fb12852
+      ..e7c35408
+      ..d966e2bd
+      ..863de66e
+      ..e7c35408
-      ..7e1de872
-      ..fac1ec99
-      ..7b225468
-      ..97bd2c32
-      ..1cb56cd4
-      ..7e1de872
-      ..7b225468
-      ..97bd2c32
+      ..9dcfcaa1
+      ..d966e2bd
+      ..b9bf5431
+      ..5fb12852
+      ..e7c35408
+      ..d966e2bd
+      ..863de66e
+      ..e7c35408
-      ..f7764e42
-      ..ba0bf9ea
+      ..a171f51b
+      ..8ec528e2
+      ..b08e713f
+      ..fe9cc33e
+..c73e9a1a
-      ..acd12627
-      ..c6a56f85
+      ..e947ddf0
-      ..916a093f
-      ..ba0bf9ea
+      ..b08e713f
+      ..fe9cc33e
+    it..a16705d1
+..c73e9a1a
+      ..22759dd8
+      ..64350e7e
+..c73e9a1a
+      ..a71b72d4
+..c73e9a1a
+      ..6faf17f2
+      ..f6703968
+..c73e9a1a
+      ..ac35fa97
+      ..afd5774e
+      ..187ba3c4
+      ..bf2a6ca1
+      ..3e7e72f4
+      ..aeb6652b
+..c73e9a1a
+      ..d853d0e9
+      ..187ba3c4
+..c73e9a1a
+      ..1c638d5b
+      ..8241a628
+      ..e36b8447
+      ..c1dbf0e8
+..c73e9a1a
+      ..9a86501b
+      ..56e20453
+      ..66d63958
+..c73e9a1a
+      ..b807fe1e
+    })..824b394e
+..c73e9a1a
-      ..ad915825
-      ..27846ba3
+      ..0c47ac67
-      ..ad915825
-      ..8db11974
+      ..7d732c48
-      ..ad915825
-      ..ad915825
-      ..ebf1109e
+      ..834110f5
+      ..175422de
+      ..3cd285bc
+      ..73b3efaa
+      ..b828ae82
+      ..56e20453
+      ..14094a8d
+      ..4782df02
+      ..56e20453
+      ..3248c012
+      ..d2769c80
+      ..56e20453
+      ..e4f9d216
+..c73e9a1a
+      ..187ba3c4
-      ..b150b526
-      ..fe337a38
-      ..e9be6ef3
+      ..fdd6898d
+      ..6cef81b0
+      ..02ad6657
+      ..88c2803f
-      ..b150b526
-      ..fe337a38
-      ..e9be6ef3
+      ..fdd6898d
+      ..6cef81b0
+      ..02ad6657
+      ..88c2803f
-      ..58444631
-      ..78392f3c
+      ..6d186489
+      ..1a0ad653
+      ..1ab5ffbb
-      ..fde01196
+      ..61b25165
-      ..e4723f37
+      ..84cb2fb0
+      ..7bd7f505
+      ..a29f0852
+      ..ddb2189a
+      ..991ef1f1
+      ..e8df93d6
+      ..6db5f0e2
+      ..9a79b575
+      ..5bb7c991
+      ..85f61fc7
+..c73e9a1a
+      ..7bd7f505
+      ..e8df93d6
+      ..e1b8ac53
+..c73e9a1a
+    //..4d633719
+    //..37d04141
+    //..4d633719
+..c73e9a1a
-    it..c206ad35
-      ..4a7d64f9
-    })..1d04c9ea
-..938a2321
-    it..ac9fe6fa
+    it..c15c844d
-    it..ba766f02
+    it..77640ac8
+..c73e9a1a
+     i..9a658b7f
+      ..85d52de4
+..c73e9a1a
+      ..a665c534
+      ..078a0572
+..c73e9a1a
+      ..42a2f0e5
+      ..ab144645
+      ..26efaff8
+      ..f6b4768f
+    })..824b394e
+..c73e9a1a
+..c73e9a1a
+    //..4d633719
+    //..fee4f2bc
+    //..4d633719
+..c73e9a1a
+    it..86526dbc
+      ..d7e128c3
+    })..824b394e
+..c73e9a1a
+    it..86526dbc
+      ..79bd6d88
+    })..824b394e
+..c73e9a1a
+    it..f57305b3
+      ..ab85e0ec
+      ..199f6b53
+    })..824b394e
+..c73e9a1a
+    it..6c953c21
+      ..88fc412d
+    })..824b394e
+..c73e9a1a
+    it..122ab7a2
+      ..cbe6987a
+    })..824b394e
+..c73e9a1a
+..c73e9a1a
+    //..4d633719
+    //..3c6f4863
+    //..4d633719
+..c73e9a1a
+/*    ..59078ff7
+      ..b37ed82c
+      ..ebfd564b
+      ..fdc534d4
+..c73e9a1a
+      ..e4a8b41b
+..c73e9a1a
+      ..b189704f
+..c73e9a1a
+      ..4a199f60
+..c73e9a1a
+      ..a37180a0
+      ..136733d0
+      ..910d21b8
+      ..20b26fc9
+      ..d1878644
+      ..a61aba85
+      ..c97eb626
+      ..90dfcd35
+      ..56f5697e
+      ..a5be6d9f
+      ..3392a04b
+      ..02b8ec77
+      ..e14a66ba
+..c73e9a1a
+      ..3452565e
+      ..bba27787
+      ..c02bb0b0
+      ..32743a95
+    })..56a699f2
-      ..f7764e42
-      ..ba0bf9ea
+      ..a171f51b
+      ..c9d463b9
+..c73e9a1a
-      ..6f33dae6
-      ..fcef6327
-      ..951eb51a
+      ..0bf90362
+      ..03ccc942
+      ..9ec12dfa
-    it..a61637a1
+    it..351e6c92
-      ..d2102638
+      ..2c11f542
+..c73e9a1a
+      ..c8123843
+      ..34c8621f
+..c73e9a1a
+..c73e9a1a
-      ..3bd26ea0
+      ..7705be95
+      ..6846ba2d
+..c73e9a1a
+      ..64e6bf68
-..938a2321
--- /de..d9ef10d2
+/* glo..ae8305ef
+/* esl..fdb5a195
+..c73e9a1a
+import..81f23720
+import..4f635813
+..c73e9a1a
+const ..a23ea718
+..c73e9a1a
+const ..fa9b41ed
+const ..f6941d78
+..c73e9a1a
+const ..99855d48
+..c73e9a1a
+const ..8ff5bddd
+..c73e9a1a
+let us..2f541050
+let us..9dda4e29
+let us..cba7509b
+let us..adf06806
+let st..9b4008da
+let en..ed40df93
+let cr..b73726cb
+let ma..bbffbec1
+let ma..8168e9eb
+..c73e9a1a
+const ..f8105573
+const ..c76dd85e
+const ..7b5654d8
+..c73e9a1a
+const ..68223875
+const ..2ae8b337
+const ..39e47b24
+const ..ea669479
+const ..2629787c
+const ..db7b681e
+const ..441d30b4
+const ..c6a030fb
+const ..9140706b
+const ..5053e4ad
+const ..3fd9c017
+const ..84bf672d
+..c73e9a1a
+const ..7098d730
+..c73e9a1a
+async ..e4751d64
+    re..d0935a5d
+      ..5a6da9d7
+      ..da253790
+      ..139ab1e1
+      ..79a22092
+      ..dacf0924
+      ..fe72fbcc
+      ..d857b4be
+      ..3b124b9f
+      ..42dc1521
+      ..abf5ac83
+      ..a0caab57
+      ..d400d6b4
+    })..824b394e
+}..e94d8137
+..c73e9a1a
+let tx..6a037514
+let ga..14547281
+let ga..2549b445
+let ga..b2f06eeb
+..c73e9a1a
+let to..2d0b7286
+..c73e9a1a
+functi..87cfbe42
+    ga..c9833221
+    ga..161d44ff
+}..e94d8137
+..c73e9a1a
+functi..7955653b
+    co..3a5da5b8
+    fo..9693a474
+      ..4ffb6162
+    }..9798a4ad
+    co..6d9002d3
+    co..3a5da5b8
+}..e94d8137
+..c73e9a1a
+contra..3977de9a
+    le..d9ee1a2f
+..c73e9a1a
+    be..c67e997c
+      ..3e2c958f
+..c73e9a1a
+      ..b9c537b5
+      ..9350c2ea
+      ..234d3762
+      ..65e8e1f7
+      ..5e587013
+      ..197b6ccd
+..c73e9a1a
+      ..6f16d475
+      ..5cefb7fd
+      ..ba721e70
+..c73e9a1a
+      ..a6fd6a6f
+      ..1703d6dd
+    })..824b394e
+..c73e9a1a
+..c73e9a1a
+    af..8e0b332c
+      ..a043231b
+    })..824b394e
+..c73e9a1a
+    it..e7f3accf
+      ..97e348fd
+      ..5d64335b
+      ..49c08790
+      ..fdc534d4
+..c73e9a1a
+      ..379b229f
+..c73e9a1a
+      ..a37180a0
+      ..7e3390fe
+      ..b20005f2
+      ..63f2e14b
+      ..dfd8d54c
+      ..f5caa07e
+      ..21e4f943
+      ..9ff5d9e1
+      ..b5c72160
+      ..a5be6d9f
+      ..3392a04b
+      ..02b8ec77
+    })..824b394e
+..c73e9a1a
+    it..6ffb1e7d
+      ..97e348fd
+      ..5d64335b
+      ..2294ab7a
+      ..fdc534d4
+..c73e9a1a
+      ..e50d61e6
+      ..dc7edaea
+..c73e9a1a
+      ..379b229f
+..c73e9a1a
+      ..a37180a0
+      ..7e3390fe
+      ..b20005f2
+      ..63f2e14b
+      ..dfd8d54c
+      ..f5caa07e
+      ..21e4f943
+      ..9ff5d9e1
+      ..b5c72160
+      ..a5be6d9f
+      ..3392a04b
+      ..02b8ec77
+    })..824b394e
+});..01ada878
-    ,{..cf0f0368
-    ,{..40ce5619
-    ,{..fda27539
+    ,{..9b04a78c
+    ,{..5c7090c4
+    ,{..e158caf6
-    it..5cf0b4c8
+    it..e259a54c
-      ..4a81d9b3
-      ..ba0bf9ea
+      ..a48018f4
+      ..526e8a28
+const ..b0542c4f
+const ..d7490c61
+const ..78d10135
+const ..87a8fd0b
+const ..98da614f
+..c73e9a1a
+      ..1baf2f7e
+      ..8d8139e6
+      ..58cc280e
+      ..395dea12
+      ..20f141ec
+..c73e9a1a
-      ..2cf87661
-..938a2321
-      ..5dd48146
-      ..280c5624
-..938a2321
-      ..28d5bc18
+      ..42ec48c4
-      ..3e6da417
-      ..3c71658d
+      ..054de8fd
+      ..86378490
+      ..35e7852c
+      ..66d63958
--- /de..d9ef10d2
+'use s..9fb64540
+..c73e9a1a
+const ..dd90b28d
+const ..ade7f738
+const ..dcd75e67
+..c73e9a1a
+..c73e9a1a
+if (fs..374b50c3
+    fs..3d405892
+..c73e9a1a
+let ne..54f69beb
+..c73e9a1a
+let mi..3d0072f2
+migrat..be65fdb3
+    if..d2fd8c14
+      ..60164eed
+..c73e9a1a
+      ..9550e1ef
+..c73e9a1a
+      ..686b08d4
+      ..1eaac448
+      ..40afbee4
+      ..c00e39cb
+      ..d161ceff
+..c73e9a1a
+      ..8616c847
+      ..187ba3c4
+..c73e9a1a
+      ..16fcaeeb
+..c73e9a1a
+      ..652a1ba8
+      ..14811de8
+      ..1c2dde41
+      ..d400d6b4
+      ..66d63958
+    }..9798a4ad
+..c73e9a1a
+    if..601a5a05
+      ..7999e453
+});..01ada878