+    //..8917634b
+    //..f76ded71
+    //..8917634b
+..c73e9a1a
+    /*..d33a3919
+    * ..561f7447
+    */..c2d91c10
+    fu..170347f3
+      ..cc392ba2
+      ..4da52809
+      ..66d63958
+      ..6876e0a0
+      ..402752ad
+      ..519acf1b
+    }..9798a4ad
+..c73e9a1a
+    /*..d33a3919
+    * ..85a083d4
+    */..c2d91c10
+    fu..01e52f7d
+      ..b4625c84
+      ..6098300a
+      ..aac47a9e
+      ..6c45df95
+    }..9798a4ad
+..c73e9a1a
+    /*..d33a3919
+    * ..1ac4eb6c
+    */..c2d91c10
+    fu..30ce74aa
+      ..64c03eaf
+      ..55652edc
+    }..9798a4ad
+..c73e9a1a
+    /*..d33a3919
+    * ..f8f90001
+    */..c2d91c10
+    fu..6011bd6f
+      ..d65c22e4
+      ..7798dd09
+      ..519acf1b
+    }..9798a4ad
+    us..ff6e87a2
-      ..94bab24e
-      ..901b501a
+      ..3973674d
+      ..ac8e13f5
-      ..f9963b0a
+      ..f7d21fd9
-      ..f1d0bbf4
+      ..9d381470
-async ..76443f8e
-    aw..1bd23585
-..938a2321
-    le..171dfb85
-    le..34eee125
-    wh..a07d3d90
-      ..3b760143
-..938a2321
-      ..8fc89f92
-..938a2321
-      ..f3eac703
-      ..e02de34e
-      ..f3eba7b8
-      ..0219557c
-      ..3bfc8408
-      ..ff288b1a
-      ..e835b504
-      ..bee7795e
-      ..da74b14c
-      ..0c92795a
-      ..f8d916aa
-      ..fcdcd982
-      ..b9fc1082
-..938a2321
-      ..ab07b498
-      ..8d953883
-      ..f3eba7b8
-      ..0219557c
-      ..3bfc8408
-      ..f2af2cf1
-      ..e835b504
-      ..bee7795e
-      ..da74b14c
-      ..0c92795a
-      ..f8d916aa
-      ..6505742c
-..938a2321
-      ..35cf0350
-      ..e2c52ffe
-      ..0abb4205
-      ..fbaeb4d0
-      ..e49a8958
-      ..23253343
-..938a2321
-      ..56cb630c
-      ..a5e6d4be
-      ..d437892e
-      ..d6bb981d
-      ..e8cd5dfe
-      ..57957000
-      ..fec1071a
-    }..4bfe2d18
-    aw..9e6899fc
-}..d6ff9a1c
-..938a2321
-      ..dae3cc86
+      ..49c08790
-      ..5e0eb216
+      ..2294ab7a
+      ..e50d61e6
+      ..dc7edaea
+..c73e9a1a