-      ..8d05d18d
-      ..6e624073
+..c73e9a1a
+      ..3668dd91
+      ..011930c9
-      ..7783a8b0
-      ..849f043c
+      ..3668dd91
+      ..08309208
-      ..f7764e42
-      ..ba0bf9ea
+      ..a171f51b
+      ..20799279
+      ..b08e713f
+      ..fe9cc33e
+..c73e9a1a
-      ..916a093f
-      ..ba0bf9ea
+      ..b08e713f
+      ..fe9cc33e
-      ..f7764e42
-      ..ba0bf9ea
+      ..a171f51b
+      ..c9d463b9
+..c73e9a1a
-    it..a61637a1
+    it..351e6c92
+..c73e9a1a
+      ..c8123843
+      ..34c8621f
+..c73e9a1a
+..c73e9a1a
-      ..3bd26ea0
+      ..7705be95
+      ..6846ba2d
+..c73e9a1a
+      ..64e6bf68
-    it..5cf0b4c8
+    it..e259a54c
-      ..4a81d9b3
-      ..ba0bf9ea
+      ..a48018f4
+      ..526e8a28