+..c73e9a1a
+    /*..d33a3919
+      ..16ec49c1
+..c73e9a1a
+      ..8351959a
+    */..c2d91c10
+    fu..1de6ff3b
+      ..a425073d
+    ) ..c6273afd
+..c73e9a1a
+      ..f08c7d2a
+    }..9798a4ad
+..c73e9a1a
-    en..9c5c95c0
-      ..0a77815e
-      ..2c2efcd4
-      ..bf87ea72
+    en..e04b37ce
+      ..c631b3cb
+      ..18dd3941
+      ..6a215e05
+      ..e932185c
+      ..825f2777
+      ..1f5d7280
+      ..b0705ab7
+      ..020e57fd
+      ..a94ca93a
+      ..cc0f1ea8
+//    ..96dfa0fd
+//    ..7addca46
-import..aee279f9
+import..bcf6f3af
+    ui..3695b49d
+..c73e9a1a
+    ui..51cee79c
+    ui..61e4f1f0
+    ui..f28b921b
+    ui..44aa5d62
+    ui..e72f3cde
+    ui..13decf6a
+    ui..601e934d
+    ui..1ade7b7d
+    ui..59cb4447
+    ui..03934c15
+..c73e9a1a
+..c73e9a1a
+..c73e9a1a
+    //..f257cb85
+    fu..dbd2444e
+      ..b46c69ee
+    pr..8bb6d542
+    vi..04c0e879
+    re..dbe7dcc2
+..c73e9a1a
+      ..a4eb7af5
+..c73e9a1a
+      ..58072946
+..c73e9a1a
+      ..641758bc
+..c73e9a1a
+      ..380ccc6a
+      ..06062a24
+      ..0039f9f2
+      ..d25a807f
+      ..c66dc510
+      ..da6a1f17
+..c73e9a1a
+      ..bba62d6f
+      ..38ce4054
+      ..ecb2beb1
+..c73e9a1a
+      ..4150caf3
+..c73e9a1a
+      ..1a36f0e4
+..c73e9a1a
+      ..98a9a16c
+..c73e9a1a
+      ..9957e617
+      ..186e8232
+..c73e9a1a
+      ..e56dc95e
+..c73e9a1a
+      ..dbfa2434
+      ..e8f62a69
+      ..cd3699f1
+      ..187ba3c4
+      ..66d63958
+    }..9798a4ad
+..c73e9a1a
+    fu..7c1721c4
+      ..cb95c87e
+    pr..8bb6d542
+    vi..04c0e879
+    re..72e444dd
+    {..b514aa91
+      ..10cb173d
+      ..9eb4717e
+..c73e9a1a
+      ..cc39fc8d
+..c73e9a1a
+      ..144e1620
+      ..c1d50bf9
+      ..128c1427
+      ..d062423c
+..c73e9a1a
+      ..c83a7d59
+      ..c22dd77b
+      ..2ac6ed05
+      ..000b1b32
+      ..037e58a0
+      ..8f902baf
+..c73e9a1a
+      ..4163badf
+      ..b54a7d2d
+      ..cfc86ecb
+..c73e9a1a
+      ..fb540e95
+      ..d961b8f0
+      ..24337879
+      ..51c802e6
+      ..85b29394
+      ..abf5ac83
+..c73e9a1a
+      ..16cd59a9
+..c73e9a1a
+      ..15326d11
+..c73e9a1a
+      ..e21a3e9c
+      ..0be0d9df
+      ..247a48d6
+      ..3109640c
+      ..f65c0b25
+      ..92ab1c02
+      ..5dd31a31
+      ..01849b80
+      ..57e06526
+      ..74d90466
+..c73e9a1a
+      ..68e4f10f
+      ..5924b071
+      ..2800f34c
+      ..6c612975
+      ..3034dbff
+      ..74d90466
+      ..e6637b6d
+      ..abf5ac83
+..c73e9a1a
+      ..700a7f06
+      ..f2267df7
+      ..1ff5da2e
+      ..45b743a0
+      ..02dd0d8e
+      ..abf5ac83
+..c73e9a1a
+      ..943fbef8
+      ..b7559c35
+      ..a4470fa8
+      ..b66d7edb
+      ..abf5ac83
+..c73e9a1a
+      ..aeb6652b
+..c73e9a1a
+      ..5cd082ca
+      ..187ba3c4
+      ..66d63958
+..c73e9a1a
+      ..35bd894c
+      ..77afabde
+      ..45dabc98
+      ..38e8842a
+..c73e9a1a
+      ..91202743
+      ..ab6c9726
+      ..7ebe39e9
+      ..f1b888a8
+      ..08a4a03e
+      ..aeb6652b
+      ..36ce0815
+      ..08a4a03e
+      ..187ba3c4
+      ..66d63958
+..c73e9a1a
+      ..860c28a5
+    }..9798a4ad
+..c73e9a1a
+    fu..f85ca05f
+      ..cb95c87e
+    pr..8bb6d542
+    vi..04c0e879
+    re..72e444dd
+    {..b514aa91
+      ..9eb4717e
+..c73e9a1a
+      ..b6f94366
+..c73e9a1a
+      ..144e1620
+      ..c1d50bf9
+      ..638bb54d
+      ..25dc270a
+..c73e9a1a
+      ..c83a7d59
+      ..c22dd77b
+      ..2ac6ed05
+      ..000b1b32
+      ..8f902baf
+..c73e9a1a
+      ..4163badf
+      ..6e75bc01
+      ..56a8557f
+..c73e9a1a
+      ..fb540e95
+      ..d961b8f0
+      ..24337879
+      ..dcbf343a
+      ..85b29394
+      ..abf5ac83
+..c73e9a1a
+      ..8cb42f14
+      ..f2267df7
+      ..1ff5da2e
+      ..45b743a0
+      ..02dd0d8e
+      ..abf5ac83
+..c73e9a1a
+      ..943fbef8
+      ..6a5839b9
+      ..a4470fa8
+      ..b66d7edb
+      ..abf5ac83
+..c73e9a1a
+      ..16cd59a9
+..c73e9a1a
+      ..c9106688
+..c73e9a1a
+      ..e21a3e9c
+      ..46c4c801
+      ..247a48d6
+      ..3109640c
+      ..300a8ffb
+      ..92ab1c02
+      ..2e4afe1e
+      ..01849b80
+      ..57e06526
+      ..74d90466
+..c73e9a1a
+      ..5924b071
+      ..eb4ab768
+      ..98448ed9
+      ..3034dbff
+      ..74d90466
+      ..e6637b6d
+      ..abf5ac83
+..c73e9a1a
+      ..aeb6652b
+..c73e9a1a
+      ..5cd082ca
+      ..187ba3c4
+      ..66d63958
+..c73e9a1a
+..c73e9a1a
+      ..6b025822
+      ..e7b96621
+      ..a1017bec
+..c73e9a1a
+      ..74d105c8
+      ..e7b96621
+      ..a1017bec
+..c73e9a1a
+      ..4ee59dc0
+      ..6b025822
+      ..e7b96621
+      ..10b55069
+..c73e9a1a
+      ..74d105c8
+      ..e7b96621
+      ..10b55069
+..c73e9a1a
+      ..ab6c9726
+      ..7ebe39e9
+      ..47c2135f
+      ..42713020
+      ..aeb6652b
+      ..5cab97dc
+      ..42713020
+      ..187ba3c4
+      ..66d63958
+..c73e9a1a
+      ..860c28a5
+    }..9798a4ad
+..c73e9a1a
+    fu..1de6ff3b
+      ..cb95c87e
+    ex..97e457eb
+    vi..04c0e879
+    re..1eb504f2
+..c73e9a1a
+      ..8912c000
+      ..f5436991
+..c73e9a1a
+      ..e877ebe8
+      ..0980229a
+..c73e9a1a
+      ..8e368965
+      ..c944e8d0
+      ..ecaaa8c7
+      ..69277f0d
+      ..66d63958
+..c73e9a1a
+      ..39623efb
+      ..b831f216
+      ..d57d5b98
+..c73e9a1a
+      ..4b9c6515
+      ..b831f216
+      ..d57d5b98
+..c73e9a1a
+      ..4eb3c959
+    }..9798a4ad
+..c73e9a1a
+let st..9b4008da
+let co..f36b93ec
+..c73e9a1a
+let TR..0bf89408
+let TR..aea2cc9b
+let TR..9dc8a971
+let TR..999aaf11
+let TR..dad4a1af
+let TR..8a1df5d0
+let TR..96b8fbaa
+let TR..97facbd5
+let TR..08810493
+..c73e9a1a
+      ..6f16d475
+      ..9c3cce5c
+      ..9c863f55
+      ..1618474b
+      ..5e8569d4
+      ..bd1ef7cb
+..c73e9a1a
+      ..2b754a0e
+      ..9c3cce5c
+      ..eec9a969
+..c73e9a1a
+      ..5e8569d4
+      ..c243605b
+..c73e9a1a
+      ..5e8569d4
+      ..c243605b
+..c73e9a1a
+..c73e9a1a
+      ..5e8569d4
+      ..2c5f2f27
+      ..9c863f55
+..c73e9a1a
+      ..5e8569d4
+      ..9ee17fcd
+..c73e9a1a
-..938a2321