-      ..44aff26f
+      ..aac0ac2f
-      ..040985e5
+      ..d5c35ff8
-      ..0d5c60a1
+      ..8fd3e5ec
-      ..05f4c24a
+      ..a7ea0dd7
-      ..c864c3ff
+      ..8f229906
-      ..db08179b
+      ..c924c767
-      ..c9042419
+      ..2bb335d6
+      ..eb3c9617
-      ..4cc4ab5d
+      ..27c343ac
+      ..2bb335d6
+      ..eb3c9617
-      ..4cc4ab5d
+      ..27c343ac
+      ..2bb335d6
-      ..27204ee5
+      ..6e58f034
-      ..065b6256
+      ..5bb4093f
-      ..23916a1e
+      ..0671d4de
-      ..2fe0bd52
+      ..bfa82eb3
-      ..bc23d80c
+      ..6c9ca93a
-      ..e9b4664a
+      ..d7775b77
-      ..5550488d
+      ..0a8dd680
-      ..506986c8
+      ..02b93d1c
-      ..dbd91e42
+      ..00b51200
-      ..bd9f231f
+      ..ce909464
-      ..bd9f231f
+      ..ce909464
-      ..bd9f231f
+      ..ce909464
-      ..bd9f231f
+      ..ce909464
-      ..058361aa
+      ..61e2c0c9
-      ..058361aa
+      ..61e2c0c9
-      ..058361aa
+      ..61e2c0c9
-      ..058361aa
+      ..61e2c0c9
-      ..8248f11d
+      ..fc3a0e3d
-      ..8248f11d
+      ..fc3a0e3d
-      ..fa698a95
+      ..a1915f38
-      ..91cf844c
-      ..792492a4
-      ..4ad78617
+      ..86848b3f
+      ..62aa4ab2
+      ..15997cb5
-      ..680fee78
+      ..ad7c48d3
-      ..a9e61d16
+      ..a06dc47b
-..0ac4c450
-      ..1bb9abc9
-      ..c454a28e
+      ..213e92c1
+      ..cbc67d43
-      ..dffe3973
+      ..4c98fbf8
-      ..1a3c3ab5
+      ..b545f1eb
-      ..31032150
+      ..32e15811
-      ..065d7c9b
+      ..db418e01
-      ..729b3758
+      ..64724b16
-      ..5dd03ba6
+      ..948315ef
-      ..9bb7035a
+      ..2ab7d455
-      ..3f364ed7
+      ..7ea9ad90
-      ..6b1a0fd7
+      ..28555214
-      ..3f364ed7
+      ..7ea9ad90
-      ..6b1a0fd7
+      ..28555214
-      ..45ffb20b
+      ..e15ce39c
-      ..84ee26eb
+      ..b6f5c011
-      ..84ee26eb
+      ..b6f5c011
-      ..04280130
+      ..cc124fb5
-    fu..64880eb3
+    fu..7634d048
-      ..e29ffe4a
+      ..e8b7249d
-      ..afec15fb
+      ..fd82adc7
-      ..902b672a
+      ..31b53146
-      ..6505445d
+      ..b85f357e
-      ..902b672a
+      ..31b53146
-      ..06f3509d
+      ..e9dc47c1
-      ..d51b0fcd
+      ..f87dc5b6
-      ..85a87164
+      ..2c1be696
-      ..5bc24c9b
+      ..85790d85
-      ..aa8de3e1
+      ..e5628abd
-      ..9e9ab710
+      ..ea050cee
-      ..00f23634
+      ..87536260
-      ..1939b15a
+      ..715069da
-      ..12eab94a
+      ..44b27268
-      ..c88811b6
+      ..035dd75a
-      ..fa262428
+      ..2ac903be
-      ..b7265634
+      ..15939907
-      ..7be8c0bf
+      ..8667aa72
-      ..ce871194
+      ..f55c3350
-      ..50500ab9
+      ..bea0eb88
-      ..249bad67
+      ..587dffd0
-      ..6bfc6610
+      ..9e4c805b