-      ..dcc40a8c
+      ..fb6f091b
+    }..7c0396c5
+..fab708b6
+    //..5ec79c29
+    fu..45440412
+      ..efb4fc59
+import..05074bc6
-      ..785ba9d6
-      ..8ddb8668
-      ..7adfe702
-      ..d84e5fa3
-      ..7adfe702
+      ..c9764fa4
+      ..3a29c3f7
-      ..9fc88195
-      ..f6197eed
-      ..07ad0a65
-      ..f6197eed
+      ..a59a303e
+      ..0de9d3cb
-      ..4a5704e4
-..cca03d93
-/*..78f426e4
+..fab708b6
+      ..db12e7d6
+      ..f426e411
+..fab708b6
+      ..e3233f62
+      ..12cc2424
+      ..b9855d6d
+..fab708b6
-      ..c5d1f004
-      ..88564b37
-      ..9adef7a9
-      ..7d82e00e
+      ..8beb9eb3
+      ..01cd7d8e
+      ..db12e7d6
+      ..c9764fa4
+..fab708b6
+      ..e3233f62
+      ..04ac0241
+..fab708b6
-      ..8d97b617
-      ..e2b6db93
-      ..b3b5363e
-      ..e06a4fe3
+      ..d521cf08
+      ..8a3151a0
+..fab708b6
+      ..db12e7d6
+..fab708b6
+      ..a514c4f3
+..fab708b6
+      ..e3233f62
+      ..04ac0241
+      ..6cc40a9e
+..fab708b6
-      ..25e97638
-      ..e2b6db93
-      ..d6c946f8
-      ..2b9d099c
+      ..d521cf08
+      ..76171379
-      ..25e97638
-      ..e2b6db93
-      ..d6c946f8
-      ..2b9d099c
+      ..d521cf08
+      ..cacce833
+..fab708b6
+      ..db12e7d6
+      ..e3233f62
+..fab708b6
+      ..e0317ce9
+      ..0f8b39a3
+..fab708b6
+      ..e1064e9c
+      ..6cc40a9e
+      ..97868315
+..fab708b6
-      ..effe58e2
-      ..e8b53ed0
-      ..c4b2fac0
-      ..20a55499
+      ..7e6bf9a7
+      ..a07fe239
+..fab708b6
+      ..db12e7d6
+      ..e3233f62
+..fab708b6
+      ..e0317ce9
+      ..0f8b39a3
+..fab708b6
+      ..e1064e9c
+      ..6cc40a9e
+      ..97868315
+..fab708b6
-      ..45b66f47
-      ..e8b53ed0
-      ..c4b2fac0
-      ..20a55499
+      ..7e6bf9a7
+      ..a07fe239
+..fab708b6
+      ..db12e7d6
+      ..e3233f62
+..fab708b6
+      ..e0317ce9
+      ..0f8b39a3
+..fab708b6
+      ..e1064e9c
+      ..6cc40a9e
+      ..97868315
+..fab708b6
-      ..45b66f47
-      ..e8b53ed0
-      ..c4b2fac0
-      ..20a55499
+      ..7e6bf9a7
+      ..a07fe239
+      ..db12e7d6
+      ..e3233f62
+..fab708b6
+      ..b98cd463
+..fab708b6
+      ..7d2ea370
+..fab708b6
-      ..0db0946a
-      ..15fa805e
-      ..14c9f1b6
-      ..88bbdd77
+      ..d521cf08
+      ..628e1f60
+..fab708b6
+      ..db12e7d6
+      ..e3233f62
+..fab708b6
+      ..c6cd5e6d
+      ..d90e8714
+..fab708b6
-      ..dfea009b
-      ..296ac303
-      ..7f14ce15
-      ..5bbb909c
+      ..d521cf08
+      ..48e582da
+..fab708b6
+      ..458170ef
+      ..db12e7d6
+      ..e3233f62
+..fab708b6
+      ..c9764fa4
+..fab708b6
+      ..04ac0241
+..fab708b6
-      ..8d97b617
-      ..e2b6db93
-      ..b3b5363e
-      ..e06a4fe3
+      ..d521cf08
+      ..8a3151a0
-*/..a922dcde