-/*..78f426e4
+..fab708b6
-*/..a922dcde
+..fab708b6
-      ..25d496ee
+      ..d19e1dbe
+      ..32a934b9
+      ..a83f3050
+    ui..56200f5d
+    ui..3e5a9c88
+    ui..68d50015
+..fab708b6
+    ui..52ec2c6b
+..fab708b6
-      ..bd2b9a2e
-      ..81fbc344
-      ..9162d4c0
-      ..2f6fda9c
-..cca03d93
-      ..e1e9ffd7
+      ..3170c21c
-      ..65789f30
+      ..1a0897a4
-      ..b580d41d
-      ..c4ebb850
+      ..bfee5ef9
+      ..29262544
-      ..67626cb3
+      ..67c34e80
+      ..49d8f795
+      ..16541011
+      ..9eac805c
+      ..18f623e2
+      ..bc34f7e1
+      ..be7b43a7
+      ..20b19342
-      ..efe78653
-      ..4c67aff8
-      ..2b1c4c26
-..cca03d93
-      ..cc58c967
-      ..9971f020
+      ..b3b66f50
+      ..6e3329a1
-      ..1266102a
-      ..a016764f
+      ..a532155e
+      ..f9c9bbbf
-      ..f8b1ca59
-      ..98977295
+      ..355f4db5
+      ..7afbcb2a
+      ..52eec74d
-      ..2408338c
-      ..b1c6ac15
-      ..c1b42d9f
+      ..02a4a096
-      ..6d47c37d
+      ..4cd2fc08
-      ..a27c0ee8
+      ..3e73b3a3
-      ..0bb357f6
+      ..480f62c3
+      ..f5594674
+..fab708b6
-      ..6838a29c
+      ..b3f00a06
-      ..0e6576e0
+      ..6ca2cbbd
+..fab708b6
+      ..6975d487
+      ..9fb54a2f
+      ..63914a01
+      ..e02ee936
+..fab708b6
+      ..3dc0babe
+      ..d309258e
+..fab708b6
+      ..087d6add
+      ..896278e1
+..fab708b6
+      ..6638a5fb
+..fab708b6
-      ..116a7ef3
-      ..7e13a481
-      ..6041bf67
-      ..92b92220