-    fu..6b9cda40
+    fu..d44dd195
-      ..f3456bb8
+      ..fd4bee14
-      ..2c08c0e2
+      ..3ee0017b
-      ..351be287
+      ..60a8dc8f
-    fu..a5b1a294
+    fu..ef481282
-      ..a863e25c
+      ..9e777114
-      ..49f02fb8
+      ..665f9b99
+      ..d1e00ef7
+..fab708b6
+      ..53fb0676
-      ..a08d367d
+      ..43a8d21c
-      ..d3c6d797
+      ..8cc6f06f
-    fu..914b17a8
+    fu..136670ad
-      ..2c08c0e2
+      ..3ee0017b
-      ..1ff1066a
+      ..7ca07f9b
+      ..1709bd14
-      ..388e433b
+      ..965f271a
-      ..ffd95812
-      ..0cf62b47
+      ..ff7fb67c
+      ..a5f11e29
-      ..b9bbbdd9
+      ..40d40099
-      ..a5ac288d
+      ..24a853d7
-      ..21dc3b40
+      ..da4a3cd6
-    aw..171a299a
+    aw..ebb19355
-      ..db282948
+      ..bda0beda
-      ..0e508f3d
+      ..55ab7ce4
-      ..22e447e5
+      ..898e2e51
-      ..a4ce1dd9
+      ..53930b1e
-      ..5f1d1437
+      ..6fc08496
-      ..b96cf8e0
+      ..051f3994
-      ..0656d7bd
-      ..db282948
+      ..6ea400ea
+      ..bda0beda
-      ..7cb7c86d
-      ..0e508f3d
+      ..7f1307f8
+      ..55ab7ce4
-      ..0656d7bd
-      ..22e447e5
+      ..6ea400ea
+      ..898e2e51
-      ..7cb7c86d
-      ..a4ce1dd9
+      ..7f1307f8
+      ..53930b1e
-      ..9a49f9f8
+      ..bd570f26
-      ..e4e85bb8
+      ..71f30d4b
-      ..9a49f9f8
+      ..bd570f26
-      ..e4e85bb8
+      ..71f30d4b
-      ..db282948
+      ..bda0beda
-      ..0e508f3d
+      ..680e90bf
-      ..840abc13
+      ..47d2b4cc
-      ..0656d7bd
-      ..db282948
+      ..6ea400ea
+      ..bda0beda
-      ..7cb7c86d
-      ..0e508f3d
+      ..1a06c317
+      ..680e90bf
-      ..0656d7bd
-      ..840abc13
+      ..6ea400ea
+      ..47d2b4cc
-      ..7cb7c86d
+      ..1a06c317