-    fu..643c3b66
+    fu..862c2ec4
-    fu..f60cdbc4
+    fu..b571220e
-      ..ab5884eb
+      ..c243a7e7
-      ..77a52bc2
+      ..3d88891d
-import..080a3d50
-    er..24f97880
-    as..9163429d
-    as..6acbfc93
-    as..134a4c8a
-} from..2a4d5843
-..5b914e1e
+let ad..95e649f1
+let ad..36f751a6
+let ad..e95ef97a
-let ma..f53b34f2
-let ma..89fc8aca
-let ma..d6d86103
-..5b914e1e
-..5b914e1e
-      ..072847a7
-      ..0d58af14
-      ..81dbe7c3
-..5b914e1e
-      ..df4473a0
-      ..d3d568b6
-      ..735bf98a
-..5b914e1e
-      ..ad4a5d91
-      ..dd66b00f
-      ..ca9e1088
-..5b914e1e
-      ..25425de8
-      ..42a44916
-      ..1a1b20cd
-..5b914e1e
-      ..be6278d5
-      ..985ac133
+      ..27198a9b
+      ..ded838c2
+      ..3bd73ae1
-    it..1da64868
-      ..818829c2
-      ..334ce1d6
-..5b914e1e
-      ..d581996c
-      ..f8215d7b
-..5b914e1e
-      ..d66a2c11
-      ..ceed4031
-      ..9946fc81
-      ..3188933c
-      ..c83ca4cc
-      ..0f18672f
-..5b914e1e
-      ..b3f74873
-..5b914e1e
-      ..9a60da6b
-      ..8c2d04c4
-      ..a5f8e517
-      ..facf08cb
-      ..a5238fa0
-      ..64153807
-..5b914e1e
-      ..cdbd5101
-..5b914e1e
-      ..bca5f9ce
-      ..64334821
+    it..357ff724
+      ..232385c1
+      ..a72aea7d
-      ..47279cad
-      ..801aa022
+      ..fc090fae
+      ..2f7c89fe
-      ..9946fc81
-      ..50f79797
-      ..c83ca4cc
+      ..9c9590e2
+      ..d4992b15
-      ..0f695b1f
-      ..9935ec5c
+      ..f7181051
+      ..3da7f248
-      ..0acd77f3
-      ..7a1779b7
-      ..28c3c9ca
+      ..e19d9c7b
+      ..28d3c0db
-      ..4ca8a00c
-      ..e05ef7ae
-..5b914e1e
-      ..11f3cc54
-    })..34a8e452
-..5b914e1e
-    it..a7135d57
-      ..56778531
-      ..c1b18267
-      ..6f84c751
-      ..992be109
-      ..1dc15588
-      ..838f28da
+      ..889bb047
+      ..4e8b9727
-    it..31e0fb35
-      ..6dabad38
-      ..d726ecf5
+    it..0e2d7380
+      ..232385c1
+      ..8990b9d1
-      ..87c6b292
-      ..9946fc81
-      ..e9eb46d0
-      ..c60521d2
-      ..cf4e1bb0
-..5b914e1e
-      ..5b10a35f
-..5b914e1e
-      ..31699d04
-      ..01eb154d
-      ..4ecdc019
-      ..a998fa4f
+      ..182ef29f
+      ..f54be5a5
+    })..c2661ca9
-      ..4c31b562
+    it..9b38201c
+      ..232385c1
+      ..0af04593
-      ..e4bcc5ab
-      ..f63d805f
-      ..9946fc81
-      ..d0aa42a4
-      ..c60521d2
-      ..11f3cc54
+      ..6d75fd80
-      ..d3c15801
-      ..f837b21d
+      ..a3e45d6a
+      ..f54be5a5
+      ..33fc2cb1
-      ..4ea5f8b7
-      ..01eb154d
+      ..3573c340
+      ..4f199ba7
+    })..c2661ca9
-      ..08bde7e6
-      ..6dd90262
-      ..11f3cc54
+    it..40835d29
+      ..232385c1
+      ..abf2772e
+      ..5ce3b0c6
+      ..8f1602f8
+      ..95ae1723
+      ..4306d4e6
-      ..47121323
-      ..ea64c428
-      ..11f3cc54
+      ..3694182c
+      ..dc1aa9b2
-    it..2c81e5ad
-      ..523bbe6b
-..5b914e1e
-      ..882d0419
-      ..df8f4e27
+    it..3fadf304
+      ..586013c1
+      ..095ddba1
+      ..9775f854
+      ..9a4bfa13
+      ..60f8db5e
+      ..86837777
+      ..56ae8b16
+    })..c2661ca9
-      ..866e7c80
-      ..240fc0fe
-      ..41ba51fb
+    it..e04f1016
+      ..4370b04f
+      ..7a5b781d
+      ..df68b89a
-      ..2f27bc15
-      ..45021f18
+      ..4e8b9727
+      ..a4e64afa
-    it..619a4c39
-..5b914e1e
-      ..8df0eaba
-      ..5b502247
-      ..7ac063a3
-      ..372741b5
-      ..5576175b
+    it..f0e296fa
+      ..7ef09685
+    })..c2661ca9
-      ..29db8804
-      ..e6d048fa
+    it..c4dc1b7f
+      ..ded838c2
-      ..4c7dc249
+      ..ee593167
+      ..28645285
+      ..5ea19af6
+      ..349d96dc
-      ..f92229d6
-      ..044268f8
+      ..33c471a5
-      ..b1c4a2e2
-      ..33e8fc9e
+      ..532260d5
+      ..59b21fa7
+      ..3b7b3ce4
-      ..2b945921
-      ..97efa1ea
-      ..7f18c607
+      ..12a165c3
-      ..cee4b0ec
+      ..04d23e76
+      ..08f251f2
+      ..6d2608d6
-      ..253d0e13
-      ..45496e94
+      ..ded838c2
+    it..334e8a0e
+      ..e36bba86
+      ..f4bc84f8
+      ..33c471a5
+      ..522200d3
+      ..6970dcdf
+      ..9098cefd
+      ..b49c324c
+    })..c2661ca9