+      ..9e77bd64
+      ..9e77bd64
+    it..29626d40
+      ..125cd956
+      ..94695991
+      ..2e690469
+..3f315240
+      ..14cc4779
+      ..691dcd25
+      ..6b89fc2c
+      ..1184ced0
+      ..ff47025a
+      ..dd17b942
+      ..dce0f608
+      ..ce01fe4b
+      ..88a86e7d
+      ..b771fa63
+      ..7186a8a1
+      ..732814e8
+      ..98aa2eae
+      ..c8731972
+..3f315240
+      ..d6f579a3
+      ..1f6fb761
+    })..c2661ca9
+..3f315240
+    it..9209cc70
+      ..125cd956
+      ..94695991
+      ..2e690469
+..3f315240
+      ..14cc4779
+      ..691dcd25
+      ..6ab5fd32
+      ..1184ced0
+      ..ff47025a
+      ..dd17b942
+      ..dce0f608
+      ..ce01fe4b
+      ..88a86e7d
+      ..b771fa63
+      ..ff49b7a1
+      ..732814e8
+      ..98aa2eae
+      ..c8731972
+..3f315240
+      ..101b3bb7
+    })..c2661ca9
+..3f315240
+    co..2ccde04c
+    co..bd9df3a3
+    aw..f3f906d6
+    aw..8f264392
+    aw..e6f64f14
+    aw..aa175635
-    co..bf4801a1
+    co..4a67fc1f
+async ..8e7b85a5
+    if..1356c02a
+      ..402b6f8a
+..3f315240
+    co..bf4af29f
+    fo..07a53f6e
+      ..657ea81c
+..3f315240
+    aw..23c72b46
+    co..2ccde04c
+}..7194a0aa
+..3f315240
+//////..f18ab968
+async ..41adfc6b
+    co..bf4af29f
+    fo..07a53f6e
+      ..fc935502
+..3f315240
+    aw..9c654ca3
+    co..2ccde04c
+}..7194a0aa
+..3f315240
+//////..f18ab968