+      ..6e1ebee5
-      ..28025f90
-      ..678c4ade
-      ..ec01b02e
+      ..32872e92
+      ..44712425
-    ui..7a3e297e
-    ui..f1aa2ddf
+    ui..b05f7984
+    ui..db5d7a3a
+..de2a1c3a
-      ..c965fd65
+      ..c69e55bb
+//////..6575a74a
+..de2a1c3a
+    /*..0e7e1025
+      ..7c85d108
+    */..32a83984
+    fu..2b19bdce
+..de2a1c3a
+      ..d7035f49
+    }..8ed505ae
+..de2a1c3a
+    /*..0e7e1025
+      ..ab2cb726
+      ..c9c8cb12
+      ..ab15ccd2
+    */..32a83984
+    fu..719fd621
+..de2a1c3a
+      ..d3f49b42
+      ..d6e71355
+      ..1fd864b5
+      ..ce1575e8
+      ..5747f569
+    }..8ed505ae
+..de2a1c3a
+    /*..0e7e1025
+      ..2d0bed04
+    */..32a83984
+    fu..c952c9bb
+..de2a1c3a
+      ..fde6b471
+    }..8ed505ae
+..de2a1c3a
+    /*..0e7e1025
+      ..7f59dc7f
+      ..0d387e77
+      ..a09625d6
+    */..32a83984
+    fu..1756f44b
+..de2a1c3a
+      ..360791f2
+    }..8ed505ae
+..de2a1c3a
+    /*..0e7e1025
+      ..d3b0a333
+    */..32a83984
+    fu..d253ad6a
+..de2a1c3a
+      ..fde6b471
+    }..8ed505ae
+..de2a1c3a
+    /*..0e7e1025
+      ..c098da5c
+      ..7cdabe3d
+      ..a09625d6
+    */..32a83984
+    fu..462d4a11
+..de2a1c3a
+      ..6aeb1d30
+    }..8ed505ae
+..de2a1c3a
-      ..0a351407
+      ..0e46781f
-      ..b93f78fd
+      ..14e768e3
-      ..3363afb5
+      ..5ca222df
-      ..3363afb5
+      ..5ca222df
-      ..3363afb5
+      ..5ca222df
-      ..dd96db96
+      ..16e1fc20
-    //..8e2e6feb
+    //..b7307a0e
-    fu..941655f4
+    fu..eda5af2c
-      ..3e0750a6
+      ..67495468
-    fu..6b38080f
+    fu..65d6eae9
-      ..9f6c2872
+      ..0615f988
-    ui..428e503b
-    ui..0d8d2668
-    ui..29fa31e0
-    ui..8bcdd56e
-    ui..fb5e13fa
-    ui..920b3b43
-..f7da5a10
-    ui..860a85f9
-    ui..f1aa2ddf
-..f7da5a10
-    IC..fc0b361d
-..f7da5a10
-    co..abdc7e9f
-      ..0406b1f6
+    //..c63a3a2b
+    //..27d3de4f
+    //..524ff1a4
+    //..a88ef83c
+    //..10124dec
+    //..ce2524f0
+    //..86de5b38
+    //..88351514
+    ui..ec49d6e6
+    ui..54a247e8
+..de2a1c3a
+    ui..8ff73511
+    ui..3cb89d4e
+    ui..6f580a55
+..de2a1c3a
+    //..c730128c
+    ui..29b17526
+    ui..7d7c2fc2
+    ui..4afd7002
+..de2a1c3a
+    //..080214e7
+    //..de6d0a0c
+    ui..a0b54313
+..de2a1c3a
+    ui..54df2b0e
+    ui..35342fbc
+..de2a1c3a
+    ui..d0797f0d
+..de2a1c3a
+    co..4a3dfb56
-..f7da5a10
-      ..82f45f06
+      ..454ae4be
-      ..ec5c2b3d
+      ..136cd626
-      ..433f54bb
+      ..c57c120a
-      ..cb19eaf4
+      ..bac39a2f
-      ..56d8e608
+      ..b03f14b5
+    //..0c973005
-      ..d9e293c5
+      ..e12359c1
-    fu..81ac5eaf
+    fu..61436b3d
-      ..83999424
+      ..e96bc4a1
+..de2a1c3a
-    ui..f1aa2ddf
+    ui..db5d7a3a
-      ..f7d0f58f
+      ..bfaf4dfa
-      ..4fea57d1
+      ..599f35d4
-    fu..986fa959
-    fu..73b41efe
+    fu..e64a4e86
+    fu..467c4d56
-    fu..a7c87fc0
+    fu..08c5cda3
-    fu..796c75ac
+    fu..f92a81b6
-    fu..42e8a685
+    fu..584f55ed
-    fu..0ceb0cd0
+    fu..db8790bd
+..de2a1c3a
-    ui..67193779
-    ui..fb5e13fa
-    ui..f1aa2ddf
+    ui..7f158e08
+    ui..c365f8d9
+    ui..db5d7a3a
-      ..46299e3f
+      ..3dd83ba5
-      ..c564e3f8
+      ..87947761
-      ..46299e3f
+      ..3dd83ba5
-      ..c564e3f8
+      ..87947761
-    ui..0d8d2668
+    ui..b0ffcfb6
-    ui..8bcdd56e
-    ui..fb5e13fa
-    ui..920b3b43
-    ui..b411e3b0
+    ui..9b84051e
+    ui..c365f8d9
+    ui..2a9bfa85
+    ui..aec277cc
-    ui..f1aa2ddf
-    ui..918b8a6a
+    ui..db5d7a3a
+    ui..35342fbc
-    ui..51f80568
+    ui..5db022d6
-      ..cac0051c
+      ..7d78cb27
-      ..197c5d8f
+      ..fff5279c
-    //..7315c13b
+    //..27d3de4f
+    //..524ff1a4
-    //..41dabcac
-    //..2f05e6e4
+    //..10124dec
+    //..ce2524f0
-    //..edcd30eb
+    //..88351514
-    ui..d7de9d88
-    ui..29fa31e0
-    ui..8bcdd56e
-    ui..fb5e13fa
-    ui..920b3b43
-    ui..b411e3b0
-    ui..f1aa2ddf
-    ui..918b8a6a
+    ui..8ff73511
+    ui..3cb89d4e
+    ui..6f580a55
+..de2a1c3a
+    //..c730128c
+    ui..29b17526
+    ui..7d7c2fc2
+    ui..4afd7002
+..de2a1c3a
+    //..080214e7
+    //..de6d0a0c
+    ui..a0b54313
+..de2a1c3a
+    ui..54df2b0e
+    ui..35342fbc
-    ui..51f80568
+    ui..5db022d6
-      ..35e77a2d
+      ..410f5441
-    fu..9570e916
+    fu..77b598bd
-      ..ac38da72
+      ..053e1719
-      ..14e50bb2
+      ..9e1f53e9
-      ..30657044
-      ..18044b8a
+      ..c912e0f7
+      ..616c7c6f
-      ..8573c042
+      ..b06ea1be
-      ..1b50dcaf
+      ..41dfc63c
-      ..9be8e5e9
+      ..6d731737
-      ..d7ccbe02
+      ..d9f5d6df
-      ..e2853491
+      ..a6d9edd1
-      ..35e77a2d
+      ..410f5441
-      ..35e77a2d
+      ..410f5441
+//////..088346ac
+..de2a1c3a
+    //..b55ecba1
+    ui..8ff73511
+    ui..ec49d6e6
+..de2a1c3a
+..de2a1c3a
+      ..4437ce91
+..de2a1c3a
+    fu..bfc7f6cd
+      ..031c49c8
+      ..87443cec
+    ex..0ab23610
+    vi..9b8578b4
+    re..111986e9
+..de2a1c3a
+      ..8c111dc1
+..de2a1c3a
+      ..8c4b27b2
+..de2a1c3a
+      ..2ff3faae
+    }..8ed505ae
-    ui..d7de9d88
+    ui..a0b54313
-    ui..8bcdd56e
-    ui..fb5e13fa
-    ui..920b3b43
-    ui..b411e3b0
+    ui..9b84051e
+    ui..c365f8d9
+    ui..2a9bfa85
+    ui..aec277cc
-    ui..f1aa2ddf
-    ui..918b8a6a
+    ui..db5d7a3a
+    ui..35342fbc
-    ui..51f80568
+    ui..5db022d6
-      ..0730bae3
+      ..944ea08b
-      ..e24cfb7e
+      ..12b7b7bc
-      ..9d640102
+      ..12034162
-    ui..428e503b
-    ui..7a3e297e
-..f7da5a10
+    //..b55ecba1
-    //..451cc7d1
-    //..c1428020
-    //..2f05e6e4
-    ui..f1aa2ddf
-    ui..80f0202c
-    ui..918b8a6a
+    //..27d3de4f
+    //..524ff1a4
+    //..a88ef83c
+    //..10124dec
+    //..ce2524f0
+    //..86de5b38
+    //..88351514
+    ui..ec49d6e6
+    ui..54a247e8
+..de2a1c3a
+    ui..8ff73511
+    ui..3cb89d4e
+    ui..6f580a55
+..de2a1c3a
+    //..c730128c
+    ui..29b17526
+    ui..7d7c2fc2
+    ui..4afd7002
+..de2a1c3a
+    //..080214e7
+    //..de6d0a0c
+    ui..a0b54313
-    ui..c07074bd
-    ui..860a85f9
+    ui..54df2b0e
+    ui..35342fbc
+    ui..45feb564
+..de2a1c3a
+    ui..d0797f0d
+..de2a1c3a
+    ui..bfda254a
+..de2a1c3a
+    ui..791ec16b
+    ui..5db022d6
-      ..94bfda83
-      ..03c9528a
-      ..f62cbdd1
-      ..f7bc8149
-      ..c2e073dd
+      ..921a22c7
+      ..41c66973
-      ..03c9528a
-      ..f62cbdd1
-      ..f7bc8149
-      ..c2e073dd
+      ..41c66973
-      ..aad57a68
+      ..5980cc0b
-      ..fccacc2d
+      ..580acf43
-      ..c5e104c9
+      ..06a47985
-      ..e12f7830
+      ..74067c4c
-      ..3a9f23fb
-      ..a43b0605
+      ..94ead450
+      ..4bde5a4b
-      ..e12f7830
+      ..74067c4c
-      ..614a5fed
-      ..8efae804
-      ..dd1f4681
+      ..7682aa8a
+      ..004aeebe
+      ..3b7ee5fd
-    fu..4575545b
+    fu..36f7eff7
-      ..db74c408
+      ..412fbf04
-      ..35a1ab8f
+      ..c024effd
-      ..209629d2
+      ..93d14bc5
-    fu..437077f0
+    fu..2a9eac73
-    fu..f4c09ff4
+    fu..da0e2631
-    ) ..c6f5e5d2
+    ) ..02ea1b64
-      ..9971d70b
+      ..9b4ebc5b
-      ..ab0f62ee
+      ..bf78dc87
-      ..af9a2293
+      ..6ec7876b
-      ..c9bf0cd2
+      ..5d666672
-      ..5037222f
+      ..203ab669
-      ..c7ba68e8
+      ..c1a23248
+    }..8ed505ae
+..de2a1c3a
+    fu..bfc7f6cd
+      ..031c49c8
+      ..87443cec
+    in..fd470b69
+    vi..9b8578b4
+    re..111986e9
+..de2a1c3a
+      ..f90db958
+..de2a1c3a
+      ..87579b13
+..de2a1c3a
+      ..2ff3faae
-    ui..d7de9d88
+    ui..a0b54313
-    ui..8bcdd56e
-    ui..fb5e13fa
-    ui..920b3b43
-    ui..b411e3b0
+    ui..9b84051e
+    ui..c365f8d9
+    ui..2a9bfa85
+    ui..aec277cc
-    ui..f1aa2ddf
-    ui..918b8a6a
+    ui..db5d7a3a
+    ui..35342fbc
-    ui..51f80568
+    ui..5db022d6
-      ..b17cdf4e
+      ..8f28f82d
-      ..612f55fa
+      ..e2560295
-      ..038eae82
+      ..cfbb0124
-      ..b17cdf4e
+      ..8f28f82d
-      ..612f55fa
+      ..e2560295
-      ..038eae82
+      ..cfbb0124
-      ..98ae2c4d
+      ..f608e7aa
-      ..4f48090c
+      ..71d6e4c3
-    ui..67193779
-    ui..fb5e13fa
+    ui..7f158e08
+    ui..c365f8d9
-    ui..f1aa2ddf
+    ui..db5d7a3a
-      ..bcec2a4a
+      ..cfaaa7be
-      ..ff89073f
+      ..c3531177
-      ..bcec2a4a
+      ..cfaaa7be
-      ..ff89073f
+      ..c3531177
-      ..ac2a73bb
+      ..2c3d240a
+      ..fa71fc17
-      ..44b14cc4
-      ..1d41573c
-      ..84251a85
+      ..878c27b8
+      ..05141de9
-    us..db77afc6
+    us..c86fc1e5
+    ui..8ff73511
+    ui..3cb89d4e
+..de2a1c3a
-      ..97b5ad7c
+      ..eeb3f62d
-      ..cfcd9d91
+      ..2a040bf6
-      ..dec7bfe4
+      ..07901a19
-      ..cc6fb507
+      ..e5802524
-      ..92a14999
+      ..be25fc7d
-      ..61650da2
+      ..7028916d
-      ..92a14999
+      ..be25fc7d
-      ..dfb5e982
+      ..a943aa8d
-      ..92a14999
+      ..be25fc7d
-      ..412f8c90
+      ..5ac4e657
-      ..5d7b37ed
+      ..6910d568
-      ..92a14999
+      ..be25fc7d
+    fu..0413a809
+      ..91a7b2f8
+    }..8ed505ae
+..de2a1c3a
-      ..92a14999
+      ..be25fc7d
-      ..92a14999
+      ..be25fc7d
-      ..b440892e
+      ..3af3bf59
-      ..a2e283d1
+      ..c8e48168
-      ..5684453f
+      ..0ce3c1ba
-    fu..8cbc6cc9
-      ..b429451b
+    fu..73540e99
+      ..20e603e1
-    fu..ab368d56
-      ..67c0b020
+    fu..dafa27bd
+      ..62e97873
+      ..661e7f60
-      ..2039aac8
+      ..092bc5cc
-      ..b8838112
+      ..6a9b114a
+      ..cb9a8b51
+      ..bf8a8741
-      ..ff9f7a45
+      ..543e479a
-      ..9085b088
+      ..308e2b4a
-      ..dd81aa32
-      ..9085b088
+      ..f54e9180
+      ..308e2b4a
-..f7da5a10
-      ..0a4aa49a
+      ..4796116e
+      ..b24e656f
-      ..0dd29e70
-      ..0104c544
+      ..6f0ead7d
+      ..66a80760
+    fu..37760394
-    fu..47aa13aa
-..f7da5a10
-    fu..cd431fd3
-    fu..d7a7311c
+    fu..c52e665c
+    fu..6cc03437
-    tx..d35f78ee
+    tx..619a8744
-      ..b4bc3bb8
-      ..c3825458
+      ..a617b383
+      ..f5ba7af5
-      ..b8458bb6
-      ..fffd7171
+      ..5dfaa68c
+      ..58a59612
-contra..d5a56a59
+contra..73703970
-    it..ca3db8e2
-      ..2303f85b
+    it..e29315c0
+      ..6d19b98d
-      ..26ff9803
+      ..9f199cff
-      ..2a57200b
+      ..360288a0
-      ..c26ec1c3
+      ..c688c498
-      ..26ff9803
-      ..43c22366
-      ..5b10d60f
+      ..9f199cff
+      ..901a6341
+      ..acd678d3
-      ..31004437
-      ..2cf6b325
+      ..e4efbfe1
+      ..9db7940e
-      ..31004437
+      ..e4efbfe1
-      ..44a9fe60
+      ..220c2355
-      ..b84d54c3
+      ..5038b9c3
-      ..2a57200b
+      ..360288a0
-      ..c26ec1c3
+      ..c688c498
-      ..26ff9803
-      ..43c22366
-      ..b96a1915
+      ..9f199cff
+      ..901a6341
+      ..71c01ce6
-      ..31004437
+      ..e4efbfe1
-      ..04a4ac68
+      ..45a6f000
-      ..44a9fe60
-      ..1c9c2f00
+      ..220c2355
+      ..216958bc
-});..dc9aabce
+});..e24d87a3
-      ..4545cbb5
+      ..9c643974
-      ..d85d7245
-      ..8befaac5
-      ..837d9568
-      ..b7afbf51
-      ..0122c54c
-      ..01d522aa
+      ..f0f08673
+      ..1642a5c8
+      ..24fa39dd
+      ..349e1a1b
+      ..95735291
+      ..a0b6d25d
-      ..27d99eb6
+      ..a402a82f
-      ..27d99eb6
+      ..a402a82f
-      ..27d99eb6
+      ..a402a82f
-      ..27d99eb6
+      ..a402a82f
-    re..0c223c1e
+    re..548b103c
-    re..f46c93da
+    re..b637730d
-      ..e6073b35
-      ..84565cd0
-      ..3ef7145a
+      ..b5900aa5
+      ..5bfbb765
+      ..18494e5c
-      ..6d442f4a
+      ..00913fcd
-      ..64cfa0be
+      ..8457682d
-      ..d0c6f5d2
+      ..964ded47
-      ..57292235
+      ..51d13f16
-      ..a98cdf91
+      ..5df2bc45
-    th..f3103f49
+    th..f6a9e828
-    th..9a6ea18d
+    th..3039809a