-      ..718788f2
-      ..25020687
-..f7da5a10
+    it..c110ee7d
+      ..0cb7f16f
+      ..ec7a0b78
+..de2a1c3a
+      ..317fe7a9
+      ..2ac5308e
+      ..914903ff
+      ..e0515b2f
+      ..e309edec
+      ..eaeed993
+      ..af1cc9a1
+      ..57861fb4
+      ..e33ce7a4
+      ..753ef106
+      ..c477918d
+      ..fad2416c
+      ..64180888
+..de2a1c3a
+      ..0eda3795
+      ..7eef76a7
+      ..58d925d1
+      ..31638b77
+..de2a1c3a
+      ..43436622
+..de2a1c3a
+      ..fcfb6d40
+      ..7eef76a7
+      ..31638b77
+..de2a1c3a
+      ..45c9791f
+    })..ece81a21
+..de2a1c3a