--- /de..778221df
+/* glo..273d983b
+/* esl..704fed10
+..b99f9bac
+import..43ddb6ae
+..b99f9bac
+const ..73f6b397
+const ..a26f6236
+const ..3fb16881
+..b99f9bac
+const ..3d3699af
+const ..3c71e030
+..b99f9bac
+let po..6018fb3f
+..b99f9bac
+let ct..06b5e4f3
+let en..b23498a7
+let cr..36562005
+let tr..868d5082
+let tx..e9336888
+..b99f9bac
+const ..9750ab0c
+const ..9dc2f444
+const ..d61c8d78
+const ..3072bdee
+const ..0eec173d
+..b99f9bac
+functi..e65b82e2
+    re..d0d63806
+}..1f6664c8
+..b99f9bac
+functi..d33c6136
+    le..d5067823
+    re..dc7b4ad2
+}..1f6664c8
+..b99f9bac
+async ..469f866c
+    aw..9e7be299
+    re..84508287
+}..1f6664c8
+..b99f9bac
+let tr..4f154de1
+async ..505bca80
+    re..087674e9
+}..1f6664c8
+..b99f9bac
+async ..c9fe618c
+    aw..85337d7b
+    re..84508287
+}..1f6664c8
+..b99f9bac
+async ..776f6643
+    aw..f4b0ee1e
+    re..84508287
+}..1f6664c8
+..b99f9bac
+async ..9f7c04ff
+    aw..25450444
+    aw..ce1a9ee4
+    re..84508287
+}..1f6664c8
+..b99f9bac
+let tr..cc3f5382
+async ..ecde610c
+    re..071788e9
+}..1f6664c8
+..b99f9bac
+async ..642425a3
+    aw..b7e43d26
+    aw..21083aa7
+..b99f9bac
+    re..84508287
+}..1f6664c8
+..b99f9bac
+async ..5f63c8fe
+    tx..ef9d7a60
+      ..17fb23bc
+      ..350e11f6
+      ..6482ab6a
+      ..36738bd0
+      ..ef8b3174
+      ..b13ad583
+    );..6787f85c
+    tr..0473b1f6
+..b99f9bac
+    aw..1ada8c7f
+..b99f9bac
+    re..84508287
+}..1f6664c8
+..b99f9bac
+async ..4d097001
+    tx..ef9d7a60
+      ..be76db74
+      ..ad7f20bc
+      ..4e4a64de
+      ..b67eb43a
+      ..2999f7d6
+      ..bc653bbe
+    );..6787f85c
+    tr..0473b1f6
+..b99f9bac
+    aw..38dcc8a3
+..b99f9bac
+    re..84508287
+}..1f6664c8
+..b99f9bac
+functi..990327ca
+    re..362e9192
+      ..b972b165
+      ..a83d4779
+    };..055be19d
+}..1f6664c8
+..b99f9bac
+functi..a75521dd
+    re..a676423c
+      ..2bd50a2a
+..b99f9bac
+      ..a6b0e8c4
+..b99f9bac
+      ..8331a363
+      ..8bdf5844
+      ..cd8f0f49
+      ..fc8cf3d3
+    };..055be19d
+}..1f6664c8
+..b99f9bac
+functi..fdc4cf9d
+    re..362e9192
+      ..a83d4779
+    };..055be19d
+}..1f6664c8
+..b99f9bac
+functi..59f99df9
+    re..a676423c
+      ..8331a363
+      ..8bdf5844
+      ..cd8f0f49
+..b99f9bac
+      ..a6b0e8c4
+      ..fc8cf3d3
+    };..055be19d
+}..1f6664c8
+..b99f9bac
+functi..01bb50a1
+    le..c18f3860
+    re..8f9be500
+      ..e387b7a0
+    }..b78045a1
+}..1f6664c8
+..b99f9bac
+let tr..39a03cbe
+    tr..1a197365
+    tr..84a1295c
+    ba..f8a3231c
+    mu..31665acd
+    tr..82eda6ed
+    tr..77487a90
+    ba..0812d261
+    tr..2b42770e
+    tr..8c3f6d65
+};..50ddd8cd
+..b99f9bac
+let ap..52193a8f
+let ch..030ee58e
+let tr..08e877c9
+let ge..d62170c3
+..b99f9bac
+contra..24bac802
+    be..82c4954e
+      ..4f370f52
+      ..89a76927
+      ..d2dedd0e
+      ..3224c12f
+    })..44e3db1a
+..b99f9bac
+    af..6d9b4dbd
+      ..638d7446
+    })..44e3db1a
+..b99f9bac
+    le..f963a751
+    le..898e9409
+    le..c143677e
+..b99f9bac
+    le..fa5fd555
+..b99f9bac
+    it..377e37fb
+      ..306dec6e
+      ..78c220a3
+      ..a5aeb787
+      ..1e5f9e2b
+      ..1fccaaad
+..b99f9bac
+      ..0631a2c6
+      ..0578a3c2
+      ..08b32a9c
+      ..aa62a822
+      ..622197f2
+      ..115de2f6
+      ..cdd9cdb9
+      ..7c8930db
+      ..39259e58
+      ..07e6388a
+      ..4593f733
+      ..cdd9cdb9
+      ..7c8930db
+..b99f9bac
+      ..2b39aa27
+      ..8cf39cf8
+      ..5b881feb
+      ..602e8443
+      ..1988bf57
+..b99f9bac
+      ..40871006
+      ..dcf19773
+      ..c87feffd
+      ..efe6ac5c
+      ..5c17c157
+      ..366a276c
+..b99f9bac
+      ..40871006
+      ..4da625d2
+      ..ad3d58ae
+      ..77d3797b
+      ..b75f2ba5
+      ..366a276c
+..b99f9bac
+      ..40871006
+      ..3a0ee195
+      ..d62d491b
+      ..4ed43037
+      ..106c4bee
+      ..366a276c
+..b99f9bac
+      ..40871006
+      ..5ad34f74
+      ..d5cf275a
+      ..42d6df85
+      ..daeab7b5
+      ..366a276c
+..b99f9bac
+      ..4988e385
+      ..b06b4322
+      ..5937e560
+      ..f7ce4388
+      ..622197f2
+      ..a30cf49e
+      ..cdd9cdb9
+      ..7c8930db
+      ..39259e58
+      ..5e87bcd1
+      ..a6c103d6
+      ..cdd9cdb9
+      ..7c8930db
+..b99f9bac
+      ..2b39aa27
+      ..8cf39cf8
+      ..22b0a5f0
+      ..63ad5f78
+      ..1988bf57
+..b99f9bac
+      ..68ef14ca
+      ..1e60d159
+      ..c87feffd
+      ..efe6ac5c
+      ..5c17c157
+      ..366a276c
+..b99f9bac
+      ..68ef14ca
+      ..e8fb38f9
+      ..ad3d58ae
+      ..b4ec6165
+      ..bdb8b619
+      ..366a276c
+..b99f9bac
+      ..68ef14ca
+      ..0a1d017d
+      ..d62d491b
+      ..4ed43037
+      ..106c4bee
+      ..366a276c
+..b99f9bac
+      ..68ef14ca
+      ..a1c540fe
+      ..d5cf275a
+      ..1c4cf364
+      ..aa15b31b
+      ..366a276c
+    })..44e3db1a
+..b99f9bac
+    it..99da2ce4
+      ..3a9177fc
+    })..44e3db1a
+..b99f9bac
+    fo..4b45521e
+      ..3c0c2a8f
+      ..242cd1c9
+      ..ed1ccd3f
+    }..b78045a1
+..b99f9bac
+    fo..ead1a71a
+      ..04129cce
+      ..98199094
+      ..089014a1
+      ..dd4de3ba
+      ..fd4e4786
+      ..dbc38c37
+      ..cd8f0f49
+    }..b78045a1
+});..26d5c912