-    ev..c71865cf
-    ev..ff40c780
+    //..100a1191
+    //..783e7a61
+    ev..d00ceeb9
+    ev..3f80960a
-      ..d900b7ae
-      ..5470855b
-      ..5c6f42a7
-      ..8f9c92ef
-      ..92dff2ae
+      ..2bd43818
+      ..4fda2f08
-      ..2ea352cb
+      ..535db80d
+      ..535db80d
-      ..2ea352cb
-    fu..5e7118fd
+    fu..1f4be095
+      ..b92a562c
+      ..d0f80b39
+      ..13e52f2e
+..b2d28659
+      ..46922e47
+      ..981d141a
+      ..00227be4
+      ..6a884422
+      ..c366a25a
+      ..61cf3324
+      ..00273439
+      ..17ce9963
+      ..1cf32f35
-    fu..a598d0f4
+    fu..c1dbd0d2
+      ..b92a562c
+      ..a90b9d24
+      ..13e52f2e
+..b2d28659
+      ..46922e47
+      ..981d141a
+      ..00227be4
+      ..65df4dcb
+      ..c366a25a
+..b2d28659
+      ..c20f7eb0
+      ..7aa68543
+      ..1cf32f35
-    fu..036249e5
+    fu..9a19bbac
+      ..b92a562c
+      ..a044dfbc
+      ..13e52f2e
+..b2d28659
+      ..981d141a
+      ..00227be4
+      ..673d08af
+      ..c366a25a
+      ..76ab82ae
+      ..305ae048
+      ..6199c27a
+      ..1539e348
+      ..76139556
+      ..41af1b54
+      ..7aa68543
+      ..1cf32f35