+    //..43901ca1
+    by..d46d1a44
+..9191b91c
+    /*..dc17139a
+      ..a28e7df0
+      ..3ff871bf
+      ..ed0d3c56
+      ..fb4dc6ca
+      ..2680cc5c
+      ..f58eb9f1
+      ..11f9b2b8
+      ..49f9572f
+      ..fc9540a2
+    */..e01a49fc
+    by..d678b42d
+..9191b91c
+    /*..dc17139a
+      ..2e9d825b
+      ..f7d4828c
+      ..129f3df9
+      ..56928851
+    */..e01a49fc
+    by..88cfd668
+..9191b91c
+    /*..dc17139a
+      ..9939818e
+      ..7f3da5bb
+      ..472dda0f
+      ..42610538
+      ..d15c382a
+    */..e01a49fc
+    by..4b07d5ef
+..9191b91c
-      ..1245c233
+      ..8ab39e68
-      ..a41518a9
+      ..dc2a9e45
+..9191b91c
+    //..4f6f55c4
+    //..888d2a88
+    //..fae67037
+    //..0c99aefd
+    //..ebee8cce
+    //..98d6fd88
+    fu..dd192c27
+      ..0340ebce
+      ..97bc10a2
+      ..649a9536
+      ..75364437
+      ..9fb3887a
+      ..418c32b5
+    }..92a823b5
+    /*..dc17139a
+      ..1605aa0e
+      ..c2b8679f
+    */..e01a49fc
+    by..d46d1a44
+..9191b91c
+    /*..dc17139a
+      ..aab48bce
+      ..2a4d13ed
+      ..8bb84a66
+      ..9c215cab
+      ..8d89913d
+      ..a58562bf
+      ..a4979591
+    */..e01a49fc
+    by..2c6f357c
+..9191b91c
+    /*..dc17139a
+      ..aa7a4dec
+      ..6582ec9b
+      ..33b4601c
+      ..87cd79d4
+    */..e01a49fc
+    by..63506b2f
+..9191b91c
+..9191b91c
+    //..4f6f55c4
+    //..888d2a88
+    //..fae67037
+    //..0c99aefd
+    //..ebee8cce
+    //..98d6fd88
+    fu..dd192c27
+      ..0340ebce
+      ..97bc10a2
+      ..1eedfbb8
+      ..67fee806
+      ..418c32b5
+    }..92a823b5
+    //..be851e04