-      ..04c2f287
+      ..1676551e
+    ev..e94d56f1
+    ev..6967f931
-      ..6bdd0d18
-      ..f7ba69f1
+      ..4f943346
+      ..0671f8bd
+      ..80e8f0a8
+      ..e7dead9c
-      ..481689ec
-      ..a85d4790
-      ..a956eaaa
-      ..c1a38987
-    }..c7c7aa12
+      ..5e6af37d
+..9191b91c
+      ..6b9565de
+   }..fa23e201
+..9191b91c
+   /**..c3cc4a47
+      ..3b4eed01
+      ..ce03e163
+    */..e01a49fc
+   fun..ec1ab81e
+..9191b91c
+      ..7e87b2b1
+..9191b91c
+      ..9ce62489
+      ..1827e469
+..9191b91c
+      ..21ad6b15
+..9191b91c
+      ..427c22d2
+   }..fa23e201
+    fu..e2519a8a