+    ev..296c400a
+    fu..be99a255
+    ex..9f3ad73d
+      ..8a598c6a
+    }..6442f570
+..420327ff
-    /*..c3ebcacf
+    /*..5f5e7bdb
-..10caa928
-      ..c3d7f765
-      ..c835db9f
+      ..91cf32f4
+    /*..5f5e7bdb
+      ..6fc35942
+      ..4acbeb92
+     *..17a5d9b0
+    fu..111071c6
+    ex..9f3ad73d
+      ..59dcdc4b
+      ..ffa28607
+      ..937db144
+      ..564efdfb
+      ..4858addb
+    }..6442f570
+..420327ff
+    fu..46b91953
+      ..70cfbffd
+      ..80c4df1a
+    }..6442f570
+    fu..8c58dbac
+      ..d518c2f7
+    }..6442f570
+..420327ff
-      ..ab2983e2
+      ..93366dc0
+      ..c3064b7b
+    fu..1d3d2a5a
+    fu..c0a36e68
+..420327ff
+      ..812b2d90
+      ..b21c5715
+..420327ff
+..420327ff
+      ..0845eb9a
+      ..b21c5715
+..420327ff