-import..901939b4
+import..8596b5ae
-    IE..a72c6bdc
+    IC..b76da543
-      ..27646ab4
+      ..36d9def0
-      ..21dd7a34
+      ..bd75c892
-      ..21dd7a34
+      ..bd75c892
-      ..21dd7a34
+      ..bd75c892
-      ..21dd7a34
+      ..bd75c892
-import..901939b4
+import..8596b5ae
-    mo..4c7d42db
+    mo..2e5e7889
-    mo..bbe24fcd
+    mo..461c1aab
-    fu..243f7bc2
+    fu..ad50d6d6
-    fu..3b98548c
+    fu..d0daa143
-    fu..1bd9b948
+    fu..0b1ba2b9
-    fu..5ec3302a
+    fu..8eb89220
-    fu..61497e4f
+    fu..382a1024
-    fu..042e1821
+    fu..bc26b65c
-    fu..bc358499
+    fu..cbb657a0
-    fu..2cc058d3
+    fu..ec36b0b7
-    fu..5fbf2a83
+    fu..529b3f2d
-    fu..93df905f
+    fu..e2582af2
-    fu..aacef51f
+    fu..29fb8d7a
-    fu..fbddef35
+    fu..c7ef8d5d
-    fu..8f39f0c2
+    fu..300983b6
-    fu..8d4a28b9
+    fu..e5459f1b
-    fu..df7fe97e
+    fu..5d2168b1
-    fu..ade1a389
+    fu..c84471e8
-    fu..6291c0aa
+    fu..b1c092bc
-    fu..670125cb
+    fu..d137f75b
-    fu..61e54645
+    fu..310cd8fb
-    fu..151b37c3
+    fu..0dbb14b2
-    fu..e8d4d131
+    fu..2af428e6
-    fu..ab64ec9d
+    fu..53dfa093
-    fu..380a5d6f
+    fu..93272642
-      ..21dd7a34
+      ..bd75c892
-    fu..ff09cc1c
+    fu..6d1b8093
-    fu..dc35ea62
+    fu..b8f68239
-    fu..e30c52a0
+    fu..0909ac38
-    fu..50a165f0
+    fu..a4138033
-    fu..1991d010
+    fu..8510622d
-    fu..f615c143
+    fu..d4d02f1e
-import..901939b4
+import..8596b5ae
-    mo..4c7d42db
+    mo..2e5e7889
-    mo..bbe24fcd
+    mo..461c1aab
-    fu..1bd9b948
+    fu..0b1ba2b9
-    fu..762f0f1f
+    fu..da60027b
-    fu..b9a2b5d3
+    fu..487b6c92
-    fu..0ad476e5
+    fu..d1564ee4
-    fu..88f12cc3
+    fu..cfe48670
-    fu..78b8e154
+    fu..f72e2039
-    fu..43522e63
+    fu..285740b1
-    fu..cf6566b5
+    fu..1ba605e1
-    fu..65ebfae6
+    fu..478aebb7
-    fu..c3a63aca
+    fu..361eaf9f
-    fu..a3dab8ea
+    fu..55905248
-    fu..dd702c25
+    fu..35cee264
-      ..21dd7a34
+      ..bd75c892
-    fu..fc1e8342
+    fu..92fce648
-    fu..6d4d98fc
+    fu..6754e4a2
-    fu..4f379310
+    fu..e6022a87
-    fu..13a369fe
+    fu..69fc1985
-    fu..c88bd000
+    fu..bae1fb73
-    fu..23ed9708
+    fu..d0ce3ca8
-    fu..11d41d4e
+    fu..77b09955
-    fu..2e2c1a20
+    fu..338ad49e
-    fu..f680a653
+    fu..f3e198e6
-    fu..3dfe8803
+    fu..1d540074
-    fu..e6709f2f
+    fu..af9382f4
-    fu..a904db88
+    fu..b1943181
-    fu..4351e4a7
+    fu..09ef5e37
-    fu..c5f33af2
+    fu..936bb3bb
-import..901939b4
+import..8596b5ae
-      ..21dd7a34
+      ..bd75c892
-      ..21dd7a34
+      ..bd75c892
-      ..21dd7a34
+      ..bd75c892
-      ..2d6f1a92
+      ..0abd3c64
-      ..21dd7a34
+      ..bd75c892
-      ..21dd7a34
+      ..bd75c892
-      ..21dd7a34
+      ..bd75c892
-      ..21dd7a34
+      ..bd75c892
-      ..21dd7a34
+      ..bd75c892
-      ..21dd7a34
+      ..bd75c892
-      ..21dd7a34
+      ..bd75c892
-      ..21dd7a34
+      ..bd75c892
-      ..21dd7a34
+      ..bd75c892
-      ..21dd7a34
+      ..bd75c892
-      ..21dd7a34
+      ..bd75c892
-      ..21dd7a34
+      ..bd75c892
-      ..21dd7a34
+      ..bd75c892
-      ..21dd7a34
+      ..bd75c892
-      ..21dd7a34
+      ..bd75c892
-      ..21dd7a34
+      ..bd75c892
-      ..21dd7a34
+      ..bd75c892
-      ..21dd7a34
+      ..bd75c892
-import..901939b4
+import..8596b5ae
-    mo..4c7d42db
+    mo..2e5e7889
-      ..21dd7a34
+      ..bd75c892
-      ..21dd7a34
+      ..bd75c892
-      ..21dd7a34
+      ..bd75c892
-      ..21dd7a34
+      ..bd75c892
-      ..21dd7a34
+      ..bd75c892
-      ..21dd7a34
+      ..bd75c892
-      ..21dd7a34
+      ..bd75c892
-      ..21dd7a34
+      ..bd75c892
-      ..21dd7a34
+      ..bd75c892
-      ..21dd7a34
+      ..bd75c892
-      ..21dd7a34
+      ..bd75c892
-      ..21dd7a34
+      ..bd75c892
-      ..21dd7a34
+      ..bd75c892
-      ..21dd7a34
+      ..bd75c892
-      ..21dd7a34
+      ..bd75c892
-      ..21dd7a34
+      ..bd75c892
-      ..21dd7a34
+      ..bd75c892
-      ..21dd7a34
+      ..bd75c892
-      ..21dd7a34
+      ..bd75c892
-      ..21dd7a34
+      ..bd75c892
-      ..21dd7a34
+      ..bd75c892
-      ..21dd7a34
+      ..bd75c892
-      ..21dd7a34
+      ..bd75c892
-import..901939b4
+import..8596b5ae
-    mo..4c7d42db
+    mo..2e5e7889
-      ..21dd7a34
+      ..bd75c892
-      ..21dd7a34
+      ..bd75c892
-      ..21dd7a34
+      ..bd75c892
-      ..21dd7a34
+      ..bd75c892
-      ..21dd7a34
+      ..bd75c892
-      ..21dd7a34
+      ..bd75c892
-      ..21dd7a34
+      ..bd75c892
-      ..21dd7a34
+      ..bd75c892
-      ..21dd7a34
+      ..bd75c892
-      ..21dd7a34
+      ..bd75c892
-      ..21dd7a34
+      ..bd75c892
-      ..21dd7a34
+      ..bd75c892
-      ..21dd7a34
+      ..bd75c892
-      ..21dd7a34
+      ..bd75c892
-      ..21dd7a34
+      ..bd75c892
-      ..21dd7a34
+      ..bd75c892
-      ..21dd7a34
+      ..bd75c892
-      ..21dd7a34
+      ..bd75c892
-      ..21dd7a34
+      ..bd75c892
-      ..21dd7a34
+      ..bd75c892
-      ..21dd7a34
+      ..bd75c892
-    fu..54a40dba
+    fu..e264bedc
-    fu..d76cb6f7
+    fu..867a8256
-      ..323588e3
+      ..45711926
-      ..323588e3
+      ..45711926
-      ..323588e3
+      ..45711926
-      ..323588e3
+      ..45711926
-      ..323588e3
+      ..45711926
-      ..21dd7a34
+      ..bd75c892
--- /de..f5285990
+pragma..7c9a65e6
+..3d419d73
+import..7e03252f
+import..24fe4e0f
+..3d419d73
+contra..580c5d4d
+..3d419d73
+//////..3c1dc809
+//////..e9fed6f8
+//////..3c1dc809
+..3d419d73
+    ma..95b17b4a
+    ma..9adc30d0
+..3d419d73
+//////..3c1dc809
+//////..57501509
+//////..3c1dc809
+..3d419d73
+    mo..579c6a4a
+      ..8295e1fd
+      ..1a44717c
+    }..94a168c3
+..3d419d73
+    mo..fe1d2890
+      ..9d88fd65
+      ..1a44717c
+    }..94a168c3
+..3d419d73
+//////..3c1dc809
+//////..6e570360
+//////..3c1dc809
+..3d419d73
+    co..1c684105
+    pu..e2af096f
+      ..041ba21c
+    }..94a168c3
+..3d419d73
+    /*..74877d2f
+      ..c9f2e943
+     *..315d656f
+    fu..5f444603
+..3d419d73
+    fu..475296c9
+      ..041ba21c
+    }..94a168c3
+..3d419d73
+    fu..7bdff0e1
+      ..f039be9b
+    }..94a168c3
+..3d419d73
+    fu..00bf3175
+      ..4232c6db
+    }..94a168c3
+..3d419d73
+    fu..a9de6e35
+      ..e28b4d77
+    }..94a168c3
+..3d419d73
+//////..3c1dc809
+//////..21524a6a
+//////..3c1dc809
+..3d419d73
+    Li..2d7c07a3
+..3d419d73
+    fu..13b0c2d1
+      ..6f1255c7
+    }..94a168c3
+    fu..c7d5f26b
+      ..1c4bd842
+    }..94a168c3
+..3d419d73
+    fu..36be149b
+      ..d0b31594
+    }..94a168c3
+    fu..c4b4b153
+      ..5ce1f66c
+    }..94a168c3
+..3d419d73
+    fu..5c192f76
+      ..fe708ae2
+      ..99be350f
+    }..94a168c3
+    fu..895edc52
+      ..94177145
+    }..94a168c3
+    fu..7fe12c99
+      ..d51cf466
+    }..94a168c3
+..3d419d73
+    fu..96c43d37
+      ..fe708ae2
+      ..e5cab871
+    }..94a168c3
+    fu..70943bd7
+      ..da482278
+    }..94a168c3
+..3d419d73
+    fu..8abd5960
+      ..fe708ae2
+      ..73ed2afb
+    }..94a168c3
+    fu..85bf4a40
+      ..d0b8becf
+    }..94a168c3
+..3d419d73
+    fu..ece5a248
+      ..fe708ae2
+      ..5b43d6f2
+    }..94a168c3
+    fu..d33346a1
+      ..be55f606
+    }..94a168c3
+..3d419d73
+    fu..a8f182f8
+      ..fe708ae2
+      ..e5f9e378
+    }..94a168c3
+    fu..9e5ce42a
+      ..a80e0751
+    }..94a168c3
+..3d419d73
+    fu..d4c79797
+      ..7ce48163
+    }..94a168c3
+    fu..23ff2916
+      ..00d63a22
+    }..94a168c3
+..3d419d73
+    fu..23b8eb0f
+      ..84995634
+    }..94a168c3
+    fu..e0cb549a
+      ..bbd54084
+    }..94a168c3
+..3d419d73
+    fu..8f35f3e3
+      ..1f989797
+    }..94a168c3
+    fu..e19b27d0
+      ..72d44258
+    }..94a168c3
+..3d419d73
+    fu..58b35b33
+      ..89dce04e
+    }..94a168c3
+    fu..39f20c58
+      ..979f2daa
+    }..94a168c3
+..3d419d73
+    fu..5a543eaa
+      ..46ef9a87
+    }..94a168c3
+    fu..6eaeded6
+      ..bfb1d9f1
+    }..94a168c3
+..3d419d73
+    fu..9c165182
+      ..55b180e8
+    }..94a168c3
+    fu..dd5d9f96
+      ..928c34c5
+    }..94a168c3
+..3d419d73
+    fu..22c4f9cd
+      ..456bfbeb
+    }..94a168c3
+    fu..51db83e3
+      ..cfd7f7cd
+    }..94a168c3
+..3d419d73
+    fu..33b7dedf
+      ..f7522494
+    }..94a168c3
+    fu..5a45699d
+      ..e6aacedd
+    }..94a168c3
+..3d419d73
+    fu..6a0dc1a9
+      ..8d158ba3
+    }..94a168c3
+    fu..29b2f0ea
+      ..84fe7827
+    }..94a168c3
+..3d419d73
+    fu..ba5d09e8
+      ..ec186482
+    }..94a168c3
+    fu..518bea42
+      ..be154a73
+    }..94a168c3
+..3d419d73
+    fu..7c7f813e
+      ..43a55645
+    }..94a168c3
+    fu..05fc9c42
+      ..3b944203
+    }..94a168c3
+..3d419d73
+    fu..a85c5a45
+      ..d46ba3a2
+    }..94a168c3
+    fu..026f6d21
+      ..2de25b91
+    }..94a168c3
+..3d419d73
+    fu..d45e3c58
+      ..455a6552
+    }..94a168c3
+    fu..89a4b3a4
+      ..502dafb0
+    }..94a168c3
+..3d419d73
+    fu..f1c7842f
+      ..f03de0be
+    }..94a168c3
+    fu..1cfcab80
+      ..ee3c749d
+    }..94a168c3
+..3d419d73
+    fu..23cbc9a1
+      ..ee93c297
+    }..94a168c3
+    fu..6bad2f85
+      ..76b953ca
+    }..94a168c3
+..3d419d73
+    fu..2cdb8438
+      ..a0033e8c
+    }..94a168c3
+    fu..e2832198
+      ..5369c4f3
+    }..94a168c3
+..3d419d73
+    fu..d28e88a9
+      ..49181f74
+    }..94a168c3
+..3d419d73
+    fu..06e55c20
+      ..d7d61293
+    }..94a168c3
+..3d419d73
+    fu..0284b385
+..3d419d73
+      ..37c17dfb
+..3d419d73
+      ..6f7db187
+..3d419d73
+      ..66921c1c
+      ..6794e1b9
+      ..717496ae
+      ..3119c452
+      ..db43c4da
+    }..94a168c3
+..3d419d73
+    fu..67a416e5
+      ..ec14c249
+    }..94a168c3
+..3d419d73
+    fu..171ab797
+      ..afb4ce9b
+    }..94a168c3
+    fu..4708dbf9
+      ..727f3947
+    }..94a168c3
+..3d419d73
+    fu..b700f5aa
+      ..ff7067bf
+    }..94a168c3
+    fu..3cda0473
+      ..e1137b14
+    }..94a168c3
+..3d419d73
+    fu..a792b7ec
+      ..4699e96d
+    }..94a168c3
+    fu..d7438a2a
+      ..28d602c5
+    }..94a168c3
+..3d419d73
+    fu..6528d870
+      ..2f42be1f
+    }..94a168c3
+    fu..fa7faf9a
+      ..035e93ac
+    }..94a168c3
+..3d419d73
+    fu..cc4c1aee
+      ..c4acc9fb
+    }..94a168c3
+    fu..10c7c736
+      ..08b0bce1
+    }..94a168c3
+..3d419d73
+    fu..fb7e5c72
+      ..66490cf3
+    }..94a168c3
+    fu..51f9013f
+      ..0c5a249c
+    }..94a168c3
+..3d419d73
+    fu..d00efb12
+      ..58db73b5
+    }..94a168c3
+    fu..cec785b2
+      ..12092ee9
+    }..94a168c3
+..3d419d73
+    fu..899e0f28
+      ..1294cf8e
+    }..94a168c3
+    fu..e800aef8
+      ..c3969c62
+    }..94a168c3
+..3d419d73
+    fu..6ce4b352
+      ..eb55fb90
+    }..94a168c3
+    fu..edcf3f36
+      ..cc12a232
+    }..94a168c3
+..3d419d73
+    fu..be31d250
+      ..ee6d0bd3
+      ..6491bcc2
+      ..c77106d9
+      ..6594dd2f
+      ..5baa8729
+      ..24deeca8
+      ..c9aa5fe0
+    ex..e11401ac
+    ap..3ff26a8c
+      ..bf30d8a9
+      ..d5056a74
+..3d419d73
+      ..6825549d
+      ..bbd2a937
+      ..cb56c592
+      ..db43c4da
+..3d419d73
+      ..eb035511
+      ..e6e2399b
+      ..db43c4da
+..3d419d73
+      ..f3e9aaed
+      ..b43b64f4
+      ..db43c4da
+..3d419d73
+      ..9feb64aa
+      ..a0f5457a
+    }..94a168c3
+..3d419d73
+    fu..5b4e1938
+      ..ee6d0bd3
+      ..1322756c
+      ..6f8b1279
+      ..93daa960
+    ex..e11401ac
+    ap..3ff26a8c
+      ..957406ed
+      ..64495d26
+..3d419d73
+      ..f1ab1604
+      ..721bf16e
+..3d419d73
+      ..3a24d628
+      ..c447000d
+..3d419d73
+    }..94a168c3
+..3d419d73
+    fu..65458ae1
+      ..ee6d0bd3
+      ..45b5b7d9
+      ..2f03db41
+      ..ee7adc2c
+      ..6ee98b67
+    ex..e11401ac
+    ap..3ff26a8c
+      ..11a5c7e7
+      ..ea8e102e
+..3d419d73
+      ..b03b91ac
+      ..a4d982d6
+..3d419d73
+      ..f2c7410d
+      ..a88a1020
+..3d419d73
+      ..2ad69daf
+      ..a5b34789
+    }..94a168c3
+..3d419d73
+//////..3c1dc809
+//////..d8ebc62f
+//////..3c1dc809
+..3d419d73
+    Li..b81aae3c
+..3d419d73
+    //..525cc6cc
+    fu..28414b49
+      ..45dd6726
+    }..94a168c3
+    fu..52b2aa18
+      ..d594fa0a
+    }..94a168c3
+    fu..c63a1ecd
+      ..ee6ae730
+    }..94a168c3
+..3d419d73
+    //..525cc6cc
+    fu..6f3501f9
+      ..bc4c7350
+      ..dadb89d6
+      ..5eb4a9a8
+      ..29d71c99
+      ..ed3dcb7b
+      ..4c5ea8ea
+      ..c0bfe69a
+    ) ..004999e5
+      ..fe847a52
+      ..61c4ed1b
+      ..107f26f7
+      ..e2c85749
+      ..079695b4
+      ..15917103
+      ..18281cd9
+    }..94a168c3
+..3d419d73
+    //..525cc6cc
+    fu..423e3dc3
+      ..3803a370
+    }..94a168c3
+    fu..05cb48c2
+      ..05c0ea06
+    }..94a168c3
+..3d419d73
+    //..525cc6cc
+    fu..5e5399ff
+      ..b0fd3b41
+    }..94a168c3
+    fu..21f0c88e
+      ..c40a6517
+    }..94a168c3
+..3d419d73
+    //..525cc6cc
+    fu..41db38a3
+      ..e9cd8693
+    }..94a168c3
+    fu..e68259a9
+      ..9014920a
+    }..94a168c3
+..3d419d73
+    //..525cc6cc
+    fu..51e5782c
+      ..4b5a3cfe
+    }..94a168c3
+    fu..a85a1b95
+      ..9f0f4c82
+    }..94a168c3
+    fu..b18ff8f5
+      ..eec4db52
+    }..94a168c3
+    fu..e3615abc
+      ..8ad9d22f
+    }..94a168c3
+..3d419d73
+    //..525cc6cc
+    fu..17e57acc
+      ..ff19c484
+    }..94a168c3
+    fu..4e8409bc
+      ..96b7ef12
+    }..94a168c3
+    fu..17440086
+      ..c9ae6890
+    }..94a168c3
+    fu..7f2f5242
+      ..0bb95541
+    }..94a168c3
+..3d419d73
+    //..525cc6cc
+    fu..b9be2f9f
+      ..85cac5be
+    }..94a168c3
+    fu..79f9b6bc
+      ..951a8bc3
+    }..94a168c3
+    fu..f14b1019
+      ..7f135cd6
+    }..94a168c3
+    fu..f9307e0c
+      ..5e8b3d24
+    }..94a168c3
+..3d419d73
+    //..525cc6cc
+    fu..df5d5cbe
+      ..1e820766
+    }..94a168c3
+    fu..8ef45ef8
+      ..074f9978
+    }..94a168c3
+    fu..5ab02022
+      ..4eeefb2a
+    }..94a168c3
+    fu..b6ff22cb
+      ..833e66ae
+    }..94a168c3
+..3d419d73
+    //..525cc6cc
+    fu..3f4d6a7a
+      ..ad3b76ae
+    }..94a168c3
+    fu..e0bcca8b
+      ..46ed4c4b
+    }..94a168c3
+..3d419d73
+//////..3c1dc809
+//////..5ffa1387
+//////..3c1dc809
+..3d419d73
+    Li..c850cf4b
+..3d419d73
+//////..2eecc82b
+..3d419d73
+    //..6230f209
+    fu..75ceea44
+      ..d701f878
+    }..94a168c3
+..3d419d73
+    //..6230f209
+    fu..1287d663
+      ..a7557888
+    }..94a168c3
+..3d419d73
+    //..6230f209
+    fu..d235ecfb
+      ..38ec4ab9
+    }..94a168c3
+..3d419d73
+    //..6230f209
+    fu..38a5dde7
+      ..3e24957d
+    }..94a168c3
+..3d419d73
+    //..6230f209
+    fu..447bc24d
+      ..449f808c
+    }..94a168c3
+..3d419d73
+    //..6230f209
+    fu..13c169f7
+      ..03bfc4b9
+    }..94a168c3
+..3d419d73
+//////..600f2a8e
+..3d419d73
+    //..6230f209
+    //..ee3cffaa
+    fu..59ef4c1b
+      ..84807e45
+    }..94a168c3
+..3d419d73
+    //..6230f209
+    //..ee3cffaa
+    fu..85251235
+      ..ff2dbb71
+    }..94a168c3
+..3d419d73
+    //..6230f209
+    //..ee3cffaa
+    fu..271b6546
+      ..40a115eb
+    }..94a168c3
+..3d419d73
+    //..6230f209
+    //..ee3cffaa
+    fu..2bd86454
+      ..d789a250
+    }..94a168c3
+..3d419d73
+    //..6230f209
+    //..ee3cffaa
+    fu..67ba9c8f
+      ..bc8baeae
+    }..94a168c3
+..3d419d73
+    //..6230f209
+    //..ee3cffaa
+    fu..bec86d7b
+      ..71dc67b0
+    }..94a168c3
+..3d419d73
+//////..ac79c677
+..3d419d73
+    //..6230f209
+    fu..51b3cfbb
+      ..98d13a55
+    }..94a168c3
+..3d419d73
+    //..6230f209
+    fu..7c85498a
+      ..72e6cd9a
+    }..94a168c3
+..3d419d73
+    //..6230f209
+    fu..1db38fbe
+      ..db7d6958
+    }..94a168c3
+..3d419d73
+    //..6230f209
+    fu..37ddfee1
+      ..bbde2d2c
+    }..94a168c3
+..3d419d73
+    //..6230f209
+    fu..6667b290
+      ..e3fb4b5a
+    }..94a168c3
+..3d419d73
+    //..6230f209
+    fu..174658ac
+      ..3c8b8d9c
+    }..94a168c3
+..3d419d73
+//////..3c1dc809
+..3d419d73
+}..71441d58
--- /de..f5285990
+pragma..7c9a65e6
+..3d419d73
+//////..3c1dc809
+librar..47c5ae98
+//////..3c1dc809
+..3d419d73
+    st..a69a481e
+      ..8f0a1876
+      ..092f0761
+      ..496b852c
+      ..f4ef8220
+    }..94a168c3
+..3d419d73
+    st..f0649bd7
+      ..934f69d8
+      ..3bb339f2
+      ..88363b71
+      ..3f451262
+      ..4a63c0e2
+      ..9cc0d060
+      ..59aec8e7
+      ..54d4e4c1
+      ..303e774c
+      ..34890312
+      ..17c6b974
+      ..a4f8c1de
+      ..1b7e36c9
+      ..30b473d0
+      ..cf745d66
+      ..ba5a5485
+      ..75b16753
+..3d419d73
+      ..27baeee0
+      ..7af54535
+      ..5d711a77
+      ..8c2e0ce4
+      ..c17ceb55
+      ..a69c7cfe
+..3d419d73
+      ..10fbfd91
+      ..b5765471
+      ..4301813b
+..3d419d73
+      ..c3995b69
+      ..22f561c0
+      ..316e3c3c
+      ..cd06ef25
+      ..a542ecc5
+    }..94a168c3
+..3d419d73
+//////..3c1dc809
+..3d419d73
+    st..4f68a573
+      ..e7a0f1be
+      ..eb6c99d7
+      ..57bc9cd4
+      ..b25d2f0f
+      ..8f0d557b
+      ..c70f1dc1
+    }..94a168c3
+..3d419d73
+    st..eca5522e
+      ..e7d00c54
+      ..62427d1e
+      ..5f9a4ccb
+      ..287ddc25
+    }..94a168c3
+..3d419d73
+//////..3c1dc809
+..3d419d73
+..3d419d73
+}..71441d58
--- /de..f5285990
+pragma..7c9a65e6
+..3d419d73
+//////..3c1dc809
+librar..b99ca835
+//////..3c1dc809
+..3d419d73
+..3d419d73
+//////..d5d4b8dd
+..3d419d73
+    st..f0649bd7
+      ..e2f7ac8e
+      ..f12178ab
+      ..1d02ab76
+      ..5d10d433
+      ..73989b84
+      ..5b70d706
+    }..94a168c3
+..3d419d73
+//////..2eecc82b
+..3d419d73
+    //..6230f209
+    fu..f0bc0c5a
+      ..5a009108
+    }..94a168c3
+..3d419d73
+    //..6230f209
+    fu..b9012559
+      ..34ea7670
+    }..94a168c3
+..3d419d73
+    //..6230f209
+    fu..997cce2b
+      ..c306a03e
+    }..94a168c3
+..3d419d73
+    //..6230f209
+    fu..170a915c
+      ..36d43637
+    }..94a168c3
+..3d419d73
+    //..6230f209
+    fu..35bbc685
+      ..157eb23c
+    }..94a168c3
+..3d419d73
+    //..6230f209
+    fu..e30e4a8d
+      ..acd4689a
+    }..94a168c3
+..3d419d73
+//////..600f2a8e
+..3d419d73
+    //..6230f209
+    //..ee3cffaa
+    fu..718e294c
+      ..ad6c61e9
+    }..94a168c3
+..3d419d73
+    //..6230f209
+    //..ee3cffaa
+    fu..2e2f6531
+      ..9006504d
+    }..94a168c3
+..3d419d73
+    //..6230f209
+    //..ee3cffaa
+    fu..215a7ce3
+      ..344b83cd
+    }..94a168c3
+..3d419d73
+    //..6230f209
+    //..ee3cffaa
+    fu..6b773a9b
+      ..e501a17d
+    }..94a168c3
+..3d419d73
+    //..6230f209
+    //..ee3cffaa
+    fu..f23912a8
+      ..0919bba5
+    }..94a168c3
+..3d419d73
+    //..6230f209
+    //..ee3cffaa
+    fu..b0a457dd
+      ..673f76f9
+    }..94a168c3
+..3d419d73
+//////..ac79c677
+..3d419d73
+    //..6230f209
+    fu..9f11085a
+      ..e688062e
+    }..94a168c3
+..3d419d73
+    //..6230f209
+    fu..bb93b6a2
+      ..bc275619
+    }..94a168c3
+..3d419d73
+    //..6230f209
+    fu..a27461f9
+      ..543037b8
+    }..94a168c3
+..3d419d73
+    //..6230f209
+    fu..78d3b36b
+      ..ec979788
+    }..94a168c3
+..3d419d73
+    //..6230f209
+    fu..d6437b4f
+      ..ab916dfc
+    }..94a168c3
+..3d419d73
+    //..6230f209
+    fu..fcd867ec
+      ..29b4cd58
+    }..94a168c3
+..3d419d73
+//////..3c1dc809
+..3d419d73
+}..71441d58
+++ /de..727d7ff6
-pragma..e4ba2110
-..eab1c8fe
-import..771b2f89
-import..0daad758
-..eab1c8fe
-contra..0aa20426
-..eab1c8fe
-//////..d0d64b9e
-//////..45aa4bed
-//////..d0d64b9e
-..eab1c8fe
-    ma..43963bdc
-    ma..0e2aefbd
-..eab1c8fe
-//////..d0d64b9e
-//////..2cb61d4b
-//////..d0d64b9e
-..eab1c8fe
-    mo..691c7e7a
-      ..b1e4d4b5
-      ..5e395f03
-    }..ebe48778
-..eab1c8fe
-    mo..e52fea4e
-      ..a9bc0367
-      ..5e395f03
-    }..ebe48778
-..eab1c8fe
-//////..d0d64b9e
-//////..3a0f09c7
-//////..d0d64b9e
-..eab1c8fe
-    co..0cca8d90
-    pu..c1a34a69
-      ..d4d565dd
-    }..ebe48778
-..eab1c8fe
-    /*..a76bf59f
-      ..b51bfc39
-     *..0dd68949
-    fu..2efe23a4
-..eab1c8fe
-    fu..edede3a8
-      ..d4d565dd
-    }..ebe48778
-..eab1c8fe
-    fu..7ececcea
-      ..0db7c3b6
-    }..ebe48778
-..eab1c8fe
-    fu..b413efaf
-      ..2cdde9ca
-    }..ebe48778
-..eab1c8fe
-    fu..6c4848a8
-      ..a5adeabb
-    }..ebe48778
-..eab1c8fe
-//////..d0d64b9e
-//////..221b181c
-//////..d0d64b9e
-..eab1c8fe
-    Li..16eb1fb7
-..eab1c8fe
-    fu..85c65cfe
-      ..6d783e33
-    }..ebe48778
-    fu..a3d2aa41
-      ..9243bc85
-    }..ebe48778
-..eab1c8fe
-    fu..9e29ea82
-      ..789edfe1
-    }..ebe48778
-    fu..f16e6df9
-      ..81f0625d
-    }..ebe48778
-..eab1c8fe
-    fu..148edb6f
-      ..0c5a2859
-      ..8f604547
-    }..ebe48778
-    fu..2f1f0490
-      ..9dc7159a
-    }..ebe48778
-    fu..220019d5
-      ..112d741d
-    }..ebe48778
-..eab1c8fe
-    fu..2ec9fab1
-      ..0c5a2859
-      ..b392373b
-    }..ebe48778
-    fu..919ca4ff
-      ..53386597
-    }..ebe48778
-..eab1c8fe
-    fu..757f4c9d
-      ..0c5a2859
-      ..fbc094ec
-    }..ebe48778
-    fu..8d45c895
-      ..344db4fb
-    }..ebe48778
-..eab1c8fe
-    fu..a50df6ee
-      ..0c5a2859
-      ..3952fb49
-    }..ebe48778
-    fu..2ac31a3b
-      ..f8380bb8
-    }..ebe48778
-..eab1c8fe
-    fu..86cd3095
-      ..0c5a2859
-      ..be9f415d
-    }..ebe48778
-    fu..57cfda04
-      ..71eaa6df
-    }..ebe48778
-..eab1c8fe
-    fu..d9b0cae1
-      ..a5b6360a
-    }..ebe48778
-    fu..eef420ca
-      ..5b150456
-    }..ebe48778
-..eab1c8fe
-    fu..1519928c
-      ..4aa9f365
-    }..ebe48778
-    fu..323ed3a1
-      ..c683a0d6
-    }..ebe48778
-..eab1c8fe
-    fu..388bd44e
-      ..4ba79312
-    }..ebe48778
-    fu..975fb882
-      ..966fb5e5
-    }..ebe48778
-..eab1c8fe
-    fu..be433b31
-      ..a4429e43
-    }..ebe48778
-    fu..db9e859e
-      ..f8bc9706
-    }..ebe48778
-..eab1c8fe
-    fu..15ffdbdd
-      ..8bd07449
-    }..ebe48778
-    fu..0dc1e3aa
-      ..09b5f8c3
-    }..ebe48778
-..eab1c8fe
-    fu..d4df03ba
-      ..d80710b6
-    }..ebe48778
-    fu..53c07a13
-      ..cc7d208a
-    }..ebe48778
-..eab1c8fe
-    fu..64fda243
-      ..b80a0997
-    }..ebe48778
-    fu..aabd1296
-      ..d574ce8b
-    }..ebe48778
-..eab1c8fe
-    fu..61203072
-      ..8a450360
-    }..ebe48778
-    fu..3d221a47
-      ..c400cb95
-    }..ebe48778
-..eab1c8fe
-    fu..98c9a346
-      ..5d57f71b
-    }..ebe48778
-    fu..5ac67f44
-      ..f781b25e
-    }..ebe48778
-..eab1c8fe
-    fu..fffec79d
-      ..c493381b
-    }..ebe48778
-    fu..45845fa1
-      ..69703077
-    }..ebe48778
-..eab1c8fe
-    fu..493af8d6
-      ..c08ab1f5
-    }..ebe48778
-    fu..82eaa87c
-      ..052947ea
-    }..ebe48778
-..eab1c8fe
-    fu..08f0b54d
-      ..9a9b7cc3
-    }..ebe48778
-    fu..123b7fe6
-      ..ad45ee51
-    }..ebe48778
-..eab1c8fe
-    fu..bed1cdbf
-      ..ac81cd50
-    }..ebe48778
-    fu..a5b4f8af
-      ..4906c70f
-    }..ebe48778
-..eab1c8fe
-    fu..8d03543a
-      ..69f95b53
-    }..ebe48778
-    fu..812dc698
-      ..8e85788d
-    }..ebe48778
-..eab1c8fe
-    fu..054c6ced
-      ..2fccd836
-    }..ebe48778
-    fu..57ff6bcb
-      ..a5f622e6
-    }..ebe48778
-..eab1c8fe
-    fu..c06adece
-      ..cde641b5
-    }..ebe48778
-    fu..27cd121b
-      ..444d2e93
-    }..ebe48778
-..eab1c8fe
-    fu..d648f1ef
-      ..54788e34
-    }..ebe48778
-..eab1c8fe
-    fu..62abbd0f
-      ..3e8986ba
-    }..ebe48778
-..eab1c8fe
-    fu..b32df13e
-..eab1c8fe
-      ..563c0561
-..eab1c8fe
-      ..b33dcb93
-..eab1c8fe
-      ..80b7a8be
-      ..8ba4c535
-      ..a620915e
-      ..5b595fbc
-      ..f83568e3
-    }..ebe48778
-..eab1c8fe
-    fu..0e5944cc
-      ..c1f0d2aa
-    }..ebe48778
-..eab1c8fe
-    fu..f0cfbe92
-      ..1d8d0a7e
-    }..ebe48778
-    fu..0572cd3b
-      ..51b079a2
-    }..ebe48778
-..eab1c8fe
-    fu..cb6298a6
-      ..6df352e8
-    }..ebe48778
-    fu..67595161
-      ..a03f32e5
-    }..ebe48778
-..eab1c8fe
-    fu..b914c684
-      ..6c4cedaf
-    }..ebe48778
-    fu..af2f0875
-      ..a0d93150
-    }..ebe48778
-..eab1c8fe
-    fu..ddd24407
-      ..44325b39
-    }..ebe48778
-    fu..741de76e
-      ..12700a56
-    }..ebe48778
-..eab1c8fe
-    fu..77635582
-      ..e4d6053e
-    }..ebe48778
-    fu..acfd0d16
-      ..f8f4ed6a
-    }..ebe48778
-..eab1c8fe
-    fu..74a31ab3
-      ..c51945a9
-    }..ebe48778
-    fu..79428133
-      ..f427ff34
-    }..ebe48778
-..eab1c8fe
-    fu..ad1f6d87
-      ..6c5871c9
-    }..ebe48778
-    fu..5b0dc1e0
-      ..9d8fe609
-    }..ebe48778
-..eab1c8fe
-    fu..89c67611
-      ..b9e70dd9
-    }..ebe48778
-    fu..164bd90b
-      ..805ad337
-    }..ebe48778
-..eab1c8fe
-    fu..e39e29b6
-      ..99bba1ae
-    }..ebe48778
-    fu..1f6bbe2b
-      ..66229d3a
-    }..ebe48778
-..eab1c8fe
-    fu..50ae1a5f
-      ..48ac2a61
-      ..badb8f8f
-      ..ef7868a9
-      ..a13033eb
-      ..fb95708a
-      ..704fcdfd
-      ..5aec29e3
-    ex..73830dbc
-    ap..86cec46e
-      ..b38455bf
-      ..708d3707
-..eab1c8fe
-      ..21db4f94
-      ..f338778f
-      ..bdb05861
-      ..f83568e3
-..eab1c8fe
-      ..e03d96d6
-      ..5a98bd36
-      ..f83568e3
-..eab1c8fe
-      ..6d15ddd0
-      ..74817883
-      ..f83568e3
-..eab1c8fe
-      ..fd8a84bd
-      ..0601d133
-    }..ebe48778
-..eab1c8fe
-    fu..6bd29d75
-      ..48ac2a61
-      ..d9c2988c
-      ..6dc7e1f1
-      ..f57e9d73
-    ex..73830dbc
-    ap..86cec46e
-      ..88feaa0e
-      ..f22bc704
-..eab1c8fe
-      ..7b7f8906
-      ..ad7dd3b4
-..eab1c8fe
-      ..8abb2160
-      ..16124974
-..eab1c8fe
-    }..ebe48778
-..eab1c8fe
-    fu..ab91d1d2
-      ..48ac2a61
-      ..a3a5c75c
-      ..ba7bb0bc
-      ..ad6207a1
-      ..386159e0
-    ex..73830dbc
-    ap..86cec46e
-      ..7903ba64
-      ..b94dbd6a
-..eab1c8fe
-      ..982c0f1f
-      ..a709d295
-..eab1c8fe
-      ..22deb0c3
-      ..0dbca183
-..eab1c8fe
-      ..408e94e6
-      ..4cbc203f
-    }..ebe48778
-..eab1c8fe
-//////..d0d64b9e
-//////..bceebb47
-//////..d0d64b9e
-..eab1c8fe
-    Li..8c2590c6
-..eab1c8fe
-    //..eb451b18
-    fu..e95d3e8a
-      ..be964175
-    }..ebe48778
-    fu..92a5b1e5
-      ..43725ccd
-    }..ebe48778
-    fu..bd8ff732
-      ..fcda968d
-    }..ebe48778
-..eab1c8fe
-    //..eb451b18
-    fu..a994e87f
-      ..c91f706e
-      ..616a3a61
-      ..e9b5b35e
-      ..f2edbaaa
-      ..d381720b
-      ..2563c035
-      ..e98e433c
-    ) ..c7659be9
-      ..55a3abc2
-      ..4f6755c8
-      ..079d8faf
-      ..832b609e
-      ..f1a752a6
-      ..e6f2607a
-      ..0b57e8de
-    }..ebe48778
-..eab1c8fe
-    //..eb451b18
-    fu..8c4f64fa
-      ..692b6ab0
-    }..ebe48778
-    fu..49d9b1a7
-      ..d1d1cd99
-    }..ebe48778
-..eab1c8fe
-    //..eb451b18
-    fu..2c7ea31e
-      ..7879b84d
-    }..ebe48778
-    fu..bc04b92a
-      ..0c42af61
-    }..ebe48778
-..eab1c8fe
-    //..eb451b18
-    fu..38003c83
-      ..f28f152c
-    }..ebe48778
-    fu..75d9498b
-      ..e477d24d
-    }..ebe48778
-..eab1c8fe
-    //..eb451b18
-    fu..c386c149
-      ..8a625745
-    }..ebe48778
-    fu..e25cdbc6
-      ..f4a9ebef
-    }..ebe48778
-    fu..e1478ca2
-      ..94955e7f
-    }..ebe48778
-    fu..7476b838
-      ..23134b47
-    }..ebe48778
-..eab1c8fe
-    //..eb451b18
-    fu..0fab642d
-      ..f59533e3
-    }..ebe48778
-    fu..b8a5a92d
-      ..5d7e4367
-    }..ebe48778
-    fu..5e595834
-      ..ed87520c
-    }..ebe48778
-    fu..fc220797
-      ..e826d535
-    }..ebe48778
-..eab1c8fe
-    //..eb451b18
-    fu..c0076641
-      ..ea9768a5
-    }..ebe48778
-    fu..70df694c
-      ..dbddc2af
-    }..ebe48778
-    fu..7cb01247
-      ..81a5eb03
-    }..ebe48778
-    fu..3b7ba9b6
-      ..3651ce3d
-    }..ebe48778
-..eab1c8fe
-    //..eb451b18
-    fu..d1be55c7
-      ..a01472eb
-    }..ebe48778
-    fu..966fdf7d
-      ..c4942522
-    }..ebe48778
-    fu..acb28f3d
-      ..bce3654e
-    }..ebe48778
-    fu..a43d601c
-      ..344b2373
-    }..ebe48778
-..eab1c8fe
-    //..eb451b18
-    fu..efef5c1d
-      ..fa58f054
-    }..ebe48778
-    fu..e2d2c478
-      ..3d5e5ed4
-    }..ebe48778
-..eab1c8fe
-//////..d0d64b9e
-//////..1ce7c912
-//////..d0d64b9e
-..eab1c8fe
-    Li..5e5551b6
-..eab1c8fe
-//////..46bcd1a1
-..eab1c8fe
-    //..acaf16bf
-    fu..487a7ee4
-      ..77b0ae62
-    }..ebe48778
-..eab1c8fe
-    //..acaf16bf
-    fu..2308a2ee
-      ..0752684b
-    }..ebe48778
-..eab1c8fe
-    //..acaf16bf
-    fu..51e5b7e7
-      ..b50f1517
-    }..ebe48778
-..eab1c8fe
-    //..acaf16bf
-    fu..3093f1b3
-      ..d1d47616
-    }..ebe48778
-..eab1c8fe
-    //..acaf16bf
-    fu..49ad30e7
-      ..abb4357c
-    }..ebe48778
-..eab1c8fe
-    //..acaf16bf
-    fu..1df545d3
-      ..68cd67c3
-    }..ebe48778
-..eab1c8fe
-//////..a2925c02
-..eab1c8fe
-    //..acaf16bf
-    //..c2682908
-    fu..05b186f4
-      ..b715e83f
-    }..ebe48778
-..eab1c8fe
-    //..acaf16bf
-    //..c2682908
-    fu..4ea5ae7a
-      ..e9a56df6
-    }..ebe48778
-..eab1c8fe
-    //..acaf16bf
-    //..c2682908
-    fu..bc8631fc
-      ..84087d3e
-    }..ebe48778
-..eab1c8fe
-    //..acaf16bf
-    //..c2682908
-    fu..36f1779f
-      ..2e509a4c
-    }..ebe48778
-..eab1c8fe
-    //..acaf16bf
-    //..c2682908
-    fu..aa1ef9b3
-      ..eaa3de86
-    }..ebe48778
-..eab1c8fe
-    //..acaf16bf
-    //..c2682908
-    fu..6dc0b364
-      ..b4afc40a
-    }..ebe48778
-..eab1c8fe
-//////..61976567
-..eab1c8fe
-    //..acaf16bf
-    fu..32b75ffd
-      ..d2808fa1
-    }..ebe48778
-..eab1c8fe
-    //..acaf16bf
-    fu..f4fd110f
-      ..3e9a0ef5
-    }..ebe48778
-..eab1c8fe
-    //..acaf16bf
-    fu..ec124993
-      ..80c937ae
-    }..ebe48778
-..eab1c8fe
-    //..acaf16bf
-    fu..d10c1966
-      ..69afbd9a
-    }..ebe48778
-..eab1c8fe
-    //..acaf16bf
-    fu..dbe679e0
-      ..c12d1380
-    }..ebe48778
-..eab1c8fe
-    //..acaf16bf
-    fu..d6a54f10
-      ..b78744fa
-    }..ebe48778
-..eab1c8fe
-//////..d0d64b9e
-..eab1c8fe
-}..dfe7a4e2
--- /de..f5285990
+pragma..7c9a65e6
+..3d419d73
+interf..fd0e5da8
+..3d419d73
+//////..3c1dc809
+//////..e9fed6f8
+//////..3c1dc809
+..3d419d73
+//////..3c1dc809
+//////..21524a6a
+//////..3c1dc809
+..3d419d73
+    fu..9a4881f2
+    fu..59a29f3d
+..3d419d73
+    fu..cc690cbe
+    fu..72ff9a5e
+..3d419d73
+    fu..c56cfd81
+    fu..bffb5bf2
+    fu..7e18bac6
+..3d419d73
+    fu..c0f093ea
+    fu..44c643aa
+    fu..f1505e08
+    fu..e5223a15
+    fu..0b925e93
+    fu..257093f6
+    fu..c2a36df8
+    fu..cee40775
+..3d419d73
+    fu..30f28d86
+    fu..3e90d17d
+..3d419d73
+    fu..561c619c
+    fu..4575b1bc
+..3d419d73
+    fu..fcb33970
+    fu..3bceb7b8
+..3d419d73
+    fu..2e5f4759
+    fu..4be37432
+..3d419d73
+    fu..09114e08
+    fu..5255fe59
+..3d419d73
+    fu..3e52c100
+    fu..77030df2
+..3d419d73
+    fu..a106aa08
+    fu..96b6a34a
+..3d419d73
+    fu..ee013e60
+    fu..ff356124
+..3d419d73
+    fu..113d1839
+    fu..b9d16161
+..3d419d73
+    fu..67e119ac
+    fu..9900d33b
+..3d419d73
+    fu..58484221
+    fu..a6cdf9ef
+..3d419d73
+    fu..de43d90d
+    fu..28c3fc1e
+..3d419d73
+    fu..995a3386
+    fu..ec52d383
+..3d419d73
+    fu..f9db57e1
+    fu..e8fea16e
+..3d419d73
+    fu..3c584cd6
+    fu..e73f4176
+..3d419d73
+    fu..103db354
+    fu..2833a357
+..3d419d73
+    fu..7c62c5b4
+    fu..5f32290e
+    fu..b0d51149
+..3d419d73
+    fu..dfa79a42
+    fu..f4f3d01f
+..3d419d73
+    fu..787c1cd9
+    fu..66fcc9b6
+..3d419d73
+    fu..54d1eaf1
+    fu..ca8844b6
+..3d419d73
+    fu..f96022ed
+    fu..4ebabfd4
+..3d419d73
+    fu..80034ec3
+    fu..8679cb68
+..3d419d73
+    fu..be1c6adc
+    fu..17755874
+..3d419d73
+    fu..d2ca1cba
+    fu..3d58c0d7
+..3d419d73
+    fu..b1e8ed58
+    fu..c2414e8f
+..3d419d73
+    fu..37b9157c
+    fu..9e39adf8
+..3d419d73
+    fu..c43441df
+    fu..01841a98
+..3d419d73
+    fu..be31d250
+      ..ee6d0bd3
+      ..6491bcc2
+      ..c77106d9
+      ..6594dd2f
+      ..5baa8729
+      ..24deeca8
+      ..e6d4417c
+    ) ..55424d41
+..3d419d73
+    fu..5b4e1938
+      ..ee6d0bd3
+      ..1322756c
+      ..6f8b1279
+      ..d9ecfabc
+    ) ..55424d41
+..3d419d73
+    fu..65458ae1
+      ..ee6d0bd3
+      ..45b5b7d9
+      ..2f03db41
+      ..ee7adc2c
+      ..d9a28e3a
+    ) ..55424d41
+..3d419d73
+//////..3c1dc809
+//////..d8ebc62f
+//////..3c1dc809
+..3d419d73
+    fu..aa138f52
+    fu..bdef8796
+    fu..da3cdc74
+..3d419d73
+    fu..6f3501f9
+      ..bc4c7350
+      ..dadb89d6
+      ..5eb4a9a8
+      ..29d71c99
+      ..ed3dcb7b
+      ..4c5ea8ea
+      ..c0bfe69a
+    ) ..55424d41
+..3d419d73
+    fu..d24cc54f
+    fu..2ad723e7
+..3d419d73
+    fu..d6f4cb2f
+    fu..69e826e0
+..3d419d73
+    fu..293bf688
+    fu..ef9e85fb
+..3d419d73
+    fu..14d729a9
+    fu..3d8a5850
+    fu..ebe20922
+    fu..3d344fc9
+..3d419d73
+    fu..cf92df0c
+    fu..474f3f88
+    fu..9a2c6c20
+    fu..95a51695
+..3d419d73
+    fu..f901dd33
+    fu..f3fe308c
+    fu..693a3eda
+    fu..b93406c9
+..3d419d73
+    fu..7472d09d
+    fu..6ad41d13
+    fu..5a8ef4d4
+    fu..9cc1adb6
+..3d419d73
+    fu..d50132a6
+    fu..c0272910
+..3d419d73
+//////..3c1dc809
+//////..5ffa1387
+//////..3c1dc809
+..3d419d73
+//////..2eecc82b
+..3d419d73
+    //..6230f209
+    fu..c30a26be
+    //..6230f209
+    fu..2f9c5be3
+..3d419d73
+    //..6230f209
+    fu..5e5ca5ec
+..3d419d73
+    //..6230f209
+    fu..0d5e018b
+..3d419d73
+    //..6230f209
+    fu..96f65387
+..3d419d73
+    //..6230f209
+    fu..37e3adf5
+..3d419d73
+//////..600f2a8e
+..3d419d73
+    //..6230f209
+    //..ee3cffaa
+    fu..f7a036ad
+..3d419d73
+    //..6230f209
+    //..ee3cffaa
+    fu..0ac9698a
+..3d419d73
+    //..6230f209
+    //..ee3cffaa
+    fu..b4fb25b0
+..3d419d73
+    //..6230f209
+    //..ee3cffaa
+    fu..ab96deea
+..3d419d73
+    //..6230f209
+    //..ee3cffaa
+    fu..68a8a420
+..3d419d73
+    //..6230f209
+    //..ee3cffaa
+    fu..e99b206e
+..3d419d73
+//////..ac79c677
+..3d419d73
+    //..6230f209
+    fu..dd222605
+..3d419d73
+    //..6230f209
+    fu..2ca48d72
+..3d419d73
+    //..6230f209
+    fu..09eabc99
+..3d419d73
+    //..6230f209
+    fu..4aaf0909
+..3d419d73
+    //..6230f209
+    fu..fbdf60f5
+..3d419d73
+    //..6230f209
+    fu..e74973c2
+..3d419d73
+//////..3c1dc809
+..3d419d73
+}..71441d58
+++ /de..727d7ff6
-pragma..e4ba2110
-..eab1c8fe
-interf..c4249471
-..eab1c8fe
-//////..d0d64b9e
-//////..45aa4bed
-//////..d0d64b9e
-..eab1c8fe
-//////..d0d64b9e
-//////..221b181c
-//////..d0d64b9e
-..eab1c8fe
-    fu..645d5d03
-    fu..a20131c5
-..eab1c8fe
-    fu..5b8a7cc3
-    fu..0c285351
-..eab1c8fe
-    fu..db6595f2
-    fu..76d5df25
-    fu..49a3732a
-..eab1c8fe
-    fu..4d001fdb
-    fu..37c8a9a1
-    fu..a98e6deb
-    fu..96c89210
-    fu..e46a8c24
-    fu..379c488e
-    fu..6fa0437b
-    fu..e507b372
-..eab1c8fe
-    fu..966d0f0b
-    fu..e967aba3
-..eab1c8fe
-    fu..22f01492
-    fu..fb3386b0
-..eab1c8fe
-    fu..b4b604e9
-    fu..2ff00b00
-..eab1c8fe
-    fu..d2255b2b
-    fu..4a3d0b59
-..eab1c8fe
-    fu..55886e2a
-    fu..978b1162
-..eab1c8fe
-    fu..d6b1505a
-    fu..b4afa402
-..eab1c8fe
-    fu..8992f9e1
-    fu..ba3746f9
-..eab1c8fe
-    fu..3e39b425
-    fu..bac306c1
-..eab1c8fe
-    fu..35027ed2
-    fu..bbe84c6d
-..eab1c8fe
-    fu..532d65b8
-    fu..6600e001
-..eab1c8fe
-    fu..5f212976
-    fu..fa97bfca
-..eab1c8fe
-    fu..b9d3a45f
-    fu..09846bf9
-..eab1c8fe
-    fu..efdfc3bc
-    fu..4c3f8629
-..eab1c8fe
-    fu..4862ba02
-    fu..26fb2d81
-..eab1c8fe
-    fu..5a0c06ea
-    fu..97493f25
-..eab1c8fe
-    fu..4da7be59
-    fu..7326110d
-..eab1c8fe
-    fu..1117e40f
-    fu..d0e0492c
-    fu..52c96453
-..eab1c8fe
-    fu..8be8d576
-    fu..9541c61a
-..eab1c8fe
-    fu..be960619
-    fu..82ab9954
-..eab1c8fe
-    fu..c95fda31
-    fu..14ff54be
-..eab1c8fe
-    fu..9443f418
-    fu..09a2d449
-..eab1c8fe
-    fu..34aa4415
-    fu..a1770d4e
-..eab1c8fe
-    fu..c8f8f71e
-    fu..1d85132c
-..eab1c8fe
-    fu..adc89a87
-    fu..7973c2c8
-..eab1c8fe
-    fu..6176e4fe
-    fu..8c703564
-..eab1c8fe
-    fu..7f60ba61
-    fu..dd450025
-..eab1c8fe
-    fu..d164e617
-    fu..11d8ad9a
-..eab1c8fe
-    fu..50ae1a5f
-      ..48ac2a61
-      ..badb8f8f
-      ..ef7868a9
-      ..a13033eb
-      ..fb95708a
-      ..704fcdfd
-      ..a6c9b55a
-    ) ..e2bb1800
-..eab1c8fe
-    fu..6bd29d75
-      ..48ac2a61
-      ..d9c2988c
-      ..6dc7e1f1
-      ..bb5c2c68
-    ) ..e2bb1800
-..eab1c8fe
-    fu..ab91d1d2
-      ..48ac2a61
-      ..a3a5c75c
-      ..ba7bb0bc
-      ..ad6207a1
-      ..26580234
-    ) ..e2bb1800
-..eab1c8fe
-//////..d0d64b9e
-//////..bceebb47
-//////..d0d64b9e
-..eab1c8fe
-    fu..bd98a97a
-    fu..d3ff057d
-    fu..0513b544
-..eab1c8fe
-    fu..a994e87f
-      ..c91f706e
-      ..616a3a61
-      ..e9b5b35e
-      ..f2edbaaa
-      ..d381720b
-      ..2563c035
-      ..e98e433c
-    ) ..e2bb1800
-..eab1c8fe
-    fu..f08135fd
-    fu..d9505d7f
-..eab1c8fe
-    fu..7e163681
-    fu..7218ffa9
-..eab1c8fe
-    fu..0b6f6682
-    fu..9207709e
-..eab1c8fe
-    fu..63ca55f5
-    fu..cfc28ff0
-    fu..6f019335
-    fu..0d17f63f
-..eab1c8fe
-    fu..97379ca9
-    fu..4d887a24
-    fu..15f82c82
-    fu..9026ae54
-..eab1c8fe
-    fu..891f64e1
-    fu..c720676b
-    fu..dadd969c
-    fu..f9caf24e
-..eab1c8fe
-    fu..a46c28ea
-    fu..c5059f3c
-    fu..693a5a60
-    fu..042d85bc
-..eab1c8fe
-    fu..2729f7bd
-    fu..e202c0a7
-..eab1c8fe
-//////..d0d64b9e
-//////..1ce7c912
-//////..d0d64b9e
-..eab1c8fe
-//////..46bcd1a1
-..eab1c8fe
-    //..acaf16bf
-    fu..5d114785
-    //..acaf16bf
-    fu..d7a056c3
-..eab1c8fe
-    //..acaf16bf
-    fu..723793c2
-..eab1c8fe
-    //..acaf16bf
-    fu..1ad8ebbd
-..eab1c8fe
-    //..acaf16bf
-    fu..29bdb756
-..eab1c8fe
-    //..acaf16bf
-    fu..29524d27
-..eab1c8fe
-//////..a2925c02
-..eab1c8fe
-    //..acaf16bf
-    //..c2682908
-    fu..a5c33573
-..eab1c8fe
-    //..acaf16bf
-    //..c2682908
-    fu..e12925e3
-..eab1c8fe
-    //..acaf16bf
-    //..c2682908
-    fu..35b801f5
-..eab1c8fe
-    //..acaf16bf
-    //..c2682908
-    fu..679d46b6
-..eab1c8fe
-    //..acaf16bf
-    //..c2682908
-    fu..0446f441
-..eab1c8fe
-    //..acaf16bf
-    //..c2682908
-    fu..16cef8d2
-..eab1c8fe
-//////..61976567
-..eab1c8fe
-    //..acaf16bf
-    fu..fc8fb4df
-..eab1c8fe
-    //..acaf16bf
-    fu..65b2fba6
-..eab1c8fe
-    //..acaf16bf
-    fu..cc5e1118
-..eab1c8fe
-    //..acaf16bf
-    fu..c51d5f26
-..eab1c8fe
-    //..acaf16bf
-    fu..15ecda7e
-..eab1c8fe
-    //..acaf16bf
-    fu..be7200c2
-..eab1c8fe
-//////..d0d64b9e
-..eab1c8fe
-}..dfe7a4e2
+++ /de..727d7ff6
-pragma..e4ba2110
-..eab1c8fe
-//////..d0d64b9e
-librar..047ff3cc
-//////..d0d64b9e
-..eab1c8fe
-    st..fc5f36d7
-      ..a9cfdcb0
-      ..3a7a7ef5
-      ..5971d4b7
-      ..c3dd057d
-    }..ebe48778
-..eab1c8fe
-    st..d872fef0
-      ..23e28b52
-      ..50796e09
-      ..cd54c2ed
-      ..b516a1d6
-      ..f97bfd0c
-      ..aca9e54e
-      ..50bdebac
-      ..fe2382c6
-      ..3fc20791
-      ..221767df
-      ..b9bae907
-      ..25b5e72e
-      ..6009e3d7
-      ..e63fc849
-      ..4c557266
-      ..3c6e397e
-      ..6cf45965
-..eab1c8fe
-      ..03168bbf
-      ..4db1be6a
-      ..93a2e672
-      ..1447e879
-      ..26881d92
-      ..605dbc5d
-..eab1c8fe
-      ..e3200b6f
-      ..98136d5d
-      ..f6aa199e
-..eab1c8fe
-      ..7bc2e6f8
-      ..ff18a80e
-      ..c474c3b8
-      ..da4283b7
-      ..05287693
-    }..ebe48778
-..eab1c8fe
-//////..d0d64b9e
-..eab1c8fe
-    st..7ebe70cc
-      ..de37c587
-      ..23228a61
-      ..1c438597
-      ..f453a46c
-      ..2efb238c
-      ..9784052d
-    }..ebe48778
-..eab1c8fe
-    st..83070f3e
-      ..e6f48eb6
-      ..ffcee8b3
-      ..1a79a8dd
-      ..99aca09d
-    }..ebe48778
-..eab1c8fe
-//////..d0d64b9e
-..eab1c8fe
-..eab1c8fe
-}..dfe7a4e2
+++ /de..727d7ff6
-pragma..e4ba2110
-..eab1c8fe
-//////..d0d64b9e
-librar..28593382
-//////..d0d64b9e
-..eab1c8fe
-..eab1c8fe
-//////..129d7cfd
-..eab1c8fe
-    st..d872fef0
-      ..0bdeba1d
-      ..557ae30b
-      ..7648b441
-      ..55edb651
-      ..5786dfdb
-      ..f4480716
-    }..ebe48778
-..eab1c8fe
-//////..46bcd1a1
-..eab1c8fe
-    //..acaf16bf
-    fu..69e83af2
-      ..7db14554
-    }..ebe48778
-..eab1c8fe
-    //..acaf16bf
-    fu..212c6366
-      ..f3e747e9
-    }..ebe48778
-..eab1c8fe
-    //..acaf16bf
-    fu..11dd6880
-      ..603f2662
-    }..ebe48778
-..eab1c8fe
-    //..acaf16bf
-    fu..322d57cb
-      ..bd534e4f
-    }..ebe48778
-..eab1c8fe
-    //..acaf16bf
-    fu..17287c18
-      ..41e645a2
-    }..ebe48778
-..eab1c8fe
-    //..acaf16bf
-    fu..0290bd28
-      ..c7b9aeb6
-    }..ebe48778
-..eab1c8fe
-//////..a2925c02
-..eab1c8fe
-    //..acaf16bf
-    //..c2682908
-    fu..1fba4fa9
-      ..e0eb25ee
-    }..ebe48778
-..eab1c8fe
-    //..acaf16bf
-    //..c2682908
-    fu..81b48d19
-      ..3d33ed4b
-    }..ebe48778
-..eab1c8fe
-    //..acaf16bf
-    //..c2682908
-    fu..22b4d508
-      ..1feab6dd
-    }..ebe48778
-..eab1c8fe
-    //..acaf16bf
-    //..c2682908
-    fu..45fdc3ec
-      ..f99b73c2
-    }..ebe48778
-..eab1c8fe
-    //..acaf16bf
-    //..c2682908
-    fu..5e07968f
-      ..2ce372e1
-    }..ebe48778
-..eab1c8fe
-    //..acaf16bf
-    //..c2682908
-    fu..55e90bbe
-      ..04f0e7b1
-    }..ebe48778
-..eab1c8fe
-//////..61976567
-..eab1c8fe
-    //..acaf16bf
-    fu..485ce0ac
-      ..6e572df2
-    }..ebe48778
-..eab1c8fe
-    //..acaf16bf
-    fu..be6b778e
-      ..b2b4c81f
-    }..ebe48778
-..eab1c8fe
-    //..acaf16bf
-    fu..4a74622e
-      ..0ab60b19
-    }..ebe48778
-..eab1c8fe
-    //..acaf16bf
-    fu..91ee97b3
-      ..36efa3d6
-    }..ebe48778
-..eab1c8fe
-    //..acaf16bf
-    fu..0a1d4679
-      ..f938633e
-    }..ebe48778
-..eab1c8fe
-    //..acaf16bf
-    fu..597c5cf6
-      ..8a2114a4
-    }..ebe48778
-..eab1c8fe
-//////..d0d64b9e
-..eab1c8fe
-}..dfe7a4e2
-var Li..9a633a26
-var Li..1333b51e
+var Li..50a78d29
+var Li..e890ae9e
-var En..05f4c0bc
+var Cr..0f35b6a4
-    de..089b6ab3
-    de..406d6a48
+    de..2aab4626
+    de..78a48bf7
-    de..092ff706
-    de..f7116a14
+    de..79b83d0d
+    de..bbe6f02f
-    de..549e43b0
+    de..894efa65
-      ..b7c2a5ec
+      ..383f1171
-const ..f2265d6a
+const ..01c51259
-const ..f2265d6a
+const ..01c51259
-const ..f2265d6a
+const ..01c51259
-const ..f2265d6a
+const ..01c51259
-const ..f2265d6a
+const ..01c51259
-const ..f2265d6a
+const ..01c51259
-      ..06a7ec06
+      ..4cc2ddcf
-      ..06a7ec06
+      ..4cc2ddcf
-      ..06a7ec06
+      ..4cc2ddcf
-      ..497cbca8
+      ..840a7695
+      ..c05e1391
-      ..bfd9a5d8
-      ..766562a9
+      ..1ba8edc1
+      ..69f013d7
-const ..f2265d6a
+const ..01c51259
-const ..f2265d6a
+const ..01c51259
-const ..f2265d6a
+const ..01c51259
-const ..f2265d6a
+const ..01c51259