-      ..c20840bf
-      ..4252f54c
+      ..74895380
+      ..d7498937
-      ..88c181c2
-      ..2ec189e4
-      ..f1884b5b
+      ..69795786
+      ..50aa3cee
+      ..e91f3a58
-    fu..46f7645a
+    fu..fc710062
-      ..7e927686
+      ..3354501e
-      ..d70acffa
+      ..56b7ba54
-      ..2cf70dbf
+      ..6a7066f6
-    fu..feeafff1
+    fu..4c59070b
-    fu..d507c31c
+    fu..da76f3fa
-      ..4dcdc660
+      ..791dc2dc
-    it..e132a170
+    it..85daca5f
-      ..3976b363
+      ..cb3b8ebd
-      ..973d51d9
+      ..039617c0
-      ..9e3645bc
+      ..84ae6b27
-      ..1769d685
-      ..cab57d68
+      ..9fd797a8
+      ..daea3386
-      ..415bb208
-      ..f57baee9
+      ..1cc4bbd4
+      ..70abc995
-      ..3a3a2300
+      ..61077f30
-      ..296d1e56
-      ..217574b7
+      ..3d4025c1
+      ..9de791b7
-      ..973d51d9
+      ..039617c0
-      ..9e3645bc
+      ..84ae6b27
-      ..1769d685
-      ..cab57d68
+      ..9fd797a8
+      ..daea3386
-      ..415bb208
-      ..f57baee9
+      ..1cc4bbd4
+      ..70abc995
-      ..3a3a2300
+      ..61077f30
-      ..c26cf6bd
-      ..5f5fc58e
+      ..bc10bd1e
+      ..12d3242b
-    it..e132a170
+    it..85daca5f
-      ..3976b363
+      ..cb3b8ebd
-      ..3b84f572
+      ..a3e36fcb
-      ..9e3645bc
+      ..84ae6b27
-      ..1769d685
-      ..cab57d68
+      ..9fd797a8
+      ..daea3386
-      ..415bb208
-      ..f57baee9
+      ..1cc4bbd4
+      ..70abc995
-      ..65dc10de
+      ..4bdb847f
-      ..d61a1e83
-      ..be729160
+      ..c3f0dfed
+      ..430967de
-      ..3976b363
+      ..cb3b8ebd
-      ..b5b0609d
+      ..16ee79a0
-      ..b619bfaa
+      ..2697c337
-      ..146ef4fd
-      ..cab57d68
+      ..9d0f30ba
+      ..daea3386
-      ..7c8ce2b4
-      ..f57baee9
+      ..a0bdf562
+      ..70abc995
-      ..20afe6d2
+      ..0b2794d3
-      ..a807178d
+      ..93e5ddbf
-      ..13d00812
+      ..047b2961
-      ..3976b363
+      ..cb3b8ebd