+    //..abb2fc3e
+    //..e97a1a77
+    ev..dc23f2a6
+    ev..00878f45
+    ev..54cb3b1c
+    ev..96036c28
+    ev..d9865e2e
+    ev..06a5a68b
+    ev..93b23054
+..3d3afe15
+    //..a0bd8ad7
+    ev..7a6b14ca
+    ev..32b1983a
+    ev..c22152b7
+    ev..e296c6a7
+    ev..a1c93578
+    ev..f498190b
+    ev..4b945be1
+    ev..1aa9b7b8
+..3d3afe15
+    //..3e9c5ff9
+    //..e1455208
+    ev..66cbbb1f
+    ev..102cac7d
+    ev..c5912290
+    //..9b760685
+    ev..e42ee4cb
+    ev..31042fe8
+    ev..ddf9350b
+    ev..9b0dfb03
+..3d3afe15
+    //..dd59bb30
+    //..9b760685
+    //..e1455208
+..3d3afe15
-    ev..e1f3a59b
-    ev..cff172cd
-    ev..a5ecd977
-    ev..732501d3
-..975f99a1
+    ev..96036c28
+    ev..d9865e2e
+    ev..06a5a68b
+    ev..93b23054
-    ev..e1f3a59b
-    ev..cff172cd
-    ev..a5ecd977
-    ev..d5702173
-    ev..732501d3
-..975f99a1
+    ev..7a6b14ca
+    ev..32b1983a
+    ev..c22152b7
+    ev..a1c93578
+    ev..f498190b
-    ev..71393c19
-    ev..b17a50b1
-    ev..8968d554
-    ev..1998fa0e
-    ev..c86bc2d6
-..975f99a1
+    ev..c22152b7
+    ev..66cbbb1f
-    ev..24495d22
-    ev..05873c10
-    ev..75ab9d50
-    ev..fc6a7dd1
-    ev..b17a50b1
+    ev..e42ee4cb
+    ev..31042fe8
+    ev..ddf9350b
+    ev..c22152b7
+    ev..66cbbb1f
-    ev..24495d22
-    ev..05873c10
-    ev..75ab9d50
-    ev..fc6a7dd1
-    ev..b17a50b1
+    ev..e42ee4cb
+    ev..31042fe8
+    ev..ddf9350b