-    fu..5180b5c2
+    fu..e6365e5d
-      ..2f48c2fe
+      ..26fc5b3b
-      ..6bf52416
+      ..9e105be3
+      ..db43c4da
+    }..94a168c3
+..3d419d73
+    /*..74877d2f
+      ..707094bb
+      ..0183b732
+     *..315d656f
+    fu..13522f0a
+    pu..e2af096f
+..3d419d73
+      ..c81d0d51
+      ..b6ad3ba7
+      ..07a898b9
+      ..db43c4da
+      ..f72fc4c8
+..3d419d73
+      ..036ae974
-    fu..e10c69d8
+    fu..e45771dc
-      ..c549bbbe
+      ..1db91705
-      ..9acdf81f
+      ..37f4ece2
-    fu..477a051a
+    fu..d7ea703e
-      ..e6632ad1
+      ..0f446a43
-      ..cd68979d
+      ..b4de8ef1
-    fu..d0fc7dc1
+    fu..33a19cc9
-      ..68f25e1e
+      ..78950530
-    fu..d6f348ae
+    fu..f441c482
-    fu..b5e77528
+    fu..fc3663da
-    fu..d0fc7dc1
+    fu..33a19cc9
-      ..68f25e1e
+      ..78950530
-    fu..d6f348ae
+    fu..f441c482
-    fu..b5e77528
+    fu..fc3663da
-    it..52d15cff
+    it..bcee317f
-      ..62369b20
-      ..24e5b359
+      ..ea97dff6
+      ..6210cdab
-    it..77bb74ad
+    it..b6e6b067
-      ..7c00cba6
-      ..50ba1ff5
+      ..595dae46
+      ..e88088a9
-      ..4dbd2108
+      ..691e14a6
-      ..e0ea1a75
+      ..b0cfa80a
-      ..25e74447
+      ..4b68c64f
-    it..52d15cff
+    it..bcee317f
-      ..2503d635
+      ..468837ba
-      ..5431f0b1
-      ..24e5b359
-      ..76f7a86c
-      ..24e5b359
-      ..09bc55d8
-      ..24e5b359
+      ..cefcde08
+      ..6210cdab
+      ..5ee0f46b
+      ..6210cdab
+      ..019b5192
+      ..6210cdab
-    it..983b1cbf
+    it..01d341c3
-      ..975e7ed4
+      ..db0f4dd3
-    it..77bb74ad
+    it..b6e6b067
-      ..15dd25dc
-      ..50ba1ff5
+      ..a4637589
+      ..e88088a9
-      ..ac2c24c6
+      ..cbb894bf
-      ..8565d8e6
+      ..cd1b5c0c
-      ..18e90482
+      ..085ab080
-      ..adde1c45
-      ..66cebf44
+      ..08ae06c1
+      ..2cb494c9
-      ..4ee5cb65
+      ..488c222c
-      ..a53119a2
+      ..ec9491cc
-      ..a53119a2
+      ..ec9491cc
-      ..275aebd1
+      ..05ab04de
-      ..93ce195d
+      ..c89b3ca6
-      ..5a526dfd
+      ..ce864c05
-      ..7f4daae1
+      ..81280d5b
-      ..84a655c7
+      ..3c0b4d2a
-      ..3ab8f2f6
+      ..ca45ca2d
-      ..d48be6c9
+      ..e6e8ec37
-      ..a57e98e9
+      ..37b58290
-      ..667be669
+      ..d5ccaa8b
-      ..fc2f75f4
-      ..d4aa87cb
+      ..4e9d809d
+      ..fb384606
-      ..7ea38029
-      ..ec0b162a
+      ..c50c8568
+      ..64090773
-      ..87562c29
+      ..a1658104
-      ..87562c29
+      ..a1658104
-      ..931dd078
+      ..ece12c51
-      ..11821121
+      ..7840caa5
-      ..931dd078
+      ..ece12c51
-      ..a8a88639
+      ..fdf7b744
-      ..57f40125
+      ..3b5a1e37
-      ..9a2af594
+      ..eacffd0e
-      ..642a4cc5
+      ..f84986b4
-      ..7594844f
+      ..ca8c1a57
-      ..9dc808da
+      ..148be141
-      ..80fd7937
+      ..b5433d80
-      ..a57e98e9
+      ..37b58290
-      ..667be669
+      ..d5ccaa8b
-      ..fc2f75f4
-      ..d4aa87cb
+      ..4e9d809d
+      ..fb384606
-      ..7ea38029
-      ..ec0b162a
+      ..c50c8568
+      ..64090773
-      ..87562c29
+      ..a1658104
-      ..87562c29
+      ..a1658104
-      ..931dd078
+      ..ece12c51
-      ..11821121
+      ..7840caa5
-      ..931dd078
+      ..ece12c51
-      ..a8a88639
+      ..fdf7b744