-    ui..42482502
+    ui..792b4fe4
-    fu..d79eb78f
+    fu..9903a5b0
-    fu..00813308
+    fu..917a1c7c
-      ..935ccab1
+      ..6f69ddc7
-      ..17a39ca5
+      ..860cb7d8
-      ..17a39ca5
+      ..860cb7d8
-      ..22fa4e09
+      ..c34899e9
-      ..c9fab864
+      ..ada61e40
-      ..c9fab864
+      ..ada61e40
-      ..4b22d844
+      ..5e8cbddc
-      ..4b22d844
+      ..5e8cbddc
-      ..4b22d844
+      ..5e8cbddc
-      ..4b22d844
+      ..5e8cbddc
-      ..c9fab864
+      ..ada61e40
-      ..c9fab864
+      ..ada61e40
-      ..c9fab864
+      ..ada61e40
-      ..c9fab864
+      ..ada61e40
-      ..c9fab864
+      ..ada61e40
-      ..01a74c07
+      ..78d81df7
-      ..fbbd36aa
+      ..e9fe4498
-      ..4b22d844
+      ..5e8cbddc
-      ..c9fab864
+      ..ada61e40
-      ..c9fab864
+      ..ada61e40
-      ..c9fab864
+      ..ada61e40
-      ..c9fab864
+      ..ada61e40
-      ..c9fab864
+      ..ada61e40
-      ..c9fab864
+      ..ada61e40
-      ..c9fab864
+      ..ada61e40
-      ..c9fab864
+      ..ada61e40
-      ..01a74c07
+      ..78d81df7
-      ..01a74c07
+      ..78d81df7
-      ..4b22d844
+      ..5e8cbddc
-      ..983bf2f7
+      ..8bc97828
-      ..4b22d844
+      ..5e8cbddc
-      ..4b22d844
+      ..5e8cbddc
-      ..4b22d844
+      ..5e8cbddc
-      ..4b22d844
+      ..5e8cbddc
-      ..4b22d844
-      ..fbbd36aa
+      ..5e8cbddc
+      ..e9fe4498
-      ..3698a2c5
+      ..1a6c5bbd
-    fu..d73b090a
+    fu..5a8702ea
-      ..32ab6949
+      ..9c3bec5e
-      ..930bd8ea
+      ..1176d761
-      ..930bd8ea
+      ..1176d761
-      ..a45ed921
+      ..c404e3b1
-      ..52a281a0
+      ..983c93c2
-      ..895ab6c2
+      ..30c37951
-      ..bc20899a
+      ..7172cf2d
-      ..895ab6c2
+      ..30c37951
-      ..4c3a4467
+      ..343c00df
-      ..895ab6c2
+      ..30c37951
-      ..07731adf
+      ..268e6457
-      ..895ab6c2
+      ..30c37951
-      ..6f2e66ed
+      ..b5d3b5b8
-      ..895ab6c2
+      ..30c37951
-      ..5006af88
+      ..33f29ccc
-      ..895ab6c2
+      ..30c37951
-      ..895ab6c2
+      ..30c37951
-      ..895ab6c2
+      ..30c37951
-    tx..27272dc8
+    tx..a92337f8
-      ..a55cd529
+      ..e34b5aff
-      ..a55cd529
+      ..e34b5aff
-      ..895ab6c2
+      ..30c37951
-    tx..27272dc8
+    tx..a92337f8
-    re..e7bcc017
+    re..79200c67