+  ////..07f307b9
+..e6729df8
-      ..a8992f6f
-    ) ..f98489e8
+      ..5665b695
+    /*..17e1d8ad
+      ..92311eaa
+      ..83e1c4c0
+     *..b663757e
+    fu..99710368
+      ..b2a4a0e2
+      ..b34cb772
+    {..200c7041
+      ..7fd4ef5f
+..e6729df8
+      ..8634c76c
+      ..37db60d6
+      ..7ec3bec9
+      ..9545fd8f
+      ..6793aba4
+    }..fe058fdb
+..e6729df8
+    /*..17e1d8ad
+      ..79821b9d
+      ..83e1c4c0
+     *..b663757e
+    fu..38e0df4b
+      ..7fd4ef5f
+..e6729df8
+      ..751406ff
+    }..fe058fdb
+..e6729df8
+..e6729df8
-      ..a8992f6f
-    );..27b159e8
+      ..151499e2
+    fu..3ea001e3
+      ..b2a4a0e2
+      ..84057cdd
+    fu..2ccc9168
-      ..05e2965e
-      ..d3c60998
-      ..f89d1581
+      ..379a0fb5
-      ..05e2965e
-      ..d3c60998
-      ..f89d1581
+      ..379a0fb5
-      ..05e2965e
-      ..d3c60998
-      ..f89d1581
+      ..379a0fb5