-    "s..6798b7b4
+    "s..8b087b41
+import..a519fa62
-      ..11d92c50
+      ..f385ef6d
-..3b6c2918
-      ..f59bd75e
+      ..43affba3
-      ..351a9511
+      ..6bef8139
-      ..351a9511
+      ..6bef8139
-      ..53c517c7
-      ..351a9511
+      ..79ee11c2
+      ..f64e3c36
+      ..1b694424
+      ..83e1c4c0
+     *..b663757e
+    fu..65645126
+..e6729df8
+      ..c6a8fe6f
+      ..6bef8139
+..e6729df8
+      ..cc7d1518
+      ..b0be3abd
+..e6729df8
+      ..6192f161
+      ..10ec8aae
+      ..120d73ef
+..e6729df8
+      ..850e2de8
+    }..fe058fdb
+..e6729df8
+    /*..17e1d8ad
-      ..351a9511
+      ..6bef8139
-      ..82419150
-      ..215873cf
+..e6729df8
+      ..7fd4ef5f
+..e6729df8
+      ..c34fdaa6
+      ..e4dbc544
+      ..76e554f8
+      ..f5f3f394
+      ..011ad40f
+      ..f53bb47d
+      ..9fdeb622
+      ..ddaae204
+      ..8634c76c
+      ..a399ad5a
+..e6729df8
-      ..4983ddaa
-      ..15027076
-      ..14395cff
-      ..204e72b2
-      ..98831a1e
-      ..bcb2f97c
-      ..05cab272
-      ..fb71c677
-      ..351a9511
+      ..6bef8139
-      ..351a9511
+      ..6bef8139
+    //..2362bae8
+    //..c443fd69
+    //..5636b326
+    //..34af26e1
+    //..08371571
+    //..45059a06
+    fu..16d766fc
+..e6729df8
+      ..c6a8fe6f
+      ..6bef8139
+..e6729df8
+      ..76c73e54
+      ..57d94e0a
+      ..569dc2b4
+      ..48182328
+    }..fe058fdb
+..e6729df8
+    fu..12acf556
+    ex..9385354a
+    va..429b3ebe
+    ad..4c88e7c4
+..e6729df8
+      ..c6a8fe6f
+      ..66749f17
+..e6729df8
+      ..1962a70f
+      ..57d94e0a
+      ..b717ec75
+      ..48182328
+    }..fe058fdb
+..e6729df8
+    fu..bfd2c9fe
+..e6729df8
+      ..c6a8fe6f
+      ..6bef8139
+..e6729df8
+      ..8eb9d9f9
+      ..57d94e0a
+      ..9517ad26
+      ..48182328
+    }..fe058fdb
+..e6729df8
-      ..351a9511
+      ..6bef8139
-      ..351a9511
+      ..6bef8139
+..e6729df8
+//////..e2a3dec3
+..e6729df8
+    //..99e38787
+    //..28b9f8eb
+    //..08ce1c36
+    //..d0cdc918
+    //..fa1328a4
+    fu..867c9fd7
+..e6729df8
+      ..8296e14b
+      ..6602ff38
+..e6729df8
+      ..d3f84243
+..e6729df8
+      ..c08f5404
+      ..6ccfa7f6
+      ..31c4405d
+      ..735eb1ce
+    }..fe058fdb
+..e6729df8
+    //..1253eb3e
+    //..dd862134
+    //..be373b65
+    //..c6ab02c9
+    fu..e04bf5ca
+..e6729df8
+      ..8296e14b
+      ..6602ff38
+..e6729df8
+      ..605126c3
+    }..fe058fdb
+..e6729df8
+    //..a92a4525
+    //..dd862134
+    //..be373b65
+    //..c6ab02c9
+    fu..6a9c72af
+..e6729df8
+      ..8296e14b
+      ..6602ff38
+..e6729df8
+      ..0eda50e9
+    }..fe058fdb
+..e6729df8
+    //..251e3791
+    //..43609dbe
+    //..4c614cf4
+    //..bd4332f4
+    //..5cd5322c
+..e6729df8
+    //..339e1dcf
+    //..cb62b6b4
+    //..ff2dbbf8
+    //..ef58e799
+    //..4a09484d
+    fu..5bf67a3d
+..e6729df8
+      ..c6a8fe6f
+      ..6bef8139
+..e6729df8
+      ..f17605de
+..e6729df8
+      ..8296e14b
+      ..3bd2368b
+..e6729df8
+      ..ddaa2da0
+    }..fe058fdb
+..e6729df8
+    //..aafdb0b6
+    //..a4c1387b
+    //..9e8a55d2
+    //..9639c341
+    //..0fc5e6ac
+    //..afb67bde
+    //..e2d6554a
+    fu..214c5a92
+..e6729df8
+      ..c6a8fe6f
+      ..6bef8139
+      ..b0be3abd
+      ..fe099625
+..e6729df8
+      ..5eafea8d
+      ..b5494c45
+..e6729df8
+      ..074916d5
+      ..86f5b821
+..e6729df8
+      ..89efc5f0
+..e6729df8
+      ..8099ae19
+      ..d7612f89
+      ..7d01f269
+      ..807703e8
+      ..4e423ccd
+      ..ca454d84
+..e6729df8
+      ..3f5ca9e4
+    }..fe058fdb
+..e6729df8
--- /de..e6481a9c
+pragma..8fcf2edd
+import..44253f87
+import..daa6e88e
+..e6729df8
+//////..7e90d098
+..e6729df8
+/// @d..aba100af
+contra..b05d35ff
+    //..f5c0ae59
+    //..93b7388d
+    //..a59f62cf
+    //..f23b7e4e
+    //..f7d05d18
+    //..3413a9e7
+    //..030ae736
+    //..e6ecb7d6
+    //..45a7c8ba
+    //..db639db2
+    //..e295ee26
+    fu..e7e533e0
+}..18edb906
+..e6729df8
+//////..e97278a0
+..e6729df8
+/**..a4d45fbe
+    En..0855e486
+    Pr..22605bb0
+    to..e82d695d
+*/..80a7db0a
+contra..16938fda
+..e6729df8
+//////..f80c69dd
+..e6729df8
+    ui..9b579122
+    ui..2e5569e9
+..e6729df8
+    by..b04407ff
+    /*..18fd7568
+    by..53270f41
+    */..e61f1bd3
+..e6729df8
+    by..15acb8a7
+    /*..18fd7568
+    by..87427c6b
+    by..601709a9
+    by..9e909258
+    by..3a5d98b3
+    by..a55a8298
+    by..0d32c205
+    by..48b9eb22
+    by..4aadedb4
+    by..7efe402c
+    */..e61f1bd3
+..e6729df8
+    by..076e6537
+    /*..18fd7568
+    by..3c3154f4
+    by..dcde879a
+    by..4a594094
+    */..e61f1bd3
+..e6729df8
+    by..8f512a97
+    /*..18fd7568
+    by..7386de20
+    by..54148c6c
+    by..2d21b46a
+    */..e61f1bd3
+..e6729df8
+    //..1f12bc9c
+    //..29b73f23
+    by..705428a2
+..e6729df8
+//////..e98b477e
+..e6729df8
+    IC..c561e2ae
+    ad..20770506
+..e6729df8
+    ui..b1253c01
+    st..517dae6a
+    st..0c22f99e
+..e6729df8
+    //..ebe188e1
+    ma..ba917412
+..e6729df8
+//////..0d0cfb20
+..e6729df8
+    //..86186efa
+    //..162b18e0
+    //..05b4c198
+    //..cf068f9e
+    //..f95b77dc
+    ev..07b7cd0d
+..e6729df8
+    //..22e4be65
+    //..4c80bd33
+    //..5f08a2cd
+    //..f48fd4bc
+    ev..8614548d
+..e6729df8
+    //..8ade6be6
+    //..58d3c737
+    ev..a6654cf7
+..e6729df8
+//////..f49c8c4d
+..e6729df8
+    /*..17e1d8ad
+      ..c075bf6e
+    */..e61f1bd3
+    co..869c94f1
+..e6729df8
+      ..c6a8fe6f
+      ..6bef8139
+..e6729df8
+      ..b28db976
+      ..fa12dc99
+..e6729df8
+      ..2b745227
+    }..fe058fdb
+..e6729df8
+//////..1f75d031
+..e6729df8
+    /*..17e1d8ad
+      ..614f8e2c
+..e6729df8
+      ..d10b40ee
+      ..efc44f2b
+    */..e61f1bd3
+    fu..7f09e1aa
+      ..bbf1cbc1
+..e6729df8
+      ..dd428948
+      ..ce2d4560
+    }..fe058fdb
+..e6729df8
+//////..28e94864
+..e6729df8
+//////..7e90d098
+..e6729df8
+    /*..17e1d8ad
+    * ..284e1121
+    * ..859ce12f
+    * ..481f7e0c
+    * ..bbb82fee
+    * ..12db0982
+    */..e61f1bd3
+    fu..5fd58e2d
+      ..ac66e904
+      ..4e34e492
+      ..8af1c80d
+      ..f8910335
+      ..aade1f3e
+      ..39e0fbc9
+      ..ad913bd5
+      ..ecb542aa
+      ..a19499d8
+      ..cb826f0c
+    }..fe058fdb
+..e6729df8
+    /*..17e1d8ad
+   * @..a0e2d081
+   * @..994567e4
+   * @..f8519617
+   * @..24bec23a
+   * @..7728a5b5
+   * @..036928f2
+   * @..c6c236f9
+   */..8c568608
+    fu..bf83c62b
+      ..e54baa67
+      ..441b6ac4
+      ..ca454d84
+      ..7d86047a
+      ..3225beeb
+    }..fe058fdb
+..e6729df8
+//////..67c3dce6
+..e6729df8
+/// @d..53da5cdb
+/// @d..467b9af1
+///  N..0f0f08ba
+..e6729df8
+    //..e4b412df
+    //..f3dff619
+    //..940c3e7a
+    //..002ff6ec
+    //..0d1240af
+    fu..76e34e8f
+      ..9cc841a0
+    }..fe058fdb
+..e6729df8
+    //..99e38787
+    //..28b9f8eb
+    //..08ce1c36
+    //..d0cdc918
+    //..fa1328a4
+    fu..867c9fd7
+      ..8ef46dc5
+    }..fe058fdb
+..e6729df8
+    //..5b5ef5ec
+    //..32ba6934
+    //..8215f83e
+    //..cdc92380
+    //..2d0a0919
+    //..5c1e63cc
+    //..ab8f4fd3
+    //..a6ef0e6d
+    //..27d877cc
+    //..d27326a3
+    //..6fabf355
+    //..2baa81c2
+    fu..bd545da8
+      ..f407a40f
+      ..a263522d
+..e6729df8
+      ..f97414d0
+..e6729df8
+      ..053cd767
+    }..fe058fdb
+..e6729df8
+    //..5b5ef5ec
+    //..613c5ad2
+    //..34772c33
+    //..27d877cc
+    //..d27326a3
+    //..6fabf355
+    fu..6515c093
+      ..f407a40f
+      ..a263522d
+..e6729df8
+      ..9a821583
+..e6729df8
+      ..053cd767
+    }..fe058fdb
+..e6729df8
+    //..b84ddf92
+    //..0c041ff4
+    //..c5460249
+    //..32ba6934
+    //..8215f83e
+    //..cdc92380
+    //..a66f32d2
+    //..27d877cc
+    //..d27326a3
+    //..6fabf355
+    fu..3a93bc78
+      ..f407a40f
+      ..a263522d
+      ..053cd767
+    }..fe058fdb
+..e6729df8
+    //..39e72c06
+    //..e01f152d
+    //..92a5a9e4
+    //..22486d54
+    //..a52b760c
+    //..b046d342
+    fu..6a20497f
+..e6729df8
+      ..c29ec1ec
+      ..c770c777
+      ..3a650cdf
+      ..ca454d84
+..e6729df8
+      ..32d66056
+..e6729df8
+      ..ce04c28a
+      ..ec6fc46c
+      ..09f6e5b4
+      ..ca454d84
+..e6729df8
+      ..fd97d49d
+    }..fe058fdb
+..e6729df8
+    //..2362bae8
+    //..49bf9527
+    //..4ff01f15
+    //..08371571
+    //..45059a06
+    fu..30b97be3
+      ..fe45a722
+      ..9868b497
+    }..fe058fdb
+..e6729df8
+    //..a1c19221
+    //..c411a267
+    //..2d753255
+    //..d11b7984
+    fu..0122cc22
+      ..995ee880
+    }..fe058fdb
+..e6729df8
+    //..96c52672
+    //..0e6b25c4
+    //..535cea8d
+    //..dd4a4612
+    fu..36df4662
+      ..2ab0d5dd
+    }..fe058fdb
+..e6729df8
+    //..2755f058
+    //..a7e3ac17
+    //..8b889d98
+    //..36ea05b5
+    //..b8f329e0
+    //..7801497a
+    fu..c0bd3475
+      ..e7ac521f
+      ..ac0969d2
+      ..ac2a8dd3
+      ..4092ab48
+    }..fe058fdb
+..e6729df8
+//////..c71e50d9
+..e6729df8
+/// @d..bab832c2
+/// @d..467b9af1
+/// No..638137e0
+..e6729df8
+    //..251e3791
+    //..43609dbe
+    //..4c614cf4
+    fu..6dd9aa5c
+      ..6fed2760
+    }..fe058fdb
+..e6729df8
+    //..339e1dcf
+    //..cb62b6b4
+    //..ff2dbbf8
+    //..ef58e799
+    //..4a09484d
+    fu..37b03f3f
+      ..48ad470f
+    }..fe058fdb
+..e6729df8
+    //..aafdb0b6
+    //..a4c1387b
+    //..9e8a55d2
+    //..9639c341
+    //..0fc5e6ac
+    //..afb67bde
+    //..e2d6554a
+    fu..df6b07f4
+      ..9608d519
+    }..fe058fdb
+..e6729df8
+//////..20c205bc
+..e6729df8
+/// @d..c037a04b
+/// @d..467b9af1
+/// No..2eebfff4
+..e6729df8
+    //..a3ec1e32
+    fu..471ecf14
+      ..e1ad35f6
+    }..fe058fdb
+..e6729df8
+    //..36722d04
+    fu..7d67a1f6
+      ..649e655b
+    }..fe058fdb
+..e6729df8
+    //..a92a4525
+    //..dd862134
+    //..be373b65
+    //..c6ab02c9
+    fu..6a9c72af
+      ..7d03648d
+    }..fe058fdb
+..e6729df8
+    //..1253eb3e
+    //..dd862134
+    //..be373b65
+    //..c6ab02c9
+    fu..c720628c
+      ..24e6c360
+    }..fe058fdb
+//////..e97278a0
+..e6729df8
+}..18edb906
+..e6729df8
+    fu..e353775d
+    fu..cc719cdc
+    fu..00569b6d
+..e6729df8
+    //..9f6c911c
+    fu..6bdcbfc3
+    fu..acf825b9
+    fu..a455713c
+    fu..a4e68854
+    fu..634089e8
-    fu..93e303fb
-    fu..a25b7c4d
-    fu..8d389716
-    fu..e49540d4
-    fu..fe17cd81
-    fu..0c294e8e
+    fu..8babe72e
+    fu..1a102b72
+    fu..29b5b940
+    fu..c88c503b
+    fu..6d4426a0
+    fu..cf86bc4c
-    fu..bfb9ab08
+    fu..069c9979
+    ui..9b579122
+    ui..2e5569e9
+..e6729df8
+..e6729df8
+      ..09f62cb6
+..e6729df8
-      ..f3a1529e
+      ..f0696710
-      ..e48b42f9
+      ..b4527d7e
+..e6729df8
+      ..ef4b15f2
-      ..1046402c
-      ..aa94ad12
+..e6729df8
+      ..09f62cb6
+..e6729df8
-      ..f3a1529e
+      ..f0696710
-      ..e48b42f9
+      ..b4527d7e
+..e6729df8
+      ..d04fe332
+      ..776c6295
+      ..81bb0407
+..e6729df8
+      ..0ec4f2d3
-      ..68277a02
-      ..1ec1079a
-      ..aa94ad12
+      ..b24f61d5
+      ..a60b07e4
+      ..210a33e4
+      ..ca2a099f
+      ..03f64b95
+      ..ca454d84
+..e6729df8
-    ) ..52fba1a6
+    ) ..81d27851
--- /de..e6481a9c
+pragma..8fcf2edd
+import..ed9df46e
+..e6729df8
+librar..a742f9f7
+    /*..17e1d8ad
+      ..467065ca
+      ..2716c1d4
+     *..b663757e
+    fu..95c08804
+      ..fac2dd60
+    }..fe058fdb
+}..18edb906
+import..d3db027e
+    ev..9a171f27
-    pu..e1994a92
+    in..ff06b38c
+    fu..d119a787
+      ..39cdc5a9
+      ..e0cefec1
+    )..85dc46c7
+    in..ff06b38c
+    vi..108e19ca
+    re..4fc9763d
+      ..7fd4ef5f
+      ..bf5ba69d
+..e6729df8
+      ..37db81ef
+      ..f5057436
+    }..fe058fdb
+..e6729df8
+    fu..3bc1bcc2
+      ..39cdc5a9
+      ..ec6c807d
+      ..9bac0d01
+    )..85dc46c7
+    in..ff06b38c
+    vi..108e19ca
+    re..4fc9763d
+      ..7fd4ef5f
+      ..e7178258
+      ..4c6198ba
+    }..fe058fdb
+..e6729df8
-      ..7de1a4cb
+      ..c15b96a6
+      ..5411c207
-      ..252cd49f
+      ..cb65d79c
+      ..cb764232
-..3b6c2918
+      ..e99573bf
+      ..00e442e1
+      ..7637917e
+      ..ca454d84
+    }..fe058fdb
+..e6729df8
-      ..5adae03c
+    /*..17e1d8ad
+      ..bc38d31f
+      ..83e1c4c0
+      ..d6e051ca
+      ..36da5250
+      ..28bc1421
+      ..6e4ba92d
+     *..b663757e
+    fu..4cfbc20b
+      ..39cdc5a9
+      ..8c01fa5e
+    ) ..88b83367
-      ..27105e8f
-      ..f55126ad
+      ..010645d4
+      ..54f4bae6
+    }..fe058fdb
-      ..aa94346a
+    /*..17e1d8ad
+      ..e07e4edc
+      ..83e1c4c0
+      ..d6e051ca
+      ..36da5250
+      ..28bc1421
+      ..6e4ba92d
+     *..b663757e
+    fu..d296254d
+      ..39cdc5a9
+      ..8c01fa5e
+    ) ..88b83367
-      ..f6ebf04c
-      ..93e7a7e5
-      ..d794f746
+      ..63e10b35
+      ..82c985c1
+      ..cc6c647c
-      ..99f21ed6
+      ..7fd4ef5f
+      ..3f00fae3
+      ..3a24cc9a
+      ..5923feac
+      ..ca454d84
+      ..40f1ef0e
-      ..635b1242
-..3b6c2918
-      ..89c8c1f4
+      ..ca454d84
-      ..4b78d0eb
+      ..cba47812
-      ..e4473679
-      ..f19ad140
-      ..66ea8095
+      ..809bb3d8
-      ..65c6569e
+      ..67cb0a73
-      ..e0c31496
-      ..8bd989dc
+      ..5bd43abc
+      ..8e265481
+      ..f4342c2c
-      ..1df6aab7
-      ..8815c482
-      ..cc228566
-..3b6c2918
-      ..8eb69cea
-      ..ce3c7d31
-..3b6c2918
-      ..bb77b56b
+      ..31cdc447
+      ..4a13faaa
-      ..cd6f492f
-      ..957b3bdd
-      ..433b8982
+      ..31cdc447
-      ..ff8c2aad
-      ..50fb8880
+      ..ab28fcf6
+      ..4e423ccd
-      ..3eb7b440
-..3b6c2918
-      ..e0c31496
-      ..8bd989dc
-..3b6c2918
-..3b6c2918
-      ..1df6aab7
-      ..8815c482
-      ..cc228566
+      ..8e265481
+      ..f4342c2c
+    //..2362bae8
+    //..49bf9527
+    //..5636b326
+    //..34af26e1
+    //..08371571
+    //..45059a06
+    fu..7085a6d9
+      ..39cdc5a9
+      ..e659aa56
+    ) ..a2ef6937
+..e6729df8
+      ..81ec2a0c
+      ..e1c4df31
+    }..fe058fdb
+..e6729df8
+    fu..3c496d80
+      ..39cdc5a9
+      ..f72d6a72
+    ) ..a2ef6937
+..e6729df8
+      ..2ad61502
+      ..e1c4df31
+    }..fe058fdb
+..e6729df8
+    fu..5be53e34
+      ..39cdc5a9
+      ..29cc39a8
+    ) ..81d27851
+..e6729df8
+      ..10fabafe
+    }..fe058fdb
+..e6729df8
-//    ..d7f28865
-//    ..0a8b256d
-//    ..534aaf59
-//    ..19edb703
-//..bc2630a2
-//    ..c53d3e5c
-//..bc2630a2
-//    ..24b87b6c
-//..bc2630a2
-//    ..756951eb
-//    ..69e0d1d6
-//..bc2630a2
-//    ..8e669a5d
-//    ..56052d63
-//    ..2efc1e3d
-//..bc2630a2
-//    ..ca6d94fd
-//    ..af5d79b5
-//..bc2630a2
-//    ..320f603d
-//    ..44bc590c
-//..bc2630a2
-//    ..62594fd4
-//    ..e5d7567c
-//    ..1edea841
-//    ..daaf99e4
-//..bc2630a2
-//    ..730896a5
-//    ..e3ba0510
-//..bc2630a2
-//    ..f1b2f9b3
-//    ..872e16f9
-//    ..b0382400
-//    ..96a138ac
-//..bc2630a2
-//    ..53fb4d6a
-//    ..b2c60ec4
-//    ..667a206f
-//    ..daaf99e4
-//    ..64c81a84
-//..bc2630a2
-//    ..76e39c7e
-//    ..fecedaf3
-//    ..8e421349
-//    ..77be0519
+    fu..01fc6b38
+      ..39cdc5a9
+      ..a2f5f7ad
+    in..0a5cc11e
+..e6729df8
+      ..ecbdc4a3
+..e6729df8
+      ..82c985c1
+      ..7eb77445
+..e6729df8
+      ..09f62cb6
+      ..3f00fae3
+..e6729df8
+      ..b673e59d
+      ..586db977
+..e6729df8
+      ..e59a4fa8
+      ..ef25774d
+      ..97a5abc9
+      ..ca454d84
+..e6729df8
+      ..58fbf368
+      ..c64fc306
+..e6729df8
+      ..aa48332d
+      ..413cfbfd
+      ..e75f84bf
+..e6729df8
+      ..65348783
+      ..60f9c5d5
+      ..738b2858
+..e6729df8
+      ..b2be2ef1
+      ..3a24cc9a
+      ..5923feac
+      ..ca454d84
+      ..40f1ef0e
+      ..e0740519
+      ..ca454d84
+..e6729df8
+      ..685f19cd
+      ..696bf6c3
+    }..fe058fdb
-      ..0c05edf1
+      ..b2f247b5
-      ..8e13f93f
-      ..742fb800
+      ..e4e8bc24
-      ..d5e96514
-..3b6c2918
-//    ..6d010648
+      ..7779e836
+      ..5a95e904
+      ..88de17d3
+      ..7d01f269
-//    ..60fac68c
-//    ..e73169c8
-//    ..8632b13b
-//    ..039890ad
-//    ..60fac68c
+      ..4e423ccd
-      ..9f877291
+      ..d4c95ec3
-//    ..fabc1b13
-//    ..0a8b256d
-//    ..0361b6b6
-//    ..19edb703
-//..bc2630a2
-//    ..5cc3671b
-//    ..56052d63
-//    ..fc572e91
-//..bc2630a2
-//    ..55e01264
-//    ..764f07cb
-//    ..77be0519
-..3b6c2918
-      ..2d82e69f
-..3b6c2918
-      ..2abb8e17
-      ..31386773
-//    ..7cef4762
-//    ..8bd0f426
-//..bc2630a2
-//    ..6ef50e17
-//..bc2630a2
-//    ..eeb7b094
-//..bc2630a2
-//    ..2c8dba9b
-//    ..c94d00ed
-//    ..7510f6eb
-..3b6c2918
-      ..d9d71c80
-      ..c0255353
-      ..a0d4c032
+      ..18294c83
+      ..aaba784f
+      ..183d2942
-      ..b51e1eaa
+      ..e9e33895
-      ..1b537213
+      ..67e91f3d
-      ..1cc331fe
+      ..aaea52fe
-      ..f12b942c
+      ..1b9d849b
-//    ..7b5be15a
-//    ..499e77c4
-//    ..626e9b01
-//..bc2630a2
-//    ..9e6281dd
-//    ..003922ec
-      ..bee0f84b
-      ..21ed64f1
-      ..6ce3683b
-..3b6c2918
-      ..ade2ef04
+      ..c4fbc182
-      ..dcd79cda
+      ..bb1c46b9
+      ..cdf826e7
+..e6729df8
-      ..cf1a00fb
+      ..7fd4ef5f
+..e6729df8
+      ..8142bd33
-      ..803d7c3c
+      ..0db932eb
-      ..30ccc5ca
+      ..f46bc97a
-      ..f71aa3ad
+      ..d18e2946
-      ..1e11829c
+      ..71e46c83
-      ..d42606c3
+      ..5d235609
-      ..a5b65f0b
+      ..c7373829
-      ..6661e37d
+      ..37b512ff
-      ..d448e190
-      ..9a392b83
+      ..8c589ec1
+      ..ded05d0e
-      ..ad8abd69
-      ..2ed93787
+      ..273d57ab
+      ..b3064ce7
+      ..7d819340
-      ..8574a604
-      ..d7cb288a
+      ..cbe3b90c
+      ..3612ad2e
-      ..2587f7b4
+      ..dd0a3ee3
-      ..a8956e9d
+      ..4a5d534f
-      ..08cd82a1
+      ..ac425736
-      ..39a11d30
+      ..e36d6458
-      ..044e85dd
+      ..03734fe6
-      ..d96f8fa4
-      ..4a7fa1c4
+      ..f7d1dc2f
+      ..31a3913e
+      ..7c9de435
-      ..2d1ed5fb
+      ..ec67c35c
+      ..627006d2
+import..3404ce52
-      ..1ce8883d
-      ..1b0ed469
-..3b6c2918
-      ..39d56679
-      ..d1e6e73e
-..3b6c2918
+      ..a54a070c
+      ..6602ff38
-      ..8f932050
-      ..95476d3f
-      ..12bf71ab
+      ..09f62cb6
+      ..3f00fae3
-      ..b57a54f3
-      ..bb0a0a93
-      ..a28fd788
-      ..185355f0
-..3b6c2918
-      ..99c3883a
-      ..06c51f76
-      ..66ea8095
-      ..947c26b9
+      ..ddf4b1a3
+      ..685693aa
+      ..a957424e
+      ..943cede9
+      ..04caf3c4
+..e6729df8
+      ..51278731
+      ..c8b55483
+      ..4e423ccd
+      ..caf8b763
-      ..06c51f76
+      ..c8b55483
+      ..4e423ccd
-    /*..c6d9f4f3
-      ..68cc551e
-      ..8c1722b2
-      ..04ff3825
-      ..07874a5e
-      ..52039049
-      ..fb93fade
-     *..2b248942
-    fu..ac8a540b
-      ..c39da5a1
-      ..6aac1dba
-    ) ..1afb30de
-..3b6c2918
-      ..8f932050
-      ..30e146d1
-      ..95476d3f
-      ..805dbbda
-..3b6c2918
-      ..1b0ed469
-..3b6c2918
-      ..a5eb058f
-      ..602fc9ed
-..3b6c2918
-      ..7079f955
-..3b6c2918
-      ..72b07c98
-      ..a0ce7639
-      ..66ea8095
-      ..947c26b9
-      ..8ac8c7d4
-      ..66ea8095
-..3b6c2918
-      ..24c0024a
-..3b6c2918
-      ..24658a5e
-    }..d581214d
-..3b6c2918
-      ..0f07c049
+      ..c88b7d1f
-      ..c0613f35
-      ..3287d8dc
+      ..a8e36cef
+      ..bf4157d5
-      ..8f932050
-      ..a41b7fcf
+..e6729df8
+      ..5af2ba02
+..e6729df8
+..e6729df8
+      ..5af2ba02
+..e6729df8
+..e6729df8
+      ..5af2ba02
+..e6729df8
-      ..1ce8883d
-..3b6c2918
-      ..1b0ed469
-..3b6c2918
-      ..a5eb058f
-      ..d1e6e73e
-..3b6c2918
+      ..a54a070c
+      ..6602ff38
-//    ..3597109c
-//    ..3fe3f654
-//    ..cdf9963f
-//    ..a1b8ca40
-..3b6c2918
-      ..8f932050
-      ..95476d3f
-      ..12bf71ab
+      ..09f62cb6
+      ..3f00fae3
-      ..1ce8883d
-..3b6c2918
-      ..1b0ed469
-..3b6c2918
-      ..a5eb058f
-      ..602fc9ed
-..3b6c2918
+      ..7531b73e
+      ..6602ff38
-      ..8f932050
-      ..95476d3f
-      ..12bf71ab
+      ..09f62cb6
+      ..3f00fae3
-      ..5d322e1e
+      ..d04fe332
+      ..96fb64f3
+      ..0290ff2e
-      ..1ce8883d
-..3b6c2918
-      ..a5eb058f
-      ..8ebb515f
-..3b6c2918
-..3b6c2918
-      ..8f932050
-      ..95476d3f
-      ..12bf71ab
+      ..a54a070c
+      ..6602ff38
-      ..4e599664
+      ..27bb2c35
-      ..1ec6f672
+      ..8e89e316
-      ..045433d4
+      ..af756663
-..3b6c2918
-..3b6c2918
-//..bc2630a2
-//..bc2630a2
-//    ..1f59e76f
-//    ..e5421cc9
-//    ..9ff527c4
-//    ..98fc6653
-//    ..2d99b626
-//    ..ef29ab8f
-//..bc2630a2
-//    ..c92c5f6b
-//    ..d6acc078
-//    ..4f628e79
-//    ..2860a384
-//    ..0fbe7b6e
-//..bc2630a2
-//    ..62c3f0a7
-//    ..2023f8a8
-//    ..aeaf49a5
-//..bc2630a2
-//    ..fbf7b8e5
-//    ..75b285dc
-//    ..9b1e5a2e
-//    ..7d00cb04
-//    ..6eea6ecf
-//    ..eed53201
-//..bc2630a2
-//    ..8284c9f2
-//    ..93d6f84c
-//    ..24078284
-//    ..9ab18d78
-//    ..9f1e12d5
-//    ..031ffdaf
-//..bc2630a2
-//    ..6f157b96
-//    ..fe5a55c1
-//    ..56ebe60d
-//    ..cb48cd16
-//    ..46ceb9f3
-//    ..342670d5
-//    ..c441fc02
-//    ..43f5ac84
-//    ..61ddbdd6
-//    ..2b21bf0c
-//    ..774b188d
-//    ..a3a84e22
-//    ..3e4dc4d5
-//..bc2630a2
-//    ..6f157b96
-//    ..f14e03ba
-//    ..3b67bbd4
-//    ..61ddbdd6
-//    ..2b21bf0c
-//    ..774b188d
-//    ..9dd3a9fd
-//..bc2630a2
-//    ..1100b10a
-//    ..a7deb083
-//    ..a3a84d1e
-//    ..fe5a55c1
-//    ..56ebe60d
-//    ..cb48cd16
-//    ..28f6cff1
-//    ..61ddbdd6
-//    ..2b21bf0c
-//    ..774b188d
-//    ..f5d36f5f
-//..bc2630a2
-//    ..88f83938
-//    ..7f8bd126
-//    ..6d0f02bc
-//    ..47430997
-//    ..1147290a
-//    ..be87d122
-//    ..23669566
-//..bc2630a2
-//    ..89d18a12
-//    ..b118d415
-//    ..6a9aa446
-//    ..376c1006
-//    ..ceb34b58
-//    ..67efe546
-//..bc2630a2
-//    ..c826f1ea
-//    ..34624d86
-//    ..0645c117
-//    ..4a23478d
-//    ..0835019e
-//..bc2630a2
-//    ..7c168575
-//    ..cff4a819
-//    ..15b36ca6
-//    ..db6f9a6d
-//    ..d7bd0933
-//..bc2630a2
-//    ..0439ce6d
-//    ..087c3582
-//    ..a1a9d72a
-//    ..8cd56ade
-//    ..73690e3c
-//    ..edbaad4a
-//    ..10968822
+import..3404ce52
-     m..3585e48f
+    mo..ef0e21ea
-      ..8f05f96c
+      ..11a98727
-      ..b57a54f3
-      ..48d3b11e
-      ..8ff41e72
-      ..185355f0
+      ..ddf4b1a3
+      ..685693aa
+      ..2cf928a3
+      ..98671b7c
+      ..04caf3c4
-      ..add0d026
+      ..d9ed83f2
-      ..0a144343
-      ..06c51f76
-      ..66ea8095
-      ..947c26b9
-      ..add0d026
-      ..06c51f76
+      ..d48eaca9
+      ..c8b55483
+      ..4e423ccd
+      ..caf8b763
+      ..d9ed83f2
+      ..c8b55483
+      ..4e423ccd
-    /*..c6d9f4f3
-      ..68cc551e
-      ..8c1722b2
-      ..04ff3825
-      ..07874a5e
-      ..52039049
-      ..fb93fade
-     *..2b248942
-    fu..ac8a540b
-      ..c39da5a1
-      ..6aac1dba
-    ) ..1afb30de
-      ..1ec1079a
-      ..aa94ad12
-    }..d581214d
-..3b6c2918
-      ..9ec40c41
+      ..78a8a6c7
-      ..f673d208
+      ..f5d8bfd0
-      ..deb93df5
+      ..d04fe332
+      ..96fb64f3
+      ..b321f4cc
+..e6729df8
-    fu..fb697c35
-      ..c39da5a1
-      ..39907fb1
-    )..0a25aaa9
-    in..d91eae06
-    vi..87b66337
-    re..a8a3fbf7
-..3b6c2918
-      ..f59bd75e
-    }..d581214d
-..3b6c2918
-    /*..ef67293e
-    */..391dc309
-      ..c04dd9b5
-      ..5b7e8006
-..3b6c2918
+      ..3d3cbe4a
-..3b6c2918
-      ..2be4a8b8
-      ..e5b2e3b8
-      ..ec68567c
+      ..74b3ed15
-      ..65c6569e
+      ..295dc503
-..3b6c2918
-      ..1a5756c2
-      ..8815c482
-      ..bdcdb86b
+      ..ba33556d
-      ..5b7e8006
-..3b6c2918
-      ..3c6cb6ae
-      ..dae03c4f
-..3b6c2918
-      ..0b06224a
-..3b6c2918
-      ..a778dd3d
-      ..4b1525f9
-      ..c08fd54c
-      ..4e86085d
-      ..beab1a10
-      ..8e270d4a
+      ..e07139cc
-..3b6c2918
-      ..5b7e8006
-..3b6c2918
-      ..1ed44563
-      ..6ac18756
-..3b6c2918
-      ..0b06224a
-      ..a778dd3d
-      ..3ed61082
-      ..b937358b
-      ..4e86085d
-      ..17bc6c0b
-      ..8e270d4a
+      ..d560f566
+      ..a7e433cf
+      ..7fbc56d5
-      ..ff97f453
+      ..68e06fb0
-    /*..c6d9f4f3
-      ..68cc551e
-      ..8c1722b2
-      ..04ff3825
-      ..07874a5e
-      ..52039049
-      ..4a11c74d
-     *..2b248942
-    fu..ac8a540b
-      ..c39da5a1
-      ..6aac1dba
-    ) ..1afb30de
-      ..1ec1079a
-      ..aa94ad12
-    }..d581214d
-..3b6c2918
-    /*..c6d9f4f3
-      ..68cc551e
-      ..8c1722b2
-      ..04ff3825
-      ..07874a5e
-      ..52039049
-      ..fb93fade
-     *..2b248942
-    fu..fa2804b9
-      ..c39da5a1
-      ..6aac1dba
-    ) ..1afb30de
-..3b6c2918
-      ..30e146d1
-..3b6c2918
-      ..a5eb058f
-      ..9a4b9caf
-..3b6c2918
-      ..7079f955
-..3b6c2918
-      ..8f932050
-      ..3fb97283
-      ..5a94fa64
-..3b6c2918
-      ..8908f08f
-..3b6c2918
-      ..84bd141f
-      ..24c0024a
-..3b6c2918
-      ..24658a5e
-    }..d581214d
-..3b6c2918
-    fu..4b2e7c41
-..3b6c2918
+    fu..4e9dd14f
-      ..478be8a5
+      ..9e1ab550
--- /de..e6481a9c
+pragma..88df5730
+..e6729df8
+interf..b3631d72
+    //..2755f058
+    //..c1da741f
+    //..8b889d98
+    //..36ea05b5
+    //..b8f329e0
+    //..7801497a
+    fu..73522090
+}..18edb906
--- /de..e6481a9c
+pragma..8fcf2edd
+import..7163bfd1
+import..c2cc19cd
+..e6729df8
+//////..7e90d098
+..e6729df8
+/// @d..aba100af
+contra..b05d35ff
+    //..f5c0ae59
+    //..93b7388d
+    //..a59f62cf
+    //..f23b7e4e
+    //..f7d05d18
+    //..3413a9e7
+    //..030ae736
+    //..e6ecb7d6
+    //..45a7c8ba
+    //..db639db2
+    //..e295ee26
+    fu..e7e533e0
+}..18edb906
+..e6729df8
+//////..e97278a0
+..e6729df8
+/**..a4d45fbe
+    En..0855e486
+    Pr..22605bb0
+    to..e82d695d
+*/..80a7db0a
+contra..171bb455
+..e6729df8
+//////..f80c69dd
+..e6729df8
+    ui..9b579122
+    ui..2e5569e9
+..e6729df8
+    by..b04407ff
+    /*..18fd7568
+    by..53270f41
+    */..e61f1bd3
+..e6729df8
+    by..15acb8a7
+    /*..18fd7568
+    by..87427c6b
+    by..601709a9
+    by..9e909258
+    by..3a5d98b3
+    by..a55a8298
+    by..0d32c205
+    by..48b9eb22
+    by..4aadedb4
+    by..7efe402c
+    */..e61f1bd3
+..e6729df8
+    by..34e5a8c4
+    /*..18fd7568
+    by..3c3154f4
+    by..dcde879a
+    by..4a594094
+    */..e61f1bd3
+..e6729df8
+    by..8f512a97
+    /*..18fd7568
+    by..7386de20
+    by..54148c6c
+    by..2d21b46a
+    */..e61f1bd3
+..e6729df8
+    //..1f12bc9c
+    //..29b73f23
+    by..705428a2
+..e6729df8
+//////..e98b477e
+..e6729df8
+    IC..c561e2ae
+    ad..20770506
+..e6729df8
+    ui..b1253c01
+    st..517dae6a
+    st..0c22f99e
+..e6729df8
+    //..ebe188e1
+    ma..ba917412
+..e6729df8
+//////..0d0cfb20
+..e6729df8
+    //..86186efa
+    //..162b18e0
+    //..05b4c198
+    //..cf068f9e
+    //..f95b77dc
+    ev..07b7cd0d
+..e6729df8
+    //..22e4be65
+    //..4c80bd33
+    //..5f08a2cd
+    //..f48fd4bc
+    ev..8614548d
+..e6729df8
+    //..8ade6be6
+    //..58d3c737
+    ev..a6654cf7
+..e6729df8
+//////..f49c8c4d
+..e6729df8
+    /*..17e1d8ad
+      ..c075bf6e
+    */..e61f1bd3
+    co..a89989c6
+..e6729df8
+      ..754c1199
+      ..fa12dc99
+    }..fe058fdb
+..e6729df8
+//////..1f75d031
+..e6729df8
+    /*..17e1d8ad
+      ..614f8e2c
+..e6729df8
+      ..d10b40ee
+      ..efc44f2b
+      ..c35c5e85
+    */..e61f1bd3
+    fu..e81d512d
+..e6729df8
+      ..bbf1cbc1
+      ..43bd84df
+      ..f39008d5
+..e6729df8
+      ..2b745227
+      ..dd428948
+      ..ce2d4560
+    }..fe058fdb
+..e6729df8
+//////..28e94864
+..e6729df8
+//////..7e90d098
+..e6729df8
+    /*..17e1d8ad
+    * ..284e1121
+    * ..859ce12f
+    * ..481f7e0c
+    * ..bbb82fee
+    * ..12db0982
+    */..e61f1bd3
+    fu..5fd58e2d
+      ..ac66e904
+      ..4e34e492
+      ..8af1c80d
+      ..f8910335
+      ..aade1f3e
+      ..39e0fbc9
+      ..ad913bd5
+      ..ecb542aa
+      ..a19499d8
+      ..cb826f0c
+    }..fe058fdb
+..e6729df8
+    /*..17e1d8ad
+   * @..a0e2d081
+   * @..994567e4
+   * @..f8519617
+   * @..24bec23a
+   * @..7728a5b5
+   * @..036928f2
+   * @..c6c236f9
+   */..8c568608
+    fu..bf83c62b
+      ..e54baa67
+      ..441b6ac4
+      ..ca454d84
+      ..7d86047a
+      ..3225beeb
+    }..fe058fdb
+..e6729df8
+//////..67c3dce6
+..e6729df8
+/// @d..53da5cdb
+/// @d..467b9af1
+///  N..0f0f08ba
+..e6729df8
+    //..e4b412df
+    //..f3dff619
+    //..940c3e7a
+    //..002ff6ec
+    //..0d1240af
+    fu..76e34e8f
+      ..9cc841a0
+    }..fe058fdb
+..e6729df8
+    //..99e38787
+    //..28b9f8eb
+    //..08ce1c36
+    //..d0cdc918
+    //..fa1328a4
+    fu..867c9fd7
+      ..8ef46dc5
+    }..fe058fdb
+..e6729df8
+    //..5b5ef5ec
+    //..32ba6934
+    //..8215f83e
+    //..cdc92380
+    //..2d0a0919
+    //..5c1e63cc
+    //..ab8f4fd3
+    //..a6ef0e6d
+    //..27d877cc
+    //..d27326a3
+    //..6fabf355
+    //..2baa81c2
+    fu..bd545da8
+      ..f407a40f
+      ..a263522d
+..e6729df8
+      ..f97414d0
+..e6729df8
+      ..053cd767
+    }..fe058fdb
+..e6729df8
+    //..5b5ef5ec
+    //..613c5ad2
+    //..34772c33
+    //..27d877cc
+    //..d27326a3
+    //..6fabf355
+    fu..6515c093
+      ..f407a40f
+      ..a263522d
+..e6729df8
+      ..9a821583
+..e6729df8
+      ..053cd767
+    }..fe058fdb
+..e6729df8
+    //..b84ddf92
+    //..0c041ff4
+    //..c5460249
+    //..32ba6934
+    //..8215f83e
+    //..cdc92380
+    //..a66f32d2
+    //..27d877cc
+    //..d27326a3
+    //..6fabf355
+    fu..3a93bc78
+      ..f407a40f
+      ..a263522d
+      ..053cd767
+    }..fe058fdb
+..e6729df8
+    //..39e72c06
+    //..e01f152d
+    //..92a5a9e4
+    //..22486d54
+    //..a52b760c
+    //..b046d342
+    fu..6a20497f
+..e6729df8
+      ..c29ec1ec
+      ..c770c777
+      ..3a650cdf
+      ..ca454d84
+..e6729df8
+      ..32d66056
+..e6729df8
+      ..ce04c28a
+      ..ec6fc46c
+      ..09f6e5b4
+      ..ca454d84
+..e6729df8
+      ..fd97d49d
+    }..fe058fdb
+..e6729df8
+    //..2362bae8
+    //..49bf9527
+    //..4ff01f15
+    //..08371571
+    //..45059a06
+    fu..30b97be3
+      ..fe45a722
+      ..9868b497
+    }..fe058fdb
+..e6729df8
+    //..a1c19221
+    //..c411a267
+    //..2d753255
+    //..d11b7984
+    fu..0122cc22
+      ..995ee880
+    }..fe058fdb
+..e6729df8
+    //..96c52672
+    //..0e6b25c4
+    //..535cea8d
+    //..dd4a4612
+    fu..36df4662
+      ..2ab0d5dd
+    }..fe058fdb
+..e6729df8
+    //..2755f058
+    //..a7e3ac17
+    //..8b889d98
+    //..36ea05b5
+    //..b8f329e0
+    //..7801497a
+    fu..c0bd3475
+      ..e7ac521f
+      ..ac0969d2
+      ..f369beef
+      ..4092ab48
+    }..fe058fdb
+..e6729df8
+//////..c71e50d9
+..e6729df8
+/// @d..bab832c2
+/// @d..467b9af1
+/// No..638137e0
+..e6729df8
+    //..251e3791
+    //..43609dbe
+    //..4c614cf4
+    fu..6dd9aa5c
+      ..6fed2760
+    }..fe058fdb
+..e6729df8
+    //..339e1dcf
+    //..cb62b6b4
+    //..ff2dbbf8
+    //..ef58e799
+    //..4a09484d
+    fu..37b03f3f
+      ..48ad470f
+    }..fe058fdb
+..e6729df8
+    //..aafdb0b6
+    //..a4c1387b
+    //..9e8a55d2
+    //..9639c341
+    //..0fc5e6ac
+    //..afb67bde
+    //..e2d6554a
+    fu..df6b07f4
+      ..9608d519
+    }..fe058fdb
+..e6729df8
+//////..20c205bc
+..e6729df8
+/// @d..c037a04b
+/// @d..467b9af1
+/// No..2eebfff4
+..e6729df8
+    //..a3ec1e32
+    fu..471ecf14
+      ..e1ad35f6
+    }..fe058fdb
+..e6729df8
+    //..36722d04
+    fu..7d67a1f6
+      ..649e655b
+    }..fe058fdb
+..e6729df8
+    //..a92a4525
+    //..dd862134
+    //..be373b65
+    //..c6ab02c9
+    fu..6a9c72af
+      ..7d03648d
+    }..fe058fdb
+..e6729df8
+    //..1253eb3e
+    //..dd862134
+    //..be373b65
+    //..c6ab02c9
+    fu..c720628c
+      ..24e6c360
+    }..fe058fdb
+//////..e97278a0
+..e6729df8
+}..18edb906
--- /de..e6481a9c
+pragma..8fcf2edd
+..e6729df8
+import..5e92a14c
+..e6729df8
+contra..fe2c70d0
+    Cu..ddfaa933
+..e6729df8
+    ad..08d14b8f
+    ad..f71062f6
+    ui..d21c0a49
+    by..c556308c
+    bo..3f1418aa
+..e6729df8
+    //..1f12bc9c
+    by..705428a2
+..e6729df8
+    co..329f7cdc
+    pu..e12f7d7a
+      ..e3ac7346
+      ..feae2242
+    }..fe058fdb
+..e6729df8
+    fu..ba4f7118
+      ..06622d29
+      ..41e596d5
+    }..fe058fdb
+..e6729df8
+    fu..4e58049b
+    ex..ab473874
+      ..f9aa72fc
+      ..4e25364a
+      ..5fd7190d
+..e6729df8
+      ..5eaf43ac
+    }..fe058fdb
+..e6729df8
+    fu..49b07719
+    ex..3b6250cb
+      ..06622d29
+      ..9b1c5573
+      ..4d0b9a8d
+      ..ca454d84
+    }..fe058fdb
+}..18edb906
-      ..725c5bd5
+      ..4a4ddbeb
-      ..ee0effeb
+      ..79de4dc1
-    fu..7f6bc11f
+    fu..2f587f6a
-    fu..1ed268b3
+    fu..5f5fa272
-    fu..24b9187d
+    fu..c19c8f5a
-    fu..028b8d36
+    fu..72b349d4
-    fu..7f6bc11f
+    fu..2f587f6a
-    fu..1ed268b3
+    fu..5f5fa272
-    fu..24b9187d
+    fu..c19c8f5a
-    fu..028b8d36
+    fu..72b349d4
-    fu..7f6bc11f
+    fu..2f587f6a
-    fu..1ed268b3
+    fu..5f5fa272
-var Li..87ca2a09
+var Li..d3939f83
+//var ..137f7fe6
-    de..e5219993
-    de..5302379d
+    //..389f8a99
+    //..b8b2bfd6
+    de..a4ab6816
+    de..173244f2
+..e6729df8
+import..f6f389bc
-const ..fe9dd9bc
-let ex..6474bb16
+let bu..c2b76116
+..e6729df8
+let to..a33ee5f7
+let to..105916e7
+let to..cca549ec
+let to..e1d4331c
+let to..9f430e59
+let er..1e51d3f0
+async ..fae04533
+    le..da9242cd
+..e6729df8
+    aw..3b9fb558
+    aw..79433bf5
+    tx..05031b7e
+      ..863a7239
+      ..cdf87485
+      ..b3131582
+      ..452f0f14
+      ..f90f69fe
+      ..64e390a0
+      ..311250d8
+      ..023d94a8
+      ..335f5623
+      ..03270ccf
+    );..12c4aa26
+    re..97c2229d
+..e6729df8
+    as..95b4b8a8
+..e6729df8
+    er..8508e661
+}..18edb906
+..e6729df8
+let er..9af597ae
+async ..5252bd9c
+    le..da9242cd
+..e6729df8
+    aw..3b9fb558
+    aw..79433bf5
+    tx..b1b4feac
+      ..863a7239
+      ..cdf87485
+      ..b3131582
+      ..452f0f14
+      ..f90f69fe
+      ..64e390a0
+      ..311250d8
+      ..023d94a8
+      ..335f5623
+      ..03270ccf
+    );..12c4aa26
+    re..55cb0b39
+..e6729df8
+    as..95b4b8a8
+..e6729df8
+    er..6d4e0870
+}..18edb906
+..e6729df8
+    be..07d043d7
+      ..279066c9
+      ..3cbccb94
+      ..a1b0155a
+      ..800e3267
+      ..c6f3b900
+      ..8fa2261d
+..e6729df8
+      ..595f4ff3
+      ..960a97f5
+..e6729df8
+      ..f769e611
+..e6729df8
+      ..7ccd2a1f
+      ..38e0da76
+    })..2506e958
+..e6729df8
+    af..7bc296a0
+      ..e087c0da
+    })..2506e958
+..e6729df8
+    it..96c32896
+      ..ce0e4cd5
+      ..73a5de74
+    })..2506e958
+..e6729df8
+    it..e1ea38d7
+      ..5c1e3f37
+      ..db03ae86
+      ..97e82b63
+      ..a7cbc3c9
+      ..bbba99a4
+..e6729df8
+      ..2a433208
+      ..e5de862e
+      ..64bd9e39
+      ..e5de862e
+      ..5f501ec1
+      ..e5de862e
+      ..72d0b329
+      ..e5de862e
+      ..d814cf28
+      ..e5de862e
+..e6729df8
+      ..73a4e79e
+      ..be6da654
+      ..47c84708
+    })..2506e958
+..e6729df8
+    it..28276dfd
+      ..f5525a69
+      ..e5de862e
+..e6729df8
+      ..615ccb93
+    })..2506e958
+..e6729df8
+    it..bb094c6c
+      ..250f4ddc
+      ..be6da654
+..e6729df8
+      ..84985a3a
+      ..a48fda8b
+      ..a635ecf1
+      ..63a13b6c
+..e6729df8
+      ..1d1a8260
+      ..e5de862e
+      ..18aa6a4c
+      ..e5de862e
+      ..e72d6898
+      ..e5de862e
+      ..84d69a13
+      ..e5de862e
+..e6729df8
+      ..3bdee828
+    })..2506e958
+..e6729df8
+    it..67bc3648
+      ..65c6bbe3
+      ..b1c098e9
+..e6729df8
+      ..eccd7226
+    })..2506e958
-      ..893ea6b3
+      ..e45cb0f6
-      ..ef108aea
-      ..71707ba5
-      ..ef108aea
-      ..6941763f
-      ..44cf4764
-      ..a5987bd5
-      ..3ed4fa38
-      ..271676cd
-      ..06676866
-      ..fee90774
-      ..ef108aea
-      ..fb72f04c
-      ..ef65cb49
-      ..347cb29f
-      ..ef108aea
-      ..e42db0eb
-      ..7527ed51
-      ..5548ef65
-      ..ef108aea
-      ..b65d824d
-      ..34721539
-      ..ef108aea
-      ..48261c5a
-      ..3f6b1d5f
+..e6729df8
+      ..6a9e1c8a
+..e6729df8
+      ..89c56af8
+      ..dd3c14e1
+      ..ac0b11e7
+      ..6982b304
+      ..16855752
+      ..98b6a021
+      ..1c968f5c
+..e6729df8
+      ..8f18d7fa
+      ..4a844158
+      ..0ef5075d
+..e6729df8
+      ..6842c8e7
+      ..fd9e2a26
+      ..5485694a
+..e6729df8
+      ..3723313d
+      ..8fb0a910
+..e6729df8
+      ..65a9c90e
+      ..6dc88163
-      ..668ac987
+import..84653f99
+    co..894643e3
+    co..e6097e79
+    er..345319de
+    er..964249ea
+    as..7e407332
+    as..122f8dde
+    as..e8683251
+} from..2e4d786a
+const ..8d8d7e50
-const ..fe9dd9bc
+const ..8fb5ecb0
+let to..a33ee5f7
+let to..105916e7
+let to..cca549ec
+let to..e1d4331c
+let to..6911b2ad
+..e6729df8
-..3b6c2918
-      ..36d1351c
+      ..84358ed6
-      ..0f210e8c
-      ..695f8faa
-      ..24636043
-..3b6c2918
+      ..19bd827d
+      ..645eb44b
-      ..bca0aa5e
+      ..94373036
-      ..cf5e03f6
+      ..b6f51a60
+      ..67531b7d
-      ..bca0aa5e
+      ..94373036
-      ..ed1ef84a
+      ..c9762efa
+      ..036cf28e
-      ..09292e7b
-      ..3cdd1c83
-      ..900fa8b6
-      ..dba0625c
-      ..6be56d3e
-      ..17f61049
-      ..376a8ead
-      ..3ebf8ffe
+      ..883de788
+      ..9c9ef787
+      ..db6b3e5f
+      ..70118401
+      ..56791f3c
+      ..05bae607
+      ..5b9f6ead
+      ..acbcbcc4
-      ..21367eb9
+      ..b052e991
+      ..d0f1d7b5
-      ..09292e7b
-      ..3cdd1c83
-      ..900fa8b6
-      ..fb2f1ffc
-      ..6be56d3e
-      ..17f61049
-      ..376a8ead
-      ..3ebf8ffe
+      ..883de788
+      ..9c9ef787
+      ..db6b3e5f
+      ..1f18468c
+      ..56791f3c
+      ..05bae607
+      ..5b9f6ead
+      ..acbcbcc4
-      ..bf38acd4
+      ..a3a4964b
+      ..05a1f630
-      ..09292e7b
-      ..3cdd1c83
-      ..900fa8b6
-      ..dba0625c
-      ..1f639f76
-      ..17f61049
-      ..376a8ead
-      ..3ebf8ffe
+      ..94373036
+      ..fb0006ca
+      ..83f1671b
+      ..6314b2e2
+      ..b021dd3b
+      ..e461ba4e
+      ..f2cd5a06
+      ..37570671
-      ..cac2fad3
+      ..6ec1ef7b
+      ..2332bfc5
-      ..9a8f99f8
+      ..770b3c8b
-..3b6c2918
+..e6729df8
-      ..d22e3f41
+      ..81513126
-      ..b2589bbd
+      ..86ff5ddf
+      ..9dd362c7
-      ..775e83d8
-      ..cc58608b
-      ..0c3fe244
-      ..2994d4d8
+      ..25bac8ff
+      ..de5760ae
-      ..bf4729ab
-      ..79af318f
-      ..6c2d4da2
-      ..2dcc98d3
+      ..7df2a414
+      ..642f33f3
-      ..d3677287
-      ..3450d8be
+      ..86ff5ddf
+..e6729df8
+      ..a3915b64
+      ..a5d35b10
-      ..f04d7e60
-      ..aa5e3e7e
+      ..ce308a4a
+      ..5909f2c7
-      ..67d241ef
-      ..899583a8
+      ..434cbbe2
+      ..73c714ad
-      ..6b1000c4
+      ..ad878e58
-      ..003aa7d8
+      ..29dcec04
-      ..4843a506
+      ..8185b47c
+      ..3f357f53
+      ..c3372b66
+..e6729df8
+      ..546649ef
-      ..5e992a58
+      ..26b735cb
+      ..86c881cf
+      ..afd82021
+..e6729df8
+      ..e1f0c36d
-      ..9d7d831e
+      ..c5ada32e
-      ..15c175d9
+      ..ac2b2a25
-      ..aa5e3e7e
-      ..44af9884
+      ..79fa1a19
+      ..b9349b40
-      ..d7cdd3c2
-      ..d3853657
+      ..59ef7144
+      ..e4bb8ee0
+      ..2bdde0f5
-      ..0d1f0ace
-      ..06b9d8e5
-      ..29c74bae
-      ..a34e5738
-      ..fd6396a4
-      ..bba6938a
-      ..4bf82272
+      ..dd56cb04
+      ..4e884d47
+      ..5d133b88
+      ..afe2f69e
-      ..aea0078e
+      ..33f498ac
-      ..72acbb15
+      ..80cd3cf3
-      ..9dd86bb5
-      ..66ca3724
+      ..40a3a7bf
-      ..6128db16
+      ..6990b311
-      ..25006255
+      ..2158e033
-      ..bb014aa2
+      ..527aab07
-      ..25006255
+      ..2158e033
-      ..a26ec0bb
+      ..61d56e2c
-      ..20f601c6
-      ..6b40aa63
+      ..922feabb
+      ..c927309e
-      ..3aadda58
-      ..4093e3dd
+      ..bc5cb901
+      ..5463bb1a
-      ..528a56b0
-      ..5b9797fd
-      ..1df93dc5
-      ..fefd5d94
+      ..48a0d02d
+      ..f49bef72
+      ..922feabb
+      ..6b5e0710
-      ..3e5e11ad
-      ..1df93dc5
-      ..69d84374
+      ..b1f046fe
+      ..922feabb
+      ..6db5f9cc
-      ..25006255
+      ..2158e033
-      ..d13aa9ea
+      ..57ab5bc2
-      ..632ce26f
+      ..f91f2651
-    /*..ef67293e
-      ..a7fb8228
-      ..4d6645de
-      ..c77bb974
-      ..8d9714fc
-      ..61077891
+..e6729df8
+      ..a3188739
+..e6729df8
+      ..94c62161
+..e6729df8
+      ..73c714ad
+      ..5909f2c7
-      ..2678e6d7
+      ..6e5b16ce
-      ..d13aa9ea
-      ..61077891
+      ..5396b7b9
-      ..d00ad301
+      ..abdc4a47
-      ..68157bf8
+      ..b96d39d2
-      ..25006255
+      ..2158e033
-      ..4a305cf6
+      ..7f51c273
-      ..c37067b7
+      ..dcfd8d80
-      ..25006255
+      ..2158e033
-      ..9dd86bb5
-      ..2a5f0fb8
-      ..62b46700
-      ..9dd2e131
-      ..2994d4d8
-      ..44af9884
+      ..189fd8ac
+      ..cf83f902
+      ..5909f2c7
+..e6729df8
+      ..6e686b0d
+      ..5cd7e08f
+..e6729df8
+      ..6f7211e3
+      ..b9a4f44e
-      ..67c480c7
+      ..f6f718bf
-      ..2b957cd7
-      ..79656986
-      ..f70b4b54
+      ..b6dbc795
+      ..5f1b698d
+      ..a117ea23
-      ..ac9727b8
-      ..1ce5d4e8
-      ..a1e653fa
+      ..90d83920
+      ..c37eec28
+..e6729df8
+      ..ffc0ec57
+      ..4225ea61
+..e6729df8
+      ..f1582403
+      ..d66b8a69
+..e6729df8
+      ..af840ff6
+      ..cfc6f84d
+..e6729df8
-      ..6927aacc
+      ..2cc22963
-      ..95af17a3
+      ..35fba335
-      ..ee64d6be
-      ..24fb1fe1
+      ..0dc5cb20
+      ..e30095ce
-      ..7d3b3d2a
-      ..f321bcc7
+      ..50792a45
+      ..c3611a7b
-      ..0928bfaa
-      ..3b62fce7
-      ..25006255
+..e6729df8
+      ..0dc46cc0
+    })..2506e958
+..e6729df8
+    it..96f0fc17
+      ..5782a576
+      ..7ff6c25c
+      ..2158e033
-      ..7a1c267d
+      ..bd5d9310
-..3b6c2918
+      ..7b35b9b7
-      ..babc9adb
+      ..3eda8732
-      ..ef108aea
-      ..71707ba5
-      ..ef108aea
-      ..6941763f
-      ..44cf4764
-      ..a5987bd5
-      ..3ed4fa38
-      ..271676cd
-      ..06676866
-      ..fee90774
-      ..ef108aea
-      ..fb72f04c
-      ..ef65cb49
-      ..347cb29f
-      ..ef108aea
-      ..e42db0eb
-      ..7527ed51
-      ..5548ef65
-      ..ef108aea
-      ..b65d824d
-      ..34721539
-      ..ef108aea
-      ..48261c5a
-      ..3f6b1d5f
+..e6729df8
+      ..6a9e1c8a
+..e6729df8
+      ..89c56af8
+      ..dd3c14e1
+      ..ac0b11e7
+      ..6982b304
+      ..16855752
+      ..98b6a021
+      ..1c968f5c
+..e6729df8
+      ..8f18d7fa
+      ..4a844158
+      ..0ef5075d
+..e6729df8
+      ..6842c8e7
+      ..fd9e2a26
+      ..5485694a
+..e6729df8
+      ..3723313d
+      ..8fb0a910
+..e6729df8
+      ..65a9c90e
+      ..6dc88163
-      ..36d1351c
+      ..84358ed6
-      ..79971727
+      ..0dde2468
-      ..babc9adb
+      ..3eda8732
-      ..09292e7b
-      ..3cdd1c83
-      ..900fa8b6
-      ..fb2f1ffc
-      ..e2ecf746
-      ..17f61049
-      ..376a8ead
-      ..3abaedce
+      ..9ab399f9
+      ..8d47a470
+      ..674dd659
+      ..a538ae1d
+      ..09bdae99
+      ..29803be4
+      ..4723d235
+      ..19adabd5
-      ..09f01b0d
+      ..05bb41a7
-      ..5310b92a
+      ..6d0ae1e0
+      ..e6ff54d0
-      ..34a220ed
-      ..8f01ff75
-      ..bfafeb0e
+      ..84462d14
-      ..a5d4a5c6
+      ..d2df9b7b
+      ..f89dec91
+      ..9b392ecb
+..e6729df8
+      ..01ef6bf4
-      ..60ad1757
+      ..c020d4aa
+..e6729df8
-      ..37642b85
+      ..7d7fc5c4
-      ..15cb5564
-      ..823a2f01
-      ..8c1c6ad0
+      ..a3e0a62c
+      ..07e8464f
+      ..30f3cda4
-      ..06f945b6
+      ..840f393d
-      ..875d5d57
-      ..d4e8d647
+      ..f36969d2
+..e6729df8
+      ..fdc3bb7d
+      ..902be7d8
+      ..05e2ed94
-      ..f47ed113
-      ..a5565beb
+      ..5723423e
+      ..40c435f1
-      ..5529a098
-      ..00f9afab
-      ..e52f9183
-    })..51b5d715
+      ..a3c575c7
+      ..2f158eff
-    it..b0b051c4
-      ..342ac5aa
-      ..9dd86bb5
-      ..539b83db
+      ..9ec62681
+      ..59211508
+..e6729df8
+      ..a3c575c7
+      ..2f158eff
+..e6729df8
+      ..818a0689
+      ..2a39663d
+      ..9ec62681
+      ..a701b69b
+    })..2506e958
-      ..306bee37
-      ..2a5f0fb8
-      ..67d241ef
+    re..c6e2d3e9
-      ..a33faf79
-      ..62b46700
-      ..44af9884
+    it..a606d8ca
+      ..2e530653
+      ..2f770ea7
+      ..63a48caf
+      ..b3ae9529
+      ..7b6e7bc2
+      ..d5d37fba
+      ..b810c4d0
+      ..b4dcfd94
+      ..a5d726a7
+      ..846078cb
+      ..0d962a15
+      ..e703f43f
+      ..ca454d84
+..e6729df8
+      ..189fd8ac
+      ..ce308a4a
+      ..79fa1a19
+      ..a71ba424
+      ..7ceef529
-      ..26c8c43b
+      ..bc8c8530
-    */..391dc309
--- /de..e6481a9c
+/* glo..796143e1
+/* esl..22af5236
+..e6729df8
+import..a67101d6
+import..4f91fdd0
+..e6729df8
+const ..332deb7d
+const ..6e279a2f
+const ..8232035b
+const ..246def42
+const ..ef5fda61
+const ..8d8d7e50
+const ..f5c72878
+const ..c282ecce
+..e6729df8
+const ..95f8def9
+..e6729df8
+const ..0bad790d
+..e6729df8
+const ..c178b022
+const ..aa8bcd6b
+const ..38d6c924
+const ..8dcde188
+const ..724429d0
+..e6729df8
+let us..c9a0a653
+let us..f6ba482f
+let us..93ae989f
+let us..a3327064
+let en..458b7ccc
+let lo..cf9a69da
+let cu..e2c15fc1
+let ma..b472b9c5
+..e6729df8
+let tx..1b3bd9cf
+let ga..667210e3
+let ga..7d199306
+let ga..9fc1a47b
+..e6729df8
+functi..040719e1
+    ga..d6e574ea
+    ga..1a3b07f3
+}..18edb906
+..e6729df8
+functi..0773ca48
+    co..3ef76ea9
+    fo..f7acc23e
+      ..a275a6be
+    }..fe058fdb
+    co..72a805a2
+    co..3ef76ea9
+}..18edb906
+..e6729df8
+let er..947a2d2a
+let ba..06161fb8
+..e6729df8
+contra..a5d5b400
+..e6729df8
+    be..07d043d7
+      ..279066c9
+      ..3cbccb94
+      ..a1b0155a
+      ..800e3267
+      ..c6f3b900
+      ..8fa2261d
+..e6729df8
+      ..0e8fd08a
+..e6729df8
+      ..846ca62d
+..e6729df8
+      ..5be35332
+      ..38e0da76
+..e6729df8
+      ..13b17f52
+      ..8ec8e931
+      ..634c4d6d
+    })..2506e958
+..e6729df8
+    af..7bc296a0
+      ..e087c0da
+    })..2506e958
+..e6729df8
+    it..c9a299db
+      ..84358ed6
+      ..2a14a668
+      ..97db79a4
+..e6729df8
+      ..785ebf61
+      ..3181fab5
+..e6729df8
+      ..3eda8732
+      ..11c272eb
+      ..6c6cae95
+      ..a2369846
+      ..7e5f3fc9
+      ..d2db31a1
+      ..122f522c
+      ..9b8b5883
+      ..b6a53545
+      ..6ffdcd37
+      ..25f1e7de
+      ..48182328
+      ..98d58fa5
+      ..7c8af9d0
+..e6729df8
+      ..30ab2fe9
+      ..7ff6c25c
+..e6729df8
+      ..01ef6bf4
+      ..89c56af8
+      ..e5aac7e8
+..e6729df8
+      ..5c03f522
+      ..ec3f3179
+      ..f40e382c
+..e6729df8
+      ..3ce12c02
+      ..3b616528
+..e6729df8
+      ..873d3832
+      ..cea921b7
+    })..2506e958
+..e6729df8
+    it..e76aeae2
+      ..58bc0752
+      ..d90d0746
+..e6729df8
+      ..4a0b84f6
+      ..c6859265
+      ..ca454d84
+    })..2506e958
+..e6729df8
+    it..c5c11b9f
+      ..0f44ca3b
+      ..28576a6e
+      ..8f3fb61f
+      ..7b681b32
+..e6729df8
+      ..6a7efbc0
+    })..2506e958
+..e6729df8
+    it..20798d3e
+      ..0f44ca3b
+      ..72b48716
+      ..4fa58190
+..e6729df8
+      ..49016016
+    })..2506e958
+..e6729df8
+    it..bbbecc71
+      ..0f44ca3b
+..e6729df8
+      ..3db75f1d
+      ..5ee44f15
+      ..eb8a8ab4
+    })..2506e958
+..e6729df8
+    it..5c9b2632
+      ..1658147a
+      ..e8cddca0
+    })..2506e958
+..e6729df8
+    it..5d9b0daa
+      ..0f44ca3b
+..e6729df8
+      ..1658147a
+      ..568cdfa6
+      ..5bb8f3a2
+      ..08023910
+..e6729df8
+      ..97df6a83
+      ..7f8eca7f
+    })..2506e958
+..e6729df8
+    it..1c87314b
+      ..4f458d17
+      ..0d4d44f1
+      ..9c5fd6d5
+      ..d38ddfdb
+..e6729df8
+      ..2d590690
+      ..d28bde5e
+      ..dce5aa4f
+      ..194930cc
+..e6729df8
+      ..134202ae
+..e6729df8
+      ..24291739
+    })..2506e958
+..e6729df8
+    it..b5ea46e5
+      ..4f458d17
+..e6729df8
+      ..42d037df
+      ..44acb875
+      ..923b6f01
+..e6729df8
+      ..42d037df
+      ..1a2ade31
+      ..28a75db7
+      ..80c54aa9
+..e6729df8
+      ..fb362e90
+    })..2506e958
+..e6729df8
+    it..4fc2fc46
+      ..4f458d17
+..e6729df8
+      ..97df6a83
+      ..923b6f01
+..e6729df8
+      ..1658147a
+      ..e8cddca0
+..e6729df8
+      ..24291739
+..e6729df8
+      ..123fc137
+..e6729df8
+      ..97df6a83
+      ..7f8eca7f
+    })..2506e958
+..e6729df8
+    it..00af0add
+      ..4f458d17
+      ..10509cbc
+..e6729df8
+      ..2796e4c6
+      ..26b082fd
+..e6729df8
+      ..ac8204e0
+      ..efe67f77
+    })..2506e958
+..e6729df8
+    it..1da860aa
+      ..4f458d17
+      ..e1903bbf
+      ..46f6eccf
+      ..e801ee1d
+      ..348a4197
+      ..ca454d84
+      ..a70332cb
+    })..2506e958
+..e6729df8
+    it..440295f3
+      ..d0109ba5
+      ..7449033b
+      ..ffb5fbd4
+    })..2506e958
+..e6729df8
+    it..f52940c1
+      ..4f458d17
+      ..48c1dabe
+      ..46f6eccf
+      ..e801ee1d
+      ..348a4197
+      ..ca454d84
+      ..a70332cb
+    })..2506e958
+..e6729df8
+    it..08763129
+      ..4f458d17
+      ..1617e792
+      ..3d026ed0
+..e6729df8
+      ..46f6eccf
+      ..3824b4aa
+      ..348a4197
+      ..ca454d84
+      ..418dfc66
+    })..2506e958
+..e6729df8
+    it..0e4fe6a8
+      ..4f458d17
+      ..04ea6963
+      ..4c355744
+..e6729df8
+      ..46f6eccf
+      ..375a11c8
+      ..348a4197
+      ..ca454d84
+      ..ee424eff
+    })..2506e958
+..e6729df8
+    it..007a8b15
+      ..b7d12acc
+      ..85b64da5
+      ..97637397
+      ..5be9f30e
+      ..40b59ac1
+    })..2506e958
+..e6729df8
+});..f310ccb9
+import..e0e1f0fe
-     {..f46f751d
-    ,{..c810ca1d
-    ,{..3d825345
-    ,{..a1720244
-    ,{..22c124ca
-    ,{..37b3a298
-    ,{..957c3437
-    ,{..be37bcf8
+    {T..37597890
+   ,{T..205237aa
+   ,{T..0f76a978
+   ,{T..fb3a8e0f
+   ,{T..886fd9ed
+   ,{T..63351fbf
+   ,{T..68426844
+   ,{T..071daac2
-     {..436b6d1b
-    ,{..15579b15
-    ,{..cf926d51
-    ,{..affe3dec
-    ,{..e75d730a
-    ,{..0a953d22
-    ,{..33afb9f6
-    ,{..407c93b8
-    ,{..b08d37b0
-    ,{..1da50cf5
-    ,{..e7dbb9df
+    {T..cbe9a209
+   ,{T..e067c3f7
+   ,{T..bdd7db5a
+   ,{T..1bc1b963
+   ,{T..cb91cd30
+   ,{T..77e487b9
+   ,{T..3b795d78
+   ,{T..17d6a7a9
+   ,{T..c977aa39
+   ,{T..591081b9
+   ,{T..4395f9a0
+    be..07d043d7
+      ..279066c9
+      ..3cbccb94
+      ..a1b0155a
+      ..800e3267
+      ..c6f3b900
+      ..8fa2261d
+      ..595f4ff3
+      ..960a97f5
+..e6729df8
+      ..f769e611
+..e6729df8
+      ..7ccd2a1f
+      ..38e0da76
+..e6729df8
+      ..a83ad7bd
+      ..7c851254
+..e6729df8
+      ..d2778ebe
+      ..a2839c3e
+      ..8cc98a41
+..e6729df8
+      ..63d2beb2
+    })..2506e958
+..e6729df8
+    af..7bc296a0
+      ..e087c0da
+    })..2506e958
+..e6729df8
+    it..77cbd78e
+      ..6901ff7b
+      ..be70a7b6
+      ..353987b5
+      ..97db79a4
+..e6729df8
+      ..7a72fef8
+      ..81e6a3aa
+..e6729df8
+      ..54abf0f4
+      ..18865d98
+      ..fc9b56ff
+      ..0338103c
+      ..60e43547
+      ..78dd1b87
+      ..aeadb6a4
+      ..63ec1244
+      ..40b33c44
+      ..f5640330
+      ..25f1e7de
+      ..48182328
+..e6729df8
+      ..da70baa5
+    })..2506e958
+..e6729df8
+    it..2d8f8be6
+      ..6901ff7b
+      ..be70a7b6
+      ..353987b5
+      ..97db79a4
+..e6729df8
+      ..7a72fef8
+      ..81e6a3aa
+..e6729df8
+      ..54abf0f4
+      ..91ead736
+      ..fc9b56ff
+      ..0338103c
+      ..60e43547
+      ..78dd1b87
+      ..aeadb6a4
+      ..ae069493
+      ..40b33c44
+      ..f5640330
+      ..25f1e7de
+      ..48182328
+..e6729df8
+      ..203c15fe
+..e6729df8
+      ..e4e2f041
+      ..f5e65a81
+    })..2506e958
+..e6729df8
+    it..14e5b7e6
+      ..6901ff7b
+      ..4f89bf42
+      ..353987b5
+      ..97db79a4
+..e6729df8
+      ..7a72fef8
+      ..81e6a3aa
+..e6729df8
+      ..54abf0f4
+      ..0e5fc80f
+      ..fc9b56ff
+      ..0338103c
+      ..60e43547
+      ..78dd1b87
+      ..aeadb6a4
+      ..ae069493
+      ..40b33c44
+      ..f5640330
+      ..25f1e7de
+      ..48182328
+..e6729df8
+      ..847cdf8a
+..e6729df8
+      ..ceb4fd69
+    })..2506e958
+..e6729df8
+    it..1b3743bf
+      ..6901ff7b
+      ..be70a7b6
+      ..353987b5
+      ..97db79a4
+..e6729df8
+      ..7a72fef8
+      ..81e6a3aa
+..e6729df8
+      ..54abf0f4
+      ..ac19608d
+      ..fc9b56ff
+      ..0338103c
+      ..60e43547
+      ..78dd1b87
+      ..aeadb6a4
+      ..81c73324
+      ..40b33c44
+      ..f5640330
+      ..25f1e7de
+      ..48182328
+..e6729df8
+      ..8eda64da
+    })..2506e958
+..e6729df8
+    it..f92315bd
+      ..6901ff7b
+      ..be70a7b6
+      ..353987b5
+      ..97db79a4
+..e6729df8
+      ..7a72fef8
+      ..81e6a3aa
+..e6729df8
+      ..54abf0f4
+      ..68c02d06
+      ..fc9b56ff
+      ..0338103c
+      ..60e43547
+      ..78dd1b87
+      ..aeadb6a4
+      ..2e9bb22a
+      ..40b33c44
+      ..f5640330
+      ..25f1e7de
+      ..48182328
+..e6729df8
+      ..641bf2ab
+    })..2506e958
+..e6729df8
+    it..202c93d9
+      ..6901ff7b
+      ..be70a7b6
+      ..353987b5
+      ..97db79a4
+..e6729df8
+      ..7a72fef8
+      ..81e6a3aa
+..e6729df8
+      ..54abf0f4
+      ..10a7df06
+      ..fc9b56ff
+      ..0338103c
+      ..60e43547
+      ..78dd1b87
+      ..aeadb6a4
+      ..9b90c03a
+      ..40b33c44
+      ..f5640330
+      ..25f1e7de
+      ..48182328
+..e6729df8
+      ..14ff441f
+    })..2506e958
+..e6729df8
+..e6729df8
+    it..77a15b49
+..e6729df8
+      ..bb4266a5
+      ..d88e721c
+..e6729df8
+      ..d078ccc0
+..e6729df8
+      ..78bb53ea
+      ..7b8321ae
+      ..c0d22fbd
+      ..ca454d84
+      ..0c05fe63
+      ..27d563b0
+..e6729df8
+      ..67f764dc
+      ..571e893c
+..e6729df8
+      ..fa4436ce
+      ..0c05fe63
+      ..c3dd8848
+      ..a1881788
+    })..2506e958
+..e6729df8
+    it..29a7481a
+..e6729df8
+      ..bb4266a5
+      ..d88e721c
+..e6729df8
+      ..d078ccc0
+..e6729df8
+      ..e3cdd73a
+      ..7b8321ae
+      ..10ee8ef2
+      ..ca454d84
+      ..0c05fe63
+      ..3d19a896
+      ..a1881788
+    })..2506e958
+..e6729df8
+    it..4b9300d1
+..e6729df8
+      ..bb4266a5
+      ..d88e721c
+..e6729df8
+      ..d078ccc0
+..e6729df8
+      ..78bb53ea
+      ..7b8321ae
+      ..af8debc2
+      ..ca454d84
+      ..0c05fe63
+      ..d2470d7f
+      ..86581128
+      ..571e893c
+..e6729df8
+      ..dbaa97ce
+      ..0427406f
+..e6729df8
+      ..fa4436ce
+      ..0c05fe63
+      ..9698e5cd
+      ..a1881788
+    })..2506e958
+..e6729df8
+    it..35aaab07
+..e6729df8
+      ..bb4266a5
+      ..d88e721c
+..e6729df8
+      ..8f466bfa
+      ..4b7cfcbf
+      ..a335153f
+..e6729df8
+      ..0c05fe63
+      ..2a417be5
+      ..361bdcb3
+      ..a1881788
+..e6729df8
+      ..59c46d05
+      ..c63aea80
+    })..2506e958
+..e6729df8
+    it..5c663e1a
+..e6729df8
+      ..bb4266a5
+      ..d88e721c
+..e6729df8
+      ..96d2f30d
+..e6729df8
+      ..8f466bfa
+      ..33f6bceb
+      ..a335153f
+..e6729df8
+      ..0c05fe63
+      ..ae852b80
+      ..61fe5038
+      ..a1881788
+..e6729df8
+      ..680375cf
+      ..c63aea80
+    })..2506e958
+..e6729df8
+    it..c89fdba4
+..e6729df8
+      ..b8df0e77
+      ..78b069b1
+..e6729df8
+      ..a301d98d
+      ..6c3ed787
+      ..d88e721c
+..e6729df8
+      ..9ab55f8e
+      ..b6082a89
+      ..cd353e93
+..e6729df8
+      ..e2f55940
+      ..9f7e44bf
+      ..cedec7e2
+..e6729df8
+      ..8f466bfa
+      ..0c05fe63
+      ..b09e4240
+      ..a1881788
+    })..2506e958
+..e6729df8
+    it..dfcc9f97
+..e6729df8
+      ..3dc01b6b
+      ..30962337
+..e6729df8
+      ..775abf60
+      ..dfabade1
+      ..d88e721c
+..e6729df8
+      ..9ab55f8e
+      ..b6082a89
+      ..cd353e93
+..e6729df8
+      ..e2f55940
+      ..9f7e44bf
+      ..cedec7e2
+..e6729df8
+      ..8f466bfa
+      ..0c05fe63
+      ..b09e4240
+      ..a1881788
+    })..2506e958
+..e6729df8
+..e6729df8
+    it..9fe26e71
+..e6729df8
+      ..9de2e38d
+..e6729df8
+      ..d3e910a6
+      ..12c80246
+      ..280ba729
+      ..a00dffe0
+..e6729df8
+      ..5b390624
+      ..33abf093
+      ..b6eaf2e4
+..e6729df8
+      ..33abf093
+      ..7908f5a7
+      ..8be743de
+      ..b7cace1b
+      ..e7f37bb3
+      ..aa30e233
+      ..0ceddfcb
+      ..826dd5af
+      ..fed41c2a
+      ..cdea46ad
+      ..8dd9113e
+      ..fe8af286
+      ..0e7379bb
+..e6729df8
+      ..eca252a8
+..e6729df8
+      ..de5321ca
+      ..087d4710
+..e6729df8
+      ..7dc22bdd
+      ..bf38848b
+      ..43479192
+      ..ff8d0d45
+      ..e5f120ea
+..e6729df8
+      ..e7fcc695
+      ..5a185a86
+      ..dff3ea56
+..e6729df8
+      ..fd14a401
+      ..e9ddc453
+      ..72d5a630
+      ..d077a98a
+      ..d5923cea
+..e6729df8
+      ..22015db3
+      ..4cc60298
+      ..cd3681a1
+..e6729df8
+      ..f6fe8211
+      ..54b7eca2
+      ..7cd40395
+      ..57eb557f
+      ..68852f2c
+..e6729df8
+      ..d4052557
+      ..0c480388
+      ..089f46ab
+      ..9cf752f9
+      ..ca454d84
+    })..2506e958
+..e6729df8
+    it..bc8e2da8
+..e6729df8
+      ..31932fea
+..e6729df8
+      ..d3e910a6
+      ..ae43e25b
+      ..280ba729
+      ..a00dffe0
+..e6729df8
+      ..5b390624
+      ..33abf093
+      ..b6eaf2e4
+..e6729df8
+      ..33abf093
+      ..7908f5a7
+      ..da4855c6
+      ..b7cace1b
+      ..e7f37bb3
+      ..aa30e233
+      ..0ceddfcb
+      ..826dd5af
+      ..feec039e
+      ..cdea46ad
+      ..8dd9113e
+      ..fe8af286
+      ..0e7379bb
+..e6729df8
+      ..eca252a8
+..e6729df8
+      ..7f059f94
+      ..b566095a
+      ..7cd40395
+      ..7f9cc4ae
+..e6729df8
+      ..7dc22bdd
+      ..4704b822
+      ..43479192
+      ..ff8d0d45
+      ..e5f120ea
+..e6729df8
+      ..e7fcc695
+      ..5a185a86
+      ..dff3ea56
+..e6729df8
+      ..fd14a401
+      ..e9ddc453
+      ..51474325
+      ..d077a98a
+      ..d5923cea
+..e6729df8
+      ..22015db3
+      ..822bb5c5
+      ..cd3681a1
+..e6729df8
+      ..f6fe8211
+      ..54b7eca2
+      ..7cd40395
+      ..8ad668e3
+      ..68852f2c
+..e6729df8
+      ..d4052557
+      ..0c480388
+      ..089f46ab
+      ..d95ff309
+      ..ca454d84
+    })..2506e958
+import..84653f99
+    co..894643e3
+    co..e6097e79
+    er..345319de
+    er..964249ea
+    as..7e407332
+    as..122f8dde
+    as..e8683251
+} from..2e4d786a
+..e6729df8
-const ..fe9dd9bc
+..e6729df8
+let to..a33ee5f7
+let to..cca549ec
+let to..e1d4331c
+let to..d13f0e09
+..e6729df8
+    be..07d043d7
+      ..279066c9
+      ..3cbccb94
+      ..a1b0155a
+      ..800e3267
+      ..c6f3b900
+      ..8fa2261d
+..e6729df8
+      ..595f4ff3
+      ..960a97f5
+..e6729df8
+      ..f769e611
+..e6729df8
+      ..7ccd2a1f
+      ..38e0da76
+..e6729df8
+      ..823b0783
+      ..d18dae28
+      ..bc2b71e6
+    })..2506e958
+..e6729df8
+    af..7bc296a0
+      ..e087c0da
+    })..2506e958
+..e6729df8
+    it..15909fb2
+      ..22bc8b58
+      ..bec05335
+..e6729df8
+      ..a1881788
+      ..87eca03b
+      ..7a269601
+      ..fa1cb82b
+      ..5a1c6999
+      ..0338103c
+      ..60e43547
+      ..1717ef49
+      ..aeadb6a4
+      ..60fc6dfe
+      ..b2b82084
+      ..f5640330
+      ..25f1e7de
+      ..48182328
+      ..b6f51a60
+      ..67531b7d
+..e6729df8
+      ..a1881788
+      ..87eca03b
+      ..7a269601
+      ..6dc9fa85
+      ..5a1c6999
+      ..0338103c
+      ..60e43547
+      ..1717ef49
+      ..aeadb6a4
+      ..60fc6dfe
+      ..b2b82084
+      ..f5640330
+      ..25f1e7de
+      ..48182328
+      ..c9762efa
+      ..d0f1d7b5
+..e6729df8
+      ..a1881788
+      ..87eca03b
+      ..7a269601
+      ..553e4799
+      ..5a1c6999
+      ..0338103c
+      ..60e43547
+      ..1717ef49
+      ..aeadb6a4
+      ..60fc6dfe
+      ..b2b82084
+      ..f5640330
+      ..25f1e7de
+      ..48182328
+      ..b052e991
+      ..05a1f630
+..e6729df8
+      ..a1881788
+      ..87eca03b
+      ..3eda8732
+      ..f337e8e0
+      ..5a1c6999
+      ..0338103c
+      ..60e43547
+      ..1717ef49
+      ..aeadb6a4
+      ..60fc6dfe
+      ..b2b82084
+      ..f5640330
+      ..25f1e7de
+      ..48182328
+      ..a3a4964b
+      ..6552bf18
+..e6729df8
+    })..2506e958
+..e6729df8
+    it..3b0f3a7c
+..e6729df8
+      ..8e366a62
+..e6729df8
+      ..f81d1c49
+      ..644af1a1
+      ..c8d7af58
+..e6729df8
+      ..0090c418
+      ..ae073748
+      ..a657c564
+      ..7df2a414
+..e6729df8
+      ..7c4aa839
+      ..3a84d416
+      ..eeb809e7
+      ..642f33f3
+..e6729df8
+      ..ffc92ca6
+      ..434f09f5
+      ..a493b6fa
+      ..18f074b3
+      ..49a524f7
+      ..89e485f8
+      ..4cee56ef
+      ..25f1e7de
+      ..48182328
+      ..96a26cf7
+      ..4f77ab78
+      ..d8a82eea
+..e6729df8
+      ..10d78a17
+      ..b6f4a054
+..e6729df8
+      ..fe36814c
+      ..1d8f47d2
+      ..12b23059
+      ..28e8e5d4
+..e6729df8
+      ..de5760ae
+      ..1e3502fe
+      ..a4d19381
+      ..434cbbe2
+    })..2506e958
+..e6729df8
+    it..438c3c47
+      ..95a6b527
+      ..604246f6
+      ..aebe6181
+..e6729df8
+      ..860dcf1f
+      ..a5b42654
+      ..8fbfc768
+..e6729df8
+      ..b1c0203c
+      ..19d6035a
+      ..85723dfe
+..e6729df8
+      ..d399c3c1
+      ..078aa70f
+      ..98a11c73
+..e6729df8
+      ..ef48437b
+      ..434f09f5
+      ..cd97b10d
+      ..110cdd02
+      ..6734c4b6
+      ..b328938e
+      ..70bf2159
+      ..ba612f1b
+      ..48182328
+      ..96a26cf7
+      ..4f77ab78
+      ..d8a82eea
+..e6729df8
+      ..10d78a17
+      ..b6f4a054
+..e6729df8
+      ..46cd8916
+      ..b8062f61
+      ..ea8e34c6
+..e6729df8
+      ..776b6d2f
+      ..46b06e73
+..e6729df8
+      ..d923a404
+      ..283d921c
+      ..e4eac3f3
+    })..2506e958
+..e6729df8
+    it..5de39df8
+      ..19b58c2b
+      ..54031fd7
+..e6729df8
+      ..ed78f775
+      ..f0c56780
+      ..0a9c24ad
+      ..d0a97791
+..e6729df8
+      ..181a1668
+      ..7573da76
+      ..7c4aa839
+      ..a117ea23
+..e6729df8
+      ..434f09f5
+      ..79db167d
+      ..a54a91c0
+      ..3f665e3f
+      ..d3887244
+      ..70bf2159
+      ..ef7d9e93
+      ..48182328
+      ..96a26cf7
+      ..18bfb2ce
+      ..99761f0d
+..e6729df8
+      ..434f09f5
+      ..79db167d
+      ..a54a91c0
+      ..3f665e3f
+      ..d3887244
+      ..24020662
+      ..ef7d9e93
+      ..48182328
+      ..96a26cf7
+      ..9ca5b85e
+      ..63b68a68
+..e6729df8
+      ..94baf1b8
+      ..b6f4a054
+      ..8dd1e7d1
+      ..9967ed9c
+    })..2506e958
-import..977b155c
+import..f6f389bc
-const ..2ff4a5b2
+const ..8d8d7e50
-let cu..661ba416
-let bu..ce68522d
-..3b6c2918
-..3b6c2918
-let us..39bb8297
-..3b6c2918
-let to..dfe44c53
-let to..fc663d38
-     {..08b5819c
-    ,{..48e87780
-    ,{..be7b334a
-    ,{..2ac475d6
-    ,{..636883f0
-    ,{..e26fd852
-..3b6c2918
-    //..101a23ab
-    ,{..cd5db4a9
-    ,{..8d93a4a9
-    ,{..d6f3013d
-    ,{..11413f7e
-    ,{..08a40f50
-    ,{..1e8f8666
-];..bbef9521
-..3b6c2918
-..3b6c2918
-// wha..64fc5cde
-let bu..234cbd20
-     {..09809cd3
-    ,{..401ed873
-    ,{..c82e7a84
-    ,{..ee389c8a
-    ,{..bcea40d3
-    ,{..aeba87a5
-    ,{..bb001b24
-];..bbef9521
-..3b6c2918
-..3b6c2918
-let mu..a0359024
-     {..5c888837
-    ,{..92f0781f
-    ,{..3be5f0f8
-    ,{..bae8a79f
-    ,{..d12d3daf
-    ,{..1aff09f3
-    ,{..1aff09f3
-    ,{..1aff09f3
-    ,{..1aff09f3
-    ,{..1aff09f3
-    ,{..dfd26027
-    ,{..6d3e6cdd
-    ,{..932cf363
-    ,{..313122e7
-    ,{..910ba077
-    ,{..2e2e7804
-    ,{..7e162184
-    ,{..c3ba69ce
-    ,{..77db40b0
-    ,{..0570c528
-    ,{..6d3020b8
-    ,{..da8e8619
-..3b6c2918
-    //..d8b7dd60
-    ,{..beda7619
-    ,{..a2f86050
-];..bbef9521
-..3b6c2918
-let mu..990698f9
-    //..404ba46f
-     {..51812aaa
-    ,{..4f54aeb8
-    ,{..fa713b6c
-    ,{..d5db1281
-    ,{..9c6cd13e
-    ,{..c25e1f61
-    ,{..6e70b6ab
-    ,{..fd06a214
-    ,{..7e680d5e
-    ,{..b90126c5
-    ,{..df91adf4
-    ,{..7ac02128
-    ,{..e1197a89
-];..bbef9521
+let er..1e51d3f0
+async ..fae04533
+    le..da9242cd
+    aw..3b9fb558
+    aw..79433bf5
+    tx..05031b7e
+      ..863a7239
+      ..cdf87485
+      ..b3131582
+      ..452f0f14
+      ..f90f69fe
+      ..64e390a0
+      ..311250d8
+      ..023d94a8
+      ..335f5623
+      ..03270ccf
+    );..12c4aa26
+    re..97c2229d
+..e6729df8
+    as..95b4b8a8
+..e6729df8
+    er..8508e661
+}..18edb906
+..e6729df8
+let er..9af597ae
+async ..5252bd9c
+    le..da9242cd
+..e6729df8
+    aw..3b9fb558
+    aw..79433bf5
+    tx..b1b4feac
+      ..863a7239
+      ..cdf87485
+      ..b3131582
+      ..452f0f14
+      ..f90f69fe
+      ..64e390a0
+      ..311250d8
+      ..023d94a8
+      ..335f5623
+      ..03270ccf
+    );..12c4aa26
+    re..55cb0b39
+..e6729df8
+    as..95b4b8a8
+..e6729df8
+    er..6d4e0870
+}..18edb906
+    be..07d043d7
+      ..279066c9
+      ..3cbccb94
+      ..a1b0155a
+      ..800e3267
+      ..c6f3b900
+      ..8fa2261d
+..e6729df8
+      ..595f4ff3
+      ..960a97f5
+..e6729df8
+      ..f769e611
+..e6729df8
+      ..7ccd2a1f
+      ..38e0da76
+..e6729df8
+      ..66b77381
+      ..a6dd91f4
+      ..557aea5f
+    })..2506e958
+..e6729df8
+    af..7bc296a0
+      ..e087c0da
+    })..2506e958
+..e6729df8
+    it..96c32896
+      ..1e95e58b
+      ..5a85ed1f
+      ..c1125e29
+      ..8e777291
+      ..22492120
+      ..78df39e2
+      ..ecc72b0f
+      ..9eac9aca
+..e6729df8
+      ..06c62c9d
+      ..36bb0c01
+      ..dcac9b44
+      ..61b1e693
+    })..2506e958
+..e6729df8
+    it..35aa330d
+      ..f7b283a6
+..e6729df8
+      ..a3fabea8
+      ..2a433208
+      ..e5de862e
+      ..430f2b4f
+      ..1f4bfc29
+      ..e5de862e
+      ..adbaf3a6
+      ..1d1a8260
+      ..e5de862e
+      ..a3fabea8
+    })..2506e958
+..e6729df8
+    it..236c0f55
+      ..f7b283a6
+      ..4ea0547e
+      ..a34bb582
+..e6729df8
+      ..a3fabea8
+      ..ade4c1ff
+      ..befe2bac
+..e6729df8
+      ..a2610a3f
+      ..f67ff34d
+..e6729df8
+      ..d02ac78e
+      ..709a66cb
+..e6729df8
+      ..430f2b4f
+      ..3e7ae2dc
+      ..fc6b9b55
+..e6729df8
+      ..7578f286
+      ..709a66cb
+      ..0fe699db
+      ..709a66cb
+      ..a3fabea8
+      ..ade4c1ff
+      ..befe2bac
+..e6729df8
+      ..1763594a
+      ..55c437b3
+    })..2506e958
+..e6729df8
+    it..08aa131e
+      ..27bc102c
+..e6729df8
+      ..a3fabea8
+..e6729df8
+      ..67317842
+      ..a2610a3f
+      ..f67ff34d
+..e6729df8
+      ..002b50ec
+      ..4c79fdc4
+      ..2a433208
+      ..e5de862e
+      ..430f2b4f
+      ..69c6106a
+..e6729df8
+      ..b90acc02
+      ..4c79fdc4
+      ..1f4bfc29
+      ..e5de862e
+      ..adbaf3a6
+      ..d90b6baf
+..e6729df8
+      ..d85911ad
+      ..4c79fdc4
+      ..1d1a8260
+      ..e5de862e
+      ..a3fabea8
+      ..14a51193
+    })..2506e958
+..e6729df8
+    it..ee8f31f8
+      ..d3af073e
+..e6729df8
+      ..a3fabea8
+..e6729df8
+      ..e16fe68e
+      ..e5de862e
+..e6729df8
+      ..fb0a8921
+      ..2f57d3a7
+..e6729df8
+      ..2a433208
+      ..e5de862e
+      ..430f2b4f
+      ..7572f079
+..e6729df8
+      ..2b7a43da
+      ..e5de862e
+      ..a3fabea8
+      ..a15f958e
+    })..2506e958
+..e6729df8
+    it..815c47a9
+      ..27bc102c
+      ..875041ba
+      ..0ab271af
+..e6729df8
+      ..a3fabea8
+      ..ade4c1ff
+      ..befe2bac
+..e6729df8
+      ..67317842
+      ..a2610a3f
+      ..f67ff34d
+..e6729df8
+      ..98319eec
+      ..d02ac78e
+      ..709a66cb
+      ..430f2b4f
+      ..3e7ae2dc
+      ..fc6b9b55
+..e6729df8
+      ..b10de441
+..e6729df8
+      ..83726cc6
+      ..4c79fdc4
+      ..7578f286
+      ..709a66cb
+      ..d85911ad
+      ..4c79fdc4
+      ..0fe699db
+      ..709a66cb
+      ..a3fabea8
+      ..ade4c1ff
+      ..befe2bac
+..e6729df8
+      ..ee00cd92
+      ..376a5d5b
+      ..7bdc61cc
+    })..2506e958
+..e6729df8
+    it..9cda4b9e
+      ..3fa57704
+..e6729df8
+      ..a3fabea8
+..e6729df8
+      ..67317842
+      ..a2610a3f
+      ..f67ff34d
+..e6729df8
+      ..002b50ec
+      ..4c79fdc4
+      ..2a433208
+      ..e5de862e
+      ..430f2b4f
+      ..69c6106a
+..e6729df8
+      ..8ac3c561
+      ..4c79fdc4
+      ..1f4bfc29
+      ..e5de862e
+      ..adbaf3a6
+      ..baf6a159
+..e6729df8
+      ..0f5d70ba
+      ..4c79fdc4
+      ..1d1a8260
+      ..e5de862e
+      ..a3fabea8
+      ..ba6cf8ef
+    })..2506e958
+..e6729df8
+    it..fe7c6a91
+      ..3fa57704
+      ..59a27fef
+      ..87bc78d2
+..e6729df8
+      ..a3fabea8
+      ..ade4c1ff
+      ..befe2bac
+..e6729df8
+      ..67317842
+      ..a2610a3f
+      ..f67ff34d
+..e6729df8
+      ..98319eec
+      ..d02ac78e
+      ..709a66cb
+      ..430f2b4f
+      ..3e7ae2dc
+      ..fc6b9b55
+..e6729df8
+      ..b10de441
+..e6729df8
+      ..b90acc02
+      ..4c79fdc4
+      ..7578f286
+      ..709a66cb
+      ..fe08649e
+      ..4c79fdc4
+      ..0fe699db
+      ..709a66cb
+      ..a3fabea8
+      ..ade4c1ff
+      ..befe2bac
+..e6729df8
+      ..c616822b
+      ..c370d21e
+      ..fe80d54b
+    })..2506e958
+..e6729df8
+    it..67e9f3cf
+      ..5e0c7664
+      ..7ff6c25c
+      ..d052db49
+..e6729df8
+      ..89c56af8
+      ..653da834
+..e6729df8
+      ..bd5d9310
+      ..4848037a
+      ..f40e382c
+..e6729df8
+      ..c8ed0946
+      ..b055055b
+..e6729df8
+      ..4ad186ab
+      ..a0be5e19
+..e6729df8
+      ..27bc102c
+      ..875041ba
+      ..0ab271af
+..e6729df8
+      ..67317842
+      ..a2610a3f
+      ..f67ff34d
+..e6729df8
+      ..351a55ee
+      ..ba5e33a1
+      ..a5068788
+      ..ba5e33a1
+      ..4567dc54
+      ..ba5e33a1
+..e6729df8
+      ..b10de441
+..e6729df8
+      ..430f2b4f
+      ..3e7ae2dc
+      ..f34155ab
+..e6729df8
+      ..438bbeb3
+      ..4c79fdc4
+      ..d718ea5a
+      ..ba5e33a1
+      ..8d9e39bc
+      ..ba5e33a1
+      ..4e9b6b62
+      ..ba5e33a1
+..e6729df8
+      ..adbaf3a6
+      ..346dd682
+      ..fc6b9b55
+..e6729df8
+      ..f1545793
+      ..4c79fdc4
+      ..06603eee
+      ..ba5e33a1
+      ..ad486449
+      ..ba5e33a1
+      ..d0c610df
+      ..ba5e33a1
+..e6729df8
+      ..a3fabea8
+      ..ade4c1ff
+      ..befe2bac
+..e6729df8
+      ..cca28716
+      ..79cba117
+      ..e7742547
+    })..2506e958
+..e6729df8
+    it..d3381854
+      ..08f0291a
+      ..7ff6c25c
+      ..02c20a5f
+..e6729df8
+      ..89c56af8
+      ..653da834
+..e6729df8
+      ..bd5d9310
+      ..3d49a51c
+      ..f40e382c
+..e6729df8
+      ..c8ed0946
+      ..b055055b
+..e6729df8
+      ..1743d799
+      ..3b747857
+..e6729df8
+      ..d3af073e
+..e6729df8
+      ..fb0a8921
+      ..2f57d3a7
+..e6729df8
+      ..351a55ee
+      ..ba5e33a1
+      ..2f2630de
+..e6729df8
+      ..430f2b4f
+..e6729df8
+      ..a0a5da20
+      ..ba5e33a1
+..e6729df8
+      ..a3fabea8
+..e6729df8
+      ..fcbee715
+      ..a8415b05
+    })..2506e958
+..e6729df8
+    it..e0be6b0a
+      ..27bc102c
+      ..875041ba
+      ..0ab271af
+      ..f05d0c09
+..e6729df8
+      ..67317842
+      ..a2610a3f
+      ..f67ff34d
+..e6729df8
+      ..2a433208
+      ..e5de862e
+      ..64bd9e39
+      ..e5de862e
+      ..e3ef4d1b
+      ..e5de862e
+      ..2e87c8b2
+      ..e5de862e
+..e6729df8
+      ..b10de441
+..e6729df8
+      ..b72f15a3
+      ..4c79fdc4
+      ..434f09f5
+      ..b3b199db
+      ..60aa01e6
+      ..fc36e768
+      ..4799b60f
+      ..fc2f44a9
+      ..ba612f1b
+      ..48182328
+      ..b09b06d5
+      ..23dfddf9
+      ..d8a82eea
+..e6729df8
+      ..83726cc6
+      ..4c79fdc4
+      ..10d78a17
+      ..ad64def6
+..e6729df8
+      ..92d036c9
+      ..376a5d5b
+      ..598bd01f
+..e6729df8
+      ..cc0970e1
+      ..ef48437b
+      ..f76b1afd
+      ..9205168f
+      ..2e2f2bc8
+      ..740f106e
+    })..2506e958
+..e6729df8
+    it..f6d62aa4
+      ..d3af073e
+      ..d20eced3
+      ..9bbc408f
+      ..6418471f
+..e6729df8
+      ..6a48f5d1
+      ..e5de862e
+..e6729df8
+      ..fb0a8921
+      ..2f57d3a7
+      ..851fed0b
+..e6729df8
+      ..2a433208
+      ..e5de862e
+      ..64bd9e39
+      ..e5de862e
+      ..e3ef4d1b
+      ..e5de862e
+      ..2e87c8b2
+      ..e5de862e
+..e6729df8
+      ..2f2630de
+..e6729df8
+      ..434f09f5
+      ..b3b199db
+      ..60aa01e6
+      ..fc36e768
+      ..4799b60f
+      ..fc2f44a9
+      ..ba612f1b
+      ..48182328
+      ..b09b06d5
+      ..23dfddf9
+      ..d8a82eea
+..e6729df8
+      ..10d78a17
+      ..ad64def6
+..e6729df8
+      ..b32b8f3c
+      ..7b56d809
+      ..ba7342c2
+..e6729df8
+      ..1d1a8260
+      ..e5de862e
+      ..18aa6a4c
+      ..e5de862e
+      ..a89380a4
+      ..e5de862e
+      ..ce54b689
+      ..e5de862e
+    })..2506e958
+..e6729df8
+    it..140b654b
+      ..27bc102c
+      ..875041ba
+      ..0ab271af
+      ..f05d0c09
+..e6729df8
+      ..67317842
+      ..a2610a3f
+      ..f67ff34d
+..e6729df8
+      ..2a433208
+      ..e5de862e
+      ..64bd9e39
+      ..e5de862e
+      ..5f501ec1
+      ..e5de862e
+      ..72d0b329
+      ..e5de862e
+..e6729df8
+      ..fe52a6bb
+      ..be6da654
+      ..dac7a488
+..e6729df8
+      ..afc06486
+      ..4c79fdc4
+      ..f5525a69
+      ..e5de862e
+..e6729df8
+      ..fdae05ac
+      ..92d036c9
+..e6729df8
+      ..3091928a
+      ..be6da654
+..e6729df8
+      ..0748984a
+      ..4c79fdc4
+      ..1d1a8260
+      ..e5de862e
+      ..18aa6a4c
+      ..e5de862e
+      ..e72d6898
+      ..e5de862e
+      ..84d69a13
+      ..e5de862e
+..e6729df8
+      ..f5893be0
+    })..2506e958
+..e6729df8
+    it..9ef7548a
+      ..d3af073e
+      ..d20eced3
+      ..9bbc408f
+      ..6418471f
+..e6729df8
+      ..fb0a8921
+      ..2f57d3a7
+      ..851fed0b
+..e6729df8
+      ..2a433208
+      ..e5de862e
+      ..64bd9e39
+      ..e5de862e
+      ..5f501ec1
+      ..e5de862e
+      ..72d0b329
+      ..e5de862e
+..e6729df8
+      ..fe52a6bb
+      ..be6da654
+      ..dac7a488
+..e6729df8
+      ..f5525a69
+      ..e5de862e
+..e6729df8
+      ..ae0c304b
+..e6729df8
+      ..89f62e15
+      ..b32b8f3c
+..e6729df8
+      ..3091928a
+      ..be6da654
+..e6729df8
+      ..1d1a8260
+      ..e5de862e
+      ..18aa6a4c
+      ..e5de862e
+      ..e72d6898
+      ..e5de862e
+      ..84d69a13
+      ..e5de862e
+..e6729df8
+      ..47c3d0a1
+    })..2506e958
+..e6729df8
+    it..bd47f045
+      ..27bc102c
+      ..875041ba
+      ..0ab271af
+      ..f05d0c09
+..e6729df8
+      ..75f082a7
+      ..68e14ce1
+      ..82f1a361
+..e6729df8
+      ..67317842
+      ..a2610a3f
+..e6729df8
+      ..2a433208
+      ..e5de862e
+      ..64bd9e39
+      ..e5de862e
+      ..5f501ec1
+      ..e5de862e
+      ..72d0b329
+      ..e5de862e
+..e6729df8
+      ..8ac3c561
+      ..4c79fdc4
+      ..2b7a43da
+      ..e5de862e
+      ..fddacf3b
+      ..e5de862e
+      ..a89380a4
+      ..e5de862e
+      ..ce54b689
+      ..e5de862e
+      ..59244e99
+      ..4c79fdc4
+..e6729df8
+      ..f88129b7
+      ..eed28212
+    })..2506e958
+..e6729df8
+    //..c0ca582e
+    //..4e5f3f4b
+    //..211aab01
+    //..078cb5a0
+    //..15270637
+    //..116279f0
+..e6729df8
-/* glo..3940e562
+export..f4c0f1d4
-functi..2e7727bd
+export..2786cd86
-functi..aa863bc1
+export..da15e0a9
-async ..4bb7a603
+export..6dadce0f
-functi..d0a6d6cd
+export..d8513f9a
-functi..9c34bbfa
+export..6f24b46a
-module..928a9390
-    ze..2d1c0e91
-    co..77fa378b
-    en..f0982f0c
-    ti..75178dd4
-    co..891425fa
-    co..cac4c348
-};..08d3c03c
+export..26a063bf
+    re..d8e31057
+}..18edb906
+..e6729df8
+export..a0783a74
+    re..34ecc599
+}..18edb906
+..e6729df8
+export..9f51ff66
+    le..4bad4a0c
+    as..6884b8de
+}..18edb906
+..e6729df8
+export..23916503
+    le..4bad4a0c
+    as..c23f5d69
+}..18edb906
+..e6729df8
+export..cf4e3999
+    le..26b8035f
+..e6729df8
+    if..653a015c
+      ..d10a7ccd
+    as..b04a2bd3
+}..18edb906
+..e6729df8
+export..3625e5a8
+    le..88107679
+    as..71639624
+}..18edb906