+    ma..753d3b2c
+..44fc5937
-      ..c509c174
+      ..2a5d6de0
+      ..e994171e
-      ..c509c174
+      ..2a5d6de0
+      ..e994171e
-      ..c509c174
+      ..2a5d6de0
+      ..e994171e
-      ..805f85eb
+..44fc5937
+      ..0cee003c
+      ..a40c496b
+      ..6c702850
+      ..a2210db5
+..44fc5937
+      ..374ab8bb
+..44fc5937
+      ..78e2440c
+      ..b4c0a2be
+      ..86008620
+      ..a2210db5
+..44fc5937
-..45da6fbf
+      ..a4758dec
-      ..6fea879b
+      ..4f1aed0f
-      ..3cf8cb10
+      ..191a9a76
-      ..6fea879b
+      ..4f1aed0f
-      ..6fea879b
+      ..4f1aed0f
+    ma..753d3b2c
+..44fc5937
-      ..c509c174
+      ..2a5d6de0
+      ..e994171e
-      ..c509c174
+      ..2a5d6de0
+      ..e994171e
-      ..c509c174
+      ..2a5d6de0
+      ..e994171e
-      ..805f85eb
+..44fc5937
+      ..0cee003c
+      ..a40c496b
+      ..6c702850
+      ..a2210db5
+..44fc5937
+      ..374ab8bb
+..44fc5937
+      ..78e2440c
+      ..b4c0a2be
+      ..86008620
+      ..a2210db5
+..44fc5937
-..45da6fbf
+      ..a4758dec
-      ..468a862c
-      ..f7a01e9e
-      ..f6fe66c9
-..45da6fbf
+      ..7c47ac50
+      ..b8163915
+      ..90075cc5