-      ..e3709106
+      ..27b2b78f
-    //..170f0031
-    fu..22e7e977
-    {..b6794a78
-      ..745ad88b
-..45da6fbf
-      ..2c155f6c
-..45da6fbf
-      ..73802865
-      ..f87ea163
-..45da6fbf
-      ..52e92007
-      ..7321cfc3
-..45da6fbf
-      ..bc90fb26
-      ..6a79316f
-      ..e4d05b97
-      ..731b826a
-      ..48c40ae8
-      ..3ccdd4db
-      ..0b606941
-      ..5b68c958
-      ..87e3d7bf
-      ..731b826a
-      ..cc390bb7
-      ..3abecc30
-      ..0fa39123
-      ..5b68c958
-      ..64e9e321
-..45da6fbf
-      ..4a33d23a
-    }..c7510161
-..45da6fbf
-      ..37a6119e
-      ..437d90b7
-      ..a56aa408
-      ..ec667004
-      ..dc88182b
-      ..fce72bb7
+      ..998a9705
+      ..9940ab08
-      ..5ef72c52
+      ..de1e0c90
+      ..53a521ae
+..44fc5937
+      ..3341bc79
-      ..53ad4bc4
-      ..274b6b47
+      ..2d77708c
+      ..6069275c
+      ..338ef932
+      ..908bbf18
+      ..02fac789
+      ..760f41e2
+      ..c9ede5c6
+      ..6069275c
+      ..696942f6
+      ..e65ebe13
+      ..75805c02
+      ..760f41e2
-      ..98f905d6
-      ..d66a178a
+      ..68af6c30
-      ..546bd8e3
+      ..498d82d4
-      ..fca8241d
-      ..49635ea4
-      ..a55a1109
-..45da6fbf
-      ..f74e51b5
-      ..2c6e48b5
-..45da6fbf