+import..d439d82d
-      ..e59690bb
-      ..e1c1af66
+      ..b1ae24a2
+      ..77bcb354
+      ..2db78d68
+      ..9b6b60e6
+     *..d4029dcd
+    fu..cf3554ce
+..44fc5937
+      ..a3d433eb
+      ..d988b1b6
+..44fc5937
+      ..0a4258a5
+      ..e9329649
+      ..f825f90b
+..44fc5937
+      ..3361d1c2
+    }..3429cfbf
+..44fc5937
+    /*..8176b4df
--- /de..803a7348
+pragma..5eefc48a
+import..40e32c5e
+import..c66adfb0
+..44fc5937
+/**..1ecdd098
+    En..8614a11b
+    Pr..90b3d6e1
+    to..f193a699
+*/..e5803f46
+contra..a81f97ab
+..44fc5937
+//////..25f637d2
+..44fc5937
+    ui..302d82cc
+    ui..805d40a6
+..44fc5937
+//////..4fba81fe
+..44fc5937
+    IC..e39b29f5
+    ui..a6fb097d
+    ad..3384821f
+    st..73691071
+    st..0f773906
+..44fc5937
+//////..30e56b7e
+..44fc5937
+    //..8f712d33
+    //..044b89de
+    //..0ff3d1f3
+    //..ba8b94cc
+    //..f84768d6
+    ev..e6107c7c
+..44fc5937
+    //..d18cd719
+    //..d193e8e6
+    //..9d4ff904
+    //..0287366e
+    ev..d567b47b
+..44fc5937
+    //..434621e3
+    //..dff5194f
+    ev..db0b0cce
+..44fc5937
+//////..7b7aafa6
+..44fc5937
+    /*..8176b4df
+      ..77e6f361
+    */..b0391727
+    co..21e61352
+      ..9247a112
+..44fc5937
+      ..34fe34fd
+      ..757efb3f
+      ..5cfeaa70
+    }..3429cfbf
+..44fc5937
+//////..bc4ad985
+..44fc5937
+    /*..8176b4df
+      ..80d172db
+..44fc5937
+      ..915d47a9
+      ..56fefd50
+    */..b0391727
+    fu..95f19efa
+      ..56604d5a
+..44fc5937
+      ..e0a0916d
+      ..37ab91a3
+    }..3429cfbf
+..44fc5937
+//////..68d47130
+..44fc5937
+    fu..dc6723d0
+      ..8b9811de
+      ..d189a28a
+    {..90976ffe
+      ..4e274b3f
+    }..3429cfbf
+..44fc5937
+//////..f5ce7f01
+..44fc5937
+    //..fb9c4076
+    //..b03acf69
+    //..11fe86cf
+    //..694ef662
+    //..9e82c6ab
+    fu..7988c6b5
+      ..576b6599
+    }..3429cfbf
+..44fc5937
+    //..e08de522
+    //..3df814b2
+    //..c387eddd
+    //..82df742f
+    //..8435056c
+    fu..ce9df0d4
+      ..260de15e
+    }..3429cfbf
+..44fc5937
+    //..4e60ce9b
+    //..8e99e952
+    //..a995b287
+    //..f3da5ae2
+    //..53abe7ba
+    //..0d39cfe9
+    //..81796a56
+    //..8ef88efd
+    //..2cd627dd
+    //..5bd98234
+    //..c14d1b99
+    //..e5f5ca74
+    fu..49ab33c6
+      ..03d630fc
+      ..fb0257c8
+    }..3429cfbf
+..44fc5937
+    //..4e60ce9b
+    //..9b4e02c4
+    //..812aabdd
+    //..2cd627dd
+    //..5bd98234
+    //..c14d1b99
+    fu..0b2a3847
+      ..03d630fc
+      ..fb0257c8
+    }..3429cfbf
+..44fc5937
+    //..2d7db978
+    //..ea551097
+    //..b6ac1906
+    //..8e99e952
+    //..a995b287
+    //..f3da5ae2
+    //..57aea995
+    //..2cd627dd
+    //..5bd98234
+    //..c14d1b99
+    fu..de3ee8c2
+      ..03d630fc
+      ..fb0257c8
+    }..3429cfbf
+..44fc5937
+    //..10e5eac6
+    //..9935305c
+    //..6c03f5d6
+    //..d30ea5a1
+    //..fb7374e0
+    //..493c414a
+    fu..9b633ee5
+      ..357c6963
+      ..296ca996
+    }..3429cfbf
+..44fc5937
+    //..a3658122
+    //..40a9ce2b
+    //..82b52a11
+    //..88ea6ff8
+    //..fe3416dc
+    fu..929950d8
+      ..44ab8418
+      ..1da4ab6b
+    }..3429cfbf
+..44fc5937
+    //..b81148ab
+    //..a004b11d
+    //..fdcc3964
+    //..a9f47182
+    fu..7dd17e36
+..44fc5937
+    }..3429cfbf
+..44fc5937
+    //..d6ee6ce5
+    //..adeefdbf
+    //..6bc93591
+    //..3ad80547
+    fu..b39c57fa
+      ..02d0d566
+    }..3429cfbf
+..44fc5937
+    //..45ad118c
+    //..6505d882
+    //..2b9f95aa
+    //..19c6cc2c
+    //..d1cf09a6
+    //..a4811eef
+    fu..37b0f2ba
+..44fc5937
+    }..3429cfbf
+..44fc5937
+// tod..a4248389
+//..0a012d29
+//..0a012d29
+//    ..e7a79ff1
+//inte..8774ab78
+//    ..1fe70f62
+//    ..9530f286
+//    ..36198801
+//    ..969da585
+//    ..19c6f0e2
+//    ..d856f8e3
+//    ..eb9490b0
+//    ..671130da
+//    ..d0767538
+//    ..bf45d722
+//    ..98ba953f
+//	fun..c1dc7571
+//}..c6a748d1
+//..0a012d29
+///// ..e3f52509
+///// ..530b2af0
+///// ..47f7a955
+//inte..1f513b2d
+//    ..2bf8669d
+//    ..95876709
+//..0a012d29
+//    ..9c381e19
+//    ..d05df675
+//..0a012d29
+//    ..53bc60b7
+//    ..a96736a2
+//    ..9d41bcff
+//    ..1f1fcfae
+//    ..fcc98c9f
+//}..c6a748d1
+//..0a012d29
+//..0a012d29
+///// ..f3a521dc
+///// ..530b2af0
+///// ..c9206c81
+//inte..abd19b36
+//    ..e595bf58
+//    ..1a98fced
+//    ..79e080ef
+//    ..9ed5e755
+//..0a012d29
+//    ..d399920a
+//    ..1a685b20
+//    ..38978be8
+//    ..c1f4d4b8
+//    ..2d846e9f
+//    ..2b0ac90d
+//..0a012d29
+//    ..685f1577
+//    ..1229a1be
+//    ..d5560432
+//    ..93dbfeef
+//    ..0b6569ee
+//    ..18633744
+//    ..128a51cc
+//    ..16b3083f
+//}..c6a748d1
+..44fc5937
+..44fc5937
+}..826cf1fd
--- /de..803a7348
+pragma..5eefc48a
+import..d8bbaf3c
+..44fc5937
+librar..cbde44a2
+    /*..8176b4df
+      ..6a60bc3a
+      ..bd08c10d
+     *..d4029dcd
+    fu..98bcebc3
+      ..c2a2d852
+    }..3429cfbf
+}..826cf1fd
+..44fc5937
+// tod..a4248389
+//..0a012d29
+//..0a012d29
+//    ..e7a79ff1
+//inte..8774ab78
+//    ..1fe70f62
+//    ..9530f286
+//    ..36198801
+//    ..969da585
+//    ..19c6f0e2
+//    ..d856f8e3
+//    ..eb9490b0
+//    ..671130da
+//    ..d0767538
+//    ..bf45d722
+//    ..98ba953f
+//	fun..c1dc7571
+//}..c6a748d1
+//..0a012d29
+///// ..e3f52509
+///// ..530b2af0
+///// ..47f7a955
+//inte..1f513b2d
+//    ..2bf8669d
+//    ..95876709
+//..0a012d29
+//    ..9c381e19
+//    ..d05df675
+//..0a012d29
+//    ..53bc60b7
+//    ..a96736a2
+//    ..9d41bcff
+//    ..1f1fcfae
+//    ..fcc98c9f
+//}..c6a748d1
+//..0a012d29
+//..0a012d29
+///// ..f3a521dc
+///// ..530b2af0
+///// ..c9206c81
+//inte..abd19b36
+//    ..e595bf58
+//    ..1a98fced
+//    ..79e080ef
+//    ..9ed5e755
+//..0a012d29
+//    ..d399920a
+//    ..1a685b20
+//    ..38978be8
+//    ..c1f4d4b8
+//    ..2d846e9f
+//    ..2b0ac90d
+//..0a012d29
+//    ..685f1577
+//    ..1229a1be
+//    ..d5560432
+//    ..93dbfeef
+//    ..0b6569ee
+//    ..18633744
+//    ..128a51cc
+//    ..16b3083f
+//}..c6a748d1
+..44fc5937
-var Li..fe53b511
+var Li..c52aeeea
+//var ..8d8699d1
-    de..6e666bfd
-    de..9f8c8241
+    //..78761e3c
+    //..7fcc194d
+    de..7479bf84
+    de..0522aac7
+..44fc5937
+const ..95a9663b
-      ..aa5a04b1
-      ..1bc0844d
+..44fc5937
+      ..9360866d
+    })..22e970cb
+..44fc5937
+    it..6e59a12f
+      ..8a0ccd93
+      ..110618a1
-      ..d0380525
+      ..f237cabe