+// The..38f1585e
+// The..e6dd780d
-      ..1fa519cb
+      ..b0e46308
-    ma..ee6507f1
-..45da6fbf
-    ui..12ea2d34
-..45da6fbf
+    //..ef619348
+    //..2596f8ae
+    //..64d2e833
+    ma..b1ed0410
+    //..964d38f3
+    ui..4ed819b1
-    ui..7bd88426
-    ad..f351557b
+    ui..cfd93db1
-    Cu..4fed0933
+    ad..e7b527bb
-    co..6d03a880
+    Cu..8fd944bd
+..44fc5937
+    co..f8cf98a5
-      ..31989ba4
+      ..9c937bcc
+      ..a8d2ad21
-      ..faab54ad
+      ..a8effed1
+      ..0b64c8da
+      ..6e222264
+    }..3429cfbf
+    fu..90168af0
+      ..5d653911
-      ..d8e8db96
-      ..05329fcf
+      ..a4abccdf
+      ..9b52e01a
+..44fc5937
+      ..9e78f3bf
-    //..077fe5a9
+    //..c1aea535
-      ..47a4998c
+      ..b5846847
-..45da6fbf
-      ..73a63fcc
-      ..ab385601
+      ..7f92cbe7
+      ..1ced0ba2
+    //..e215ab4b
-      ..3c1a517b
+      ..97d4b55f
+      ..caf24c8e
+      ..1bf56a19
+      ..76bd8c94
+      ..c930fb45
-      ..86a3c05e
-      ..b7dcf980
-..45da6fbf
-      ..c39e9b6e
-      ..f5a5a173
+      ..6948f8aa
+      ..e533344b