+    ui..302d82cc
+    ui..805d40a6
+..44fc5937
+..44fc5937
+      ..1fa0b877
+..44fc5937
-      ..3784e420
+      ..f7f77498
-      ..17ceed24
+      ..90b39e62
+..44fc5937
+      ..4c4f44a1
-      ..a9144a7f
-      ..686cbb66
+..44fc5937
+      ..1fa0b877
+..44fc5937
-      ..3784e420
+      ..f7f77498
-      ..17ceed24
+      ..90b39e62
-      ..872b7845
-      ..686cbb66
+      ..d850661d
+..44fc5937
+      ..2ecc72fb
+      ..eb35d928
+..44fc5937
+      ..ef834e60
+..44fc5937
+      ..efb47b8b
+      ..0ad2ff9d
+..44fc5937
+      ..256005f2
+..44fc5937
+      ..510a4571
+      ..90887c1a
+      ..c31eff50
+      ..a2210db5
+..44fc5937
-    ) ..da4d43c2
+    ) ..c15ce385
+    fu..abbefc35
+      ..00adcf07
+      ..ab6122f8
+    ) ..b65ae8c8
+..44fc5937
+      ..62e3f228
+..44fc5937
+      ..b350e8a8
+      ..c3b0bc19
+..44fc5937
+      ..b50752bf
+      ..dab553ba
+..44fc5937
+      ..256005f2
+..44fc5937
+      ..510a4571
+      ..90887c1a
+      ..c31eff50
+..44fc5937
+      ..14390995
+      ..99b5fc01
+      ..760f41e2
+      ..86ecc023
+      ..b75e32e0
+      ..760f41e2
+..44fc5937
+      ..36ca1274
+..44fc5937
+      ..ae95d8a7
+      ..76478d11
+..44fc5937
+      ..34882c3e
+..44fc5937
+      ..a9942555
+      ..fd216f0a
+      ..a2210db5
+    }..3429cfbf
+..44fc5937
+..44fc5937
+    /*..8176b4df
+      ..8e3b4e52
+      ..9b6b60e6
+      ..63f89f6c
+      ..ad133774
+      ..4b07d38c
+      ..af7e2ae0
+     *..d4029dcd
-      ..d204e82b
-      ..a9f42d6e
-..45da6fbf
-      ..fffac393
+      ..fa4a8bf5
+      ..ecd51e40
-      ..a1dbc31f