+    mo..4d8f4691
+      ..567b9fc7
+      ..e309f60f
+    }..3429cfbf
+..44fc5937
-      ..8a0cfda7
+      ..af62b079
-      ..e5fb7bee
+      ..b2aed314
-    fu..ea2548dc
-      ..b189a019
+    fu..a41513cb
+      ..24e2f1b9
+      ..153dd6a3
-      ..aca43310
+      ..43e1f059
+..44fc5937
+      ..030223e9
-      ..cbfdf6db
+      ..39c3f327
-    fu..ac5f5e34
-      ..5ddc64b2
+    fu..89abca99
+      ..24e2f1b9
-      ..50821592
+      ..43e1f059
+..44fc5937
+      ..fbfba860
-      ..df57806a
+      ..4a939e48
-    /*..3ed73d8a
+..44fc5937
+      ..938066ef
+     /..32e0ebe3
+      ..3d8346c5
-/*..460983da
+..44fc5937
-      ..f0566fa8
+..44fc5937
+    */..b0391727
-import..39bda4f4
+import..ce3a2979
+import..d4963457
+import..d0de11e0
+    us..f23b4222
+..44fc5937
+    ui..1bd257cd
-    ev..ea63ceb2
+    ev..222a3886
+    ev..18a7200a
+    ev..652850cd
+..44fc5937
+    ev..46fa6967
-    st..c6bb6898
+    mo..6bcd9f14
+      ..01f243eb
+      ..5380000f
+    }..3429cfbf
+..44fc5937
+    st..abd527a5
-      ..ac09f1eb
-      ..b0dbb5bb
-      ..581b67da
-      ..674e046b
+      ..7d1245d3
+      ..e09f471d
+      ..69ed6541
+      ..7a46b4f8
-    Tr..70e510ee
-    ma..b40d465a
-    ma..66296d92
-    ui..079081ad
+    ma..9776aa4d
+..44fc5937
+    ui..78fb7ab5
-    ma..f2012495
-    IC..0328c64a
+    Cu..5eaf6420
-      ..d00f035a
+      ..d8f67deb
-      ..74fdfd25
-..45da6fbf
-      ..83b26ca5
-      ..a9640cb4
-      ..c477fbe3
+      ..38f36153
-    //..69623848
-    fu..e04a48fc
-      ..231f452e
+    //..f8f6d6ca
+    fu..e58044ce
+      ..65cad03f
+      ..2bc59094
-      ..2b97359a
-      ..8b39ea99
+      ..0b6452a5
+      ..eb489c87
+      ..4c40f324
+      ..6cbda75f
+      ..a2210db5
-      ..d53a8a88
+      ..0b361e1a
-      ..e13cf499
+      ..f42262bf
+      ..578de97a
+      ..e56647a5
-      ..f31058ce
-      ..9fcf840f
-      ..205a35f5
-      ..a44eda88
-      ..4daad265
-      ..f63d4871
+      ..6b07d230
+      ..2b732377
-      ..de58335e
-..45da6fbf
-      ..5566f7eb
-..45da6fbf
-      ..d01389b1
-    }..c7510161
-..45da6fbf
-    //..1435f70e
-    fu..d13b8d8a
-      ..191eb5bc
-      ..bcaf510e
-      ..fa74f988
-      ..b85eccf4
-      ..856a27fb
-      ..a2cae461
-    {..b6794a78
-      ..f4ed5a5e
+      ..48aa6550
+      ..e270752a
-      ..86a3c05e
-      ..2b979cd4
+      ..c9172c8b
+      ..eb489c87
+      ..39395ff4
+      ..ca9d96de
+      ..a2210db5
-      ..4b7e8439
-      ..7f740e44
-      ..2848392c
+      ..48c062f8
-      ..825e0208
-    //..430af0b7
-    fu..b66ffbda
+    //..04b9118a
+    fu..b73e8533
+      ..e1db9ae7
-      ..c8b16971
-..45da6fbf
-      ..c1cc08fa
-      ..06856f17
+      ..7351bab1
-      ..cccf55e9
+      ..68af6c30
-    fu..b4c167da
-      ..ca4b57a4
+    //..8450d47e
+    fu..cf511feb
+      ..22931fa7
-      ..75cf94d2
-..45da6fbf
-      ..77bc18e1
-      ..0d4d1c08
-..45da6fbf
-      ..73b18d6d
-      ..a2c0e93c
-      ..cb34f184
-      ..832c5ba3
-    }..c7510161
+      ..c8e02b51
+      ..2ab4a3ed
-    //..ec794b77
-    fu..d049825c
-      ..5d062a95
-    {..b6794a78
-      ..810658a1
-      ..05c672d8
-      ..e7acf062
-      ..9a3f1db0
-      ..46aa7cf2
+      ..981c3a79
+      ..ed44a87c
-    fu..0d5a95cf
+    //..0e650218
+..44fc5937
+    fu..42dbbf84
+      ..a9981630
+      ..e807c174
+      ..be3a7bc9
+      ..214bad74
+      ..1c6374aa
+      ..153dd6a3
+      ..e1335de3
-      ..c9831949
+      ..0b361e1a
+..44fc5937
+      ..08584f93
+      ..58d48c22
+..44fc5937
+      ..c59e67b0
+      ..56b3d95a
+..44fc5937
+      ..c9172c8b
+      ..eb489c87
+      ..7b5eb5a9
+      ..eb987099
+      ..a2210db5
+..44fc5937
+      ..70a9b37e
-..45da6fbf
-    fu..67750f8b
-    fu..bf1788ad
-..45da6fbf
-/*..460983da
-    fu..5b1eb7d2
-      ..e312b098
-      ..7c8134a6
-*/..88413576
+//impo..a5572050
+    //..4e432a0d
+..44fc5937
+    //..bacbaabc
+    ev..bb6f4ed8
+    ev..5dec034f
+..44fc5937
-    //..feb8cd6e
-    fu..e04a48fc
+..44fc5937
+    //..fd39d7e8
+    fu..d4ba2c06
-      ..191eb5bc
-      ..5d73882b
+      ..a9981630
+      ..133f66f9
-      ..b5cfa0ee
-      ..f601b429
+      ..e1f4758c
+      ..0b361e1a
+..44fc5937
+      ..4ccfb4f5
+      ..7929671b
+      ..9b01c2c8
-      ..8343b978
-      ..935ca1a4
+      ..a0b55865
-      ..11a270b3
+      ..5005423f
+      ..a2210db5
-    //..aeaaca9f
-    fu..3bc7615f
+    //..676ac233
+    fu..8af6882c
-      ..191eb5bc
-      ..5d73882b
+      ..a9981630
+      ..133f66f9
-      ..f601b429
+      ..e1f4758c
+      ..0b361e1a
-      ..9c8ce413
-      ..bbed38b4
-..45da6fbf
-      ..5fdf8a5c
-      ..9081f680
-..45da6fbf
-      ..1344806e
+      ..4ccfb4f5
+      ..0703c34c
+      ..271f8ddb
+      ..a2210db5
-..45da6fbf
+var Li..df43522a
+var Ef..19c1e15c
-    de..699b9f4e
+    de..047e2a22
+    de..6cb769cb
+    de..68cf8a0a
+..44fc5937
-    de..d6872fb2
+    va..23cc2de6
-    );..56a41e6e
+    )...e6fed2e6
+      ..a6656437
+      ..08de7c94
+      ..e84b0458
+      ..d09e4182
+      ..2d31cebb
+    })..8b61d476
--- /de..803a7348
+/* glo..dbe86136
+/* esl..c3a46be6
+..44fc5937
+import..4f7b0ec9
+..44fc5937
+const ..43eab3fb
+const ..1292dc75
+const ..a3edb6a2
+const ..6a230d61
+const ..f408121e
+..44fc5937
+const ..3fb20b04
+..44fc5937
+const ..1939ed93
+const ..af5fbd7f
+const ..8375dad5
+const ..3c47a6a9
+..44fc5937
+const ..46614ac2
+const ..f4d8cb87
+const ..e139075e
+..44fc5937
+let us..5d883243
+let us..254239ab
+let us..8794ac61
+let us..db97076b
+let to..0bb8457d
+let to..e32ffdee
+let lo..66ca9392
+let lo..10863348
+let cu..dfdc8a47
+let cu..a0fc2a48
+let cu..c9a3c340
+let ef..62250389
+let ef..37e0a835
+let ef..e02c87af
+let ma..56b94330
+..44fc5937
+let tx..f262ad7d
+let ga..ec4ffda5
+let ga..ae11e365
+let ga..4bdcc55e
+..44fc5937
+functi..f9067d72
+    ga..0fd06db5
+    ga..7529d3ef
+}..826cf1fd
+..44fc5937
+functi..582c18c0
+    co..9336e635
+    fo..95959bd6
+      ..6b620854
+    }..3429cfbf
+    co..7ad8c19a
+    co..9336e635
+}..826cf1fd
+..44fc5937
+let cu..badd1c4f
+let bu..36dae7ad
+..44fc5937
+..44fc5937
+let us..f0e5de8a
+..44fc5937
+..44fc5937
+contra..97c5925a
+    be..382f272c
+      ..f245d8b7
+      ..0a0c575e
+      ..ba4cda22
+      ..0d9ca2c4
+      ..397915a5
+      ..442a394f
+..44fc5937
+      ..3f101d9c
+      ..70de82a7
+..44fc5937
+      ..6a843513
+      ..cb6c08b8
+      ..6b67ea41
+..44fc5937
+      ..52b1c5df
+      ..674e8422
+      ..1806ac26
+..44fc5937
+      ..d318e2a2
+      ..b4319870
+      ..58b4a1ff
+..44fc5937
+      ..e12e1d00
+      ..93ad8934
+    })..22e970cb
+..44fc5937
+    af..1f8d1d37
+      ..f7c0ce82
+    })..22e970cb
+..44fc5937
+    it..03f88d2f
+..44fc5937
+      ..1de6bc55
+      ..e9b456d8
+      ..f8e04ac6
+..44fc5937
+      ..d525ac4c
+      ..5902525c
+..44fc5937
+      ..6dd62ac6
+      ..5d806e02
+..44fc5937
+      ..32bf3605
+      ..54d83f34
+      ..0b07fa09
+..44fc5937
+      ..8e204b97
+      ..b8dce48f
+      ..33cf8101
+      ..4dbed1af
+      ..6ab0a9a2
+      ..51203ce9
+      ..c1243df5
+      ..871a5462
+      ..0cffc2e8
+      ..366d4a5e
+      ..c596fc47
+      ..86cb6d36
+..44fc5937
+/*..4e80e81e
+      ..c9ceeb31
+      ..823453fd
+      ..b8dce48f
+      ..33cf8101
+      ..4dbed1af
+      ..6ab0a9a2
+      ..51203ce9
+      ..c1243df5
+      ..871a5462
+      ..0cffc2e8
+      ..366d4a5e
+      ..c596fc47
+      ..999e3ff2
+    })..22e970cb
+..44fc5937
+    it..40ca2870
+..44fc5937
+      ..67c99b01
+..44fc5937
+      ..3ba40ddd
+      ..b963bb0f
+..44fc5937
+      ..1b094da3
+      ..b8607a5c
+      ..0b694578
+..44fc5937
+      ..3229686d
+      ..123b5db2
+      ..e7645349
+..44fc5937
+      ..1e608756
+      ..6f0fe4ee
+..44fc5937
+      ..605d5086
+      ..4ed80301
+      ..ec6c521b
+..44fc5937
+      ..3c9b50de
+..44fc5937
+      ..6f8cecdb
+      ..64ce1626
+..44fc5937
+      ..6754579e
+      ..01196ff2
+..44fc5937
+      ..9fcdeae2
+      ..993c5853
+..44fc5937
+      ..ed187359
+      ..9249ea50
+      ..aca52f4b
+..44fc5937
+      ..7724c5ba
+      ..d4f56553
+..44fc5937
+      ..94e8683a
+..44fc5937
+      ..e1075643
+      ..39f05a5a
+..44fc5937
+      ..268108ea
+      ..18e978ac
+..44fc5937
+      ..d2f3d20e
+      ..24013f05
+    })..22e970cb
+});..d5988c96