-      ..75a523eb
+      ..5076137a
+    fu..e405bdb7
+      ..14fc18b3
+    }..af97f811
+..a0498765
-      ..2e855338
+      ..35dcb0f7
+      ..a75e5e05
+      ..161bd482
+    fu..86279632
+      ..56a9aae4
+      ..94bc1dff
+    ) ..7d39494d
+      ..7cca3b51
+      ..1fe3e5cc
+      ..63ecfe21
+    }..af97f811
+..a0498765
+      ..4743ff2c
-      ..94e25f49
+      ..d9f2c3dd
-      ..19ebae7a
+      ..17cd6cec
-      ..39a7c1a8
-      ..5c8a574f
+      ..c8e1d4c2
+      ..7100b396
+      ..ee30b06b
+      ..161bd482
-};..8fa6430f
+  solc..da4176e3
+    op..2c785096
+      ..8eead028
+      ..f2651bc9
+    }..af97f811
+  }..c47c99a4
+};..dfe9aa9e