+      ..9f88623e
+    ev..799d21f0
-    ui..6a812850
-      ..d7d493ff
+      ..97baa775
-      ..d9bbf28d
+      ..694782e8
+      ..67c5cdbb
+      ..501ae431
+      ..d010ba05
+..a0498765
-      ..9cb374eb
+      ..84d0de20
-      ..91cf8a6d
-      ..cb53f28f
+      ..c7e890c8
+      ..56b7225c
+      ..25344f2a
+      ..94c73cff
-      ..243c718e
-      ..d43c2b4d
+      ..65002234
+      ..5704318a
-      ..40c2ccd0
-..60fb5794
-      ..767ed4c9
-      ..79cc9d97
-..60fb5794
-      ..ebd34d52
-      ..4c230198
-      ..6f9a3972
-      ..a8206603
-..60fb5794
-      ..0239fd29
-      ..ba075180
-      ..1dcb4f68
-      ..a4c15314
-      ..9206d640
-      ..1feb6747
-..60fb5794
-      ..c6e470b3
+      ..97573894
+      ..6ba068bc
+      ..e32f8b05
+      ..ee91243a
+      ..1824e43a
+      ..90f4acb3
+      ..66e47332
+      ..f08d92f0
+      ..57ef1e3d
+      ..90f4acb3
+      ..161bd482
-      ..52a96ade
-      ..33fb3ed3
-      ..0d085bff
-      ..be0ed8f6
-      ..d8c7d3ff
-      ..9206d640
-      ..1feb6747
+      ..f670a90a
+      ..9c509229
+      ..2efe1f48
-      ..ce9e9494
+      ..69473f9c
-      ..52a96ade
-      ..9a421975
-      ..be0ed8f6
-      ..fcc4ba67
+      ..f568f91d
+      ..8eb31d7b
+      ..4c22220f
+      ..ea68945e
+      ..7a4fa6e2
+      ..76f5cad6
-      ..5abc37d8
+      ..72054592
+      ..9c5ebbab
+      ..17ea8d65
-..60fb5794
-..60fb5794
-      ..fbf45a5e
-      ..b771de22
-      ..298747f3
-      ..1748273a
-      ..98a08ba7
+      ..bb62773d
+      ..698872cf
+      ..f274fe8f
+..a0498765
-      ..910e1e35
-      ..30ef1072
+      ..a86ebb20
+      ..6b49d658
-      ..89252f0e
-      ..e246d49d
-      ..90b173ba
-..60fb5794
-      ..0d551de2
+      ..3f24aa92
+      ..68be4033
+      ..a15299f4
+..a0498765
+      ..c6b22a37
+      ..4c6483fa
+      ..161bd482
+..a0498765
+..a0498765
+      ..6e41258d
+..a0498765
-      ..a451aba5
-      ..70872820
-      ..6885f790
-      ..44c698b0
-      ..a451aba5
-      ..766e6f3e
+      ..9b87fd08
-..60fb5794
+      ..e03974ec
-      ..9247e2d4
-      ..0c7c05a4
+      ..9814d77c
+      ..4bfeab65
-      ..e95e5ec3
+      ..143d9f09
+      ..be7fe94d
-      ..8aeb2fe2
+      ..7af2987e
-      ..addb4b87
+      ..ee1b2099
-      ..5e4a1dad
-      ..084479f9
+      ..61fcfc08
+      ..4fcc8bf4
+      ..e34337d0
+      ..1e12ed94
+..a0498765
+      ..bada8f45
+..a0498765
+      ..0a8f70ee
+..a0498765
+      ..818acdf7
+..a0498765
+      ..a0efcb41
+      ..75e0e5cd
+      ..dc2ac2c1
+..a0498765
+      ..fcb4ce75
+      ..75e0e5cd
+      ..e9f16693
+      ..8448d943
+      ..43f97f08
-..60fb5794
-      ..f1838c6a
-      ..b3d74af4
-      ..d962b80c
+      ..006da70a
+      ..cff51504
+..a0498765
+      ..143d9f09
+..a0498765
+      ..d5156aca
+      ..48022096
+      ..400fe13b
+      ..d0a275a1
+..a0498765
+      ..d0a275a1
-      ..22f556b2
+      ..9a356958
+      ..27971010
+      ..e34337d0
+      ..d386754b
+      ..ede8a1ba
+      ..c91d9a0d
+      ..8448d943
+      ..c514a981
+      ..90f4acb3
+      ..161bd482
+..a0498765
+      ..6c0121ef
+    }..af97f811
+..a0498765
+    fu..e937da84
+      ..1488fd24
+      ..a8d2cfab
+    ) ..a97a9503
+..a0498765
+      ..18ef9ea7
+      ..e369032a
+..a0498765
+      ..cfb3cb97
+      ..e03974ec
+..a0498765
+      ..9814d77c
+      ..4bfeab65
+..a0498765
+      ..cd6673f3
+..a0498765
+      ..bc2066eb
+      ..02da3c65
+      ..f71d7936
+..a0498765
+      ..0d0dc7e3
+      ..0e61bab6
+      ..27971010
+      ..cc856603
+      ..6ac3b509
+..a0498765
+      ..143d9f09
+      ..9e25e17b
+      ..be7fe94d
+      ..d3b055dd
+      ..cd7c3186
+      ..7af2987e
+..a0498765
+      ..ee1b2099
+      ..30f39461
+..a0498765
+      ..4c9b09bb
+..a0498765
+      ..61fcfc08
+      ..4fcc8bf4
+      ..e34337d0
+      ..1e12ed94
+..a0498765
+      ..bada8f45
+..a0498765
+      ..0a8f70ee
+..a0498765
+      ..818acdf7
+..a0498765
+      ..a0efcb41
+      ..75e0e5cd
+      ..dc2ac2c1
+..a0498765
+      ..fcb4ce75
+      ..75e0e5cd
+      ..e9f16693
+      ..8448d943
+      ..6ac3b509
+..a0498765
+      ..4c9b09bb
+..a0498765
+      ..3e65c63f
+      ..d9fba7c0
+      ..abf7bda1
+      ..d4a139af
+      ..3eca86ad
+      ..43f97f08
+      ..8448d943
+      ..c5228e41
+      ..6ac3b509
+..a0498765
+      ..56c7e551
+      ..d5156aca
+      ..006da70a
+      ..cff51504
+..a0498765
-      ..9dccc7f2
-      ..20e0d7eb
+      ..d0a275a1
+..a0498765
+      ..d0a275a1
-      ..2dfb4824
+      ..1d5777fa
-      ..b0151396
+      ..d386754b
+..a0498765
+      ..c514a981
+    fu..c54d03f9
+      ..1488fd24
+      ..20381a04
+    ) ..e5b74bf8
+..a0498765
+      ..5f56e361
+      ..e032f2cd
+..a0498765
+      ..191a9ce4
+      ..f4389877
+..a0498765
+      ..4e8e9754
+..a0498765
+      ..358f3abd
+..a0498765
+      ..e8d1b88e
+..a0498765
+      ..7a4a89b7
+      ..b68bae0a
+      ..97573894
+      ..e30c1c98
+      ..161bd482
+..a0498765
+      ..38bfdabd
+      ..7a4a89b7
+      ..e1e8436c
+      ..97573894
+      ..58e360e2
+      ..161bd482
+..a0498765
+      ..57d43b10
+      ..19a59dba
+..a0498765
+      ..96102281
+    }..af97f811
+..a0498765
+..a0498765
-      ..1a131293
-      ..f096c4ad
-      ..be0ed8f6
-..60fb5794
+      ..e0313cfb
+..a0498765
+      ..76f12f68
+      ..15e3887f
+..a0498765
+      ..5dc050b0
+..a0498765
+      ..82206427
+      ..83b122a7
+..a0498765
+      ..1d3ad4c9
+..a0498765
+      ..c48a2ecb
+      ..83b122a7
+      ..b9880a8a
+      ..e9f16693
+..a0498765
+      ..5c1bb0d6
+      ..19850948
+..a0498765
+      ..6214f605
+..a0498765
-      ..f7774db7
+      ..0d1b2669
-      ..9ef11b56
+      ..c07128ff
-      ..337b7789
+      ..9198431d
+      ..f1dc7de4
-      ..13f742d0
-      ..75fed00a
-      ..2fabd650
+      ..ba19d957
+      ..89576c24
-      ..c5e69a0f
+      ..b51a3f08
-      ..18e4cb13
+      ..d1473fc4
+      ..7f46c809
+      ..94aed2c4
+      ..8a02ef63
+      ..b9880a8a
+      ..80c5397b
+      ..0dd64e92
+      ..b9880a8a
+      ..e9f16693
+    fu..1dc94e3c
+..a0498765
+      ..39686ba3
+    }..af97f811
+..a0498765
+const ..f0193132
-const ..244e2cf6
+const ..ca462eda
+let ti..89c42dec
+let no..00fae768
+..a0498765
+let ac..71ec322b
-let us..33f9f29c
+let us..8a643e9b
+    ,{..80ca757e
+    ,{..80ca757e
+    ,{..80ca757e
+    ,{..80ca757e
+    ,{..80ca757e
+    ,{..a3af0885
+    ,{..a3af0885
+    ,{..a3af0885
+    ,{..a3af0885
+    ,{..a3af0885
+    ,{..a72ce1f7
+    ,{..a72ce1f7
+    ,{..a72ce1f7
+    ,{..a72ce1f7
+    ,{..a72ce1f7
+      ..e17aa641
+..a0498765
-      ..53a37688
+      ..1bc0c2f3
-      ..53a37688
+      ..1bc0c2f3
-      ..53a37688
+      ..1bc0c2f3
-      ..07911dbf
+      ..130898fb
+      ..b1546ef6
-      ..9087aa8d
+      ..9736c1f4
-      ..9babffe7
+      ..451544e3
-      ..9babffe7
+      ..451544e3
-      ..9babffe7
+      ..451544e3
-      ..71173e40
+      ..09d1ab04
-      ..9babffe7
+      ..451544e3
-      ..9babffe7
+      ..451544e3
-      ..50f1c8b0
+      ..a29e6edf
-      ..c84d818c
+      ..fadd3098
-      ..50f1c8b0
+      ..a29e6edf
-      ..c84d818c
+      ..fadd3098
-      ..d7d241c5
+      ..130898fb
+      ..798bdf23
-      ..74755e4e
+      ..1bc0c2f3
-      ..74755e4e
+      ..1bc0c2f3
-      ..3b3ddb9b
+      ..b2892627
-      ..07911dbf
+      ..130898fb
+      ..b1546ef6
-      ..80f02ef4
+      ..8fd74206
-      ..0860d823
+      ..451544e3
-      ..0860d823
+      ..451544e3
-      ..0860d823
+      ..451544e3
-      ..0860d823
+      ..451544e3
-      ..871f7ed4
+      ..a29e6edf
-      ..316c2317
+      ..ea820d85
-      ..871f7ed4
+      ..a29e6edf
-      ..0860d823
+      ..451544e3
-      ..3ce9a03f
+      ..19247b56
-      ..88a28fd6
+      ..b0143e0c
-      ..2a40f983
+      ..99c83e71
-      ..ba7afde6
+      ..6b671a4d
-      ..0860d823
+      ..451544e3
-      ..871f7ed4
+      ..a29e6edf
-      ..94185dea
+      ..fadd3098
-      ..871f7ed4
+      ..a29e6edf
-      ..94185dea
+      ..fadd3098
-      ..0860d823
+      ..451544e3
-      ..0860d823
+      ..451544e3
-      ..0860d823
+      ..451544e3
-      ..0860d823
+      ..451544e3
-      ..94185dea
+      ..fadd3098
-      ..871f7ed4
+      ..a29e6edf
-      ..94185dea
+      ..fadd3098
-      ..871f7ed4
+      ..a29e6edf
-      ..94185dea
+      ..fadd3098
-      ..d7d241c5
+      ..130898fb
+      ..798bdf23
-      ..07911dbf
+      ..130898fb
+      ..b1546ef6
-      ..356fd350
+      ..a8e6617c
-      ..e2b05d96
+      ..451544e3
-      ..e2b05d96
+      ..451544e3
-      ..e2b05d96
+      ..451544e3
-      ..61fb96e5
+      ..09d1ab04
-      ..e2b05d96
+      ..451544e3
-      ..e2b05d96
+      ..451544e3
-      ..c1567f60
-      ..24ba8c18
+      ..65dc845c
+      ..fadd3098
-      ..302df1f3
-      ..24ba8c18
+      ..fffc638d
+      ..fadd3098
-      ..d7d241c5
+      ..130898fb
+      ..798bdf23
+..a0498765
-..60fb5794
-..60fb5794
-      ..bc43ba65
+..a0498765
+..a0498765
+    it..83d0c353
-      ..a266a302
+      ..1bc0c2f3
-      ..a266a302
+      ..1bc0c2f3
-      ..07911dbf
+      ..130898fb
+      ..b1546ef6
-      ..8932e832
+      ..9736c1f4
-      ..a15865c7
+      ..451544e3
-      ..a15865c7
+      ..451544e3
-      ..a15865c7
+      ..451544e3
-      ..a15865c7
+      ..451544e3
-      ..a15865c7
+      ..451544e3
-      ..447e756b
+      ..19247b56
-      ..b45a7494
+      ..b0143e0c
-      ..c763bef9
+      ..99c83e71
-      ..f360d994
+      ..6b671a4d
-      ..e22dcd59
-      ..f75284b2
+      ..395767d2
+      ..bcf3584d
+..a0498765
+      ..5055a785
+      ..091937df
+      ..a29e6edf
+      ..619fc1e8
+      ..fadd3098
+      ..3003aa87
+..a0498765
+      ..1bc0c2f3
+      ..cfd9150a
+      ..40bb0a80
+      ..3003aa87
-      ..d7d241c5
+      ..82211d4c
+      ..130898fb
+      ..798bdf23
+..a0498765
+    })..a9535be1
+      ..a92cbb46
+..a0498765
+      ..87ee8861
+      ..23ed198d
+      ..c2f0e371
+      ..67d464a6
+      ..b20d82e9
+      ..6e49db41
+      ..19516bad
+      ..be7a245a
+      ..66897269
+      ..e2438f27
+..a0498765
+      ..d80a493c
+      ..1dd61280
+      ..f1f444cc
+      ..e8462d19
+      ..7c073ac0
+      ..aca129eb
+      ..eb41ab8c
+      ..f57e52de
+      ..be0eea6a
+      ..f5dbda0e
+      ..f18cf08b
+      ..206f0065
+      ..0478118c
+      ..71d5acd3
+      ..94ff34b4
+      ..3483771c
+      ..091eec1f
+..a0498765
+      ..c86e10c3
+      ..79f910f1
+      ..c63e8955
+      ..7cbc65f6
+      ..03688f44
+      ..79f910f1
+      ..0c6b1af2
+      ..216d26bd
+      ..9c1d86e9
+..a0498765
+      ..8af769b4
+      ..1bc0c2f3
+      ..c63e8955
+..a0498765
+      ..7f8c3762
+      ..dc237a73
+      ..17138179
+      ..333605f9
+      ..1bc0c2f3
+      ..d836709b
+..a0498765
+..a0498765
+      ..d589fe0c
+      ..130898fb
+      ..b1546ef6
+..a0498765
+      ..02191124
+      ..9736c1f4
+      ..e381435d
+      ..7105b13a
+      ..eb3a0e81
+..a0498765
+      ..1149ba99
+      ..8bff70d2
+      ..02191124
+      ..451544e3
+      ..3be02327
+      ..033cbf7b
+      ..02191124
+      ..451544e3
+      ..013dd545
+      ..033cbf7b
+      ..02191124
+      ..451544e3
+      ..133e5545
+      ..033cbf7b
+      ..02191124
+      ..451544e3
+      ..22134675
+..a0498765
+      ..66a72599
+      ..72f9bdbb
+      ..eb3a0e81
+      ..da62669b
+      ..06575a66
+      ..7105b13a
+      ..eb3a0e81
+..a0498765
+      ..8bff70d2
+      ..451544e3
+      ..8e49bd80
+      ..e1ee34c6
+      ..7105b13a
+      ..eb3a0e81
+..a0498765
+      ..3c646b97
+      ..19247b56
+      ..8e49bd80
+..a0498765
+      ..659528a0
+      ..1fb6af9d
+      ..229b9047
+      ..89905c12
+      ..dd96479d
+      ..698319b8
+..a0498765
+      ..395767d2
+      ..bcf3584d
+..a0498765
+      ..aaf0cef0
+      ..937370ff
+..a0498765
+      ..5055a785
+      ..091937df
+..a0498765
+      ..a29e6edf
+      ..49686992
+      ..fadd3098
+      ..3003aa87
+..a0498765
+      ..1bc0c2f3
+      ..4cf98eb7
+      ..40bb0a80
+      ..3003aa87
+..a0498765
+..a0498765
+      ..d4e86c22
+      ..130898fb
+      ..798bdf23