-    fu..add71c5a
-      ..c6824e55
-      ..db3475bb
-    ) ..d41d3257
-..e342bcf2
-      ..8cd3f426
-      ..4945d12f
-      ..ab4cdb81
-      ..4e310cd8
-      ..2a02094d
-      ..9d9baabb
-      ..f5f8387f
-      ..0d3c1506
-      ..2d284d77
-      ..c3107e29
-    }..42d56a5c
-..e342bcf2
-    fu..9f53e42f
-      ..c6824e55
-      ..66edc8dd
-    ) ..f41f1e1f
-..e342bcf2
-      ..4abcb5c6
-      ..d33b1ba2
-      ..42476cb8
-      ..bd17191c
-      ..1e8dca8c
-      ..77900aec
-    }..42d56a5c
-..e342bcf2
-    fu..df617cd5
-      ..c6824e55
-      ..db3475bb
-    ) ..f7cdc415
-    }..42d56a5c
-..e342bcf2
+..1e19ea11
+    fu..61aee226
+      ..2bef365a
+      ..234dc616
+      ..d0a3135c
+      ..edfd8134
+      ..7a4654b5
+      ..5a21ea49
+      ..596ac828
+      ..5fe8fbde
+      ..74e99087
+      ..2f5d9682
+      ..5cfbb55a
+    ) ..03bbf7c3
+..1e19ea11
+      ..bee6ccff
+      ..2b22f4cf
+      ..c17d1ca2
+      ..1fb4429e
+      ..446cf00f
+      ..bebba252
+      ..55867e7a
+      ..9da33a31
+      ..59782699
+      ..a17ae619
+      ..0aba080a
+      ..ab1c6d1a
+      ..005787ce
+      ..d4280eed
+    }..5c0c9585
+..1e19ea11
+    fu..b9db639f
+..1e19ea11
+      ..d15a9156
+    }..5c0c9585
+..1e19ea11
+    /*..fed18791
+      ..fe182195
+..1e19ea11
+      ..f93f75be
+      ..c062fe5b
+      ..7f3f81a9
+     *..2620fe88
+    fu..f8a75287
+..1e19ea11
+      ..302c8bc1
+    }..5c0c9585
+..1e19ea11
+    /*..fed18791
+      ..6463ab22
+     *..2620fe88
+    fu..7c3a2388
+..1e19ea11
+      ..3198fee6
+    }..5c0c9585
+..1e19ea11
+    /*..fed18791
+      ..5cb4f74b
+      ..09c5d25a
+      ..9ba9b536
+      ..2e1355bb
+..1e19ea11
+      ..f93f75be
+     *..2620fe88
+    fu..615d5e39
+..1e19ea11
+      ..c5d2554c
+    }..5c0c9585
+..1e19ea11
+    /*..fed18791
+      ..a27f0c5e
+      ..09c5d25a
+      ..9ba9b536
+      ..2e1355bb
+..1e19ea11
+      ..f93f75be
+     *..2620fe88
+    fu..47c4a9d3
+..1e19ea11
+      ..bb75f58e
+    }..5c0c9585
+..1e19ea11
+    fu..14d90e43
+..1e19ea11
+      ..5a4c8fa7
+      ..6799a156
+      ..07648c60
+      ..5cda5902
+      ..e5f8dfb6
+      ..4ba426dc
+      ..300a6ca5
+      ..d64437ca
+      ..2c28d79f
+      ..b4e29708
+    }..5c0c9585
+..1e19ea11
+    fu..110c68d0
+..1e19ea11
+      ..f5bb3c13
+      ..5c0e3036
+      ..a29eebd1
+      ..7b61b03c
+      ..38be0a66
+      ..dff03642
+    }..5c0c9585
+..1e19ea11
+    fu..fd937eaf
+..1e19ea11
+      ..b3d52115
+    }..5c0c9585
+..1e19ea11
+    fu..2c67e78a
+..1e19ea11
+      ..8769a637
+    }..5c0c9585
+..1e19ea11
+    fu..cc2661e1
+..1e19ea11
+      ..f07e8ddc
+    }..5c0c9585
+..1e19ea11
+    /*..fed18791
+      ..af239fdc
+..1e19ea11
+      ..719c95c6
+      ..21601b7d
+     *..2620fe88
+    fu..bb1fb57c
+..1e19ea11
+      ..4c35e6a9
+    }..5c0c9585
+..1e19ea11
+    /*..fed18791
+      ..4692400a
+..1e19ea11
+      ..719c95c6
+      ..0b09a697
+      ..d19ef1c4
+     *..2620fe88
+    fu..0f98d684
+..1e19ea11
+      ..e50d749c
+    }..5c0c9585
+..1e19ea11
+    /*..fed18791
+      ..4692400a
+..1e19ea11
+      ..719c95c6
+      ..dd187c33
+     *..2620fe88
+    fu..9ec5909d
+..1e19ea11
+      ..b89ead11
+    }..5c0c9585