--- /de..7f94b843
+pragma..e2eaae40
+import..3ccea571
+..1e19ea11
+/*..53b4b676
+    Ut..d5073351
+*/..f7b44a39
+contra..31dd1757
+    us..3da5bffb
+..1e19ea11
+    fu..59bec7e0
+    }..5c0c9585
+..1e19ea11
+    fu..9859beee
+      ..108bf785
+    }..5c0c9585
+..1e19ea11
+    fu..41811ce2
+      ..576dc5a0
+    }..5c0c9585
+..1e19ea11
+    fu..aff974e7
+      ..d615e593
+    }..5c0c9585
+}..32620409
+++ /de..4587586b
-pragma..9738ceef
-import..bb6e1555
-..e342bcf2
-/*..06a1f1ea
-    Ut..700c8076
-*/..6d1a3a9f
-contra..6dbf4055
-    us..b90dd0b2
-..e342bcf2
-    fu..32c08222
-    }..42d56a5c
-..e342bcf2
-    fu..09377557
-      ..e21d94b9
-    }..42d56a5c
-..e342bcf2
-    fu..6016cff7
-      ..24b6ca19
-    }..42d56a5c
-..e342bcf2
-    fu..bca79cd3
-      ..91ad0a0e
-    }..42d56a5c
-}..4b1617af
--- /de..7f94b843
+pragma..e2eaae40
+..1e19ea11
+//////..16ca1eef
+// uti..e4ab8eba
+//////..16ca1eef
+contra..23d7d635
+{..d8d37cc0
+    ev..37b28e8f
+    fu..9b269c17
+    in..6ecfff1b
+    {..05bae1ed
+      ..493ea16e
+    }..5c0c9585
+..1e19ea11
+    ev..15365a6e
+    fu..ba98bb49
+    in..6ecfff1b
+    {..05bae1ed
+      ..67a2019f
+    }..5c0c9585
+..1e19ea11
+    ev..f79da0b5
+    fu..16fa4c5f
+    in..6ecfff1b
+    {..05bae1ed
+      ..0204106c
+    }..5c0c9585
+..1e19ea11
+    ev..9016984f
+    fu..e53e442c
+    in..6ecfff1b
+    {..05bae1ed
+      ..8cbe7437
+    }..5c0c9585
+..1e19ea11
+    ev..ca164546
+    fu..0c0308ee
+    in..6ecfff1b
+    {..05bae1ed
+      ..eb796627
+    }..5c0c9585
+..1e19ea11
+    ev..997e5deb
+    fu..80003671
+    in..6ecfff1b
+    {..05bae1ed
+      ..d78ca553
+    }..5c0c9585
+..1e19ea11
+    ev..20dc09b8
+    fu..cf1d9018
+    in..6ecfff1b
+    {..05bae1ed
+      ..4768b81f
+    }..5c0c9585
+}..32620409
+//////..16ca1eef
--- /de..7f94b843
+pragma..e2eaae40
+..1e19ea11
+//////..16ca1eef
+// uti..fcb3a622
+//////..16ca1eef
+contra..09684a60
+{..d8d37cc0
+    fu..3693251f
+    pu..ccfd4c1b
+    vi..11ddbfc5
+    re..eae5cc0f
+    {..05bae1ed
+      ..8437c4d3
+    }..5c0c9585
+}..32620409
+//////..16ca1eef
+++ /de..4587586b
-pragma..9738ceef
-..e342bcf2
-//////..75cf86e6
-// uti..5d05adb8
-//////..75cf86e6
-contra..b877f9de
-{..b4bcb78f
-    ev..62fc0605
-    fu..5640bf4b
-    in..bab91b93
-    {..3c034141
-      ..5c4ea6c2
-    }..42d56a5c
-..e342bcf2
-    ev..9c0c26ac
-    fu..09739189
-    in..bab91b93
-    {..3c034141
-      ..8bddacfb
-    }..42d56a5c
-..e342bcf2
-    ev..dc021232
-    fu..396770d3
-    in..bab91b93
-    {..3c034141
-      ..6481a4fb
-    }..42d56a5c
-..e342bcf2
-    ev..fd246de4
-    fu..6cb99607
-    in..bab91b93
-    {..3c034141
-      ..cbfef94d
-    }..42d56a5c
-..e342bcf2
-    ev..e75ab276
-    fu..6dfea879
-    in..bab91b93
-    {..3c034141
-      ..61052c91
-    }..42d56a5c
-..e342bcf2
-    ev..878bd683
-    fu..807bb0d4
-    in..bab91b93
-    {..3c034141
-      ..cb3804b9
-    }..42d56a5c
-..e342bcf2
-    ev..9c492214
-    fu..ac79f4b3
-    in..bab91b93
-    {..3c034141
-      ..852f034d
-    }..42d56a5c
-}..4b1617af
-//////..75cf86e6
+++ /de..4587586b
-pragma..9738ceef
-..e342bcf2
-//////..75cf86e6
-// uti..cd991200
-//////..75cf86e6
-contra..36b9e983
-{..b4bcb78f
-    fu..cee1a1c1
-    pu..0d0edef0
-    vi..7c352f94
-    re..0bff9dae
-    {..3c034141
-      ..4a33f2d3
-    }..42d56a5c
-}..4b1617af
-//////..75cf86e6
+++ /de..4587586b
-pragma..9738ceef
-..e342bcf2
-import..6550d636
-import..0abb1da7
-import..4bef5c83
-..e342bcf2
-//////..75cf86e6
-// con..cd01344e
-//////..75cf86e6
-contra..6d3081db
-{..b4bcb78f
-    Le..2ead188b
-..e342bcf2
-    //..b5280d49
-..e342bcf2
-    fu..267c4f63
-    pu..3c95eab2
-      ..31ac6a9a
-    }..42d56a5c
-}..4b1617af
-//////..75cf86e6
-const ..51453a0b
+const ..d5a2a4b2