-    fu..96d0f13c
+    fu..60fd0dd2
+      ..3773ceab
-pragma..4f2e12fd
+pragma..e2eaae40
+      ..99be82af
+      ..d6d44bbb
+      ..ff5b217e
-      ..4c3b98ba
-      ..25634826
-      ..2aafc38b
-      ..8286091b
-      ..ac55de41
-      ..f468e214
+      ..5b7fea0c
+      ..06a0e626
+      ..04c7a4f2
+    st..6aff9c4d
+      ..e34c0ae3
+      ..61c0c042
+      ..d27d1ae1
+    }..5c0c9585
+..1e19ea11
+    ma..46f1c16f
+    ma..544a5864
+    ma..5def24a7
-    fu..edbfc149
-..e342bcf2
+    fu..d527e147
+      ..d34d5b05
+      ..4016aad4
+      ..2bef365a
+      ..234dc616
+      ..d0a3135c
+      ..edfd8134
+      ..7a4654b5
+      ..ad896956
+    ) ..3cc77113
+      ..954aa3a5
+      ..34c38202
+      ..93167e3b
+..1e19ea11
+      ..bbd29094
+      ..8c88df59
+      ..ae7620ca
+      ..c17d1ca2
+      ..1fb4429e
+      ..61f0d594
+      ..13e1145c
+      ..85affb66
+      ..694c8d30
+      ..a17ae619
+      ..0aba080a
+      ..d3c36793
+      ..d4280eed
-..e342bcf2
-..e342bcf2
-..e342bcf2
-..e342bcf2
-..e342bcf2
-..e342bcf2
-pragma..736f01e5
+pragma..e2eaae40
--- /de..7f94b843
+pragma..e2eaae40
+import..2700cbda
+..1e19ea11
+/*..53b4b676
+    Te..7bdded26
+*/..f7b44a39
+contra..9f6c4983
+    fu..cfccc685
+    pu..ccfd4c1b
+    Le..5cce230c
+    {..05bae1ed
+    }..5c0c9585
+}..32620409
+      ..1f79016d
-    fu..089d2901
+    fu..3c1771d0
-      ..a003679b
+      ..079c2aed
--- /de..7f94b843
+pragma..e2eaae40
+..1e19ea11
+import..0233e3e9
+import..e3ffd8a7
+..1e19ea11
+//////..16ca1eef
+// con..ed0eb5d1
+//////..16ca1eef
+contra..0fdaf477
+{..d8d37cc0
+    Le..e3a77c99
+..1e19ea11
+    //..96c9d8f1
+..1e19ea11
+    fu..96ed3a52
+    pu..323380ba
+      ..7eb87e78
+    }..5c0c9585
+}..32620409
+//////..16ca1eef
+import..ce3b229f
+    Ty..871f3bfd
+    Le..fba76a93
-    fu..ff7ed96a
+    fu..34093262
-      ..43228500
+      ..8391e17c
+    fu..b808a212
+    pu..ccfd4c1b
+    {..05bae1ed
+      ..5065d75a
+      ..9c338f9f
+      ..012d4165
+    }..5c0c9585
+..1e19ea11
+const ..177c0820
+let le..3a74a018
+let le..5e7d2e22
-      ..6159a7cd
+..1e19ea11
+      ..7f0dcf02
+      ..da91696e
+..1e19ea11
+      ..613eb1a4
+let le..3a74a018
+let le..5e7d2e22
-      ..6159a7cd
+      ..7f0dcf02
+      ..da91696e
+..1e19ea11
+      ..613eb1a4
+let le..3a74a018
+let le..5e7d2e22
-      ..6159a7cd
+      ..7f0dcf02
+      ..da91696e
+..1e19ea11
+      ..613eb1a4
+let le..3a74a018
+let le..5e7d2e22
+      ..7f0dcf02
+      ..da91696e
+let le..3a74a018
+let le..5e7d2e22
-      ..6159a7cd
+      ..7f0dcf02
+      ..da91696e
+..1e19ea11
+      ..613eb1a4