+    ad..bbdfe8aa
-      ..2cfdc444
+      ..5285abbe
+      ..f9ad36ac
+      ..c802d965
+import..987739a7
+import..433e4169
+..1e19ea11
+contra..1ff59eb7
+    ad..81ae350f
+    IC..33b0b792
-contra..f62ccbe6
-      ..2915973a
-      ..66c88a1f
-      ..eb536921
-      ..f8fe4e1a
-      ..03a74d00
+      ..0b5999fc
+      ..a619f899
+      ..a28c6583
+      ..8e8ee1ba
+      ..97f80b31
+      ..b9782195
+      ..60efc75c
+      ..b3c6e3cc
+      ..2dc4a0b3
+    }..5c0c9585
+    fu..e141a95e
+      ..31649997
+      ..7e92e436
+      ..cc25fa2f
+      ..abe6ee1d
-    fu..ec759a26
+    fu..00b6d584
+..1e19ea11
-    fu..088ab4bb
+    /*..8ddea508
+      ..26c56e28
+..1e19ea11
+      ..f93f75be
+      ..c062fe5b
+      ..4e5f6a09
+     *..2620fe88
+    fu..627f57f5
+..1e19ea11
+    }..5c0c9585
+..1e19ea11
+    /*..8ddea508
+      ..9859a03c
+     *..2620fe88
+    fu..6e177fa9
+    }..5c0c9585
+..1e19ea11
+    /*..8ddea508
+      ..5cb4f74b
+      ..09c5d25a
+      ..9ba9b536
+      ..2e1355bb
+..1e19ea11
+      ..f93f75be
+     *..2620fe88
+    fu..42882149
+..1e19ea11
+    }..5c0c9585
+..1e19ea11
+    /*..8ddea508
+      ..a27f0c5e
+      ..09c5d25a
+      ..9ba9b536
+      ..2e1355bb
+..1e19ea11
+      ..f93f75be
+      ..c062fe5b
+     *..2620fe88
+    fu..1a3bc842
+..1e19ea11
+    }..5c0c9585
+..1e19ea11
+    fu..84ad270a
+..1e19ea11
+    }..5c0c9585
+..1e19ea11
+    fu..9db3e027
+..1e19ea11
+    }..5c0c9585
+..1e19ea11
+    fu..684448f0
-    fu..896e5d48
+    /*..8ddea508
+      ..af239fdc
+..1e19ea11
+      ..f93f75be
+      ..21601b7d
+     *..2620fe88
+    fu..b0bceba1