-const ..05e7bfe2
-const ..d67e217a
-const ..fbddeabb
-const ..a66b21a7
-..485db8f5
-const ..93d70db2
-const ..dba8a329
-const ..37a3da44
-const ..7c24b905
-..485db8f5
+const ..e72b84de
+const ..286b439b
+..bc1f8cf5
+const ..8fcfccdf
+const ..6dab9164
+..bc1f8cf5
-let to..15bc1b2c
+let to..733c1596
-      ..d65546f7
+      ..b095cb6a
-      ..e29ca077
+      ..6f804925
-      ..d65546f7
+      ..b095cb6a
-      ..e29ca077
+      ..6f804925
-      ..5f82b8db
+      ..092769d3
-      ..85a820c0
+      ..6f804925
-      ..f40d8c98
+      ..da903f01
-      ..04eefb53
+      ..f7b6c67b
-      ..d65546f7
+      ..b095cb6a
-      ..e29ca077
+      ..6f804925
-      ..d65546f7
+      ..b095cb6a
-      ..e29ca077
+      ..6f804925
-      ..d65546f7
+      ..b095cb6a
-      ..e29ca077
+      ..6f804925
-      ..71b0d60a
+      ..b2d295b5
-      ..f70ba53d
+      ..779ac67e
-      ..a1dd8f4e
+      ..3338ddff
+..bc1f8cf5
+      ..7c6bef15
-      ..fea59a65
+      ..a00416ec
-    it..e31fdd52
-..485db8f5
-      ..db0433d6
-      ..e7f6f0c3
-..485db8f5
-      ..0bf723a1
-      ..71cfde7c
-      ..f29f82ce
-..485db8f5
-      ..760ac281
-      ..94da1cd5
-      ..0e51c935
-      ..18d4c102
-      ..a13622f6
-..485db8f5
-      ..6c50c7ae
-      ..e9b5895e
-      ..e0fab3a6
-..485db8f5
-      ..88b06cc2
-      ..a13eac14
-      ..860f7a85
-..485db8f5
-      ..34f1d827
-      ..797c3df0
-      ..5fa09834
-      ..8065c544
-    })..cd4345e0
-..485db8f5
-      ..4b3cb802
+      ..883ffbf5
+..bc1f8cf5
+      ..092c4b96
-      ..22f6b8fc
-      ..2ad4f81e
-      ..634fa13f
+      ..f5c261fe
-      ..05889f27
+      ..d66814b7
-      ..5ef22424
-      ..9c1140d0
+      ..8134ee81
+      ..3ae1e989
-      ..eee31702
+      ..89a3d11e
-    it..daf012a0
-..485db8f5
-      ..a9abd661
-      ..e7f6f0c3
-      ..22f6b8fc
-      ..2ad4f81e
-..485db8f5
-      ..0bf723a1
-      ..634fa13f
-      ..f29f82ce
-..485db8f5
-      ..760ac281
-      ..94da1cd5
-      ..05889f27
-      ..18d4c102
-      ..a13622f6
-..485db8f5
-      ..6c50c7ae
-      ..5ef22424
-      ..cc720b92
-..485db8f5
-      ..88b06cc2
-      ..5885aa52
-      ..860f7a85
-..485db8f5
-      ..34f1d827
-      ..8a9a9dd7
-      ..5fa09834
-      ..865dd57f
-    })..cd4345e0