-import..bec514fd
+import..28e44b9f
+//impo..8002e514
+    //..13ffd3fb
-    IE..89539fee
+    //..c9048ee5
+    ad..4347eaae
-    st..3df74c43
-      ..426d2ef0
-      ..325afeab
-      ..5bc1dd22
-      ..569b7396
-      ..15523be7
-      ..569b591f
-      ..5933163d
-      ..6661ab40
-      ..a379edcc
-      ..8dc9604a
-      ..aefe99cc
-      ..63357de7
-      ..39f9bb47
-    }..71d41936
-    ma..498d5178
+..5e59af3f
+    ma..8bcae354
-    fu..146b816e
-      ..437dabb4
+    fu..ebbc51c6
+      ..f1c5bff9
-    /*..36ed5c73
-      ..b925d428
-      ..bc051121
-      ..bbfb458c
-      ..5b619553
-      ..51c2dd8b
-      ..dd4e8a5e
-      ..2232b384
-      ..fb1795cc
-      ..dbc416e0
-      ..03d11ea2
-     *..bcbbe0d1
-      ..c41e5e58
-      ..f78e566b
-      ..1727f94b
-      ..0071b816
-..796c7a45
-      ..207a9780
-      ..32e15ecc
-      ..25647e43
-..796c7a45
-      ..2452d376
-      ..cabcd18d
-..796c7a45
-      ..ce43c41f
-      ..eaa05b20
-      ..42b6e4fc
-      ..c41e5e58
-..796c7a45
-      ..68845f25
-      ..df3a86d2
-      ..c756e50c
-..796c7a45
-      ..bf4afc5f
-      ..3f1fdb3f
-..796c7a45
-      ..579d8ca2
-      ..073fa777
-..796c7a45
-      ..7e894e11
-      ..1635f01f
-      ..0f55b464
-      ..ad4a4f40
-      ..abb726f7
-      ..67d0f2a5
-      ..cd4c1da3
-      ..297bc1da
-      ..1e68190f
-      ..e42e3e4c
-      ..bc211a2e
-      ..ba13fd9b
-..796c7a45
-      ..fa3df794
-      ..c31ffbeb
-..796c7a45
-      ..8ba95817
-      ..e56b303b
-..796c7a45
-      ..873901e5
-      ..85b600d4
-..796c7a45
-      ..4d000dfa
+..5e59af3f
-//////..312fb9cd
+//////..5063a5e9
--- /de..6a783aac
+pragma..ccc65843
+..5e59af3f
+import..cc0325ab
+..5e59af3f
+contra..84bdf474
+    us..b2c8dc3b
+..5e59af3f
+    st..0ef16639
+      ..aeb9a118
+      ..6e3a8599
+      ..0a52891c
+      ..48ec476c
+      ..2e9fdf6e
+      ..ebbedac3
+      ..3ec18d9a
+      ..525e2118
+      ..ee041b38
+      ..ebfcf3c7
+      ..5aaafc81
+      ..26124c15
+      ..bafcbf5d
+    }..493b7d7f
+..5e59af3f
+//////..1f8d7113
+..5e59af3f
+    ev..a03ca968
+..5e59af3f
+//////..f1b49e52
+..5e59af3f
+    /*..b039fb4c
+      ..5dfeb85a
+      ..a73fd00f
+      ..82aed21c
+      ..742564c2
+      ..d439f2ac
+      ..48977a74
+      ..50eece11
+      ..2727dfde
+      ..9352da74
+      ..ee9e949f
+     *..c29939bf
+    fu..31219466
+    ma..4e2d9055
+    st..71210deb
+    re..4b3218b0
+      ..7a9d1d49
+      ..d6557529
+      ..a70bd50b
+      ..75349d3d
+..5e59af3f
+      ..020d0cf5
+      ..74e65957
+      ..5bab9caf
+..5e59af3f
+      ..befe68b6
+      ..f10d138e
+      ..56729eaa
+..5e59af3f
+      ..02a6f30c
+      ..6d0e939c
+      ..2d8eb490
+      ..7a9d1d49
+..5e59af3f
+      ..26782175
+      ..d435367e
+      ..760bfcc0
+..5e59af3f
+      ..b02ae9a7
+      ..58db4faf
+..5e59af3f
+      ..b95822e6
+      ..ff2d8942
+..5e59af3f
+      ..eaad35a6
+      ..293945ab
+      ..7ef752a5
+      ..05640dae
+      ..451eea5b
+      ..48db23c3
+      ..603dec79
+      ..44fa08af
+      ..40edbfdf
+      ..f2dd7c3f
+      ..780f27a0
+      ..fb9482e1
+..5e59af3f
+      ..48b5f50a
+      ..803c1609
+..5e59af3f
+      ..4b380d5b
+      ..f38f9c27
+..5e59af3f
+      ..b6c2faca
+      ..d3a9c5cc
+..5e59af3f
+      ..9bcf8f01
+    }..493b7d7f
+}..9c390a98
-    ui..3df4cd64
+    ui..b1512116