+++ /de..80fb92b2
-pragma..c51cd653
-import..7c446941
-import..1fc56a0b
-import..29af8146
-import..a9dd45d1
-import..1844c630
-import..04bbb04c
-import..c4656d60
-..796c7a45
-/*..bb35e8ee
-    Op..30d7e52a
-    - ..c75c590a
-    - ..607dabe8
-*/..1b61e95f
-..796c7a45
-/*..bb35e8ee
-    Ba..6ff36937
-..796c7a45
-    Th..358e5094
-..796c7a45
-    ER..cd65f612
-    th..814efd69
-..796c7a45
-    Th..e0942817
-..796c7a45
-    A ..982413d3
-    Ch..e7fe8ac9
-    wh..111188dc
-    Th..ec03e049
-..796c7a45
-    Th..d056adbf
-    in..47676a18
-    In..b75ada8c
-    Th..69fc760d
-..796c7a45
-    Fo..fe377c8f
-    [s..fb2a23ca
-..796c7a45
-..796c7a45
-    WA..467d01b4
-      ..6387ec1e
-*/..1b61e95f
-contra..a6cc5f6d
-    ui..dec2aab3
-    ui..a5580dea
-..796c7a45
-    st..d5240a96
-    ui..846a6fb2
-    ui..898ad13c
-    bo..b89fc784
-    bo..4274ab25
-    bo..64ec7f75
-    }..71d41936
-..796c7a45
-    st..9811300f
-    st..b43da07e
-..796c7a45
-    IB..c14be058
-    IE..3f4ff12b
-    IE..fa6b49f6
-    ma..313dde5d
-    ui..7729c6d4
-    ui..462d8710
-    ui..f128c1e2
-    bo..9407f336
-..796c7a45
-    //..350b5839
-    ev..00a212e2
-    ui..9afcc44b
-..796c7a45
-    /*..36ed5c73
-      ..8947bd8b
-..796c7a45
-      ..d9f4f243
-      ..b2436b7c
-      ..62a4fc88
-      ..d4f1fd1b
-      ..44416034
-    */..5bbb1e6c
-    fu..08229d06
-    Sm..b55685ef
-    va..d44c4ad9
-    va..d82aaf8d
-    {..23fdbed5
-      ..80199827
-      ..1b30b81d
-..796c7a45
-      ..ad1346e6
-      ..0540e7a5
-    }..71d41936
-..796c7a45
-    //..631a93f8
-    mo..7cad57fb
-      ..1aeb0738
-      ..53687a1e
-    }..71d41936
-..796c7a45
-    //..91b67a03
-    mo..9ce9bdad
-      ..8b4438ab
-      ..53687a1e
-    }..71d41936
-..796c7a45
-    //..d07366f1
-    mo..61389779
-      ..cd8c7466
-      ..53687a1e
-    }..71d41936
-..796c7a45
-    //..9b5fa51f
-    mo..64225704
-      ..184b1cbb
-      ..53687a1e
-    }..71d41936
-..796c7a45
-    //..da728474
-    mo..c86f5f09
-      ..a54b0a28
-      ..53687a1e
-    }..71d41936
-..796c7a45
-    //..58d9bb9c
-    mo..d613d158
-      ..b9a37b96
-      ..53687a1e
-    }..71d41936
-..796c7a45
-    //..e3191bb8
-    mo..149c9a67
-      ..a0a9c1ef
-      ..53687a1e
-    }..71d41936
-..796c7a45
-    /*..36ed5c73
-      ..2eb16a40
-..796c7a45
-      ..03ed9e31
-    */..5bbb1e6c
-    fu..146c5a47
-      ..573b3624
-    }..71d41936
-..796c7a45
-    /*..36ed5c73
-      ..a7ead0dc
-      ..896cf26d
-..796c7a45
-      ..ab2363ac
-    */..5bbb1e6c
-    fu..89ba04a4
-      ..ab881977
-    }..71d41936
-..796c7a45
-    /*..36ed5c73
-      ..711a64b8
-..796c7a45
-      ..16a1e19a
-..796c7a45
-      ..ab2363ac
-    */..5bbb1e6c
-    fu..0d41b278
-      ..807abce0
-      ..ac1b1289
-      ..942ad794
-    }..71d41936
-..796c7a45
-    /*..1e6555fa
-      ..61a18bbf
-..796c7a45
-      ..bd66666f
-    */..5bbb1e6c
-    fu..d45dc89c
-    pu..047439f1
-    ow..4042e72e
-    va..d44c4ad9
-    no..0acab69e
-    {..23fdbed5
-      ..80199827
-    }..71d41936
-..796c7a45
-    /*..1e6555fa
-      ..b148a3d3
-..796c7a45
-      ..10f88201
-    */..5bbb1e6c
-    fu..fac991da
-    pu..047439f1
-    ow..4042e72e
-    va..9f2e6b62
-    {..23fdbed5
-      ..13a9beaa
-    }..71d41936
-..796c7a45
-    /*..1e6555fa
-      ..4da2cac3
-    */..5bbb1e6c
-    fu..5573264f
-      ..60918a42
-    }..71d41936
-..796c7a45
-    /*..36ed5c73
-      ..92be5d26
-..796c7a45
-      ..3a048da8
-    */..5bbb1e6c
-    fu..58602ced
-      ..dba35178
-    }..71d41936
-..796c7a45
-    /*..36ed5c73
-      ..569bce19
-      ..3bd953cc
-..796c7a45
-      ..90aabf7e
-    */..5bbb1e6c
-    fu..56359471
-      ..b55fd3c4
-    }..71d41936
-..796c7a45
-    /*..36ed5c73
-      ..d6047db8
-      ..8094f613
-..796c7a45
-      ..9f6b6294
-    */..5bbb1e6c
-    fu..f39cda2e
-      ..53cd1b43
-      ..a66e0cae
-    }..71d41936
-..796c7a45
-    /*..36ed5c73
-      ..7d2497ca
-      ..0ac91d12
-      ..23eceed0
-..796c7a45
-      ..812b1978
-    */..5bbb1e6c
-    fu..5c062df2
-      ..0e39e9e6
-    }..71d41936
-..796c7a45
-    /*..36ed5c73
-      ..02f677cf
-      ..23eceed0
-..796c7a45
-      ..504c8c47
-    */..5bbb1e6c
-    fu..3e091f1f
-    pu..047439f1
-    ma..c2be2ebe
-    va..86a1e623
-    {..23fdbed5
-      ..08f7ec17
-    }..71d41936
-..796c7a45
-    /*..1e6555fa
-      ..c84325a6
-..796c7a45
-      ..d93bf271
-    */..5bbb1e6c
-    fu..3704c65e
-      ..c9fd12a8
-    }..71d41936
-..796c7a45
-    /*..36ed5c73
-      ..d2155e31
-      ..a9c55176
-..796c7a45
-      ..9ced4bdd
-      ..9d51d1fa
-      ..d2be6e53
-    */..5bbb1e6c
-    fu..bc2c9779
-    pu..047439f1
-    ow..4042e72e
-    in..9da6b75c
-    va..031c3fbf
-    no..f2761343
-    va..47ce7165
-    {..23fdbed5
-      ..61f4ef21
-..796c7a45
-      ..c8e65846
-      ..9131e28c
-      ..6828ca37
-      ..7fd000f8
-      ..6720db95
-      ..c2b0b37e
-      ..58adda88
-    }..71d41936
-..796c7a45
-    /*..36ed5c73
-      ..b6b05227
-      ..065e619c
-..796c7a45
-      ..b106371d
-      ..9d51d1fa
-      ..d2be6e53
-      ..f0462012
-    */..5bbb1e6c
-    fu..7ff5ab75
-    pu..047439f1
-    ow..4042e72e
-    va..fc7deb74
-    va..47ce7165
-    {..23fdbed5
-      ..435d316d
-      ..10bd0721
-..796c7a45
-      ..291d7397
-      ..3b6adc91
-      ..220b05aa
-      ..cba8a6d2
-    }..71d41936
-..796c7a45
-    /*..36ed5c73
-      ..abd85c05
-      ..065e619c
-      ..d4caef8c
-..796c7a45
-      ..06fe21f1
-      ..7f4b71a4
-    */..5bbb1e6c
-    fu..b8ca00c3
-    pu..047439f1
-    ow..4042e72e
-    va..fc7deb74
-    {..23fdbed5
-      ..2954f6d1
-    }..71d41936
-..796c7a45
-    /*..36ed5c73
-      ..60e7783a
-..796c7a45
-      ..06fe21f1
-..796c7a45
-      ..8ee780f1
-    */..5bbb1e6c
-    fu..c15a7dce
-    pu..047439f1
-    co..1793d8f6
-    va..fc7deb74
-    re..f823cb6e
-    {..23fdbed5
-      ..435d316d
-      ..6b22fcdf
-    }..71d41936
-..796c7a45
-    /*..36ed5c73
-      ..10217599
-..796c7a45
-      ..df247a2c
-      ..772aa58a
-      ..1443d5a6
-..796c7a45
-      ..0409a9b2
-    */..5bbb1e6c
-    fu..568107c6
-      ..537f27ef
-..796c7a45
-      ..cd202c33
-      ..19611060
-      ..0ba15358
-      ..556de281
-      ..457bb603
-..796c7a45
-      ..ab90ee52
-      ..1aa65395
-      ..b593e5a6
-    }..71d41936
-..796c7a45
-    /*..36ed5c73
-      ..05d0eaea
-..796c7a45
-      ..a54e31a9
-      ..a6b3cf40
-..796c7a45
-      ..c475a628
-    */..5bbb1e6c
-    fu..13663e97
-    pu..047439f1
-    co..1793d8f6
-    ac..6ee93ed4
-    va..fc7deb74
-    re..d64dc754
-    {..23fdbed5
-      ..435d316d
-      ..3f2db26d
-..796c7a45
-      ..a8fa3993
-      ..2fd25aaf
-      ..760ffd05
-..796c7a45
-      ..f59900e9
-      ..08139c4b
-      ..25bdc6b5
-    }..71d41936
-..796c7a45
-    /*..36ed5c73
-      ..a44f7727
-..796c7a45
-      ..a54e31a9
-      ..01ebaf16
-..796c7a45
-      ..6c95f674
-    */..5bbb1e6c
-    fu..962888ce
-      ..1d5aefd0
-    }..71d41936
-..796c7a45
-    /*..36ed5c73
-      ..8a9dd5ef
-..796c7a45
-      ..df247a2c
-      ..772aa58a
-      ..1443d5a6
-      ..5ad03a35
-..796c7a45
-      ..c7d0d564
-    */..5bbb1e6c
-    fu..1b1f9813
-      ..537f27ef
-..796c7a45
-      ..cd202c33
-      ..19611060
-      ..fa73f8f6
-      ..556de281
-      ..4a24efd2
-..796c7a45
-      ..ab90ee52
-      ..9279846c
-      ..9ebab523
-    }..71d41936
-..796c7a45
-    /*..36ed5c73
-      ..0f6e0d15
-..796c7a45
-      ..a54e31a9
-      ..a6b3cf40
-      ..5f6e0a8c
-..796c7a45
-      ..8969d5f8
-    */..5bbb1e6c
-    fu..2bb2ba26
-    pu..047439f1
-    ch..ecca187c
-    gr..0b76ec8c
-    re..d64dc754
-    {..23fdbed5
-      ..66e3ec79
-      ..75850659
-..796c7a45
-      ..84726781
-      ..435d316d
-      ..12eb4c33
-      ..0e9680ed
-..796c7a45
-      ..75cc31f5
-      ..9b2da375
-      ..fec5df7f
-      ..988c078b
-      ..0606802d
-      ..436763c8
-..796c7a45
-      ..7225f3cd
-      ..d8d6dc70
-      ..2613054c
-      ..0b904dd0
-      ..f6fffd64
-      ..c5be69b8
-      ..b1155f90
-    }..71d41936
-..796c7a45
-    /*..36ed5c73
-      ..3e97df96
-..796c7a45
-      ..a54e31a9
-      ..01ebaf16
-      ..45163188
-..796c7a45
-      ..0c9b31dd
-    */..5bbb1e6c
-    fu..acfd2176
-    pu..047439f1
-    ch..ecca187c
-    gr..0b76ec8c
-    re..d64dc754
-    {..23fdbed5
-      ..6625cbb4
-..796c7a45
-      ..4ca52b8d
-      ..75850659
-..796c7a45
-      ..a8fa3993
-      ..2fd25aaf
-      ..8d7d5306
-      ..5a3116f1
-..796c7a45
-      ..84726781
-      ..435d316d
-      ..12eb4c33
-      ..39123b61
-..796c7a45
-      ..f9241594
-      ..ae8ae6f0
-      ..b5897a0f
-      ..3dbf6a53
-      ..9b2da375
-      ..fec5df7f
-      ..648d81cf
-..796c7a45
-      ..7225f3cd
-      ..d8d6dc70
-      ..2613054c
-      ..0b904dd0
-      ..f6fffd64
-      ..941c7390
-      ..b1155f90
-    }..71d41936
-..796c7a45
-    /*..36ed5c73
-      ..81837865
-      ..99bea595
-..796c7a45
-      ..0830f004
-      ..797df2aa
-      ..810cbaf4
-..796c7a45
-      ..6edec7ee
-    */..5bbb1e6c
-    fu..ae55b0c8
-    pu..047439f1
-    va..9f2e6b62
-    re..d64dc754
-    {..23fdbed5
-      ..b973f8a2
-      ..213facdd
-      ..0289b05d
-      ..1a5c3531
-..796c7a45
-      ..fd350e3b
-      ..b03f6811
-      ..1d25ea81
-      ..b2ffbefe
-..796c7a45
-      ..839a321a
-      ..c8b01e20
-      ..d30fdd67
-      ..30d233f6
-      ..0626ff33
-..796c7a45
-      ..c5ac7e61
-      ..38d2e300
-      ..90c27954
-..796c7a45
-      ..d7d882a4
-      ..63d027c4
-      ..c160141f
-      ..c17da161
-..796c7a45
-      ..62edf9b0
-      ..2dc55e13
-      ..f2ec728f
-      ..b4c92291
-      ..1fbfefd1
-      ..c17da161
-      ..ecaa5986
-      ..426ef0bf
-      ..5804b4f9
-      ..141ce0a7
-      ..c17da161
-..796c7a45
-      ..7687bbe9
-    }..71d41936
-..796c7a45
-    /*..36ed5c73
-      ..72290251
-      ..671a0197
-..796c7a45
-      ..5ad03a35
-..796c7a45
-      ..6edec7ee
-    */..5bbb1e6c
-    fu..18df1443
-      ..97e44333
-      ..53cd1b43
-      ..e5c8ec90
-      ..78fedffc
-      ..e9e2af0e
-      ..6ae713fe
-      ..05c29bb0
-      ..aea28709
-      ..5bff4ee9
-      ..afda4ece
-      ..c4152731
-      ..ef199dca
-      ..7c6159eb
-    }..71d41936
-..796c7a45
-    /*..36ed5c73
-      ..eda41f2a
-..796c7a45
-      ..a54e31a9
-      ..01ebaf16
-      ..c011264f
-..796c7a45
-      ..233eb0c5
-    */..5bbb1e6c
-    fu..d640058e
-    pr..bd83e41c
-    co..1793d8f6
-    ac..6ee93ed4
-    va..fc7deb74
-    gr..e21c772a
-    re..d64dc754
-    {..23fdbed5
-      ..435d316d
-      ..2fd25aaf
-      ..545f6562
-..796c7a45
-      ..f59900e9
-      ..08139c4b
-      ..25bdc6b5
-    }..71d41936
-..796c7a45
-    /*..36ed5c73
-      ..cf0cee02
-..796c7a45
-      ..5621557a
-      ..d56654f7
-      ..bb01af5c
-    */..5bbb1e6c
-    fu..ed6b82de
-      ..c58d081c
-      ..aa1a2304
-      ..0e508e02
-..796c7a45
-      ..6f2ac51d
-      ..ba301958
-      ..0e508e02
-..796c7a45
-      ..77eff0d9
-      ..68eced5d
-      ..82fd09fb
-..796c7a45
-      ..9c029f32
-      ..0b927ea3
-    }..71d41936
-..796c7a45
-    /*..36ed5c73
-      ..4b848cc5
-..796c7a45
-      ..6276b8af
-      ..fb5fd7d3
-      ..1e90647d
-    */..5bbb1e6c
-    fu..55ab5234
-      ..b27dee21
-      ..91e5e211
-      ..0e508e02
-..796c7a45
-      ..5ab795bd
-      ..977400c4
-      ..ee912e89
-      ..e3daffd2
-      ..ae9517f3
-      ..c17da161
-..796c7a45
-      ..418917f3
-      ..6e003a8e
-    }..71d41936
-..796c7a45
-    /*..36ed5c73
-      ..b4cc83ad
-      ..406d5a32
-    */..5bbb1e6c
-    fu..46f70ac0
-      ..ea753d73
-    }..71d41936
-}..9a4628dd