+++ /de..04c0c480
-pragma..4c2ade4d
-..2ac72a33
-import..6d5e925c
-import..67be4945
-import..da559d49
-..2ac72a33
-/**..9b9660c2
- * @ti..e52193ce
- * @de..6e47df00
- * tod..1cdfa6a8
- * tod..b8991531
- * tod..f651738d
- */..f0ba8684
-contra..a64d0627
-    us..847999bc
-..2ac72a33
-    //..f85982b2
-    ui..c35d37a3
-    ER..d4a9c4e9
-    ui..b669ab0c
-    st..e23674c6
-      ..aade3391
-      ..47cdd9d8
-      ..ee3bb400
-      ..a8c1e6fb
-      ..887b27a8
-      ..dc231f9b
-      ..77577593
-      ..e3ef8384
-    }..03114c93
-..2ac72a33
-    //..7bf51ec3
-    ma..2437db84
-..2ac72a33
-    /*..2cb85923
-     *..5ced8ffd
-     *..3cbecee0
-    fu..56c7cfa1
-..2ac72a33
-    /*..2cb85923
-     *..ee78462c
-     *..e1839dcb
-     *..3cbecee0
-    fu..b7322776
-      ..0f6454a2
-    }..03114c93
-..2ac72a33
-    /*..2cb85923
-     *..fad7ffbc
-     *..a296cd91
-     *..3cbecee0
-    fu..464a0400
-      ..34cad327
-    }..03114c93
-..2ac72a33
-    /*..2cb85923
-     *..7a17296b
-     *..a296cd91
-     *..a0e501b7
-     *..3cbecee0
-    fu..0a6ef731
-      ..8ea9d3ae
-    }..03114c93
-..2ac72a33
-    /*..2cb85923
-     *..bd2dd824
-     *..a296cd91
-     *..0e1d58d2
-     *..c0d4316e
-     *..9170edf5
-     *..3cbecee0
-    fu..bc6cd4ce
-      ..7511e867
-..2ac72a33
-      ..57c6488e
-      ..bfa9b4c6
-      ..f0f0966e
-      ..99e9eb59
-..2ac72a33
-      ..ad2a315d
-      ..d1cea720
-      ..893c7aa6
-      ..43b9a5b2
-      ..38c83e5d
-      ..99e9eb59
-      ..cdecf97f
-    }..03114c93
-..2ac72a33
-    /*..2cb85923
-     *..19707b6b
-     *..a296cd91
-     *..0e1d58d2
-     *..c0d4316e
-     *..3cbecee0
-    fu..5b8662b5
-      ..7511e867
-..2ac72a33
-      ..57c6488e
-      ..bfa9b4c6
-      ..f0f0966e
-      ..99e9eb59
-..2ac72a33
-      ..ad2a315d
-      ..d1cea720
-..2ac72a33
-      ..77ff4c96
-      ..893c7aa6
-      ..43b9a5b2
-      ..b531819b
-      ..99e9eb59
-      ..2d7243b8
-    }..03114c93
-..2ac72a33
-    /*..2cb85923
-     *..5c4e3bbc
-     *..a296cd91
-     *..32454102
-     *..0e1d58d2
-     *..c0d4316e
-     *..3cbecee0
-    fu..4893b6c9
-      ..a3dfe53b
-..2ac72a33
-      ..4699fffb
-      ..d1cea720
-    }..03114c93
-..2ac72a33
-    /*..2cb85923
-     *..3d0bb80b
-     *..944e4f3a
-     *..ae8952f4
-     *..20dec9b6
-     *..719b181b
-     *..dd6147c8
-     *..4b82a1f8
-     *..6dfae4c9
-     *..3cbecee0
-    fu..38402cd5
-    re..78989c72
-      ..424c20e2
-..2ac72a33
-      ..3f205e6a
-      ..7631ab8a
-      ..2fd77b85
-      ..46bde236
-..2ac72a33
-      ..13dcf484
-      ..6dc19cb4
-      ..101c44ec
-..2ac72a33
-      ..b8130797
-      ..4233b08b
-..2ac72a33
-      ..1be14565
-      ..426984f7
-..2ac72a33
-      ..e38f885c
-      ..0b26b2e6
-      ..d6b5d935
-      ..ac8f3dc2
-      ..777f720e
-      ..2c8245e9
-      ..c531b105
-      ..7a42dddb
-      ..0abc2beb
-..2ac72a33
-      ..2efbfd17
-      ..df15bd2c
-..2ac72a33
-      ..d50c4848
-      ..b0bb91b4
-..2ac72a33
-      ..34e102bc
-    }..03114c93
-..2ac72a33
-    /*..2cb85923
-     *..7f69abca
-     *..a296cd91
-     *..f524c332
-     *..3cbecee0
-    fu..93e3d460
-      ..363332b9
-      ..ae8b2c65
-..2ac72a33
-      ..a39959e1
-      ..ef1ec175
-      ..f0a79de9
-    }..03114c93
-..2ac72a33
-    /*..2cb85923
-     *..a4cd60e8
-     *..a296cd91
-     *..fbfc05f3
-     *..3cbecee0
-    fu..2cda6b3b
-      ..b1ebcc41
-..2ac72a33
-      ..d46531a2
-      ..36345610
-..2ac72a33
-      ..13dcf484
-      ..49129e95
-      ..101c44ec
-..2ac72a33
-      ..b8130797
-      ..4233b08b
-..2ac72a33
-      ..2efbfd17
-      ..ee42fccc
-..2ac72a33
-      ..d50c4848
-      ..75fb8098
-    }..03114c93
-..2ac72a33
-    /*..2cb85923
-     *..45516efa
-     *..a296cd91
-     *..3cbecee0
-    fu..27bc0047
-      ..b1ebcc41
-..2ac72a33
-      ..b51ec7cd
-      ..dbe3eaf9
-..2ac72a33
-      ..410b8a3f
-..2ac72a33
-      ..2b213958
-    }..03114c93
-..2ac72a33
-    /*..2cb85923
-     *..45516efa
-     *..a296cd91
-     *..719b181b
-     *..dd6147c8
-     *..4b82a1f8
-     *..3cbecee0
-    fu..421f83f2
-      ..b1ebcc41
-..2ac72a33
-      ..60048e6e
-      ..e6eb1b80
-      ..eb39706d
-..2ac72a33
-      ..dafd5672
-    }..03114c93
-..2ac72a33
-    /*..2cb85923
-     *..cdaec5d9
-     *..a296cd91
-     *..3cbecee0
-    fu..7d1bb12a
-      ..c9fc854d
-      ..0d2ec80e
-      ..eb80998c
-      ..87acdf1e
-      ..42e32bd8
-      ..1bf95424
-      ..7db788c3
-    }..03114c93
-..2ac72a33
-    /*..2cb85923
-     *..91648ccb
-     *..a296cd91
-     *..ca397764
-     *..3cbecee0
-    fu..c0a0f40a
-      ..b1ebcc41
-      ..47852e79
-      ..d54bd4d3
-      ..99e9eb59
-..2ac72a33
-      ..c06ccb3d
-    }..03114c93
-..2ac72a33
-    /*..2cb85923
-     *..ca165d93
-     *..3cbecee0
-    ev..b0ad28c2
-    ev..7b0c96f7
-    ev..8efbd123
-    ev..446c2cb6
-    ev..64bd5cd9
-    ev..bbf0fb1e
-    ev..44a6f8c8
-}..9f103b58
+++ /de..04c0c480
-pragma..4c2ade4d
-..2ac72a33
-..2ac72a33
-import..61ab7499
-..2ac72a33
-..2ac72a33
-/**..9b9660c2
- * @ti..0f325d1a
- * @de..2257be81
- */..f0ba8684
-contra..a590deca
-  func..75d424d5
-  func..3e7ffe34
-  func..17ce363c
-  even..cf8fc4fd
-}..9f103b58
+++ /de..04c0c480
-pragma..4c2ade4d
-..2ac72a33
-..2ac72a33
-/**..9b9660c2
- * @ti..b6d7a307
- * @de..32807ea4
- * @de..c32905d8
- */..f0ba8684
-contra..44c143f6
-  uint..0581470d
-  func..80153f97
-  func..e931d6d5
-  even..4166850e
-}..9f103b58
+++ /de..04c0c480
-pragma..4c2ade4d
-..2ac72a33
-/*..c7a50482
-* Cont..68af2662
-*/..fe31b7fc
-..2ac72a33
-contra..3ca56783
-    fu..33275240
-}..9f103b58
+++ /de..04c0c480
-pragma..4c2ade4d
-..2ac72a33
-..2ac72a33
-/**..9b9660c2
- * @ti..f696b692
- * @de..1f8525ea
- */..f0ba8684
-librar..754fd62c
-  func..8b518587
-    ui..45b73bdf
-    as..7ead25ce
-    re..e38521aa
-  }..ecd68eee
-..2ac72a33
-  func..01bede9f
-    //..36bed8c4
-    ui..b0db6884
-    //..d188f7ec
-    re..e38521aa
-  }..ecd68eee
-..2ac72a33
-  func..75ae92c0
-    as..e9b97a2a
-    re..032346c5
-  }..ecd68eee
-..2ac72a33
-  func..ca3221ad
-    ui..fae9399d
-    as..707666a3
-    re..e38521aa
-  }..ecd68eee
-}..9f103b58
--- /de..4940760b
+pragma..5ca66c6a
+import..3fcb6373
+import..f440ead2
+..c92dcce8
+/**..23778358
+    ER..12736c95
+*/..ad65fbcb
+contra..2ab6ecad
+    st..9d169153
+    st..ed1a9099
+    st..6bd7a586
+    ui..3d4ecd86
+    ui..1a36fbec
+    ma..e333af44
+    ma..c1a9f6fa
+..c92dcce8
+    ev..a9a13d88
+    ev..d0c81d29
+..c92dcce8
+    /*..05359f91
+      ..71dc6131
+..c92dcce8
+      ..f257232b
+      ..c51a043d
+      ..241dcc93
+    */..11746747
+    fu..76eb17b2
+      ..fde5b861
+..c92dcce8
+      ..e504e53e
+      ..bb5fb0d8
+      ..d014f3a8
+    }..a8e01264
+..c92dcce8
+    /*..05359f91
+      ..b00e1c07
+      ..ce49d2df
+..c92dcce8
+      ..34526421
+      ..5a037e6c
+..c92dcce8
+      ..96e05a9b
+    */..11746747
+    fu..a07914f1
+      ..4d471e72
+      ..f7083e32
+      ..cfa8cce5
+    {..6fc8a171
+      ..a62aca96
+      ..d7eb6efd
+      ..51f61c61
+      ..5834fd95
+    }..a8e01264
+..c92dcce8
+    /*..05359f91
+      ..b8324fe2
+      ..ce49d2df
+..c92dcce8
+      ..26992c58
+      ..34526421
+      ..5a037e6c
+..c92dcce8
+      ..96e05a9b
+    */..11746747
+    fu..0f988a69
+      ..4d471e72
+      ..e4569a1e
+      ..f7083e32
+      ..cfa8cce5
+    {..6fc8a171
+      ..b346385b
+      ..10414259
+      ..d7eb6efd
+      ..16170213
+      ..5834fd95
+    }..a8e01264
+..c92dcce8
+    /*..05359f91
+      ..c1dee26a
+      ..ce49d2df
+..c92dcce8
+      ..6338ba6c
+      ..3c695557
+      ..7eee61a2
+..c92dcce8
+      ..220ba804
+      ..db4e5812
+..c92dcce8
+      ..611d1cf5
+    */..11746747
+    fu..eda1e48d
+      ..4d471e72
+      ..c00b23a1
+      ..cfa8cce5
+    {..6fc8a171
+      ..374d143b
+      ..57e849a5
+..c92dcce8
+      ..d537b4ce
+      ..eb959e15
+      ..5834fd95
+    }..a8e01264
+}..7342d784
--- /de..4940760b
+pragma..8e265797
+..c92dcce8
+/*..835c5d5b
+    ER..65012001
+*/..ad65fbcb
+contra..9646bd4a
+    //..17d2b818
+    fu..79ccab2c
+    fu..cca0613c
+    fu..ade24f81
+    fu..dfe0ba89
+    fu..3e416b41
+    fu..1f57ecad
+..c92dcce8
+    fu..feb8ddfd
+    fu..1d287b21
+    fu..88f60201
+}..7342d784
--- /de..4940760b
+pragma..8e265797
+..c92dcce8
+/*..835c5d5b
+    Ow..3f07e76f
+*/..ad65fbcb
+contra..785148c3
+    //..b36342b6
+    fu..26769bb3
+..c92dcce8
+    fu..d1be2deb
+    fu..e808d9ee
+}..7342d784
--- /de..4940760b
+pragma..5ca66c6a
+import..ff469f55
+import..f440ead2
+..c92dcce8
+/*..835c5d5b
+    To..955991ca
+*/..ad65fbcb
+contra..ecf05d35
+    fu..2eaf5143
+}..7342d784
--- /de..4940760b
+pragma..8e265797
+import..ff469f55
+..c92dcce8
+/*..835c5d5b
+    Pr..08dcd963
+*/..ad65fbcb
+contra..e3214efc
+    ad..bcfc0f4a
+    ad..09353aaa
+..c92dcce8
+    ev..b3214113
+..c92dcce8
+    /*..05359f91
+      ..71dc6131
+    */..11746747
+    fu..d0f47606
+      ..9b878d3c
+    }..a8e01264
+..c92dcce8
+    //..2acd1cec
+    mo..3aef2fcf
+      ..cc16d25d
+      ..a1382e42
+    }..a8e01264
+..c92dcce8
+    /*..05359f91
+      ..76746c29
+      ..f0b4109e
+      ..258eb11b
+..c92dcce8
+      ..3eee0ce6
+    */..11746747
+    fu..05fa9cbb
+      ..782bbf7d
+      ..32e37aeb
+    }..a8e01264
+..c92dcce8
+    /*..05359f91
+      ..ba011e9e
+    */..11746747
+    fu..da649d31
+      ..499b34f7
+      ..e7413e0d
+      ..59504138
+      ..d6a6f939
+    }..a8e01264
+}..7342d784
--- /de..4940760b
+pragma..8e265797
+import..7d601e13
+import..f440ead2
+..c92dcce8
+/**..23778358
+    @d..595808ab
+    A ..4e7505aa
+    Fe..7c337055
+*/..ad65fbcb
+contra..c96470a0
+..c92dcce8
+//////..d9b37dbe
+..c92dcce8
+    st..cd8c6da0
+      ..f98ef3ed
+      ..3c866049
+      ..cf131cd0
+      ..34dbce9c
+    }..a8e01264
+..c92dcce8
+    ui..85bc5d8c
+    ui..ad93051d
+    ad..4e89bbcf
+    IE..80e96b3c
+    Pl..790f0370
+..c92dcce8
+//////..0e70d43c
+..c92dcce8
+    ev..ba764474
+    ev..1009518d
+    ev..4e5e6e81
+..c92dcce8
+//////..a525328b
+..c92dcce8
+    //..807a5f78
+    mo..fb7f79df
+..c92dcce8
+    //..8dff0542
+    mo..7415fe08
+..c92dcce8
+    //..81ca0d63
+    mo..550c6261
+..c92dcce8
+//////..529822ad
+..c92dcce8
+    fu..00320704
+      ..c980f181
+      ..2e89d9a7
+    }..a8e01264
+..c92dcce8
+    fu..f1f7e49e
+      ..3e5246a6
+    }..a8e01264
+..c92dcce8
+//////..d4d523f8
+..c92dcce8
+    fu..4d43903a
+      ..95127e85
+..c92dcce8
+      ..1fd989b4
+      ..3c99268c
+..c92dcce8
+      ..20f7213d
+      ..f98f0f66
+      ..5834fd95
+    }..a8e01264
+..c92dcce8
+    fu..1edecf73
+      ..0802f33d
+      ..c6821d97
+    }..a8e01264
+..c92dcce8
+    fu..a6c81838
+      ..09bdea23
+      ..bd57bc0a
+    }..a8e01264
+..c92dcce8
+    fu..340b25be
+      ..19d0e9d6
+      ..bd57bc0a
+    }..a8e01264
+..c92dcce8
+    fu..eab3f4ce
+      ..712fb3ed
+      ..bd57bc0a
+    }..a8e01264
+..c92dcce8
+    fu..3f368cf3
+      ..e75765aa
+      ..bd57bc0a
+    }..a8e01264
+..c92dcce8
+//////..4294e3ba
+..c92dcce8
+    fu..567f2e71
+      ..98ed5c6d
+    }..a8e01264
+..c92dcce8
+    fu..48d7c8e5
+      ..ff85a0f8
+      ..a69f9b9b
+      ..430fa89a
+      ..d2fab8a9
+      ..5293de9e
+    }..a8e01264
+}..7342d784
--- /de..4940760b
+pragma..8e265797
+import..6b2a2d84
+import..3fcb6373
+import..f440ead2
+import..9d64f7b8
+..c92dcce8
+/*..835c5d5b
+    We..7ed2e794
+    fo..dc8f686e
+..c92dcce8
+    Th..9aa2c73a
+    th..038a1563
+*/..ad65fbcb
+contra..12c00035
+    /*..05359f91
+      ..71dc6131
+    */..11746747
+    fu..b20d7d53
+    }..a8e01264
+..c92dcce8
+    /*..05359f91
+      ..add5ac8a
+      ..89362ffb
+..c92dcce8
+      ..4150c963
+      ..1d0364a3
+      ..85b039cb
+    */..11746747
+    fu..8c16288e
+      ..4d471e72
+      ..264a15b9
+      ..355e63a4
+      ..f7083e32
+      ..4c9b9735
+    {..6fc8a171
+      ..08a24ca2
+    }..a8e01264
+}..7342d784
--- /de..4940760b
+pragma..8e265797
+..c92dcce8
+/*..835c5d5b
+    Ut..e37d453a
+*/..ad65fbcb
+contra..a97b99fb
+    /*..05359f91
+      ..9378cf5c
+    */..11746747
+    fu..67a77412
+    }..a8e01264
+..c92dcce8
+    //..6d95c1d1
+    mo..5f4e3faf
+      ..65f3d2ff
+      ..a1382e42
+    }..a8e01264
+..c92dcce8
+    //..112a164f
+    mo..497596d9
+      ..447fbf8d
+      ..a1382e42
+    }..a8e01264
+..c92dcce8
+    //..9e95a4a2
+..c92dcce8
+    /*..05359f91
+      ..7e33d97a
+..c92dcce8
+      ..ea707884
+      ..d3c74f90
+..c92dcce8
+      ..eaed09b8
+    */..11746747
+    fu..18e18415
+      ..295c3422
+      ..144429f7
+      ..ea7659d1
+    }..a8e01264
+..c92dcce8
+    /*..05359f91
+      ..53a1778f
+..c92dcce8
+      ..122b220e
+      ..5874a4c7
+..c92dcce8
+      ..55835278
+    */..11746747
+    fu..f4cfb011
+      ..c1fddbe2
+      ..e00918f6
+    }..a8e01264
+..c92dcce8
+    /*..05359f91
+      ..49c84dff
+..c92dcce8
+      ..bf54ada8
+      ..046fe393
+..c92dcce8
+      ..8950fb60
+    */..11746747
+    fu..813b1eb1
+      ..e4f77087
+      ..6524ae43
+      ..ea7659d1
+    }..a8e01264
+}..7342d784
--- /de..4940760b
+pragma..5ca66c6a
+import..fc40f451
+..c92dcce8
+/*..835c5d5b
+    Te..89a5b94d
+*/..ad65fbcb
+contra..7b01a20d
+    fu..ca062d72
+      ..72b44e5c
+    {..6fc8a171
+      ..48a499b0
+      ..710e0807
+    }..a8e01264
+}..7342d784
--- /de..4940760b
+pragma..5ca66c6a
+import..21c02076
+..c92dcce8
+/*..835c5d5b
+    Ut..ef17887c
+*/..ad65fbcb
+contra..a2469812
+    fu..c412fb46
+    }..a8e01264
+..c92dcce8
+    fu..3f86f5c0
+      ..47af05be
+    }..a8e01264
+..c92dcce8
+    fu..c132b7d9
+      ..3aabaede
+    }..a8e01264
+..c92dcce8
+    fu..0125e65b
+      ..61da6a6f
+    }..a8e01264
+}..7342d784