-      ..afc3f672
-      ..4778b374
-      ..08940f5a
-      ..45edeac3
-      ..9cb30449
+      ..982d0cb0
-      ..5da3eabe
-      ..4a042be3
-      ..fcd1f777
-      ..585fda06
+      ..53719c91
-      ..e1d73c93
-      ..96884f09
-      ..2a08686a
-      ..69412172
-      ..f75c8ef0
+      ..90b1af36
+      ..7e8305be
+      ..b005dea1
+      ..1c7a6afb
+      ..31019668
+      ..51d04b1a
+      ..22e7a9bd
+      ..ae96e3d6
+      ..5316c517
+      ..de0eed51
+      ..cf47cc23
-      ..b3787175
+      ..4654647c
-      ..6d9a63ae
-      ..d6447663
+      ..f869deeb
+      ..348ec4b1
+      ..52a8427d
+      ..24db495c
+      ..178a497f
+      ..85706035
+      ..c412585d
+      ..353b3832
-    <o..8a09804a
+    <o..1d2980a1
-    <f..f00642a2
+    <f..a380459b
-      ..73eb2d1f
+      ..60533d8f
-    <e..197d1b33
-      ..caea5b66
-      ..9983cc57
-      ..995487dd
-      ..91aab739
-      ..b82f5063
-    </..abcc7503
-      ..eeade374
-      ..92779653
-      ..ae6f4147
-      ..e0023965
-      ..16163b6c
+      ..aaa36bda
+      ..a407376e
+    <e..44fbbc1e
+      ..22c6a8eb
+      ..7e058c08
+      ..5cbcbd9b
+      ..12709627
+      ..b4ea8fc7
+    </..26b22fe4
+    UI..f9805a53
+    if..1092b64d
+      ..56976050
-      ..afc3f672
-      ..4778b374
-      ..08940f5a
-      ..6a570f24
-      ..45edeac3
-      ..f8b2b909
-      ..d0440048
-      ..8872f85d
+      ..e67cb76d
-      ..1eca02d8
+      ..c9afe501
-      ..afd9adcb
+      ..0a4b5fc3
-      ..bbb80d9f
+      ..c15e9131
-      ..1dbdbe7a
+      ..58347465
-      ..6bdf6238
+      ..9bc7e48e
-      ..c360d55e
+      ..640349e3
-      ..a0c7f77c
+      ..37ab21b4
-      ..d6447663
+      ..85706035
+      ..d04b7865
-    <o..b0b6da97
+    <o..4c1be578
-    <f..6aeda711
+    <f..d4870901
-      ..63fe1ba6
+      ..fd518b23
-    <e..f9a0dd8a
+    <e..48eaa065
-      ..e3b2ac4d
-      ..6d6d8d8e
+      ..6dc70533
+      ..152b0b13
+      ..823c39d8
+      ..6a80ebc6
+      ..c8da1346
-    <e..d0924106
+    <e..136ae239
-      ..19857d48
-      ..2f52024b
+      ..6ed8b43e
+      ..a1c9e9ea
+      ..12709627
+      ..b4ea8fc7
+    </..26b22fe4
+    <e..c49c1d28
+      ..22c6a8eb
+      ..c99218c5
+      ..9be4abe4
-      ..f1381e56
+      ..996f4227
-      ..3314750f
+      ..bc6a7928
-    <e..103d54c9
-      ..caea5b66
-      ..1a061910
-      ..ea5e3c0d
-      ..91aab739
-      ..b82f5063
-    </..abcc7503
-    <e..66f4b0cb
+    <e..0697e788
-      ..6c02b7ec
-      ..aacf13dc
+      ..78a44a76
+      ..3f1220fc
-    <e..0f764aac
+    <e..a84261a6
-      ..523f555e
-      ..ad7fb7c5
-      ..ae6f4147
-      ..b0ad9c44
-      ..16163b6c
+      ..4c16e52f
+      ..c5de412c