+      ..0eeec054
+      ..e3ce1d6e
+      ..5b409200
+      ..8070a5a2
+      ..6c43f79b
+..e2b93bea
+  <Fra..70ed33ee
-﻿#if..aeb21569
+﻿usi..de91b84f
+#if DA..df94f1f0
-      ..ce60715c
-..8d696e79
-      ..f5ae9780
+      ..e0e9e712
+      ..cb1d8497
+..e2b93bea
-      ..b249e737
+      ..69437096
+..e2b93bea
+      ..e086950c
+..e2b93bea
+      ..413e1b72
+      ..6ddb9be1
+      ..7e7d0640
+      ..af0f5c65
+      ..8ec88d31
+      ..7c8e009d
+..e2b93bea
-      ..a93faa19
-      ..bc23f8b8
+      ..571fa182