-﻿usi..c8696957
+﻿#if..dda11053
+using ..7d538828
-}..9a728b53
+}..f1c5c2d1
+#endif..756003d9
-﻿usi..1872aff1
+﻿#if..dda11053
+using ..ed4f50da
-}..9a728b53
+}..f1c5c2d1
+#endif..756003d9
-﻿usi..c8696957
+﻿#if..dda11053
+using ..7d538828
-}..9a728b53
+}..f1c5c2d1
+#endif..756003d9
-﻿usi..c442a270
+﻿#if..dda11053
+using ..146e5eae
-}..9a728b53
+}..f1c5c2d1
+#endif..756003d9
-﻿usi..c8696957
+﻿#if..dda11053
+using ..7d538828
-}..9a728b53
+}..f1c5c2d1
+#endif..756003d9
-    <D..5cfe7022
+    <D..254b5260
+#if DA..f8f15d2d
+#endif..756003d9
-    <D..9f1526e8
+    <D..c83eea71
+#if DA..f8f15d2d
+#endif..756003d9
+using ..69d99981
+#if DA..f8f15d2d
+#endif..756003d9
-      ..7fd09e8a
+#if DA..f8f15d2d
+      ..3a05a457
+#endif..756003d9
+#if DA..f8f15d2d
+#endif..756003d9
+#if DA..f8f15d2d
+#endif..756003d9
-      ..2a21c8b5
+      ..204aef11
+#if DA..f8f15d2d
+      ..947c9482
+#endif..756003d9
+      ..6196efb3
-#endif..b347e025
+#endif..756003d9
+#if DA..f8f15d2d
+#endif..756003d9
-﻿usi..3ba5469e
+﻿#if..dda11053
+using ..e544b842
-}..9a728b53
+}..f1c5c2d1
+#endif..756003d9
-﻿usi..3ba5469e
+﻿#if..dda11053
+using ..e544b842
-}..9a728b53
+}..f1c5c2d1
+#endif..756003d9
-﻿usi..1872aff1
+﻿#if..dda11053
+using ..ed4f50da
-}..9a728b53
+}..f1c5c2d1
+#endif..756003d9
-﻿usi..c8696957
+﻿#if..dda11053
+using ..7d538828
-}..9a728b53
+}..f1c5c2d1
+#endif..756003d9
-﻿usi..c894bb9c
+﻿#if..dda11053
+using ..729ecd80
-}..9a728b53
+}..f1c5c2d1
+#endif..756003d9
-﻿usi..c8696957
+﻿#if..dda11053
+using ..7d538828
-}..9a728b53
+}..f1c5c2d1
+#endif..756003d9
-﻿usi..3ba5469e
+﻿#if..dda11053
+using ..e544b842
-}..9a728b53
+}..f1c5c2d1
+#endif..756003d9
-﻿usi..dbc98b2e
+﻿#if..dda11053
+using ..5e73e108
-}..9a728b53
+}..f1c5c2d1
+#endif..756003d9
+#if DA..f8f15d2d
+#endif..756003d9
-﻿usi..3ba5469e
+﻿#if..dda11053
+using ..e544b842
-}..9a728b53
+}..f1c5c2d1
+#endif..756003d9
-using ..63b9491a
+#if DA..f8f15d2d
+using ..5d9c4513
+#endif..756003d9
+#if DA..f8f15d2d
+#endif..756003d9