-			$me..d450dc72
+			$me..c994fac1
-			'li..83643c55
+			'li..7f2ae5b2
-			'it..eeae3c52
+			'it..8b1f2806
+			$it..2b7dfdc5
-		$ite..27a1dd26
-			'ad..24cf60f5
-			'to..87416d99
+		// W..42413632
+		$ite..8c3aa9a0
+			'to..026d3bb5
+			'to..822f4908
+		if (..67ef018d
+			$it..6f173a11
+				'a..bcc14047
+			]);..1b3bc198
+		}..6d492f8e
+..026b49c9
+			$it..a94a42d8
+..026b49c9
-			if ..cbb874e0
-			if ..60638089
-			$me..d989aae6
-			if ..4e97c811
-				if..d11ccc76
-					$..05cfed2e
+			// ..f96be3f9
+			if ..709cbebb
+..026b49c9
+			// ..5a27700f
+			if ..999453ba
+				if..5251a736
+					$..07597304
-					$..aa7d6426
+					$..9cc1e8ae
+			} e..b52a65be
+				$m..4c0e0de3
-..b265f9d1
-			if ..2a890415
-				$m..6ad80722
-			}..7eff44f9
-..b265f9d1
+			if ..7099faab
-			$me..f5d7df8d
-..b265f9d1
-			if ..52150b49
-				$m..957cdc8d
-			}..7eff44f9
-..b265f9d1
+			$me..c994fac1
+			if ..2b024967
-		}..fb9e3b02
-		// C..dfab151a
-		if (..cc4f5df0
-			if ..0070bab9
-			if ..99f2724b
+			// ..976e3252
+			if ..18fe30ef
+				if..b3e278e6
+				if..8666ac61
+			}..a11cd725
+..026b49c9
+			ret..bcfb0daa
-		retu..4290f3aa
+		retu..11395582
-		$par..5e4e8e69
+		// W..42413632
+		$ite..8c3aa9a0
-			'to..87416d99
+			'to..822f4908
+		]);..f9fe96ad
+..026b49c9
+		$par..ec90ec89
+			'it..187cef9e
-	publi..e22a31ac
-		$par..5e4e8e69
-			'co..d505618f
-			'it..0d0a75f7
-			'li..b9f42046
-		];..0dd8b666
-..b265f9d1
-		if (..87ff2467
-			$pa..182f5a34
-		}..fb9e3b02
-..b265f9d1
-		$res..6ee319eb
-..b265f9d1
-		Util..43a08f98
-			'bl..885f0663
-			'in..4ff2977d
-		]);..c1a8a2a3
-..b265f9d1
-		fore..70b24316
-			for..83659fb5
-				if..fe987b65
-					$..a3e9609c
-				} ..9bcec0a3
-					$..6df134a7
-				} ..c02b94ac
-					$..8cdd93df
-				}..2675b61d
-			}..7eff44f9
-..b265f9d1
-			// ..bb29e5f8
-			if ..bc08bd82
-				if..99227800
-				if..4872ba35
-			}..7eff44f9
-		}..fb9e3b02
-..b265f9d1
-		retu..a2688fec
-	}..f33fa5bc
-..b265f9d1
-	publi..2ec525c8
-		retu..326c2eed
-			'fr..ee1df533
-			'to..c9d70cef
-			'va..f1535e73
-			'it..0d0a75f7
-			'co..d505618f
-		]);..c1a8a2a3
-	}..f33fa5bc
-..b265f9d1
-			'co..d505618f
+			'pl..f2fd1240
+	publi..69686bb6
+		$par..ec90ec89
+			'pl..f2fd1240
+			'it..187cef9e
+			'li..7f2ae5b2
+		];..f84d2cbb
+..026b49c9
+		if (..fb0453d8
+			$pa..6694a8ad
+		}..6d492f8e
+..026b49c9
+		$res..f55e7602
+..026b49c9
+		Util..6bf04447
+			'bl..fc82af55
+			'in..d7d8111c
+		]);..f9fe96ad
+..026b49c9
+		fore..ec09f896
+			for..2174a43e
+				if..e379f480
+					$..7c1d7eeb
+				} ..aff8f4b9
+					$..361429ba
+				} ..6a0d085e
+					$..698b78f4
+				}..2941daed
+			}..a11cd725
+..026b49c9
+			// ..976e3252
+			if ..18fe30ef
+				if..1189d342
+				if..08551a15
+			}..a11cd725
+		}..6d492f8e
+..026b49c9
+		retu..6bc00f30
+	}..79fbb64c
+..026b49c9
+	publi..a25d0386
+		retu..abb76b9f
+			'fr..462ead87
+			'to..6d83698b
+			'va..efe835b2
+			'it..187cef9e
+			'pl..f2fd1240
+		]);..f9fe96ad
+	}..79fbb64c
+..026b49c9