+using ..9b491cec
-      ..5ba89db5
+      ..5871c0a5
-      ..af41f8ab
+      ..6964abe1
-      ..f7f4e2dd
+      ..ec9e04f9
-      ..56c312f1
+      ..c38a3eac
-      ..5f6779f6
+      ..32b4ae69
-      ..b4521323
+      ..e8575348
-      ..d0294627
-      ..63ccc6eb
-      ..a7050789
-      ..7f616a58
-      ..b7308d7c
-      ..e837b51d
-      ..10fe6fd3
-      ..1847f0d2
-..8772a57c
-      ..249aa81c
+      ..b068811f
-using ..52022924
-      ..10b99bbc
-      ..76d31e18
-      ..fdb16124
-      ..77f4d76c
-      ..7253b083
-      ..8d56d96f
-      ..d75914e1
-      ..8005b1d8
-      ..a8f8241c
-      ..f804874d
+      ..b12281cf
+      ..afa38d99
+      ..22c8c08d
+      ..0472139a
+      ..2aa468ae
+      ..b406ed48
+      ..efa869c7
+      ..11c73d40
+      ..7141cbf6
+      ..2ae87c4c
-      ..2569509c
-      ..0ef3d726
+      ..53901009
+      ..46a6fcfa
-      ..a024bc7f
-      ..c9c3a726
-      ..234be546
-      ..6a7eeb39
-      ..19afc035
-      ..8010222d
-..8772a57c
-      ..391524af
-      ..0e1424f5
+      ..060aa216
-      ..2ba1b73f
-      ..d989d98f
+      ..25825bad
+      ..0e8be9c6
+      ..374cd50a
-..8772a57c
-      ..f13670f5
+      ..91cdd1da
-      ..3ca81b06
-      ..b9c187a7
+      ..3bd4cb8c
-      ..b4456efd
+      ..b5dbede4
+      ..2550aa92
+      ..d7131bac
+      ..d860cacb
+      ..ff359946
+      ..fd35a686
+      ..366cefca
+      ..6b3987eb
+      ..0a7a8a2f
+..554b559d
+      ..f35d55db
+      ..f72b9cc1
-      ..4b4ea17b
-      ..99c6a611
-      ..f3daf19d
-      ..7caa1403
-      ..dd41b2c2
-      ..8357d97c
+      ..186a924a
+      ..72f217c1
+      ..818ef15b
+..554b559d
+      ..56b2943a
+      ..26d00414
-      ..b4456efd
+      ..2b338f1a
+      ..efa869c7
+      ..11c73d40
+      ..7141cbf6
+      ..2ae87c4c
+      ..7ea6994d
+..554b559d
+      ..d638a46d
+      ..8a364dad
+      ..e32e7eee
+      ..b3a31ee6
-      ..9425ac2c
-      ..7caa1403
-      ..dd41b2c2
-..8772a57c
-      ..6dcb2eb7
-      ..19041d2c
+      ..5bee9e98
+      ..274f0c03
-      ..6db1d31f
+      ..e4d241b0
-      ..83169119
+      ..604aa2b8
-      ..4ab05759
+      ..550ea56c
+      ..f14f1c77
-      ..7f62ded5
-      ..f4fa2bf3
-      ..47d81cad
-      ..b7e2dabf
-      ..dd41b2c2
-      ..8357d97c
-      ..c326cc56
-..8772a57c
-      ..fee33c7f
-      ..f4fa2bf3
-      ..24adc777
-      ..917964ea
-      ..7886eaa3
-      ..dd41b2c2
+      ..16dbc50c
+      ..06c09352
-      ..a8d658ef
+      ..cbb0998e
-      ..015d8b8f
+      ..42184586
+      ..8a364dad
+      ..a615730e
+      ..8185ba18
+      ..5321f8b0
+      ..c8d9bc2b
+      ..cd4f6c16
-      ..4a552208
-..8772a57c
-      ..9ca81030
-      ..af638fd6
+      ..360f080f
-      ..e064eb10
-      ..f4fa2bf3
-      ..88e92b39
-      ..bcaaf2f4
-      ..de2b2d1a
-      ..8010222d
-      ..ba06bd87
-      ..234be546
-      ..47ce3487
-      ..f4fa2bf3
-      ..88e92b39
-      ..6c2953c5
-      ..de2b2d1a
-      ..8010222d
-..8772a57c
+      ..8d892705
+      ..2163ca90
+      ..e3392763
-      ..9ca81030
+      ..f6644c73
-      ..c0a65652
+      ..5c329bab
-      ..0fc4cd09
-      ..e54e9ff1
-      ..fa88373c
-      ..4dbf2e52
-      ..ee8b9b44
+      ..ab68688f
+      ..566d1d49
+      ..f1c806ea
-      ..89d44c60
+      ..5c329bab
-      ..4d3ae4a0
-      ..ee8b9b44
+      ..02ff753b
+      ..f1c806ea
+      ..522ccb99
+      ..8af3f28c
+      ..bb29485e
+..554b559d
-      ..e18e9770
+      ..1259d8a3
-      ..da492a0f
-      ..26134bc0
+      ..26007193
-      ..2b1fe183
-      ..ed3ac022
+      ..dbcc3c0c
-      ..5f41fb5d
-      ..23930676
-      ..257ceb05
+      ..62e1ccd4
+      ..8a364dad
+      ..f8a3cf95
+      ..67d7ee1f
+      ..6c4587be
+      ..249abbe0
+      ..62a9b4e5
+      ..b42811ab
-      ..de021aeb
-      ..1ef07bd4
+      ..8fa5049c
+      ..7ea6994d
+      ..14baa865
+      ..8a364dad
+      ..f576ab9b
+      ..b7925de6
-      ..f478892d
-      ..1a185dca
-      ..63ccc6eb
-      ..5e2b6944
-      ..98f32daf
-      ..5bdd3653
-      ..a8f3117a
-      ..959f308d
-      ..ba06bd87
-      ..0ba79dfb
-      ..befa3289
-      ..234be546
-      ..5acb92a8
-      ..3254811c
-      ..8010222d
-..8772a57c
-      ..4db906a9
-      ..1847f0d2
-..8772a57c
+      ..86a022da
+..554b559d
+      ..6509e447
+      ..d7dfa7b2
+      ..e4f1b1f0
+..554b559d
+      ..20e3209d
-      ..c65b2678
+      ..47b633da
+      ..0f91b180
-      ..1df0c4a2
-      ..fb026747
+      ..7030135e
-      ..a6fd1196
+      ..2b9fd8b1
-      ..09e6c1ac
+      ..0bd59da1