-      ..8fa25369
+      ..501f6939
-      ..178edffc
-      ..da863d32
-      ..0a466079
+//    ..2b9181bc
+//    ..c82acf2c
+//    ..3dcbd0dc
-      ..e2c260bf
+      ..bc8ce6d3
+    pu..b2b64c02
+    {..c24c98dd
+      ..d3e7d00c
+      ..94af314d
+    }..5e0cde09
+..33a0cfdf
+  <But..cb5af5a5
+      ..4a2f134b
+      ..c0c43e85
+      ..ff8e427b
+      ..574e4910
+      ..84704239
+      ..ba68160a
+      ..bb6024c0
+      ..ac580162
+      ..ea824a66
+      ..802054cc
+..33a0cfdf
+      ..a12b1800
+      ..ee5f4000
+using ..86331336
+      ..328d0b5a
-      ..867e4019
+      ..750f5623
+      ..60d852c9
-      ..27bcb5c0
+      ..dc072e43
-      ..2c5e205e
+      ..91b9808b
+      ..376f3709
+      ..1bd17ed3
+      ..c594e4f9
+      ..fcd1256d
+..33a0cfdf
+      ..aaf23ccb
+      ..3d45d000
+      ..016baa4e
+      ..f0472856
+      ..b19fda1f
+..33a0cfdf
-      ..84dd5843
+      ..a7493302
-      ..213f609a
+      ..4cdfd3d5
+{"Canc..360efb07
+{"Canc..45f389e2
-      ..3787d908
+      ..5bb944df
+      ..b930ac06
+..33a0cfdf
-      ..8eba404b
+      ..f2c9ebae
+      ..29e25d0c
+      ..10144118
+..33a0cfdf
-      ..56668fa5
+      ..7e1e364f
+using ..0af9fd48
+using ..518be096
+using ..dff28416
+using ..86331336
+using ..c7254ed0
+using ..91e38d09
+      ..90532178
-      ..f3283cf4
+      ..4da7346f
+      ..872a6d02
+      ..ad796799
+..33a0cfdf
+      ..847146b7
-      ..c851f060
+      ..aea3b97d
+      ..1bd17ed3
+      ..02a0aa45
+      ..b19fda1f
+..33a0cfdf
+      ..ec9a2e1c
+      ..3a7cead8
-      ..0f2bce37
+      ..670c5e7f
+      ..b19fda1f
+..33a0cfdf
+      ..b2a3fe18
+      ..1bd17ed3
+      ..57bb98ac
+      ..4936d29e
+      ..b41e1c8a
+      ..b19fda1f
+..33a0cfdf
+      ..7bc1e014
+      ..1bd17ed3
+      ..90f9eb29
+      ..98a3f214
+      ..761cfd2a
+      ..b19fda1f
+..33a0cfdf
+      ..b40ab19d
+      ..1bd17ed3
+      ..52b91e69
+      ..3d45d000
+      ..548bbb28
+      ..3f3b72db
+      ..2720d30c
+      ..e8fb78a4
+      ..2a797448
-      ..9d78f9f4
+      ..c4da4e1c
+    },..ca193cab
+    "C..d45eae8d
+      ..27ed2298
+    },..ca193cab
+    "C..dd628087
+      ..25982cc0