-..abdb1a5d
+using ..5ab30e96
-      ..356530f2
+      ..1391abd7
+      ..1ebeb47f
+      ..9423c0ac
-      ..5258b569
-      ..dbf120c3
-      ..e2bec9db
-      ..dd1f8047
-..abdb1a5d
-      ..c5579d0a
-      ..0c3eeb3a
-      ..ac8824f3
-      ..d12ae6a5
-      ..dde370fc
-      ..6f948b3f
-      ..e997ece3
-      ..924ab8e4
-      ..dbf120c3
-      ..1f32d298
-..abdb1a5d
-      ..cf86d7c3
+      ..91ceb55e
+      ..fd8702ff
+      ..07aba455
+      ..11413fc9
+      ..d51e3532
+      ..0d9965f3
+      ..bdb1e064
+..01f4accf
+      ..648437d1
+      ..fd8702ff
+      ..1315ef41
+      ..d51e3532
+      ..0d9965f3
+      ..fc5d0a29
+      ..bdb1e064
+..01f4accf
+      ..3025ea22
+      ..fd8702ff
+      ..fe4e986e
+      ..d51e3532
+      ..87d27397
+      ..c8b4d958
+      ..37c54826
+..01f4accf
+      ..65785c5b
+      ..02bd499f
+      ..49212f07
-      ..ac8824f3
-      ..1fc1bc59
-      ..0dd4da77
-      ..e997ece3
-      ..6480844e
-      ..1a7361dc
-      ..dbf120c3
-      ..1f32d298
+      ..489b63b9
+      ..fd8702ff
+      ..d28a9693
+      ..d51e3532
+      ..cc0118c7
+      ..332b5aa7
+..01f4accf
+      ..92c5f767
+      ..fd8702ff
+      ..07aba455
+      ..c006b155
+      ..a968408a
+      ..1bceb8a0
+      ..ce7a6cbe
+      ..81eb877f
+      ..d51e3532
+      ..bdb1e064
+..01f4accf
+      ..4556fb52
+      ..fd8702ff
+      ..07aba455
+      ..4a9b298a
+      ..2235a971
+      ..ce7a6cbe
+      ..c35d2e1e
+      ..a108bdcc
+      ..d51e3532
+      ..bdb1e064
+..01f4accf
+      ..65785c5b
+      ..02bd499f
-      ..420988c3