-		$erc..3f5ff945
+		$erc..f37dda51
-		$erc..c5ed6199
+		$erc..cc1161f5
-	publi..d5edfc91
+	publi..a25e6867
-			'co..ab2a4422
+			'pl..a7479e15
-	publi..43e9816e
+	publi..fa0d737a
-			'co..ab2a4422
+			'pl..a7479e15
-	publi..6a521e50
+	publi..1f2e9ea3
-			'co..ab2a4422
+			'pl..a7479e15
-		retu..6362c18b
+		retu..95aa12b6
-	publi..4a361404
+	publi..9503fb27
-			'co..ab2a4422
+			'pl..a7479e15
-			if ..b9a76300
+			if ..2b3055c0
-			} e..e1d16c67
+			} e..ea2f1570
-			} e..d061db08
+			} e..4b4bbd85
-			} e..b91cb30c
+			} e..26ed504d
-			} e..4e53a668
+			} e..58980129