+    <C..91b30130
-    <s..5b4e5c8a
+    <s..b06d472d
-    <s..83a68730
+    <s..dcaf8069
+using ..a2db9194
+using ..d89a9202
+      ..1ac01111
--- /de..4b2b9899
+﻿usi..96cfc0e4
+using ..b902d8b4
+using ..e4fda42d
+using ..d4db1c49
+using ..58337bed
+using ..ba4a94e2
+using ..d89a9202
+using ..d229a074
+using ..8da697d7
+using ..805165b3
+using ..ca434d67
+using ..2b2fa718
+using ..3de76332
+using ..8162fde2
+using ..e3ee3355
+using ..e1cb1b1a
+..72eb2c8c
+namesp..7645d6c2
+{..2ff8e37b
+    pu..f451774c
+    {..fff27e0a
+      ..0fd1625b
+..72eb2c8c
+      ..b604fc86
+      ..8eab6cde
+      ..5f10e98d
+      ..b834251e
+      ..bd0cf6b4
+..72eb2c8c
+      ..cee68b64
+..72eb2c8c
+      ..8180796a
+..72eb2c8c
+      ..51a47af9
+..72eb2c8c
+      ..e571e079
+..72eb2c8c
+      ..d7903a54
+      ..0d6332d5
+      ..c212e158
+      ..a814d580
+      ..0c8bc0c4
+      ..bba1c539
+      ..0d22b91e
+      ..65d71952
+..72eb2c8c
+      ..95905fa8
+..72eb2c8c
+      ..cee68b64
+..72eb2c8c
+      ..1d0ecfda
+..72eb2c8c
+      ..9478f0c1
+      ..0d6332d5
+      ..fe823f52
+..72eb2c8c
+      ..f8b69656
+      ..a814d580
+      ..75cebeaa
+      ..8a491452
+      ..3ef0b3e6
+      ..0f7299b8
+..72eb2c8c
+      ..39c88df0
+      ..e533452a
+..72eb2c8c
+      ..ee537006
+      ..a814d580
+      ..985d75f7
+      ..accbb806
+      ..8a491452
+      ..3ef0b3e6
+      ..5bdf822d
+      ..e683d158
+..72eb2c8c
+      ..7ecf6254
+      ..a814d580
+      ..46f6827c
+      ..cf040858
+      ..8a491452
+      ..3ef0b3e6
+      ..941eed76
+      ..87e77f6d
+..72eb2c8c
+      ..e79fd31b
+      ..a814d580
+      ..985d75f7
+      ..c95b70f4
+      ..b2af235b
+      ..77cd7a03
+      ..3ef0b3e6
+      ..e95e962b
+      ..eb1d7cd0
+      ..03000647
+      ..1a3a9025
+..72eb2c8c
+      ..3e8df5a4
+      ..a814d580
+      ..46f6827c
+      ..cf040858
+      ..b2af235b
+      ..8a491452
+      ..3ef0b3e6
+      ..576fee3e
+      ..0ee58cbe
+      ..e32e427a
+      ..1a3a9025
+..72eb2c8c
+      ..6aeedbbd
+      ..e42f2c7f
+      ..ba975e03
+..72eb2c8c
+      ..fb340ae7
+      ..a814d580
+      ..9e046d7f
+      ..13107105
+      ..36a0e310
+      ..3481de91
+      ..b0e8c2b9
+      ..3ef0b3e6
+      ..ac856b42
+      ..6a8ca43a
+      ..f2f1cd0f
+..72eb2c8c
+      ..65c939ee
+      ..2e5a05f0
+      ..1ace04dd
+      ..ea020aa1
+      ..65d71952
+..72eb2c8c
+      ..69e0af87
+      ..0d6332d5
+      ..faebc01c
+      ..915bb486
+      ..0cfed1f3
+..72eb2c8c
+      ..bcd50f48
+      ..a814d580
+      ..8ad79860
+      ..14b387f7
+      ..7acd580d
+      ..d77c0cf0
+      ..e25e5f55
+      ..3ef0b3e6
+      ..a7d74c8c
+..72eb2c8c
+      ..d3471d94
+      ..0908eab1
+..72eb2c8c
+      ..83c3b97e
+      ..7e30d930
+      ..f80b78a7
+      ..71eb79a3
+      ..7f00d350
+      ..1f13cce2
+..72eb2c8c
+      ..c4512b6e
+      ..25478af5
+      ..0c214e58
+      ..3f2d1f75
+      ..6b36da2a
+..72eb2c8c
+..72eb2c8c
+      ..6667a760
+      ..aefdc182
+..72eb2c8c
+      ..1cc9bddb
+      ..25478af5
+      ..3f2d1f75
+      ..5e5a4114
+      ..eb1d7cd0
+      ..ba4f980c
+      ..1a3a9025
+..72eb2c8c
+..72eb2c8c
+      ..6667a760
+      ..c0a48327
+..72eb2c8c
+      ..02ebdc90
+      ..25478af5
+..72eb2c8c
+      ..a0d8c181
+      ..c8b1413b
+      ..d42fa7ee
+..72eb2c8c
+      ..3f2d1f75
+      ..a2987d96
+      ..5e3f2495
+..72eb2c8c
+..72eb2c8c
+      ..6667a760
+      ..f141c2d2
+..72eb2c8c
+      ..23dd5f66
+      ..7e30d930
+      ..f80b78a7
+      ..71eb79a3
+      ..7f00d350
+      ..2a9ba42c
+..72eb2c8c
+      ..64580b40
+      ..25478af5
+      ..3f2d1f75
+      ..59a5a733
+..72eb2c8c
+..72eb2c8c
+      ..6667a760
+      ..8fd365ed
+..72eb2c8c
+      ..23dd5f66
+      ..7e30d930
+      ..f80b78a7
+      ..71eb79a3
+      ..7f00d350
+      ..f2367bf0
+..72eb2c8c
+      ..64580b40
+      ..25478af5
+      ..3f2d1f75
+      ..4e2b3d3c
+..72eb2c8c
+      ..6667a760
+      ..1cf83a99
+      ..b7a8c328
+      ..e6bb9764
+..72eb2c8c
+      ..2fc313c0
+      ..3bc6ac00
+..72eb2c8c
+      ..6a847428
+      ..65fb20c8
+      ..0e4a721c
+      ..d86234bc
+..72eb2c8c
+      ..aea5ffa3
+      ..65d71952
+..72eb2c8c
+      ..99d7544f
+      ..0d6332d5
+      ..62fc6b49
+..72eb2c8c
+      ..c4512b6e
+      ..25478af5
+..72eb2c8c
+      ..3f2d1f75
+      ..651a1dda
+      ..6667a760
+      ..65d71952
+..72eb2c8c
+      ..ffdf8880
+      ..0d6332d5
+      ..5667e722
+      ..a814d580
+      ..404786d5
+      ..4ec661b2
+      ..7223c974
+      ..ec0301cf
+      ..926ede16
+..72eb2c8c
+      ..9f4b5e5e
+      ..8145a9f9
+      ..cd1686d0
+      ..0d22b91e
+      ..1ace04dd
+      ..a814d580
+      ..aee065b8
+      ..4ec661b2
+      ..f31bf05e
+      ..564d90a6
+      ..926ede16
+..72eb2c8c
+      ..48af3199
+      ..0d22b91e
+..72eb2c8c
+      ..2a49cb1c
+      ..55f0c260
+      ..3bd4c408
+      ..eae7119c
+      ..65d71952
+..72eb2c8c
+      ..6364b584
+      ..0d6332d5
+      ..deaf78ec
+      ..a971a933
+      ..65d71952
+..72eb2c8c
+      ..b5bee33d
+      ..0d6332d5
+      ..12eb5dc6
+      ..19077a60
+      ..98699da9
+      ..a814d580
+      ..aa3c2731
+      ..03694a27
+      ..0376f5ce
+      ..0d22b91e
+..72eb2c8c
+      ..ae21f842
+      ..d031018b
+      ..65d71952
+..72eb2c8c
+      ..7686b0be
+      ..0d6332d5
+      ..d6fcf334
+      ..83cc41cc
+      ..65d71952
+..72eb2c8c
+      ..cee68b64
+    }..d47f3afc
+}..138a11eb