+import..7c7c71c7
-    pu..0d4cfa93
-      ..0afedd85
+    pu..90747b5a
+      ..a6fd44ed
-    pu..635d5029
-      ..d5a1bb59
+    pu..ff60c4a9
+      ..18ca2a7c
-    pu..30f90d39
-      ..c277cc8c
+    pu..69ab9501
+      ..f3cd7a50
-    pu..0480f284
-      ..9ab58cfa
+    pu..58ae3bd8
+      ..2cfdc301
-    pu..583cef4e
-      ..416f5989
+    pu..6ac3bcdc
+      ..41a99fa3
-    pu..12dd23cc
+    pu..022943ba
-      ..03bc2292
+      ..61fca206
-    pu..3f4c621a
-      ..284d0c0c
+    pu..0040e8c5
+      ..9f4674b5
-    pu..9f5524a7
-      ..052a9c8b
+    pu..300c43f9
+      ..c83c4b2a
-    pu..dd5b0e6d
-      ..62264edf
+    pu..5187741d
+      ..3eeea812
-    pu..b9a5e405
+    pu..3a5f97ad
-      ..bce0bc85
-      ..03bc2292
+      ..61fca206
-    pr..5c98fd45
+    pr..c8da3764
-      ..03bc2292
+      ..61fca206
-using ..ff411ebe
+using ..970e96a1
+using ..ecca8f0f
-      ..1bf53948
-      ..f501690e
-..9a09e22d
-      ..5ef82683
-      ..014d6c4b
-      ..46deddb4
+      ..0ec271b0
-      ..d0836c66
+      ..adc47a6f
-      ..05c7a552
+      ..2c0e727a
+      ..a7872bdd
-      ..40785750
+      ..5b0e61ae
-      ..3e6f635b
+      ..bd919846
-      ..2f5d84bd
+      ..641ad5f7
+      ..b8d8694b
+      ..e66b29c3
-      ..35965d0a
+      ..8fb31d86
+..712f1d85
+      ..d01dd652
+      ..979343e2
+      ..45eceb5a
+      ..823e5fbd
+      ..c8c7b754
+      ..b8d8694b
+      ..a32841a1
+      ..2f28e1d3
+      ..f3c20cdd
+      ..bde5f4b1
+      ..ab24540f
+      ..8fb31d86
+..712f1d85
+      ..9cd101ea
+      ..979343e2
-      ..046bc883
+      ..a1b27ccb
+      ..a3e2163f
+      ..7ba5061e
+      ..cb50a116
+      ..b076da68
-      ..57312fe0
+      ..823e5fbd
+      ..65119be7
+      ..b8d8694b
+      ..7db46961
+      ..abaa3e90
+      ..c5b51b3d
+      ..19db8d4d
+      ..979343e2
-      ..7a039500
+      ..6885ce87
-      ..2fd77fb4
+      ..b9357071
-      ..6758ce88
+      ..c0a3c44f
-      ..da0298fa
+      ..0fb5c115
-      ..40db2475
+      ..aaa1f30a
-      ..e73d3a84
+      ..f9555b34
-      ..6b30aa0d
+      ..dd4665eb
-      ..13b7d352
+      ..711dfd2e
-      ..271634cd
+      ..2e67e23d
-      ..85d3929a
+      ..212dc0c3
-      ..656b27bf
+      ..b3e4681f
+      ..370cccf5
+    },..da397880
+    "O..f177c260
+      ..02d4ad56