-namesp..c2917bc3
+namesp..f67425e1
-      ..7aab7bde
+      ..fcb4bc0b
+   var..80a8f4ec
+   thi..b038c0a2
+};..9415dce8
+..d3ff6995
+   Enj..41fa6224
+    if..9438bb55
+      ..89b10f9d
+..d3ff6995
+    re..5ed0f26f
+      ..ce87d902
+      ..f9c32342
+      ..9945b8f0
+      ..bb83f292
+      ..11e04035
+      ..4362188e
+      ..32d7bd19
+    })..c25c33df
+  };..4c29fcd3
+..d3ff6995
+EnjinE..5d335639
+return..941b5ef8
+};..9415dce8
+..d3ff6995
-      ..15b0c494
-      ..c4e5f395
+      ..0180dace
+      ..9768000f
-      ..77499f44
+      ..7099526b
-alert(..21c1cc19
-      ..77499f44
+      ..7099526b
-..7cf6198d
-      ..15b0c494
+      ..0180dace
-      ..f63c71c8
-..7cf6198d
+      ..82e005ce
+      ..9937bcc1
+var We..6211e7f2
+const ..5f106887
+const ..e1c4e917
+provid..0adbecd9
+const ..357ff48d
+provid..f5a7f3d0
+    if..25cfdf65
+      ..d07e2414
+    }..777b2572
+    re..8ac01c92
+  };..4c29fcd3
+..d3ff6995
+const ..46962a25
+provid..ebfdb1a6
+    if..25cfdf65
+      ..d07e2414
+    }..777b2572
+    re..98903a02
+  };..4c29fcd3
+..d3ff6995
-} catc..50ec99fc
-    do..6dc6ae78
-}..e7453af0
-var We..b0e08442
-var we..b123c910
-web3.s..a5b9733d
-window..88a5a4ab
+var we..b10bc9b9
+window..3e8f4c61
+window..1d584524
-      ..63b6efa3
-      ..afebfad0
+      ..2365a48e
-      ..ccfdd74d
+      ..dd076ad6
-      ..34f334d2
+      ..d3315ad3
-      ..b5c34a6c
+      ..668ffc34
-      ..e8370b47
+      ..582c28ce
-      ..770972c6
+      ..8d6c9569
-      ..4cc9e00f
+      ..4e1ac249
-      ..7f72690d
+      ..aa112ab3
-      ..47fb8044
+      ..b43f8fa8
-      ..994a5430
+      ..1b3fc11f
+      ..d0a1f30a
+..d3ff6995
+      ..83e95d38
+      ..8fc6c8d4
+      ..16526139
+      ..bec10882
-      ..de8186db
+      ..b1f076c3