--- /de..40ce64ff
+<?xml ..c47cae90
+<!-- G..01dd9e37
+<!DOCT..68594d29
+<svg v..4e36ccb8
+	 widt..a35ae08c
+<g>..347799e5
+	<g id..d8347ba9
+		<pol..b5e39952
+			76...0b5ff8d4
+	</g>..4574e7db
+</g>..eb7a6539
+<g>..347799e5
+</g>..eb7a6539
+<g>..347799e5
+</g>..eb7a6539
+<g>..347799e5
+</g>..eb7a6539
+<g>..347799e5
+</g>..eb7a6539
+<g>..347799e5
+</g>..eb7a6539
+<g>..347799e5
+</g>..eb7a6539
+<g>..347799e5
+</g>..eb7a6539
+<g>..347799e5
+</g>..eb7a6539
+<g>..347799e5
+</g>..eb7a6539
+<g>..347799e5
+</g>..eb7a6539
+<g>..347799e5
+</g>..eb7a6539
+<g>..347799e5
+</g>..eb7a6539
+<g>..347799e5
+</g>..eb7a6539
+<g>..347799e5
+</g>..eb7a6539
+<g>..347799e5
+</g>..eb7a6539
+</svg>..32463b0c
--- /de..40ce64ff
+<svg x..d9837219
+      ..28279db8
+    <C..caf3fad2
+  <Ite..fd101fa0
+    <A..0cbe7356
+  </It..0c6c4bbd
+  <Ite..fd101fa0
+    <A..4c7f59fc
+  </It..0c6c4bbd
+  <Ite..fd101fa0
+    <A..d53328fe
+  </It..0c6c4bbd
+  <Ite..fd101fa0
+    <A..be24ef3c
+      ..8c5d5345
+      ..ca68cb5d
+    </..d7dcf3d3
+  </It..0c6c4bbd
+  <Ite..fd101fa0
+    <A..c49873c0
+      ..8c5d5345
+      ..ca68cb5d
+    </..d7dcf3d3
+  </It..0c6c4bbd
+using ..9c9a1b86
+      ..c81c2439
+      ..89ca26a0
+      ..6e809db0
+//    ..afaba4f2
+      ..4f93c300
+..250e9f1a
+      ..81795bd0
+      ..9cd640ac
+      ..b1dfbb0c
+      ..0f6713bc
+      ..c5029dcc
+      ..c5b2b93c
+..250e9f1a
-      ..22e424d8
+      ..6af353ac
-      ..4834bf14
+      ..223a9158
-      ..d1c5048d
-      ..98eb46b7
-      ..d12fbd99
+      ..e4adfbe9
+      ..299b5ebc
+      ..8a321d94
+      ..a310aa1d
-      ..4af242d9
+      ..248ec7b5
+using ..9c9a1b86
+      ..d3e85d9a
+      ..89ca26a0
+      ..65a16848
+      ..4f93c300
+..250e9f1a
-			// ..afc19852
-			pub..8145dbee
+			// ..6c237a47
+			pub..98598f75
-			// ..943f7426
-			pub..b002a1ee
+			// ..430eeed7
+			pub..da75d61f
-			// ..f3e03794
-			pub..969fde0b
+			// ..6b41779d
+			pub..060c28ea
-			// ..6f869a7b
-			pub..336e4e49
+			// ..36502495
+			pub..e17123b2
-			// ..79fd67a0
-			pub..3e868555
+			// ..a15efde3
+			pub..fb1d080d
-			// ..f9cd76ae
-			pub..23645b69
+			// ..920bed9e
+			pub..6b67d2f2
-			// ..e8474045
-			pub..80ada0d2
+			// ..6397e04f
+			pub..b88cd046
-			// ..3e3737be
-			pub..31265384
+			// ..42ed51fe
+			pub..ce3b882e
-			// ..87469d63
-			pub..877a4c28
+			// ..4b226130
+			pub..a3762e59
-			// ..5d57753d
-			pub..34256de4
+			// ..6a49222f
+			pub..79aed5d4
-			// ..d6a430ac
-			pub..db58ab14
+			// ..80be563b
+			pub..ece78a73
-			// ..62364a8f
-			pub..440ce48f
+			// ..9b32074c
+			pub..76e09c83
-			// ..1b475274
-			pub..409a34ca
+			// ..52c4ef5c
+			pub..3bc38bb5
-			// ..968f36a9
-			pub..10c77696
+			// ..0655c6fa
+			pub..3b879a3a
-			// ..67f4aa06
-			pub..42b3524b
+			// ..09b9fdb1
+			pub..1b06395f
-			// ..24484025
-			pub..5400e3a1
+			// ..d2ae4752
+			pub..f82aad4a
-			// ..2b0f7e0d
-			pub..f1ff88b8
+			// ..c8820944
+			pub..9578bc9e
-			// ..ee805e6a
-			pub..dbdc6cb2
+			// ..3f2d5913
+			pub..d3116044
-			// ..27e9a3e5
-			pub..a54b0aa1
+			// ..a97c8ba9
+			pub..f09470ed
-			// ..8bc5e283
-			pub..cd0b700d
+			// ..afc99e1c
+			pub..31cc1226
-			// ..339cfd51
-			pub..fd16c580
+			// ..4d260a1f
+			pub..f9143f82
-			// ..1218d138
-			pub..1cb7b3e7
+			// ..1c7c46b1
+			pub..4168800b
-			// ..bc901036
-			pub..c1161e96
+			// ..f8f53984
+			pub..19f7b282
-			// ..54d772af
-			pub..1a1422b5
+			// ..c1e64e43
+			pub..9bb24b20
-			// ..f53d4b5d
-			pub..c6c46d23
+			// ..88e4b513
+			pub..f9dabbf9
-			// ..52ecb729
-			pub..508ca252
+			// ..983b49be
+			pub..2433aa91
-			// ..892ad212
-			pub..1ba0407c
+			// ..76f4f617
+			pub..a90dc576
-			// ..26ee19dd
-			pub..ae3c30ef
+			// ..6123f63a
+			pub..1b61a489
-			// ..12652905
-			pub..5e35a00f
+			// ..3edd84e5
+			pub..f0d5e151
-			// ..bc929efd
-			pub..9927c6df
+			// ..2188d180
+			pub..54293644
-			// ..81b44325
-			pub..ef6908a7
+			// ..30f45eea
+			pub..a1929c02
-			// ..302e460b
-			pub..e1aac0d7
-..555a571f
-			// ..cea448d9
-			pub..4f90fec1
+			// ..32fcdc82
+			pub..d5b55592
-			// ..42905dd9
-			pub..bec9c608
+			// ..da3889a2
+			pub..1e92520b
-			pub..f79e4683
+			pub..e1934ae8
-			// ..0ccf2f14
-			pub..dfeabf82
+			// ..96f63db1
+			pub..eed21fbb
-			// ..c631e751
-			pub..2346f820
+			// ..39b1e32a
+			pub..46dd5004
-			pub..c3a2ac1c
+			pub..ae4faa96
+..250e9f1a
+			// ..4d0b795c
+			pub..a3eef459
-			// ..613bb0c1
-			pub..64b5b279
+			// ..4ff38833
+			pub..976d01d5
-			// ..8a47802d
-			pub..b8cebcc2
+			// ..a22d9c23
+			pub..94036378
-			// ..5997f2a2
-			pub..58e98e9e
+			// ..7cd74fc6
+			pub..a0a80b0a
-			// ..eb79325c
-			pub..381fbb85
+			// ..99a87f9d
+			pub..3a2dff8f
-			// ..dd3fe463
-			pub..5115d171
+			// ..62003831
+			pub..154aeeec
-			// ..abecff98
-			pub..6ec25dc2
+			// ..55f05c84
+			pub..345e4440
-			// ..2ac319a0
-			pub..e32b4c48
+			// ..f49219ae
+			pub..1c80bae2
-			// ..d1c965c6
-			pub..afe26b66
+			// ..cec29267
+			pub..deae18c5
-			// ..c5bda534
-			pub..03610b48
+			// ..0e7b6a47
+			pub..d1f9a529
-			// ..be542e38
-			pub..e866aab8
+			// ..977b5c8d
+			pub..521a9f89
-			// ..19beda6b
-			pub..ef701bb7
+			// ..27704aa9
+			pub..ab16ec83
-			// ..6853195e
-			pub..c9f6791f
+			// ..4c86d642
+			pub..40c7baf1
-			// ..04a9b040
-			pub..255b259a
+			// ..38ed255b
+			pub..8be55654
-			// ..a06bddd7
-			pub..4c5f51f4
+			// ..1153fa17
+			pub..3e706b83
-			// ..98accb67
-			pub..91736554
+			// ..c7cb8290
+			pub..e8da8642
-			// ..bd4e5921
-			pub..0306d276
+			// ..7eae1299
+			pub..7cd44b61
+..250e9f1a
+			// ..055e7d12
+			pub..8ecf31de
-			pub..a55a567b
+			pub..60d9fa44
-			pub..bf2508a2
+			pub..a8a6060e
-			pub..89b48c40
-..555a571f
-			// ..6b01baea
-			pub..743faf79
+			pub..bae91d07
-			// ..0dc036ae
-			pub..3727bb85
+			// ..d365d4ec
+			pub..aa65c46f
-			// ..fa47664e
-			pub..bbac004e
+			// ..1b82015d
+			pub..4547f527
-			// ..3853e5a3
-			pub..706621de
+			// ..143761a6
+			pub..b0c346ba
-			// ..07b97afe
-			pub..1558a9b9
+			// ..3cd3090c
+			pub..93491651
-			// ..b473b5a2
-			pub..bdfef5ae
+			// ..52c00122
+			pub..2d6b6081
-			// ..e46e23a7
-			pub..31b59569
+			// ..f39a1a37
+			pub..af08226f
-			// ..0b7058f0
-			pub..96a58a01
+			// ..3adea40c
+			pub..ce7ca428
-			// ..a4702035
-			pub..d2b29663
+			// ..3348342c
+			pub..811d175b
-			// ..b28c1e54
-			pub..1268a07b
+			// ..83c952ab
+			pub..1424ea9f
-			// ..826aa25c
-			pub..753c199c
+			// ..2e5012fd
+			pub..d6c5693c
-			// ..5025c922
-			pub..62524bb9
+			// ..4dd0dcc7
+			pub..b3a5d174
-			// ..164f6466
-			pub..ca6beaf9
+			// ..bda2e333
+			pub..b0280172
-			// ..3d26f510
-			pub..95842e1f
+			// ..0c775bcb
+			pub..ac05694e
-			// ..9b1b2dd4
-			pub..8567ccba
+			// ..03a445dc
+			pub..ce55a528
-			// ..519eaa7b
-			pub..b77dd488
+			// ..c4cbdd64
+			pub..83a47fdb
-			// ..6d40dc31
-			pub..9a86a717
+			// ..70fab3e5
+			pub..d1e52177
-			// ..60e36489
-			pub..219760e8
+			// ..b5cc83dc
+			pub..f3d9183e
-			// ..d5be10a9
-			pub..262fc130
+			// ..2d199158
+			pub..4bd5c70c
-			// ..80307a7c
-			pub..521411a8
+			// ..25e0ea5e
+			pub..ace6ae8a
-			// ..44653987
-			pub..a1b9cea5
+			// ..48988277
+			pub..f4b00b98
-			// ..99168d63
-			pub..29036971
+			// ..410ba224
+			pub..ee44dbef
-			// ..2e25bb77
-			pub..d6132ed3
+			// ..9c4a0d61
+			pub..fac80976
-			// ..1f52b35c
-			pub..ad85d628
+			// ..b298d3ac
+			pub..bf2914a4
-			// ..4f29ce31
-			pub..372158e2
+			// ..7e274069
+			pub..faba86f1
-			// ..494c11d2
-			pub..c7d96c4a
+			// ..da5ab63c
+			pub..242c92a3
-			// ..1b1da709
-			pub..e1e01790
+			// ..37bc1e89
+			pub..61ba801e
-			// ..ab96ee31
-			pub..53664a8a
+			// ..58440c9f
+			pub..6cd1cc77
-			// ..c96e30c3
-			pub..1853d3f4
+			// ..d3e0634c
+			pub..c08deed1
-			// ..748e1e91
-			pub..81740148
+			// ..fb3ad58c
+			pub..19a127cc
-			// ..ab6cc9fc
-			pub..7e667bed
+			// ..7bc8842e
+			pub..9a874ac7
-			// ..55514c33
-			pub..929875de
+			// ..93854d0c
+			pub..154af302
-			// ..311ff4ca
-			pub..67447378
+			// ..3bdaeea3
+			pub..4721d463
-			// ..e7b84ecb
-			pub..1dfe1f2c
+			// ..b7e07589
+			pub..3c2c4b03
-			// ..ed5973a1
-			pub..705c3f6e
+			// ..420a4960
+			pub..6d43b6e9
-			// ..8f1eaf4b
-			pub..c5dfdadb
+			// ..9dbe9779
+			pub..63c22613
-			// ..5e1908cd
-			pub..5d16cfca
+			// ..c9a86bbc
+			pub..cee9c019
-			// ..cd61c04d
-			pub..37bd75e9
+			// ..78237224
+			pub..46a533cc
-			// ..f2410af5
-			pub..a82a623f
+			// ..641970e9
+			pub..d68752d8
-			// ..5c495d95
-			pub..3635aaa1
+			// ..c225b6ee
+			pub..af84cc9d
-			// ..371d9de5
-			pub..9daa7332
-..555a571f
-			// ..9b17c3f0
-			pub..027eb2c2
+			// ..7beecbe3
+			pub..2169db6a
-			pub..455d1cca
+			pub..c28c6fa4
+..250e9f1a
+			// ..4842e790
+			pub..1cf8d876
-			// ..f3b41d17
-			pub..eb1308e5
-..555a571f
-			pub..f7aac3c7
-..555a571f
-			// ..71318306
-			pub..9abb8d55
+			pub..9dee8abd
-			// ..6d2d3116
-			pub..9b4bfeac
+			// ..07ecb0a6
+			pub..023e59c1
-			pub..964a30ac
+			pub..a07bcfa8
-			// ..24b6b74a
-			pub..d15473e1
+			// ..0b14e8ed
+			pub..a6c25cb5
-			pub..bb3930bc
+			pub..3825a6ab
-			// ..a4845331
-			pub..99306679
+			// ..52f33461
+			pub..5afccae3
-			pub..76e03ec7
+			pub..13426bd6
+..250e9f1a
+			// ..2c4da0ab
+			pub..8b5e1807
-			pub..3774c08c
+			pub..21c4abf3
-			pub..d61e3313
+			pub..2712f41c
-			// ..915dd15c
-			pub..5d959b45
+			// ..5245bf56
+			pub..f9c4e7e9
-			pub..d0f0b36a
+			pub..1af674b6
-			// ..1ef046c4
-			pub..851152e5
+			// ..f37c4b65
+			pub..4d6b2dd3
-			// ..2d7f9ba4
-			pub..89d6bb77
+			// ..73432564
+			pub..36458106
-			// ..512c6391
-			pub..89b77304
+			// ..654a1cb0
+			pub..3c1622f9
+..250e9f1a
+			// ..6517743e
+			pub..dc45bd57
-			// ..faa8e91e
-			pub..2c22748d
+			// ..172904d7
+			pub..a891389a
-			// ..f83c89a1
-			pub..779a4117
+			// ..a372b9a9
+			pub..5159ea70
-			// ..56817725
-			pub..ed1512f9
+			// ..8c695df4
+			pub..1f4e7485
-			// ..472da43b
-			pub..1ed5dc7e
+			// ..cbcbe06e
+			pub..7500ca16
-			// ..a4cfca41
-			pub..a03ed26d
+			// ..d808ae56
+			pub..59d52d83
-			// ..a785835e
-			pub..868032c4
+			// ..1320cf6e
+			pub..666ed8ae
-			// ..1502c0b5
-			pub..dfb8c53c
+			// ..bdc23fac
+			pub..c18125ab
-			// ..16b5a7bc
-			pub..79a7b6cb
+			// ..b3929ebf
+			pub..4e1c9459
-			// ..9148a66f
-			pub..41bf7256
+			// ..40e4cef4
+			pub..69fd69c5
-			// ..ff15791b
-			pub..7561dd8a
+			// ..a74a7bbb
+			pub..5d5c2bed
-			// ..d43ed474
-			pub..666c625e
+			// ..a556a7ae
+			pub..2ef39342
-			// ..d2d5d9d8
-			pub..07935c06
+			// ..b4733ea6
+			pub..dea8171c
-			// ..21a0eaec
-			pub..571298a3
+			// ..366e802e
+			pub..4d007edc
-			// ..b234868b
-			pub..7a40dbf9
+			// ..00877e7a
+			pub..53210853
-			// ..f3d02718
-			pub..00629b13
+			// ..b29695e0
+			pub..24f71afa
-			// ..21a6a99c
-			pub..364918d4
+			// ..1ba56723
+			pub..0f92fd60
-			// ..2f85d1ed
-			pub..ff4bf8e5
+			// ..5a59c23e
+			pub..34d3d2e6
-			// ..4276105b
-			pub..186533b3
+			// ..289a231e
+			pub..e5e6e387
-			// ..2e068f78
-			pub..98269645
+			// ..529ee6cc
+			pub..3f21575e
-			// ..3ae1f95d
-			pub..51082a94
+			// ..fd26a74e
+			pub..2f3f7fb3
-			// ..d8b7252d
-			pub..41dab9c6
+			// ..a6760e60
+			pub..f8ad723a
-			// ..ff7b3f26
-			pub..06bd3cf0
+			// ..2b647fb3
+			pub..0b0af9dc
-			// ..95272266
-			pub..71fd00ab
+			// ..829369f2
+			pub..d8e7d083
-			// ..dd51c619
-			pub..c9b90c72
+			// ..e1d5f41f
+			pub..ee310fba
-			// ..8e7040a0
-			pub..d8f33533
+			// ..ad1eef72
+			pub..50e320c0
-			// ..2834577f
-			pub..92863926
+			// ..53a20acb
+			pub..bd5d0335
-			// ..4c2a2ef9
-			pub..01505f89
+			// ..55fae883
+			pub..3885c60e
-			// ..e4e820cf
-			pub..1bd01071
+			// ..415ea20f
+			pub..c92b4517
-			pub..cd5676e2
+			pub..c5faf1bb
-			pub..579d6647
+			pub..60cecbc1
-			pub..f40f357b
+			pub..8960ff7c
-			pub..540c2c11
+			pub..f413b25b
-			pub..f7bf5742
+			pub..ca77dcf4
-			pub..263a105b
+			pub..418f289d
-			pub..dfd32dcd
+			pub..5d7220c2
-			pub..0929a76d
+			pub..33b63aaa
-			pub..26c3f789
+			pub..1584a364
-			pub..55d248cf
+			pub..b75875c9
-			pub..10d70fa0
+			pub..91762dcc
-			pub..2dd2ad0f
+			pub..64a8ec6b
-			pub..5040bed3
+			pub..ae0586e5
-			pub..a8b03a39
+			pub..f6e7fb15
-			pub..2bf7b6f0
+			pub..55b90c1c
-			pub..b7929e13
+			pub..1c2a9342
-			pub..8f9c3be8
+			pub..1dc1e2c4
-			pub..72b7cb76
+			pub..4a2882d5
-			pub..2b4d69d2
+			pub..7b796745
-			pub..b50ad2cf
+			pub..5ae3e3eb
-			pub..54cec5f0
+			pub..0fe67a16
-			pub..adb6743f
+			pub..b694ad2e
-			pub..359a7764
+			pub..9d281a12
-			pub..c3c78288
+			pub..9865890e
-			pub..4abacf2c
+			pub..e0e80c93
-			pub..1b309849
+			pub..deea3886
-			pub..76e992fd
+			pub..dca4ce14
-			pub..1569b1bf
+			pub..baf3f1af
-			pub..aa00dd77
+			pub..e0006f5d
-			pub..6541df02
+			pub..38b8ce6c
-			pub..43b2d59e
+			pub..f23c0245
-			pub..baf3827b
+			pub..1fb6d93b
-			pub..af161d9c
+			pub..6ed3fb22
-			pub..532a8051
+			pub..a1a9fc89
-			pub..c5fa2bf4
+			pub..5c72c88e
-			pub..0e838e0b
+			pub..cd2d2beb
-			pub..94869fa0
+			pub..39aadae8
-			pub..ebb82a67
+			pub..6417a036
-			pub..c7e29457
+			pub..daf204d7
-			pub..adfc5c5d
+			pub..fb833eb4
-			pub..70dc3d8d
+			pub..52566948
-			pub..8cfdf749
+			pub..d294c568
-			pub..3cb50208
+			pub..73f7e823
-			pub..552770e4
+			pub..ef0317dc
-			pub..642ef149
+			pub..731b3a96
-			pub..962f13a4
+			pub..0f27fca0
-			pub..3cc0f642
+			pub..11097b75
-			pub..969982ac
+			pub..4e0ad357
-			pub..6a932004
+			pub..dabd69dc
-			pub..daae433c
+			pub..7b3fc9de
-			pub..746f005c
+			pub..0dbcacff
-			pub..68697efd
+			pub..4deeb774
-			pub..30b220f8
+			pub..1e650c8c
-			pub..7b421b67
+			pub..2421f0e5
-			pub..83647a58
+			pub..514d3c9d
-			pub..5d1e39a3
+			pub..795db8af
-			pub..d7bcd7bd
+			pub..ceeefb32
-			pub..a8557c25
+			pub..e13e48d9
-			pub..f8a7932b
+			pub..56ffdd44
-			pub..8312eb74
+			pub..9484afcf
-			pub..1929f60a
+			pub..a40aa6b2
-			pub..77597af6
+			pub..e4282d21
-			pub..49656d5b
+			pub..5e089fa4
-			pub..8e21589b
+			pub..d83ee309
-			pub..a768cc91
+			pub..c4eacb4f
-			pub..e1311d03
+			pub..48c724ec
-			pub..85b386cb
+			pub..e3a44fc7
-			pub..7d4c739e
+			pub..2ad9c318
-			pub..bfee1a95
+			pub..24b53bb2
-			pub..211b49bd
+			pub..77e705e9
-			pub..1cad243c
+			pub..ec67037b
-			pub..d9944b9c
+			pub..33b5f117
-			pub..b5baf9c1
+			pub..6f27a8a2
-			pub..6a099fe8
+			pub..7800ab45
-			pub..6e2289ae
+			pub..0ba861b0
-			pub..4c7967f4
+			pub..770f0a9a
-			pub..7043c225
+			pub..6d3cba8e
-			pub..2e8c5d43
+			pub..f9ce9953
-			pub..158623ac
+			pub..8fbd553f
-			pub..c7b60c85
+			pub..28e2513b
-			pub..0321cf51
+			pub..ac2dac3f
-			pub..c644dbea
+			pub..d78c5574
-			pub..fc0e4695
+			pub..acfccb84
-			pub..05728f68
+			pub..fdfc84e1
-			pub..962c17dd
+			pub..4123f503
-			pub..f9cf6ba2
+			pub..19f52013
-			pub..a251a968
+			pub..d4cf7f94
-			pub..019cc114
+			pub..baba7020
-			pub..5117fd73
+			pub..1cd29486
-			pub..51612ec9
+			pub..f1d5a8d9
-			pub..b4de5790
+			pub..b1d0ecdb
-			pub..f03df57a
+			pub..0a0d7330
-			pub..200f2570
+			pub..20a803ac
-			pub..712ad672
+			pub..a16c302e
-			pub..0a110240
+			pub..e91167ef
-			pub..ffb6d004
+			pub..57fb1033
-			pub..4c21d18e
+			pub..89856934
-			pub..08891961
+			pub..c42b6868
-			pub..b218a08c
+			pub..e0d0f7ad
-			pub..8a33ee16
+			pub..c69a85ad
-			pub..725989b2
+			pub..03f02528
-			pub..42556604
+			pub..28028e72
-			pub..70d2e4a7
+			pub..95c2c79d
-			pub..e5004df3
+			pub..66cfce63
-			pub..7088452b
+			pub..cbcbd8ea
-			pub..36b62339
+			pub..7f8e8f21
-			pub..433e15fd
+			pub..58bbc6a3
-			pub..40d0eeaa
+			pub..952d9257
-			pub..80eb8428
+			pub..c2c3e80b
-			pub..7349d581
+			pub..af5d2d56
-			pub..7d7653d1
+			pub..4c3cee6a
-			pub..7540702a
+			pub..d9340f10
-			pub..1666a098
+			pub..fe63d0f1
-			pub..cb04fdaf
+			pub..78ce5c64
-			pub..09bff68e
+			pub..20f9858c
-			pub..459fb351
+			pub..e7480728
-			pub..86282697
+			pub..d3486936
-			pub..418221d3
+			pub..a1d9b52f
-			pub..4a01704d
+			pub..d5036114
-			pub..53ce6726
+			pub..cd37f898
-			pub..fccc4eac
+			pub..34714def
-			pub..efea500b
+			pub..9993e622
-			pub..288e584a
+			pub..77c9468c
-			pub..3f648ac3
+			pub..93dc6c18
-			pub..6198692f
+			pub..2c4df990
-			pub..351bc759
+			pub..e6fbc2e5
-			pub..f422e0c2
+			pub..f12b9f60
-			pub..bd2c9558
+			pub..558b9be4
-			pub..afb58e48
+			pub..3b58c987
-			pub..a57546cf
+			pub..e1b50b22
-			pub..02fbe14a
+			pub..cb66f539
-			pub..22f218f4
+			pub..092fd27f
-			pub..88e394cb
+			pub..02f4f231
-			pub..e5dac049
+			pub..e3b3e90c
-			pub..d1bad787
+			pub..4fd8a98f
-			pub..b55311f4
+			pub..76dffd7a
-			pub..699d2a45
+			pub..6e8beaa1
-			pub..cbdb53ce
+			pub..37f209fa
-			pub..ba6c9340
+			pub..2eaf966b
-			pub..9ad6649d
+			pub..79009f06
-			pub..2942f5cd
+			pub..1f77c7b5
-			pub..c8303b29
+			pub..9bda9618
-			pub..15a1e1fb
+			pub..e5618d97
-			pub..35e66af9
+			pub..0cafd0f2
-			pub..725efaf8
+			pub..bfd011b3
-			pub..48645f9f
+			pub..ff3e2f86
-			pub..8e6dabf1
+			pub..0fa060c2
-			pub..46696fef
+			pub..02d2bd2d
-			pub..e7a3f4bb
+			pub..b0d1df68
-			pub..5afb0a30
+			pub..5bf2e3f2
-			pub..e43d22c3
+			pub..316290cd
-			pub..f1fce6dd
+			pub..16b210d8
-			pub..1911c6b0
+			pub..3e3fe700
-			pub..7db68b70
+			pub..fcccb8be
-			pub..4dcd121b
+			pub..9a8045a9
-			pub..d721f7b7
+			pub..4e6c8622
-			pub..cc512da9
+			pub..b97d7bfd
-			pub..8a460667
+			pub..53d7133b
-			pub..64a17662
+			pub..64fa5ddb
-			pub..421f1498
+			pub..af53d742
+..250e9f1a
+			// ..6f5c0c86
+			pub..a312cd46
+..250e9f1a
+			// ..01abd5da
+			pub..9a613a37
--- /de..40ce64ff
+﻿<?x..a624fd2e
+..250e9f1a
+<ViewP..c313b35a
+      ..a1b40b92
+      ..d3ba7735
+      ..2c81aa7b
+      ..c3c28436
+      ..b42f326e
+      ..9b9ef486
+      ..7011ad84
+      ..263d380e
--- /de..40ce64ff
+﻿<?x..a624fd2e
+..250e9f1a
+<Frame..d49cf65f
+      ..341e7ed3
+      ..accbf946
+      ..c0060c3a
+      ..2550e707
+..250e9f1a
+  <Ima..33da731b
+      ..c0060c3a
+      ..33873243
+      ..5c8dd69b
+..250e9f1a
+</Fram..1d7fde15
-    <!..c0119966
-      ..e9731ecc
-      ..49d453ad
+      ..bca27191
-    <S..67df676a
-      ..f1f3e3fe
-      ..299b4000
-      ..9c6e8838
-      ..c0e29f10
-      ..e813338c
+    <W..83b5d02e
+      ..accbf946
+      ..2e26d5e7
+..250e9f1a
+    <L..295c8847
+      ..88b050f3
+      ..cfa7a07b
+      ..e4dc0f1c
+..250e9f1a
+      ..d535bed5
+      ..86a90350
+      ..0fd5c8b7
+      ..8a82565d
+      ..3c7add53
+      ..0ec1f3c7
+..250e9f1a
+      ..d535bed5
+      ..86a90350
+      ..0fd5c8b7
+      ..8a82565d
+      ..3c7add53
+      ..ed321f7e
+..250e9f1a
+      ..d535bed5
+      ..86a90350
+      ..0fd5c8b7
+      ..8a82565d
+      ..3c7add53
+      ..c98e3dc6
+      ..c6104882
+..250e9f1a
+      ..d535bed5
+      ..86a90350
+      ..0fd5c8b7
+      ..8a82565d
+      ..3c7add53
+      ..039ba5fe
+..250e9f1a
+      ..d535bed5
+      ..86a90350
+      ..0fd5c8b7
+      ..8a82565d
+      ..3c7add53
+      ..c98e3dc6
+      ..83d41407
+      ..a24c85d5
+    </..bd4053b8
+..250e9f1a
+    <V..51f5f812
+      ..e38f346d
+      ..65dce44a
+      ..7e10d1a7
+      ..1590e853
-    </..aed5a4c2
+  <Swi..4e5cf152
+      ..433357f6
+      ..f9861a30
+    <R..88e55705
+      ..347e306c
+      ..7f92f2c4
+      ..4153f13e
+  </Sw..3b0a2cf5
+..250e9f1a
+  <Fra..41945fd2
+      ..daa55429
+      ..11e0848a
+      ..19152cf9
+      ..38b8a53d
+      ..81e7b35f
--- /de..40ce64ff
+﻿usi..2cd24cc9
+using ..133de5c0
+..250e9f1a
+namesp..ed4c3cc0
+{..0b10c5d6
+    pu..bafbacc3
+    {..38cb3c30
+      ..eaf45e2e
+..250e9f1a
+      ..d5b7d864
+..250e9f1a
+      ..9205a7a7
+..250e9f1a
+      ..ce81c5d8
+..250e9f1a
+      ..37403abb
+      ..89ca26a0
+      ..4f93c300
+..250e9f1a
+      ..9205a7a7
+..250e9f1a
+      ..2fd1c256
+..250e9f1a
+      ..2e074851
+..250e9f1a
+      ..9205a7a7
+..250e9f1a
+      ..4a67067c
+..250e9f1a
+      ..4e93e259
+      ..89ca26a0
+      ..9eb41f52
+      ..4f93c300
+..250e9f1a
+      ..3a1f48b1
+      ..89ca26a0
+      ..a516e244
+      ..4f93c300
+..250e9f1a
+      ..9205a7a7
+    }..06691e67
+}..493e754d
+      ..01000bc8
+..250e9f1a
-      ..516b4028
+      ..37d1f24e
+    <C..59e5ee47
-﻿usi..6b7b383d
+﻿usi..786ae3b1
+using ..408a1ccc
+using ..87b10684
+using ..4133c733
+      ..6aea3416
+      ..89ca26a0
+      ..9f174f78
+      ..cb3218bb
+      ..7f687511
+      ..48844851
+      ..64321cc2
+..250e9f1a
+      ..8da42697
+      ..8e385838
+      ..0368fd60
+..250e9f1a
+      ..18974c2f
+..250e9f1a
+      ..4f93c300
+..250e9f1a
+      ..d9e8bf1c
+      ..89ca26a0
+      ..0f70b436
+      ..baedf2dd
+      ..4f93c300
+..250e9f1a
+      ..0574f34e
-      ..001b4ecc
+      ..6949e94b
-      ..001b4ecc
+      ..6949e94b
-      ..de4f62c6
-      ..457fd259
-      ..daaf12f5
-      ..835262b0
-      ..02a58506
-      ..6f0221cc
-      ..c7073912
-..555a571f
-      ..d858af6e
-      ..f2644e3e
-      ..b725487a
-..555a571f
-      ..cd23302a
-      ..3907a28f
-..555a571f
+{"Netw..35c5dfd1
-      ..2b26728d
+      ..0f67c0e2
-      ..c93cce1f
+      ..3cdccd30
-      ..50deb7c9
+      ..b3d1373d
-      ..dea273a5
+      ..43158fa7
-      ..415e25aa
+      ..6a6b6173
--- /de..40ce64ff
+﻿usi..609dae63
+..250e9f1a
+namesp..c3d5d070
+{..0b10c5d6
+    pu..d22e54ee
+    {..38cb3c30
+      ..ce81c5d8
+..250e9f1a
+      ..566b5e17
+      ..89ca26a0
+      ..2b7a7969
+      ..4bb8ede4
+      ..4f93c300
+..250e9f1a
+      ..9205a7a7
+..250e9f1a
+      ..2fd1c256
+..250e9f1a
+      ..cf898c0a
+..250e9f1a
+      ..9e208bc5
+..250e9f1a
+      ..9205a7a7
+    }..06691e67
+}..493e754d
-      ..981be792
+      ..816d5880
-      ..14fd4955
+      ..ca60f70f
+      ..9d1117b9
+using ..af7cc0a5
+using ..81335f91
+using ..7cea6b01
+using ..3f44db55
+using ..87b10684
+using ..8b8fbd01
+using ..638fa578
+using ..9b3ae02d
+using ..4133c733
+using ..fbcbfa7c
+using ..15293250
+      ..ceac50a7
+      ..ce7d5253
+      ..06b592f2
+..250e9f1a
-      ..66b4a337
+      ..3ff6d277
-      ..e2ff93ef
+      ..4022ddae
+      ..25c07037
+      ..d2ac5a6f
+      ..24a83f6f
+      ..65c67eaa
+      ..cae30400
+      ..f0200562
+      ..714a8642
-      ..54d4676f
-..555a571f
+      ..7ca7a7e0
+..250e9f1a
+      ..822a67f3
+..250e9f1a
+      ..ec92646e
+..250e9f1a
+      ..7ae7ecfc
+..250e9f1a
+      ..72fb1170
+..250e9f1a
-      ..ca1393b8
-..555a571f
-      ..4f82c651
+      ..ace329aa
+      ..89ca26a0
+      ..e52b36b6
+      ..9cd640ac
+      ..7672ff69
+      ..5284eebe
+      ..3df11e29
+      ..8490e8ac
+      ..146936db
+      ..e1a84e44
+      ..e887530e
+      ..4f93c300
+..250e9f1a
+      ..d5730932
+      ..89ca26a0
+      ..e52b36b6
+      ..9cd640ac
+      ..211c6b6d
+      ..5338aa18
+      ..3712eda3
+      ..232f7d61
+      ..b82d6c21
+      ..a0bc4dda
+      ..edc8c48b
+      ..94562f49
+      ..28a05a4c
+      ..e887530e
+      ..4f93c300
+..250e9f1a
+      ..d2e5892a
+      ..89ca26a0
+      ..5284f0ce
+      ..29095133
+      ..225d12be
+      ..e9371971
+      ..9d3e4bb6
+..250e9f1a
+      ..70d18a49
+      ..1b6960f9
+      ..9cd640ac
+      ..07edaf12
+      ..e5cc6230
+      ..c5029dcc
+      ..4f93c300
+..250e9f1a
+      ..895c6883
+      ..89ca26a0
+      ..afc23bfe
+      ..9cf41372
+      ..2d3d8619
+      ..4f93c300
+..250e9f1a
+      ..2a810a87
+      ..39e2668f
-      ..ad6cc3d4
-      ..3907a28f
-      ..34c10e89
-      ..457fd259
-      ..c2b702b2
-      ..0e889a77
+      ..78cb3c90
+using ..059253e5
+using ..04d1390d
+using ..2e4a6505
+      ..a6764e7c
+      ..160417f4
+      ..9cd640ac
+      ..b9349b88
+      ..304a32c2
+      ..7944daa6
+      ..24fdb4f6
+      ..c5029dcc
+      ..a38de436
+..250e9f1a
+      ..764fde59
+..250e9f1a
+      ..532ee618
+      ..89ca26a0
+      ..30397d73
+      ..83c7671a
+      ..fbca5464
+      ..cc3bd3d4
+      ..14b1f98f
+      ..4f93c300
+..250e9f1a
+      ..faf6914c
+..250e9f1a
+    },..0596eb50
+    "N..4052c527
+      ..6133360d