-			<h2..d07d8ea8
+			<h2..0e861ebe
-				<d..05c9c4d7
+				<d..84ca6518
-				<d..dcef062f
+				<d..11b64f54
-				<d..ef16a9cc
+				<d..bb355b2d
-#     ..68aa6200
+#     ..8834b100
-## Ver..b4035553
+## Ver..54fa68a5
+MD5: 1..ffef2661
+SHA1: ..5fbcbda6
+SHA256..8701d618
+..3b821efe
+## Ver..f2a3bc3b
-## Ver..5d91f7a3
+## Ver..917d65bc
-## Ver..e2b6493b
+## Ver..958888ec
-## Ver..9eaec8d9
+## Ver..982bc6ed
-## Ver..5b3bc3e5
+## Ver..8ea5fa07
-## Ver..b3a95614
+## Ver..3a61f94a
-## Ver..64f7ec92
+## Ver..59d48280
-## Ver..7c1ecdde
+## Ver..3fc60339
-## Ver..4d75d4c7
+## Ver..ffc110ad
-## Ver..9532c9d3
+## Ver..3c6b45ab
-## Ver..cec0f24c
+## Ver..585f7ad7
-## Ver..836ef0d5
+## Ver..909b0a50
-## Ver..b0efc75b
+## Ver..ac559cbc
-## Ver..3e5663fe
+## Ver..b6c671d3
-## Ver..5e96048e
+## Ver..0ab2d141
-## Ver..7aef5f5e
+## Ver..1d37d9fe
-## Ver..747f5683
+## Ver..dec2e67b
-## Ver..9bbf3b60
+## Ver..0fff8b36
-## Ver..658dcc45
+## Ver..fe8c1c1c
-## Ver..f3020716
+## Ver..a221a0dc