-			// ..316d6995
-			pub..28503b1c
+			// ..1dc11423
+			pub..bc1f206f
-			// ..95f871e8
-			pub..7c644b4f
-..909ff3bf
-			pub..bad392ff
-..909ff3bf
-			// ..b87d159c
-			pub..53c1caeb
+			pub..87a014e1
-			pub..f8449cdd
+			pub..623e6283
+..06db112a
+			// ..e377079d
+			pub..d4a91e51
+..06db112a
+			// ..dd258b11
+			pub..380958d0
-			// ..76455c38
-			pub..ef2a2da1
-..909ff3bf
-			pub..b09d5525
+			pub..129d89da
+..06db112a
+			// ..934fa9ec
+			pub..ca1ae0a9
-			// ..3011774d
-			pub..bd4b9a4f
+			// ..075e5507
+			pub..9e560725
-			// ..078d5202
-			pub..9d9448cb
+			// ..75fbe29c
+			pub..7a693202
-			// ..4babd219
-			pub..1ca22dc6
+			// ..075a8d88
+			pub..8add3302
-			// ..4db17ab2
-			pub..51582e77
+			// ..9f1ca04b
+			pub..3c1a4f66
-			// ..a0296e25
-			pub..8c419030
-..909ff3bf
-			// ..7fad5935
-			pub..b0713f86
-..909ff3bf
-			pub..eb3593e2
+			pub..4121a9b5
-			// ..6a57f8e3
-			pub..aa8bccc9
+			// ..abf81c00
+			pub..b2cd4f4e
-			pub..91af6799
+			pub..51180d8e
-			// ..4c624a5a
-			pub..42b5a9ec
+			// ..149fb587
+			pub..80aacdd4
-			// ..b11e749d
-			pub..a89f3913
+			// ..db899849
+			pub..a89ad5d4
-			pub..a24a27b7
+			pub..da85e990
+..06db112a
+			// ..001a1204
+			pub..eaa115da
-			pub..0e252319
+			pub..8672e5bc
-			pub..c5ca959a
+			pub..a05340d9
-			// ..45e92fa1
-			pub..e2ffd6f0
+			// ..a3036c7e
+			pub..9609b1d1
-			// ..756ef1b7
-			pub..92650fb7
+			// ..8590c5b7
+			pub..3be8866d
-			// ..70f1b3ee
-			pub..95b46118
+			// ..acf61fad
+			pub..86ffac6e
-			// ..4c0250c0
-			pub..35a32442
+			// ..ef89322e
+			pub..ec649f2b
+..06db112a
+			// ..d77da566
+			pub..02061300
-			// ..e9ec5c6c
-			pub..8fd0a14c
+			// ..3d6786b1
+			pub..484b1c84
-			// ..01c1170f
-			pub..b8b58919
+			// ..efcaa33e
+			pub..e6594f9f
-			// ..87275c96
-			pub..cc45ddac
+			// ..136f9846
+			pub..2bf850d9
-			// ..1939fb41
-			pub..f46aa326
+			// ..4acab711
+			pub..69ed0fcb
+			// ..4c86c5c8
+			pub..5e7cafcf
+..06db112a
-			pub..6465c164
+			pub..83780def
-			// ..9132ea1a
-			pub..4638bcd8
-..909ff3bf
-			pub..4cf23257
+			pub..1617676a
+..06db112a
+			// ..bfaafc44
+			pub..b1da8a78