+    <B..0a7b9b8a
+      ..c4a7f17a
+    </..7b60874d
+    <B..10b1890f
+      ..b8cb9534
+    </..7b60874d
+using ..cb772b06
+using ..43cbce31
+      ..c1a4eeca
-      ..b9aab802
+      ..d215910b
+      ..56e0a666
+      ..454578b3
-      ..5616878e
+      ..49645cd2
-..b1596c6f
+..a528ae35
+      ..7d81e9db
+      ..d8b18bb8
+      ..40c7f495
+      ..5f063acd
+      ..323cc513
+      ..4d4b5dd1
+      ..faae6184
+      ..237229a2
+      ..48256dbb
+      ..bce9e01e
+      ..6d292a6a
+      ..3c6b26c4
+..a528ae35
+      ..9ea2ca25
+      ..3a3facb2
+..a528ae35
+      ..47f729f0
+      ..5f063acd
+      ..db42fc99
+      ..aca2e06f
+      ..eccdfc0b
+      ..6d292a6a
+      ..0e7696b0
+      ..5f063acd
+      ..1790bbb2
+      ..5543b93e
+      ..6d292a6a
+      ..9135c301
-      ..e4dbf730
+      ..3e1ae8a2