+			'1...e024d408
+				'i..13334f49
+				"\..090e632e
+				"\..1ed54b25
+				"\..556b46b0
+				"\..aa053a39
+				"\..acfed6fd
+				"\..2173b393
+				"\..a77313e5
+				"\..9d9f5786
+				'v..d1e78079
+				'r..204bfe41
+			],..b9f5fb95
-				'v..a726a609
+				'v..f9971951
-				'v..a726a609
+				'v..f9971951
+			'1...aa0ad3f0
+				'i..13334f49
+				"\..090e632e
+				"\..1ed54b25
+				"\..556b46b0
+				"\..aa053a39
+				"\..acfed6fd
+				"\..2173b393
+				"\..a77313e5
+				"\..9d9f5786
+				'v..d1e78079
+				'r..204bfe41
+			],..b9f5fb95
-				'v..a726a609
+				'v..f9971951
-				'v..a726a609
+				'v..f9971951