-			<h2..e0cecff0
+			<h2..ca940601
-			(wh..9e2e68f4
-			tra..b16d69b2
-			Pro..32723947
-			inc..cc649b8e
-			dis..38431e47
-			obt..f7ad9b5b
+			(wh..195becda
+			tra..2c76e725
+			you..d367be0a
+			the..e9b85df7
+			<st..9ef7a92b
+			Pol..d7d49be1
+			use..5e3255ff
+			you..f6fa982c
--- /de..f6e97b83
+<!DOCT..33dd688e
+<html ..4cdacc8a
+<head>..42190ba1
+	<titl..cbe5a229
+..caf5b2b4
+	<meta..9315242b
+	<meta..8b8f6ff4
+	<meta..be120244
+	<meta..663ca54a
+	<meta..f457f627
+	<meta..f7d66828
+..caf5b2b4
+	<meta..1b844341
+	<meta..c2545351
+	<meta..09068265
+	<meta..8223597f
+	<meta..0f9dcd4f
+		  co..aa707f7d
+	<meta..8368ecbb
+..caf5b2b4
+	<meta..1481c594
+	<meta..23d17b85
+	<meta..8a0c3e81
+	<meta..85949d30
+		  co..aa707f7d
+	<meta..56746d42
+..caf5b2b4
+	<link..b9b46717
+	<link..3d4f7e55
+	<link..dcf0cfcf
+	<link..e6d45329
+	<link..65565a72
+		  in..66ed9bd2
+	<link..b2886071
+..caf5b2b4
+	<styl..f326b831
+		sect..1ee4663d
+			pad..19cff485
+			tex..aa22905f
+		}..8b6448ff
+..caf5b2b4
+		sect..d28ff7e2
+		sect..7d09f62d
+			col..3bc7333f
+			mar..2c3a93f5
+		}..8b6448ff
+..caf5b2b4
+		sect..e7c90d15
+			fon..3ade28c5
+			lin..12e7512a
+		}..8b6448ff
+..caf5b2b4
+		sect..7d09f62d
+			fon..a61b1bf2
+			lin..fb739264
+			pad..04524430
+		}..8b6448ff
+..caf5b2b4
+		sect..4e6a399b
+			mar..b5c0bd0c
+		}..8b6448ff
+..caf5b2b4
+		sect..b8a5d064
+			max..2df76b4e
+			wid..9280cb54
+		}..8b6448ff
+..caf5b2b4
+		sect..5bdb8b7e
+			fon..78b1ff35
+			lin..7008b27f
+		}..8b6448ff
+..caf5b2b4
+		.ter..4e0b69f9
+			mar..eefad965
+		}..8b6448ff
+..caf5b2b4
+		.ter..64f8121d
+			mar..b44762c2
+		}..8b6448ff
+..caf5b2b4
+		.ter..4e9e8746
+			fon..2ef77f95
+		}..8b6448ff
+..caf5b2b4
+		.ter..caa2d5c9
+			hei..727ae0f3
+		}..8b6448ff
+	</sty..d91aa4da
+</head..010a9457
+<body>..d3ada02b
+<div c..c81e033f
+	<sect..d7ed82b5
+		<div..993be645
+			<h1..782554c9
+			<h2..ca940601
+			<di..70890798
+				<a..3d8563d5
+				  ..a468a0d0
+					H..85360989
+				</..f4c0ee35
+			</d..f2fad21c
+		</di..17ed1ae6
+	</sec..13f99a0e
+	<sect..e794fbd8
+		<div..993be645
+			<di..5e8e24fe
+				Th..a32e8401
+				<a..3a1e8175
+			</d..f2fad21c
+..caf5b2b4
+			<di..5e8e24fe
+				<d..2832eb98
+				<a..d7030603
+				  ..fd32551d
+			</d..f2fad21c
+..caf5b2b4
+			<di..5e8e24fe
+				<d..763687cf
+				<a..1e3b1184
+			</d..f2fad21c
+..caf5b2b4
+			<di..5e8e24fe
+				<d..f92f071f
+				<a..845ce5b4
+			</d..f2fad21c
+		</di..17ed1ae6
+	</sec..13f99a0e
+</div>..4f60b0e0
+..caf5b2b4
+<scrip..c907fa11
+<scrip..2289ff7d
+		inte..b4d5a8fd
+<scrip..bf6d5220
+<scrip..c2902796
+</body..a05ea0c3
+</html..6362dede