-      ..fb1fe158
+      ..4286ab76
-      ..14fe0f37
+      ..af1188e6
+      ..2d6bbb81
+      ..beb0056a
+      ..82556bc4
+      ..23f8b33e
+..5d91e186
+      ..a33dc6a5
+..5d91e186
-      ..bde73a2c
+      ..f8e84720
+      ..b46e4cf5
+      ..2f2d1e43
+..5d91e186
-      ..39637354
+      ..e3f68b0e
-      ..bdeaacd7
+      ..74e1f8ae
+      ..8084ff53
+      ..8cd5a87e
+      ..716f8d53
+      ..0719c5f0
+      ..69fa7870
+      ..2b560888
+      ..49b9f3ca
+      ..4ff5587e
+      ..58d516c6
+      ..3f221879
+      ..84402594
+      ..95c06670
+      ..3ff99eee
+      ..5486d892
+      ..e0797df5
+      ..8ffeb1ad
+..5d91e186
+      ..30daca67
-      ..c5381227
+      ..9f49f2d2
+      ..79a5c5bb
+      ..e543d2e9
+..5d91e186
+      ..3fec1fee
-      ..40a3f6e1
+      ..a92c30e7
-      ..8c38a039
+      ..e415488b
+      ..d1c99211
+      ..9003644c
+    <T..ccfa86cb
+      ..7dd624c2
+      ..742961fd
+      ..fe689c96
+      ..8a2ef2d4
+      ..7b516dd7
+      ..9b471b91
+..5d91e186
+    <a..1a4daef4
+      ..884090b5
+      ..d65d0af9
+      ..f70daef7
+      ..b34d8a12
+  </Li..24beaca4
+..5d91e186
+  <Lin..36edaebe
+      ..61ae05b6
+      ..6b12231e
+      ..dc3db464
+      ..a2af3784
-      ..0893262a
-      ..0b87fd32
-      ..718e47d8
+      ..5ef78491
+      ..8cd5a87e
+      ..cdb2a5b8
+      ..ccd03a12
+      ..d783974f
+      ..8ffeb1ad
+      ..273e85c4
+      ..8ea2a33c
+      ..82cb887b
+      ..86d86ae6
+      ..beb0056a
+      ..e6ef1601
+      ..8cd5a87e
+      ..81de1388
+      ..58d516c6
+      ..e570c975
+      ..12820ced
+      ..e0797df5
+      ..19001e3a
+      ..8ffeb1ad
+      ..fa65cd3b
+      ..8cd5a87e
+      ..1f53e7d3
+      ..7560691a
+      ..d9e61659
+      ..fb454c20
+      ..8ffeb1ad
+      ..23f8b33e
+..5d91e186
+{"Cust..919e3f39
+      ..b80fe71e
+..5d91e186
+using ..81bc334c
+      ..86d86ae6
+      ..beb0056a
+      ..259b533c
+      ..a799ac89
+      ..23f8b33e
+..5d91e186
+      ..62551457
+      ..9da2abb8
+..5d91e186
-    pu..556f242e
+    pu..a9b9d62e
+      ..c58b7470
+      ..7a9edf99
+..5d91e186
+      ..b7bf0a39
+      ..beb0056a
+      ..5dc2356d
+      ..e711c122
+      ..8cd5a87e
+      ..834d7040
+      ..8a9e33b1
+      ..b50f1596
+      ..698ece49
+      ..624adb37
+      ..8ffeb1ad
+..5d91e186
+      ..104b7414
+      ..8cd5a87e
+      ..291c43f0
+      ..613a190a
+      ..8ffeb1ad
+      ..23f8b33e
+..5d91e186
+      ..0786a9b2
+..5d91e186
+..5d91e186
+    },..581a8cfe
+    "C..ebc1b3fb
+      ..a01c439e