-      ..18e8d45d
-      ..53c1822d
+		$cur..8ae13d47
+		$coi..41bf3d49
+		$coi..f64a1e9f
-      ..5e4ea0b2
-      ..3f0e379c
-      ..74f266ba
-      ..24bb5e84
-      ..5bdee547
+		$cur..7df50166
+		fore..874dc1e8
+			$co..70716d34
+		}..a0d71100
+		fore..ffd724b4
-      ..fa101b3f
+				'c..91bd90bc
-      ..18e8d45d
-      ..53c1822d
+		$cur..8ae13d47
+		$coi..41bf3d49
+		$coi..f64a1e9f
-      ..5e4ea0b2
-      ..3f0e379c
-      ..74f266ba
-      ..24bb5e84
-      ..5bdee547
+		$cur..7df50166
+		fore..874dc1e8
+			$co..70716d34
+		}..a0d71100
+..25f189ac
+		fore..ffd724b4
-      ..fa101b3f
+      ..7fd48c79
+    pr..c7e24209
+		$que..42ff7b9d
+		$tok..6bc5796c
+..25f189ac
+      ..9ecba1b0
+..25f189ac
+      ..bcb9f49f
+      ..fe24c9ee
+			$ou..aaa9ad46
+				'i..617c3f0e
+				'a..2ea87d1e
+				's..0116c6bc
+				'd..2c7c8b89
+			];..b4cea745
+		}..a0d71100
+..25f189ac
+		retu..7145c564
+    }..b1bd025d
+..25f189ac
-      ..53c1822d
+		$cur..62ccb405
+		$coi..41bf3d49
+		$coi..f64a1e9f
-      ..5e4ea0b2
-      ..f3cf54ba
+		fore..4135d7d1
+			if ..df2375c3
+			$cu..f614eba9
+		}..a0d71100
-      ..3f0e379c
-      ..b7db91f9
-      ..24bb5e84
-      ..5bdee547
+      ..061432b9
+      ..7b7764eb
+			$co..70716d34
+		}..a0d71100
+      ..0102eb1c
-      ..fa101b3f
+      ..7fd48c79