-      ..7270acbc
+      ..80682c29
+using ..f7c2ad91
-using ..662b925f
-      ..f1c390f2
-      ..07f02d30
-      ..0a4a2fa4
-..e9e39a7b
+      ..627df229
-      ..1af05b79
-      ..11e4fb1c
-      ..6733397f
-..e9e39a7b
-      ..5789144a
-..e9e39a7b
-      ..ed76f5f6
+      ..627df229
+      ..f69dbbd2
+      ..80e927b8
+      ..96d85344
+      ..a70f3e12
+      ..bac65bad
-      ..febbfb70
-      ..5f992a4a
-      ..937da7f8
+      ..314f3986
+      ..6a5704c1
+      ..27e4533e
+      ..c6c14b2e
+..101c47eb
+      ..82e94fcd
+..101c47eb
+      ..78cf0929
+      ..6a23be0c
+      ..f3834086
+      ..56af02a7
+..101c47eb
+      ..efed5199
+      ..6a23be0c
+      ..f0069312
+      ..e4007e00
+      ..0b61585b
+      ..e04b6fce
+      ..56af02a7
+..101c47eb
-      ..063dea3e
+      ..9d0f7f65
-  <Lin..b04265b6
-      ..c79203ca
-      ..ef9f10a0
-      ..0660e205
-..e9e39a7b
-    <I..8bbc9cc4
-      ..f0cde75d
-      ..f92cfc83
-      ..484e5611
-      ..624b3e59
-      ..3088ac3a
-..e9e39a7b
-    <T..a73836f7
-..e9e39a7b
-    <B..6a91ede1
-      ..c54c3c81
-      ..c2ab938c
-      ..b641872d
-..e9e39a7b
-    <B..6a91ede1
-      ..c54c3c81
-      ..0bace840
-      ..22a63cf3
-      ..82dd5681
-      ..e029e133
-      ..537c6476
-..e9e39a7b
-    <B..6a91ede1
-      ..c54c3c81
-      ..0bace840
-      ..f537f2ff
-..e9e39a7b
-    <B..6a91ede1
-      ..c54c3c81
-      ..0bace840
-      ..a40d9e46
-..e9e39a7b
-  </Li..0d2fffce
+  <Fra..98cdf3fe
+      ..deefb3ff
+..101c47eb
+    <L..485eae6d
+      ..baca8ffd
+      ..e9903309
+      ..63210e2f
+..101c47eb
+      ..67d66b49
+      ..76a3ed68
+      ..99ad2cf4
+      ..a3d4c1d3
+      ..0ccd024b
+      ..5efe1b69
+..101c47eb
+      ..79cd9af5
+..101c47eb
+..101c47eb
+      ..368c561e
+      ..7c8f114c
+      ..459ce834
+      ..e3caef49
+..101c47eb
+      ..368c561e
+      ..7c8f114c
+      ..71a1eb05
+      ..076d31e6
+      ..5a4e2a4e
+      ..bc355725
+      ..0cf11916
+..101c47eb
+      ..368c561e
+      ..7c8f114c
+      ..71a1eb05
+      ..6bcefd12
+..101c47eb
+      ..368c561e
+      ..7c8f114c
+      ..71a1eb05
+      ..d65f92bd
+..101c47eb
+    </..a08f2ce8
+..101c47eb
+    <L..485eae6d
+      ..baca8ffd
+      ..e9903309
+      ..2ea20920
+      ..330e0484
+      ..abd08c8d
+..101c47eb
+    </..a08f2ce8
+  </Fr..8823d3ea
+using ..339aad5f
+      ..05b2b790
+      ..f7accf79
+      ..232e7768
+..101c47eb
-      ..a9d5a9f9
-      ..7f7d119d
-      ..7e38fd88
-      ..d9f953dd
-      ..362a0f3f
-      ..9a7360dd
-      ..4583e3ad
-      ..80e22b89
-..e9e39a7b
-      ..aea8f38b
-..e9e39a7b
-      ..e3b6c1b4
-      ..b51f5f3b
-      ..735c03fa
-      ..e0a83eb6
-..e9e39a7b
+      ..470b86c6
+      ..e387b2d4
+      ..acf58593
-      ..919eb1cd
+      ..1a8f4cf3
-      ..9c1bfdda
-      ..98e83373
+      ..991e7e7b
+      ..9685b51f
+      ..7289d0cd
+..101c47eb
+      ..d939869d
+      ..94038d41