-      ..ef344719
+      ..5c4b8b8b
+      ..c5c503a5
+import..5b673201
+import..fdaf08a8
-import..e825f571
-..e9e39a7b
-    pr..8553177e
+    pr..1cb82e57
+    pu..d81c2f8c
+    pu..7cc6c155
+    pr..e524c25f
-      ..a08dd400
+      ..23c0dd4f
-      ..866dacd0
-      ..f395c9e6
+      ..846519a6
+      ..2c52c0c9
+    }..4941e738
+..101c47eb
+    pu..311a9550
+      ..964ed1c6
+      ..111edae4
-      ..31be0488
+      ..2f56cbee
-<manif..6ae1a7ae
+<manif..f1fb4b74
-			// ..e5058832
-			pub..ab71e901
+			// ..30d364e8
+			pub..72473140
-			// ..365816a3
-			pub..a95b68cf
+			// ..65729a2d
+			pub..019ce365
-			// ..0f6c2b79
-			pub..f7332ac9
+			// ..3f25b706
+			pub..c6e600f5
-			// ..c27c4fc5
-			pub..e9a27d14
+			// ..88ce0d95
+			pub..f185d9d6
-			// ..609a07cc
-			pub..14165c33
+			// ..cdb07361
+			pub..fc79d486
-			// ..525f122b
-			pub..a3b6dda9
+			// ..d91263ce
+			pub..bd419328
-			// ..f58dd796
-			pub..828f4c74
+			// ..4abcdc47
+			pub..e4756aa5
-			// ..e39179c5
-			pub..ea95cafa
+			// ..d8ea564f
+			pub..18c233ca
-			// ..d8c87512
-			pub..95268e71
+			// ..140e1ca4
+			pub..da052328
-			// ..3567b4bf
-			pub..977d5d5a
+			// ..cf4a508d
+			pub..c809059d
-			// ..bab06e2b
-			pub..0d58e72d
+			// ..0908c2b2
+			pub..13f15a3a
-			// ..ee95d45c
-			pub..b2138e0a
+			// ..e8c7a0cb
+			pub..480a116c
-			// ..cb26df65
-			pub..fa782936
+			// ..954a98b9
+			pub..a9529261
-			// ..68161359
-			pub..24f7720b
+			// ..cbf6cef7
+			pub..5528106a
-			// ..d349d25e
-			pub..2debeb36
+			// ..872b7ebc
+			pub..1850c63f
-			// ..7dc73cd4
-			pub..d5653e4e
+			// ..5097d3d3
+			pub..0af7bcc7
-			// ..756a5d57
-			pub..76bab892
+			// ..a9281afe
+			pub..c95d42c1
-			// ..07104600
-			pub..45858b2b
+			// ..c4e8273f
+			pub..1410a915
-			// ..dd8bf20e
-			pub..6e4feb31
+			// ..98d81fc4
+			pub..21752417
-			// ..3787e0b0
-			pub..cf10dcaa
+			// ..8fa477e9
+			pub..08c3ce43
-			// ..05a3e2a4
-			pub..03f679ca
+			// ..9cfc5bb2
+			pub..103a37ec
-			// ..5dc04427
-			pub..479277fc
+			// ..f3aafe8a
+			pub..aba221a2
-			// ..2e37cf30
-			pub..fbc1af8f
+			// ..1e83d290
+			pub..8c365f6c
-			// ..0d9ad29c
-			pub..2c90be36
+			// ..60b28506
+			pub..ac25fe6a
-			// ..0bcf370e
-			pub..27b3dac5
+			// ..a682a2e4
+			pub..54475ba1
-			// ..8c5be900
-			pub..bff4a127
+			// ..5c117a28
+			pub..a4168d18
-			// ..161252e3
-			pub..4a924156
+			// ..9539ccde
+			pub..25516142
-			// ..f12ea78f
-			pub..30ee5610
+			// ..eab62df2
+			pub..467d917e
-			// ..efe4436c
-			pub..d305759c
+			// ..7a166dbf
+			pub..9cb76b07
-			// ..31b25962
-			pub..18607103
+			// ..a55bb136
+			pub..130dfb09
-			// ..05874b2f
-			pub..a781afbb
+			// ..11b7e08f
+			pub..b09336be
-			// ..1a4381c5
-			pub..60ac8dc3
+			// ..fade33e2
+			pub..9252465c
-			// ..36e680a7
-			pub..a0a62e23
+			// ..e96a736c
+			pub..3d0c0778
-			// ..40673ed2
-			pub..dc8f5a68
+			// ..25c8826e
+			pub..2f62fafa
-			// ..1b097f78
-			pub..61db9e74
+			// ..a307b7b5
+			pub..53f05f4f
-			// ..9236ef9e
-			pub..7c4da4fc
+			// ..dd84103f
+			pub..de1d553d
-			// ..93309e06
-			pub..b5bc5cdd
+			// ..ec8e3cf7
+			pub..bd00850d
-			// ..49765749
-			pub..063477b3
+			// ..c3e89133
+			pub..e141e708
-			// ..d5e1d324
-			pub..2df7c2c6
+			// ..facd0d6e
+			pub..98203770
-			// ..c8769aa3
-			pub..fac19202
+			// ..8af74e0d
+			pub..f4bc1c4a
-			// ..551e635e
-			pub..9e643a1f
+			// ..0703d3d1
+			pub..36157c62
-			// ..4fa8ef8b
-			pub..ff948868
+			// ..5c0789dc
+			pub..5c6c468e
-			// ..95936842
-			pub..976f38fc
+			// ..2cd674ec
+			pub..523edc0d
-			// ..6554f6fa
-			pub..a781e061
+			// ..2a73766e
+			pub..edfe1099
-			// ..e4ec7f8c
-			pub..11704029
+			// ..b4c864af
+			pub..9d6434b2
-			// ..93b51d11
-			pub..7a674ea5
+			// ..6a390f66
+			pub..ec4e6ebf
-			// ..4f764a09
-			pub..6c3f37be
+			// ..f959e85e
+			pub..92b8be32
-			// ..4e85c124
-			pub..ca47c9c8
+			// ..c74c00e9
+			pub..dc74a7ab
-			// ..e536b05b
-			pub..8ed8e286
+			// ..87089658
+			pub..4215e9b0
-			// ..dac2df22
-			pub..e9afaaf7
+			// ..506f6cdc
+			pub..2547d9e1
-			// ..d463a976
-			pub..f97abda9
+			// ..821058d6
+			pub..8227a8aa
-			// ..6d06b056
-			pub..fb44d134
+			// ..f820c80e
+			pub..7f6418ca
-			// ..0c8f158d
-			pub..067fc8e1
+			// ..a633630d
+			pub..b573636b
-			// ..9175ce39
-			pub..894bff92
+			// ..cb86e12f
+			pub..774f84dc
-			// ..56edcb53
-			pub..31cebdc0
+			// ..042c4e4c
+			pub..ed03f581
-			// ..07e213f2
-			pub..a8fefa05
+			// ..d66f3359
+			pub..0cbbfbd5
-			// ..f8daa0a1
-			pub..942e540a
+			// ..66a69e5f
+			pub..cba4fbf0
-			// ..add30758
-			pub..0dc0d357
+			// ..0f6a16db
+			pub..c06d9e24
-			// ..a4c737ec
-			pub..ec5fbb75
+			// ..f8ac6681
+			pub..2e1da252
-			// ..ad013d84
-			pub..ed5cf183
+			// ..a129f630
+			pub..38446c39
-			// ..b3505231
-			pub..c345f0e3
+			// ..32f66ad9
+			pub..4defc8ae
-			// ..8b9aef66
-			pub..19031cf8
+			// ..a30892c2
+			pub..f91faca9
-			// ..d747381f
-			pub..9dad83cf
+			// ..c6f25830
+			pub..7445db83
-			// ..4102bdac
-			pub..92a33da8
+			// ..ce60268e
+			pub..3193d288
-			// ..4d49af41
-			pub..221b70e9
+			// ..161b5dea
+			pub..83d38ad0
-			// ..6e2620e3
-			pub..b7e5e6bd
+			// ..35f433e1
+			pub..ce1da235
-			// ..bdcd7521
-			pub..98306d44
+			// ..608525b7
+			pub..eaf777fc
-			// ..c99c2d6d
-			pub..c7679caf
+			// ..af03a873
+			pub..7f832bc5
-			// ..3cea0b85
-			pub..04b0e13d
+			// ..749622da
+			pub..6e806864
-			// ..7c948d2d
-			pub..6359218f
+			// ..734e278c
+			pub..48f1e03a
-			// ..2f0bba7d
-			pub..ef3cae17
+			// ..4536c1b4
+			pub..e908847b
-			// ..2bef8716
-			pub..f2d525aa
+			// ..62cd96f6
+			pub..05e92be5
-			// ..3014fd5f
-			pub..5bd82896
+			// ..93f26012
+			pub..5dd96bb4
-			// ..0aa215dd
-			pub..cb38efd1
+			// ..0decc647
+			pub..279f72d4
-			// ..74fe2875
-			pub..0f8633b6
+			// ..93d9ad01
+			pub..caaaf79f
-			// ..9a46ec52
-			pub..eee5a56f
+			// ..3d7e3fa7
+			pub..ca4dc1c7
-			// ..54b4de3e
-			pub..76f88255
+			// ..74631e87
+			pub..977b9579
-			// ..ed6659fc
-			pub..63d42ae0
+			// ..6bfbafdc
+			pub..4a9eb243
-			// ..15f73d5e
-			pub..99d1e106
+			// ..311c81c8
+			pub..fd17d400
-			// ..5c252914
-			pub..50d28d9b
+			// ..9f5a8233
+			pub..9cd08152
-			// ..09c9a582
-			pub..3863d24a
+			// ..a04ffe6c
+			pub..ad2e076d
-			// ..769c7163
-			pub..fe4d638a
+			// ..a0e645e1
+			pub..859f992a
-			// ..42c38d2e
-			pub..0410dde5
+			// ..5999d997
+			pub..a6fd5d06
-			// ..560badfc
-			pub..711da85b
+			// ..27362251
+			pub..81c839ea
-			// ..02a4f182
-			pub..475bcc19
+			// ..2c87b51d
+			pub..bb2adb3a
-			// ..7eb9dc26
-			pub..e8314355
+			// ..49b96a27
+			pub..f883463c
-			// ..26256a75
-			pub..d24128ec
+			// ..965a83d4
+			pub..742997f5
-			// ..4956536b
-			pub..16928b80
+			// ..a3088008
+			pub..0f8682b6
-			// ..a9b0b578
-			pub..74f71080
+			// ..97a1a1dc
+			pub..cd239c5d
-			// ..37333ab3
-			pub..d1a4c72e
+			// ..50732a65
+			pub..a5cb10a5
-			// ..519afae3
-			pub..cec25bfe
+			// ..dbf69342
+			pub..7cee252d
-			// ..2d7c9f3c
-			pub..ea7f9615
+			// ..a936c973
+			pub..9d6597bb
-			// ..ce15feb8
-			pub..fa590b46
+			// ..bf543d8f
+			pub..6e2251ee
-			// ..48a39350
-			pub..84c452f1
+			// ..68d0a3b5
+			pub..b19741d6
-			// ..c673cf7b
-			pub..dcdaf260
+			// ..2d1a0672
+			pub..3b0664dd
-			// ..83012892
-			pub..9dbd6dfb
+			// ..16dfc50c
+			pub..290a9ef2
-			// ..458b96ca
-			pub..0694ae07
+			// ..51a25dcc
+			pub..24a7d4d3
-			// ..0d3a63f9
-			pub..1d6eb033
+			// ..c2aad8f6
+			pub..1cdb3677
-			// ..37a0da73
-			pub..8a99cfef
+			// ..fefa332a
+			pub..bfd6142b
-			// ..9b58b1f8
-			pub..5d7ca319
+			// ..a383679f
+			pub..c9e9dd5b
-			// ..8316beca
-			pub..72c033dd
+			// ..68d69381
+			pub..01f60f17
-			// ..044eabd0
-			pub..7fe7fb39
+			// ..4cd8ebde
+			pub..2933cf69
-			// ..20b1b6d3
-			pub..3bad6b9b
+			// ..1c2598ea
+			pub..07dcfdd9
-			// ..9ec222ad
-			pub..ed081ee8
+			// ..8db75c10
+			pub..c4bba8ae
-			// ..5e848140
-			pub..6db8467f
+			// ..af24af92
+			pub..0304a1a0
-			// ..119981d8
-			pub..4d392c57
+			// ..4ef5c304
+			pub..bcd50222
-			// ..0a5f8660
-			pub..b36b95c1
+			// ..807245e3
+			pub..9cb5841c
-			// ..f199eb20
-			pub..2f2f68b5
+			// ..65d00677
+			pub..bce966c0
-			// ..43aa8a96
-			pub..8eed8c02
+			// ..f1b56615
+			pub..f273115f
-			// ..4dc1d375
-			pub..a2549a95
+			// ..218a63db
+			pub..8c36602c
-			// ..924ec2f7
-			pub..1f6569b7
+			// ..e47d2e77
+			pub..26ead1b6
-			// ..ea239b98
-			pub..d8ad0c63
+			// ..3c486c58
+			pub..d8c7f13c
-			// ..10e548f4
-			pub..ee280a03
+			// ..41ecabd4
+			pub..8eba865a
-			// ..e0145692
-			pub..d9cc9073
+			// ..99048932
+			pub..4934a2c5
-			// ..f5dd048d
-			pub..7ed52a98
+			// ..d922575a
+			pub..b93d0ba8
-			// ..6175abf3
-			pub..fc4a5ba7
+			// ..2615243d
+			pub..094073e0
-			// ..1e7a5bd8
-			pub..88d07a3a
+			// ..0d704378
+			pub..c59ba459
-			// ..50cacceb
-			pub..1405285f
+			// ..d003f658
+			pub..016c71c5
-			// ..07daa786
-			pub..7cb01fb3
+			// ..25458279
+			pub..03860150
-			// ..9b35f005
-			pub..36980f52
+			// ..9e9a4f4d
+			pub..4a0cb5c1
-			// ..44bbd4e0
-			pub..53e21854
+			// ..44b98526
+			pub..930c2807
-			// ..fbcc58a7
-			pub..d7c8e59c
+			// ..e252f622
+			pub..86f42571
-			// ..7bf36566
-			pub..05a82e7a
+			// ..17de8f43
+			pub..f0f1b251
-			// ..8fb94582
-			pub..8c7495eb
+			// ..84d8255e
+			pub..e4659e90
-			// ..d554e486
-			pub..ab99010d
+			// ..6533baa5
+			pub..dca8ff62
-			// ..0f8a35a6
-			pub..e58b7707
+			// ..fcbf8a4e
+			pub..ba02c406
-			// ..4fad5582
-			pub..3e799b0f
+			// ..454d607a
+			pub..ccfc69c7
-			// ..49639e65
-			pub..33e53c0a
+			// ..5a205fb3
+			pub..8bf78bf3
-			// ..d1871a43
-			pub..fdf6be53
+			// ..dd304645
+			pub..73262648
-			// ..30259c05
-			pub..3fc3cf91
+			// ..a9fc9e66
+			pub..8843d3c3
-			// ..2ea93f8a
-			pub..b7e7f1fa
+			// ..7b4785e1
+			pub..6b42b8a0
-			// ..5bb2e30f
-			pub..6d007967
+			// ..581111a4
+			pub..4535577b
-			// ..a4b1e5e5
-			pub..f4e91acd
+			// ..e5cb8856
+			pub..803b968f
-			// ..f304392e
-			pub..6498a27d
+			// ..295cbbdb
+			pub..974b75c9
-			// ..e539e0ec
-			pub..7bb8990b
+			// ..f4d9c8b0
+			pub..c2ccf5dc
-			// ..75c09a38
-			pub..88e358d7
+			// ..2daa048a
+			pub..7422df9b
-			// ..cd3e24f4
-			pub..eb974441
+			// ..8cc82146
+			pub..df768c13
-			// ..1aad305d
-			pub..261f1692
+			// ..775aab41
+			pub..2993d7c4
-			// ..a65e362c
-			pub..e4dec478
+			// ..6a04039a
+			pub..8bdcdda8
-			// ..1abc5731
-			pub..3b3205a9
+			// ..df3a5aff
+			pub..5429c3f6
-			// ..14aee170
-			pub..7fe531e8
+			// ..677b1e72
+			pub..cd63fae4
-			// ..905915e6
-			pub..84257dc4
+			// ..72921d03
+			pub..7ffd7a17
-			// ..6c514b05
-			pub..dc1e767a
+			// ..025608fa
+			pub..10166d69
-			// ..6ecf9d95
-			pub..064b4be2
+			// ..ad5c8783
+			pub..a7794e82
-			// ..76ac484a
-			pub..8174a4e0
+			// ..a64cc02a
+			pub..9c63f346
-			// ..6e139bd7
-			pub..db13f776
+			// ..cfaa1a96
+			pub..95ce01db
-			// ..29cc9c75
-			pub..779eea14
+			// ..884b41f3
+			pub..cb55f195
-			// ..6c4cee56
-			pub..691ddd86
+			// ..169e412f
+			pub..16b9a942
-			// ..c146e31a
-			pub..6464946b
+			// ..d8bca071
+			pub..b4e7f0ee
-			// ..4f882d33
-			pub..b79d7217
+			// ..596efb17
+			pub..2df66878
-			// ..2fe2fde9
-			pub..e8003fd3
+			// ..64b1bbcd
+			pub..308cab21
-			// ..70b8da1b
-			pub..8054b277
+			// ..aa6f38b7
+			pub..4d184e1f
-			// ..d58dd4f6
-			pub..cebea4d6
+			// ..8270a719
+			pub..08c2f404
-			// ..7127c5e4
-			pub..20528321
+			// ..868967ca
+			pub..4e2de088
-			// ..19683d7d
-			pub..8789ea3a
+			// ..fae26c2f
+			pub..16bf8939
+			// ..67fbf252
+			pub..acaf5519
+..101c47eb
-			pub..5b1b9222
+			pub..7fc2d279
-			pub..207fc265
+			pub..ec1e4993
-			pub..c726f80e
+			pub..463e3eed
-			pub..0a6ca0d5
+			pub..d17e74a8
-			pub..ec3b79b9
+			pub..0bed9e5f
-			pub..dfec8605
+			pub..8a01d92b
-			pub..f0dc5c72
+			pub..5cb93c93
-			// ..dc2c2101
-			pub..606eff48
+			// ..f191133e
+			pub..53f6cb7a
-			// ..e34fd166
-			pub..1f1d2486
+			// ..4d5399d0
+			pub..2d74772d
-			pub..caf57288
+			pub..8989757f
-			pub..ff4f8ef0
+			pub..4ddfa72c
-			pub..8281ebee
+			pub..14a9cb7b
-			pub..6d0559b2
+			pub..5a3a31f9
-			pub..3f547f74
+			pub..2c2d8e59
-			pub..4eb680f1
+			pub..bc2e5458
-			pub..050d9697
+			pub..737c8372
-			pub..26fbec90
-..e9e39a7b
-			// ..bc7cdca9
-			pub..7cc5e008
+			pub..013db21b
-      ..f537f2ff
+      ..bd0169b2
+      ..89b92aba
+      ..f506f020
+      ..fe9c4200
-      ..a40d9e46
+      ..71c821a9
-      ..82dd5681
-      ..537c6476
+      ..8d3fb956