-      ..d8a171bf
+      ..de002c50
+      ..83a3ca4d
+      ..9eb97c7d
+      ..fcc36ca4
+      ..6684e534
+      ..4e6ac619
+      ..c229e8f0
+      ..b31d226b
+      ..05351c1e
+      ..e85592ec
+      ..7b6d9dee
+      ..7dd1fa5b
+      ..6fdfb2ad
+      ..9d7061f2
+      ..52a58c25
+      ..047a65f6
+      ..2c08a53f
+      ..975f9c64
+      ..fa773267
+..d7a336e4
-      ..ba9aebdf
+      ..3c76161d
-      ..1470cd3f
-      ..c6f3bea3
+      ..56b28bb3
+      ..918e4ce3
+      ..c926f30b
+      ..e83c5e33
+      ..8e9e1700
+      ..6c9403e9
-      ..142a2516
+      ..cee65d56
+using ..8895d4f4
-//    ..a4d5e5fd
-//    ..0d89c7c4
-//    ..a5aea807
+      ..466ecc82
+      ..9a4ae88c
+      ..787e056e
-      ..65bffb4f
+      ..1691368c
+      ..953ac93d
-      ..3dc0ca68
+      ..d84d1ea7
+      ..0395ec52
-      ..fa575048
+      ..e736900e
+      ..c629bcf3
+      ..84f40677
+import..8ebca35f
+..d7a336e4
+    pr..4a23bd46
-      ..624823ef
+      ..b611a3fb
-      ..12383525
-      ..d0ed6d70
-      ..88f973c0
+      ..b409712d
+      ..0c8f3914
+      ..0462980d
-      ..34aa58bb
+      ..66e095ab
-      ..445739c9
+      ..db3ff3d1
-    pr..c407a4f9
+    pr..9cbc323b
-      ..f7d88bec
+      ..6ddbbb3f
-      ..fae49d84
-      ..65913187
-      ..bd835bd4
+      ..08678eb1
-    pr..6ebe0fe8
-      ..1241f3a1
-      ..b7808843
+    pr..841c0353
+      ..50d1b2b7
+      ..a4cfbcb3
+      ..019be480
+      ..d1499282
+      ..33482636
+      ..a33c432a
+      ..f3bc1434
-      ..927a6661
+      ..a1c9c84b
-<manif..6457ae33
+<manif..4e5ddc1a
-[assem..1696239d
-[assem..b09ed7e2
+[assem..26d77c5a
+[assem..6f6045b9
-			// ..23d9894b
-			pub..4face5dd
+			// ..1e63321a
+			pub..ceeb2d3d
-			// ..a187eb45
-			pub..00e15c4e
+			// ..11be7453
+			pub..d445fe7b
-			// ..64edb75a
-			pub..0d98c9ae
+			// ..d32bc52a
+			pub..d52c8fdc
-			// ..6186bfcd
-			pub..8cb283fd
+			// ..93c7e60f
+			pub..f5ec72fb
-			// ..22953fb9
-			pub..89060534
+			// ..f688d6a6
+			pub..8cc8c5b0
-			// ..323a7862
-			pub..ecc98d12
+			// ..0763af9c
+			pub..8a30d857
-			// ..55fc8c3e
-			pub..16e726ba
+			// ..c2f9a09f
+			pub..976729e3
-			// ..27540251
-			pub..dad5a142
+			// ..b7f14b5c
+			pub..f2a7734b
-			// ..c81bcb53
-			pub..136da826
+			// ..1ca60570
+			pub..d3709d44
-			// ..80233418
-			pub..7b05352d
+			// ..4944823a
+			pub..73bad715
-			// ..4a452866
-			pub..aa9e537d
+			// ..3695dc33
+			pub..9b38cea6
-			// ..888e99ea
-			pub..28dd362a
+			// ..76a5a140
+			pub..5298a5fc
-			// ..51ced9ff
-			pub..9096b184
+			// ..a3d88f23
+			pub..f0cbcab4
-			// ..99671cc2
-			pub..04f4715e
+			// ..ba8da31e
+			pub..57911f23
-			// ..fa332918
-			pub..e8de284f
+			// ..b669dbb0
+			pub..40c51bbc
-			// ..ed2f63d9
-			pub..272c73cf
+			// ..1bd977b5
+			pub..a1a63338
-			// ..65b3ee8b
-			pub..235bc039
+			// ..c00bab43
+			pub..e2490cf6
-			// ..26c4bd5f
-			pub..b7f1fd82
+			// ..6d575b6a
+			pub..5d5c94ca
-			// ..3e9f4462
-			pub..072bcc10
+			// ..8253c156
+			pub..cbbc79c6
-			// ..7c2591b9
-			pub..1b490d8a
+			// ..edb7fda8
+			pub..2377c881
-			// ..fad68907
-			pub..718acbeb
+			// ..074b508a
+			pub..b3707008
-			// ..e5b18886
-			pub..1dace337
+			// ..f7865f94
+			pub..dc25b79c
-			// ..ac6f82fe
-			pub..eb4f3af9
+			// ..3170e0d5
+			pub..ccf08d5d
-			// ..1d885c4a
-			pub..1acd9b61
+			// ..ee018d23
+			pub..f66d5ecb
-			// ..129a24a6
-			pub..593f2a60
+			// ..424c5b4a
+			pub..0f2c41ca
-			// ..48bf86b9
-			pub..73902a6e
+			// ..7be234dd
+			pub..84f3bae3
-			// ..ae6055d0
-			pub..f14ad906
+			// ..a92bbf0a
+			pub..66fcbf2e
-			// ..2e2a2423
-			pub..68a0e105
+			// ..f0c08182
+			pub..a5ce9cd8
-			// ..bd5ac360
-			pub..56f47e6f
+			// ..1dbf14c1
+			pub..238b9f6f
-			// ..df39c7c6
-			pub..b24fee2e
+			// ..00b31142
+			pub..28f474f4
-			// ..b19dcef1
-			pub..0b74f7f1
+			// ..82428f44
+			pub..9b75ac4e
-			// ..de4b3cde
-			pub..ee411f13
+			// ..fc9e4f23
+			pub..fd50f858
-			// ..87c477bb
-			pub..9e634d64
+			// ..0546d348
+			pub..7194ef55
-			// ..1d225afa
-			pub..a2a9bc90
+			// ..f049466e
+			pub..31d6f877
-			// ..e594e551
-			pub..22bf706e
+			// ..63c5bc0e
+			pub..c7939234
-			// ..e4506acf
-			pub..5e63b434
+			// ..6e7a3e44
+			pub..f49fb677
-			// ..66a709d8
-			pub..3a32eb0e
+			// ..664b59f4
+			pub..f030ac6c
-			// ..b6b6eb04
-			pub..85877fc9
+			// ..d3f58306
+			pub..510b3cd8
-			// ..ce036479
-			pub..f1b668f2
+			// ..571880d7
+			pub..c2b7af87
-			// ..2dc93040
-			pub..e31d2606
+			// ..6e2b1904
+			pub..30f9d5e5
-			// ..841dd6b3
-			pub..5b7ebc9a
+			// ..62bc4230
+			pub..9e4e942c
-			// ..515c3e70
-			pub..dd564767
+			// ..30d2d054
+			pub..9e77932d
-			// ..f11709e6
-			pub..ab4401eb
+			// ..e0116eac
+			pub..edcca9e4
-			// ..d4449fc4
-			pub..c38321a3
+			// ..f635957e
+			pub..fb10a5a5
-			// ..6d23967a
-			pub..38f1eac6
+			// ..29d2cd3c
+			pub..144baa5f
-			// ..adfea8fc
-			pub..3fe3454a
+			// ..9453e1b6
+			pub..aa7fab5b
-			// ..cd75969e
-			pub..070c2d1e
+			// ..120b143b
+			pub..811a3c0c
-			// ..08388371
-			pub..636b228f
+			// ..3b73185f
+			pub..54f2db86
-			// ..366727d0
-			pub..e8246e59
+			// ..7f12d17a
+			pub..e39c81d0
-			// ..8a095ccd
-			pub..d6ef3564
+			// ..43b5093f
+			pub..348e821f
-			// ..6d1d53f1
-			pub..e5a262be
+			// ..2cafd843
+			pub..381c59dd
-			// ..63c30c75
-			pub..779971cb
+			// ..cddac5d7
+			pub..ef5ce05c
-			// ..e641d4de
-			pub..c15e4af6
+			// ..1466897f
+			pub..70d83c07
-			// ..28847ee6
-			pub..b026ce46
+			// ..babd8168
+			pub..1b5b5129
-			// ..97813b7f
-			pub..f1142be2
+			// ..50a0609f
+			pub..0813baec
-			// ..c08131fd
-			pub..0220d231
+			// ..e0875088
+			pub..0a28b0b7
-			// ..27b54527
-			pub..48c6f09c
+			// ..76dc93f7
+			pub..144bf4f7
-			// ..1282b3ff
-			pub..9fa475d1
+			// ..6e4384e6
+			pub..8eca90d7
-			// ..ebfc7f62
-			pub..1d2292f0
+			// ..32d16b89
+			pub..ba351daa
-			// ..85c7a7b8
-			pub..2e790b35
+			// ..af9e1d2f
+			pub..255e3bc4
-			// ..9abd4f21
-			pub..4b191647
+			// ..1b70b5ab
+			pub..daa587c2
-			// ..271db1da
-			pub..9ef062dc
+			// ..e040f691
+			pub..e800fb5d
-			// ..03f8d7b5
-			pub..0534e374
+			// ..3a8acc8f
+			pub..eee5ccc3
-			// ..8fe73bbb
-			pub..0f38580e
+			// ..bd9eb474
+			pub..abf8b907
-			// ..672d0a88
-			pub..dbdaac54
+			// ..cede655b
+			pub..d9b66817
-			// ..b5e7b35a
-			pub..6cd735d2
+			// ..d79a930c
+			pub..3b77ec0b
-			// ..a3907784
-			pub..b5f82036
+			// ..e282e440
+			pub..193f2886
-			// ..32e6c172
-			pub..017fe4ce
+			// ..b153f8da
+			pub..661922b6
-			// ..3afc9949
-			pub..101c73f3
+			// ..7da8630b
+			pub..839532d7
-			// ..ae543168
-			pub..f4b832e9
+			// ..79c33dbb
+			pub..6486d9a9
-			// ..3947bc6f
-			pub..6efd0ee2
+			// ..f71dec19
+			pub..5ca20bb5
-			// ..de86d077
-			pub..aca41251
+			// ..acaed470
+			pub..96e59570
-			// ..0fb2c3b7
-			pub..4fe08460
+			// ..32df613d
+			pub..34f17831
-			// ..b3d95f0a
-			pub..492c4078
+			// ..d558ad92
+			pub..373594a6
-			// ..3da494ab
-			pub..8ba3639d
+			// ..f1aa7b6c
+			pub..ba41e1cf
-			// ..837509c1
-			pub..ef21ad88
+			// ..381cc54d
+			pub..d53f0c6b
-			// ..7bbb9beb
-			pub..cc22dd50
+			// ..f278fb7b
+			pub..097716c8
-			// ..fc666770
-			pub..696ed68d
+			// ..66d7615d
+			pub..48d4d03f
-			// ..559d2f16
-			pub..00f0804c
+			// ..230e4ede
+			pub..80383dbb
-			// ..9d20c166
-			pub..483fcf0f
+			// ..a5a2740b
+			pub..74a6d358
-			// ..c130d3fd
-			pub..548160bc
+			// ..6f47a25d
+			pub..ffe89a79
-			// ..d991c7d1
-			pub..07121b51
+			// ..15c0aac2
+			pub..d54b9bd3
-			// ..8a98ea11
-			pub..b03b95e2
+			// ..72d09f58
+			pub..91d45b61
-			// ..caec2fe0
-			pub..2e8dc079
+			// ..99616180
+			pub..031626c6
-			// ..685d9658
-			pub..d66cea99
+			// ..d35c1ad1
+			pub..488dc580
-			// ..2b40e461
-			pub..b65b4e1e
+			// ..c57a1090
+			pub..2531b4d7
-			// ..0451005f
-			pub..8c825529
+			// ..b782e74e
+			pub..65344923
-			// ..dadd6c80
-			pub..5c3a6e22
+			// ..60478943
+			pub..57be47a7
-			// ..83c01ca3
-			pub..287e6727
+			// ..4b10a32b
+			pub..c5f9f496
-			// ..5d792e35
-			pub..8d8d769a
+			// ..db09a3b1
+			pub..06520c80
-			// ..aa04de8b
-			pub..0ea4ba34
+			// ..b71e49af
+			pub..bc5df982
-			// ..492966a8
-			pub..0d7af1d5
+			// ..37cf5f97
+			pub..00be3f86
-			// ..14020028
-			pub..2bbbe8b6
+			// ..fe08c13a
+			pub..e6c30c0b
-			// ..588b41c5
-			pub..c8982a67
+			// ..6fd641d9
+			pub..8f7b5788
-			// ..4953b9ab
-			pub..0f9298bd
+			// ..cafc560d
+			pub..620b0c5b
-			// ..fcaa6355
-			pub..7b75a533
+			// ..5df258e3
+			pub..439f27e9
-			// ..21ea5d86
-			pub..81466ef2
+			// ..4612af3c
+			pub..4c8a75cf
-			// ..5a15ad03
-			pub..2e517356
+			// ..94885c90
+			pub..501aa925
-			// ..b29a673c
-			pub..e1d7b826
+			// ..4508003b
+			pub..0f962470
-			// ..e1ba6c3a
-			pub..01661bcc
+			// ..0bc2ed3b
+			pub..51644d9a
-			// ..c620cdcc
-			pub..118fdd17
+			// ..c1ea8714
+			pub..e083fa6d
-			// ..c7fcc1cf
-			pub..0b4d2547
+			// ..cdf813b5
+			pub..4242088f
-			// ..6e433ae8
-			pub..9eb04c42
+			// ..fe5a6d83
+			pub..02788f36
-			// ..b8ff6f3d
-			pub..24ccaf53
+			// ..0a8fd311
+			pub..5fe374d6
-			// ..9d3ffcc0
-			pub..3ccd0d9f
+			// ..20e9b076
+			pub..5f55c873
-			// ..011c42cc
-			pub..e8414e1d
+			// ..2cffe227
+			pub..4b6a9b09
-			// ..959fe426
-			pub..c517ce04
+			// ..af162268
+			pub..80e6d55f
-			// ..4e2e1c50
-			pub..7850e64b
+			// ..145d45a7
+			pub..310462e0
-			// ..61158e76
-			pub..1b319b24
+			// ..8e965004
+			pub..b06cc173
-			// ..edf0e9c5
-			pub..efc29b77
+			// ..2f1a21a6
+			pub..b4504221
-			// ..f337d21e
-			pub..a12cfe2a
+			// ..015f569f
+			pub..9dc1abf9
-			// ..917d07a1
-			pub..1670c4de
+			// ..80102c3f
+			pub..1d1a03b3
-			// ..1a497b63
-			pub..4c6983ab
+			// ..22a44bf1
+			pub..7e8bb5be
-			// ..52f39b7b
-			pub..35809353
+			// ..d24c36a7
+			pub..5692f9ff
-			// ..b05d1818
-			pub..b8ac086b
+			// ..2aea495b
+			pub..752ac513
-			// ..0bcb6598
-			pub..961c3336
+			// ..5bd7fde4
+			pub..b2174ad6
-			// ..cbfa8b26
-			pub..49f8a216
+			// ..71f626af
+			pub..07f4956c
-			// ..92bafd8b
-			pub..9dd7cff5
+			// ..ca50ba39
+			pub..00e63bdb
-			// ..e2ab2ef6
-			pub..ff711fdd
+			// ..1b060657
+			pub..f4f91cb7
-			// ..0e2a00c1
-			pub..e4613a57
+			// ..a7b2a3ea
+			pub..1217647d
-			// ..df2e0842
-			pub..d93f6268
+			// ..b2277d6f
+			pub..e525f3c7
-			// ..e10f4af1
-			pub..818b0885
+			// ..8aaf482e
+			pub..4076c74e
-			// ..cd8a97cb
-			pub..6707729b
+			// ..5abd9a57
+			pub..d5262982
-			// ..5893039d
-			pub..69749e04
+			// ..90de16a5
+			pub..2be1a8dd
-			// ..7bcc02c5
-			pub..bfc374df
+			// ..8c14165a
+			pub..365562a3
-			// ..12855ae6
-			pub..2dddbc43
+			// ..d45ad631
+			pub..5d240f85
-			// ..b5f8c7d0
-			pub..2dd91229
+			// ..03d1ad2e
+			pub..d64a92c1
-			// ..a87d8a4b
-			pub..99e9c1e9
+			// ..dc832085
+			pub..e4d6de0f
-			// ..eb462bfa
-			pub..9ee12e81
+			// ..8ac75180
+			pub..f3e1d4ab
-			// ..08baf08a
-			pub..321dbe0f
+			// ..37440f10
+			pub..c9125f4d
-			// ..8200d0e9
-			pub..ec32f423
+			// ..ff00790e
+			pub..5529bd34
-			// ..82d18ac2
-			pub..5a5f8254
+			// ..e8829a9d
+			pub..460a081e
-			// ..d778596e
-			pub..ab9ab450
+			// ..2cbf6d81
+			pub..bf9a6768
-			// ..b46bf01f
-			pub..dc9befbd
+			// ..77c3dfe6
+			pub..d74c764b
-			// ..8bf5a537
-			pub..d02b6393
+			// ..6faccd28
+			pub..8bc07a81
-			// ..6f1230e1
-			pub..e2c4f8ff
+			// ..fbe8b101
+			pub..f1922f12
-			// ..2e98f0f1
-			pub..4a8f9a77
+			// ..f0607ad7
+			pub..538f3e82
-			// ..f4db066b
-			pub..6f3d8d3d
+			// ..b6490d30
+			pub..42f717f7
-			// ..c28fd004
-			pub..1fee8369
+			// ..53c2682a
+			pub..9e4713ed
-			// ..0ccc84c4
-			pub..226c9f13
+			// ..e8ced912
+			pub..4507d1c1
-			// ..109e3663
-			pub..0fb97a32
+			// ..dca25816
+			pub..b6fbc737
-			// ..faa7cdc1
-			pub..07324de9
+			// ..b06c0b16
+			pub..bffbbcdf
-			// ..2fcd7400
-			pub..ceb2dc5b
+			// ..8378deab
+			pub..15ced9a6
-			// ..b548df7b
-			pub..4ab6f95e
+			// ..529cced3
+			pub..92aa7383
-			// ..e844b8cc
-			pub..adedd1e3
+			// ..94193556
+			pub..d70a5ea3
-			// ..d425762b
-			pub..f1cc5c9b
+			// ..6713d7dc
+			pub..068abd13
-			// ..4efa0c52
-			pub..7b1a1d3f
+			// ..912109c3
+			pub..4cf8642e
-			// ..efde9313
-			pub..cbb80190
+			// ..0346b296
+			pub..347ce721
-			// ..dac91de6
-			pub..6a00ba1a
+			// ..dfc475cc
+			pub..debdeab4
-			// ..8641c09a
-			pub..20a8a57c
+			// ..eb6808b0
+			pub..d58a77a8
-			// ..2b52851f
-			pub..c22d4793
+			// ..8c527e31
+			pub..bbac163f
-			// ..242f0c41
-			pub..901c3c2d
+			// ..9df8a93a
+			pub..52c053ab
-			// ..6d6eb074
-			pub..1e396e60
+			// ..7f36a850
+			pub..0e642a3b
-			// ..962cf299
-			pub..6f1b5663
+			// ..cbcb72bf
+			pub..68e09f41
-			// ..39c823e3
-			pub..9ea72ace
+			// ..95ed62a5
+			pub..b1d9861c
-			// ..c54c6a53
-			pub..8063fb26
-..0c625364
-			pub..7084f4e4
+			pub..81bd0604
-			pub..13d82991
+			pub..24b6e0aa
-			pub..74d10dc6
+			pub..df8eca3c
-			pub..44687b3a
+			pub..31339369
-			pub..5d46c28d
+			pub..cb52353d
-			pub..9faf52c0
+			pub..9dc0093c
-			pub..6e97142e
-..0c625364
-			// ..ccc88f11
-			pub..9349a583
+			pub..85733480
-			pub..0e0648e7
+			pub..3d062788
+..d7a336e4
+			// ..6caba9a7
+			pub..3b542e52
-			pub..18273f2f
+			pub..d109cacf
-			pub..a73a81ce
+			pub..5284b3ed
-			pub..f73611c0
+			pub..d81f4938
-			pub..6776e6dc
+			pub..6dc96010
-			pub..8b50898e
+			pub..09a48cd4
-			pub..78c35332
+			pub..88a12bf7
-			pub..a6ea590a
+			pub..434be471
-			pub..d2d99a09
+			pub..a0801d4b
+..d7a336e4
+			// ..12d8abe1
+			pub..4f98a950
-      ..0da7d158
+      ..80929d1f
-      ..e50d6d78
+      ..68554803
-      ..d89b25e4
+      ..bf48d2be
-      ..234df251
+      ..e7044538
+      ..377b6537
-      ..6a040ce4
+      ..dca7b811
-      ..6bf70d07
-      ..540d53c8
+      ..e7d23693
-      ..7ba1bc99
-      ..e861ebc1
+      ..6730ed20
+      ..0ba2fca1
-      ..b6fafad0
+      ..e5225004
-      ..e6c61901
+      ..1321b93d
-      ..4a7ead57
+      ..dec708ba
-      ..84f8b774
+      ..401b4601
-      ..f51d5c3e
+      ..b6bd9b56
+      ..88b4a029