-      ..f40d4551
-      ..38f7fc6f
-      ..e7448900
-      ..41487c3b
+      ..fd4eb8b8
+      ..3835ffd0
+      ..be6c71ab
+      ..f64fc92e
-      ..17a442a3
-      ..9c19257b
-      ..4ed28a1a
+      ..3eac92c3
+      ..ddcac8cb
+      ..016a9049
-      ..52698f5c
+      ..eb452308
+use Wa..1e5ae968
-      ..1c4ab8a4
-      ..a514f99a
-      ..de9732d3
+      ..025961a7
+      ..a4eecbbf
+      ..ff838bae
-      ..72ba96b6
+      ..168f663d
-      ..04419286
-      ..8edda4fd
+      ..f06d02e4
+      ..bdff9fe6
-      ..52698f5c
+      ..eb452308
-      ..62cfc38b
+      ..99f4fc45
-      ..661c3eb4
+      ..c1f9cf6e
-      ..c92c4a86
-      ..3f619db2
-      ..4e23e0fe
-      ..b8875221
-      ..531c648d
+      ..94f8d344
+      ..d3c01b37
-      ..c92c4a86
-      ..3f619db2
-      ..4e23e0fe
-      ..b8875221
-      ..531c648d
+      ..94f8d344
+      ..d3c01b37
+      ..eea37acf
-      ..651c5452
-      ..e4b43901
-      ..a8ded2ca
+      ..17b35bc9
+      ..e0da2cf1
+      ..5b0b6603
-      ..651c5452
-      ..e4b43901
-      ..a8ded2ca
+      ..17b35bc9
+      ..e0da2cf1
+      ..5b0b6603
-      ..88dc8366
-..3692a3f9
-      ..72ba96b6
+      ..168f663d
-      ..b4d43f0d
-      ..3fdafcbb
-      ..0009ac68
+      ..f5a54e62
+      ..71069378
+      ..d9b25596
-      ..8edda4fd
+      ..bdff9fe6
+..1bab5bdd
+    pr..4ef3daf7
+      ..8a0b9509
+      ..4ec1e5f8
+      ..fef4b899
+      ..526278bc
+..1bab5bdd
+      ..fe4c2681
+      ..b020b367
+      ..e86801b6
+      ..44aac1b3
+      ..a232b6e8
+      ..4bdc8ebb
+..1bab5bdd
+      ..84f337c7
+    }..2ec22784
+..1bab5bdd
+    pr..3ca0d731
+      ..8ce841ea
+      ..eb452308
+      ..e8348196
+      ..df13bece
+      ..4bdc8ebb
+      ..da3a1bdf
+    }..2ec22784