+    <C..628519bf
+..7134d688
-      ..a8d8bccd
+      ..58461d46
+      ..e13d73ba
-      ..299805dd
+      ..6ce3554b
+      ..511f3540
+      ..e475b530
+      ..1e0d3bd8
-      ..e028c37b
-      ..6a6d5e39
+      ..61784305
+      ..556483bf
+      ..7d547226
+      ..dc6f6aeb
+      ..d5476ee6
-      ..e9f76e1c
-      ..8aaf176d
-      ..5f2c6f24
+      ..a737fa2f
-      ..62a6a29f
-      ..4e28bb8d
+      ..1625db9b
-      ..bb625ba1
-..85c526fd
-      ..e33b33d5
+      ..1cc4e4b8
-﻿usi..2b170e22
+﻿usi..e38cb698
+using ..c34101d0
+using ..88608ccb
-      ..ac27c4e0
-..85c526fd
-      ..c8f9dfa7
+      ..bb7d2c28
--- /de..3c1f5edc
+﻿usi..16a5480d
+..7134d688
+namesp..6962fcc6
+{..d4f8f2dd
+    pu..7b85c135
+    {..d1449d85
+      ..cb1a0fa4
+..7134d688
+      ..fd173663
+      ..01ae7fdf
+      ..ed30d24b
+      ..34a6d7b8
+      ..1ad19342
+      ..990216ae
+..7134d688
+      ..378a9d07
+..7134d688
+      ..698050fe
+..7134d688
+      ..6512a21a
+..7134d688
+      ..bedcb55a
+..7134d688
+      ..8edfd291
+..7134d688
+      ..378a9d07
+    }..23dd783f
+}..99abc320
-			// ..67671503
-			pub..cfa68d8b
+			// ..8d265690
+			pub..5fbef8ed
-			// ..cbb16b5d
-			pub..d8cf5e33
+			// ..c60927c8
+			pub..a38a4aa1
-			// ..be4af0a3
-			pub..26954d5e
+			// ..185f4272
+			pub..4793b41a
-			// ..5f335b7d
-			pub..5bd2b9cd
+			// ..c773bf5a
+			pub..6bf28e96
-			// ..41035681
-			pub..26411ecf
+			// ..0741e5e9
+			pub..6064736d
-			// ..ee7262fe
-			pub..3c512071
+			// ..0dea9429
+			pub..ef6b9e51
-			// ..7c74face
-			pub..6e203870
+			// ..015606ed
+			pub..c748d08d
-			// ..f66da178
-			pub..6bb7fd73
+			// ..6a2a6e9f
+			pub..1f4ba1aa
-			// ..4a086d0a
-			pub..77c28800
+			// ..d8b828b8
+			pub..454b751f
-			// ..3e29b744
-			pub..36de43c3
+			// ..453ebc20
+			pub..bc25c1ae
-			// ..60a73ecf
-			pub..9f5f9d5c
+			// ..9f301caa
+			pub..95e00f23
-			// ..f265c421
-			pub..97127176
+			// ..676fc503
+			pub..d4c7e860
-			// ..3d576f8f
-			pub..537ff03e
+			// ..d1c4f982
+			pub..ce20ac4e
-			// ..7bc8b77d
-			pub..ecbdc6de
+			// ..b47fdd68
+			pub..d74a1476
-			// ..722fa85f
-			pub..8e33bb64
+			// ..c7181636
+			pub..fecd37a7
-			// ..d9848d7e
-			pub..9bd5da5d
+			// ..de5b02aa
+			pub..0de6f3f8
-			// ..098365a4
-			pub..b2884f41
+			// ..7c57771f
+			pub..8b792621
-			// ..5a44bce1
-			pub..72f21295
+			// ..6c910e45
+			pub..6274ff18
-			// ..3512ba77
-			pub..1b8c3441
+			// ..2e66b5cb
+			pub..369cff97
-			// ..fb60da2d
-			pub..091f4eae
+			// ..015eedfb
+			pub..3152d227
-			// ..35c98621
-			pub..4f9431ac
+			// ..f22a6f94
+			pub..b0f25245
-			// ..f378d359
-			pub..557de855
+			// ..3e31597c
+			pub..adcdb00a
-			// ..ce9fb83a
-			pub..4329ebd8
+			// ..488dce61
+			pub..f1158819
-			// ..4418ddf1
-			pub..8fe2444b
+			// ..e86f611a
+			pub..54dbf73b
-			// ..32edaaf7
-			pub..05b58311
-..85c526fd
-			pub..60408c0a
+			pub..1b9d305a
-			// ..ecb038aa
-			pub..02c9b25c
+			// ..dd31086d
+			pub..43a69c1d
-			// ..91b40e7b
-			pub..f17b3dcf
+			// ..f921d881
+			pub..773a0a1d
-			pub..e1b59638
+			pub..d1bd5c41
+..7134d688
+			// ..e4f518ac
+			pub..9cada369
-			// ..a1848ca1
-			pub..8bcd4768
+			// ..0c09bea9
+			pub..68f4bf05
-			// ..91fea908
-			pub..6b5b2691
+			// ..cc6dd1d2
+			pub..d5de2749
-			// ..20af2fbc
-			pub..19ea5de0
+			// ..7fc5f7c0
+			pub..1c227ab8
-			// ..140d606b
-			pub..d150de9f
+			// ..89286cdd
+			pub..5b966cc7
-			// ..e42c4b77
-			pub..5dab3929
+			// ..ef7aa17d
+			pub..9c3f5ada
-			// ..230a5d50
-			pub..bca54555
+			// ..04ff8b60
+			pub..11ba4896
-			// ..8a631f19
-			pub..c4fb98ff
+			// ..c46101cf
+			pub..cee4b3f3
-			// ..db9b2277
-			pub..b1ff369d
+			// ..685261b4
+			pub..d2c9c92e
-			// ..4b4f6cdf
-			pub..6b311ee2
+			// ..1e882680
+			pub..e3afc66f
-			// ..3185c2f9
-			pub..efbf58cd
+			// ..ddc98647
+			pub..e3da86cc
-			// ..f729ef82
-			pub..0092bd94
+			// ..200db2b5
+			pub..cdf2ed43
-			// ..c2febc68
-			pub..89d77071
+			// ..b1c8c703
+			pub..2c4134ca
-			// ..8d0543c9
-			pub..964dd5d9
+			// ..7bbd3ebd
+			pub..486e6a2b
-			// ..855a6d4e
-			pub..19f13e51
+			// ..19227b2c
+			pub..92bd8527
-			// ..7af9f986
-			pub..4217a8a6
+			// ..978fe678
+			pub..dfb1c408
-			// ..f9414b30
-			pub..f4c2ab16
+			// ..50f7dd87
+			pub..ba61998c
-			// ..0b21ebf0
-			pub..ad2789cc
+			// ..8aaa5779
+			pub..14b01218
-			// ..592c91d9
-			pub..b5400d52
+			// ..995e29a9
+			pub..4e4e243a
-			// ..c0d6eb81
-			pub..3746652b
+			// ..889ea726
+			pub..8af0837c
-			// ..57f1d39a
-			pub..2a0a8e46
+			// ..4953fbda
+			pub..4a31db39
-			// ..3f36686e
-			pub..a2fc1edf
+			// ..d4deb7e9
+			pub..cea1b481
-			// ..19acd9c3
-			pub..71b7456b
+			// ..296a2763
+			pub..00dc12b8
-			// ..e2fc571e
-			pub..44417a28
+			// ..723bc3bc
+			pub..473fbfa1
-			// ..cda5c018
-			pub..8c3ae8a6
+			// ..95e3e275
+			pub..0d68af99
-			// ..ebef0993
-			pub..b15eb7af
+			// ..26d15bc4
+			pub..3f0d47a8
-			// ..f4d817b4
-			pub..ee3709db
+			// ..417c6eef
+			pub..62bd687d
-			// ..b9c36822
-			pub..0768d9e3
+			// ..ec403e58
+			pub..6ead2324
-			// ..e4241b8a
-			pub..6be98991
+			// ..fc6ca6ad
+			pub..b0d3ab4a
-			// ..e2c1aed6
-			pub..72baf7dc
+			// ..85f720a5
+			pub..3e65cf4f
-			// ..b11033ce
-			pub..319dcec3
+			// ..212d7556
+			pub..c424504f
-			// ..f6a98e34
-			pub..c6ba5db4
-..85c526fd
-			// ..482e7e96
-			pub..44d4846a
+			// ..3f4bead9
+			pub..55b8ef5f
-			pub..37700bcb
+			pub..a8ab3319
+..7134d688
+			// ..45156310
+			pub..2b9cb5f3
-			// ..4a3e5370
-			pub..9fb1db7e
-..85c526fd
-			pub..1af51767
+			pub..db9997c4
-			// ..e5d79a9c
-			pub..a66e30c6
-..85c526fd
-			// ..4dc1f5f7
-			pub..e5f6ad40
+			// ..d84f2cb1
+			pub..747866e6
-			pub..a1290d8b
+			pub..b46a5a78
-			// ..64c6b8f3
-			pub..e0d39dd1
+			// ..f599ae15
+			pub..c42b291a
-			pub..138908d0
+			pub..df0104e8
-			// ..79704f50
-			pub..dcaf891c
+			// ..700b502a
+			pub..e67fadb2
-			pub..56e96a0b
+			pub..827af3d0
+..7134d688
+			// ..f8a67359
+			pub..40585f27
-			pub..ce36b609
+			pub..b7b0beec
-			pub..b57c2bcd
+			pub..5b3e328a
-			// ..685a17aa
-			pub..b5818425
+			// ..5d3d9e6c
+			pub..ac87d87b
-			pub..08a027c5
+			pub..7e8a1d3f
-			// ..629f1b25
-			pub..0ff09ed0
+			// ..81056b5a
+			pub..377fd6f1
+..7134d688
+			// ..193a0f30
+			pub..91cc19ed
-			// ..53837810
-			pub..bdf88a91
+			// ..ca49f142
+			pub..62b22905
-			// ..44865638
-			pub..c017755d
+			// ..d3f52b23
+			pub..7969759a
-			// ..abc6edc7
-			pub..3f2a9146
+			// ..0f1245c0
+			pub..2525115c
-			// ..a3c4ce04
-			pub..fc28c043
+			// ..8a034403
+			pub..60bf19db
-			// ..3e880a2a
-			pub..c33b4100
+			// ..97ae48d5
+			pub..a1c6ccb4
-			// ..7c96e142
-			pub..4b903a13
+			// ..d7763423
+			pub..5adf920e
-			// ..adb40aec
-			pub..58aa7d21
+			// ..ed0205dc
+			pub..5e95075a
-			// ..cdcdc978
-			pub..e4c348ff
+			// ..b9ff3ca4
+			pub..e4c8fc78
-			// ..9b961491
-			pub..e8686f9a
+			// ..a83ae7a6
+			pub..262b55bf
-			// ..71dfc4b8
-			pub..14dd35d8
+			// ..194130af
+			pub..17ec225b
-			// ..b351a7ce
-			pub..1edde411
+			// ..a3bb8f25
+			pub..766cf08e
-			// ..f068b484
-			pub..5e487eb3
+			// ..9c53f715
+			pub..73b5b73f
-			// ..70472fc1
-			pub..e0bf7086
+			// ..49a26359
+			pub..cc113cba
-			// ..4e6d520e
-			pub..922d3b63
+			// ..498e7744
+			pub..dbaee0a1
-			// ..dca96eb8
-			pub..8534c4a8
+			// ..23905aa6
+			pub..8d185a22
-			// ..ed1ca582
-			pub..7f5492e5
+			// ..55b6aafb
+			pub..ea2f092b
-			// ..8b1d892e
-			pub..cd83b5cd
+			// ..d713eeaf
+			pub..136c6f90
-			// ..a13858d6
-			pub..e15d2244
+			// ..66cfd9ab
+			pub..aaeed746
-  <Tex..751ab3fe
+  <Tex..6bdee63a
+      ..50155537
+      ..4da911a9
-﻿usi..07834926
+﻿usi..27d0d080
+using ..19f9aefc
-      ..1279d1c2
+      ..2ee0fcd6
+using ..39e07c4b
-      ..59c920af
+      ..884ae298
-      ..013a725e
+      ..176ffde6
+      ..8424e3b0
-      ..47aa43b6
+      ..4dca5300
+      ..accaac6b
+..7134d688
+      ..3f5f9578
-      ..9feb4fc1
-      ..f1bc06a8
-      ..a0b4e8ad
-      ..f1bd65db
+      ..dd173026
+      ..4dca5300
+      ..accaac6b
+..7134d688
+      ..49bb4e53
+      ..3a7c2ee2
+      ..8424e3b0
+      ..fd80bb98
+      ..7d547226
+      ..8702f1a8
+      ..ead604a1
+      ..7e3cd3ad
+      ..065298fe
+      ..deeaf4db
+      ..be83e133
+..7134d688
+      ..6840d80f
+      ..7d547226
+      ..dde2a382
+      ..bdb1875c
+      ..ed9190b1
+      ..be83e133
-      ..809a1a44
+      ..ce8def0f