+      ..7af080a5
+      ..0c75306d
+      ..fbe8a143
+      ..1c56b537
+      ..7ab56187
+      ..d9eeb043
+..2ab2d3bb
-			// ..7dc7ccb3
-			pub..3934bcc4
+			// ..e956b9f0
+			pub..0bfd22e2
-			// ..487a54ab
-			pub..9f18bbe7
+			// ..49bce835
+			pub..b9b1ce13
-			// ..a8055336
-			pub..2763e007
+			// ..ffd259af
+			pub..f54847f4
-			// ..00d9a203
-			pub..1c0946c1
+			// ..e651fd1d
+			pub..ad41d2ec
-			// ..6636d174
-			pub..4e81bf8d
+			// ..5b90fa89
+			pub..9ccb988a
-			// ..20f75101
-			pub..90855fcd
+			// ..840d3526
+			pub..b1804ff8
-			// ..4b395875
-			pub..e6835d41
+			// ..a0828d0b
+			pub..34488f43
-			// ..ec1581f6
-			pub..fd2015a5
+			// ..4578754f
+			pub..14ee770a
-			// ..9752548a
-			pub..274415ce
+			// ..b65ddb87
+			pub..e80009dd
-			// ..5df6bde1
-			pub..65ac4019
+			// ..33fcbd58
+			pub..e5ad38da
-			// ..39365314
-			pub..ea1921e9
+			// ..1680a213
+			pub..07a32623
-			// ..841f09d8
-			pub..97831758
+			// ..fe0a4ea8
+			pub..480b4bb1
-			// ..08c5b470
-			pub..66ef475d
+			// ..c9d3c86d
+			pub..4063b5bc
-			// ..de6300cc
-			pub..9e783d02
+			// ..dd2c80ea
+			pub..0a00e919
-			// ..394e63cb
-			pub..eaf6ecb0
+			// ..02916bac
+			pub..74eeeef2
-			// ..954bab32
-			pub..81724a3d
+			// ..fa53f369
+			pub..956116d4
-			// ..b40c790a
-			pub..80777f0b
+			// ..0a1326c9
+			pub..9be9053f
-			// ..c50068e5
-			pub..7f990906
+			// ..dd4d1d6f
+			pub..431519a3
-			// ..83f8feb8
-			pub..af1a310f
+			// ..693b3396
+			pub..7994ed34
-			// ..3bc02cde
-			pub..9c906a9c
+			// ..2c76abb1
+			pub..e53d45f0
-			// ..b5ff61f8
-			pub..20cf3e31
+			// ..57052bd6
+			pub..d2a1ca81
-			// ..787b6ca5
-			pub..dc6d0ee0
+			// ..69404c68
+			pub..38902cfd
-			// ..7a13abb2
-			pub..63fcd37a
+			// ..a52c162d
+			pub..b9e9be46
-			// ..3a41ba3a
-			pub..c07f5385
+			// ..810761c3
+			pub..2cf060f9
-			// ..9027d5ca
-			pub..4f53c4a5
+			// ..386180ac
+			pub..b9962d4c
-			// ..8c27ed11
-			pub..80165b61
+			// ..851e36df
+			pub..bb154314
-			// ..cd2e4c93
-			pub..12756213
+			// ..c289de68
+			pub..ca040620
-			// ..e5827417
-			pub..575157a7
+			// ..5d625619
+			pub..b0cf64bb
-			// ..e8e71f1a
-			pub..2f13b5ec
+			// ..cd08bbb2
+			pub..c8d559fc
-			// ..faffd7bd
-			pub..eed91a3b
+			// ..8ca06818
+			pub..7d115dd7
-			// ..31900623
-			pub..2c6f186d
+			// ..16df39f3
+			pub..a89ee4e7
-			// ..dc15219a
-			pub..30dbee00
+			// ..f80302ce
+			pub..98b4cac0
-			// ..7e112c48
-			pub..e9453e42
+			// ..3509b51a
+			pub..dc846def
-			// ..27ce0364
-			pub..d52978e6
+			// ..77d72e13
+			pub..15c26257
-			// ..fecbeca2
-			pub..fe563090
+			// ..3f589854
+			pub..35117377
-			// ..8503b640
-			pub..1f507126
+			// ..07600d75
+			pub..9df0e68b
-			// ..85814ec7
-			pub..0a930bde
+			// ..0590beaa
+			pub..f2b89a98
-			// ..25ea4055
-			pub..8232d267
+			// ..6830248d
+			pub..93bc597d
-			// ..60f41e00
-			pub..bab554e2
+			// ..15b41819
+			pub..78c8f94b
-			// ..a8032b23
-			pub..1ed4d601
+			// ..e13c2ea1
+			pub..83e239ae
-			// ..1d56ea90
-			pub..bbc34937
+			// ..a6f3030f
+			pub..3a4193a8
-			// ..876931d1
-			pub..988d6371
+			// ..f1e09f68
+			pub..b277f5a5
-			// ..9508467d
-			pub..0ef1d135
+			// ..bb9d39c6
+			pub..b2b1f5cd
-			// ..88b8e7ac
-			pub..46c71bfa
+			// ..83a3297e
+			pub..b2328bf3
-			// ..521e936b
-			pub..55ebfed0
+			// ..04eaea25
+			pub..984ac69d
-			// ..b91a5fa8
-			pub..3774f510
+			// ..2a2d3f5a
+			pub..fcd65816
-			// ..6fff13b7
-			pub..c55eee42
+			// ..831b184c
+			pub..17b21163
-			// ..aa0ccb9e
-			pub..afc080a6
+			// ..3ad948b0
+			pub..a19af188
-			// ..1f3a0939
-			pub..6cdb269c
+			// ..0048d49e
+			pub..2e1ee7de
-			// ..fa9ff874
-			pub..1ac89baf
+			// ..e7acce53
+			pub..4dc95288
-			// ..254e5049
-			pub..dda74907
+			// ..3355d4b7
+			pub..296a6e19
-			// ..42906fe9
-			pub..ab8d4d88
+			// ..433c1cae
+			pub..153538d2
-			// ..360eced5
-			pub..6b226d6f
+			// ..95a70c63
+			pub..92eff943
-			// ..4a02ad1c
-			pub..4c08faef
+			// ..e707946c
+			pub..bc49e1d8
-			// ..d2b6f5b3
-			pub..c7f5fd16
+			// ..d0df4094
+			pub..46dd6d77
-			// ..eed2843e
-			pub..a1dd532d
+			// ..0e313abe
+			pub..188700be
-			// ..f81de864
-			pub..ae013eaa
+			// ..4397b032
+			pub..c4ce4502
-			// ..8db3d9f6
-			pub..196c5cc4
+			// ..3352eb45
+			pub..b47af47b
-			// ..884e4a9d
-			pub..54a541c0
+			// ..7e09dafd
+			pub..e790cbc1
-			// ..7b4c500a
-			pub..7d9e175e
+			// ..6850c21d
+			pub..637b78e4
-			// ..8ab316ae
-			pub..9b8735a3
+			// ..d9ceae4c
+			pub..98912ce5
-			// ..ac8b0cf4
-			pub..d4538626
+			// ..e0ca56cd
+			pub..af73fa0f
-			// ..f992a347
-			pub..6b4b96db
+			// ..02e5d317
+			pub..8307c1d7
-			// ..8d91beae
-			pub..3a99de5f
+			// ..f893bbe3
+			pub..a88444e8
-			// ..bcc6783e
-			pub..91eaac21
+			// ..b8972a6f
+			pub..955767ea
-			// ..3d9c9abc
-			pub..35b4a061
+			// ..7ac71c59
+			pub..959a1708
-			// ..dd371693
-			pub..cb8305b0
+			// ..c263fb20
+			pub..ae3f87b9
-			// ..88a9cd4c
-			pub..db8a405a
+			// ..1e0b1fc5
+			pub..3074a12a
-			// ..141add3f
-			pub..558fe270
+			// ..47e7a7e1
+			pub..b62197f7
-			// ..f0c3505f
-			pub..4c59128b
+			// ..d0ec4fe6
+			pub..f1417843
-			// ..a8eed3d2
-			pub..962f8cb7
+			// ..b6200f43
+			pub..5c0dc82f
-			// ..34bb3cdd
-			pub..c526bbf0
+			// ..427bf68d
+			pub..4dd8a4ff
-			// ..0f7d75df
-			pub..f672ee8d
+			// ..d44cfdbf
+			pub..bb7a309f
-			// ..97d33cb9
-			pub..16b310c4
+			// ..c8ddabf6
+			pub..873bcc16
-			// ..f228fffc
-			pub..8d9f516a
+			// ..a45f641c
+			pub..78644b4f
-			// ..1f101a26
-			pub..d459f856
+			// ..b2b785e1
+			pub..8462c7c1
-			// ..9fc70bb1
-			pub..c35be2a7
+			// ..97d5a286
+			pub..5f84d0c7
-			// ..a80e201e
-			pub..1b93624c
+			// ..555a10af
+			pub..b33f8a94
-			// ..14105c49
-			pub..b6be5527
+			// ..dd8570ef
+			pub..fba0d673
-			// ..f8210531
-			pub..c1461a46
+			// ..07f3bc4a
+			pub..704c4a0e
-			// ..14da9301
-			pub..5c6208ba
+			// ..2d962db2
+			pub..244bd3ba
-			// ..e268f90c
-			pub..c1f25c6d
+			// ..c7638ef6
+			pub..f0cefd0f
-			// ..c58b8c6a
-			pub..9f585f1a
+			// ..98c950c0
+			pub..be3f68e7
-			// ..c1b8c0e4
-			pub..b36ffeec
+			// ..ca7a5607
+			pub..f34ef39d
-			// ..0bde06e1
-			pub..afeaa5f3
+			// ..71d5fd0e
+			pub..8baf7599
-			// ..226e1ed2
-			pub..1c4e9536
+			// ..a070e948
+			pub..53a6d30a
-			// ..854a1296
-			pub..fd19bbce
+			// ..8c925fc1
+			pub..0a70d512
-			// ..083c5d59
-			pub..a8ce5ca3
+			// ..5a1d2456
+			pub..760d4b9e
-			// ..ce33d974
-			pub..288fc33d
+			// ..5d01c6ba
+			pub..d05461b9
-      ..a1df56e7
+      ..fdefe442
-      ..82fe9b41
+      ..81cb4efc
-      ..68cd694c
+      ..58350d62
+      ..42c034c6
+      ..eda82e9b
+      ..d651e3d1
+..2ab2d3bb
+      ..3da4678b
+      ..9e295bcd
+      ..8f67d910
+      ..7bc2198d
+      ..ab773bcd
+      ..e91bce6f
+      ..f5c9bad5
+      ..bd5623b4
+..2ab2d3bb
+      ..c1a12fae
+      ..4f997e75
+      ..57b3367a
+      ..1cd3e675
+      ..f95848f3
+      ..9f88418f
+..2ab2d3bb
+      ..b195ad9c
+      ..e946175a
+      ..345129f9
+      ..1cd3e675
+      ..a2d29456
+      ..a9e3ba37
+      ..d92e201d
-    <i..56951c28
+    <i..80ed13f0
+      ..64004812
+{"Sele..9a6c6e4e
+      ..ac446089
-	"Coin..74a857e8
-      ..1d55cdab
-    },..6a00e2e1
-	"Coin..3cc7009c
-      ..27695013
-    },..6a00e2e1
+    },..9471482f
+	"Sele..3686746e
+      ..52b3e6c2