+use Wa..1225e41c
-class ..d35e9d0c
+class ..fcdb9b6f
+    co..d493df43
+    co..597bb761
+    co..f198923a
+..dc8eea4d
-      ..65591cc4
-      ..2ab91728
-      ..bfb87801
-      ..cff5eabd
-..b35efcb5
-      ..4d1590ff
-      ..122af68f
-      ..975480de
-      ..482f1f9f
-      ..e5c14c70
-      ..c36713f6
+      ..82fb35fe
+      ..72666953
+      ..19187f9f
-      ..3c2273e0
-      ..33ba3504
-      ..1c311b5d
-      ..296a1f0e
+      ..7040547c
+      ..36e06b76
+      ..7f3a4f4d
+      ..55a14d3f
-      ..bf2800d3
-      ..61a7de25
+      ..2d276db1
+      ..6617949b
-      ..03a9e401
-      ..6551c8da
-      ..424d9830
-..b35efcb5
-      ..20950330
-      ..1cb0743c
-      ..c36713f6
-..b35efcb5
-      ..3a8b75bd
-      ..9913bce4
-      ..4eacfd3e
+      ..1051c170
+      ..5a6f80fc
+      ..9af8d21f
-      ..3a634591
+      ..6113ad8b
-      ..27619147
-      ..b3e048e6
-      ..afb2a7bb
-      ..9ee9faaf
-      ..dc3d213e
-      ..d7ae621c
-      ..e8c70830
-      ..afb2a7bb
-      ..9ee9faaf
-      ..91f549bf
+      ..f0626d65
+      ..3c987af2
+      ..0aedf7b3
+      ..c20d18c2
+      ..d0e0173d
+      ..c9bb8a42
+      ..ace9d884
+      ..77840c6f
+      ..3ce6a130
+      ..bfebf4a4
+      ..36dd1611
+      ..6a356d93
+      ..dd4b1789
+      ..30da9e4c
+      ..ace9d884
+      ..f369cdda
+      ..3ce6a130
+      ..bfebf4a4
+      ..36dd1611
+      ..6a356d93
+      ..698a52e1
-..b35efcb5
-..b35efcb5
-      ..4fafd821
-      ..e59151c6
-      ..9c55d774
-      ..9d63143d
-      ..42eebd17
-      ..d67be51e
-      ..c0f79101
-      ..780c2f3b
-      ..8cbb7aa9
-      ..777e075a
+      ..f92bf8c5
-      ..c97b4a3f
+      ..03a277b3
+      ..9ba1b226
+      ..50cc0a26
+      ..c97b813a
-    //..fcbd2b40
-    pr..3e98c488
-      ..3a21533f
-      ..96018fe3
-      ..9167e63b
-      ..d3727842
-      ..acd27d56
-      ..59558da0
-..b35efcb5
-      ..ad1da32b
-      ..e4717406
-      ..4658e5da
-      ..11b63893
-      ..eea88797
-      ..46cd55d4
+    pr..d00a71a9
+      ..c8863e20
+      ..ecaa0bb1
+      ..8c461e8a
-      ..dcf0aeb4
+      ..1f17bcd4
+      ..9fb13057
-      ..1bf84105
+      ..0aedf7b3