-			// ..f99ad234
-			pub..e38d2e9b
+			// ..3ca76214
+			pub..2767024c
-			// ..2180a45d
-			pub..6974a05d
+			// ..4d6c5426
+			pub..f5b79acf
-			// ..f7707b61
-			pub..6d5fc12e
+			// ..57898d64
+			pub..659bb5fa
-			// ..28048b2c
-			pub..c54be7b9
+			// ..84844b4e
+			pub..b3347b8f
-			// ..953caba4
-			pub..5de9dd19
+			// ..a2f47111
+			pub..7fe5d974
-			// ..34b01439
-			pub..4f56edcc
-..2a888621
-			pub..af1890aa
+			pub..6182fa3e
-			// ..f2761252
-			pub..89b4e078
+			// ..2617c5da
+			pub..375d692a
-			// ..cbd7598e
-			pub..bf8966e9
+			// ..73f8b42a
+			pub..638b7389
-			// ..abd1eb04
-			pub..cbb75cfc
+			// ..a39848ef
+			pub..56a32747
-			// ..256a33dd
-			pub..87e34482
+			// ..60b594fa
+			pub..910acb19
+..c097960b
+			// ..cb8023bf
+			pub..d6a15e67
-			// ..d73d09e6
-			pub..fef28b74
-..2a888621
-			pub..d3ac85f3
+			pub..68277760
-			// ..c548aac2
-			pub..c042f441
+			// ..e3c9cec7
+			pub..fafc0da1
-			// ..bfa80927
-			pub..521092d2
+			// ..c5831324
+			pub..28a02fbc
-			// ..39d0ebd5
-			pub..fb60d8c3
+			// ..a08a3c46
+			pub..1f40b518
-			// ..0e5cf457
-			pub..7e01130f
+			// ..13f1de38
+			pub..fb519435
+..c097960b
+			// ..5f9f8d42
+			pub..2f6ff353
-			// ..dbcc728d
-			pub..a55e0b67
+			// ..15a94e43
+			pub..a8f8901d
-			// ..4ea2e0f3
-			pub..99986345
+			// ..d461385d
+			pub..ff65527d
-			// ..55c6bb1b
-			pub..35fd1d55
+			// ..2e160bf1
+			pub..8cbd898c
-			// ..246e0df0
-			pub..aee4e450
+			// ..05d78afe
+			pub..74666c02
-			// ..bf25f2e1
-			pub..06c54188
+			// ..61cc9913
+			pub..a96aecd3
-			// ..d5e3ced3
-			pub..af77153d
+			// ..4b5cbaa1
+			pub..f67c4d7b
-			// ..ba7373d6
-			pub..feb0190b
+			// ..ceb61387
+			pub..28856b49
-			// ..456ad314
-			pub..6ea76b34
+			// ..58f0fc42
+			pub..82097570
-			// ..ca16f714
-			pub..d177b858
-..2a888621
-			pub..453769b2
+			pub..5be59c7d
-			// ..88f0426a
-			pub..79d1606a
+			// ..d7d118ec
+			pub..5bad2836
+..c097960b
+			// ..8df300cd
+			pub..2b564be5
-			// ..6b3c4eb0
-			pub..e68ee693
+			// ..c6e36b73
+			pub..95903ebe
-			// ..8e704b5a
-			pub..f4c0b0a6
+			// ..0fdc4992
+			pub..d0e88ea7
-			// ..97ef2aa7
-			pub..381932ad
+			// ..2d15f374
+			pub..b8c037ec
-			// ..942e72b9
-			pub..4774bc53
+			// ..24ff42f1
+			pub..6a846b5a
-			// ..984c69c2
-			pub..f1c75911
+			// ..9d88dde8
+			pub..aed35a2a
-			// ..ef117954
-			pub..e81947cd
+			// ..fd971ea4
+			pub..6f0279c8
-			// ..4540a688
-			pub..c6e494fa
+			// ..1f0a16bd
+			pub..b8bd9272
-			// ..c66c40d2
-			pub..828735ed
+			// ..370312f3
+			pub..4ee069bd
-			// ..5f5f267d
-			pub..7950190c
+			// ..5a864039
+			pub..d4084963
+..c097960b
+			// ..4e506c45
+			pub..bc29d855
-			pub..4b6d9a12
+			pub..4fb2b086
-			pub..41457bf7
+			pub..4f94d75f
-			// ..7b8d8da0
-			pub..ddbcfa93
+			// ..b380ed85
+			pub..96b148f4
-			pub..9bce2fce
-..2a888621
-			// ..cc730291
-			pub..a16e2c52
+			pub..f1b6d7f1
-			// ..96707734
-			pub..0eb2b7de
+			// ..6f903f0d
+			pub..77f54c17
-			// ..cd3cacee
-			pub..d257f022
-..2a888621
-			// ..34dce8a6
-			pub..dca693f4
+			// ..c211e038
+			pub..d71be470
-			// ..39b40ece
-			pub..b5e446f5
+			// ..4ad7d971
+			pub..a86b50e9
-			// ..fa1a536d
-			pub..2df6b54e
+			// ..602ff48a
+			pub..c0338c08
-			// ..25be3a98
-			pub..9a97ff40
+			// ..8a84268d
+			pub..7909e52c
-			// ..11db3e96
-			pub..b1d02da2
+			// ..bce41f0d
+			pub..4f579ca8
-			// ..d2651c53
-			pub..ced60ce0
+			// ..e247e3d2
+			pub..6d2c839f
-			// ..6156d709
-			pub..db108d24
+			// ..293aa3cf
+			pub..42d38a8d
-			// ..103221e3
-			pub..6ee53c3e
+			// ..e6870ba0
+			pub..3c39b625
-			// ..6fb64ca8
-			pub..918d290e
+			// ..3d9f404b
+			pub..f076cbd2
-			// ..ba6126f8
-			pub..44d1897c
+			// ..2e2e88a8
+			pub..7c85da20
-			pub..115261a5
+			pub..326c4145
+..c097960b
+			// ..3c5b8280
+			pub..8ad8f6f3
-			// ..526560db
-			pub..95a1420f
+			// ..fcd5f05a
+			pub..58263805
-			// ..7c5887dc
-			pub..2a9f95c2
+			// ..b9456ff8
+			pub..695d91d0
-			// ..d1e6552b
-			pub..1ca6a4a3
+			// ..866bd9b9
+			pub..93ab4f0a
-			// ..0bf1e269
-			pub..6f020085
+			// ..6e9c17a9
+			pub..81a27d2a
-			// ..3412c8d7
-			pub..8a20edb0
-..2a888621
-			// ..fd1d1761
-			pub..a713232b
+			// ..2bf5b190
+			pub..9e293502
-			pub..c7452e73
+			pub..4f89253f
-			pub..efbc944f
+			pub..0430b5f1
-			pub..0ac8adce
+			pub..2d86718d
+..c097960b
+			// ..bd4db683
+			pub..ad6b26b0
-			// ..f61b7ad4
-			pub..486602c2
-..2a888621
-			pub..50d5e0a7
+			pub..b6328ef4
-			// ..2c040aa0
-			pub..e21b1ce5
+			// ..9cfb2c2d
+			pub..23c506a7
+..c097960b
+			// ..3d09c53b
+			pub..425418f5
-			// ..2ece8914
-			pub..ea5d9fa5
+			// ..7b9b66d0
+			pub..13f586a3
-			// ..a84949de
-			pub..5256acf8
+			// ..c490715f
+			pub..85cda132
-			// ..7c7540df
-			pub..020c50b8
+			// ..80ee2868
+			pub..529d2eeb
-			// ..1e76f999
-			pub..ef30cfc3
+			// ..1e00b628
+			pub..0e658335
-			// ..c11f419b
-			pub..933315fe
+			// ..52ec82f4
+			pub..88fecdaa
-			// ..2f3d0e5d
-			pub..442c8d05
+			// ..6dda09b9
+			pub..f94c1e9d
-			// ..89624dd9
-			pub..0f425876
+			// ..373e82d0
+			pub..32995ba9
-			// ..5573163b
-			pub..871dd567
+			// ..7f390305
+			pub..ea0f7846
-			// ..7f18bbaf
-			pub..54282c37
+			// ..779349a5
+			pub..09b19ace
-			// ..2966bfe7
-			pub..9b45f729
+			// ..8ba06ac0
+			pub..257cc67f
-			// ..c69cd1b2
-			pub..17ffdc7b
+			// ..d2a41bfc
+			pub..05a6f530
-			// ..7bdd3223
-			pub..3e354ee6
+			// ..d1498b6b
+			pub..d86ba0f4
-			// ..035c881a
-			pub..15724465
+			// ..39d0a545
+			pub..edcc406a
-			// ..4080e1bb
-			pub..d7e30623
+			// ..353b45ca
+			pub..aa10b817
-			// ..75a9aca3
-			pub..ddf25bcd
+			// ..05411482
+			pub..48093890
-			// ..3793b455
-			pub..2b248fd1
+			// ..18adb7b3
+			pub..dda895b4
-			// ..44c1ecc1
-			pub..b4cc4968
-..2a888621
-			pub..ecf1fc96
+			pub..9de4e5a1
+..c097960b
+			// ..21d0ac91
+			pub..f5d4b40a
-			// ..3378a67f
-			pub..532f6373
+			// ..c196e8b3
+			pub..4e6cb41f
-			// ..088ef52b
-			pub..a6857305
+			// ..c0806e1a
+			pub..2a74ffa9
-			// ..98d52713
-			pub..f55db9df
+			// ..480b6e50
+			pub..614a2549
-			// ..1566de6d
-			pub..1348671d
+			// ..97eae01d
+			pub..c869f7b5
-			// ..c6846712
-			pub..fb3a6484
+			// ..ffd1695a
+			pub..b59b5fc0
-			// ..074ced17
-			pub..00525f5b
+			// ..ecd8a343
+			pub..08ad602d
-			// ..2373777b
-			pub..54938d80
+			// ..33a01797
+			pub..172c44e0
-			// ..fcb18fef
-			pub..dfefe339
+			// ..16e3539f
+			pub..ff16d53e
-			// ..cd54f85e
-			pub..356268db
+			// ..34c15c1c
+			pub..3b821025
-			// ..1909f0b9
-			pub..0dde4995
+			// ..d81bace2
+			pub..931e887a
-			// ..c03dda80
-			pub..b0f05ac4
+			// ..5be77a88
+			pub..42553ab7
-			// ..3e6969bb
-			pub..49cc3b79
+			// ..931ecd12
+			pub..0a8c88a5
-			// ..8639886b
-			pub..14982592
+			// ..2ffd44cf
+			pub..b25019c2
-			// ..b301bc77
-			pub..7f0e7cb6
-..2a888621
-			// ..f723bc39
-			pub..1660479a
+			// ..e9a2a743
+			pub..99cf64bb
-			pub..c5d2aef3
+			pub..29e8959c
+..c097960b
+			// ..c48465b9
+			pub..7a2dcba9
-			// ..a0c04f17
-			pub..450966c5
+			// ..b8a01754
+			pub..a99dc99a
-			// ..ec9bddb9
-			pub..1f688b04
+			// ..12e8cd00
+			pub..49518a85
-			// ..ea7ba625
-			pub..dcc01a63
+			// ..79cba125
+			pub..4b01cd3a
-			// ..aae3470f
-			pub..e5c9f12d
+			// ..35a935ac
+			pub..7964f16f
-			// ..1531ce6e
-			pub..facaeaa5
-..2a888621
-			// ..6699a8cb
-			pub..706b2151
+			// ..408cb3af
+			pub..2f57416b
-			// ..d7885384
-			pub..8c56cf85
+			// ..9a379838
+			pub..b6cd7f22
-			// ..8d58d7b6
-			pub..87ff154b
+			// ..f83bcea1
+			pub..527c6ed7
-			// ..2d6c600b
-			pub..462dda00
+			// ..58ccdb82
+			pub..72fa6f9d
-			// ..156377cd
-			pub..84a82ab3
+			// ..f22a748b
+			pub..7b175ff4
-			// ..7b1b4256
-			pub..3fdcb20d
+			// ..4c65a70b
+			pub..bce4407b
-			// ..54b55c83
-			pub..7070ea20
+			// ..4f03d845
+			pub..93d65318
-			// ..6f6fe24b
-			pub..26ce7ecf
+			// ..dd93506b
+			pub..6ec34b40
-			// ..d199df0d
-			pub..9567fad9
+			// ..c08cef2e
+			pub..3434f06d
-			// ..7e68c201
-			pub..3243817d
+			// ..ac9d7b8b
+			pub..7a25ca96
-			// ..e6e10b19
-			pub..3c45dc3c
+			// ..591406be
+			pub..87ef84ed
+			// ..88e8a3ec
+			pub..527e5869
+..c097960b
-			pub..a677de64
+			pub..477badba
-			// ..d34db442
-			pub..5d4d77bc
+			// ..46a35690
+			pub..b9dd61ec
+..c097960b
+			// ..702a0fbf
+			pub..b10d2f46
-			pub..284851d3
+			pub..8ce6131d
-			// ..fc04dbf6
-			pub..65acaafb
+			// ..b93bf01d
+			pub..e62b93e9
-			pub..6a6585ab
+			pub..bf6bfa5d
-			// ..b352b20d
-			pub..6f243b5a
+			// ..a921c60a
+			pub..d4ea9fc1
-			pub..29775fb2
-..2a888621
-			// ..c5db1b37
-			pub..1e2542b3
+			pub..1fac3a02
-			pub..0b3013d9
+			pub..0cc2fdd6
-			pub..3c6ea625
+			pub..7b833ddf
-			// ..be83568d
-			pub..446987d7
+			// ..7e933db8
+			pub..96734b79
-			pub..d91ffcd1
+			pub..be1ce2cd
-			// ..c66c4051
-			pub..91cb3631
-..2a888621
-			// ..a5720b1e
-			pub..08db7daa
+			// ..c8f5095d
+			pub..a72d6d59
-			// ..223f44d3
-			pub..c6d85a22
+			// ..34f3deb6
+			pub..9d5acd82
-			// ..e469dba7
-			pub..155bec1c
+			// ..43dc3b9d
+			pub..2d6ebcb8
-			// ..dc1eca4a
-			pub..40d20905
-..2a888621
-			// ..7403e9ee
-			pub..6467c17f
+			// ..62bdd7fe
+			pub..7d9b9f4a
-			pub..ce275f60
+			pub..631051c2
+..c097960b
+			// ..1d03c744
+			pub..54669009
-			// ..0e0b10a9
-			pub..2d773918
+			// ..f41dd9ae
+			pub..9d06946c
-			// ..9871ef6a
-			pub..53dcaaed
-..2a888621
-			// ..67d4e6ea
-			pub..4da4e070
+			// ..47172502
+			pub..4342259a
-			// ..74d35632
-			pub..f5e600f8
+			// ..a311d25e
+			pub..68662432
-			// ..81b91991
-			pub..f9075dbf
+			// ..0497ef8c
+			pub..b9176039
-			// ..6020ddd5
-			pub..b78e355f
+			// ..d5a9085d
+			pub..b2fc4694
-			pub..a02f1e89
+			pub..3cf336d8
-			// ..9cac23da
-			pub..0c51a012
+			// ..790e4f3f
+			pub..3ac380c0
-			// ..de4295b2
-			pub..a17e551c
+			// ..afd4ac0c
+			pub..fd8bec72
-			// ..371f7147
-			pub..4801e99a
+			// ..72e623af
+			pub..d1199027
-			// ..c4678989
-			pub..e12b7b2d
+			// ..09262dab
+			pub..b1dd9c86
+..c097960b
+			// ..dd75dcf1
+			pub..69c369d1
-			// ..9118dc9b
-			pub..acde0f0e
+			// ..be1906b3
+			pub..531c6d09
-			// ..2d444370
-			pub..725c5c5b
-..2a888621
-			pub..db91bf7d
+			pub..397d79c8
-			// ..a022be25
-			pub..e6af000c
+			// ..442c7410
+			pub..1f21e94c
+..c097960b
+			// ..b698f34f
+			pub..3665df32
-			// ..95bdf690
-			pub..95d7c50d
+			// ..3b5dac40
+			pub..0c50c247
-			// ..6e2c4196
-			pub..5c3c8383
+			// ..2d4308af
+			pub..f3ce0b4e
-			// ..eba11733
-			pub..cc6d90d6
+			// ..c03a79c4
+			pub..51760423
-			// ..69e0ce4c
-			pub..8709c8bd
+			// ..1283694c
+			pub..f28ebeea
-			// ..dd92bb2f
-			pub..22749d51
+			// ..9ec6ed10
+			pub..501da303
-			// ..63120c1f
-			pub..7699b21d
+			// ..00ae4577
+			pub..e627dd80
-			// ..42b26a47
-			pub..e25fa8fa
+			// ..0d0bf6ed
+			pub..7967e4c7
-			// ..100f5143
-			pub..8b27f26b
+			// ..b75583e7
+			pub..9a3116e7
-			// ..ecd2ba37
-			pub..487924d7
+			// ..135b070e
+			pub..c9a193ae
-			// ..97adc28d
-			pub..eec8cb1f
+			// ..78268bc3
+			pub..d7614b93
-			// ..8825f4d8
-			pub..87ffd21f
+			// ..e141e2c2
+			pub..f510a4ae
-			// ..2fb45728
-			pub..38da4729
+			// ..a68815af
+			pub..721cf2cc
-			// ..8330dacb
-			pub..f3567fc3
+			// ..c8dfd16f
+			pub..647dabd8
-      ..40424319
+      ..2cba9091
-      ..40424319
+      ..2cba9091
-      ..2a174cb1
+      ..6034d423
-      ..94758801
+      ..1304531d
-      ..c85459fc
-      ..9ff37bc4
+      ..c3bbcd2c
-      ..60e53b60
+      ..60cafd41
-  <Tex..9dff79b8
+  <Tex..ed72060f
-      ..e557b9ea
+      ..7ad441a0
+      ..5dd2ebd2
-      ..5d7fdc17
+      ..00a4f230
-      ..b163652b
+      ..6c13d127
+      ..3af9a1ea
+{"GoTo..f614b946
-..2a888621
+      ..04984d1d
+      ..9f9cf9b5
-      ..9fe99db7
+      ..8af6c844
-      ..0df3f7c9
+      ..6212c383
-      ..0915cc9f
+      ..e9ab3cab
-      ..0915cc9f
+      ..e9ab3cab
-      ..0915cc9f
+      ..e9ab3cab
-      ..0915cc9f
+      ..e9ab3cab
-      ..fd8feccb
+      ..d0868ba2
-      ..53918306
+      ..e26daf63
-      ..26e4db05
-      ..cd9bbf75
-      ..3dd153fb
-      ..5e9c5f28
+      ..830594e3
-      ..4be2bf12
-..2a888621
+    },..569a2a1e
+	"GoTo..ae1a1ed1
+      ..912c4f79