-    <A..6c37012a
-  </It..1792d75b
-  <Ite..8df84310
+  <Ite..af794eb4
+    <A..db312a66
+      ..92c989ed
+      ..54cb7e93
+    </..d14bc9e1
+  </It..d6fef264
+using ..2f9a51e2
+using ..18a249ff
-      ..8aae5aaa
+      ..e43565af
+      ..54feeb2e
+..aeda1c0d
+      ..d1febf3d
+..aeda1c0d
+      ..a5387bbc
+      ..bfb81b4d
+      ..27195fdf
+      ..8139462b
+..aeda1c0d
+      ..5adc161f
-			pub..7f17c378
+			pub..889b6ac3
-			pub..13e17968
+			pub..b74593f4
-			pub..f00fb1db
+			pub..e8ec4532
-			pub..ddd6cdf0
+			pub..4d4e15cc
-			pub..e2c71dc5
+			pub..2c144d91
-			pub..3db2fd7f
+			pub..15b4fb02
-			pub..9345b8cc
+			pub..bc174557
-			pub..80042e0a
+			pub..dc76db21
-			pub..e91dae10
+			pub..7972dd73
-			pub..3ed89a3e
+			pub..2e177aad
-			pub..40f82a46
+			pub..c71a7e5e
-			pub..4a778c09
+			pub..18fac390
-			pub..a72c3f9f
+			pub..2e8cae86
-			pub..bba8e2f1
+			pub..3dd49844
-			pub..41429229
+			pub..552d1461
-			pub..db1f64d6
+			pub..9c2fcadf
-			pub..7343b5be
+			pub..10777ab6
-			pub..72624153
+			pub..c7eb4baf
-			pub..5afaedfa
+			pub..2e6b8ec7
-			pub..cced0a29
+			pub..bcbfbd76
-			pub..c264b7f8
+			pub..566a09df
-			pub..e926b5ea
+			pub..c3a99494
-			pub..376b2001
+			pub..1255ed53
-			pub..fa97a056
+			pub..bf43c4d2
-			pub..0c4709f3
+			pub..a6feb8e5
-			pub..683d76f0
+			pub..a50b0f15
-			pub..d73675e3
+			pub..0433008f
-			pub..c521f523
+			pub..d29e27e1
-			pub..26b08a09
+			pub..ee4c9778
-			pub..410dabf6
+			pub..328434ad
-			pub..fcfe4659
+			pub..04973f24
-			pub..61b2199c
+			pub..68d241ff
-			pub..33406985
+			pub..3596391f
-			pub..2db7cf73
+			pub..672b20bb
-			pub..9a60e878
+			pub..2266fac5
-			pub..b10a0d71
+			pub..ba14fc76
-			pub..c3d9eba8
+			pub..db09ad4f
-			pub..883049de
+			pub..9c7898de
-			pub..6b0fd2ac
+			pub..2b72caed
-			pub..325d0b1d
+			pub..c7f7f363
-			pub..c71b5276
+			pub..eb116407
-			pub..e787f2ff
+			pub..d6a64c07
-			pub..959d92cc
+			pub..e3a445e6
-			pub..b1c89cc6
+			pub..3d3c33de
-			pub..32b13173
+			pub..fb40e3b9
-			pub..896db970
+			pub..8589f131
-			pub..cd13621b
+			pub..82982676
-			pub..1c3b349e
+			pub..e26f614e
-			pub..a3431be0
+			pub..e0908b90
-			pub..7f1d7ec1
+			pub..bec398ab
-			pub..46a07cae
+			pub..0bf140d1
-			pub..dd26136e
+			pub..556c04d3
-			pub..0319c049
+			pub..185ea66c
-			pub..ed3ac781
+			pub..3b35eb5e
-			pub..9ab4ea8d
+			pub..76f1f26e
-			pub..9c45d84d
+			pub..b27b0d61
-			pub..bd941a26
+			pub..79594268
-			pub..97ebf905
+			pub..876a9e37
-			pub..162b2a19
+			pub..2f7d3ebb
-			pub..e49cebae
+			pub..de223760
-			pub..e0563a7a
+			pub..07dc0825
-			pub..74ad2536
+			pub..de334d8e
-			pub..6017d413
+			pub..b2d01116
-			pub..ffa22169
+			pub..6cb7b31a
-			pub..787af35d
+			pub..b15749a9
-			pub..4a87df80
+			pub..8203cf8f
-			pub..886c139e
+			pub..ea87c160
-			pub..299a77ac
+			pub..a94ebd5f
-			pub..7d9e3a70
+			pub..d7e772f3
-			pub..36fa0ff0
+			pub..d5271df1
-			pub..e9b680b0
+			pub..7cbba827
-			pub..e416854b
+			pub..bfbd1459
-			pub..e097fff8
+			pub..7e542b18
-			pub..3bc26b1e
+			pub..8c5187f0
-			pub..539ce034
+			pub..74eb4975
-			pub..d43f2ae6
+			pub..328a9cc4
-			pub..5a91c9e3
+			pub..ed0d7eb3
-			pub..f1f490c1
+			pub..756e7e5b
-			pub..adb547ca
+			pub..2dc10f6d
-			pub..90bbd305
+			pub..729c4f50
-			pub..c6e11de0
+			pub..fbe58641
-			pub..7fdb48db
+			pub..71a306f7
-			pub..ae1a1d43
+			pub..2fde374b
-			pub..630a6a89
+			pub..861be4b7
-			pub..ed999c1f
+			pub..ae74caa0
-			pub..fc2b3c67
+			pub..009a96af
-			pub..8c0de957
+			pub..985eedb4
-			pub..0811bb12
+			pub..1cc18ed1
-			pub..e0cc1e2c
+			pub..4a56d274
-			pub..f30774a2
+			pub..15913720
-			pub..ae4a9bd5
+			pub..1dcf09e4
-			pub..b6f57dc0
+			pub..457658c8
-			pub..e1e2cfef
+			pub..7bafdae2
-			pub..3b39e567
+			pub..2b66e7ce
+..aeda1c0d
+			// ..44c80202
+			pub..fbf6a88e
-			// ..7a25eb01
-			pub..b9ad4cad
+			// ..68d1bfe2
+			pub..6c831a5d
-			// ..c314be3f
-			pub..b7ba525d
-..49a17562
-			pub..d2cc0f4c
+			pub..e4046c1e
-			pub..0397a128
+			pub..05371db7
-			pub..dd3a091f
+			pub..a82a23e0
-			pub..06ce08ed
+			pub..fbbaeed5
-			pub..6a4b7829
+			pub..b6cbabad
-			pub..dfe75585
+			pub..22031cea
-			pub..5a7bc2a4
+			pub..2e0e405c
-			pub..5592a27b
+			pub..3cb54bf7
-			pub..fcc18163
+			pub..2c6fb803
-			pub..5cc8fa79
+			pub..affc6766
-			pub..2dbb2dcf
+			pub..04a7b586
-			pub..83107cf9
+			pub..a41703b8
-			pub..93cea4c9
+			pub..96ba2072
-			pub..fc72f939
+			pub..75cc010d
-			pub..13990c23
+			pub..7509e027
-			pub..63e33446
+			pub..e41c23fb
-			pub..76be8a43
+			pub..132567a5
-			pub..892f4633
+			pub..822f3b92
-			pub..58dc4400
+			pub..623dd4b9
-			pub..9c42618e
+			pub..c01a6311
-			pub..eb3a0035
+			pub..1a9452fa
-			pub..49bf2e78
+			pub..7ea198e2
-			pub..d977df47
+			pub..673de1bb
-			pub..8c1a9b64
+			pub..5d47c6b1
-			pub..f39b8d86
+			pub..83d9747d
-			pub..aa2cbca5
+			pub..efb17491
-			pub..7dfee3b5
+			pub..dd013c96
-			pub..240c85d6
+			pub..7f4d0faa
-			pub..7c289e26
+			pub..7cd54a4d
-			pub..e7e50210
+			pub..9abf9a4d
-			pub..d7809f3b
+			pub..ab996460
-			pub..e4875942
+			pub..bc5a07e2
-			pub..b00e421f
+			pub..f2120f1e
-			pub..147250bb
+			pub..85c1904a
-			pub..506c106a
+			pub..0b61a74e
-			pub..853018b4
+			pub..ae949c6e
-			pub..5dad3330
+			pub..63e7b06c
-			pub..f1dc7669
+			pub..9a9d2d9e
-			pub..3e29a3f8
+			pub..024b7dac
-			pub..64fbd474
+			pub..777682da
-			pub..19510ff6
+			pub..b467d3ae
-			pub..1665ba4a
+			pub..76f16e1d
-			pub..f5c60ee3
+			pub..3f6f8a0e
-			pub..a8874806
+			pub..61157145
-			pub..181b6781
+			pub..067930df
-			pub..cd573fb4
+			pub..e30a1918
+..aeda1c0d
+			// ..c07d5631
+			pub..08303d14
-			// ..e0ea823b
-			pub..756fa495
-..49a17562
-			pub..b33958c4
+			pub..d22a8b9c
-			pub..206d9de5
+			pub..21dd35e5
-			pub..776fc140
+			pub..dae2a80c
-			pub..94816c7c
+			pub..fe831678
-			pub..e327a78c
+			pub..4a3fc1c4
-			pub..e5f72753
+			pub..09620923
-			pub..2ba075ee
+			pub..709a1de8
-			pub..9448a115
+			pub..8ca999af
-			pub..4dc7ec92
+			pub..a9516107
-			pub..e57bc5bb
+			pub..cc6ec77e
-			pub..01e73275
+			pub..e596d930
-			pub..66b14a02
+			pub..30c4d414
-			pub..0c2be2f0
+			pub..6f12bbdf
-			pub..c5dee4d0
+			pub..c3aa2ef0
-			pub..2ed9e840
+			pub..e62b597b
-			pub..bf5e6b41
+			pub..06074eb3
-			pub..71f11482
+			pub..4a736236
-			pub..904dc866
+			pub..8e786ca4
+..aeda1c0d
+			// ..b8fda525
+			pub..ab08ee49
-			// ..7f41aa60
-			pub..cf293403
-..49a17562
-			pub..0bbeeae1
+			pub..4b37cd20
-			pub..64c27dfc
+			pub..04c00d53
-			pub..a4e9a945
+			pub..198ded8e
-			pub..38d6cce3
+			pub..323bc2bb
-			pub..0d8c9ca1
+			pub..081f50b7
-			pub..9c35663a
+			pub..23a826cc
-			pub..0c760806
+			pub..5a8a5ad3
-			pub..305869ab
+			pub..6f19a1df
-			pub..61c9d2c6
+			pub..b172d077
-			pub..6ce0a3b3
+			pub..b5ba945c
--- /de..f175528b
+﻿<?x..c01aee22
+..aeda1c0d
+<shape..2a6f4550
+  <sol..526b0a37
+  <cor..cfb3f5e8
+</shap..b3416184
-      ..5cd66369
+      ..5f6cadd5
-      ..adf76dd7
-      ..a099867f
+      ..31ad6e96
+using ..1a0814a8
+      ..05e1cb99
+      ..17c143c4
+..aeda1c0d
+      ..1c75c9ec
+      ..bfb81b4d
+      ..6c1b8370
+      ..e140af9c
+      ..0ec25d44
+      ..287a5b64
+      ..83513296
+      ..c85eb089
+      ..9c85fee4
+      ..dcfebccc
+      ..8139462b
+..aeda1c0d
+      ..6481dcab
+      ..fd9beb87
+      ..ac7ebc93
-      ..920ad1ae
+      ..1db2619e
+      ..e140af9c
+      ..fd9beb87
+      ..548ab674
-      ..9c19b45b
-      ..3bd9a433
-      ..3e296824
+      ..109eb422
+      ..83513296
+      ..54215905
+      ..0353378b
+      ..030a0442
+      ..510b39f2
+      ..dcfebccc
+      ..159d48fe
+      ..83513296
+      ..2c2c3578
+      ..92bab1c5
+      ..dcfebccc