-			'fr..5b853db7
+			'of..43aa4701
-			'wi..7b968a3e
-		if (..60df5e8b
+		if (..e0cdf25a
+				$p..22ce9c09
-				$p..785e113c
+				$p..67ddee9a
+				$p..b579dcfb
-		if (..04c82a2a
-..9b32cfae
-		retu..6a431b5c
+		retu..61b6c78e
+			'1...d6b8dc42
+				'i..62393e7e
+					"..806ec9de
+					"..8d4a8674
+					"..3bdda9bd
+					"..f4f4e0e7
+					"..88a39378
+					"..c20c6588
+				'v..b8a903aa
+				'r..0bf5ca9b
+			],..b3c0272b
-				'v..2611c3df
+				'v..58183b63
-      ..cd590792
+      ..e27e83ac
+			'1...031d620f
+				'i..62393e7e
+					"..806ec9de
+					"..8d4a8674
+					"..3bdda9bd
+					"..f4f4e0e7
+					"..88a39378
+					"..c20c6588
+				'v..b8a903aa
+				'r..86b34d78
+			],..b3c0272b
-				'v..2611c3df
+				'v..58183b63
-				'v..2611c3df
+				'v..58183b63