+      ..dd5cc9ec
+      ..9cca8686
+      ..f613c5ba
+#if KO..a7758fc2
+      ..fc4727f7
+      ..2f11be1f
+#endif..076ac2d6
+      ..be063e7f
+      ..994db5ed
+      ..1036d7b8
+..ece3f3b2
-#if KO..3d91946a
-      ..ba0b238f
-      ..ab2973a9
-#endif..4d7e8707
-      ..b2299d4d
+      ..0799abb2
+      ..9b61d12f
+      ..e0d9035c
+      ..5a2081d4
+      ..a0f0f5f6
+..ece3f3b2
+      ..3ca48a0d
-      ..831b0580
-#if KO..3d91946a
-      ..73418d85
-#endif..4d7e8707
-      ..aa89c09d
+      ..6ea26f6f
+      ..0799abb2
+      ..9b61d12f
+      ..3d347a7c
+      ..dedcc1a5
+      ..6a703713
+      ..97400573
+      ..381b0d49
+      ..a0f0f5f6
-      ..72af5ece