+			if ..af840ed9
+..7386cf62
+..7386cf62
+		if (..8abf681d
+		if (..64d4b079
+		if (..a348f3a6
+		if (..695c09c8
+		if (..8e37b14f
+..7386cf62
-		$res..3526ba73
+		$end..47df50eb
+		if (..9b87dc4b
+			$en..c21c2f45
+		}..77f688db
+..7386cf62
+		$res..616b78e1
+			'1...225e89ea
+				'i..1f27abdb
+					"..1cc07437
+					"..b86b9e43
+					"..96175990
+					"..77d5d09a
+					"..40b2d6c8
+				'v..ed2b6bdd
+				'r..ec0e444e
+			],..15498597
+			'1...c7b4baf5
+				'i..1f27abdb
+					"..1cc07437
+					"..b86b9e43
+					"..96175990
+					"..77d5d09a
+					"..40b2d6c8
+				'v..ed2b6bdd
+				'r..820b2007
+			],..15498597
-				'v..37aa06d7
+				'v..79ea8bd7
-				'v..37aa06d7
+				'v..79ea8bd7
+			'1...2a21e039
+				'i..1f27abdb
+					"..1cc07437
+					"..b86b9e43
+					"..96175990
+					"..77d5d09a
+					"..40b2d6c8
+				'v..ed2b6bdd
+				'r..1000999d
+			],..15498597
+			'1...d58a6ad1
+				'i..1f27abdb
+					"..1cc07437
+					"..b86b9e43
+					"..96175990
+					"..77d5d09a
+					"..40b2d6c8
+				'v..ed2b6bdd
+				'r..1000999d
+			],..15498597
-				'v..37aa06d7
+				'v..79ea8bd7
-				'v..37aa06d7
+				'v..79ea8bd7