-      ..181299df
+      ..4bcfe8a1
+      ..73a3057e
+    <C..ddef9f34
+      ..2fb43c2e
--- /de..aa3a9177
+﻿usi..fdf2718a
+using ..182b68d2
+using ..9817c5fc
+using ..b1ee15f2
+using ..46088d45
+using ..0f8a6f49
+using ..15b12346
+..4bffab47
+namesp..63b9ad28
+{..ca51b317
+    pu..0e45b45a
+    {..a850a66a
+      ..6e857edd
+..4bffab47
+      ..2e62d559
+..4bffab47
+      ..90993f65
+      ..0eb6f49c
+..4bffab47
+      ..8f9db702
+      ..66ae7b79
+      ..358f1a74
+..4bffab47
+      ..74e65785
+..4bffab47
+      ..834101e1
+..4bffab47
+      ..76557468
+..4bffab47
+      ..380a1634
+      ..e4f918ec
+      ..3cfed233
+      ..a27fe9f1
+..4bffab47
+      ..877b7e66
+      ..9ca0eff1
+      ..9386439f
+      ..7a55ba8d
+      ..8abea4fe
+      ..e947186f
+      ..175edf69
+      ..143fd1ca
+..4bffab47
+      ..a491e7db
+      ..9ca0eff1
+      ..9386439f
+      ..7a55ba8d
+      ..01fa86d5
+      ..e947186f
+      ..175edf69
+      ..5edee746
+..4bffab47
+      ..e3a8fc05
+      ..9ca0eff1
+      ..4f3105db
+      ..31b7bff3
+      ..e947186f
+      ..175edf69
+      ..e50f091d
+..4bffab47
+      ..70357f0e
+      ..238d5068
+      ..e44398c9
+      ..02ca4e7a
+..4bffab47
+      ..834101e1
+..4bffab47
+      ..7c9b4a2e
+..4bffab47
+      ..bd1cff78
+      ..e4f918ec
+      ..fdf0166c
+      ..dd4fa73c
+      ..9ca0eff1
+      ..f462f6ba
+      ..5ce557fb
+      ..8c5ecdb3
+      ..add885fd
+      ..95aeadef
+      ..02ca4e7a
+..4bffab47
+      ..834101e1
+..4bffab47
+      ..795eab98
+..4bffab47
+      ..795eab98
+..4bffab47
+      ..3dcac409
+      ..e4f918ec
+      ..444e5d3d
+      ..ec6964d9
+      ..5f047fb5
+      ..68d6d490
+      ..b09c8779
+      ..6427a90d
+      ..30633644
+..4bffab47
+      ..73eda411
+      ..9ca0eff1
+      ..f82eb24e
+      ..940eae90
+      ..8d5d38cc
+      ..90ac0e9a
+      ..7d7d3cb7
+..4bffab47
+      ..7b8a19a2
+      ..bda88ac9
+      ..f6127191
+      ..95aeadef
+      ..067b8cd5
+      ..9ca0eff1
+      ..796d8189
+      ..08460283
+      ..95aeadef
+..4bffab47
+      ..814a00b2
+      ..02ca4e7a
+..4bffab47
+      ..834101e1
+    }..21a54026
+}..7f33dd48
+using ..46088d45
-using ..b5617286
+      ..84b23c82
+      ..e16aab04
+      ..6d1ea144
+      ..3f5e253d
+      ..e4f918ec
+      ..dd4fa73c
+      ..9ca0eff1
+      ..346876ce
+      ..876962f9
+      ..3021228b
+      ..95aeadef
+      ..02ca4e7a
+..4bffab47
+      ..7817cd2c
-      ..ff684a41
+      ..7f68f6a2
-      ..c2309815
-      ..a849b5e7
+      ..cba4b184
-      ..6442cedf
+      ..38eef22f
+      ..4e61142d
-      ..ad6de1d9
+      ..06d4d283
-      ..2c9b7570
+      ..14822c25
+      ..1d1104c2
+..4bffab47
+      ..ac1f6a1d
+      ..9ca0eff1
+      ..745a518f
+      ..3a8a2e7a
+      ..175edf69
+      ..2fb43c2e
+..4bffab47
+      ..8727d19b
+      ..9ca0eff1
+      ..5b9828df
+      ..c2b29f7f
+      ..e2025a8d
+      ..9386439f
+      ..08d2445f
+      ..175edf69
+      ..30e36fba
+..4bffab47
+      ..8a8441e4
+      ..9ca0eff1
+      ..b761aad3
+      ..175edf69
+      ..9f4d4cb9
+      ..0ad38b32
+..4bffab47
+      ..37f2afd2
+      ..9ca0eff1
+      ..f3faca38
+      ..175edf69
+      ..238d5068
+      ..2846deac
+      ..0cac1555
+..4bffab47
+      ..25cc5b62
+      ..296cd33b
+      ..2972aa94
+      ..2b867eb8
+      ..d1e4536e
+..4bffab47
+      ..04e17d9b
+      ..e932cc73
+      ..aa301ea6
+      ..cd5985a3
+      ..7e76a27f
+      ..e4f918ec
+      ..cd5985a3
+      ..02ca4e7a
+..4bffab47