-      ..e7a652ae
+      ..2be2f01b
+      ..0d66413d
+      ..7f6eecab
+      ..06fb3c99
+      ..65fb090d
+      ..dd3d07e1
+      ..63f46325
+      ..2f65afd8
+      ..c7af7f2c
+..8cdb8b32
+using ..382bfe93
+using ..ccfb27cb
+using ..e7cbec98
+      ..d9cf4d94
+      ..bc14534a
+      ..06fb3c99
+      ..820eb9ab
+      ..cbbbdd52
+      ..955d49f5
+      ..3e39edf8
+      ..c7af7f2c
-      ..a97e6863
+      ..f4aaa074
-      ..1d078cff
+      ..29ec1394
-      ..223546a5
-      ..0cbe4a1e
+      ..af86a216
+      ..42ce58db
-      ..f549f7fc
-      ..8746efcf
+      ..f5e23628
+      ..659d5380
-      ..ced6d85e
+      ..e2f561a7
-      ..b93976ca
+      ..478b11a8
-      ..f4b86614
+      ..4ddfdd60
-      ..a332b6b2
+      ..d30c9c80
-      ..c4abdb19
+      ..b51838e0
-      ..7b9c7675
+      ..d4d26ae8
-      ..291b39ea
+      ..ff705fad
-      ..5e5656d6
+      ..83c5d3c4
+      ..a5cfd159
+    <C..1f8142d8
+  <Ite..642b3622
+    <A..27bd8f35
+      ..ceb718a3
+      ..6d5e5e6c
+    </..32a8e95f
+  </It..f8461b8a
+  <Ite..642b3622
+    <A..fce05c72
+  </It..f8461b8a
-			// ..5054f7e2
-			pub..2f035830
+			// ..2e3279eb
+			pub..2b7599a7
-			// ..263f8e61
-			pub..19f6895f
+			// ..e0720acd
+			pub..fac4a349
-			// ..8ab8ef1e
-			pub..e023c6b4
+			// ..4d75c6be
+			pub..3a34ed77
-			// ..323bf195
-			pub..8e98f0e6
+			// ..49895400
+			pub..55bc58fd
-			// ..448e1598
-			pub..e1096fd7
+			// ..a230a4cf
+			pub..1a8931f2
-			// ..5343b3ee
-			pub..15d7c39a
+			// ..8fe9d931
+			pub..a2e30bea
-			// ..fec05d3e
-			pub..0a1ff546
+			// ..94cc2982
+			pub..e9460037
-			// ..7888e20c
-			pub..5a9bcef0
+			// ..e5b539c3
+			pub..bf457284
-			// ..e8ded750
-			pub..5ab69492
+			// ..a4d25523
+			pub..e863a097
-			// ..6a4969d0
-			pub..125049d0
+			// ..b7a1c0b4
+			pub..795ee62c
-			// ..daa5818c
-			pub..5dd90a15
+			// ..a68e6098
+			pub..363dbd19
-			// ..71282af7
-			pub..f651df96
+			// ..3fa41263
+			pub..d8cb71bb
-			// ..7c93265a
-			pub..e0384d08
+			// ..f69babf5
+			pub..12ba4c91
-			// ..0d0616b5
-			pub..c4baf00c
+			// ..e4a29188
+			pub..e3d737cf
-			// ..24179f0a
-			pub..a8ca9fb3
+			// ..484da485
+			pub..110c6e9a
-			// ..de54884d
-			pub..6300fcd1
+			// ..7c0cf8f4
+			pub..be70020e
-			// ..7a535c6e
-			pub..67474dda
+			// ..85ee15d1
+			pub..07794465
-			// ..479a4a34
-			pub..99eff707
+			// ..56726b5f
+			pub..920c4cc8
-			// ..8e6863bf
-			pub..ec508d59
+			// ..adaf2237
+			pub..5453c87a
-			// ..587964d4
-			pub..25ee466f
-..a49f5106
-			// ..140500a9
-			pub..cb42fc2e
+			// ..b6f272a7
+			pub..1a324696
-			pub..96f6320d
+			pub..5168a703
-			pub..6cba448f
+			pub..e18693bb
-			// ..b2708974
-			pub..dbf4738e
+			// ..d97039bf
+			pub..1e429331
-			pub..1e04c327
+			pub..81581477
+..8cdb8b32
+			// ..f42bc6f3
+			pub..c6a8a4ac
-			// ..c3d62987
-			pub..2c4ec44b
+			// ..54ce9633
+			pub..2ef6eaf6
-			// ..4f1cc3a6
-			pub..95a845dd
+			// ..dccd9a32
+			pub..fcfc57c5
-			// ..f425d85c
-			pub..3a57ad2e
+			// ..36b4ee9d
+			pub..a27e5d38
-			// ..86193819
-			pub..b5460be7
+			// ..a7cabca2
+			pub..e7727c71
-			// ..893bbe6c
-			pub..bb528ef4
+			// ..99837014
+			pub..760618b4
-			// ..9dba14fe
-			pub..fc3fc590
+			// ..7f56dca5
+			pub..13051ff2
-			// ..485bd79b
-			pub..8f3b2d01
+			// ..18de07ca
+			pub..fdcd0740
+..8cdb8b32
+			// ..675267c3
+			pub..e8732ec4
-			pub..57d1eb29
+			pub..19ce2b6d
-			pub..447055a7
+			pub..0791cc74
-			pub..aebe8950
-..a49f5106
-			// ..f51f4de9
-			pub..f6fe2bd7
+			pub..a05cd45e
-			// ..b1e6e24f
-			pub..21ed271b
+			// ..6be592de
+			pub..494eb2d6
-			// ..0bd7e268
-			pub..4117a822
+			// ..41b4fdfa
+			pub..a671e34d
-			// ..fe903994
-			pub..fe582b50
+			// ..83cb8837
+			pub..d9d27b3c
-			// ..fc01bc47
-			pub..d4507f75
+			// ..6f961b56
+			pub..9f95fe0a
-			// ..03d1033d
-			pub..407df5f7
+			// ..dfe7ab63
+			pub..1fe81f0e
-			// ..ea87bf26
-			pub..72f0857f
+			// ..3ea918c9
+			pub..dd1c04e7
-			// ..4a2831ec
-			pub..bb087f90
+			// ..931dadaf
+			pub..5dc94c1c
-			// ..698a7748
-			pub..f5e785cc
-..a49f5106
-			pub..b02cfa16
+			pub..a14ac6f9
-			// ..328cc98c
-			pub..ac3982c7
+			// ..eaf4a29f
+			pub..68e14597
-			// ..c1b1b7f5
-			pub..302da403
+			// ..56c7735d
+			pub..dc741a47
+..8cdb8b32
+			// ..8384ae26
+			pub..232e078b
-			// ..a82f7fe9
-			pub..82337335
+			// ..0f6449ea
+			pub..c59a9bc9
-			// ..63c3cfd6
-			pub..209eb92a
+			// ..c35b9f07
+			pub..7fe64200
-			// ..f6669119
-			pub..f72fdd26
+			// ..f32ca944
+			pub..006914db
-			// ..dfd668fb
-			pub..13f3c611
+			// ..de2d1ff7
+			pub..11b26217
-			// ..b69a12e5
-			pub..ab7a655d
+			// ..1a621d16
+			pub..f75415fb
-			// ..61aa4237
-			pub..d19a57ba
+			// ..91065565
+			pub..bd1fe090
-			// ..27cbfe28
-			pub..62fcbae7
+			// ..a3988290
+			pub..f99a7be7
-			// ..eefdbc19
-			pub..33e6c3ae
+			// ..76bf3818
+			pub..beaa5907
-			// ..135c7040
-			pub..29b4b5c9
+			// ..b83d93de
+			pub..3ec00538
-			// ..862e9b69
-			pub..966a9d26
+			// ..b5d7e8a7
+			pub..f67a631d
-			// ..57d1a0bd
-			pub..9f71d368
+			// ..1600ba37
+			pub..6b35dd57
-			// ..4a444729
-			pub..75afc457
+			// ..31944895
+			pub..4f6d4108
-			// ..51b3b41a
-			pub..0a4e4c7a
+			// ..7ff70507
+			pub..cf56e0c3
-			// ..6b00cde3
-			pub..369ae198
+			// ..15e0dc3e
+			pub..5dc3044b
-			// ..8b798b47
-			pub..efc1e493
+			// ..87739576
+			pub..4de264ff
-			// ..2511716c
-			pub..1365050a
+			// ..57f1ece3
+			pub..b24dec00
-			// ..b2cf9e58
-			pub..37398d1d
+			// ..1e324dcd
+			pub..a6dd8d47
-			// ..324a49dd
-			pub..91bc8eb7
+			// ..c468c401
+			pub..7eb12a40
-			// ..8e903ea6
-			pub..b2fe8c54
+			// ..05923df2
+			pub..47a2486b
-			// ..6fe71e19
-			pub..20ce5be6
+			// ..a7284c75
+			pub..3b80bf61
-			// ..0cb47db2
-			pub..e655c07c
+			// ..add4bb92
+			pub..886d3df8
-			// ..fd3b8c47
-			pub..2e911398
+			// ..e4b9904e
+			pub..b9eebf41
-			// ..099c2df5
-			pub..95972c40
+			// ..c36f7467
+			pub..4bc1368a
-			// ..dc1de45e
-			pub..5b827788
+			// ..75c584d8
+			pub..c8a6ba63
-			// ..7197aa6e
-			pub..bfe2d5bc
+			// ..3c5ab474
+			pub..82951b74
-			// ..ab53ce99
-			pub..210c146e
+			// ..77e8353b
+			pub..93196f62
-			// ..a7092fb0
-			pub..733f6888
+			// ..4392bab6
+			pub..c92f4135
-			// ..b7fc7c79
-			pub..9d569504
+			// ..080c4f30
+			pub..2156ae0f
-			// ..6c55c7d9
-			pub..db4671fe
+			// ..7769b954
+			pub..d9a74cd0
-			// ..fb20248c
-			pub..4b130de2
+			// ..d6ff46dd
+			pub..bc21f5a9
-			// ..de7da444
-			pub..52d8c26f
+			// ..66dd749a
+			pub..d6a60f39
-			// ..dc37f302
-			pub..51ad1f7d
+			// ..3263274a
+			pub..c15f393b
-			// ..1711973d
-			pub..c9f80bb8
+			// ..fd40fe27
+			pub..3ad3db79
-			// ..84d30828
-			pub..d05722de
+			// ..e3628ee6
+			pub..98295511
-			// ..12fc0a7f
-			pub..3a703771
+			// ..b1faa223
+			pub..f4966601
-			// ..cddfd034
-			pub..4d97db2d
+			// ..728f9323
+			pub..c60269a0
-			// ..3e948409
-			pub..9f24c5ec
+			// ..52dfdabb
+			pub..a6535fa4
-			// ..5ef35fcd
-			pub..d2a99c53
-..a49f5106
-			pub..e6686d18
+			pub..30dbbeef
+..8cdb8b32
+			// ..0ea0f08e
+			pub..b6778bca
-			// ..6d0e6198
-			pub..48ee7035
+			// ..7e6e7bc4
+			pub..97f1d97d
-			pub..73ae68ba
+			pub..f9d4229f
-			pub..a209500d
+			pub..80685ff7
-			pub..a153a256
+			pub..38ca6673
-			pub..f506c31d
+			pub..03dbfd2e
-			pub..37f01fdf
+			pub..041b1ca6
-			pub..c68e310c
+			pub..517a272e
-			pub..bd2e565e
+			pub..531098e4
-			pub..49ab1339
+			pub..49587001
-			pub..18fd4b31
+			pub..68be4e6f
-			pub..a3434e5a
+			pub..b626bee9
-			pub..dcb55635
+			pub..26c6feac
-			pub..abcddffb
+			pub..360f7363
-			pub..1b857868
+			pub..aaad31a6
-			pub..8ca72f1b
+			pub..9689f039
-			pub..24e7b96f
+			pub..a3e5f618
-			pub..5a8f0bca
+			pub..2d159e42
-			pub..ddf427ba
+			pub..a915463a
-			pub..6535453f
+			pub..c7919058
-			pub..b2cd6f6d
+			pub..cfc6930f
-			pub..a3cd9f35
+			pub..10544228
-			pub..55f6415e
+			pub..a80b4dd5
-			pub..08f6c8c6
+			pub..3722a705
-			pub..4b736b1c
+			pub..d49ba2b3
-			pub..89eed9ee
+			pub..b5a9dcfb
-			pub..fee26eb9
+			pub..87e279c2
-			pub..4f4a27b5
+			pub..857c0e67
-			pub..1a13a013
+			pub..7b02dbc1
-			pub..691a12fa
+			pub..d22c8521
-			pub..e58aad4c
+			pub..c421c6a2
-			pub..6913c1e2
+			pub..32e4e028
-			pub..f6f39306
+			pub..e8cb348e
-			pub..e41d5fe9
+			pub..819954a9
-			pub..1f3aa1c6
+			pub..1fca3a18
-			pub..c610faee
+			pub..b85e85d9
-			pub..64f3c6af
+			pub..e05b6a28
-			pub..c52ba7e6
+			pub..4d3b2e77
-			pub..e2b77ff8
+			pub..3e42c0f1
-			pub..2532f6f1
+			pub..2d8997d2
-			pub..0850ad2d
+			pub..63a6107f
-			pub..75cfe5ad
+			pub..15191031
-			pub..2231ed19
+			pub..9b787cbd
-			pub..9a07789f
+			pub..fc71f83d
-			pub..00c38eec
+			pub..ca41bebb
-			pub..03f5c271
+			pub..b5a6379b
-			pub..c8fea1da
+			pub..48869e02
-			pub..49e67aa7
+			pub..e5360812
-			pub..a05ee209
+			pub..074eb25f
-			pub..f1f338f2
+			pub..307b233e
-			pub..fb41e86e
+			pub..8037dc3b
-			pub..c8f46c89
+			pub..f83e18b6
-			pub..e061a576
+			pub..d2649f2c
-			pub..d903cc10
+			pub..6cb53301
-			pub..216c728b
+			pub..b7fa95f2
-			pub..e6d892f5
+			pub..feaee09e
-			pub..4df479e5
+			pub..bb60c06f
-			pub..ff104576
+			pub..796e63ce
-			pub..63818ef5
+			pub..7f382104
-			pub..ee43557d
+			pub..fc42491e
-			pub..4b8b6ef5
+			pub..1db28d7c
-			pub..a368604d
+			pub..68b154b7
-			pub..a419dc9f
+			pub..63a1f836
-			pub..a6884424
+			pub..640348b9
-			pub..d00c25c4
+			pub..dfdf16d8
-			pub..f5f1792e
+			pub..5d6e30a1
-			pub..5f7f07be
+			pub..96f98d17
-			pub..ff6f6aa0
+			pub..2bc707af
-			pub..6aea4e1b
+			pub..4e856dd2
-			pub..971f28a7
+			pub..828eb31f
-			pub..3abe353c
+			pub..0ee120f8
-			pub..d40d1ff1
+			pub..ddf958ab
-			pub..1710b403
+			pub..2ea47dd9
-			pub..2850cbb6
+			pub..72a189c1
-			pub..2f9cc11e
+			pub..429e16e1
-			pub..bc24663b
+			pub..90e0c3ba
-			pub..e4a95231
+			pub..f183f234
-			pub..ee3877a9
+			pub..49366b1b
-			pub..e48e1fa7
+			pub..90686dba
-			pub..ff8a67ce
+			pub..e93ea88a
-			pub..fbd9ed17
+			pub..736831a1
-			pub..d716686d
+			pub..911e2842
-			pub..d1d3c343
+			pub..b66df796
-			pub..571a3567
+			pub..83960c67
-			pub..3b71adf6
+			pub..971c86e6
-			pub..3e7c1884
+			pub..c1458338
-			pub..cd4d877a
+			pub..d814d9ec
-			pub..08d258a2
+			pub..1df5427b
-			pub..211347ab
+			pub..e5cc9e3c
-			pub..bde83e6c
+			pub..50d01ee9
-			pub..ee247d17
+			pub..8f51ffb0
-			pub..9c09d307
+			pub..5a0e21eb
-			pub..2f217a4c
+			pub..3887c56b
-			pub..99fd2c6b
+			pub..c41bf0b2
-			pub..34907136
+			pub..0df6b5bc
-			pub..717c76f9
+			pub..8e072172
-			pub..61fed0a4
+			pub..6a9d4d22
-			pub..204d3e23
+			pub..666f74a7
-			pub..82ffedcb
+			pub..a7e60f0c
-			pub..71f6104f
+			pub..4a7861b8
-			pub..0c04ee9c
+			pub..95b456d5
-			pub..54dcec02
+			pub..bdabe8ff
-			pub..09575887
+			pub..38a80eb9
-			pub..c256d7ed
+			pub..9f22b0a5
-			pub..1e792fd4
+			pub..7f297244
-			pub..7417b48f
+			pub..98d5c9a9
-			pub..ddf77572
+			pub..e62ae7e8
-			pub..573741c2
+			pub..993fa51f
-			pub..5a9c25b0
+			pub..a862d604
-			pub..05534ff5
+			pub..cd5a514a
-			pub..b37990f9
+			pub..41a078e5
-			pub..b1978af8
+			pub..558c93a1
-			pub..e6b305cf
+			pub..3b4dc9c0
-			pub..38e504be
+			pub..4d04875d
-			pub..f6ff9ecd
+			pub..db1a564a
-			pub..e3d937c2
+			pub..be6d3c1c
-			pub..5dc1131a
+			pub..bd4a9914
-			pub..e69d280b
+			pub..95d4ebc4
-			pub..f0cdbde2
+			pub..70958521
-			pub..082e08fe
+			pub..aa8281b8
-			pub..44b94141
+			pub..d3d83ada
-			pub..651a9fa4
+			pub..6143767c
-			pub..d91af155
+			pub..a3823250
-			pub..18d4241a
+			pub..a6dca808
-			pub..7ddb2fdd
+			pub..23c178d3
-			pub..a1a29ffa
+			pub..96324437
-			pub..e4d1a496
+			pub..152f5340
-			pub..f4d6de86
+			pub..69fa3447
-			pub..8cd93cfd
+			pub..182630b6
-			pub..10a082e6
+			pub..c043871a
-			pub..aa3ba573
+			pub..d1a38341
-			pub..29eb02df
+			pub..8b23610e
-			pub..700ccfa4
+			pub..9547fef7
-			pub..3ad15677
+			pub..dfed4080
-			pub..d05a3e10
+			pub..2c161ac1
-			pub..143a86ee
+			pub..61fab8a0
-			pub..9b34c017
+			pub..072e425f
-			pub..92ca46dd
+			pub..159b786c
-			pub..b75abc97
+			pub..43c42207
-			pub..5c37d4b6
+			pub..292713f2
-			pub..4900dd2c
+			pub..7a278af7
-			pub..33e0a6a6
+			pub..6fb3bbe8
-			pub..88738a0a
+			pub..e159815c
-			pub..4dded27e
+			pub..a9dabe3a
-			pub..b387fed2
+			pub..8ce89213
-			pub..8e4a68b2
+			pub..ad64f6ef
+..8cdb8b32
+			// ..352188bd
+			pub..a85375f5
+..8cdb8b32
+			// ..25b9873f
+			pub..3ad23780
--- /de..bf6dfe6b
+﻿<?x..e58710d6
+..8cdb8b32
+<Linea..9d74af8e
+      ..99c1fcb7
+      ..a659f69d
+      ..c7616952
+      ..8ce007c4
+..8cdb8b32
+  <Fra..4ccb1fa1
+      ..5496de0d
+    <H..3e7bfaa1
+      ..14284750
+      ..b00b2c14
+      ..0f61c43f
+      ..0debd1ba
+      ..a82fb890
+  </Fr..2546aefa
+..8cdb8b32
+  <Tex..314e6cb2
+      ..05d31ba9
+      ..0a53a706
+      ..d7cdf4fc
+      ..c143a077
+      ..491e873c
+      ..aaa63ab8
+      ..5583c22d
+      ..3e6468e0
+      ..91161a2f
+      ..41ce9f22
+</Line..68a51747
--- /de..bf6dfe6b
+﻿<?x..e58710d6
+..8cdb8b32
+<Frame..f6fbf7c2
+      ..cb76c1f5
+      ..e62f8f9a
+      ..f5c40987
+      ..481921a8
+      ..bcabf6f4
+  <Rel..6f7273a1
+      ..b1c21e29
+      ..10861fe2
+      ..d59a23a2
+    <I..a14de5ad
+      ..ca2a3136
+      ..f61eddf3
+      ..124b6b36
+      ..7103a335
+..8cdb8b32
+    <T..bbfdf799
+      ..91a93ec0
+      ..c7616952
+      ..500ce0f7
+      ..0d8617cd
+      ..8bd1c4f1
+      ..d5b8077b
+      ..3168aa85
+      ..a7d9064c
+      ..fdf42c4b
+      ..fc65bbb8
+..8cdb8b32
+    <T..52cefd03
+      ..91a93ec0
+      ..c7616952
+      ..500ce0f7
+      ..323dec2b
+      ..811674b0
+      ..0d8617cd
+      ..8bd1c4f1
+      ..a7d9064c
+      ..fdf42c4b
+      ..3168aa85
+      ..77865c66
+      ..5ff7aa6d
+..8cdb8b32
+    <L..3a02e1d3
+      ..b1c21e29
+      ..c68957d4
+      ..53cedc5a
+      ..e9f14746
+      ..111bca91
+      ..2f611721
+..8cdb8b32
+      ..bbec4443
+      ..a3090d1c
+      ..6e2d1263
+      ..8478125f
+      ..05c7b8dd
+      ..d5a43dde
+..8cdb8b32
+      ..ef4eb095
+      ..acdd5195
+      ..4101a459
+      ..a6248390
+      ..0e72fcab
+    </..21b7351f
+  </Re..7d97a7d7
+..8cdb8b32
+  <Vie..a8314891
+      ..25e22dec
+      ..d45c5b6a
+      ..3382b2e5
+      ..9de78b85
+</Fram..6d251617
-    <i..df3ef647
-    <i..df3ef647
+    <i..39b8b1d4
--- /de..bf6dfe6b
+﻿usi..0dcf41f5
+using ..f8ea5036
+using ..590c0135
+using ..752f66e4
+..8cdb8b32
+namesp..90358e62
+{..d967c321
+    pu..7fcd66b1
+    {..b793257e
+      ..879faba9
+..8cdb8b32
+      ..c3de49a2
+..8cdb8b32
+      ..5ff6bb11
+..8cdb8b32
+      ..42e20705
+..8cdb8b32
+      ..f5a08efc
+      ..06fb3c99
+      ..c7af7f2c
+..8cdb8b32
+      ..5ff6bb11
+..8cdb8b32
+      ..02d9055f
+..8cdb8b32
+      ..a696721a
+..8cdb8b32
+      ..5ff6bb11
+..8cdb8b32
+      ..e35a8398
+..8cdb8b32
+      ..b6e48032
+      ..06fb3c99
+      ..c362d99a
+      ..bba05c3d
+      ..eeb1f26c
+      ..c7af7f2c
+..8cdb8b32
+      ..ad906a7d
+      ..06fb3c99
+      ..c0da7348
+      ..c7af7f2c
+..8cdb8b32
+      ..5ff6bb11
+    }..95b56082
+}..f97a9c73
+      ..4c00b53e
-      ..7b7212e6
+      ..0d162527
-      ..d8fde5b1
+      ..d6cc2ea2
-      ..16bd49ca
+      ..8bd7415f
+using ..dbc6f8d8
-      ..63cc968f
-      ..b4a99cd0
-..a49f5106
+      ..e788a7fd
-      ..6f270074
+      ..9eac82c1
-      ..5e69cc78
+      ..5c686eb6
+      ..1aa33b59
-      ..3d3036aa
-      ..2b71eafd
-      ..397f5662
+      ..2c2a532d
+      ..7e9900be
+      ..c5f22d50
+      ..3abb2725
+..8cdb8b32
+..8cdb8b32
+      ..3549e0f9
+      ..08df19b8
+      ..47f98aa2
+      ..13644af0
+      ..43fa5170
+      ..74926efc
+      ..9b43bf22
+      ..c51073db
+      ..e15ed0fb
+      ..71df5a48
+      ..47ea5036
+      ..039c8d41
-      ..f2f591ab
+      ..fa84449a
+      ..db2533bb
-      ..09f49293
-      ..03a50909
-      ..1e03840c
-      ..4512e9b0
-      ..b0e46a1b
-      ..5191ba83
-      ..d566fe83
-      ..71167f79
-      ..912572a0
-      ..46257939
-      ..019d3889
-      ..fa9ac4f9
-      ..c5545ccd
-      ..c7fceea4
-      ..8ffcb16b
-      ..6d33e0e2
-      ..41c1d950
-      ..957e11bc
-      ..d0d87eaa
-      ..88a8d679
-      ..0de8f064
-      ..957e11bc
-      ..193bd008
-      ..b3aa0d30
+      ..3614107e
+      ..8b606beb
+      ..e690c6b2
+      ..dd3d07e1
+      ..dbff9371
+      ..4f325105
+      ..08df19b8
+      ..b8cf450f
+      ..392e95c9
+      ..084a2339
+      ..e15ed0fb
+      ..80edf9f6
+      ..0adddcb0
+      ..f5d9affe
+      ..24395c60
+      ..03691d57
+      ..0fbc45d2
+      ..1c22a3dc
+..8cdb8b32
+      ..40d1365b
+      ..0b240bfa
+      ..3abb2725
+..8cdb8b32
+      ..162248b5
+      ..a3e36938
-      ..be13001c
+      ..74e97946
-      ..caa9d68d
+      ..de12c1c1
-      ..ffe6997e
-      ..a4458ac0
-      ..9455aceb
-      ..b0d07f68
-      ..b6fa4ca1
-      ..e36bb8af
-      ..eb0ea56e
+      ..0420d7d9
+      ..2a047745
+      ..0673fc00
+      ..7e2dd55a
+      ..a747a14c
+..8cdb8b32
-      ..fb85a6d8
+      ..8ef90740
-      ..a4ae39e4
-      ..cee0e1bc
+      ..8fdeb8c1
-      ..cc9437b3
+      ..235099e0
-      ..21d85e5c
-      ..d8ff1d2a
-      ..1e03840c
-      ..6c1fc21c
-      ..a6c2c24a
-      ..861f3162
-      ..2cf7038b
-      ..4ca6aac9
-      ..c5f29c4d
-      ..8120556e
-      ..0cbd19c7
-      ..f6aad1a9
-      ..6ea1dfbc
-..a49f5106
-      ..a6e3c1ee
-      ..71fd0341
-      ..af337734
+      ..c187004f
+      ..44d97391
+      ..64f13b59
+      ..c7af7f2c
+      ..d9685bea
+      ..06fb3c99
+      ..1913c393
+      ..e02d462f
+      ..dd3d07e1
+      ..e2faa8c0
+      ..b2a49dee
+      ..4c16642b
+      ..46bcf632
+..8cdb8b32
+      ..0040cb66
+      ..c0af20a4
+      ..d031c465
+      ..390ebc51
+      ..08df19b8
+      ..526285a4
+      ..e94decf5
+      ..3abb2725
+      ..0e4fe153
+      ..01a01297
+      ..773aea08
+      ..fa84449a
+      ..de9c2101
+      ..bdbe7652
+      ..9d405fae
+{"Sele..c73fa6f4
-#if !_..4c4cb473
-#if !_..3bedead7
-#endif..f313c239
-..a49f5106
-#endif..f313c239
-..a49f5106
-      ..894b39ac
+      ..6fb2527b
+..8cdb8b32
-      ..01d2f18d
+      ..28447a08
-      ..ffc7e26f
+      ..1ebc818e
-      ..90043919
+      ..56982f86
-      ..ad121fa0
-      ..fdd61657
+      ..d941d050
+      ..dd3d07e1
+      ..fc92e218
+      ..5f4db381
+      ..9d405fae
+      ..f441b68a
+      ..dd3d07e1
+      ..b548d522
+      ..7c0da8a7
+      ..9d405fae
+using ..4d7c3b4b
+using ..2f6b4f7a
+using ..f21b4db7
+using ..4fd91e72
+using ..773a4eec
-using ..b8ad87ac
+using ..782f937f
-      ..05451bca
+      ..3a596161
+      ..2a5f8664
+      ..06fb3c99
+      ..df4efec9
+      ..dd3d07e1
+      ..e0c306cc
+      ..62f83522
+      ..cf925e15
+      ..5d96fb23
+      ..0a1d99ea
+      ..a3e36938
+      ..c7af7f2c
+..8cdb8b32
-      ..746d2622
+      ..2c40fb64
+      ..76a79e35
+      ..1a60400d
+    },..fc6840b5
+    "S..cc07ce97
+      ..ca2e0b90