-server..ae4461e6
-server..ebbd0b69
+server..42f7c61c
-server..6e5babeb
+server..f97886bf
-server..cad99fc1
+server..6d1e0266
-	$_REQ..aaaddebf
-	$_REQ..c8d8c684
+	$_REQ..7d162554
+	$_REQ..197eec04
-		$res..93794ac0
-		retu..1e294038
+      ..15f30ef6
+      ..caa681a1
-		$add..b249cf17
+		$add..064ac8b9
+		$tok..11c8b512
+		$lat..da1c8ae4
+..2c499a9c
+		do {..92031f9b
+			$to..63acf6e7
+			if ..b61800d8
+..2c499a9c
+			$ad..26d573d7
+			$la..80ec5889
+		} wh..6db0cbeb
+..2c499a9c
+		$tok..23279426
-		$tok..a5f832d3
-	publi..71f235d7
+	publi..0409b1ea
-			'in..edf3df6d
+			'in..91212425
+			'li..12be098a
+			'fr..92fef411
-		retu..23fc9c89
+		$tok..ca5e7121
+..2c499a9c
+		if (..4258b131
+			ret..4edb36f7
+		retu..22681b64
-		retu..1e294038
+      ..caa681a1
+			$is..09abc2ab
+			$re..c61fbf8d
+				'c..4e8e0e06
+				't..2711bf19
+			] :..be4df5a7
+..2c499a9c
-			$re..50264f29
-				'i..10f56b80
-				'c..50e441cf
-			]);..1658be1d
-..9e15f547
-			if ..69cc2f97
-				$p..89c9df62
-				if..00183308
-					f..9a56870e
-						..a827b723
-						..8b006ad4
-						..914fa33f
-..9e15f547
-						..afb6bbd6
-						..69279b31
+			$id..a1e50f6d
+			for..f8f6fa02
+				$r..04b8200c
+					'..1554f59c
+					'..86cb3e52
+				])..08cf59d3
+..2c499a9c
+				if..54736e9c
+					$..2f023925
+					i..ef742426
+						..fa82ec0a
+						..1fdc7d74
+						..26a638d7
+						..caf35636
+..2c499a9c
+						..7b707983
+						..74ea3617
+						..f1d5e45f
+..2c499a9c
+						..479c8e67
+						..abe4c1fd
+						..650742ad
+						..235dcbed
+..2c499a9c
+						..a8a43a0a
+						..eb3761ff
+						..f1d5e45f
+..2c499a9c
+						..e7c91208
+					}..2c9c064d
-						..c498adf9
-						..65c6f474
-						..4347789e
-						..fd22d55c
+					i..bc9c2ee3
+						..6d138474
+						..fc05675b
+						..ab8e70f2
+						..703da339
+						..235dcbed
-						..5f4cfa80
-						..cd72917e
-						..42e0f2cb
+						..9471040f
+						..eb3761ff
+						..f1d5e45f
-						..df7d90ad
+						..b385b17c
+						..0b2db1f9
-				}..dc72ce1d
-				if..412377dd
-					f..da92be86
-						..4920aca0
-						..d0318bd0
-						..e5652e87
-						..fd22d55c
-..9e15f547
-						..b6a62174
-						..cd72917e
-						..42e0f2cb
+					$..10280896
+				} ..f93139ee
+					i..ef742426
+						..3cd5adab
+						..01e47874
+					}..2c9c064d
-						..04642ef9
+					i..bc9c2ee3
+						..ac9e3c06
+						..f221aec1
-..9e15f547
-				$r..c0be1cc5
-			} e..e396e656
-				if..88b23f99
-				if..a7ea0485
-				$r..9f71de8a
-					'..944120b9
-					'..7f492ab4
+					'..f1bb20b6
+					'..df3f34a4
-		    ..11e962ef
+		    ..5017e4b0
-      ..aee064ae
+      ..e6a0968d
+			'1...bb40c3e2
+				'i..55adf760
+					"..beda94bf
+					"..9ca0633b
+					"..4bfe9f5f
+					"..f431f751
+					"..f544ad55
+					"..7a477844
+					"..7a36db1c
+					"..b2edead8
+				'v..d2dd98f1
+				'r..dcdad7ad
+			],..1308b7e2
+			'1...72299c04
+				'i..ff39cbd4
+					"..cd504cb9
+					"..4965798a
+					"..d69fb825
+					"..49b8c339
+					"..50406d1e
+					"..3bd568ca
+					"..9fca7a7f
+					"..82c8935f
+				'v..d2dd98f1
+				'r..3faeec76
+			],..1308b7e2
+			'1...52c28b05
+				'i..ff39cbd4
+					"..cd504cb9
+					"..4965798a
+					"..d69fb825
+					"..49b8c339
+					"..50406d1e
+					"..3bd568ca
+					"..9fca7a7f
+					"..82c8935f
+				'v..d2dd98f1
+				'r..e69728a1
+			],..1308b7e2