-    <l..585f5c2e
+    <l..dd61ebed
+      ..fcbb952b
+      ..2d0ef0a5
+      ..4495c14a
+    </..17b903ca
-    <o..f16aeaaf
-  <com..acd7dce8
+  <com..5f6de97d
+  <com..b4322b04
+    <s..ca178271
+      ..f8bbaa43
+      ..2f5a751a
+      ..39740c0e
+      ..66f707d1
+      ..08b9d72a
+      ..53b2e6be
+      ..f51ee8cc
+      ..00d0a761
+      ..2f5a751a
+      ..863c3135
+      ..add6c000
+      ..53b2e6be
+      ..f51ee8cc
+      ..36d864c0
+      ..2f5a751a
+      ..5ca248d7
+      ..53b2e6be
+      ..f51ee8cc
+      ..b12f7c71
+      ..2f5a751a
+      ..ba39c557
+      ..4abada61
+      ..53b2e6be
+      ..f51ee8cc
+      ..f835054b
+      ..2f5a751a
+      ..53e25c0b
+      ..53b2e6be
+      ..f51ee8cc
+    </..e8221649
+  </co..1ed19114
-      ..c24b527f
+      ..4b03d7b3
-      ..e8166eb6
+      ..4b03d7b3
-      ..9c79b186
+      ..f633a603
+      ..5a21f02a
+      ..76785235
+      ..05a5d71c
+      ..aa1c5be1
+      ..cd13b035
+      ..1aa2d8a4
+      ..94e61a17
+      ..9bb3f6bc
+      ..1c797c18
+      ..04926435
+      ..c684c438
+      ..a9ff6a03
+      ..4b03d7b3
+      ..5c78aa22
+      ..05a5d71c
+      ..48fd3129
+      ..9e8b66ec
+      ..1aa2d8a4
+      ..be905075
+      ..9bb3f6bc
+      ..1c797c18
+      ..04926435
+      ..c684c438
+      ..a9ff6a03
+      ..4b03d7b3
+      ..44fd7756
+      ..05a5d71c
+      ..34a033cb
+      ..5cfeaa13
+      ..1c797c18
+      ..04926435
+      ..c684c438
+      ..a9ff6a03
+      ..3717d5b0
+      ..44680cc4
+      ..90516502
+  <com..4aafeedd
+    <o..0e778b08
+  </co..1ed19114
-      ..1ea44086
-      ..f72a2004
+      ..27a57dc6
+      ..cc0a88ef
-  <com..d724bbe8
-    <p..8f5f19a9
-  </co..7d72e335
-    <o..fb741e7e
+    <o..61848a66
+  <com..4efe0aa8
+      ..3cb78088
+      ..5886d6c4
+      ..253578c6
+      ..fc9e3d4f
+      ..629c9512
+      ..f1ac75d6
+      ..fc9e3d4f
+      ..629c9512
+      ..f1ac75d6
+      ..089e9c8c
+      ..253578c6
-      ..dbe6d9a4
+      ..0b540c20
+      ..d541fb6e
+      ..6eebded1
+      ..fbdb5773
+      ..3b6e5375
+      ..465612e5
-    <o..8de0439c
+    <o..5b7b163f
-    <f..6e7c4b43
+    <f..abb93e83
-      ..6064553f
-      ..ff2aa166
-      ..846c31ba
-      ..77bbc2ef
-      ..db2146cd
-      ..934ce7cf
-      ..4557a2eb
+      ..13623c41
-      ..1cb45231
+      ..3b4c8c66
+      ..22c6c658
+      ..99ae8ed0
+      ..81635760
+      ..765735bd
-      ..9e22f47d
+      ..517cd82e
+      ..09cbf0f3
+      ..fe0e81e0
+      ..f1cd7cdf
+      ..1bfbe128
+      ..9e6c3b4b
+      ..67223c52
-      ..5a2c51bd
-      ..80848673
-      ..1b1e9eaa
-      ..7f8ba323
+      ..2e5a67d2
+      ..0611f156
-  <com..c9d494a2
-    <b..47e374c5
-      ..b456d473
-    </..688c91b7
-  </co..7d72e335
-    <e..a0791213
-      ..b5bd8f86
-      ..23fa1911
-      ..33ec8a1c
-      ..f976913a
-      ..28009e82
-    </..6dedfe3d
-    <e..ded1b04a
-      ..b5bd8f86
-      ..5f1e8c14
-      ..728b512d
-      ..ef019f49
-      ..f119f2f6
-      ..f31b024f
-      ..f976913a
-      ..28009e82
-    </..6dedfe3d
-    <e..aef4d92a
-      ..b5bd8f86
-      ..0a0cd570
-      ..077dac05
-      ..ef019f49
-      ..ed7e2274
-      ..f31b024f
-      ..f976913a
-      ..28009e82
-    </..6dedfe3d
-      ..ef019f49
-      ..51bfc7f1
-      ..f31b024f
-      ..9eefe57d
+      ..c02aac06
+    <e..4067b914
+      ..762e083f
+      ..fb8cdfd3
+      ..52b8076a
+      ..54cb31c2
+      ..d23621d4
+    </..f7d5ff64
+    <e..dd58ffc4
+      ..762e083f
+      ..525ee52c
+      ..badf147e
+      ..ddcf378d
+      ..fbd6ef16
+      ..4e75e19b
+      ..54cb31c2
+      ..d23621d4
+    </..f7d5ff64
+    <e..251cb2cb
+      ..762e083f
+      ..af17caf5
+      ..41039b39
+      ..ddcf378d
+      ..66817d1c
+      ..4e75e19b
+      ..54cb31c2
+      ..d23621d4
+    </..f7d5ff64
++ (voi..41ee3c75
+..5acde071
+static..ef8c76ac
+static..d7295670
+..5acde071
+    _e..8840a90f
+      ..4d72cd8b
+      ..69a50a6f
+      ..e00173b0
+      ..79d64504
+    };..c44b26fa
-    [i..d288f764
+    [i..cfdc41f0
++ (voi..7359a029
+    ob..8cd34ca0
+}..0bcce59a
+..5acde071
+..5acde071