+  <Ite..1091476a
+    <A..5084421b
+      ..3719ac55
+      ..df4ce9a5
+    </..6f0d606d
+  </It..69d00d6c
+      ..da794685
+      ..4b57a344
+      ..84b234a7
+      ..e77f924e
+      ..a106a1fd
+      ..c97e8a53
+      ..c1af0cf7
+      ..fca5edf9
+      ..50d813f4
+      ..19cb2450
+..03c7ffe5
-      ..f4e89c7c
+      ..63806ac1
-			pub..564ebe68
+			pub..165d82ff
-			pub..11902c0d
+			pub..6c46034e
-			pub..53869873
+			pub..3909ab3c
-			pub..31bb951d
+			pub..137a0236
-			pub..6fcaeea4
+			pub..35e340a8
-			pub..d26e8262
+			pub..3d854b9a
-			pub..3e406e50
+			pub..ca8e5360
-			pub..cfd1d737
+			pub..3dc73c80
-			pub..e54484be
+			pub..7a33f18e
-			pub..d5e3f5c7
+			pub..e116ab42
-			pub..d76043be
+			pub..377f537b
-			pub..f1ccfd4e
+			pub..8798da65
-			pub..e482df95
+			pub..102ada51
-			pub..ebecaa41
+			pub..acb7cebd
-			pub..01fa2f6b
+			pub..23fcf87b
-			pub..1d6acd93
+			pub..56162b25
-			pub..e180e264
+			pub..682e4209
-			pub..4df2fdc8
+			pub..ca2a4e53
-			pub..d928aff8
+			pub..e4ca353d
-			pub..9a7fef3b
+			pub..5726d881
-			pub..0fb412d5
+			pub..7085c91b
-			pub..0be9921a
+			pub..4016d38c
-			pub..655e848a
+			pub..90af7774
-			pub..16c5d10a
+			pub..3e42ab41
-			pub..e68b31b7
+			pub..f13c0e4a
-			pub..3186e58a
+			pub..1b3f37fd
-			pub..0ef15bf1
+			pub..a2acd855
-			pub..bdbc4d85
+			pub..d0c60636
-			pub..1703da83
+			pub..8b726747
-			pub..64bd3a7c
+			pub..3ec08f02
-			pub..7b131b78
+			pub..9dcf6417
-			pub..931001d9
+			pub..cf6c604a
-			pub..3ebe0303
+			pub..88368cf1
-			pub..427d12f7
+			pub..2127aaa8
-			pub..5ce636d4
+			pub..29abc83e
-			pub..50f58fcd
+			pub..dc35d1c2
-			pub..0d13d372
+			pub..6b1220fe
-			pub..99f51a9b
+			pub..41c18d84
-			pub..7a4d95da
+			pub..80f45d40
-			pub..50363802
+			pub..211d18cc
-			pub..b79681d7
+			pub..6d58cfe2
-			pub..24544c4b
+			pub..914b81a9
-			pub..78f57b5b
+			pub..a5e4e31a
-			pub..6ecd658e
+			pub..fa1dcc10
-			pub..3bb52dc4
+			pub..f9dd0e6a
-			pub..6f0e5378
+			pub..2d65a2af
-			pub..e2e1b73a
+			pub..34fceb92
-			pub..aa861771
+			pub..ce36b49f
-			pub..d1214cd6
+			pub..39b947f9
-			pub..26c897ff
+			pub..27e50f25
-			pub..c1eb3e68
+			pub..7447a998
-			pub..c4a9664a
+			pub..b55296de
-			pub..7da9267f
+			pub..0dfff066
-			pub..c03c4ac5
+			pub..b24f6d3a
-			pub..e643b8d6
+			pub..9b396cab
-			pub..90a3a228
+			pub..6c1fbcf2
-			pub..2c38ba71
+			pub..eaf7782a
-			pub..c67bebfb
+			pub..75e1e23a
-			pub..09c70636
+			pub..92cd8004
-			pub..74a1f435
+			pub..a98c9edd
-			pub..f76016db
+			pub..e11002d7
-			pub..b85046e8
+			pub..71be647e
-			pub..0560ed35
+			pub..6c6edd0e
-			pub..c5847dec
+			pub..889c409c
-			pub..b1178eaf
+			pub..2ea7d09d
-			pub..02dfb674
+			pub..3b5cca66
-			pub..10d3e43b
+			pub..ed0f76d3
-			pub..e9baf6a2
+			pub..76d3c1f2
-			pub..e600f673
+			pub..86ae778c
-			pub..baaab0ce
+			pub..b93ab104
-			pub..8a750408
+			pub..dfaa9127
-			pub..98042698
+			pub..fe31bc87
-			pub..d337d950
+			pub..5ded5af1
-			pub..41846024
+			pub..52985f6a
-			pub..e783e63c
+			pub..3d833af4
-			pub..58f40b4b
+			pub..90c45b64
-			pub..b380d9c8
+			pub..06062f73
-			pub..078cef8b
+			pub..3f3026ec
-			pub..8446688a
+			pub..d65a021e
-			pub..a85eb1be
+			pub..2dcaff73
-			pub..176cf117
+			pub..67863b03
-			pub..b33e05f3
+			pub..2508647c
-			pub..831c75c4
+			pub..87f44443
-			pub..75d60e1b
+			pub..26cfd382
+..03c7ffe5
+			// ..c4fa057f
+			pub..a11656a7
--- /de..5355171e
+﻿<?x..4fdb4327
+..03c7ffe5
+<Linea..f2736b8b
+      ..659df052
+      ..dfedd031
+      ..96077f81
+      ..b067b5c7
+..03c7ffe5
+..03c7ffe5
+  <Tex..ad0a97bb
+      ..c323879c
+      ..3a15e271
+      ..481f51d2
+      ..0053bb0e
+      ..2713da64
+      ..3eb21978
+      ..4e1d5f76
+..03c7ffe5
+..03c7ffe5
+  <Tex..ad0a97bb
+      ..c323879c
+      ..3a15e271
+      ..481f51d2
+      ..225fbb29
+      ..88d8d714
+      ..0b94a500
+      ..2ebb8a87
+..03c7ffe5
+  <Tex..ad0a97bb
+      ..c323879c
+      ..3a15e271
+      ..481f51d2
+      ..225fbb29
+      ..88d8d714
+      ..0b94a500
+      ..88cd97c8
+..03c7ffe5
+  <Tex..ad0a97bb
+      ..c323879c
+      ..225fbb29
+      ..3a15e271
+      ..481f51d2
+      ..259e1b6e
+      ..50a67ede
+      ..0b94a500
+      ..1968fced
+      ..4bcd7eea
+      ..6688e58d
+      ..c44a2c8c
+      ..bb2487cf
+..03c7ffe5
+  <Aut..5b097c7b
+      ..a669f3c7
+      ..ecb2ca9b
+      ..0b692cad
+      ..8741a202
+      ..6b3c9bc3
+..03c7ffe5
+    <B..a2e4b5b4
+      ..ee9bc505
+      ..c323879c
+      ..9bf8b613
+      ..1968fced
+      ..c099fe51
+      ..28e89d49
+..03c7ffe5
+    <B..a2e4b5b4
+      ..ee9bc505
+      ..c323879c
+      ..9bf8b613
+      ..1968fced
+      ..74c3353f
+      ..17e81be4
+..03c7ffe5
+  </Au..dfdcd83c
+..03c7ffe5
+</Line..6eabdfad
-      ..0622b7dc
+      ..9063eff0
-      ..70ad8072
-      ..517ab93f
+      ..30c0847b
+      ..84fa116d
-      ..517ab93f
+      ..84fa116d
+      ..06edd97e
+using ..c54a49d2
+      ..de37ab3c
+      ..8ee66ed0
+using ..9715d364
-      ..29b1d298
+      ..a5553a3d
-      ..9dfd2466
-      ..ab469ac5
-      ..4f94d099
-      ..6b73bb83
-      ..d4bb315d
-      ..2103a36c
-      ..deb750cb
-      ..14ebcaa5
-      ..829de2c3
-      ..f9ef98ff
-      ..4a1b6955
-      ..304a23ae
+      ..71395873
+      ..a106a1fd
+      ..30d92e08
+      ..ae77a899
+      ..4e051db2
+      ..8f5f3b93
+      ..b4d7e409
+      ..abc06778
+      ..6a61887e
+      ..a16a642d
+      ..39e04995
+      ..fb0b27fa
+      ..b2ef5ee3
+      ..4dae1817
+      ..fca5edf9
+      ..4459e1fe
+      ..a106a1fd
+      ..075a1881
+#if DE..685d421e
+      ..fac43b82
+#endif..e68228b4
+      ..fca5edf9
+    <C..7b755cbc
+      ..b489e648
+using ..2d54546a
+using ..fa2d13c8
-using ..4768ab53
-      ..1eb364e8
+      ..bfffdba3
-      ..6102c922
+      ..76b81f79
-      ..281e66af
+      ..ffbb1f99
-      ..d2c13182
-      ..a5e6a9db
+      ..27bf263a
+      ..0c21e032
+      ..8d5e3ff5
+      ..e2a0a8b3
+      ..2b39aec2
+      ..3d14fdde
+      ..62ac02fd
+      ..69a30cf3
+      ..44c7dcd5
+      ..5633a1b8
+      ..9f305ba2
+      ..bf198b6d
+      ..44b252c8
+      ..85a056aa
+      ..63fc3d71
+      ..166f64fa
+      ..f4f07b7c
+      ..eab9bd3d
+..03c7ffe5
+      ..a96d8757
+      ..439b49c6
+      ..495c0ce7
+..03c7ffe5
-      ..5e57e14b
+..03c7ffe5
+      ..89652bef
+      ..a106a1fd
+      ..7608f422
+      ..dbd572c8
+      ..8d5e3ff5
+      ..75187f1a
+      ..8e475b79
+..03c7ffe5
+      ..bd58b992
+      ..69a30cf3
+      ..66d122d5
+      ..d4b8b6d3
+      ..88d431e6
+      ..bae3a57a
+      ..12781f9b
+      ..8e475b79
+      ..495c0ce7
+..03c7ffe5
+      ..a1851718
+      ..fca5edf9
+..03c7ffe5
+      ..cac27cc5
-      ..27c99e84
+      ..42493fae
-      ..721d4a25
-      ..217d49db
-      ..42702f6e
-      ..0ee0e8dd
-      ..5dfcf478
-      ..37758945
+      ..a295153b
+      ..a106a1fd
+      ..9b44f98d
+      ..968d0ab4
+      ..8d5e3ff5
+      ..0ea8637b
+      ..59d679ba
+      ..5e9c3949
+      ..495c0ce7
+      ..03dc461c
+      ..fca5edf9
+..03c7ffe5
+      ..04e8e9c7
+      ..222c3897
+      ..97ecb8bd
+      ..a106a1fd
+      ..8ffdef08
+      ..4646ee95
+      ..e26fab92
+      ..b0c7a7c9
+      ..fca5edf9
+..03c7ffe5
+      ..df77b720
+      ..fbd7beab
+      ..65bdccdb
+      ..4b57a344
+      ..45ba2de6
+      ..19cb2450
+..03c7ffe5
+      ..1daf44ac
+      ..4b57a344
+      ..9dcd8975
+..03c7ffe5
+      ..8ffa2d46
+      ..a106a1fd
+      ..46c25d66
+      ..76df4a8e
+      ..c1655c8f
+      ..66da6145
+      ..fca5edf9
+..03c7ffe5
+      ..8d2efb1b
+..03c7ffe5
+      ..51cb5da0
+..03c7ffe5
+      ..25e95e58
+..03c7ffe5
+      ..f9a6f11d
+..03c7ffe5
+      ..103f815a
+..03c7ffe5
+      ..35493546
+..03c7ffe5
+      ..a4c748fe
+..03c7ffe5
+      ..8d2efb1b
+      ..19cb2450
+..03c7ffe5
+{"Sele..c25c185c
+using ..2ebfdcf6
-      ..597645a1
+      ..5b10c78b
-      ..528a051b
+      ..ffc7969f
-      ..a073a3bf
+      ..cdf6195f
-      ..00c3c453
+      ..c1546b33
+      ..04d5a550
+      ..4b57a344
+      ..b7626ded
+      ..19cb2450
+..03c7ffe5
+      ..de994c7f
+..03c7ffe5
-      ..b2d91051
+      ..31d5396c
--- /de..5355171e
+﻿usi..1353df52
+using ..634d7256
+using ..f0550559
+using ..7948353b
+using ..35ea692e
+using ..d7c1996e
+using ..2d54546a
+using ..fa2d13c8
+using ..9fd286d1
+using ..0ce44a5b
+using ..427b88d3
+using ..ab49c99e
+using ..69a365ca
+using ..60a22b87
+..03c7ffe5
+namesp..1cb8f107
+{..2edd1a60
+    [P..de1de9a6
+    pu..7b5d3bb3
+    {..b52568b1
+      ..54a0c12b
+..03c7ffe5
+      ..d02c46b0
+      ..4b57a344
+      ..e41ab24c
+      ..ccfb2a2c
+      ..19cb2450
+..03c7ffe5
+      ..805fdc20
+..03c7ffe5
+      ..5e558506
+..03c7ffe5
+      ..b3f3be87
+..03c7ffe5
+      ..acb13d42
+..03c7ffe5
+      ..4954427a
+..03c7ffe5
+      ..89564ec7
+..03c7ffe5
+      ..3d972b97
+..03c7ffe5
+      ..e94c2b9c
+..03c7ffe5
+      ..d0c11ae1
+..03c7ffe5
+      ..805fdc20
+..03c7ffe5
+      ..09f83a1a
+..03c7ffe5
+      ..3429d22f
+      ..4b57a344
+      ..e9ac14bf
+      ..3e951f50
+      ..19cb2450
+..03c7ffe5
+      ..13f2edf1
+      ..4b57a344
+      ..f2a85e7d
+      ..7176db04
+      ..7b88d97a
+      ..8557ec3f
+      ..ace0fa88
+      ..b05bbe84
+      ..19cb2450
+..03c7ffe5
+      ..805fdc20
+    }..d4aac85f
+}..322ba29c
-      ..3f301820
-      ..6000348a
-      ..dac92a13
+      ..72065480
+      ..ee706da6
+      ..bce3e8c9
-      ..36de7931
+      ..62631db8
+      ..3a393cc3
+      ..666e160a
+      ..af99a97e
+using ..fa2d13c8
-      ..cad56959
+      ..59e401a3
-      ..0796ca0e
+      ..681a34a2
-      ..f4e89c7c
+      ..63806ac1
+    },..ac549bf8
+    "S..c01484ad
+      ..4935dda2