+    <C..97012b86
+    <C..b8ae6ef5
+    <C..e697c122
+    <C..72166a4a
+    <C..7352cc56
+    <C..376c75e6
--- /de..c9b02f70
+﻿usi..9b19cfb4
+using ..aa9b0150
+..27e5fde8
+namesp..3a5bf16c
+{..6e857acb
+    pu..e0f56672
+    {..a7ea3404
+      ..a2239de4
+..27e5fde8
+      ..2649c544
+      ..ab416266
+      ..9361610a
+      ..deab7084
+      ..b7640b49
+      ..8915497a
+..27e5fde8
+      ..3377be76
+..27e5fde8
+      ..7fedc91f
+..27e5fde8
+      ..0ed66a62
+..27e5fde8
+      ..7ff9d05f
+..27e5fde8
+      ..93977ece
+..27e5fde8
+      ..3377be76
+    }..3c8d6190
+}..d5c35d2b
--- /de..c9b02f70
+﻿usi..ce772e1a
+using ..2dcd6105
+..27e5fde8
+namesp..3a5bf16c
+{..6e857acb
+    pu..ef94d616
+    {..a7ea3404
+      ..a2239de4
+..27e5fde8
+      ..80364c11
+      ..ab416266
+      ..78b1eba5
+      ..1ada9b6d
+      ..b23e6b68
+      ..5363c49b
+      ..ac98509f
+      ..8915497a
+..27e5fde8
+      ..3377be76
+..27e5fde8
+      ..7fedc91f
+..27e5fde8
+      ..2be36837
+..27e5fde8
+      ..64668880
+..27e5fde8
+      ..5cc394bc
+..27e5fde8
+      ..fb1cbf37
+..27e5fde8
+      ..386583c5
+..27e5fde8
+      ..3377be76
+    }..3c8d6190
+}..d5c35d2b
--- /de..c9b02f70
+﻿usi..ce772e1a
+using ..34141bac
+using ..79d12c71
+using ..7e16debc
+using ..2dcd6105
+using ..acc51cae
+..27e5fde8
+namesp..3a5bf16c
+{..6e857acb
+    [P..a677182f
+    pu..3b72ec2c
+    {..a7ea3404
+      ..2dd6055a
+..27e5fde8
+      ..7a78b079
+      ..ab416266
+      ..d813d323
+      ..541a272d
+      ..519d9ace
+      ..5dd73724
+      ..1bcca573
+      ..a10e0129
+      ..2540d635
+      ..1cfc140d
+      ..0667c4ca
+      ..8915497a
+..27e5fde8
+      ..3377be76
+    }..3c8d6190
+}..d5c35d2b
--- /de..c9b02f70
+﻿usi..6f93cafe
+..27e5fde8
+namesp..5624ad96
+{..6e857acb
+    pu..320d013f
+    {..a7ea3404
+      ..af79c7dc
+..27e5fde8
+      ..1443cbf4
+..27e5fde8
+      ..c062e8d7
+    }..3c8d6190
+}..d5c35d2b
--- /de..c9b02f70
+﻿usi..ce772e1a
+using ..aa9b0150
+..27e5fde8
+namesp..5624ad96
+{..6e857acb
+    pu..b144efdb
+    {..a7ea3404
+      ..93f978a0
+..27e5fde8
+      ..4de940c1
+..27e5fde8
+      ..99757f3b
+    }..3c8d6190
+}..d5c35d2b
--- /de..c9b02f70
+﻿usi..ce772e1a
+using ..34141bac
+..27e5fde8
+namesp..5624ad96
+{..6e857acb
+    pu..7ae363b9
+    {..a7ea3404
+      ..13f95854
+    }..3c8d6190
+}..d5c35d2b
-    <D..f014aa57
+    <D..66ff5b59
-    <D..d8a97f4b
+    <D..8fdd64f4
+  <Ite..79d6ff11
+    <A..8aea1136
+      ..6c4296af
+      ..93ecf2d2
+    </..14e26255
+  </It..c65fb50e
-      ..848e412d
-      ..09e7f70b
+      ..efd46430
+      ..aca5e284
-			pub..941ab576
+			pub..d360f19e
-			pub..327237cd
+			pub..178728d6
-			pub..ec4cc0e3
+			pub..ae9c5ba7
-			pub..45bc8aaf
+			pub..02c0bb36
-			pub..ce2fe10e
+			pub..9397cf7f
-			pub..4371dcda
+			pub..ec33e1e1
-			pub..8a05dada
+			pub..c6aff0cb
-			pub..5f63c79f
+			pub..2a8f6c29
-			pub..128c7c87
+			pub..3217bac4
-			pub..220221eb
+			pub..18e859b2
-			pub..81ca2c74
+			pub..ee859a12
-			pub..f7f2d2cb
+			pub..5c423e4d
-			pub..9dee18bf
+			pub..91f03c32
-			pub..98a246df
+			pub..d460f671
-			pub..fd2ff10a
+			pub..ac0dafc1
-			pub..d52ed5fb
+			pub..0e2ca397
-			pub..1deec9a5
+			pub..7434898e
-			pub..17a3c62f
+			pub..798b63ea
-			pub..b829d1aa
+			pub..9ee49a00
-			pub..a8a84030
+			pub..946a4e0b
-			pub..33fb839f
+			pub..d7a35a9f
-			pub..2b3001ac
+			pub..9a689fa3
-			pub..c58a1a20
+			pub..e0e1ac3f
-			pub..19c7c9fb
+			pub..212ae96f
-			pub..82043da5
+			pub..44206de7
-			pub..bffe47d9
+			pub..032816ac
-			pub..9bcef09e
+			pub..6b9cd57e
-			pub..079472bc
+			pub..3cd2d07c
-			pub..912ffe8c
+			pub..02eac47f
-			pub..196c151b
+			pub..9dae46dd
-			pub..7fed2ce9
+			pub..bb119d63
-			pub..8c8a20a4
+			pub..d827ea42
-			pub..dcf2d8be
+			pub..40cc15de
-			pub..6cda1afd
+			pub..94a43028
-			pub..9e3bbabe
+			pub..abe4d4af
-			pub..e130444b
+			pub..eb96207b
+..27e5fde8
+			// ..7a5af56c
+			pub..f0f5a62a
--- /de..c9b02f70
+﻿<?x..794edde9
+..27e5fde8
+<View ..aceafca2
+      ..3891cdd5
+      ..c860cf3c
+      ..67a3c3ff
+      ..50ca282f
-..1112f533
+#if EX..06bd972d
+      ..0d4c8542
+#endif..941f4f92
-..1112f533
+#if EX..06bd972d
+      ..2618982a
+      ..1381bfb9
+#endif..941f4f92
+    <C..db703249
+    <C..50201407
+    <C..805b9a47
+    <C..54e9e5b3
+    <C..97640839
+      ..bb6d4fa7
--- /de..c9b02f70
+﻿usi..ce772e1a
+using ..34141bac
+using ..2dcd6105
+using ..810f34c0
+..27e5fde8
+namesp..aada7ae9
+{..6e857acb
+    [P..a677182f
+    pu..908f78b4
+    {..a7ea3404
+      ..e81536e8
+..27e5fde8
+      ..4897e6da
+..27e5fde8
+      ..3377be76
+..27e5fde8
+      ..a2239de4
+..27e5fde8
+      ..5a8d5cd0
+      ..ab416266
+      ..aa3c7831
+      ..8915497a
+..27e5fde8
+      ..3377be76
+..27e5fde8
+      ..2dd6055a
+..27e5fde8
+      ..7a78b079
+      ..ab416266
+      ..920a8f12
+      ..8915497a
+..27e5fde8
+      ..3377be76
+    }..3c8d6190
+}..d5c35d2b
+{"Exch..21425e05
--- /de..c9b02f70
+﻿usi..ce772e1a
+using ..34141bac
+using ..2dcd6105
+..27e5fde8
+namesp..9c0d14a5
+{..6e857acb
+    pu..ab136d50
+    {..a7ea3404
+      ..13f95854
+    }..3c8d6190
+}..d5c35d2b
--- /de..c9b02f70
+﻿usi..9b19cfb4
+using ..025ffe59
+..27e5fde8
+namesp..621121e1
+{..6e857acb
+    [P..a677182f
+    pu..4ac2668b
+    {..a7ea3404
+      ..7fedc91f
+..27e5fde8
+      ..fcc9d262
+..27e5fde8
+      ..93d67a3d
+..27e5fde8
+      ..3d013354
+..27e5fde8
+      ..3377be76
+..27e5fde8
+      ..0286a16d
+..27e5fde8
+      ..2b398a72
+      ..ab416266
+      ..77a907e8
+      ..8915497a
+..27e5fde8
+      ..3377be76
+    }..3c8d6190
+}..d5c35d2b
--- /de..c9b02f70
+﻿usi..ce772e1a
+using ..ddf96836
+using ..988eaaaf
+using ..2dcd6105
+using ..aa9b0150
+using ..025ffe59
+..27e5fde8
+namesp..621121e1
+{..6e857acb
+    [P..a677182f
+    pu..7d9e8e6b
+    {..a7ea3404
+      ..7fedc91f
+..27e5fde8
+      ..de642ef9
+..27e5fde8
+      ..83a8e820
+..27e5fde8
+      ..c1fa3582
+..27e5fde8
+      ..f53d3e36
+..27e5fde8
+      ..5890506a
+..27e5fde8
+      ..4717a5f5
+..27e5fde8
+      ..213800e9
+..27e5fde8
+      ..260849f3
+..27e5fde8
+      ..3377be76
+..27e5fde8
+      ..0286a16d
+..27e5fde8
+      ..b3786be1
+      ..ab416266
+      ..b11db718
+      ..8915497a
+..27e5fde8
+      ..296ba774
+      ..ab416266
+      ..19cf28ff
+      ..7e45546d
+      ..8915497a
+..27e5fde8
+      ..ed083daf
+      ..ab416266
+      ..f1ba9ab8
+      ..efba1a65
+      ..4a762393
+      ..acbfbd3a
+      ..9397c16b
+..27e5fde8
+      ..0b916d01
+      ..541a272d
+      ..b0a85471
+      ..8880acde
+      ..842a8e8f
+      ..5dd73724
+      ..57eb6434
+      ..4c4c5359
+      ..039a6509
+      ..2e114153
+      ..504f65a0
+      ..706cf90c
+      ..8a6ee145
+      ..265ae322
+      ..b8451ec9
+      ..9b7ebaa1
+      ..4909dc4d
+..27e5fde8
+      ..ab885500
+      ..606528d7
+      ..164e07be
+      ..8915497a
+..27e5fde8
+      ..4ba5b308
+      ..ab416266
+      ..1d43241c
+      ..246aba9d
+      ..8915497a
+..27e5fde8
+      ..3377be76
+    }..3c8d6190
+}..d5c35d2b
-..1112f533
+#if EX..06bd972d
+      ..a34cd41b
+#endif..941f4f92
--- /de..c9b02f70
+﻿usi..c1a13609
+using ..6f76f89f
+using ..ddf96836
+using ..8345b2b0
+using ..34141bac
+using ..62d08732
+using ..988eaaaf
+using ..81a7d604
+using ..86ae29d7
+using ..810f34c0
+using ..cd9d0f4b
+using ..496dfe88
+using ..7d3b4757
+..27e5fde8
+namesp..45114de0
+{..6e857acb
+    [P..a677182f
+    pu..07b01344
+    {..a7ea3404
+      ..e81536e8
+..27e5fde8
+      ..42a60e38
+..27e5fde8
+      ..3377be76
+..27e5fde8
+      ..a2239de4
+..27e5fde8
+      ..4b9eeddd
+      ..9a3a7215
+      ..ab416266
+      ..352f989c
+      ..8915497a
+..27e5fde8
+      ..3377be76
+..27e5fde8
+      ..7fedc91f
+..27e5fde8
+      ..ffa6a742
+..27e5fde8
+      ..ab161816
+..27e5fde8
+      ..8e38f824
+..27e5fde8
+      ..3377be76
+..27e5fde8
+      ..0286a16d
+..27e5fde8
+      ..52c5f53e
+      ..6137f933
+      ..ab416266
+      ..f2d97bde
+      ..6cc8f650
+      ..8915497a
+..27e5fde8
+      ..1157a62e
+      ..ab416266
+      ..912553d2
+      ..8915497a
+..27e5fde8
+      ..34325445
+      ..ab416266
+      ..f49eec41
+      ..8915497a
+..27e5fde8
+      ..7a98a8cd
+      ..ab416266
+      ..3b30eec7
+      ..8915497a
+..27e5fde8
+      ..ebb3af79
+      ..ab416266
+      ..7d1d12ec
+      ..b4135934
+      ..54a1e0d9
+      ..55e537f2
+      ..02893c5c
+      ..8915497a
+..27e5fde8
+      ..2835e0dc
+      ..ab416266
+      ..3bb82dc3
+      ..dcda32cc
+      ..efba1a65
+      ..a7dac563
+      ..d42cf047
+      ..541a272d
+      ..9fe2d459
+      ..345b360c
+      ..e538c0b6
+      ..0667c4ca
+      ..8915497a
+..27e5fde8
+      ..3377be76
+    }..3c8d6190
+}..d5c35d2b
-      ..bab0277c
+      ..b90ddf5d
-      ..a4192b7e
+      ..d0ace0f3
-      ..37bc5ebc
+      ..e51e1c3c
-      ..2500c30c
+      ..3197203c
-      ..2e3844e5
+      ..25d9fd61
-      ..8439236f
+      ..0dba9251
+using ..18567103
+using ..2dcd6105
+using ..810f34c0
+#if EX..06bd972d
+      ..bdc77179
+      ..408fa227
+#endif..941f4f92
-    <D..0c82f6c3
+    <D..403e5c4e
-      ..a21169ea
+      ..8b67b377
+      ..8914c5dd
+      ..f62ae6b5
+    },..c00c7379
+    "E..86f3d826
+      ..64d844fd