-      ..b8bb2020
-      ..f8805a14
-      ..54399ac6
-      ..11c73f70
-      ..e1d6d378
-      ..e87a9ee4
-      ..031657f8
-      ..6785b173
-      ..37bcdde4
-      ..94c9eb6c
-      ..d8e14bda
-..4a9799b6
-#if !_..ea49f2d3
-#if !_..6b9e32bf
-..4a9799b6
-/// <s..acd7e4c2
-///All..8e7b0578
-/// </..3db30157
-public..0c540fbf
-..4a9799b6
-..4a9799b6
-#endif..1287d946
-..4a9799b6
-#endif..1287d946
+      ..44e2ac66
+      ..a6fb783f
+      ..faedd7aa
+..e5a46d7d
+..e5a46d7d
+      ..a73e9313
+      ..76228616
+      ..a6fb783f
+      ..f0145836
+..e5a46d7d
+..e5a46d7d
+      ..a73e9313
+      ..b983af64
+      ..a6fb783f
+      ..6ca95844
+..e5a46d7d
+..e5a46d7d
+      ..a73e9313
+      ..d09cc1cb
+      ..a6fb783f
+      ..ed796e09
+..e5a46d7d
+..e5a46d7d
+      ..a73e9313
-      ..417d7640
+      ..3db3e91f
-      ..ef456620
-..4a9799b6
-#if !_..ea49f2d3
-#if !_..6b9e32bf
-..4a9799b6
-/// <s..acd7e4c2
-///Con..3d8db60f
-/// </..3db30157
-public..b8aead4b
+      ..1e1e09d5
-#endif..1287d946
+      ..a73e9313
+      ..c9dc19ba
+      ..a6fb783f
+      ..131814fc
-#endif..1287d946
-#if !_..ea49f2d3
-#if !_..6b9e32bf
-..4a9799b6
-/// <s..acd7e4c2
-///Con..ad0a0522
-/// </..3db30157
-public..15f554a2
-..4a9799b6
-..4a9799b6
-#endif..1287d946
-..4a9799b6
-#endif..1287d946
+      ..ceff1d6f
+      ..a6fb783f
+      ..435f8c32
+..e5a46d7d
+..e5a46d7d
+      ..a73e9313
+      ..27e19b2d
+      ..a6fb783f
+      ..795348f1
+..e5a46d7d
+..e5a46d7d
+      ..a73e9313
-      ..ab43b22e
+      ..b95ea535
-      ..811ebc1b
+      ..67206df9
-      ..375d976c
-      ..af83e654
-      ..07062c80
-..4a9799b6
-      ..de8f7e97
-      ..9d08bc5f
-      ..af83e654
-      ..7933527e
-..4a9799b6
-..4a9799b6
-      ..de8f7e97
-      ..4c456d85
+      ..68178598
-      ..d72b0b6c
-..4a9799b6
-..4a9799b6
-      ..de8f7e97
-      ..940fc724
-      ..af83e654
-      ..39587026
-..4a9799b6
-..4a9799b6
-      ..de8f7e97
-      ..69cfbcbc
-      ..af83e654
-      ..dcd2aa01
+      ..ea13f7b0
-      ..f3a80113
+      ..8f98a7ce
-      ..d04c4378
+      ..6559f7fe
-      ..315f57e1
+      ..7455222d
-      ..dfe58f91
-..4a9799b6
-..4a9799b6
-      ..de8f7e97
-      ..55f0b090
-      ..af83e654
-      ..551743a4
-..4a9799b6
-..4a9799b6
-      ..de8f7e97
-      ..7a580eb3
-      ..af83e654
-      ..62e38acc
+      ..77f6830e
-      ..ec343d81
-      ..af83e654
-      ..7428484e
-..4a9799b6
-..4a9799b6
-      ..de8f7e97
-      ..f6c741dc
+      ..639575a2
-      ..26e94b63
+      ..3750273c
-#if !_..ea49f2d3
-#if !_..6b9e32bf
-..4a9799b6
-/// <s..acd7e4c2
-///Max..0e3fc7f2
-/// </..3db30157
-public..d5c0b948
+      ..a73e9313
+      ..5c77bbe5
+      ..a6fb783f
+      ..417ddacc
-#endif..1287d946
-..4a9799b6
-#endif..1287d946
+      ..f449bbfc
+      ..a6fb783f
+      ..37d399d8
+..e5a46d7d
+..e5a46d7d
+      ..a73e9313
+..e5a46d7d
+      ..a73e9313
+      ..c4590850
+      ..a6fb783f
+      ..19c19172
+..e5a46d7d
+..e5a46d7d
+      ..a73e9313
+      ..6357a516
+      ..a6fb783f
+      ..108e78e2
+..e5a46d7d
-#if !_..ea49f2d3
-#if !_..6b9e32bf
-..4a9799b6
-/// <s..acd7e4c2
-///Pla..a443b673
-/// </..3db30157
-public..e50cba6c
-..4a9799b6
-..4a9799b6
-#endif..1287d946
-..4a9799b6
-#endif..1287d946
-#if !_..ea49f2d3
-#if !_..6b9e32bf
-..4a9799b6
-/// <s..acd7e4c2
-///Pur..e170a015
-/// </..3db30157
-public..3886657b
-..4a9799b6
-..4a9799b6
-#endif..1287d946
-..4a9799b6
-#endif..1287d946
-#if !_..ea49f2d3
-#if !_..6b9e32bf
-..4a9799b6
-/// <s..acd7e4c2
-///Pur..4f0c02d8
-/// </..3db30157
-public..03da507b
-..4a9799b6
-..4a9799b6
-#endif..1287d946
-..4a9799b6
-#endif..1287d946
+      ..2be6e53d
+      ..a6fb783f
+      ..7cdb6dc2
+..e5a46d7d
+..e5a46d7d
+      ..a73e9313
+      ..56cafb0a
+      ..a6fb783f
+      ..c5e8996b
+..e5a46d7d
+..e5a46d7d
+      ..a73e9313
-#if !_..ea49f2d3
-#if !_..6b9e32bf
-..4a9799b6
-/// <s..acd7e4c2
-///{0}..9d2b7f00
-/// </..3db30157
-public..0d01c684
-..4a9799b6
-..4a9799b6
-#endif..1287d946
-..4a9799b6
-#endif..1287d946
+      ..844c0d7d
+      ..a6fb783f
+      ..fc00860e
+..e5a46d7d
+..e5a46d7d
+      ..a73e9313
+      ..cfe59502
+      ..a6fb783f
+      ..61dc5967
+..e5a46d7d
+..e5a46d7d
+      ..a73e9313
+      ..f975e714
+      ..a6fb783f
+      ..7a3b7041
+..e5a46d7d
+..e5a46d7d
+      ..a73e9313
-#if !_..ea49f2d3
-#if !_..6b9e32bf
-..4a9799b6
-/// <s..acd7e4c2
-///A t..79103ad5
-/// </..3db30157
-public..a79d7679
-..4a9799b6
-..4a9799b6
-#endif..1287d946
-..4a9799b6
-#endif..1287d946
+      ..cc59b9ac
+      ..a6fb783f
+      ..23e363b1
+..e5a46d7d
+..e5a46d7d
+      ..a73e9313
+..e5a46d7d
+..e5a46d7d
+      ..f3a5c406
+      ..a6fb783f
+      ..6c94f549
+..e5a46d7d
+..e5a46d7d
+      ..a73e9313
+      ..5f64e8ce
+      ..a6fb783f
+      ..57015ba4
+..e5a46d7d
+..e5a46d7d
+      ..a73e9313
-{"Scan..604e0c3f
-{"Clai..f7e24f7d
-{"Clai..a108464e
-{"Clai..328c0ae8
-{"Item..2897c6a2
-{"Resy..868b8a39
-{"Crea..bd2e8768
-{"Comp..78a46b46
-{"Upda..6a8b6edb
-{"Crea..0e945641
-{"Numb..feb8f342
-{"Numb..548325fe
-{"Item..e055f5e5
-{"Item..e7c454cf
-{"Item..d882e608
-{"Item..0b746f9c
-{"Toke..764f7c26
-{"Item..9a52bc45
-#if !_..ea49f2d3
-#if !_..6b9e32bf
-{"AllI..107066f1
-#endif..1287d946
-..4a9799b6
-#endif..1287d946
-..4a9799b6
+{"Appr..4da7913d
+{"Clai..d0d6b09f
+{"Clai..8512d250
+{"Clai..c59cc81d
+{"Comp..8a416b5b
-#if !_..ea49f2d3
-#if !_..6b9e32bf
-{"Conf..98d86319
-#endif..1287d946
-..4a9799b6
-#endif..1287d946
-..4a9799b6
-#if !_..ea49f2d3
-#if !_..6b9e32bf
-{"Conf..bd8b1db2
-#endif..1287d946
-..4a9799b6
-#endif..1287d946
-..4a9799b6
+{"Crea..cbc8970e
+{"Crea..b6385058
-{"Crea..fcd372c7
+{"Crea..64786766
-{"Item..4ea92dcd
-{"Appr..de671556
+{"Item..53159db1
-{"Crea..816adb7b
-{"Melt..e4bff62a
-{"Mint..6076f5a0
-{"Sell..22fc4712
-{"Item..d9f4c743
-{"Item..4ba3b24f
+{"Item..a52f60d9
-{"Trad..7fe25bc6
-{"Use"..353f70a2
+{"Item..b1f4bdb8
-#if !_..ea49f2d3
-#if !_..6b9e32bf
-{"Maxi..c07c235d
-#endif..1287d946
-..4a9799b6
-#endif..1287d946
-..4a9799b6
-{"Melt..22ee6919
+{"Melt..1113349d
+{"Mint..1d092a0e
+{"Numb..7a2a8244
+{"Numb..2b321864
-#if !_..ea49f2d3
-#if !_..6b9e32bf
-{"Plat..0a868bd5
-#endif..1287d946
-..4a9799b6
-#endif..1287d946
-..4a9799b6
-#if !_..ea49f2d3
-#if !_..6b9e32bf
-{"Purc..72aa5d4f
-#endif..1287d946
-..4a9799b6
-#endif..1287d946
-..4a9799b6
-#if !_..ea49f2d3
-#if !_..6b9e32bf
-{"Purc..c5f9cedc
-#endif..1287d946
-..4a9799b6
-#endif..1287d946
-..4a9799b6
+{"Resy..1520d4a5
+{"Scan..b03b7a40
-#if !_..ea49f2d3
-#if !_..6b9e32bf
-{"Seco..6b0fc8dd
-#endif..1287d946
-..4a9799b6
-#endif..1287d946
-..4a9799b6
+{"Sell..9a95785f
+{"SetI..618626dc
+{"SetW..a0230c7f
-#if !_..ea49f2d3
-#if !_..6b9e32bf
-{"Sort..80f0a3cd
-#endif..1287d946
-..4a9799b6
-#endif..1287d946
-..4a9799b6
+{"Toke..98e77cd0
+{"Upda..d1a42ef0
+{"Use"..0f55de87
-#if !_..ea49f2d3
-#if !_..6b9e32bf
-{"AllI..3a9d267f
-#endif..1287d946
-..4a9799b6
-#endif..1287d946
-..4a9799b6
+{"Appr..f5bec419
-#if !_..ea49f2d3
-#if !_..6b9e32bf
-{"Conf..6ba495ae
-#endif..1287d946
-..4a9799b6
-#endif..1287d946
-..4a9799b6
-#if !_..ea49f2d3
-#if !_..6b9e32bf
-{"Conf..ef4e9441
-#endif..1287d946
-..4a9799b6
-#endif..1287d946
-..4a9799b6
+{"Crea..b24a3e6d
-{"Crea..a0214eed
-{"Game..7289fba0
-{"Item..856403e9
-{"Item..b20c2b23
-{"Item..7262770c
-{"Item..e8f3fd27
-{"Item..52ddea01
-{"Item..e78d3207
-{"Item..268fbcd2
-{"Item..059b1110
-{"Item..93e68049
-#if !_..ea49f2d3
-#if !_..6b9e32bf
-{"Maxi..43bcb8d0
-#endif..1287d946
-..4a9799b6
-#endif..1287d946
-..4a9799b6
-{"Melt..9659fed2
+{"Melt..332024eb
+{"Mint..18350761
-#if !_..ea49f2d3
-#if !_..6b9e32bf
-{"Plat..2d471f51
-#endif..1287d946
-..4a9799b6
-#endif..1287d946
-..4a9799b6
-#if !_..ea49f2d3
-#if !_..6b9e32bf
-{"Purc..47681841
-#endif..1287d946
-..4a9799b6
-#endif..1287d946
-..4a9799b6
-#if !_..ea49f2d3
-#if !_..6b9e32bf
-{"Purc..0db699d7
-#endif..1287d946
-..4a9799b6
-#endif..1287d946
-..4a9799b6
-#if !_..ea49f2d3
-#if !_..6b9e32bf
-{"Seco..59e0b1c1
-#endif..1287d946
-..4a9799b6
-#endif..1287d946
-..4a9799b6
+{"Sell..df11ff85
+{"SetI..994bed2e
+{"SetW..2b0f8a8d
-#if !_..ea49f2d3
-#if !_..6b9e32bf
-{"Sort..60b0fec4
-#endif..1287d946
-..4a9799b6
-#endif..1287d946
-..4a9799b6
-#if !_..ea49f2d3
-#if !_..6b9e32bf
-#endif..1287d946
-..4a9799b6
-#endif..1287d946
-..4a9799b6
+{"Use"..6461e62b
-#if !_..ea49f2d3
-#if !_..6b9e32bf
-{"Seco..fc9952bd
-#endif..1287d946
-..4a9799b6
-#endif..1287d946
-..4a9799b6
-#if !_..ea49f2d3
-#if !_..6b9e32bf
-{"AllI..7bfb02a7
-#endif..1287d946
-..4a9799b6
-#endif..1287d946
-..4a9799b6
+{"Appr..f70ea6cf
-#if !_..ea49f2d3
-#if !_..6b9e32bf
-{"Conf..aa76ef1e
-#endif..1287d946
-..4a9799b6
-#endif..1287d946
-..4a9799b6
-#if !_..ea49f2d3
-#if !_..6b9e32bf
-{"Conf..df0fb6cf
-#endif..1287d946
-..4a9799b6
-#endif..1287d946
-..4a9799b6
+{"Crea..ab1b2f18
-{"Crea..62792f29
-{"Game..e4aefc71
-{"Item..2ff0c811
-{"Item..830f19a2
-{"Item..dfdd2d26
-{"Item..7e0346b4
-{"Item..70770245
-{"Item..15490ae2
-{"Item..37ac6001
-{"Item..090f4830
-{"Item..573b8a99
-#if !_..ea49f2d3
-#if !_..6b9e32bf
-{"Maxi..efd2867f
-#endif..1287d946
-..4a9799b6
-#endif..1287d946
-..4a9799b6
-{"Melt..3452e929
+{"Melt..303c1156
+{"Mint..3dca594a
-#if !_..ea49f2d3
-#if !_..6b9e32bf
-{"Plat..bb90d178
-#endif..1287d946
-..4a9799b6
-#endif..1287d946
-..4a9799b6
-#if !_..ea49f2d3
-#if !_..6b9e32bf
-{"Purc..418c335a
-#endif..1287d946
-..4a9799b6
-#endif..1287d946
-..4a9799b6
-#if !_..ea49f2d3
-#if !_..6b9e32bf
-{"Purc..566ce82d
-#endif..1287d946
-..4a9799b6
-#endif..1287d946
-..4a9799b6
-#if !_..ea49f2d3
-#if !_..6b9e32bf
-{"Seco..e21822c3
-#endif..1287d946
-..4a9799b6
-#endif..1287d946
-..4a9799b6
+{"Sell..eb59ceba
+{"SetI..38a7ea2a
+{"SetW..f8d89cc9
-#if !_..ea49f2d3
-#if !_..6b9e32bf
-{"Sort..ae007ba2
-#endif..1287d946
-..4a9799b6
-#endif..1287d946
-..4a9799b6
-#if !_..ea49f2d3
-#if !_..6b9e32bf
-#endif..1287d946
-..4a9799b6
-#endif..1287d946
-..4a9799b6
+{"Use"..9e7c6573
-#if !_..ea49f2d3
-#if !_..6b9e32bf
-{"AllI..652f348c
-#endif..1287d946
-..4a9799b6
-#endif..1287d946
-..4a9799b6
+{"Appr..8b1021e6
-#if !_..ea49f2d3
-#if !_..6b9e32bf
-{"Conf..280bcf39
-#endif..1287d946
-..4a9799b6
-#endif..1287d946
-..4a9799b6
-#if !_..ea49f2d3
-#if !_..6b9e32bf
-{"Conf..6b7a946d
-#endif..1287d946
-..4a9799b6
-#endif..1287d946
-..4a9799b6
+{"Crea..e8e6e519
-{"Crea..9d39f3d1
-{"Game..9bbbb6f3
-{"Item..7028dda6
-{"Item..a3a19cab
-{"Item..714b552e
-{"Item..add42b4c
-{"Item..294e0a17
-{"Item..df7993f8
-{"Item..2593f727
-{"Item..9fd31427
-{"Item..e0d69b56
-#if !_..ea49f2d3
-#if !_..6b9e32bf
-{"Maxi..36f273b1
-#endif..1287d946
-..4a9799b6
-#endif..1287d946
-..4a9799b6
-{"Melt..657108ba
+{"Melt..71645430
+{"Mint..790707ee
-#if !_..ea49f2d3
-#if !_..6b9e32bf
-{"Plat..48b0551f
-#endif..1287d946
-..4a9799b6
-#endif..1287d946
-..4a9799b6
-#if !_..ea49f2d3
-#if !_..6b9e32bf
-{"Purc..0191a11d
-#endif..1287d946
-..4a9799b6
-#endif..1287d946
-..4a9799b6
-#if !_..ea49f2d3
-#if !_..6b9e32bf
-{"Purc..7ca324ec
-#endif..1287d946
-..4a9799b6
-#endif..1287d946
-..4a9799b6
-#if !_..ea49f2d3
-#if !_..6b9e32bf
-{"Seco..ca47e8c9
-#endif..1287d946
-..4a9799b6
-#endif..1287d946
-..4a9799b6
+{"Sell..7633097c
+{"SetI..ab2eca48
+{"SetW..f798e47a
-#if !_..ea49f2d3
-#if !_..6b9e32bf
-{"Sort..6542957e
-#endif..1287d946
-..4a9799b6
-#endif..1287d946
-..4a9799b6
-#if !_..ea49f2d3
-#if !_..6b9e32bf
-#endif..1287d946
-..4a9799b6
-#endif..1287d946
-..4a9799b6
+{"Use"..84e21306
-#if !_..ea49f2d3
-#if !_..6b9e32bf
-{"Seco..7e649822
-#endif..1287d946
-..4a9799b6
-#endif..1287d946
-..4a9799b6
+{"Scan..b894b8b7
-#if !_..ea49f2d3
-#if !_..6b9e32bf
-{"Seco..ab925447
-#endif..1287d946
-..4a9799b6
-#endif..1287d946
-..4a9799b6
-#if !_..ea49f2d3
-#if !_..6b9e32bf
-{"Seco..ec97ee62
-#endif..1287d946
-..4a9799b6
-#endif..1287d946
-..4a9799b6
-#if !_..ea49f2d3
-#if !_..6b9e32bf
-{"Seco..9c0fc14d
-#endif..1287d946
-..4a9799b6
-#endif..1287d946
-..4a9799b6
-#if !_..ea49f2d3
-#if !_..6b9e32bf
-{"Seco..23794b9c
-#endif..1287d946
-..4a9799b6
-#endif..1287d946
-..4a9799b6
-#if !_..ea49f2d3
-#if !_..6b9e32bf
-{"AllI..7cfba0c4
-#endif..1287d946
-..4a9799b6
-#endif..1287d946
-..4a9799b6
+{"Appr..27b1311d
-#if !_..ea49f2d3
-#if !_..6b9e32bf
-{"Conf..856be330
-#endif..1287d946
-..4a9799b6
-#endif..1287d946
-..4a9799b6
-#if !_..ea49f2d3
-#if !_..6b9e32bf
-{"Conf..fb89df09
-#endif..1287d946
-..4a9799b6
-#endif..1287d946
-..4a9799b6
+{"Crea..73a13714
-{"Crea..f96b47c5
-{"Game..a192c0cc
-{"Item..5bd3675a
-{"Item..590dea40
-{"Item..60bab042
-{"Item..4badbf53
-{"Item..c399ec22
-{"Item..299ed03d
-{"Item..15a68b62
-{"Item..06a98077
-{"Item..c807240c
-#if !_..ea49f2d3
-#if !_..6b9e32bf
-{"Maxi..fa9024e6
-#endif..1287d946
-..4a9799b6
-#endif..1287d946
-..4a9799b6
-{"Melt..79090ca3
+{"Melt..1113349d
+{"Mint..1d092a0e
-#if !_..ea49f2d3
-#if !_..6b9e32bf
-{"Plat..40695bc3
-#endif..1287d946
-..4a9799b6
-#endif..1287d946
-..4a9799b6
-#if !_..ea49f2d3
-#if !_..6b9e32bf
-{"Purc..0f9732a7
-#endif..1287d946
-..4a9799b6
-#endif..1287d946
-..4a9799b6
-#if !_..ea49f2d3
-#if !_..6b9e32bf
-{"Purc..3c921b7e
-#endif..1287d946
-..4a9799b6
-#endif..1287d946
-..4a9799b6
-#if !_..ea49f2d3
-#if !_..6b9e32bf
-{"Seco..dec4a6f2
-#endif..1287d946
-..4a9799b6
-#endif..1287d946
-..4a9799b6
+{"Sell..73d0be25
+{"SetI..ca73f3f2
+{"SetW..7c039d25
-#if !_..ea49f2d3
-#if !_..6b9e32bf
-{"Sort..15488e55
-#endif..1287d946
-..4a9799b6
-#endif..1287d946
-..4a9799b6
-#if !_..ea49f2d3
-#if !_..6b9e32bf
-#endif..1287d946
-..4a9799b6
-#endif..1287d946
-..4a9799b6
+{"Use"..a82f696c
-#if !_..ea49f2d3
-#if !_..6b9e32bf
-{"AllI..a4e321a6
-#endif..1287d946
-..4a9799b6
-#endif..1287d946
-..4a9799b6
+{"Appr..83ddab92
-#if !_..ea49f2d3
-#if !_..6b9e32bf
-{"Conf..f51c2a61
-#endif..1287d946
-..4a9799b6
-#endif..1287d946
-..4a9799b6
-#if !_..ea49f2d3
-#if !_..6b9e32bf
-{"Conf..6b7a946d
-#endif..1287d946
-..4a9799b6
-#endif..1287d946
-..4a9799b6
+{"Crea..e8e6e519
-{"Crea..73a2734e
-{"Game..c64a2b95
-{"Item..95671941
-{"Item..a3a19cab
-{"Item..238acc1f
-{"Item..c1a636c8
-{"Item..aa691752
-{"Item..428562df
-{"Item..b22b5fc9
-{"Item..9fd31427
-{"Item..3ed4c021
-#if !_..ea49f2d3
-#if !_..6b9e32bf
-{"Maxi..741307e5
-#endif..1287d946
-..4a9799b6
-#endif..1287d946
-..4a9799b6
-{"Melt..6d4c44dc
+{"Melt..8f034c4c
+{"Mint..fd6d3359
-#if !_..ea49f2d3
-#if !_..6b9e32bf
-{"Plat..ac1d61aa
-#endif..1287d946
-..4a9799b6
-#endif..1287d946
-..4a9799b6
-#if !_..ea49f2d3
-#if !_..6b9e32bf
-{"Purc..0191a11d
-#endif..1287d946
-..4a9799b6
-#endif..1287d946
-..4a9799b6
-#if !_..ea49f2d3
-#if !_..6b9e32bf
-{"Purc..8752d1b8
-#endif..1287d946
-..4a9799b6
-#endif..1287d946
-..4a9799b6
-#if !_..ea49f2d3
-#if !_..6b9e32bf
-{"Seco..81a65af8
-#endif..1287d946
-..4a9799b6
-#endif..1287d946
-..4a9799b6
+{"Sell..fd13377f
+{"SetI..a79b38e8
+{"SetW..7ec87356
-#if !_..ea49f2d3
-#if !_..6b9e32bf
-{"Sort..93f52f41
-#endif..1287d946
-..4a9799b6
-#endif..1287d946
-..4a9799b6
-#if !_..ea49f2d3
-#if !_..6b9e32bf
-#endif..1287d946
-..4a9799b6
-#endif..1287d946
-..4a9799b6
+{"Use"..0533d62e
-#if !_..ea49f2d3
-#if !_..6b9e32bf
-{"Seco..2c6123de
-#endif..1287d946
-..4a9799b6
-#endif..1287d946
-..4a9799b6
-#if !_..ea49f2d3
-#if !_..6b9e32bf
-{"Seco..1f618b74
-#endif..1287d946
-..4a9799b6
-#endif..1287d946
-..4a9799b6
-#if !_..ea49f2d3
-#if !_..6b9e32bf
-{"AllI..c7d2018f
-#endif..1287d946
-..4a9799b6
-#endif..1287d946
-..4a9799b6
+{"Appr..5c7ff03f
-#if !_..ea49f2d3
-#if !_..6b9e32bf
-{"Conf..331e7352
-#endif..1287d946
-..4a9799b6
-#endif..1287d946
-..4a9799b6
-#if !_..ea49f2d3
-#if !_..6b9e32bf
-{"Conf..30d887db
-#endif..1287d946
-..4a9799b6
-#endif..1287d946
-..4a9799b6
+{"Crea..f7b8ffdf
-{"Crea..b1b4ed6a
-{"Game..cbad210a
-{"Item..ddf85931
-{"Item..e81bb51a
-{"Item..fb90874a
-{"Item..22fd0711
-{"Item..4dcd22d2
-{"Item..4ea59dee
-{"Item..56e2c53d
-{"Item..aa7cf110
-{"Item..5febeb9e
-#if !_..ea49f2d3
-#if !_..6b9e32bf
-{"Maxi..8ff651bb
-#endif..1287d946
-..4a9799b6
-#endif..1287d946
-..4a9799b6
-{"Melt..f4d2d1fa
+{"Melt..943933b5
+{"Mint..98dd0565
-#if !_..ea49f2d3
-#if !_..6b9e32bf
-{"Plat..82ca3972
-#endif..1287d946
-..4a9799b6
-#endif..1287d946
-..4a9799b6
-#if !_..ea49f2d3
-#if !_..6b9e32bf
-{"Purc..c4d6d798
-#endif..1287d946
-..4a9799b6
-#endif..1287d946
-..4a9799b6
-#if !_..ea49f2d3
-#if !_..6b9e32bf
-{"Purc..a0845028
-#endif..1287d946
-..4a9799b6
-#endif..1287d946
-..4a9799b6
-#if !_..ea49f2d3
-#if !_..6b9e32bf
-{"Seco..9b7c9961
-#endif..1287d946
-..4a9799b6
-#endif..1287d946
-..4a9799b6
+{"Sell..eac27b60
+{"SetI..e1b47889
+{"SetW..c984b7ce
-#if !_..ea49f2d3
-#if !_..6b9e32bf
-{"Sort..c18714a9
-#endif..1287d946
-..4a9799b6
-#endif..1287d946
-..4a9799b6
-#if !_..ea49f2d3
-#if !_..6b9e32bf
-#endif..1287d946
-..4a9799b6
-#endif..1287d946
-..4a9799b6
+{"Use"..c170e9a0
-#if !_..ea49f2d3
-#if !_..6b9e32bf
-{"AllI..52b23cf2
-#endif..1287d946
-..4a9799b6
-#endif..1287d946
-..4a9799b6
+{"Appr..7e78938c
-#if !_..ea49f2d3
-#if !_..6b9e32bf
-{"Conf..a0517d5c
-#endif..1287d946
-..4a9799b6
-#endif..1287d946
-..4a9799b6
-#if !_..ea49f2d3
-#if !_..6b9e32bf
-{"Conf..e3f5ceeb
-#endif..1287d946
-..4a9799b6
-#endif..1287d946
-..4a9799b6
+{"Crea..507341c5
-{"Crea..d901f426
-{"Game..70f67fac
-{"Item..b68d031e
-{"Item..81e9cb30
-{"Item..17916ee7
-{"Item..91dc28fe
-{"Item..07cb9b8e
-{"Item..5a878d50
-{"Item..158327be
-{"Item..ee451d20
-{"Item..0d197de0
-#if !_..ea49f2d3
-#if !_..6b9e32bf
-{"Maxi..d1a3e20c
-#endif..1287d946
-..4a9799b6
-#endif..1287d946
-..4a9799b6
-{"Melt..47daf3b8
+{"Melt..3f490522
+{"Mint..d5c2a8be
-#if !_..ea49f2d3
-#if !_..6b9e32bf
-{"Plat..520827ac
-#endif..1287d946
-..4a9799b6
-#endif..1287d946
-..4a9799b6
-#if !_..ea49f2d3
-#if !_..6b9e32bf
-{"Purc..8d9470c8
-#endif..1287d946
-..4a9799b6
-#endif..1287d946
-..4a9799b6
-#if !_..ea49f2d3
-#if !_..6b9e32bf
-{"Purc..f3ca8f43
-#endif..1287d946
-..4a9799b6
-#endif..1287d946
-..4a9799b6
-#if !_..ea49f2d3
-#if !_..6b9e32bf
-{"Seco..6d8deae6
-#endif..1287d946
-..4a9799b6
-#endif..1287d946
-..4a9799b6
+{"Sell..be949933
+{"SetI..ddf260a8
+{"SetW..19edf51a
-#if !_..ea49f2d3
-#if !_..6b9e32bf
-{"Sort..77fb1b1f
-#endif..1287d946
-..4a9799b6
-#endif..1287d946
-..4a9799b6
-#if !_..ea49f2d3
-#if !_..6b9e32bf
-#endif..1287d946
-..4a9799b6
-#endif..1287d946
-..4a9799b6
+{"Use"..e8371da8
-#if !_..ea49f2d3
-#if !_..6b9e32bf
-{"AllI..903ce8e3
-#endif..1287d946
-..4a9799b6
-#endif..1287d946
-..4a9799b6
+{"Appr..81e028c7
-#if !_..ea49f2d3
-#if !_..6b9e32bf
-{"Conf..bb89d5e5
-#endif..1287d946
-..4a9799b6
-#endif..1287d946
-..4a9799b6
-#if !_..ea49f2d3
-#if !_..6b9e32bf
-{"Conf..f6fb3fc1
-#endif..1287d946
-..4a9799b6
-#endif..1287d946
-..4a9799b6
+{"Crea..c49c797e
-{"Crea..66b04c7d
-{"Game..b968a11a
-{"Item..8802d178
-{"Item..3cfdd9fd
-{"Item..60bab042
-{"Item..4badbf53
-{"Item..5357e5c7
-{"Item..61eefe6b
-{"Item..249afcc9
-{"Item..29c4eaff
-{"Item..7f4e7ee0
-#if !_..ea49f2d3
-#if !_..6b9e32bf
-{"Maxi..b4300f76
-#endif..1287d946
-..4a9799b6
-#endif..1287d946
-..4a9799b6
-{"Melt..3126fc76
+{"Melt..1113349d
+{"Mint..1d092a0e
-#if !_..ea49f2d3
-#if !_..6b9e32bf
-{"Plat..0b3527e5
-#endif..1287d946
-..4a9799b6
-#endif..1287d946
-..4a9799b6
-#if !_..ea49f2d3
-#if !_..6b9e32bf
-{"Purc..18e97d9a
-#endif..1287d946
-..4a9799b6
-#endif..1287d946
-..4a9799b6
-#if !_..ea49f2d3
-#if !_..6b9e32bf
-{"Purc..8d7d154a
-#endif..1287d946
-..4a9799b6
-#endif..1287d946
-..4a9799b6
-#if !_..ea49f2d3
-#if !_..6b9e32bf
-{"Seco..5262204b
-#endif..1287d946
-..4a9799b6
-#endif..1287d946
-..4a9799b6
+{"Sell..2b391cc3
+{"SetI..203e1bd3
+{"SetW..849dc84f
-#if !_..ea49f2d3
-#if !_..6b9e32bf
-{"Sort..8bbd8696
-#endif..1287d946
-..4a9799b6
-#endif..1287d946
-..4a9799b6
-#if !_..ea49f2d3
-#if !_..6b9e32bf
-#endif..1287d946
-..4a9799b6
-#endif..1287d946
-..4a9799b6
+{"Use"..908af8c4
-#if !_..ea49f2d3
-#if !_..6b9e32bf
-{"AllI..083fcba9
-#endif..1287d946
-..4a9799b6
-#endif..1287d946
-..4a9799b6
+{"Appr..f62407d4
-#if !_..ea49f2d3
-#if !_..6b9e32bf
-{"Conf..13e3c337
-#endif..1287d946
-..4a9799b6
-#endif..1287d946
-..4a9799b6
-#if !_..ea49f2d3
-#if !_..6b9e32bf
-{"Conf..d7db469b
-#endif..1287d946
-..4a9799b6
-#endif..1287d946
-..4a9799b6
+{"Crea..5df3af3b
-{"Crea..22f07e1d
-#if !_..ea49f2d3
-#if !_..6b9e32bf
-{"Game..30a29364
-#endif..1287d946
-..4a9799b6
-#endif..1287d946
-..4a9799b6
-#if !_..ea49f2d3
-#if !_..6b9e32bf
-#endif..1287d946
-..4a9799b6
-#endif..1287d946
-..4a9799b6
-{"Item..543fc18c
-{"Item..9a277644
-{"Item..a6b2267a
-{"Item..d04ef649
-{"Item..3bf2ea40
-{"Item..52a7f763
-{"Item..e67404d3
-{"Item..d1417d19
-{"Item..621f2419
-#if !_..ea49f2d3
-#if !_..6b9e32bf
-{"Maxi..7bf24c61
-#endif..1287d946
-..4a9799b6
-#endif..1287d946
-..4a9799b6
-{"Melt..f866aabb
+{"Melt..3f2c6d51
+{"Mint..99298f9c
-#if !_..ea49f2d3
-#if !_..6b9e32bf
-{"Plat..44eae0e7
-#endif..1287d946
-..4a9799b6
-#endif..1287d946
-..4a9799b6
-#if !_..ea49f2d3
-#if !_..6b9e32bf
-{"Purc..e6ecee61
-#endif..1287d946
-..4a9799b6
-#endif..1287d946
-..4a9799b6
-#if !_..ea49f2d3
-#if !_..6b9e32bf
-{"Purc..10080381
-#endif..1287d946
-..4a9799b6
-#endif..1287d946
-..4a9799b6
-#if !_..ea49f2d3
-#if !_..6b9e32bf
-{"Seco..8d0d5adf
-#endif..1287d946
-..4a9799b6
-#endif..1287d946
-..4a9799b6
+{"Sell..7756ca58
+{"SetI..5942e1e5
+{"SetW..fedb38b6
-#if !_..ea49f2d3
-#if !_..6b9e32bf
-{"Sort..b7c8eb43
-#endif..1287d946
-..4a9799b6
-#endif..1287d946
-..4a9799b6
-#if !_..ea49f2d3
-#if !_..6b9e32bf
-#endif..1287d946
-..4a9799b6
-#endif..1287d946
-..4a9799b6
+{"Use"..c21d4f95
-#if !_..ea49f2d3
-#if !_..6b9e32bf
-{"Seco..77edce3f
-#endif..1287d946
-..4a9799b6
-#endif..1287d946
-..4a9799b6
-#if !_..ea49f2d3
-#if !_..6b9e32bf
-{"AllI..28d36432
-#endif..1287d946
-..4a9799b6
-#endif..1287d946
-..4a9799b6
+{"Appr..6ac83457
-#if !_..ea49f2d3
-#if !_..6b9e32bf
-{"Conf..15d04bf3
-#endif..1287d946
-..4a9799b6
-#endif..1287d946
-..4a9799b6
-#if !_..ea49f2d3
-#if !_..6b9e32bf
-{"Conf..07d726b9
-#endif..1287d946
-..4a9799b6
-#endif..1287d946
-..4a9799b6
+{"Crea..404f0f43
-{"Crea..c80993da
-#if !_..ea49f2d3
-#if !_..6b9e32bf
-{"Game..aa0ee523
-#endif..1287d946
-..4a9799b6
-#endif..1287d946
-..4a9799b6
-#if !_..ea49f2d3
-#if !_..6b9e32bf
-#endif..1287d946
-..4a9799b6
-#endif..1287d946
-..4a9799b6
-{"Item..b1b534e2
-{"Item..576a66e4
-{"Item..befb9a51
-{"Item..11878ead
-{"Item..402376ea
-{"Item..d57c76bb
-{"Item..ec9bfd03
-{"Item..7a3263c0
-{"Item..11d5a226
-#if !_..ea49f2d3
-#if !_..6b9e32bf
-{"Maxi..8e97fd0a
-#endif..1287d946
-..4a9799b6
-#endif..1287d946
-..4a9799b6
-{"Melt..fb8c0685
+{"Melt..b575b9d7
+{"Mint..52b4a4c3
-#if !_..ea49f2d3
-#if !_..6b9e32bf
-{"Plat..65bfbaf4
-#endif..1287d946
-..4a9799b6
-#endif..1287d946
-..4a9799b6
-#if !_..ea49f2d3
-#if !_..6b9e32bf
-{"Purc..7ae90745
-#endif..1287d946
-..4a9799b6
-#endif..1287d946
-..4a9799b6
-#if !_..ea49f2d3
-#if !_..6b9e32bf
-{"Purc..d68bf940
-#endif..1287d946
-..4a9799b6
-#endif..1287d946
-..4a9799b6
-#if !_..ea49f2d3
-#if !_..6b9e32bf
-{"Seco..e856f0d8
-#endif..1287d946
-..4a9799b6
-#endif..1287d946
-..4a9799b6
+{"Sell..796b93d3
+{"SetI..5b4619e5
+{"SetW..babfae78
-#if !_..ea49f2d3
-#if !_..6b9e32bf
-{"Sort..132a75de
-#endif..1287d946
-..4a9799b6
-#endif..1287d946
-..4a9799b6
-#if !_..ea49f2d3
-#if !_..6b9e32bf
-#endif..1287d946
-..4a9799b6
-#endif..1287d946
-..4a9799b6
+{"Use"..16bdfb10
-#if !_..ea49f2d3
-#if !_..6b9e32bf
-{"AllI..4c7e7b40
-#endif..1287d946
-..4a9799b6
-#endif..1287d946
-..4a9799b6
+{"Appr..4a7004c3
-#if !_..ea49f2d3
-#if !_..6b9e32bf
-{"Conf..c8749559
-#endif..1287d946
-..4a9799b6
-#endif..1287d946
-..4a9799b6
-#if !_..ea49f2d3
-#if !_..6b9e32bf
-{"Conf..de8300b5
-#endif..1287d946
-..4a9799b6
-#endif..1287d946
-..4a9799b6
+{"Crea..7a3941a4
-{"Crea..0c105060
-{"Item..92e21e2f
-{"Item..77e08429
-{"Item..99697b18
-{"Item..b0d74e69
-{"Item..00d14820
-{"Item..109bb87d
-{"Item..5c58fdd8
-{"Item..0ac0436b
-{"Item..3414b5d6
-#if !_..ea49f2d3
-#if !_..6b9e32bf
-{"Maxi..6a442775
-#endif..1287d946
-..4a9799b6
-#endif..1287d946
-..4a9799b6
+{"Melt..cb4a7226
+{"Mint..506f0a0b
-#if !_..ea49f2d3
-#if !_..6b9e32bf
-{"Plat..64b3a458
-#endif..1287d946
-..4a9799b6
-#endif..1287d946
-..4a9799b6
-#if !_..ea49f2d3
-#if !_..6b9e32bf
-{"Purc..a29c3841
-#endif..1287d946
-..4a9799b6
-#endif..1287d946
-..4a9799b6
-#if !_..ea49f2d3
-#if !_..6b9e32bf
-{"Purc..fd40de7c
-#endif..1287d946
-..4a9799b6
-#endif..1287d946
-..4a9799b6
-#if !_..ea49f2d3
-#if !_..6b9e32bf
-{"Seco..21a18581
-#endif..1287d946
-..4a9799b6
-#endif..1287d946
-..4a9799b6
+{"Sell..289efd61
+{"SetI..aa14e4c1
+{"SetW..97538a79
-#if !_..ea49f2d3
-#if !_..6b9e32bf
-{"Sort..9adad0f5
-#endif..1287d946
-..4a9799b6
-#endif..1287d946
-..4a9799b6
+{"Use"..2b31bec6
-#if !_..ea49f2d3
-#if !_..6b9e32bf
-{"AllI..2e6efafe
-#endif..1287d946
-..4a9799b6
-#endif..1287d946
-..4a9799b6
+{"Appr..9a09ccae
-#if !_..ea49f2d3
-#if !_..6b9e32bf
-{"Conf..1756f8da
-#endif..1287d946
-..4a9799b6
-#endif..1287d946
-..4a9799b6
-#if !_..ea49f2d3
-#if !_..6b9e32bf
-{"Conf..890eeb45
-#endif..1287d946
-..4a9799b6
-#endif..1287d946
-..4a9799b6
+{"Crea..2d68ab48
-{"Crea..bd302b7c
-#if !_..ea49f2d3
-#if !_..6b9e32bf
-{"Game..9ab40996
-#endif..1287d946
-..4a9799b6
-#endif..1287d946
-..4a9799b6
-#if !_..ea49f2d3
-#if !_..6b9e32bf
-#endif..1287d946
-..4a9799b6
-#endif..1287d946
-..4a9799b6
-{"Item..3bac3b50
-{"Item..149d11d8
-{"Item..18db84e1
-{"Item..5de3c4cf
-{"Item..d20d57fd
-{"Item..6d3e80d3
-{"Item..9d316147
-{"Item..6e94ccc2
-{"Item..67b7f1f1
-#if !_..ea49f2d3
-#if !_..6b9e32bf
-{"Maxi..43e5debe
-#endif..1287d946
-..4a9799b6
-#endif..1287d946
-..4a9799b6
-{"Melt..76b34c69
+{"Melt..148b8915
+{"Mint..02e611df
-#if !_..ea49f2d3
-#if !_..6b9e32bf
-{"Plat..ca6103cb
-#endif..1287d946
-..4a9799b6
-#endif..1287d946
-..4a9799b6
-#if !_..ea49f2d3
-#if !_..6b9e32bf
-{"Purc..391d0d44
-#endif..1287d946
-..4a9799b6
-#endif..1287d946
-..4a9799b6
-#if !_..ea49f2d3
-#if !_..6b9e32bf
-{"Purc..6eb6a0f1
-#endif..1287d946
-..4a9799b6
-#endif..1287d946
-..4a9799b6
-#if !_..ea49f2d3
-#if !_..6b9e32bf
-{"Seco..b92cbc27
-#endif..1287d946
-..4a9799b6
-#endif..1287d946
-..4a9799b6
+{"Sell..d650207e
+{"SetI..6fb7a760
+{"SetW..69df918c
-#if !_..ea49f2d3
-#if !_..6b9e32bf
-{"Sort..c492bf72
-#endif..1287d946
-..4a9799b6
-#endif..1287d946
-..4a9799b6
-#if !_..ea49f2d3
-#if !_..6b9e32bf
-#endif..1287d946
-..4a9799b6
-#endif..1287d946
-..4a9799b6
+{"Use"..3411782b
-#if !_..ea49f2d3
-#if !_..6b9e32bf
-{"Seco..32a8a5f5
-#endif..1287d946
-..4a9799b6
-#endif..1287d946
-..4a9799b6
-#if !_..ea49f2d3
-#if !_..6b9e32bf
-{"AllI..a8e328de
-#endif..1287d946
-..4a9799b6
-#endif..1287d946
-..4a9799b6
+{"Appr..3d95635a
-#if !_..ea49f2d3
-#if !_..6b9e32bf
-{"Conf..e794feb7
-#endif..1287d946
-..4a9799b6
-#endif..1287d946
-..4a9799b6
-#if !_..ea49f2d3
-#if !_..6b9e32bf
-{"Conf..edfe7467
-#endif..1287d946
-..4a9799b6
-#endif..1287d946
-..4a9799b6
+{"Crea..9f47c134
-{"Crea..5d3dd81c
-#if !_..ea49f2d3
-#if !_..6b9e32bf
-{"Game..0cf6fbd0
-#endif..1287d946
-..4a9799b6
-#endif..1287d946
-..4a9799b6
-#if !_..ea49f2d3
-#if !_..6b9e32bf
-#endif..1287d946
-..4a9799b6
-#endif..1287d946
-..4a9799b6
-{"Item..674932ab
-{"Item..eed1ef64
-{"Item..6f73a3da
-{"Item..4badbf53
-{"Item..00d14820
-{"Item..83509c5d
-{"Item..e5d7e67f
-{"Item..38eb28d4
-{"Item..cb4d471e
-#if !_..ea49f2d3
-#if !_..6b9e32bf
-{"Maxi..21c64954
-#endif..1287d946
-..4a9799b6
-#endif..1287d946
-..4a9799b6
-{"Melt..9f0ed895
+{"Melt..f5af065a
+{"Mint..1d092a0e
-#if !_..ea49f2d3
-#if !_..6b9e32bf
-{"Plat..64b3a458
-#endif..1287d946
-..4a9799b6
-#endif..1287d946
-..4a9799b6
-#if !_..ea49f2d3
-#if !_..6b9e32bf
-{"Purc..0b2459c0
-#endif..1287d946
-..4a9799b6
-#endif..1287d946
-..4a9799b6
-#if !_..ea49f2d3
-#if !_..6b9e32bf
-{"Purc..0b9893af
-#endif..1287d946
-..4a9799b6
-#endif..1287d946
-..4a9799b6
-#if !_..ea49f2d3
-#if !_..6b9e32bf
-{"Seco..69e58aff
-#endif..1287d946
-..4a9799b6
-#endif..1287d946
-..4a9799b6
+{"Sell..289efd61
+{"SetI..0766d6ed
+{"SetW..32109ab7
-#if !_..ea49f2d3
-#if !_..6b9e32bf
-{"Sort..9adad0f5
-#endif..1287d946
-..4a9799b6
-#endif..1287d946
-..4a9799b6
-#if !_..ea49f2d3
-#if !_..6b9e32bf
-#endif..1287d946
-..4a9799b6
-#endif..1287d946
-..4a9799b6
+{"Use"..65de9f50
-#if !_..ea49f2d3
-#if !_..6b9e32bf
-{"Seco..1f618b74
-#endif..1287d946
-..4a9799b6
-#endif..1287d946
-..4a9799b6
-#if !_..ea49f2d3
-#if !_..6b9e32bf
-{"AllI..b613cdf5
-#endif..1287d946
-..4a9799b6
-#endif..1287d946
-..4a9799b6
+{"Appr..42c78a6e
-#if !_..ea49f2d3
-#if !_..6b9e32bf
-{"Conf..a630a22e
-#endif..1287d946
-..4a9799b6
-#endif..1287d946
-..4a9799b6
-#if !_..ea49f2d3
-#if !_..6b9e32bf
-{"Conf..0b929b88
-#endif..1287d946
-..4a9799b6
-#endif..1287d946
-..4a9799b6
+{"Crea..eda5c3ea
-{"Crea..7eb3b8bd
-{"Item..23303b17
-{"Item..e42d009a
-{"Item..aa34b7d8
-{"Item..610694db
-{"Item..8dda0846
-{"Item..da3a8e42
-{"Item..6639b39e
-{"Item..173d6d0a
-{"Item..893dabe9
-#if !_..ea49f2d3
-#if !_..6b9e32bf
-{"Maxi..6f3c69ce
-#endif..1287d946
-..4a9799b6
-#endif..1287d946
-..4a9799b6
-{"Melt..a795fb11
+{"Melt..d0eba7cf
+{"Mint..41f2654b
-#if !_..ea49f2d3
-#if !_..6b9e32bf
-{"Plat..0a868bd5
-#endif..1287d946
-..4a9799b6
-#endif..1287d946
-..4a9799b6
-#if !_..ea49f2d3
-#if !_..6b9e32bf
-{"Purc..c304d759
-#endif..1287d946
-..4a9799b6
-#endif..1287d946
-..4a9799b6
-#if !_..ea49f2d3
-#if !_..6b9e32bf
-{"Purc..5c259e32
-#endif..1287d946
-..4a9799b6
-#endif..1287d946
-..4a9799b6
-#if !_..ea49f2d3
-#if !_..6b9e32bf
-{"Seco..6f73a77a
-#endif..1287d946
-..4a9799b6
-#endif..1287d946
-..4a9799b6
+{"Sell..c23159b8
+{"SetI..995706b2
+{"SetW..2c8f920f
-#if !_..ea49f2d3
-#if !_..6b9e32bf
-{"Sort..a416c4ec
-#endif..1287d946
-..4a9799b6
-#endif..1287d946
-..4a9799b6
+{"Use"..3ce7d999
-#if !_..ea49f2d3
-#if !_..6b9e32bf
-{"AllI..e325a63a
-#endif..1287d946
-..4a9799b6
-#endif..1287d946
-..4a9799b6
+{"Appr..9917e8bb
-#if !_..ea49f2d3
-#if !_..6b9e32bf
-{"Conf..f380b8a1
-#endif..1287d946
-..4a9799b6
-#endif..1287d946
-..4a9799b6
-#if !_..ea49f2d3
-#if !_..6b9e32bf
-{"Conf..e17ba87a
-#endif..1287d946
-..4a9799b6
-#endif..1287d946
-..4a9799b6
+{"Crea..775593ab
-{"Crea..d15836fd
-#if !_..ea49f2d3
-#if !_..6b9e32bf
-{"Game..9b3e396e
-#endif..1287d946
-..4a9799b6
-#endif..1287d946
-..4a9799b6
-#if !_..ea49f2d3
-#if !_..6b9e32bf
-#endif..1287d946
-..4a9799b6
-#endif..1287d946
-..4a9799b6
-{"Item..90d41a17
-{"Item..fc85aa5b
-{"Item..51477ca0
-{"Item..124f805a
-{"Item..319c6f4d
-{"Item..f4098c1f
-{"Item..6e0bd8e4
-{"Item..9dfd9433
-{"Item..35f1106d
-#if !_..ea49f2d3
-#if !_..6b9e32bf
-{"Maxi..642993c3
-#endif..1287d946
-..4a9799b6
-#endif..1287d946
-..4a9799b6
-{"Melt..306747ae
+{"Melt..862273e7
+{"Mint..256583f4
-#if !_..ea49f2d3
-#if !_..6b9e32bf
-{"Plat..1e3dea39
-#endif..1287d946
-..4a9799b6
-#endif..1287d946
-..4a9799b6
-#if !_..ea49f2d3
-#if !_..6b9e32bf
-{"Purc..a24e4fee
-#endif..1287d946
-..4a9799b6
-#endif..1287d946
-..4a9799b6
-#if !_..ea49f2d3
-#if !_..6b9e32bf
-{"Purc..7c9acf4b
-#endif..1287d946
-..4a9799b6
-#endif..1287d946
-..4a9799b6
-#if !_..ea49f2d3
-#if !_..6b9e32bf
-{"Seco..2c6123de
-#endif..1287d946
-..4a9799b6
-#endif..1287d946
-..4a9799b6
+{"Sell..8809b233
+{"SetI..96f9331e
+{"SetW..95c21352
-#if !_..ea49f2d3
-#if !_..6b9e32bf
-{"Sort..38b6014b
-#endif..1287d946
-..4a9799b6
-#endif..1287d946
-..4a9799b6
-#if !_..ea49f2d3
-#if !_..6b9e32bf
-#endif..1287d946
-..4a9799b6
-#endif..1287d946
-..4a9799b6
+{"Use"..2803fc0a
-#if !_..ea49f2d3
-#if !_..6b9e32bf
-{"AllI..c56c7133
-#endif..1287d946
-..4a9799b6
-#endif..1287d946
-..4a9799b6
+{"Appr..508429d0
-#if !_..ea49f2d3
-#if !_..6b9e32bf
-{"Conf..d8746234
-#endif..1287d946
-..4a9799b6
-#endif..1287d946
-..4a9799b6
-#if !_..ea49f2d3
-#if !_..6b9e32bf
-{"Conf..448b8f3c
-#endif..1287d946
-..4a9799b6
-#endif..1287d946
-..4a9799b6
+{"Crea..ad0fa418
-{"Crea..85692ee3
-#if !_..ea49f2d3
-#if !_..6b9e32bf
-{"Game..0eb4f440
-#endif..1287d946
-..4a9799b6
-#endif..1287d946
-..4a9799b6
-#if !_..ea49f2d3
-#if !_..6b9e32bf
-#endif..1287d946
-..4a9799b6
-#endif..1287d946
-..4a9799b6
-{"Item..9d5293b3
-{"Item..0ef6bb57
-{"Item..1e1df6c0
-{"Item..b6deedc9
-{"Item..294e0a17
-{"Item..a0853571
-{"Item..b8e5eaed
-{"Item..3e933584
-{"Item..e0d69b56
-#if !_..ea49f2d3
-#if !_..6b9e32bf
-{"Maxi..a32bc0e2
-#endif..1287d946
-..4a9799b6
-#endif..1287d946
-..4a9799b6
-{"Melt..1912724b
+{"Melt..7232c9e6
+{"Mint..16a54a25
-#if !_..ea49f2d3
-#if !_..6b9e32bf
-{"Plat..48b0551f
-#endif..1287d946
-..4a9799b6
-#endif..1287d946
-..4a9799b6
-#if !_..ea49f2d3
-#if !_..6b9e32bf
-{"Purc..3a5cb493
-#endif..1287d946
-..4a9799b6
-#endif..1287d946
-..4a9799b6
-#if !_..ea49f2d3
-#if !_..6b9e32bf
-{"Purc..7ca324ec
-#endif..1287d946
-..4a9799b6
-#endif..1287d946
-..4a9799b6
-#if !_..ea49f2d3
-#if !_..6b9e32bf
-{"Seco..ca47e8c9
-#endif..1287d946
-..4a9799b6
-#endif..1287d946
-..4a9799b6
+{"Sell..7633097c
+{"SetI..ee399a92
+{"SetW..ce33e539
-#if !_..ea49f2d3
-#if !_..6b9e32bf
-{"Sort..fcbdd93d
-#endif..1287d946
-..4a9799b6
-#endif..1287d946
-..4a9799b6
-#if !_..ea49f2d3
-#if !_..6b9e32bf
-#endif..1287d946
-..4a9799b6
-#endif..1287d946
-..4a9799b6
+{"Use"..84e21306
-#if !_..ea49f2d3
-#if !_..6b9e32bf
-{"Seco..fbdf10ce
-#endif..1287d946
-..4a9799b6
-#endif..1287d946
-..4a9799b6
-#if !_..ea49f2d3
-#if !_..6b9e32bf
-{"Seco..1f618b74
-#endif..1287d946
-..4a9799b6
-#endif..1287d946
-..4a9799b6
-#if !_..ea49f2d3
-#if !_..6b9e32bf
-{"Seco..b0bfa02a
-#endif..1287d946
-..4a9799b6
-#endif..1287d946
-..4a9799b6
-#if !_..ea49f2d3
-#if !_..6b9e32bf
-{"Seco..806149bc
-#endif..1287d946
-..4a9799b6
-#endif..1287d946
-..4a9799b6
-#if !_..ea49f2d3
-#if !_..6b9e32bf
-{"Seco..6fea3fdb
-#endif..1287d946
-..4a9799b6
-#endif..1287d946
-..4a9799b6
-#if !_..ea49f2d3
-#if !_..6b9e32bf
-{"AllI..ed1f4cde
-#endif..1287d946
-..4a9799b6
-#endif..1287d946
-..4a9799b6
+{"Appr..c064d54e
-#if !_..ea49f2d3
-#if !_..6b9e32bf
-{"Conf..17debac3
-#endif..1287d946
-..4a9799b6
-#endif..1287d946
-..4a9799b6
-#if !_..ea49f2d3
-#if !_..6b9e32bf
-{"Conf..066f5fa6
-#endif..1287d946
-..4a9799b6
-#endif..1287d946
-..4a9799b6
+{"Crea..a0a4c0a7
-{"Crea..8902ce77
-{"Item..f85939c8
-{"Item..3155a89a
-{"Item..d7bb2932
-{"Item..df986e88
-{"Item..78aa7d54
-{"Item..045644b5
-{"Item..e8ab9a3f
-{"Item..995dc1b3
-{"Item..afe83a06
-#if !_..ea49f2d3
-#if !_..6b9e32bf
-{"Maxi..a11fff18
-#endif..1287d946
-..4a9799b6
-#endif..1287d946
-..4a9799b6
-{"Melt..d607819c
+{"Melt..43d599ec
+{"Mint..7e406d9d
-#if !_..ea49f2d3
-#if !_..6b9e32bf
-{"Plat..bae5a5fb
-#endif..1287d946
-..4a9799b6
-#endif..1287d946
-..4a9799b6
-#if !_..ea49f2d3
-#if !_..6b9e32bf
-{"Purc..787ea512
-#endif..1287d946
-..4a9799b6
-#endif..1287d946
-..4a9799b6
-#if !_..ea49f2d3
-#if !_..6b9e32bf
-{"Purc..30517af7
-#endif..1287d946
-..4a9799b6
-#endif..1287d946
-..4a9799b6
-#if !_..ea49f2d3
-#if !_..6b9e32bf
-{"Seco..bb1adbd1
-#endif..1287d946
-..4a9799b6
-#endif..1287d946
-..4a9799b6
+{"Sell..036690f7
+{"SetI..aa9f962b
+{"SetW..96503068
-#if !_..ea49f2d3
-#if !_..6b9e32bf
-{"Sort..35417429
-#endif..1287d946
-..4a9799b6
-#endif..1287d946
-..4a9799b6
+{"Use"..2e18d110
-#if !_..ea49f2d3
-#if !_..6b9e32bf
-{"AllI..2b476248
-#endif..1287d946
-..4a9799b6
-#endif..1287d946
-..4a9799b6
+{"Appr..4da7913d
-#if !_..ea49f2d3
-#if !_..6b9e32bf
-{"Conf..a1bafd58
-#endif..1287d946
-..4a9799b6
-#endif..1287d946
-..4a9799b6
-#if !_..ea49f2d3
-#if !_..6b9e32bf
-{"Conf..b4459114
-#endif..1287d946
-..4a9799b6
-#endif..1287d946
-..4a9799b6
+{"Crea..cbc8970e
-{"Crea..fcd372c7
-#if !_..ea49f2d3
-#if !_..6b9e32bf
-{"Game..3e4fb0ba
-#endif..1287d946
-..4a9799b6
-#endif..1287d946
-..4a9799b6
-#if !_..ea49f2d3
-#if !_..6b9e32bf
-#endif..1287d946
-..4a9799b6
-#endif..1287d946
-..4a9799b6
-{"Item..7387f529
-{"Item..26a777da
-{"Item..60bab042
-{"Item..4badbf53
-{"Item..899b9128
-{"Item..4c23a8de
-{"Item..4ba3b24f
-{"Item..46774d63
-{"Item..2b16e224
-#if !_..ea49f2d3
-#if !_..6b9e32bf
-{"Maxi..c07c235d
-#endif..1287d946
-..4a9799b6
-#endif..1287d946
-..4a9799b6
-{"Melt..456b5491
+{"Melt..1113349d
+{"Mint..1d092a0e
-#if !_..ea49f2d3
-#if !_..6b9e32bf
-{"Plat..61119ba0
-#endif..1287d946
-..4a9799b6
-#endif..1287d946
-..4a9799b6
-#if !_..ea49f2d3
-#if !_..6b9e32bf
-{"Purc..72aa5d4f
-#endif..1287d946
-..4a9799b6
-#endif..1287d946
-..4a9799b6
-#if !_..ea49f2d3
-#if !_..6b9e32bf
-{"Purc..c5f9cedc
-#endif..1287d946
-..4a9799b6
-#endif..1287d946
-..4a9799b6
-#if !_..ea49f2d3
-#if !_..6b9e32bf
-{"Seco..6b0fc8dd
-#endif..1287d946
-..4a9799b6
-#endif..1287d946
-..4a9799b6
+{"Sell..9a95785f
+{"SetI..700c4ac9
+{"SetW..a0230c7f
-#if !_..ea49f2d3
-#if !_..6b9e32bf
-{"Sort..e210b535
-#endif..1287d946
-..4a9799b6
-#endif..1287d946
-..4a9799b6
-#if !_..ea49f2d3
-#if !_..6b9e32bf
-#endif..1287d946
-..4a9799b6
-#endif..1287d946
-..4a9799b6
+{"Use"..0f55de87
-#if !_..ea49f2d3
-#if !_..6b9e32bf
-{"Seco..f14e2cf8
-#endif..1287d946
-..4a9799b6
-#endif..1287d946
-..4a9799b6
-..4a9799b6
-..4a9799b6
-..4a9799b6
-    "A..9d2aa8f0
-      ..c838908d
-      ..3223a05b
-      ..808e6456
-      ..b7dd0cf1
-      ..721ab7d6
-      ..6301be77
-      ..3a2edfd3
-      ..714dae1a
-      ..fc6cfc84
-      ..a1d344ae
-      ..7243e5a2
-      ..caf90a3c
-      ..5da53b4a
-      ..c57336f1
-      ..99ebc1bf
-      ..6ac5e00c
-      ..a94ae73d
-      ..fac4e945
-      ..24a03b7e
-    },..adaf71ef
-    "C..a81f04ed
-      ..0e811627
-      ..7bfd14b6
-      ..81e1be6a
-      ..6f2a27c3
-      ..2a21120c
-      ..9f510a1b
-      ..e33bbd1b
-      ..f2ec15a1
-      ..8e15f32b
-      ..94baf89a
-      ..b3071f62
-      ..ae7f88f3
-      ..e777bc3c
-      ..5a337ecf
-      ..1768c76b
-      ..0e225a1a
-      ..ce385226
-      ..7d111240
-      ..9199b122
-    },..adaf71ef
-    "C..af4d984a
-      ..f03dc04d
-      ..c99c6c75
-      ..23261767
-      ..2367fe96
-      ..29228ae9
-      ..11582715
-      ..a0e63a64
-      ..4fa18c50
-      ..344f5fc0
-      ..cab7b8e5
-      ..9e709019
-      ..02cc789a
-      ..a6af6f2f
-      ..7e9f1dcb
-      ..744c614a
-      ..fbbc4e49
-      ..bf369912
-      ..00f203a9
-      ..bea217e6
-    },..adaf71ef
-    "M..e41738c7
-      ..46033f41
-      ..dd2c2a35
-      ..dd80ac68
-      ..7ed1a85c
-      ..ac4d7bff
-      ..3172018f
-      ..2ef3a33a
-      ..84b9819b
-      ..0c8880a0
-      ..c12d9db2
-      ..ddfedc3d
-      ..f4b01585
-      ..52cbafc8
-      ..37b92761
-      ..601152f3
-      ..a59da7e7
-      ..2311763f
-      ..ca7af365
-      ..eff36ffb
-    },..adaf71ef
-    "P..78c5e464
-      ..f952264f
-      ..194adaa0
-      ..4ef8e62d
-      ..cb39f3c8
-      ..2d277e64
-      ..ab885a4b
-      ..ca4ea35f
-      ..ea50c87e
-      ..8505ab40
-      ..1d9556e4
-      ..7893bc06
-      ..644a3552
-      ..8867d985
-      ..6db68e53
-      ..1ab60d6d
-      ..a0c4a6a8
-      ..3f0655f9
-      ..846631f8
-      ..ccfe0158
-    },..adaf71ef
-    "P..c4de0b32
-      ..b2e2f71a
-      ..0ab1c80e
-      ..26280fe7
-      ..1e891c86
-      ..c35ffcdb
-      ..b93c27eb
-      ..06a2ea24
-      ..c14de7de
-      ..0fe94deb
-      ..c3c67b39
-      ..e45998fb
-      ..edbcf065
-      ..04000bbb
-      ..45d8ed8e
-      ..be6bd24f
-      ..2350797c
-      ..4bd64964
-      ..4fbcf1a5
-      ..1a9f43fc
-    },..adaf71ef
-    "P..a13e288a
-      ..462bd3c7
-      ..cea07809
-      ..84f9b486
-      ..ca6efebb
-      ..f086f8db
-      ..6644d098
-      ..3f723ada
-      ..908a86f6
-      ..31cc47d2
-      ..d4411075
-      ..0e21b631
-      ..5f3d0b1e
-      ..6ecd16f0
-      ..d79a71c9
-      ..3cf7e23c
-      ..2ab930d5
-      ..442bdbab
-      ..904825f9
-      ..f40a8899
-    },..adaf71ef
-    "S..22e833a2
-      ..e438f8b5
-      ..8420745a
-      ..fa9dfe1d
-      ..10d4c51f
-      ..1185c337
-      ..fe39d7d5
-      ..69b7b5ab
-      ..c66bb1e6
-      ..8e883505
-      ..00338f54
-      ..96e2e66d
-      ..ab7bf678
-      ..39b37e5d
-      ..ad359790
-      ..17752504
-      ..d738d4a6
-      ..784e0550
-      ..c7b47783
-      ..088da428
-      ..07a55ce3
-      ..d5d10b8d
-      ..eb3d3a3c
-      ..00d10ff2
-      ..f27881b7
-      ..6a7c3ea2
-      ..41c55759
-      ..dbbbabb7
-      ..44985a7d
-      ..a54734be
-      ..de7c29a3
-      ..8e79d2e5
-      ..d2828307
-      ..725f948c
-      ..cc3252d2
-      ..d94b4b64
-      ..5995f476
-    },..adaf71ef
-    "S..c61332f8
-      ..3d766b2e
-      ..e878a145
-      ..a8c31eff
-      ..97883909
-      ..100ff9b5
-      ..6c8ccab2
-      ..61d2bd05
-      ..e7307fcf
-      ..7d9140f6
-      ..d4fe975a
-      ..677aab93
-      ..874e0e69
-      ..a265efc3
-      ..096acbde
-      ..7015d472
-      ..7e93530a
-      ..5e9ab9d9
-      ..fcf82b00
-      ..616e0b28
-    },..adaf71ef
+    "I..89c65235
+      ..bb1a868e
+    },..abb6334f
+    "T..d517ea87
+      ..23b2861d
+    },..abb6334f