+      ..f899e363
+      ..d56a797d
+      ..604146f2
+      ..6107e1e6
-      ..3d958555
+      ..70cc24d2
+      ..051fc68c
+      ..edde86ab
+      ..6b73bef6
-      ..267daea5
+      ..79be2c64
+      ..051fc68c
+      ..902dc727
+      ..58b0226f
-      ..24fc8570
+      ..9e10501d
-      ..17f7d2b2
-      ..21e1bf09
+      ..63c5b30d
+      ..1d3bbac0
-      ..90db5c99
+      ..72b14cf1
-      ..4b203ac0
-      ..f5ff2825
-      ..a90a6db5
-..68f85976
-      ..002cfcde
-      ..2bd9a8c4
-      ..8c38a762
-      ..02792115
-      ..b98072ae
-      ..24fc8570
-      ..bec51caf
-      ..f88a89fc
-      ..2bd9a8c4
-      ..4f88f5e6
-      ..bec51caf
-      ..b1ab0da3
-      ..5929c32b
-      ..bc91be1a
-      ..1a107e40
-      ..1c04245e
-      ..0221a4c3
-      ..1d643bf2
+      ..c662bc61
+      ..d263e8cd
+      ..0b2f14d1
+      ..a090bf49
+      ..0f3d2d6c
+..ef4fcaff
+      ..31822476
+      ..993d7945
+      ..926cacce
+      ..628e28c0
+      ..98b144db
+      ..3b42f873
+      ..7145e8f8
+..ef4fcaff
+      ..e1c13692
+      ..993d7945
+      ..b74c4d79
+      ..d5ca1fce
+      ..1ea715d8
+      ..24e876d6
+      ..8e9997c8
+      ..5741dbe3
+      ..98b144db
+      ..ecb96d3e
+      ..e6589734
+      ..c6d19d2e
+      ..9293023a
+      ..52d58e2e
+      ..22e27674
+..ef4fcaff
+      ..e1c13692
+      ..993d7945
+      ..b74c4d79
+      ..d5ca1fce
+      ..1ea715d8
+      ..ebf990b3
+      ..b1c1adcc
+      ..98b144db
+      ..ecb96d3e
+      ..e6589734
+      ..f9b5f64f
+      ..9e180391
+      ..52d58e2e
+      ..0bd2b3bf
+      ..9728dcbf
-      ..e3f93003
+      ..9ad64afc
-..68f85976
-    <L..333e5259
-      ..4dec8bdf
-      ..77e61d65
-      ..8cefe61a
-      ..18d81025
-..68f85976
-      ..f88a89fc
-      ..2bd9a8c4
-      ..08d54a7a
-      ..803772c8
-      ..cb52b27f
-      ..a3f8ab24
-..68f85976
-      ..002cfcde
-      ..2bd9a8c4
-      ..02792115
-      ..b98072ae
-      ..b1ab0da3
-      ..657378dc
-      ..f5ff2825
-      ..970e40dd
-      ..cb52b27f
-      ..8c38a762
-      ..1c04245e
-      ..0c30b65b
-      ..bc91be1a
-      ..1a107e40
-      ..5347d4ac
-..68f85976
-..68f85976
-      ..ef55ee86
-      ..03fc66b0
-      ..c814ae20
-      ..f04088c2
-      ..9f992b72
-      ..8cfe4efc
-..68f85976
-..68f85976
-      ..f88a89fc
-      ..2bd9a8c4
-      ..08d54a7a
-      ..a06555b4
-      ..3ed51be8
-      ..cb52b27f
-      ..803772c8
-      ..ac2bd3c1
-..68f85976
-      ..002cfcde
-      ..2bd9a8c4
-      ..02792115
-      ..b98072ae
-      ..b1ab0da3
-      ..657378dc
-      ..f5ff2825
-      ..970e40dd
-      ..cb52b27f
-      ..8c38a762
-      ..1c04245e
-      ..0c30b65b
-      ..bc91be1a
-      ..1a107e40
-      ..f769052f
-    </..817da630
-      ..3d4914d6
-      ..c36efc9e
+      ..cb46fd60
+      ..5636edfc
+      ..ff470535
+      ..f0855999
+      ..938c5102
+      ..27364e12
-      ..aebe3e7c
+      ..967b8ce2
-#endif..d52c2468
-..68f85976
-      ..3ea8f422
-      ..3d411d86
-      ..6c55103d
-      ..46a6fd48
-..68f85976
+#endif..d74fbbeb
+{"Crea..95fa34e7
+{"Numb..5a3922b7
+{"Numb..d247ca26
-{"Game..58b7fe87
+{"Item..f5dbacd4
-..68f85976
-      ..f8d00556
-      ..a7759027
-      ..3018f611
-      ..224e29ca
+      ..9441c66e
+      ..036149e8
+      ..6a04b136
+      ..0e5a6357
+      ..d7fca46b
+      ..d699cd20
+      ..2de19406
+      ..d1112d3a
+      ..7c6ce392
-      ..4b9b9f40
-      ..c849388b
+      ..5372c17c
+      ..4e4c322a
-      ..818eca8c
-..68f85976
-      ..b7b9f61c
+      ..b1d6d32f
-      ..b3abfdc4
-      ..1603e0d0
-      ..9808c168
-      ..6174388c
-      ..ab1ff0fe
-      ..1acf16dd
-      ..9405a79d
-      ..e1ae7682
-      ..61e13f50
-      ..371bdc43
-      ..53c67096
-..68f85976
-      ..650bb432
-      ..6174388c
-      ..02541d37
-      ..385d8acc
-      ..d28f794f
-      ..496c6399
-      ..64cb96cb
-      ..830cf5de
-      ..359e253b
-      ..5a7ce476
-      ..a07f3692
-      ..4001a86c
-..68f85976
-      ..4c6ff8cf
-      ..54ec08b0
-      ..c3801546
-      ..eea89a00
-      ..16ef704d
-      ..b8158a98
-      ..718ff333
+      ..20e99610
+      ..2ade2e42
-      ..0eca30bb
+      ..54fead6b
-      ..f9694d04
+      ..5f8a2b2b
-      ..47237e80
+      ..e2309fb1
-      ..c44e770f
+      ..afe3c9a8
-      ..06aeb793
+      ..96408949
-      ..190e7baa
+      ..01638c29
-      ..55e42485
+      ..42cac4a1
-      ..14eb952d
+      ..d80de4a8
-      ..a3755524
-      ..a724151c
-..68f85976
-      ..31a60570
-      ..385d8acc
-      ..7d44a5ad
-      ..b905c48f
-      ..20d457d0
-      ..2c2ee73b
-      ..32acc5ab
-      ..9aeb1ed4
-      ..adbaa045
-      ..b78e7b0d
-      ..cb9cdc07
-      ..341d1394
-..68f85976
-      ..9397f079
-..68f85976
-      ..f71b4a64
+      ..2be6bd7d
-      ..77ae3ae5
+      ..29d7beef
-      ..033b7110
+      ..b0e9d8b6
-      ..70cbeaa6
-      ..068fd436
-..68f85976
-      ..7e0890dc
-      ..6174388c
-      ..ab1ff0fe
-      ..722239c9
-      ..3fe44a81
-      ..248eccf6
-      ..25578205
-      ..6c7a6a31
-      ..e1ae7682
-      ..4863b21c
-      ..1bf6b7b5
-      ..371bdc43
-      ..7b673588
-..68f85976
-      ..8b9de05f
-..68f85976
-      ..5a590932
-      ..6174388c
-      ..936a3524
-      ..371bdc43
-      ..3170632a
-      ..faa2f751
+      ..c957f8c6
+      ..6af207a4
+      ..770dd5fb
-      ..eff69480
-      ..c3801546
-      ..6c63474e
-      ..6174388c
-      ..a8a661a6
-      ..ba79d7ac
-      ..c3801546
-..68f85976
-      ..ab071dd7
-      ..8d87b53b
-      ..0fd9471c
-..68f85976
-      ..95d931ce
-      ..2eff020b
-      ..afc26c9d
-      ..d80c156e
-      ..a28a9f3f
-..68f85976
-      ..85d7b6b2
-      ..6174388c
-      ..b8bf7a02
+      ..ef451dbd
+      ..02353ae3
-      ..17d76a78
-      ..9aeb1ed4
-      ..83ecef7b
+      ..2e666b18
+      ..b66c04b1
-      ..31ec5177
-      ..8216292e
+      ..1bf91574
+      ..a2d90abb
-      ..57abcfbb
+      ..1676b702
-      ..e015caa6
-      ..83ecef7b
-      ..b78e7b0d
-      ..7b1e5b46
-      ..20adefaf
-..68f85976
-      ..aea874d9
-      ..385d8acc
-      ..389df24e
-      ..b78e7b0d
-      ..c2a20e3e
-      ..f512a88f
-..68f85976
-      ..190d0002
-      ..385d8acc
-      ..17d76a78
-      ..bbc273ba
-      ..042a9e32
-      ..c8e2b127
-      ..34fb110e
+      ..e2ce0a0f
-      ..aeb1192c
-      ..3f2c5065
+      ..f9059262
+      ..6d6a9ff4
-      ..04420dae
+      ..65edd899
-      ..b905c48f
-      ..2b7c78b9
+      ..4648fda3
+      ..41ebe530
-      ..000ff936
-      ..101b9894
+      ..d1b6559a
+      ..393b66c7
+      ..37693625
-      ..b9d514ba
-      ..77a867a0
+      ..14e5eafb
+      ..f21c22a6
+..ef4fcaff
+      ..32e89fdf
-      ..eaa5d27f
+      ..7cca8358
+..ef4fcaff
+      ..16fa8a12
+      ..f899e363
+      ..4b29b557
+      ..0327f88b
+      ..ad634a43
+      ..834354ec
+..ef4fcaff
+      ..dc3daa7c
+      ..babc912d
+      ..b70d3810
-      ..e8da977d
+      ..6cc789cb
-      ..912bf6da
+      ..7faf3bda
-      ..06aeb793
+      ..96408949
-      ..190e7baa
+      ..01638c29
-      ..189fcc84
+      ..17ef3067
-      ..2a73736b
+      ..df439071
-      ..55e42485
+      ..42cac4a1
-      ..8a68be3a
+      ..4b0613c3
-    "C..64152de2
-      ..819cc108
-      ..3249f6d6
-      ..7f2ac69a
-      ..fc9d6809
-      ..3293e0de
-      ..3b40ade8
-      ..f1a2eb99
-      ..b7ce3fc5
-      ..c3820494
-      ..81bb8878
-      ..963e1c0a
-      ..5fc66d84
-      ..cb304306
-      ..6136057e
-      ..21dfca98
-      ..8fe5ac3f
-      ..5c657688
-      ..48fffe68
-      ..f6a719f1
-    },..f6741c47
-    "G..b80771b8
-      ..d60e410e
-      ..4b4d48db
-      ..b4b17d36
-      ..7137296f
-      ..d2601f5a
-      ..20cc5192
-      ..dddd3745
-      ..19cc9b6e
-      ..cf5a941c
-      ..53df11c5
-      ..8b29b296
-      ..4cd6c4c9
-      ..fa59a259
-      ..226f8767
-      ..2d18cc26
-      ..53151163
-    },..f6741c47
-    "M..c3b4d078
-      ..72c5b8ae
-      ..8dda054e
-      ..ddf1c15b
-      ..4e6f28b5
-      ..0ef7962c
-      ..830f6128
-      ..964d80ea
-      ..e1e86b0e
-      ..75351bb2
-      ..e4888683
-      ..89f0ae55
-      ..9d17e9bf
-      ..b7b5b1d4
-      ..d077b9f5
-      ..3a60194a
-      ..69ef34c8
-      ..0390db62
-      ..31ca4b36
-    },..f6741c47
+    },..613740e0
+    "C..6bad75d3
+      ..c8029cf4
+    },..613740e0
+    "N..60f2c2a5
+      ..5880cb47
+    },..613740e0
+    "N..9b4617f9
+      ..4113a193
+    },..613740e0
+    "I..9e10b891
+      ..7e973909