-using ..67a546ff
-      ..e64508d9
+      ..65a358b3
-      ..c970ceff
-      ..f415fc7d
+      ..3ba79196
-      ..ecafb1cc
-      ..4a1952eb
+      ..d81b17f5
-      ..e9d8af3e
-      ..4dc3c2ae
+      ..a8c97e2f
-      ..dccc271b
+      ..cd02fbfc
-      ..00617a0f
+      ..f928c791
-      ..9ce11645
+      ..5590bc92
-      ..10f20b6f
-      ..8ed2fd69
-      ..9258e452
+      ..9c2777b4
+      ..0bef5a42
-      ..e1264c24
+#if NO..a27ce0a3
+      ..cde19918
+      ..9b4ed80b
+#else..c082c41b
+      ..cf31d324
-      ..67ad2029
+      ..cc85894c
+      ..aa9b16e7
+      ..786ff703
+      ..74d29948
+      ..f1faacce
+      ..cc85894c
+#endif..f9b3ac4b
+      ..622348f5