-    <C..3103a348
+++ /de..3e03a5e8
-﻿usi..dfe8f18d
-..155f886d
-namesp..6c32727e
-{..854ce40f
-	[Tabl..a36d0014
-	publi..8093d045
-	{..8a8f8168
-		#reg..5e570a24
-..155f886d
-		[Pri..4d77eec8
-		[Col..3d654995
-		publ..cdc3c5ab
-..155f886d
-		#end..877b0365
-	}..dd691091
-}..d7eb7ce6
-using ..9c6fd265
-using ..3f6b5df4
-using ..2e851211
-using ..c6c907a7
-using ..4918d523
-using ..20c03985
-    pu..313ca80d
+    pu..292b4e07
-      ..b448be80
-      ..bf2090b8
-      ..bd6a0c0e
+      ..bad74507
-      ..d8b368c3
+      ..0628d311
-      ..51373c46
-      ..fa796a88
-      ..6732268d
-      ..3c69170f
-..155f886d
-      ..808fcf5c
-      ..8aefabb0
-      ..726d5762
-      ..3c69170f
-..155f886d
-      ..f02ad7fc
-      ..8aefabb0
-      ..726d5762
-      ..6732268d
-      ..9bcc42ef
+      ..e353ca9b
-      ..dc396f68
-      ..8aefabb0
-      ..f33d04bd
-      ..d8b56eaf
-      ..56f0a633
-      ..766438d4
-      ..b90606f7
-      ..d097c0d9
-      ..dde14ffd
-      ..33de2c3a
-      ..9f652102
-      ..c1581a46
-      ..3c69170f
-..155f886d
-      ..fd9fb98c
-      ..b90606f7
-      ..d6da8793
-      ..80f2575a
-      ..5dee222d
-..155f886d
-      ..8968fca2
+      ..ca6c6a4f
-      ..706c83ad
-      ..6522644f
+      ..4661288c
-      ..4fec155f
-      ..bea1b5d4
-      ..eea90832
+      ..0ab7f0b8
+      ..280fa4c3
+      ..46f49991
-      ..1930a56a
-      ..2084f7d2
-..155f886d
-      ..bc0b0201
-      ..d31daee5
-      ..c6d689b6
-      ..511762e7
-      ..12d533c0
-      ..dfc01f94
-      ..ce576e4b
-      ..15f4bd66
-      ..c700df25
-      ..a3cf5332
-      ..81510fca
-..155f886d
-      ..d37d6219
-      ..fdbe065b
-      ..27e170ac
-      ..a25bc1c3
-      ..34d167b2
-      ..e2b54f36
-      ..511762e7
-      ..56d26b1c
-      ..34d167b2
-      ..027e98be
-      ..9f652102
+      ..505f8ea0
+      ..884d4064
-      ..8b4bb206
-      ..8aefabb0
-      ..7ef928c0
-      ..3c69170f
-..155f886d