-      ..35f64a7d
+      ..38e0a2ba
-      ..7ad50d01
+      ..d092613b
-      ..d561db40
-      ..122a14c7
+      ..a8a0bd1e
+      ..c4602b3c
-      ..d2628522
+      ..f52632ce
-      ..78a35d4f
-      ..0d7f6a3a
+      ..4702847b
+      ..8d41ccbd
-      ..ec711ee8
-      ..3c95841d
+      ..416c9bd3
+      ..914d006a
-      ..dfb99477
-      ..1590755c
-      ..22bde04d
+      ..5733365a
+      ..dafda6cd
+      ..025d106d
-      ..b7d8db45
+      ..6e788952
-    <o..af738afe
+    <o..c3508ea2
-    <e..04873f95
-      ..9201c0d5
-      ..2066387b
-      ..47a9b4c2
-      ..d93b843e
-      ..79d52261
-    </..864a2951
-    <e..97d6e789
-      ..9201c0d5
-      ..812f9dc5
-      ..a464409b
-      ..f8f65c18
-      ..d865b721
-      ..1072c74a
-      ..d93b843e
-      ..79d52261
-    </..864a2951
-    <e..8700793e
-      ..9201c0d5
-      ..7062d1a6
-      ..05e9027d
-      ..f8f65c18
-      ..d865b721
-      ..1072c74a
-      ..d93b843e
-      ..79d52261
-    </..864a2951
-      ..5583d0d5
+      ..dd185fe7
+    <e..7472e9c4
+      ..61fe0ca2
+      ..aa9a8a4a
+      ..43566959
+      ..5e2bb753
+      ..2725922e
+    </..dd068e61
+    <e..b1994efd
+      ..61fe0ca2
+      ..13ef32cc
+      ..09e5f184
+      ..50bd44a8
+      ..c6c75e1f
+      ..45f1f5c9
+      ..5e2bb753
+      ..2725922e
+    </..dd068e61
+    <e..a47dc58f
+      ..61fe0ca2
+      ..7ce434ac
+      ..c7a2eccd
+      ..50bd44a8
+      ..c6c75e1f
+      ..45f1f5c9
+      ..5e2bb753
+      ..2725922e
+    </..dd068e61
-    NS..2abe012f
+    NS..27884929
-    NS..2abe012f
+    NS..27884929
-#impor..bc936d38
+#impor..4253d2c5
-      ..cdfa0651
-      ..1aa0ed4f
-      ..42fecf0e
-      ..bca97c79
-      ..15ed9fd6
-      ..8f8e99ff
-..8779ef54
-      ..5953c0eb
-      ..01b0c51f
-      ..20e27303
-      ..f1d97a3b
-      ..8f8e99ff
-..8779ef54
-      ..df8e0e61
-      ..3431ff80
-      ..82082a58
-      ..852dc3f6
-      ..e8ab9fb7
-      ..ce27d7db
-..8779ef54
-      ..0e42795d
-      ..8f8e99ff
+      ..81c7b73d
-    CG..5c8d06b9
-    CG..193eb958
-..8779ef54
-    CG..6fc87cd9
-    CG..2d1e32d2
-    CG..d36bb37a
-    if..5771edc9
-      ..6c669189
-      ..2248bfc1
-..8779ef54
-      ..9fd0f844
-      ..85aff184
+    if..f72099d7
+      ..cee10578
+      ..6b92a351
+..9276c1b6
+      ..c75080f0
+      ..97c3f82e
+      ..7df62b45
+      ..84c61557
+      ..dcb51bde
+      ..876f0303
+..9276c1b6
+      ..f3b459fa
+      ..a78fbadb
+      ..728deb6e
+..9276c1b6
-    el..5fbd6897
+    el..c2292c35
+      ..6178994d
+      ..a5d24d6d
+      ..11646a2c
+      ..728deb6e
+    }..a279b89f
+..9276c1b6
+    if..c03224ef
+      ..8f615574
+    }..a279b89f
-      ..03be39f4
+      ..02d5f9c7
-      ..35f5596e
+      ..e2543aaa
-      ..9f4a73b6
+      ..d4bd34b1
-      ..c7f6e9d0
-      ..8bb94cda
+      ..425d3fa2
+      ..7686f2f6
-      ..43f694c5
-      ..6fe34d11
+      ..bf2587ca
+      ..bf011c35
+      ..fe2ccf59
+      ..c211116f
+      ..4247b4d7
+      ..d0d40642
+      ..9a787746
+      ..0ef10a67
+      ..c45f7a9d
+      ..49d03e4a
+      ..23b6caa6
+      ..d4dd933a
+      ..ee622a84
+      ..c1a50af9
+      ..e5484af2
+      ..970c6afb
+      ..4247b4d7
+      ..5c7a857a
+      ..14f48aa4
+      ..23b6caa6
+      ..d4dd933a
+      ..ee622a84
+      ..c1a50af9
+      ..be28f1da
-  <com..931a52aa
+  <com..7ed156d1
-      ..97a86981
+      ..a1555e64
-    <o..ecb7cdae
+    <o..f29650b5
-    <f..8b69f248
+    <f..fb715934
-      ..85f3c002
+      ..0cabbdde
-    <e..276b0cb4
-      ..9201c0d5
-      ..36002cf1
-      ..771cfb2c
-      ..d93b843e
-      ..79d52261
-    </..864a2951
-      ..8a087a9a
-      ..6b91ba99
+      ..f0ad4733
+      ..c4c6642d
+    <e..b3f20faa
+      ..61fe0ca2
+      ..bfa5af9a
+      ..a3427ccf
+      ..5e2bb753
+      ..2725922e
+    </..dd068e61
-      ..cc6d88fa
-      ..5b0842b1
+      ..5c103cfb
+      ..82392057
-      ..de5b88c7
-      ..1a5cacbf
+      ..0e8c3be1
+      ..0a25404a
-    UI..8e21733b
+    UI..f28bd766
+//    ..e8a334af
+..9276c1b6
+//    ..1b2712e5