+..118103a4
+..118103a4
+# .git..733055c4
+# base..1346c7b9
+..118103a4
+# Xcod..d08220a8
+#..246714b1
+build/..7ea1d488
+*.pbxu..7adcf562
+!defau..49913061
+*.mode..bfe9fb66
+!defau..c5a8ef0b
+*.mode..d7c98dba
+!defau..9bcf7144
+*.pers..db649468
+!defau..46af08b3
+xcuser..bf3a6723
+*.xcch..80676164
+*.move..5104f40c
+Derive..08d3b91b
+*.hmap..a0b6a5f1
+*.ipa..1a690f3c
+..118103a4
+# Coco..8434669e
+#..246714b1
+# We r..698b1bf4
+# you ..7ad42f55
+# http..fedb6403
+#..246714b1
+# Pods..76003c28
+..118103a4
+# Addi..91362162
+.idea/..fac4fda7
+.DS_St..6cb70286