-      ..a4462633
+..4c1dabfe
+    <C..17ac374c
+      ..64fdd462
+      ..793583ab
+..4c1dabfe
-using ..ac77e9b9
+      ..55431c06
+      ..5cf70bc3
+      ..2cb7a6db
+      ..98e8c654
+..4c1dabfe
-      ..b0fdbaf2
+      ..999a1506
-      ..e07a9206
+      ..0c6b1c0c
+      ..fdd5334e
+      ..2cf1907b
+      ..32483175
+      ..10bd4b81
+      ..26080363
+      ..0e0ff91f
+      ..b755b7ea
+      ..d5932b53
+      ..06854087
+..4c1dabfe
+      ..549b3baf
-      ..e7be7a50
+      ..f76901cb
+      ..95bb7d08
+      ..2a9e539b
+      ..fdd5334e
+      ..930622da
+      ..20c36789
+      ..5f001b19
+      ..a8efb8f7
+      ..a667a9d3
+..4c1dabfe
+      ..c3c68aec
+using ..d60eb7c3
-      ..9e475edf
+      ..571e3604
-      ..600181a3
+      ..854b0602
+      ..256f0f24
+      ..5cf70bc3
+      ..d053ad96
+      ..7f5d1b52
+      ..95bb7d08
+      ..53365f27
+      ..fdd5334e
+      ..ebc20054
+      ..88ff79e1
+      ..400da61f
+      ..c53cdcaf
+      ..a667a9d3
+      ..48101ad8
+      ..98e8c654
+..4c1dabfe
-      ..398777c8
-      ..ca0f3657
+      ..7179c189
+      ..ab662c4b
-      ..9d3580e2
+      ..784beced
-      ..c85515f6
+      ..5b866edb
--- /de..86bbef75
+﻿usi..5ecb3582
+..4c1dabfe
+namesp..3a805309
+{..f80d2804
+    pu..a12f8665
+    {..27d3678c
+      ..d95d7e9b
+..4c1dabfe
+      ..9a7f9763
+      ..8cbebe73
+      ..78eeb727
+      ..c183385c
+      ..f31eef51
+..4c1dabfe
+      ..80ac6bfb
+..4c1dabfe
+      ..2c32b61c
+..4c1dabfe
+      ..ff45d2d1
+      ..5cf70bc3
+      ..21a31f96
+      ..4ccfde51
+      ..06190347
+      ..867dcc90
+      ..52d4b753
+..4c1dabfe
+      ..98e8c654
+..4c1dabfe
+      ..80ac6bfb
+    }..9fefab64
+}..f3665d00
-      ..e1cf06ce
-      ..9987f761
+      ..85524376
-      ..98aa537d
+      ..46b479ac
-      ..499a6486
-      ..715533ba
-      ..740d990b
+      ..9d4c7c3a
+      ..4802d336
+      ..7aca26c8
+      ..3c86ff7c
+      ..b4d96265
-      ..5ceae5ae
-      ..7eadb7a3
-      ..bfd593fd
-      ..0db3ac8d
-      ..53cdbace
+      ..9c1bba5a
-      ..7bc5032a
-      ..db3ec792
-      ..e806e36b
-      ..9c9475d8
-..45c067ed
-      ..bc581eff
+      ..24976094
+      ..b0b9f7c6
+      ..fc94bc01
+      ..06854087
+      ..6d83c59d
+      ..fdd5334e
+      ..996a8fb5
+      ..9625fee4
+      ..06854087
+      ..657441c1
+      ..85a47a21
+      ..92b9c6bb
+      ..b9060d04
+      ..f0fb9b59
+      ..8673591b
+      ..95bb7d08
+      ..95cdb6ee
+      ..a554b928
+      ..88e90afb
+      ..117a6544
+..4c1dabfe
+      ..48101ad8
-      ..73e22e7e
+      ..a71f3e2e
+      ..289fea37
-      ..f0493dc8
-      ..f32c4bda
+      ..d108672d
+      ..ae650fa4
+      ..6b49d5f2
-      ..882c5d6b
+      ..9abfb902
+..4c1dabfe
+      ..3886a229
-      ..786d596a
+      ..5859ca56
-      ..6f186248
+      ..6f1963f1
-      ..e9b8ddc2
-      ..fdb7122f
+      ..d07d40bf
-      ..cc4222f5
-      ..66e77444
-      ..bb9ea6d9
+      ..3c29e4c0
+      ..7b8b3a92
+      ..6c5b7f50
-      ..62587f65
+      ..65eeb1a5
+      ..1e84c038
-      ..554d17f6
+      ..8bfcf2cf
+      ..17f1f38a
+      ..85d23bab
+      ..c9a9f35f
+      ..1bad0c75
+      ..f6ba24dd
+      ..4589ae91
-      ..3f99c5cf
+      ..45780aae
+using ..0d197194
+      ..17ceaab8
+..4c1dabfe
-      ..34be2676
+      ..e625c1e4
-      ..87c09603
+      ..80ac6bfb
+..4c1dabfe
+      ..a488e860
+..4c1dabfe
+      ..624a40d2
-      ..9fb0e985
-      ..4a526a89
+      ..4c51706a
+      ..f3b25425
-      ..ade0e722
-      ..ed061fed
+      ..7de2fca9
+      ..5d3062a5
-      ..75f05df1
+      ..ebcc26a0
-      ..5ba6ca61
+      ..b82b2d3b
-      ..4a1338b6
+      ..a44846dc
-      ..1519618a
+      ..24747772
-      ..1f1d54a7
-      ..3c2de91a
-      ..7263bc8f
+      ..00e526bf
-      ..1267c43f
+      ..9ed261bd
-      ..625a8a5c
+      ..df2d93c8
-﻿usi..d060cb1c
+﻿usi..ffe6066b
+using ..0d197194
-      ..6c2b0397
+      ..a7595a54
+..4c1dabfe
+      ..b108cd99
-﻿usi..12f22f56
+﻿usi..f302754c
+using ..d6c05eaf
-      ..ceb1e99e
-      ..382a877a
+      ..c6b5493e
+using ..0d197194
+using ..d6c05eaf
-      ..fa77656c
+      ..0ad5408f
-      ..b340d0c0
+      ..0f644b48
+..4c1dabfe
+      ..11a9fdf6