+    <C..4cc70ab4
+using ..a7e704c6
-      ..720cf6a9
-      ..1ffb4de0
-      ..bf41f52c
+#if !D..f2e25703
+#endif..2f963e14
+      ..c5b2680a
+      ..e13cd0ea
+      ..9630bdb3
+      ..e47f8a9a
+      ..a43e0ddb
+      ..85de19ef
+      ..d5e56cef
+      ..ae763991
+..5a251360
+      ..ff76158e
+      ..e13cd0ea
+      ..53f550e5
+      ..ae763991
+..5a251360
-      ..151bca8a
-      ..17695245
-      ..b5bdcae4
-..662111a7
+      ..588fe5bc
+      ..59f20387
+..5a251360
-      ..169b315b
+      ..14bd351a
+      ..ae9b4c67
+..5a251360
+      ..d182b799
+..5a251360
+      ..665e64ea
+..5a251360
-      ..c4f3abe4
+      ..e0182e32
-      ..258c88ca
+      ..f2c3449c
-      ..82eaf2f4
+      ..98d85991
-      ..078dece2
+      ..e4829f73
-      ..4ed05737
+      ..0ac0a5cc
-      ..f52a0683
+      ..140e6351
+..5a251360
-      ..5daab54b
+      ..5a2d85a4
-      ..c84f3133
+      ..c26e6cc4
-      ..078dece2
+      ..e4829f73
-      ..af5b8066
+      ..3ce68fd7
-      ..f52a0683
+      ..140e6351
-      ..41408fb0
+      ..94587f17
-      ..b0c060d8
+      ..11ac3c40
+      ..380dbca4
-      ..177567b3
+      ..028807eb
-      ..db060bba
+      ..4bbd7ddc
-      ..a3be254a
+      ..e668dc3c
-      ..c8992099
+      ..43a3def4
-      ..5b136cb9
+      ..0a4907d1
-      ..af62ad65
+      ..3674167e
--- /de..92bb560d
+﻿usi..62e845c4
+using ..b276e358
+using ..1103d710
+using ..dfc6b41b
+using ..65d71ec9
+using ..6f667a86
+using ..9aeb1268
+using ..abb57816
+using ..dd928c0d
+using ..e77e4641
+..5a251360
+namesp..95422806
+{..d50efa73
+    pu..ea967acf
+    {..5035ab84
+      ..b80d3661
+..5a251360
+      ..e0c33c8a
+      ..0d184d88
+      ..e13cd0ea
+      ..ae763991
+..5a251360
+      ..665e64ea
+..5a251360
+      ..ae9b4c67
+..5a251360
+      ..4a2dd73f
+..5a251360
+      ..ff2b9b00
+..5a251360
+      ..665e64ea
+..5a251360
+      ..83a6af85
+..5a251360
+      ..2b03c0cc
+      ..e13cd0ea
+      ..a0a51722
+      ..a73ae4c4
+..5a251360
+      ..db31a11d
+      ..b092d06d
+      ..c9236dfb
+      ..d82a0244
+      ..4ad3c5ba
+      ..d69944d7
+      ..f6e1e87d
+      ..c889ccf4
+      ..caf4aac2
+      ..1a04f6c2
+      ..30c3d349
+      ..3637abff
+      ..a66e1ad6
+      ..a73ae4c4
+      ..dbd2986a
+      ..e8b557bb
+..5a251360
+      ..896e862b
+      ..5657d8ef
+      ..ae763991
+..5a251360
+      ..665e64ea
+    }..0b8fe4ab
+}..2325e642
-      ..77ecfc4a
-      ..651bf8b3
+      ..965b4e9e
+      ..d66ff529
+      ..bca4ce3a
+      ..b0668b8e
-      ..e685a0d6
+      ..9219dd94
-      ..658aaac9
+      ..c5ed084e
-      ..86180ef3
+      ..5cd5e724
-      ..4f66d0cd
+      ..12af4058
-      ..ab5f24ed
+      ..5965d1ff
-      ..60fb4b9f
+      ..1a0aa768
-      ..74b06ba1
+      ..2ad09da4
-      ..4f66d0cd
+      ..12af4058
-      ..131b89a8
+      ..c40c9aaa
-      ..cc218a53
+      ..08441171
-      ..b897e2ff
+      ..ff438b4b
-      ..cc0624db
+      ..e25c94be
+..5a251360
+      ..5cdd05b6
+      ..ee8b9843
+      ..46ed3bce
+      ..5c40da79
+      ..e25c94be
+      ..0bc8a9cc
+      ..b4ae911a
+..5a251360
+      ..de0aeb98
+      ..d8be090c
+      ..27c52ea3
+      ..50da2cfc
+      ..8047e215
+      ..615f700b
+      ..61622295
+      ..0856453c
+      ..64508af2
+..5a251360
+      ..084358a8
+      ..c33ee708
+      ..339556c7
+      ..b4779ac0
+      ..4f0e7fa4
+      ..89bf257c
+      ..df70e88d
+      ..6014f265
-#if !_..f806ad33
-#if !_..6ce4485c
-..662111a7
-/// <s..a7e0a30a
-///Gam..c66f204c
-/// </..6462d39e
-public..c2a7c526
-..662111a7
-..662111a7
-#endif..2e1cb5b8
-..662111a7
-#endif..2e1cb5b8
-#if !_..f806ad33
-#if !_..6ce4485c
-..662111a7
-/// <s..a7e0a30a
-///{0}..de7ea00b
-/// </..6462d39e
-public..e97ec4b1
+      ..b66df8a5
+      ..d2c2e33c
+      ..44888cca
+      ..5819f11a
-#endif..2e1cb5b8
+      ..b66df8a5
+      ..62af5cd7
+      ..44888cca
+      ..64b695b2
-#endif..2e1cb5b8
-#if !_..f806ad33
-#if !_..6ce4485c
-..662111a7
-/// <s..a7e0a30a
-///Tra..6c9489dc
-/// </..6462d39e
-public..61fe44b4
-..662111a7
-..662111a7
-#endif..2e1cb5b8
-..662111a7
-#endif..2e1cb5b8
+      ..b66df8a5
+      ..8cf6278c
+      ..44888cca
+      ..0d116687
-#if !_..f806ad33
-#if !_..6ce4485c
-#endif..2e1cb5b8
-..662111a7
-#endif..2e1cb5b8
-..662111a7
-#if !_..f806ad33
-#if !_..6ce4485c
-#endif..2e1cb5b8
-..662111a7
-#endif..2e1cb5b8
-..662111a7
-#if !_..f806ad33
-#if !_..6ce4485c
-#endif..2e1cb5b8
-..662111a7
-#endif..2e1cb5b8
-..662111a7
-#if !_..f806ad33
-#if !_..6ce4485c
-#endif..2e1cb5b8
-..662111a7
-#endif..2e1cb5b8
-..662111a7
-#if !_..f806ad33
-#if !_..6ce4485c
-#endif..2e1cb5b8
-..662111a7
-#endif..2e1cb5b8
-..662111a7
-#if !_..f806ad33
-#if !_..6ce4485c
-#endif..2e1cb5b8
-..662111a7
-#endif..2e1cb5b8
-..662111a7
-#if !_..f806ad33
-#if !_..6ce4485c
-#endif..2e1cb5b8
-..662111a7
-#endif..2e1cb5b8
-..662111a7
-#if !_..f806ad33
-#if !_..6ce4485c
-#endif..2e1cb5b8
-..662111a7
-#endif..2e1cb5b8
-..662111a7
-#if !_..f806ad33
-#if !_..6ce4485c
-#endif..2e1cb5b8
-..662111a7
-#endif..2e1cb5b8
-..662111a7
-#if !_..f806ad33
-#if !_..6ce4485c
-#endif..2e1cb5b8
-..662111a7
-#endif..2e1cb5b8
-..662111a7
-#if !_..f806ad33
-#if !_..6ce4485c
-#endif..2e1cb5b8
-..662111a7
-#endif..2e1cb5b8
-..662111a7
-#if !_..f806ad33
-#if !_..6ce4485c
-#endif..2e1cb5b8
-..662111a7
-#endif..2e1cb5b8
-..662111a7
-#if !_..f806ad33
-#if !_..6ce4485c
-#endif..2e1cb5b8
-..662111a7
-#endif..2e1cb5b8
-..662111a7
-#if !_..f806ad33
-#if !_..6ce4485c
-#endif..2e1cb5b8
-..662111a7
-#endif..2e1cb5b8
-..662111a7
-#if !_..f806ad33
-#if !_..6ce4485c
-#endif..2e1cb5b8
-..662111a7
-#endif..2e1cb5b8
-..662111a7
-#if !_..f806ad33
-#if !_..6ce4485c
-#endif..2e1cb5b8
-..662111a7
-#endif..2e1cb5b8
-..662111a7
-#if !_..f806ad33
-#if !_..6ce4485c
-#endif..2e1cb5b8
-..662111a7
-#endif..2e1cb5b8
-..662111a7
-#if !_..f806ad33
-#if !_..6ce4485c
-#endif..2e1cb5b8
-..662111a7
-#endif..2e1cb5b8
-..662111a7
-#if !_..f806ad33
-#if !_..6ce4485c
-#endif..2e1cb5b8
-..662111a7
-#endif..2e1cb5b8
-..662111a7
-﻿usi..3721ebee
+﻿usi..62e845c4
+using ..b276e358
+using ..dfc6b41b
+using ..9aeb1268
+using ..abb57816
+using ..53552376
+      ..466bace6
+      ..29fa0bc3
-      ..adff75f5
+      ..b1b7a722
+      ..e13cd0ea
+      ..249c6205
+      ..c942b969
+      ..7cde2f6c
+      ..583574f0
+      ..296f43d1
+      ..78a34745
+      ..ae763991
+      ..a4ed3a16
+..5a251360
+      ..9c40ba7d
+..5a251360
+      ..a973cce3
+..5a251360
-      ..b3dfb59d
+      ..0910305e
-      ..eed3fc06
+      ..a701d2c1
+      ..98ba79bd
+      ..9973d68e
+      ..273209c5
+..5a251360
+..5a251360
+      ..aec0d719
+      ..053c6350
+      ..98ba79bd
+..5a251360
+      ..9ca655aa
+      ..586edc06
+      ..98ba79bd
+..5a251360
+      ..9f3c1123
+      ..fe4d1488
+      ..3cc823d5
+      ..b73bebdb
+      ..e13cd0ea
+      ..0dd2e01d
+      ..c942b969
+      ..dfabc324
+      ..2c4c59e3
+      ..f691fb80
+      ..78a34745
+      ..aec0d719
+      ..06ecffaa
+      ..c942b969
+      ..1f75d5fe
+      ..c1585c09
+      ..78a34745
+      ..b4361cd3
+      ..c942b969
+      ..2c4c59e3
+      ..dfabc324
+      ..78a34745
+      ..ae763991
+..5a251360
+      ..fe4d1488
+      ..ae763991
+..5a251360
+      ..bdfff84a
+      ..e13cd0ea
+      ..12542946
+      ..fe4d1488
+      ..fe4d1488
-      ..be1172af
+      ..756236e1
-      ..45780f2f
+      ..b4999876
-      ..92018cec
+      ..433ec2c3