-	publi..c0c088ae
-	{..9afdb308
-		priv..ec0b99c0
-		priv..18e9e879
-		priv..b47bec50
-		priv..0b5e1f64
+    pu..3f13aae6
+    {..1d73c826
+      ..17d31ea9
+      ..d74fb385
+      ..394d24fb
+      ..5ebe41ec
-		publ..34b0a595
-		{..8a7b64ad
-			get..14f7d7f9
-			set..d403acc9
-			{..e43556b8
-				_e..75734b71
-				if..ba1cf99a
-				{..a75de2af
-					i..ff18a1a4
-						..8e75fd4f
-					_..c490c987
-					i..b868781b
-						..42d7c7ec
-					e..08297992
-						..20289b84
-				}..988276fe
-				el..571b0e08
-				{..a75de2af
-					v..161513ea
-					_..58e6b4b0
-					i..b868781b
-						..40aa1728
-					e..08297992
-						..0b35b360
-				}..988276fe
-			}..64ebd1f5
-		}..2cf244c9
+      ..9109b625
+      ..b6d5bc01
+      ..c82d6291
+      ..23254b6b
+      ..579759f4
+      ..2e0fc152
+      ..790b845d
+      ..49332638
+      ..72620cbc
+      ..d4ab6b8b
+      ..8a0d45e2
+      ..4f5dd6ce
+      ..a2c584f8
+      ..fe61b72e
+      ..523cafac
+      ..211037ec
+      ..49c3d423
+      ..49332638
+      ..f570fe31
+      ..61649826
+      ..4f5dd6ce
+      ..a8fe7cf3
+      ..fe61b72e
+      ..002b9caf
+      ..211037ec
+      ..97eb8562
+      ..604837ad
-		publ..1b42d066
-		{..8a7b64ad
-			get..e0d33170
-			set..d403acc9
-			{..e43556b8
-				_i..443dcb59
-				if..8796b18c
-					N..68d96c62
-				el..b9dcbd37
-					N..2c79d095
-			}..64ebd1f5
-		}..2cf244c9
+      ..14873316
+      ..b6d5bc01
+      ..0d752a4e
+      ..23254b6b
+      ..579759f4
+      ..51ddcdc7
+      ..a4256e1d
+      ..cb5730c1
+      ..942d953f
+      ..b8d0bd32
+      ..97eb8562
+      ..604837ad
-		publ..01cbfa56
-		{..8a7b64ad
-			get..685fbf30
-			set..d403acc9
-			{..e43556b8
-				if..8796b18c
-				{..a75de2af
-					i..5883f560
-						..8e75fd4f
-					_..60c1c36e
-					i..4579144d
-						..2af22165
-					e..08297992
-						..e234fa7c
-				}..988276fe
-				el..21110d41
-				{..a75de2af
-					v..666f42f3
-					_..628c2c68
-					i..4579144d
-						..40aa1728
-					e..08297992
-						..0b35b360
-				}..988276fe
-			}..64ebd1f5
-		}..2cf244c9
+      ..3d6d3a1c
+      ..b6d5bc01
+      ..a8851f00
+      ..23254b6b
+      ..579759f4
+      ..a4256e1d
+      ..49332638
+      ..d3390321
+      ..d4ab6b8b
+      ..3c600760
+      ..f952e1fe
+      ..4057ef53
+      ..fe61b72e
+      ..5d2dbd6a
+      ..211037ec
+      ..e2955ed8
+      ..49332638
+      ..83ee28f4
+      ..e954e73b
+      ..f952e1fe
+      ..a8fe7cf3
+      ..fe61b72e
+      ..002b9caf
+      ..211037ec
+      ..97eb8562
+      ..604837ad
-		publ..7d221434
-		{..8a7b64ad
-			get..16ffd7c4
-			{..e43556b8
-				va..cfc894a7
-				if..7fb046b1
-					+..f57f7d64
-				if..0a73869f
-					+..f57f7d64
-				re..f4f02122
-			}..64ebd1f5
-		}..2cf244c9
+      ..d5f4b02f
+      ..b6d5bc01
+      ..961609bd
+      ..579759f4
+      ..a9965879
+      ..16448411
+      ..a1168db5
+      ..3bca1dcb
+      ..a1168db5
+      ..0c9dfd87
+      ..97eb8562
+      ..604837ad
-		publ..91553c0b
-		{..8a7b64ad
-			try..2b74371a
-			{..e43556b8
-				if..3aa6f6ff
-					r..3f77f9ee
-				if..6a96fc71
-					r..3f77f9ee
-				if..34ff2226
-					r..3f77f9ee
-				re..b380a136
-			}..64ebd1f5
-			cat..875f817a
-			{..e43556b8
-				re..e8959836
-			}..64ebd1f5
-		}..2cf244c9
+      ..9db6d29c
+      ..b6d5bc01
+      ..6d7c21c5
+      ..579759f4
+      ..6b7f7c81
+      ..e4e8839a
+      ..29b2a916
+      ..e4e8839a
+      ..c078b98c
+      ..e4e8839a
+      ..f9b1d7af
+      ..97eb8562
+      ..3d9938ee
+      ..579759f4
+      ..36fe6eba
+      ..97eb8562
+      ..604837ad
-		publ..d6c164f5
-		{..8a7b64ad
-			try..2b74371a
-			{..e43556b8
-				if..3aa6f6ff
-					r..e0be5e2d
-				if..6a96fc71
-					r..e0be5e2d
-				if..34ff2226
-					r..47ae0053
-				re..6234d890
-			}..64ebd1f5
-			cat..875f817a
-			{..e43556b8
-				re..b4b25a79
-			}..64ebd1f5
-		}..2cf244c9
+      ..b225cdf7
+      ..b6d5bc01
+      ..6d7c21c5
+      ..579759f4
+      ..6b7f7c81
+      ..82f6c550
+      ..29b2a916
+      ..82f6c550
+      ..c078b98c
+      ..099c239d
+      ..c1535126
+      ..97eb8562
+      ..3d9938ee
+      ..579759f4
+      ..41719bc5
+      ..97eb8562
+      ..604837ad
-		publ..c91a0008
-		{..8a7b64ad
-			if ..b27f1ac5
-			{..e43556b8
-				if..382958da
-					r..626d7a0b
-				--..43354566
-			}..64ebd1f5
-			if ..2d87988e
-			{..e43556b8
-				if..6a96fc71
-					r..626d7a0b
-				if..34ff2226
-					r..353bb1c1
-				if..b96d539d
-					-..8e56bd7b
-			}..64ebd1f5
-			ret..127adaef
-		}..2cf244c9
+      ..f183756b
+      ..b6d5bc01
+      ..ad5a6b6d
+      ..579759f4
+      ..09f39cc0
+      ..da22c1ad
+      ..3e4cd2c1
+      ..97eb8562
+      ..7447fb3e
+      ..579759f4
+      ..29b2a916
+      ..da22c1ad
+      ..c078b98c
+      ..98fc2df9
+      ..ff79f23e
+      ..0a32139d
+      ..97eb8562
+      ..1f1ba5e7
+      ..604837ad
-		publ..38bcb578
-		{..8a7b64ad
-			var..765b8fd6
-			if ..96c06fe4
-			{..e43556b8
-				if..f3351720
-					b..d7a30a0b
-			}..64ebd1f5
-			els..45096314
-				an..06cc0854
-		}..2cf244c9
+      ..6240fb23
+      ..b6d5bc01
+      ..9d1595e7
+      ..efb7383c
+      ..579759f4
+      ..d601e40c
+      ..f228aebf
+      ..97eb8562
+      ..2b8806f5
+      ..138d0bb3
+      ..604837ad
-		publ..87c643f7
-		{..8a7b64ad
-			if ..b9e89c0a
-				re..62261940
-			if ..1de538c6
-			{..e43556b8
-				va..b0e87324
-				re..64392735
-			}..64ebd1f5
-			var..e671f69a
-			if ..d070289a
-				ho..0214296f
-			els..45096314
-			{..e43556b8
-				st..b92b9320
-				Re..9d3269a5
-				if..05233310
-				{..a75de2af
-					v..3710e404
-					v..97869086
-				}..988276fe
-			}..64ebd1f5
-			ret..e56dcfc2
-		}..2cf244c9
+      ..57399fec
+      ..b6d5bc01
+      ..bde9dc0b
+      ..13c01918
+      ..80948e0d
+      ..579759f4
+      ..153db6db
+      ..2962aee0
+      ..97eb8562
+      ..9abfbe3f
+      ..11cf3e02
+      ..f0113b46
+      ..2b8806f5
+      ..579759f4
+      ..526cfd01
+      ..0a5b19ec
+      ..e5085947
+      ..49332638
+      ..e4e6b83f
+      ..bf8fef22
+      ..211037ec
+      ..97eb8562
+      ..e5240a55
+      ..604837ad
-		publ..4b7ae680
-		{..8a7b64ad
-			var..765b8fd6
-			if ..96c06fe4
-				ba..9d2f24d6
-			els..45096314
-				an..308c4a1f
-		}..2cf244c9
+      ..66954611
+      ..b6d5bc01
+      ..9d1595e7
+      ..efb7383c
+      ..3e032e00
+      ..2b8806f5
+      ..02d1bc27
+      ..604837ad
+..a6135355
+      ..8b0e063d
+      ..b6d5bc01
+      ..805fe341
+      ..40456400
+      ..604837ad
-		priv..26e9f113
-		{..8a7b64ad
-			pub..e2355256
-			{..e43556b8
-			}..64ebd1f5
+      ..bcfe0904
+      ..b6d5bc01
+      ..67f5140f
+      ..579759f4
+      ..97eb8562
-			pub..9426238e
-			{..e43556b8
-			}..64ebd1f5
-		}..2cf244c9
+      ..0ba56d0f
+      ..579759f4
+      ..97eb8562
+      ..604837ad
-		priv..77f91314
-		{..8a7b64ad
-			pri..277b74c9
-			pri..2813fd7c
-			pri..c7a31806
+      ..cec1cead
+      ..b6d5bc01
+      ..f004db96
+      ..d5781a7d
+      ..21e44cf4
-			pri..9f51d720
-			{..e43556b8
-			}..64ebd1f5
+      ..cf10e326
+      ..579759f4
+      ..97eb8562
-			pub..42f0e418
-			{..e43556b8
-				_c..919d86b3
-				_c..695eeb74
-				_r..11015bd0
-			}..64ebd1f5
+      ..af9b5eb0
+      ..579759f4
+      ..630ac1a9
+      ..88989c81
+      ..64ac273b
+      ..97eb8562
-			pub..0040a8ea
-			{..e43556b8
-				va..8a485c6f
-				if..7f53398c
-					_..3c34642f
-				if..ec744d94
-				{..a75de2af
-					_..f8a38fe3
-					_..3940fd39
-				}..988276fe
-			}..64ebd1f5
+      ..ccb07140
+      ..579759f4
+      ..b61b4bac
+      ..e3016540
+      ..d97cd908
+      ..d360ac64
+      ..49332638
+      ..88123c16
+      ..fc1f9015
+      ..211037ec
+      ..97eb8562
-			pub..af74146c
-			{..e43556b8
-				if..ec744d94
-					_..1da68b39
-			}..64ebd1f5
-		}..2cf244c9
-	}..dc925534
+      ..de839552
+      ..579759f4
+      ..d360ac64
+      ..90079dac
+      ..97eb8562
+      ..604837ad
+    }..6cafbfa3