+..a05a3637
+	<!--A..5ec4e8d9
+	<scri..279da49d
+		(fun..212225f4
+			var..6bbf55f7
+				t ..2ed7a49f
+					_..2fa01c2e
+						..504617ac
+					}..65f16c2f
+				},..f5042610
+				p ..d2945945
+				j ..94da8ee6
+			if ..9c3a27f3
+			if ..3e4fb9ae
+			z =..097b7dc0
+				va..8a9049e8
+				e...0aba4f21
+				e...2f6cfdce
+				e...2391575b
+				l...d700bfe2
+			};..25e06d04
+			y =..32efbeff
+				z(..3368e610
+			};..25e06d04
+			if ..aef3f473
+				wi..4a164cb5
+			} e..55d6986e
+				wi..1f62ab37
+			}..5b5686c3
+		})({..3b0c8ece
+	</scr..1326d2ec
+..a05a3637