-public..088c9be5
+public..e45f9143
+    pu..8c2ad405
+      ..a5b1e0a2
+    }..a92ca79d
+..be5ebba3
+    @O..d7b237e1
+    pu..6d8a3975
+      ..a5b1e0a2
+    }..a92ca79d
+..be5ebba3
+    @O..d7b237e1
+    pu..f9456be6
+      ..a5b1e0a2
+    }..a92ca79d
+..be5ebba3
+    @O..d7b237e1
+      ..e5b765dc
-class ..96716712
+final ..9143c6f9
-public..a5285261
+public..90f35229
-public..b872cde0
+public..ce9c3818
-class ..4ec59379
+final ..03d0eb6b
+      ..e5b765dc
+      ..77a89920
+      ..ee7d2912
+      ..e1e9f93a
-public..34a8ab27
+public..ef06ba3f
-public..ef0c62ff
+public..bd25a8c8
+      ..e5b765dc
+    pu..8c2ad405
+      ..a5b1e0a2
+    }..a92ca79d
+..be5ebba3
+    @O..d7b237e1
+    pu..6d8a3975
+      ..a5b1e0a2
+    }..a92ca79d
+..be5ebba3
+    @O..d7b237e1
+    pu..f9456be6
+      ..a5b1e0a2
+    }..a92ca79d
+..be5ebba3
+    @O..d7b237e1
-public..d83407e5
+public..25564aaa
-    <C..bc7d1797
+++ /de..11916c69
-﻿usi..3b90a6a8
-using ..5722c116
-using ..d1e01dbd
-using ..72238cfa
-using ..12912e77
-using ..ff81662f
-using ..60cab5f5
-using ..2cb05acb
-using ..37a77e03
-..a77d6fd2
-namesp..7ec7c175
-{..1cd2522b
-    pu..4e2a3f20
-    {..e44e148c
-      ..8b6423ad
-..a77d6fd2
-      ..1bc54267
-      ..9ae032fb
-      ..8ba9e3ba
-..a77d6fd2
-      ..38ac355c
-..a77d6fd2
-      ..69f92c56
-..a77d6fd2
-      ..a95e79d9
-      ..77397bab
-      ..9452f5d6
-..a77d6fd2
-      ..38ac355c
-..a77d6fd2
-      ..71e32f9b
-..a77d6fd2
-      ..6d2b4aa6
-      ..77397bab
-      ..fc34e210
-      ..90e2e045
-      ..58b1ac7d
-      ..d97124b0
-      ..9452f5d6
-..a77d6fd2
-      ..dfdaa860
-      ..77397bab
-      ..3687cf9b
-      ..c7606818
-      ..7ccb9004
-      ..9452f5d6
-..a77d6fd2
-      ..b566a3f8
-      ..77397bab
-      ..9452f5d6
-..a77d6fd2
-      ..cb31bdf1
-      ..77397bab
-      ..3687cf9b
-      ..60cc66dc
-      ..bbb4df9a
-      ..9452f5d6
-..a77d6fd2
-      ..38ac355c
-    }..57e65388
-}..6f7f4c86
-      ..902248f3
+      ..453d2f41
+      ..bca2de65
+      ..99edeabd
+      ..c3f31e4b
+      ..8f16756e
+      ..b7c2fe73
+      ..6cf7d963
+..be5ebba3
-      ..e5a0a69d
+      ..b7c2fe73
-      ..902248f3
+      ..453d2f41
+      ..b4f94670
+      ..80486569
+      ..c3f31e4b
+      ..33d20678
+      ..b7c2fe73
+      ..6cf7d963
+..be5ebba3
-      ..e5a0a69d
+      ..b7c2fe73