-      ..b915201f
+      ..69d5122e
+      ..25481805
+      ..0cff2b95
+      ..63e6e6f6
+      ..6310c23f
+..1a7d9018
+      ..b4ab6fa0
+      ..0cff2b95
+      ..c8391883
+      ..6310c23f
+..1a7d9018
-..2cb2325d
-//    ..7a2563ee
-//    ..b9bc6b97
-//    ..b85c1fbe
-//    ..bbe9a824
-//    ..1a326693
-//    ..aad6a8f7
-//    ..08104cfb
-//    ..5e28aa2c
-//    ..2ebd2f01
+      ..32fba8ec
+      ..0cff2b95
+      ..c46cecb3
+      ..6310c23f
+..1a7d9018
+      ..5a1f73e6
+      ..0cff2b95
+      ..a6cc9811
+      ..4f7489bf
+      ..03f3411e
+      ..6310c23f
+..1a7d9018
+      ..baeebea6
+      ..67f7a4a1
-      ..11a48f0d
+      ..ca7f6cd3
+      ..4138f90b
+      ..f916a33d
+      ..72b50636
+      ..c6f6ee31
+      ..339afc20
+      ..6debe330
+      ..59c1d8b3
+      ..ec1b0837
+      ..6df0b974
-      ..d5dcb209
+      ..aed9d729
-      ..25dede2a
-      ..b72ca78b
-..2cb2325d
+      ..ee64e034
+..1a7d9018
+..1a7d9018
+      ..c4e45fc4
-      ..14b4bfc1
+      ..2aa05f56
+      ..8018320c
-      ..9be62642
+      ..d6db3c2e