-	publi..30f063dc
-		retu..08477f6d
-	}..b8911b78
-..4bb529bd
-	publi..37e194ba
-		$ite..58a0b908
-			'co..601e86c7
-			'li..9c55b0ed
-			'of..7cb7a2a2
-			'or..e2d582fd
-			'me..ac606e63
-		]);..0cc73df9
-..4bb529bd
-		retu..bf11bbcd
-	}..b8911b78
-..4bb529bd
-	publi..1ac31825
-		$res..71718c0f
-			'co..601e86c7
-			'it..60949a5c
-			'li..9c55b0ed
-			'fr..8250b6ef
-			'fr..bc356dd8
-			'or..e2d582fd
-		]);..0cc73df9
-..4bb529bd
-		Util..f7dc9474
-			'bl..3df4a6a7
-			'in..f0345ae6
-		]);..0cc73df9
-..4bb529bd
-		fore..fccf91e0
-			for..d736e6a0
-				if..1d6c19c7
-					$..1deda229
-				} ..9b80d4f0
-					$..52cfcafa
-				} ..78fcdc38
-					$..c79a24dd
-				}..f2fab5b0
-			}..cca62327
-		}..b594b405
-..4bb529bd
-		retu..86109f01
-	}..b8911b78
-..4bb529bd
-	publi..2b1f821f
-		retu..6927808e
-			'fr..dab30f05
-			'to..6fc47601
-			'va..fc70a9d0
-			'it..60949a5c
-		]);..0cc73df9
-	}..b8911b78
-..4bb529bd
-	publi..23d68654
-		retu..e61ec36b
-			'ad..6cb0fc84
-		]);..0cc73df9
-	}..b8911b78
-..4bb529bd
-	publi..fbb0a86b
-		$ite..360d7cae
-			'co..601e86c7
-			'ad..6cb0fc84
-			'me..7f5e48e7
-		]);..0cc73df9
-..4bb529bd
-		if (..071a4f0b
-			$me..80190cde
-			if ..d22bd8ad
-				$m..1dc891ad
-				$m..ff31b141
-				$m..9ddaaefc
-			} e..4ee26fe4
-				$m..9ddaaefc
-			}..cca62327
-..4bb529bd
-			$it..27e204ad
-		}..b594b405
-..4bb529bd
-		retu..cfa392c2
-	}..b8911b78
-..4bb529bd
--- /de..fff2843a
+<?php..06660620
+namesp..6f13dc3e
+..4294b4c0
+use Wa..9607d700
+use Wa..4fdc339f
+..4294b4c0
+class ..c5504dbf
+..4294b4c0
+	publi..4173cc2f
+		retu..ffb26fe2
+	}..d5ee2459
+..4294b4c0
+	publi..0c2e1e62
+		$ite..508c38b6
+			'co..c8794531
+			'li..e13ec709
+			'of..1a698b8a
+			'or..a9d7661d
+			'me..a9a226cd
+		]);..7ed91ef6
+..4294b4c0
+		retu..90133034
+	}..d5ee2459
+..4294b4c0
+	publi..7bf7a3c4
+		$res..267ed35d
+			'co..c8794531
+			'it..bd6efe4c
+			'li..e13ec709
+			'fr..bdb6774a
+			'fr..9d089625
+			'or..a9d7661d
+		]);..7ed91ef6
+..4294b4c0
+		Util..55a2b9e6
+			'bl..53b66ccb
+			'in..60244bb4
+		]);..7ed91ef6
+..4294b4c0
+		fore..2978f791
+			for..45ccf08b
+				if..3b783b1a
+					$..99b830d6
+				} ..3540f80b
+					$..7e823635
+				} ..818c7d3b
+					$..4564abfc
+				}..0e1498f2
+			}..45c383d6
+		}..cff9d2af
+..4294b4c0
+		retu..4887fcef
+	}..d5ee2459
+..4294b4c0
+	publi..b4e8b88f
+		retu..3cc32432
+			'fr..7f46d321
+			'to..c7a3c7ef
+			'va..1beae29d
+			'it..bd6efe4c
+			'co..c8794531
+		]);..7ed91ef6
+	}..d5ee2459
+..4294b4c0
+	publi..6019c082
+		retu..69274707
+			'ad..813d5e0b
+		]);..7ed91ef6
+	}..d5ee2459
+..4294b4c0
+	publi..8a4b3a8f
+		$ite..ae3b9469
+			'co..c8794531
+			'ad..813d5e0b
+			'me..c63140e3
+		]);..7ed91ef6
+..4294b4c0
+		if (..80869ea8
+			$me..40ca9dbb
+			if ..05924d42
+				$m..a4e713a2
+				$m..8a1c5a98
+				$m..fa3c361f
+			} e..876e3de6
+				$m..fa3c361f
+			}..45c383d6
+..4294b4c0
+			$it..276376d8
+		}..cff9d2af
+..4294b4c0
+		retu..19a89347
+	}..d5ee2459
+..4294b4c0
+}..289644bb