-			if ..6c1b6df7
+			if ..437b6728
-      ..ce7a5671
-      ..c3214c32
+      ..ce05fdb3
+      ..759b4f3c
+      ..0eaee3af
--- /de..0031a375
+-----B..fd5db7aa
+MIIDoz..138ee130
+MQswCQ..1c2d195e
+clRydX..979bf67e
+MTAxND..53135ea2
+BAgTAk..c3969597
+YXJlLC..37cf8d29
+ByqGSM..8f0aab14
+x07dZP..2045399f
+BgNVHR..bfcef36f
+MCYwJA..80afea96
+MzAxMC..e348f443
+LmNybD..f16182dd
+d3cuZG..cc14bd24
+E8YwHw..80dc28f1
+BQADgg..b1e39b62
+DgEkF/..0639b09c
+vV1IO1..9aece5b8
+xszByO..b044c539
+qSi+NI..efc310e6
+jD4m5a..53d873ab
+-----E..c0890d3b
+    <A..5c27f780
-    <A..11c270ae
+    <A..67e53ba4
+      ..020ab05f
+    </..b73c34a4
+      ..314cfb1e
+      ..ff03bb56
+      ..b0aa4e99
+      ..c65ec582
+      ..dd83942c
+..4c91426a
-      ..8705f1fd
+      ..b824fe44
-      ..1f9f28dc
+      ..057ec191
-			// ..9d035b28
-			pub..2ed87197
-..c0ddf150
-			// ..a4a21c8a
-			pub..922d8f44
-..c0ddf150
-			pub..cb4eefc3
+			pub..06ece2f2
-			pub..2faaaf3d
+			pub..cbe3998f
-			pub..928f582e
+			pub..aea85d66
-			pub..c109a10d
+			pub..edb498cf
-			pub..6454d43a
-..c0ddf150
-			// ..791a234a
-			pub..f4b5b8d8
+			pub..6ccb3a3a
-			pub..b39eb472
+			pub..71cf27ad
-			pub..bb870e00
+			pub..7a413850
+..4c91426a
+			// ..696784ce
+			pub..c7a5324e
-			pub..e30cad0c
+			pub..71c73ef3
-			pub..123d2dae
+			pub..d7f7d67a
-			pub..18b6ed86
+			pub..541489d2
+..4c91426a
+			// ..25ff0da6
+			pub..c3a45984
+..4c91426a
+			// ..ed9d622e
+			pub..2000cd87
-			// ..e59e06b4
-			pub..036507b3
-..c0ddf150
-			// ..9cd54136
-			pub..f5458520
-..c0ddf150
-			pub..9e262afd
+			pub..55d110f2
-			pub..9485e75e
+			pub..d555d3a3
-			pub..35f294db
+			pub..aa1513c5
-			pub..fcd237f7
+			pub..f85f5dd7
-			pub..21a1696b
+			pub..cb2e221c
-			pub..a2ef1551
+			pub..8dfea90f
+..4c91426a
+			// ..b6cf5451
+			pub..e12ff8fc
+..4c91426a
+			// ..e934b12f
+			pub..e1ee98d5
+			// ..f5081e79
+			pub..72510430
+..4c91426a
+			// ..1e3127ac
+			pub..8b9f9d2c
+..4c91426a
-			// ..65bb272c
-			pub..04a81f23
+			// ..9107cbd5
+			pub..3f4a7fd7
-			// ..3f0d20c6
-			pub..7b6afff1
+			// ..913774ab
+			pub..56ae9be0
-			// ..3e1814a4
-			pub..068ef91a
+			// ..eccc1653
+			pub..08357396
-			// ..5602626c
-			pub..a2226664
+			// ..a1d09806
+			pub..5854c79a
-			// ..db98b39c
-			pub..90554dc9
+			// ..96910056
+			pub..770dcd66
-			// ..2c84de3f
-			pub..0b79ddb7
+			// ..0c5ad442
+			pub..47f9aa2c
-			// ..37d2c37f
-			pub..8f60c1ff
+			// ..a100df0e
+			pub..2c3ae0c1
-			// ..4a8af261
-			pub..c7c03a32
+			// ..ba1a3e70
+			pub..0b83f5f9
-			// ..daf9637a
-			pub..9d9407ff
+			// ..96ff99f3
+			pub..e2c33eb1
-			// ..732a26a1
-			pub..17063fbc
+			// ..243e5af7
+			pub..8d430e43
-			// ..1fcfa31c
-			pub..e8f867f0
+			// ..f46006b5
+			pub..8806cb19
-			// ..c2b21557
-			pub..9be6ab51
+			// ..fa092ab3
+			pub..4149672f
-			// ..86481a0c
-			pub..86abceb8
+			// ..e48d851b
+			pub..22cd41a5
-			// ..dd437a67
-			pub..03cd7ce2
+			// ..566c37ee
+			pub..9dcf49c2
-			// ..3d5c0e41
-			pub..9dbc9443
+			// ..e67d65f6
+			pub..9b7ad2c2
-			// ..e4a67a60
-			pub..454e4628
+			// ..c97b1c14
+			pub..2d008789
-			// ..8d930615
-			pub..1a4cd41d
+			// ..172439a4
+			pub..7c6e3cdf
-			// ..e83bd701
-			pub..0950905d
+			// ..1ff399c2
+			pub..8f2f5f40
-			// ..d83876e5
-			pub..4ffec1f4
+			// ..c7a1dd1a
+			pub..52c0743b
-			// ..38390dd5
-			pub..1b14717a
+			// ..5cf55c64
+			pub..cc7c4b6f
-			// ..6b37de43
-			pub..f4f503a8
+			// ..20865e7a
+			pub..68f7b035
-			// ..8c2171dc
-			pub..f4bbc405
+			// ..abc51c88
+			pub..fd734ae6
-			// ..dd367634
-			pub..06fe1ff7
+			// ..93f37681
+			pub..be2cb7a7
-			// ..7da9b27c
-			pub..a9bc71f3
+			// ..950e51c7
+			pub..923dbb80
-			// ..845e582c
-			pub..47573715
+			// ..068bd075
+			pub..d54c8ed5
-			// ..b697b945
-			pub..dd2b15ae
+			// ..d3728d3c
+			pub..7271a210
-			// ..9a19376f
-			pub..cf462b2b
+			// ..3d6f4b13
+			pub..fe19241d
-			// ..55b82006
-			pub..8a49bbe0
+			// ..3e72d26b
+			pub..4bd3bd0e
-			// ..78abafc2
-			pub..b839c8ab
+			// ..cbfdc07f
+			pub..4401beed
+			// ..e00cf41f
+			pub..c272bcea
+..4c91426a
-			// ..62c61cc6
-			pub..b4891c3a
+			// ..eede020b
+			pub..dffd1c2c
-			// ..ff2473e9
-			pub..e71b67b2
+			// ..a37b2611
+			pub..222f3517
-			// ..77559e6c
-			pub..bc77cec2
+			// ..ab9aa235
+			pub..acbdf8b7
-			// ..3e4d1a54
-			pub..dfcbf315
+			// ..a98d0aa9
+			pub..df9e48bd
-			// ..a5af9501
-			pub..80533d83
+			// ..26cedda2
+			pub..6380703c
-			// ..8b748b9c
-			pub..2face796
+			// ..87b1f0a0
+			pub..faa14324
-			// ..dd870dc5
-			pub..8448496e
+			// ..2ea5c626
+			pub..be10050d
-			// ..87ec5049
-			pub..6aa39779
+			// ..6fa6e0c8
+			pub..a98218f1
-			// ..cbe6a822
-			pub..025a8371
+			// ..376c6e7e
+			pub..88e7ecd8
-			// ..7b7f7410
-			pub..c9b87e1f
+			// ..d9fc5c19
+			pub..fcac5cf2
-			// ..96d0ec1e
-			pub..8f2fe7fb
+			// ..a4eee82d
+			pub..e44d8fd4
+..4c91426a
+			// ..7d0f61db
+			pub..008ec911
-			pub..525f6eaa
+			pub..fb0f835f
-			pub..11d17e6e
+			pub..a0fc7fe2
-			pub..03531622
-..c0ddf150
-			// ..13f3e444
-			pub..064ee59a
+			pub..3a003cb9
-			// ..17502268
-			pub..a9cc2f40
+			// ..b34aeffc
+			pub..5a152cfc
-			// ..57d67199
-			pub..259cbdd4
+			// ..bbd9765c
+			pub..930d5aaf
-			// ..b611c753
-			pub..5032021b
+			// ..c5910a4b
+			pub..7ff47887
-			// ..65ce959a
-			pub..5f5712c3
-..c0ddf150
-			pub..21bc691e
+			pub..17367de5
-			// ..2a62de0a
-			pub..bdfe11b8
+			// ..e8353256
+			pub..53541c2d
+..4c91426a
+			// ..1f0b22e2
+			pub..ff590bb1
-			// ..2d95d2e4
-			pub..fd35b8e5
+			// ..9c8d6ace
+			pub..ae98f61d
-			// ..4fb0c5ad
-			pub..ab5de8be
+			// ..a7b82dcf
+			pub..566fc28c
-			// ..322f5643
-			pub..fd19b10d
+			// ..f04822c6
+			pub..e7e440f7
-			// ..2f5ac3f4
-			pub..b7430124
+			// ..af9cfbfe
+			pub..9ed9faab
-			// ..b8220496
-			pub..3c33dac7
+			// ..ef52367e
+			pub..e9b963ad
-			// ..6c79e994
-			pub..b78c166d
+			// ..6489d037
+			pub..70d7a7b6
-			// ..a2242b35
-			pub..3a0bedf3
+			// ..33f67c33
+			pub..7eded6d9
-			// ..e7c071b6
-			pub..67f5f701
+			// ..aea3fffc
+			pub..1bdbcb1e
-			// ..8e367bf0
-			pub..0ca41bf7
+			// ..14242abc
+			pub..b1354bd0
-			// ..50c177e7
-			pub..28d30068
+			// ..47fb038e
+			pub..165489cc
-			// ..783a2a40
-			pub..a3e03d37
+			// ..8241d4d1
+			pub..3e44bb12
-			// ..5633a4a7
-			pub..fd9e919a
+			// ..15fd9976
+			pub..0ccac078
-			// ..48039494
-			pub..5bfbf64b
+			// ..514f4af1
+			pub..229cf3ae
-			// ..fe5c1b7f
-			pub..b57ad44a
+			// ..976fbaae
+			pub..9a3f8a4c
-			// ..cf75f71a
-			pub..c9bcf8c6
+			// ..52a4fe6e
+			pub..68e3c8e3
-			// ..f3fb68d1
-			pub..19894e4b
+			// ..67ebd64b
+			pub..74479a93
-			// ..bc756e8b
-			pub..2b1d51c5
+			// ..9a8a4659
+			pub..bf8e1d2d
-			// ..25368836
-			pub..d3e727b9
+			// ..c72f442d
+			pub..29fba9f0
-			// ..05fe7209
-			pub..7f84b74a
+			// ..1651792c
+			pub..764d5e13
-			// ..0d20015f
-			pub..7b136bf9
+			// ..0dadea61
+			pub..652e41cb
-			// ..7e6dc774
-			pub..1330f3f2
+			// ..0f9c5071
+			pub..f0897c8c
-			// ..9955883b
-			pub..9ac46af6
+			// ..df8ad2c0
+			pub..370695fe
-			// ..89fd8b99
-			pub..0e1af7c3
+			// ..4e81c45a
+			pub..2c3ef982
-			// ..f3a344f2
-			pub..c7d304d4
+			// ..002aea7b
+			pub..b932b8b7
-			// ..8658cff7
-			pub..c7221d07
+			// ..9118133f
+			pub..df309b81
-			// ..777bcd1b
-			pub..58e8bb72
+			// ..b3ba63f7
+			pub..65aed3d0
-			// ..23cf3dfb
-			pub..4c931d68
+			// ..8b271bbb
+			pub..5e280b9f
-			// ..e1850157
-			pub..0d1719d9
+			// ..17df8190
+			pub..53936b23
-			// ..5b422eb7
-			pub..04625a59
+			// ..9a3918af
+			pub..0f4078bd
-			// ..25358560
-			pub..3401d937
+			// ..4521dda8
+			pub..e16b2908
-			// ..f1f03ddf
-			pub..868011da
+			// ..735eafe6
+			pub..7624bed3
-			// ..88d8e9ee
-			pub..5c11facc
-..c0ddf150
-			pub..eeb4829f
+			pub..55562b6c
+..4c91426a
+			// ..82c1e620
+			pub..a92981e5
-			// ..f3d73b07
-			pub..2ca60a60
+			// ..6e78f6e7
+			pub..6c9444de
-			// ..2d7fd3c9
-			pub..eb97058d
+			// ..209f35cc
+			pub..aaf14b72
-      ..fd5b0daa
+      ..37cd2a83
+      ..9f2956db
+..4c91426a
+      ..53e6456a
+      ..7384ef64
+      ..e423a1bc
+      ..d47e100e
+      ..1927faa8
+      ..908551cc
+      ..039fb897
+      ..278e93c2
+      ..5f92b2fb
+      ..a4bbe067
+      ..f1084706
+      ..1b97c16f
+      ..bcd0ec05
+      ..fa6ae4e7
+      ..b7b33238
+      ..d47e100e
+      ..47b1b591
+      ..2fd097c1
+      ..c12d4860
+      ..bd457932
+      ..15ef1e94
+      ..4592d0d0
+      ..036abdab
+      ..e69941ef
+      ..16814274
+      ..9be35e0e
+..4c91426a
+      ..b7b33238
+      ..d47e100e
+      ..2fd097c1
+      ..544c174b
+      ..15fa2498
+      ..d3042dea
+      ..036abdab
+      ..e38541ae
+      ..8a9829fe
+..4c91426a
+      ..bf715ddb
+..4c91426a
+      ..7959d55a
+      ..f1084706
+      ..fa6ae4e7
+      ..9194cad4
+      ..75588c45
+      ..771a6ba3
+      ..8a8563e1
+      ..ca699f2c
+      ..f99cfb8d
+      ..b0247195
+      ..f55a9e8a
+      ..fdf26d82
+      ..6b27b800
+      ..80b45958
+      ..abfe0d32
+..4c91426a
+      ..b7b33238
+      ..d47e100e
+      ..24a041f5
+      ..d8ed4149
+      ..2fd097c1
+      ..544c174b
+      ..e38541ae
+      ..26843d90
+      ..bf715ddb
+      ..4e0bfb8d
+..4c91426a
+      ..1a20bae8
+      ..919a5708
+      ..a41af0f4
+      ..2daa5f51
+      ..356d7821
+      ..82964c7c
+..4c91426a
+    <T..1282b837
+      ..ce9a7d25
+      ..5d3f2ed3
+  <col..cfc56475
+  <col..c22e3064
+..4c91426a
+using ..bf1db8e1
+      ..d877e58d
-      ..dde5b988
-      ..f6717ac3
+      ..a2221fc6
+      ..43452bd6
+using ..03b7bd98
+using ..abde2421
-      ..376ed383
+      ..f3bd9902
+    <C..d75588ec
-    <C..fc64c0be
-    <C..90ad5034
+    <C..b7c57ba7
-    <C..7297bb86
+    <C..06ea09ef
-﻿usi..8f32928e
+﻿usi..17891f33
+using ..ccec8008
+      ..df386a40
+      ..ff03bb56
+      ..b4b444c2
+      ..dd83942c
+..4c91426a
+      ..40348c5e
+      ..90100f91
+      ..60774e75
+      ..a49069b4
+      ..95db8ee5
-      ..842cbde4
+      ..1e5628bf
+      ..adfbedbf
-      ..263e3c19
+      ..1e55201e
-..c0ddf150
+{"Rety..dd63eed6
+{"Wall..894227e6
+{"Wall..e52cf20d
+{"Back..4a993cfc
+{"Remi..8a2fa6bd
+using ..bf1db8e1
-      ..ae426a03
-      ..f319aaf1
-      ..0b0f6ee7
+      ..513fafb2
+      ..17e6927f
+      ..a498c30f
+      ..433d8f48
+      ..cb82d3c1
+      ..fcc50247
+      ..4a7c043b
+      ..aab105c0
+..4c91426a
+      ..50250227
+      ..9466394f
+      ..994249c8
+      ..c363b3ce
+      ..17e6927f
+      ..779fbf56
+      ..cb82d3c1
+      ..fcc50247
+      ..6abee9c9
+      ..aab105c0
+      ..994249c8
--- /de..0031a375
+﻿usi..3b4761e9
+using ..ccec8008
+using ..925036e1
+using ..abde2421
+using ..919c5d31
+using ..3ac1a3a6
+using ..5f68852f
+using ..b5cbb4f7
+using ..f208bf64
+..4c91426a
+namesp..07577ba4
+{..692f39ad
+    [P..1c2dace2
+    pu..1c90c499
+    {..9fa9dd13
+      ..1d489b66
+..4c91426a
+      ..40ec25c9
+..4c91426a
+      ..8d7693a7
+..4c91426a
+      ..295b6fdf
+..4c91426a
+      ..45dc8db9
+..4c91426a
+      ..bef85ee5
+      ..ff03bb56
+      ..04a34736
+      ..6435a199
+      ..f4d1ee1c
+      ..b465401a
+      ..9ee5aaf9
+..4c91426a
+      ..f24dad81
+      ..53702bbe
+      ..216409e8
+      ..4e1ddb33
+      ..dd83942c
+..4c91426a
+      ..e18b6e58
+      ..ff03bb56
+      ..bd6975a9
+      ..6ba55ab9
+      ..2fa026c2
+      ..ccc1035c
+      ..1178ac58
+      ..01dece1e
+      ..ea2328dd
+..4c91426a
+      ..b847ccb7
+      ..dd0e0a8a
+      ..3ad4e8be
+      ..4c08d5fc
+..4c91426a
+      ..7bb56670
+      ..fdd97bc8
+      ..dd83942c
+..4c91426a
+      ..df0d956e
+      ..ff03bb56
+      ..bd6975a9
+      ..6ba55ab9
+      ..74b8bcbd
+      ..ccc1035c
+      ..66333b76
+      ..c7b3d6f1
+      ..ea2328dd
+      ..4c08d5fc
+..4c91426a
+      ..e47c0bc9
+      ..0925a3d4
+      ..bedc9f8e
+      ..a6f0fb0d
+      ..dd83942c
+..4c91426a
+      ..295b6fdf
+    }..7706ae6d
+}..df0d68c7
--- /de..0031a375
+﻿usi..8f9730e6
+using ..cfa097ce
+using ..0c5ea54a
+using ..22018837
+using ..0cff5573
+using ..5e6b379e
+using ..ccec8008
+using ..03b7bd98
+using ..b226789d
+using ..3ac1a3a6
+using ..42b23223
+using ..61365210
+using ..f208bf64
+..4c91426a
+namesp..be3d0cf4
+{..692f39ad
+    [P..ba2914a2
+    pu..72b32210
+    {..9fa9dd13
+      ..a1a2cb01
+..4c91426a
+      ..caa1e371
+..4c91426a
+      ..6ecdda00
+      ..a081ccb7
+      ..2a24f576
+      ..3551466e
+..4c91426a
+      ..295b6fdf
+..4c91426a
+      ..2653cf90
+..4c91426a
+      ..90585a20
+      ..ff03bb56
+      ..7dce7852
+      ..8e49f2bf
+      ..dd83942c
+..4c91426a
+      ..295b6fdf
+..4c91426a
+      ..1d489b66
+..4c91426a
+      ..d8635a9b
+..4c91426a
+      ..54ac9fdd
+      ..ff03bb56
+      ..3373330c
+      ..6ba55ab9
+      ..67ddd5db
+      ..03791b5d
+      ..b72aa42b
+      ..4c08d5fc
+      ..29d39c47
+      ..6ba55ab9
+      ..55d7d09d
+      ..84e13aaf
+      ..2557baa1
+      ..bae3e9e4
+      ..4c08d5fc
+      ..dd83942c
+..4c91426a
+      ..d4bea0f8
+..4c91426a
+      ..1747eddc
+..4c91426a
+      ..f90a49a2
+..4c91426a
+      ..7e828c2f
+..4c91426a
+      ..a7fba41e
+..4c91426a
+      ..c6b730e7
+..4c91426a
+      ..8cf620b0
+..4c91426a
+      ..7b224cd1
+..4c91426a
+      ..5dec79ff
+..4c91426a
+      ..295b6fdf
+..4c91426a
+      ..45dc8db9
+..4c91426a
+      ..1661ab78
+      ..ff03bb56
+      ..b654deee
+      ..dd83942c
+..4c91426a
+      ..51189080
+      ..ff03bb56
+      ..65a9ef23
+      ..dd860ff4
+      ..6ba55ab9
+      ..f7b843b0
+      ..aebf961e
+      ..4c08d5fc
+..4c91426a
+      ..a28d10a1
+      ..a23878a5
+      ..dd83942c
+..4c91426a
+      ..fc9f9f16
+      ..ff03bb56
+      ..927428d3
+      ..dd83942c
+..4c91426a
+      ..e49787a6
+      ..ff03bb56
+      ..181b45d1
+      ..aebf961e
+      ..ebd7343e
+      ..a28d10a1
+      ..a23878a5
+      ..dd83942c
+..4c91426a
+      ..637a1254
+      ..ff03bb56
+      ..d62d6da2
+      ..b56349a3
+      ..ab9a684b
+      ..794c36a2
+      ..bf338c45
+      ..dd83942c
+..4c91426a
+      ..061234ff
+      ..ff03bb56
+      ..46bcb279
+      ..b96c052f
+      ..8243f807
+      ..9ca33531
+..4c91426a
+      ..60c8e169
+      ..4c202982
+      ..dd83942c
+..4c91426a
+      ..e67f86f8
+      ..ff03bb56
+      ..b0fa90b8
+      ..b16c192e
+      ..354d134d
+      ..539cfe23
+      ..dd83942c
+..4c91426a
+      ..942beb9f
+      ..ff03bb56
+      ..0104871f
+      ..20010a47
+      ..6ba55ab9
+      ..da198470
+      ..fba8dff0
+      ..ccc1035c
+      ..b7e002bf
+      ..3b66048f
+      ..ea2328dd
+      ..1a3ec6f0
+      ..ccc1035c
+      ..85856da5
+      ..ea2328dd
+      ..4c08d5fc
+      ..dd83942c
+..4c91426a
+      ..7b3fd9b5
+      ..ff03bb56
+      ..b682e51f
+      ..6ba55ab9
+      ..78c354eb
+      ..6ab2dde9
+      ..4c08d5fc
+..4c91426a
+      ..3878625f
+      ..dd83942c
+..4c91426a
+      ..ccc5103e
+      ..ff03bb56
+      ..b1b2cf60
+      ..08ec2d9f
+      ..46138196
+      ..bf509ea5
+..4c91426a
+      ..e156eced
+      ..dd83942c
+..4c91426a
+      ..295b6fdf
+    }..7706ae6d
+}..df0d68c7
--- /de..0031a375
+﻿usi..8f9730e6
+using ..cfa097ce
+using ..0c5ea54a
+using ..5e6b379e
+using ..09d9112c
+using ..594fd8ac
+using ..ccec8008
+using ..b226789d
+using ..009e3888
+using ..5f68852f
+using ..9cdf48d3
+using ..61365210
+using ..f208bf64
+..4c91426a
+namesp..5da399b4
+{..692f39ad
+    [P..ba2914a2
+    pu..b7553519
+    {..9fa9dd13
+      ..a1a2cb01
+..4c91426a
+      ..ad654a43
+..4c91426a
+      ..f8590444
+      ..8903d915
+      ..e365a88c
+      ..33c9e617
+      ..6100960d
+      ..596cc13b
+..4c91426a
+      ..295b6fdf
+..4c91426a
+      ..2653cf90
+..4c91426a
+      ..07b743b7
+      ..ff03bb56
+      ..ff47061a
+      ..1cbed564
+      ..a9ff2b16
+      ..dd83942c
+..4c91426a
+      ..295b6fdf
+..4c91426a
+      ..1d489b66
+..4c91426a
+      ..af9ac273
+..4c91426a
+      ..d91531bd
+..4c91426a
+      ..b6cba7cb
+..4c91426a
+      ..a2a66b06
+      ..ff03bb56
+      ..23497473
+      ..9800d4ff
+      ..6ba55ab9
+      ..6f4d6532
+      ..84e13aaf
+      ..13e3be4c
+      ..a1da2c59
+      ..77f4d701
+      ..4c08d5fc
+      ..dd83942c
+..4c91426a
+      ..2cdd3352
+..4c91426a
+      ..35d36a2d
+..4c91426a
+      ..8cc315b2
+      ..788bae2c
+..4c91426a
+      ..7a164df2
+..4c91426a
+      ..636177cb
+..4c91426a
+      ..f90a49a2
+..4c91426a
+      ..77ed0819
+..4c91426a
+      ..133e8c53
+..4c91426a
+      ..295b6fdf
+..4c91426a
+      ..6302ab1a
+..4c91426a
+      ..c74d6b61
+      ..ff03bb56
+      ..8f3d14a5
+      ..dd83942c
+..4c91426a
+      ..295b6fdf
+..4c91426a
+      ..45dc8db9
+..4c91426a
+      ..bef85ee5
+      ..ff03bb56
+      ..cc461541
+      ..f694209c
+      ..76daa044
+      ..009569f0
+      ..dd83942c
+..4c91426a
+      ..900212b5
+      ..ff03bb56
+      ..58359013
+      ..472ad848
+      ..feed4510
+      ..7a44c4af
+      ..787af9f2
+      ..dd83942c
+..4c91426a
+      ..b726cc90
+      ..ff03bb56
+      ..672c8c7d
+      ..aebf961e
+#if !D..7517f92e
+			if ..3354a055
+			{..bef3dd7d
+				_m..5c2a48c0
+				re..7f86b63e
+			}..0aa706ff
+#endif..cab971e4
+      ..1151b8aa
+      ..a21e26a1
+      ..6ba55ab9
+      ..fa4c3495
+      ..07d096a3
+      ..aebf961e
+      ..4c08d5fc
+      ..6829f240
+      ..b0a3d94b
+      ..6ba55ab9
+      ..bb812625
+      ..4e84d8e9
+      ..ccc1035c
+      ..b2951b22
+      ..a4f47bd3
+      ..ea2328dd
+      ..4c08d5fc
+      ..dd83942c
+..4c91426a
+      ..cd98425c
+      ..ff03bb56
+      ..89149593
+      ..7e7ec9f7
+      ..9df4ba9e
+      ..8670bf5f
+      ..40d93e4c
+      ..6ba55ab9
+      ..20aa8071
+      ..ccc1035c
+      ..2b527444
+      ..ea2328dd
+      ..4c08d5fc
+      ..dd83942c
+..4c91426a
+      ..84a47a29
+      ..ff03bb56
+      ..617e43da
+      ..3a3a4161
+      ..39d2d8d0
+      ..6ba55ab9
+      ..3fad2653
+      ..e2a36650
+      ..4c08d5fc
+      ..a5938290
+      ..dd83942c
+..4c91426a
+      ..7b3fd9b5
+      ..ff03bb56
+      ..b682e51f
+      ..6f4672ad
+      ..3878625f
+      ..dd83942c
+..4c91426a
+      ..295b6fdf
+    }..7706ae6d
+}..df0d68c7
+using ..5344d722
+      ..5b20f81d
+      ..7c2e9c55
+      ..2b2105fd
+      ..6ba55ab9
+      ..e4e9294a
+      ..18474761
+      ..71c21b73
+      ..7796e79a
+..4c91426a
+      ..a6c3390f
+      ..ff03bb56
+      ..d07d2e11
+      ..204626e0
+      ..dd83942c
+..4c91426a
+      ..c37a33bf
+      ..a89f18ce
+      ..1d01ddf7
+++ /de..69ad02dd
-﻿usi..8652d838
-using ..d39d69ad
-using ..8bbd6f8a
-using ..f054d10d
-using ..f140123d
-using ..d62b75cd
-using ..eb880157
-..c0ddf150
-namesp..0a90e927
-{..863880cd
-    [P..a2d41b0f
-    pu..6ca0ae62
-    {..e8a5dba7
-      ..f065e1c5
-..c0ddf150
-      ..71b2c1ac
-..c0ddf150
-      ..f77fab8a
-      ..5224409e
-..c0ddf150
-      ..888b358c
-..c0ddf150
-      ..f8bad754
-..c0ddf150
-      ..a6365ff2
-..c0ddf150
-      ..0da1c7de
-..c0ddf150
-      ..1bbbf954
-..c0ddf150
-      ..888b358c
-..c0ddf150
-      ..977c479f
-..c0ddf150
-      ..7c53ec9a
-      ..413758c2
-      ..d60714c4
-      ..21c9ff65
-      ..4f2e4dc1
-..c0ddf150
-      ..ffc02af4
-      ..413758c2
-      ..61a1c621
-      ..4f2e4dc1
-..c0ddf150
-      ..0ae6669c
-      ..413758c2
-      ..d0193e6f
-      ..521e9e65
-      ..7608ceaf
-      ..4f2e4dc1
-..c0ddf150
-      ..bd80cb0d
-      ..413758c2
-      ..905d7cbb
-      ..de015d53
-      ..12740da9
-      ..4f2e4dc1
-..c0ddf150
-      ..05d4fc44
-      ..413758c2
-      ..156705bf
-      ..616e32e2
-      ..4f2e4dc1
-..c0ddf150
-      ..b643ef64
-      ..413758c2
-      ..616e32e2
-#if DE..f7a87a2f
-      ..d640204b
-#else..62eeb1af
-			_se..bdea4d78
-#endif..18020402
-      ..91903985
-      ..3dbeb093
-      ..4f2e4dc1
-..c0ddf150
-      ..fa8d280b
-      ..413758c2
-      ..53a2db05
-      ..112ac74b
-      ..a57ebb91
-      ..406a708f
-      ..3adf5cdf
-      ..1f2b18e8
-      ..b2629adf
-      ..c23f8457
-      ..b2ec3e6f
-      ..4f2e4dc1
-..c0ddf150
-      ..888b358c
-    }..9000e46f
-}..b2a63f7f
+++ /de..69ad02dd
-﻿usi..8652d838
-using ..5d65a897
-using ..812fa5ec
-using ..e77b8167
-using ..fe8ba68b
-using ..96dfe918
-using ..8bbd6f8a
-using ..f054d10d
-using ..d62b75cd
-using ..c083af47
-using ..25c4a537
-using ..becae2b7
-using ..1af6b2a7
-..c0ddf150
-namesp..0a90e927
-{..863880cd
-    [P..a2d41b0f
-    pu..41f0870d
-    {..e8a5dba7
-      ..f065e1c5
-..c0ddf150
-      ..f97ca82c
-..c0ddf150
-      ..0088a1ca
-      ..d406b798
-      ..d05cac8b
-      ..35344c98
-      ..c7284e0a
-      ..e2f261ce
-..c0ddf150
-      ..888b358c
-..c0ddf150
-      ..664c05b9
-..c0ddf150
-      ..019bed1b
-      ..413758c2
-      ..519971f9
-      ..9cbf7912
-      ..dc23bd3f
-      ..4f2e4dc1
-..c0ddf150
-      ..888b358c
-..c0ddf150
-      ..f8bad754
-..c0ddf150
-      ..a2b57f6d
-..c0ddf150
-      ..1511cd17
-..c0ddf150
-      ..6102e085
-..c0ddf150
-      ..c27c22b9
-      ..413758c2
-      ..2ff42b61
-      ..4a6ec525
-      ..a57ebb91
-      ..7a7fe6b3
-      ..3d2ca656
-      ..fdd09e8f
-      ..d9c50cd1
-      ..237d9895
-      ..b2629adf
-      ..4f2e4dc1
-..c0ddf150
-      ..014b8c84
-..c0ddf150
-      ..5a317a40
-..c0ddf150
-      ..4b964aba
-      ..dfff3c2e
-..c0ddf150
-      ..adbd98b1
-..c0ddf150
-      ..f65dba6f
-..c0ddf150
-      ..0da1c7de
-..c0ddf150
-      ..1bbbf954
-..c0ddf150
-      ..ccf5f4e2
-..c0ddf150
-      ..888b358c
-..c0ddf150
-      ..1f3933e9
-..c0ddf150
-      ..83bfe208
-      ..413758c2
-      ..25e75de0
-      ..4f2e4dc1
-..c0ddf150
-      ..888b358c
-..c0ddf150
-      ..977c479f
-..c0ddf150
-      ..e9c28aa0
-      ..413758c2
-      ..9f5f2596
-      ..a23f49a3
-      ..9cd79a26
-      ..ccc1659f
-      ..5e29ab9e
-      ..4ccd16bc
-      ..748fe001
-      ..91903985
-      ..4f2e4dc1
-..c0ddf150
-      ..376567d1
-      ..413758c2
-      ..0aad771c
-      ..7bb0e2d2
-#if !D..31655347
-			if ..16a48931
-			{..b94d3581
-				_m..a51dffbb
-				re..4f49dff8
-			}..979b81ce
-#endif..18020402
-      ..7970eda9
-      ..2116e713
-      ..a57ebb91
-      ..3adf5cdf
-      ..711c02f8
-      ..7bb0e2d2
-      ..b2629adf
-      ..b8d29a3b
-      ..d6b4d9aa
-      ..a57ebb91
-      ..1127e8ab
-      ..81dc1064
-      ..48a80e50
-      ..9b92c70a
-      ..2b96ec44
-      ..a7bd45b2
-      ..b2629adf
-      ..4f2e4dc1
-..c0ddf150
-      ..b7d350fa
-      ..413758c2
-      ..cc016621
-      ..963a9f2d
-      ..924a8e3b
-      ..9ea1acc4
-      ..c23f8457
-      ..a57ebb91
-      ..68183592
-      ..48a80e50
-      ..a14f330a
-      ..a7bd45b2
-      ..b2629adf
-      ..4f2e4dc1
-..c0ddf150
-      ..5b9f8f7a
-      ..413758c2
-      ..4e1606b9
-      ..1dc1b7ba
-      ..a5d917a8
-      ..a57ebb91
-      ..2ec17f79
-      ..50f8c5c8
-      ..b2629adf
-      ..f6f86633
-      ..4f2e4dc1
-..c0ddf150
-      ..4612dd04
-      ..413758c2
-      ..bbcab6e0
-      ..12651d9d
-      ..78bc825e
-      ..4f2e4dc1
-..c0ddf150
-      ..888b358c
-    }..9000e46f
-}..b2a63f7f
-using ..d62b75cd
-      ..62ce5f53
-      ..ca454575
-      ..6ea0f6c2
-      ..9c15babc
-      ..e7d19dae
-..c0ddf150
-      ..6e92a2a3
-      ..4f2e4dc1
-..c0ddf150
-      ..42b5d46d
-      ..413758c2
-      ..40a9bf73
-      ..e8151199
-      ..b67a534b
+      ..2bb213a8
-      ..f9682531
-      ..a57ebb91
-      ..0179e485
-      ..48a80e50
-      ..a0650a95
-      ..2f7611b5
-      ..a7bd45b2
-      ..f95b8959
-      ..b2629adf
-..c0ddf150
-      ..111fcb80
-      ..a67dba07
-      ..3d2ca656
-..c0ddf150
+      ..0e8f59a7
+      ..cfef5b6d
-      ..fd550826
+      ..05550316
-      ..b9321ee3
-      ..24eb675c
+      ..9402028c
-      ..395db67c
-      ..48a80e50
-      ..47189378
-      ..d12106b6
-      ..a7bd45b2
-..c0ddf150
-      ..25c0f200
-      ..7ea0af46
-      ..63d3ed68
-      ..d9cae4f0
-      ..a57ebb91
-      ..36622041
-      ..92208d64
-      ..b2629adf
-..c0ddf150
-      ..00afc330
-      ..a57ebb91
-      ..651a08a6
-      ..8ffe1466
-      ..b2629adf
-      ..c1060ef7
-      ..22793b53
+      ..a01c42bc
-      ..7bb0e2d2
-..c0ddf150
-      ..7b8c82fd
-      ..5a39ec3c
-..c0ddf150
-      ..7fb0860a
-      ..04d4be38
+      ..40d93e4c
+      ..8d483313
+++ /de..69ad02dd
-﻿usi..8652d838
-using ..5d65a897
-using ..812fa5ec
-using ..d39d69ad
-using ..cf2d01b5
-using ..e77b8167
-using ..8bbd6f8a
-using ..7397900b
-using ..26dff796
-using ..5823bde1
-using ..eb880157
-using ..becae2b7
-using ..1af6b2a7
-..c0ddf150
-namesp..acc97c6a
-{..863880cd
-    [P..a2d41b0f
-    pu..3cb74435
-    {..e8a5dba7
-      ..f065e1c5
-..c0ddf150
-      ..08c93a5e
-      ..35344c98
-      ..3f5daa0f
-      ..9797beb7
-      ..05fa3b27
-..c0ddf150
-      ..888b358c
-..c0ddf150
-      ..664c05b9
-..c0ddf150
-      ..fef7342f
-      ..413758c2
-      ..317b6d85
-      ..a504a2f3
-      ..4f2e4dc1
-..c0ddf150
-      ..888b358c
-..c0ddf150
-      ..f8bad754
-..c0ddf150
-      ..0454b84c
-..c0ddf150
-      ..e5a988d3
-      ..413758c2
-      ..e56169bb
-      ..a57ebb91
-      ..7b537a18
-      ..9e97954d
-      ..da49e62b
-      ..b2629adf
-      ..14df603a
-      ..a57ebb91
-      ..db89612f
-      ..3d2ca656
-      ..52acfb94
-      ..21b0f851
-      ..b2629adf
-      ..4f2e4dc1
-..c0ddf150
-      ..17661807
-..c0ddf150
-      ..80765a2d
-..c0ddf150
-      ..ff9688ce
-..c0ddf150
-      ..8df49958
-..c0ddf150
-      ..c1c8fc7b
-..c0ddf150
-      ..dc6a4d17
-..c0ddf150
-      ..888b358c
-..c0ddf150
-      ..977c479f
-..c0ddf150
-      ..9d8de1e7
-      ..413758c2
-      ..a1ad8f7a
-      ..4f2e4dc1
-..c0ddf150
-      ..9a609979
-      ..413758c2
-      ..76756197
-      ..4f2e4dc1
-..c0ddf150
-      ..4521648d
-      ..413758c2
-      ..0e7d926b
-      ..88ec4071
-      ..a57ebb91
-      ..731c5aa7
-      ..7bb0e2d2
-      ..b2629adf
-      ..8cc86429
-      ..b1e57b23
-      ..4f2e4dc1
-..c0ddf150
-      ..2ae83585
-      ..413758c2
-      ..19714485
-      ..4f2e4dc1
-..c0ddf150
-      ..def8ee0f
-      ..413758c2
-      ..89b85d98
-      ..7bb0e2d2
-      ..ad1a027c
-      ..8cc86429
-      ..b1e57b23
-      ..4f2e4dc1
-..c0ddf150
-      ..b05b250d
-      ..413758c2
-      ..9c1025c4
-      ..a6f122d3
-      ..2de5e03f
-      ..2c4a349c
-      ..ccf5e3fd
-      ..4f2e4dc1
-..c0ddf150
-      ..8b5d9292
-      ..413758c2
-      ..a23f49a3
-      ..d9611007
-      ..0d0fc15e
-      ..3ecca971
-      ..16a25f3d
-..c0ddf150
-      ..5bf2d2ac
-      ..3a0927a4
-      ..4f2e4dc1
-..c0ddf150
-      ..5b9e8425
-      ..413758c2
-      ..f8ffd47c
-      ..12ba3dfd
-      ..5c5e77ac
-      ..731c5aa7
-      ..4f2e4dc1
-..c0ddf150
-      ..a95f0293
-      ..413758c2
-      ..1cf85dba
-      ..0326eb73
-      ..a57ebb91
-      ..cd1b46ac
-      ..466e3bcc
-      ..48a80e50
-      ..165bc4b7
-      ..0b02d02f
-      ..a7bd45b2
-      ..7afebf92
-      ..48a80e50
-      ..6bf0adce
-      ..a7bd45b2
-      ..b2629adf
-      ..4f2e4dc1
-..c0ddf150
-      ..4612dd04
-      ..413758c2
-      ..bbcab6e0
-      ..a57ebb91
-      ..7b4de752
-      ..ce6b99e7
-      ..b2629adf
-      ..78bc825e
-      ..4f2e4dc1
-..c0ddf150
-      ..01951490
-      ..413758c2
-      ..27b35e0c
-      ..da04c280
-      ..948a619e
-      ..608865a0
-..c0ddf150
-      ..4dbb1df4
-      ..4f2e4dc1
-..c0ddf150
-      ..888b358c
-    }..9000e46f
-}..b2a63f7f
-      ..ed20c4aa
+      ..b6b5ce69
-      ..b5f41909
+      ..3b662bb9
+..4c91426a
+      ..591dc8f3
+      ..67078f2f
+      ..cc9aab56
+..4c91426a
+      ..591dc8f3
+      ..da095684
+      ..ece26a9a
+    <B..6e5c9fb1
-	<stri..08b2c88e
+	<stri..1f1089c4
-	<stri..f47f5f14
+	<stri..5942d869
-      ..e402cf4b
+      ..c90401cb
+      ..caaa8776
+      ..a4e31ea8
+      ..e2605d09
+      ..d1d1bccf
-﻿nam..654a1d3d
+﻿usi..7ce9c236
+..4c91426a
+namesp..9b7bfd02
+      ..7ebe4722
-      ..5242f9eb
+      ..3bfeebb6
+      ..a35b51c4
-﻿usi..37f0e5a0
+﻿usi..8f9730e6
+using ..6d1fa816
+      ..b05ef793
+      ..75633bd9
+..4c91426a
+      ..93f24a00
+      ..186d6436
-      ..6971055e
+      ..b13a6408
+      ..c4a47998
+..4c91426a
+..4c91426a
+      ..e3920c34
+      ..7c2e9c55
+      ..ab52a37f
+      ..34ae8ebd
+      ..52b681ce
+      ..e214aa53
+      ..e62a6c85
-      ..9d7f479f
+..4c91426a
+      ..3161a873
+      ..44393bdb
+      ..a6c3390f
+      ..ff03bb56
+      ..38e72a02
+      ..9800d4ff
+      ..6ba55ab9
+      ..419150bd
+      ..84e13aaf
+      ..b8b1b4c2
+      ..cb074840
+      ..4c08d5fc
+      ..dd83942c
+..4c91426a
+      ..bedafa56
+      ..ff03bb56
+      ..e85f225e
+      ..6ba55ab9
+      ..113953ac
+      ..ccc1035c
+      ..bb36623a
+      ..17e6927f
+      ..c293eacf
+      ..9f1c8181
+      ..8036545c
+..4c91426a
+      ..41d668ba
+      ..17e6927f
+      ..8322c672
+      ..bbd7008d
+      ..e5e18568
+      ..d96df649
+      ..cf5e0420
+      ..9f1c8181
+      ..8036545c
+      ..d547d0d7
+..4c91426a
+      ..8710898d
+      ..17e6927f
+      ..a6c0dc69
+      ..dd4aa0ec
+      ..8414454a
+      ..d96df649
+      ..cf5e0420
+      ..9f1c8181
+      ..8036545c
+      ..c9b7a8d5
+..4c91426a
+      ..0982de94
+      ..17e6927f
+      ..8322c672
+      ..bbd7008d
+      ..cf5e0420
+      ..ab0d7cb0
+      ..27d8cb71
+      ..8036545c
+      ..6f3595af
+..4c91426a
+      ..17f1dd4d
+      ..17e6927f
+      ..8322c672
+      ..dd4aa0ec
+      ..cf5e0420
+      ..1b861248
+      ..27d8cb71
+      ..8036545c
+      ..39e425e3
+      ..5ff8231e
+      ..034cf8b3
+      ..0ee38995
+      ..07e8d944
+      ..5c1fc9aa
+      ..16f48fda
+      ..ea2328dd
+..4c91426a
+      ..a476e03a
+      ..001df98d
+      ..1c936a50
+      ..2b3f9a1d
+      ..cbd165df
+      ..c2228821
+      ..4c08d5fc
+      ..40d93e4c
+      ..6ba55ab9
+      ..113953ac
+      ..84e13aaf
+      ..53b042aa
+      ..7f785189
+      ..f6d47df3
+      ..e06e78fd
+      ..070f7643
+      ..4c08d5fc
+..4c91426a
+      ..58ef8644
+      ..a8ebf741
+      ..dd83942c
+..4c91426a
-      ..f7056267
+      ..37927f5a
-      ..1f988912
+      ..782fe49d
-      ..067a5038
+      ..fa832778
-      ..a22b94c1
+      ..ba8b2ad8
-      ..7f3001dd
+      ..43b3db55
-      ..2e5b87af
+      ..6bb9c4c2
-      ..826aa658
+      ..7f04aa19
-      ..92e5e5e9
+      ..7ad8c99f
-      ..5961c29b
+      ..2802a0ec
-      ..5961c29b
+      ..2802a0ec
-      ..5961c29b
+      ..2802a0ec
-      ..1d2b1f60
-      ..5e06d45c
-      ..2e8c9772
-      ..1ad941dd
+      ..85128732
+      ..6b599c9d
+      ..5c011185
+      ..ee73a908
-      ..1bdfca9e
+      ..383ae837
-      ..a5e8b8d9
+      ..2f95b057
-      ..5d5e87f9
+      ..892a43a3
-      ..42f72b22
+      ..549f6f54
-      ..937b6b68
+      ..3e73a42e
-      ..af986d87
+      ..066cae80
-      ..ab297f8b
+      ..bf64621d
-      ..614fb6ec
+      ..52aa5799
+      ..814d10dc
+      ..dd83942c
+..4c91426a
+      ..189a6603
+      ..ff03bb56
+      ..45ac536a
+      ..ade2aeb1
+      ..86212b1a
+..4c91426a
+      ..843584d3
+      ..0693ddc6
+      ..4a26d719
+      ..b2681a8c
+..4c91426a
+      ..0a1a79a6
+      ..e875effe
+      ..24c4ee25
+..4c91426a
+      ..ef1d0866
+      ..13040300
+      ..5b54fdc7
+      ..513bb02f
+      ..6ba55ab9
+      ..ece56dfe
+      ..077bb61c
+      ..144d7bf8
+      ..7ea45f61
+      ..44b9c2b3
+      ..eff7e286
+      ..6f8b3b28
+      ..696ba6b1
+..4c91426a
-      ..4b20dbfe
+      ..614d042b
-using ..e8f81e3e
-using ..38350bd8
-using ..5dd30e08
+using ..abde2421
-      ..3f0d0ee0
+      ..23c99e85
-    pu..9f61a477
+    pu..5c4cd25d
-  <com..567dbf01
+  <com..d28857f8
+import..8f38d0f7
+import..db6eb69a
+    pu..bb3a02fe
+      ..54bca551
+      ..c693bc71
+      ..df982a6c
+      ..5e973a46
+      ..92a42bb4
+      ..ca103953
+    }..7706ae6d
+..4c91426a
+    },..8416eb57
+    "R..33afdddd
+      ..781fe724
+    },..8416eb57
+    "W..a2635371
+      ..ee0dd2c0
+    },..8416eb57
+    "W..102c9d30
+      ..1d2ca905
+    },..8416eb57
+    "B..6f1bf15c
+      ..84b0b418
+    },..8416eb57
+    "R..f3bf4280
+      ..959cb510