+      ..ccd11437
+      ..ea462586
-    <A..bb5bc1a5
-      ..0ab3cd3d
-    </..ce0b3de7
-      ..73ce9ee2
+      ..0e8e3de7
-      ..7882b75d
+      ..7a105f12
-//    ..212be96a
-//    ..e0553b3f
-//    ..08a6f154
-//    ..a9661710
-//    ..d0073221
-//    ..a3089dbd
-//    ..b48ec15a
-//    ..255348f2
-//    ..65fda300
-//    ..60466074
-//    ..78d4de5a
-//    ..2dc30c40
-//    ..e46ab220
-//..afc1b8c2
-//    ..0bf53559
-//    ..255348f2
-//    ..e08f8672
-//    ..4180d6c2
-//    ..46168977
-//    ..1be30b37
-//    ..2ea3eba1
-//    ..723a1f2a
-//    ..b0e4d6bb
-//    ..b989b53e
-//    ..481f27ae
-//    ..d4135a93
-//    ..e049f7d7
-//    ..416751f4
-//    ..4559ee95
-//    ..8efef9d4
-//    ..e46ab220
-//    ..878489d2
-//    ..a9661710
-//    ..c9a70744
-//    ..a1aca78d
-//    ..cb41ffc9
-      ..22ba209d
+      ..af1fc12d
-			pub..fd4f1c67
+			pub..55fd21f6
-			pub..b57f837d
+			pub..48c2c9e2
-			pub..8254cf64
+			pub..7a897645
-			pub..334cea62
+			pub..300b9ab8
-			pub..5350fb8f
+			pub..3ff397d7
-			pub..86289110
+			pub..f82b13fe
-			pub..2880ffa4
+			pub..9d1cc8c4
-			pub..f0977256
+			pub..c882600d
-			pub..d3aca120
+			pub..6331e568
-			pub..486a91aa
+			pub..3ca14377
-			pub..8cc67d35
+			pub..b63aa1b2
-			pub..1fbde497
+			pub..c29b6292
-			pub..e308bdb3
+			pub..6aa016cb
-			pub..1255259c
+			pub..fe7eb960
-			pub..4e308344
+			pub..dc853b4b
-			pub..24f82b14
+			pub..022dcb85
-			pub..3d5faaab
+			pub..b52fcc1d
-			pub..28fb75c3
+			pub..4a7d9506
-			pub..f51ed7f4
+			pub..dfc14bd2
-			pub..acec0ad0
+			pub..cb40194f
-			pub..411cc794
+			pub..14eef18b
-			pub..4b7c20dd
+			pub..d5626c39
-			pub..eea3e38a
+			pub..e8c97aad
-			pub..3b129363
+			pub..9d2debdf
-			pub..936064bb
+			pub..4661624e
-			pub..5a9a582b
+			pub..b4c87443
-			pub..9758daae
+			pub..a0e4ae29
-			pub..def40485
+			pub..6681d6c7
-			pub..15b35dfc
+			pub..00acf269
-			pub..476f2634
+			pub..c445d290
-			pub..bf07175e
+			pub..1da7227d
-			pub..30f95b2a
+			pub..1a86f8e9
-			pub..2dd27df3
+			pub..a4cf693e
-			pub..20df8328
+			pub..f4b0c2b8
-			pub..a624a7e4
+			pub..c687f289
-			pub..181e9057
+			pub..f5c8b871
-			pub..fdb115a9
+			pub..21b520f3
-			pub..eb0b9faf
+			pub..42404db5
-			pub..7eb412db
+			pub..a3276f77
-			pub..9aa00264
+			pub..98b64b4c
-			pub..5afb4ccf
+			pub..5d90a756
-			pub..1e1eb6a9
+			pub..f9998c5e
-			pub..fc66b67b
+			pub..f7508530
-			pub..19b84bba
+			pub..d4c2d10b
-			pub..9825df24
+			pub..b4ec7720
-			pub..3ef006e1
+			pub..8a5bade2
-			pub..9c4daba4
+			pub..4095f206
-			pub..9ce27e02
+			pub..2673cb82
-			pub..29466250
+			pub..78bd2f96
-			pub..7fb9d6f2
+			pub..abdf9e12
-			pub..518ab53d
+			pub..d014c58c
-			pub..7764c18f
+			pub..3f5ea38d
-			pub..eaa50cec
+			pub..1a573e37
-			pub..395e4897
+			pub..457e4f2a
-			pub..3baf7529
+			pub..0f2bc974
-			pub..1ea4f01f
+			pub..018afd11
-			pub..d0ef1bb4
+			pub..f44a5ccd
-			pub..ca873885
+			pub..5ebcf84e
-			pub..e1eeb192
+			pub..4fefb706
-			pub..904bf911
+			pub..bc61d2c1
-			pub..7ccfe5fe
+			pub..3bd225f8
-			pub..7aec9843
+			pub..6d1ebb94
-			pub..09a3d005
+			pub..ee3e5bd6
-			pub..1ddb1d66
+			pub..584ac168
-			pub..69484eb6
+			pub..5336d80f
-			pub..0bdbd005
+			pub..096810b5
-			pub..2cddb25f
+			pub..8430e4bd
-			pub..4a837da0
+			pub..ca7beb98
-			pub..5404c333
+			pub..c44bbeca
-			pub..c087620e
+			pub..94208c78
-			pub..3d3cb399
+			pub..9fa58d08
-			pub..cfc75195
+			pub..f683f6d8
-			pub..ab8e4ae1
+			pub..3ec776c1
-			pub..9415a389
+			pub..82a22dad
-			pub..0f07d7ff
+			pub..cd7d3e39
-			pub..fb0ec86d
+			pub..a850f74b
-			pub..e9342d52
+			pub..0a83ca25
-			pub..debb8514
+			pub..a2ec5630
-			pub..d05c03f8
+			pub..b0ea6565
-			pub..93f20b70
+			pub..c56d635d
-			pub..5ec7a62a
+			pub..1aa87867
-			pub..103cdbc6
+			pub..2c84dec5
-			pub..6b1707ad
+			pub..7f8dc73d
-			pub..d5f85802
+			pub..b94f83bf
-			pub..d2c22990
+			pub..8525b752
-			pub..0b4e094c
+			pub..41238109
-			pub..b4dc6052
+			pub..ee2b3063
-			pub..96485aa3
+			pub..b9224269
-			pub..137eb9cb
+			pub..f433287d
-			pub..ac259d2f
+			pub..04d89d93
-			pub..720579be
+			pub..7e8215fc
-			pub..505eadb5
+			pub..0ee39e82
-			pub..32fae621
+			pub..b5fd8922
-			pub..e645b71a
+			pub..f2dfbff1
-			pub..a05b7462
+			pub..59a1a9b1
-			pub..9b997a08
+			pub..75a7c7df
-			pub..b14d1793
+			pub..07878ea4
-			pub..80d3522d
+			pub..72ec5fa1
-			pub..89b1e40a
+			pub..b10106eb
-			pub..cc54a801
+			pub..b290a2db
-			pub..46108452
+			pub..fa9fe664
-			pub..18dc86fe
+			pub..0abbe5c5
-			pub..66d56894
+			pub..c35295ed
-			pub..f6dac695
+			pub..9d150464
-			pub..2ab735b8
+			pub..9211c2a4
-			pub..7cfd4186
+			pub..3be85d8f
-			pub..5d6f9a4b
+			pub..42f92300
-			pub..14d2d250
+			pub..75d3d83a
-			pub..41dc780c
+			pub..0ad6aa59
-			pub..3082210b
+			pub..40699a54
-			pub..9d4935f4
+			pub..cab1171a
-			pub..3b4bc250
+			pub..06363187
-			pub..b70bcd2e
+			pub..65cf5423
-			pub..e133a7e9
+			pub..668289ac
-			pub..df7d2651
+			pub..cd17f0a0
-			pub..3407b707
+			pub..aab290fb
-			pub..660c0dc7
+			pub..4840a646
-			pub..482561ef
+			pub..0cab47f4
-			pub..55030f26
+			pub..3c65cb18
-			pub..40e528d6
+			pub..f0d1b4f5
-			pub..047b9d8f
+			pub..ec219f1d
-			pub..5e89aece
+			pub..b5c9ca86
-			pub..d987aa82
+			pub..39bb88fc
-			pub..c0d4edb0
+			pub..66c0804e
-			pub..9aeb35c0
+			pub..faccffc9
-			pub..a63d28d1
+			pub..f5a80eb5
-			pub..d4d5fb31
+			pub..1a025bb4
-			pub..53539638
+			pub..1100d56b
-			pub..226e8b62
+			pub..b00b576b
-			pub..be82a715
+			pub..45770a52
-			pub..bac6ffc0
-..c0ddf150
-			// ..03730028
-			pub..62aa754e
+			pub..f1590130
-      ..15a5411f
+      ..316d3e0e
-      ..efe982b2
+      ..414bd213
-<Frame..b75e2fa7
-      ..4434ba0f
-      ..191247f0
-      ..0569ad19
-      ..ee5f0dbb
-      ..345d2df6
-      ..4d3a6370
-      ..cfa2d141
+<Linea..4917024a
+      ..1fe2ccc7
+      ..a37b418d
+      ..ce9a7d25
+      ..f125d936
+      ..cafe4e44
+      ..b3b7e89e
+      ..ed1a3be9
-  <Tex..d03e1df6
+  <Tex..e6453ba2
+      ..cbfa28a3
+      ..44cd71c7
-  <Tex..d03e1df6
+  <Tex..a33799c8
-      ..3bde8f88
+      ..2c441400
-</Fram..71b2e03e
+</Line..892158e3
+++ /de..69ad02dd
-﻿<?x..efee652a
-..c0ddf150
-<Frame..b75e2fa7
-      ..4434ba0f
-      ..191247f0
-      ..0569ad19
-      ..ee5f0dbb
-      ..345d2df6
-      ..4d3a6370
-      ..cfa2d141
-..c0ddf150
-  <Tex..d03e1df6
-      ..d68ee32c
-      ..e0c434c0
-      ..5b8c1875
-      ..531f5164
-      ..926f61de
-      ..5eb86e7b
-      ..66f98234
-      ..00a8f365
-..c0ddf150
-</Fram..71b2e03e
-<Frame..b75e2fa7
-      ..4434ba0f
-      ..191247f0
-      ..0569ad19
-      ..ee5f0dbb
-      ..345d2df6
-      ..4d3a6370
-      ..e2e9fd46
+<Linea..4917024a
+      ..1fe2ccc7
+      ..a37b418d
+      ..ce9a7d25
+      ..f125d936
+      ..cafe4e44
+      ..b3b7e89e
+      ..1ef76b51
-  <Tex..d03e1df6
+  <Tex..e6453ba2
+      ..cbfa28a3
+      ..44cd71c7
-      ..af104a0b
+      ..f24a05c1
-  <Tex..d03e1df6
+  <Tex..a33799c8
-      ..3bde8f88
+      ..2c441400
-      ..d97d7a8b
+      ..2ff0688a
-</Fram..71b2e03e
+</Line..892158e3
-      ..b7b2e6c5
+      ..f92d53f5
-﻿usi..368d683a
-using ..60bb2fed
+﻿usi..6fa11b96
-      ..752d17aa
-      ..6d89e20e
-..c0ddf150
+using ..0cff5573
+      ..541ab7b1
+      ..ff03bb56
+      ..10a31102
+      ..bfe1f7a6
+      ..6ba55ab9
+      ..fba8dff0
+      ..ccc1035c
+      ..76eb9c50
+      ..977ba50f
+      ..4a6d3e74
+      ..ea2328dd
+      ..1a3ec6f0
+      ..ccc1035c
+      ..85856da5
+      ..ea2328dd
+      ..4c08d5fc
+      ..dd83942c
+..4c91426a
+      ..31791ee9
+      ..ff03bb56
+      ..bafe3d88
+      ..dd83942c
+..4c91426a
+using ..b5cbb4f7
-      ..31950559
+      ..8eda50cb
+      ..e39a4d5f
+      ..817be5a2
-      ..f8d28935
+      ..1b27380b
-      ..6947c821
+      ..6de0718c
-      ..757b383e
-      ..3c71aaab
-      ..6b2ba73e
-      ..24e0f376
+..4c91426a
+      ..e16dcc36
+      ..f6f4f1d6
+      ..fc5c9f21
+      ..40d93e4c
+      ..4b939f91
+..4c91426a
+      ..8858a880
+      ..63c749ec
+      ..4e55d576
-      ..94e7fcc1
+      ..16fa71a0
-      ..538f4f4b
+      ..630cd01f
+using ..5e6b379e
+..4c91426a
+      ..96399899
-﻿usi..22fccc8e
+﻿usi..23c0d4d9
+using ..61365210
-	publi..59c97e84
-	{..5fe12937
-		#reg..d9b70f2a
+    pu..0f3c2dc4
+    {..9fa9dd13
+      ..a1a2cb01
-		publ..2306a761
-		publ..9efe886a
+      ..b6268b62
+      ..b15c811e
-		#end..0f82ebb7
-	}..e827ae89
-..c0ddf150
-	publi..563038b9
-	{..5fe12937
-		#reg..d9b70f2a
-..c0ddf150
-		publ..7909a629
-..c0ddf150
-		#end..0f82ebb7
-	}..e827ae89
+      ..295b6fdf
+    }..7706ae6d
+using ..b3334a0c
-      ..acb90fd3
+      ..b327d4f1
-      ..0b8e06bd
+      ..5ecd858f
+using ..594fd8ac
+using ..b3334a0c
-    pu..299d4309
+    pu..15b5150a
+      ..4ad794b3
+      ..afdea468
+      ..6ba55ab9
+      ..a4bf7703
+      ..eff7e286
-      ..8f1ae627
+      ..71ee8583
-      ..bea40502
-      ..d4e2f625
+      ..ff044fe8
+      ..e92a3a14
-      ..dfeaac96
+      ..1482349b
+      ..f1c8a4f9
-      ..dfeaac96
+      ..9dfe99fe
-      ..b46a2689
+      ..ecbf2868
-      ..6c9c7ea8
-      ..8b3119c4
+      ..057e406a
-      ..83d05700
+      ..06ce4987
-      ..382d2d4f
+      ..d2aefa79
-      ..f262fce5
+      ..714c8a3f
-      ..fe21b5f4
+      ..a8a551b7
-      ..1987790e
+      ..0173a972
+      ..dc880b63
+      ..78a44b10
-      ..928e8ece
+      ..4e1d46c9
-      ..52258291
+      ..36733282
+      ..37fa60a5
+      ..0625340c
+      ..e156eced
+      ..dd83942c
+..4c91426a
+      ..0a6426d9
+      ..ff03bb56
+      ..31e6318d
+      ..6ba55ab9
+      ..3c25ff9f
+      ..3ad4e8be
+      ..4c08d5fc
+      ..01f10a83
-      ..914b2d9c
+      ..99b5ca8e
+using ..5e6b379e
+      ..c7d51a7a
+..4c91426a
-      ..2a7ae5ae
+      ..e6c84010
-      ..fb644e5c
+      ..bb9c9157
-      ..3851d250
-      ..413758c2
-      ..671c76d5
-      ..4f2e4dc1
-..c0ddf150
+      ..930ea469
+      ..ff03bb56
+      ..c5fa9baa
+      ..dd83942c
+..4c91426a
+      ..830c20ce
+      ..ff03bb56
+      ..5e141d17
+      ..dd83942c
+..4c91426a
+      ..e9737f78
+      ..ff03bb56
+      ..e1a76820
+      ..dd83942c
+..4c91426a
-      ..c1b50af1
+      ..18935296
+      ..c7d51a7a
+..4c91426a
-      ..f3e42b32
+      ..740ebaf1
-      ..519971f9
+      ..ff47061a
-      ..7fba93b3
+      ..18864640
-      ..4948b7c9
+      ..7887cade
-      ..7fba93b3
+      ..18864640
-      ..7b20ec11
+      ..449a8c1f
-      ..ecd88866
+      ..5ea77c51