-    <C..66591e6c
+    <C..e1d07b30
+++ /de..7b7bf252
-﻿usi..e8b24588
-using ..bfe324b3
-using ..2cbb585d
-using ..efcd88bc
-using ..0f525231
-using ..4735c0b0
-..290c2c0b
-namesp..11de26b2
-{..622be2d9
-    pu..12df13e8
-    {..1a20e819
-      ..ddb5436a
-..290c2c0b
-      ..91beb1d6
-..290c2c0b
-      ..c7a1db26
-..290c2c0b
-      ..d28744f7
-..290c2c0b
-      ..a6548410
-      ..60dced3d
-      ..ce910beb
-      ..ed233969
-..290c2c0b
-      ..c7a1db26
-..290c2c0b
-      ..aded7d02
-..290c2c0b
-      ..b40252fa
-      ..60dced3d
-      ..75e3ac1f
-      ..b3ad6790
-      ..233a55e1
-      ..5bdcbf31
-      ..8b7bf801
-      ..335c13b9
-      ..53caac79
-      ..6142c687
-      ..c8b3b804
-..290c2c0b
-      ..2a0465f2
-      ..ed233969
-..290c2c0b
-      ..e8eb9146
-      ..60dced3d
-      ..ea1b9794
-      ..ed233969
-..290c2c0b
-      ..c7a1db26
-    }..2bb2910b
-}..6934c938
--- /de..8e3c842a
+﻿usi..1a660146
+using ..68c8961c
+using ..ffc77912
+using ..93af17ef
+using ..a1c68b2c
+using ..9e4130e7
+..ac899c75
+namesp..9c37d443
+{..f17960cb
+    pu..696135b5
+    {..98f45b2f
+      ..10217753
+..ac899c75
+      ..80f1dfaf
+..ac899c75
+      ..ff37cf39
+..ac899c75
+      ..c168b770
+..ac899c75
+      ..058dc070
+      ..c088c45b
+      ..929427f2
+      ..b6ad656f
+..ac899c75
+      ..ff37cf39
+..ac899c75
+      ..a21155b8
+..ac899c75
+      ..91f7edd2
+      ..c088c45b
+      ..78170d37
+      ..0e4b6829
+      ..055fa9aa
+      ..7f136fde
+      ..3cb4435e
+      ..fcef81a5
+      ..6e8cf4b6
+      ..0c72a173
+      ..452da651
+..ac899c75
+      ..20ba504f
+      ..b6ad656f
+..ac899c75
+      ..2be62a31
+      ..c088c45b
+      ..b9adcd6d
+      ..b6ad656f
+..ac899c75
+      ..ff37cf39
+    }..19a1a1cc
+}..3c3fc487
-      ..5133d9b4
+      ..df977380