+      ..a6be17e2
+      ..c245135d
+..ac899c75
-      ..d5c64244
-      ..88f13667
+      ..58ea0bd1
-      ..10370269
-      ..481209ac
+      ..bddd7275
+      ..d970e260
+      ..c088c45b
+      ..b0c3e97f
+      ..e28dc94b
+      ..fcef81a5
+      ..c6e95109
+      ..54ae36cc
+      ..12a0b3c5
+      ..bcec1a8b
+      ..da915187
+      ..ced62055
+      ..b6ad656f
+..ac899c75
+      ..e8576094
+      ..c088c45b
+      ..b0c3e97f
+      ..f6e74d7c
+      ..fcef81a5
+      ..70147e05
+      ..1314573d
+      ..78f05687
+      ..bcec1a8b
+      ..da915187
+      ..a66b1a40
+      ..b6ad656f
+..ac899c75
+      ..a374a5bf
+      ..c088c45b
+      ..0c511b89
+      ..551477bb
+      ..b6ad656f
+..ac899c75
+      ..273c3e69
+      ..c088c45b
+      ..1c700a16
+      ..fde0f91d
+      ..b6ad656f
+..ac899c75
+      ..b1c00649
+      ..c088c45b
+      ..1fac2cf6
+      ..b6ad656f
+..ac899c75
+      ..0083104f
+      ..c088c45b
+      ..e1b073fa
+      ..b6ad656f
+..ac899c75
+      ..784f6322
+      ..45e3e76c
+..ac899c75
+      ..c972dbeb
+      ..45e3e76c
+..ac899c75
+      ..506bac33
+..ac899c75
+      ..b9117994
+..ac899c75
+..ac899c75
+using ..2613dc7b
-      ..995b8f81
+      ..5293aedf
-      ..046bbddf
+      ..fcef81a5
+      ..a32ff0e8
+      ..82d700a7
+      ..452da651
-..290c2c0b
-      ..523541b7
+      ..a995d9a9
+      ..ed079b63
+      ..8603cd61
+      ..8cf5fe3d
+      ..6163a190
+      ..4e7457b7
+      ..fcef81a5
+      ..2b034bb5
+      ..543d3e45
+      ..23fa2f95
+      ..452da651
+      ..306d6720
+..ac899c75
+      ..6fdcc3f7
+..ac899c75
+      ..df47d11a
+      ..c088c45b
+      ..b6ad656f
+..ac899c75
+      ..d15ca25e
+..ac899c75