+      ..138a8ef3
+      ..fa8f0b1c
+      ..6efc4b43
+      ..9e4e287a
+      ..f196cd29
+      ..ab04b280
+      ..18a6d06a
+      ..cc26e52a
+      ..0c227011
+      ..93f6a9d9
+      ..ef4a863c
+      ..26264be2
+      ..18a6d06a
+      ..c494b23f
+      ..ef4a863c
+      ..14a5f1d9
+..fda07573
-			// ..de12707b
-			pub..86f96e3a
-..45bc7408
-			pub..f509cf47
+			pub..355b758d
+..fda07573
+			// ..4cc5071c
+			pub..a487fb14
-    <I..6a02f088
+    <I..1392ec1e
-      ..698dd75d
+      ..617cdcc1
-      ..698dd75d
+      ..617cdcc1
-      ..698dd75d
+      ..617cdcc1
-      ..0aa2e845
+      ..bd685185
-    <I..6a02f088
+    <I..1392ec1e
-      ..698dd75d
+      ..617cdcc1
-      ..698dd75d
+      ..617cdcc1
-      ..698dd75d
+      ..617cdcc1
-      ..7aa580e5
-      ..e22b6536
+      ..fb16bc80
-    <I..6a02f088
+    <I..1392ec1e
-      ..88ea3e9f
+      ..adbcb984
-      ..88ea3e9f
+      ..adbcb984
-      ..2f1a1955
-      ..6c2af524
+      ..038c3a73
+      ..cdf03fae
-      ..042086d5
+      ..69c0145d
-      ..79ec8feb
+      ..7adcf870
-      ..0970d7ac
+      ..fe68ff30
-      ..2f1a1955
-      ..7e8e106f
+      ..038c3a73
+      ..cdf03fae
-      ..79ec8feb
+      ..7adcf870
-      ..c3651249
+      ..ec995a7f
+      ..debf7219
-    pr..22324680
+    pr..3daf7833
-      ..8edafe6d
+      ..5a86dc63
-      ..aa4e367c
+      ..9f611bf5
-      ..fc9bff2d
+      ..96e35248
-      ..cfe29cdc
+      ..80fbdc8a
+import..a00881a3
+import..27948c44
+import..12d45249
+    pu..2a0ce3b5
+      ..c6ed6bd4
+      ..a389e0d0
+      ..7694932f
+      ..14a5f1d9
+    }..ceae01f7
+..fda07573