-    pu..3476649f
+    pu..c5660fd5
-      ..056aa621
-      ..f593278e
-      ..1e75249e
+      ..fe6d2eed
+      ..7598a0c0
-      ..43334078
+      ..ad2aa83e
+      ..4aa85ada
+      ..f23c3aac
-      ..532bdb30
-      ..2181f57f
+      ..758b86c0
-      ..30b46215
+      ..d5169659
-      ..32261854
-      ..0c9b88cd
-      ..43fe5185
-      ..55490325
-      ..c41fdb58
-      ..9a193ac0
-      ..b1a735bd
-      ..14e746a3
-      ..d83a10a3
+      ..6320c82c
-      ..e765c924
+      ..7b0921a3
-      ..c58af21f
+      ..cb4853ec
-      ..878b5a5d
-      ..0c9b88cd
-      ..b6419a67
-      ..5ab5a36b
-      ..708cc22c
-      ..8ff2a724
-      ..a14b5d53
-      ..d83a10a3
-..3e1ed62a
+      ..003b45e8
+..7eb29b81
+      ..495c5d2c
-      ..9f28d870
+      ..9d7c2b3a
+      ..7752cc8a
+      ..800a6387
-      ..8f3395e7
+      ..bcfa8288
-      ..93074aaf
-      ..fcd04672
+      ..664332af
+      ..8fac984a
-      ..f6708d02
+      ..1fd8f7d2
-      ..f18f0645
+      ..ad8e8915
-      ..d763b932
+      ..0be20617
-      ..0bd92ee4
+      ..788556ee
-      ..4cd192b4
+      ..02fad1a9
-      ..cee20e59
-..3e1ed62a
-      ..ef6c398e
-..3e1ed62a
-      ..e0cf382f
-..3e1ed62a
-      ..d02114f4
+      ..f28ef782
-      ..33b9376f
+      ..0af18375
-      ..bc546e68
+      ..397f1ab3
-      ..d02114f4
+      ..f28ef782
+      ..31000222
+      ..25df108c
+..7eb29b81
-      ..e0cf382f
-..3e1ed62a
-      ..129ed4ab
-..3e1ed62a
-      ..f1d666e1
-      ..0c9b88cd
-      ..e2d87387
-      ..d83a10a3
+      ..6cb020ad
-      ..1b292935
-      ..dc65149e
-      ..752c5f0a
-      ..754f8cf1
-      ..576f7e0c
-      ..ae1f0edb
-      ..aec97b03
-      ..af88a670
-      ..4c240583
-      ..47e91408
-..3e1ed62a
-      ..6b6e0fb9
-..3e1ed62a
-      ..f7b0ffc6
-      ..752c5f0a
-      ..abffc60b
-      ..576f7e0c
-      ..a4cab263
-      ..27012a65
-      ..0f4c88f6
-      ..2788aa0e
-      ..4c240583
-      ..47e91408
-..3e1ed62a
-      ..6b6e0fb9
-..3e1ed62a