-      ..b29dfcbc
+      ..550da4ce
-      ..a692e2d8
+      ..4e6c8887
-      ..20a713c0
-      ..51c5da5b
-      ..a1cbcc72
-      ..cdccfd5a
-      ..8a3b330c
+      ..964ca1f2
+      ..1a2e797c
+      ..c68695fb
+      ..bf3dc6ef
+      ..75586087
+      ..ba3d113e
+      ..50774591
+..438e2014
+      ..c68695fb
+      ..bf3dc6ef
+      ..e2100448
+      ..ba3d113e
+      ..dc825e70
+      ..3d1bb260
-      ..dde8fea3
+      ..f4c4fe6e
-      ..e9ba042d
+      ..e8447ce1
+    <T..492f6283
+      ..8dd24316
+      ..06a64333
+      ..0e9b19f0
+      ..20267023
+      ..92e1bf2c
+..438e2014
-      ..9b643e36
+      ..4403fe34
-      ..ac29cdaf
+      ..92f85175
+      ..34ae1ad1
+      ..eadd21ed
+{"Plat..4b3b528b
+{"Plat..fb7dc8e1
-{"Slow..8a670039
+{"Comm..b1f66741
-{"Slow..4b44467c
+{"Comm..f6211207
+      ..5b0999ba
+..438e2014
-      ..b0d8de48
+      ..374e9a3d
+      ..d8fe930e
+      ..dd849927
+      ..27fd63f8
+      ..12f77eec
+      ..42825ee7
+      ..b04bfb26
+      ..537b82ad
+      ..09293ede
+      ..d2335456
+..438e2014
-      ..faef4b60
+      ..96580014
-      ..6037bf06
+      ..74ac6259
-using ..1781460f
+using ..07afeb71
-      ..fbb97fd6
-      ..240ea319
+      ..f675ac96
-      ..870b31a3
-      ..61052aa5
-      ..cee173e1
+      ..b4661934
+      ..befd5fb4
+..438e2014
+      ..bc3cba7c
+      ..1f182ce1
-      ..67ae7fba
+      ..2fc1df03
-      ..cee173e1
+      ..1f182ce1
-      ..05ae8b23
+      ..b4661934
+      ..c166f562
+..438e2014
+      ..7b7b7147
+      ..e0ecf20f
-﻿usi..34864f19
+﻿usi..b1a6dc73
+using ..602eff0f
+using ..75bdd452
+using ..1134ebe5
+using ..86c21ddb
-    pu..38eb9f88
+    pu..091d1e11
-      ..ab5c562e
+      ..2680ea32
-      ..38ff349a
+      ..cd383d0e
+..438e2014
+..438e2014
+      ..0f5555d0
+..438e2014
+      ..ad5ad99e
+..438e2014
+      ..b44b9bbb
+..438e2014
+      ..0278b51f
+..438e2014
+      ..497bfb82
+..438e2014
+      ..964f4cbe
+..438e2014
+      ..6772af13
+      ..dd849927
+      ..d2335456
+..438e2014
+      ..0543cc49
+      ..dd849927
+      ..7e79fe6a
+      ..d2335456
-      ..9cb2a0c3
+      ..ed2f832e
+      ..3d729e1f
+      ..dd849927
+      ..7b8568bb
+      ..ed2f832e
+      ..12f77eec
+      ..db956793
+      ..11f01323
+      ..43e1021d
+      ..09293ede
+      ..d2335456
+..438e2014
-      ..b597c97f
+      ..54d5aa97
-      ..b2e70fe5
-..b9d6317b
-      ..7c5d4f6c
-..b9d6317b
-      ..b16826cf
-      ..3351c6f8
-      ..f39fe108
-      ..f44e4b5e
-      ..bfb3a7b1
-..b9d6317b
+      ..56d26258
+..438e2014
+      ..44d2fef8
+..438e2014
-      ..29f95093
-      ..3351c6f8
-      ..c30340e5
-      ..6aaceb6b
-      ..f1ac33b9
-      ..254af0c6
-      ..dca5b1c1
-      ..bfb3a7b1
-..b9d6317b
-      ..77ce8949
-      ..91ae2cc0
+      ..08dfa209
+      ..45e0159e
+      ..dd849927
+      ..a0581cca
+      ..ef3f9043
+      ..d2335456
+..438e2014
+      ..bdd0ce97
+      ..dd849927
+      ..bb32e24d
+      ..d2335456
+..438e2014
+      ..a1cbaaf5
+      ..dd849927
+      ..938eb882
+      ..608bf4c0
+      ..92831037
+      ..364bf1e6
+      ..36653f59
+      ..d2335456
+..438e2014
+	},..bbcaf33b
+	"Plat..d612dd7f
+		"en-..ec3db0ee
+	},..bbcaf33b
+	"Plat..09c09b70
+		"en-..905ca2bc