-#if !_..715342c8
-#if !_..a68c0194
-..b9d6317b
-/// <s..875b2765
-///Fas..127f8548
-/// </..8dd3bf01
-public..5b6c763c
-..b9d6317b
-..b9d6317b
-#endif..cb26f270
-..b9d6317b
-#endif..cb26f270
-#if !_..a68c0194
-..b9d6317b
-/// <s..875b2765
-///Nor..8c685146
-/// </..8dd3bf01
-public..10f3762a
-..b9d6317b
-..b9d6317b
-#endif..cb26f270
-..b9d6317b
-#endif..cb26f270
-#if !_..715342c8
+      ..a7eff33e
+      ..a670de67
+      ..c2760bc7
+..438e2014
+..438e2014
+      ..26d7ff53
-#if !_..715342c8
-#if !_..a68c0194
-..b9d6317b
-/// <s..875b2765
-///The..d053e26c
-/// </..8dd3bf01
-public..3d2b8b46
-..b9d6317b
-..b9d6317b
-#endif..cb26f270
-..b9d6317b
-#endif..cb26f270
-#if !_..715342c8
-#if !_..a68c0194
-..b9d6317b
-/// <s..875b2765
-///My ..452aca43
-/// </..8dd3bf01
-public..1d5c58f1
-..b9d6317b
-..b9d6317b
-#endif..cb26f270
-..b9d6317b
-#endif..cb26f270
-..b9d6317b
-      ..6fd8cdd5
-      ..6cb3477c
-      ..bf5599e7
-      ..a74e1e38
-..b9d6317b
-#if !_..715342c8
-#if !_..a68c0194
-..b9d6317b
-/// <s..875b2765
-///Inp..7b480baa
-/// </..8dd3bf01
-public..53237c93
-..b9d6317b
-..b9d6317b
-#endif..cb26f270
-..b9d6317b
-#endif..cb26f270
-#if !_..715342c8
-#if !_..a68c0194
-..b9d6317b
-/// <s..875b2765
-///You..2e640a8a
-/// </..8dd3bf01
-public..811ea505
-..b9d6317b
-..b9d6317b
-#endif..cb26f270
-..b9d6317b
-#endif..cb26f270
-#if !_..715342c8
-#if !_..a68c0194
-..b9d6317b
-/// <s..875b2765
-///Cre..f50951e8
-/// </..8dd3bf01
-public..fc61e886
-..b9d6317b
-..b9d6317b
-#endif..cb26f270
-..b9d6317b
-#endif..cb26f270
-#if !_..715342c8
-#if !_..a68c0194
-..b9d6317b
-/// <s..875b2765
-///Emp..a11f3473
-/// </..8dd3bf01
-public..457699f0
-..b9d6317b
-..b9d6317b
-#endif..cb26f270
-..b9d6317b
-#endif..cb26f270
-#if !_..715342c8
-#if !_..a68c0194
-..b9d6317b
-/// <s..875b2765
-///Enc..73908047
-/// </..8dd3bf01
-public..eab60e22
-..b9d6317b
-..b9d6317b
-#endif..cb26f270
-..b9d6317b
-#endif..cb26f270
-#if !_..715342c8
-#if !_..a68c0194
-..b9d6317b
-/// <s..875b2765
-///Rea..2f54b6a5
-/// </..8dd3bf01
-public..8e775365
-..b9d6317b
-..b9d6317b
-#endif..cb26f270
-..b9d6317b
-#endif..cb26f270
-      ..f1fa0f45
+      ..c35e6ce3
-#if !_..715342c8
-#if !_..a68c0194
-..b9d6317b
-/// <s..875b2765
-///Res..9a71cff9
-/// </..8dd3bf01
-public..3b8c3844
-..b9d6317b
-..b9d6317b
-#endif..cb26f270
-..b9d6317b
-#endif..cb26f270
-#if !_..715342c8
-#if !_..a68c0194
-..b9d6317b
-/// <s..875b2765
-///The..01ad0de7
-/// </..8dd3bf01
-public..b214c51b
-..b9d6317b
-..b9d6317b
-#endif..cb26f270
-..b9d6317b
-#endif..cb26f270
-#if !_..715342c8
-#if !_..a68c0194
-..b9d6317b
-/// <s..875b2765
-///Sho..b6131851
-/// </..8dd3bf01
-public..6199d3c6
-..b9d6317b
-..b9d6317b
-#endif..cb26f270
-..b9d6317b
-#endif..cb26f270
-#if !_..715342c8
-#if !_..a68c0194
-..b9d6317b
-/// <s..875b2765
-///Wri..e31ddbb8
-/// </..8dd3bf01
-public..72d08bfe
-..b9d6317b
-..b9d6317b
-#endif..cb26f270
-..b9d6317b
-#endif..cb26f270
-#if !_..715342c8
-#if !_..a68c0194
-{"Comm..f8f4207e
-#endif..cb26f270
-..b9d6317b
-#endif..cb26f270
-..b9d6317b
-#if !_..a68c0194
-{"Comm..21411dd4
-#endif..cb26f270
-..b9d6317b
-#endif..cb26f270
-..b9d6317b
-#if !_..715342c8
+{"Comm..963b1667
-#if !_..715342c8
-#if !_..a68c0194
-{"Comm..80417f2a
-#endif..cb26f270
-..b9d6317b
-#endif..cb26f270
-..b9d6317b
-#if !_..715342c8
-#if !_..a68c0194
-{"Dash..2a0834fe
-#endif..cb26f270
-..b9d6317b
-#endif..cb26f270
-..b9d6317b
-{"Comm..e1506721
-#if !_..715342c8
-#if !_..a68c0194
-{"Wall..0d920613
-#endif..cb26f270
-..b9d6317b
-#endif..cb26f270
-..b9d6317b
-#if !_..715342c8
-#if !_..a68c0194
-{"Wall..22444a9a
-#endif..cb26f270
-..b9d6317b
-#endif..cb26f270
-..b9d6317b
-#if !_..715342c8
-#if !_..a68c0194
-{"Wall..43c0db0d
-#endif..cb26f270
-..b9d6317b
-#endif..cb26f270
-..b9d6317b
-#if !_..715342c8
-#if !_..a68c0194
-{"Wall..6d20b703
-#endif..cb26f270
-..b9d6317b
-#endif..cb26f270
-..b9d6317b
-#if !_..715342c8
-#if !_..a68c0194
-{"Wall..72b422ac
-#endif..cb26f270
-..b9d6317b
-#endif..cb26f270
-..b9d6317b
-#if !_..715342c8
-#if !_..a68c0194
-{"Wall..6b957c47
-#endif..cb26f270
-..b9d6317b
-#endif..cb26f270
-..b9d6317b
-#if !_..715342c8
-#if !_..a68c0194
-{"Wall..5430ed23
-#endif..cb26f270
-..b9d6317b
-#endif..cb26f270
-..b9d6317b
-#if !_..715342c8
-#if !_..a68c0194
-{"Wall..08d4d601
-#endif..cb26f270
-..b9d6317b
-#endif..cb26f270
-..b9d6317b
-#if !_..715342c8
-#if !_..a68c0194
-{"Wall..27294fed
-#endif..cb26f270
-..b9d6317b
-#endif..cb26f270
-..b9d6317b
-#if !_..715342c8
-#if !_..a68c0194
-{"Wall..9711eea3
-#endif..cb26f270
-..b9d6317b
-#endif..cb26f270
-..b9d6317b
-#if !_..715342c8
-#if !_..a68c0194
-{"Comm..1bd7ab7c
-#endif..cb26f270
-..b9d6317b
-#endif..cb26f270
-..b9d6317b
-#if !_..715342c8
-#if !_..a68c0194
-{"Comm..e1e17774
-#endif..cb26f270
-..b9d6317b
-#endif..cb26f270
-..b9d6317b
-#if !_..715342c8
-#if !_..a68c0194
-{"Dash..0ff9c63f
-#endif..cb26f270
-..b9d6317b
-#endif..cb26f270
-..b9d6317b
-#if !_..715342c8
-#if !_..a68c0194
-{"Wall..a3063368
-#endif..cb26f270
-..b9d6317b
-#endif..cb26f270
-..b9d6317b
-#if !_..715342c8
-#if !_..a68c0194
-{"Wall..fbc1c693
-#endif..cb26f270
-..b9d6317b
-#endif..cb26f270
-..b9d6317b
-#if !_..715342c8
-#if !_..a68c0194
-{"Wall..d783044a
-#endif..cb26f270
-..b9d6317b
-#endif..cb26f270
-..b9d6317b
-#if !_..715342c8
-#if !_..a68c0194
-{"Wall..9dc156d9
-#endif..cb26f270
-..b9d6317b
-#endif..cb26f270
-..b9d6317b
-#if !_..715342c8
-#if !_..a68c0194
-{"Wall..2f13a3ae
-#endif..cb26f270
-..b9d6317b
-#endif..cb26f270
-..b9d6317b
-#if !_..715342c8
-#if !_..a68c0194
-{"Wall..53520a73
-#endif..cb26f270
-..b9d6317b
-#endif..cb26f270
-..b9d6317b
-#if !_..715342c8
-#if !_..a68c0194
-{"Wall..e2cef960
-#endif..cb26f270
-..b9d6317b
-#endif..cb26f270
-..b9d6317b
-#if !_..715342c8
-#if !_..a68c0194
-{"Comm..9627e21e
-#endif..cb26f270
-..b9d6317b
-#endif..cb26f270
-..b9d6317b
-#if !_..a68c0194
-{"Comm..ea526aa6
-#endif..cb26f270
-..b9d6317b
-#endif..cb26f270
-..b9d6317b
-#if !_..715342c8
-#if !_..715342c8
-#if !_..a68c0194
-{"Dash..578e1280
-#endif..cb26f270
-..b9d6317b
-#endif..cb26f270
-..b9d6317b
-#if !_..715342c8
-#if !_..a68c0194
-{"Wall..feca6733
-#endif..cb26f270
-..b9d6317b
-#endif..cb26f270
-..b9d6317b
-#if !_..715342c8
-#if !_..a68c0194
-{"Wall..38303f90
-#endif..cb26f270
-..b9d6317b
-#endif..cb26f270
-..b9d6317b
-#if !_..715342c8
-#if !_..a68c0194
-{"Wall..52234b67
-#endif..cb26f270
-..b9d6317b
-#endif..cb26f270
-..b9d6317b
-#if !_..715342c8
-#if !_..a68c0194
-{"Wall..8fb4fdb9
-#endif..cb26f270
-..b9d6317b
-#endif..cb26f270
-..b9d6317b
-#if !_..715342c8
-#if !_..a68c0194
-{"Wall..4c340296
-#endif..cb26f270
-..b9d6317b
-#endif..cb26f270
-..b9d6317b
-#if !_..715342c8
-#if !_..a68c0194
-{"Wall..428b0594
-#endif..cb26f270
-..b9d6317b
-#endif..cb26f270
-..b9d6317b
-#if !_..715342c8
-#if !_..a68c0194
-{"Wall..644eb7a4
-#endif..cb26f270
-..b9d6317b
-#endif..cb26f270
-..b9d6317b
-#if !_..715342c8
-#if !_..a68c0194
-{"Wall..790542a5
-#endif..cb26f270
-..b9d6317b
-#endif..cb26f270
-..b9d6317b
-#if !_..715342c8
-#if !_..a68c0194
-{"Wall..98778272
-#endif..cb26f270
-..b9d6317b
-#endif..cb26f270
-..b9d6317b
-#if !_..715342c8
-#if !_..a68c0194
-{"Comm..0cd26285
-#endif..cb26f270
-..b9d6317b
-#endif..cb26f270
-..b9d6317b
-#if !_..a68c0194
-{"Comm..6b7bb844
-#endif..cb26f270
-..b9d6317b
-#endif..cb26f270
-..b9d6317b
-#if !_..715342c8
-#if !_..715342c8
-#if !_..a68c0194
-{"Comm..f99bfdf7
-#endif..cb26f270
-..b9d6317b
-#endif..cb26f270
-..b9d6317b
-#if !_..715342c8
-#if !_..a68c0194
-{"Dash..dc247b9e
-#endif..cb26f270
-..b9d6317b
-#endif..cb26f270
-..b9d6317b
-#if !_..715342c8
-#if !_..a68c0194
-{"Wall..dbf74d43
-#endif..cb26f270
-..b9d6317b
-#endif..cb26f270
-..b9d6317b
-#if !_..715342c8
-#if !_..a68c0194
-{"Wall..d7b9fcf9
-#endif..cb26f270
-..b9d6317b
-#endif..cb26f270
-..b9d6317b
-#if !_..715342c8
-#if !_..a68c0194
-{"Wall..5c76b8c7
-#endif..cb26f270
-..b9d6317b
-#endif..cb26f270
-..b9d6317b
-#if !_..715342c8
-#if !_..a68c0194
-{"Wall..ed32687e
-#endif..cb26f270
-..b9d6317b
-#endif..cb26f270
-..b9d6317b
-#if !_..715342c8
-#if !_..a68c0194
-{"Wall..aeba3d17
-#endif..cb26f270
-..b9d6317b
-#endif..cb26f270
-..b9d6317b
-#if !_..715342c8
-#if !_..a68c0194
-{"Wall..39317698
-#endif..cb26f270
-..b9d6317b
-#endif..cb26f270
-..b9d6317b
-#if !_..715342c8
-#if !_..a68c0194
-{"Wall..84058256
-#endif..cb26f270
-..b9d6317b
-#endif..cb26f270
-..b9d6317b
-#if !_..715342c8
-#if !_..a68c0194
-{"Wall..74465059
-#endif..cb26f270
-..b9d6317b
-#endif..cb26f270
-..b9d6317b
-#if !_..715342c8
-#if !_..a68c0194
-{"Wall..788ce389
-#endif..cb26f270
-..b9d6317b
-#endif..cb26f270
-..b9d6317b
-#if !_..715342c8
-#if !_..a68c0194
-{"Wall..7581045a
-#endif..cb26f270
-..b9d6317b
-#endif..cb26f270
-..b9d6317b
-#if !_..715342c8
-#if !_..a68c0194
-{"Comm..32466c38
-#endif..cb26f270
-..b9d6317b
-#endif..cb26f270
-..b9d6317b
-#if !_..a68c0194
-{"Comm..966dc45b
-#endif..cb26f270
-..b9d6317b
-#endif..cb26f270
-..b9d6317b
-#if !_..715342c8
-#if !_..715342c8
-#if !_..a68c0194
-{"Comm..95a67fc1
-#endif..cb26f270
-..b9d6317b
-#endif..cb26f270
-..b9d6317b
-#if !_..715342c8
-#if !_..a68c0194
-{"Dash..c0f01bb8
-#endif..cb26f270
-..b9d6317b
-#endif..cb26f270
-..b9d6317b
-#if !_..715342c8
-#if !_..a68c0194
-{"Wall..a98495d1
-#endif..cb26f270
-..b9d6317b
-#endif..cb26f270
-..b9d6317b
-#if !_..715342c8
-#if !_..a68c0194
-{"Wall..c427bd69
-#endif..cb26f270
-..b9d6317b
-#endif..cb26f270
-..b9d6317b
-#if !_..715342c8
-#if !_..a68c0194
-{"Wall..fd564630
-#endif..cb26f270
-..b9d6317b
-#endif..cb26f270
-..b9d6317b
-#if !_..715342c8
-#if !_..a68c0194
-{"Wall..c23382a2
-#endif..cb26f270
-..b9d6317b
-#endif..cb26f270
-..b9d6317b
-#if !_..715342c8
-#if !_..a68c0194
-{"Wall..3f0c028f
-#endif..cb26f270
-..b9d6317b
-#endif..cb26f270
-..b9d6317b
-#if !_..715342c8
-#if !_..a68c0194
-{"Wall..8596442d
-#endif..cb26f270
-..b9d6317b
-#endif..cb26f270
-..b9d6317b
-#if !_..715342c8
-#if !_..a68c0194
-{"Wall..05d84150
-#endif..cb26f270
-..b9d6317b
-#endif..cb26f270
-..b9d6317b
-#if !_..715342c8
-#if !_..a68c0194
-{"Wall..353a90b2
-#endif..cb26f270
-..b9d6317b
-#endif..cb26f270
-..b9d6317b
-#if !_..715342c8
-#if !_..a68c0194
-{"Wall..b4e5e6b1
-#endif..cb26f270
-..b9d6317b
-#endif..cb26f270
-..b9d6317b
-#if !_..715342c8
-#if !_..a68c0194
-{"Wall..a24c90e3
-#endif..cb26f270
-..b9d6317b
-#endif..cb26f270
-..b9d6317b
-#if !_..715342c8
-#if !_..a68c0194
-{"Comm..f141724e
-#endif..cb26f270
-..b9d6317b
-#endif..cb26f270
-..b9d6317b
-#if !_..a68c0194
-{"Comm..21411dd4
-#endif..cb26f270
-..b9d6317b
-#endif..cb26f270
-..b9d6317b
-#if !_..715342c8
-#if !_..715342c8
-#if !_..a68c0194
-{"Comm..65066231
-#endif..cb26f270
-..b9d6317b
-#endif..cb26f270
-..b9d6317b
-#if !_..715342c8
-#if !_..a68c0194
-{"Dash..0790ace5
-#endif..cb26f270
-..b9d6317b
-#endif..cb26f270
-..b9d6317b
-#if !_..715342c8
-#if !_..a68c0194
-{"Wall..f7de50f7
-#endif..cb26f270
-..b9d6317b
-#endif..cb26f270
-..b9d6317b
-#if !_..715342c8
-#if !_..a68c0194
-{"Wall..aa1375b0
-#endif..cb26f270
-..b9d6317b
-#endif..cb26f270
-..b9d6317b
-#if !_..715342c8
-#if !_..a68c0194
-{"Wall..c2c988e5
-#endif..cb26f270
-..b9d6317b
-#endif..cb26f270
-..b9d6317b
-#if !_..715342c8
-#if !_..a68c0194
-{"Wall..77c0242b
-#endif..cb26f270
-..b9d6317b
-#endif..cb26f270
-..b9d6317b
-#if !_..715342c8
-#if !_..a68c0194
-{"Wall..d05e2f5b
-#endif..cb26f270
-..b9d6317b
-#endif..cb26f270
-..b9d6317b
-#if !_..715342c8
-#if !_..a68c0194
-{"Wall..19d1b914
-#endif..cb26f270
-..b9d6317b
-#endif..cb26f270
-..b9d6317b
-#if !_..715342c8
-#if !_..a68c0194
-{"Wall..9d1a741a
-#endif..cb26f270
-..b9d6317b
-#endif..cb26f270
-..b9d6317b
-#if !_..715342c8
-#if !_..a68c0194
-{"Wall..d8dec352
-#endif..cb26f270
-..b9d6317b
-#endif..cb26f270
-..b9d6317b
-#if !_..715342c8
-#if !_..a68c0194
-{"Wall..8e0da09d
-#endif..cb26f270
-..b9d6317b
-#endif..cb26f270
-..b9d6317b
-#if !_..715342c8
-#if !_..a68c0194
-{"Wall..31280939
-#endif..cb26f270
-..b9d6317b
-#endif..cb26f270
-..b9d6317b
-#if !_..715342c8
-#if !_..a68c0194
-{"Comm..19ff2b7b
-#endif..cb26f270
-..b9d6317b
-#endif..cb26f270
-..b9d6317b
-#if !_..a68c0194
-{"Comm..e620aff3
-#endif..cb26f270
-..b9d6317b
-#endif..cb26f270
-..b9d6317b
-#if !_..715342c8
-#if !_..715342c8
-#if !_..a68c0194
-{"Comm..33158b99
-#endif..cb26f270
-..b9d6317b
-#endif..cb26f270
-..b9d6317b
-#if !_..715342c8
-#if !_..a68c0194
-{"Dash..014c314a
-#endif..cb26f270
-..b9d6317b
-#endif..cb26f270
-..b9d6317b
-#if !_..715342c8
-#if !_..a68c0194
-{"Wall..ec2d1c24
-#endif..cb26f270
-..b9d6317b
-#endif..cb26f270
-..b9d6317b
-#if !_..715342c8
-#if !_..a68c0194
-{"Wall..71426a2d
-#endif..cb26f270
-..b9d6317b
-#endif..cb26f270
-..b9d6317b
-#if !_..715342c8
-#if !_..a68c0194
-{"Wall..e25da4bf
-#endif..cb26f270
-..b9d6317b
-#endif..cb26f270
-..b9d6317b
-#if !_..715342c8
-#if !_..a68c0194
-{"Wall..fa26a666
-#endif..cb26f270
-..b9d6317b
-#endif..cb26f270
-..b9d6317b
-#if !_..715342c8
-#if !_..a68c0194
-{"Wall..a666bb9d
-#endif..cb26f270
-..b9d6317b
-#endif..cb26f270
-..b9d6317b
-#if !_..715342c8
-#if !_..a68c0194
-{"Wall..95f92765
-#endif..cb26f270
-..b9d6317b
-#endif..cb26f270
-..b9d6317b
-#if !_..715342c8
-#if !_..a68c0194
-{"Wall..49d1027c
-#endif..cb26f270
-..b9d6317b
-#endif..cb26f270
-..b9d6317b
-#if !_..715342c8
-#if !_..a68c0194
-{"Wall..f432136c
-#endif..cb26f270
-..b9d6317b
-#endif..cb26f270
-..b9d6317b
-#if !_..715342c8
-#if !_..a68c0194
-{"Wall..748530b1
-#endif..cb26f270
-..b9d6317b
-#endif..cb26f270
-..b9d6317b
-#if !_..715342c8
-#if !_..a68c0194
-{"Wall..2faa610b
-#endif..cb26f270
-..b9d6317b
-#endif..cb26f270
-..b9d6317b
-#if !_..715342c8
-#if !_..a68c0194
-{"Comm..a893b863
-#endif..cb26f270
-..b9d6317b
-#endif..cb26f270
-..b9d6317b
-#if !_..a68c0194
-{"Comm..21411dd4
-#endif..cb26f270
-..b9d6317b
-#endif..cb26f270
-..b9d6317b
-#if !_..715342c8
-#if !_..715342c8
-#if !_..a68c0194
-{"Dash..4bd9afd2
-#endif..cb26f270
-..b9d6317b
-#endif..cb26f270
-..b9d6317b
-#if !_..715342c8
-#if !_..a68c0194
-{"Wall..a929d742
-#endif..cb26f270
-..b9d6317b
-#endif..cb26f270
-..b9d6317b
-#if !_..715342c8
-#if !_..a68c0194
-{"Wall..ae37236b
-#endif..cb26f270
-..b9d6317b
-#endif..cb26f270
-..b9d6317b
-#if !_..715342c8
-#if !_..a68c0194
-{"Wall..29423049
-#endif..cb26f270
-..b9d6317b
-#endif..cb26f270
-..b9d6317b
-#if !_..715342c8
-#if !_..a68c0194
-{"Wall..40a2cd98
-#endif..cb26f270
-..b9d6317b
-#endif..cb26f270
-..b9d6317b
-#if !_..715342c8
-#if !_..a68c0194
-{"Wall..96f7b4ca
-#endif..cb26f270
-..b9d6317b
-#endif..cb26f270
-..b9d6317b
-#if !_..715342c8
-#if !_..a68c0194
-{"Wall..c14bb007
-#endif..cb26f270
-..b9d6317b
-#endif..cb26f270
-..b9d6317b
-#if !_..715342c8
-#if !_..a68c0194
-{"Wall..379d7f0f
-#endif..cb26f270
-..b9d6317b
-#endif..cb26f270
-..b9d6317b
-#if !_..715342c8
-#if !_..a68c0194
-{"Comm..b619367c
-#endif..cb26f270
-..b9d6317b
-#endif..cb26f270
-..b9d6317b
-#if !_..a68c0194
-{"Comm..21411dd4
-#endif..cb26f270
-..b9d6317b
-#endif..cb26f270
-..b9d6317b
-#if !_..715342c8
-#if !_..715342c8
-#if !_..a68c0194
-{"Comm..6942578b
-#endif..cb26f270
-..b9d6317b
-#endif..cb26f270
-..b9d6317b
-#if !_..715342c8
-#if !_..a68c0194
-{"Dash..42bf81ba
-#endif..cb26f270
-..b9d6317b
-#endif..cb26f270
-..b9d6317b
-#if !_..715342c8
-#if !_..a68c0194
-{"Wall..65a61a32
-#endif..cb26f270
-..b9d6317b
-#endif..cb26f270
-..b9d6317b
-#if !_..715342c8
-#if !_..a68c0194
-{"Wall..68b9640c
-#endif..cb26f270
-..b9d6317b
-#endif..cb26f270
-..b9d6317b
-#if !_..715342c8
-#if !_..a68c0194
-{"Wall..62eadbd5
-#endif..cb26f270
-..b9d6317b
-#endif..cb26f270
-..b9d6317b
-#if !_..715342c8
-#if !_..a68c0194
-{"Wall..0ddd252f
-#endif..cb26f270
-..b9d6317b
-#endif..cb26f270
-..b9d6317b
-#if !_..715342c8
-#if !_..a68c0194
-{"Wall..72b497e0
-#endif..cb26f270
-..b9d6317b
-#endif..cb26f270
-..b9d6317b
-#if !_..715342c8
-#if !_..a68c0194
-{"Wall..7bc9298c
-#endif..cb26f270
-..b9d6317b
-#endif..cb26f270
-..b9d6317b
-#if !_..715342c8
-#if !_..a68c0194
-{"Wall..dc97971a
-#endif..cb26f270
-..b9d6317b
-#endif..cb26f270
-..b9d6317b
-#if !_..715342c8
-#if !_..a68c0194
-{"Wall..620f92ea
-#endif..cb26f270
-..b9d6317b
-#endif..cb26f270
-..b9d6317b
-#if !_..715342c8
-#if !_..a68c0194
-{"Wall..98a363c9
-#endif..cb26f270
-..b9d6317b
-#endif..cb26f270
-..b9d6317b
-#if !_..715342c8
-#if !_..a68c0194
-{"Wall..15199801
-#endif..cb26f270
-..b9d6317b
-#endif..cb26f270
-..b9d6317b
-#if !_..715342c8
-#if !_..a68c0194
-{"Comm..879c8b66
-#endif..cb26f270
-..b9d6317b
-#endif..cb26f270
-..b9d6317b
-#if !_..a68c0194
-{"Comm..3ec7940b
-#endif..cb26f270
-..b9d6317b
-#endif..cb26f270
-..b9d6317b
-#if !_..715342c8
-#if !_..715342c8
-#if !_..a68c0194
-{"Comm..e8f62241
-#endif..cb26f270
-..b9d6317b
-#endif..cb26f270
-..b9d6317b
-#if !_..715342c8
-#if !_..a68c0194
-{"Dash..7ad35f66
-#endif..cb26f270
-..b9d6317b
-#endif..cb26f270
-..b9d6317b
-#if !_..715342c8
-#if !_..a68c0194
-{"Wall..5a043742
-#endif..cb26f270
-..b9d6317b
-#endif..cb26f270
-..b9d6317b
-#if !_..715342c8
-#if !_..a68c0194
-{"Wall..72b28428
-#endif..cb26f270
-..b9d6317b
-#endif..cb26f270
-..b9d6317b
-#if !_..715342c8
-#if !_..a68c0194
-{"Wall..ce871456
-#endif..cb26f270
-..b9d6317b
-#endif..cb26f270
-..b9d6317b
-#if !_..715342c8
-#if !_..a68c0194
-{"Wall..b522d03f
-#endif..cb26f270
-..b9d6317b
-#endif..cb26f270
-..b9d6317b
-#if !_..715342c8
-#if !_..a68c0194
-{"Wall..69f7c59f
-#endif..cb26f270
-..b9d6317b
-#endif..cb26f270
-..b9d6317b
-#if !_..715342c8
-#if !_..a68c0194
-{"Wall..e0ef28c1
-#endif..cb26f270
-..b9d6317b
-#endif..cb26f270
-..b9d6317b
-#if !_..715342c8
-#if !_..a68c0194
-{"Wall..1bc8a94f
-#endif..cb26f270
-..b9d6317b
-#endif..cb26f270
-..b9d6317b
-#if !_..715342c8
-#if !_..a68c0194
-{"Wall..3094b4fb
-#endif..cb26f270
-..b9d6317b
-#endif..cb26f270
-..b9d6317b
-#if !_..715342c8
-#if !_..a68c0194
-{"Wall..527d7d31
-#endif..cb26f270
-..b9d6317b
-#endif..cb26f270
-..b9d6317b
-#if !_..715342c8
-#if !_..a68c0194
-{"Wall..27a86583
-#endif..cb26f270
-..b9d6317b
-#endif..cb26f270
-..b9d6317b
-#if !_..715342c8
-#if !_..a68c0194
-{"Comm..fbc5fc6b
-#endif..cb26f270
-..b9d6317b
-#endif..cb26f270
-..b9d6317b
-#if !_..a68c0194
-{"Comm..21411dd4
-#endif..cb26f270
-..b9d6317b
-#endif..cb26f270
-..b9d6317b
-#if !_..715342c8
-#if !_..715342c8
-#if !_..a68c0194
-{"Comm..dfe7341c
-#endif..cb26f270
-..b9d6317b
-#endif..cb26f270
-..b9d6317b
-#if !_..715342c8
-#if !_..a68c0194
-{"Dash..fe3215df
-#endif..cb26f270
-..b9d6317b
-#endif..cb26f270
-..b9d6317b
-#if !_..715342c8
-#if !_..a68c0194
-{"Wall..a3dadc6f
-#endif..cb26f270
-..b9d6317b
-#endif..cb26f270
-..b9d6317b
-#if !_..715342c8
-#if !_..a68c0194
-{"Wall..1f0185c6
-#endif..cb26f270
-..b9d6317b
-#endif..cb26f270
-..b9d6317b
-#if !_..715342c8
-#if !_..a68c0194
-{"Wall..e92c1212
-#endif..cb26f270
-..b9d6317b
-#endif..cb26f270
-..b9d6317b
-#if !_..715342c8
-#if !_..a68c0194
-{"Wall..f7d63e17
-#endif..cb26f270
-..b9d6317b
-#endif..cb26f270
-..b9d6317b
-#if !_..715342c8
-#if !_..a68c0194
-{"Wall..69912add
-#endif..cb26f270
-..b9d6317b
-#endif..cb26f270
-..b9d6317b
-#if !_..715342c8
-#if !_..a68c0194
-{"Wall..d3c7c416
-#endif..cb26f270
-..b9d6317b
-#endif..cb26f270
-..b9d6317b
-#if !_..715342c8
-#if !_..a68c0194
-{"Wall..e4c20bd5
-#endif..cb26f270
-..b9d6317b
-#endif..cb26f270
-..b9d6317b
-#if !_..715342c8
-#if !_..a68c0194
-{"Wall..3b85d87a
-#endif..cb26f270
-..b9d6317b
-#endif..cb26f270
-..b9d6317b
-#if !_..715342c8
-#if !_..a68c0194
-{"Wall..20d52e10
-#endif..cb26f270
-..b9d6317b
-#endif..cb26f270
-..b9d6317b
-#if !_..715342c8
-#if !_..a68c0194
-{"Wall..f333938b
-#endif..cb26f270
-..b9d6317b
-#endif..cb26f270
-..b9d6317b
-#if !_..715342c8
-#if !_..a68c0194
-{"Comm..f8e1d41d
-#endif..cb26f270
-..b9d6317b
-#endif..cb26f270
-..b9d6317b
-#if !_..715342c8
-#if !_..a68c0194
-{"Comm..21411dd4
-#endif..cb26f270
-..b9d6317b
-#endif..cb26f270
-..b9d6317b
-#if !_..715342c8
-#if !_..a68c0194
-{"Dash..f7db8ff5
-#endif..cb26f270
-..b9d6317b
-#endif..cb26f270
-..b9d6317b
-#if !_..715342c8
-#if !_..a68c0194
-{"Wall..67ebaa28
-#endif..cb26f270
-..b9d6317b
-#endif..cb26f270
-..b9d6317b
-#if !_..715342c8
-#if !_..a68c0194
-{"Wall..6198f566
-#endif..cb26f270
-..b9d6317b
-#endif..cb26f270
-..b9d6317b
-#if !_..715342c8
-#if !_..a68c0194
-{"Wall..f060e4ff
-#endif..cb26f270
-..b9d6317b
-#endif..cb26f270
-..b9d6317b
-#if !_..715342c8
-#if !_..a68c0194
-{"Wall..62966296
-#endif..cb26f270
-..b9d6317b
-#endif..cb26f270
-..b9d6317b
-#if !_..715342c8
-#if !_..a68c0194
-{"Wall..371e4633
-#endif..cb26f270
-..b9d6317b
-#endif..cb26f270
-..b9d6317b
-#if !_..715342c8
-#if !_..a68c0194
-{"Wall..93a65265
-#endif..cb26f270
-..b9d6317b
-#endif..cb26f270
-..b9d6317b
-#if !_..715342c8
-#if !_..a68c0194
-{"Wall..9b92e610
-#endif..cb26f270
-..b9d6317b
-#endif..cb26f270
-..b9d6317b
-#if !_..715342c8
-#if !_..a68c0194
-{"Wall..3f2d60f5
-#endif..cb26f270
-..b9d6317b
-#endif..cb26f270
-..b9d6317b
-#if !_..715342c8
-#if !_..a68c0194
-{"Comm..96de1fe9
-#endif..cb26f270
-..b9d6317b
-#endif..cb26f270
-..b9d6317b
-#if !_..a68c0194
-{"Comm..674b42bc
-#endif..cb26f270
-..b9d6317b
-#endif..cb26f270
-..b9d6317b
-#if !_..715342c8
-#if !_..715342c8
-#if !_..a68c0194
-{"Comm..23efc70f
-#endif..cb26f270
-..b9d6317b
-#endif..cb26f270
-..b9d6317b
-#if !_..715342c8
-#if !_..a68c0194
-{"Dash..c6d215b9
-#endif..cb26f270
-..b9d6317b
-#endif..cb26f270
-..b9d6317b
-{"Comm..ffe173ad
-#if !_..715342c8
-#if !_..a68c0194
-{"Wall..1f83aa22
-#endif..cb26f270
-..b9d6317b
-#endif..cb26f270
-..b9d6317b
-#if !_..715342c8
-#if !_..a68c0194
-{"Wall..e84ff90b
-#endif..cb26f270
-..b9d6317b
-#endif..cb26f270
-..b9d6317b
-#if !_..715342c8
-#if !_..a68c0194
-{"Wall..89605f94
-#endif..cb26f270
-..b9d6317b
-#endif..cb26f270
-..b9d6317b
-#if !_..715342c8
-#if !_..a68c0194
-{"Wall..09cb0149
-#endif..cb26f270
-..b9d6317b
-#endif..cb26f270
-..b9d6317b
-#if !_..715342c8
-#if !_..a68c0194
-{"Wall..70db6a30
-#endif..cb26f270
-..b9d6317b
-#endif..cb26f270
-..b9d6317b
-#if !_..715342c8
-#if !_..a68c0194
-{"Wall..6d4165c1
-#endif..cb26f270
-..b9d6317b
-#endif..cb26f270
-..b9d6317b
-#if !_..715342c8
-#if !_..a68c0194
-{"Wall..c205e059
-#endif..cb26f270
-..b9d6317b
-#endif..cb26f270
-..b9d6317b
-#if !_..715342c8
-#if !_..a68c0194
-{"Wall..19ba62f7
-#endif..cb26f270
-..b9d6317b
-#endif..cb26f270
-..b9d6317b
-#if !_..715342c8
-#if !_..a68c0194
-{"Wall..9d916ca2
-#endif..cb26f270
-..b9d6317b
-#endif..cb26f270
-..b9d6317b
-#if !_..715342c8
-#if !_..a68c0194
-{"Wall..6f913991
-#endif..cb26f270
-..b9d6317b
-#endif..cb26f270
-..b9d6317b
-#if !_..715342c8
-#if !_..a68c0194
-{"Comm..4ce175c5
-#endif..cb26f270
-..b9d6317b
-#endif..cb26f270
-..b9d6317b
-#if !_..a68c0194
-{"Comm..43978ab5
-#endif..cb26f270
-..b9d6317b
-#endif..cb26f270
-..b9d6317b
-#if !_..715342c8
-#if !_..715342c8
-#if !_..a68c0194
-{"Comm..66fbeea0
-#endif..cb26f270
-..b9d6317b
-#endif..cb26f270
-..b9d6317b
-#if !_..715342c8
-#if !_..a68c0194
-{"Dash..8dd6c330
-#endif..cb26f270
-..b9d6317b
-#endif..cb26f270
-..b9d6317b
-{"Comm..9c6a09f0
-#if !_..715342c8
-#if !_..a68c0194
-{"Wall..222443e9
-#endif..cb26f270
-..b9d6317b
-#endif..cb26f270
-..b9d6317b
-#if !_..715342c8
-#if !_..a68c0194
-{"Wall..d7bca157
-#endif..cb26f270
-..b9d6317b
-#endif..cb26f270
-..b9d6317b
-#if !_..715342c8
-#if !_..a68c0194
-{"Wall..bfb6eef1
-#endif..cb26f270
-..b9d6317b
-#endif..cb26f270
-..b9d6317b
-#if !_..715342c8
-#if !_..a68c0194
-{"Wall..553d3d18
-#endif..cb26f270
-..b9d6317b
-#endif..cb26f270
-..b9d6317b
-#if !_..715342c8
-#if !_..a68c0194
-{"Wall..599b9561
-#endif..cb26f270
-..b9d6317b
-#endif..cb26f270
-..b9d6317b
-#if !_..715342c8
-#if !_..a68c0194
-{"Wall..7eccbb77
-#endif..cb26f270
-..b9d6317b
-#endif..cb26f270
-..b9d6317b
-#if !_..715342c8
-#if !_..a68c0194
-{"Wall..82a090fa
-#endif..cb26f270
-..b9d6317b
-#endif..cb26f270
-..b9d6317b
-#if !_..715342c8
-#if !_..a68c0194
-{"Wall..628a5389
-#endif..cb26f270
-..b9d6317b
-#endif..cb26f270
-..b9d6317b
-#if !_..715342c8
-#if !_..a68c0194
-{"Wall..1e2b5b1b
-#endif..cb26f270
-..b9d6317b
-#endif..cb26f270
-..b9d6317b
-#if !_..715342c8
-#if !_..a68c0194
-{"Wall..c8224b54
-#endif..cb26f270
-..b9d6317b
-#endif..cb26f270
-..b9d6317b
-#if !_..715342c8
-#if !_..a68c0194
-{"Comm..32466c38
-#endif..cb26f270
-..b9d6317b
-#endif..cb26f270
-..b9d6317b
-#if !_..a68c0194
-{"Comm..966dc45b
-#endif..cb26f270
-..b9d6317b
-#endif..cb26f270
-..b9d6317b
-#if !_..715342c8
-#if !_..715342c8
-#if !_..a68c0194
-{"Dash..5e347aef
-#endif..cb26f270
-..b9d6317b
-#endif..cb26f270
-..b9d6317b
-#if !_..715342c8
-#if !_..a68c0194
-{"Wall..4b2d8bb5
-#endif..cb26f270
-..b9d6317b
-#endif..cb26f270
-..b9d6317b
-#if !_..715342c8
-#if !_..a68c0194
-{"Wall..504085bd
-#endif..cb26f270
-..b9d6317b
-#endif..cb26f270
-..b9d6317b
-#if !_..715342c8
-#if !_..a68c0194
-{"Wall..c23382a2
-#endif..cb26f270
-..b9d6317b
-#endif..cb26f270
-..b9d6317b
-#if !_..715342c8
-#if !_..a68c0194
-{"Wall..c8ca3b4b
-#endif..cb26f270
-..b9d6317b
-#endif..cb26f270
-..b9d6317b
-#if !_..715342c8
-#if !_..a68c0194
-{"Wall..8596442d
-#endif..cb26f270
-..b9d6317b
-#endif..cb26f270
-..b9d6317b
-#if !_..715342c8
-#if !_..a68c0194
-{"Wall..be9c7ca1
-#endif..cb26f270
-..b9d6317b
-#endif..cb26f270
-..b9d6317b
-#if !_..715342c8
-#if !_..a68c0194
-{"Wall..0b1ea97e
-#endif..cb26f270
-..b9d6317b
-#endif..cb26f270
-..b9d6317b
-#if !_..715342c8
-#if !_..a68c0194
-{"Wall..34075d2b
-#endif..cb26f270
-..b9d6317b
-#endif..cb26f270
-..b9d6317b
-#if !_..715342c8
-#if !_..a68c0194
-{"Wall..a24c90e3
-#endif..cb26f270
-..b9d6317b
-#endif..cb26f270
-..b9d6317b
-#if !_..715342c8
-#if !_..a68c0194
-{"Comm..234ca675
-#endif..cb26f270
-..b9d6317b
-#endif..cb26f270
-..b9d6317b
-#if !_..a68c0194
-{"Comm..a69e946b
-#endif..cb26f270
-..b9d6317b
-#endif..cb26f270
-..b9d6317b
-#if !_..715342c8
-#if !_..715342c8
-#if !_..a68c0194
-{"Comm..39d66751
-#endif..cb26f270
-..b9d6317b
-#endif..cb26f270
-..b9d6317b
-#if !_..715342c8
-#if !_..a68c0194
-{"Dash..19c47810
-#endif..cb26f270
-..b9d6317b
-#endif..cb26f270
-..b9d6317b
-#if !_..715342c8
-#if !_..a68c0194
-{"Wall..ff6795dd
-#endif..cb26f270
-..b9d6317b
-#endif..cb26f270
-..b9d6317b
-#if !_..715342c8
-#if !_..a68c0194
-{"Wall..4e027974
-#endif..cb26f270
-..b9d6317b
-#endif..cb26f270
-..b9d6317b
-#if !_..715342c8
-#if !_..a68c0194
-{"Wall..f4a0545c
-#endif..cb26f270
-..b9d6317b
-#endif..cb26f270
-..b9d6317b
-#if !_..715342c8
-#if !_..a68c0194
-{"Wall..674dd23d
-#endif..cb26f270
-..b9d6317b
-#endif..cb26f270
-..b9d6317b
-#if !_..715342c8
-#if !_..a68c0194
-{"Wall..9b1b8536
-#endif..cb26f270
-..b9d6317b
-#endif..cb26f270
-..b9d6317b
-#if !_..715342c8
-#if !_..a68c0194
-{"Wall..f8fae5ea
-#endif..cb26f270
-..b9d6317b
-#endif..cb26f270
-..b9d6317b
-#if !_..715342c8
-#if !_..a68c0194
-{"Wall..d6a8c5e1
-#endif..cb26f270
-..b9d6317b
-#endif..cb26f270
-..b9d6317b
-#if !_..715342c8
-#if !_..a68c0194
-{"Wall..304635ef
-#endif..cb26f270
-..b9d6317b
-#endif..cb26f270
-..b9d6317b
-#if !_..715342c8
-#if !_..a68c0194
-{"Wall..9908c1e0
-#endif..cb26f270
-..b9d6317b
-#endif..cb26f270
-..b9d6317b
-#if !_..715342c8
-#if !_..a68c0194
-{"Wall..4d079a08
-#endif..cb26f270
-..b9d6317b
-#endif..cb26f270
-..b9d6317b
-#if !_..715342c8
-#if !_..a68c0194
-{"Comm..c75c488d
-#endif..cb26f270
-..b9d6317b
-#endif..cb26f270
-..b9d6317b
-#if !_..a68c0194
-{"Comm..21411dd4
-#endif..cb26f270
-..b9d6317b
-#endif..cb26f270
-..b9d6317b
-#if !_..715342c8
-#if !_..715342c8
-#if !_..a68c0194
-{"Dash..4c25227b
-#endif..cb26f270
-..b9d6317b
-#endif..cb26f270
-..b9d6317b
-#if !_..715342c8
-#if !_..a68c0194
-{"Wall..56f00732
-#endif..cb26f270
-..b9d6317b
-#endif..cb26f270
-..b9d6317b
-#if !_..715342c8
-#if !_..a68c0194
-{"Wall..64199b94
-#endif..cb26f270
-..b9d6317b
-#endif..cb26f270
-..b9d6317b
-#if !_..715342c8
-#if !_..a68c0194
-{"Wall..fa963dc9
-#endif..cb26f270
-..b9d6317b
-#endif..cb26f270
-..b9d6317b
-#if !_..715342c8
-#if !_..a68c0194
-{"Wall..5184752a
-#endif..cb26f270
-..b9d6317b
-#endif..cb26f270
-..b9d6317b
-#if !_..715342c8
-#if !_..a68c0194
-{"Wall..03a5845c
-#endif..cb26f270
-..b9d6317b
-#endif..cb26f270
-..b9d6317b
-#if !_..715342c8
-#if !_..a68c0194
-{"Wall..7b1ddea4
-#endif..cb26f270
-..b9d6317b
-#endif..cb26f270
-..b9d6317b
-#if !_..715342c8
-#if !_..a68c0194
-{"Wall..b15f8c3a
-#endif..cb26f270
-..b9d6317b
-#endif..cb26f270
-..b9d6317b
-#if !_..715342c8
-#if !_..a68c0194
-{"Wall..4d5a167d
-#endif..cb26f270
-..b9d6317b
-#endif..cb26f270
-..b9d6317b
-#if !_..715342c8
-#if !_..a68c0194
-{"Wall..bfa2da76
-#endif..cb26f270
-..b9d6317b
-#endif..cb26f270
-..b9d6317b
-#if !_..715342c8
-#if !_..a68c0194
-{"Comm..a2a9f62a
-#endif..cb26f270
-..b9d6317b
-#endif..cb26f270
-..b9d6317b
-#if !_..a68c0194
-{"Comm..ad9a1be6
-#endif..cb26f270
-..b9d6317b
-#endif..cb26f270
-..b9d6317b
-#if !_..715342c8
-#if !_..715342c8
-#if !_..a68c0194
-{"Comm..2feb4824
-#endif..cb26f270
-..b9d6317b
-#endif..cb26f270
-..b9d6317b
-#if !_..715342c8
-#if !_..a68c0194
-{"Dash..355f1041
-#endif..cb26f270
-..b9d6317b
-#endif..cb26f270
-..b9d6317b
-#if !_..715342c8
-#if !_..a68c0194
-{"Wall..bca15b58
-#endif..cb26f270
-..b9d6317b
-#endif..cb26f270
-..b9d6317b
-#if !_..715342c8
-#if !_..a68c0194
-{"Wall..f6781b0e
-#endif..cb26f270
-..b9d6317b
-#endif..cb26f270
-..b9d6317b
-#if !_..715342c8
-#if !_..a68c0194
-{"Wall..dbd81cc0
-#endif..cb26f270
-..b9d6317b
-#endif..cb26f270
-..b9d6317b
-#if !_..715342c8
-#if !_..a68c0194
-{"Wall..32cb3636
-#endif..cb26f270
-..b9d6317b
-#endif..cb26f270
-..b9d6317b
-#if !_..715342c8
-#if !_..a68c0194
-{"Wall..ed066fad
-#endif..cb26f270
-..b9d6317b
-#endif..cb26f270
-..b9d6317b
-#if !_..715342c8
-#if !_..a68c0194
-{"Wall..64aaba2b
-#endif..cb26f270
-..b9d6317b
-#endif..cb26f270
-..b9d6317b
-#if !_..715342c8
-#if !_..a68c0194
-{"Wall..e6749c35
-#endif..cb26f270
-..b9d6317b
-#endif..cb26f270
-..b9d6317b
-#if !_..715342c8
-#if !_..a68c0194
-{"Wall..43bd4354
-#endif..cb26f270
-..b9d6317b
-#endif..cb26f270
-..b9d6317b
-#if !_..715342c8
-#if !_..a68c0194
-{"Wall..db91f811
-#endif..cb26f270
-..b9d6317b
-#endif..cb26f270
-..b9d6317b
-#if !_..715342c8
-#if !_..a68c0194
-{"Wall..388b2988
-#endif..cb26f270
-..b9d6317b
-#endif..cb26f270
-..b9d6317b
-#if !_..715342c8
-#if !_..a68c0194
-{"Comm..f290f951
-#endif..cb26f270
-..b9d6317b
-#endif..cb26f270
-..b9d6317b
-#if !_..a68c0194
-{"Comm..daed3c27
-#endif..cb26f270
-..b9d6317b
-#endif..cb26f270
-..b9d6317b
-#if !_..715342c8
-#if !_..715342c8
-#if !_..a68c0194
-{"Comm..c4d94332
-#endif..cb26f270
-..b9d6317b
-#endif..cb26f270
-..b9d6317b
-#if !_..715342c8
-#if !_..a68c0194
-{"Dash..bebdfc43
-#endif..cb26f270
-..b9d6317b
-#endif..cb26f270
-..b9d6317b
-#if !_..715342c8
-#if !_..a68c0194
-{"Wall..35cf05ee
-#endif..cb26f270
-..b9d6317b
-#endif..cb26f270
-..b9d6317b
-#if !_..715342c8
-#if !_..a68c0194
-{"Wall..b71c5251
-#endif..cb26f270
-..b9d6317b
-#endif..cb26f270
-..b9d6317b
-#if !_..715342c8
-#if !_..a68c0194
-{"Wall..d8f02f36
-#endif..cb26f270
-..b9d6317b
-#endif..cb26f270
-..b9d6317b
-#if !_..715342c8
-#if !_..a68c0194
-{"Wall..42806627
-#endif..cb26f270
-..b9d6317b
-#endif..cb26f270
-..b9d6317b
-#if !_..715342c8
-#if !_..a68c0194
-{"Wall..d35ee377
-#endif..cb26f270
-..b9d6317b
-#endif..cb26f270
-..b9d6317b
-#if !_..715342c8
-#if !_..a68c0194
-{"Wall..37e36d32
-#endif..cb26f270
-..b9d6317b
-#endif..cb26f270
-..b9d6317b
-#if !_..715342c8
-#if !_..a68c0194
-{"Wall..5bd4bfb8
-#endif..cb26f270
-..b9d6317b
-#endif..cb26f270
-..b9d6317b
-#if !_..715342c8
-#if !_..a68c0194
-{"Wall..2c15ae5c
-#endif..cb26f270
-..b9d6317b
-#endif..cb26f270
-..b9d6317b
-#if !_..715342c8
-#if !_..a68c0194
-{"Wall..e15ddd70
-#endif..cb26f270
-..b9d6317b
-#endif..cb26f270
-..b9d6317b
-#if !_..715342c8
-#if !_..a68c0194
-{"Wall..5449768a
-#endif..cb26f270
-..b9d6317b
-#endif..cb26f270
-..b9d6317b
+{"Comm..16ed2c58
-#if !_..715342c8
-#if !_..a68c0194
-{"Comm..570824be
-#endif..cb26f270
-..b9d6317b
-#endif..cb26f270
-..b9d6317b
+{"Comm..694d4a71
-#if !_..a68c0194
-{"Comm..b70bad3e
+{"Comm..df4ff57e
-#endif..cb26f270
-..b9d6317b
-{"Comm..dec08f31
+{"Comm..c3e9729f
+{"Comm..8da50479
+{"Comm..30d19455
-#if !_..715342c8
-#if !_..a68c0194
-{"Dash..72cc254c
-#endif..cb26f270
-..b9d6317b
-#endif..cb26f270
-..b9d6317b
+{"Wall..2ba110c0
+{"Wall..fde6f9a6
+{"Wall..b91ce12a
+{"Wall..f0eddf45
+{"Wall..aef5839a
+{"Wall..98d8ba46
+{"Wall..71cf6ae1
+{"Wall..1c96ff13
+{"Wall..83205c69
+{"Wall..eb9cd01f
+{"Wall..be179146
+{"Wall..8b9de1ad
+{"Wall..30d8f69d
+{"Wall..4fb7d3ea
+{"Wall..92754b65
+{"Wall..9abef71e
+{"Wall..9330def4
+{"Wall..f40b0e35
+{"Wall..8a0e3339
+{"Wall..e87aa608
+{"Wall..94a61aad
+{"Wall..936eae7e
+{"Wall..f5ecaa55
+{"Wall..58dfafc5
+{"Wall..158542fa
+{"Wall..0317f0ed
-#if !_..715342c8
-#if !_..a68c0194
-{"Wall..3ecf1df3
-#endif..cb26f270
-..b9d6317b
-#endif..cb26f270
-..b9d6317b
-#if !_..715342c8
-#if !_..a68c0194
-{"Wall..63cf3dc4
-#endif..cb26f270
-..b9d6317b
-#endif..cb26f270
-..b9d6317b
-#if !_..715342c8
-#if !_..a68c0194
-{"Wall..c9ae5f37
-#endif..cb26f270
-..b9d6317b
-#endif..cb26f270
-..b9d6317b
-#if !_..715342c8
-#if !_..a68c0194
-{"Wall..76ee39cc
-#endif..cb26f270
-..b9d6317b
-#endif..cb26f270
-..b9d6317b
-#if !_..715342c8
-#if !_..a68c0194
-{"Wall..64f64207
-#endif..cb26f270
-..b9d6317b
-#endif..cb26f270
-..b9d6317b
+{"Wall..c7d183f2
+{"Wall..c55cc314
-{"Wall..553c822e
+{"Wall..b933ab04
+{"Wall..d20fb3e2
+{"Wall..5b958b54
-{"Wall..6862c574
+{"Wall..bdfee180
+{"Wall..9e9ad617
+{"Wall..3c1205a1
+#if !_..8220b8ab
+{"Wall..f0ea0fe3
+#endif..8bea86e0
+..438e2014
+#if !_..e802f21d
+{"Wall..fc717f86
+#endif..8bea86e0
+..438e2014
+#if !_..8220b8ab
+{"Wall..755d5d66
+#endif..8bea86e0
+..438e2014
+{"Wall..5509d04c
+{"Wall..76a371d6
+{"Wall..b533d5ca
+{"Wall..94a5f85e
+#if !_..e802f21d
+{"Wall..35f0bdc4
+#endif..8bea86e0
+..438e2014
-{"Wall..459d5e3f
-{"Wall..8b1b1d79
+{"Wall..be8b24bd
+{"Wall..3abade8c
+{"Wall..aeb211bb
-{"Wall..d7fb8bd6
+{"Wall..199027cc
+{"Wall..aeba86a6
-#if !_..715342c8
-#if !_..a68c0194
-{"Wall..ba14b813
-#endif..cb26f270
-..b9d6317b
-#endif..cb26f270
-..b9d6317b
-#if !_..715342c8
-#if !_..a68c0194
-{"Wall..176eea4b
-#endif..cb26f270
-..b9d6317b
-#endif..cb26f270
-..b9d6317b
-{"Wall..0fc22ba7
+{"Wall..559011c7
+{"Wall..d70160e8
-{"Wall..c01e1dc1
+{"Wall..fe56ba00
-#if !_..715342c8
-#if !_..a68c0194
-{"Wall..79c5180a
-#endif..cb26f270
-..b9d6317b
-#endif..cb26f270
-..b9d6317b
+{"Wall..f66645c9
+{"Wall..9404e9f4
+{"Wall..daa85d79
+{"Wall..e20c3749
+#if !_..e802f21d
+{"Wall..5e222025
+#endif..8bea86e0
+..438e2014
+{"Wall..61ebc069
-#if !_..715342c8
-#if !_..a68c0194
-{"Wall..1eb511ae
-#endif..cb26f270
-..b9d6317b
-#endif..cb26f270
-..b9d6317b
+{"Wall..450f25f4
-#if !_..715342c8
-#if !_..a68c0194
-{"Comm..26af12f7
-#endif..cb26f270
-..b9d6317b
-#endif..cb26f270
-..b9d6317b
-#if !_..a68c0194
-{"Comm..7a54f30e
-#endif..cb26f270
-..b9d6317b
-#endif..cb26f270
-..b9d6317b
-#if !_..715342c8
-#if !_..715342c8
-#if !_..a68c0194
-{"Comm..6f6a7f66
-#endif..cb26f270
-..b9d6317b
-#endif..cb26f270
-..b9d6317b
-#if !_..715342c8
-#if !_..a68c0194
-{"Dash..76eb73d0
-#endif..cb26f270
-..b9d6317b
-#endif..cb26f270
-..b9d6317b
-{"Comm..46f64355
-#if !_..715342c8
-#if !_..a68c0194
-{"Wall..c28bd4b5
-#endif..cb26f270
-..b9d6317b
-#endif..cb26f270
-..b9d6317b
-#if !_..715342c8
-#if !_..a68c0194
-{"Wall..d92f2c08
-#endif..cb26f270
-..b9d6317b
-#endif..cb26f270
-..b9d6317b
-#if !_..715342c8
-#if !_..a68c0194
-{"Wall..97460d19
-#endif..cb26f270
-..b9d6317b
-#endif..cb26f270
-..b9d6317b
-#if !_..715342c8
-#if !_..a68c0194
-{"Wall..f6acaaca
-#endif..cb26f270
-..b9d6317b
-#endif..cb26f270
-..b9d6317b
-#if !_..715342c8
-#if !_..a68c0194
-{"Wall..967ae4c7
-#endif..cb26f270
-..b9d6317b
-#endif..cb26f270
-..b9d6317b
-#if !_..715342c8
-#if !_..a68c0194
-{"Wall..2a4e88b9
-#endif..cb26f270
-..b9d6317b
-#endif..cb26f270
-..b9d6317b
-#if !_..715342c8
-#if !_..a68c0194
-{"Wall..0084d203
-#endif..cb26f270
-..b9d6317b
-#endif..cb26f270
-..b9d6317b
-#if !_..715342c8
-#if !_..a68c0194
-{"Wall..c75db9c4
-#endif..cb26f270
-..b9d6317b
-#endif..cb26f270
-..b9d6317b
-#if !_..715342c8
-#if !_..a68c0194
-{"Wall..199fd4a4
-#endif..cb26f270
-..b9d6317b
-#endif..cb26f270
-..b9d6317b
-#if !_..715342c8
-#if !_..a68c0194
-{"Wall..13d39c52
-#endif..cb26f270
-..b9d6317b
-#endif..cb26f270
-..b9d6317b
-#if !_..715342c8
-#if !_..a68c0194
-{"Comm..023df6d8
-#endif..cb26f270
-..b9d6317b
-#endif..cb26f270
-..b9d6317b
-#if !_..a68c0194
-{"Comm..f8742fe5
-#endif..cb26f270
-..b9d6317b
-#endif..cb26f270
-..b9d6317b
-#if !_..715342c8
-#if !_..715342c8
-#if !_..a68c0194
-{"Comm..97ac2f1b
-#endif..cb26f270
-..b9d6317b
-#endif..cb26f270
-..b9d6317b
-#if !_..715342c8
-#if !_..a68c0194
-{"Dash..0804f3f2
-#endif..cb26f270
-..b9d6317b
-#endif..cb26f270
-..b9d6317b
-#if !_..715342c8
-#if !_..a68c0194
-{"Wall..1465a26e
-#endif..cb26f270
-..b9d6317b
-#endif..cb26f270
-..b9d6317b
-#if !_..715342c8
-#if !_..a68c0194
-{"Wall..e01d9918
-#endif..cb26f270
-..b9d6317b
-#endif..cb26f270
-..b9d6317b
-#if !_..715342c8
-#if !_..a68c0194
-{"Wall..d0ee4932
-#endif..cb26f270
-..b9d6317b
-#endif..cb26f270
-..b9d6317b
-#if !_..715342c8
-#if !_..a68c0194
-{"Wall..3226ebbd
-#endif..cb26f270
-..b9d6317b
-#endif..cb26f270
-..b9d6317b
-#if !_..715342c8
-#if !_..a68c0194
-{"Wall..ecff4217
-#endif..cb26f270
-..b9d6317b
-#endif..cb26f270
-..b9d6317b
-#if !_..715342c8
-#if !_..a68c0194
-{"Wall..4f690776
-#endif..cb26f270
-..b9d6317b
-#endif..cb26f270
-..b9d6317b
-#if !_..715342c8
-#if !_..a68c0194
-{"Wall..ececed8f
-#endif..cb26f270
-..b9d6317b
-#endif..cb26f270
-..b9d6317b
-#if !_..715342c8
-#if !_..a68c0194
-{"Wall..2f5a43ce
-#endif..cb26f270
-..b9d6317b
-#endif..cb26f270
-..b9d6317b
-#if !_..715342c8
-#if !_..a68c0194
-{"Wall..7c24f6c7
-#endif..cb26f270
-..b9d6317b
-#endif..cb26f270
-..b9d6317b
-#if !_..715342c8
-#if !_..a68c0194
-{"Wall..3923de6f
-#endif..cb26f270
-..b9d6317b
-#endif..cb26f270
-..b9d6317b
-#if !_..715342c8
-#if !_..a68c0194
-{"Comm..e98fdfbe
-#endif..cb26f270
-..b9d6317b
-#endif..cb26f270
-..b9d6317b
-#if !_..a68c0194
-{"Comm..21411dd4
-#endif..cb26f270
-..b9d6317b
-#endif..cb26f270
-..b9d6317b
-#if !_..715342c8
-#if !_..715342c8
-#if !_..a68c0194
-{"Dash..478a18f2
-#endif..cb26f270
-..b9d6317b
-#endif..cb26f270
-..b9d6317b
-#if !_..715342c8
-#if !_..a68c0194
-{"Wall..a27b4c7e
-#endif..cb26f270
-..b9d6317b
-#endif..cb26f270
-..b9d6317b
-#if !_..715342c8
-#if !_..a68c0194
-{"Wall..f5bb0373
-#endif..cb26f270
-..b9d6317b
-#endif..cb26f270
-..b9d6317b
-#if !_..715342c8
-#if !_..a68c0194
-{"Wall..957edea5
-#endif..cb26f270
-..b9d6317b
-#endif..cb26f270
-..b9d6317b
-#if !_..715342c8
-#if !_..a68c0194
-{"Wall..1644451d
-#endif..cb26f270
-..b9d6317b
-#endif..cb26f270
-..b9d6317b
-#if !_..715342c8
-#if !_..a68c0194
-{"Wall..8ccfe652
-#endif..cb26f270
-..b9d6317b
-#endif..cb26f270
-..b9d6317b
-#if !_..715342c8
-#if !_..a68c0194
-{"Wall..8b204441
-#endif..cb26f270
-..b9d6317b
-#endif..cb26f270
-..b9d6317b
-#if !_..715342c8
-#if !_..a68c0194
-{"Wall..223c94ba
-#endif..cb26f270
-..b9d6317b
-#endif..cb26f270
-..b9d6317b
-#if !_..715342c8
-#if !_..a68c0194
-{"Wall..d41bf744
-#endif..cb26f270
-..b9d6317b
-#endif..cb26f270
-..b9d6317b
-#if !_..715342c8
-#if !_..a68c0194
-{"Wall..72560211
-#endif..cb26f270
-..b9d6317b
-#endif..cb26f270
-..b9d6317b
-#if !_..715342c8
-#if !_..a68c0194
-{"Comm..4ca01b73
-#endif..cb26f270
-..b9d6317b
-#endif..cb26f270
-..b9d6317b
-#if !_..a68c0194
-{"Comm..e1e17774
-#endif..cb26f270
-..b9d6317b
-#endif..cb26f270
-..b9d6317b
-#if !_..715342c8
-#if !_..715342c8
-#if !_..a68c0194
-{"Comm..d93418b5
-#endif..cb26f270
-..b9d6317b
-#endif..cb26f270
-..b9d6317b
-#if !_..715342c8
-#if !_..a68c0194
-{"Dash..31818c0f
-#endif..cb26f270
-..b9d6317b
-#endif..cb26f270
-..b9d6317b
-#if !_..715342c8
-#if !_..a68c0194
-{"Wall..426ec2e3
-#endif..cb26f270
-..b9d6317b
-#endif..cb26f270
-..b9d6317b
-#if !_..715342c8
-#if !_..a68c0194
-{"Wall..57703e16
-#endif..cb26f270
-..b9d6317b
-#endif..cb26f270
-..b9d6317b
-#if !_..715342c8
-#if !_..a68c0194
-{"Wall..00777c2e
-#endif..cb26f270
-..b9d6317b
-#endif..cb26f270
-..b9d6317b
-#if !_..715342c8
-#if !_..a68c0194
-{"Wall..5edae49f
-#endif..cb26f270
-..b9d6317b
-#endif..cb26f270
-..b9d6317b
-#if !_..715342c8
-#if !_..a68c0194
-{"Wall..7ebfd09c
-#endif..cb26f270
-..b9d6317b
-#endif..cb26f270
-..b9d6317b
-#if !_..715342c8
-#if !_..a68c0194
-{"Wall..9dc156d9
-#endif..cb26f270
-..b9d6317b
-#endif..cb26f270
-..b9d6317b
-#if !_..715342c8
-#if !_..a68c0194
-{"Wall..76b0240d
-#endif..cb26f270
-..b9d6317b
-#endif..cb26f270
-..b9d6317b
-#if !_..715342c8
-#if !_..a68c0194
-{"Wall..f11d3292
-#endif..cb26f270
-..b9d6317b
-#endif..cb26f270
-..b9d6317b
-#if !_..715342c8
-#if !_..a68c0194
-{"Wall..6f0ebdb6
-#endif..cb26f270
-..b9d6317b
-#endif..cb26f270
-..b9d6317b
-#if !_..715342c8
-#if !_..a68c0194
-{"Wall..de847e58
-#endif..cb26f270
-..b9d6317b
-#endif..cb26f270
-..b9d6317b
-#if !_..715342c8
-#if !_..a68c0194
-{"Comm..6229ada2
-#endif..cb26f270
-..b9d6317b
-#endif..cb26f270
-..b9d6317b
-#if !_..a68c0194
-{"Comm..83f1b571
-#endif..cb26f270
-..b9d6317b
-#endif..cb26f270
-..b9d6317b
-#if !_..715342c8
-#if !_..715342c8
-#if !_..a68c0194
-{"Comm..b9ac512f
-#endif..cb26f270
-..b9d6317b
-#endif..cb26f270
-..b9d6317b
-#if !_..715342c8
-#if !_..a68c0194
-{"Dash..f42a805d
-#endif..cb26f270
-..b9d6317b
-#endif..cb26f270
-..b9d6317b
-#if !_..715342c8
-#if !_..a68c0194
-{"Wall..7c2f849f
-#endif..cb26f270
-..b9d6317b
-#endif..cb26f270
-..b9d6317b
-#if !_..715342c8
-#if !_..a68c0194
-{"Wall..2cfa32fc
-#endif..cb26f270
-..b9d6317b
-#endif..cb26f270
-..b9d6317b
-#if !_..715342c8
-#if !_..a68c0194
-{"Wall..bf7a3765
-#endif..cb26f270
-..b9d6317b
-#endif..cb26f270
-..b9d6317b
-#if !_..715342c8
-#if !_..a68c0194
-{"Wall..25e6a48b
-#endif..cb26f270
-..b9d6317b
-#endif..cb26f270
-..b9d6317b
-#if !_..715342c8
-#if !_..a68c0194
-{"Wall..1fa735fc
-#endif..cb26f270
-..b9d6317b
-#endif..cb26f270
-..b9d6317b
-#if !_..715342c8
-#if !_..a68c0194
-{"Wall..97b0366e
-#endif..cb26f270
-..b9d6317b
-#endif..cb26f270
-..b9d6317b
-#if !_..715342c8
-#if !_..a68c0194
-{"Wall..a9a2484f
-#endif..cb26f270
-..b9d6317b
-#endif..cb26f270
-..b9d6317b
-#if !_..715342c8
-#if !_..a68c0194
-{"Wall..be119522
-#endif..cb26f270
-..b9d6317b
-#endif..cb26f270
-..b9d6317b
-#if !_..715342c8
-#if !_..a68c0194
-{"Wall..ee6b413e
-#endif..cb26f270
-..b9d6317b
-#endif..cb26f270
-..b9d6317b
-#if !_..715342c8
-#if !_..a68c0194
-{"Wall..ad9755d3
-#endif..cb26f270
-..b9d6317b
-#endif..cb26f270
-..b9d6317b
-#if !_..715342c8
-#if !_..a68c0194
-{"Comm..fbc5fc6b
-#endif..cb26f270
-..b9d6317b
-#endif..cb26f270
-..b9d6317b
-#if !_..a68c0194
-{"Comm..21411dd4
-#endif..cb26f270
-..b9d6317b
-#endif..cb26f270
-..b9d6317b
-#if !_..715342c8
-#if !_..715342c8
-#if !_..a68c0194
-{"Comm..6b163b21
-#endif..cb26f270
-..b9d6317b
-#endif..cb26f270
-..b9d6317b
-#if !_..715342c8
-#if !_..a68c0194
-{"Dash..b47f7ad1
-#endif..cb26f270
-..b9d6317b
-#endif..cb26f270
-..b9d6317b
-#if !_..715342c8
-#if !_..a68c0194
-{"Wall..a18bba7d
-#endif..cb26f270
-..b9d6317b
-#endif..cb26f270
-..b9d6317b
-#if !_..715342c8
-#if !_..a68c0194
-{"Wall..33982fae
-#endif..cb26f270
-..b9d6317b
-#endif..cb26f270
-..b9d6317b
-#if !_..715342c8
-#if !_..a68c0194
-{"Wall..068f13bf
-#endif..cb26f270
-..b9d6317b
-#endif..cb26f270
-..b9d6317b
-#if !_..715342c8
-#if !_..a68c0194
-{"Wall..f7c206f3
-#endif..cb26f270
-..b9d6317b
-#endif..cb26f270
-..b9d6317b
-#if !_..715342c8
-#if !_..a68c0194
-{"Wall..5643de18
-#endif..cb26f270
-..b9d6317b
-#endif..cb26f270
-..b9d6317b
-#if !_..715342c8
-#if !_..a68c0194
-{"Wall..30556cf7
-#endif..cb26f270
-..b9d6317b
-#endif..cb26f270
-..b9d6317b
-#if !_..715342c8
-#if !_..a68c0194
-{"Wall..2b2ba72a
-#endif..cb26f270
-..b9d6317b
-#endif..cb26f270
-..b9d6317b
-#if !_..715342c8
-#if !_..a68c0194
-{"Wall..a47a1299
-#endif..cb26f270
-..b9d6317b
-#endif..cb26f270
-..b9d6317b
-#if !_..715342c8
-#if !_..a68c0194
-{"Wall..971866b7
-#endif..cb26f270
-..b9d6317b
-#endif..cb26f270
-..b9d6317b
-#if !_..715342c8
-#if !_..a68c0194
-{"Wall..048f48b5
-#endif..cb26f270
-..b9d6317b
-#endif..cb26f270
-..b9d6317b
-#if !_..715342c8
-#if !_..a68c0194
-{"Comm..62d77635
-#endif..cb26f270
-..b9d6317b
-#endif..cb26f270
-..b9d6317b
-#if !_..a68c0194
-{"Comm..21411dd4
-#endif..cb26f270
-..b9d6317b
-#endif..cb26f270
-..b9d6317b
-#if !_..715342c8
-#if !_..715342c8
-#if !_..a68c0194
-{"Comm..e2871350
-#endif..cb26f270
-..b9d6317b
-#endif..cb26f270
-..b9d6317b
-#if !_..715342c8
-#if !_..a68c0194
-{"Dash..73b7fdba
-#endif..cb26f270
-..b9d6317b
-#endif..cb26f270
-..b9d6317b
-#if !_..715342c8
-#if !_..a68c0194
-{"Wall..e7abbd36
-#endif..cb26f270
-..b9d6317b
-#endif..cb26f270
-..b9d6317b
-#if !_..715342c8
-#if !_..a68c0194
-{"Wall..4af4bd47
-#endif..cb26f270
-..b9d6317b
-#endif..cb26f270
-..b9d6317b
-#if !_..715342c8
-#if !_..a68c0194
-{"Wall..6d7dbc2a
-#endif..cb26f270
-..b9d6317b
-#endif..cb26f270
-..b9d6317b
-#if !_..715342c8
-#if !_..a68c0194
-{"Wall..099aecca
-#endif..cb26f270
-..b9d6317b
-#endif..cb26f270
-..b9d6317b
-#if !_..715342c8
-#if !_..a68c0194
-{"Wall..aa5099cd
-#endif..cb26f270
-..b9d6317b
-#endif..cb26f270
-..b9d6317b
-#if !_..715342c8
-#if !_..a68c0194
-{"Wall..d0c5f48b
-#endif..cb26f270
-..b9d6317b
-#endif..cb26f270
-..b9d6317b
-#if !_..715342c8
-#if !_..a68c0194
-{"Wall..839bef97
-#endif..cb26f270
-..b9d6317b
-#endif..cb26f270
-..b9d6317b
-#if !_..715342c8
-#if !_..a68c0194
-{"Wall..2039c6be
-#endif..cb26f270
-..b9d6317b
-#endif..cb26f270
-..b9d6317b
-#if !_..715342c8
-#if !_..a68c0194
-{"Wall..60d728fe
-#endif..cb26f270
-..b9d6317b
-#endif..cb26f270
-..b9d6317b
-#if !_..715342c8
-#if !_..a68c0194
-{"Wall..220c49a4
-#endif..cb26f270
-..b9d6317b
-#endif..cb26f270
-..b9d6317b
-#if !_..715342c8
-#if !_..a68c0194
-{"Comm..6f74dee2
-#endif..cb26f270
-..b9d6317b
-#endif..cb26f270
-..b9d6317b
-#if !_..a68c0194
-{"Comm..d9a6d21c
-#endif..cb26f270
-..b9d6317b
-#endif..cb26f270
-..b9d6317b
-#if !_..715342c8
+{"Comm..253a7c32
-#if !_..715342c8
-#if !_..a68c0194
-{"Comm..e54f9a78
-#endif..cb26f270
-..b9d6317b
-#endif..cb26f270
-..b9d6317b
-#if !_..715342c8
-#if !_..a68c0194
-{"Dash..72b8b57c
-#endif..cb26f270
-..b9d6317b
-#endif..cb26f270
-..b9d6317b
-#if !_..715342c8
-#if !_..a68c0194
-{"Wall..10d46bd6
-#endif..cb26f270
-..b9d6317b
-#endif..cb26f270
-..b9d6317b
-#if !_..715342c8
-#if !_..a68c0194
-{"Wall..c2720c52
-#endif..cb26f270
-..b9d6317b
-#endif..cb26f270
-..b9d6317b
-#if !_..715342c8
-#if !_..a68c0194
-{"Wall..8c73d3c7
-#endif..cb26f270
-..b9d6317b
-#endif..cb26f270
-..b9d6317b
-#if !_..715342c8
-#if !_..a68c0194
-{"Wall..05381800
-#endif..cb26f270
-..b9d6317b
-#endif..cb26f270
-..b9d6317b
-#if !_..715342c8
-#if !_..a68c0194
-{"Wall..fc0f5997
-#endif..cb26f270
-..b9d6317b
-#endif..cb26f270
-..b9d6317b
-#if !_..715342c8
-#if !_..a68c0194
-{"Wall..65210183
-#endif..cb26f270
-..b9d6317b
-#endif..cb26f270
-..b9d6317b
-#if !_..715342c8
-#if !_..a68c0194
-{"Wall..188c8000
-#endif..cb26f270
-..b9d6317b
-#endif..cb26f270
-..b9d6317b
-#if !_..715342c8
-#if !_..a68c0194
-{"Wall..c3f81ceb
-#endif..cb26f270
-..b9d6317b
-#endif..cb26f270
-..b9d6317b
-#if !_..715342c8
-#if !_..a68c0194
-{"Wall..317ed95c
-#endif..cb26f270
-..b9d6317b
-#endif..cb26f270
-..b9d6317b
-#if !_..715342c8
-#if !_..a68c0194
-{"Wall..d0508b14
-#endif..cb26f270
-..b9d6317b
-#endif..cb26f270
-..b9d6317b
-#if !_..715342c8
-#if !_..a68c0194
-{"Comm..c39ecde4
-#endif..cb26f270
-..b9d6317b
-#endif..cb26f270
-..b9d6317b
-#if !_..715342c8
-#if !_..a68c0194
-{"Comm..21411dd4
-#endif..cb26f270
-..b9d6317b
-#endif..cb26f270
-..b9d6317b
-#if !_..715342c8
-#if !_..a68c0194
-{"Dash..4bd9afd2
-#endif..cb26f270
-..b9d6317b
-#endif..cb26f270
-..b9d6317b
-#if !_..715342c8
-#if !_..a68c0194
-{"Wall..2e3a22c0
-#endif..cb26f270
-..b9d6317b
-#endif..cb26f270
-..b9d6317b
-#if !_..715342c8
-#if !_..a68c0194
-{"Wall..f91efe70
-#endif..cb26f270
-..b9d6317b
-#endif..cb26f270
-..b9d6317b
-#if !_..715342c8
-#if !_..a68c0194
-{"Wall..aee929d9
-#endif..cb26f270
-..b9d6317b
-#endif..cb26f270
-..b9d6317b
-#if !_..715342c8
-#if !_..a68c0194
-{"Wall..1dc40423
-#endif..cb26f270
-..b9d6317b
-#endif..cb26f270
-..b9d6317b
-#if !_..715342c8
-#if !_..a68c0194
-{"Wall..e8beacef
-#endif..cb26f270
-..b9d6317b
-#endif..cb26f270
-..b9d6317b
-#if !_..715342c8
-#if !_..a68c0194
-{"Wall..9cafa7fd
-#endif..cb26f270
-..b9d6317b
-#endif..cb26f270
-..b9d6317b
-#if !_..715342c8
-#if !_..a68c0194
-{"Wall..bcc58739
-#endif..cb26f270
-..b9d6317b
-#endif..cb26f270
-..b9d6317b
-#if !_..715342c8
-#if !_..a68c0194
-{"Comm..8f1f6660
-#endif..cb26f270
-..b9d6317b
-#endif..cb26f270
-..b9d6317b
-#if !_..a68c0194
-{"Comm..e0b60f38
-#endif..cb26f270
-..b9d6317b
-#endif..cb26f270
-..b9d6317b
-#if !_..715342c8
-#if !_..715342c8
-#if !_..a68c0194
-{"Dash..aea68ebf
-#endif..cb26f270
-..b9d6317b
-#endif..cb26f270
-..b9d6317b
-#if !_..715342c8
-#if !_..a68c0194
-{"Wall..374f5bff
-#endif..cb26f270
-..b9d6317b
-#endif..cb26f270
-..b9d6317b
-#if !_..715342c8
-#if !_..a68c0194
-{"Wall..5c0bff25
-#endif..cb26f270
-..b9d6317b
-#endif..cb26f270
-..b9d6317b
-#if !_..715342c8
-#if !_..a68c0194
-{"Wall..7401dda6
-#endif..cb26f270
-..b9d6317b
-#endif..cb26f270
-..b9d6317b
-#if !_..715342c8
-#if !_..a68c0194
-{"Wall..e04e3bba
-#endif..cb26f270
-..b9d6317b
-#endif..cb26f270
-..b9d6317b
-#if !_..715342c8
-#if !_..a68c0194
-{"Wall..6d850c4b
-#endif..cb26f270
-..b9d6317b
-#endif..cb26f270
-..b9d6317b
-#if !_..715342c8
-#if !_..a68c0194
-{"Wall..8d490a10
-#endif..cb26f270
-..b9d6317b
-#endif..cb26f270
-..b9d6317b
-#if !_..715342c8
-#if !_..a68c0194
-{"Wall..56bfe2b1
-#endif..cb26f270
-..b9d6317b
-#endif..cb26f270
-..b9d6317b
-#if !_..715342c8
-#if !_..a68c0194
-{"Wall..931e2125
-#endif..cb26f270
-..b9d6317b
-#endif..cb26f270
-..b9d6317b
-#if !_..715342c8
-#if !_..a68c0194
-{"Wall..19a97b39
-#endif..cb26f270
-..b9d6317b
-#endif..cb26f270
-..b9d6317b
-#if !_..715342c8
-#if !_..a68c0194
-{"Comm..4f190789
-#endif..cb26f270
-..b9d6317b
-#endif..cb26f270
-..b9d6317b
-#if !_..715342c8
-#if !_..a68c0194
-{"Comm..21411dd4
-#endif..cb26f270
-..b9d6317b
-#endif..cb26f270
-..b9d6317b
-#if !_..715342c8
-#if !_..a68c0194
-{"Dash..8197c23c
-#endif..cb26f270
-..b9d6317b
-#endif..cb26f270
-..b9d6317b
-#if !_..715342c8
-#if !_..a68c0194
-{"Wall..746686a3
-#endif..cb26f270
-..b9d6317b
-#endif..cb26f270
-..b9d6317b
-#if !_..715342c8
-#if !_..a68c0194
-{"Wall..5ebe0791
-#endif..cb26f270
-..b9d6317b
-#endif..cb26f270
-..b9d6317b
-#if !_..715342c8
-#if !_..a68c0194
-{"Wall..2488c655
-#endif..cb26f270
-..b9d6317b
-#endif..cb26f270
-..b9d6317b
-#if !_..715342c8
-#if !_..a68c0194
-{"Wall..a16a759b
-#endif..cb26f270
-..b9d6317b
-#endif..cb26f270
-..b9d6317b
-#if !_..715342c8
-#if !_..a68c0194
-{"Wall..9545f5d2
-#endif..cb26f270
-..b9d6317b
-#endif..cb26f270
-..b9d6317b
-#if !_..715342c8
-#if !_..a68c0194
-{"Wall..04ac548e
-#endif..cb26f270
-..b9d6317b
-#endif..cb26f270
-..b9d6317b
-#if !_..715342c8
-#if !_..a68c0194
-{"Wall..bd4f5649
-#endif..cb26f270
-..b9d6317b
-#endif..cb26f270
-..b9d6317b
-#if !_..715342c8
-#if !_..a68c0194
-{"Comm..693f9e49
-#endif..cb26f270
-..b9d6317b
-#endif..cb26f270
-..b9d6317b
-#if !_..715342c8
-#if !_..a68c0194
-{"Comm..d35f9c6d
-#endif..cb26f270
-..b9d6317b
-#endif..cb26f270
-..b9d6317b
-#if !_..715342c8
-#if !_..a68c0194
-{"Dash..dca17d37
-#endif..cb26f270
-..b9d6317b
-#endif..cb26f270
-..b9d6317b
-#if !_..715342c8
-#if !_..a68c0194
-{"Wall..8374f707
-#endif..cb26f270
-..b9d6317b
-#endif..cb26f270
-..b9d6317b
-#if !_..715342c8
-#if !_..a68c0194
-{"Wall..74355783
-#endif..cb26f270
-..b9d6317b
-#endif..cb26f270
-..b9d6317b
-#if !_..715342c8
-#if !_..a68c0194
-{"Wall..085b9d0f
-#endif..cb26f270
-..b9d6317b
-#endif..cb26f270
-..b9d6317b
-#if !_..715342c8
-#if !_..a68c0194
-{"Wall..4feb494b
-#endif..cb26f270
-..b9d6317b
-#endif..cb26f270
-..b9d6317b
-#if !_..715342c8
-#if !_..a68c0194
-{"Wall..448f645b
-#endif..cb26f270
-..b9d6317b
-#endif..cb26f270
-..b9d6317b
-#if !_..715342c8
-#if !_..a68c0194
-{"Wall..948887e9
-#endif..cb26f270
-..b9d6317b
-#endif..cb26f270
-..b9d6317b
-#if !_..715342c8
-#if !_..a68c0194
-{"Wall..3b5089b7
-#endif..cb26f270
-..b9d6317b
-#endif..cb26f270
-..b9d6317b
-#if !_..715342c8
-#if !_..a68c0194
-{"Comm..de89131b
-#endif..cb26f270
-..b9d6317b
-#endif..cb26f270
-..b9d6317b
-#if !_..a68c0194
-{"Comm..5e953281
-#endif..cb26f270
-..b9d6317b
-#endif..cb26f270
-..b9d6317b
-#if !_..715342c8
-#if !_..715342c8
-#if !_..a68c0194
-{"Comm..882252da
-#endif..cb26f270
-..b9d6317b
-#endif..cb26f270
-..b9d6317b
-#if !_..715342c8
-#if !_..a68c0194
-{"Dash..e104604f
-#endif..cb26f270
-..b9d6317b
-#endif..cb26f270
-..b9d6317b
-{"Comm..c84fe7c3
-#if !_..715342c8
-#if !_..a68c0194
-{"Wall..cbee1618
-#endif..cb26f270
-..b9d6317b
-#endif..cb26f270
-..b9d6317b
-#if !_..715342c8
-#if !_..a68c0194
-{"Wall..1e3d129b
-#endif..cb26f270
-..b9d6317b
-#endif..cb26f270
-..b9d6317b
-#if !_..715342c8
-#if !_..a68c0194
-{"Wall..30a833e1
-#endif..cb26f270
-..b9d6317b
-#endif..cb26f270
-..b9d6317b
-#if !_..715342c8
-#if !_..a68c0194
-{"Wall..1dfc5235
-#endif..cb26f270
-..b9d6317b
-#endif..cb26f270
-..b9d6317b
-#if !_..715342c8
-#if !_..a68c0194
-{"Wall..97607bad
-#endif..cb26f270
-..b9d6317b
-#endif..cb26f270
-..b9d6317b
-#if !_..715342c8
-#if !_..a68c0194
-{"Wall..c4878025
-#endif..cb26f270
-..b9d6317b
-#endif..cb26f270
-..b9d6317b
-#if !_..715342c8
-#if !_..a68c0194
-{"Wall..83928972
-#endif..cb26f270
-..b9d6317b
-#endif..cb26f270
-..b9d6317b
-#if !_..715342c8
-#if !_..a68c0194
-{"Wall..d5b86c43
-#endif..cb26f270
-..b9d6317b
-#endif..cb26f270
-..b9d6317b
-#if !_..715342c8
-#if !_..a68c0194
-{"Wall..941a3eb9
-#endif..cb26f270
-..b9d6317b
-#endif..cb26f270
-..b9d6317b
-#if !_..715342c8
-#if !_..a68c0194
-{"Wall..5b90a1a3
-#endif..cb26f270
-..b9d6317b
-#endif..cb26f270
-..b9d6317b
-#if !_..715342c8
-#if !_..a68c0194
-{"Comm..f7ead97c
-#endif..cb26f270
-..b9d6317b
-#endif..cb26f270
-..b9d6317b
-#if !_..a68c0194
-{"Comm..fdd35f1a
-#endif..cb26f270
-..b9d6317b
-#endif..cb26f270
-..b9d6317b
-#if !_..715342c8
-#if !_..715342c8
-#if !_..a68c0194
-{"Comm..618c5a75
-#endif..cb26f270
-..b9d6317b
-#endif..cb26f270
-..b9d6317b
-#if !_..715342c8
-#if !_..a68c0194
-{"Dash..0937a946
-#endif..cb26f270
-..b9d6317b
-#endif..cb26f270
-..b9d6317b
-#if !_..715342c8
-#if !_..a68c0194
-{"Wall..b87d9a68
-#endif..cb26f270
-..b9d6317b
-#endif..cb26f270
-..b9d6317b
-#if !_..715342c8
-#if !_..a68c0194
-{"Wall..9e9daba3
-#endif..cb26f270
-..b9d6317b
-#endif..cb26f270
-..b9d6317b
-#if !_..715342c8
-#if !_..a68c0194
-{"Wall..42cfc2b9
-#endif..cb26f270
-..b9d6317b
-#endif..cb26f270
-..b9d6317b
-#if !_..715342c8
-#if !_..a68c0194
-{"Wall..eb0883f9
-#endif..cb26f270
-..b9d6317b
-#endif..cb26f270
-..b9d6317b
-#if !_..715342c8
-#if !_..a68c0194
-{"Wall..d3607eec
-#endif..cb26f270
-..b9d6317b
-#endif..cb26f270
-..b9d6317b
-#if !_..715342c8
-#if !_..a68c0194
-{"Wall..ca0e249a
-#endif..cb26f270
-..b9d6317b
-#endif..cb26f270
-..b9d6317b
-#if !_..715342c8
-#if !_..a68c0194
-{"Wall..2d348909
-#endif..cb26f270
-..b9d6317b
-#endif..cb26f270
-..b9d6317b
-#if !_..715342c8
-#if !_..a68c0194
-{"Wall..88143df5
-#endif..cb26f270
-..b9d6317b
-#endif..cb26f270
-..b9d6317b
-#if !_..715342c8
-#if !_..a68c0194
-{"Wall..0105d218
-#endif..cb26f270
-..b9d6317b
-#endif..cb26f270
-..b9d6317b
-#if !_..715342c8
-#if !_..a68c0194
-{"Wall..62fb63ea
-#endif..cb26f270
-..b9d6317b
-#endif..cb26f270
-..b9d6317b
-#if !_..715342c8
-#if !_..a68c0194
-{"Comm..22fbea0e
-#endif..cb26f270
-..b9d6317b
-#endif..cb26f270
-..b9d6317b
-#if !_..a68c0194
-{"Comm..daed3c27
-#endif..cb26f270
-..b9d6317b
-#endif..cb26f270
-..b9d6317b
-#if !_..715342c8
-#if !_..715342c8
-#if !_..a68c0194
-{"Dash..c29e4edb
-#endif..cb26f270
-..b9d6317b
-#endif..cb26f270
-..b9d6317b
-#if !_..715342c8
-#if !_..a68c0194
-{"Wall..47b67f89
-#endif..cb26f270
-..b9d6317b
-#endif..cb26f270
-..b9d6317b
-#if !_..715342c8
-#if !_..a68c0194
-{"Wall..10ea64d6
-#endif..cb26f270
-..b9d6317b
-#endif..cb26f270
-..b9d6317b
-#if !_..715342c8
-#if !_..a68c0194
-{"Wall..66c7bad4
-#endif..cb26f270
-..b9d6317b
-#endif..cb26f270
-..b9d6317b
-#if !_..715342c8
-#if !_..a68c0194
-{"Wall..a83e656a
-#endif..cb26f270
-..b9d6317b
-#endif..cb26f270
-..b9d6317b
-#if !_..715342c8
-#if !_..a68c0194
-{"Wall..00d76dea
-#endif..cb26f270
-..b9d6317b
-#endif..cb26f270
-..b9d6317b
-#if !_..715342c8
-#if !_..a68c0194
-{"Wall..0137df60
-#endif..cb26f270
-..b9d6317b
-#endif..cb26f270
-..b9d6317b
-#if !_..715342c8
-#if !_..a68c0194
-{"Wall..2c7c905d
-#endif..cb26f270
-..b9d6317b
-#endif..cb26f270
-..b9d6317b
-#if !_..715342c8
-#if !_..a68c0194
-{"Wall..25304044
-#endif..cb26f270
-..b9d6317b
-#endif..cb26f270
-..b9d6317b
-#if !_..715342c8
-#if !_..a68c0194
-{"Wall..3357366a
-#endif..cb26f270
-..b9d6317b
-#endif..cb26f270
-..b9d6317b
-	<stri..73472890
+	<stri..03e17232