-      ..cacc0f7d
+      ..d1692526
-      ..38323808
+      ..30084425
-      ..dc730f3f
+      ..4bb8d032
-      ..f8c422aa
+      ..828f352d
-      ..8427e1e6
+      ..5b245726
-      ..a3944512
+      ..f5055560
-      ..efe3c95f
+      ..27fd63f8
+      ..12f77eec
+      ..5e179987
+      ..f8c7b3bf
+      ..266a7811
+      ..09293ede
-      ..96360a78
+      ..fe809299
-      ..e1a21721
+      ..6444f352
+      ..0810190f
+..438e2014
+      ..cffb7278
+..438e2014
-      ..8427e1e6
-..b9d6317b
-      ..621b5566
-      ..3351c6f8
-      ..bfb3a7b1
-..b9d6317b
-      ..e8a2b7c9
-..b9d6317b
+      ..f61e0515
+      ..dd849927
+      ..59019cf8
+      ..d2335456
+..438e2014
-      ..85fd72dc
+      ..46533134
-      ..127b7da6
+      ..05a31625
-      ..feb7f066
+      ..660ce16a
-      ..0a9e7358
-      ..a4c5cefa
+      ..f6bc8b04
+      ..16b74075
-      ..506b4640
-..b9d6317b
+      ..930d8177
-      ..7fc57e2a
+      ..649b6127
-      ..0de5e8f9
+      ..ad45bc25
-      ..2f7507b2
+      ..66b658fd
-      ..9b7c1c40
-      ..370aa5c3
+      ..92b0937a
+using ..51326227
-      ..694e4828
+      ..fd2ddcbe
-      ..2a1b744a
+      ..930d8177
-      ..800552cc
+      ..c08f70bd
+using ..51326227
-      ..0e5a945b
-      ..e7d8d8fd
+      ..52735c85
-      ..220aa13e
-      ..0c87a6e7
+      ..a494674f
-      ..8427e1e6
-..b9d6317b
-      ..4837d6ed
-      ..3351c6f8
-      ..bfb3a7b1
-..b9d6317b
-      ..e8a2b7c9
-..b9d6317b
+      ..f61e0515
+      ..dd849927
+      ..ebe4d28b
+      ..d2335456
+..438e2014
-      ..54063a7f
+      ..436e66fd
-      ..a4c5cefa
+      ..16b74075