+    <C..076acd5d
-  <Ite..129f8d11
-    <F..a5a944b8
-  </It..2b0d039b
+using ..8d6cd879
+      ..c02a5783
+      ..eeb9e413
+      ..78c01543
+      ..54c4a348
+      ..f058211f
+      ..fa07f841
+..54d54c44
+      ..821f12bd
+      ..eeb9e413
+      ..b29ea98d
+      ..fa07f841
+..54d54c44
+..54d54c44
+      ..46b6eee8
+      ..eeb9e413
+      ..3b6d2120
+      ..54c4a348
+      ..5a75eed0
+      ..fa07f841
+..54d54c44
+      ..a4bc16cf
+      ..eeb9e413
+      ..ab3682d4
+      ..54c4a348
+      ..f058211f
+      ..fa07f841
+..54d54c44
+      ..703cd0f9
+      ..eeb9e413
+      ..e64198ae
+      ..54c4a348
+      ..f058211f
+      ..fa07f841
+..54d54c44
+      ..00a706af
+      ..eeb9e413
+      ..f8b076aa
+      ..54c4a348
+      ..f058211f
+      ..fa07f841
+..54d54c44
+      ..fa4b816e
+      ..eeb9e413
+      ..1c08e2b8
+      ..54c4a348
+      ..f058211f
+      ..fa07f841
+..54d54c44
+      ..3d6fda65
+      ..eeb9e413
+      ..9e911820
+      ..54c4a348
+      ..abfcb1ae
+      ..fa07f841
+..54d54c44
-using ..584e82b7
-      ..5d5b5326
+      ..efab873c
-      ..9b74782f
+      ..cb072743
-      ..f64c3e7e
+      ..494888af
-      ..66ff28b8
+      ..b0563319
-      ..edd1ee13
+      ..b7dba5db
-using ..fea398bb
-using ..d86148ed
-      ..f6f5fbc3
-      ..08f2a5dd
-      ..316c4ba1
-      ..5c0f4b8d
-      ..33a97764
-      ..c01fb27c
-..c1559544
-      ..e67d1f2a
-      ..08f2a5dd
-      ..bc67cc6a
-      ..5c0f4b8d
-      ..d4c089ff
-      ..c01fb27c
-..c1559544
-      ..2d8d6bfc
-      ..08f2a5dd
-      ..2f84fe4a
-      ..5c0f4b8d
-      ..d4c089ff
-      ..c01fb27c
-..c1559544
-      ..9460de06
-      ..08f2a5dd
-      ..a6186de3
-      ..5c0f4b8d
-      ..d4c089ff
-      ..c01fb27c
-..c1559544
-      ..270e129c
-      ..08f2a5dd
-      ..23d4792b
-      ..5c0f4b8d
-      ..d4c089ff
-      ..c01fb27c
-..c1559544
-      ..e48f5f21
-      ..08f2a5dd
-      ..3b49e1e2
-      ..5c0f4b8d
-      ..e0af2dda
-      ..c01fb27c
-..c1559544
-      ..c03f174f
-      ..e60a4140
+      ..a77c76af
-      ..ff466feb
-      ..0f1cdf24
+      ..30ac0cc5
-      ..14b36b9a
-      ..d4aaead3
+      ..60c9b65b
-      ..53253a06
-      ..ab7d14b2
+      ..9ae3cfbd
-      ..ef7e178f
-      ..6b5e779e
+      ..9e4e3cec
-      ..828d6186
-      ..786a0194
+      ..ac5a3bda
-      ..9899c68f
-      ..4900a6c9
+      ..ac4a63b0
-      ..3600aa2b
-      ..4d8546dd
+      ..bb783546
-      ..6a25e888
-      ..b6aa0618
+      ..039d9bb1
-      ..511d4dde
-      ..4de5f71a
+      ..ee6f48b8
-      ..b4327da8
-      ..faab0880
+      ..49298004
-      ..f1945e7f
-      ..e554ae8c
+      ..437d8a4a
-      ..05e56256
-      ..d9ece870
+      ..4231242b
-      ..379bad49
-      ..407a5048
+      ..507d9773
-      ..422bf455
-      ..412bb9bf
+      ..f282cb30
+      ..b59048e0
+..54d54c44
-      ..a0f4add5
+//    ..0f726f9e
+      ..c7138aaa
+..54d54c44
+      ..04374c9d
+      ..eeb9e413
+      ..78610159
+      ..fa07f841
+..54d54c44
+      ..8ddf226f
+..54d54c44
-      ..28534550
+      ..c090e005
-      ..6227a872
+      ..24af2801
-      ..3686470a
+      ..0f590700
-      ..4693ece9
+      ..f67922c8
-      ..c611a43d
+      ..883bf716
+      ..eeb9e413
+      ..bb20b332
+      ..fa07f841
+..54d54c44
+      ..b352c5f0
+      ..eeb9e413
+      ..aa42eff6
+      ..fa07f841
+..54d54c44
+      ..1cbf4bcc
-      ..71007d82
+      ..d2c6a4d9
-      ..c4d013d5
+      ..9a14cbb0
-      ..07c52558
+      ..94f1ca4c
-      ..04113741
+      ..35d0c1db
-      ..b8ddb092
+      ..9c8cb549
-      ..8509cf92
+      ..c2b4349b
-      ..b509c42f
-      ..95fa3362
-      ..037f855a
-      ..ad2eaa34
+      ..ac1eb412
+      ..283bcd34
+      ..61975f4e
+      ..84b26eb1
-      ..f03ac65c
+      ..6b7e5951
+using ..9b81fc2f
-      ..6305bff6
+      ..eb140886
-      ..2252310b
+      ..bcd221de
+      ..36a097ad
+      ..a89f796e
+      ..efb8f077
+      ..20ae6c99
+      ..eb672c3e
+      ..cfb7e2ce
+      ..3f0574c0
+      ..2dc6c24e
-      ..d08ab23f
+      ..27345158
+      ..4fb280d5
+      ..7ce5eca2
+      ..b45fc5d1
+      ..9bf60dda
+      ..8c95e315
-      ..07452b63
+      ..4b786627
+using ..5c58f5c0
+      ..be1598b6
-      ..8d7d003d
-      ..5e85df4b
+      ..d7c90164
+      ..6da814f2
+      ..7da93f0b
+      ..ae674b36
+      ..eeb9e413
+      ..175aac1e
+      ..4fb280d5
+      ..0d409f81
+      ..36e473f9
+      ..c18e5ddf
+      ..6776f7ce
+      ..7fe8c81a
+      ..454d0d80
+      ..df914321
+      ..4fb280d5
+      ..e8f409c6
+      ..a6bc5f13
+      ..e0bec655
+      ..45c11d7b
+      ..1a8fc253
+      ..8c95e315
+..54d54c44
+      ..b18052dc
+      ..fa07f841
+..54d54c44
+using ..501920e1
+using ..4e3a9bd5
+using ..e018d247
+using ..1f513d94
+using ..8d6cd879
+    [P..0945ca27
+      ..bf1607c5
+..54d54c44
+      ..1588371d
+..54d54c44
+      ..8ddf226f
+..54d54c44
+      ..c7138aaa
+..54d54c44
+      ..5108d0de
+      ..eeb9e413
+      ..25c2c259
+      ..fa07f841
+..54d54c44
+      ..8ddf226f
+..54d54c44
-      ..873e55c0
+      ..6c417f9d
-      ..4693ece9
+      ..54988e47
+      ..bcf5eaf1
+      ..85f1ae35
+      ..370f761d
+      ..4fb280d5
+      ..05cdad03
+      ..7ea3eb41
+      ..08a2d0f5
+      ..c1f28a70
+      ..3caf2d69
+      ..8c95e315
+..54d54c44
+      ..8ac9eafb
+      ..523d0dce
+      ..fa07f841
+..54d54c44
+      ..cbe9b77e
+      ..eeb9e413
+      ..da411df8
+      ..f0573c05
+      ..4fb280d5
+      ..941d5663
+      ..d09d56f3
+      ..db280f0e
+      ..8244df70
+      ..3cf0cdca
+      ..e501b28e
+      ..8c95e315
+..54d54c44
+      ..696ded6c
+using ..69a2311e
-      ..a05a0193
+      ..dbe35bbb
-      ..1145e84e
+      ..13454af5
-      ..7b359f2a
-      ..10cee2dd
-      ..b081b096
+      ..3b145b8d
-      ..e8b07c50
-      ..63ffac11
-      ..51f1950f
-      ..faa9d4ed
-      ..6a63ec9d
-      ..3e5c5e5b
-      ..81245d5a
-      ..9c4fe4dc
-      ..07c48ec9
-..c1559544
-      ..b052295b
-      ..3e5c5e5b
-      ..ceb363fa
-      ..393cf69c
-      ..07c48ec9
-      ..da34e6fc
-      ..b5d1ffe5
-      ..4fc5c4bf
+      ..740238ef
+      ..4790dabc
+      ..5aeb59e9
-      ..f2921532
-      ..361c7ddc
-      ..34aa805e
-      ..7e1371a9
+      ..832a013e
+      ..e734986a
-      ..23705a01
-      ..e345cb9c
+      ..c702824d
+      ..8c95e315
+      ..045d8cb6
+      ..97aaaaca
+      ..fa07f841
+..54d54c44
+      ..32a04e75
+      ..eeb9e413
+      ..f2fac8e9
+      ..cc4458c2
+      ..3b145b8d
+      ..806c7ca6
+      ..4fb280d5
+      ..9c63ee50
-      ..9ce9e0cc
+      ..045d8cb6
+      ..085a5b42
+      ..eeb9e413
+      ..07550e5a
+      ..605d0443
+      ..5996d7e8
+      ..4fb280d5
+      ..604a17df
+      ..36a097ad
+      ..22d1285d
+      ..bb46c450
+      ..2dc6c24e
+..54d54c44
+      ..d691626b
+      ..36a097ad
+      ..1a78e4a5
+      ..6a26ce1c
+      ..2dc6c24e
+      ..bed2ca84
+      ..8c95e315
+      ..8a0cd6ac
+      ..4fb280d5
+      ..6a7b0546
+      ..e2c1f784
+      ..44546361
+      ..787362a5
+      ..8c95e315
+..54d54c44
+      ..1a631232
+      ..26c1e05e
+      ..c5541c11
+      ..fa07f841
+..54d54c44
-      ..9a9503ba
+      ..ac4d862d
-      ..7cd4c7dd
+      ..72625803
+..54d54c44
+      ..9f8e02f1
-﻿usi..de43b5ae
+﻿usi..21f7d360
+using ..86df8eef
+using ..5c58f5c0
+..54d54c44
+      ..0902c66a
--- /de..d6897f88
+﻿usi..96a59c21
+..54d54c44
+namesp..7a2ccc7e
+{..29714759
+    pu..c96d54c3
+    {..60155bf4
+      ..c7138aaa
+..54d54c44
+      ..c75428e7
+      ..7cc8024f
+      ..eeb9e413
+      ..65dc8d0f
+      ..7a51a919
+      ..720f1a8b
+      ..6a6dca5b
+      ..6dd83177
+      ..deeed3e2
+      ..bbd19c04
+      ..37a7175d
+      ..000f3e5b
+      ..9a1030da
+      ..92283eeb
+      ..0262d389
+      ..fa07f841
+..54d54c44
+      ..8ddf226f
+..54d54c44
+      ..45b7c942
+..54d54c44
+      ..c203fc46
+..54d54c44
+      ..dd163d67
+..54d54c44
+      ..93689034
+..54d54c44
+      ..78c5f968
+..54d54c44
+      ..e9e44258
+..54d54c44
+      ..c682a1a2
+..54d54c44
+      ..b0b21078
+..54d54c44
+      ..6e758e16
+..54d54c44
+      ..016c3772
+..54d54c44
+      ..709f60d8
+..54d54c44
+      ..9be36b9f
+..54d54c44
+      ..50adb083
+..54d54c44
+      ..8ddf226f
+    }..7287a2dd
+}..991cf66f
+      ..bf50983b
+      ..a0b8414f
+      ..f1c888b7
+      ..de616d3f
+      ..eeb9e413
+      ..b4932c0a
+      ..4fb280d5
+      ..9a9887cf
+      ..f47c3d09
+      ..8d39e523
+      ..8c95e315
+..54d54c44
+      ..85f0e4ae
+      ..fa07f841
+..54d54c44
+    <A..b2b9a33e
+    <A..59c5d288
-using ..1453a345
+      ..c7138aaa
+..54d54c44
+      ..b711f469
+      ..eeb9e413
+      ..fa07f841
+..54d54c44
+      ..8ddf226f
+..54d54c44
-      ..39b2933a
+      ..8abad516
-      ..d9cee113
+      ..94490976
-      ..fb924b31
+      ..23f79e25
-      ..0e6cfc00
+      ..0f829d9c
-      ..10192884
+      ..6e2b342a
-			pub..03dafe7f
+			pub..9217915a
-			pub..a33310d6
+			pub..5d2a68bd
-			pub..7fd22924
+			pub..19a32cc1
-			pub..f89ff2c3
+			pub..58680f73
-			pub..da3a4421
+			pub..493b53f7
-			pub..06793226
+			pub..111d67c9
-			pub..988c4119
+			pub..92f8aae1
-			pub..260568ef
+			pub..99045c74
-			pub..3f0e4de8
+			pub..f8903b80
-			pub..aa9dc5d8
+			pub..cf38c409
-			pub..a0169519
+			pub..d1112683
-			pub..0fb2eac8
+			pub..0ec8c1b5
-			pub..3122c935
+			pub..2204b086
-			pub..7dc37303
+			pub..66cb1200
-			pub..901e5a81
+			pub..b1b121ce
-			pub..51313870
+			pub..83d16cae
-			pub..bd77215b
+			pub..b44f53ab
-			pub..be108356
+			pub..6413164e
-			pub..3912776f
+			pub..73f9a00f
-			pub..6bb847b2
+			pub..4c488897
-			pub..179bbc96
+			pub..f5f0418b
-			pub..f2f6a1e1
+			pub..35d683fb
-			pub..1a32e11c
+			pub..709ee0bb
-			pub..10ef954a
+			pub..726a76c6
-			pub..f54cc401
+			pub..f8453a89
-			pub..8859fd4d
+			pub..3caf5d65
-			pub..2ce25beb
+			pub..dc090487
-			pub..032be530
+			pub..5cc16493
-			pub..65e93ad6
+			pub..f3deb40b
-			pub..6e97b4f6
+			pub..6dd03d69
-			pub..c55d0969
+			pub..d1fc71e1
-			pub..ec2c3c3a
+			pub..5b2e8b66
-			pub..089c29e6
+			pub..70cadae3
-			pub..08f5ea55
+			pub..e838d139
-			pub..c6aed309
+			pub..4c2fdc5b
-			pub..fb3753dc
+			pub..07d4fd9f
-			pub..2c6a2180
+			pub..758ca027
-			pub..efb1dbf5
+			pub..70f5eb49
-			pub..04859d78
+			pub..0dc8c0f2
-			pub..1278f4e0
+			pub..77290c6e
-			pub..190711e6
+			pub..c67be9a5
-			pub..dbf4a67a
+			pub..febc5b20
-			pub..0e310afb
+			pub..74e7f30e
-			pub..746151bb
+			pub..0388949e
-			pub..15c11349
+			pub..88835d89
-			pub..6d3a0c7c
+			pub..dbaf79a6
-			pub..954b0166
+			pub..d13b2249
-			pub..5cfcb874
+			pub..0b15be5b
-			pub..76eadfd0
+			pub..d0f65c62
-			pub..041f37d5
+			pub..987c664a
-			pub..b2fdd431
+			pub..d530be13
-			pub..6fce3a3b
+			pub..527797b2
-			pub..d71e884c
+			pub..44c6aaf1
-			pub..1607a6c9
+			pub..97d6c51b
-			pub..fa0d18d8
+			pub..ba02cd4c
-			pub..cfe4a656
+			pub..a13329b1
-			pub..8d417e2b
+			pub..9ed536ef
-			pub..b107751e
+			pub..0285fe33
-			pub..3438aa16
+			pub..45480e06
-			pub..5d0a107d
+			pub..adb36ef2
-			pub..d77cbc4e
+			pub..ec79245e
-			pub..796e66c0
+			pub..5c449056
-			pub..042125e3
+			pub..2e86dd7f
-			pub..af2afe42
+			pub..f381cedf
-			pub..79483768
+			pub..2349674e
-			pub..0e1e0f2f
+			pub..57ec6529
-			pub..ba275378
+			pub..0376769a
-			pub..9c076731
+			pub..de06436a
-			pub..df00064a
+			pub..69883727
-			pub..c29ddb90
+			pub..dd08231b
-			pub..8e3b37d3
+			pub..a2f68e1e
-			pub..c4ee9814
+			pub..928e9ff0
-			pub..5364544f
+			pub..6bc4c046
-			pub..3e780f5b
+			pub..3fc87c4f
-			pub..22fa275e
+			pub..88758ab4
-			pub..0b0484ae
+			pub..d4b3c09c
-			pub..a74e994b
+			pub..99b0378b
-			pub..a1853fe3
+			pub..fbee33c2
-			pub..36ceded1
+			pub..d126be66
-			pub..362bd38a
+			pub..19f16cd2
-			pub..12d17bbc
+			pub..b6519d91
-			pub..34486fd1
+			pub..67137950
-			pub..655e24a9
+			pub..6db2b5db
-			pub..275d4fd3
+			pub..e8b28093
-			pub..7044fd53
+			pub..6bae0e7b
-			pub..973cbee9
+			pub..fe03a0e7
-			pub..38ba0b79
+			pub..c230227e
-			pub..eb24afc4
+			pub..671bc61f
-			pub..20854612
+			pub..6f46702a
-			pub..c2cb8b76
+			pub..e40084a7
-			pub..736b26ca
+			pub..aa7add78
-			pub..e7048be6
+			pub..8ac0430c
-			pub..765a8716
+			pub..2e3d56fc
-			pub..eecb00f7
+			pub..9aa2e9cb
-			pub..30df99a5
+			pub..b47864c8
-			pub..305abfa9
+			pub..4a157cc9
-			pub..111748df
+			pub..650282a8
-			pub..dcb60edb
+			pub..8c426180
-			pub..4f6c1118
+			pub..c2656ade
-			pub..46239d1c
+			pub..03fabbf1
-			pub..ec5b41b1
+			pub..5c067801
-			pub..af500541
+			pub..51a241d5
-			pub..710f6951
+			pub..81523637
-			pub..75b0ce07
+			pub..221d2170
-			pub..ae03cfa9
+			pub..ae8cadc9
-			pub..71ce7203
+			pub..2c0ab2a9
-			pub..cd90082b
+			pub..95bad59e
-			pub..28ca9f1f
+			pub..2fb7a24d
-			pub..95fbc971
+			pub..999c37e0
-			pub..f18d5cfe
+			pub..91853920
-			pub..a2fd12f8
+			pub..8ac41793
-			pub..cecf8f5a
+			pub..c97376b7
-			pub..f15220fb
+			pub..cff71a4b
-			pub..fb382576
+			pub..2cd398cf
-			pub..3a39a1c4
+			pub..6d0179eb
-			pub..a4bee3eb
+			pub..10cd94e3
-			pub..3a2a85b3
+			pub..8375db20
-			pub..7bd297a7
+			pub..8e5462ee
-			pub..71bbc07e
+			pub..0d744b82
-			pub..aeb361ea
+			pub..e663a01e
-			pub..9ec74191
+			pub..b25e3050
-			pub..deabfdfc
+			pub..36e01aab
-			pub..b1178986
+			pub..9a317289
-			pub..99b65371
+			pub..caa35030
-			pub..f4f5049c
+			pub..3c2c678d
-			pub..06296d93
+			pub..87a39447
-			pub..d49c0f20
+			pub..bc4eb983
-			pub..d1cfa667
+			pub..94fe2644
-			pub..dff71065
+			pub..033b9a8b
-			pub..1cd588d1
+			pub..d4402b06
-			pub..a6c8d496
+			pub..70b1e873
-			pub..03dd5638
+			pub..85d235f4
+..54d54c44
+			// ..e170fd0b
+			pub..0032b013
+..54d54c44
+			// ..65968a70
+			pub..c25b1a35
-			// ..580074f0
-			pub..03d8551a
+			// ..d9d7e000
+			pub..a1b04da5
-			// ..df8e895c
-			pub..4f727a1a
+			// ..e14f740c
+			pub..0a4fd280
-			// ..6b45381c
-			pub..68b01650
-..c1559544
-			pub..045d9bbe
-..c1559544
-			// ..61904af9
-			pub..625f8d72
+			pub..a5cc37a4
-			pub..5dd83fae
+			pub..c0f5993b
+..54d54c44
+			// ..76b4a30b
+			pub..dac28e19
+..54d54c44
+			// ..c8da71a0
+			pub..7b7d1a41
+			// ..8f2b0d26
+			pub..8ab7918e
+..54d54c44
-			// ..6656cbaa
-			pub..f3795484
+			// ..bac37440
+			pub..8d3ca768
-			// ..7844f178
-			pub..9496f77e
-..c1559544
-			pub..2dff0e7d
+			pub..f8851545
+..54d54c44
+			// ..5f1e52a4
+			pub..72cd77d8
--- /de..d6897f88
+﻿<?x..68d97465
+..54d54c44
+<Frame..58faa453
+      ..b535fbf4
+      ..269d720a
+      ..6fa35ef4
+      ..ac23f62d
+      ..3b3c6df1
+  <Rel..77f5d2e2
+      ..32aa937b
+      ..66933665
+      ..9d47b7e6
+    <I..ec399c27
+      ..290c8b21
+      ..8f30a719
+      ..11251ec5
+      ..faa9bb6f
+..54d54c44
+    <T..b7afbc53
+      ..d10a068e
+      ..9a4c81f1
+      ..46fb5a57
+      ..1945bf1a
+      ..78a09d3b
+      ..7da33051
+      ..81043d5e
+      ..b71f0159
+..54d54c44
+    <T..58c42547
+      ..d10a068e
+      ..9a4c81f1
+      ..46fb5a57
+      ..858fd2fd
+      ..a8b43c35
+      ..1945bf1a
+      ..bcdf747c
+      ..5d019840
+      ..281d08fd
+      ..53a1f257
+      ..05199c2c
+..54d54c44
+    <T..ba6a0142
+      ..9a4c81f1
+      ..46fb5a57
+      ..071aa551
+      ..92a84b48
+      ..1945bf1a
+      ..bcdf747c
+      ..5d019840
+      ..87e627b6
+      ..7ec809e1
+..54d54c44
+    <T..ba6a0142
+      ..9a4c81f1
+      ..071aa551
+      ..b36c70b1
+      ..92a84b48
+      ..1945bf1a
+      ..bcdf747c
+      ..5d019840
+      ..7da33051
+      ..49fe4a1d
+  </Re..edd63f16
+..54d54c44
+  <Vie..4275a5cb
+      ..959e9762
+      ..8d6377b1
+      ..f8afb32c
+      ..ffed4d82
+</Fram..51162128
-      ..a85368e0
+      ..b71f0159
-      ..69eb99f5
+      ..bcc259f4
-      ..5c638428
+      ..0ada0530
-      ..edf36493
+      ..02d096aa
-      ..984af416
-      ..87870d39
-      ..b4e9c33a
-      ..a34dea11
-      ..6455fc29
-      ..8ba4ce0f
+      ..34243799
+      ..198fa4e5
+      ..89eecca5
-      ..fdcf54c8
+      ..b1d52d09
-      ..984af416
-      ..87870d39
-      ..b4e9c33a
-      ..a34dea11
-      ..6455fc29
-      ..8ba4ce0f
+      ..34243799
+      ..198fa4e5
+      ..89eecca5
--- /de..d6897f88
+﻿<?x..68d97465
+..54d54c44
+<Coord..2395bb71
+      ..a512b6d3
+      ..3e6b5870
+      ..4b117975
+      ..f23c3a47
+..54d54c44
+  <App..ed1607ef
+      ..5dd267ca
+      ..1cd8e538
+    <C..8d2224a8
+      ..6c141c42
+      ..c11cdbe4
+      ..61da68cb
+      ..02d096aa
+      ..8637e113
+      ..efcb71ab
+      ..4f32f50c
+      ..c026194a
+      ..b1d52d09
+      ..ad990c06
+      ..34243799
+      ..198fa4e5
+      ..89eecca5
+..54d54c44
+      ..6a89968e
+      ..e513e413
+      ..d267032a
+      ..23b38003
+      ..01be2884
+      ..7d83420d
+      ..c026194a
+      ..acc95819
+      ..c6e1d04f
+      ..6c3bbc6c
+      ..d9a4498d
+..54d54c44
+      ..7d83420d
+      ..c026194a
+      ..9b821cb7
+      ..540f708c
+      ..acec5e14
+      ..5aef9a26
+      ..3834b730
+..54d54c44
+      ..bdf584b7
+      ..d170f714
+..54d54c44
+      ..d674e7a2
+      ..35f1ea7f
+      ..f855ca37
+      ..939b361a
+..54d54c44
+      ..06b8e7bd
+      ..a5a84b3c
+      ..7ba98012
+      ..de02892f
+      ..f258b272
+      ..505db2a6
+      ..ab7509f4
+      ..07cab4d3
+      ..f5162889
+      ..aff88a86
+..54d54c44
+      ..ba62e8ec
+      ..58cc5585
+      ..32aa937b
+      ..e6dcc52b
+      ..4e174700
+      ..aca67b2a
+      ..d8246059
+      ..41f86fe0
+      ..e21f857a
+      ..ce1faa98
+      ..49b6767f
+      ..ee15f338
+      ..fce52f63
+..54d54c44
+    </..3ac8bbd5
+  </Ap..d7ef55df
+..54d54c44
+  <Swi..dcf1af64
+      ..8a128963
+      ..02b2b1c1
+      ..5f71be29
+..54d54c44
+..54d54c44
+    <R..66dfd6ef
+      ..c026194a
+      ..330d1b96
+      ..5d7dad85
+      ..3e6b5870
+      ..5118e9f5
+      ..6ba039fb
+      ..0e569f70
+      ..dd05a771
+      ..c5949261
+      ..29db7b8b
+..54d54c44
+      ..3dbb7f3a
+      ..32aa937b
+      ..432113b5
+      ..6e609803
+..54d54c44
+      ..76e6bf8e
+      ..e513e413
+      ..33ccdd3f
+..54d54c44
+      ..c142c7b7
+      ..d3af8e10
+      ..f3fae228
+      ..a0e9595e
+      ..288fb2a7
+      ..304a0c4f
+      ..b2b30ea2
+      ..e048a325
+      ..ccf42d18
+..54d54c44
+      ..c142c7b7
+      ..c026194a
+      ..304a0c4f
+      ..09c97ff0
+      ..e048a325
+      ..9dc8c91a
+..54d54c44
+      ..c142c7b7
+      ..c026194a
+      ..304a0c4f
+      ..c6e1d04f
+      ..e048a325
+      ..6dabda62
+      ..bdf584b7
+..54d54c44
+..54d54c44
+      ..3dbb7f3a
+      ..32aa937b
+      ..e6b362a8
+      ..432113b5
+      ..e33ef592
+..54d54c44
+      ..76e6bf8e
+      ..e513e413
+      ..fea15de1
+..54d54c44
+      ..c142c7b7
+      ..d3af8e10
+      ..f3fae228
+      ..288fb2a7
+      ..304a0c4f
+      ..b2b30ea2
+      ..e048a325
+      ..b8547082
+..54d54c44
+      ..c142c7b7
+      ..c026194a
+      ..304a0c4f
+      ..09c97ff0
+      ..e048a325
+      ..880353b1
+      ..bdf584b7
+      ..3260183f
+..54d54c44
+      ..0d026a63
+      ..3e6b5870
+      ..9a743920
+      ..97520169
+      ..79ceff89
+      ..3dbb7f3a
+      ..32aa937b
+      ..06a3192a
+      ..fa8d662f
+      ..2d986282
+      ..cfb298e4
+      ..d8246059
+      ..80ec5316
+..54d54c44
+      ..76e6bf8e
+      ..e513e413
+      ..ecfcfba9
+      ..07915bd4
+      ..9f1f9ce3
+      ..b4df1014
+      ..c142c7b7
+      ..c026194a
+      ..647648c2
+      ..034dee73
+      ..6cf6d8a3
+      ..ab43a2e7
+      ..c30cbeb2
+      ..99584ccd
+..54d54c44
+      ..7c090a3b
+      ..6797d1a8
+      ..3892ac7d
+      ..b1715d82
+      ..81080e33
+      ..bdf584b7
+      ..3260183f
+..54d54c44
+      ..b465418b
+      ..4b117975
+      ..18d65784
+      ..89a19018
+..54d54c44
+      ..373480be
+      ..1b33b75c
+      ..8a128963
+      ..fff79ce5
+      ..7eb54801
+      ..c5b745f6
+      ..80d4fbb2
+      ..22d65472
+      ..b523047d
+..54d54c44
+      ..115cb3f2
+      ..a20ff88a
+      ..ce55272e
+      ..5e15baf1
+      ..a49f6c86
+..54d54c44
+      ..115cb3f2
+      ..a20ff88a
+      ..ce55272e
+      ..5e15baf1
+      ..e22762d4
+      ..3260183f
+    </..a2119e4d
+  </Sw..1c473857
+</Coor..dc916724
-      ..9b149852
+      ..814aeeb1
-    <i..b263831e
+    <i..a178f5b9
+  <sty..635a4bba
+    <i..a44316d7
+    <i..45b7a17d
+    <i..95614063
+    <i..fb8725d6
+    <i..0575ac09
+  </st..5bc75cb0
+..54d54c44
+using ..6520cc7f
+		    ..c9b17608
+			Typ..edd7bdc5
-using ..6da3fb1d
+using ..6520cc7f
+#if PL..951102b9
+      ..4076fbc5
+      ..11cc7aa5
+#endif..3e6097b2
+#if PL..951102b9
+      ..93e4a44a
+      ..11369caa
+#endif..3e6097b2
-      ..fd0b8bd7
-      ..f1aa060d
+//    ..e9cd9d32
+//    ..15ab2d1d
-    <I..e27f3e2f
-  </It..2b0d039b
-  <Ite..129f8d11
-    <E..a3499e6f
-  </It..2b0d039b
-  <Ite..129f8d11
+    <I..d342a3d8
+    <E..56c2b70f
+    <C..f4c894f2
+    <C..79bcc673
-﻿usi..de43b5ae
+﻿usi..21f7d360
+using ..4e3a9bd5
+using ..86df8eef
+using ..7d7326da
+using ..d79191c7
+using ..5151e425
+using ..adcdc173
+using ..ee998b76
+using ..6b06384a
+      ..5bdf5c2c
+      ..76d583d8
-      ..c282aefc
+      ..e0fe616f
+      ..227c7656
+      ..4f9c3fea
+      ..f2df73e3
+      ..eeb9e413
+      ..aab3cddc
+      ..e95ac68a
+      ..fa07f841
+..54d54c44
-      ..fd98310f
+      ..8a87e13a
+      ..44464cc8
+      ..eeb9e413
+      ..c7c2b024
+      ..fa07f841
+..54d54c44
+      ..02a23138
+      ..eeb9e413
+      ..ff099980
+      ..0287c293
+      ..25ead8e4
+      ..fa07f841
+..54d54c44
-﻿usi..de43b5ae
+﻿usi..21f7d360
+using ..86df8eef
+using ..7d7326da
+using ..d79191c7
+      ..f2ed0f93
+..54d54c44
+..54d54c44
+      ..4546e5f0
+..54d54c44
+..54d54c44
+      ..9856a9fd
+      ..920505f1
+      ..7071c0bc
+      ..a57ff148
+      ..eeb9e413
+      ..95736dee
+      ..4fb280d5
+      ..b1d2e1a2
+      ..46da7f38
+      ..a44558e9
+      ..2df4d5f8
+      ..aec07855
+      ..36a097ad
+      ..918f340d
+      ..06677fac
+      ..eb672c3e
+      ..73e7b12a
+      ..2dc6c24e
+      ..e02b0ba5
+      ..8c95e315
+      ..fa07f841
+..54d54c44
+      ..44b96810
+      ..eeb9e413
+      ..95736dee
+      ..4fb280d5
+      ..b1d2e1a2
+      ..46da7f38
+      ..8621f7f6
+      ..36a097ad
+      ..70e58061
+      ..2ceccf15
+      ..27e6c1eb
+      ..2dc6c24e
+      ..d8ca380a
+      ..8c95e315
+      ..fa07f841
+..54d54c44
+      ..8e0778ab
+      ..969ac8d7
--- /de..d6897f88
+﻿usi..96a59c21
+using ..e018d247
+using ..b7b3a990
+using ..dca57db7
+using ..c7912e30
+using ..5c58f5c0
+using ..088494ad
+using ..40b20402
+using ..b4266295
+using ..5151e425
+using ..8c7645ba
+..54d54c44
+namesp..401d6bf1
+{..29714759
+    [P..0945ca27
+    pu..1587831c
+    {..60155bf4
+      ..c7138aaa
+..54d54c44
+      ..6d1738e1
+      ..eeb9e413
+      ..0d0434bc
+      ..d4634714
+      ..60e8b8d6
+      ..fc1de2de
+      ..579f352d
+      ..610262c1
+      ..542fa884
+      ..a18b0d23
+      ..fa07f841
+..54d54c44
+      ..8ddf226f
+..54d54c44
+      ..45b7c942
+..54d54c44
+      ..2292383b
+..54d54c44
+      ..2bda1b4c
+..54d54c44
+      ..e155eef1
+..54d54c44
+      ..9295b187
+..54d54c44
+      ..1941cea9
+..54d54c44
+      ..f471efc5
+..54d54c44
+      ..3ed05dc1
+..54d54c44
+      ..aad3e3be
+..54d54c44
+      ..9fa43811
+..54d54c44
+      ..c099c1fa
+..54d54c44
+      ..8b5d5fb2
+..54d54c44
+      ..69c26e2a
+..54d54c44
+      ..19e6b430
+..54d54c44
+      ..8b8d68be
+..54d54c44
+      ..af94f727
+..54d54c44
+      ..8ddf226f
+    }..7287a2dd
+}..991cf66f
-      ..6ff2cb76
+      ..2eee0d6d
--- /de..d6897f88
+﻿usi..96a59c21
+using ..501920e1
+using ..cf410642
+using ..29efe9ef
+using ..7d7326da
+using ..c7912e30
+using ..03b41dd3
+using ..e4b2dfef
+using ..40b20402
+using ..19756aee
+using ..d79191c7
+using ..f57e864c
+using ..aaa88560
+using ..ee998b76
+..54d54c44
+namesp..116ff479
+{..29714759
+    [P..0945ca27
+    pu..53fadb18
+    {..60155bf4
+      ..bf1607c5
+..54d54c44
+      ..c8714eaf
+      ..acbfaaae
+..54d54c44
+      ..8ddf226f
+..54d54c44
+      ..c7138aaa
+..54d54c44
+      ..e8c95c56
+      ..eeb9e413
+      ..76dc76a5
+      ..5126e1e0
+..54d54c44
+      ..347c15d4
+      ..4fb280d5
+      ..d51b9d37
+      ..2ad004d2
+      ..71f460b1
+      ..38d0a3fc
+      ..e1bfdbe7
+..54d54c44
+      ..a7201cf0
+      ..fa07f841
+..54d54c44
+      ..8ddf226f
+..54d54c44
+      ..45b7c942
+..54d54c44
+      ..dd4cb058
+..54d54c44
+      ..18df7b0b
+..54d54c44
+      ..8fdb739d
+..54d54c44
+      ..5521b186
+..54d54c44
+      ..2df30970
+..54d54c44
+      ..f302c4d6
+..54d54c44
+      ..7628dbb3
+..54d54c44
+      ..473ca723
+..54d54c44
+      ..8ddf226f
+..54d54c44
+      ..fa583943
+..54d54c44
+      ..0192c3b3
+      ..eeb9e413
+      ..be431627
+      ..cc4458c2
+      ..58c92f8e
+      ..fa07f841
+..54d54c44
+      ..c55a29f0
+      ..eeb9e413
+      ..fa07f841
+..54d54c44
+      ..8ddf226f
+..54d54c44
+      ..31a3af08
+..54d54c44
+      ..91905548
+      ..eeb9e413
+      ..bb66af62
+      ..ef7da1d2
+      ..d7bced2c
+      ..4fb280d5
+      ..4db3e1fb
+      ..12276501
+      ..eabea8d0
+      ..8c95e315
+..54d54c44
+      ..9a6d36de
+      ..e0b2b723
+      ..630ea67b
+..54d54c44
+      ..58c92f8e
+      ..fa07f841
+..54d54c44
+      ..a5759899
+      ..eeb9e413
+      ..3e60a8ec
+      ..dcb444cb
+      ..ee07d993
+      ..fa07f841
+..54d54c44
+      ..1a87ed15
+      ..eeb9e413
+      ..8d55891e
+      ..13d05276
+      ..6be670c7
+      ..6fa2b4b1
+      ..faebb268
+      ..58be55d7
+      ..fa07f841
+..54d54c44
+      ..165fc339
+      ..eeb9e413
+      ..4b6c12d4
+      ..821ba468
+..54d54c44
+      ..80e40245
+      ..47caf75e
+      ..11895aa6
+      ..60327d5d
+      ..9f44d589
+      ..fa07f841
+..54d54c44
+      ..5ca97779
+      ..eeb9e413
+      ..459bb1b4
+      ..cc4458c2
+      ..9d8664ae
+      ..42fd25b1
+      ..4fb280d5
+      ..44ffa197
+      ..cc4458c2
+      ..8c95e315
+      ..ff0d76c0
+      ..f2a99ec1
+      ..4fb280d5
+      ..a5de2f64
+      ..27b5f468
+      ..0f8f1c2e
+      ..8c95e315
+..54d54c44
+      ..d22d5f00
+      ..fa07f841
+..54d54c44
+      ..8ddf226f
+    }..7287a2dd
+}..991cf66f
+using ..86df8eef
+using ..e018d247
+      ..040684be
+..54d54c44
+      ..7c4f814b
+..54d54c44
+      ..028ce844
-      ..2d20fddf
+      ..21bdb5b5
+      ..fa07f841
+..54d54c44
+      ..db5a4661
+      ..eeb9e413
+      ..98973932
+      ..a58460d7
-using ..d2ae4a39
+using ..708abfb4
+using ..201516dc
-    pu..554e4ee1
+    pu..11b9d5d0
-      ..2c5c9b09
-..c1559544
+      ..0b9bc26e
+      ..eeb9e413
+      ..f6baffdb
+      ..fa07f841
+..54d54c44
+      ..c792123b
+      ..eeb9e413
+      ..3ec5dea7
+      ..fa07f841
+..54d54c44
+      ..098aac6e
+      ..eeb9e413
+      ..fa07f841
+..54d54c44
-      ..7b138570
+      ..abd17729
+      ..c2566299
+      ..4fb280d5
+      ..90e7a867
+      ..1a43ef79
+      ..aba6578c
+      ..efe819e1
+      ..2991b80d
+      ..abb3c000
+      ..38be4f23
+      ..08a2d0f5
+      ..8ed1b38b
+      ..46fb5d72
+      ..14356064
+..54d54c44
+      ..efe819e1
+      ..8c95e315
-      ..7ce40063
+      ..920ec3d6
-      ..e0af2dda
-      ..95562c60
+      ..5abacee4
+      ..df56a0b2
+      ..7990785a
-      ..37f2d030
-      ..5cd8a980
+      ..05ff7c64
+      ..5eebbb4a
+      ..0b6bf03e
-      ..faa9d4ed
-      ..fb7d7217
-      ..b5d1ffe5
+      ..3c50e148
+      ..79bda015
+..54d54c44
+      ..01b71e4a
+using ..3bb68b41
+using ..dca57db7
+      ..d7f84954
-using ..1453a345
+      ..c7138aaa
+..54d54c44
+      ..2566f00a
+      ..eeb9e413
+      ..fa07f841
+..54d54c44
+      ..8ddf226f
+..54d54c44
-      ..39b2933a
+      ..8abad516
-      ..501dd861
+      ..389b413b
-      ..908e54a7
+      ..711d5251
+      ..4fb280d5
+      ..2a85d4eb
+      ..8c95e315
+..54d54c44
+      ..7ab6c774
-      ..fb924b31
+      ..23f79e25
-      ..73b62d53
+      ..5100d327
+..54d54c44
-      ..ee7a13cf
+      ..657282c4
-      ..63bd15d2
+      ..801cea5e
--- /de..d6897f88
+packag..f89b7547
+..54d54c44
+import..c56e7083
+import..526e69c0
+import..3e84bfaa
+import..2ef94d69
+import..4d37e9c9
+..54d54c44
+import..8906a6c1
+..54d54c44
+public..b0f055f2
+..54d54c44
+    pr..340aadbb
+..54d54c44
+    pu..4cd4191d
+      ..66720206
+    }..7287a2dd
+..54d54c44
+    pu..5a5ec600
+      ..399e9c2d
+    }..7287a2dd
+..54d54c44
+    @O..749feb7e
+    pr..42031155
+      ..9b232580
+      ..c1b8c897
+      ..00cbecc1
+      ..86e62c82
+..54d54c44
+      ..2a1e6370
+      ..f8c065ec
+      ..08c1d022
+      ..efe819e1
+      ..0948fef2
+      ..71fa0c23
+      ..efe819e1
+      ..e1c29f4c
+      ..5ada8f5f
+      ..efe819e1
+      ..8c95e315
+      ..fa07f841
+..54d54c44
+      ..ef4ce3fd
+    }..7287a2dd
+..54d54c44
+    pr..431eab0c
+      ..a9d6c4f5
+      ..d2e3774a
+      ..d9dc8e32
+      ..fa07f841
+      ..1eb257d3
+    }..7287a2dd
+}..991cf66f
-      ..ed00434b
+      ..58530e9a
-      ..ed00434b
+      ..58530e9a
+import..46e29353
+import..0d577308
+..54d54c44
+    pu..76c29be9
+      ..2927b605
+    }..7287a2dd
+..54d54c44
+    pr..736208ec
+      ..5eebd3db
+      ..20a13222
+      ..c80f3dfe
+      ..a272eab1
+      ..007d39b2
+      ..ec9b7ecb
+      ..4a16b9e9
+      ..450de4dc
+      ..55a51405
+..54d54c44
+      ..c8c2116d
+      ..7dc1b48d
+      ..81e256da
+      ..aa204967
+      ..0c9b4d37
+      ..14356064
+      ..b96805e6
+      ..31ba5767
+      ..decae862
+      ..14356064
+..54d54c44
+      ..52af4953
+..54d54c44
+      ..0aa0fca3
+      ..04be0ebf
+      ..a8c6cbca
+      ..4ef24beb
+      ..d7fe9e32
+      ..ea63c0d8
+      ..bad8a4d2
+      ..3d395c47
+      ..67970a91
+      ..3bf69fad
+      ..94c333ea
+..54d54c44
+      ..8c69386b
+      ..2dc6c24e
+      ..38d0a3fc
+      ..e845f818
+      ..fa07f841
+      ..5f872f8b
+    }..7287a2dd
+..54d54c44