-      ..ceb59ef7
+      ..021eba2e
--- /de..861ef31d
+﻿usi..c615682d
+using ..81ed5a03
+using ..fb4629c0
+using ..46e3f071
+..a76611dd
+namesp..b93cdfd5
+{..69fd9074
+    pu..7f95fd31
+    {..9b549220
+      ..60c236d7
+..a76611dd
+      ..08149f25
+      ..0202cf91
+      ..155b2782
+      ..6dbf412f
+..a76611dd
+      ..45f0410e
+      ..0202cf91
+      ..5c6dcfac
+      ..6c927a5c
+      ..4ef76575
+      ..6dbf412f
+..a76611dd
+      ..430a57be
+      ..0202cf91
+      ..4199dbc8
+      ..6dbf412f
+..a76611dd
+      ..c70992da
+    }..6d560a11
+}..005e2c75
+    <C..e0964f94
-      ..42743443
+      ..bcf99764
+      ..a63e5761
+      ..0202cf91
+      ..19e15963
+      ..98a7e18b
+      ..6dbf412f
+..a76611dd
+      ..b946e2d2
+      ..0202cf91
+      ..19e15963
+      ..0e41c473
+      ..80520b92
+      ..e2da9a3e
+      ..6dbf412f
+..a76611dd
-      ..93da2ebf
+      ..32980845
-      ..8d17c9c9
+      ..eb520418
-      ..94b94997
-      ..7f5aae86
-      ..3a443e35
-      ..791d79d0
-      ..2698746f
-      ..eeefbeb1
-      ..dd573035
-..59f56459
-      ..6b99b1d0
+      ..82a9fe58
-      ..5b6cc343
+      ..c360e4a6
-      ..1b5ec73a
+      ..58fb50eb
-      ..6826b253
+      ..ca04993a
-      ..a77292f3
+      ..4ef57252
-      ..94b8b9ea
+      ..3424de61
-      ..c3b2e248
+      ..98471137
-      ..a14e1358
+      ..aa04fe1d
-      ..c43b43c0
+      ..d2fe653e
-      ..c72e72d0
+      ..4b4cf62c
-      ..827a7044
+      ..387435d8
-      ..c9b60eb9
+      ..13bd909e
-      ..41a1aaf7
+      ..ce91dbd4
-      ..b8af89f0
+      ..65117b6c
-      ..6fcd7769
+      ..7f79d5df
-      ..a9ee08b2
+      ..c97a1ac5
+      ..97f1c850
+      ..0202cf91
+      ..78ad6c7b
+      ..126e42d4
+      ..6dbf412f
+..a76611dd
-      ..831d012c
+      ..7fa50ed5
-      ..8e6bf8ac
+      ..547392af
-      ..dd1b4e4f
+      ..80873fba
-      ..55e317e9
+      ..35b2e4ec
-      ..b458ee6f
+      ..5e79260b
-      ..aebe25cc
+      ..eb76fe0d
-      ..a438a5ed
+      ..f7e8977e
-      ..8b290fdc
-      ..0421ae11
-      ..d7c247a8
+      ..01f1ff2f
+      ..80520b92
-      ..8b290fdc
-      ..0421ae11
+      ..9a120fb0
-      ..98709da4
-      ..359e1538
+      ..0efdb52c
-      ..6b8acd04
-      ..5510baa4
+      ..d288efc0
-      ..fc2baf6c
-      ..01a26a31
+      ..75e47c13
-      ..aeeab7eb
-      ..296726a7
+      ..cd6f5b68
-      ..1e9fcde1
+      ..61c02043
-      ..0257fa17
+      ..53a15247
-      ..7344c0ce
+      ..99ce11f8
-      ..fe8cbc52
+      ..05d48e6a
-      ..46610eaa
+      ..86f6c630
-      ..fdb59a12
+      ..a81a53dc
-      ..bccba801
+      ..3a97a5bf
-      ..d56717fa
+      ..8cc9829e
-      ..a7446c17
+      ..89ad7315
-      ..b1e53858
+      ..a356c679
-      ..133238ed
+      ..a2cc351b
-      ..0807e625
+      ..62f51307
-      ..a9ee08b2
+      ..c97a1ac5
-      ..962b1a70
-      ..8e32998e
+      ..d4f66754
+      ..b4fa20c0
-      ..31eea791
+      ..742bdf83
+using ..81ed5a03
-      ..b5a9f4fb
+      ..a6c1c64f
-      ..97b6f193
+      ..6e9e6b6b
-		deci..920feeb1
+		deci..05deffec
-		Task..862bf771
+		Task..8d1f5a3d
-      ..82d35920
+      ..ecfef1be
-      ..b9f0e329
+      ..235fde89
-    pu..3191157e
+    pu..fb7b4520
+      ..ea955605
+..a76611dd
-      ..d3bc433b
+      ..cc869a50
-      ..83c413e4
+      ..5cb58eb4
-      ..8f1fd897
+      ..1ba30f89
-	/// B..7867a72a
-	/// w..939faff0
-	/// O..b23824ce
-	/// C..f4bc1f78
-	/// C..a5edb976
-	/// h..7959bf19
-	/// <..ae2c9f99
-	///  ..8e34c2ef
-	///  ..25aff8f9
-	///  ..86f54bc3
-	/// <..e8345fcf
-	publi..633c7ed0
-	{..7834ab88
-		/// ..0dd82f30
-		/// ..4e52b480
-		/// ..bdb8db14
-		/// ..a8829452
-		publ..d87f2490
-..59f56459
-		publ..632a2543
-		{..9f52f5a4
-		}..c6d7a8bf
-..59f56459
-		publ..90f563a4
-		{..9f52f5a4
-		}..c6d7a8bf
-..59f56459
-		/// ..0dd82f30
-		/// ..a8829452
-		/// ..354e4796
-		/// ..16ff080c
-		/// ..c3ee4ead
-		/// ..629ee487
-		/// ..34b294b8
-		/// ..600beb58
-		/// ..aa37cb39
-		/// ..32d3ef52
-		/// ..34b294b8
-		publ..4c37317f
-		{..9f52f5a4
-			Man..da287ca2
-			Exp..7c1c2dcd
-			Nor..fc0557d3
-			Nor..27df87e9
-			if ..0d1219d1
-		}..c6d7a8bf
-..59f56459
-		publ..b0f2b430
-		publ..45509d7c
-..59f56459
-		publ..6e0062b0
-		{..9f52f5a4
-			if ..0f848c53
-			ret..4de02579
-		}..c6d7a8bf
-..59f56459
-		publ..d82bea72
-		{..9f52f5a4
-			ret..f98cea72
-		}..c6d7a8bf
-..59f56459
-		publ..3d291a6f
-		{..9f52f5a4
-			if ..ca96d807
-			{..22c219c0
-				Ma..05c6c125
-				Ex..7d46821c
-			}..cba2a8ea
-		}..c6d7a8bf
-..59f56459
-		/// ..0dd82f30
-		/// ..3c89c319
-		/// ..a8829452
-		publ..902273bb
-		{..9f52f5a4
-			if ..06e1217c
-..59f56459
-			if ..39df178d
-				Ex..7d46821c
-			els..2740f946
-			{..22c219c0
-				Bi..2cfafd64
-				wh..d13a98d5
-				{..5a654a0f
-					v..f349ec31
-					i..bab85b35
-					M..65c929e1
-					E..7f2e1da2
-				}..56a32425
-..59f56459
-				No..0888e5ca
-			}..cba2a8ea
-		}..c6d7a8bf
-..59f56459
-		/// ..0dd82f30
-		/// ..bef7d216
-		/// ..a8829452
-		/// ..34ce1ee5
-		inte..7a13054b
-		{..9f52f5a4
-			// ..19a977f6
-			var..6da33334
-			// ..cc8714c2
-			sho..43b01d93
-			// ..2b25f6b6
-			whi..dc655b55
-			{..22c219c0
-				sh..550d9b4d
-				sh..dd13cbce
-			}..cba2a8ea
-..59f56459
-			ret..91943827
-		}..c6d7a8bf
-..59f56459
-		/// ..0dd82f30
-		/// ..5290bbbe
-		/// ..a8829452
-		/// ..34ce1ee5
-		publ..dc8c6c7f
-		{..9f52f5a4
-			ret..ebdef6ff
-		}..c6d7a8bf
-..59f56459
-		priv..9d45099e
-		{..9f52f5a4
-			ret..94c2e4a0
-		}..c6d7a8bf
-..59f56459
-		publ..d792c9c2
-		{..9f52f5a4
-			Nor..27df87e9
-			var..9deb05a9
-			if ..e2a9072f
-			{..22c219c0
-				va..7866d3db
-				if..2ec89051
-				{..5a654a0f
-					i..56c9c83a
-						..5778ad99
-					e..c2d6560e
-						..11b61423
-				}..56a32425
-				el..222c4940
-					s..abbe0e0d
-			}..cba2a8ea
-..59f56459
-			ret..19eac5d5
-		}..c6d7a8bf
-..59f56459
-		publ..961fe9dd
-		{..9f52f5a4
-			var..0150c4fe
-			var..ae90409f
-			fir..998b085a
-			sec..a5364496
-			ret..9d9b7630
-		}..c6d7a8bf
-..59f56459
-		publ..769380d9
-		{..9f52f5a4
-			if ..d1858dab
-			ret..28c7395f
-		}..c6d7a8bf
-..59f56459
-		publ..1157f4d8
-		{..9f52f5a4
-			unc..2726d7bc
-			{..22c219c0
-				re..39cc1157
-			}..cba2a8ea
-		}..c6d7a8bf
-..59f56459
-		#reg..32ca7425
-..59f56459
-		publ..b19b6654
-		{..9f52f5a4
-			ret..fccdff3d
-		}..c6d7a8bf
-..59f56459
-		publ..cf887c32
-		{..9f52f5a4
-			var..b6e81c03
-			var..b462c196
-			dou..d6fa64c9
-			whi..4154bf4b
-			{..22c219c0
-				ex..62e7d767
-				sc..ecf8618d
-				ma..3013d81b
-			}..cba2a8ea
-..59f56459
-			ret..a520f537
-		}..c6d7a8bf
-..59f56459
-		publ..01cc5325
-		{..9f52f5a4
-			var..b6e81c03
-			var..b462c196
-			dec..8a653f8b
-			whi..cc6cb755
-			{..22c219c0
-				ex..62e7d767
-				sc..ecf8618d
-				ma..3013d81b
-			}..cba2a8ea
-..59f56459
-			ret..a520f537
-		}..c6d7a8bf
-..59f56459
-		publ..132c94df
-		{..9f52f5a4
-			ret..bd98b25a
-		}..c6d7a8bf
-..59f56459
-		publ..7ca3a8d5
-		{..9f52f5a4
-			ret..8723dbaa
-		}..c6d7a8bf
-..59f56459
-		publ..b391eb4c
-		{..9f52f5a4
-			ret..4b27308b
-		}..c6d7a8bf
-..59f56459
-		publ..37c713d4
-		{..9f52f5a4
-			ret..b6881e62
-		}..c6d7a8bf
-..59f56459
-		publ..494436c8
-		{..9f52f5a4
-			ret..55c9cf4c
-		}..c6d7a8bf
-..59f56459
-		#end..ce566fc3
-..59f56459
-		#reg..c28e5814
-..59f56459
-		publ..cfd049d2
-		{..9f52f5a4
-			ret..f1d5d9f6
-		}..c6d7a8bf
-..59f56459
-		publ..adbb384b
-		{..9f52f5a4
-			val..2fdcdc71
-			ret..f1d5d9f6
-		}..c6d7a8bf
-..59f56459
-		publ..bf043bc3
-		{..9f52f5a4
-			ret..46ed77f9
-		}..c6d7a8bf
-..59f56459
-		publ..c6ddc7eb
-		{..9f52f5a4
-			ret..3b1f9729
-		}..c6d7a8bf
-..59f56459
-		publ..768a0aa1
-		{..9f52f5a4
-			ret..5c9797ba
-		}..c6d7a8bf
-..59f56459
-		publ..a121261c
-		{..9f52f5a4
-			ret..abfcc817
-		}..c6d7a8bf
-..59f56459
-		priv..aa402524
-		{..9f52f5a4
-			ret..ba47a2a5
-				? ..72b242f5
-				: ..62fb7928
-		}..c6d7a8bf
-..59f56459
-		publ..a688bdfb
-		{..9f52f5a4
-			ret..0819cfb1
-		}..c6d7a8bf
-..59f56459
-		publ..e170b74c
-		{..9f52f5a4
-			var..4822dfc3
-			if ..5db2ddc2
-			div..49d40f7f
-			ret..839a1d08
-		}..c6d7a8bf
-..59f56459
-		publ..8ce4556d
-		{..9f52f5a4
-			ret..9262a440
-		}..c6d7a8bf
-..59f56459
-		publ..9c15533a
-		{..9f52f5a4
-			ret..dd808212
-		}..c6d7a8bf
-..59f56459
-		publ..e6ec1284
-		{..9f52f5a4
-			ret..cc5a0fff
-		}..c6d7a8bf
-..59f56459
-		publ..a4a1df0c
-		{..9f52f5a4
-			ret..e41d8bb0
-		}..c6d7a8bf
-..59f56459
-		publ..8f575a76
-		{..9f52f5a4
-			ret..c17db387
-		}..c6d7a8bf
-..59f56459
-		publ..6f66bba1
-		{..9f52f5a4
-			ret..ef8a9fbe
-		}..c6d7a8bf
-..59f56459
-		publ..4e717bae
-		{..9f52f5a4
-			//t..8d177b79
-			var..41665b36
-			var..34f64dad
-			var..b462c196
-			if ..5df97a59
-			var..59e188b1
-			ret..a520f537
-		}..c6d7a8bf
-..59f56459
-		/// ..0dd82f30
-		/// ..d68f8a1f
-		/// ..e1b4a8e9
-		/// ..a8829452
-		priv..43e09231
-		{..9f52f5a4
-			ret..7f006125
-		}..c6d7a8bf
-..59f56459
-		#end..ce566fc3
-..59f56459
-		#reg..43ef8e2c
-..59f56459
-		publ..d5f01c55
-		{..9f52f5a4
-			var..cec31f8a
-			whi..4b80e4e3
-			{..22c219c0
-				va..1680135b
-				tm..f9fd28cc
-				ex..296247b1
-			}..cba2a8ea
-..59f56459
-			ret..e05bdd18
-		}..c6d7a8bf
-..59f56459
-		publ..11e60cd2
-		{..9f52f5a4
-			var..cec31f8a
-			whi..4b80e4e3
-			{..22c219c0
-				va..1680135b
-				tm..e9b44048
-				ex..296247b1
-			}..cba2a8ea
-..59f56459
-			ret..ddf7c932
-		}..c6d7a8bf
-..59f56459
-		#end..ce566fc3
-	}..0831822a
+    //..a053ea98
+    //..c3fcc50b
+    //..b149e68f
+    //..de7f89b2
+    //..bcaf0923
+    //..6ded41f6
+    //..1db4e184
+    //..372442af
+    //..9251ed6e
+    //..18b9fe89
+    //..dba2ba0d
+    pu..fdc0dad9
+    {..9b549220
+      ..6f7a2e16
+      ..9c38eae4
+      ..819179b3
+      ..d7e90d42
+      ..0b066ee6
+..a76611dd
+      ..160358b0
+      ..b310f50e
+      ..0202cf91
+      ..6dbf412f
+..a76611dd
+      ..016a7766
+      ..0202cf91
+      ..6dbf412f
+..a76611dd
+      ..6f7a2e16
+      ..d7e90d42
+      ..98351331
+      ..f4f17508
+      ..37b2974b
+      ..eba1a35f
+      ..6279d3f3
+      ..13b27e10
+      ..7fa646e8
+      ..c51686a6
+      ..6279d3f3
+      ..2aa60be1
+      ..0202cf91
+      ..f4417027
+      ..2ec9693e
+      ..9da72045
+      ..bd9da7cc
+      ..49974d84
+      ..812a5132
+      ..6dbf412f
+..a76611dd
+      ..cf5cac19
+..a76611dd
+      ..9dd51054
+..a76611dd
+      ..e32118c4
+      ..0202cf91
+      ..8082daa2
+      ..3ec20059
+      ..28dc7250
+      ..6dbf412f
+..a76611dd
+      ..d9dc1aca
+      ..0202cf91
+      ..dbe8d5ba
+      ..6dbf412f
+..a76611dd
+      ..08d4d2ed
+      ..0202cf91
+      ..927f1fdf
+      ..25ba0c99
+      ..6dbf412f
+..a76611dd
+      ..045f2522
+      ..0202cf91
+      ..79dfe92a
+      ..f4432738
+      ..5ce16fa3
+      ..c49cc1b9
+      ..82ce94cc
+      ..6dbf412f
+..a76611dd
+      ..6f7a2e16
+      ..d6d8fd27
+      ..d7e90d42
+      ..dfda214b
+      ..0202cf91
+      ..a456724e
+..a76611dd
+      ..e197918f
+      ..f4432738
+      ..c49cc1b9
+      ..82ce94cc
+      ..55a81832
+      ..f4432738
+      ..ab830126
+      ..3da77894
+      ..d79bdb55
+      ..0737a8cc
+      ..e583168b
+      ..1fb794c5
+      ..e35fd03e
+      ..ec6c133d
+      ..ab9bd299
+      ..6ceb4838
+      ..82ce94cc
+      ..6dbf412f
+..a76611dd
+      ..6f7a2e16
+      ..720e0223
+      ..d7e90d42
+      ..7a6fbcae
+      ..33c2d5c9
+      ..0202cf91
+      ..1522f196
+      ..bbbf87d8
+      ..4249fb50
+      ..1b15e1ee
+      ..1529250d
+      ..5731d832
+      ..8d44e23e
+      ..1d6d2a14
+      ..f4432738
+      ..9b2542d4
+      ..1ed0020f
+      ..8da2f82d
+      ..147479b5
+      ..82ce94cc
+      ..cc226df3
+      ..6dbf412f
+..a76611dd
+      ..6f7a2e16
+      ..3fe598fa
+      ..d7e90d42
+      ..7a6fbcae
+      ..29320322
+      ..0202cf91
+      ..4619ac71
+      ..6dbf412f
+..a76611dd
+      ..2cc6161e
+      ..0202cf91
+      ..3f7a4bc4
+      ..6a23ffd6
+      ..bbbf87d8
+      ..e8aa3ae6
+      ..6dbf412f
+..a76611dd
+      ..f005822e
+      ..0202cf91
+      ..57a2da0f
+      ..6dbf412f
+..a76611dd
+      ..7be8017c
+      ..0202cf91
+      ..bd9da7cc
+      ..393cdae2
+      ..031713e3
+      ..f4432738
+      ..d90b3f02
+      ..c1af495b
+      ..daa9d104
+      ..d79bdb55
+      ..025a0d9f
+      ..dacf9cfa
+      ..1c505c8d
+      ..4f7ab765
+      ..ba4ba887
+      ..d31b0ade
+      ..06194b52
+      ..6d7c6547
+      ..ab9bd299
+      ..82ce94cc
+      ..6ee6ef0c
+      ..6dbf412f
+..a76611dd
+      ..11645392
+      ..0202cf91
+      ..c32618b4
+      ..6dbf412f
+..a76611dd
+      ..8ae069fd
+      ..0202cf91
+      ..179863aa
+      ..3cb73324
+      ..46f1b3f4
+      ..c257e452
+      ..de02d0bd
+      ..6dbf412f
+..a76611dd
+      ..e46228fe
+      ..0202cf91
+      ..d54a86c0
+      ..0e0eb872
+      ..8ca55557
+      ..6dbf412f
+..a76611dd
+      ..f1dd2b23
+      ..0202cf91
+      ..008ab406
+      ..f4432738
+      ..7a018a5b
+      ..82ce94cc
+      ..6dbf412f
+..a76611dd
+      ..3eb55d2a
+..a76611dd
+      ..54cf16da
+      ..0202cf91
+      ..e0271d6c
+      ..6dbf412f
+..a76611dd
+      ..a367a31d
+      ..0202cf91
+      ..72b725e0
+      ..097516d0
+      ..ecc46c50
+      ..c82c0279
+      ..f4432738
+      ..e14597af
+      ..1364d091
+      ..788d037d
+      ..82ce94cc
+      ..2f410811
+      ..6dbf412f
+..a76611dd
+      ..b25bf42c
+      ..0202cf91
+      ..72b725e0
+      ..097516d0
+      ..fd45bffb
+      ..1751441d
+      ..f4432738
+      ..e14597af
+      ..1364d091
+      ..788d037d
+      ..82ce94cc
+      ..2f410811
+      ..6dbf412f
+..a76611dd
+      ..9f64537a
+      ..0202cf91
+      ..23550d2c
+      ..6dbf412f
+..a76611dd
+      ..d6c7d3fe
+      ..0202cf91
+      ..94912930
+      ..6dbf412f
+..a76611dd
+      ..43047a7f
+      ..0202cf91
+      ..e437b6f2
+      ..6dbf412f
+..a76611dd
+      ..872320c7
+      ..0202cf91
+      ..3b0f6d7f
+      ..6dbf412f
+..a76611dd
+      ..45bbf482
+      ..0202cf91
+      ..a3109962
+      ..6dbf412f
+..a76611dd
+      ..c70992da
+..a76611dd
+      ..074b26eb
+..a76611dd
+      ..0db94752
+      ..0202cf91
+      ..2a3b65d5
+      ..6dbf412f
+..a76611dd
+      ..0fbda6a1
+      ..0202cf91
+      ..fa9514c8
+      ..2a3b65d5
+      ..6dbf412f
+..a76611dd
+      ..596a6afe
+      ..0202cf91
+      ..6f0d4af1
+      ..6dbf412f
+..a76611dd
+      ..efeb44a2
+      ..0202cf91
+      ..d8d4d3f4
+      ..6dbf412f
+..a76611dd
+      ..9009690c
+      ..0202cf91
+      ..766331d2
+      ..6dbf412f
+..a76611dd
+      ..63281166
+      ..0202cf91
+      ..c386e39b
+      ..6dbf412f
+..a76611dd
+      ..6655267b
+      ..0202cf91
+      ..70140942
+      ..e6fb6930
+      ..b81f5c97
+      ..6dbf412f
+..a76611dd
+      ..c822905a
+      ..0202cf91
+      ..aa84d97a
+      ..6dbf412f
+..a76611dd
+      ..32892a3b
+      ..0202cf91
+      ..111a1c16
+      ..0dbdd522
+      ..a9527b69
+      ..6a94d1c9
+      ..9f9c62ff
+      ..7bfde0f7
+      ..6dbf412f
+..a76611dd
+      ..96e47e09
+      ..0202cf91
+      ..6dd58140
+      ..6dbf412f
+..a76611dd
+      ..39af0ca1
+      ..0202cf91
+      ..2f8e5050
+      ..6dbf412f
+..a76611dd
+      ..c82f44a5
+      ..0202cf91
+      ..70140942
+      ..7b4e7c4d
+      ..61a776a2
+      ..6dbf412f
+..a76611dd
+      ..c3a240fa
+      ..0202cf91
+      ..70140942
+      ..e5392fa5
+      ..0a1dcdc8
+      ..6dbf412f
+..a76611dd
+      ..5a6ccb80
+      ..0202cf91
+      ..70140942
+      ..2c335f87
+      ..d3bea778
+      ..6dbf412f
+..a76611dd
+      ..04e0364b
+      ..0202cf91
+      ..70140942
+      ..d27b852b
+      ..00e925ae
+      ..6dbf412f
+..a76611dd
+      ..3269a947
+      ..0202cf91
+      ..53d13d65
+      ..6dbf412f
+..a76611dd
+      ..c596f93b
+      ..0202cf91
+      ..741a6736
+      ..6dbf412f
+..a76611dd
+      ..429e58d1
+      ..0202cf91
+      ..8e11bea9
+      ..77f0a9e6
+      ..6dbf412f
+..a76611dd
+      ..c7296a30
+      ..0202cf91
+      ..7b0e6053
+      ..f4432738
+      ..0c870c1a
+      ..cee4e464
+      ..e71639e1
+      ..d79bdb55
+      ..ffa273ac
+      ..d703b091
+      ..ab9bd299
+..a76611dd
+      ..52c1dd98
+      ..736d6aca
+      ..4daae5ca
+      ..a9271d34
+      ..b05bcb13
+      ..069a527e
+      ..d79bdb55
+      ..44146efa
+      ..ab9bd299
+      ..daa9d104
+      ..d79bdb55
+      ..50124aa9
+      ..1429458f
+      ..fd08ade5
+      ..0edb6d1e
+      ..67e708f8
+      ..ab9bd299
+..a76611dd
+      ..05238116
+      ..e161d73f
+      ..82ce94cc
+      ..36d8bc56
+      ..f4432738
+      ..069a527e
+      ..99c65152
+      ..678d3be3
+      ..0e0eb872
+      ..82ce94cc
+..a76611dd
+      ..6dbf412f
+..a76611dd
+      ..6f7a2e16
+      ..60ff20a1
+      ..acf33615
+      ..d7e90d42
+      ..b96470bc
+      ..0202cf91
+      ..644e335f
+      ..6dbf412f
+..a76611dd
+      ..c70992da
+..a76611dd
+      ..f5bba72a
+..a76611dd
+      ..3487c7cb
+      ..0202cf91
+      ..32cb4a20
+      ..ef38cbe5
+      ..f4432738
+      ..5d27e2af
+      ..c0fed7b4
+      ..b689d258
+      ..82ce94cc
+      ..52654989
+      ..6dbf412f
+..a76611dd
+      ..8eacea87
+      ..0202cf91
+      ..32cb4a20
+      ..ef38cbe5
+      ..f4432738
+      ..5d27e2af
+      ..a5fe134d
+      ..b689d258
+      ..82ce94cc
+      ..1211a43b
+      ..6dbf412f
+..a76611dd
+      ..c70992da
+    }..6d560a11
-      ..b8b39088
+      ..ea2ba315
-			// ..57996fed
-			pub..de1111e2
-..59f56459
-			pub..16407290
+			pub..ec2ce443
-			pub..c1ad31b4
+			pub..1c6dfda8
+..a76611dd
+			// ..182592fb
+			pub..c9d87c7e
-			// ..766ce79a
-			pub..21d0ec90
-..59f56459
-			pub..7c1b216d
+			pub..e9baf173
-			pub..3bf41532
+			pub..ef10b3c3
+..a76611dd
+			// ..0b78fb82
+			pub..ef1e035d
-			pub..8ad4bcbd
+			pub..92804b06
-			pub..cf1e3447
+			pub..0b4db5ce
-			pub..a96708f5
+			pub..9cbf8401
-			pub..ff53ecc1
+			pub..db5929a4
-			pub..b583f8d1
+			pub..839ddba2
-			pub..63c2cc84
+			pub..64536ebf
-			pub..07b46a56
+			pub..5c3a19d7
-			pub..ec3481f5
+			pub..b4f20780
-			pub..da4771d7
+			pub..b575eb87
-			pub..92de8341
+			pub..47e2ebab
-			pub..5a45c65f
+			pub..3b26fffb
-			pub..93d510e6
+			pub..a00d7a10
-			pub..62f9c48d
+			pub..39f38f76
-			pub..9c30530e
+			pub..5abc1dba
-			pub..b4cf4165
+			pub..d735cb65
-			// ..6b54e210
-			pub..1d0f7407
+			// ..35a18258
+			pub..6bc3ae82
-			pub..df9ccca4
+			pub..6634ad65
-			// ..51039e8a
-			pub..8e3f69e5
+			// ..52ebca74
+			pub..7539762b
-			pub..61a0b05b
+			pub..89adfce5
-			pub..382eb317
+			pub..499316cc
-			pub..5e5b0309
+			pub..946de4b6
-			pub..a8211f4e
+			pub..ee6c0f5a
-			pub..1e5da8ce
+			pub..d8fab2aa
-			pub..98409c83
+			pub..f3f01d92
-			pub..a0742591
+			pub..f40d2d8e
-			pub..8e7efcc1
+			pub..d48afff1
-			pub..509b0af3
+			pub..cfe7a721
-			pub..ba1b88ee
+			pub..730a4038
-			pub..7bfca24a
+			pub..c629073a
-			pub..ca77e4aa
+			pub..88056752
-			pub..2e9b5417
+			pub..ff5bea3d
-			pub..68ba3e9b
+			pub..8f7696af
-			pub..d1f0e8ca
+			pub..f8d3cd87
-			pub..c7e2496d
+			pub..3ef356e4
-			pub..05222d02
+			pub..360f07d5
-			pub..3c727698
+			pub..7c81b4bc
-			pub..a2f3eead
+			pub..145b6413
-			pub..ab86733d
+			pub..b7e9b045
-			pub..26a72326
+			pub..474bbd8d
-			pub..581ec41d
+			pub..a12bcb7c
-			pub..d5d2adc7
+			pub..db9318be
-			pub..eba9628a
+			pub..b92cb3f0
-			pub..ca313984
+			pub..a0fe61e1
-			pub..7034d40e
+			pub..9f8c7496
-			pub..52bfac41
+			pub..e4c53a57
+..a76611dd
+			// ..10a9b413
+			pub..fc389ece
-      ..d8c825cf
+      ..0402be2f
+    <C..1048674c
-using ..b26b0372
+using ..37c70ff6
-      ..c41ae063
+      ..5b3fc977
+      ..0202cf91
+      ..34613393
+      ..ccaebb6a
+      ..a217cb67
+      ..6dbf412f
+..a76611dd
+      ..e9de8f10
+      ..0202cf91
+      ..8892c936
+      ..785b7331
+..a76611dd
+      ..31af17eb
+      ..657b76c4
+      ..3c388534
+      ..4df85b04
+      ..c378b75e
+      ..8246c1bf
+      ..d52d7f00
+      ..6209367d
+      ..39098653
+      ..1ce40346
+      ..28e3cec9
+      ..6ca68bd0
+      ..e5982ee7
+      ..8c5d33c3
+      ..ec154b1b
+      ..9d04d694
+      ..85f02cd5
+      ..f4432738
+      ..bb668007
+      ..9777c3fe
+      ..82ce94cc
+      ..da458210
+      ..6fde36db
+      ..6dbf412f
+..a76611dd
+      ..d41b92e5
-      ..06cd651a
+      ..f6f4923f
-      ..6b065de3
+      ..b9ba5b8e
-      ..30cebb45
+      ..2a3b65d5
-      ..c03f7f1a
+      ..7c1b5dde
-      ..6cd0c3d4
+      ..2e5713ec
+      ..6dbf412f
+..a76611dd
+      ..7beb23b6
+      ..0202cf91
+      ..3f3ea994
-      ..4d4eaa42
+      ..1fc583cb
-      ..730a7772
-      ..09aa6593
+      ..d4cd9041
+      ..77f0a9e6
-      ..b5f20ad2
+      ..76bd9b5d
-      ..e2aab411
+      ..a9791b56
-      ..1f12c2d4
+      ..95a26d0c
-      ..c97b6f4c
-      ..09aa6593
+      ..62d829e9
+      ..77f0a9e6
-      ..9673d360
+      ..f560317f
-      ..1ba76aad
+      ..b84ac322
-      ..3e4fc7a8
+      ..95eb7505
+      ..12474672
+      ..6a23ffd6
+      ..22f80338
+      ..f1c7ae25
+      ..f53adc8b
-      ..dd53a90f
-      ..5d34baf9
-      ..4f14dc70
+      ..84ec7136
-      ..893d7e93
+      ..9558d4be
-      ..2c19de5b
+      ..4f8c7102
-      ..e84829d9
+      ..c2bd56f2
-      ..3b15991e
+      ..81355718
-      ..acc9ed2b
-      ..9b069a4a
+      ..650cc10b
+..a76611dd
+      ..088b83d8
+      ..4db5c91d
+..a76611dd
+      ..d1eae231
-      ..239e2ce2
+      ..b00bd056
-      ..b9e7ea0b
-      ..186416a3
-      ..47bb20b0
-      ..dd573035
+      ..186d219f
+      ..04c9a4fe
+      ..f4432738
+      ..23f31b78
+      ..b13727b9
-      ..970f6057
-      ..7f5aae86
-      ..c8811237
-      ..36866f0e
+      ..af8c10a6
+      ..4afbc146
-      ..3e95822b
-      ..414cc4d2
-      ..27bf6396
-      ..e508abb1
-      ..28aa34cc
-      ..a6c8c9ec
-      ..9bd50b3f
-      ..8f336ccf
-      ..04db572d
-      ..c9071794
-      ..8d9468f0
-      ..b143a566
-      ..eacba389
-      ..7c4311d0
-      ..745a9e2a
-      ..07fc495a
-      ..7e429c4b
-      ..541f0ae8
-      ..558eb36c
-      ..1a6eff5c
+      ..da95c818
+..a76611dd
+      ..6242bf11
+      ..b5254302
+      ..1dcd8ba1
+      ..99e0556a
+      ..a53c6abd
-      ..1a651226
-      ..4768598c
-      ..dd573035
-      ..89dbb571
-      ..7f5aae86
-      ..8fa806e8
+      ..3f03bf40
-      ..d84a9db0
+      ..377ef377
-      ..65abbac5
+      ..ee3cf8ab
-      ..65abbac5
+      ..ee3cf8ab
-      ..0d6f0333
+      ..dd38f093
-      ..8901653d
+      ..aa93db9e
+using ..81ed5a03
-      ..3937992d
+      ..5031fda2
-      ..5476ce2f
+      ..0d66ec2c
-      ..56888179
+      ..bbe51071
--- /de..861ef31d
+﻿// ..9ba67cb3
+namesp..74643938
+{..69fd9074
+    pu..bdc15dde
+    {..9b549220
+      ..191e897f
+..a76611dd
+      ..573ca335
+      ..a36ea439
+..a76611dd
+      ..fcb67b58
+      ..8afe0784
+      ..10b1e11c
+      ..e61c2f07
+      ..da802125
+      ..f028db3d
+      ..30faff70
+      ..ccd84a4d
+..a76611dd
+      ..c70992da
+..a76611dd
+      ..624a6287
+..a76611dd
+      ..8660f80d
+      ..0202cf91
+      ..2181f38a
+      ..1b51d6b5
+      ..6dbf412f
+..a76611dd
+      ..c70992da
+..a76611dd
+      ..2f10ea48
+..a76611dd
+      ..0da3262c
+..a76611dd
+      ..29454a73
+..a76611dd
+      ..c70992da
+..a76611dd
+      ..60c236d7
+..a76611dd
+      ..1fd53200
+      ..0202cf91
+      ..cc77034c
+      ..6dbf412f
+..a76611dd
+      ..c70992da
+    }..6d560a11
+}..005e2c75
+using ..81ed5a03
+using ..37c70ff6
-      ..012453ee
+      ..7d8df6d9
-      ..efdc8034
+      ..a058dbd5
-      ..ef5ad9a1
+      ..a41ee675
-      ..5cd5fd1a
+      ..d4c1770e
-      ..b19a20e5
+      ..54fe1427
-      ..dc655699
+      ..22777373
-      ..770625fc
+      ..41109233
-      ..55327092
+      ..3d2ac35f
-      ..117dff71
+      ..d9b770bd
-      ..a3614c97
+      ..75ede0da
+using ..37c70ff6
-	[Pres..afc17f52
-	publi..c67ecdcf
-	{..7834ab88
-		#reg..6c6d84f2
-..59f56459
-		publ..6864f1db
-		{..9f52f5a4
-			Tra..82a155c5
-			Wea..e92c10ac
-			IsO..4a00b6bb
-			var..0b1c4c51
-			Dat..def7f7e3
-			var..a6a66ef4
-			Tim..746f1b2c
-			Val..9a1b0e69
-				? ..38865e7e
-				: ..21220a8d
-..59f56459
-			if ..186f678f
-			{..22c219c0
-				if..ae872732
-					L..46cbaf81
-				el..222c4940
-					L..dc3f97e5
-			}..cba2a8ea
-			els..2740f946
-			{..22c219c0
-				Lo..c21e25d2
-				Is..2215ed01
-			}..cba2a8ea
+    [P..6ff474f3
+    pu..df942e57
+    {..9b549220
+      ..624a6287
+..a76611dd
+      ..c80cd2eb
+      ..0202cf91
+      ..7eebaa7e
+      ..4bf542f8
+      ..59cd9ef4
+      ..2348e99b
+      ..776cd9dc
+      ..a9534a48
+      ..33cd32c4
+      ..5c2f7c9f
+      ..2f66ff6d
+      ..da643318
+..a76611dd
+      ..a7d68e6a
+      ..f4432738
+      ..d63251bd
+      ..39d8c6bd
+      ..daa9d104
+      ..0bbf69d8
+      ..82ce94cc
+      ..55a81832
+      ..f4432738
+      ..bbf752f0
+      ..870bddff
+      ..82ce94cc
-		#end..ce566fc3
+      ..c70992da
-		#reg..645afc85
+      ..2f10ea48
-		publ..28eb6cec
+      ..b0d55d32
-		publ..a6625172
+      ..43fdaa81
-		publ..275ede08
+      ..13663343
-		publ..2bd56720
+      ..09851b53
-		publ..0968d587
+      ..7c770bbf
-		publ..de34549f
+      ..1d5f676a
-		publ..df71212d
+      ..f94da2ea
-		publ..055ad312
+      ..9d2f8cb6
-		publ..ff6c36c3
+      ..f0737500
-		publ..565bd2d0
+      ..52f961db
-		publ..c1459b86
+      ..a7d14437
-		publ..37bf0a49
+      ..fee451e9
-		publ..9509316f
+      ..cec81bbd
-		publ..bab66ef0
+      ..ffb67da3
+      ..d7ef33f6
+      ..c093d128
+      ..1fb794c5
+..a76611dd
-      ..c8fcaa16
+      ..c56eceb6
+using ..81ed5a03
-      ..8b290fdc
-      ..d391f562
+      ..476fe1aa
+      ..61e6543f
-      ..6e1192c7
+      ..90c845ed
+using ..81ed5a03
-      ..75757781
+      ..02df6ff7
-      ..8729a220
+      ..9a5145a7
-      ..d56677b4
+      ..4228c0dd
-      ..4f818d52
+      ..eecbe4ab
-      ..ed2a1d9e
+      ..5fb62d14
-      ..7bf58ead
+      ..49e7cb7d
-      ..e46f70ae
+      ..f653b6a7
-      ..fdb66f66
-      ..76182eb6
+      ..fd5c82b0
+using ..81ed5a03
-      ..0ef5348c
+      ..5d6f626c
+using ..37c70ff6
-	[Pres..afc17f52
-	publi..0f61b283
-	{..7834ab88
-		#reg..7e1a51e6
+    [P..6ff474f3
+    pu..c546d31f
+    {..9b549220
+      ..191e897f
-		priv..d895d2b2
-		priv..ccff18a2
-		priv..7b6ae696
-		priv..c507eb69
-		priv..45549b51
+      ..c247b1df
+      ..6231d09d
+      ..f2499e2a
+      ..c64ff184
+      ..45ba580b
-		#end..ce566fc3
+      ..c70992da
-		#reg..6c6d84f2
+      ..624a6287
-		publ..9d615c7a
-		{..9f52f5a4
-			_wa..7fa0f4af
-		}..c6d7a8bf
+      ..aea647e9
+      ..0202cf91
+      ..bcbb7bc7
+      ..6dbf412f
-		#end..ce566fc3
+      ..c70992da
-		#reg..645afc85
+      ..2f10ea48
-		publ..35d461e5
+      ..fd178822
-		publ..e04e077e
+      ..db6e126a
-		publ..3f5ef97c
+      ..bfafc28c
-		publ..2d348d21
+      ..674b4266
-		publ..0c4a9d6c
+      ..8e2486e2
-		publ..6eb893ff
+      ..b023383c
-		publ..151b0330
+      ..f59f23d5
-		publ..a32969fb
+      ..8e6157e1
-		publ..77fb8c0a
+      ..f8cd204c
-		publ..704f334f
+      ..c809e1b8
-		#end..ce566fc3
+      ..c70992da
-		#reg..d5131253
+      ..a1c79203
-		publ..6a295300
-		{..9f52f5a4
-			_in..089ee2a8
-			_fe..7d6daf6b
-			_is..7390c64a
-			_am..0505fe84
-			var..69e90a3e
-			Log..ecffbd09
-			Add..fa702a28
-			Add..3e1b271e
-			Amo..a3cc3b7f
-			Fee..4c9aff59
-		}..c6d7a8bf
+      ..1217b86a
+      ..0202cf91
+      ..e9ce173a
+      ..a2859bcf
+      ..fd4dd69d
+      ..6ee5442a
+      ..513e6633
+      ..80f104b4
+      ..8050f007
+      ..faf9b8b1
+      ..7b354d17
+      ..32b5a462
+      ..6dbf412f
-		publ..363fc9fc
-		{..9f52f5a4
-			ret..828324a8
-			{..22c219c0
-				if..ae6549cb
-					...c6d09d2f
-					...75061a53
-				{..5a654a0f
-					t..a657690c
-				}..56a32425
-			});..41a7ddda
-		}..c6d7a8bf
+      ..35c73dcb
+      ..0202cf91
+      ..5faba775
+      ..f4432738
+      ..373e4357
+      ..91bf65cc
+      ..0a025f22
+      ..d79bdb55
+      ..1a0314a3
+      ..ab9bd299
+      ..a29a6e34
+      ..6dbf412f
-		#end..ce566fc3
+      ..c70992da
-		#reg..5517bd1e
+      ..60c236d7
-		priv..dc19ca95
-		{..9f52f5a4
-			var..82e50cc8
-			var..3d9b4e3b
-			ret..38ac4fcc
-			{..22c219c0
-				{_..1c0851dc
-			};..767b001f
-		}..c6d7a8bf
+      ..40f3211a
+      ..0202cf91
+      ..4227c79c
+      ..2b5632f4
+      ..3456a215
+      ..f4432738
+      ..137bfd93
+      ..e6e6b169
+      ..6dbf412f
-		#end..ce566fc3
-	}..0831822a
+      ..c70992da
+    }..6d560a11
+using ..81ed5a03
-      ..b51cd62f
+      ..0ee2304a
+using ..81ed5a03
+using ..37c70ff6
-      ..e89a7afa
-      ..9763ed62
+      ..dea5fb71
-      ..4e1665d2
+      ..de95fbf7
-      ..647304f1
+      ..a32c8c20
-      ..da269ce1
+      ..936034bd
-      ..52213ec4
+      ..9280dcb4
-      ..337a7077
+      ..7bd4ad4d
-      ..fd529c6f
+      ..e1c8c501
-      ..1f103257
+      ..ce025e3d
-      ..254e5388
+      ..5e72f586
-      ..e9d2be7a
+      ..2d24b656
-      ..3b76bc2a
-      ..eb8c51bf
+      ..ca3c377b
+      ..3dd4729c
-      ..680f93bd
+      ..45fdddbf
-      ..a130209b
+      ..63b85bb2
-      ..2588d6e9
+      ..f7803376
-      ..c66f382f
+      ..40ef3042
-      ..8a4cad9e
+      ..fe21a32d
-      ..eabd8c4e
+      ..a91bc476
+using ..37c70ff6
-      ..7f82fb2c
+      ..1f548720
-      ..c230b7e8
+      ..2346a60d
-      ..452f9d7a
+      ..33b0993a
-      ..f82e3543
+      ..120d4a4e
+using ..f3baf82c
+using ..c230526f
+using ..a5f44ba2
+      ..191e897f
+..a76611dd
+      ..156192b7
+..a76611dd
+      ..c70992da
+..a76611dd
-      ..80d34cb3
+      ..d3879c91
-      ..8dc7e32b
+      ..82adde79
+      ..d2a87d05
+      ..f4003a18
+      ..f4432738
+      ..dea5fb71
+      ..e6e6b169
+      ..3506d13b
+..a76611dd
+      ..a500fd63
+      ..0202cf91
+      ..15de8f08
+      ..f4432738
+      ..07f3ced5
+      ..662314f6
+      ..d79bdb55
+      ..5a944da9
+      ..3cdf566a
+      ..ab9bd299
+..a76611dd
+      ..0e0eb872
+      ..a29a6e34
+      ..6dbf412f
+..a76611dd
+using ..37c70ff6
-	[Pres..afc17f52
-	publi..d7a89136
-	{..7834ab88
-		#reg..7e1a51e6
+    [P..6ff474f3
+    pu..dbbd1bc9
+    {..9b549220
+      ..191e897f
-		priv..d895d2b2
-		priv..e58e8656
-		priv..7b6ae696
-		priv..5d9e05bd
-		priv..3d12a7a5
+      ..c247b1df
+      ..b9cbb308
+      ..f2499e2a
+      ..2f8b0164
+      ..67794a81
-		#end..ce566fc3
+      ..c70992da
-		#reg..6c6d84f2
+      ..624a6287
-		publ..8cb341cf
-		{..9f52f5a4
-			_wa..7fa0f4af
-		}..c6d7a8bf
+      ..d59e1071
+      ..0202cf91
+      ..bcbb7bc7
+      ..6dbf412f
-		#end..ce566fc3
+      ..c70992da
-		#reg..645afc85
+      ..2f10ea48
-		publ..35d461e5
+      ..fd178822
-		publ..e04e077e
+      ..db6e126a
-		publ..3f5ef97c
+      ..bfafc28c
-		publ..2d348d21
+      ..674b4266
-		publ..0c4a9d6c
+      ..8e2486e2
-		publ..151b0330
+      ..f59f23d5
-		publ..a32969fb
+      ..8e6157e1
-		publ..77fb8c0a
+      ..f8cd204c
-		publ..d4c17fb5
+      ..881ecad1
-		publ..947a82eb
+      ..36cb47ad
-		publ..3122db77
+      ..a1aaaf1d
-		#end..ce566fc3
+      ..c70992da
-		#reg..d5131253
+      ..a1c79203
-		publ..6a295300
-		{..9f52f5a4
-			_et..211ecfa5
-			_am..e7a6618b
-			_ga..2e434d0f
-			_fe..175219b9
-			var..b2e22d9b
-			Add..fa702a28
-			Add..0a501c39
-			Amo..c6e60a1d
-			Sen..ce372259
-			Gas..1d2fdf00
-			Gas..b153eb9d
-		}..c6d7a8bf
+      ..1217b86a
+      ..0202cf91
+      ..0e1c280f
+      ..74e28602
+      ..26faa680
+      ..8c80cba4
+      ..35b7cd56
+      ..8050f007
+      ..c0e1a87c
+      ..435ab1d1
+      ..e7a54561
+      ..44370941
+      ..2a35485a
+      ..6dbf412f
-		publ..363fc9fc
-		{..9f52f5a4
-			ret..828324a8
-			{..22c219c0
-				if..ae6549cb
-					...e170b4ad
-					...75061a53
-				{..5a654a0f
-					t..a657690c
-				}..56a32425
-			});..41a7ddda
-		}..c6d7a8bf
+      ..35c73dcb
+      ..0202cf91
+      ..5faba775
+      ..f4432738
+      ..373e4357
+      ..15bd3a64
+      ..0a025f22
+      ..d79bdb55
+      ..1a0314a3
+      ..ab9bd299
+      ..a29a6e34
+      ..6dbf412f
-		#end..ce566fc3
+      ..c70992da
-		#reg..5517bd1e
+      ..60c236d7
-		priv..160ad98a
-		{..9f52f5a4
-			var..90aad944
-			ret..3aa7e1b6
-		}..c6d7a8bf
+      ..109e25c7
+      ..0202cf91
+      ..81dae551
+      ..b22a9273
+      ..6dbf412f
-		#end..ce566fc3
-	}..0831822a
+      ..c70992da
+    }..6d560a11
-      ..8b290fdc
-      ..67dbd9ef
+      ..fef266f5
+using ..37c70ff6
-	[Pres..afc17f52
-	publi..ed994330
-	{..7834ab88
-		#reg..6c6d84f2
+    [P..6ff474f3
+    pu..de1943bb
+    {..9b549220
+      ..624a6287
-		publ..3ca430b8
-			: b..55a9946e
-		{..9f52f5a4
-			Con..d8a0bcc4
-		}..c6d7a8bf
+      ..082daac2
+      ..c8ff252c
+      ..0202cf91
+      ..060096e6
+      ..6dbf412f
-		#end..ce566fc3
+      ..c70992da
-		#reg..645afc85
+      ..2f10ea48
-		publ..6f7c2bf2
+      ..c310eda3
-		publ..902a6371
+      ..46aeb3ea
-		publ..417870ae
+      ..21863d36
-		publ..947a82eb
+      ..36cb47ad
-		publ..7da0ef31
+      ..35c29ea0
-		publ..d4c17fb5
+      ..881ecad1
-		publ..5b1eebd2
+      ..0307aec8
-		publ..249c2a94
+      ..f985fae5
-		publ..dfb2408b
+      ..6d21c918
-		publ..6eb893ff
+      ..b023383c
-		prot..fdd7d038
+      ..0586475b
-		#end..ce566fc3
+      ..c70992da
-		#reg..5517bd1e
+      ..60c236d7
-		priv..518af727
-		{..9f52f5a4
-			if ..394830bb
-			{..22c219c0
-				Da..a7509cfc
-				Is..b9af82a8
-			}..cba2a8ea
-			els..2740f946
-			{..22c219c0
-				Da..ff6f6e29
-				Is..86aecb99
-			}..cba2a8ea
-		}..c6d7a8bf
+      ..81c583a4
+      ..0202cf91
+      ..d4df6c16
+      ..f4432738
+      ..ffcad2b0
+      ..6fb38e69
+      ..82ce94cc
+      ..55a81832
+      ..f4432738
+      ..f5d2d96e
+      ..63566616
+      ..82ce94cc
+      ..6dbf412f
-		prot..2a4564f9
-		{..9f52f5a4
-			bas..096c6369
+      ..a24c1299
+      ..0202cf91
+      ..dfa64212
-			Non..8446e879
-			Dat..9168fe87
-			Log..0f6d4b1b
+      ..5b06a6ca
+      ..5452534b
+      ..26399730
-			Gas..fb3d8e0d
-			Gas..feb4aa4c
-			Cum..f2a254f5
-			Gas..eae23f5c
-		}..c6d7a8bf
+      ..45fbd9c3
+      ..d46c41c1
+      ..2e142cc3
+      ..809b7239
+      ..6dbf412f
-		#end..ce566fc3
-	}..0831822a
+      ..c70992da
+    }..6d560a11
+using ..81ed5a03
+using ..37c70ff6
-      ..70371ae0
+      ..f6942290
-      ..8a72b074
+      ..5a1a4b08
-      ..15a89022
+      ..5903d85f
+using ..37c70ff6
-      ..7c40a361
+      ..1bf4a73f
-      ..61f6058b
+      ..1836dce9
+using ..aba7156a
-      ..5543fa4e
+      ..445e7e50
+      ..f4432738
+      ..9f5dd97c
+      ..e6e6b169
+      ..7c3c1df5
-      ..7f5aae86
-      ..5c13637f
-      ..f85594cf
-      ..451b7872
-      ..4d319fd7
-      ..3703a411
-      ..eecf616c
-      ..447bc0ef
-      ..87237f47
-      ..bca45257
-      ..d7bab085
-      ..6a824839
-      ..0e2a3c08
-      ..8b98eb48
-      ..e944b43c
-      ..14c03f21
-      ..e5e7683b
-      ..2c135774
-      ..9a6a340f
-      ..279828c3
-      ..622a2542
-      ..ecf7ae88
-      ..ca030f01
-      ..674fed28
-      ..5c55baa8
-      ..09db6410
-      ..a277591a
-      ..f303da2a
-      ..161bca9e
-      ..d961e0ca
-      ..7ade8f37
-      ..526be7f6
-      ..84e8d289
-      ..49a5305e
-      ..c31fbcda
-      ..32c74a8e
-      ..44b9d297
-      ..ee4c0115
-      ..cf57f060
-      ..684974e7
-      ..4eafa46c
-      ..dc7f5965
-      ..98eb0ac3
-      ..bc2b9eb8
-      ..166e38af
-      ..e8ec7c88
-      ..70444b46
-      ..8f8b2c6f
-      ..0a0df3b7
-      ..6a99f43b
-      ..ceffba51
-      ..caf6b377
-      ..d58acc40
-      ..fd6efcc6
-      ..2b74680a
-      ..c874c7f3
-      ..d5e0b84d
-      ..6880f413
-      ..1cb3fcdc
-      ..5f2e5fc3
-      ..6629b62a
-      ..abd2699c
-      ..9e255192
-      ..c9dd6212
-      ..611a42e3
-      ..fae3da66
-      ..02ab7bc0
-      ..3ae40353
-      ..6423a7dc
-      ..485c82b6
-      ..d04a89ad
-      ..f37d4a51
-      ..e99f7745
-      ..e4895841
-      ..84340530
-      ..59c00d49
-      ..187ec137
-      ..06bba9bb
-      ..7dab90f7
-      ..25669a16
-      ..60746f12
-      ..806f98c9
-      ..19872b05
-      ..8dd55a54
-      ..6953ca01
-      ..872486e0
-      ..a42fd521
-      ..650c30f6
-      ..1f24e0f1
-      ..b58d2d3a
-      ..bde2aecf
-      ..d049aa5f
-      ..88fa3f3c
-      ..fb8c9e1c
-      ..bf427679
-      ..c5c1a22a
-      ..10887237
-      ..21e5990e
-      ..b8a209cf
-      ..32aca8d7
-      ..95772e18
-      ..326159a5
-      ..a125bdd9
-      ..119a70e5
-      ..8b7c1f41
-      ..15c92653
-      ..b16f9210
-      ..10ea4a3b
-      ..dce5c58d
-      ..0c5e3144
-      ..e1827c78
-      ..c30e502e
-      ..83e8720f
-      ..5f2311c0
-      ..6f2fbcf9
-      ..89fca9b9
-      ..3b21947e
-      ..6b8bcab0
-      ..1ab74c49
-      ..acf0961a
-      ..d396fcdb
-      ..b33070d0
-      ..f055a0df
-      ..a25cebd2
-      ..1ee0ea3f
-      ..0f2cb67f
-      ..45254e74
-      ..eb520ec1
-      ..af7c7270
-      ..84dbd172
-      ..8c3f62ee
-      ..886ec449
-      ..5cf9a67b
-      ..dfd610f1
-      ..48fbe9fe
-      ..2c6cd8f8
-      ..d71814e7
-      ..c2cf9fad
-      ..79a7947c
+      ..0202cf91
+using ..81ed5a03
-      ..c5802af3
+      ..e223287e
+      ..8b9feff3
+using ..81ed5a03
-..59f56459
+..a76611dd
-      ..a8b21bd9
+      ..29a3d65a
+using ..81ed5a03
-      ..a8b21bd9
+      ..29a3d65a
-      ..e24ea0a8
-      ..bdd0ba4b
+      ..fd39e461
-      ..332d33e3
+      ..46a42ad6
+      ..655738de
+      ..e7ddea7d
+      ..7ac43d01
+      ..31efdf1e
+      ..1f8ecfb7
+      ..e7ddea7d
+      ..15a56c4d
+      ..31efdf1e
+      ..49b46a9f
+      ..02cc50df
+      ..593a26db
-      ..930953d1
+      ..4972ec26
-    co..d8a30b5d
+    pr..938cda52
+      ..06194b52
+      ..7ebe2e58
--- /de..861ef31d
+<?xml ..bdad18c9
+<layer..b2456fa3
+    <i..2ca845af
+      ..7169c8e9
+      ..de83c23d
+      ..d14c0b0a
+      ..0454427a
+      ..0ea1ff87
+      ..407d7431
+      ..a86e1f1d
+      ..c37c6b38
+      ..571dac3c
+      ..e63d1ff7
+      ..1cb2fea2
+      ..8c55b472
+      ..a7d68b8f
+    </..dd9a8551
+</laye..a85aeadf
-<?xml ..4b1f1d5f
-<shape..58ff8a26
-    <s..5fbb9865
-    <c..def6d016
-    <p..47d24331
-      ..a3987baa
-      ..1de9c8e5
-      ..6cf70e70
-      ..f301e5dd
-</shap..a2129992
+<?xml ..bdad18c9
+<layer..b2456fa3
+    <i..b644fa2e
+      ..6c75c9a8
+      ..7169c8e9
+      ..de83c23d
+      ..d14c0b0a
+      ..0454427a
+      ..a32284b8
+      ..a86e1f1d
+      ..c37c6b38
+      ..571dac3c
+      ..e63d1ff7
+      ..1cb2fea2
+      ..8c55b472
+      ..a7d68b8f
+    </..dd9a8551
+</laye..a85aeadf
-    <i..64d94053
+    <i..f523e8ff
-    <d..c2961b4c
+    <d..eecb44aa
-    <d..e5f8ded2
-    <d..c1c9693c
+    <d..85cd54d3
+    <d..3f9917a1
-    <d..a975287a
-    <d..cf7a0fc2
-    <d..9bfab569
+    <d..56c33510
+    <d..ab740d29
+    <d..b059f4ed
-    <d..89799d8d
-    <d..b573fa41
+    <d..91e0b01e
+    <d..af2a3562
-    <d..a975287a
-    <d..b3d8c8cb
-    <d..ce6e05b5
+    <d..56c33510
+    <d..a83a0bf0
+    <d..41274847
-    <d..bdb588eb
+    <d..370c5af7
-    <d..bdb588eb
-    <d..674ab956
-    <d..1d5a59c3
+    <d..370c5af7
+    <d..9685fb05
+    <d..989e133a
-    <d..bdb588eb
-    <d..4ca80886
-    <d..de66cd56
+    <d..370c5af7
+    <d..997da397
+    <d..533aa18e
-    <d..b3d8c8cb
-    <d..ce6e05b5
+    <d..a83a0bf0
+    <d..41274847
-    <d..8fe00692
-    <d..cf7a0fc2
-    <d..9bfab569
+    <d..b6f950f7
+    <d..ab740d29
+    <d..b059f4ed