-      ..200d8e37
-      ..372fbcb1
-      ..96890dba
-      ..09f4b690
-      ..29d771e8
-      ..7914e653
-      ..80b13605
-      ..72084353
-      ..435e80aa
-      ..484276b0
-      ..e767c1aa
+      ..47d1b3bf
+      ..61181a56
-      ..a086eb4e
-      ..e8ee2a49
+      ..6ae5c658
+      ..a4fb68fa
+      ..5a118ab6
+      ..9248cebe
+      ..3cd7c0ab
-      ..a76675d4
-      ..16623f97
+      ..0accf7e8
+      ..259cb6a1
+      ..4b426df5
+      ..2c104f9a
+      ..4334923f
+      ..990b03c7
+      ..a49ba343
+      ..9bc10493
+      ..3a13b083
+      ..7720a16d
+      ..d1dd80b0
-      ..5e4f10e2
-      ..2bbc9d29
+      ..b92f8198
+      ..0115dd66
+      ..990b03c7
+      ..a49ba343
+      ..9bc10493
+      ..3a13b083
+      ..42dacaf9
+      ..4d170757
+      ..4b426df5
+      ..8482dd62
+      ..680e2716
-      ..34dae6ae
+      ..b248c638
-      ..be2fc124
+      ..8ce6afbc
-      ..89905127
-      ..a3187306
-      ..565766a2
-      ..ef1967ad
+      ..06693376
+      ..c702b38f
+      ..ff10df45
+      ..84baee35
-    <o..57467567
+    <o..ff9d97ec
+      ..f33d3382
-      ..93a24c54
-      ..92e1340e
-      ..10f7a111
-      ..c89fdb73
-      ..1cb69743
-      ..93a24c54
-      ..56657098
-      ..92e1340e
-      ..10f7a111
-      ..c89fdb73
-      ..1cb69743
-      ..2a1134c4
+      ..9aeb5809
+      ..2f906f9d
-    <o..e115e0fc
+    <o..554b687d
-    <f..e3b8443a
+    <f..5298bf58
-      ..135409c3
+      ..ceb2b7a0
-      ..80bde6ba
+      ..a8ebe22a
-      ..3ea5f16f
+      ..175cb894
-    <e..ee259426
-    <e..bfcc4ccf
-    <e..350abf80
-      ..de7b05ee
-      ..4f9bbd04
-      ..1b5fb407
-      ..5e60bc6a
-      ..5fc65c3c
-    </..eae4c0c5
-      ..065a2f5d
-      ..791a8421
-      ..80ce6b3e
-    <e..a13e3885
-      ..de7b05ee
-      ..187d0409
-      ..060943e1
-      ..5e60bc6a
-      ..5fc65c3c
-    </..eae4c0c5
-      ..065a2f5d
-      ..60615e1a
-      ..80ce6b3e
-      ..832d583d
+      ..6193e731
+    <e..ce946e36
+      ..a1fa782c
+      ..d4f3b485
+      ..08c7a83f
+      ..e0400578
+      ..177082b2
+    </..284d7081
+    <e..9116006c
+      ..a1fa782c
+      ..347ce257
+      ..bac6c1f0
+      ..e30b38d6
+      ..06739b67
+      ..02a29ec7
+      ..e0400578
+      ..177082b2
+    </..284d7081
+    <e..b393786f
+      ..a1fa782c
+      ..895fde54
+      ..d989cd35
+      ..e0400578
+      ..177082b2
+    </..284d7081
+    <e..fa37a335
+      ..a1fa782c
+      ..f521fab0
+      ..0fe22215
+      ..e0400578
+      ..177082b2
+    </..284d7081
+		5860..9abc6b48
+		5860..4e0aebf6
+		5860..5b3744d8
+				58..551f31d3
+				58..fced61a6
+				58..888150b7
--- /de..0e5a4c98
+//..f26c11e9
+// Cre..ba8f6c4c
+// Cop..d40b8271
+//..f26c11e9
+..4f0f7a85
+#impor..5e15c34b
+..4f0f7a85
+typede..baf5b34e
+..4f0f7a85
+@inter..e3e3c2b8
+..4f0f7a85
++ (voi..0f6a8b87
+..4f0f7a85
++ (NSO..b283e810
+..4f0f7a85
++ (voi..321fc63b
+..4f0f7a85
++ (Htt..6ee2bbbe
+..4f0f7a85
+@end..2a5488eb
--- /de..0e5a4c98
+//..f26c11e9
+// Cre..ba8f6c4c
+// Cop..d40b8271
+//..f26c11e9
+..4f0f7a85
+#impor..9764250a
+..4f0f7a85
+@inter..ccc5fdcf
+..4f0f7a85
+@end..2a5488eb
+..4f0f7a85
+@imple..e3fb98e3
+    NS..63232fd2
+}..f0541390
+..4f0f7a85
+static..b65caecc
+..4f0f7a85
+- (ins..0d82914f
+    se..0efe5d76
+    if..8f068217
+      ..9ddea438
+    }..73e4d7b5
+..4f0f7a85
+    re..e2836785
+}..f0541390
+..4f0f7a85
++ (Htt..4407debb
+    st..1a42a7cf
+..4f0f7a85
+    @s..14f4ff15
+      ..fb70bd65
+      ..738b9f70
+      ..cc46cb96
+    }..73e4d7b5
+..4f0f7a85
+    re..62a1725b
+}..f0541390
+..4f0f7a85
++ (voi..45a79236
+    NS..ebf0e25f
+    fo..5615eac4
+      ..7ffff95c
+      ..23ae3b25
+      ..77f19d1b
+    }..73e4d7b5
+    _c..c28a4b7e
+}..f0541390
+..4f0f7a85
++ (NSO..13373c40
+    re..f86cd465
+}..f0541390
+..4f0f7a85
++ (voi..7a4663cb
+    [(..565a4a8c
+}..f0541390
+..4f0f7a85
+- (voi..4fb5fe9a
+    Se..61f2bd12
+    Se..45a231d8
+    Se..11a62149
+..4f0f7a85
+    Se..f447318d
+    Se..865a3619
+..4f0f7a85
+    Se..b4223332
+    Se..25e5c195
+    BO..14f1d961
+    if..3bc8d906
+      ..29668d73
+      ..c6756c2b
+    } ..12b3f4a0
+      ..13217a1c
+    }..73e4d7b5
+}..f0541390
+..4f0f7a85
+- (NSU..a11f913d
+    NS..c8412009
+    [r..a06b24ea
+    [r..46bd28f3
+    [r..92af0667
+    [r..b377ceb1
+..4f0f7a85
+    NS..7c70fd6d
+      ..cba6f0cf
+      ..8b8b6566
+    }]..c0296a62
+    [t..c3988c50
+    re..9b29d3f1
+}..f0541390
+..4f0f7a85
+@end..2a5488eb
-typede..fac43461
-..4eb3a5f0
-+ (voi..ad2287fe
-..4eb3a5f0
-+ (NSO..5ce7134c
-..4eb3a5f0
-+ (voi..29359b88
-..4eb3a5f0
-+ (Nat..ea6a34be
-..4eb3a5f0
-@inter..d294e84d
-..4eb3a5f0
-@end..7bda7161
-..4eb3a5f0
-static..3fd8d83c
-..4eb3a5f0
-- (ins..af2a1aa9
-    se..cc64403b
-    if..3c0837ea
-      ..95620a36
-    }..62f6c100
-..4eb3a5f0
-    re..5298b0d2
-}..a320e587
-..4eb3a5f0
-+ (Nat..df2a5c3c
-    st..0abc9b74
-..4eb3a5f0
-    @s..4db38378
-      ..e9872252
-      ..b63bc46e
-      ..29dbd8f1
-    }..62f6c100
-..4eb3a5f0
-    re..c98f0963
-}..a320e587
-..4eb3a5f0
-+ (voi..18129b95
-    NS..d8b5e0cf
-    fo..919a7ff5
-      ..73934f5e
-      ..85a106c4
-      ..c966cc36
-    }..62f6c100
-    _c..39c5bbff
-}..a320e587
-..4eb3a5f0
-+ (NSO..de83c4d5
-    re..1a2ab351
-}..a320e587
-..4eb3a5f0
-+ (voi..aa063b06
-    [(..a2ca791e
-}..a320e587
-..4eb3a5f0
-- (voi..ff590dfe
-    Se..4d77826e
-    Se..0e3de79e
-    Se..8f6d561e
-..4eb3a5f0
-    Se..4960ffe9
-    Se..21a9a614
-..4eb3a5f0
-    Se..0f37a5ad
-    Se..ee179dee
-    BO..6901a1b4
-    if..1b62f183
-      ..aeba8c2d
-      ..adae21a1
-    } ..c2690de4
-      ..7f092f83
-    }..62f6c100
-}..a320e587
-..4eb3a5f0
-- (NSU..b06fad06
-    NS..9e13e821
-    [r..013840d0
-    [r..975190b5
-    [r..1e3179a8
-    [r..44a1aab6
-..4eb3a5f0
-    NS..c24b6ac7
-      ..e096d9c7
-      ..0fa72652
-    }]..8767c1a0
-    [t..82980738
-    re..b1a8b1e1
-}..a320e587
-..4eb3a5f0
-      ..eedbdfde
+      ..9f01b1e2
-      ..a76675d4
+      ..ca5ec28e
-      ..27787fe9
-      ..d8d3cb81
+      ..54b37739
+      ..f2b7a195
-      ..96890dba
-      ..6d84a746
-      ..80b13605
+      ..5863ee0a
-      ..be2fc124
+      ..8ce6afbc
-      ..970f0497
+      ..a8525539
-      ..9ff401ec
+      ..67100d17
-  <com..9f118e22
-    <o..c92da813
+  <com..6a81551f
+    <o..cb02e386
+      ..987bd54b
-      ..0348eb7f
+      ..2796d7d8
-    <o..767168d6
+    <o..fe07c2e3
-    <f..432e4753
+    <f..ab202a01
+    <e..cb1ef8be
-      ..26c2e19e
+      ..6e779fa3
-      ..2a81eadb
+      ..d5a71ccc
-    <e..6e534d0d
-      ..de7b05ee
-      ..aa6e3c49
-      ..69d9a77b
-      ..5e60bc6a
-      ..5fc65c3c
-    </..eae4c0c5
-      ..de7b05ee
-      ..21404ed2
-      ..5fc65c3c
+      ..94a5b2a8
-      ..9c6377c4
+      ..13a9486b
-      ..fe39715d
+      ..3c9d267a
+    <e..1cbd3c3e
+      ..a1fa782c
+      ..5c585a4e
+      ..118f6e29
+      ..e0400578
+      ..177082b2
+    </..284d7081