-    <C..bbe5f803
+++ /de..624e6e14
-﻿//u..b59f791c
-//usin..b7910947
-//usin..3bb4fb9d
-//usin..ea610336
-//usin..11ffe096
-//usin..34de8063
-//usin..f964ad9e
-//usin..61b2d292
-//usin..d6b89682
-//usin..fbfdca48
-//usin..42285025
-//usin..12d275a4
-//usin..85e5635a
-//usin..7bd59290
-//usin..1288a456
-//usin..14d1c64a
-//usin..5e698dc2
-//usin..aa25245a
-//usin..2c284216
-//usin..0b21556e
-//usin..b570a0ca
-//usin..4fd132e6
-//..b7723da9
-//name..693f8d99
-//{..4f07b5ec
-//	pub..e2c1f71a
-//	{..0cb929b9
-//		#r..61a4f1cc
-//..b7723da9
-//		pr..74778090
-//		pr..1ece6039
-//..b7723da9
-//		pr..458023d4
-//		pr..a33cbde5
-//..b7723da9
-//		#e..66d48537
-//..b7723da9
-//		#r..2fe226a7
-//..b7723da9
-//		pu..e00091b7
-//		{..a790fb94
-//			_..212a0905
-//			_..4395716e
-//		}..d771fa37
-//..b7723da9
-//		#e..66d48537
-//..b7723da9
-//		#r..f5031300
-//..b7723da9
-//		pu..3bfbb95f
-//..b7723da9
-//		#e..66d48537
-//..b7723da9
-//		#r..d242ef3c
-//..b7723da9
-//		pu..24b60710
-//		{..a790fb94
-//			v..8a8cb003
-//			i..187862bb
-//				..af3daa69
-//			v..abd5d9fb
-//			i..31f369e1
-//				..af3daa69
-//..b7723da9
-//			A..973a0f15
-//			i..00fb8940
-//				..69dd36a1
-//..b7723da9
-//			v..73b421dd
-//			T..bdc099dd
-//			{..e114329d
-//				..d48b00c7
-//				..85931c40
-//			}..df53fb8f
-//			a..8b4bed5f
-//			v..af1cb255
-//			i..b421b3f5
-//			{..e114329d
-//				..503c712f
-//				..0415e0d5
-//				..a3a02ddb
-//				..70e77811
-//			}..bba4eae9
-//..b7723da9
-//			r..2b2d2a69
-//		}..d771fa37
-//..b7723da9
-//		pu..8913cd2a
-//		{..a790fb94
-//			v..8a8cb003
-//			i..0312e18f
-//				..af3daa69
-//			r..2487e907
-//		}..d771fa37
-//..b7723da9
-//		#e..66d48537
-//..b7723da9
-//		#r..614af48e
-//..b7723da9
-//		pr..e2f49350
-//		{..a790fb94
-//			A..973a0f15
-//			i..0e3ef44b
-//				..5c179bbf
-//..b7723da9
-//			i..6cbbf3e7
-//				..65c06460
-//			e..7c7ee481
-//			{..e114329d
-//				..6dfdf9c6
-//				..86621b4d
-//				..99b7c27a
-//..b7723da9
-//				..a764bd2f
-//				..4683fec0
-//				..1952220e
-//..b7723da9
-//				..7f221d84
-//				..4bef6d0f
-//				..19ee28ff
-//				..d5088aca
-//				..de9eba12
-//				..770d42a1
-//			}..bba4eae9
-//..b7723da9
-//			r..47d43ad8
-//		}..d771fa37
-//..b7723da9
-//		#e..66d48537
-//	}..c706cf19
-//}..deb02def
-      ..fd57d861
+      ..fc46b07c
-      ..e31273fa
+      ..0b948903
-      ..bf79a92d
+      ..7582c460
-	<stri..f68b2ba5
+	<stri..2ec29b0c
-      ..5bd41f80
+      ..9cf8363c
+      ..78431349
+      ..1cdc9671