+      ..f83b6c64
+//    ..f0d478db
+//    ..ea2baa6c
+..d5104971
-      ..abc429c2
+      ..d9a9536d
-      ..91d00b53
+      ..2f130c1a
+      ..144cb3f6
+      ..3039a01e
-      ..7c54a852
-..707e5753
+      ..7b9fb2be
+      ..098b37bc
+..d5104971
-      ..22486d4b
-      ..81c8f83d
-      ..8a7db81f
-      ..218ebc23
-      ..ef5d203f
-      ..fdd54429
-      ..aecc300b
-      ..0df28388
-      ..75941ce4
+      ..494438b7
+      ..bf8da525
+      ..081ba924
+      ..2a1e9b50
+      ..e025962b
+      ..39253c83
+      ..e3fb6805
+      ..c4fe182d
+      ..ca175760
+      ..b95fbfa8
-      ..def44f3f
+      ..1fd6d3aa
-      ..0b4ca09d
+      ..bfeb4f3e
-..707e5753
+..d5104971