-      ..815825e4
+      ..adf19047
+      ..db73ab10
-      ..9eedf7d9
+      ..834d94a8
-      ..ab414de5
+      ..441c47db
-      ..6e8df77a
-      ..ee61fa77
+      ..36c1821f
-      ..5ab8547a
+      ..8deed715
-	void ..e68f58bf
+	void ..91f8ea40
+..09deae50
+	unsig..93705c37
+..09deae50
+	unsig..d0d5a4b1
+static..fb20fc51
+{..6f63318c
+	unsig..68961358
+	mlock..7117e50f
+	if (s..77df3e77
+		gene..cecb7eb3
+	retur..1ca3e48a
+}..7e8cd3b8
+..09deae50
+static..2fa2e83d
+{..6f63318c
+	wally..98014a9d
+	munlo..c4ef234b
+	wally..a762f32d
+}..7e8cd3b8
+..09deae50
-	_key ..598f1235
-	mlock..6b9a54c3
-	gener..2386d19d
+	_key ..cc5da6c9
-	decry..60e137e9
+	if (_..7e863848
+		c = ..c6a004d9
-..1d412a07
-	decry..60e137e9
-	const..522a31cb
+	unsig..69acad6d
+	if (_..7e863848
+		r = ..a69edb33
-	const..c534e2f6
-..1d412a07
-	decry..60e137e9
-	alloc..229a1c47
-	_data..75792066
+	const..07eebe44
+	if (_..586364e0
+	{..cf57244d
+		decr..1c6f3506
+		allo..4fe83e4f
+		_dat..a87420ac
+	}..8d7619ce
+	else..2f507f89
+	{..cf57244d
+		++_l..02a89e51
+		if (..6a09619c
+			c =..41331871
+		_dat..a87420ac
+	}..8d7619ce
-	unsig..c42d7a43
-	mlock..8a6a3f86
+	unsig..5a53507b
-	unsig..98156732
-	mlock..aae94a6f
-	gener..ae8f8aa3
-	array..0cf80ca3
+	array..bb95a833
-	wally..4a08b2cb
-	munlo..d8e3f352
-	wally..9f9eea25
-..1d412a07
-	wally..1640c0cf
-	munlo..a67f326c
-	wally..e45bd61f
+	clear..516e8685
+	clear..e19c9bb2
-		unsi..914d8373
-		mloc..a2ec666a
-..1d412a07
+		unsi..4ee66461
-..1d412a07
-		wall..d3d91e06
-		munl..ec472563
-		wall..681e1ec6
-..1d412a07
+		clea..54b66457
-	{..6fa1975a
-		_dat..3cbce051
-		mloc..671cc584
-	}..b8a8cbb6
+		_dat..dbca80e0
-	{..6fa1975a
-		wall..38c2f7a4
-		munl..d43b9973
-		wall..99d48912
-	}..b8a8cbb6
-..1d412a07
-	_key ..259968d6
-	mlock..485e637e
-	gener..a86e5ca7
+		clea..9cb72937
+	_key ..80997017
-	c();..6d8f5bdd
+	crypt..186eb2c2
-	c();..6d8f5bdd
+	crypt..186eb2c2
-void S..416e1a3b
+inline..4bcfe710
+{..6f63318c
+	c = c..3cbc6c37
+	unsig..7c36ce9a
+	const..31bbb473
+	c = c..86f7ff94
+	wally..6bbc5ea4
+	retur..51ab7f71
+}..7e8cd3b8
+..09deae50
+inline..6a1b8fbe
-	unsig..7e7252e3
+	const..fb70bfca
+	for (..f241ad69
+		_dat..23da6d5d
+..09deae50
+	wally..6bbc5ea4
+}..7e8cd3b8
+..09deae50
+inline..d8714929
+{..6f63318c
+	unsig..0e0d4f72
-	if (u..c666794a
+	if (u..0b65d248
-	if (u..c666794a
+	if (u..0b65d248
-	if (u..c666794a
+	if (u..0b65d248
-	if (u..c666794a
+	if (u..0b65d248
-..1d412a07
-	for (..d5aa6da6
-		_dat..bde1f19f
-..1d412a07
-	wally..206dc94e
+	retur..e7c20310