-  <com..6c18cb5b
+  <com..957a8ddf
-      ..fbc3199f
-      ..1fd877fa
-      ..998992f8
-      ..1c901197
-      ..bad2aebb
-      ..afaaadcc
-      ..f1ab0b07
-      ..97302c6d
-      ..454def05
-      ..ce84d8db
-      ..63d3afff
-      ..afaaadcc
+      ..9ea74479
-      ..fbb8797f
+      ..c7b80d7c
-      ..9ca6e331
-      ..3c8b7e56
-      ..afaaadcc
+      ..ccdd87f1
+      ..376d5c79
-      ..366d0511
-      ..61a22fbf
-      ..998992f8
-      ..505fa52d
-      ..73fc89d9
-      ..afaaadcc
-      ..f1ab0b07
-      ..97302c6d
+      ..cacddfea
+      ..a7537d5b
+      ..66f9c0b9
-      ..8dc68376
-      ..e816f1b1
+      ..c8f8de8d
+      ..3831a20d
-      ..32d15fe1
-      ..ce7d8b99
-      ..afaaadcc
+      ..3a79aed8
+      ..c1d4eb85
-      ..40c054a1
-      ..47e3f065
+      ..fc03b166
+      ..c31e25ac
-      ..3abba505
-      ..8a5e2a3d
-      ..afaaadcc
+      ..f7855cee
+      ..70bda588
+      ..93fe20c7
+      ..537e22d1
+      ..5e3048de
-      ..19309860
-      ..810e9fcb
+      ..f05b80f4
+      ..8e2f789a
-      ..31ce530d
-      ..916953fe
-      ..afaaadcc
+      ..f01194e7
+      ..edb257ac
+      ..5dfc7fd3
+  <com..ac0c3cf8
+    <p..f2a333eb
+  </co..3968b95d
-  <com..e6a390b1
+  <com..86c52755
-    <n..bf2a60ef
-      ..3ca8ddc2
-      ..7d613a28
-      ..de643dd8
-      ..50005bc9
-      ..eccd66a5
-      ..df3cfb26
-      ..fcac119f
-      ..9969add8
-      ..71a749f1
-      ..6b64ac54
+    <n..d0e9a59d
+      ..1bd220e5
+      ..6b6529ac
-      ..5f2fcf3e
-      ..b86a2fdc
-      ..a3e824d9
-      ..c203e3be
-      ..cf17f49f
-      ..ab755940
+      ..68c6e69c
-      ..b472a019
-    <p..8389e0f0
+    <p..bc857394
-    <p..a7f32046
+    <p..b629e519
-    <c..9d4abbe4
-      ..30b1ef2e
+    <c..26bb718d
-  <com..d87d47b9
-    <o..b2033096
-  </co..c7a1cff4
+      ..3de97fc8
+      ..11349954
+      ..1ea42914
-    <o..cf9513ac
+    <o..559c81c1
-    <f..770bfbef
+    <f..ef0e7332
+    <e..28a78f68
-      ..b758d94e
-      ..5d2f2edb
-      ..2ef8b70d
-      ..eb8c0eef
-      ..b18fc915
-      ..04cb6a45
-      ..6a384302
-      ..1302906a
-      ..cf773225
-      ..2ab48e46
-      ..828e97a6
-      ..cafe5336
-      ..c6513fa9
-      ..b29b125d
-      ..a22727e6
-      ..60c6cb53
-      ..65241d00
-      ..f1abb145
-      ..f76852f3
+      ..b9799518
+      ..ccbd8069
+      ..e8b05d7e
+      ..3065d4c0
+      ..25e37b88
+      ..56dfa25f
+      ..b6f0a0df
+      ..e6d19b20
+      ..b030f053
+      ..7acc4a7b
+      ..9d109c3f
+      ..7d484d6b
+      ..ff5d66a6
+      ..56719932
+      ..f74f309d
+      ..59892615
+      ..cca38bdd
+      ..fc473906
+      ..1fa6d7f5
-    <w..dbdfd582
-    <e..5b9c1339
-      ..6eb3e117
-      ..1621048c
-      ..eb6f0357
-      ..1915249b
-      ..2fbd58ba
-    </..8577b9db
-    <e..88d90373
-      ..6eb3e117
-      ..4e548375
-      ..7a920157
-      ..1915249b
-      ..2fbd58ba
-    </..8577b9db
-    <e..7f8406fc
-    <e..841a2a54
-    <e..2116679f
-      ..6eb3e117
-      ..c04037fd
-      ..38d70a05
-      ..1915249b
-      ..2fbd58ba
-    </..8577b9db
-      ..7fb24719
-      ..1915249b
-      ..2fbd58ba
-    </..8577b9db
-    <e..e0260136
-      ..6eb3e117
-      ..4e548375
-      ..a92109e7
-      ..1915249b
-      ..2fbd58ba
-    </..8577b9db
-    <e..13637d57
-      ..6eb3e117
-      ..484ab21c
-      ..63b62c07
-      ..1915249b
-      ..2fbd58ba
-    </..8577b9db
-    <e..bc15551e
-      ..6eb3e117
-      ..f1b8a479
-      ..0a38c612
-      ..1915249b
-      ..2fbd58ba
-    </..8577b9db
-    <e..83e1bbb2
-      ..6eb3e117
-      ..e058d477
-      ..8c43dc9d
+      ..25d4d63c
+    <e..34b604af
+    <e..c61b4dd3
+    <e..5ad093f0
+    <e..69c73cf3
-      ..04ec6622
+      ..e28f33af
-      ..424b1047
-      ..1915249b
-      ..2fbd58ba
-    </..8577b9db
-    <e..92585cf7
-      ..6eb3e117
-      ..ddafccb8
-      ..be998644
-      ..1915249b
-      ..2fbd58ba
-    </..8577b9db
-    <e..f2cdb1a1
-      ..6eb3e117
-      ..a2037708
-      ..f8988b3b
+      ..113efa26
+    <e..ada5d039
+    <e..647fa155
-    <e..1c103cac
-      ..6eb3e117
-      ..1e01518c
-      ..ecbf2f34
-      ..1915249b
-      ..2fbd58ba
-    </..8577b9db
-    <e..64a007b4
-      ..6eb3e117
-      ..4e548375
-      ..a92109e7
-      ..1915249b
-      ..2fbd58ba
-    </..8577b9db
-    <e..1975115e
-      ..6eb3e117
-      ..4e548375
-      ..a92109e7
-      ..1915249b
-      ..2fbd58ba
-    </..8577b9db
-    <e..c41b3dda
-      ..6eb3e117
-      ..4e548375
-      ..a92109e7
-      ..1915249b
-      ..2fbd58ba
-    </..8577b9db
-    <e..b7dc6263
-      ..6eb3e117
-      ..fa002d09
-      ..ad422edb
-      ..1915249b
-      ..2fbd58ba
-    </..8577b9db
-    <e..29939aa6
-      ..6eb3e117
-      ..090563f2
-      ..5eb66e51
-      ..1915249b
-      ..2fbd58ba
-    </..8577b9db
-    <e..fe7a456a
-      ..6eb3e117
-      ..6c885908
-      ..93b9209f
-      ..1915249b
-      ..2fbd58ba
-    </..8577b9db
-    <e..16e5c061
-      ..6eb3e117
-      ..9c8b5f2c
-      ..c41196da
-      ..1915249b
-      ..2fbd58ba
-    </..8577b9db
+    <e..3e1db176
+    <e..731b3ce3
+    <e..12cb9beb
+    <e..2cc15c97
+    <e..19802a7e
+    <e..cb459b46
+    <e..c507aa53
+    <e..ab3ee927
-      ..3bf9f18a
+      ..9f3648e0
-      ..7812a4fb
-      ..1915249b
-      ..2fbd58ba
-    </..8577b9db
-    <e..6f6a07a0
-      ..6eb3e117
-      ..83e79baf
-      ..a92109e7
-      ..1915249b
-      ..2fbd58ba
-    </..8577b9db
-    <e..24be3c2f
-      ..6eb3e117
-      ..4e548375
-      ..a92109e7
-      ..1915249b
-      ..2fbd58ba
-    </..8577b9db
-    <e..729ccecb
-      ..6eb3e117
-      ..f131723d
-      ..5e5666e1
-      ..1915249b
-      ..2fbd58ba
-    </..8577b9db
-    <e..9b9cad45
-      ..6eb3e117
-      ..1ebc91e0
-      ..e6c2cf5b
-      ..1915249b
-      ..2fbd58ba
-    </..8577b9db
-    <e..d281b627
-      ..6eb3e117
-      ..43d0d280
-      ..5eb66e51
-      ..1915249b
-      ..2fbd58ba
-    </..8577b9db
-    <e..d459a0e3
-      ..6eb3e117
-      ..dcc574e7
-      ..d6ee3580
+      ..54454cda
+    <e..0bd05ff5
+    <e..105b4d65
+    <e..a599187c
+    <e..838757c5
+    <e..e47912cd
+    <e..893fcc04
-      ..b1c4930f
+      ..5032ef65
-      ..215d1e45
+      ..b0df6702
-      ..7a854820
-      ..3dc28e9d
-      ..2fbd58ba
+      ..8a82ced3
-      ..837ee2bb
-      ..1915249b
-      ..2fbd58ba
-    </..8577b9db
-    <e..ff951c1d
-      ..6eb3e117
-      ..a3c84650
-      ..c13e885a
+      ..a45f3b9f
+    <e..0ea8c1fc
-      ..f0ed914a
+      ..4d1ce5f8
-      ..d8024ae2
+      ..8dedb4a3
-      ..575932d8
+      ..bc9f3941
-      ..088af087
-      ..1915249b
-      ..2fbd58ba
-    </..8577b9db
-    <e..6318d6c6
-      ..6eb3e117
-      ..3c4b70c2
-      ..1ef4094d
+      ..d0abcee4
-      ..9ee3ad8b
+      ..fad9e1ca
-    <e..dba0f332
+    <e..22f4872c
+    <e..f21c3321
+    <e..56700435
+    <e..60d7e9d4
+    <e..528d6789
+    <e..c6bcd570
-      ..d54e0cd8
-      ..91d863fe
-      ..a57414f2
+      ..23212e45
+      ..354d6c87
-    <e..d2dfcae1
+    <e..83e1b0f5
-      ..ec94d788
-      ..7459d685
-      ..a57414f2
+      ..0fe51c6f
+      ..5b929628
-    <e..008cbb9a
-      ..6eb3e117
-      ..ccb27951
-      ..aaabf606
-      ..a57414f2
-      ..1915249b
-      ..2fbd58ba
+    <e..4e34a216
+      ..14434977
-    <e..264206d8
+    <e..f18de557
-      ..9842d75a
-      ..dc5e64f5
-      ..a57414f2
+      ..16767820
+      ..13dff8b9
-    <e..a8306aee
+    <e..846ecf29
+      ..14434977
+    </..e2635190
+    <e..6e07a20f
-      ..e071a6ef
-      ..70494e9f
-      ..a57414f2
+      ..718fc72c
+      ..8bd666ff
-    <e..4fc15e3b
+    <e..a7083d77
-      ..94c8d6b5
-      ..5ba12b39
-      ..a57414f2
+      ..ccaef6e1
+      ..200bae87
+      ..e5811204
+      ..1d408712
+      ..a24d464e
-    <e..547d072b
+    <e..49e35ee5
-      ..2a398743
-      ..efb18c8d
-      ..a57414f2
+      ..2553e783
+      ..d3e74139
-- (voi..1833919f
-    s_..2b0ca455
-    s_..65b8f717
-    un..7ff5a366
-    un..e5354254
-..2a8a7fb0
-    fo..9dccd10e
-      ..87f454e0
+- (voi..7a607304
+    s_..812de745
+    un..50634c75
+    un..322d11d3
+..d0211c92
+    if..f9da1ca6
+    {..a9049485
+      ..4426e939
+      ..d84cd22b
+      ..07cd7111
+    }..f56b86d3
+    el..a1ab0379
+    {..a9049485
+      ..e604a678
+      ..d84cd22b
+      ..07cd7111
-    s_..a1b17650
-    s_..3fe71941
+    s_..91b649f3
-      ..d599f106
+      ..37915df1
-      ..10d738e7
+      ..4d72e545
+				DE..9bfab00b
+				DE..9bfab00b
+   <Br..1f8968c6
+      ..1c529a0f
+      ..cb2f2080
+      ..d16c03f6
+      ..584ba201
+      ..6b8afcbb
+      ..65563c5a
+      ..a767f3f4
+      ..718169ed
+      ..9f1970d0
+      ..a2948142
+      ..85f3160c
+      ..e52f1577
+      ..abc3eab2
+      ..da0b877d
+      ..7f251465
+      ..10df4307
+   </B..e703c2c4
-    MD..fb50d50d
+    MD..7188945e