+using ..bec26fc9
-using ..709f23f0
-using ..31b8eec6
-using ..89a4b486
-      ..7102761e
+      ..547ee843
-      ..be1c6cdc
-      ..bbe6a964
-      ..d87d5a92
-      ..c75ba215
+      ..ad8be56f
-      ..5877d1f0
-..2a8a7fb0
-      ..cdef1470
-      ..f8c7c254
-      ..7042841d
-      ..b9a3f1a0
-      ..a29b59ce
-      ..cf308a91
+      ..d19ae52f
+      ..b372d32a
+      ..dc834eb3
+      ..da7a33d5
+    <C..1a8f053c
+    <C..dfd5efa6
-    <C..fd908bcc
-    <C..86cbf84b
--- /de..13778dd2
+﻿usi..b95801c3
+using ..be9b588f
+..d0211c92
+namesp..cfd7d617
+{..6122ff25
+    pu..17bee6ea
+    {..a9049485
+      ..4c73fdde
+..d0211c92
+      ..5ae9d030
+..d0211c92
+      ..7000ab0f
+..d0211c92
+      ..0febdb29
+..d0211c92
+      ..e69f6de2
+      ..c3df32f3
+      ..d5c05ba7
+      ..07cd7111
+..d0211c92
+      ..7000ab0f
+..d0211c92
+      ..ee0ac053
+..d0211c92
+      ..cd6f6ee1
+      ..c3df32f3
+      ..92fd7cb9
+      ..fea37695
+      ..57f4f53a
+      ..9122e6e6
+      ..07cd7111
+..d0211c92
+      ..7000ab0f
+    }..f56b86d3
+}..6d149770
+      ..9640de57
-      ..2067c13c
+      ..a9f12c7e
+			// ..8864ffcc
+			pub..1647758b
+..d0211c92
-			// ..1d8a7988
-			pub..01550285
-..2a8a7fb0
-      ..56a8d639
+      ..0195ac87
-      ..44e8ccc6
+      ..6b54be26
-      ..7c3e7841
+      ..3588784a
-      ..7c3e7841
+      ..3588784a
-    <C..460472a1
-      ..1c356440
-      ..443e5232
-      ..e63a7241
-      ..be26a25c
+    <F..780e3d15
+      ..31bd5789
+      ..9aa0849d
+      ..166eb7c7
+      ..deca9045
+..d0211c92
-			map..75ea77f3
-			map..3c3d21a3
+			map..d7f5e1cc
+			map..268fa1d1
-			map..bcfda48b
-			map..d1a62e22
-			map..7e03b5a5
+			map..7873674b
+			map..bb1c0622
+			map..38ab9a85
-			map..07556809
-			map..25440205
-			map..c5005f63
-			map..3fc76417
-			map..dd0c411b
-			map..15970bec
+			map..6267789f
+			map..dd09710c
+			map..340f752d
+			map..dd3c40ee
+			map..b761fd94
+			map..cf532ef5
-			map..8559f228
-			map..51028c05
+			map..aa15da05
+			map..4afbf828
-			map..6b9c364c
+			map..c495701d
-			map..3b5cdbcb
-			map..1d1cc061
+			map..40b9c354
+			map..d6a8f62a
-			Typ..62c4b244
-			Typ..ad9abfdb
+			Typ..689522b6
-			Typ..d5c2ad1c
-			Typ..2e36741c
+			//T..2f47e37a
+			//T..7d30528d
-		priv..8fcd46f9
+//		pr..703686f3
-			if ..0496aaf8
-				_v..f024edca
+//			i..d29c15cd
+//				..c63f806d
-		prot..246c50e1
-		{..b8ebdc16
-			bas..7f83fd27
-			if ..0496aaf8
-				Se..47797e9c
-		}..70ae4e44
-..2a8a7fb0
-		priv..2e9f9d8d
-		{..b8ebdc16
-			try..85421d16
-			{..f4795088
-				aw..b5666cb5
-				if..54f12864
-					_..a821f1f2
-			}..f7c7f274
-			cat..8414f77d
-			{..f4795088
-				;..19f4b188
-			}..f7c7f274
-		}..70ae4e44
+//		pr..56d24d7d
+//		{..f728863d
+//			b..0cc1e687
+//			i..d29c15cd
+//				..8eb2e29f
+//		}..187a1715
+..d0211c92
+//		pr..6f8cedc1
+//		{..f728863d
+//			t..c7fc0313
+//			{..9cebb463
+//				..7b680468
+//				..031b3876
+//				..00522745
+//			}..b34b0bea
+//			c..62dea46f
+//			{..9cebb463
+//				..4df774c7
+//			}..b34b0bea
+//		}..187a1715
+++ /de..fa713b5b
-﻿usi..cb4d25e1
-using ..e6cf5223
-using ..c14db9ec
-using ..29b668dd
-using ..7a3acc4f
-using ..e0b424dc
-using ..3a8e3075
-using ..b199fb75
-using ..889b241d
-using ..1ffd9931
-using ..531ad3ab
-using ..795b50db
-using ..ef7bc30b
-using ..7404f668
-using ..791ef539
-using ..c967460b
-using ..effbfc4c
-using ..5c58e09b
-..2a8a7fb0
-namesp..8e422805
-{..04cbd1a8
-    [R..498863ad
-    pu..34f8e199
-    {..b32e9d3b
-      ..e71db2b0
-..2a8a7fb0
-      ..425dcd27
-      ..4950de56
-..2a8a7fb0
-      ..61f65a4c
-..2a8a7fb0
-      ..0715ec77
-..2a8a7fb0
-      ..87a1b38a
-      ..a614ee93
-      ..574bcf54
-..2a8a7fb0
-      ..61f65a4c
-..2a8a7fb0
-      ..eb13b5bb
-..2a8a7fb0
-      ..5a7f608a
-      ..a614ee93
-      ..d496d3bd
-      ..cc8285dd
-      ..bbe6a964
-      ..0dcdc772
-      ..3d35bb2c
-      ..653f49ae
-      ..83455167
-      ..574bcf54
-..2a8a7fb0
-      ..b2373df7
-      ..a614ee93
-      ..f631c4a9
-      ..bbe6a964
-      ..e55c1219
-      ..7d4d3028
-      ..0fd81400
-      ..e0a852fd
-      ..7a9ffb92
-      ..83455167
-      ..574bcf54
-..2a8a7fb0
-      ..2944ccf2
-      ..a614ee93
-      ..f631c4a9
-      ..bbe6a964
-      ..1686f521
-      ..59ab1dd5
-      ..bce54ee8
-      ..f1e5c13f
-      ..cd5e63d8
-      ..3c1af3ae
-      ..ef9925d4
-      ..f4e988bd
-      ..48adbb7d
-      ..1b2c9a9b
-      ..856e634e
-      ..dc0a111f
-      ..2ab31e36
-      ..6f21d0e7
-      ..5097a1ea
-      ..48100cf0
-      ..d5d74fb0
-      ..a6edb8b7
-      ..be4379cb
-      ..5af6fde4
-      ..55c986c0
-      ..5c50bf54
-      ..0fb98e6f
-      ..2dbcf194
-      ..8de2e67f
-      ..649d936b
-      ..80a398aa
-      ..83455167
-      ..574bcf54
-..2a8a7fb0
-      ..61f65a4c
-..2a8a7fb0
-      ..524f4e5e
-..2a8a7fb0
-      ..aaf30215
-      ..a614ee93
-      ..45528893
-      ..7d965ea4
-      ..2ee0fd34
-      ..bbe6a964
-      ..cd20589a
-      ..bece3424
-      ..58c3164b
-      ..574bcf54
-..2a8a7fb0
-      ..61f65a4c
-..2a8a7fb0
-      ..0b03515c
-..2a8a7fb0
-      ..82a65421
-      ..a614ee93
-      ..71f1a45d
-      ..7d965ea4
-      ..e8ee9762
-      ..b3c31601
-      ..e56c1d00
-      ..d5c2097a
-      ..5a4d7e6c
-      ..bbe6a964
-      ..85437cbc
-      ..ae533f1c
-      ..6a367eb1
-      ..b7a3bfba
-      ..304b4740
-      ..2ef48012
-      ..d39d527f
-      ..700f7e90
-      ..baddb32e
-..2a8a7fb0
-      ..ba4f0a8f
-      ..1505eb6c
-      ..83455167
-      ..574bcf54
-..2a8a7fb0
-..2a8a7fb0
-      ..aff80c27
-      ..a614ee93
-      ..0116079e
-..2a8a7fb0
-      ..d48ef5d7
-      ..bbe6a964
-      ..e2ad6841
-      ..adb4843c
-      ..91efdf1f
-      ..83455167
-      ..eaaced3e
-      ..bbe6a964
-      ..c4d6f4c0
-      ..e2ad6841
-      ..adb4843c
-      ..91efdf1f
-      ..83455167
-      ..574bcf54
-..2a8a7fb0
-      ..61f65a4c
-    }..3812264d
-}..677c0a5a
--- /de..13778dd2
+﻿usi..223e368c
+using ..c98ff455
+using ..bb59529f
+using ..36ab34da
+using ..37027e1f
+using ..d1e5a9a0
+using ..e32d6373
+using ..c5335371
+using ..2936a856
+using ..9beb8188
+using ..57553a60
+using ..65b462b8
+using ..cded582a
+using ..7f8b666d
+using ..65ae3d0f
+using ..fa3eb40c
+using ..bb045196
+using ..4cbc7c78
+using ..20ce27cf
+using ..7b5e6271
+..d0211c92
+namesp..745fbcc2
+{..6122ff25
+    pu..878c8511
+    {..a9049485
+      ..4c73fdde
+..d0211c92
+      ..1e46df5c
+..d0211c92
+      ..2ec04006
+      ..edb93b7c
+      ..13f5759b
+..d0211c92
+      ..7000ab0f
+..d0211c92
+      ..40507cdc
+..d0211c92
+      ..dd20cd24
+      ..c3df32f3
+      ..90f67cf5
+      ..87b00c27
+      ..1d9fd485
+      ..8ea5eb25
+      ..4b250032
+      ..877a0527
+      ..48e1e676
+      ..ebef5250
+      ..ec000550
+      ..07cd7111
+..d0211c92
+      ..57ffb785
+      ..c3df32f3
+      ..5c25bb08
+      ..1d9fd485
+      ..2487d595
+      ..2544b643
+      ..fd4b7abb
+      ..1c21f4c0
+      ..c1d72e81
+      ..ec000550
+      ..07cd7111
+..d0211c92
+      ..f6c88b72
+      ..c3df32f3
+      ..5c25bb08
+      ..1d9fd485
+      ..8e14cfdf
+      ..0dc06e3a
+      ..df3db224
+      ..8fb7ac01
+      ..6c949b3f
+      ..9dc13d20
+      ..4a7c7035
+      ..2be5db60
+      ..b79b84ff
+      ..57b8c9d8
+      ..d40ce286
+      ..25bf2d42
+      ..051e3097
+      ..a06f9b77
+      ..d1db9f7b
+      ..1d1a4c86
+      ..1b5b70b6
+      ..e47381cc
+      ..5c99827f
+      ..7bb3902f
+      ..9da3e66d
+      ..80cdbab2
+      ..82da5ef7
+      ..1c1ba77c
+      ..fdaf20f4
+      ..1b0409c3
+      ..1c4c160e
+      ..ec000550
+      ..07cd7111
+..d0211c92
+      ..8381f24c
+..d0211c92
+      ..c103b713
+      ..c3df32f3
+      ..ef8f1cc8
+      ..87b00c27
+      ..1d9fd485
+      ..31dd0d28
+      ..4b250032
+      ..4cc2af47
+      ..1f9ed59d
+      ..1adfb9af
+      ..ec000550
+      ..07cd7111
+..d0211c92
+      ..7000ab0f
+..d0211c92
+      ..ee0ac053
+..d0211c92
+      ..b70ac073
+      ..c3df32f3
+      ..405c9a54
+      ..07cd7111
+..d0211c92
+      ..719a99d3
+      ..c3df32f3
+      ..45172ab0
+      ..07cd7111
+..d0211c92
+      ..b51658c2
+      ..c3df32f3
+      ..c80cfff8
+      ..07cd7111
+..d0211c92
+      ..6d61fe15
+      ..c3df32f3
+      ..61af7755
+      ..7db8a3fc
+      ..2f571681
+      ..1d9fd485
+      ..e00f12cf
+      ..a2e68908
+      ..7b61e31e
+      ..07cd7111
+..d0211c92
+      ..332970cc
+      ..c3df32f3
+      ..1dfaeee0
+      ..4da2e79a
+      ..07cd7111
+..d0211c92
+      ..7000ab0f
+..d0211c92
+      ..d40068a0
+..d0211c92
+      ..7291d274
+      ..c3df32f3
+      ..164e4d39
+      ..7db8a3fc
+..d0211c92
+      ..44f6e960
+      ..a49df55f
+      ..1b7c0385
+      ..2d5263c7
+..d0211c92
+      ..5fd6dccc
+      ..1d9fd485
+      ..6c1c1535
+      ..667e17fc
+      ..8430b8bf
+      ..ec000550
+      ..fa4f42b4
+      ..1d9fd485
+      ..285b122e
+      ..6c1c1535
+      ..667e17fc
+      ..8430b8bf
+      ..ec000550
+      ..07cd7111
+..d0211c92
+      ..f0603c13
+      ..c3df32f3
+      ..12a72f77
+      ..7db8a3fc
+      ..37665cf6
+      ..0d791a94
+      ..2ea7feef
+      ..1d9fd485
+      ..f39c8b52
+      ..fac79153
+      ..ec000550
+..d0211c92
+      ..931026e4
+      ..07cd7111
+..d0211c92
+      ..6074d872
+      ..c3df32f3
+      ..37665cf6
+      ..41d32913
+      ..2ea7feef
+      ..1d9fd485
+      ..f39c8b52
+      ..d0f99b02
+      ..6b2cad09
+      ..ec000550
+      ..07cd7111
+..d0211c92
+      ..2aaa0b5b
+      ..c3df32f3
+      ..7e392423
+      ..7db8a3fc
+      ..8f6db3a7
+      ..837878dd
+      ..13efafdc
+      ..7c27b452
+      ..fa57905a
+      ..1d9fd485
+      ..5de72b50
+      ..b3001d30
+      ..76c2dba2
+      ..89e2ae07
+      ..fd60405d
+      ..4b250032
+      ..1460603e
+..d0211c92
+      ..72b43bb5
+      ..8f42e1ca
+..d0211c92
+      ..20d6090b
+      ..5a990b80
+      ..ec000550
+      ..07cd7111
+..d0211c92
+      ..7000ab0f
+    }..f56b86d3
+}..6d149770
+++ /de..fa713b5b
-﻿usi..cb4d25e1
-using ..29b668dd
-using ..e0b424dc
-using ..b199fb75
-using ..889b241d
-using ..1ffd9931
-using ..effbfc4c
-using ..c36e86d7
-using ..5c58e09b
-..2a8a7fb0
-namesp..8e422805
-{..04cbd1a8
-    [R..4527d19b
-    pu..6ad611b6
-    {..b32e9d3b
-      ..0715ec77
-..2a8a7fb0
-      ..9a082748
-      ..a614ee93
-      ..574bcf54
-..2a8a7fb0
-      ..2e7b248a
-      ..a614ee93
-      ..574bcf54
-..2a8a7fb0
-      ..61f65a4c
-..2a8a7fb0
-      ..eb13b5bb
-..2a8a7fb0
-      ..4d2ef5d3
-..2a8a7fb0
-      ..61f65a4c
-..2a8a7fb0
-      ..524f4e5e
-..2a8a7fb0
-      ..ea3e112c
-      ..a614ee93
-      ..51ca8f29
-      ..574bcf54
-..2a8a7fb0
-      ..0ef85b9d
-      ..a614ee93
-      ..d40e048d
-      ..574bcf54
-..2a8a7fb0
-      ..61f65a4c
-..2a8a7fb0
-      ..0b03515c
-..2a8a7fb0
-      ..b1f85172
-      ..a614ee93
-      ..eafad2fb
-      ..9545de96
-      ..55d5d1ab
-      ..bbe6a964
-      ..805e0521
-      ..8a17ad97
-      ..83455167
-//    ..2d6f43be
-      ..574bcf54
-..2a8a7fb0
-      ..8ce06401
-      ..a614ee93
-      ..eafad2fb
-      ..1599c86d
-      ..55d5d1ab
-      ..bbe6a964
-      ..805e0521
-      ..e9b273ce
-      ..b72b10df
-      ..83455167
-      ..574bcf54
-..2a8a7fb0
-      ..61f65a4c
-    }..3812264d
-}..677c0a5a
-	<stri..e84f6100
+	<stri..31279fcf
-      ..7d581145
-      ..47f38f7e
+      ..5c05d7f7
+      ..4daf4c13
+      ..5c05d7f7
+      ..7c8e1fa5
+..d0211c92
+      ..052e2ea1
+      ..d3084bae
+      ..7db8a3fc
+..d0211c92
-      ..5acf1b52
-      ..979c4839
-      ..2ef48012
-      ..2658d9e0
+      ..21e42cb0
-      ..2658d9e0
+      ..21e42cb0
-..2a8a7fb0
-..2a8a7fb0
-..2a8a7fb0
-using ..16e2fde9