+    <C..2547ceb9
+    <C..d39c1263
+using ..35c21c3b
+      ..99c8fbf4
+      ..c3df32f3
+      ..6aba94d1
+      ..1d9fd485
+      ..12f53eb2
+      ..99622584
+      ..76c2dba2
+      ..cba66711
+      ..1ac63a4a
+      ..71c3a313
+      ..e7202558
+      ..cc9b921a
+      ..681d7e34
+      ..0eeb104d
+      ..cd9be85f
+      ..1460603e
+      ..ec000550
+..d0211c92
+      ..3ecc3d40
+      ..07cd7111
+..d0211c92
-	<stri..afddfe8d
+	<stri..d6f94447
+using ..d5a96a8a
+      ..5234103b
+..d0211c92
+      ..8cf28388
+      ..c3df32f3
+      ..4d691b87
+      ..07cd7111
+..d0211c92
-      ..9d855965
+      ..cbd57089
-      ..f0578d1e
+      ..0616dd73
--- /de..13778dd2
+﻿nam..e7d61e9e
+{..6122ff25
+    pu..c959560d
+    {..a9049485
+    }..f56b86d3
+}..6d149770
+      ..8cf28388
+      ..c3df32f3
+      ..458a4f3c
+      ..07cd7111
+..d0211c92
--- /de..13778dd2
+﻿usi..223e368c
+using ..8d1779a3
+using ..fbf12104
+using ..cac49fcb
+using ..b039fca8
+using ..d35ea564
+using ..fa3eb40c
+using ..8b3cb8f0
+using ..3ad7c9b8
+..d0211c92
+namesp..008771f3
+{..6122ff25
+    pu..8402c3fc
+    {..a9049485
+      ..4c73fdde
+..d0211c92
+      ..f8832c25
+      ..a46f830b
+..d0211c92
+      ..3140bb8e
+      ..37637115
+..d0211c92
+      ..0c33a499
+..d0211c92
+      ..7000ab0f
+..d0211c92
+      ..0febdb29
+..d0211c92
+      ..f00f137d
+      ..c3df32f3
+      ..54d0d58c
+      ..680bfb64
+      ..43f4b3e1
+      ..4b38421b
+      ..1ed7043a
+      ..d7fec571
+      ..07cd7111
+..d0211c92
+      ..7000ab0f
+..d0211c92
+      ..d40068a0
+..d0211c92
+      ..bb6c695a
+      ..c3df32f3
+      ..d9227ead
+      ..89af8b7f
+      ..07cd7111
+..d0211c92
+      ..7d4993b1
+      ..c3df32f3
+      ..3f8bf85c
+      ..731f85f7
+      ..7db8a3fc
+      ..141fe490
+      ..e0bf5b51
+      ..e83b4c19
+      ..07cd7111
+..d0211c92
+      ..41dea5a9
+      ..c3df32f3
+      ..3f8bf85c
+      ..731f85f7
+      ..7db8a3fc
+      ..141fe490
+      ..35db9577
+      ..07cd7111
+..d0211c92
+      ..b2b2c01b
+      ..7e999467
+      ..48d480b7
+      ..c3df32f3
+      ..36e0467d
+      ..1d9fd485
+      ..d29029ac
+      ..7db8a3fc
+      ..ec000550
+..d0211c92
+      ..dc25e6f2
+      ..8b7997f8
+      ..1d9fd485
+      ..0f3f6eb6
+      ..877f9462
+      ..4b250032
+      ..ce83faa9
+      ..76c2dba2
+      ..f1a0cb8b
+      ..879a34cf
+      ..1460603e
+      ..c2266dee
+      ..76c2dba2
+      ..738f7ded
+      ..ef9ea7e5
+      ..1460603e
+      ..ec000550
+      ..1ed7043a
+      ..1d9fd485
+      ..f15d92cb
+      ..76c2dba2
+      ..738f7ded
+      ..ef9ea7e5
+      ..1460603e
+      ..c2266dee
+      ..76c2dba2
+      ..f1a0cb8b
+      ..879a34cf
+      ..1460603e
+      ..ec000550
+      ..07cd7111
+..d0211c92
+      ..fb841f97
+      ..7e999467
+      ..3d96b67d
+      ..c3df32f3
+      ..d89460da
+      ..1d9fd485
+      ..d29029ac
+      ..8ab9ff31
+      ..ea9f76f8
+      ..7db8a3fc
+      ..ec000550
+..d0211c92
+      ..d4f2ce5d
+      ..8ab9ff31
+      ..c63e5502
+      ..03e46914
+..d0211c92
+      ..60e7b570
+      ..07cd7111
+..d0211c92
+      ..e711e91e
+      ..c3df32f3
+      ..612befe0
+      ..cdb10d0c
+      ..bff24553
+      ..3d0f5935
+      ..1b398e18
+      ..bff24553
+      ..e3c6751e
+      ..07cd7111
+..d0211c92
+      ..84f4f0ab
+      ..c3df32f3
+      ..81eaddb0
+      ..d29029ac
+      ..07cd7111
+..d0211c92
+      ..0f2f04e1
+      ..c3df32f3
+      ..009a7cb2
+      ..a72f363f
+      ..07cd7111
+..d0211c92
+      ..7000ab0f
+    }..f56b86d3
+}..6d149770
+using ..b039fca8
-    pu..7dfaa993
+    pu..a0f9f02b
+      ..56181b44
+      ..84a4191f
+..d0211c92
+      ..517bfc46
-..2a8a7fb0
+      ..e065c29e
+      ..301c35c6
+      ..d201fe54
-..2a8a7fb0
+      ..ef8785de
+      ..1d9fd485
+      ..8f77d2a8
+      ..f315380f
+      ..fbd88adb
+      ..16f7de71
+      ..21f9ec92
+      ..fd74ec22
+      ..0d5cb4cf
+      ..32e430c1
+      ..fa7f57b5
+..d0211c92
-      ..71d493e6
+      ..0a1ce579
-      ..53a69362
+      ..08b5fb62
-      ..df2b9ba4
+      ..6e48f76f
-      ..0aca582d
+      ..83967b99
-      ..5be2d447
+      ..657b247f
+      ..72b23834
+      ..ebf1c7a7
+      ..03821e8e
-      ..3f4a529a
+      ..d6738b44
+      ..d0805088
+      ..c3df32f3
+      ..0dd97ae6
+      ..7db8a3fc
+      ..3898bbf6
+      ..b911c9de
+      ..1d9fd485
+      ..da53add6
+      ..f1e36e9d
+      ..ec000550
+      ..318fa15a
+      ..1d9fd485
+      ..81845eaf
+      ..e6638600
+      ..ec000550
+      ..1ed7043a
+      ..1d9fd485
+      ..9596645e
+      ..76c2dba2
+      ..93e473b3
+      ..b540ef14
+      ..cf8f65ac
+      ..be769502
+      ..b6e594e0
+      ..e83d1948
+      ..1460603e
+..d0211c92
+      ..1cfa476c
+      ..f5d34485
+      ..3127aff2
+      ..ec000550
+..d0211c92
+      ..d989c104
+      ..1d9fd485
+      ..d3426600
+      ..0021075b
+      ..32f6e92f
+      ..2f929c7d
+      ..46a5b411
+      ..a9424752
+      ..ec000550
+..d0211c92
+      ..34e29563
+      ..d39bbbaa
+      ..9ad70023
+      ..cfc2057b
+      ..35f260b5
+      ..07cd7111
+..d0211c92
+      ..74adaf5a
+      ..c3df32f3
+      ..3638ed9c
+      ..99b05f2b
+      ..07cd7111
+..d0211c92
-      ..da8e9dc8
+      ..8879d49c
+      ..5f3a3747
+      ..7db8a3fc
+      ..a8a28363
+      ..1c638225
+      ..284ed3a9
+      ..a8c20750
+      ..976d461d
+      ..1ed7043a
+      ..293d2f50
+      ..cdb99191
+      ..aa5ddd67
+using ..d5a96a8a
-      ..249327aa
+      ..e8cc2382
-      ..249327aa
+      ..e8cc2382
-      ..249327aa
+      ..e8cc2382
-      ..249327aa
+      ..e8cc2382
-      ..40543c3e
+      ..0a500dc2
+..d0211c92
+      ..fb4586da
-      ..1cedce03
+      ..05b45cf0