+    <A..67026aaa
-    <A..8b1dc464
-  </It..47966eaa
-  <Ite..6b168a95
-    <A..7323890f
-  </It..47966eaa
-  <Ite..6b168a95
-    <A..c26e0cdf
-  </It..47966eaa
-  <Ite..6b168a95
-    <A..6cda1afd
-  </It..47966eaa
-  <Ite..6b168a95
-      ..574bcf54
-..2a8a7fb0
-      ..e040df18
-      ..a614ee93
-      ..08ee8f7c
-      ..f2711b39
-      ..574bcf54
+      ..07cd7111
-      ..134da3d5
-      ..a614ee93
-      ..1bbb138e
-      ..574bcf54
-..2a8a7fb0
-      ..458ed27d
-      ..a614ee93
-      ..5f4ead46
-      ..cee1bf82
-      ..184f2aeb
-      ..b9a775ff
-      ..25d0510b
-      ..0eebec64
-      ..b467d317
-      ..c738c54d
-      ..d4eff9fa
-      ..574bcf54
-..2a8a7fb0
-			pub..ab2ec5bc
+			pub..9ddeab32
-			pub..31b5c2ec
+			pub..5c46e2da
-			pub..0c0f5b80
+			pub..9855984e
-			pub..23bf5389
+			pub..0e0a0241
-			pub..ad6256a6
+			pub..d4c62de0
-			pub..36b38e77
+			pub..aa886352
-			pub..124dbfbd
+			pub..be23f8d9
-			pub..bc604f61
+			pub..fe4cce29
-			pub..5b24e794
+			pub..488ef0e8
-			pub..e1f3412e
+			pub..557ccdd2
-			pub..7b8b37b2
+			pub..c7893a1f
-			pub..64ef0a74
+			pub..59c62c89
-			pub..f8472aaa
+			pub..526736b1
-			pub..2be8d197
+			pub..298ede71
-			pub..0d44f030
+			pub..0c4adb8b
-			pub..b73eb895
+			pub..0a81387e
-			pub..fe6f839d
+			pub..18522d66
-			pub..dc7725aa
+			pub..008cb40f
-			pub..c3c89dc7
+			pub..294f9ec6
-			pub..e80f552b
+			pub..564d7099
-			pub..7eea177c
+			pub..970f0f5f
-			pub..b3d452e6
+			pub..a097484d
-			pub..5f1802bc
+			pub..d062ad4f
-			pub..a62c05fd
+			pub..faa574b9
-			pub..236a5659
+			pub..93ba6a61
-			pub..58edf0d7
+			pub..93a9bff9
-			pub..f16f183c
+			pub..db7df2d1
-			pub..9d1a824a
+			pub..63beca2d
-			pub..3249a235
+			pub..498fd5cd
-			pub..e9812a6b
+			pub..cf99494a
-			pub..ddcceced
+			pub..919509ef
-			pub..af55366a
+			pub..f86468bb
-			pub..2d6176d3
-..2a8a7fb0
-			// ..d3816ec0
-			pub..033af301
+			pub..91158880
-      ..03b9403e
+      ..e97b3546
+++ /de..fa713b5b
-﻿<?x..fd88262d
-..2a8a7fb0
-<Linea..3a60ecca
-      ..27a774c0
-      ..247acf35
-      ..5d823424
-      ..804f5c97
-      ..626bac8b
-..2a8a7fb0
-  <Lin..59ec05cf
-      ..610997c5
-      ..4d25758f
-      ..5a8d9e8a
-..2a8a7fb0
-    <I..aefbfbb5
-      ..49ac370b
-      ..32f09b28
-      ..4d7c4f84
-      ..15fea577
-..2a8a7fb0
-    <T..7e70d7b8
-      ..65c58b49
-      ..3f7c02e6
-      ..52ed464b
-      ..75c0d7a9
-      ..60986edc
-      ..5cace195
-      ..d53fb2ab
-  </Li..4e2501d6
-..2a8a7fb0
-..2a8a7fb0
-  <Tex..4d144fce
-      ..077fd9d4
-      ..826f7226
-      ..271014be
-      ..ffd252f1
-      ..9c59c807
-      ..7d3b1400
-      ..4fb0cebc
-      ..733129b1
-</Line..2b0ed2c7
-      ..df3f491f
-      ..ea827d2c
-      ..f1e65d8f
-      ..b8f5514e
+..d0211c92
+..d0211c92
+..d0211c92
+..d0211c92
+..d0211c92
+..d0211c92
-      ..b0c4adf2
-      ..1aa1367e
-      ..4afd0f0f
-      ..bd0059e5
+..d0211c92
+..d0211c92
-      ..b0c4adf2
-      ..3b7fe881
-      ..4afd0f0f
-      ..f3e82ca0
+#if !_..3ac76f37
+..d0211c92
+#endif..175fbe3d
+..d0211c92
+..d0211c92
+..d0211c92
+..d0211c92
+..d0211c92
+..d0211c92
+..d0211c92
+..d0211c92
+..d0211c92
+..d0211c92
+..d0211c92
+..d0211c92
+..d0211c92
+#if !_..3ac76f37
+..d0211c92
+..d0211c92
+#endif..175fbe3d
+..d0211c92
-      ..b0c4adf2
-      ..a78e9847
-      ..4afd0f0f
-      ..1b22a5ff
+..d0211c92
+..d0211c92
+..d0211c92
+..d0211c92
+..d0211c92
+..d0211c92
+..d0211c92
+..d0211c92
+..d0211c92
+..d0211c92
+..d0211c92
+..d0211c92
+..d0211c92
+..d0211c92
+..d0211c92
+..d0211c92
+..d0211c92
+..d0211c92
+..d0211c92
+..d0211c92
+..d0211c92
+..d0211c92
+..d0211c92
+..d0211c92
+..d0211c92
+..d0211c92
+..d0211c92
+..d0211c92
+..d0211c92
+..d0211c92
+..d0211c92
+..d0211c92
+..d0211c92
+..d0211c92
+..d0211c92
+..d0211c92
+..d0211c92
+..d0211c92
+..d0211c92
+..d0211c92
+..d0211c92
+..d0211c92
+..d0211c92
+..d0211c92
+..d0211c92
+..d0211c92
+..d0211c92
+..d0211c92
+..d0211c92
+..d0211c92
+..d0211c92
+..d0211c92
+..d0211c92
+..d0211c92
+..d0211c92
+#if !_..3ac76f37
+..d0211c92
-      ..b0c4adf2
-      ..fe6ccff6
-      ..4afd0f0f
-      ..0b605e48
+..d0211c92
+#endif..175fbe3d
+..d0211c92
+..d0211c92
+..d0211c92
+..d0211c92
+..d0211c92
+..d0211c92
+      ..c6261e09
+      ..b7b0f299
+      ..8a156ac2
+      ..50fa4a77
+..d0211c92
+..d0211c92
+..d0211c92
+..d0211c92
+..d0211c92
-      ..b0c4adf2
-      ..fca1fbd9
-      ..4afd0f0f
-      ..da034d77
+..d0211c92
+..d0211c92
+..d0211c92
+..d0211c92
+..d0211c92
+..d0211c92
-      ..b0c4adf2
-      ..ce5fb10a
-      ..4afd0f0f
-      ..f0f1ad6d
-      ..b0c4adf2
-      ..c4a75e5c
-      ..4afd0f0f
-      ..39fdd7ef
-..2a8a7fb0
-      ..b0c4adf2
-      ..3333b6e3
-      ..4afd0f0f
-      ..a1cf0098
+..d0211c92
+..d0211c92
+..d0211c92
+..d0211c92
+..d0211c92
+..d0211c92
+..d0211c92
+..d0211c92
+..d0211c92
+..d0211c92
+      ..c6261e09
+      ..6716e87a
+      ..8a156ac2
+      ..ff13a182
+..d0211c92
+..d0211c92
+..d0211c92
+..d0211c92
+..d0211c92
+..d0211c92
+..d0211c92
+..d0211c92
+..d0211c92
+..d0211c92
+      ..c6261e09
+      ..ff6603e8
+      ..8a156ac2
+      ..87ac5abd
+..d0211c92
+..d0211c92
+..d0211c92
+..d0211c92
+..d0211c92
+..d0211c92
+..d0211c92
+..d0211c92
+..d0211c92
+..d0211c92
+..d0211c92
+#if !_..36f92951
+..d0211c92
+..d0211c92
+#endif..175fbe3d
+#if !_..3ac76f37
+..d0211c92
+..d0211c92
+#endif..175fbe3d
+#if !_..36f92951
+..d0211c92
+..d0211c92
+#endif..175fbe3d
+..d0211c92
+#if !_..3ac76f37
+..d0211c92
+..d0211c92
+#endif..175fbe3d
+#if !_..3ac76f37
+..d0211c92
+..d0211c92
+#endif..175fbe3d
+..d0211c92
+..d0211c92
+..d0211c92
+..d0211c92
+..d0211c92
+..d0211c92
+#if !_..3ac76f37
+..d0211c92
+..d0211c92
+#endif..175fbe3d
+#if !_..3ac76f37
+..d0211c92
+..d0211c92
+#endif..175fbe3d
+..d0211c92
+..d0211c92
+..d0211c92
+..d0211c92
+..d0211c92
+..d0211c92
+..d0211c92
+..d0211c92
+..d0211c92
+..d0211c92
+..d0211c92
+..d0211c92
+..d0211c92
+..d0211c92
+..d0211c92
+..d0211c92
+..d0211c92
+..d0211c92
+..d0211c92
+..d0211c92
+..d0211c92
+..d0211c92
+..d0211c92
+..d0211c92
+..d0211c92
+..d0211c92
+..d0211c92
+..d0211c92
+..d0211c92
-      ..b0c4adf2
-      ..86dac19b
-      ..4afd0f0f
-      ..888a252e
+..d0211c92
+..d0211c92
+#if !_..3ac76f37
+..d0211c92
+..d0211c92
+#endif..175fbe3d
+#if !_..3ac76f37
+..d0211c92
+..d0211c92
+#endif..175fbe3d
+..d0211c92
+..d0211c92
-      ..b0c4adf2
-      ..47e83db8
-      ..4afd0f0f
-      ..37f80913
+..d0211c92
+..d0211c92
+..d0211c92
+..d0211c92
+..d0211c92
+..d0211c92
+..d0211c92
+..d0211c92
+..d0211c92
+..d0211c92
+..d0211c92
+..d0211c92
+..d0211c92
+..d0211c92
-      ..b0c4adf2
-      ..911a5da3
-      ..4afd0f0f
-      ..88441d53
+..d0211c92
+..d0211c92
+..d0211c92
+..d0211c92
+..d0211c92
+..d0211c92
+..d0211c92
+..d0211c92
+#if !_..3ac76f37
+..d0211c92
+..d0211c92
+#endif..175fbe3d
+..d0211c92
+..d0211c92
+..d0211c92
+..d0211c92
+..d0211c92
+..d0211c92
+..d0211c92
+..d0211c92
+..d0211c92
+..d0211c92
+..d0211c92
+..d0211c92
+..d0211c92
+..d0211c92
+..d0211c92
+..d0211c92
+..d0211c92
+..d0211c92
+      ..c6261e09
+      ..946332b1
+      ..8a156ac2
+      ..297b4bb5
+..d0211c92
+..d0211c92
+..d0211c92
-      ..b0c4adf2
-      ..bb7817cc
-      ..4afd0f0f
-      ..68171c92
+..d0211c92
+..d0211c92
-      ..17b48bf8
-      ..3595cd79
-      ..16950c0b
-      ..f533b956
-      ..a3909bb9
-      ..f56b69eb
-      ..e7e402a2
-      ..22e26d54
-      ..4a14771b
-      ..de9b90e6
-      ..94d40415
-      ..8826eecb
-      ..6160739f
-      ..f783a4ea
-      ..889a8c2e
-      ..9ec5a1a5
-      ..73044d4f
-      ..0ea523b3
-      ..2309d037
-      ..bd87ee3f
-      ..379c63ca
-      ..100f5111
-      ..cd241017
-      ..45885015
-      ..e75aff39
-      ..b4a84d57
-      ..d59cbe36
-      ..55897fdd
-      ..53dafd19
-      ..1be98835
-      ..6b355961
-      ..1628ea4c
-      ..7b2ee481
-      ..dd2a8039
-..2a8a7fb0
-      ..89fbbdcd
-      ..a614ee93
-      ..6b7c57db
-      ..bbe6a964
-      ..db6eaef8
-      ..6a367eb1
-      ..528c4f0b
+privat..942097e8
+privat..9afc7ea4
+privat..0dec8217
+privat..685bde78
+privat..fbc01699
+privat..67ca8184
+privat..3aedfb72
+privat..dbc91954
+privat..3c4eeb54
+privat..5c1e020e
+privat..e2ec6291
+privat..154864ac
+privat..edca079b
+privat..ccd1e346
+privat..4b2bc1f6
+privat..9364bec5
+privat..3735dbe5
+privat..77ecbbd1
+privat..6fbbce54
+privat..405d2100
+privat..b0643de0
+privat..fab0dcfe
+privat..6aadcc15
+privat..3805c7a2
+privat..dbceb71a
+privat..34c8bbad
+privat..a99d3afb
+privat..5934c75c
+privat..72ddfd6c
+privat..b51cfce3
+privat..4b1a5fea
+privat..cd87a222
+privat..ad1e1323
+privat..c31d605b
+..d0211c92
+privat..be43e455
+{..6122ff25
+if (co..93fa7ec4
+{..6122ff25
+if (_d..a6d0e2f8
+{..6122ff25
+_dicte..d6aa19d9
-{"Comm..fdf4d90d
-{"Wall..e130cf02
-{"Comm..fce2763c
+#if !_..3ac76f37
+#endif..175fbe3d
+..d0211c92
-{"Wall..2135ba61
-{"Wall..b6c2a7a8
-{"Wall..74b39254
+#if !_..3ac76f37
+#endif..175fbe3d
+..d0211c92
-{"Dash..e67fae4a
+#if !_..3ac76f37
-{"Wall..9be74af8
+#endif..175fbe3d
+..d0211c92
+{"Wall..bb6bab68
-{"Wall..ba24dbeb
-{"Wall..32d196a0
-{"Wall..204b20ca
-{"Wall..7c2cca4e
+{"Wall..6b1719ce
+{"Wall..440d2fdf
+#if !_..36f92951
-{"Wall..846fc13f
-Only v..3671daba
+#endif..175fbe3d
+..d0211c92
+#if !_..3ac76f37
+{"Wall..b467b76c
+#endif..175fbe3d
+..d0211c92
+#if !_..36f92951
+#endif..175fbe3d
+..d0211c92
+#if !_..3ac76f37
+#endif..175fbe3d
+..d0211c92
+#if !_..3ac76f37
+#endif..175fbe3d
+..d0211c92
+#if !_..3ac76f37
+#endif..175fbe3d
+..d0211c92
+#if !_..3ac76f37
+#endif..175fbe3d
+..d0211c92
-{"Wall..825cf910
+#if !_..3ac76f37
+#endif..175fbe3d
+..d0211c92
+#if !_..3ac76f37
+#endif..175fbe3d
+..d0211c92
-{"Wall..d7866e2a
-{"Wall..1f05cfa1
+#if !_..3ac76f37
+#endif..175fbe3d
+..d0211c92
+{"Wall..b042d7af
-{"Wall..a5324b68
-      ..d39d527f
-      ..9467080c
-      ..83455167
-      ..7bf13c8a
-      ..bbe6a964
-      ..079756e0
-      ..6a367eb1
-      ..12b53e05
+}..6d149770
+return..9ba81e76
+}..6d149770
+if (co..1a896d83
+{..6122ff25
+if (_d..0a503f29
+{..6122ff25
+_dicta..20cada92
-{"Comm..dbed859f
-{"Comm..622c82c6
+#if !_..3ac76f37
+#endif..175fbe3d
+..d0211c92
-{"Dash..4775394a
+#if !_..3ac76f37
-{"Wall..585aaa18
+#endif..175fbe3d
+..d0211c92
-{"Wall..cde0dab7
-{"Wall..e38df4cf
-{"Wall..7f37a740
-{"Wall..87f19571
+#if !_..3ac76f37
+#endif..175fbe3d
+..d0211c92
+#if !_..3ac76f37
+#endif..175fbe3d
+..d0211c92
-{"Wall..fcb5aca0
-{"Wall..3165481e
-      ..d39d527f
-      ..f63cac0f
-      ..83455167
-      ..549a2165
-      ..bbe6a964
-      ..2eed8e58
-      ..6a367eb1
-      ..ba42b054
+}..6d149770
+return..0ca3808c
+}..6d149770
+if (co..b80a5bb3
+{..6122ff25
+if (_d..af0d3084
+{..6122ff25
+_dicta..a0da24f6
-{"Comm..7423b728
-{"Comm..129a93ff
+#if !_..3ac76f37
+#endif..175fbe3d
+..d0211c92
+#if !_..3ac76f37
+#endif..175fbe3d
+..d0211c92
-{"Dash..97bffae0
+#if !_..3ac76f37
-{"Wall..b72df142
+#endif..175fbe3d
+..d0211c92
-{"Wall..3206c81e
-{"Wall..30874062
-{"Wall..24c7bde5
-{"Wall..01c3a700
-{"Wall..a7e76c2b
-زور..357c9dc9
+#if !_..3ac76f37
+{"Wall..95120a50
+#endif..175fbe3d
+..d0211c92
+#if !_..3ac76f37
+#endif..175fbe3d
+..d0211c92
+#if !_..3ac76f37
+#endif..175fbe3d
+..d0211c92
+#if !_..3ac76f37
+#endif..175fbe3d
+..d0211c92
+#if !_..3ac76f37
+#endif..175fbe3d
+..d0211c92
-{"Wall..4b063660
-{"Wall..cd98d7e1
-نوص..8ddb142f
+#if !_..3ac76f37
+{"Wall..9f21584b
+#endif..175fbe3d
+..d0211c92
+#if !_..3ac76f37
+#endif..175fbe3d
+..d0211c92
-{"Wall..5baf53c4
-{"Wall..4d4e17ca
-{"Wall..10a9ad13
-      ..d39d527f
-      ..25ca709c
-      ..83455167
-      ..878c5c6e
-      ..bbe6a964
-      ..ad38e219
-      ..6a367eb1
-      ..609e936e
+}..6d149770
+return..6384a4b1
+}..6d149770
+if (co..5d742a0b
+{..6122ff25
+if (_d..6f22c915
+{..6122ff25
+_dictb..335ae4fd
-{"Comm..7067e0e0
-{"Comm..573c498d
+#if !_..3ac76f37
+#endif..175fbe3d
+..d0211c92
+#if !_..3ac76f37
+#endif..175fbe3d
+..d0211c92
-{"Dash..2ec42e88
+#if !_..3ac76f37
-{"Wall..f58e2c9a
+#endif..175fbe3d
+..d0211c92
-{"Wall..308686a1
-{"Wall..3b91d953
-{"Wall..c445d058
-{"Wall..dac82a65
+#if !_..3ac76f37
+#endif..175fbe3d
+..d0211c92
+#if !_..3ac76f37
+#endif..175fbe3d
+..d0211c92
+#if !_..3ac76f37
+#endif..175fbe3d
+..d0211c92
+#if !_..3ac76f37
+#endif..175fbe3d
+..d0211c92
+#if !_..3ac76f37
+#endif..175fbe3d
+..d0211c92
-{"Wall..08172e93
+#if !_..3ac76f37
+#endif..175fbe3d
+..d0211c92
+#if !_..3ac76f37
+#endif..175fbe3d
+..d0211c92
-{"Wall..7f7a4d07
-{"Wall..d81317d5
+#if !_..3ac76f37
+#endif..175fbe3d
+..d0211c92
-{"Wall..22440c5b
-      ..d39d527f
-      ..ae4f30d8
-      ..83455167
-      ..1364f249
-      ..bbe6a964
-      ..174cb537
-      ..6a367eb1
-      ..41c1c7a6
+}..6d149770
+return..d25d8ee7
+}..6d149770
+if (co..1f198f07
+{..6122ff25
+if (_d..37884f7f
+{..6122ff25
+_dictb..a4b796c8
-{"Comm..0e88f929
-{"Comm..8479820f
+#if !_..3ac76f37
+#endif..175fbe3d
+..d0211c92
+{"Comm..8ce14576
+{"Comm..5364b706
+#if !_..3ac76f37
+#endif..175fbe3d
+..d0211c92
-{"Dash..eed3789d
+{"Wall..bdeec926
+{"Wall..152f8554
+{"Wall..0509880a
+{"Wall..b41af6a4
+{"Wall..8939b033
+{"Wall..3b2b305b
+{"Wall..a3099391
+{"Wall..2d632d7e
+{"Wall..83cd81be
+{"Wall..33c8b66e
+{"Wall..416883d5
+{"Wall..80ff6ba0
+{"Wall..e834f3c8
+#if !_..3ac76f37
-{"Wall..193aaae9
+#endif..175fbe3d
+..d0211c92
-{"Wall..366b2b9f
-{"Wall..f1ecb236
-{"Wall..27ba2a54
-{"Wall..b3fcce2e
-{"Wall..021f1a9f
-Posjet..0cfdf34a
+#if !_..36f92951
+{"Wall..d30f3441
+#endif..175fbe3d
+..d0211c92
+#if !_..3ac76f37
+{"Wall..dbd58bb1
+#endif..175fbe3d
+..d0211c92
+#if !_..36f92951
+{"Wall..503131bc
+#endif..175fbe3d
+..d0211c92
+#if !_..3ac76f37
+#endif..175fbe3d
+..d0211c92
+#if !_..3ac76f37
+#endif..175fbe3d
+..d0211c92
+#if !_..3ac76f37
+#endif..175fbe3d
+..d0211c92
+#if !_..3ac76f37
+#endif..175fbe3d
+..d0211c92
-{"Wall..35e19e2a
+#if !_..3ac76f37
+#endif..175fbe3d
+..d0211c92
+#if !_..3ac76f37
+#endif..175fbe3d
+..d0211c92
-{"Wall..80e1ff38
-{"Wall..ab35a645
+#if !_..3ac76f37
+#endif..175fbe3d
+..d0211c92
-{"Wall..89efde1a
-      ..d39d527f
-      ..eec7388c
-      ..83455167
-      ..0e7dede7
-      ..bbe6a964
-      ..99864f9b
-      ..6a367eb1
-      ..e5d27cb6
+}..6d149770
+return..635d7058
+}..6d149770
+if (co..6ee33996
+{..6122ff25
+if (_d..17f3644a
+{..6122ff25
+_dictc..91ab2cf2
-{"Comm..b53122aa
+{"Comm..06a407cc
-{"Comm..fce2763c
+#if !_..3ac76f37
+#endif..175fbe3d
+..d0211c92
+{"Comm..d1251eab
+#if !_..3ac76f37
+#endif..175fbe3d
+..d0211c92
-{"Dash..db57e9a5
+{"Wall..1b3aea82
+#if !_..3ac76f37
-{"Wall..1bd74e37
+#endif..175fbe3d
+..d0211c92
-{"Wall..ef6fe210
-{"Wall..31e00bf3
-{"Wall..4fd60504
-{"Wall..5fd2be96
+{"Wall..912615c1
+{"Wall..3f082dbd
+{"Wall..0ed17fed
+{"Wall..e4fb055b
+{"Wall..04e1c8cc
+{"Wall..26cca5e0
+{"Wall..2ae3e035
+{"Wall..3f85a518
+{"Wall..6e9e5b68
+{"Wall..76e31d6d
+#if !_..36f92951
-{"Wall..e7b8d97a
-Només..d2679ce0
+#endif..175fbe3d
+..d0211c92
+#if !_..3ac76f37
+{"Wall..1413eec3
+#endif..175fbe3d
+..d0211c92
+#if !_..36f92951
+#endif..175fbe3d
+..d0211c92
+#if !_..3ac76f37
+#endif..175fbe3d
+..d0211c92
+#if !_..3ac76f37
+#endif..175fbe3d
+..d0211c92
+{"Wall..a4e9e300
+{"Wall..8532a294
+#if !_..3ac76f37
+#endif..175fbe3d
+..d0211c92
+#if !_..3ac76f37
+#endif..175fbe3d
+..d0211c92
+{"Wall..1478ce05
+{"Wall..9535293b
-{"Wall..a3d01ccf
+#if !_..3ac76f37
+#endif..175fbe3d
+..d0211c92
+#if !_..3ac76f37
+#endif..175fbe3d
+..d0211c92
-{"Wall..33086539
+{"Wall..702bdefd
-{"Wall..e7bb7c8c
+#if !_..3ac76f37
+#endif..175fbe3d
+..d0211c92
+{"Wall..3f8f8dbb
-{"Wall..87e4cb26
+{"Wall..bf9cb041
+{"Wall..5177604a
+{"Wall..2313006f
+{"Wall..e48cc2d2
-      ..d39d527f
-      ..74745fab
-      ..83455167
-      ..f8b2f34e
-      ..bbe6a964
-      ..914df642
-      ..6a367eb1
-      ..c485649b
+}..6d149770
+return..45fdbbb9
+}..6d149770
+if (co..4c16d4f1
+{..6122ff25
+if (_d..67992f34
+{..6122ff25
+_dictc..e5aef7b4
-{"Comm..276911ab
-{"Comm..e1d65a00
+#if !_..3ac76f37
+#endif..175fbe3d
+..d0211c92
+{"Comm..88597301
+{"Comm..60c28559
+#if !_..3ac76f37
+#endif..175fbe3d
+..d0211c92
-{"Dash..4f232e26
+{"Wall..bf4e8445
+{"Wall..a91faf7b
+{"Wall..ac6213f8
+{"Wall..cd598f65
+{"Wall..9acfda89
+{"Wall..009341cb
+{"Wall..9ba7739f
+{"Wall..10da1f7b
+{"Wall..97997c18
+{"Wall..26ae4776
+{"Wall..1723f407
+{"Wall..9484ec82
+{"Wall..84ca0689
+#if !_..3ac76f37
-{"Wall..4b5f6fbf
+#endif..175fbe3d
+..d0211c92
-{"Wall..54d6ea57
-{"Wall..ca69d2fe
-{"Wall..22cdcc75
-{"Wall..98cfccf7
+#if !_..36f92951
+{"Wall..7a7eb1af
+#endif..175fbe3d
+..d0211c92
+#if !_..3ac76f37
+#endif..175fbe3d
+..d0211c92
+#if !_..36f92951
+{"Wall..91a8bfb9
+#endif..175fbe3d
+..d0211c92
+#if !_..3ac76f37
+#endif..175fbe3d
+..d0211c92
+#if !_..3ac76f37
+#endif..175fbe3d
+..d0211c92
+#if !_..3ac76f37
+#endif..175fbe3d
+..d0211c92
+#if !_..3ac76f37
+#endif..175fbe3d
+..d0211c92
-{"Wall..6c6625bc
+#if !_..3ac76f37
+#endif..175fbe3d
+..d0211c92
+#if !_..3ac76f37
+#endif..175fbe3d
+..d0211c92
-{"Wall..1c6c9796
-{"Wall..7a4e11b9
+#if !_..3ac76f37
+#endif..175fbe3d
+..d0211c92
-{"Wall..c4f779bc
-      ..d39d527f
-      ..d692813d
-      ..83455167
-      ..f2faf5d7
-      ..bbe6a964
-      ..c707d635
-      ..6a367eb1
-      ..a4a5abf1
+}..6d149770
+return..b7f1d224
+}..6d149770
+if (co..14c49b13
+{..6122ff25
+if (_d..7ff48130
+{..6122ff25
+_dictd..10bbb25a
-{"Comm..3714b677
-{"Comm..fce2763c
+#if !_..3ac76f37
+#endif..175fbe3d
+..d0211c92
+#if !_..3ac76f37
+#endif..175fbe3d
+..d0211c92
-{"Dash..f8fa8e86
+#if !_..3ac76f37
-{"Wall..9c5e377f
+#endif..175fbe3d
+..d0211c92
-{"Wall..2410b9ee
-{"Wall..61694719
-{"Wall..c68e6297
+#if !_..3ac76f37
+#endif..175fbe3d
+..d0211c92
+#if !_..3ac76f37
+#endif..175fbe3d
+..d0211c92
-{"Wall..70c9e150
+#if !_..3ac76f37
+#endif..175fbe3d
+..d0211c92
+#if !_..3ac76f37
+#endif..175fbe3d
+..d0211c92
-{"Wall..5eddfe81
-{"Wall..7fc823cb
-      ..d39d527f
-      ..5cd53e76
-      ..83455167
-      ..e0a7bd49
-      ..bbe6a964
-      ..8ee1a850
-      ..6a367eb1
-      ..c03c0b9d
+}..6d149770
+return..44efc606
+}..6d149770
+if (co..73cccc7c
+{..6122ff25
+if (_d..d224fe54
+{..6122ff25
+_dictd..bdba8bdf
-{"Comm..616d74db
+{"Comm..a2d68ffd
-{"Comm..fce2763c
+#if !_..3ac76f37
+#endif..175fbe3d
+..d0211c92
+{"Comm..8d6a3348
+#if !_..3ac76f37
+#endif..175fbe3d
+..d0211c92
-{"Dash..818c0933
+{"Wall..c6919b7d
+#if !_..3ac76f37
-{"Wall..952a33e0
+#endif..175fbe3d
+..d0211c92
-{"Wall..942eca33
-{"Wall..9017f1de
-{"Wall..15f5cbe3
-{"Wall..bcdeefc0
+{"Wall..b3f92e8d
+{"Wall..ff85a8f5
+{"Wall..cae0bc63
+{"Wall..e7b2a8a8
+{"Wall..5c5d360e
+{"Wall..453519ad
+{"Wall..abb4e27d
+{"Wall..1828538b
+{"Wall..e92b8bc9
+{"Wall..a1ed0f52
+#if !_..36f92951
-{"Wall..56bfde08
-Besuch..1a05715e
+#endif..175fbe3d
+..d0211c92
+#if !_..3ac76f37
+{"Wall..fb1bf037
+#endif..175fbe3d
+..d0211c92
+#if !_..36f92951
+#endif..175fbe3d
+..d0211c92
+#if !_..3ac76f37
+#endif..175fbe3d
+..d0211c92
+#if !_..3ac76f37
+#endif..175fbe3d
+..d0211c92
+{"Wall..16f451c5
+{"Wall..79b7b4d6
+#if !_..3ac76f37
+#endif..175fbe3d
+..d0211c92
+#if !_..3ac76f37
+#endif..175fbe3d
+..d0211c92
+{"Wall..b3f79ff7
+{"Wall..ba1158aa
-{"Wall..a31aa4c8
-{"Wall..59223bd4
-Wir em..63664e68
+#if !_..3ac76f37
+{"Wall..5ec0b2ed
+#endif..175fbe3d
+..d0211c92
+#if !_..3ac76f37
+#endif..175fbe3d
+..d0211c92
-{"Wall..33320a50
+{"Wall..1dabf0e8
-{"Wall..4b264828
-{"Wall..53c242cf
+{"Wall..fc943c2e
+#if !_..3ac76f37
+#endif..175fbe3d
+..d0211c92
+{"Wall..50ba938e
-{"Wall..a22b5c10
+{"Wall..a4df6b30
+{"Wall..8461107a
+{"Wall..9159e7b2
+{"Wall..d2a71862
-      ..d39d527f
-      ..2d1c26ed
-      ..83455167
-      ..95621fd1
-      ..bbe6a964
-      ..df53e59a
-      ..6a367eb1
-      ..e8df34b3
+}..6d149770
+return..a7e0606e
+}..6d149770
+if (co..30ef5c5c
+{..6122ff25
+if (_d..4cc4091f
+{..6122ff25
+_dicte..e3fd9be0
-{"Comm..e7d0d58e
+{"Comm..d4c06e3f
-{"Comm..35a441a8
+#if !_..3ac76f37
+#endif..175fbe3d
+..d0211c92
+{"Comm..818044f1
+#if !_..3ac76f37
+#endif..175fbe3d
+..d0211c92
-{"Dash..9f0878fa
+{"Wall..98935e05
+#if !_..3ac76f37
-{"Wall..16827b53
+#endif..175fbe3d
+..d0211c92
-{"Wall..7d2639a6
-{"Wall..e00015c2
-{"Wall..f4093485
-{"Wall..8f2276c0
+{"Wall..3c4a8ffd
+{"Wall..ff85a8f5
+{"Wall..cae0bc63
+{"Wall..e19e6a5e
+{"Wall..09ac1941
+{"Wall..6d1dcbc5
+{"Wall..dd41e95c
+{"Wall..446c7816
+{"Wall..d7ea7274
+{"Wall..cc8d5954
+#if !_..36f92951
-{"Wall..a24db8ca
-Επι..c44e7f1f
+#endif..175fbe3d
+..d0211c92
+#if !_..3ac76f37
+{"Wall..1ded6397
+#endif..175fbe3d
+..d0211c92
+#if !_..36f92951
+#endif..175fbe3d
+..d0211c92
+#if !_..3ac76f37
+#endif..175fbe3d
+..d0211c92
+#if !_..3ac76f37
+#endif..175fbe3d
+..d0211c92
+{"Wall..7934b8f1
+{"Wall..965178d4
+#if !_..3ac76f37
+#endif..175fbe3d
+..d0211c92
+#if !_..3ac76f37
+#endif..175fbe3d
+..d0211c92
+{"Wall..de7ac62b
+{"Wall..a391478e
-{"Wall..47d8addc
+#if !_..3ac76f37
+#endif..175fbe3d
+..d0211c92
+#if !_..3ac76f37
+#endif..175fbe3d
+..d0211c92
-{"Wall..771480a6
+{"Wall..9f996079
-{"Wall..0c37b370
+#if !_..3ac76f37
+#endif..175fbe3d
+..d0211c92
+{"Wall..81f205a0
-{"Wall..3a429245
+{"Wall..026cab79
+{"Wall..ac235431
+{"Wall..954a345f
+{"Wall..a56cf7f8
-      ..d39d527f
-      ..40acefce
-      ..83455167
-      ..9be6d1be
-      ..bbe6a964
-      ..c5ae2a6a
-      ..6a367eb1
-      ..657ec0a0
+}..6d149770
+return..2b6c69e5
+}..6d149770
+if (co..f966f2a2
+{..6122ff25
+if (_d..8a937d43
+{..6122ff25
+_dicte..70a8afe1
-{"Comm..3ad0d065
+{"Comm..06a407cc
-{"Comm..fce2763c
+#if !_..3ac76f37
+#endif..175fbe3d
+..d0211c92
+{"Comm..ae0880f5
+#if !_..3ac76f37
+#endif..175fbe3d
+..d0211c92
-{"Dash..6ed76863
+{"Wall..1b921446
+#if !_..3ac76f37
-{"Wall..d6071000
+#endif..175fbe3d
+..d0211c92
-{"Wall..f336c8f6
-{"Wall..dba0a7b4
-{"Wall..7b7902ac
-{"Wall..382b8bbc
+{"Wall..aa885d57
+{"Wall..56c4594a
+{"Wall..5f75ceac
+{"Wall..1c3711fd
+{"Wall..d9132560
+{"Wall..1864b13e
+{"Wall..2c5602b1
+{"Wall..701f5ede
+{"Wall..f463dcec
+{"Wall..76e31d6d
+#if !_..36f92951
-{"Wall..bb3b39ea
-Sólo ..3040c253
+#endif..175fbe3d
+..d0211c92
+#if !_..3ac76f37
+{"Wall..e1abba0f
+#endif..175fbe3d
+..d0211c92
+#if !_..36f92951
+#endif..175fbe3d
+..d0211c92
+#if !_..3ac76f37
+#endif..175fbe3d
+..d0211c92
+#if !_..3ac76f37
+#endif..175fbe3d
+..d0211c92
+{"Wall..23bfc000
+{"Wall..13d7072e
+#if !_..3ac76f37
+#endif..175fbe3d
+..d0211c92
+#if !_..3ac76f37
+#endif..175fbe3d
+..d0211c92
+{"Wall..2f8f1229
+{"Wall..9a591a27
-{"Wall..8281e1e8
+#if !_..3ac76f37
+#endif..175fbe3d
+..d0211c92
+#if !_..3ac76f37
+#endif..175fbe3d
+..d0211c92
-{"Wall..ede7673d
+{"Wall..772d0ad2
-{"Wall..b3d32fc2
+#if !_..3ac76f37
+#endif..175fbe3d
+..d0211c92
+{"Wall..509848ec
-{"Wall..6b895f6a
+{"Wall..b82fb7a4
+{"Wall..67b0ab74
+{"Wall..2313006f
+{"Wall..f533ba74
-      ..d39d527f
-      ..0fb199ea
-      ..83455167
-      ..c6e0c992
-      ..bbe6a964
-      ..9cdcbfb7
-      ..6a367eb1
-      ..454031bd
+}..6d149770
+return..dfb7d30b
+}..6d149770
+if (co..c5f1016d
+{..6122ff25
+if (_d..b59c94c5
+{..6122ff25
+_dictf..dbb693b9
-{"Comm..11e580ff
-{"Comm..fce2763c
+#if !_..3ac76f37
+#endif..175fbe3d
+..d0211c92
-{"Dash..563161fa
+#if !_..3ac76f37
-{"Wall..e5a30683
+#endif..175fbe3d
+..d0211c92
-{"Wall..457e2c22
-{"Wall..e3832c2f
-{"Wall..37f32afd
-{"Wall..dab451af
+#if !_..3ac76f37
+#endif..175fbe3d
+..d0211c92
+#if !_..3ac76f37
+#endif..175fbe3d
+..d0211c92
-{"Wall..af4e1b9f
-{"Wall..b6c8768d
-{"Wall..c065f2d5
-      ..d39d527f
-      ..b9bacad6
-      ..83455167
-      ..efb5694e
-      ..bbe6a964
-      ..c13b19c3
-      ..6a367eb1
-      ..5c02e3c2
+}..6d149770
+return..ad6d60ae
+}..6d149770
+if (co..71d6e92a
+{..6122ff25
+if (_d..3c56a5ee
+{..6122ff25
+_dicth..6c3f9584
-{"Comm..8f762ae1
+{"Comm..29029976
-{"Comm..c251e29d
+#if !_..3ac76f37
+#endif..175fbe3d
+..d0211c92
+{"Comm..6ae94bb0
+#if !_..3ac76f37
+#endif..175fbe3d
+..d0211c92
-{"Dash..aef3b9cd
-{"Tran..6c51246e
+{"Tran..c7f117b2
-{"Tran..bba1053a
-{"Tran..384e59df
+{"Tran..95fea861
+{"Tran..d37ca68a
-{"Tran..08ef3a22
-{"Tran..12c4d57b
-{"Tran..6b139280
+{"Tran..fbf37ae7
+{"Tran..2f3dd9e2
+{"Tran..962502fa
+{"Wall..246991a5
+#if !_..3ac76f37
-{"Wall..bd1aef85
+#endif..175fbe3d
+..d0211c92
-{"Wall..1603c8b9
-{"Wall..db1f08de
-{"Wall..0ef93b1a
-{"Wall..bcd045c4
+{"Wall..60d8b666
+{"Wall..bff811e3
+{"Wall..3bccdfe8
+{"Wall..0f7ae0af
+{"Wall..71474834
+{"Wall..04afe379
+{"Wall..c88a5040
+{"Wall..2b2f3183
+{"Wall..04e706ac
+{"Wall..d29cc706
+#if !_..36f92951
-{"Wall..38fc07bd
-בקר..ddd62ee1
+#endif..175fbe3d
+..d0211c92
+#if !_..3ac76f37
+{"Wall..2be4a7f9
+#endif..175fbe3d
+..d0211c92
+#if !_..36f92951
+#endif..175fbe3d
+..d0211c92
+#if !_..3ac76f37
+#endif..175fbe3d
+..d0211c92
+#if !_..3ac76f37
+#endif..175fbe3d
+..d0211c92
+{"Wall..bbcd5cfa
+{"Wall..ffa820a5
+#if !_..3ac76f37
+#endif..175fbe3d
+..d0211c92
+#if !_..3ac76f37
+#endif..175fbe3d
+..d0211c92
+{"Wall..7a1edd06
+{"Wall..f7b4421e
-{"Wall..6f58999c
+#if !_..3ac76f37
+#endif..175fbe3d
+..d0211c92
+#if !_..3ac76f37
+#endif..175fbe3d
+..d0211c92
-{"Wall..4d322c3c
+{"Wall..af692860
-{"Wall..09b4860c
+{"Wall..0e783a85
-{"Wall..f2ebded9
-{"Wall..66987ff8
+{"Wall..fa811adb
+#if !_..3ac76f37
+#endif..175fbe3d
+..d0211c92
+{"Wall..ded76515
-{"Wall..8774100e
+{"Wall..a7f9bd8d
+{"Wall..c54c6b32
+{"Wall..57d8734a
+{"Wall..17b62dcf
-      ..d39d527f
-      ..0ad4ae2a
-      ..83455167
-      ..491ca080
-      ..bbe6a964
-      ..c62c5a50
-      ..6a367eb1
-      ..e84fdbdc
+}..6d149770
+return..feed7ba2
+}..6d149770
+if (co..b43c88d1
+{..6122ff25
+if (_d..c3e6ed1b
+{..6122ff25
+_dicth..85cfe74f
-{"Comm..4f7a6799
+{"Comm..2dffe509
-{"Comm..9cc32857
+#if !_..3ac76f37
+#endif..175fbe3d
+..d0211c92
+{"Comm..afab4d11
+#if !_..3ac76f37
+#endif..175fbe3d
+..d0211c92
-{"Dash..6b4fb55b
+{"Wall..18227a6f
+#if !_..3ac76f37
-{"Wall..41c509c3
+#endif..175fbe3d
+..d0211c92
-{"Wall..30456473
-{"Wall..c207dff3
-{"Wall..48d6eb51
-{"Wall..191d0a16
+{"Wall..17258d50
+{"Wall..a6e47729
+{"Wall..59df1594
+{"Wall..adc9850a
+{"Wall..a213cec4
+{"Wall..2f775d22
+{"Wall..784e8d68
-{"Wall..0930ef21
-के..1c299141
+{"Wall..24473341
+{"Wall..ab7f43f9
+{"Wall..e8a46743
+#if !_..36f92951
+{"Wall..2d618d08
+#endif..175fbe3d
+..d0211c92
+#if !_..3ac76f37
+{"Wall..b54258b0
+#endif..175fbe3d
+..d0211c92
+#if !_..36f92951
+{"Wall..863228c7
+#endif..175fbe3d
+..d0211c92
+#if !_..3ac76f37
+#endif..175fbe3d
+..d0211c92
+#if !_..3ac76f37
+#endif..175fbe3d
+..d0211c92
+{"Wall..bfcbb329
+{"Wall..2acf80c2
+#if !_..3ac76f37
+#endif..175fbe3d
+..d0211c92
+#if !_..3ac76f37
+#endif..175fbe3d
+..d0211c92
+{"Wall..09c60082
+{"Wall..69d4f1d9
-{"Wall..b3fbb7f0
+#if !_..3ac76f37
+#endif..175fbe3d
+..d0211c92
+#if !_..3ac76f37
+#endif..175fbe3d
+..d0211c92
-{"Wall..352da967
+{"Wall..f8f55361
-{"Wall..edd8cf9d
+#if !_..3ac76f37
+#endif..175fbe3d
+..d0211c92
+{"Wall..0508d4e9
-{"Wall..9401dbdc
+{"Wall..df94a642
+{"Wall..2efb1943
+{"Wall..be53d3a7
+{"Wall..7ddd3825
-      ..d39d527f
-      ..ad6cdc95
-      ..83455167
-      ..91383590
-      ..bbe6a964
-      ..84e0b824
-      ..6a367eb1
-      ..5faa72e9
+}..6d149770
+return..debb90d3
+}..6d149770
+if (co..da214446
+{..6122ff25
+if (_d..43da90cb
+{..6122ff25
+_dicth..c4c93686
-{"Comm..0e88f929
-{"Comm..8479820f
+#if !_..3ac76f37
+#endif..175fbe3d
+..d0211c92
+#if !_..3ac76f37
+#endif..175fbe3d
+..d0211c92
-{"Dash..a0ad13d3
+#if !_..3ac76f37
-{"Wall..7532e7ce
+#endif..175fbe3d
+..d0211c92
-{"Wall..f67d4fa7
-{"Wall..f1ecb236
-{"Wall..01bfaab8
-{"Wall..b3fcce2e
+#if !_..3ac76f37
+#endif..175fbe3d
+..d0211c92
+#if !_..3ac76f37
+#endif..175fbe3d
+..d0211c92
+#if !_..3ac76f37
+#endif..175fbe3d
+..d0211c92
+#if !_..3ac76f37
+#endif..175fbe3d
+..d0211c92
+#if !_..3ac76f37
+#endif..175fbe3d
+..d0211c92
-{"Wall..8702f995
+#if !_..3ac76f37
+#endif..175fbe3d
+..d0211c92
+#if !_..3ac76f37
+#endif..175fbe3d
+..d0211c92
-{"Wall..f0f6231e
-{"Wall..ca89e585
-{"Wall..89efde1a
-      ..d39d527f
-      ..be12f55e
-      ..83455167
-      ..fde2396b
-      ..bbe6a964
-      ..3bf9ebaa
-      ..6a367eb1
-      ..3713d443
+}..6d149770
+return..4fbe79bf
+}..6d149770
+if (co..a0051738
+{..6122ff25
+if (_d..4b856a3d
+{..6122ff25
+_dicth..c40b2058
-{"Comm..1cb46436
-{"Comm..838c97e6
+#if !_..3ac76f37
+#endif..175fbe3d
+..d0211c92
+#if !_..3ac76f37
+#endif..175fbe3d
+..d0211c92
-{"Dash..75798498
+#if !_..3ac76f37
-{"Wall..67602bb1
+#endif..175fbe3d
+..d0211c92
-{"Wall..2e008e17
-{"Wall..9cf7fb7a
-{"Wall..33699f81
-{"Wall..61243923
+#if !_..36f92951
-{"Wall..846fc13f
-Only v..3671daba
+#endif..175fbe3d
+..d0211c92
+#if !_..3ac76f37
+{"Wall..b467b76c
+#endif..175fbe3d
+..d0211c92
+#if !_..36f92951
+#endif..175fbe3d
+..d0211c92
+#if !_..3ac76f37
+#endif..175fbe3d
+..d0211c92
+#if !_..3ac76f37
+#endif..175fbe3d
+..d0211c92
+#if !_..3ac76f37
+#endif..175fbe3d
+..d0211c92
+#if !_..3ac76f37
+#endif..175fbe3d
+..d0211c92
-{"Wall..62c40992
+#if !_..3ac76f37
+#endif..175fbe3d
+..d0211c92
+#if !_..3ac76f37
+#endif..175fbe3d
+..d0211c92
-{"Wall..91b0e7a9
-{"Wall..ec1a7ea9
+#if !_..3ac76f37
+#endif..175fbe3d
+..d0211c92
-{"Wall..fe32f2b0
-      ..d39d527f
-      ..c2faf42f
-      ..83455167
-      ..6e11909e
-      ..bbe6a964
-      ..5ce30cb5
-      ..6a367eb1
-      ..aefc8499
+}..6d149770
+return..03437904
+}..6d149770
+if (co..e78144e1
+{..6122ff25
+if (_d..3df0708e
+{..6122ff25
+_dicti..4899b735
-{"Comm..713d1e75
-{"Comm..fce2763c
+#if !_..3ac76f37
+#endif..175fbe3d
+..d0211c92
+#if !_..3ac76f37
+#endif..175fbe3d
+..d0211c92
-{"Dash..efe4568a
+#if !_..3ac76f37
-{"Wall..bf7829e2
+#endif..175fbe3d
+..d0211c92
-{"Wall..ebfec8f0
-{"Wall..9b472dae
-{"Wall..902bd238
-{"Wall..142ce9ff
+#if !_..3ac76f37
+#endif..175fbe3d
+..d0211c92
+#if !_..3ac76f37
+#endif..175fbe3d
+..d0211c92
+#if !_..3ac76f37
+#endif..175fbe3d
+..d0211c92
+#if !_..3ac76f37
+#endif..175fbe3d
+..d0211c92
+#if !_..3ac76f37
+#endif..175fbe3d
+..d0211c92
-{"Wall..ea43de17
+#if !_..3ac76f37
+#endif..175fbe3d
+..d0211c92
+#if !_..3ac76f37
+#endif..175fbe3d
+..d0211c92
-{"Wall..a3999805
-{"Wall..ec416e86
+#if !_..3ac76f37
+#endif..175fbe3d
+..d0211c92
-{"Wall..7de926f4
-      ..d39d527f
-      ..18a5a2d4
-      ..83455167
-      ..d93d12fa
-      ..bbe6a964
-      ..0d06f43d
-      ..6a367eb1
-      ..740ef90f
+}..6d149770
+return..830aaad0
+}..6d149770
+if (co..58a9f4b8
+{..6122ff25
+if (_d..c6fa4f52
+{..6122ff25
+_dicti..264a91c9
-{"Comm..d5e6cb38
+{"Comm..2f39121a
-{"Comm..09a37f9b
+#if !_..3ac76f37
+#endif..175fbe3d
+..d0211c92
+{"Comm..12e10ee9
+#if !_..3ac76f37
+#endif..175fbe3d
+..d0211c92
-{"Dash..d7cd0962
+{"Wall..c9d977b9
+#if !_..3ac76f37
-{"Wall..a55393f5
+#endif..175fbe3d
+..d0211c92
-{"Wall..2f4b02b9
-{"Wall..147f1cb3
-{"Wall..83e4ec32
-{"Wall..de4553fe
+{"Wall..3328dca2
+{"Wall..4cd2c5f1
+{"Wall..867035d5
+{"Wall..8c8adb30
+{"Wall..697dffa8
+{"Wall..761815b5
+{"Wall..b121c79b
+{"Wall..fbe0397c
+{"Wall..f324f031
+{"Wall..a1ed0f52
+#if !_..36f92951
-{"Wall..3d5a6957
-Visita..dc3d8e79
+#endif..175fbe3d
+..d0211c92
+#if !_..3ac76f37
+{"Wall..e45235d5
+#endif..175fbe3d
+..d0211c92
+#if !_..36f92951
+#endif..175fbe3d
+..d0211c92
+#if !_..3ac76f37
+#endif..175fbe3d
+..d0211c92
+#if !_..3ac76f37
+#endif..175fbe3d
+..d0211c92
+{"Wall..4d34ea7a
+{"Wall..22ab702e
+#if !_..3ac76f37
+#endif..175fbe3d
+..d0211c92
+#if !_..3ac76f37
+#endif..175fbe3d
+..d0211c92
+{"Wall..93596dfd
+{"Wall..1819f9bd
-{"Wall..4c94e57e
+#if !_..3ac76f37
+#endif..175fbe3d
+..d0211c92
+#if !_..3ac76f37
+#endif..175fbe3d
+..d0211c92
-{"Wall..454003f5
+{"Wall..48aaa1bb
-{"Wall..fbcd3f91
+#if !_..3ac76f37
+#endif..175fbe3d
+..d0211c92
+{"Wall..8617ca93
-{"Wall..6a0e31f5
+{"Wall..504d7323
+{"Wall..1e78cecd
+{"Wall..cc709dce
+{"Wall..7648298d
-      ..d39d527f
-      ..c7818768
-      ..83455167
-      ..6b393d15
-      ..bbe6a964
-      ..502bf1dc
-      ..6a367eb1
-      ..e840e0d9
+}..6d149770
+return..a3b856c5
+}..6d149770
+if (co..286be0e2
+{..6122ff25
+if (_d..2c1f8e4d
+{..6122ff25
+_dictj..7a2a881d
-{"Comm..ae09a81b
-{"Comm..ce7e6bd1
+#if !_..3ac76f37
+#endif..175fbe3d
+..d0211c92
+#if !_..3ac76f37
+#endif..175fbe3d
+..d0211c92
-{"Dash..da6636b7
+#if !_..3ac76f37
-{"Wall..7b1416c4
+#endif..175fbe3d
+..d0211c92
-{"Wall..81324328
-{"Wall..913dd142
-{"Wall..763d2110
-{"Wall..610c02a2
+#if !_..36f92951
-{"Wall..882179bb
-{1}へ..40333572
+#endif..175fbe3d
+..d0211c92
+#if !_..3ac76f37
+{"Wall..fefebfc2
+#endif..175fbe3d
+..d0211c92
+#if !_..36f92951
+#endif..175fbe3d
+..d0211c92
+#if !_..3ac76f37
+#endif..175fbe3d
+..d0211c92
+#if !_..3ac76f37
+#endif..175fbe3d
+..d0211c92
+#if !_..3ac76f37
+#endif..175fbe3d
+..d0211c92
+#if !_..3ac76f37
+#endif..175fbe3d
+..d0211c92
-{"Wall..1b7e6919
+#if !_..3ac76f37
+#endif..175fbe3d
+..d0211c92
+#if !_..3ac76f37
+#endif..175fbe3d
+..d0211c92
-{"Wall..001149ac
-{"Wall..37530b80
+#if !_..3ac76f37
+#endif..175fbe3d
+..d0211c92
-{"Wall..cf9f04f5
-      ..d39d527f
-      ..94ded234
-      ..83455167
-      ..c373671d
-      ..bbe6a964
-      ..7a6acb69
-      ..6a367eb1
-      ..b8c577a6
+}..6d149770
+return..69ba9b65
+}..6d149770
+if (co..bff3399a
+{..6122ff25
+if (_d..17303dce
+{..6122ff25
+_dictk..35758304
-{"Comm..7f49edf3
-{"Comm..bed0c3e8
+#if !_..3ac76f37
+#endif..175fbe3d
+..d0211c92
-{"Dash..bc3d530b
+#if !_..3ac76f37
-{"Wall..701b5dfa
+#endif..175fbe3d
+..d0211c92
-{"Wall..d0cadfa6
-{"Wall..6f14947d
-{"Wall..3c2e4a8a
-{"Wall..e278d595
+#if !_..3ac76f37
+#endif..175fbe3d
+..d0211c92
+#if !_..3ac76f37
+#endif..175fbe3d
+..d0211c92
+#if !_..3ac76f37
+#endif..175fbe3d
+..d0211c92
-{"Wall..1ddf2056
+#if !_..3ac76f37
+#endif..175fbe3d
+..d0211c92
+#if !_..3ac76f37
+#endif..175fbe3d
+..d0211c92
-{"Wall..f80a1704
-{"Wall..eefae62e
-{"Wall..6c47d1e3
-      ..d39d527f
-      ..d5ad4405
-      ..83455167
-      ..bef0a84e
-      ..bbe6a964
-      ..c434f405
-      ..6a367eb1
-      ..e72e4421
+}..6d149770
+return..54dbcd0d
+}..6d149770
+if (co..400a1c2c
+{..6122ff25
+if (_d..1b7bc7b3
+{..6122ff25
+_dictl..9ac4abdd
-{"Comm..ae88a6c6
+{"Comm..395f6aa1
-{"Comm..d12aa447
+#if !_..3ac76f37
+#endif..175fbe3d
+..d0211c92
+{"Comm..4807635a
+#if !_..3ac76f37
+#endif..175fbe3d
+..d0211c92
-{"Dash..0b2ad51e
+{"Wall..e244a8b0
+#if !_..3ac76f37
-{"Wall..c7eda0f3
+#endif..175fbe3d
+..d0211c92
-{"Wall..e2f5203c
-{"Wall..df935b88
-{"Wall..9b066e29
-{"Wall..339f0996
+{"Wall..1ebbf686
+{"Wall..ff85a8f5
+{"Wall..cae0bc63
+{"Wall..be7be1dc
+{"Wall..c88d9382
+{"Wall..9b26ca47
+{"Wall..f6b0af0b
+{"Wall..8f02a579
+{"Wall..7546fa1d
+{"Wall..357c32fc
+#if !_..36f92951
+#endif..175fbe3d
+..d0211c92
+#if !_..3ac76f37
+#endif..175fbe3d
+..d0211c92
+#if !_..36f92951
+#endif..175fbe3d
+..d0211c92
+#if !_..3ac76f37
+#endif..175fbe3d
+..d0211c92
+#if !_..3ac76f37
+#endif..175fbe3d
+..d0211c92
+{"Wall..8ec07457
+{"Wall..7baf7a7e
+#if !_..3ac76f37
+#endif..175fbe3d
+..d0211c92
+#if !_..3ac76f37
+#endif..175fbe3d
+..d0211c92
+{"Wall..b5151838
+{"Wall..ce73ee11
-{"Wall..9136b1df
+#if !_..3ac76f37
+#endif..175fbe3d
+..d0211c92
+#if !_..3ac76f37
+#endif..175fbe3d
+..d0211c92
-{"Wall..9f49b9ba
+{"Wall..db8e2553
-{"Wall..c6e9d114
+#if !_..3ac76f37
+#endif..175fbe3d
+..d0211c92
+{"Wall..8411c957
-{"Wall..70552515
+{"Wall..e254bb4b
+{"Wall..66c57b06
+{"Wall..93a120ff
+{"Wall..46bbca9b
-      ..d39d527f
-      ..3e53e0da
-      ..83455167
-      ..b6224226
-      ..bbe6a964
-      ..65217607
-      ..6a367eb1
-      ..a056f192
+}..6d149770
+return..c2fb9099
+}..6d149770
+if (co..5bee149d
+{..6122ff25
+if (_d..18686dc7
+{..6122ff25
+_dictm..fa17b424
-{"Comm..cd5cf71e
+{"Comm..595b962f
-{"Comm..7204da2e
+#if !_..3ac76f37
+#endif..175fbe3d
+..d0211c92
+{"Comm..28b0600e
+#if !_..3ac76f37
+#endif..175fbe3d
+..d0211c92
-{"Dash..e4cf944c
+{"Wall..9edd768c
+#if !_..3ac76f37
-{"Wall..b306c4b8
+#endif..175fbe3d
+..d0211c92
-{"Wall..d02f75c1
-{"Wall..a36b8d08
-{"Wall..f6ca600d
-{"Wall..dc4b3c5d
+{"Wall..6a4dc7fe
+{"Wall..1109b946
+{"Wall..cae0bc63
+{"Wall..ecb772a9
+{"Wall..5301b0f2
+{"Wall..9ac2463a
+{"Wall..302195bd
+{"Wall..08091063
+{"Wall..a03a2ef2
+{"Wall..065a3ebc
+#if !_..36f92951
+#endif..175fbe3d
+..d0211c92
+#if !_..3ac76f37
+#endif..175fbe3d
+..d0211c92
+#if !_..36f92951
+#endif..175fbe3d
+..d0211c92
+#if !_..3ac76f37
+#endif..175fbe3d
+..d0211c92
+#if !_..3ac76f37
+#endif..175fbe3d
+..d0211c92
+{"Wall..cef7a70e
+{"Wall..eff95b69
+#if !_..3ac76f37
+#endif..175fbe3d
+..d0211c92
+#if !_..3ac76f37
+#endif..175fbe3d
+..d0211c92
+{"Wall..c94a0435
+{"Wall..42c8187a
-{"Wall..14384d71
+#if !_..3ac76f37
+#endif..175fbe3d
+..d0211c92
+#if !_..3ac76f37
+#endif..175fbe3d
+..d0211c92
-{"Wall..1e6e5dcd
+{"Wall..6bd62693
-{"Wall..7bf75085
+#if !_..3ac76f37
+#endif..175fbe3d
+..d0211c92
+{"Wall..b132f914
-{"Wall..3e9d6f2f
+{"Wall..b6f83e69
+{"Wall..78d73ccd
+{"Wall..c84365c7
+{"Wall..fb7b74d5
-      ..d39d527f
-      ..c9356865
-      ..83455167
-      ..f3ab5c35
-      ..bbe6a964
-      ..486b1bda
-      ..6a367eb1
-      ..7ac5a93e
+}..6d149770
+return..851f534e
+}..6d149770
+if (co..5b73d0d9
+{..6122ff25
+if (_d..138a1489
+{..6122ff25
+_dictn..d7c0624f
-{"Comm..302fb2db
-{"Comm..fce2763c
+#if !_..3ac76f37
+#endif..175fbe3d
+..d0211c92
+#if !_..3ac76f37
+#endif..175fbe3d
+..d0211c92
-{"Dash..a6b7cb22
+#if !_..3ac76f37
-{"Wall..be39f269
+#endif..175fbe3d
+..d0211c92
-{"Wall..c656555d
-{"Wall..dc417ff0
-{"Wall..8eeece4f
-{"Wall..b4842b3d
+#if !_..3ac76f37
+#endif..175fbe3d
+..d0211c92
+#if !_..3ac76f37
+#endif..175fbe3d
+..d0211c92
+#if !_..3ac76f37
+#endif..175fbe3d
+..d0211c92
+#if !_..3ac76f37
+#endif..175fbe3d
+..d0211c92
+#if !_..3ac76f37
+#endif..175fbe3d
+..d0211c92
-{"Wall..1caa3db5
+#if !_..3ac76f37
+#endif..175fbe3d
+..d0211c92
+#if !_..3ac76f37
+#endif..175fbe3d
+..d0211c92
-{"Wall..bba45a7f
-{"Wall..2010fd1f
+#if !_..3ac76f37
+#endif..175fbe3d
+..d0211c92
-{"Wall..ff5b1686
-      ..d39d527f
-      ..5f107e7e
-      ..83455167
-      ..0d7e21d4
-      ..bbe6a964
-      ..d1791e47
-      ..6a367eb1
-      ..3e14c15b
+}..6d149770
+return..ed0b111a
+}..6d149770
+if (co..2c56e226
+{..6122ff25
+if (_d..2356c416
+{..6122ff25
+_dictn..39c77fc1
-{"Comm..1891d337
+{"Comm..f0849d2d
-{"Comm..622c82c6
+#if !_..3ac76f37
+#endif..175fbe3d
+..d0211c92
+{"Comm..bae84f72
+#if !_..3ac76f37
+#endif..175fbe3d
+..d0211c92
-{"Dash..744187fd
+{"Wall..9b5c11bc
+#if !_..3ac76f37
-{"Wall..be45e9f3
+#endif..175fbe3d
+..d0211c92
-{"Wall..764c3c0f
-{"Wall..b4a32b51
-{"Wall..ca1f621b
-{"Wall..7f37a740
+{"Wall..4c616d5b
+{"Wall..ff85a8f5
+{"Wall..cae0bc63
+{"Wall..1433f035
+{"Wall..b0ebcfe0
+{"Wall..0a3a3ae2
+{"Wall..bf2652e9
+{"Wall..b72ec8f1
+{"Wall..66975999
+{"Wall..a1ed0f52
+#if !_..36f92951
-{"Wall..36d639a1
-Bezoek..432a285b
+#endif..175fbe3d
+..d0211c92
+#if !_..3ac76f37
+{"Wall..1af33d98
+#endif..175fbe3d
+..d0211c92
+#if !_..36f92951
+#endif..175fbe3d
+..d0211c92
+#if !_..3ac76f37
+#endif..175fbe3d
+..d0211c92
+#if !_..3ac76f37
+#endif..175fbe3d
+..d0211c92
+{"Wall..78f81034
+{"Wall..f897f4b8
+#if !_..3ac76f37
+#endif..175fbe3d
+..d0211c92
+#if !_..3ac76f37
+#endif..175fbe3d
+..d0211c92
+{"Wall..2a2d6ce8
+{"Wall..321315a5
-{"Wall..d425879e
+#if !_..3ac76f37
+#endif..175fbe3d
+..d0211c92
+#if !_..3ac76f37
+#endif..175fbe3d
+..d0211c92
-{"Wall..2df299bb
+{"Wall..ca816ca3
-{"Wall..b6175cfb
+#if !_..3ac76f37
+#endif..175fbe3d
+..d0211c92
+{"Wall..db93db50
-{"Wall..a4a8f706
+{"Wall..7df10659
+{"Wall..70bc2ac0
+{"Wall..a57b9977
+{"Wall..5b91a230
-      ..d39d527f
-      ..897a1871
-      ..83455167
-      ..17195ad0
-      ..bbe6a964
-      ..e16c72d6
-      ..6a367eb1
-      ..aac207eb
+}..6d149770
+return..c8f69ec1
+}..6d149770
+if (co..2dafec73
+{..6122ff25
+if (_d..cdca9437
+{..6122ff25
+_dictp..07238f41
-{"Comm..42f2e125
-{"Comm..4ee08af8
+#if !_..3ac76f37
+#endif..175fbe3d
+..d0211c92
+#if !_..3ac76f37
+#endif..175fbe3d
+..d0211c92
-{"Dash..a15320fa
+#if !_..3ac76f37
-{"Wall..18c02094
+#endif..175fbe3d
+..d0211c92
-{"Wall..c51fddd1
-{"Wall..a578a808
-{"Wall..5fa357d0
-{"Wall..b3aa6cb6
-{"Wall..775f6d4f
-Odwied..792bb358
+#if !_..36f92951
+{"Wall..5d17c675
+#endif..175fbe3d
+..d0211c92
+#if !_..3ac76f37
+{"Wall..9e389f83
+#endif..175fbe3d
+..d0211c92
+#if !_..36f92951
+{"Wall..51294f79
+#endif..175fbe3d
+..d0211c92
+#if !_..3ac76f37
+#endif..175fbe3d
+..d0211c92
+#if !_..3ac76f37
+#endif..175fbe3d
+..d0211c92
+#if !_..3ac76f37
+#endif..175fbe3d
+..d0211c92
+#if !_..3ac76f37
+#endif..175fbe3d
+..d0211c92
-{"Wall..7ec0d897
+#if !_..3ac76f37
+#endif..175fbe3d
+..d0211c92
+#if !_..3ac76f37
+#endif..175fbe3d
+..d0211c92
-{"Wall..41052d6e
-{"Wall..7de0a566
+#if !_..3ac76f37
+#endif..175fbe3d
+..d0211c92
-{"Wall..8253033f
-      ..d39d527f
-      ..1bdd73ae
-      ..83455167
-      ..03f8e73c
-      ..bbe6a964
-      ..7bee3184
-      ..6a367eb1
-      ..a4e4b419
+}..6d149770
+return..e0104c23
+}..6d149770
+if (co..5860a8f2
+{..6122ff25
+if (_d..2b59b2f1
+{..6122ff25
+_dictp..3ae525b2
-{"Comm..3ad0d065
+{"Comm..06a407cc
-{"Comm..fce2763c
+#if !_..3ac76f37
+#endif..175fbe3d
+..d0211c92
+{"Comm..1f5eda6a
+#if !_..3ac76f37
-{"Comm..5cb1c76c
-{"Dash..09a35844
+#endif..175fbe3d
+..d0211c92
+{"Comm..e892ed61
-{"Tran..5cb021d3
+{"Tran..7e84b07c
+{"Wall..44867e8e
+#if !_..3ac76f37
-{"Wall..a80533df
-{"Wall..2cdd6e0e
+#endif..175fbe3d
+..d0211c92
+{"Wall..cf43a7dd
-{"Wall..6289dccd
+{"Wall..5bca391f
-{"Wall..c15b3a54
+{"Wall..5e3a6e2c
-{"Wall..8196908c
-{"Wall..145c1db0
-{"Wall..de25b197
-{"Wall..d27b2948
-{"Wall..44397bf1
+{"Wall..055b6192
+{"Wall..7bc12b8f
+{"Wall..1bfcf00a
+{"Wall..d8745626
+{"Wall..368a7986
+{"Wall..10f08cb3
+{"Wall..047cf10d
+{"Wall..c29cee5f
+{"Wall..2a3de1d4
+{"Wall..da3c7b54
+{"Wall..0d1e64e7
+#if !_..36f92951
-{"Wall..67d18c12
-Apenas..7ca9383b
+#endif..175fbe3d
+..d0211c92
+#if !_..3ac76f37
+{"Wall..e62fd46f
+#endif..175fbe3d
+..d0211c92
+#if !_..36f92951
+#endif..175fbe3d
+..d0211c92
+#if !_..3ac76f37
+#endif..175fbe3d
+..d0211c92
+#if !_..3ac76f37
+#endif..175fbe3d
+..d0211c92
+{"Wall..881f1311
+{"Wall..c6b2cc66
+#if !_..3ac76f37
+#endif..175fbe3d
+..d0211c92
+#if !_..3ac76f37
-{"Wall..07b6e0b3
+#endif..175fbe3d
+..d0211c92
+{"Wall..82be70b3
-{"Wall..4f618873
+{"Wall..ddfeef8f
+{"Wall..f33fed92
+{"Wall..d0c6a6a0
-{"Wall..a491e61d
+#if !_..3ac76f37
+#endif..175fbe3d
+..d0211c92
+#if !_..3ac76f37
+#endif..175fbe3d
+..d0211c92
-{"Wall..8ee2fd24
+{"Wall..3541326b
-{"Wall..6eb432fd
+#if !_..3ac76f37
+#endif..175fbe3d
+..d0211c92
+{"Wall..d0b6f575
-{"Wall..da81ed90
+{"Wall..dbf5ede1
+{"Wall..200d02f2
+{"Wall..27de87f1
+{"Wall..852f35b3
-      ..d39d527f
-      ..194ba989
-      ..83455167
-      ..890005a1
-      ..bbe6a964
-      ..c2762c49
-      ..6a367eb1
-      ..b0864914
+}..6d149770
+return..a9962007
+}..6d149770
+if (co..716d73f1
+{..6122ff25
+if (_d..37747b04
+{..6122ff25
+_dictr..246a39bc
-{"Comm..fe4e0873
-{"Comm..fce2763c
+#if !_..3ac76f37
+#endif..175fbe3d
+..d0211c92
+#if !_..3ac76f37
+#endif..175fbe3d
+..d0211c92
-{"Dash..3e90cf64
+#if !_..3ac76f37
-{"Wall..9794fb62
+#endif..175fbe3d
+..d0211c92
-{"Wall..8833044d
-{"Wall..8ca0be16
-{"Wall..314ede5a
-{"Wall..3dd6d21f
+#if !_..36f92951
+#endif..175fbe3d
+..d0211c92
+#if !_..3ac76f37
+#endif..175fbe3d
+..d0211c92
+#if !_..36f92951
+#endif..175fbe3d
+..d0211c92
+#if !_..3ac76f37
+#endif..175fbe3d
+..d0211c92
+#if !_..3ac76f37
+#endif..175fbe3d
+..d0211c92
+#if !_..3ac76f37
+#endif..175fbe3d
+..d0211c92
+#if !_..3ac76f37
+#endif..175fbe3d
+..d0211c92
-{"Wall..03ff3ae3
+#if !_..3ac76f37
+#endif..175fbe3d
+..d0211c92
+#if !_..3ac76f37
+#endif..175fbe3d
+..d0211c92
-{"Wall..018cdc94
-{"Wall..937cfa18
+#if !_..3ac76f37
+#endif..175fbe3d
+..d0211c92
-{"Wall..9078cd5b
-      ..d39d527f
-      ..cff2c13c
-      ..83455167
-      ..c1322ab2
-      ..bbe6a964
-      ..8cb62fce
-      ..6a367eb1
-      ..8cd5708c
+}..6d149770
+return..68a6088a
+}..6d149770
+if (co..8238ed74
+{..6122ff25
+if (_d..8860e355
+{..6122ff25
+_dictr..f57b0c17
-{"Comm..fe875acf
-{"Comm..8d0e2e1e
+#if !_..3ac76f37
+#endif..175fbe3d
+..d0211c92
+#if !_..3ac76f37
+#endif..175fbe3d
+..d0211c92
-{"Dash..5684cfb9
+#if !_..3ac76f37
-{"Wall..0e396e4c
+#endif..175fbe3d
+..d0211c92
-{"Wall..35500e12
-{"Wall..3d3675e4
-{"Wall..40b31944
-{"Wall..df341b61
-{"Wall..6b7e2a12
-Исп..290e488f
+#if !_..3ac76f37
+{"Wall..37c59aba
+#endif..175fbe3d
+..d0211c92
+#if !_..3ac76f37
+#endif..175fbe3d
+..d0211c92
+#if !_..3ac76f37
+#endif..175fbe3d
+..d0211c92
+#if !_..3ac76f37
+#endif..175fbe3d
+..d0211c92
+#if !_..3ac76f37
+#endif..175fbe3d
+..d0211c92
-{"Wall..59c7550f
+#if !_..3ac76f37
+#endif..175fbe3d
+..d0211c92
+#if !_..3ac76f37
+#endif..175fbe3d
+..d0211c92
-{"Wall..573bf1b0
-{"Wall..31efc4c4
+#if !_..3ac76f37
+#endif..175fbe3d
+..d0211c92
-{"Wall..71b38cbe
-      ..d39d527f
-      ..0cedac3f
-      ..83455167
-      ..0e7c6e8c
-      ..bbe6a964
-      ..d6f2d6fe
-      ..6a367eb1
-      ..7906087d
+}..6d149770
+return..5358699f
+}..6d149770
+if (co..906a89c5
+{..6122ff25
+if (_d..6ae87af5
+{..6122ff25
+_dicts..691615b9
-{"Comm..8b6ae37a
-{"Comm..fce2763c
+#if !_..3ac76f37
+#endif..175fbe3d
+..d0211c92
-{"Dash..f8fa8e86
+#if !_..3ac76f37
-{"Wall..7374a369
+#endif..175fbe3d
+..d0211c92
-{"Wall..799e85c0
-{"Wall..638e57e7
-{"Wall..61985a0e
-{"Wall..b1d44e14
+#if !_..3ac76f37
+#endif..175fbe3d
+..d0211c92
+#if !_..3ac76f37
+#endif..175fbe3d
+..d0211c92
-{"Wall..0d6276b3
-{"Wall..647fd63e
-      ..d39d527f
-      ..3f2780d6
-      ..83455167
-      ..dfecbec0
-      ..bbe6a964
-      ..6d4b534b
-      ..6a367eb1
-      ..5d110473
+}..6d149770
+return..2bd5697b
+}..6d149770
+if (co..2fb41e54
+{..6122ff25
+if (_d..b9f8c443
+{..6122ff25
+_dictt..02a6f445
-{"Comm..f07c5867
-{"Comm..ccf63015
+#if !_..3ac76f37
+#endif..175fbe3d
+..d0211c92
+#if !_..3ac76f37
+#endif..175fbe3d
+..d0211c92
-{"Dash..7dc27044
+#if !_..3ac76f37
-{"Wall..e48d23d8
+#endif..175fbe3d
+..d0211c92
-{"Wall..818c42b5
-{"Wall..294b4c47
-{"Wall..fbe78311
-{"Wall..4281c27f
-{"Wall..6272c70f
-โป..f9d77f02
+#if !_..3ac76f37
+{"Wall..3d894db6
+#endif..175fbe3d
+..d0211c92
+#if !_..3ac76f37
+#endif..175fbe3d
+..d0211c92
+#if !_..3ac76f37
+#endif..175fbe3d
+..d0211c92
+#if !_..3ac76f37
+#endif..175fbe3d
+..d0211c92
+#if !_..3ac76f37
+#endif..175fbe3d
+..d0211c92
-{"Wall..2bd38e46
+#if !_..3ac76f37
+#endif..175fbe3d
+..d0211c92
+#if !_..3ac76f37
+#endif..175fbe3d
+..d0211c92
-{"Wall..22b61e75
-{"Wall..0e291bf7
+#if !_..3ac76f37
+#endif..175fbe3d
+..d0211c92
-{"Wall..0d64c3a5
-      ..d39d527f
-      ..75417d63
-      ..83455167
-      ..3612b6f9
-      ..bbe6a964
-      ..7224285d
-      ..6a367eb1
-      ..2416b3e8
+}..6d149770
+return..6f4e5583
+}..6d149770
+if (co..da2f96d6
+{..6122ff25
+if (_d..91e9a165
+{..6122ff25
+_dictt..3d371ff1
-{"Comm..7aabc81e
-{"Comm..fce2763c
+#if !_..3ac76f37
+#endif..175fbe3d
+..d0211c92
-{"Dash..d8ccaefb
+#if !_..3ac76f37
-{"Wall..9001e352
+#endif..175fbe3d
+..d0211c92
-{"Wall..350d61f2
-{"Wall..362c1c49
-{"Wall..a4d67c68
+#if !_..3ac76f37
+#endif..175fbe3d
+..d0211c92
-{"Wall..6875a302
+#if !_..3ac76f37
+#endif..175fbe3d
+..d0211c92
+#if !_..3ac76f37
+#endif..175fbe3d
+..d0211c92
-{"Wall..fcb845ce
-{"Wall..6a38cd94
-      ..d39d527f
-      ..ec24f49f
-      ..83455167
-      ..fa2e40da
-      ..bbe6a964
-      ..7261284d
-      ..6a367eb1
-      ..c9b7706a
+}..6d149770
+return..8014fc59
+}..6d149770
+if (co..fdaf1a6d
+{..6122ff25
+if (_d..f399772d
+{..6122ff25
+_dictu..5f7766ab
-{"Comm..4207f7c5
-{"Comm..abcfafd0
+#if !_..3ac76f37
+#endif..175fbe3d
+..d0211c92
-{"Dash..872a8c69
+#if !_..3ac76f37
-{"Wall..f797eb85
+#endif..175fbe3d
+..d0211c92
-{"Wall..f91c1dea
-{"Wall..f6657446
-{"Wall..9ff0f6db
-{"Wall..009d3ee8
+#if !_..3ac76f37
+#endif..175fbe3d
+..d0211c92
+#if !_..3ac76f37
+#endif..175fbe3d
+..d0211c92
-{"Wall..88660819
-{"Wall..150ffeca
-      ..d39d527f
-      ..b890a02f
-      ..83455167
-      ..386dabef
-      ..bbe6a964
-      ..865b6cb9
-      ..6a367eb1
-      ..9fccd578
+}..6d149770
+return..8fbc534c
+}..6d149770
+if (co..eef9455a
+{..6122ff25
+if (_d..31460fa2
+{..6122ff25
+_dictv..c8d08f0e
-{"Comm..13ca8c81
+{"Comm..57fff87f
-{"Comm..5b538649
+#if !_..3ac76f37
+#endif..175fbe3d
+..d0211c92
+{"Comm..6944484b
+#if !_..3ac76f37
+#endif..175fbe3d
+..d0211c92
-{"Dash..2eb6051d
+{"Wall..2644373c
+#if !_..3ac76f37
-{"Wall..b05fc8c9
+#endif..175fbe3d
+..d0211c92
-{"Wall..4f017352
-{"Wall..4530fb21
-{"Wall..b48f55d9
-{"Wall..4f15c066
+{"Wall..de08dc7f
+{"Wall..ff85a8f5
+{"Wall..cae0bc63
+{"Wall..059b53ba
+{"Wall..5c5d360e
+{"Wall..453519ad
+{"Wall..fe59d15f
+{"Wall..83601f2e
+{"Wall..363c1d3f
+{"Wall..a1ed0f52
+#if !_..36f92951
-{"Wall..a1c5f3b8
-Chỉ ..29539e83
+#endif..175fbe3d
+..d0211c92
+#if !_..3ac76f37
+{"Wall..b215a841
+#endif..175fbe3d
+..d0211c92
+#if !_..36f92951
+#endif..175fbe3d
+..d0211c92
+#if !_..3ac76f37
+#endif..175fbe3d
+..d0211c92
+#if !_..3ac76f37
+#endif..175fbe3d
+..d0211c92
+{"Wall..e3bae038
+{"Wall..d6270696
+#if !_..3ac76f37
+#endif..175fbe3d
+..d0211c92
+#if !_..3ac76f37
+#endif..175fbe3d
+..d0211c92
+{"Wall..0e795dbb
+{"Wall..3ce006a0
-{"Wall..75846815
+#if !_..3ac76f37
+#endif..175fbe3d
+..d0211c92
+#if !_..3ac76f37
+#endif..175fbe3d
+..d0211c92
-{"Wall..5c8bb87d
+{"Wall..895e9e87
-{"Wall..f7b858dc
+#if !_..3ac76f37
+#endif..175fbe3d
+..d0211c92
+{"Wall..935d5b68
-{"Wall..d7e301a7
+{"Wall..49fef8d4
+{"Wall..b866f8cf
+{"Wall..e83c50eb
+{"Wall..ff3c5e34
-      ..d39d527f
-      ..7172199d
-      ..83455167
-      ..81e9535d
-      ..bbe6a964
-      ..79f1b9d9
-      ..6a367eb1
-      ..0dd053a7
-{"Comm..8882f42d
-{"Comm..abf4d07a
-{"Comm..0fb63cb2
-{"Comm..93298cc9
-{"Comm..a4e05e28
-{"Comm..1a4aaa22
-{"Comm..597ee000
-{"Comm..1f9cb37c
-{"Comm..b6dacb57
-{"Comm..edfa1fe7
-{"Comm..ce7e6bd1
-{"Comm..f1a585c9
-{"Comm..2cf5b397
-{"Comm..79e97aa6
-{"Comm..6556f5cc
-{"Comm..e62d8084
-{"Comm..9b477f62
-{"Comm..c90e8a33
-{"Comm..3d8ca9a4
-{"Comm..39df5867
-{"Comm..680955d5
-{"Comm..5c7c7389
-{"Comm..d553a5f1
-{"Dash..43c97659
-{"Tran..45881199
-{"Tran..ba60c872
-{"Tran..27f44791
-{"Tran..fa84576f
-{"Tran..43f53f6b
-{"Tran..2c85b941
-{"Tran..f07aca9d
-{"Tran..5e206c91
-{"Tran..920a9040
-{"Tran..f55dc1a4
-{"Tran..61638797
-{"Tran..424cfd78
-{"Tran..d0f677a1
-{"Tran..6c4d99b0
-{"Tran..64651cfe
-{"Tran..36912fac
-{"Tran..2d722087
-{"Tran..4d807225
-{"Tran..09dc5a9a
-{"Tran..35e55a42
-{"Tran..9af97a32
-{"Tran..8f86bb2e
-{"Tran..dd2f81ca
-{"Tran..73ab4d5c
-{"Tran..387f0125
-{"Tran..32368a60
-{"Tran..c67ff940
-{"Wall..457eec73
-{"Wall..17bdb901
-{"Wall..39b399e2
-{"Wall..d34ffa8c
-{"Wall..ad9ccaa3
-{"Wall..50685484
-{"Wall..c230c973
-{"Wall..2383858d
-{"Wall..37c8bcf9
-{"Wall..6c12b2ab
-{"Wall..2f870e3a
-{"Wall..b1f237c8
-{"Wall..3734c713
-{"Wall..c8b3a9e0
-{"Wall..f4c31482
-{"Wall..296f0f9e
-{"Wall..5cd9de33
-{"Wall..4aae7067
-{"Wall..707c6567
-{"Wall..fae15aae
-{"Wall..d2bc12c8
-{"Wall..adf9db44
-{"Wall..1c3e127d
-{"Wall..c43d6b43
-{"Wall..e7eb6fac
-{"Wall..dfa8176a
-{"Wall..a862e4ee
-{"Wall..bd6b9876
-{"Wall..184fe0f4
-{"Wall..57093b44
-{"Wall..adf50955
-{"Wall..21eb9453
-{"Wall..1a9d2f60
-{"Wall..97fef02e
-{"Wall..13279b48
-{"Wall..f921050c
-{"Wall..082a58af
-{"Wall..01577668
-{"Wall..f59b9cfe
-{"Wall..e109347c
-{"Wall..cb8e7561
-{"Wall..da531856
-{"Wall..ccffd4e0
-{"Wall..dc9b5c66
-{"Wall..a150a4ee
-{"Wall..22976d5f
-{"Wall..1bf71a11
-{"Wall..2ca123de
-{"Wall..a455e84e
-{"Wall..3b8f2a39
-{"Wall..1a5ca6b4
-{"Wall..035ee8e1
-{"Wall..b3cc45a6
-{"Wall..78dda012
-{"Wall..201533be
-{"Wall..ffe35d2f
-{"Wall..a7aa06a6
-{"Wall..0e0d371f
-{"Wall..72de7de0
-{"Wall..2e3c2373
-{"Wall..8a5e2c71
-{"Wall..0075ab2c
-{"Wall..65ea73e6
-{"Wall..99498d9a
-{"Wall..def0aa91
-{"Wall..4275d9e2
-{"Wall..251659ea
-{"Wall..0e19b762
-{"Wall..7e389642
-{"Wall..f39df73f
-{"Wall..329b298d
-{"Wall..04652447
-{"Wall..32e5fb72
-{"Wall..1ec7ef14
-{"Wall..092ebc70
-{"Wall..779c38b4
-{"Wall..c204ae61
-{"Wall..bb81a4d4
-{"Wall..7c109441
-{"Wall..e0dd6181
-{"Wall..668ec457
-{"Wall..f9580e31
-{"Wall..4540aa9b
-{"Wall..e28b3e02
-{"Wall..49daa713
-{"Wall..affd180b
-{"Wall..f603cc38
-{"Wall..fee44607
-{"Wall..505caa74
-{"Wall..ff326f68
-{"Wall..f8fc063e
-{"Wall..82ab30b1
-{"Wall..c9cb79a3
-{"Wall..d2cd46df
-{"Wall..16d32c56
-{"Wall..a2fdce83
-{"Wall..8818b931
-{"Wall..50cb5990
-{"Wall..cc0d2a5b
-{"Wall..824d1c0b
-{"Wall..f8e04ffe
-{"Wall..2dd50d7d
-{"Wall..b5406e83
-{"Wall..d54bba61
-{"Wall..58f6550c
-{"Wall..fe34e720
-{"Wall..201dd1ba
-{"Wall..d123570e
-{"Wall..8b749d31
-{"Wall..21aff3a1
-{"Wall..312eaf5a
-{"Wall..a3e73f43
-{"Wall..08cd31f1
-{"Wall..c688992d
-{"Wall..ada71e4b
-{"Wall..423683be
-{"Wall..7e5065cf
-{"Wall..6060f70b
-{"Wall..6814a5cc
-{"Wall..3a0cd59b
-{"Wall..19a92665
-{"Wall..01a443cc
-{"Wall..6c660155
-{"Wall..9895d39d
-{"Wall..411c6c7b
-{"Wall..37c71e7c
-{"Wall..b3cb289a
-{"Wall..a4ec2cfb
-{"Wall..164ad658
-{"Wall..7e412982
-{"Wall..91cc276b
-};..1f84f244
-      ..d39d527f
-      ..a8f598d5
-      ..83455167
-      ..79cc1e5e
-      ..bbe6a964
-      ..d4640880
-      ..6a367eb1
-      ..75aef548
+}..6d149770
+return..dbf06c07
+}..6d149770
+if (co..18aac458
+{..6122ff25
+if (_d..7c69c4b3
+{..6122ff25
+_dictx..4923369d
-{"Comm..de04dbca
-{"Comm..657dac56
+#if !_..3ac76f37
+#endif..175fbe3d
+..d0211c92
+#if !_..3ac76f37
+#endif..175fbe3d
+..d0211c92
-{"Dash..ac86d7ca
+#if !_..3ac76f37
-{"Wall..c55f8e5f
+#endif..175fbe3d
+..d0211c92
-{"Wall..5da8ca9a
-{"Wall..7dc84fbb
-{"Wall..6419f11a
-{"Wall..9ad564ae
-{"Wall..861db6cc
-neH {1..b703fe7b
+#if !_..3ac76f37
+{"Wall..6e150d47
+#endif..175fbe3d
+..d0211c92
+#if !_..3ac76f37
+#endif..175fbe3d
+..d0211c92
+#if !_..3ac76f37
+#endif..175fbe3d
+..d0211c92
+#if !_..3ac76f37
+#endif..175fbe3d
+..d0211c92
+#if !_..3ac76f37
+#endif..175fbe3d
+..d0211c92
-{"Wall..53af1531
+#if !_..3ac76f37
+#endif..175fbe3d
+..d0211c92
+#if !_..3ac76f37
+#endif..175fbe3d
+..d0211c92
-{"Wall..22677567
-{"Wall..ac960e56
+#if !_..3ac76f37
+#endif..175fbe3d
+..d0211c92
-{"Wall..c3c9d6be
-      ..d39d527f
-      ..d901713c
-      ..83455167
-      ..44f0ea40
-      ..574bcf54
+}..6d149770
+return..6d783f32
+}..6d149770
+if (co..494175b8
+{..6122ff25
+if (_d..c7748f9e
+{..6122ff25
+_dictz..d5942316
+{"Comm..76148d9c
+{"Comm..c9cadf47
+{"Comm..0ed5f801
+{"Comm..feb4d150
+{"Comm..261b3168
+{"Comm..e92cc1af
+{"Comm..219baafa
+{"Comm..d73ce1fb
+{"Comm..47bcf410
+#if !_..3ac76f37
+{"Comm..e934ce20
+#endif..175fbe3d
+..d0211c92
+{"Comm..c30c5578
+{"Comm..067c8b5b
+{"Comm..fe91e0b3
+{"Comm..74100b14
+{"Comm..37badcc1
+{"Comm..4c9fd808
+{"Comm..7b54290a
+{"Comm..1fe7a5ac
+{"Comm..1611fc9e
+#if !_..3ac76f37
+{"Comm..737b519c
+#endif..175fbe3d
+..d0211c92
+{"Comm..32284078
+{"Tran..39007e3e
+{"Tran..a6fc0a34
+{"Tran..f9127551
+{"Tran..821df04a
+{"Tran..13f8d4f5
+{"Tran..620a8141
+{"Tran..6fe297ec
+{"Tran..1f6191bf
+{"Tran..99c9a46b
+{"Tran..156d210e
+{"Tran..aee72327
+{"Tran..2e2241ff
+{"Tran..162ca177
+{"Tran..69974610
+{"Tran..1301e4ad
+{"Tran..73e5da2a
+{"Tran..bfb77bb1
+{"Tran..7f7093d3
+{"Tran..797df2b0
+{"Tran..85e66fc2
+{"Tran..eae7099d
+{"Tran..1d993bfe
+{"Tran..abcde816
+{"Tran..4e7fec0d
+{"Tran..ba78a274
+{"Tran..22dd7c67
+{"Tran..a725432f
+{"Wall..c4eda684
+{"Wall..f9a7d702
+{"Wall..45d5b169
+{"Wall..e4ce1bcf
+{"Wall..b14aaa0a
+{"Wall..14dc3e5c
+#if !_..3ac76f37
+{"Wall..fea76b97
+#endif..175fbe3d
+..d0211c92
+{"Wall..abd870a0
+{"Wall..9a7e43d5
+{"Wall..5c8b19fb
+{"Wall..0b6b471a
+{"Wall..646cfef6
+{"Wall..effc728d
+{"Wall..93e90f0a
+{"Wall..0b0bbb36
+{"Wall..da39dc13
+{"Wall..ecde2585
+{"Wall..6ffb5e00
+{"Wall..a327e119
+{"Wall..f40a1049
+{"Wall..3d758b19
+{"Wall..1d0ac4f7
+{"Wall..e485ee7f
+{"Wall..93f27ede
+{"Wall..2cf3d709
+{"Wall..77efb262
+{"Wall..3bcfa617
+{"Wall..e554c572
+{"Wall..b2915859
+{"Wall..729ea566
+{"Wall..560eaea8
+{"Wall..24ae361d
+{"Wall..bb4cc3ed
+{"Wall..2a0b1f66
+{"Wall..daa87a97
+{"Wall..0004b7d6
+{"Wall..897ca9c0
+{"Wall..d8e2ea40
+{"Wall..51396983
+{"Wall..6a539385
+{"Wall..955685c8
+{"Wall..3d3d6052
+{"Wall..fd09465d
+#if !_..3ac76f37
+{"Wall..de6f34ab
+#endif..175fbe3d
+..d0211c92
+{"Wall..ef57742b
+#if !_..3ac76f37
+{"Wall..25202acb
+#endif..175fbe3d
+..d0211c92
+#if !_..3ac76f37
+{"Wall..71dfa7fd
+#endif..175fbe3d
+..d0211c92
+{"Wall..2a2c1e57
+{"Wall..8ca62ca0
+{"Wall..ebc28feb
+{"Wall..717725fb
+#if !_..3ac76f37
+{"Wall..d53e7777
+#endif..175fbe3d
+..d0211c92
+#if !_..3ac76f37
+{"Wall..fc25ef0e
+#endif..175fbe3d
+..d0211c92
+{"Wall..fbbd3f0b
+{"Wall..2a7076d7
+{"Wall..8d3c8204
+{"Wall..5a13698b
+{"Wall..ba163dfc
+{"Wall..22263ce9
+{"Wall..824824bc
+{"Wall..9be065eb
+{"Wall..e3674847
+{"Wall..19268a54
+{"Wall..27617ad8
+{"Wall..3dc29581
+{"Wall..bf183cbe
+{"Wall..cfde9295
+{"Wall..3d40b192
+{"Wall..92df3dd4
+{"Wall..c5ef8f92
+{"Wall..1774543b
+{"Wall..34fbe8bc
+{"Wall..a16856ba
+{"Wall..32f1ab17
+{"Wall..a06e4a2d
+{"Wall..c5d2489b
+{"Wall..20bbed7d
+{"Wall..c75786c4
+{"Wall..03e73dc5
+{"Wall..d77aa5f4
+{"Wall..26197d93
+{"Wall..f32191fd
+{"Wall..e7a1ef92
+#if !_..3ac76f37
+{"Wall..31ed80ae
+#endif..175fbe3d
+..d0211c92
+#if !_..3ac76f37
+{"Wall..d3b97ee4
+#endif..175fbe3d
+..d0211c92
+{"Wall..6213693e
+{"Wall..cbb68632
+{"Wall..7cced822
+{"Wall..7b566287
+{"Wall..cb2051ff
+{"Wall..f8b7f5f5
+{"Wall..471fed0c
+{"Wall..96288cee
+{"Wall..55e671f3
+{"Wall..d6975288
+{"Wall..0fa2a1f5
+{"Wall..dd9f26c8
+{"Wall..df53535f
+{"Wall..1826d865
+{"Wall..08a713b4
+{"Wall..48cc3539
+{"Wall..ffb7b2db
+{"Wall..ba3161de
+{"Wall..55463afd
+{"Wall..0043cd4b
+{"Wall..c9630c28
+{"Wall..5d031b24
+{"Wall..ce8f0494
+{"Wall..de14ff8e
+{"Wall..ed64b536
+{"Wall..e8db787c
+{"Wall..8868c1ab
+{"Wall..cc1e4bcd
+{"Wall..637e20b1
+{"Wall..f83d6ae3
+{"Wall..bfd3ab50
+{"Wall..5d37abe6
+{"Wall..c7cc653a
+{"Wall..c77b38b3
+{"Wall..ca30d081
+{"Wall..98f8bdff
+{"Wall..234f50cb
+};..db91cd9c
+}..6d149770
+return..eb024d92
+}..6d149770
+throw ..62e59181
+}..6d149770
-		Task..1e336c0b
-..2a8a7fb0
-		Task..611a2759
+		Task..9d084734
-		publ..49af3743
-		publ..b914b7bd
+		publ..56279c02
-		publ..8f24783b
-		publ..350ba515
+		publ..d9883966
-    pu..5b598bf7
+    pu..e0f8c74d
-    <B..3714ac5a
-      ..90cb9adc
-    </..a676c49b
-    <B..304ce4b3
-      ..e3f02d0a
-    </..a676c49b
-    <B..170fcce3
-      ..76d76872
-    </..a676c49b
-using ..544b00f0
-      ..134da3d5
-      ..a614ee93
-      ..374d70e3
-      ..9a3ddea8
-      ..10f108bd
-      ..bfcd91aa
-      ..6f222f35
-      ..574bcf54
-..2a8a7fb0
-    co..b3af6d15
-    co..8328383f
+    co..3986dce6
+    co..935c81a7
-    pu..9d27f2a4
-      ..7543c854
-      ..b1b4d2b1
-      ..0e212ef4
-      ..5723935a
-    }..3812264d
-..2a8a7fb0
-    co..b3af6d15
-    co..8328383f
+    co..3986dce6
+    co..935c81a7