-    <C..3889aa73
+    <C..b415a2a5
-      ..dc07f890
+      ..3b72cb3c
-      ..15ecc1b5
+      ..f983df08
-      ..f9eec552
+      ..e64c244e
-      ..f0039f86
+      ..d091ef06
-      ..c791f58d
+      ..44a05744
-      ..007e5475
+      ..854478e0
-      ..b272ac0e
+      ..4fc8b22e
-      ..9f8be5dc
+      ..63f67870
-      ..7af65c64
+      ..9c5659b0
-      ..f9184d11
+      ..553d2642
-      ..f5636289
+      ..4d6cba76
-      ..4ca2f3a2
+      ..50e2c4cf
-      ..8ec496ec
+      ..11567feb
-      ..78f78b15
+      ..81a6d093
-      ..2aee1695
+      ..5d3650c1
-      ..33e1453a
+      ..9f9d954f
-      ..2849bb2d
+      ..287ed68d
-      ..f864cd1c
+      ..bafc8b54
-      ..79f4bdf8
+      ..d4c9af11
-      ..288aab5b
+      ..4de04ab1
-      ..ce0d559c
+      ..3a394cf1
-      ..91ac29d3
+      ..c084f756
-      ..43a9fa44
+      ..bb483c24
-      ..b9000c1a
+      ..b6e0833d
-      ..03894e04
+      ..10d6327b
-      ..2d1439d1
+      ..cefbf2ad
-      ..d8916ba1
+      ..0cda30df
-      ..a40e1e04
+      ..c332f987
-      ..39a145d4
+      ..1cebece8
--- /de..13778dd2
+﻿usi..223e368c
+using ..e1bcdeca
+..d0211c92
+namesp..246b00c3
+{..6122ff25
+    pu..6af6a2a7
+    {..a9049485
+      ..4c73fdde
+..d0211c92
+#if __..b1ed79cb
+      ..51d810b4
+#else..852e05d8
+      ..015218ba
+#endif..175fbe3d
+..d0211c92
+      ..7000ab0f
+..d0211c92
+      ..d40068a0
+..d0211c92
+#if __..b1ed79cb
+      ..72bd5729
+      ..410505fb
+..d0211c92
+      ..d1f7f192
+      ..3ec9ccb5
+#endif..175fbe3d
+..d0211c92
+//    ..014667aa
+//    ..b80f53e6
+..d0211c92
+      ..66984a8c
+      ..c404ccc6
+..d0211c92
+      ..5a902561
+      ..008d350e
+..d0211c92
+      ..c89b177f
+      ..7e6244dd
+..d0211c92
+      ..2b100e27
+      ..6b8d0a1c
+..d0211c92
+      ..f9ef64e3
+      ..3f97d1a6
+..d0211c92
+      ..92ba8693
+      ..52815c7e
+..d0211c92
+      ..cf5b33ae
+      ..fda33e75
+..d0211c92
+      ..f032f679
+      ..d46814b8
+..d0211c92
+      ..009cd258
+      ..09cf70b7
+..d0211c92
+      ..ca10f3f7
+      ..8d6403a6
+..d0211c92
+      ..90471f7d
+      ..d6bbe2f4
+..d0211c92
+      ..2ac96f2d
+      ..20db5f7e
+..d0211c92
+      ..5fa0cd6e
+      ..fe2d32f0
+..d0211c92
+      ..71f396d3
+      ..ca8b2d68
+..d0211c92
+      ..8cec88f4
+      ..81a27b85
+..d0211c92
+      ..0587ba67
+      ..c8bf5cf0
+..d0211c92
+      ..d5212122
+      ..7e321ce0
+..d0211c92
+      ..cde75441
+      ..3723335f
+..d0211c92
+      ..351d465f
+      ..a485bc86
+..d0211c92
+      ..5ac97924
+      ..6a7fd834
+..d0211c92
+      ..ce6f75c1
+      ..d68f104a
+..d0211c92
+      ..dce4790e
+      ..ea71b64f
+..d0211c92
+      ..4e63f397
+      ..f2640b01
+..d0211c92
+      ..8a450ebf
+      ..641a5de7
+..d0211c92
+      ..7abe9ec9
+      ..26fa0945
+..d0211c92
+      ..de662658
+      ..b2db9727
+..d0211c92
+      ..d953ceff
+      ..e2c2e5ba
+..d0211c92
+      ..852570e9
+      ..c053d4f8
+..d0211c92
+      ..7b9bc17e
+      ..ccdcbd4c
+..d0211c92
+      ..0617efef
+      ..65bb63aa
+..d0211c92
+      ..e329ca07
+      ..a411c49f
+..d0211c92
+      ..7dd89f35
+      ..c64671a0
+..d0211c92
+      ..7ca362db
+      ..9223986c
+..d0211c92
+      ..879ad6cb
+      ..534b2b3c
+..d0211c92
+      ..527b7835
+      ..84d90711
+..d0211c92
+      ..076b61e8
+      ..f8aa3ffd
+..d0211c92
+      ..af1c2bb4
+      ..2358ee79
+..d0211c92
+      ..a2c409aa
+      ..219b7ac4
+..d0211c92
+      ..e1f078d7
+      ..84cbb295
+..d0211c92
+      ..eccea16b
+      ..878694dc
+..d0211c92
+      ..af57b5bd
+      ..477fae37
+..d0211c92
+      ..772faf4d
+      ..ad177e6d
+..d0211c92
+      ..c032cfac
+      ..faa91066
+      ..77a009c1
+..d0211c92
+      ..6fd4e5a5
+      ..540181af
+      ..77a009c1
+..d0211c92
+      ..e0842265
+      ..e6af5a5e
+..d0211c92
+      ..7000ab0f
+    }..f56b86d3
+}..6d149770
-      ..3269bb53
+      ..fe4432cf
-      ..82d7ad46
+      ..e7b77ddb
-      ..9f857a86
+      ..c12fee20
-      ..e3f0f04e
+      ..8f14a2c4
-      ..caa6c30f
+      ..6929a388
-      ..56100f2b
+      ..7c06871e
-      ..bd437702
+      ..ceda9e42
-      ..050b6f5d
+      ..dcc95644
-      ..f4c2f1c7
+      ..7dbaaa79
+++ /de..fa713b5b
-﻿usi..cb4d25e1
-using ..27866950
-..2a8a7fb0
-namesp..62baa81b
-{..04cbd1a8
-    pu..d3039271
-    {..b32e9d3b
-      ..e71db2b0
-..2a8a7fb0
-#if __..969f3696
-      ..86c88826
-#else..079b3290
-      ..f8783a39
-#endif..5cbb1c6d
-..2a8a7fb0
-      ..61f65a4c
-..2a8a7fb0
-      ..0b03515c
-..2a8a7fb0
-#if __..969f3696
-      ..13c7df99
-      ..6862ac13
-..2a8a7fb0
-      ..586286a6
-      ..656e0e9a
-#endif..5cbb1c6d
-..2a8a7fb0
-//    ..9a86de38
-//    ..f2ae1569
-..2a8a7fb0
-      ..594b08d0
-      ..e8c43c2e
-..2a8a7fb0
-      ..9750457a
-      ..d65398f7
-..2a8a7fb0
-      ..e79bba95
-      ..3a0b0931
-..2a8a7fb0
-      ..d56c890a
-      ..88813922
-..2a8a7fb0
-      ..2b8bc9aa
-      ..7d543d97
-..2a8a7fb0
-      ..46a561a6
-      ..e824c9df
-..2a8a7fb0
-      ..57e3eb06
-      ..e7b810fc
-..2a8a7fb0
-      ..1b6b345a
-      ..8a156441
-..2a8a7fb0
-      ..43215743
-      ..cd18786b
-..2a8a7fb0
-      ..031ba8bc
-      ..ad7b0c02
-..2a8a7fb0
-      ..e0de1f3d
-      ..e0b0a081
-..2a8a7fb0
-      ..dc80bcf2
-      ..6c484dc5
-..2a8a7fb0
-      ..84565aa0
-      ..2ae03bc8
-..2a8a7fb0
-      ..139ee521
-      ..8d0ba7be
-..2a8a7fb0
-      ..0f639d3b
-      ..07504d28
-..2a8a7fb0
-      ..418371d3
-      ..2f20b5cd
-..2a8a7fb0
-      ..3116fd4e
-      ..e66dd964
-..2a8a7fb0
-      ..04fcfe40
-      ..38525c4b
-..2a8a7fb0
-      ..d35ed6e2
-      ..ac94b53b
-..2a8a7fb0
-      ..c55ce588
-      ..4ade5a73
-..2a8a7fb0
-      ..2f8009ad
-      ..41a7c6f1
-..2a8a7fb0
-      ..86c479b0
-      ..d6d038f6
-..2a8a7fb0
-      ..28382525
-      ..8c0d297b
-..2a8a7fb0
-      ..2fdcc453
-      ..92c99afc
-..2a8a7fb0
-      ..9b13ec1b
-      ..4d8733bf
-..2a8a7fb0
-      ..77256207
-      ..3a95bbd8
-..2a8a7fb0
-      ..e27428ac
-      ..5d6f2ebe
-..2a8a7fb0
-      ..947f5b8f
-      ..a0e0681a
-..2a8a7fb0
-      ..01b1b7e9
-      ..a25efe21
-..2a8a7fb0
-      ..a92a202d
-      ..db38be3c
-..2a8a7fb0
-      ..38d9874b
-      ..bc5ef583
-..2a8a7fb0
-      ..6ef02e39
-      ..76d25ae0
-..2a8a7fb0
-      ..a2aaf102
-      ..016d9db5
-..2a8a7fb0
-      ..641900d0
-      ..d5004976
-..2a8a7fb0
-      ..38b6444b
-      ..30b68da2
-..2a8a7fb0
-      ..2a4e85bb
-      ..e5edd28e
-..2a8a7fb0
-      ..4c6b8466
-      ..fbcb5ebf
-..2a8a7fb0
-      ..2a064b86
-      ..87d1f318
-..2a8a7fb0
-      ..90ce5d10
-      ..9c6769a7
-..2a8a7fb0
-      ..35629aa4
-      ..ac4152db
-..2a8a7fb0
-      ..8fb6f274
-      ..2a1c3193
-..2a8a7fb0
-      ..2a536be4
-      ..e9aa7bea
-..2a8a7fb0
-      ..0e17e975
-      ..5277790f
-      ..15d3601a
-..2a8a7fb0
-      ..d05fd5b4
-      ..99dd6239
-      ..15d3601a
-..2a8a7fb0
-      ..bcdfbdef
-      ..e9a7497a
-..2a8a7fb0
-      ..61f65a4c
-    }..3812264d
-}..677c0a5a
-      ..d43df43b
+      ..560dc138
-      ..c6a348e9
+      ..dd16d054
-      ..10781caa
+      ..823f4350
-      ..43fdb608
+      ..c2799861
-      ..0de0932c
+      ..000de639
-      ..5862b066
+      ..e9f6a2e1
-      ..d46d32a2
+      ..7e75a67a
-      ..c46e22bb
+      ..c538b2d1
-      ..3bd9fc40
+      ..7369c83a
-      ..6ba9aa23
+      ..2a83f77e
-using ..791e576d
-      ..a298b407
+      ..b254ccd8
-      ..c46e22bb
+      ..c538b2d1
-      ..0bd48feb
+      ..7eae6160