+		84F3..ee0c11f2
+				84..3f2e4ce5
+   <Br..1f8968c6
+      ..1c529a0f
+      ..cb2f2080
+      ..d16c03f6
+      ..584ba201
+      ..6b8afcbb
+      ..65563c5a
+      ..cd9d4e27
+      ..28b5ef7f
+      ..9f1970d0
+      ..a2948142
+      ..03cd2424
+      ..baabb824
+      ..f817f774
+      ..da0b877d
+      ..7f251465
+      ..10df4307
+   </B..e703c2c4
+#impor..158e9983
+..d0211c92
+    si..ff692be6
+    un..1abc03e4
+    un..736b2326
+    un..704a6f4e
+    un..75bea643
+..d0211c92
--- /de..13778dd2
+//..d9ad2f66
+//  te..94c61e22
+//  En..a36dc257
+//..d9ad2f66
+//  Cr..fd579ef3
+//  Co..02f41934
+//..d9ad2f66
+..d0211c92
+#ifnde..18819ce1
+#defin..64574465
+..d0211c92
+..d0211c92
+unsign..5eeb28a5
+..d0211c92
+#endif..c12b8f77