+using ..47591097
-      ..f13a8895
+      ..24842859
-      ..2d1b89cc
+      ..c07081f7
-      ..3da666aa
+      ..bb1a4d55
-      ..a69401f0
+      ..b98726fa
+using ..56bcce3c
-      ..e2377316
+      ..c50666d3
-      ..50973c3f
+      ..2c68c859
+using ..47591097
-    pu..b4b229a1
+    pu..197da9da
-      ..6f9e82bf
+      ..60a8d092
--keep ..37c01a57
+-keep ..47759f1a
+-keep ..0cb972e7
+-keep ..5ee725a6
+-keep ..797e223a
+-keep ..eec69585
--- /de..808eb635
+-injar..0808a359
+-outja..233e8596
+..a2877bae
+-libra..0725dc13
+-libra..e4f88d41
+..a2877bae
+-donts..ed4a556f
+-donto..e7b31aa7
+..a2877bae
+..a2877bae
+-dontw..6e8ea4f5
+-dontw..17eb4157
+-dontw..13b59c41
+..a2877bae
+-keep ..5ed1da73
+    pu..ad6f0694
+    pr..6b16d0d9
+    pu..16fdeb13
+}..9c373729
+..a2877bae
+# Keep..124438f1
+-keepc..d983fe7b
+    pu..4c9ca852
+}..9c373729
+..a2877bae
+# Also..e0e7250d
+# enum..e816faf0
+-keepc..fc4e2792
+    pu..9bc1d2f5
+    pu..193630b5
+}..9c373729
+..a2877bae
+# Also..3b35e733
+-keep ..5f12661d
+..a2877bae
+# Also..979910d5
+# alon..6cd87703
+-keep ..543689ec
+    pu..b1f7aea9
+}..9c373729
+..a2877bae
+# Keep..68e3da9a
+-keepc..b9aef387
+    na..e762793d
+}..9c373729
+..a2877bae
+# Remo..8cbf25c5
+# meth..4670259b
+-assum..a04b10e6
+    pu..c7386dd4
+    st..454da109
+    pu..f7dbeefa
+    pu..036c7adb
+    pu..9085e159
+    pu..a7b368ca
+    pu..25bbb965
+    pu..89607bfc
+    pu..bf18a01e
+}..9c373729
+..a2877bae
+# Remo..569264b6
+# meth..4670259b
+-assum..ae331b50
+    pu..6ddcd7d2
+    pu..117c56f2
+    pu..2b94b48b
+    pu..d8cfd461
+    pu..b2c7d118
+    pu..023b6efc
+    pu..44297ecd
+    pu..a151df2b
+    pu..d8c912a9
+    pu..12417702
+    pu..9edd1ba0
+    pu..546a1fd5
+    pu..1811ff81
+    pu..13617913
+    pu..d9012302
+    pu..e686d417
+    pu..7d03152c
+    pu..021e647c
+    pu..3ea5536e
+    pu..8feee227
+    pu..c8952f77
+    pu..18c048c5
+    pu..49c14b8c
+    pu..fdfb7690
+    pu..33eced9f
+    pu..4f0ca691
+    pu..bbea62d8
+    pu..c99096f9
+    pu..0ed44109
+    pu..f62c77a2
+    pu..68ae042a
+    pu..9cf4cc55
+    pu..3419860d
+    pu..bafcf837
+    pu..6128f039
+    pu..3a1de606
+    pu..2b123aaa
+    pu..130f05cd
+    pu..5110a6fb
+    pu..862579d4
+    pu..3995e0f3
+    pu..ec874e43
+    pu..3ea1dbcd
+    pu..1d1eb944
+}..9c373729
+..a2877bae
+# Remo..65dbdb69
+# meth..4670259b
+-assum..c0366482
+    pu..11a0fc6c
+    pu..8dc2d427
+    pu..7c1fba86
+    pu..2b9e497a
+    pu..14be2e2f
+    pu..d8ad7d52
+    pu..3eac04d0
+    pu..4204c92d
+    pu..5898fd3d
+    pu..5e09dfbc
+    pu..5673a188
+    pu..fe8263fa
+    pu..0e1f1ad8
+    pu..5a0693bf
+    pu..ac6d5025
+    pu..f6058f35
+    pu..157042e1
+    pu..1de46f99
+    pu..8fc604b8
+    pu..af60aaa7
+    pu..551c37ed
+    pu..df6db605
+    pu..7d9154f3
+    pu..7ce53dae
+    pu..07f0fffb
+    pu..5d030261
+    pu..a7d0e925
+    pu..915746cb
+    pu..28a49ad3
+    pu..808cfcf4
+    pu..6326b419
+    pu..29fcb255
+    pu..0129080f
+    pu..89ad7bdd
+    pu..b9122fea
+    pu..a7157ab0
+    pu..4d7d7560
+    pu..62311c2b
+    pu..e105e994
+    pu..11d89656
+    pu..9690ed44
+    pu..5b406394
+    pu..8a9321d7
+    pu..18c9cda8
+    pu..0f82cd10
+    pu..9df44199
+    pu..65a736be
+    pu..dfe82a34
+    pu..56c18e18
+    pu..6c00beb8
+    pu..91f58aeb
+    pu..068a0e41
+    pu..9aaf7f84
+    pu..8af39532
+    pu..cdd4fd0f
+    pu..b7d9e69d
+    pu..517a848c
+    pu..3f3384fa
+    pu..93194ffd
+    pu..2dca6edf
+    pu..5b6db9b3
+    pu..20897fd0
+    pu..caeb1beb
+    pu..77897aa8
+    pu..e3ea3dfd
+    pu..04aad201
+    pu..b243c1e0
+    pu..019d4e12
+    pu..b291930c
+    pu..a8ba5601
+    pu..c01eb6cb
+    pu..ad539b31
+    pu..9e25cbac
+    pu..74a80708
+    pu..adfe6e4a
+    pu..fed28d2a
+    pu..6635df5b
+    pu..d3e134a1
+    pu..5a3b861a
+    pu..cd2e188e
+    pu..43e711d3
+    pu..167832a4
+    pu..0a28cc03
+    pu..33d794b5
+    pu..b6e760e5
+    pu..37692f09
+    pu..0cbf7ab0
+    pu..5b69eda9
+    pu..a4a58cd0
+    pu..f77f91d3
+    pu..cff63ed5
+    pu..fb4098ab
+    pu..5a3b861a
+    pu..cd2e188e
+    pu..7cf73009
+    pu..bdfe2af5
+    pu..87e32f6a
+    pu..cbee0a0c
+    pu..086271b2
+    pu..20f20fce
+    pu..aa8187dd
+    pu..ded149c2
+    pu..4058f4df
+    pu..82aae548
+    pu..b6e97948
+}..9c373729
+..a2877bae
+# Remo..03da9ea4
+# meth..4670259b
+-assum..a238f9a6
+    pu..198af33c
+    pu..3ea155b3
+    pu..f3b7799e
+    pu..825ef37d
+    pu..34f46d93
+    pu..fed413b0
+    pu..8902cda0
+    pu..4c62d4dc
+    pu..ccc13b54
+    pu..e22f930f
+    pu..8136cc8b
+    pu..29e30b47
+    pu..3915adc5
+    pu..508d6498
+    pu..4058f4df
+    pu..8d9dc3f9
+    pu..80029884
+    pu..3ea2d26e
+    pu..171d5c91
+    pu..e62c85a1
+    pu..3636ce61
+    pu..73a5b4b1
+    pu..6804e9c0
+    pu..d1d11dfd
+    pu..ef4cfc63
+    pu..ded149c2
+    pu..80d727ae
+    pu..82aae548
+    pu..984fb9ab
+    pu..fa8c0588
+    pu..b0b7963b
+    pu..004e7848
+    pu..cb127e11
+    pu..cc6b293f
+    pu..9f52718c
+    pu..4b591a18
+    pu..26a215a7
+    pu..bb405137
+    pu..ec3695f7
+    pu..f8cb4d15
+    pu..4f86db1e
+    pu..2522d7ab
+    pu..92ca020e
+    pu..008c7e98
+    pu..7cea8ade
+    pu..8f2239ce
+    pu..5c79eeae
+    pu..465824e6
+    pu..b6e97948
+    pu..3676fdf7
+    pu..6d0438b9
+    pu..1ee636c9
+}..9c373729
+..a2877bae
+# Remo..f475ca44
+# meth..4670259b
+-assum..fa37ba08
+    pu..b6e97948
+    pu..6804e9c0
+    pu..a1243dc4
+    pu..bbf1370d
+    pu..b12dd5e6
+    pu..004e7848
+    pu..9f52718c
+    pu..4b591a18
+    pu..26a215a7
+    pu..7cea8ade
+    pu..8f2239ce
+}..9c373729
+..a2877bae
+# Remo..2a2573f2
+# meth..4670259b
+-assum..b6097ca3
+    pu..b6e97948
+    pu..6804e9c0
+    pu..a1243dc4
+    pu..bbf1370d
+    pu..b12dd5e6
+    pu..004e7848
+    pu..9f52718c
+    pu..4b591a18
+    pu..26a215a7
+    pu..7cea8ade
+    pu..8f2239ce
+}..9c373729
-#if !D..1fcf3393
+#if DE..452e8d6c
-      ..9e5cfc01
+      ..eee82890
+      ..eb14e102
-public..82d390fa
+class ..476ab0c5
-    pu..b3bcfddb
+    st..d1f87035
+import..26623f45
+    pu..c7df2baf
+      ..b27f8562
+      ..5e88a6de
+    }..0faecd76
+..a2877bae
-      ..7e113016
-      ..bba9de69
-      ..b51c3386
-      ..5d44486a
-      ..c0e4529b
-      ..43607f78
-      ..ecebb06d
-      ..0b15dc11
-      ..896ee87f
-      ..2f5fa050
-      ..a347caa9
-      ..019c6026
-      ..66e722ab
-      ..5eef3660
-      ..1a15ecf8
-      ..3c1caf23
-      ..3379ccdc
-      ..b8f92060
-      ..76a367d8
-      ..4b2f04df
-      ..e63cc4ef
-      ..e8b10f67
-      ..f9c6103d
-      ..b8f92060
-..06c63345
-      ..e63cc4ef
-      ..41b6e798
-      ..f9c6103d
-      ..b8f92060
-..06c63345
-      ..e63cc4ef
-      ..b978df83
-      ..f9c6103d
-      ..b8f92060
-..06c63345
-      ..e63cc4ef
-      ..6dd7ac2e
-..06c63345
-      ..b8f92060
-      ..5deaceee
+      ..5e88a6de
-      ..2126263c
-      ..8179227c
+      ..6ba8adf4
+    pr..e3d82e00
+      ..707b23a7
+      ..a73e4a63
+      ..40a6b43a
+      ..099f0bba
+      ..c6c34bb1
+      ..faba2232
+      ..277f98fc
+      ..1ed0b4ca
+      ..7ac27f73
+      ..10ee7f81
+      ..f7774ca8
+      ..e098945b
+      ..ff523cfb
+      ..df175e89
+      ..db48ab75
+      ..09615bac
+      ..ee483b27
+      ..3ce66afe
+      ..f6624afc
+..a2877bae
+      ..24797b74
+      ..33a2b551
+      ..ac6aa334
+      ..3599a9c8
+      ..3ce66afe
+..a2877bae
+      ..33a2b551
+      ..4401d4cf
+      ..3599a9c8
+      ..3ce66afe
+..a2877bae
+      ..33a2b551
+      ..6e59dc13
+      ..3599a9c8
+      ..3ce66afe
+..a2877bae
+      ..33a2b551
+      ..6f1db45d
+..a2877bae
+      ..3ce66afe
+      ..b4bb0326
+    }..0faecd76
+..a2877bae
-import..eabee5d7
-import..d84a888d
-import..c33e3dc8
-import..af1bfe1d
-import..65e0ea9f
-import..3cf1d5b3
-    pr..bd8cbdc0
-      ..4d78446f
-      ..a9d525e1
-      ..ca27cf94
-      ..b5cefbfa
-      ..f0b984d0
-      ..90f19192
-..06c63345
-      ..39a541c6
-      ..18be49e5
-      ..b530a65c
-      ..e5882cf0
-      ..ebdbcdad
-      ..70ef7512
-      ..b8f92060
-      ..461ec188
-      ..76a367d8
-..06c63345
-      ..5e909376
-      ..0e043b8e
-      ..76a367d8
-..06c63345
-      ..ccba3ac6
-      ..0c9940ac
-      ..d2520eba
-      ..e6e7402f
-      ..3f196db8
-      ..4b11f207
-      ..81027543
-      ..7c37c28c
-      ..241f19ca
-      ..247d322c
-      ..d64bd93f
-      ..b83730d2
-      ..34a77c6f
-      ..b8f92060
-      ..400e7c27
-      ..4e146c0e
-      ..a084f3eb
-      ..c41aa8a4
-      ..ebc81ceb
-      ..b8f92060
-      ..76a367d8
-..06c63345
-      ..9051d92d
-      ..ea5d18fc
-      ..8bc7ed5b
-      ..57695d55
-      ..f9c6103d
-      ..fda57b51
-      ..f59fcadd
-      ..5cbf5197
-      ..1c702530
-      ..2fca2086
-      ..76a367d8
-    }..0b1fdaac
-..06c63345
-    pr..941487b4
-    pr..86b6a3c9
-    pr..1af3684a
-    pu..9325c6e4
+    pr..03ac0bf3
+    pr..d831408a
-    pu..04515734
+    pu..002343c9
-      ..5f323e87
+      ..2d4b3ad3
+      ..88864373
+..a2877bae
-      ..ac9898e4
+      ..16acce51
+//    ..827007fd
+      ..88864373
+    pr..693be7fc
+      ..4f7746f2
+      ..f1c13170
+      ..9c242828
+      ..1522dc93
+      ..db828e91
+      ..3ce66afe
+      ..39a3a05a
+      ..70aaa2b5
+      ..6c702d03
+      ..3ce66afe
+      ..f6624afc
+    }..0faecd76
+..a2877bae
-      ..b3744d28
+      ..2c78fa10
-      ..a9e65796
+      ..ff852a54
-      ..699e3fc8
-      ..5654e7ae
+      ..85e28a70
+      ..1cb04bf2
-    pr..bc8d8ecf
+    pr..2b65b797
-      ..08e9f789
+      ..6ee12029
-    pr..940e63ae
-      ..dca8b502
-      ..2a1c33b9
-      ..5dbcee9b
-      ..6d412469
-      ..f15b96c4
-      ..fe6b9ffa
-      ..6af22adb
-      ..84f989f4
-      ..de52da20
-      ..b83730d2
-      ..b8f92060
-..06c63345
-      ..770a3748
-      ..2eb79398
-      ..84f989f4
-      ..de52da20
-      ..b83730d2
-      ..b8f92060
-..06c63345
-      ..dafe0461
-      ..2bcd88ef
-      ..84f989f4
-      ..de52da20
-      ..b83730d2
-      ..b8f92060
-..06c63345
-      ..0551b89e
-      ..5133ddf3
-      ..e7248c75
-      ..c5e601f8
-      ..bccf4543
-      ..b8f92060
-      ..76a367d8
-..06c63345
-      ..e398c5fa
-      ..26f0f1eb
-      ..d3cf3f24
-      ..14fb2051
-      ..6fe1735b
-      ..b8f92060
-      ..76a367d8
-      ..4625383c
-    }..0b1fdaac
-..06c63345
-    pr..ef1e4833
-      ..5326ab62
-      ..d8bb0f3c
-      ..706b5ea6
-      ..aad85696
-..06c63345
-      ..15a2e65a
-      ..159a216d
-      ..c6124222
-      ..9fb2eb88
-      ..f9d44834
-      ..76a367d8
-    }..0b1fdaac
-..06c63345
-    pr..4a7637f1
-      ..0016ddeb
-      ..b0e20c9d
-      ..01b2cc1c
-      ..e628db25
-      ..76a367d8
-      ..d94d5d4e
-      ..e148448f
-    }..0b1fdaac
-..06c63345
+    pr..1a4f8616
-    pu..6e87dd24
-//    ..1e0230b2
-//    ..e8ed9920
-//    ..a8e8a42d
-//..526b566f
-//    ..ef70828b
-//    ..85df2741
-//    ..8dacc66d
-//..526b566f
-//    ..5d9812df
-//    ..c1b5d381
-//    ..85df2741
-//..526b566f
-//    ..770c0558
-//..526b566f
+    pu..902380d1
+      ..c3d9fa8d
+      ..89d3b0e9
+      ..96d73593
+      ..41daf42a
+      ..f6624afc
+    }..0faecd76
+..a2877bae
+    st..3b650bbb
-    pu..85ed61db
+    st..a91a1c07
-    pu..8cad366f
-      ..be80df7a
-      ..45ed0e5f
-      ..552dfedd
-      ..b7ad0be4
-      ..76a367d8
-    }..0b1fdaac
-..06c63345
-      ..89f370b9
+      ..e098945b
+      ..9c5cee15
+      ..bd0c048f
+      ..6ff71aa9
+      ..ca3ea66b
+      ..3ce66afe
+      ..3d304982
+      ..6ff71aa9
-    pu..e99abd2c
+    st..532c84eb
+import..758ccdf7
+import..463c8835
+import..6e2b091a
+    pr..0032489d
+    pr..1b66ac70
+..a2877bae
-    pu..c6e475c6
+    st..c61413e4
+      ..a911a3d8
+      ..adca5a5a
+      ..f6624afc
+      ..8ab3a0bf
+      ..d7824e1a
+      ..881db663
+..a2877bae
+      ..e49cdbca
+      ..5d90c117
+      ..0e75bf6e
+      ..6481e3f9
+      ..e8475372
+      ..db828e91
+      ..3ce66afe
+..a2877bae
+      ..8c2ad67b
+      ..4dbc17d3
+      ..6481e3f9
+      ..e8475372
+      ..db828e91
+      ..3ce66afe
+..a2877bae
+      ..f5ead4ba
+      ..a0fa7692
+      ..6481e3f9
+      ..e8475372
+      ..db828e91
+      ..3ce66afe
+..a2877bae
+      ..d25bb97a
+      ..7bdbd0a5
+      ..c9d7678a
+      ..71a046e4
+      ..6af30b1c
+      ..06c1d834
+      ..e2757fb2
+      ..33e1d337
+      ..6af30b1c
+..a2877bae
+      ..9d492767
+      ..2ed27e47
+      ..b6d3e0c0
+      ..6f0a0a93
+      ..db828e91
+      ..822944d0
+      ..3ce66afe
+..a2877bae
+      ..b7c249f9
+      ..f98b0eaf
+      ..4d9d5bf1
+      ..c3a0e444
+      ..b9931f73
+      ..3ce66afe
+      ..f6624afc
+    }..0faecd76
+..a2877bae
+    st..0528392e
+      ..7a2d1594
+      ..9a4a9ba5
+      ..1d0ff08c
+      ..d58ca82b
+      ..d4802b87
+      ..3ce66afe
+      ..f6624afc
+      ..a588cd98
+    }..0faecd76
+..a2877bae
+..a2877bae
+    pr..a6537fa6
+      ..76ce1826
+      ..adca5a5a
+      ..f9b5e9b3
+      ..9db62f64
+..a2877bae
+      ..07b57fae
+      ..fb873111
+      ..0f54002f
+      ..a2ea8fbb
+      ..63a1fe4f
+      ..f6624afc
+    }..0faecd76
+..a2877bae
+    pr..cc09e3a7
+      ..6c40c19d
+      ..ba53816d
+      ..a1b6ba29
+      ..786cd6fb
+      ..f6624afc
+      ..735b8dd0
+      ..463984ef
+    }..0faecd76
+..a2877bae
+    pr..28c2edca
+      ..04d3deea
+      ..19c7ed3c
+      ..e83397b7
+      ..30d2463c
+      ..ba8a7ef3
+      ..730f2298
+      ..7cd97337
+      ..36d38e1d
+      ..42adb45c
+    }..0faecd76
+..a2877bae
+    pr..20b9ac8d
-      ..09ca4de5
+      ..d7435b24
-      ..74858a2e
+      ..2ae57885
+..a2877bae
+    pr..5a503ec3
+      ..1eb76f18
+      ..c20dc63a
+..a2877bae
+      ..1ecbf3de
+      ..07ccb321
+      ..bb739681
+      ..7faeab63
+      ..412545d7
+      ..72955259
+      ..7d07b3f3
+      ..56d51688
+      ..df661e71
+      ..db828e91
+      ..b62c9d32
+      ..80758b11
+      ..583bcae9
+      ..92db946f
+      ..db828e91
+      ..3ce66afe
+      ..f6624afc
+..a2877bae
+      ..ae3ae61f
+      ..86e21d55
+      ..f6624afc
+..a2877bae
+      ..25495ee6
+      ..7707b871
+      ..f967420e
+      ..e5e0b181
+      ..4acc05ae
+      ..c72523a5
+      ..6c1fb21d
+      ..939c234d
+      ..3ce66afe
+      ..f6624afc
+    }..0faecd76
-import..defa8e87
-import..4417abf4
-    pr..607ed8da
-    pr..aebd6590
+    pr..85270625
+      ..f9340701
+      ..48d885eb
+      ..f9340701
+      ..48d885eb
+      ..7b937b80
+      ..13580bed
-      ..13c0e294
-      ..8a9d0857
-      ..c178296b
-      ..1462ddd8
-      ..6031408c
+      ..aaff217c
+      ..a850cdcb
-      ..d803d869
-      ..8d7c7c40
+      ..7b937b80
+      ..b9ae9c23
+      ..745fe061
+import..bdf251e9
-import..8950df7e
+import..4382d3c3
-    pu..00da3492
+    st..c4459e61
-    pu..64c8dc75
-      ..32f59ab3
-    }..0b1fdaac
-..06c63345
-    pu..a12931bb
+    st..a42e9711
+      ..bfa3d69b
+      ..fa783dfa
+      ..33a2b551
+      ..bd446ba0
+      ..ff69703c
+      ..3ce66afe
+      ..8493184c
--- /de..808eb635
+packag..e7debf22
+..a2877bae
+public..8ff5ce9a
+    vo..87a1c7c3
+..a2877bae
+    vo..7c9140f6
+..a2877bae
+    vo..ed50d661
+..a2877bae
+    vo..d29f22e6
+}..9c373729
--- /de..808eb635
+packag..e7debf22
+..a2877bae
+public..49228dc9
+    vo..addedfc5
+}..9c373729
--- /de..808eb635
+packag..e7debf22
+..a2877bae
+public..3527e98f
+..a2877bae
+    in..6fc7fa83
+..a2877bae
+    by..f923af1c
+}..9c373729
--- /de..808eb635
+packag..e7debf22
+..a2877bae
+public..57ad43ea
+    vo..feb66e84
+}..9c373729
--- /de..808eb635
+packag..e7debf22
+..a2877bae
+public..fa216459
+    vo..f120a6bc
+}..9c373729
+import..ed96d924
+import..ecf4078e
+import..ce7a35b4
+import..12b01ffc
-import..fe808742
-import..e42087e7
-    pu..e97f36a8
-..06c63345
-      ..e1e05ac2
-..06c63345
-      ..a7e4b53f
-    }..0b1fdaac
-..06c63345
-    pu..6d16665c
-      ..29f11bbd
-    }..0b1fdaac
-..06c63345
-    pu..d29cea6b
-      ..0055d3ab
-..06c63345
-      ..4ea1bace
-..06c63345
-      ..00f36b75
-..06c63345
-      ..5aa0071f
-    }..0b1fdaac
-..06c63345
-    pu..f1722581
-      ..c358d293
-    }..0b1fdaac
-..06c63345
-      ..d02ca04d
+      ..e0edf500
+import..9b8296d9
-      ..6d18e8ff
+      ..25d1a630
+      ..e7577039
+      ..1b7b1a2c
+      ..67a988d2
+..a2877bae
+..a2877bae
-      ..575af65a
+      ..52d91bc6
-      ..6febb83f