-    <C..36818410
+    <C..fdbe3851
+    <C..c4c32e05
-    pu..11cad0a7
+    pu..4f338edc
-      ..074de2d7
+      ..4e355cf1
-      ..76c5fdf1
+      ..7f1f124b
-      ..a37db242
+      ..0095dc65
-      ..f748f5e9
+      ..50bb3ba8
-      ..07490fa7
+      ..9c43fd1b
-      ..c295cdee
+      ..7940f0ee
-      ..fd103832
+      ..c4f477ad
+      ..12bd6cee
+      ..3644d06e
+      ..468a1875
+      ..3ce66afe
+      ..6c00ff67
+..a2877bae
+      ..444f5a45
+      ..4fffc578
+      ..90e34522
+      ..cf506c38
+      ..7580365f
+      ..949cd1ae
+      ..3a6e8c35
+      ..844fbe57
+      ..f6624afc
+..a2877bae
-      ..652f24f1
+      ..9fe451f5
+      ..553bcc16
+      ..7580365f
+      ..66f8a4e4
+      ..0eecc7dc
+      ..bedbd9e2
+      ..d62a37b4
+      ..83e50099
+      ..98b8a06d
+      ..3644d06e
+      ..e3c1e69e
+      ..628da3e5
+      ..17d5847d
+      ..6af30b1c
+      ..6c078ba8
+      ..dffaffce
+      ..6af30b1c
+      ..9620e1ad
+      ..2bee45ea
+      ..df978257
+      ..0d308eb9
+      ..36d3bc28
+      ..b2544c01
+      ..24d09b34
+      ..ca91b60c
+      ..5eda0e01
+      ..f49474a7
+      ..2a4ed9f4
+      ..cc61786c
+      ..93c3e23d
+      ..6bca24dc
+      ..92db946f
+      ..db828e91
+      ..3ce66afe
+..a2877bae
+      ..897e4ed6
+      ..f6624afc
+..a2877bae
-      ..51ab69e5
-      ..ebf13241
-      ..a4be4d7f
-      ..a6496472
-      ..78a9d81e
-      ..1cd1a5ce
-      ..02470a11
-      ..4044b36c
-      ..5da28f0f
-      ..36c0f9a8
-      ..246539ec
-      ..2cc74abf
-      ..e274f0db
-      ..246539ec
-      ..3fb913c2
-      ..5b8d31a7
-      ..d7d75631
-      ..feeffc34
-      ..9d6c558b
-      ..5a809796
-      ..395c81bf
-      ..9b2eaf5e
-      ..b549fa9f
-      ..ad5eb7b6
-      ..7dd6bb7e
-      ..1fc4859b
-      ..5250b3df
-      ..274ea4c7
-      ..247d322c
-      ..d64bd93f
-      ..b83730d2
-..06c63345
+      ..5be3b4ed
-      ..aaeb01fa
-      ..93043976
-      ..e16aa9ac
+      ..169c7422
-      ..a9a78edc
+      ..33c61528
-      ..b03e68e6
+      ..d03329a3
-      ..6414ab6a
+      ..b515dab4
-      ..82cf4448
+      ..4f93abde
-      ..2e23d6f6
+      ..0a1727a1
-      ..81ebd484
+      ..0b2a043e
-      ..e6d39d9b
-      ..fc679741
+      ..499de892
+      ..a59f6258
-      ..f03688cc
-      ..53116b56
+      ..8b713985
+      ..6124fab6
-      ..fe332d52
+      ..3c40008a
-      ..fd4506fd
+      ..8e6c455b
-      ..e3661013
-      ..ffef6d04
+      ..096d64e5
+      ..79cae82d
-      ..1ace609e
-      ..e03dfd1b
+      ..087bf14a
+      ..ca122195
-      ..e683e5da
-      ..e59e6684
+      ..cfe7b3bb
+      ..b56617e8
-      ..7c3d3f2c
+      ..c0ae03ea
-      ..cc36c3a5
+      ..a11811bf
-      ..35ac6737
+      ..6d179894
-      ..cf76162d
-      ..f17869ca
+      ..f7482fc6
+      ..c651f1bb
-      ..97e46038
-      ..2b20d765
-      ..6e01238b
-      ..e0cc5e16
+      ..c9adca74
+      ..80cceb76
+      ..b79f34e4
+      ..09a0896b
-      ..c170ed89
+      ..73f39cc6
-      ..fd3a0bcf
+      ..a74ba4e0
-      ..ddf91ade
+      ..6be3cef1
-      ..cd609385
+      ..c2a24148
-      ..5655c32f
-      ..6c4883ea
-      ..c9bada12
+      ..e3f60174
+      ..16667d25
+      ..4546f175
-    pu..c4d1375b
+    pu..564628c9
-      ..7d79b64d
+      ..fddde7f5
-      ..aa2497f2
+      ..0b09cfb5
-      ..f2cb7019
+      ..d330de35
-      ..b079faaa
+      ..58e0dcac
+//    ..9f5e0d86
+++ /de..8ecdf82b
-﻿usi..0618bcd3
-using ..fcb1513d
-using ..219daa4f
-using ..16c5c589
-using ..ddbf83d6
-..06c63345
-namesp..8ae08aca
-{..99ddf12c
-    pu..d411accf
-    {..93ac6fc1
-      ..65dfac31
-..06c63345
-      ..4c9c191e
-..06c63345
-      ..9b9c06ea
-..06c63345
-      ..380c1f30
-    }..0b1fdaac
-}..5991d3c1
-    pu..ef04ae5e
+    pu..ddaafb0e
-      ..53afcf6f
+      ..cc7d64ea
-﻿usi..0618bcd3
-using ..fcb1513d
-using ..219daa4f
-using ..0bb97a7a
+﻿usi..6b781e4e
-    pu..86718d43
+    pu..9ae40dbf
-      ..65dfac31
-..06c63345
-      ..550d8aa8
-..06c63345
-      ..4c9c191e
-..06c63345
-      ..9b9c06ea
-..06c63345
-..06c63345
-      ..380c1f30
--- /de..808eb635
+﻿usi..b99c9676
+using ..4321266d
+using ..0cf8b353
+using ..b3214c5d
+using ..30f5444f
+..a2877bae
+namesp..2669d37d
+{..4bc9bd17
+    pu..2cedc7ae
+    {..8737cb87
+      ..5b70fb2c
+..a2877bae
+      ..0c3d9c70
+..a2877bae
+      ..d619fc60
+..a2877bae
+      ..189c2fc7
+..a2877bae
+      ..52620697
+    }..0faecd76
+}..9c373729
--- /de..808eb635
+﻿nam..020c066c
+{..4bc9bd17
+    pu..93dbd026
+    {..8737cb87
+    }..0faecd76
+}..9c373729
+using ..289e844e
+      ..a96bb49a
+      ..7580365f
+      ..2c1d1ca8
+      ..f6624afc
+..a2877bae
+      ..c3e14984
+using ..8d5eb70f
+			map..6e28a7a8
+			map..7727416d
+using ..8d5eb70f
-	[Regi..2af2582c
-	publi..bfe0a22f
-	{..eb3225bc
-		#reg..420677b4
-..06c63345
-		priv..3f2a2d74
-		priv..e82224f6
-..06c63345
-		#end..ec8557b9
-..06c63345
-		#reg..9e894023
-..06c63345
-		publ..9a7c5dae
-		{..ff4c3118
-		}..9ab0c301
-..06c63345
-		#end..ec8557b9
-..06c63345
-		#reg..07993854
-..06c63345
-		publ..f3ae1a31
-		{..ff4c3118
-			get..0149acc5
-			set..0928b390
-			{..6dc78049
-				ba..09426f68
-				if..4e8e15ff
-					I..26cd3909
-			}..de547f46
-		}..9ab0c301
-..06c63345
-		prot..aff76280
-		{..ff4c3118
-			get..838b97d8
-			{..6dc78049
-				if..b159fac5
-					r..05d17ff3
-				if..f1072d69
-					r..866fb98d
-				re..556b628f
-			}..de547f46
-		}..9ab0c301
-..06c63345
-		prot..e2cb339e
-		{..ff4c3118
-			get..838b97d8
-			{..6dc78049
-				if..51d9a7bf
-					r..aca49f3e
-				if..c5d597f1
-					r..cb57617c
-				if..17361eff
-					r..4da858ba
-				if..138bb02a
-					r..10d453e9
-				if..bc0e5269
-					r..849d6738
-				if..ea411c05
-					r..40c1e304
-				if..1babc19b
-					r..906a6714
-				if..c764262e
-					r..28014fdd
-				if..c131ea21
-					r..da88c07b
-				if..e0ec51fb
-					r..8523d6cc
-				if..69cd2806
-					r..b476bf64
-			   ..ac219671
-			   ..e9364ec1
-				th..98a91a24
-			}..de547f46
-		}..9ab0c301
-..06c63345
-		#end..ec8557b9
-..06c63345
-		#reg..49b7ffa6
-..06c63345
-		void..4bde632d
-		{..ff4c3118
-			if ..4d336fae
-				re..850a4281
-			Too..9460f5a9
-			{..6dc78049
-				if..e38a8cb9
-					_..383432af
-			});..54070f96
-		}..9ab0c301
-..06c63345
-		#end..ec8557b9
-..06c63345
-		#reg..8c46d508
-..06c63345
-		priv..59144e69
-		{..ff4c3118
-			if ..a6c7ec9f
-				re..850a4281
-			awa..c691ce4a
-			_in..c8a8df1d
-			var..0157a84f
-			var..1ef52e20
-			if ..112728fa
-			{..6dc78049
-				va..129def9a
-				if..cc572f35
-				{..0d9e33b2
-					v..d7d59ff5
-					v..ec1c228c
-					r..cccc93df
-				}..91dce5d4
-				v1..ac9e2637
-				v1..46f3f184
-..06c63345
-				v2..e95c0bab
-				v2..87844230
-			}..de547f46
-		}..9ab0c301
-..06c63345
-..06c63345
-		publ..d88940c6
-		{..ff4c3118
-			bas..7d150aca
-..06c63345
-			if ..3f35c6e2
-			{..6dc78049
-				va..ef53f253
-				if..8baef05d
-					C..59b722c2
-			}..de547f46
-			els..b1b74a28
-			{..6dc78049
-				_r..b7c3e849
-				va..ef53f253
-				if..8baef05d
-					C..59b722c2
-			}..de547f46
-		}..9ab0c301
-..06c63345
-		#end..ec8557b9
-	}..5963ab60
+    [R..942a964a
+    pu..250cc351
+    {..8737cb87
+      ..f710e26d
+..a2877bae
+      ..455e9b04
+      ..e4f75f44
+..a2877bae
+      ..13f98b49
+..a2877bae
+      ..b1e489e7
+..a2877bae
+      ..efb02f6f
+      ..7580365f
+      ..f6624afc
+..a2877bae
+      ..13f98b49
+..a2877bae
+      ..9dea45b2
+..a2877bae
+      ..2bfeb38d
+      ..7580365f
+      ..2561f371
+      ..c4c75423
+      ..3644d06e
+      ..786b47e8
+      ..98691ca4
+      ..68666c76
+      ..3ce66afe
+      ..f6624afc
+..a2877bae
+      ..16f55983
+      ..7580365f
+      ..c3016a33
+      ..3644d06e
+      ..f42bed1a
+      ..b3e5a5f9
+      ..0d3c5a7e
+      ..72d57bf4
+      ..9924c835
+      ..3ce66afe
+      ..f6624afc
+..a2877bae
+      ..cd365124
+      ..7580365f
+      ..c3016a33
+      ..3644d06e
+      ..02356281
+      ..e490e8ac
+      ..993555c2
+      ..98e32193
+      ..1dbc7d89
+      ..5fc4c687
+      ..38bb2019
+      ..d09e42a7
+      ..f5d060d4
+      ..89f25480
+      ..3c398dcb
+      ..591c6d40
+      ..9deac53a
+      ..919ba7b9
+      ..196e1d4e
+      ..7d7015d5
+      ..4e921d84
+      ..469eae42
+      ..c6e6cfb2
+      ..064a4714
+      ..0a8af8f1
+      ..b46b8dcf
+      ..8831911b
+      ..709e7a87
+      ..bcdfe5c5
+      ..3ce66afe
+      ..f6624afc
+..a2877bae
+      ..13f98b49
+..a2877bae
+      ..db6b99fb
+..a2877bae
+      ..2c49cc06
+      ..7580365f
+      ..df0da2ff
+      ..881db663
+      ..b5a57743
+      ..3644d06e
+      ..d26c9bd0
+      ..68076553
+      ..cf82f3b7
+      ..f6624afc
+..a2877bae
+      ..13f98b49
+..a2877bae
+      ..1e327c54
+..a2877bae
+      ..348fe5da
+      ..7580365f
+      ..6e670112
+      ..881db663
+      ..ccb02e7d
+      ..b534a54f
+      ..b59ebbba
+      ..fe69272d
+      ..caac5c28
+      ..3644d06e
+      ..5a32e8d9
+      ..262e1d8a
+      ..df978257
+      ..03b329a4
+      ..ab781d1e
+      ..eb14e102
+      ..db828e91
+      ..e42cec80
+      ..6d9b5a3a
+..a2877bae
+      ..b80dba1d
+      ..1e10840e
+      ..3ce66afe
+      ..f6624afc
+..a2877bae
+..a2877bae
+      ..3a21b204
+      ..7580365f
+      ..581ca260
+..a2877bae
+      ..9e82aaa9
+      ..3644d06e
+      ..3274231b
+      ..8c3fbcc4
+      ..fd6959c4
+      ..3ce66afe
+      ..7ce9ec09
+      ..3644d06e
+      ..f2f0c579
+      ..3274231b
+      ..8c3fbcc4
+      ..fd6959c4
+      ..3ce66afe
+      ..f6624afc
+..a2877bae
+      ..13f98b49
+    }..0faecd76
-//    ..8dd9924a
+      ..7f210d1f
-//    ..375cc8e8
-//    ..b6dfada4
-//    ..32b3ea8b
+      ..571e29b2
+      ..f44a7777
+      ..b4aa5961
+#if DE..452e8d6c
+      ..e6eef626
+      ..b4b97adc
+      ..e6eef626
+..a2877bae
+      ..853cae96
+      ..2738413c
+      ..853cae96
+#endif..97fa8582
+    <C..f922906a
+    <C..b4a5c1b4
+  <Ite..caf20d7f
+using ..19100b83
+      ..08905eae
+      ..7580365f
+      ..e9f2c204
+      ..251b05be
+..a2877bae
+      ..3842704c
+      ..8ba8ed49
+..a2877bae
+      ..e4f2497e
+      ..3644d06e
+      ..6619462f
+      ..10fa6b66
+      ..610fa6ae
+      ..3ce66afe
+..a2877bae
+      ..670a65d3
+      ..f6624afc
+..a2877bae
+      ..49a7c737
+      ..7580365f
+      ..54ffb5b8
+      ..faba691e
+      ..3644d06e
+      ..b63b0a76
+      ..7daa95ca
+      ..2dd5f571
+      ..36b4fe1f
+      ..7a3029b6
+      ..1ecc440e
+      ..3ce66afe
+      ..7179cda4
+      ..f6624afc
+..a2877bae
+      ..3dbd066f
+      ..7580365f
+      ..16f5e437
+      ..f6624afc
+..a2877bae
+using ..8d5eb70f
-      ..438817aa
-..06c63345
-      ..dcb39640
-      ..3cab6e7a
+..a2877bae
+      ..b99b9ac4
+      ..3644d06e
+      ..f3934e7f
+      ..9cb13872
+      ..3ce66afe
+      ..191ebeec
+      ..7580365f
+      ..252627fa
+      ..3644d06e
+      ..a0cb2ca0
+      ..ac374295
+      ..3ce66afe
+      ..f6624afc
+..a2877bae
+      ..2816388a
-﻿usi..2e929295
-using ..7ca3fe45
-using ..ddbf83d6
+﻿usi..bc2094ed
-      ..8d9b164e
+      ..71d61918
-..06c63345
-      ..bed55937
-..06c63345
-      ..f7cc060a
-      ..6050d7b4
-      ..a973bf62
-      ..2fe5bf97
-      ..0712c6cc
-      ..c997d946
-      ..4f5d96c9
-      ..e77fdec2
-      ..17ead419
-      ..328a75be
-      ..76a367d8
-..06c63345
-      ..edca2a74
-      ..6050d7b4
-      ..412a9a85
-      ..e68a71c0
-      ..f7e0d922
-      ..5ab32937
-      ..6c62e11a
-      ..1df45423
-      ..e6914d61
-      ..f5801ba1
-      ..b8f92060
-..06c63345
-      ..2101627f
-      ..6c62e11a
-      ..4de46f9b
-      ..8c0db415
-      ..1b58ef47
-      ..b8f92060
-..06c63345
-      ..147e5f77
-      ..76a367d8
-..06c63345
-      ..2a1aac8f
-      ..6050d7b4
-      ..6822f886
-      ..76a367d8
-..06c63345
-      ..54b2d1b6
+using ..19100b83
-      ..9be8d74a
+      ..8243f16e
-      ..f1918d53
-..06c63345
-      ..f6038e4d
+      ..296e83bd
-      ..704a2149
+      ..3b7454c4
-      ..1c225119
+      ..8012d07f
+      ..7580365f
+      ..78d16776
+      ..5b0236d6
+      ..f6624afc
+..a2877bae
+      ..e78746fe
-      ..e69c7d74
+      ..e8b56d5c
-      ..fdc1948e
-      ..4586da6b
-      ..2e0bea89
-      ..b4ff8c62
+      ..12ce7cf9
+      ..2400604f
+      ..e033494b
-      ..8e099f27
+      ..3359a71e
-      ..c8616275
+      ..0b810cba
-      ..bdfcedcd
+      ..7ee9785f
-      ..c9ee4765
+      ..e3d299d5
--- /de..808eb635
+﻿usi..2e92709e
+using ..19100b83
+using ..05c9d9fa
+using ..be73dcbb
+..a2877bae
+namesp..cc19e41f
+{..4bc9bd17
+    [P..018e34aa
+    pu..50b5ef22
+    {..8737cb87
+      ..9dea45b2
+..a2877bae
+      ..5fcec5cb
+..a2877bae
+      ..30b9be01
+..a2877bae
+      ..1a1e6b37
+..a2877bae
+      ..98810019
+..a2877bae
+      ..5a98b2ce
+..a2877bae
+      ..4b1baa56
+..a2877bae
+      ..d189f164
+..a2877bae
+      ..13f98b49
+..a2877bae
+      ..1e327c54
+..a2877bae
+      ..ba515587
+      ..7580365f
+      ..665e1751
+      ..f6624afc
+..a2877bae
+      ..13f98b49
+    }..0faecd76
+}..9c373729
--- /de..808eb635
+﻿usi..2e92709e
+using ..5a35bdc0
+using ..0cf8b353
+using ..40fc0258
+using ..6b13db3e
+using ..19100b83
+using ..289e844e
+using ..2b9dd7d1
+using ..e7ca62a2
+using ..6aaab9ce
+using ..54637b4c
+using ..a407281d
+using ..fef1e698
+using ..be73dcbb
+..a2877bae
+namesp..cc19e41f
+{..4bc9bd17
+    [P..018e34aa
+    pu..6b53d7eb
+    {..8737cb87
+      ..f710e26d
+..a2877bae
+      ..ec71f0f6
+      ..a62568af
+..a2877bae
+      ..13f98b49
+..a2877bae
+      ..b1e489e7
+..a2877bae
+      ..23cc42cd
+      ..7580365f
+      ..2f5950de
+      ..f6624afc
+..a2877bae
+      ..13f98b49
+..a2877bae
+      ..9dea45b2
+..a2877bae
+      ..f477c6d6
+..a2877bae
+      ..e7ac6f55
+..a2877bae
+      ..13f98b49
+..a2877bae
+      ..db6b99fb
+..a2877bae
+      ..7280973f
+      ..7580365f
+      ..984e3057
+      ..490b88cb
+      ..f6624afc
+..a2877bae
+      ..111f17d8
+      ..7580365f
+      ..568157ea
+      ..f6624afc
+..a2877bae
+      ..fe486419
+      ..7580365f
+      ..f6624afc
+..a2877bae
+      ..13f98b49
+..a2877bae
+      ..1e327c54
+..a2877bae
+      ..7bb4d5ec
+      ..7580365f
+      ..9ba4a2e9
+      ..85f1048d
+      ..325a5a55
+      ..f6624afc
+..a2877bae
+      ..d9cb5882
+      ..7580365f
+      ..2adcf11e
+      ..19830095
+      ..3644d06e
+      ..2aebb86b
+      ..c2ed7b61
+      ..1c815d34
+      ..3ce66afe
+      ..183f43f4
+      ..3644d06e
+      ..a322228c
+      ..897a9e34
+      ..ae8998e3
+      ..bc72fb24
+      ..3ce66afe
+      ..f6624afc
+..a2877bae
+      ..b2c8c66c
+      ..7580365f
+      ..68a30430
+      ..3644d06e
+      ..8026d517
+      ..80bdce72
+      ..961d333f
+      ..bd0edd30
+      ..3ce66afe
+..a2877bae
+      ..0d5bef33
+      ..3644d06e
+      ..2b725139
+      ..246e3fa8
+      ..eb14e102
+      ..057267ff
+      ..29dbd707
+      ..9fb0e98d
+      ..099b7417
+      ..490b88cb
+      ..cf82f3b7
+      ..f6624afc
+..a2877bae
+      ..13f98b49
+    }..0faecd76
+}..9c373729
-      ..d9750ef9
+      ..8a6d7aab
-      ..32b9bac5
-      ..94539eb7
+      ..86cc0000
+      ..877fc4f2
-      ..60cb2735
+      ..c3c44df9
-      ..1ab18864
+      ..24e8d4e7
-      ..07157c80
+      ..8bf89cc5
-      ..d7d43f24
+      ..2f216b6f
-      ..fd103832
+      ..e442bf8f
+    <C..18a50ba0
+    <C..0bd1937e
+    <C..5c8c5f30
+      ..204d98b9
+    </..83a77e3b
+    <C..f34afc98
+      ..42f22383
+    </..e09622bd
+#inclu..acd1257a
+	munlo..d9015d3f
--- /de..808eb635
+#ifnde..0171f54a
+#defin..d0e224b6
+..a2877bae
+..a2877bae
+class ..7a64ec3e
+	char ..be9b557f
+	size_..ae57da14
+..a2877bae
+public..da125438
+	Secur..dd9cf031
+..a2877bae
+	virtu..b14941fc
+}..9c373729
+..a2877bae
+#endif..8916e41f
--- /de..808eb635
+#inclu..31a73483
+#inclu..9ee05b41
+#inclu..acd1257a
+..a2877bae
+Secure..5482dc3c
+{..4bc9bd17
+	_data..439a2fef
+	_len ..7324527c
+	if (!..05ef19d8
+		mloc..901683d6
+}..9c373729
+..a2877bae
+Secure..387d45d3
+{..4bc9bd17
+	wally..376daf03
+	munlo..3a8cf535
+	wally..0b282fdc
+}..9c373729
-		pubK..0dbd587d
+		pubK..51d1f67a
-		pubK..0dbd587d
+		pubK..51d1f67a
-		resu..26d9e3fa
+		resu..f5ac1890
-		priv..509a7bd6
+		priv..5ac158ee
-		resu..26d9e3fa
+		resu..f5ac1890
-		arra..f6e020e3
+		arra..3297616e
-		arra..f6e020e3
+		arra..3297616e
-		Secu..e8da7869
-		retu..7744f1c7
+		retu..3ebe1ade
+		mloc..b6b7f65c