-      ..fc37cb11
+      ..f935935e
-      ..8e9c3444
+      ..8f1f9d73
+using ..3b0edaf4
-      ..bd4d8069
+      ..12fa7c3d
-      ..8fb1c2e2
+      ..94e95bf4
-      ..45abefe2
-      ..ef6d7088
-      ..25f0e5d4
-      ..62d6b99c
-      ..10eb19a7
-      ..b9c98fd3
+      ..baf14afa
+      ..4bccefd3
+      ..8c5f78c6
-      ..3a691100
+      ..9f19f366
-      ..07e8244c
-      ..0fedf49b
-      ..6aaa693c
-      ..7fe4937c
-..09b7b7eb
+      ..0537c3ce
-      ..07e8244c
-      ..0fedf49b
-      ..a08191c4
-      ..929e67dd
-      ..9d63d6b4
-      ..ea3de435
-      ..9a756bef
-      ..7fe4937c
+..da00b49f
+      ..7de03266
+      ..5adadbab
+      ..61448d6c
+      ..475520d0
+      ..269a06cd
-      ..07e8244c
-      ..0fedf49b
-      ..a08191c4
-      ..929e67dd
-      ..f541639c
-      ..4e5b7b0b
-      ..7fe4937c
+      ..7de03266
+      ..5adadbab
+      ..75d11323
+      ..27ad45d7
-      ..07e8244c
-      ..0fedf49b
-      ..9085e67f
-      ..7fe4937c
+      ..d9a924f4
-      ..07e8244c
-      ..0fedf49b
-      ..a08191c4
-      ..929e67dd
-      ..9d63d6b4
-      ..ea3de435
-      ..46f68d2c
-      ..7fe4937c
+      ..7de03266
+      ..5adadbab
+      ..61448d6c
+      ..475520d0
+      ..26e1c4d8
-      ..07e8244c
-      ..0fedf49b
-      ..a08191c4
-      ..929e67dd
-      ..785ff6ee
-      ..7fe4937c
+      ..7de03266
+      ..5adadbab
+      ..6b933d8c
-      ..7a4ca825
-      ..41b3cddd
-      ..f496ebc5
-      ..ef6d7088
-      ..ef38c70a
-      ..2b285100
-      ..364a1552
-      ..ac6d8950
-      ..b9c98fd3
-..09b7b7eb
+      ..62c5eb63
-      ..e83a5320
-      ..3846d0d5
-      ..0fc2a583
-      ..0fedf49b
-      ..09698d27
-      ..7fe4937c
-..09b7b7eb
+      ..36732b6b
-      ..d53c7e21
+      ..bea5432e
+      ..020151dd
-      ..374edf8a
+      ..5a06976c
-      ..6853e207
+      ..b6590fcf
-      ..58083060
+      ..5a06976c
-      ..ee3a1f81
-      ..55c9c019
+      ..d6f53ce9
+      ..f0771ddf
+      ..628a85dd
+      ..5a06976c
+      ..ac2d9710
+      ..38d892f7
-      ..8c0917ad
+      ..df9fc2a5
-      ..1a24be68
-      ..f62aaa6e
+      ..67902b83
-      ..8c0917ad
+      ..df9fc2a5
-      ..c5afcccb
+      ..91f7b60c
-      ..8c0917ad
+      ..df9fc2a5
-      ..d4b8c70a
-      ..55c9c019
+      ..a97c85ee
+      ..f0771ddf
+      ..d1bc0bc7
+      ..5a06976c
+      ..ac2d9710
+      ..38d892f7
-      ..6b71cab8
+      ..5016fa94
-      ..20ea7113
-      ..3d4b27c0
+      ..b00e0614
-      ..1418d36d
+      ..572ed64e
-      ..a1ff5718
-      ..257d71cf
-      ..0fedf49b
-      ..abb22595
-      ..a3387c45
-      ..53582d4c
-      ..7fe4937c
+      ..4591e4d4
+      ..e557c83d
+      ..511a53c7
+      ..79b1f086
+      ..3a19eac1
-      ..965ab1e1
+      ..78f9a673
-      ..19b7490b
+      ..5a8941bf
-      ..b6505bc5
+      ..429505c4
-      ..e2493f25
+      ..da6d4b02
-      ..d053c0a3
+      ..3c0fd0fb
-      ..354bb5c6
+      ..6eeeb8df
-      ..77335e85
+      ..5b47c49b
-      ..20ea7113
+      ..b00e0614
-      ..965ab1e1
+      ..78f9a673
-      ..c3db439d
+      ..aba787f6
-      ..f224211e
+      ..5fcfff97
-      ..4760082f
+      ..c5d89a38
-      ..f2ccc768
+      ..4b5e80ff
-      ..58b00db2
+      ..3c6d04fd
-      ..31dae26f
+      ..24a3bab3
-      ..705975e5
+      ..56b5e912
+      ..8002fff9
-      ..942bcc6b
-      ..f42c33b5
-      ..ef6d7088
-      ..794aed95
-      ..157116b6
-      ..d342b321
-      ..b9c98fd3
+      ..c2964ac0
+      ..09c25394
+      ..0a467f16
+      ..0b4755ca
-      ..7ca25b5c
-      ..ef6d7088
-      ..794aed95
-      ..4265ecee
-      ..1695f79f
-      ..b9c98fd3
-      ..f3aa09be
+      ..6ee1104b
+      ..f0771ddf
+      ..c2964ac0
+      ..91d28a7e
+      ..463bc971
+      ..0b4755ca
-      ..cb530372
-      ..084232a8
+      ..00334549
-      ..ffc49c3d
-      ..705975e5
-      ..0fedf49b
-      ..46d58051
-      ..3891a865
-      ..ce4c5487
+      ..40d841d5
+      ..3970244d
+      ..373801da
+      ..5e762a4b
-      ..f3e7a67f
+      ..201ee800
+      ..f0771ddf
+      ..c6db1e0a
-      ..5334011b
+      ..d989ca7d
+      ..c9157d09
-      ..50842f9a
-      ..65a09fed
-      ..2cbf87a9
-      ..045925e6
-      ..bbbb19ca
-      ..37be6e6d
+      ..25fa048e
+      ..62b879f9
+      ..0d6fca67
-      ..67d1d304
+      ..e85e1d19
+      ..313d7ea1
+      ..ba159157
-      ..b1c86f7b
+      ..40a5f906
+      ..e5f6dbc1
-      ..b0953e4e
-      ..83b7b6e7
-      ..74bab10b
-      ..1e284f66
-      ..116a8c6d
-      ..2aa2852b
-      ..c6e1ca40
+      ..99e5f514
+      ..9c569018
+      ..630e9ad7
+      ..0d6fca67
-      ..6be423c4
-      ..67d1d304
+      ..fae6d2b9
+      ..e85e1d19
+      ..313d7ea1
+      ..5b93204a
-      ..dad03935
-      ..2cbf87a9
-      ..bfbfcb5b
-      ..3368353a
-      ..fda6c964
-      ..37be6e6d
+      ..6902c886
+      ..cd12599b
+      ..81743b6c
+      ..0d6fca67
-      ..e7bec94e
+      ..0449caed
+      ..313d7ea1
+      ..7dddc400
-      ..32bdc008
-      ..2cbf87a9
-      ..9efd223b
-      ..3882ac90
-      ..37be6e6d
+      ..2f5ea346
+      ..5ae6b9b7
+      ..0b4755ca
-      ..8e9caaa3
+      ..0084f4d3
+      ..f0771ddf
+      ..3aeeedfa
+      ..97e94ddf
+      ..feec6c93
+      ..cca846a7
-      ..2243ef47
-      ..e8a7e861
-      ..63d0cf28
-      ..bca56560
+      ..08372b19
-      ..9542b98a
-      ..2cbf87a9
-      ..e8d131a1
-      ..69461572
-      ..37be6e6d
+      ..89bcc60c
+      ..3245fcf7
+      ..29eb8c69
-      ..75def631
-      ..7c4384e1
+      ..357663b2
+      ..a75d64b0
+      ..ac8ff3f3
+      ..d6d8878d
-      ..9277a827
-      ..74bab10b
-      ..9274a339
-      ..e84b98f4
-      ..c6e1ca40
+      ..43e455a7
+      ..cb1a957d
-      ..8dd76fde
-      ..2b285100
-      ..05d4e255
-      ..ac6d8950
+      ..9d6a43ba
+      ..313d7ea1
+      ..21a5839d
+      ..0d6fca67
+      ..0b4755ca
-      ..9ebf9055
-      ..44d85daf
-      ..f3aa09be
+      ..8aa27694
+      ..3b9e2750
-      ..7841fe2e
+      ..f1deffb3
-      ..7d8e0039
+      ..5db326d5
-      ..585eddab
+      ..14ce1053
-      ..705975e5
+      ..e9a1f2f3
+      ..d99d9b11
+      ..756b90b8
+      ..c1f8665f
+      ..950d6ea6
-      ..8646cf39
-      ..eaaf9d66
-      ..840c4a50
-      ..38b32c0d
-      ..32887ace
-      ..ef6d7088
-      ..350ba013
-      ..d81849e5
-      ..b9c98fd3
-      ..4da1d854
-      ..ef6d7088
-      ..4aadbf83
-      ..d81849e5
-      ..b9c98fd3
-      ..2de32db1
-      ..ef6d7088
-      ..7173dabb
-      ..6e635956
-      ..b9c98fd3
-      ..899e1ad7
-      ..6d10906d
-..09b7b7eb
-      ..0a10fc1e
-      ..ef6d7088
-      ..22810eb9
-      ..36cd6bc7
-      ..a9c5f66d
+      ..8b81d173
+      ..f2a8e8b3
+      ..0b4755ca
+      ..613e42de
+      ..f0771ddf
+      ..9e1b7ae3
+      ..f2a8e8b3
+      ..0b4755ca
+      ..ab374527
+      ..f0771ddf
+      ..b38e816f
+      ..7d642956
+      ..0b4755ca
+      ..076982cb
+      ..1509699e
-      ..44411296
-      ..f15da0b8
-      ..f7ee01df
+      ..f728afb6
+      ..f0771ddf
+      ..8563be07
+      ..25f1b17e
+      ..6b8f17e8
-      ..bdaa846c
-      ..67014f4e
-      ..2b285100
-      ..d99f1c12
-      ..93680d6d
-      ..ac6d8950
+      ..47d68b43
+      ..671a079e
+      ..6e30cea9
-      ..8b079a47
-      ..3a4bc511
-      ..628c77b8
-      ..b9c98fd3
-      ..78652fe4
+      ..a04c7b14
+      ..ca665a53
-      ..360888b8
+      ..12d96e9e
+      ..76b41e27
-      ..f3aa09be
+..da00b49f
+      ..4b28cdc4
+      ..b28e9b1b
+      ..0deb5a41
+      ..0b4755ca
+      ..62036ea0
+      ..f0771ddf
+      ..d3402534
+      ..0b4755ca
-      ..c4e1b595
+      ..1c06d646
-      ..705975e5
-      ..0fedf49b
-      ..328b0a08
-      ..c0942c19
-      ..1218fb5f
-      ..ba542b45
-      ..3a5dd43b
+      ..ed3c418c
+      ..af2631d8
+      ..5eda381f
+      ..6527d53b
+      ..50977590
-      ..5f74c54e
-      ..ef6d7088
-      ..18996904
-      ..b9c98fd3
-      ..f3aa09be
+      ..fc01a4fc
+      ..f0771ddf
+      ..4b011d28
+      ..0b4755ca
-      ..7d439295
+      ..bb7cb712
-      ..705975e5
+      ..ed3c418c
+      ..af2631d8
+      ..2ee63276
-      ..328b0a08
-      ..c0942c19
-      ..050d46ac
+      ..8598be4b
+      ..4901187f
-      ..9e5697ed
-      ..5e73d958
-      ..2b285100
-      ..58c91a06
-      ..ac6d8950
+      ..01e62057
+      ..0b4755ca
-      ..01945773
-      ..f3aa09be
+      ..f7d9697b
-      ..17351aaa
+      ..152db436
-      ..c95b2e53
+      ..0ca5248b
-      ..5070879c
+      ..e65ddd33
-      ..fb688412
+      ..efe1f8ff
-      ..7e22fe7c
-      ..d6b4fe87
+      ..55c43477
-      ..5a97a4e9
-      ..9968d344
-      ..b9c98fd3
+      ..f9861913
+      ..dd1d0da2
+      ..ac8ff3f3
+      ..0d0104ad
+      ..21bd80f0
+      ..29eb8c69
+      ..c6d99494
-      ..3b3986b5
+      ..fb5f5fe6
-      ..45b24391
+      ..3d9f4ed0
-      ..10387a93
-      ..3a9f5f09
+      ..9ae5342f
+      ..25bca9e8
-      ..88ffdb62
+      ..f97356d2
-      ..f412245c
-      ..da778278
+      ..93bcc54b
+      ..a29ea13d
-      ..6b3d0034
+      ..9523872a
-      ..f1316fae
+      ..aead7f46
-      ..625f36dc
-      ..aa77161e
+      ..c97b476c
+..da00b49f
-      ..227deee1
+      ..f6dedc5a
-      ..4cc11023
+      ..23ff28ea
-      ..a4e5cbbb
+      ..901c6d12
-      ..705975e5
-      ..0fedf49b
-      ..f7d60641
-      ..633a4524
-      ..abec7be9
-      ..8ae8b0d3
-      ..fbb535d9
-      ..f3aa09be
+      ..4d84448d
+      ..609f290b
+      ..606eb400
+      ..4911429b
+      ..23ff28ea
-      ..99f4bdb6
-      ..ad5a9395
+      ..9659ccb2
+      ..cc39854c
+      ..92494d27
+      ..05460567
-..09b7b7eb
-      ..cf8b1dee
-      ..2237dd60
-      ..a80b7002
-      ..8a843276
+      ..e5b5f45a
-      ..96697a95
+      ..facd2d70
-      ..d354e6c0
+      ..6ec63510
-      ..2e554dc9
+      ..a2924b16
-      ..752fbd62
+      ..fe6679ea
-      ..a361abf4
+      ..5fb10c49
-      ..6527cd99
-      ..21652c73
+      ..4a53f6c6
+	    T..e7a4c23e
+	     ..8b169cb0
+	     ..245e24b7
+..da00b49f
-      ..1175d359
+      ..f66df45f
-      ..b8fc9622
+      ..0f056150
-      ..d6458f1e
+      ..bb1102eb
-      ..004de835
+      ..54dd8dfc
-      ..37572526
+      ..23e6976b
-      ..69fc4915
+      ..52c9c168
-      ..0939435a
+      ..c61617bc
-      ..d0b14e73
+      ..9aae9056
-﻿usi..d07d4f32
-using ..b0979022
+﻿usi..fa831794
-      ..88bc8b1a
+      ..a801284a
-      ..4ef44470
+      ..c59bbb20
-      ..0f11c62c
+      ..a56b3776
-using ..76b35ad5
-using ..caf46320
-using ..2aa46461
-using ..d25bcba2
-using ..3aa45c86
-using ..c3183b26
-using ..625d3ba0
-using ..3fabe1c0
-using ..b250e71b
-using ..018d74fe
-using ..9b898e22
-using ..6d764834
-using ..eaa044c5
-using ..b5be4fe0
-using ..6a798803
-using ..17f070ab
-using ..d1d789f6
-      ..94513d50
-      ..82081f4c
-      ..8e8ad5e4
-      ..c9b617cf
-      ..e0130fc9
-      ..0fedf49b
-      ..245b12f1
-      ..29e27492
-      ..45472c70
-..09b7b7eb
-      ..e98cf071
-..09b7b7eb
-      ..14c46b87
-      ..33d1b447
-      ..cae90764
-      ..446beb6a
-      ..0fedf49b
-      ..0dfb37de
-      ..ef6d7088
-      ..a1d43628
-      ..69d1c983
-      ..2b285100
-      ..e3bc287c
-      ..9f7d11ba
-      ..f3724787
-..09b7b7eb
-      ..f531989a
-      ..eda2af2c
-      ..d374dc83
-      ..48d1c388
-      ..e4e0c10b
-      ..18f157da
-      ..2eec3ad6
-      ..ac6d8950
-      ..feaa21bc
-      ..2b285100
-      ..be2275e8
-      ..adaf82b5
-      ..7ce904c6
-      ..26776b29
-      ..37013264
-      ..e8feb413
-      ..26776b29
-      ..7686857d
-..09b7b7eb
-      ..f531989a
-      ..2cbf87a9
-      ..1c5d969c
-      ..ffb627c6
-      ..89568340
-      ..8df95c57
-      ..88db47a9
-      ..185b4a63
-      ..ac6d8950
-      ..b8ecec13
-      ..a34282fd
-      ..b9c98fd3
-..09b7b7eb
-      ..a18160b8
-      ..f3aa09be
+      ..0578119f
+      ..3382859f
+      ..acc9db11
+      ..9944e08e
+      ..5cdee75a
+      ..fa14462d
+      ..cc645cd6
+      ..5c666a8b
+      ..ae8b82ee
+      ..bed802fc
+      ..c756da11
+      ..9975267e
+      ..c756da11
+      ..d248c52e
+      ..df519358
+      ..7fa3a1b4
+      ..0df3bab4
+      ..cc645cd6
+      ..b0dc78c6
+      ..19fcd2cf
+      ..994bd6bc
+      ..41725273
+      ..bacd785e
+      ..abd3c2f9
+      ..bddfb662
+      ..e2e4867f
+      ..c756da11
+      ..0c2ca376
+      ..58d4b77e
+      ..ebe1c755
+      ..ac5c07cc
+      ..65012f90
+      ..1f242e58
+      ..0fc599fd
+      ..d01288a3
+      ..a3acbdaf
+      ..bacd785e
+      ..ae9d3d6a
+      ..85cef660
+      ..5d4ca865
+      ..c0eb6b2f
+      ..1dfec95c
+      ..379e7b6e
+      ..c0eb6b2f
+      ..9abef740
+      ..c756da11
+      ..0c2ca376
+      ..67de060c
+      ..0984bac4
+      ..004308eb
+      ..fa6d7157
+      ..7f0ba55f
+      ..c0eb6b2f
+      ..1d00c51e
+      ..d01288a3
+      ..4b868011
+      ..870df9f5
+      ..01e64ae5
+      ..c756da11
+      ..73ceb8bf
+      ..a8079203
-using ..2aa46461
-using ..9b7e53f8
-      ..6f1afbfe
+      ..d3b68ab4
-      ..0ba1137e
-      ..bd425a3c
+      ..27e03317
-      ..0ba1137e
-      ..be69fe37
+      ..5cd70164
-      ..0ba1137e
-      ..8474ace4
+      ..17e059f8
+..da00b49f
-      ..88ffdb62
+      ..bb312ec4
-      ..3fef1bef
-      ..82d2ab3a
-      ..015fe9f9
-      ..7479c822
-      ..ecb1ecac
+      ..3ebdf748
+      ..f0771ddf
+      ..19e62781
+      ..8148f612
+      ..b3c5344b
+      ..944f91b3
+      ..0deb5a41
+      ..cd2bc30a
-      ..3adbd8a4
+      ..3a997da4
-      ..5e566dcf
-      ..7366ab54
-      ..9f438cbf
+      ..55c43477
-      ..807d07cf
-      ..b9c98fd3
+      ..dd9f53d5
+      ..81bcdd98
+      ..1cd99e97
+      ..ac8ff3f3
+      ..109558f5
+      ..29eb8c69
-      ..a309c069
+      ..07c3a942
-      ..f52f1685
-      ..dba4f0ec
+      ..a2a6c5cc
+      ..34a1addb
+      ..c6d99494
-      ..c9490194
+      ..959fce90
-      ..3cd3eadb
+      ..ff44f6b4
-      ..98d64217
-      ..c0eb9e2b
+      ..fb2ba2a1
-      ..11d0dca1
-      ..37be6e6d
+      ..137d2c15
+      ..f242aa65
+      ..66b5112c
+      ..48661acb
+      ..4f659e8f
+      ..74448da8
-      ..339e4b39
+      ..a5f7dc4e
-      ..43389570
+      ..97ce944f
-      ..464680c6
+      ..846d8371
-      ..a9114bb8
+      ..90233e29
-      ..d12b4049
-      ..cdd3263f
-      ..72f0f302
+      ..0391acf5
+      ..227266d5
-	publi..b67cc9f7
-	{..81c9e4b6
-		SQLi..ec7d3d3b
-		SQLi..027f8235
-..09b7b7eb
-		publ..088ec37c
-			: t..89788ffd
-		{..8052f385
-		}..c3230d32
-..09b7b7eb
-		publ..ee7a2509
-		{..8052f385
-			_op..1e9c8d00
-			_co..b9b206b5
-		}..c3230d32
-..09b7b7eb
-		priv..14465ad1
-		{..8052f385
-			ret..d1209af0
-		}..c3230d32
-..09b7b7eb
-		publ..9cbce73b
-		{..8052f385
-			try..703e2a67
-			{..b30d3855
-				SQ..28877e63
-				SQ..c466bc25
-			}..1a231fbd
-			cat..7fd234cb
-			{..b30d3855
-				Ap..93967c84
-			}..1a231fbd
-		}..c3230d32
-..09b7b7eb
-		publ..51140f8a
-..09b7b7eb
-		publ..0f7d6644
-			whe..2d231f1d
-		{..8052f385
-			ret..bc8e62a1
-		}..c3230d32
-..09b7b7eb
-		publ..1fc86e66
-			whe..2d231f1d
-			whe..bc63c4b1
-		{..8052f385
-			ret..96bbefe3
-		}..c3230d32
-..09b7b7eb
-		publ..ef79195e
-			whe..2d231f1d
-			whe..bc63c4b1
-			whe..b1bb06bf
-		{..8052f385
-			ret..008edc12
-		}..c3230d32
-..09b7b7eb
-		publ..04c38a70
-			whe..2d231f1d
-			whe..bc63c4b1
-			whe..b1bb06bf
-			whe..2f4f2c18
-		{..8052f385
-			ret..a37b9c7d
-		}..c3230d32
-..09b7b7eb
-		publ..e9cfa80a
-			whe..2d231f1d
-			whe..bc63c4b1
-			whe..b1bb06bf
-			whe..2f4f2c18
-			whe..1044b693
-		{..8052f385
-			ret..bc760eef
-		}..c3230d32
-..09b7b7eb
-		publ..3b0f090e
-		{..8052f385
-			var..d12d5cf7
-			usi..190e19b0
-			{..b30d3855
-				if..84b6c939
-					r..a49fc728
-			}..1a231fbd
-			ret..4ddbe633
-			{..b30d3855
-				Cr..e62f772e
-				va..919b9c32
-				us..c0d37bb3
-				{..0c77d6d8
-					f..7901594f
-					{..c666e165
-						..35e569dd
-						..afcdd7a9
-						..3b30c14e
-						..3c079cd7
-						..572099bb
-					}..8b11947a
-				}..7e3477f7
-				re..c8fe43fa
-			});..0bbc704b
-		}..c3230d32
-..09b7b7eb
-		publ..a6b510fd
-			whe..2d231f1d
-		{..8052f385
-			ret..4ddbe633
-			{..b30d3855
-				va..919b9c32
-				us..c0d37bb3
-				{..0c77d6d8
-					r..e3649756
-				}..7e3477f7
-			});..0bbc704b
-		}..c3230d32
-..09b7b7eb
-		publ..78050170
-		{..8052f385
-			ret..09e95ff7
-		}..c3230d32
-..09b7b7eb
-		publ..a25a56a5
-		{..8052f385
-			ret..b48b2b06
-		}..c3230d32
-..09b7b7eb
-		publ..01c8068a
-		{..8052f385
-			ret..4ddbe633
-			{..b30d3855
-				va..919b9c32
-				us..c0d37bb3
-				{..0c77d6d8
-					r..6ff9d640
-				}..7e3477f7
-			});..0bbc704b
-		}..c3230d32
-..09b7b7eb
-		publ..71676cb7
-		{..8052f385
-			ret..4ddbe633
-			{..b30d3855
-				va..919b9c32
-				us..c0d37bb3
-				{..0c77d6d8
-					r..5c6e43a2
-				}..7e3477f7
-			});..0bbc704b
-		}..c3230d32
-..09b7b7eb
-		publ..bc2ead64
-		{..8052f385
-			ret..4ddbe633
-			{..b30d3855
-				va..919b9c32
-				us..c0d37bb3
-				{..0c77d6d8
-					r..7933d61c
-				}..7e3477f7
-			});..0bbc704b
-		}..c3230d32
-..09b7b7eb
-		publ..cd2840ca
-		{..8052f385
-			ret..4ddbe633
-			{..b30d3855
-				va..919b9c32
-				us..c0d37bb3
-				{..0c77d6d8
-					r..5a951bdf
-				}..7e3477f7
-			});..0bbc704b
-		}..c3230d32
-..09b7b7eb
-		publ..b6e18d06
-		{..8052f385
-			ret..4ddbe633
-			{..b30d3855
-				va..919b9c32
-				us..c0d37bb3
-				{..0c77d6d8
-					r..e41031a6
-				}..7e3477f7
-			});..0bbc704b
-		}..c3230d32
-..09b7b7eb
-		publ..767857cb
-		{..8052f385
-			ret..4ddbe633
-			{..b30d3855
-				va..919b9c32
-				us..c0d37bb3
-				{..0c77d6d8
-					r..bdc5caad
-				}..7e3477f7
-			});..0bbc704b
-		}..c3230d32
-..09b7b7eb
-		publ..fad027e8
-			whe..2d231f1d
-		{..8052f385
-			ret..4ddbe633
-			{..b30d3855
-				va..919b9c32
-				us..c0d37bb3
-				{..0c77d6d8
-					r..9649ec48
-				}..7e3477f7
-			});..0bbc704b
-		}..c3230d32
-..09b7b7eb
-		publ..b85462a1
-			whe..2d231f1d
-		{..8052f385
-			ret..4ddbe633
-			{..b30d3855
-				va..919b9c32
-				us..c0d37bb3
-				{..0c77d6d8
-					r..f0a89a99
-				}..7e3477f7
-			});..0bbc704b
-		}..c3230d32
-..09b7b7eb
-		publ..a04d2f75
-			whe..2d231f1d
-		{..8052f385
-			ret..4ddbe633
-			{..b30d3855
-				va..919b9c32
-				us..c0d37bb3
-				{..0c77d6d8
-					r..c18c3ac1
-				}..7e3477f7
-			});..0bbc704b
-		}..c3230d32
-..09b7b7eb
-		publ..cb0b825b
-			whe..2d231f1d
-		{..8052f385
-			ret..4ddbe633
-			{..b30d3855
-				va..919b9c32
-				us..c0d37bb3
-				{..0c77d6d8
-					r..62a90e91
-				}..7e3477f7
-			});..0bbc704b
-		}..c3230d32
-..09b7b7eb
-		publ..715dab45
-			whe..2d231f1d
-		{..8052f385
-			ret..4ddbe633
-			{..b30d3855
-				va..919b9c32
-				us..c0d37bb3
-				{..0c77d6d8
-					r..d37c25cf
-				}..7e3477f7
-			});..0bbc704b
-		}..c3230d32
-..09b7b7eb
-		publ..b5b184a3
-			whe..2d231f1d
-		{..8052f385
-			ret..7fd1de73
-		}..c3230d32
-..09b7b7eb
-		publ..7ddff7b0
-		{..8052f385
-			var..cecf19fb
-			if ..4c5baeab
-				qu..1727fa2b
-			if ..c3196811
-				qu..36357e7d
-			if ..15bbbb14
-				qu..be11e528
-			if ..63e9d3f8
-				qu..d50b8ef1
-			if ..94614db3
-				qu..70fa22f3
-			ret..f650e88c
-		}..c3230d32
-..09b7b7eb
-		publ..f8376067
-			whe..2d231f1d
-		{..8052f385
-			var..cecf19fb
-			if ..4c5baeab
-				qu..1727fa2b
-			ret..4b6ebb29
-		}..c3230d32
-..09b7b7eb
-		publ..950fb74a
-		{..8052f385
-			ret..7021b8f6
-			{..b30d3855
-				va..919b9c32
-				us..c0d37bb3
-				{..0c77d6d8
-					r..006996c1
-				}..7e3477f7
-			});..0bbc704b
-		}..c3230d32
-..09b7b7eb
-		publ..bb6bf856
-		{..8052f385
-			ret..4ddbe633
-			{..b30d3855
-				va..919b9c32
-				us..c0d37bb3
-				{..0c77d6d8
-					r..13b5988b
-				}..7e3477f7
-			});..0bbc704b
-		}..c3230d32
-..09b7b7eb
-		publ..e6153d0d
-		{..8052f385
-			ret..4ddbe633
-			{..b30d3855
-				va..919b9c32
-				us..c0d37bb3
-				{..0c77d6d8
-					r..b3f057dd
-				}..7e3477f7
-			});..0bbc704b
-		}..c3230d32
-..09b7b7eb
-		publ..d7230b99
-		{..8052f385
-			ret..4ddbe633
-			{..b30d3855
-				va..919b9c32
-				us..c0d37bb3
-				{..0c77d6d8
-					r..8ee92d22
-				}..7e3477f7
-			});..0bbc704b
-		}..c3230d32
-..09b7b7eb
-..09b7b7eb
-		priv..7e48b0ad
-		{..8052f385
-			ret..3ea18e32
-			{..b30d3855
-				tr..a8768e34
-				{..0c77d6d8
-					a..80540aa4
-				}..7e3477f7
-				ca..ab135b3a
-				{..0c77d6d8
-					I..12ded2f3
-					t..7169ecab
-				}..7e3477f7
-			});..0bbc704b
-		}..c3230d32
-..09b7b7eb
-		priv..fde980cb
-		{..8052f385
-			ret..3ea18e32
-			{..b30d3855
-				tr..a8768e34
-				{..0c77d6d8
-					r..c612a31e
-				}..7e3477f7
-				ca..ab135b3a
-				{..0c77d6d8
-					I..12ded2f3
-					t..7169ecab
-				}..7e3477f7
-			});..0bbc704b
-		}..c3230d32
-..09b7b7eb
-		priv..9935d214
-		{..8052f385
-			SQL..8d7a0dc8
-		}..c3230d32
-..09b7b7eb
-		[Obs..f26ea8a5
-		publ..0b704407
-		{..8052f385
-			ret..4ddbe633
-			{..b30d3855
-				va..620235c3
-				us..c0d37bb3
-				{..0c77d6d8
-					c..5b384738
-					t..1839af5c
-					{..c666e165
-						..17b9d073
-						..2e43a022
-					}..8b11947a
-					c..adb80031
-					{..c666e165
-						..d7f5dfb4
-						..7c9d78ba
-					}..8b11947a
-				}..7e3477f7
-			});..0bbc704b
-		}..c3230d32
-..09b7b7eb
-		publ..2091b7dc
-		{..8052f385
-			ret..4ddbe633
-			{..b30d3855
-				va..620235c3
-				us..c0d37bb3
-				{..0c77d6d8
-					c..5b384738
-					t..1839af5c
-					{..c666e165
-						..8fdbd2f1
-						..2e43a022
-					}..8b11947a
-					c..adb80031
-					{..c666e165
-						..d7f5dfb4
-						..7c9d78ba
-					}..8b11947a
-				}..7e3477f7
-			});..0bbc704b
-		}..c3230d32
-..09b7b7eb
-		publ..86ffdae9
-			whe..2d231f1d
-		{..8052f385
-			//..e54286c7
-			// ..cf01c23c
-			// ..59496023
-			//..e54286c7
-			var..874abc8f
-			ret..58ab8447
-		}..c3230d32
-..09b7b7eb
-		publ..aabb5f3a
-		{..8052f385
-			ret..580419e5
-			{..b30d3855
-				va..919b9c32
-				us..c0d37bb3
-				{..0c77d6d8
-					v..4ee1b6ca
-					r..bdff487d
-				}..7e3477f7
-			});..0bbc704b
-		}..c3230d32
-..09b7b7eb
-		publ..89aa0d93
-			whe..2d231f1d
-		{..8052f385
-			ret..8601327d
-			{..b30d3855
-				va..919b9c32
-				us..c0d37bb3
-				{..0c77d6d8
-					r..6b302859
-				}..7e3477f7
-			});..0bbc704b
-		}..c3230d32
-	}..06ea5d6d
-..09b7b7eb
-	//..3b16d35a
-	// ex..cf731ab2
-	//..3b16d35a
-	publi..1d3ba129
-		wher..f6f73e15
-	{..81c9e4b6
-		Tabl..edc7b94e
-..09b7b7eb
-		publ..1d8526fd
-		{..8052f385
-			_in..047c1082
-		}..c3230d32
-..09b7b7eb
-		publ..4df82e53
-		{..8052f385
-			ret..5994e4ef
-		}..c3230d32
-..09b7b7eb
-		publ..4e69dec9
-		{..8052f385
-			ret..2010af52
-		}..c3230d32
-..09b7b7eb
-		publ..110f55a1
-		{..8052f385
-			ret..0904796c
-		}..c3230d32
-..09b7b7eb
-		publ..9f1a8092
-		{..8052f385
-			ret..c3946e00
-		}..c3230d32
-..09b7b7eb
-		publ..37e6ecf4
-		{..8052f385
-			ret..aeabf370
-		}..c3230d32
-..09b7b7eb
-		publ..d05c6da9
-		{..8052f385
-			ret..dd00c6a9
-		}..c3230d32
-..09b7b7eb
-		publ..8ffcffef
-		{..8052f385
-			ret..3ea18e32
-			{..b30d3855
-				us..b25b281b
-				{..0c77d6d8
-					r..f5f8b5b6
-				}..7e3477f7
-			});..0bbc704b
-		}..c3230d32
-..09b7b7eb
-		publ..c47b584a
-		{..8052f385
-			ret..3ea18e32
-			{..b30d3855
-				us..b25b281b
-				{..0c77d6d8
-					r..c441a0a7
-				}..7e3477f7
-			});..0bbc704b
-		}..c3230d32
-..09b7b7eb
-		publ..bbb990bd
-		{..8052f385
-			ret..3ea18e32
-			{..b30d3855
-				us..b25b281b
-				{..0c77d6d8
-					r..aa7e42cb
-				}..7e3477f7
-			});..0bbc704b
-		}..c3230d32
-..09b7b7eb
-		publ..9dfc4781
-		{..8052f385
-			ret..580419e5
-			{..b30d3855
-				us..b25b281b
-				{..0c77d6d8
-					r..4729a508
-				}..7e3477f7
-			});..0bbc704b
-		}..c3230d32
-..09b7b7eb
-		publ..3c5faee5
-		{..8052f385
-			ret..580419e5
-			{..b30d3855
-				us..b25b281b
-				{..0c77d6d8
-					r..ea98bc4a
-				}..7e3477f7
-			});..0bbc704b
-		}..c3230d32
-	}..06ea5d6d
-..09b7b7eb
-	publi..4edb540d
-	{..81c9e4b6
-		publ..72629348
-..09b7b7eb
-		inte..73358c5a
-		{..8052f385
-			thi..15e607f1
-		}..c3230d32
-	}..06ea5d6d
-..09b7b7eb
-	class..8a1a7563
-	{..81c9e4b6
-		clas..d1b3b754
-		{..8052f385
-			pub..df11d4b3
-			pub..3721874e
-..09b7b7eb
-			pub..2b12c574
-			{..b30d3855
-				Co..86b15ca8
-				Co..50658530
-			}..1a231fbd
-..09b7b7eb
-			pub..63967488
-			{..b30d3855
-				Co..0043e861
-				Co..c8f2fe69
-			}..1a231fbd
-		}..c3230d32
-..09b7b7eb
-		read..177fb0fe
-		read..4c9be8f5
-..09b7b7eb
-		stat..0e48132f
-..09b7b7eb
-		/// ..4240dbaf
-		/// ..b8be40f0
-		/// ..a4e721c8
-		publ..63fb047e
-		{..8052f385
-			get..e33780a9
-			{..b30d3855
-				re..8e0a3b79
-			}..1a231fbd
-		}..c3230d32
-..09b7b7eb
-		publ..59c3a18a
-		{..8052f385
-			loc..042850a9
-			{..b30d3855
-				En..7f9a4051
-				st..dc568667
-..09b7b7eb
-				if..d8f12fb1
-				{..0c77d6d8
-					e..258a220e
-					_..ee6c2d41
-				}..7e3477f7
-..09b7b7eb
-				re..5d402c9f
-			}..1a231fbd
-		}..c3230d32
-..09b7b7eb
-		publ..3d2bee13
-		{..8052f385
-			str..60a5b24f
-			Ent..dd12dba9
-			loc..042850a9
-			{..b30d3855
-				if..ad0c3e49
-					r..918a1b79
-				_e..52f493fa
-			}..1a231fbd
-			val..48ee4d95
-		}..c3230d32
-..09b7b7eb
-		/// ..4240dbaf
-		/// ..988f1281
-		/// ..a4e721c8
-		publ..8f6ba88f
-		{..8052f385
-			loc..042850a9
-			{..b30d3855
-				fo..f7c59391
-				{..0c77d6d8
-					e..02c026be
-				}..7e3477f7
-				_e..f70d4a99
-			}..1a231fbd
-		}..c3230d32
-..09b7b7eb
-		/// ..4240dbaf
-		/// ..fe720f29
-		/// ..a4e721c8
-		/// ..473b48cb
-		publ..257575a4
-		{..8052f385
-			Res..37793474
-		}..c3230d32
-	}..06ea5d6d
-..09b7b7eb
-	class..339a5452
-	{..81c9e4b6
-		read..a88d13b9
-..09b7b7eb
-		publ..573229bc
-..09b7b7eb
-		publ..d2d2f1e4
-			: b..56fad936
-		{..8052f385
-			Cre..ffea81d7
-		}..c3230d32
-..09b7b7eb
-		publ..3a369194
-		{..8052f385
-			ret..f6a774c1
-		}..c3230d32
-..09b7b7eb
-		publ..eb09653d
-		{..8052f385
-			rea..7ce985fa
-..09b7b7eb
-			pub..59e676eb
-			{..b30d3855
-				_l..048f7861
-				Mo..cc937f1c
-			}..1a231fbd
-..09b7b7eb
-			pub..16bbfa1b
-			{..b30d3855
-				Mo..b71471c6
-			}..1a231fbd
-		}..c3230d32
-	}..06ea5d6d
+    pu..536791c5
+    {..8d9de1cb
+      ..4e31c04f
+      ..215f1c31
+..da00b49f
+      ..f4780ac2
+      ..4d810e69
+      ..1c2b806b
+      ..5eef9f0b
+..da00b49f
+      ..f66008d4
+      ..1c2b806b
+      ..e1d4fdc5
+      ..03cc43d0
+      ..5eef9f0b
+..da00b49f
+      ..08c69aef
+      ..1c2b806b
+      ..2f21e3b1
+      ..5eef9f0b
+..da00b49f
+      ..319512e2
+      ..1c2b806b
+      ..f728afb6
+      ..f0771ddf
+      ..83fda3ac
+      ..adbd8565
+      ..0b4755ca
+      ..b1fdfe89
+      ..f0771ddf
+      ..624445ed
+      ..0b4755ca
+      ..5eef9f0b
+..da00b49f
+      ..a9c2eef9
+..da00b49f
+      ..c9feed8b
+      ..73176ccd
+      ..1c2b806b
+      ..59fdb4ab
+      ..5eef9f0b
+..da00b49f
+      ..4e2f0da2
+      ..73176ccd
+      ..31d2c292
+      ..1c2b806b
+      ..ff97fe98
+      ..5eef9f0b
+..da00b49f
+      ..ea42fe90
+      ..73176ccd
+      ..31d2c292
+      ..3ea447c1
+      ..1c2b806b
+      ..b26f63b4
+      ..5eef9f0b
+..da00b49f
+      ..055393dd
+      ..73176ccd
+      ..31d2c292
+      ..3ea447c1
+      ..79102e27
+      ..1c2b806b
+      ..b438a7c5
+      ..5eef9f0b
+..da00b49f
+      ..bfbacb73
+      ..73176ccd
+      ..31d2c292
+      ..3ea447c1
+      ..79102e27
+      ..decd7bc9
+      ..1c2b806b
+      ..8c4397f4
+      ..5eef9f0b
+..da00b49f
+      ..b623dce1
+      ..1c2b806b
+      ..d4d8c3ed
+      ..09be8076
+      ..f0771ddf
+      ..bf873500
+      ..dcaf8a8e
+      ..0b4755ca
+      ..0aa42e15
+      ..f0771ddf
+      ..9c4b5662
+      ..7f121246
+      ..bf263d8b
+      ..313d7ea1
+      ..548c5aa4
+      ..ac8ff3f3
+      ..6a2cf52f
+      ..d3812089
+      ..49886f9b
+      ..7b8cb3d6
+      ..38c64eb0
+      ..29eb8c69
+      ..0d6fca67
+      ..50977590
+      ..cd2bc30a
+      ..5eef9f0b
+..da00b49f
+      ..b94e6279
+      ..73176ccd
+      ..1c2b806b
+      ..0aa42e15
+      ..f0771ddf
+      ..7f121246
+      ..bf263d8b
+      ..313d7ea1
+      ..057ff872
+      ..0d6fca67
+      ..cd2bc30a
+      ..5eef9f0b
+..da00b49f
+      ..5900f23c
+      ..1c2b806b
+      ..0fbc48e9
+      ..5eef9f0b
+..da00b49f
+      ..69ba65a0
+      ..1c2b806b
+      ..cdf45bf6
+      ..5eef9f0b
+..da00b49f
+      ..fe87a9c5
+      ..1c2b806b
+      ..18675e6a
+      ..5eef9f0b
+..da00b49f
+      ..baceb3b5
+      ..1c2b806b
+      ..0aa42e15
+      ..f0771ddf
+      ..7f121246
+      ..bf263d8b
+      ..313d7ea1
+      ..f9afe7d2
+      ..0d6fca67
+      ..cd2bc30a
+      ..5eef9f0b
+..da00b49f
+      ..2bb6dc5d
+      ..1c2b806b
+      ..0aa42e15
+      ..f0771ddf
+      ..7f121246
+      ..bf263d8b
+      ..313d7ea1
+      ..a9ae51ad
+      ..0d6fca67
+      ..cd2bc30a
+      ..5eef9f0b
+..da00b49f
+      ..d3cab127
+      ..1c2b806b
+      ..0aa42e15
+      ..f0771ddf
+      ..7f121246
+      ..bf263d8b
+      ..313d7ea1
+      ..8793666e
+      ..0d6fca67
+      ..cd2bc30a
+      ..5eef9f0b
+..da00b49f
+      ..90e94476
+      ..1c2b806b
+      ..0aa42e15
+      ..f0771ddf
+      ..7f121246
+      ..bf263d8b
+      ..313d7ea1
+      ..e020381f
+      ..0d6fca67
+      ..cd2bc30a
+      ..5eef9f0b
+..da00b49f
+      ..38b75690
+      ..1c2b806b
+      ..0aa42e15
+      ..f0771ddf
+      ..7f121246
+      ..bf263d8b
+      ..313d7ea1
+      ..17c588bd
+      ..0d6fca67
+      ..cd2bc30a
+      ..5eef9f0b
+..da00b49f
+      ..3e46d688
+      ..1c2b806b
+      ..0aa42e15
+      ..f0771ddf
+      ..7f121246
+      ..bf263d8b
+      ..313d7ea1
+      ..fed3a7f1
+      ..0d6fca67
+      ..cd2bc30a
+      ..5eef9f0b
+..da00b49f
+      ..6aa64628
+      ..73176ccd
+      ..1c2b806b
+      ..0aa42e15
+      ..f0771ddf
+      ..7f121246
+      ..bf263d8b
+      ..313d7ea1
+      ..4a4b315c
+      ..0d6fca67
+      ..cd2bc30a
+      ..5eef9f0b
+..da00b49f
+      ..bfeb5d1d
+      ..73176ccd
+      ..1c2b806b
+      ..0aa42e15
+      ..f0771ddf
+      ..7f121246
+      ..bf263d8b
+      ..313d7ea1
+      ..eae21c0b
+      ..0d6fca67
+      ..cd2bc30a
+      ..5eef9f0b
+..da00b49f
+      ..4cfeb28d
+      ..73176ccd
+      ..1c2b806b
+      ..0aa42e15
+      ..f0771ddf
+      ..7f121246
+      ..bf263d8b
+      ..313d7ea1
+      ..1e0bbe67
+      ..0d6fca67
+      ..cd2bc30a
+      ..5eef9f0b
+..da00b49f
+      ..76c2227b
+      ..73176ccd
+      ..1c2b806b
+      ..0aa42e15
+      ..f0771ddf
+      ..7f121246
+      ..bf263d8b
+      ..313d7ea1
+      ..c14a759c
+      ..0d6fca67
+      ..cd2bc30a
+      ..5eef9f0b
+..da00b49f
+      ..00f43d54
+      ..73176ccd
+      ..1c2b806b
+      ..0aa42e15
+      ..f0771ddf
+      ..7f121246
+      ..bf263d8b
+      ..313d7ea1
+      ..fb31eb55
+      ..0d6fca67
+      ..cd2bc30a
+      ..5eef9f0b
+..da00b49f
+      ..fdacc055
+      ..73176ccd
+      ..1c2b806b
+      ..cc2a5598
+      ..5eef9f0b
+..da00b49f
+      ..ad2eae78
+      ..1c2b806b
+      ..d2a33ccc
+      ..b65350b8
+      ..66e82269
+      ..8b8a4a9c
+      ..e3ed2211
+      ..66d85eb7
+      ..f698b096
+      ..f3f2aa8a
+      ..c9805124
+      ..2dae4d9c
+      ..af38fec6
+      ..e3effb90
+      ..5eef9f0b
+..da00b49f
+      ..5a78df07
+      ..73176ccd
+      ..1c2b806b
+      ..d2a33ccc
+      ..b65350b8
+      ..66e82269
+      ..e56f5834
+      ..5eef9f0b
+..da00b49f
+      ..3621f030
+      ..1c2b806b
+      ..dbbd1455
+      ..f0771ddf
+      ..7f121246
+      ..bf263d8b
+      ..313d7ea1
+      ..8179e1df
+      ..0d6fca67
+      ..cd2bc30a
+      ..5eef9f0b
+..da00b49f
+      ..17565530
+      ..1c2b806b
+      ..0aa42e15
+      ..f0771ddf
+      ..7f121246
+      ..bf263d8b
+      ..313d7ea1
+      ..375f5af2
+      ..0d6fca67
+      ..cd2bc30a
+      ..5eef9f0b
+..da00b49f
+      ..b069e44a
+      ..1c2b806b
+      ..0aa42e15
+      ..f0771ddf
+      ..7f121246
+      ..bf263d8b
+      ..313d7ea1
+      ..4142a4fb
+      ..0d6fca67
+      ..cd2bc30a
+      ..5eef9f0b
+..da00b49f
+      ..cb457585
+      ..1c2b806b
+      ..0aa42e15
+      ..f0771ddf
+      ..7f121246
+      ..bf263d8b
+      ..313d7ea1
+      ..052156a2
+      ..0d6fca67
+      ..cd2bc30a
+      ..5eef9f0b
+..da00b49f
+..da00b49f
+      ..32271c30
+      ..1c2b806b
+      ..3ebdf748
+      ..f0771ddf
+      ..cca846a7
+      ..313d7ea1
+      ..15cc53cf
+      ..0d6fca67
+      ..74ec517b
+      ..313d7ea1
+      ..acd347e6
+      ..2aa20569
+      ..0d6fca67
+      ..cd2bc30a
+      ..5eef9f0b
+..da00b49f
+      ..59100945
+      ..1c2b806b
+      ..3ebdf748
+      ..f0771ddf
+      ..cca846a7
+      ..313d7ea1
+      ..bfa5d799
+      ..0d6fca67
+      ..74ec517b
+      ..313d7ea1
+      ..acd347e6
+      ..2aa20569
+      ..0d6fca67
+      ..cd2bc30a
+      ..5eef9f0b
+..da00b49f
+      ..6a601bd7
+      ..1c2b806b
+      ..b8140145
+      ..5eef9f0b
+..da00b49f
+      ..bce48041
+      ..b7fad66e
+      ..1c2b806b
+      ..0aa42e15
+      ..f0771ddf
+      ..489b1347
+      ..bf263d8b
+      ..313d7ea1
+      ..0b6d7864
+      ..d77df153
+      ..ac8ff3f3
+      ..ef710035
+      ..b0ae80b9
+      ..29eb8c69
+      ..e3f32a05
+      ..ac8ff3f3
+      ..ea1d5916
+      ..4b7bebff
+      ..29eb8c69
+      ..0d6fca67
+      ..cd2bc30a
+      ..5eef9f0b
+..da00b49f
+      ..b09cf04a
+      ..1c2b806b
+      ..0aa42e15
+      ..f0771ddf
+      ..489b1347
+      ..bf263d8b
+      ..313d7ea1
+      ..0b6d7864
+      ..d77df153
+      ..ac8ff3f3
+      ..3e7bf737
+      ..b0ae80b9
+      ..29eb8c69
+      ..e3f32a05
+      ..ac8ff3f3
+      ..ea1d5916
+      ..4b7bebff
+      ..29eb8c69
+      ..0d6fca67
+      ..cd2bc30a
+      ..5eef9f0b
+..da00b49f
+      ..237a1030
+      ..73176ccd
+      ..1c2b806b
+      ..c756da11
+      ..b1640b36
+      ..7048bda6
+      ..c756da11
+      ..b357e8f1
+      ..c85fa0fa
+      ..5eef9f0b
+..da00b49f
+      ..b1c1ffaf
+      ..1c2b806b
+      ..4a40938a
+      ..f0771ddf
+      ..7f121246
+      ..bf263d8b
+      ..313d7ea1
+      ..e2d93f7f
+      ..a08f11ab
+      ..0d6fca67
+      ..cd2bc30a
+      ..5eef9f0b
+..da00b49f
+      ..170bd5cb
+      ..73176ccd
+      ..1c2b806b
+      ..ee366920
+      ..f0771ddf
+      ..7f121246
+      ..bf263d8b
+      ..313d7ea1
+      ..e6438af3
+      ..0d6fca67
+      ..cd2bc30a
+      ..5eef9f0b
+    }..fc2b10f8
+..da00b49f
+    //..cf680da5
+    //..aae97e70
+    //..cf680da5
+    pu..d695a256
+      ..d700ffd0
+    {..8d9de1cb
+      ..7c23615f
+..da00b49f
+      ..6baa7990
+      ..1c2b806b
+      ..02f5228c
+      ..5eef9f0b
+..da00b49f
+      ..9c661faf
+      ..1c2b806b
+      ..07317ea5
+      ..5eef9f0b
+..da00b49f
+      ..a099aa93
+      ..1c2b806b
+      ..6579adad
+      ..5eef9f0b
+..da00b49f
+      ..e520d11d
+      ..1c2b806b
+      ..01d6b90f
+      ..5eef9f0b
+..da00b49f
+      ..cc7b20d3
+      ..1c2b806b
+      ..a5943b2e
+      ..5eef9f0b
+..da00b49f
+      ..efd6c19f
+      ..1c2b806b
+      ..0de4bf55
+      ..5eef9f0b
+..da00b49f
+      ..c7f5bdc0
+      ..1c2b806b
+      ..d68c32d0
+      ..5eef9f0b
+..da00b49f
+      ..2182c233
+      ..1c2b806b
+      ..3ebdf748
+      ..f0771ddf
+      ..d4c053f1
+      ..313d7ea1
+      ..2837b1fd
+      ..0d6fca67
+      ..cd2bc30a
+      ..5eef9f0b
+..da00b49f
+      ..be68b81c
+      ..1c2b806b
+      ..3ebdf748
+      ..f0771ddf
+      ..d4c053f1
+      ..313d7ea1
+      ..f555e16c
+      ..0d6fca67
+      ..cd2bc30a
+      ..5eef9f0b
+..da00b49f
+      ..30f9d2d7
+      ..1c2b806b
+      ..3ebdf748
+      ..f0771ddf
+      ..d4c053f1
+      ..313d7ea1
+      ..8ae25f2a
+      ..0d6fca67
+      ..cd2bc30a
+      ..5eef9f0b
+..da00b49f
+      ..d95e5362
+      ..1c2b806b
+      ..4a40938a
+      ..f0771ddf
+      ..d4c053f1
+      ..313d7ea1
+      ..164b0a28
+      ..0d6fca67
+      ..cd2bc30a
+      ..5eef9f0b
+..da00b49f
+      ..48d6f98f
+      ..1c2b806b
+      ..4a40938a
+      ..f0771ddf
+      ..d4c053f1
+      ..313d7ea1
+      ..005e6e04
+      ..0d6fca67
+      ..cd2bc30a
+      ..5eef9f0b
+    }..fc2b10f8
+..da00b49f
+    pu..e2d3b6b1
+    {..8d9de1cb
+      ..76de9012
+..da00b49f
+      ..b409efd9
+      ..1c2b806b
+      ..1c8148c7
+      ..5eef9f0b
+    }..fc2b10f8
+..da00b49f
+    cl..0a08816f
+    {..8d9de1cb
+      ..de614147
+      ..1c2b806b
+      ..1bae6257
+      ..c91ce285
+..da00b49f
+      ..6a7a5bd2
+      ..f0771ddf
+      ..3f74a01a
+      ..0a90b58a
+      ..0b4755ca
+..da00b49f
+      ..367f7d6a
+      ..f0771ddf
+      ..1acf7e6a
+      ..f27d2aaf
+      ..0b4755ca
+      ..5eef9f0b
+..da00b49f
+      ..6f8cb319
+      ..573f5592
+..da00b49f
+      ..508db237
+..da00b49f
+      ..f94d6672
+      ..2104431a
+      ..f6d426dc
+      ..88a62cab
+      ..1c2b806b
+      ..96c1341a
+      ..f0771ddf
+      ..ae495648
+      ..0b4755ca
+      ..5eef9f0b
+..da00b49f
+      ..7c1cfa76
+      ..1c2b806b
+      ..ebf35180
+      ..f0771ddf
+      ..e8d6e5a4
+      ..ebe5dd3f
+..da00b49f
+      ..88d5dacb
+      ..313d7ea1
+      ..a535a95a
+      ..7d77ad2a
+      ..0d6fca67
+..da00b49f
+      ..ece4c4c5
+      ..0b4755ca
+      ..5eef9f0b
+..da00b49f
+      ..c90f4374
+      ..1c2b806b
+      ..e4ed45be
+      ..61229669
+      ..ebf35180
+      ..f0771ddf
+      ..62fe1102
+      ..8b2fd12c
+      ..aa001957
+      ..0b4755ca
+      ..71eda0d7
+      ..5eef9f0b
+..da00b49f
+      ..f94d6672
+      ..a4e5f3d2
+      ..f6d426dc
+      ..c3144098
+      ..1c2b806b
+      ..ebf35180
+      ..f0771ddf
+      ..3126c87c
+      ..313d7ea1
+      ..a2bc1d16
+      ..0d6fca67
+      ..ba0401f9
+      ..0b4755ca
+      ..5eef9f0b
+..da00b49f
+      ..f94d6672
+      ..7dd6db89
+      ..f6d426dc
+      ..b23af60e
+      ..082e916d
+      ..1c2b806b
+      ..2b6d88b9
+      ..5eef9f0b
+    }..fc2b10f8
+..da00b49f
+    cl..5af33e75
+    {..8d9de1cb
+      ..ec6f7540
+..da00b49f
+      ..0b832f00
+..da00b49f
+      ..dcb1a14c
+      ..a9c81d87
+      ..1c2b806b
+      ..b494f34a
+      ..5eef9f0b
+..da00b49f
+      ..2d659b34
+      ..1c2b806b
+      ..15d3d2a5
+      ..5eef9f0b
+..da00b49f
+      ..2db8b67d
+      ..1c2b806b
+      ..d98cbbcc
+..da00b49f
+      ..d5276bad
+      ..f0771ddf
+      ..f21721da
+      ..d4239553
+      ..0b4755ca
+..da00b49f
+      ..a382f98f
+      ..f0771ddf
+      ..9157c252
+      ..0b4755ca
+      ..5eef9f0b
+    }..fc2b10f8
-using ..9b7e53f8
-      ..5cd4bd18
+      ..64184399
-      ..32a40fd5
+      ..91f7be79
-      ..0aa2aadb
+      ..4e5375b9
-      ..b0aa47b6
+      ..9bf6df4d
+#if DE..6eba5864
+#endif..d7f04e21
-      ..a7c19558
-      ..82e9d57f
-      ..ef6d7088
-      ..682baf74
-      ..b9c98fd3
-..09b7b7eb
+      ..bde1aa29
-using ..d1d789f6
-      ..e62b1211
-      ..9fba2e89
-      ..257d71cf
-      ..0fedf49b
-      ..d10ab1a1
-      ..46ef7a53
-      ..7fe4937c
-..09b7b7eb
+      ..e5085816
+using ..3b0edaf4
-      ..5878c25a
+      ..6628f4d2
+using ..3b0edaf4
-      ..e9a8bd5c
+      ..27c94cd9
+#ifnde..6452108d
+#defin..d2116bff
+#inclu..aea53d7d
+	pthre..956988b8
+	pthre..55163b5d
-	unsig..9c597196
+	void ..2ce83af0
+..da00b49f
+	void ..0c3ecf5c
+..da00b49f
+	void ..10f9401b
+..da00b49f
+	void ..3ae563c1
+..da00b49f
+	void ..e856a7c1
+#endif..bdb3f3e0
-#inclu..39c7135b
-static..89363343
+static..7627644d
-	if (c..6b948724
+	if (c..79b19d7d
+	{..6c1fb8d5
-	if (c..d7105bda
+	if (c..204b5212
+	{..6c1fb8d5
-	if (c..0e359f41
+	if (c..299b4e25
+	{..6c1fb8d5
-	if (c..a887c918
+	if (c..fc78d8c6
+	{..6c1fb8d5
-Secure..a4831837
-	AES_K..ab99c920
-	AES_I..c6363be7
+Secure..ac60566c
+{..d12683ed
+	init(..6aec84fd
-Secure..c2ed9652
-	AES_K..ab99c920
-	AES_I..c6363be7
-	_leng..3b2dc2cd
-	_encr..4b952a25
+Secure..45a14654
+{..d12683ed
+	init(..a2d34fb7
-	_size..af5c07f1
-	if (_..160ec95e
+	if (l..8f1e29e5
-Secure..55b94b7d
-	AES_K..ab99c920
-	AES_I..c6363be7
-	_data..6502bc4b
-	_leng..3b2dc2cd
-	_size..c14783a4
-	_encr..4b952a25
-	_manu..a5c5e8d6
-	encry..da8ea066
+Secure..4f3d9499
+{..d12683ed
+	init(..2a23e330
+	encry..1479dfe3
-size_t..0e9e612e
-	retur..ac63cff0
+size_t..3dd25195
+{..d12683ed
+	lock(..6f37388b
+	const..a2fca3e8
+	unloc..68f87ebd
+	retur..f20b7dc6
-bool S..e07d3eec
+bool S..727c7df6
+{..d12683ed
+	lock(..6f37388b
+	{..6c1fb8d5
+		unlo..f71d4bd3
-	decry..88b733df
+	}..31c54c77
+..da00b49f
+	decry..9d1f2534
-		encr..5f06e5b7
+		encr..99783968
+	unloc..68f87ebd
+..da00b49f
-unsign..5f4a9fa4
+unsign..6593cd21
+{..d12683ed
+	lock(..6f37388b
+	{..6c1fb8d5
+		unlo..f71d4bd3
+	}..31c54c77
-	unsig..a4397852
-	decry..88b733df
-	r = _..0f46ac62
+	decry..9d1f2534
+	const..64e79886
-		encr..5f06e5b7
+		encr..99783968
+	unloc..68f87ebd
-bool S..0bdf5642
-	decry..88b733df
-	size_..c04eab26
+bool S..36dbc710
+{..d12683ed
+	lock(..6f37388b
+	const..deb8cc95
+..da00b49f
+	decry..9d1f2534
-		encr..5f06e5b7
+		encr..99783968
+	unloc..68f87ebd
-size_t..fd286329
+size_t..43410a3f
+{..d12683ed
+	lock(..6f37388b
+	{..6c1fb8d5
+		unlo..f71d4bd3
-	size_..8ed5f30b
+	}..31c54c77
+..da00b49f
+	const..237f74ff
-	decry..88b733df
-	uint1..4272649f
+..da00b49f
+	decry..9d1f2534
+..da00b49f
+	uint1..00d46cf7
-	encry..da8ea066
+	encry..1479dfe3
+	unloc..68f87ebd
-char *..46c45c8a
+char* ..4dbf8466
+{..d12683ed
+	lock(..6f37388b
+	{..6c1fb8d5
+		unlo..f71d4bd3
-..09b7b7eb
-	size_..8ed5f30b
+	}..31c54c77
+..da00b49f
+	const..237f74ff
-	decry..88b733df
-	uint1..4272649f
+	decry..9d1f2534
+..da00b49f
+	uint1..00d46cf7
-	char ..be689283
+	char*..67eb5a83
-	encry..da8ea066
+	encry..1479dfe3
+	unloc..68f87ebd
-size_t..ef97fc7c
+size_t..8d031234
+{..d12683ed
+	lock(..6f37388b
+	{..6c1fb8d5
+		unlo..f71d4bd3
-..09b7b7eb
-	size_..8ed5f30b
+	}..31c54c77
+..da00b49f
+	const..237f74ff
-	decry..88b733df
-	uint1..4272649f
+	decry..9d1f2534
+..da00b49f
+	uint1..00d46cf7
-	encry..da8ea066
+	encry..1479dfe3
+	unloc..68f87ebd
-void S..6b23f20c
-	_manu..a5c5e8d6
+void S..f6587e68
+{..d12683ed
+	encry..1479dfe3
+	unloc..68f87ebd
+}..39672fc2
+..da00b49f
+void S..5a7a144b
+{..d12683ed
+	lock(..6f37388b
+	decry..9d1f2534
+}..39672fc2
+..da00b49f
+Secure..92db6cea
+{..d12683ed
+	lock(..6f37388b
+	Secur..25178fce
+	array..0b425c2a
+	array..a428c58c
+	array..df49dbc4
+	array..e4a765cf
+	unsig..2daad9b3
+	memcp..8ccd1c73
+	array..6fe8eb1d
+..da00b49f
+	{..6c1fb8d5
+		WORD..896313e9
+		memc..397ad2ff
+		arra..75453cfc
+..da00b49f
+		unsi..319f670e
+		memc..4f50d933
+		arra..e91398d2
+	}..31c54c77
+	unloc..68f87ebd
+	retur..85250065
+}..39672fc2
+..da00b49f
+Secure..9597c7d4
+{..d12683ed
+	pthre..bf55d8cc
+	pthre..6baf8f20
+	wally..1d522cea
+	wally..83ef933f
+	_leng..b4df28cc
+	_size..24b62560
+	_encr..2fca9869
+	if (A..95151e87
+	{..6c1fb8d5
+		wall..2fe69f74
+		wall..8d9d6d2b
+	}..31c54c77
+	if (A..67985862
+	{..6c1fb8d5
+		wall..173f2a84
+		wall..b38c16d1
+	}..31c54c77
+}..39672fc2
+..da00b49f
+void S..3be49341
+{..d12683ed
+	AES_K..06e3541f
+	AES_I..d1fd846a
+	_data..20c37005
+	_leng..554a58ce
+	_size..4ba25dff
+	_encr..2fca9869
+	_manu..4b6d5859
+	pthre..8a3e6385
+	pthre..9a66fe43
+	pthre..e622f68a
+}..39672fc2
+..da00b49f
+void S..891d23ec
+{..d12683ed
+	pthre..a58cd1c9
+}..39672fc2
+..da00b49f
+void S..2406ff78
+{..d12683ed
+	pthre..b8f7eaee
+}..39672fc2
+..da00b49f
+void S..dbf12366
+{..d12683ed
+	size_..838f74ff
+	if (r..b48cc73b
+	{..6c1fb8d5
+		if (..b529f086
+			ret..e2f41502
+		size..9443e3c8
+	}..31c54c77
+	else..810daf6d
+	{..6c1fb8d5
+		size..e27dfe08
+	}..31c54c77
+..da00b49f
+	if (r..577d89f7
-	if (_..0e0535f6
+	if (r..b48cc73b
+	{..6c1fb8d5
+		unsi..a6ccbf8e
+		memc..68b12932
+		wall..b351b508
+		wall..f7bae64f
+		_dat..a5a60099
+	}..31c54c77
+	else..810daf6d
+	{..6c1fb8d5
+		_dat..4d55b8a3
+	}..31c54c77
+	_size..4ba25dff
+}..39672fc2
+..da00b49f
+void S..bd09746b
+{..d12683ed
+	_manu..4b6d5859
+	if (_..0d9a2d13
-	if (A..6a2f12f1
+..da00b49f
+	if (A..2a57ada7
+	{..6c1fb8d5
-		unsi..6b1c3c28
+		unsi..07348e51
-	for (..5bc57bf6
+	for (..e1adf813
+	{..6c1fb8d5
-	for (..5bc57bf6
+	for (..e1adf813
+	{..6c1fb8d5
-	unsig..4d65c08e
+	unsig..3c98568c
-void S..52ab0b43
+void S..3a52ac06
+{..d12683ed
+..da00b49f
-	for (..5bc57bf6
+	for (..e1adf813
+	{..6c1fb8d5
-	for (..5bc57bf6
+	for (..e1adf813
+	{..6c1fb8d5
-	unsig..4d65c08e
+	unsig..3c98568c
-..09b7b7eb
-Secure..aae55f3e
-	Secur..5e022260
-	array..27b84869
-	array..98a3e9b9
-	array..1a2733b2
-	array..2c6229be
-	unsig..bcb61f98
-	memcp..95ab0418
-	array..db9da3b5
-..09b7b7eb
-	if (_..aee8cd48
-		WORD..3a945a82
-		memc..b508e651
-		arra..53b7f29e
-..09b7b7eb
-		unsi..888d76ee
-		memc..05ef65da
-		arra..7be7ba39
-	}..06ea5d6d
-	retur..ca4b512b
-}..7bc79060
-..09b7b7eb
-Secure..27b67f10
-	wally..68401b55
-	wally..e7c9f0a4
-	_leng..befc107b
-	_size..af5c07f1
-	_encr..4b952a25
-	if (A..9aece130
-		wall..0d58cbfb
-		wall..f915635f
-	}..06ea5d6d
-	if (A..22ebbd4e
-		wall..b8eaf459
-		wall..0aca256e
-	}..06ea5d6d
-}..7bc79060
-..09b7b7eb
-void S..ae594438
-	size_..a207a113
-	if (r..74902088
-		if (..feb3f9b1
-			ret..f902678f
-		size..2e1e7f2a
-	}..06ea5d6d
-	else ..368e3b15
-		size..0622e929
-	}..06ea5d6d
-..09b7b7eb
-	if (r..8a94240b
-		retu..35f527ba
-	if (r..74902088
-		unsi..0f27aedc
-		memc..4fb57aca
-		wall..98bd6c33
-		wall..8cb8cd0c
-		_dat..d46c1e8f
-	}..06ea5d6d
-	else ..368e3b15
-		_dat..b08e938c
-	}..06ea5d6d
-	_size..45b7bb48
-}..7bc79060