+    <C..930e1cb6
-      ..97bca87f
+      ..00bd2d56
+      ..b6118f02
+      ..7327567f
+using ..01aeba4a
+using ..904ea784
-      ..b35803ba
-      ..1e49e4ff
-      ..f54213f4
-      ..c7145cf6
+      ..088b7ec7
+      ..3df7a6e6
+      ..8580675b
+      ..eb5864a9
+      ..0ff1c3aa
+      ..e5892c43
-      ..22840c4e
-      ..f8879812
+      ..e3da4e28
+      ..0eb6751c
-      ..64e2f7bd
+      ..f728afb6
+      ..f0771ddf
+      ..c764dbea
+      ..0b4755ca
+      ..ce94bf4c
+      ..f0771ddf
+      ..47f0cebb
+      ..2aa20569
+      ..8b82a602
+      ..0b4755ca
-      ..cbbffa01
-      ..f8879812
+      ..8050dec1
+      ..0eb6751c
-      ..6741031b
+      ..f728afb6
+      ..f0771ddf
+      ..f5019a50
+      ..0b4755ca
+      ..ce94bf4c
+      ..f0771ddf
+      ..47f0cebb
+      ..2aa20569
+      ..8b82a602
+      ..0b4755ca
-      ..4a1ca858
+      ..26d17e82
-      ..046e70b2
+      ..1f344ce6
-      ..10df85a8
+      ..4fe948c3
-      ..a0d50828
-      ..f8879812
+      ..653840d8
+      ..0eb6751c
-      ..f8879812
+      ..0eb6751c
-      ..28038c1f
+      ..fdc5dd7e
-      ..007f99b8
+      ..f14d8eb2
-      ..64f311ed
+      ..1d15b44b
+      ..a8a3a37a
+..da00b49f
+      ..b5c54be8
+      ..d53879c4
+..da00b49f
+      ..826c9a3e
+..da00b49f
-      ..cdadff93
+      ..aeaae4b0
-      ..d7c37e97
+      ..737e93f4
-      ..e364d7be
+      ..33d74d79
+      ..2c04a4c7
+      ..233a9479
+..da00b49f
+      ..65e8c8f0
+      ..1b293f42
+      ..8ba9141b
+      ..4ad3c1b4
+..da00b49f
+      ..019fecab
+      ..313d7ea1
+      ..4b482fdb
+      ..3344a47c
+      ..c306e42e
+      ..4c4d27e2
+      ..e7ea6bbd
+      ..ffc9e5be
+      ..3ace26b0
+      ..6c56ca03
+      ..f3d4c206
+      ..0d6fca67
+..da00b49f
+      ..a9f5915b
+      ..313d7ea1
+      ..b7c98448
+      ..3344a47c
+      ..c306e42e
+      ..4c4d27e2
+      ..e7ea6bbd
+      ..1f9f3edd
+      ..f24489d1
+      ..bfd9c7d1
+      ..f3d4c206
+      ..0d6fca67
+..da00b49f
+      ..1509699e
-      ..7695e23b
+      ..cd98403f
-      ..cdadff93
+      ..aeaae4b0
-      ..f71c3ebb
-      ..17a01eda
-      ..0747b504
-..09b7b7eb
-      ..fec1db9a
-      ..ef6d7088
-      ..4ce9ce6f
-      ..e6515207
-      ..0747b504
-      ..b9c98fd3
+      ..33d74d79
+      ..8c437ce7
+      ..233a9479
-      ..ef6d7088
-      ..4ce9ce6f
-      ..ccc3dcb4
-      ..0747b504
-      ..b9c98fd3
+      ..7bbb1ccc
-      ..d7c37e97
+      ..737e93f4
-      ..f71c3ebb
+      ..33d74d79
-      ..0747b504
+      ..233a9479
-      ..0747b504
+      ..233a9479
-      ..638d9e87
-      ..42716e0f
-      ..ef6d7088
-      ..4ce9ce6f
-      ..3bad0093
-      ..0747b504
-      ..b9c98fd3
-      ..e3376d44
+      ..6e06c62a
+      ..85017678
-      ..22ffe286
+      ..2675c4a5
-      ..8b53f997
+      ..0c8bd753
+..da00b49f
+      ..378db5c0
-      ..59e06bc9
+      ..f65e37f6
-      ..e364d7be
+      ..aca5f6e1
+      ..233a9479
+..da00b49f
+      ..72f50bbc
+      ..ff2814c3
+      ..0b4755ca
+..da00b49f
+      ..53e4b7bc
+      ..f0771ddf
+      ..1509699e
+      ..0b4755ca
+..da00b49f
+      ..50c2c90e
+      ..f0771ddf
+      ..594f1eee
+      ..233a9479
+..da00b49f
+      ..ff9011ba
+      ..9b3a93e4
+..da00b49f
+      ..826c9a3e
-      ..36edce5a
+      ..0f7bf27c
-      ..ef6d7088
-      ..4ce9ce6f
-      ..e6515207
-      ..0747b504
-      ..b9c98fd3
-      ..2434b362
-      ..230db10c
-      ..ef6d7088
-      ..4ce9ce6f
-      ..e855e885
-      ..0747b504
-      ..b9c98fd3
+      ..233a9479
+      ..1422dbc9
+      ..313d7ea1
+      ..0d6fca67
-      ..89cc40ca
+      ..e16b1cf8
-      ..ef6d7088
-      ..4ce9ce6f
-      ..bb43c6f1
-      ..0747b504
-      ..b9c98fd3
+      ..233a9479
-      ..28ef7da1
-      ..230db10c
-      ..4ce9ce6f
-      ..388c51d7
-      ..0747b504
+      ..cc6ca9a4
+..da00b49f
-      ..99120cb5
-      ..84e22396
-      ..5366e7ac
-      ..0fedf49b
-      ..294df0a4
-      ..ef6d7088
-      ..4ce9ce6f
-      ..e6515207
-      ..0747b504
-      ..b9c98fd3
-..09b7b7eb
-      ..28cfd215
-      ..7537562a
-      ..f059dbff
-      ..7fe4937c
-..09b7b7eb
-      ..9c793ae1
-      ..0fedf49b
-      ..4671dc94
-      ..7fe4937c
-      ..55107337
-..09b7b7eb
-      ..57b9dd30
+      ..387804f2
-      ..2608f310
+      ..9a72d390
+      ..73cd33ae
+      ..245cf3f0
+      ..dbb5aee1
+..da00b49f
+      ..7f39f568
+      ..bc68db3a
+      ..dbb5aee1
+..da00b49f
--- /de..33822e35
+﻿usi..d5be7d78
+using ..b01cba1f
+using ..16c80351
+using ..a90989dc
+..da00b49f
+namesp..5eff4e0f
+{..d12683ed
+    [S..bc740e95
+    [J..9b7c40d9
+    [P..498196c7
+    pu..bf4d3da4
+    {..8d9de1cb
+      ..1c122435
+..da00b49f
+      ..20e0c931
+..da00b49f
+      ..47aded5e
+..da00b49f
+      ..31ec9075
+..da00b49f
+      ..2b07248b
+      ..1c2b806b
+      ..5eef9f0b
+..da00b49f
+      ..9d7f340b
+      ..1c2b806b
+      ..7ee21589
+      ..5eef9f0b
+..da00b49f
+      ..47aded5e
+    }..fc2b10f8
+..da00b49f
+    [S..bc740e95
+    [J..9b7c40d9
+    [P..498196c7
+    pu..9d9eee12
+    {..8d9de1cb
+      ..1c122435
+..da00b49f
+      ..2ae25714
+..da00b49f
+      ..62d24a40
+..da00b49f
+      ..7e1afb62
+..da00b49f
+      ..8860cbc5
+..da00b49f
+      ..eacbbdfe
+..da00b49f
+      ..71fef0f4
+..da00b49f
+      ..47aded5e
+..da00b49f
+      ..31ec9075
+..da00b49f
+      ..768f0124
+      ..1c2b806b
+      ..5eef9f0b
+..da00b49f
+      ..ce86bc29
+      ..0acf2100
+      ..1c2b806b
+      ..13062b9c
+      ..6a798c8f
+      ..5547f832
+      ..334a3985
+      ..5dc568f2
+      ..0804e2ed
+      ..a785757d
+      ..5eef9f0b
+..da00b49f
+      ..47aded5e
+    }..fc2b10f8
+..da00b49f
+    [S..bc740e95
+    [J..9b7c40d9
+    [P..498196c7
+    pu..5e763fdf
+    {..8d9de1cb
+      ..1c122435
+..da00b49f
+      ..e11b0f17
+..da00b49f
+      ..047848cb
+..da00b49f
+      ..47aded5e
+    }..fc2b10f8
+..da00b49f
+    [S..bc740e95
+    [J..9b7c40d9
+    [P..498196c7
+    pu..9b7a82ab
+    {..8d9de1cb
+      ..1c122435
+..da00b49f
+      ..2ad8ad10
+..da00b49f
+      ..75a46ca1
+..da00b49f
+      ..776b28ad
+..da00b49f
+      ..c6b6fc15
+..da00b49f
+      ..47aded5e
+    }..fc2b10f8
+..da00b49f
+    [S..bc740e95
+    [J..9b7c40d9
+    [P..498196c7
+    pu..48f950a3
+    {..8d9de1cb
+      ..1c122435
+..da00b49f
+      ..a0b4708e
+..da00b49f
+      ..9c452a5d
+..da00b49f
+      ..47aded5e
+    }..fc2b10f8
+..da00b49f
+    [S..bc740e95
+    [J..9b7c40d9
+    [P..498196c7
+    pu..6f9f6e05
+    {..8d9de1cb
+      ..1c122435
+..da00b49f
+      ..3814eb49
+..da00b49f
+      ..9d37b3e7
+..da00b49f
+      ..f803d964
+..da00b49f
+      ..47aded5e
+    }..fc2b10f8
+}..39672fc2
+using ..9b0b6e58
+using ..16c80351
+    pu..d1c675b0
+    {..8d9de1cb
+      ..1c122435
+..da00b49f
+      ..5bfa31e6
+      ..4c4edaef
+      ..88269e5d
+      ..84fabdb8
+      ..f7bafddb
+      ..104cce64
+..da00b49f
+      ..47aded5e
+    }..fc2b10f8
+..da00b49f
-			ret..07de09ee
+			ret..70a24cdd
-			ret..04496b70
+			ret..8c4ae9ad
+    <C..a3a398d7
+    <C..09fe313d
+    <C..1906d557
+using ..888df1ed
+using ..0009140d
-	publi..f408a006
-	{..81c9e4b6
-		#reg..e5568a9a
-..09b7b7eb
-		//Fr..19696ff7
-..09b7b7eb
-		priv..25359e56
-..09b7b7eb
-		#end..ecea001f
-..09b7b7eb
-		#reg..2a798e5a
-..09b7b7eb
-		publ..3bccfd08
-		{..8052f385
-			if ..48ad5817
-				re..202ee111
-			if ..9bd073dc
-				re..8f4aadc8
-			ret..0d9ea8dc
-		}..c3230d32
-..09b7b7eb
-		publ..55510c34
-		{..8052f385
-			ret..bd30181d
-		}..c3230d32
-..09b7b7eb
-		publ..b6373f54
-		{..8052f385
-			var..ee7c1ca5
-			if ..82a1fb52
-				Ar..734fc6ad
-			ret..09d0725a
-		}..c3230d32
-..09b7b7eb
-		publ..1aa0779c
-		{..8052f385
-			if ..53f5ed3d
-			if ..f20fa18c
-..09b7b7eb
-			var..3f260a19
-..09b7b7eb
-			if ..5c780e49
-				re..9979f352
-..09b7b7eb
-			ret..60ac6181
-		}..c3230d32
-..09b7b7eb
-..09b7b7eb
-		publ..0c1cd6b9
-		{..8052f385
-			if ..c4f52c56
-..09b7b7eb
-			var..da857bb8
-..09b7b7eb
-			if ..096ff455
-			{..b30d3855
-				va..a5fbdf07
-				li..e1c412e1
-				li..4cdf1d32
-				en..74eee194
-				li..9dfe5e22
-			}..1a231fbd
-			ret..f00e1b6e
-		}..c3230d32
-..09b7b7eb
-		publ..6f6ad4f1
-		{..8052f385
-			if ..001070a5
-				re..6b0fcaa9
-			ret..be8a9a56
-		}..c3230d32
-..09b7b7eb
-		publ..cc39bee4
-		{..8052f385
-			var..96265340
-			ret..c17af02f
-		}..c3230d32
-..09b7b7eb
-		publ..71e6de6a
-		{..8052f385
-			var..4826c73f
-			ret..4c460344
-		}..c3230d32
-..09b7b7eb
-		publ..9356bd76
-		{..8052f385
-			ret..774ff58f
-		}..c3230d32
-..09b7b7eb
-		publ..1c205fb1
-		{..8052f385
-			ret..f961a931
-		}..c3230d32
-..09b7b7eb
-		publ..65dcd8f3
-		{..8052f385
-			if ..951486fe
-			if ..df294527
-				re..6b4fe3a1
-			ret..0d9ea8dc
-		}..c3230d32
-..09b7b7eb
-		publ..4ffa7a99
-		{..8052f385
-			if ..8f91b2bc
-			{..b30d3855
-				fo..1509d259
-					v..6feb3281
-			}..1a231fbd
-			ret..aedba18d
-		}..c3230d32
-..09b7b7eb
-		publ..12528d5e
-		{..8052f385
-			ret..7470eae5
-		}..c3230d32
-..09b7b7eb
-		publ..44e9750d
-		{..8052f385
-			byt..15b6a4f3
-			if ..48ad5817
-				by..a18a9f6d
-			els..44d8a61e
-			{..b30d3855
-				va..cd59bc74
-				va..ce2c39ba
-				//..fca33f3a
-				va..4786e508
-..09b7b7eb
-				va..ba598c89
-				if..a66306d1
-				{..0c77d6d8
-					a..30dc6d58
-..09b7b7eb
-					n..175d72c9
-				}..7e3477f7
-..09b7b7eb
-				by..cdb3b0a9
-..09b7b7eb
-				va..c6a89bfe
-				if..e8fdacb2
-				{..0c77d6d8
-					b..beafd8bc
-					c..026aa14c
-				}..7e3477f7
-..09b7b7eb
-				fo..d7ceb68a
-				{..0c77d6d8
-					v..637764a0
-					v..d3a591be
-..09b7b7eb
-					b..da7da933
-				}..7e3477f7
-			}..1a231fbd
-..09b7b7eb
-			ret..09d0725a
-		}..c3230d32
-..09b7b7eb
-		priv..e34b7d60
-		{..8052f385
-			var..21479d65
-			if ..01e248d3
-			{..b30d3855
-				if..dc429ffe
-				{..0c77d6d8
-					i..3fefcb1d
-						..271fa0b1
-					e..7bf470e2
-						..5d18b2d5
-				}..7e3477f7
-			}..1a231fbd
-			els..6f613f11
-				va..c543a589
-			els..44d8a61e
-				th..1bf29836
-..09b7b7eb
-			ret..0d9ea8dc
-		}..c3230d32
-..09b7b7eb
-		#end..ecea001f
-	}..06ea5d6d
+    pu..1ce51921
+    {..8d9de1cb
+      ..1c122435
+..da00b49f
+      ..42d6a479
+      ..87710115
+..da00b49f
+      ..47aded5e
+..da00b49f
+      ..68eb6829
+..da00b49f
+      ..25d6e706
+      ..1c2b806b
+      ..d8fd38df
+      ..3bc39c0f
+      ..885855ff
+      ..fc04697a
+      ..8b0dc54a
+      ..5eef9f0b
+..da00b49f
+      ..a71f5e3f
+      ..1c2b806b
+      ..e215f12f
+      ..5eef9f0b
+..da00b49f
+      ..c03fa249
+      ..1c2b806b
+      ..44d84547
+      ..df97122c
+      ..b76ae0de
+      ..9c043757
+      ..5eef9f0b
+..da00b49f
+      ..faf914a5
+      ..1c2b806b
+      ..2cdfdf4e
+      ..c9be3a9f
+..da00b49f
+      ..c2590e92
+..da00b49f
+      ..c06aa0d9
+      ..df3a5b6d
+..da00b49f
+      ..cefff6a7
+      ..5eef9f0b
+..da00b49f
+..da00b49f
+      ..e75d559d
+      ..1c2b806b
+      ..2aa2ecba
+..da00b49f
+      ..e060ec36
+..da00b49f
+      ..a9afa6a2
+      ..f0771ddf
+      ..fee0f4ac
+      ..acb3c603
+      ..721e8aa0
+      ..f6481e87
+      ..7496c1b8
+      ..0b4755ca
+..da00b49f
+      ..f2116264
+      ..5eef9f0b
+..da00b49f
+      ..540b0a07
+      ..1c2b806b
+      ..4d025c73
+      ..10b4067c
+      ..87878573
+      ..5eef9f0b
+..da00b49f
+      ..dc40c4fb
+      ..1c2b806b
+      ..4c26de9d
+      ..1e961a43
+      ..5eef9f0b
+..da00b49f
+      ..0b2abbf3
+      ..1c2b806b
+      ..f736fd91
+      ..01bd9026
+      ..5eef9f0b
+..da00b49f
+      ..7b700bc3
+      ..1c2b806b
+      ..7f63d045
+      ..5eef9f0b
+..da00b49f
+      ..322dd247
+      ..1c2b806b
+      ..31188873
+      ..5eef9f0b
+..da00b49f
+      ..a4490311
+      ..1c2b806b
+      ..0657bf79
+      ..cb6fa099
+      ..87ecb1e7
+      ..8b0dc54a
+      ..5eef9f0b
+..da00b49f
+      ..8c922479
+      ..1c2b806b
+      ..bb27622b
+      ..f0771ddf
+      ..b6ec1f65
+      ..f4b50505
+      ..0b4755ca
+..da00b49f
+      ..0281601b
+      ..5eef9f0b
+..da00b49f
+      ..ff9e86be
+      ..1c2b806b
+      ..91590a69
+      ..5eef9f0b
+..da00b49f
+      ..1830ab6a
+      ..1c2b806b
+      ..513c4ed6
+      ..d8fd38df
+      ..274aa349
+      ..076982cb
+      ..f0771ddf
+      ..2742a1b3
+      ..430516f6
+      ..64e8b015
+      ..2b9f4f6b
+..da00b49f
+      ..855765a5
+      ..aa8f1f3d
+      ..313d7ea1
+      ..61f2465b
+..da00b49f
+      ..61a0d452
+      ..0d6fca67
+..da00b49f
+      ..404df012
+..da00b49f
+      ..18a93f55
+      ..cd7355f2
+      ..313d7ea1
+      ..15c162dc
+      ..e6f2b10d
+      ..0d6fca67
+..da00b49f
+      ..eb7f6527
+      ..313d7ea1
+      ..b51b0e50
+      ..391cac89
+..da00b49f
+      ..bce051d1
+      ..0d6fca67
+      ..0b4755ca
+..da00b49f
+      ..9c043757
+      ..5eef9f0b
+..da00b49f
+      ..b21ae0a6
+      ..1c2b806b
+      ..c24a0572
+      ..8b82a602
+      ..697b7bf1
+      ..d0124575
+      ..9c81d317
+      ..539604f9
+..da00b49f
+      ..9e8af378
+      ..0411d967
+      ..f0771ddf
+      ..13992f41
+..da00b49f
+      ..a65f2442
+      ..0b4755ca
+..da00b49f
+      ..352f0486
+      ..f0771ddf
+      ..18a93f55
+      ..cd7355f2
+      ..313d7ea1
+      ..15c162dc
+      ..e6f2b10d
+      ..0d6fca67
+..da00b49f
+      ..eb7f6527
+      ..313d7ea1
+      ..b51b0e50
+      ..391cac89
+..da00b49f
+      ..bce051d1
+      ..0d6fca67
+..da00b49f
+      ..a7ad090b
+      ..0b4755ca
+      ..5eef9f0b
+..da00b49f
+      ..3757ead5
+      ..1c2b806b
+      ..f75e0225
+      ..2e5660c4
+      ..f0771ddf
+      ..de0a1a95
+      ..313d7ea1
+      ..b020d3f7
+      ..124859de
+      ..df739bfc
+      ..06cc13c1
+      ..0d6fca67
+      ..0b4755ca
+      ..b916911c
+      ..9cd9758a
+      ..076982cb
+      ..28d39cf8
+..da00b49f
+      ..8b0dc54a
+      ..5eef9f0b
+..da00b49f
+      ..47aded5e
+    }..fc2b10f8
-      ..67d86368
+      ..f384436b
+      ..1c2b806b
+      ..487a7ebf
+      ..5eef9f0b
+..da00b49f
+      ..dca5e7ef
+      ..1c2b806b
+      ..3bfdc0bf
+      ..5eef9f0b
+..da00b49f
+      ..14709314
-      ..07b0aa36
+      ..f821e5e6
--- /de..33822e35
+﻿usi..d5be7d78
+using ..2e9280ef
+using ..888df1ed
+using ..b2ddf9c0
+using ..fc1b3106
+using ..236c8b40
+using ..cbf2a086
+..da00b49f
+namesp..d345ade5
+{..d12683ed
+    pu..27af9449
+    {..8d9de1cb
+      ..1c122435
+..da00b49f
+      ..d0ffd3d8
+      ..5a5fea81
+..da00b49f
+      ..47aded5e
+..da00b49f
+      ..68eb6829
+..da00b49f
+      ..517c10a3
+      ..1c2b806b
+      ..4a32aa1f
+      ..5eef9f0b
+..da00b49f
+      ..5c8b6eaa
+      ..1c2b806b
+      ..fdc2ba3b
+      ..5eef9f0b
+..da00b49f
+      ..a22f022a
+      ..1c2b806b
+      ..25946267
+      ..5eef9f0b
+..da00b49f
+      ..6126ba55
+      ..1c2b806b
+      ..08ab4036
+      ..f56b01b2
+      ..5eef9f0b
+..da00b49f
+      ..2c331378
+      ..1c2b806b
+      ..4f0c4fca
+      ..b56d9c58
+      ..425ac227
+      ..076982cb
+      ..f0771ddf
+      ..aa287799
+      ..1509699e
+      ..0b4755ca
+      ..5eef9f0b
+..da00b49f
+      ..47aded5e
+    }..fc2b10f8
+}..39672fc2
-      ..576882dc
+      ..9adf4011
-      ..61f9b7d2
+      ..effb3b4b
-      ..a8d99ad5
+      ..a76c99b9
-      ..92eefb4a
-      ..54f2d2f3
+      ..f8bf8314
+      ..5d1945b1
-      ..300fc70d
+      ..aed4e921
-      ..b2721648
+      ..417b496d
-      ..991c55fc
+      ..fb1e75d4
-      ..d3628f5d
+      ..feeb30ed
-      ..4e50aeca
-      ..fe5a581e
-      ..ae06dbc9
-      ..bd5fc050
-      ..e1379774
+      ..bb5315ff
-      ..adde52c1
+      ..36f97431
-      ..ef7362ce
+      ..f04e8699
-      ..47c27995
+      ..44acc82c
-      ..77ab2e2f
+      ..bdab20f4
+      ..b6ae7963
+      ..a31256ec
-      ..a368df6c
-      ..bef635b8
+      ..fc8d67c1
+      ..e0071e84
-..09b7b7eb
+      ..29a8aa1c
+      ..313d7ea1
+      ..62fff9ef
+      ..d960c470
+      ..0d6fca67
+      ..a31256ec
+      ..25e199ea
-      ..9031553b
+      ..09fee435
-      ..db05fc42
+      ..08ecefbe
+      ..5c7302da
-      ..87c24213
+      ..985acd87
-﻿usi..366fcd4f
+﻿usi..b9c0902a
+using ..9b0b6e58
-      ..c3b004eb
+      ..c0178347
-      ..d25c67ff
+      ..8edbe82f
+      ..1b828197
+      ..1c2b806b
+      ..37dd397e
+      ..5eef9f0b
+..da00b49f
+      ..70022491
-      ..9492c58c
+      ..c79929da
+      ..07db80a5
+..da00b49f
-      ..19830020
+      ..84e449fb
-      ..efe97401
+      ..147ba83b
-..09b7b7eb
+      ..e14197d1
-      ..c3c5b5c9
+      ..ff433a43
-      ..9f7984d6
+      ..ad943344
-      ..15dfc83b
+      ..4b8b6d72
-      ..6b08cbb3
+      ..e9672754
-      ..d3628f5d
+      ..feeb30ed
-      ..678ea512
+      ..e0930c08
-      ..adde52c1
+      ..36f97431
-      ..705975e5
-      ..0fedf49b
-      ..68c40106
-      ..ef6d7088
-      ..a368df6c
-      ..bef635b8
-      ..b9c98fd3
-      ..f3aa09be
+      ..1212bb47
-      ..705975e5
-      ..0fedf49b
-      ..06a4ed4d
-      ..9639ac87
-      ..f3aa09be
+      ..d800dd2b
-			ret..f18cec3f
+			ret..2cb454cd
-      ..d25c67ff
-..09b7b7eb
-      ..0df47133
-      ..725db935
-      ..bd04c2f8
+      ..ca6dce4d
-      ..432f6d71
-      ..f573c66d
+      ..68cb97f0
-      ..a4ee6cde
-      ..5bf5ae68
+      ..69d434a9
+..da00b49f
-      ..61d698d7
+      ..4f456916
-      ..c4bfc1c1
-..09b7b7eb
-      ..e4d8a1cb
-..09b7b7eb
-      ..e03c08b1
-..09b7b7eb
+      ..343dd509
+      ..1c2b806b
+      ..201ee800
+      ..f0771ddf
+      ..5f8d4551
+      ..7342927a
+      ..14d5ee27
+      ..0b4755ca
+      ..5eef9f0b
+..da00b49f
+      ..a826d3f5
+      ..1c2b806b
+      ..201ee800
+      ..f0771ddf
+      ..3361d4b0
+      ..0b4755ca
+      ..5eef9f0b
+..da00b49f
-      ..345df40d
+      ..8029109f
-      ..a8a4758b
-      ..0fedf49b
-      ..2a72605f
-      ..7e03a8b5
+      ..594ef2c2
-      ..f9730d50
+      ..373b2955
+..da00b49f
-      ..314c2b48
+      ..857cd70b
+      ..4c380611
-      ..def0a54b
+      ..13e3dac6
-      ..f9f07cf5
+..da00b49f
+      ..2a004b9f
-      ..37336ee6
+      ..20d0cada
-      ..aae3ad60
-      ..84e22396
-      ..5bf5ae68
-      ..70d64be7
-      ..55107337
-..09b7b7eb
-      ..9a89a93f
+      ..845e29f4
-      ..07284f35
+      ..adc86bd1
-      ..1f402834
+      ..a3216957
+      ..a98c03ea
-      ..6c557c9e
-      ..5c9ae578
-      ..a41d6b94
-      ..e7e4a50a
-      ..5de7496d
+      ..f10114a3
+..da00b49f
+      ..7583fc65
+      ..9c846c2a
+      ..685fc064
+..da00b49f
+..da00b49f
-      ..628c77b8
+      ..bf9839c0
-      ..54ad7b35
-      ..f590d0a6
-..09b7b7eb
-      ..c01aceec
-      ..e185fe29
-..09b7b7eb
-      ..80ca0158
-      ..96674e4c
-..09b7b7eb
-      ..b5b35ad6
-      ..89f31276
+      ..872e2609
-      ..68c9a82e
-      ..c00609ac
+      ..a3001cb9
-      ..2e39a222
-      ..9cea0943
+      ..ce2c7acb
-      ..45f3ae2e
-      ..a98d2ed1
+      ..f1e224f1
-      ..00ec8f80
-      ..e2b20613
-..09b7b7eb
-      ..02c6a558
-#pragm..7f827eb1
-      ..a78967a7
-      ..02c4f991
-#pragm..3b6753e6
-      ..26b4e060
+      ..15914b4a
-      ..82efedc8
-      ..8fcbe3a7
-      ..9e2d5f60
-      ..0c88c83b
+      ..90d2e838
-      ..c05b5aeb
+      ..313d7ea1
+      ..013cf65c
+      ..8415fd5a
+      ..634fadce
+      ..adf4615f
+      ..0d6fca67
+..da00b49f
-      ..8dc4c309
-      ..450fa63d
+      ..3c107264
+      ..30d572f6
-      ..14b74bda
+      ..494436da
+..da00b49f
+      ..9e530a7f
+..da00b49f
+#pragm..d2f537bc
+      ..47e902cb
+      ..29bb4f58
+#pragm..82c80fda
+..da00b49f
+      ..826c9a3e
+      ..ec7efe4c
-      ..555012e1
+      ..98d57ebd
+      ..93a53fa9
-      ..583c6e9b
+      ..28f16b85
-      ..5af6d617
+      ..70684722
-      ..418177cc
+      ..120dada5
-      ..89dc96bc
+      ..cdc290a1
-      ..d21b717d
+      ..9820c8ab
+      ..559a2cb4
+      ..f29105f3
+      ..8a47b49b
+      ..e1f83909
+      ..e3cded96
-      ..1f7040b5
+      ..c4211476
+      ..584552f5
+      ..1c2b806b
+      ..ddc003a6
+      ..5eef9f0b
+..da00b49f
-      ..4c0b43e5
+      ..fa9ac099
-      ..270dbbaa
+      ..edd1c6ba
-      ..be5782ec
-      ..270bd154
-      ..2b285100
-      ..77f67c51
-      ..1f375052
-      ..ac6d8950
-..09b7b7eb
-      ..c59a6abc
+      ..09f3a857
-      ..ba5c49ce
+      ..cd9c33de
-      ..1fedc3d6
+      ..bfae798f
-      ..f8879812
+      ..0eb6751c
-      ..4a1276b4
+      ..74145607
-      ..f8879812
+      ..0eb6751c
-    pu..7151bfe5
+    pu..357c0738
-      ..62bd688d
-..09b7b7eb
-      ..2f6bf56c
+      ..51d8f40f
-      ..ff542f18
+      ..8b299df7
-      ..e59c779f
+      ..7280f5e7
-      ..548aaa62
-..09b7b7eb
-      ..f2098ad7
+      ..38cf1d7c
-      ..58c38fd4
-      ..e6fa2c92
+      ..9f6fb1a6
-      ..7b7f51a2
-      ..0390a2e6
+      ..7a192be8
-      ..ff092529
-..09b7b7eb
-      ..c2b7322a
+      ..29e5e2f0
+      ..dff7a65b
+      ..bdeb5ecb
+..da00b49f
-    pu..99ccbdf6
-      ..17236df7
-      ..b91757a5
+    pu..8b4ead1a
-      ..68ad9008
+      ..42afaa8f
+      ..d6110a4a
+      ..60b0ca9e
+    }..fc2b10f8
-      ..2a461cc0
-      ..84e22396
-      ..55107337
+    pu..24c49acb
+    {..8d9de1cb
+      ..1c122435
+..da00b49f
+      ..2a311eaa
+      ..e3c2feb9
+      ..a6a0cd56
+      ..ec71b55f
+      ..a600b654
-    pu..87d9412a
+    pu..6fb60934
+      ..a578a317
+      ..6b9f00a3
-      ..06cf5376
+      ..31ec9075
-      ..12bc2a09
-      ..446e80d3
-      ..46537edb
-      ..ad1f62d8
-      ..7b915d8e
+      ..08642f49
+      ..1c2b806b
+      ..5eef9f0b
--- /de..33822e35
+﻿usi..344905f7
+..da00b49f
+namesp..492604a5
+{..d12683ed
+    pu..74a912b7
+    {..8d9de1cb
+      ..21a57393
+..da00b49f
+      ..0d27e59b
+..da00b49f
+      ..63d5a440
+..da00b49f
+      ..de44b5f5
+..da00b49f
+      ..c35e9e45
+..da00b49f
+      ..47aded5e
+    }..fc2b10f8
+}..39672fc2
--- /de..33822e35
+﻿usi..d5be7d78
+using ..25658583
+using ..9d90e0b5
+using ..96018349
+using ..0009140d
+..da00b49f
+namesp..492604a5
+{..d12683ed
+    pu..ee638702
+    {..8d9de1cb
+      ..31ec9075
+..da00b49f
+      ..23d6a303
+      ..1c2b806b
+      ..5eef9f0b
+..da00b49f
+      ..47aded5e
+..da00b49f
+      ..68eb6829
+..da00b49f
+      ..f0e0d863
+      ..fab43a40
+      ..26c2a993
+      ..1c2b806b
+      ..fe760e3f
+      ..5eef9f0b
+..da00b49f
+      ..f0e0d863
+      ..48b3c864
+      ..26c2a993
+      ..1c2b806b
+      ..5d231c75
+      ..f0771ddf
+      ..a999ae0e
+      ..0bed832c
+      ..a5ab893f
+      ..cd2bc30a
+      ..5eef9f0b
+..da00b49f
+      ..f0e0d863
+      ..e58ce512
+      ..1c2b806b
+      ..b6b14323
+      ..5eef9f0b
+..da00b49f
+      ..47aded5e
+    }..fc2b10f8
+..da00b49f
+    pu..8cefe55a
+    {..8d9de1cb
+      ..1c122435
+..da00b49f
+      ..b23ac3be
+      ..67f569e8
+      ..ad9ecb76
+..da00b49f
+      ..47aded5e
+..da00b49f
+      ..31ec9075
+..da00b49f
+      ..0f9a3ff2
+      ..1c2b806b
+      ..943d4353
+      ..def51e3d
+      ..8d2d74ad
+      ..2e24f511
+      ..ec50cd7d
+      ..6e00f506
+      ..5eef9f0b
+..da00b49f
+      ..47aded5e
+    }..fc2b10f8
+}..39672fc2
-<Secur..a86a11da
-      ..ddf92431
-      ..c4e7bb6f
-      ..25645521
-  <Lin..d611f9c0
-      ..aa100655
-      ..5854731e
+<Neste..2ef58afc
+      ..ea8aa0ca
+      ..4f9beb06
+      ..59364608
+  <Sec..7df91eb2
+      ..d080e621
+      ..39679b9a
+    <L..5b3e4833
+      ..4f9beb06
+      ..8a550811
-    <L..51f57534
+      ..c05d5808
+      ..3021450c
+      ..a2324d58
+      ..c605acbd
+      ..72f45ffd
+      ..c5cd68be
-      ..bd223f10
+      ..8565e1b1
-      ..30a2e666
-      ..9e4ff518
+      ..8e389b4e
+      ..2900c743
+      ..a7693499
+      ..d03962d4
+..da00b49f
+      ..46df25db
+      ..9e1eddff
+      ..c1bacebe
+      ..4f50456b
+      ..be4eec49
+..da00b49f
+      ..d29b1b45
+      ..d0dc6830
-      ..a9957d1b
+      ..2c91f50a
-      ..303aea85
-      ..2a0255c9
+      ..54075597
-      ..d987beba
-..09b7b7eb
-      ..763e3077
-      ..bce3d316
-      ..5e27ace5
-      ..315cb17c
-    </..9972d725
+      ..cd22b0db
+      ..3c812a3e
-    <E..18573098
-      ..d7dffe0b
-      ..2df52bcc
-      ..c789ea24
-      ..65fee740
-      ..1f803583
-      ..6261f1a6
-      ..8db31184
-      ..ffed8f18
-..09b7b7eb
-    <S..cb3d26a4
-      ..9bad673b
-      ..436537a7
-      ..f786cf92
-      ..59923b9b
-      ..99cd35df
-      ..4d33b718
-      ..30f741e7
+      ..c865f149
+      ..3476a86f
+      ..60647262
+      ..0c8ab991
+      ..df771b25
+      ..36287c63
+      ..355d50ef
+      ..5b654951
+..da00b49f
+      ..825681fa
+      ..94fcf3b9
+      ..54075597
+      ..34fe56d7
+      ..5553a4de
+      ..f8c3fc88
+      ..6a34affb
+      ..20575c63
-    <T..2e1bbd15
-      ..2df52bcc
-      ..b6a70f7e
-      ..65fee740
-      ..c33ab16e
-      ..f9e029dd
-      ..021f570c
-      ..6261f1a6
-      ..455b3f5b
+      ..825681fa
+      ..94fcf3b9
+      ..a7bdaefa
+      ..5553a4de
+      ..3a3477d1
+      ..c4290c89
+      ..ade439d1
+      ..5ea93eee
+      ..c5463183
-    <S..cb3d26a4
-      ..9bad673b
-      ..436537a7
-      ..f786cf92
-      ..59923b9b
-      ..99cd35df
-      ..4d33b718
-      ..1806b2b7
+      ..c865f149
+      ..3476a86f
+      ..60647262
+      ..0c8ab991
+      ..df771b25
+      ..36287c63
+      ..355d50ef
+      ..818a30ae
-    <T..2e1bbd15
-      ..2df52bcc
-      ..1f803583
-      ..78e0e62a
-      ..65fee740
-      ..9e11f2cc
-      ..2a8283b6
-      ..ee4020a7
+      ..825681fa
+      ..94fcf3b9
+      ..54075597
+      ..34fe56d7
+      ..5553a4de
+      ..f8c3fc88
+      ..6a34affb
+      ..965f32bc
-  </Li..e9bd5d4d
-</Secu..89bf77e3
+    </..04d80699
+  </Se..afc9cc94
+</Nest..8504d16f
+using ..25658583
+using ..bbbf3403
+using ..01aeba4a
+using ..7e598bfa
+using ..a90989dc
-..09b7b7eb
+..da00b49f
-//    ..4760ba82
-//..8ef9d873
-//    ..8ac02ae3
-//..8ef9d873
-//    ..4c745644
-//    ..8eb20f95
-//..8ef9d873
-//    ..46f95368
-//..8ef9d873
-//    ..e4332f96
+      ..ce8f2eab
+      ..c756da11
+      ..c113363f
+      ..c756da11
+      ..a2e9db82
+      ..e43869f0
+      ..c756da11
+      ..9b4fc9ff
+      ..c756da11
+      ..3e2420a6
-//    ..f5b61586
-//    ..c24cb985
-//    ..01f27d83
-//..8ef9d873
-//    ..3df64f64
-//    ..9eb8cf66
-//    ..d8ac8cf1
+      ..66fea210
+      ..cc0dc568
+      ..0ebbbdf5
+      ..c756da11
+      ..aea07b19
+      ..865d5451
+      ..e3b45883
-		"en-..ca71b32e
+		"en-..ecba02d0