+    <C..c9300eb9
+    <C..6895f97e
+    <C..ad8a2dff
+    <C..051f6ad2
+using ..c89f1721
-using ..1f40657b
-using ..d4f62a50
+using ..cbf7ce7d
+      ..0683cb18
+..b0f2ba73
+      ..c1d2be4a
+..b0f2ba73
+      ..d36624f2
+..b0f2ba73
-      ..27814d89
+      ..49203794
-      ..cf991df4
-      ..e112d3bb
-      ..9df09747
-      ..59e32a1e
+      ..a4983fae
+      ..b266f281
+      ..10e9ba1d
+      ..a1e8e889
+..b0f2ba73
+      ..20d93c34
+      ..216bc923
+      ..c9576ac6
+      ..a1e8e889
+..b0f2ba73
+      ..21a30bac
+      ..216bc923
+      ..e570fca1
+      ..a1e8e889
+..b0f2ba73
+      ..a73b8de4
+      ..216bc923
+      ..4062d6e9
--- /de..be1a4cd0
+﻿usi..1120df90
+using ..3cadec85
+..b0f2ba73
+namesp..431ca7ef
+{..4f7923e1
+    in..b5aac056
+    {..1567fb9c
+      ..32193c53
+      ..eab3d637
+      ..3129c8c1
+      ..ed9face1
+      ..bd0b51c3
+      ..1e5e093d
+      ..e9998aeb
+      ..410beaf1
+      ..1b9ba5b7
+      ..309bcb5c
+      ..ca2fec3a
+      ..139a638a
+      ..312df3ea
+    }..0261de35
+..b0f2ba73
+    in..1776e5b0
+    {..1567fb9c
+      ..5fccb880
+..b0f2ba73
+      ..5dcdaf7d
+      ..216bc923
+      ..0f3b9bc6
+      ..a1e8e889
+..b0f2ba73
+      ..56a8c058
+      ..216bc923
+      ..17365d71
+      ..a2f50288
+      ..55229790
+      ..a1e8e889
+..b0f2ba73
+      ..8d4c9618
+      ..216bc923
+      ..17365d71
+      ..9ab8e479
+      ..55229790
+      ..a1e8e889
+..b0f2ba73
+      ..d36624f2
+    }..0261de35
+}..ea4bea47
--- /de..be1a4cd0
+﻿usi..1120df90
+using ..b2ce23af
+using ..41ae6bd3
+using ..f3cbebba
+using ..1d3baaf8
+using ..6b7b7652
+using ..2464a427
+using ..ecb46819
+..b0f2ba73
+namesp..431ca7ef
+{..4f7923e1
+    pu..75e0cb55
+    {..1567fb9c
+      ..0683cb18
+..b0f2ba73
+      ..21b6a470
+      ..0a8c2ba8
+..b0f2ba73
+      ..d36624f2
+..b0f2ba73
+      ..bc0665d1
+..b0f2ba73
+      ..8c11d5fb
+      ..50c8f072
+      ..216bc923
+      ..8890fbd1
+      ..a1e8e889
+..b0f2ba73
+      ..dbda768b
+      ..216bc923
+      ..f35111f9
+      ..a1e8e889
+..b0f2ba73
+      ..d36624f2
+..b0f2ba73
+      ..07854b99
+..b0f2ba73
+      ..b01dbb12
+..b0f2ba73
+      ..f13a1c24
+..b0f2ba73
+      ..d36624f2
+..b0f2ba73
+      ..6fd9027e
+..b0f2ba73
+      ..6224cc4d
+      ..216bc923
+      ..2ab4321b
+      ..fe531b95
+      ..a1e8e889
+..b0f2ba73
+      ..bfc43528
+      ..216bc923
+      ..76d4b2f9
+      ..ac55adbf
+      ..1646d34b
+      ..e72c4c2c
+      ..8f8c325c
+      ..e189c5fb
+      ..b76bb529
+      ..de415a86
+..b0f2ba73
+      ..66b4e331
+      ..f4eac60a
+..b0f2ba73
+      ..e119a895
+      ..a1e8e889
+..b0f2ba73
+      ..84927ada
+      ..216bc923
+      ..8afd37e0
+      ..5254b32c
+      ..7b9ecb24
+      ..a1e8e889
+..b0f2ba73
+      ..96a590ce
+      ..216bc923
+      ..fa621ed2
+      ..0cc02eb2
+      ..28805932
+      ..a1e8e889
+..b0f2ba73
+      ..adb7bef1
+      ..216bc923
+      ..fa621ed2
+      ..0cc02eb2
+      ..5cb66662
+      ..a1e8e889
+..b0f2ba73
+      ..d36624f2
+    }..0261de35
+}..ea4bea47
--- /de..be1a4cd0
+﻿usi..1120df90
+using ..b2ce23af
+using ..f3cbebba
+using ..1d3baaf8
+using ..2464a427
+using ..ecb46819
+using ..139634af
+..b0f2ba73
+namesp..431ca7ef
+{..4f7923e1
+    pu..4f05d5e6
+    {..1567fb9c
+      ..0683cb18
+..b0f2ba73
+      ..21b6a470
+      ..393b9605
+..b0f2ba73
+      ..d36624f2
+..b0f2ba73
+      ..bc0665d1
+..b0f2ba73
+      ..11407681
+      ..1a5ccd1a
+      ..216bc923
+      ..8890fbd1
+      ..a1e8e889
+..b0f2ba73
+      ..c7c40a90
+      ..216bc923
+      ..36671068
+      ..a1e8e889
+..b0f2ba73
+      ..d36624f2
+..b0f2ba73
+      ..07854b99
+..b0f2ba73
+      ..b01dbb12
+..b0f2ba73
+      ..e041e74a
+..b0f2ba73
+      ..d36624f2
+..b0f2ba73
+      ..6fd9027e
+..b0f2ba73
+      ..6224cc4d
+      ..216bc923
+      ..2ab4321b
+      ..9cf2818c
+      ..a1e8e889
+..b0f2ba73
+      ..bfc43528
+      ..216bc923
+      ..76d4b2f9
+      ..ac55adbf
+      ..a3c0c371
+      ..f620c2c1
+      ..de415a86
+..b0f2ba73
+      ..e119a895
+      ..a1e8e889
+..b0f2ba73
+      ..84927ada
+      ..216bc923
+      ..df5ca87e
+      ..a1e8e889
+..b0f2ba73
+      ..affa83f7
+      ..216bc923
+      ..fa621ed2
+      ..0cc02eb2
+      ..0b1bae66
+      ..a1e8e889
+..b0f2ba73
+      ..28538292
+      ..216bc923
+      ..fa621ed2
+      ..0cc02eb2
+      ..947d7f67
+      ..a1e8e889
+..b0f2ba73
+      ..45395ec4
+      ..216bc923
+      ..fa621ed2
+      ..0cc02eb2
+      ..743692e6
+      ..a1e8e889
+..b0f2ba73
+      ..d36624f2
+    }..0261de35
+}..ea4bea47
--- /de..be1a4cd0
+﻿usi..1120df90
+using ..c89f1721
+using ..a146e23b
+using ..41ae6bd3
+using ..77880979
+using ..14c9582c
+using ..f3cbebba
+using ..1d3baaf8
+using ..6b7b7652
+using ..55aa4de9
+using ..4ae2fb3e
+using ..2464a427
+using ..ecb46819
+using ..9f5b6207
+..b0f2ba73
+namesp..431ca7ef
+{..4f7923e1
+    pu..8badb86e
+      ..1de403da
+    {..1567fb9c
+      ..0683cb18
+..b0f2ba73
+      ..3c31af05
+      ..d31feb70
+      ..63f63f25
+..b0f2ba73
+      ..d36624f2
+..b0f2ba73
+      ..bc0665d1
+..b0f2ba73
+      ..183a3eb3
+      ..216bc923
+      ..b12ac3e4
+      ..504c1dff
+      ..16a1753c
+      ..a1e8e889
+..b0f2ba73
+      ..d36624f2
+..b0f2ba73
+      ..07854b99
+..b0f2ba73
+      ..4e67a24a
+..b0f2ba73
+      ..e42ff6a9
+..b0f2ba73
+      ..d36624f2
+..b0f2ba73
+      ..6fd9027e
+..b0f2ba73
+      ..6224cc4d
+      ..216bc923
+      ..d383a4cc
+      ..7915a359
+      ..a1e8e889
+..b0f2ba73
+      ..40e38767
+      ..216bc923
+      ..1059378f
+      ..ac55adbf
+      ..0534df0b
+      ..e72c4c2c
+      ..61dd670f
+      ..b76bb529
+      ..de415a86
+..b0f2ba73
+      ..76d4b2f9
+      ..ac55adbf
+      ..a3c0c371
+      ..dfa0ede5
+      ..414c1c08
+      ..8bfb079d
+      ..4f669b5e
+      ..de415a86
+..b0f2ba73
+      ..66b4e331
+      ..ac55adbf
+      ..046ba5cd
+      ..b0f64b9a
+      ..f71e9994
+      ..0d72ee10
+      ..e72c4c2c
+      ..edbac457
+      ..b76bb529
+..b0f2ba73
+      ..d21f5256
+      ..66b125e9
+      ..e15349dc
+      ..de415a86
+..b0f2ba73
+      ..e119a895
+      ..a1e8e889
+..b0f2ba73
+      ..565c99dd
+..b0f2ba73
+      ..af3e074e
+      ..216bc923
+      ..fa621ed2
+      ..0cc02eb2
+      ..e735ea5a
+      ..a1e8e889
+..b0f2ba73
+      ..18035374
+      ..216bc923
+      ..fa621ed2
+      ..0cc02eb2
+      ..e735ea5a
+      ..a1e8e889
+..b0f2ba73
+      ..d36624f2
+..b0f2ba73
+      ..5fccb880
+..b0f2ba73
+      ..1ee522b5
+..b0f2ba73
+      ..7aa19059
+      ..216bc923
+      ..13d197d9
+      ..ee0f799a
+      ..24215ebb
+      ..cae1e84f
+      ..f12438f8
+      ..a1e8e889
+..b0f2ba73
+      ..36171d5f
+      ..216bc923
+      ..70ee1b37
+      ..ac55adbf
+      ..2baea105
+      ..89e26c04
+      ..de415a86
+      ..a1e8e889
+..b0f2ba73
+      ..1a5e2914
+      ..216bc923
+      ..6db6fd13
+      ..a1e8e889
+..b0f2ba73
+      ..b1566ad5
+      ..216bc923
+      ..41150e83
+      ..7915a359
+      ..a1e8e889
+..b0f2ba73
+      ..d36624f2
+..b0f2ba73
+      ..b9b281d9
+..b0f2ba73
+      ..b2c231c1
+      ..216bc923
+      ..3b58ed3a
+      ..a1e8e889
+..b0f2ba73
+      ..d36624f2
+    }..0261de35
+}..ea4bea47
-using ..ea815f50
-using ..edfcc009
-using ..42d6f022
-using ..4aca6810
-using ..2cd15411
+using ..a146e23b
+using ..4ae2fb3e
-using ..52296650
+using ..9f5b6207
-    pu..df443feb
+    pu..f8c58a2d
-      ..d17fd220
-..f44fa7dc
-      ..50e5c6d5
-      ..71df44ae
-..f44fa7dc
-      ..7a8a90a5
-..f44fa7dc
-      ..c3514c0a
-      ..f23bd51b
+      ..03149af4
+      ..f49ee11f
-      ..99f662e6
-      ..74f8d8ed
+      ..d80f54e7
+      ..4cad5f71
-      ..788a20f7
-      ..94ee2553
-..f44fa7dc
-      ..b1159eaf
-..f44fa7dc
-      ..0ea5390d
-..f44fa7dc
-      ..7a8a90a5
-..f44fa7dc
-      ..fdd8e055
+      ..2f8bbdc4
-      ..5c92fd4f
-      ..952f860a
+      ..7d3331a3
+      ..b30d8e89
-      ..304e9513
-      ..074c7f73
-      ..06b2dcd9
-      ..e112d3bb
-      ..a4e7a67c
-      ..35345a9d
-      ..a02f9091
-      ..45367551
-      ..f1728fcd
-      ..59e32a1e
-..f44fa7dc
-      ..a81e70ca
-      ..d97c16ee
-..f44fa7dc
-      ..4090bdde
-      ..f09dae5d
-..f44fa7dc
-      ..62538897
-      ..074c7f73
-      ..21e40cc1
-      ..399a15bb
-      ..95db99ad
-      ..f09dae5d
+      ..d36624f2
-      ..ff1e2f03
-      ..074c7f73
-      ..c4dbb58c
-      ..01912ee7
-      ..e76e245c
-      ..f09dae5d
+      ..5fccb880
-      ..f49c6684
+      ..c96a0cef
-      ..c4dbb58c
-      ..01912ee7
-      ..1b2c15f0
+      ..25c62c90
-using ..02530814
-      ..d17fd220
-..f44fa7dc
-      ..aba0c45b
-..f44fa7dc
-      ..7a8a90a5
-..f44fa7dc
-      ..7459b2ea
-..f44fa7dc
-      ..a182864e
-      ..074c7f73
-      ..278fa227
-      ..f09dae5d
-..f44fa7dc
-      ..7a8a90a5
-..f44fa7dc
-      ..2c5fa706
-      ..555d0304
-      ..c0194d9c
-      ..48f9e9a2
+      ..dbcb9b5a
+      ..5975e9d7
+      ..d8f99e69
-      ..2ae66fb4
+      ..12e2110b
-      ..bdf3452a
-      ..f0ac0109
+      ..80da78cd
+      ..9c93c3a8
-      ..cebbc6e0
+      ..39fa5c29
-      ..960a05b7
-      ..e112d3bb
-      ..f59b2a59
-      ..35345a9d
-      ..295ec06d
-      ..f8e213a9
-      ..2e5ed870
-..f44fa7dc
-      ..1fbe213d
-      ..0ddcef41
-      ..17482361
-      ..196c6a6c
-      ..6ca913a5
-      ..3bb639f2
-      ..f1728fcd
-      ..59e32a1e
-..f44fa7dc
-      ..c617a0fa
+      ..106817d0
+      ..216bc923
+      ..0fd3fca3
+      ..55ad9d61
+      ..a1e8e889
+..b0f2ba73
-      ..2aa97bc1
+      ..679de9bc
-using ..ea815f50
-using ..42d6f022
-using ..4aca6810
+using ..4ae2fb3e
-using ..52296650
-    pu..2afd30ac
+    pu..a7a8b1d0
-      ..50e5c6d5
-      ..24a3f635
+      ..411f3723
-      ..a3526212
-      ..93ee621e
+      ..5c1042c7
+      ..ba379439
-      ..99f662e6
+      ..ea8b1daa
-      ..f97f361a
+      ..ae74b3ab
+      ..15e65ba0
-      ..0e27f634
-      ..7a8a90a5
-..f44fa7dc
-      ..94ee2553
-..f44fa7dc
-      ..b1159eaf
-..f44fa7dc
-      ..96724bb7
-..f44fa7dc
-      ..7a8a90a5
-..f44fa7dc
-      ..9cd56f72
-..f44fa7dc
-      ..fdd8e055
+      ..f3481d4c
-      ..5c92fd4f
-      ..19214d02
-      ..304e9513
-      ..074c7f73
-      ..06b2dcd9
-      ..e112d3bb
-      ..23032664
-      ..a986f861
-      ..59e32a1e
+      ..d36624f2
-      ..4090bdde
-      ..f09dae5d
+      ..6fd9027e
-      ..62538897
+      ..2f8bbdc4
-      ..0f520534
+      ..772e2c7d
+      ..ce8573ec
+      ..0e1dca3b
-      ..5dfb872f
+      ..45395ec4
-      ..3f7a192c
+      ..cc179fc4
-      ..c89584bd
-      ..074c7f73
-      ..c4dbb58c
-      ..01912ee7
-      ..d7ed5949
-      ..f09dae5d
+      ..d36624f2
-      ..6231c271
+      ..5fccb880
+..b0f2ba73
+      ..d838371d
-      ..c4dbb58c
-      ..01912ee7
-      ..c0693281
+      ..735277ea
+      ..eea74f3f
+      ..af78b4cc
+..b0f2ba73
+      ..a6845335
+      ..581d6ad9
+..b0f2ba73
+      ..60ea62f0
+      ..834259d0
+..b0f2ba73
+      ..50694562
+      ..0c421310
+..b0f2ba73
+      ..cf74f566
+..b0f2ba73
+      ..d0ca6605
+      ..a1ba1381
+..b0f2ba73
+using ..eea00d6f
-using ..2d51186d
-      ..a311c5f0
+      ..6c5b36cb
-      ..a311c5f0
+      ..4ccfa877
-      ..cdf86ac1
+      ..e9389d37
-      ..c1020095
-      ..6691c6d7
+      ..30c7d11a
-      ..71becaf6
-      ..16aac80a
-      ..4828ef91
+      ..9f247e5b
+    <C..70caeda3
--- /de..be1a4cd0
+﻿usi..1120df90
+..b0f2ba73
+namesp..76abfb50
+{..4f7923e1
+    pu..d6004b4f
+    {..1567fb9c
+      ..bc0665d1
+..b0f2ba73
+      ..0d5c21e5
+      ..216bc923
+      ..a1e8e889
+..b0f2ba73
+      ..1cc06fd8
+      ..216bc923
+      ..a1e8e889
+..b0f2ba73
+      ..3445b86d
+      ..984614d6
+      ..216bc923
+      ..a1e8e889
+..b0f2ba73
+      ..d36624f2
+    }..0261de35
+}..ea4bea47
+using ..55aa4de9
-	publi..4a2c3ce7
-	{..8099dd54
-		#reg..95199142
-..f44fa7dc
-		priv..3f861018
-..f44fa7dc
-		#end..8c4549be
-..f44fa7dc
-		#reg..d3aa2992
-..f44fa7dc
-		publ..55746032
-		{..b52d7e7a
-			_rp..d0c761c5
-		}..8b50f9da
-..f44fa7dc
-		#end..8c4549be
-..f44fa7dc
-		#reg..23f18fa5
-..f44fa7dc
-		publ..025775f4
-		{..b52d7e7a
-			var..cd31bf0e
-			var..1bc27a92
-			var..4e3ff405
-			var..c4491482
-			{..21c68311
-				{"..6ea53594
-				{"..e8ecbd61
-			});..fd8f0e45
-			if ..5570374c
-				th..3a59375b
-			ret..2fb98870
-		}..8b50f9da
-..f44fa7dc
-		#end..8c4549be
-	}..bb76c654
+    pu..e6f8209e
+    {..1567fb9c
+      ..0683cb18
+..b0f2ba73
+      ..39afee28
+..b0f2ba73
+      ..d36624f2
+..b0f2ba73
+      ..bc0665d1
+..b0f2ba73
+      ..a396e20b
+      ..216bc923
+      ..c924b7a3
+      ..a1e8e889
+..b0f2ba73
+      ..d36624f2
+..b0f2ba73
+      ..6fd9027e
+..b0f2ba73
+      ..c29e70ce
+      ..216bc923
+      ..0ce6ee70
+      ..c7513351
+      ..6cbd3d80
+      ..d1652fc6
+      ..ac55adbf
+      ..3b8c92b8
+      ..86d60921
+      ..54b9f56e
+      ..b3fc0c4b
+      ..1bd3cc16
+      ..fdc03476
+      ..a1e8e889
+..b0f2ba73
+      ..d36624f2
+    }..0261de35
+      ..11be2855
-      ..0853eda2
+..b0f2ba73
+      ..476c2115
+      ..ac55adbf
+      ..fe467eb6
+      ..e72c4c2c
+      ..fcb4c04c
+      ..74e9cca9
+      ..6c0305fe
+      ..b76bb529
+      ..54b9f56e
-..f44fa7dc
-      ..a46bdd7c
-      ..d402342e
+      ..571e87e0
+      ..34da4277
-      ..9acce817
-      ..f1728fcd
-      ..1e8192fb
-      ..35345a9d
-      ..91af0c9d
-      ..78676e49
-      ..f1728fcd
-      ..9bb30247
-      ..35345a9d
-      ..71be0de9
-      ..f1728fcd
-      ..83456b28
-      ..35345a9d
-      ..25f0b807
+      ..445562d9
+      ..291d2219
+      ..c8aa5137
+      ..f8db042c
+      ..3cd808c0
+      ..3d43c154
+      ..ae384ab9
+      ..285d717f
+      ..f8db042c
+      ..62c31b68
+      ..3d43c154
+      ..ae384ab9
+      ..006a4d44
+      ..f8db042c
+      ..e6c78c21
+      ..3d43c154
+      ..ae384ab9
+      ..a009d128
+      ..f8db042c
+      ..c77805db
+      ..ae384ab9
+      ..96552a97
+      ..f86e1ede
+..b0f2ba73
+      ..5213da84
+      ..fb6e1433
+      ..2545060e
+      ..f8db042c
+      ..3e2b0acc
+      ..c9f74793
+      ..33656909
+      ..b2caa6c4
+      ..12dace6f
+      ..4e0616d1
+      ..f8db042c
+      ..2cbe7e6b
+      ..4f88b3e9
+      ..ae384ab9
+      ..699dfad0
+      ..e8eb703e
-      ..d921912c
-      ..98c116d1
-..f44fa7dc
-      ..15749ea8
-      ..f6279eff
-      ..d1978c92
-      ..a4e3e153
-      ..0ec206f5
-      ..2e3e0e87
+      ..7f53e5bb
-      ..e264d674
-      ..8e68158f
+      ..9a1ac7e5
+      ..0b27d741
+      ..f8db042c
+      ..fefe51c4
+      ..4062491c
+      ..ae384ab9
-      ..bf8fa7f0
-      ..ed4e317b
-using ..5957e445
+using ..3cadec85
-      ..8f9688cb
+      ..023980b9
-      ..8f9688cb
+      ..023980b9
-      ..53248dc1
+      ..87b1add8
-      ..ce2d044b
+      ..8487674f
+..b0f2ba73
+      ..b102e274
+      ..0f1c4dcb
+      ..3f5167e5
-    <D..c6f2e5bf
+    <D..7ead7f6b
+using ..eea00d6f
-      ..e5654406
+      ..a6501ccd
-      ..2bc07c6f
+      ..83977626
-      ..71becaf6
-      ..16aac80a
+      ..1054df1d
-      ..3d0d3afa
+      ..37f3c0c5
-      ..119d3adc
+      ..668cf58d
+using ..a146e23b
+using ..eea00d6f
+using ..41ae6bd3
+using ..77880979
+using ..14c9582c
+using ..6b7b7652
+#if !D..9c655993
+      ..e4f84f60
+#endif..5ee0d90b
+..b0f2ba73
+      ..0f7182ff
+      ..45348ddc
+      ..b3afc3c8
+..b0f2ba73
+      ..273bfd13
+      ..f19de92d
+..b0f2ba73
+      ..6d6eaab7
+      ..72fd4e4c
+..b0f2ba73
+      ..049e3e6f
+      ..3f5167e5
+using ..eea00d6f
-      ..f382e90e
+      ..4b90ca09
-      ..e5654406
+      ..a6501ccd
-      ..2933b819
+      ..de31d2ec
-      ..02e120ef
-      ..4828ef91
+      ..6d0cb00d
-      ..2bc07c6f
+      ..83977626
-      ..ed658958
+      ..38917f36
-      ..16aac80a
-      ..ccb3fb59
+      ..35eebd2b
+      ..7d46e3a0
-		{9D1..a25957a1
-		{9D1..23ecf601
+		{9D1..a6027944
+		{9D1..d4e6acae
-    <I..393cc83d
+    <I..983106de
-    <I..393cc83d
+    <I..983106de
-    <I..393cc83d
+    <I..983106de
-    <I..393cc83d
+    <I..983106de
-    <I..393cc83d
+    <I..983106de
-    <I..393cc83d
+    <I..983106de
-    <I..393cc83d
+    <I..983106de
-    <I..393cc83d
+    <I..983106de
+    <C..156aca24
+    <C..809b0f24
+    <C..4eb9047d
+    <C..fd1b4662
+    <C..8dbeb609
+    <F..f92f5a6a
+      ..f6958eb5
+    </..839c78fb
-    <C..68ce64cb
+    <C..8dac3032
+      ..ed86f502
+    </..b13c19fe
+    <C..696f7ebc
+      ..ed86f502
+    </..b13c19fe
+    <C..e06f0a22
+      ..ed86f502
+    </..b13c19fe
+    <C..0a29fb5e
-    <C..8a88bd85
+    <C..a0f914e8
+    <C..e675fc72
-    <C..c3041a68
-    <C..2de8a1ca
+    <C..5a64e929
+    <C..9677d0ec
+      ..4c74034b
+    </..dacfa106
+    <C..9c984587
+      ..ddb06872
+    </..dacfa106
--- /de..be1a4cd0
+#inclu..5d776017
+#inclu..d5bab19f
+#inclu..a5e0a654
+#inclu..a452c591
+#inclu..2c7b0aa3
+#inclu..030ea773
+#inclu..48e163fb
+#inclu..6adf108a
+//#inc..86c0089a
+#inclu..8df497b4
+#inclu..44870d20
+..b0f2ba73
+#defin..5e5c1f37
+..b0f2ba73
+static..110a41e0
+    'B..89c9e440
+};..61f8f89e
+..b0f2ba73
+/* LCO..4576eb45
+/* Che..7ffcd582
+static..f4e4bec8
+{..4f7923e1
+#defin..95321ade
+#defin..7b21567b
+..b0f2ba73
+    /*..6a32c45d
+    BU..157a2056
+    BU..5d870f6a
+    BU..a8c4581b
+    BU..fedda485
+    BU..675089fa
+..b0f2ba73
+    /*..06aca7c5
+    BU..d26a3aa3
+    BU..e8d20b5c
+..b0f2ba73
+    /*..38f62f9e
+    BU..6c6cf2cd
+..b0f2ba73
+    /*..3be4e9d5
+     *..6571f962
+     *..39277904
+     *..7dbc52d8
+     *..404b402d
+     *..48f6b023
+     *..ce61f502
+     *..e17e31e0
+     *..146036c9
+    BU..944051bb
+    BU..272dd0a3
+      ..b916c7f2
+      ..4218dce2
+}..ea4bea47
+/* LCO..ddf16f9a
+..b0f2ba73
+static..e9ebecff
+{..4f7923e1
+    si..1fb9a8b5
+    fo..d7fb1167
+      ..7441e8fc
+      ..7e8d15be
+    re..2c459214
+}..ea4bea47
+..b0f2ba73
+static..f82ff5c2
+{..4f7923e1
+    re..dd1b3595
+}..ea4bea47
+..b0f2ba73
+static..d9c40594
+{..4f7923e1
+    if..7099ebf5
+      ..6d7291a5
+..b0f2ba73
+    re..4f4d68f4
+      ..f33fd9f9
+}..ea4bea47
+..b0f2ba73
+static..fefaca8e
+{..4f7923e1
+    re..c0f07a9c
+}..ea4bea47
+..b0f2ba73
+static..051eaa65
+{..4f7923e1
+    re..6b12b42d
+}..ea4bea47
+..b0f2ba73
+static..6257854e
+{..4f7923e1
+    ke..44980180
+    wa..ac964a8f
+}..ea4bea47
+..b0f2ba73
+/* Com..d9dbc7e9
+static..a33fea10
+{..4f7923e1
+    re..97ce8f06
+      ..7c3b057d
+      ..e6135b3f
+      ..8d80e5d7
+}..ea4bea47
+..b0f2ba73
+static..8343b322
+{..4f7923e1
+    wa..4ac55844
+      ..780849ad
+}..ea4bea47
+..b0f2ba73
+int bi..a0c11ce0
+{..4f7923e1
+    if..20f05315
+      ..71e47b80
+    wa..7efb8173
+    re..3bb3b7fe
+}..ea4bea47
+..b0f2ba73
+static..76beb11b
+    re..2d2ac64f
+      ..b9928b4a
+}..ea4bea47
+..b0f2ba73
+int bi..ca3a53ba
+      ..bf0fe322
+      ..d1845273
+{..4f7923e1
+    co..05910b43
+    st..e845d5fe
+..b0f2ba73
+    if..d1922197
+      ..814bd663
+      ..44c5d2d8
+      ..71e47b80
+..b0f2ba73
+    wa..72f2c3eb
+    ke..78f92a98
+..b0f2ba73
+    if..da8744a7
+      ..3799607c
+..b0f2ba73
+    /*..26d29163
+    hm..3990500f
+..b0f2ba73
+    /*..1cfb3bbd
+    if..f3d840b2
+      ..af327195
+      ..fd044489
+    }..0261de35
+..b0f2ba73
+    /*..f92270f9
+    ke..c91d653a
+    me..177f4668
+    if..f572f20a
+      ..e860afb2
+      ..71e47b80
+    }..0261de35
+..b0f2ba73
+    /*..e7c7dd96
+    me..c7a752c1
+..b0f2ba73
+    ke..6b7b5296
+    ke..cb3b1b60
+    if..c53c9bf3
+      ..c5160483
+    wa..b941b524
+    re..3bb3b7fe
+}..ea4bea47
+..b0f2ba73
+#defin..ca9f00df
+    if..8f1984a5
+      ..fba6d645
+    *o..ceb21fdb
+    if..597074a0
+      ..167f3c61
+    wa..f2419a75
+..b0f2ba73
+int bi..81bc1dfe
+      ..5cd08cfa
+      ..8c2e0a86
+{..4f7923e1
+    in..4f182902
+..b0f2ba73
+    AL..f6a4a5de
+    re..f8bde78b
+      ..0c2098ca
+    if..2cacdcd2
+      ..a8608b3d
+      ..a1a8a5d4
+    }..0261de35
+    re..cb6e6b0a
+}..ea4bea47
+..b0f2ba73
+static..514bbf1d
+      ..05e9ed8c
+{..4f7923e1
+    me..7c85dc7e
+    re..f9f056f3
+}..ea4bea47
+..b0f2ba73
+static..82bc6b96
+{..4f7923e1
+    bo..175cb771
+    bo..169da547
+    ui..2887f617
+..b0f2ba73
+    if..78d331a2
+      ..f39a5bd0
+..b0f2ba73
+    if..a416ba4c
+      ..36ad1c8e
+      ..d11bdb20
+      ..f39a5bd0
+..b0f2ba73
+    if..5d3875e2
+      ..1ff1ca1f
+      ..f39a5bd0
+..b0f2ba73
+    if..e2bc27e9
+      ..f1e6a274
+      ..f39a5bd0
+..b0f2ba73
+    if..76acd295
+      ..f39a5bd0
+..b0f2ba73
+    if..ad352e8f
+      ..42321b4e
+      ..f39a5bd0
+..b0f2ba73
+    re..2c459214
+}..ea4bea47
+..b0f2ba73
+int bi..cc823e39
+      ..8e80cbaa
+{..4f7923e1
+    co..b8091970
+    un..f44f3e42
+    ui..c7c19221
+    be..1524d856
+..b0f2ba73
+    if..0fda7b83
+      ..02600a6a
+..b0f2ba73
+    /*..124e6711
+    if..512367ac
+      ..c9728523
+      ..1df7a7d0
+      ..726250dc
+      ..71e47b80
+..b0f2ba73
+    tm..af5f08b5
+    if..2a1348b3
+      ..763002de
+      ..1667a915
+      ..9aa78cf5
+      ..82392e1c
+      ..2b8af6f4
+    }..0261de35
+    tm..aea55ce4
+    ou..bc29abb9
+..b0f2ba73
+    *o..8f11eb02
+..b0f2ba73
+    /*..4318caf0
+    ou..f57210be
+..b0f2ba73
+    tm..513486ae
+    ou..bc29abb9
+..b0f2ba73
+    ou..2acff39d
+..b0f2ba73
+    if..adf2cc9b
+      ..914659c4
+    el..2bd2af08
+      ..de9f565f
+..b0f2ba73
+    re..3bb3b7fe
+}..ea4bea47
+..b0f2ba73
+static..9c62996e
+      ..5e17a319
+{..4f7923e1
+    me..7c85dc7e
+    re..c79f5dd8
+}..ea4bea47
+..b0f2ba73
+/* Wip..82bdbe42
+static..428e3287
+{..4f7923e1
+    wa..72f2c3eb
+    re..95a7dec5
+}..ea4bea47
+..b0f2ba73
+int bi..53c51fca
+      ..c0895682
+{..4f7923e1
+    if..8190169f
+      ..71e47b80
+..b0f2ba73
+    wa..72f2c3eb
+..b0f2ba73
+    by..66fe4a4b
+    ke..f67ff0e6
+    if..a57e5699
+      ..1a63b86f
+..b0f2ba73
+    by..b6e7f96b
+..b0f2ba73
+    /*..30cf3b8c
+     *..31669dbe
+     *..ba60f013
+     *..146036c9
+    by..aa9d926f
+    by..588e87fb
+    ke..1f1eacab
+    by..14095579
+..b0f2ba73
+    if..12755dfd
+      ..e4fee21a
+      ..38e17a8e
+      ..3f18abf9
+..b0f2ba73
+      ..c1a3e515
+      ..6751886e
+      ..adc445e4
+    } ..98a76be0
+      ..fa767d23
+      ..3c29b041
+      ..5a8407b2
+..b0f2ba73
+      ..7a09cb7f
+      ..a906ebc4
+    }..0261de35
+..b0f2ba73
+    ke..843752d2
+    re..3bb3b7fe
+}..ea4bea47
+..b0f2ba73
+int bi..9d1444c6
+      ..82f8bf50
+{..4f7923e1
+    in..4f182902
+..b0f2ba73
+    AL..f6a4a5de
+    re..c2628cb2
+    if..0f8c2509
+      ..a8608b3d
+      ..5c87fc7d
+    }..0261de35
+    re..cb6e6b0a
+}..ea4bea47
+..b0f2ba73
+/* BIP..53501368
+ *..4b5338dc
+ * The..ebfdeed4
+ *..4b5338dc
+ * Par..17b1c663
+ * pri..6df3aad0
+ * pri..d0d575f9
+ * pri..17eeb7f3
+ * pri..e20ba927
+ * pub..7f9d34c4
+ * pub..0c1e354d
+ * pub..d19f2b1b
+ * pub..baaab9f4
+ *..4b5338dc
+ * The..695b195b
+ * and..2ead8f3d
+ * des..26ee3857
+ * no ..d9dd510d
+ * Fur..3f75e581
+ */..fcbda50b
+int bi..fb96e3d0
+      ..4c7a9906
+{..4f7923e1
+    st..e845d5fe
+    co..05910b43
+    co..f71370c9
+    co..9787810a
+    co..ec54e41e
+..b0f2ba73
+    if..5be3a32a
+      ..69df8d08
+..b0f2ba73
+    if..e4f0dc99
+      ..71e47b80
+..b0f2ba73
+    if..da8744a7
+      ..3799607c
+..b0f2ba73
+    if..b9e1f6ef
+      ..60992ec5
+..b0f2ba73
+    if..e3796817
+      ..936f6fa5
+..b0f2ba73
+    /*..1eee54da
+     *..28a82764
+     *..329db1f6
+     *..404b402d
+     *..bf8326b6
+     *..f73fa75f
+     *..a19bc6da
+     *..d6e4f27f
+     *..404b402d
+     *..cf41ac92
+     *..317d6d96
+     *..146036c9
+..b0f2ba73
+    /*..ddabfbf1
+    if..1571dea2
+      ..b4630c13
+      ..8e351c64
+    } ..98a76be0
+      ..221ef305
+      ..cb7da33c
+      ..0322038c
+      ..ee9bdbc1
+      ..648cb266
+    }..0261de35
+..b0f2ba73
+    /*..aa8bcb81
+    ke..aeffc357
+..b0f2ba73
+    /*..ffcf7dfa
+    hm..dff021ce
+      ..532fae06
+      ..ec3b58d8
+..b0f2ba73
+    /*..b42957b4
+     *..1a64f28a
+     *..146036c9
+    me..7ba02355
+      ..745f133c
+..b0f2ba73
+    if..a5380d33
+      ..5772559f
+      ..868e1fc2
+      ..341c8025
+      ..ee9bdbc1
+      ..8e351c64
+      ..6a070fea
+      ..c8e6fb85
+      ..ccdbd1e2
+      ..a1e8e889
+..b0f2ba73
+      ..18c63176
+      ..c8e6fb85
+      ..adc445e4
+      ..a1e8e889
+    } ..98a76be0
+      ..aa1d7a78
+      ..c8ec0503
+      ..17e98c8e
+      ..7ee2a495
+      ..ee9bdbc1
+      ..53ac37c3
+      ..cbdf9fbe
+..b0f2ba73
+      ..b94cc57a
+      ..dd2bd95c
+      ..4b03e60f
+      ..8dc006df
+      ..5e0d4f3e
+      ..697b32f3
+      ..ab4cbf8b
+      ..c8e6fb85
+      ..adc445e4
+      ..a1e8e889
+    }..0261de35
+..b0f2ba73
+    if..ce6777a7
+      ..6aeba250
+      ..de9f93a2
+      ..7e92dfd7
+      ..2e77d0cb
+..b0f2ba73
+    } ..98a76be0
+      ..6aeba250
+      ..a50d44a5
+      ..7e92dfd7
+      ..6702f22c
+..b0f2ba73
+      ..a906ebc4
+    }..0261de35
+..b0f2ba73
+    ke..3c3f9a86
+    ke..75b73d3b
+    if..98d6a323
+      ..5a1ade58
+      ..8cc5b521
+    el..15d5dfd7
+      ..ba820fcb
+      ..c5160483
+    }..0261de35
+    wa..b941b524
+    re..3bb3b7fe
+}..ea4bea47
+..b0f2ba73
+int bi..4d6faf3f
+      ..6d2c567c
+      ..82f8bf50
+{..4f7923e1
+    in..4f182902
+..b0f2ba73
+    AL..f6a4a5de
+    re..bb0c08be
+    if..0f8c2509
+      ..a8608b3d
+      ..5c87fc7d
+    }..0261de35
+    re..cb6e6b0a
+}..ea4bea47
+..b0f2ba73
+int bi..25dea9d7
+      ..5e31d1ad
+      ..a2256abd
+{..4f7923e1
+    /*..866193f3
+    ui..cb1f435e
+    st..6c159fd6
+    si..b1008b40
+    in..4f182902
+..b0f2ba73
+    if..5be3a32a
+      ..69df8d08
+..b0f2ba73
+    if..4adb47de
+      ..71e47b80
+..b0f2ba73
+    fo..a3a22cdc
+      ..8ade6f6a
+      ..49ba856a
+      ..0d6d1d57
+      ..c3e24f9d
+      ..f8ac4eee
+      ..29f36f64
+      ..a05aa6f5
+      ..c3f621c0
+    }..0261de35
+..b0f2ba73
+    if..a81115df
+      ..cc32f115
+..b0f2ba73
+    wa..bb6aaad9
+    re..cb6e6b0a
+}..ea4bea47
+..b0f2ba73
+int bi..9951a594
+      ..75b8c071
+      ..c8f4e1e5
+      ..25bbbf81
+{..4f7923e1
+    in..4f182902
+..b0f2ba73
+    AL..f6a4a5de
+    re..874f9494
+      ..db64dd7f
+    if..0f8c2509
+      ..a8608b3d
+      ..5c87fc7d
+    }..0261de35
+    re..cb6e6b0a
+}..ea4bea47
+..b0f2ba73
+int bi..e6b46464
+      ..94ee06f6
+      ..d15c54fc
+      ..5306e20e
+      ..9d965557
+      ..2d510695
+      ..b964f58d
+{..4f7923e1
+    st..eea0c962
+..b0f2ba73
+    if..6f9ae08a
+      ..71e47b80
+    *o..e0bf45f6
+..b0f2ba73
+    sw..d489e865
+    ca..3cea89d5
+    ca..57a68860
+      ..21c67b58
+      ..c1d0c41b
+      ..490018db
+    ca..f6bb7f1d
+    ca..bfabe878
+      ..358f72cb
+      ..c1d0c41b
+      ..490018db
+    }..0261de35
+..b0f2ba73
+    if..f10e369e
+      ..71e47b80
+..b0f2ba73
+    if..a366b483
+      ..a227443c
+      ..48be70ae
+      ..ab7e8102
+      ..71e47b80
+..b0f2ba73
+    AL..f6a4a5de
+..b0f2ba73
+    ke..5f0eb4d7
+    ke..78f92a98
+    ke..06faf4bc
+    ke..75b73d3b
+..b0f2ba73
+    me..d0b38498
+    if..36abc569
+      ..4cb0a43b
+    el..2bd2af08
+      ..d7670623
+    if..b83fc5d9
+      ..8f762ffe
+    el..f368ab53
+      ..62bafd11
+      ..731da35e
+      ..45948e58
+      ..7974c88c
+      ..522e3db7
+      ..74ace923
+      ..c1b73df2
+      ..a1e8e889
+    }..0261de35
+    if..8f021c4b
+      ..e1cccc2b
+    el..2bd2af08
+      ..c5160483
+    if..32ad09b7
+      ..b3f412c9
+..b0f2ba73
+    re..3bb3b7fe
+}..ea4bea47
+..b0f2ba73
+..b0f2ba73
+#if de..fe17612b
+..b0f2ba73
+/* Get..c90d6e4a
+..b0f2ba73
+static..2a7810ed
+      ..4d4b97ee
+      ..4c346913
+{..4f7923e1
+    if..0ab5a8e4
+      ..71e47b80
+    me..8c0c4258
+    re..3bb3b7fe
+}..ea4bea47
+..b0f2ba73
+#defin..7e59d442
+    in..15632576
+      ..da1f8784
+    }..0261de35
+..b0f2ba73
+GET_B(..657c57bc
+GET_B(..bb4be269
+GET_B(..a7ccb944
+GET_B(..e08c3afc
+..b0f2ba73
+int bi..0b332be7
+    re..2f61606c
+}..ea4bea47
+..b0f2ba73
+..b0f2ba73
+#defin..bda97f14
+    in..ab03cc1a
+      ..655ba35a
+      ..f8dd854b
+      ..e1c804b0
+      ..5d0a91f7
+    }..0261de35
+..b0f2ba73
+GET_I(..de38e738
+GET_I(..587efada
+GET_I(..4562a472
+..b0f2ba73
+#endif..42d06826
--- /de..be1a4cd0
+#ifnde..c06d0608
+#defin..0df470fd
+..b0f2ba73
+#inclu..5d776017
+..b0f2ba73
+#ifdef..86c7650b
+extern..7a3601f3
+#endif..5ee0d90b
+..b0f2ba73
+/** Th..9dd36eff
+#defin..7e356dab
+#defin..ef590865
+#defin..ba819d37
+..b0f2ba73
+/** Le..897017e6
+#defin..e1a6ff54
+..b0f2ba73
+/** Ch..8151bcab
+#defin..62574017
+..b0f2ba73
+/** In..44a0dd51
+#defin..ec856898
+/** In..d83b034f
+#defin..7c6e21d1
+/** In..a64adea4
+#defin..50b81ebf
+..b0f2ba73
+/** Ve..33fe52d4
+#defin..0fd50cd4
+#defin..6c8a7c98
+#defin..845d56f3
+#defin..3cf4558a
+..b0f2ba73
+#ifdef..63adc0b4
+struct..cb36e5f7
+#else..22ca2920
+/** An..313e3807
+struct..118b9da6
+    /*..1ea563e6
+    un..45410cf8
+    /*..292f1019
+    un..60c6b243
+    /*..d4f36336
+    ui..6c682e43
+    un..60be52ff
+    /*..76bf4d0d
+    un..708aa27e
+    /*..ade701de
+    ui..70fa4b93
+    /*..b21a9241
+    un..5b90200d
+    /*..ade701de
+    ui..b699e7ca
+    un..612e4616
+    /*..f7248ab6
+    un..32410048
+..b0f2ba73
+	//voi..126efd6b
+};..61f8f89e
+#endif..dfd99643
+..b0f2ba73
+#ifnde..70d7b79e
+/**..d0fba803
+ * Fre..77e7b780
+ * or ..9f925ce1
+ *..4b5338dc
+ * @ke..7441cfc6
+ */..fcbda50b
+int bi..f61226d9
+    co..d08401db
+#endif..3c52d458
+..b0f2ba73
+/**..d0fba803
+ */..fcbda50b
+int bi..2429f037
+    ui..49c2bbf8
+    ui..58517cb8
+    ui..7628680d
+    co..2243c8c5
+    si..3174debc
+    co..7e588970
+    si..ba3a0d0e
+    co..2dfdd0e0
+    si..f807e116
+    co..01c8cdad
+    si..c317ad28
+    co..200d0e06
+    si..dd75c8fd
+    co..a8c50b74
+..b0f2ba73
+#ifnde..f398716d
+/**..d0fba803
+ * Cre..38365945
+ *..4b5338dc
+ * Thi..25bf9c12
+ * @by..a416cc1c
+ * @le..fafe939a
+ *    ..168bdc31
+ * @ve..63f2f940
+ *    ..a714505c
+ * @fl..531cb55a
+ * @ou..7ae4ca55
+ *..4b5338dc
+ * The..7e6e70e0
+ * WAL..00fe100f
+ * new..5a1fa015
+ */..fcbda50b
+int bi..35ca6e44
+    co..5df52854
+    si..80ffff3d
+    ui..49c2bbf8
+    ui..691f4898
+    st..5f71d7c7
+#endif..5ee0d90b
+..b0f2ba73
+/**..d0fba803
+ * As ..f1378114
+ *..4b5338dc
+ * @no..6d634231
+ */..fcbda50b
+int bi..5ac58fee
+    co..5df52854
+    si..80ffff3d
+    ui..49c2bbf8
+    ui..691f4898
+    co..a8c50b74
+..b0f2ba73
+/**..d0fba803
+ * Ser..abd983b7
+ *..4b5338dc
+ * @ke..aa41ef5e
+ * @fl..e470af0d
+ *    ..a73821c1
+ * @by..1fc52ba3
+ * @le..a8515290
+ */..fcbda50b
+int bi..59b95ea2
+    co..b8072f30
+    ui..691f4898
+    un..42577aae
+    si..57dec4ae
+..b0f2ba73
+..b0f2ba73
+#ifnde..f398716d
+/**..d0fba803
+ * Un-..6c086b0a
+ *..4b5338dc
+ * @by..8a459acc
+ * @le..ef6f1335
+ * @ou..02460785
+ */..fcbda50b
+int bi..29aed34e
+    co..5df52854
+    si..80ffff3d
+    st..5f71d7c7
+#endif..5ee0d90b
+..b0f2ba73
+/**..d0fba803
+ * As ..41f23d2b
+ *..4b5338dc
+ * @no..6d634231
+ */..fcbda50b
+int bi..3712c3cb
+    co..5df52854
+    si..80ffff3d
+    co..a8c50b74
+..b0f2ba73
+#ifnde..f398716d
+/**..d0fba803
+ * Cre..939c9767
+ *..4b5338dc
+ * @ke..a7b47760
+ * @ch..8570435e
+ *    ..05f3022d
+ *    ..0c1e03c6
+ *    ..28b74906
+ * @fl..74ca72d4
+ *    ..056da278
+ *    ..cfdd9b22
+ * @ou..193e5675
+ */..fcbda50b
+int bi..272ff8c8
+    co..b8072f30
+    ui..7628680d
+    ui..691f4898
+    st..5f71d7c7
+#endif..5ee0d90b
+..b0f2ba73
+/**..d0fba803
+ * As ..3df3788a
+ *..4b5338dc
+ * @no..6d634231
+ */..fcbda50b
+int bi..a9302c51
+    co..b8072f30
+    ui..7628680d
+    ui..691f4898
+    co..a8c50b74
+..b0f2ba73
+#ifnde..f398716d
+/**..d0fba803
+ * Cre..4796bf9b
+ *..4b5338dc
+ * @ke..a7b47760
+ * @ch..f7d7a7ad
+ * @ch..423f02d2
+ * @fl..54e94fe3
+ * @ou..193e5675
+ */..fcbda50b
+int bi..30d65eea
+    co..b8072f30
+    co..54c4c199
+    si..78d15ba7
+    ui..691f4898
+    st..5f71d7c7
+#endif..5ee0d90b
+..b0f2ba73
+/**..d0fba803
+ * As ..6618d269
+ *..4b5338dc
+ * @no..6d634231
+ */..fcbda50b
+int bi..267545dd
+    co..b8072f30
+    co..54c4c199
+    si..78d15ba7
+    ui..691f4898
+    co..a8c50b74
+..b0f2ba73
+#ifdef..86c7650b
+}..ea4bea47
+#endif..5ee0d90b
+..b0f2ba73
+#endif..bda1da53
--- /de..be1a4cd0
+#ifnde..8ec6a68d
+#defin..c49c9a69
+..b0f2ba73
+#if de..2d512edb
+..b0f2ba73
+#ifdef..86c7650b
+extern..7a3601f3
+#endif..5ee0d90b
+..b0f2ba73
+WALLY_..b160ef3b
+WALLY_..3a428428
+WALLY_..8286209f
+WALLY_..9012a8a9
+WALLY_..6f74fe6e
+..b0f2ba73
+WALLY_..c1c4e1d3
+WALLY_..725e13a8
+WALLY_..3b045089
+..b0f2ba73
+#ifdef..86c7650b
+}..ea4bea47
+#endif..5ee0d90b
+..b0f2ba73
+#endif..ec1d08f6
+..b0f2ba73
+#endif..f7536adc
+#inclu..da0a7496
+/** Th..cf9a0ab1
+#defin..95d829ed
+..b0f2ba73
+..b0f2ba73
+/* Fet..c626bff4
+	const..3e5ac952
+#defin..2614d5f3
+..b0f2ba73
+#defin..5b17547d
+#defin..e2c4e0ad
+#defin..142aed22
+#defin..d98dc683
+#defin..89c8639d
+..b0f2ba73
+#defin..801d9413
+#defin..08ae0401
+..b0f2ba73
+..b0f2ba73
-	/* Fe..4f4da92c
-	const..8c66c886
-..f44fa7dc
+/* Cal..d0b9252a
+static..f60a8143
+..b0f2ba73
+const ..c59da6fc
+{..4f7923e1
+	const..ec4a6de2
+..b0f2ba73
+	if (!..1a203762
+		glob..4f3f9959
+..b0f2ba73
+	retur..1669b908
+}..ea4bea47
+..b0f2ba73
+..b0f2ba73
+..b0f2ba73
+int wa..4d13045a
+	unsig..14bbd006
+{..4f7923e1
+	struc..6f127573
+	struc..ccde8ab0
+	bool ..0cc30a39
+..b0f2ba73
+	if (!..efffc805
+		retu..04f0757a
+..b0f2ba73
+	BUILD..e2538b53
+..b0f2ba73
+	sha25..07be2116
+	ripem..0147e2a6
+	if (!..fa2db522
+		memc..39a1913b
+		wall..28b88809
+	}..0f7189e9
+	wally..06717349
+	retur..25a3753f
+}..ea4bea47
+..b0f2ba73
+..b0f2ba73
+int wa..c06a9991
+	unsig..14bbd006
+{..4f7923e1
+	struc..6f127573
+	bool ..3002a4bd
+..b0f2ba73
+	if (!..baa17a7a
+		retu..04f0757a
+..b0f2ba73
+	sha25..f5b66666
+	if (!..fa2db522
+		memc..bd5912a1
+		wall..8fdb2685
+	}..0f7189e9
+	retur..25a3753f
+}..ea4bea47
+..b0f2ba73
+int wa..0dd8b1b5
+	unsig..14bbd006
+{..4f7923e1
+	struc..0baa763e
+	bool ..22a5eab8
+..b0f2ba73
+	if (!..baa17a7a
+		retu..04f0757a
+..b0f2ba73
+	sha25..81cebbd4
+	sha25..65bfbd0e
+	if (!..fa2db522
+		memc..d044edb4
+		wall..917eb80e
+	}..0f7189e9
+	wally..1b5510fc
+	retur..25a3753f
+}..ea4bea47
--- /de..be1a4cd0
+#inclu..5d776017
+#inclu..5bb5b2d9
+#if 0..5b266dc1
+#inclu..d0d3eaed
+#endif..5ee0d90b
+#inclu..48e163fb
+#inclu..44870d20
+..b0f2ba73
+#defin..ab3a978d
+#defin..89fe1a88
+..b0f2ba73
+#defin..2f15f863
+..b0f2ba73
+static..a0e77cf8
+..b0f2ba73
+/* LCO..4576eb45
+/* Che..7ffcd582
+static..9b4a2d93
+{..4f7923e1
+    BU..d39b0954
+}..ea4bea47
+/* LCO..ddf16f9a
+..b0f2ba73
+static..99877152
+{..4f7923e1
+    re..0ec110b8
+      ..a7cda2c3
+}..ea4bea47
+..b0f2ba73
+..b0f2ba73
+int wa..c5738731
+{..4f7923e1
+    co..3d3e1bb1
+..b0f2ba73
+    if..38ee21a2
+      ..3799607c
+..b0f2ba73
+    if..da3e6f30
+      ..71e47b80
+..b0f2ba73
+    re..fb6aa47b
+}..ea4bea47
+..b0f2ba73
+int wa..e393fb71
+      ..2b1a5f06
+{..4f7923e1
+    se..2e7aaa15
+    si..32e2b45d
+    co..3d3e1bb1
+    bo..8c39ea9c
+..b0f2ba73
+    if..38ee21a2
+      ..3799607c
+..b0f2ba73
+    ok..88923fde
+      ..2fb5d630
+      ..7f3caef1
+      ..bdb7ed06
+      ..2a8e690f
+..b0f2ba73
+    if..39de3005
+      ..6a82a56e
+    wa..7d541ff5
+    re..260ac701
+}..ea4bea47
+..b0f2ba73
+int wa..4a170db3
+      ..54f0b512
+{..4f7923e1
+    se..2e7aaa15
+    si..5b5f96b5
+    co..3d3e1bb1
+    bo..8c39ea9c
+..b0f2ba73
+    if..38ee21a2
+      ..3799607c
+..b0f2ba73
+    ok..803af4d3
+      ..fb5e31ec
+      ..8a56f8f6
+      ..08403de3
+      ..1d83680d
+..b0f2ba73
+    if..39de3005
+      ..6a82a56e
+    wa..7d541ff5
+    re..260ac701
+}..ea4bea47
+..b0f2ba73
+int wa..8411fc31
+      ..f1a8cfaf
+{..4f7923e1
+    se..3d78af76
+    co..3d3e1bb1
+    bo..8c39ea9c
+..b0f2ba73
+    if..38ee21a2
+      ..3799607c
+..b0f2ba73
+    ok..1aba0a61
+      ..92666383
+      ..412212a9
+..b0f2ba73
+    if..ee8c3573
+      ..a97e74c9
+      ..4da1d196
+..b0f2ba73
+      ..f7200e5a
+      ..45a06295
+    }..0261de35
+..b0f2ba73
+    if..39de3005
+      ..6a82a56e
+    wa..b03c99ae
+    re..260ac701
+}..ea4bea47
+..b0f2ba73
+int wa..56eb4a7a
+      ..e66b7c26
+{..4f7923e1
+    se..42d1fa6f
+    si..6c79aa4f
+    co..3d3e1bb1
+    bo..8c39ea9c
+..b0f2ba73
+    if..fdbe28eb
+      ..42533402
+..b0f2ba73
+    if..38ee21a2
+      ..3799607c
+..b0f2ba73
+    ok..1aba0a61
+      ..67b005bd
+      ..3c796b5a
+      ..7a051364
+      ..4fd1bc02
+..b0f2ba73
+    if..39de3005
+      ..6a82a56e
+    if..d6442efd
+      ..cbdce9c6
+    wa..8fb70e5b
+    re..260ac701
+}..ea4bea47
+..b0f2ba73
+int wa..3fbbe659
+      ..c5a12126
+{..4f7923e1
+    se..42d1fa6f
+    co..3d3e1bb1
+    bo..8c39ea9c
+..b0f2ba73
+    if..38ee21a2
+      ..3799607c
+..b0f2ba73
+    ok..c931682f
+      ..d78c4b0d
+      ..3d06fbcc
+..b0f2ba73
+    if..39de3005
+      ..6a82a56e
+    wa..8fb70e5b
+    re..260ac701
+}..ea4bea47
+..b0f2ba73
+int wa..a7b042b4
+      ..6c84d874
+      ..c5833707
+      ..42ca9984
+{..4f7923e1
+    co..3d3e1bb1
+..b0f2ba73
+    if..5cfc3df8
+      ..47222e77
+      ..d2c5dcba
+      ..c400eb5d
+      ..71e47b80
+..b0f2ba73
+    if..38ee21a2
+      ..3799607c
+..b0f2ba73
+    if..639820e7
+      ..71e47b80
+#if 0 ..85d6585f
+      ..60f2d7c0
+      ..bdce3e47
+      ..ad969f7c
+      ..8e034634
+#endif..5ee0d90b
+    } ..98a76be0
+      ..300ec5e8
+..b0f2ba73
+      ..1269470d
+      ..01f7276f
+      ..a39a6ce5
+      ..2a67b58f
+      ..bd2e94b7
+      ..a1e8e889
+..b0f2ba73
+      ..a5edba19
+      ..bd2dad98
+      ..5de31c6f
+    }..0261de35
+    re..3bb3b7fe
+}..ea4bea47
+..b0f2ba73
+int wa..3bdbadd6
+      ..ee2dac79
+      ..193d5645
+      ..76046a9a
+{..4f7923e1
+    se..2e7aaa15
+    se..42d1fa6f
+    co..3d3e1bb1
+    bo..8c39ea9c
+..b0f2ba73
+    if..ca7d4e8e
+      ..47222e77
+      ..d2c5dcba
+      ..bcedb3d3
+      ..71e47b80
+..b0f2ba73
+    if..38ee21a2
+      ..3799607c
+..b0f2ba73
+    ok..b38ebfc1
+..b0f2ba73
+    if..cbcbdb52
+#if 0 ..85d6585f
+      ..66887b94
+#else..22ca2920
+      ..cc3bd8ca
+#endif..5ee0d90b
+    el..2bd2af08
+      ..bd81af52
+      ..4f428e00
+..b0f2ba73
+    wa..85fbaf6c
+    re..260ac701
+}..ea4bea47
+..b0f2ba73
+static..7abe146c
+    re..76d1712b
+}..ea4bea47
+..b0f2ba73
+int wa..2b1e77d0
+      ..6d17c8dc
+      ..26945230
+      ..50b10f0e
+{..4f7923e1
+    un..5ec4e9ae
+    co..f75f3afe
+    si..fa7402c1
+..b0f2ba73
+    if..fdbe28eb
+      ..42533402
+..b0f2ba73
+    if..5c1efb73
+      ..cf396e2d
+      ..71e47b80
+..b0f2ba73
+    ms..68a780d2
+    *w..b7b1f670
+..b0f2ba73
+    if..33f47014
+      ..f702e438
+..b0f2ba73
+    if..005edf4e
+      ..d3b2d903
+      ..5437f50a
+      ..8e787570
+      ..36d26d85
+      ..c340e0fd
+      ..9f24f7bd
+      ..8bb96584
+      ..de415a86
+      ..a1e8e889
+    }..0261de35
+..b0f2ba73
+    /*..90a0c5df
+    ou..11a8ea73
+    me..9e63f596
+    ou..13f28e01
+    if..5ae43fa9
+      ..b21defdb
+    el..15d5dfd7
+      ..28541e72
+      ..5901ed28
+      ..d52fc153
+    }..0261de35
+    me..05ec3897
+..b0f2ba73
+    if..005edf4e
+      ..2c3c01b2
+      ..fde9a1f5
+      ..d5c32897
+      ..7aed084d
+    }..0261de35
+    re..3bb3b7fe
+}..ea4bea47
--- /de..be1a4cd0
+#inclu..5d776017
+..b0f2ba73
+..b0f2ba73
+#ifdef..86c7650b
+extern..7a3601f3
+#endif..5ee0d90b
+..b0f2ba73
+	/** T..d69c2ecc
+#defin..e63b1b95
+..b0f2ba73
+/** In..796bff4c
+#defin..699c92e0
+..b0f2ba73
+/** Th..cf9a0ab1
+#defin..95d829ed
+/** Th..e6652d10
+#defin..5228de63
+/** Th..2f56ee97
+#defin..619fa144
+/** Th..1772c519
+#defin..dd1e7f90
+/** Th..e4c6e2f7
+#defin..c28be5bf
+/** Th..ccbf42dd
+#defin..6ff96459
+..b0f2ba73
+/** In..b2d2ee8d
+#defin..88222b70
+/** In..0d251a93
+#defin..6aeba6ba
+..b0f2ba73
+	/**..2ea2e9fe
+ * Cre..35c7bdd3
+ *..4b5338dc
+ * @pr..9945e8ac
+ * @pr..e0be1a7d
+ * @by..a53a5e31
+ * @le..d1ce2a28
+ */..fcbda50b
+	int w..48095218
+		cons..fad0bdcd
+		size..a9c8f24c
+		unsi..cd661a12
+		size..fddf0d8d
+..b0f2ba73
+	/**..2ea2e9fe
+ * Cre..e6d8f9ca
+ *..4b5338dc
+ * @pu..884c37fe
+ * @pu..3424e88f
+ * @by..a53a5e31
+ * @le..c4589482
+ */..fcbda50b
+int wa..a1875323
+    co..7e588970
+    si..ba3a0d0e
+    un..42577aae
+    si..57dec4ae
+..b0f2ba73
+..b0f2ba73
+	/** O..5338bfa6
+#defin..f7ac4f56
+..b0f2ba73
+/**..d0fba803
+ * RIP..42569d5c
+ *..4b5338dc
+ * @by..a59d6612
+ * @le..cda93b19
+ * @by..97a3729b
+ * @le..10aee69a
+ */..fcbda50b
+	int w..1eee7279
+		cons..e10e4ea7
+		size..fdf80d26
+		unsi..cd661a12
+		size..fddf0d8d
+..b0f2ba73
+..b0f2ba73
+	/** O..3874262b
+#defin..0a7d270b
+..b0f2ba73
+/** Ou..07121cc2
+#defin..718541fc
+..b0f2ba73
+/**..d0fba803
+ * SHA..f4321eec
+ *..4b5338dc
+ * @by..a59d6612
+ * @le..cda93b19
+ * @by..97a3729b
+ * @le..2f9ae33e
+ */..fcbda50b
+	int w..99e0489d
+		cons..e10e4ea7
+		size..fdf80d26
+		unsi..cd661a12
+		size..fddf0d8d
+..b0f2ba73
+	/**..2ea2e9fe
+	 * SH..e3eb004e
+	 *..57d8b63f
+	 * @b..a56b48ca
+	 * @l..cc433fb1
+	 * @b..b3409369
+	 * @l..aeb40c51
+	 */..8493b4ac
+	int w..8ab69c05
+		cons..e10e4ea7
+		size..fdf80d26
+		unsi..cd661a12
+		size..fddf0d8d
+..b0f2ba73
+#ifdef..86c7650b
+}..ea4bea47
+#endif..5ee0d90b
-#inclu..6209c945
-#inclu..d575cfca
-#inclu..6f74ab48
-..f44fa7dc
-#inclu..63150cde
+#inclu..905de299
+#inclu..6a428353
+#inclu..a57252d0
-#inclu..3ebc5cbc
-#inclu..c3239e66
-#inclu..b55a85e1
+#inclu..cf6018d7
+#inclu..5b446f2a
+#inclu..a4f74144
+#inclu..7045470a
+#inclu..5d776017
+#inclu..5bb5b2d9
+#inclu..5abbb63f
+static..0335d2f5
+..b0f2ba73
+void *..c80d0465
+	int s..793cdb63
+	waitp..3f2e5599
+	/* Ch..90220eea
+	_exit..a3603507
+}..ea4bea47
+..b0f2ba73
+void a..38624b28
+	child..634f0008
+	if (c..58133690
+	{..f97f3734
+		int ..d703600d
+		int ..42951e78
+..b0f2ba73
+		if (..513f8fd9
+		{..27dcf093
+			wai..94bc8d2c
+..b0f2ba73
+			ptr..7df5c3e5
+..b0f2ba73
+			whi..16d7a372
+..b0f2ba73
+				if..8d9a6944
+					p..5f7bb36e
+				}..a50b33e1
+				el..63961386
+					/..6c4037db
+					_..cc836488
+				}..a50b33e1
+			}..db8eea2b
+		}..721025a9
+..b0f2ba73
+	}..0f7189e9
+	else ..b8943b48
+		pthr..c4bc2257
+..b0f2ba73
+		/* S..0d2ef422
+		pthr..46de584d
+	}..0f7189e9
+}..ea4bea47
+..b0f2ba73
+	void ..30b0f4dd
+	{..f97f3734
+		anti..df5c110f
+	}..0f7189e9
+..b0f2ba73
+	bool ..56db3ee1
+		pubK..9aaabdf3
+		int ..b6222a91
+		pubK..9aaabdf3
+		retu..59cb1585
+	}..0f7189e9
+..b0f2ba73
+	Secur..937c2377
+		Secu..b025f88f
+		pubK..9aaabdf3
+		int ..949c6d4f
+		pubK..9aaabdf3
+		if (..951584da
+			del..e97fb0e8
+			ret..4707b197
+		}..721025a9
+		resu..766ab30b
+		retu..b2ed4dbd
+	}..0f7189e9
+..b0f2ba73
+	Secur..d7d35417
+		Secu..84bf0a10
+		priv..881da15f
+		int ..c078deb5
+		priv..881da15f
+		if (..951584da
+			del..e97fb0e8
+			ret..4707b197
+		}..721025a9
+		resu..766ab30b
+		retu..b2ed4dbd
+	}..0f7189e9
+..b0f2ba73
+	void ..5e9e8ecd
+		size..7e5689be
+		Secu..6c66eabf
+		if (..eed3f8a6
+			ret..4707b197
+		unsi..44a79166
+		int ..7133322b
+		for ..606eff94
+			del..535530fd
+		wall..ef42fd66
+..b0f2ba73
+		if (..5c5bcdad
+			ret..4707b197
+..b0f2ba73
+		stru..b3e377b2
+		r = ..0250f1e7
+		wall..cb9bc6b8
+..b0f2ba73
+		if (..5c5bcdad
+		{..27dcf093
+			wal..aed9b364
+			ret..4707b197
+		}..721025a9
+..b0f2ba73
+		stru..663f24e7
+		for ..c15b8ebf
+		{..27dcf093
+			if ..cfe2f393
+				re..80f8f47b
+			key..744a638d
+			wal..cc56c41f
+		}..721025a9
+..b0f2ba73
+		stru..eaa15765
+		memc..10ff6ee3
+		wall..ecfb8fca
+		retu..b2ed4dbd
+	}..0f7189e9
+..b0f2ba73