-      ..9fade33d
+      ..2bcca500
-      ..7ea82bc8
+      ..e54a2630
-..947003f8
+..85f4599b
+      ..f3cc2263
+      ..7f426a54
-      ..06e17e7b
-      ..7fa4a945
-      ..220ea7f3
-      ..5554fe7f
-      ..fd4b85c9
-      ..4193fe44
-      ..34a74a00
-      ..66037e92
-      ..ed1dba14
-      ..6f09db63
-      ..e2d996bb
-      ..0920d18b
-      ..7fa4a945
-      ..79cc1e5b
-      ..bb07bccf
-      ..e2d996bb
+      ..b5d22bf9
+      ..6201d236
-﻿usi..3db958b4
+﻿usi..25c699f3
+using ..74ffa353
+using ..6c3c87fd
+using ..4eb5d39d
+using ..b2e6eb77
-    pu..8a47f02f
+    pu..6f49c0bd
+      ..bea7bf56
+..85f4599b
+      ..d821830c
+      ..ef36d9e3
+..85f4599b
+      ..f4d9449e
+..85f4599b
-      ..044c47a2
+      ..ba787645
+      ..9f70dd33
+      ..e2af4f53
+      ..baffd992
+      ..bc3bd721
+      ..fc822784
+      ..269e625f
+      ..35d7e95e
+      ..56dbf991
+      ..bb0e4c76
+      ..3d83d3bb
+      ..3ef69cbb
+      ..ee603097
+      ..e7e86cd8
+      ..5a2b91ac
+      ..385e8775
+      ..7f49f0da
+      ..4c2001fe
+..85f4599b
+      ..b54b0a13
+      ..fc822784
+      ..848a894a
+      ..4c2001fe
+..85f4599b
+      ..414c1ea2
+      ..fc822784
+      ..4c2001fe
+..85f4599b
-      ..7b4e27b2
+      ..e6eb30e3
+using ..74ffa353
-      ..46748c5c
+      ..b6a46920
-      ..7933945f
-      ..d45b5da9
-      ..3a09fea5
-      ..0ba6d7bb
-      ..be963e2b
-      ..d5720698
-      ..12952cf7
-      ..6c162e25
-      ..b1427f61
-      ..0920d18b
-      ..5c59d555
-      ..11b5257a
+      ..e2889acc
-      ..16254c47
-      ..62824f9a
-      ..8db63432
-      ..e2d996bb
+      ..3310ce8a
+      ..74caab0a
+      ..3a1bffc3
+      ..1532e0c5
+      ..22261d69
+      ..558208cc
+      ..4d5e09f3
+      ..0cb48fb2
+      ..d85f2487
+      ..5e937443
+      ..b291fc80
+      ..21ded4a7
+      ..bb0e4c76
+      ..5428804a
+      ..5748e6f8
+      ..fe473946
-      ..f50db9fc
+      ..60165612
+      ..9fbead12
+      ..7a3bdb95