+      ..1b8f0091
+      ..4f7b59af
+{"Plat..3419d48e
+{"Plat..bd6d0250
+using ..6286b575
+using ..f0c53b9e
-..947003f8
+      ..eb02408f
-      ..d6359395
+      ..190c93bb
+      ..88aa8ec5
-      ..20f62e7a
+      ..47b277e0
-      ..af459d3d
-      ..a17c0099
-      ..491de0af
-      ..3cb6f88c
-      ..af459d3d
-      ..20226419
+      ..9ca3344e
+      ..8995a9fc
+      ..56174752
+      ..ae578b3a
+      ..8995a9fc
+      ..2290a93a
+      ..9ca3344e
+      ..8995a9fc
+      ..175de6d8
+      ..9ca3344e
+      ..8995a9fc
+      ..c32ef1e4
+      ..8b137e6e
+      ..80e7a526
+      ..b28e9fbe
+      ..bb0e4c76
+      ..ade0abfc
+      ..f236679d
+      ..3cb54e24
+      ..d8286814
+      ..fc822784
+      ..b16b087d
+      ..4c2001fe
+..85f4599b
+using ..f0c53b9e
-      ..4e75bb09
+      ..9f52e8e2
+      ..b9e4506b
+..85f4599b
-      ..53c53652
+      ..206ea8e2
+      ..5f8763ac
+..85f4599b
+using ..4364d785
-      ..419d3da8
+      ..ff3a6775
+      ..74a5cf97
-      ..653729b1
+      ..2d17f9f4
+      ..c12b1bbb
+      ..8e5a8f6f
+      ..cfcc1e02
-      ..d6b9b470
+      ..b0171121
+      ..a245bc05
+      ..06d4ea48
+      ..c29752f1
+..85f4599b
-      ..1d531e8c
+      ..184fadf5
+      ..d915208a
+..85f4599b
-using ..443c7304
-    pu..1d9f5903
+    pu..3b652f08
+      ..c14e2784
+      ..338c33a1
-      ..58449873
-      ..57e6f878
-      ..bba5b909
-..947003f8
-      ..26c46f56
-      ..86e62fda
-      ..3b19d642
+      ..dcba1e21
+      ..e86568f3
+using ..25c3ad91
+using ..2d735ec0
+using ..74ffa353
+using ..6c3c87fd
+using ..03de4e34
+using ..fe462879
+      ..99785a82
+..85f4599b
+      ..05688a0a
-      ..0bd02b54
+      ..21f92b24
+      ..3f13158d
+      ..2ca6ffa6
-      ..f3bfc1e9
+      ..af488220
-      ..0478d5fb
+      ..c27b0fe6
+      ..fc822784
+      ..5062d16d
+      ..2534a163
+      ..35d7e95e
+      ..40f77be0
+      ..60225599
+      ..7f49f0da
+      ..4c2001fe
+      ..ffcad28d
+..85f4599b
+      ..9dd7446d
+..85f4599b
+      ..0e293cc1
+      ..bfe4959b
-      ..029865de
+      ..4553256d
+      ..d00602bd
+      ..1325ebe7
+      ..fc822784
+      ..67bfcb6c
+      ..283697cd
+      ..511cdb56
+      ..4c2001fe
+..85f4599b
+      ..ce6f3109
+      ..fc822784
+      ..3bf0b0f3
+      ..4c2001fe
+..85f4599b
+      ..e20190dd
+      ..fc822784
+      ..2fe6bd62
+      ..4c2001fe
+..85f4599b
+      ..f998e2b6
+      ..fc822784
+      ..eee3b23e
+      ..8cd603ad
+      ..8c6c7fa1
+      ..4c2001fe
+..85f4599b
+      ..cb9e423d
+      ..fc822784
+      ..2c83763b
+      ..af84e5d0
+..85f4599b
+      ..3895298e
+      ..aa780faf
+      ..e29ca990
+      ..497bbe14
+      ..eff6f458
+      ..4c2001fe
+..85f4599b
+      ..2fe6bd62
+      ..4c2001fe
+..85f4599b
+      ..5d8e5b63
+      ..fc822784
+      ..2030070f
+      ..9bb29139
+      ..35d7e95e
+      ..9b2b726c
+      ..8b3961bc
+      ..bb0e4c76
+      ..a35e6954
+      ..8875cd0d
+      ..e7e86cd8
+      ..dcde45d9
+      ..fe473946
+..85f4599b
+      ..ba1f2e12
+      ..f3a104a0
+      ..fe83317f
+..85f4599b
+      ..007c6553
+      ..f43a592b
+      ..7f49f0da
+      ..35d7e95e
+      ..e4ebf3de
+      ..7f49f0da
-      ..5350b626
+      ..23652872
+      ..f49a5a11
+      ..35d7e95e
+      ..eef07a79
+      ..a19ab050
-      ..8d8c9758
+      ..fd3b04a3
-      ..1076f5a4
-      ..68ef72e2
-      ..3827aaca
-      ..46cb3a62
-      ..fa4ab53d
+      ..5a14ffda
+      ..bb0e4c76
+      ..cb8f5e24
+      ..ca9c36d0
+      ..ccd071cc
+      ..bec058b1
+      ..385e8775
+      ..7f49f0da
+..85f4599b
+      ..162af776
+      ..3075e13e
+      ..52baaa6a
-      ..9bf63eaa
+      ..2fe6bd62
-      ..626116c1
+      ..5d8e5b63
-      ..9bf63eaa
+      ..2fe6bd62
-				if..447c0126
+				if..7c0be664
-		publ..4d07e212
+	    p..adf2c250
+	    {..c6377c79
+	     ..29f7c0c6
+      ..51c49113
+	    }..8fa0c791
+..85f4599b
+	    p..e8cfa1aa
+using ..2d735ec0
+using ..74ffa353
+using ..3db81ba2
+using ..fe462879
+      ..0be99674
+      ..a4d36206
+..85f4599b
+      ..3dba0148
+      ..fc822784
+      ..e2889acc
+      ..35d7e95e
+      ..00bbbe7a
+      ..7f199023
+      ..80c66c76
+      ..b33191b0
+      ..1e27e883
+      ..5072ec9d
+      ..7e67861b
+      ..7a3bdb95
+      ..4c2001fe
+..85f4599b
-      ..3b1639c5
-      ..a171a392
-      ..59de1cdb
+      ..6b4e6db2
+      ..24f1f197
+..85f4599b
+using ..f0c53b9e
-      ..4859d8d2
+      ..df37d768
-      ..cc6ef996
+      ..58be6a82
+using ..03de4e34
-//    ..c03c6aca
+      ..3c8a0402
+      ..3f13158d
-      ..f3bfc1e9
+      ..af488220
+      ..ffcad28d
+..85f4599b
+      ..f998e2b6
+      ..fc822784
+      ..eee3b23e
+      ..8cd603ad
+      ..8c6c7fa1
+      ..4c2001fe
+..85f4599b
+      ..35d7e95e
+      ..939c4886
+      ..7f49f0da
+      ..cb9e423d
+      ..fc822784
+      ..2c83763b
+      ..af84e5d0
+..85f4599b
+      ..3895298e
+      ..aa780faf
+      ..e29ca990
+      ..497bbe14
+      ..eff6f458
+      ..4c2001fe
+..85f4599b