-			// ..db547921
-			pub..99f99c7a
-..35781011
-			pub..79c52e45
+			pub..ee790e9d
-			pub..fa0ad7ee
+			pub..d1278dce
+..199a5135
+			// ..68160051
+			pub..3853c708
-			// ..89aa2e85
-			pub..8aec2451
-..35781011
-			pub..c1b99c81
+			pub..45618fd9
-			pub..711b5539
+			pub..881bcffc
+..199a5135
+			// ..36b7993d
+			pub..08d9cf2e
+			// ..9ac474a9
+			pub..dc4a1fd6
+..199a5135
-			// ..f5b633ea
-			pub..2f9fd9e4
+			// ..04e4627d
+			pub..e3496bfa
-			// ..6dcf47fb
-			pub..dd8971ef
+			// ..1153eba8
+			pub..ea8e5926
-			// ..fb822ed9
-			pub..90cfc61b
+			// ..d7c2022f
+			pub..924a9324
-			// ..01243950
-			pub..67d9157c
+			// ..003ee9d8
+			pub..9c0c435f
-			// ..59df9036
-			pub..28bc8ce8
+			// ..1aa70a6e
+			pub..916ae1ad
-			// ..3d2887bb
-			pub..255a7372
+			// ..286ca9bd
+			pub..4df241a3
-			// ..a0a2c75f
-			pub..739de798
+			// ..180ccefe
+			pub..f71f1406
-			// ..ccb9af82
-			pub..e0d0df96
+			// ..46e174f3
+			pub..30aec15d
-			// ..c8ac6d16
-			pub..24536e51
+			// ..ffa0aa84
+			pub..7dcd486c
-			// ..936a751f
-			pub..dcf4585e
+			// ..273256c9
+			pub..68e98e3d
-			// ..da63d907
-			pub..2f194f43
+			// ..f5e00b4e
+			pub..333a098a
-			// ..c2b78eed
-			pub..755389f8
+			// ..a42f53a2
+			pub..d2d36bfc
-			// ..4315c836
-			pub..522f57f7
+			// ..e8d21c34
+			pub..abdd6914
-			// ..c33d91f4
-			pub..953737c9
+			// ..ab6a3a4c
+			pub..7e648ab2
-			// ..fb45b01e
-			pub..77117568
-..35781011
-			pub..75f6e516
+			pub..0a4bffad
+..199a5135
+			// ..aed8fb62
+			pub..95c9a39c
-			// ..1ce053ab
-			pub..e7b1f4f6
+			// ..b6d09c53
+			pub..92f99206
-			// ..7b43c65c
-			pub..1cd4b18a
+			// ..6585017b
+			pub..d501e675
-			// ..8b247d6d
-			pub..55ff389a
+			// ..36457a87
+			pub..99681e85
+..199a5135
+			// ..dcd85615
+			pub..25ad20ad
-			// ..68e67f9c
-			pub..915ae612
+			// ..11c3c04c
+			pub..3e3bd9b2
-			// ..4c3962fa
-			pub..40b8fbfe
+			// ..64e507a2
+			pub..56808035
-			// ..e53359e5
-			pub..4617c903
+			// ..373ae879
+			pub..624a6128
-			// ..c102cef4
-			pub..8652e784
+			// ..5543c1a1
+			pub..b6cfe8be
-			// ..a69a69f3
-			pub..6d6c0368
-..35781011
-			pub..67e5d4ec
+			pub..ed27aa4f
+..199a5135
+			// ..13873204
+			pub..f5a8afca
-			// ..42489a43
-			pub..43d3e17b
+			// ..f93bb971
+			pub..52c6636e
-			// ..18124369
-			pub..563c1940
+			// ..f06d7d54
+			pub..37835e60
-			// ..ede28635
-			pub..a917d0f3
+			// ..9a6f39e8
+			pub..e6ad16ab
-			pub..64cff778
+			pub..e9a140c7
-			pub..6789ae3f
+			pub..4e9f3903
-			pub..ee0779ff
+			pub..a1d3144c
-			pub..459c9d5b
+			pub..cf198b43
-			pub..68a65a43
+			pub..a1f6fe8d
-			pub..f00f1aa6
+			pub..98603fca
-			pub..0ba977f5
+			pub..6219159c
-			pub..7c0ba1aa
+			pub..684b380c
-			pub..12b3217e
+			pub..d8af48bf
-			pub..6fd64b13
+			pub..90bfe95c
-			pub..f7d3f8be
+			pub..e771a27a
-			pub..966f8f5f
+			pub..a6f71430
-			pub..abd19da0
+			pub..341887a4
-			pub..d76b71e9
+			pub..64fa4dae
-			pub..a206c45f
+			pub..f86d1090
-			pub..d2af6a3c
+			pub..07d818f2
-			pub..d7a9dbe1
+			pub..15d11df4
-			pub..f71e5a9b
+			pub..b7661e67
-			pub..81d8cec9
+			pub..b022e6be
-			pub..4d9bf221
+			pub..60095b12
-			pub..8e60618c
+			pub..dc8d5898
-			pub..879f4e31
+			pub..76384a01
-			pub..49d3381d
+			pub..be608ab1
-			pub..c7899ca6
+			pub..9a866173
-			pub..048167ec
+			pub..2ebf9dc4
-			pub..0f63495c
+			pub..30fe7dc7
-			pub..655bb624
+			pub..9aafd10a
-			pub..469a9a96
+			pub..1682867c
-			pub..0c4dd138
+			pub..0776034d
-			pub..ef237ac0
+			pub..87e03066
-			pub..5276b178
+			pub..0be3360a
-			pub..e27e8575
+			pub..932b0980
+..199a5135
+			// ..081e7092
+			pub..d00a08c6
-      ..e6bda8f2
+      ..943cf839
-      ..8d28e856
+      ..125a4fc6
-      ..250e1d9e
+      ..2e4c4cb1
-      ..4304b662
+      ..651d8e4c
-<Recyc..1b26db3c
-      ..711bb2e1
-      ..a9348cfb
-      ..2b0bebb8
-      ..dc19004c
-      ..7f6581a8
-      ..af7a37d1
-      ..6bc216f5
-      ..7394bbed
-      ..a93ffe35
+<Swipe..4b7ce3b1
+      ..7b5e6c79
+      ..5ce3ab1f
+      ..401740d2
+      ..ec8286dc
+      ..4fbbab9f
+  <Fra..fb288aa4
+      ..f42dac80
+      ..8d6d8328
+      ..3cfc267f
+..199a5135
+    <R..e03f4c74
+      ..0fd88672
+      ..5033ecd2
+      ..1f809638
+      ..64a7fafb
+      ..88d1a087
+      ..3552df69
+      ..c34195e5
-      ..6baa6634
+      ..8b08465b
+..199a5135
+    <F..5514e3f5
+      ..dc89e913
+      ..f9347cec
+      ..4f708c8f
+      ..b4c6e60e
+..199a5135
+    <F..5514e3f5
+      ..dc89e913
+      ..f9347cec
+      ..4f708c8f
+      ..5d8f910e
+  </Fr..4f31ef2a
+</Swip..c90e8af1
-      ..f071ab3e
+      ..75a2631c
-      ..75042dbb
+      ..4e40e4c2
+      ..163a84f7
-      ..b3e90d87
-      ..a5e79a69
+      ..460088bf
+..199a5135
+<!--  ..9f235def
+      ..59a23f3e
--- /de..53ce1775
+﻿<?x..e7162d4f
+..199a5135
+<Frame..cc1a0573
+      ..4ed6c634
+      ..565353e9
+      ..437a0215
+      ..711e69b4
+      ..3e0ad68c
+  <Dia..86404e68
+      ..1eda6027
+      ..fda36c01
+      ..fb117465
+    <L..f9482eba
+      ..b54f74f8
+      ..6eb5db65
+..199a5135
+      ..c9dafc53
+      ..09855e43
+      ..a41ab485
+..199a5135
+      ..9bf1a727
+      ..ca1cecf7
+      ..b54f74f8
+      ..0a653c77
+      ..6341809a
+      ..2283af23
+      ..ffb3e211
+..199a5135
+      ..37f94897
+      ..1220c095
+      ..f3ed38cd
+      ..fee17728
+      ..39dec0ae
+      ..abf23881
+..199a5135
+      ..0dce2527
+      ..ca1cecf7
+      ..b54f74f8
+      ..a53751ef
+      ..e0c20edf
+      ..8faf59c8
+      ..effa7c1c
+      ..951a2f1b
+      ..0a653c77
+      ..a7e7c5ab
+      ..999ca11b
+..199a5135
+      ..3b83e19f
+      ..ca1cecf7
+      ..b54f74f8
+      ..e0c20edf
+      ..e2052973
+      ..84de8efe
+      ..8faf59c8
+      ..ee8281d2
+      ..d9315bb0
+      ..1a37257f
+      ..8b6d7a33
+      ..ec39e4bd
+..199a5135
+      ..748892e6
+..199a5135
+      ..0fb09d3b
+      ..d9c20989
+      ..e27124d9
+      ..8bd187cf
+      ..4ef184c6
+..199a5135
+      ..f128ebe4
+      ..eb68ca04
+      ..8b1c573a
+      ..0b2a6f60
+      ..03612e3a
+      ..4f143075
+      ..9e7eaa72
+      ..2b190e8c
+..199a5135
+      ..f128ebe4
+      ..eb68ca04
+      ..8b1c573a
+      ..0b2a6f60
+      ..03612e3a
+      ..4f143075
+      ..e5ad41c7
+      ..e7c385f5
+..199a5135
+      ..106157c8
+    </..0f9b9af8
+  </Di..567ed2d9
+</Fram..7a98526a
+..199a5135
+..199a5135
+  <dra..cb27d8f7