--- /de..53ce1775
+<svg f..4838641a
+    <p..b637ee6a
+</svg>..911dc5b5
-      ..3224d6b5
+      ..c6cd6029
+    <G..e32f6f8d
-    <N..4909cfe5
+    <N..bb371164
+      ..147b322c
+    </..668fc009
+    <A..2137f013
+    <A..b88ba925
+    <A..9e93f307
+    <A..d4589846
+  <Imp..e78d86ff
+using ..18dbd7e4
-      ..6a8532ba
+      ..b357e960
-..35781011
+      ..d68e2157
+      ..a73c321e
-      ..0bf6a351
+      ..e6dfe315
-      ..ac7c578f
+      ..a733d236
-      ..4924b575
+      ..cd96b8f0
+      ..56a84fa0
-      ..eab31ed1
+      ..67547510
+      ..f4433f3b
+      ..cddfccd5
+..199a5135
+..199a5135
+    <s..01db414b
+      ..26ae9680
+      ..b96a0864
+      ..10b27feb
+      ..0ba504ad
+    </..5468a302
+..199a5135
+    <s..01db414b
+      ..23d33bfa
+      ..b96a0864
+      ..8bf8c8a0
+      ..0ba504ad
+    </..5468a302
-	publi..55ff88b3
-	{..eadce7c7
-		#reg..08e26a44
+    pu..a1d6aa5c
+    {..7b8adb4a
+      ..b51b06f8
-		priv..c15e4525
-		priv..ecfc9b8f
-		priv..eea28ace
+      ..3457151f
+      ..a7674431
+      ..96715542
+      ..da879250
-		#end..e5d827c5
+      ..5b88ef0b
-		#reg..2d803901
+      ..d7ab8f50
-		publ..72ca822e
-		publ..603b2c42
-		publ..c756aa87
+      ..3cf59d7d
+      ..be329f57
+      ..a7c04e15
+      ..2f3a5a86
-		#end..e5d827c5
+      ..5b88ef0b
-		#reg..86adca71
+      ..c0c2aa5c
-		priv..8bc11767
-		{..45cb39f9
-			if ..dcd59e79
-			{..40079db6
-				va..12acb48d
-				co..b647c5ab
-			}..fc6921fe
+      ..34535b2f
+      ..bd04eaa2
+      ..5e4d99aa
+      ..43fa1137
+      ..a84e1d72
+      ..e70d6aa4
+      ..3cd12ffb
-			ret..2c061dbe
-		}..4fdbbc1a
+      ..93bb84d4
+      ..3fed877e
-		#end..e5d827c5
-	}..90106a34
+      ..5b88ef0b
+    }..cf3f1362
-			// ..65de41ea
-			pub..145e4b42
+			// ..89cddf0e
+			pub..a3c29d69
-			// ..d0dc72c9
-			pub..d796c8ba
+			// ..32457f95
+			pub..67cfdaae
-			// ..7f2bdd36
-			pub..6823fb59
+			// ..89527ce6
+			pub..5d8c8d58
-			// ..c1aa3581
-			pub..f39d7b6f
+			// ..7e01fd15
+			pub..6b1a5b15
-			// ..ebeac119
-			pub..d110acf6
+			// ..b277a599
+			pub..049dd375
-			// ..ac3912af
-			pub..0578dc07
+			// ..800267a3
+			pub..b4b2a4ff
-			// ..b6bd9a5e
-			pub..6fd30367
+			// ..c2c9c74d
+			pub..0598ca46
-			// ..b3462e4c
-			pub..0a4fdf13
+			// ..a6feeec8
+			pub..4cee6660
-			// ..5b97da42
-			pub..1ab17556
+			// ..215e3dfd
+			pub..0463e8f0
-			// ..81c649b2
-			pub..8044ee53
+			// ..b8ff3bad
+			pub..ef071071
-			// ..281e49bb
-			pub..454d3394
+			// ..96479266
+			pub..a4bb361a
-			// ..0e88e98e
-			pub..1e022883
+			// ..82f6807e
+			pub..84a753c4
-			// ..b7ab9478
-			pub..2c5728fc
+			// ..7a0dd191
+			pub..d4724ea3
-			// ..35934bcc
-			pub..fb0a11cb
+			// ..44f3f98b
+			pub..02cdef8e
-			// ..fb905be8
-			pub..eefc8f15
+			// ..d95918a0
+			pub..1212353e
-			// ..9a16bc83
-			pub..d300fc79
+			// ..4fc2ba2f
+			pub..fab8e00b
-			// ..35947e05
-			pub..08602c16
+			// ..bd6f63a7
+			pub..19bc24b8
-			// ..f3d3d27b
-			pub..23e980c8
+			// ..5d6617ec
+			pub..6ab9c265
-			// ..422b017d
-			pub..c9f2dff0
+			// ..16e769c3
+			pub..210bb143
-			// ..48a0df1d
-			pub..49e5fd02
+			// ..1bdaed88
+			pub..3b603f3b
-			// ..99d03b9f
-			pub..5f55bcae
+			// ..381b1fc6
+			pub..804c746d
-			// ..f84b2725
-			pub..45a86289
+			// ..d6994dc5
+			pub..a031065d
-			// ..15e5b6a0
-			pub..95a64be2
+			// ..8116cfee
+			pub..00deb678
-			// ..e091ef7b
-			pub..262a7bea
+			// ..9c8218a9
+			pub..c0149e45
-			// ..7104c14d
-			pub..c23a22ea
+			// ..f97fd3aa
+			pub..894faf6c
-			// ..cceef35b
-			pub..268f0a3b
+			// ..afc386ce
+			pub..5d88ca46
-			// ..54cae5ef
-			pub..a7554732
+			// ..fd812069
+			pub..8b538df2
-			// ..1885921f
-			pub..d1979f14
+			// ..619cc529
+			pub..007c2334
-			// ..b454dd8e
-			pub..d28a3fc5
+			// ..9283ab56
+			pub..3e0ded56
-			// ..509fb03c
-			pub..12e9b038
+			// ..da34eca4
+			pub..ff2999b4
-			// ..7453aea2
-			pub..923a3565
+			// ..37f597a4
+			pub..4d328c40
-			// ..60f293c6
-			pub..0ccc4f22
+			// ..a850c3f0
+			pub..cfe8645d
-			// ..902d9582
-			pub..64c997fd
+			// ..3ebc420b
+			pub..f1533420
-			// ..e3f92b17
-			pub..4378c3ee
+			// ..10fa824c
+			pub..1e7945b9
-			// ..a93f8cf6
-			pub..a7d51dc4
+			// ..e288670d
+			pub..9124e315
-			// ..4a5fe8b2
-			pub..04fefb8e
+			// ..a2dac862
+			pub..06078ec6
-			// ..16b3dd5b
-			pub..cc32c701
+			// ..e114e5f8
+			pub..fe8b516f
-			// ..ccbece3c
-			pub..936a7a08
+			// ..a528a02e
+			pub..21fca87c
-			// ..2af47a58
-			pub..72a7aa36
+			// ..17fc4256
+			pub..4917e240
-			// ..87b85704
-			pub..0e4bf8c9
+			// ..3c3ed0b0
+			pub..6c69c21e
-			// ..f2ff12fc
-			pub..a71b1c23
+			// ..0dfe5546
+			pub..eca1642b
-			// ..4393de84
-			pub..71e2e619
+			// ..43cf1270
+			pub..dc5d5726
-			// ..0858c068
-			pub..3d656a6f
+			// ..9ea5beba
+			pub..10323e0c
-			// ..edba699c
-			pub..c3131486
+			// ..30b1b04b
+			pub..6411ff76
-			// ..9711a8da
-			pub..6b7bceaa
+			// ..c6596a11
+			pub..9bb11135
-			// ..f8ccedd1
-			pub..9db562e3
+			// ..59c1be3a
+			pub..61c6ef4b
-			// ..3463cc81
-			pub..2a1688f9
+			// ..e6736663
+			pub..cd55a161
-			// ..9342cf1c
-			pub..0881fc35
+			// ..22b9a273
+			pub..d0cad78c
-			// ..8a9c6d86
-			pub..be75b769
+			// ..04533fc0
+			pub..0be2acac
-			// ..f043f9d9
-			pub..70b40a26
+			// ..7ada50a8
+			pub..78147b6b
-			// ..5eb2b163
-			pub..9ef81c48
+			// ..cbcd7104
+			pub..4a218913
-			// ..1ff19d7e
-			pub..b5cab8c9
+			// ..42389e22
+			pub..019cf2a9
-			// ..11bcacca
-			pub..dc918173
+			// ..fce067ec
+			pub..8c493d51
-			// ..2369e6a1
-			pub..f429e5ed
+			// ..a23bc651
+			pub..6e264574
-			// ..57ff1a8c
-			pub..3b27e693
+			// ..29f52ee8
+			pub..5cc20521
-			// ..a387b77e
-			pub..c8018734
+			// ..80d5e963
+			pub..d6405e38
-			// ..62460829
-			pub..de99c97c
+			// ..a80f3ec7
+			pub..c7845dc2
-			// ..6db7d870
-			pub..337ec0c5
+			// ..442ceaa1
+			pub..fab8d147
-			// ..3ad077b6
-			pub..e3cda432
+			// ..fd77d1d4
+			pub..e2af7ea2
-			// ..ef6cf113
-			pub..cf3e24ab
+			// ..dd6b3652
+			pub..6ea84c68
-			// ..b1c29e66
-			pub..1413a9a4
+			// ..91ea1e1c
+			pub..8a7ed251
-			// ..fe23cfff
-			pub..d50e7435
+			// ..830d5691
+			pub..2a3773c9
-			// ..e673b5de
-			pub..e014cbc5
+			// ..e2d1f1e4
+			pub..4e56cb51
-			// ..830264c9
-			pub..96f1f0ce
+			// ..908fd5c0
+			pub..073ad530
-			// ..3daffe2e
-			pub..e898cdda
+			// ..35192417
+			pub..ddfed41c
-			// ..cdfd85ef
-			pub..d82c039c
+			// ..d3d6f14e
+			pub..376e1d34
-			// ..933ba9b9
-			pub..68bf1733
+			// ..dcd45661
+			pub..323cbd11
-			// ..6a2af8c9
-			pub..8ead721e
+			// ..131787ef
+			pub..699bcb09
-			// ..744ecbff
-			pub..35ed46fa
+			// ..252e15a6
+			pub..fcca16eb
-			// ..7d1c6e96
-			pub..92300753
+			// ..72191977
+			pub..a69a7b81
-			// ..6335f2e5
-			pub..065949e6
+			// ..798eb51f
+			pub..d8592414
-			// ..61b38607
-			pub..a3263055
+			// ..6dad8393
+			pub..247568fb
-			// ..a94a8756
-			pub..b9218e85
+			// ..8810fe57
+			pub..48d9c12b
-			// ..25c65057
-			pub..b0fb3312
+			// ..26a0c24c
+			pub..ef3444d7
-			// ..72a6e45b
-			pub..8e9ec312
+			// ..415b7fee
+			pub..7a7ed91c
-			// ..9330092d
-			pub..ab3f16a7
+			// ..98c9cb2b
+			pub..44a73fac
-			// ..498977f6
-			pub..338e7833
+			// ..95130fae
+			pub..ddccf10c
-			// ..1e621f82
-			pub..4ebc4056
+			// ..2f3e778e
+			pub..ec44b0a8
-			// ..88e8c75f
-			pub..3024c3c0
+			// ..098386b5
+			pub..66886408
-			// ..8c243dc1
-			pub..870d9792
+			// ..b4819600
+			pub..fb82dbde
-			// ..118d527e
-			pub..08bd846f
+			// ..edaeadf2
+			pub..f1575a95
-			// ..56bdd98a
-			pub..1c07dd78
+			// ..b34732ab
+			pub..d9202254
-			// ..1f56ae71
-			pub..08a267ee
+			// ..915be38a
+			pub..f367258c
-			// ..956f7e14
-			pub..b7164ec9
+			// ..662853da
+			pub..cf2f0cbe
-			// ..6dea8139
-			pub..f9e029fd
+			// ..c982ba06
+			pub..d20245ff
-			// ..1e9c7eba
-			pub..09718c4a
+			// ..c91dd532
+			pub..9401fe55
-			// ..97208064
-			pub..0a0cc515
+			// ..5d8c233d
+			pub..c8afbe35
-			// ..a5fe6f49
-			pub..b8be0250
+			// ..23a14df4
+			pub..1f7b6828
-			// ..11f89943
-			pub..b69434c5
+			// ..cd731d90
+			pub..99339638
-			// ..5b2b54ea
-			pub..adb7af12
+			// ..f5e1aa19
+			pub..1c300b18
-			// ..c6c1d5e2
-			pub..27e40525
+			// ..69519979
+			pub..8e9f0f45
-			// ..4bae6f36
-			pub..f8936783
+			// ..8a03d7c9
+			pub..62a29eed
-			// ..6d2291f1
-			pub..cd81f8b0
+			// ..c363c3c9
+			pub..7555e8d3
-			// ..55d3a2b2
-			pub..b2b3e10c
+			// ..1f82283b
+			pub..5cc49544
-			// ..20563ac5
-			pub..abdb058e
+			// ..1d74cc8f
+			pub..bdb1c95f
-			// ..954b436e
-			pub..07853722
+			// ..60ba669e
+			pub..87b62fbc
-			// ..4367e9bb
-			pub..b270e465
+			// ..0bbdcc1d
+			pub..4ae123c1
-			// ..966008c8
-			pub..ab8a45f6
+			// ..b0de6865
+			pub..38b95182
-			// ..22bea701
-			pub..2d780f8d
+			// ..efc7dcfb
+			pub..77045a4f
-			// ..d5316973
-			pub..6b40859f
+			// ..8957d6e2
+			pub..e159686a
-			// ..8cc42055
-			pub..f10dbb79
+			// ..f6113090
+			pub..2dc3d79f
-			// ..33a0ee9f
-			pub..eb506a86
+			// ..879b6dfd
+			pub..505bf167
-			// ..be44a55b
-			pub..51052f5f
+			// ..f334257f
+			pub..9b45a624
-			// ..00a8acfc
-			pub..56ee0018
+			// ..6cff6ac0
+			pub..cd1f4ead
-			// ..470682f2
-			pub..63219943
+			// ..ec81bfcb
+			pub..0511818d
-			// ..33c81631
-			pub..8b4bf6c2
+			// ..923ff554
+			pub..1eecefce
-			// ..4c714bd7
-			pub..a49b408c
+			// ..f2910d14
+			pub..cf5a121e
-			// ..9d403bf4
-			pub..d846a63e
+			// ..a7b6e8e1
+			pub..d9148ab2
-			// ..2b4f6853
-			pub..ef28b986
+			// ..793eac32
+			pub..205eb5ab
-			// ..aac4bb90
-			pub..2868ea09
+			// ..82f10ef9
+			pub..ae90e9b2
-			// ..7a076c04
-			pub..bf68018e
+			// ..74b7ac27
+			pub..42d3083b
-			// ..e065f2d5
-			pub..26ccd60f
+			// ..3797268e
+			pub..59db12d5
-			// ..f4f0216a
-			pub..a7101431
+			// ..08041bc2
+			pub..d85923e4
-			// ..1fb98032
-			pub..d85b59be
+			// ..164ac890
+			pub..437cb933
-			// ..e591e7ab
-			pub..669f555c
+			// ..e41ed56a
+			pub..f4d35de5
-			// ..e9abe9fc
-			pub..f36aab16
+			// ..d29c579a
+			pub..5eb2edc5
-			// ..a8ce4724
-			pub..943b2060
+			// ..322a35cc
+			pub..6e5b9caa
-			// ..0abbfbc1
-			pub..7fc99c5b
+			// ..168153bb
+			pub..15e1a6ec
-			// ..a38e9152
-			pub..4c6a728e
+			// ..5cafcad0
+			pub..b6d231bc
-			// ..9a1d5239
-			pub..6f49e331
+			// ..052a5ff4
+			pub..9231e35a
-			// ..5e267f45
-			pub..13ad7da0
+			// ..b1ceaede
+			pub..bd2b3cf7
-			// ..4a5da0e1
-			pub..28b242db
+			// ..f6c23bc2
+			pub..24a69acd
-			// ..be5d80ee
-			pub..6c5e8f44
+			// ..9d85e80b
+			pub..e2889b55
-			// ..ce432292
-			pub..f6fc717c
+			// ..39c73c14
+			pub..18c2d761
-			// ..908a122c
-			pub..dc3bd43c
+			// ..2b90dfde
+			pub..96e6d2a6
-			// ..056da6a9
-			pub..03a6c79b
+			// ..b17d0d7a
+			pub..f137a5a0
-			// ..1be7c974
-			pub..14a6c1bc
+			// ..313fbd71
+			pub..d45018dc
-			// ..93a50b08
-			pub..b8247f12
+			// ..df21a892
+			pub..2cc45988
-			// ..c1c2a17e
-			pub..3b357d97
+			// ..409078be
+			pub..5e55a689
-			// ..03a7fa36
-			pub..16c80ccc
+			// ..68cca729
+			pub..3e8ecaf5
-			// ..0fccceba
-			pub..d3ef3741
+			// ..4fb41fce
+			pub..91b2d44b
-			// ..6316e1f0
-			pub..fef849bf
+			// ..02801eeb
+			pub..5e1dceee
-			// ..b23b3f1d
-			pub..84f672db
+			// ..affc2713
+			pub..5b01bf35
-			// ..d8be77a4
-			pub..4166d600
+			// ..78b94f87
+			pub..b87b9981
-			// ..c956e58a
-			pub..32c9c549
+			// ..e11f4c65
+			pub..a9d68a69
-			// ..bd6c3217
-			pub..76e37821
+			// ..45c5b198
+			pub..8e80e92f
-			// ..db51e558
-			pub..06e320cf
+			// ..160d007c
+			pub..19e0bcb1
-			// ..af06d977
-			pub..bd4fa73c
+			// ..194ed783
+			pub..b6597b79
-			// ..19dabb38
-			pub..bd8e8b3c
+			// ..a681313c
+			pub..fad78687
-			// ..843153b7
-			pub..b88b13c0
+			// ..22544189
+			pub..59b48d04
-			// ..e7aac70c
-			pub..5eb51c07
+			// ..3620ac2a
+			pub..a95bdb0e
-			// ..68015d83
-			pub..1529966a
+			// ..54aca6ff
+			pub..2d53c0e6
-			// ..11500599
-			pub..681a05a9
+			// ..c03f41b0
+			pub..0f1b3c85
-			// ..101b434c
-			pub..cca5891d
+			// ..47c03dcc
+			pub..0e25e726
-			// ..9a2fd174
-			pub..22bf56bc
+			// ..17452a94
+			pub..17f266fb
-			// ..86ee6b7d
-			pub..b6ffc942
+			// ..98931355
+			pub..21ac0096
-			// ..513ee54d
-			pub..0e953f1b
+			// ..01afce96
+			pub..341d4636
-			// ..9c759cb5
-			pub..3715c001
+			// ..9c7293f4
+			pub..a5e38f87
-			// ..2e4fa13d
-			pub..aa017e07
+			// ..323cafcf
+			pub..ebb6fbe5
-			// ..0afd07ce
-			pub..272bfe72
+			// ..1f6d14ee
+			pub..fe8634bc
-			// ..ffb93739
-			pub..bc953788
+			// ..076d7e81
+			pub..24c07813
-			// ..236c2b73
-			pub..4b388af6
+			// ..f79dd0df
+			pub..aab4d91d
-			// ..6e09e3e8
-			pub..6b05de5f
+			// ..1c26f204
+			pub..d9cb6b4a
-			// ..1ca9c7a6
-			pub..82145f49
+			// ..ca8f2f16
+			pub..e74e9e0e
-			// ..bb9a6d54
-			pub..8f385b53
+			// ..e205c931
+			pub..3d8d95cc
-			// ..716837f6
-			pub..5bde311a
+			// ..c795a5d7
+			pub..cb96b331
-			// ..4c216f4b
-			pub..c40fdb07
+			// ..89738eca
+			pub..8596ddfd
-			// ..9eac1fc7
-			pub..cad0876b
+			// ..13284c64
+			pub..bec43ad7
-			// ..fe52fd1b
-			pub..0509de90
+			// ..4a9f64ff
+			pub..623f9e15
-			// ..b7ac7c75
-			pub..29fc2547
+			// ..e58675fe
+			pub..91ac64b9
-			// ..1b8097d9
-			pub..8fa5d606
+			// ..8d62ec0c
+			pub..97427a63
-			// ..4e8a326a
-			pub..75067910
+			// ..aaf82c59
+			pub..f02dd986
-			// ..bc96797b
-			pub..3cd0abe1
+			// ..11fca82f
+			pub..380137f7
-			// ..ad01610d
-			pub..1d3822d4
+			// ..c69c84be
+			pub..292387aa
-			// ..a6220054
-			pub..b5bee3f8
+			// ..286e60db
+			pub..72b8ab8c
-			// ..06534c4a
-			pub..83aa0043
+			// ..7fb8f8e1
+			pub..a30ee716
-			// ..682916c5
-			pub..785b83ee
+			// ..d6a3b446
+			pub..13492e85
-			// ..d7947359
-			pub..d6fe241d
+			// ..7236044f
+			pub..b73e53a8
-			// ..de64c982
-			pub..d87c9c9f
+			// ..53f99b9e
+			pub..c7f7094d
-			// ..efee5cd1
-			pub..b7bbf9c3
+			// ..f2f364d9
+			pub..d26056bb
-			// ..58eb56fb
-			pub..09086228
+			// ..d0056ac5
+			pub..f73c7c20
-			// ..d2be73ed
-			pub..8622a54a
+			// ..f513404e
+			pub..81627b8b
-			// ..4fd73908
-			pub..3bc3ae79
+			// ..93c6f696
+			pub..788219ec
-			// ..bb341bc0
-			pub..db444c32
+			// ..9de02ec3
+			pub..ce25ae6b
-			// ..1fd4630e
-			pub..d42ae9b3
+			// ..0f1ebde5
+			pub..78e0c1bb
-			// ..e322b366
-			pub..c696e254
+			// ..776282a6
+			pub..404aa24d
-			// ..ae51b575
-			pub..1262c8db
+			// ..1c7c3fa1
+			pub..e13cd4fc
-			// ..4156895c
-			pub..62643164
+			// ..f2444fc8
+			pub..b7ab39f9
-			// ..cb683246
-			pub..f679cd08
+			// ..ca392ee1
+			pub..767ab67c
-			// ..5b45bd0e
-			pub..0f9acd30
+			// ..d560ad00
+			pub..fce6fe12
-			// ..02da49bf
-			pub..86c14bdd
+			// ..3dfe0bd7
+			pub..f5c037f7
-			// ..10cb86b3
-			pub..8ad05627
+			// ..83352ffc
+			pub..2d8aaef0
-			// ..bb41a676
-			pub..22c1d33d
+			// ..cfa5de20
+			pub..c860b82a
-			// ..f5684edb
-			pub..5267a515
+			// ..deaa7d54
+			pub..ed0f3291
-			// ..eccd004c
-			pub..bb7c894d
+			// ..dc9b968f
+			pub..d6b00337
-			// ..890370dd
-			pub..349a7d4c
+			// ..fcdc1d2b
+			pub..3074ce88
-			// ..19c0564f
-			pub..0bca8454
+			// ..dbcce5c5
+			pub..fc44e67e
-			// ..7fa5834f
-			pub..74fe394f
+			// ..3f4e501e
+			pub..d4353bdd
-			// ..5de09edc
-			pub..92d43678
+			// ..4c7657b1
+			pub..2259ab30
-			// ..876f9860
-			pub..df61c8ad
+			// ..b465c1b1
+			pub..30d52315
-			// ..ee2a93fb
-			pub..d165fde6
+			// ..98685bd7
+			pub..ebeb2903
-			// ..416e4d34
-			pub..c4ed0ca7
+			// ..4695b0a1
+			pub..2b3cc1a4
-			// ..e058004a
-			pub..cc3f11e7
+			// ..9c49d77a
+			pub..437fc508
-			// ..d8d2074c
-			pub..650f0a37
+			// ..c9f26b72
+			pub..a2da8f7c
-			// ..3772ce37
-			pub..d23eeca1
+			// ..39d8a2c9
+			pub..585a5c03
-			// ..0b3d419b
-			pub..e868a714
+			// ..603198f7
+			pub..0a794e63
-			// ..e6a3ff97
-			pub..f176209f
+			// ..e9c005d3
+			pub..1e0878bf
-			// ..6d3f9e7d
-			pub..27c89632
+			// ..01a834dd
+			pub..51414c09
-			// ..ec8334ef
-			pub..bb15efd4
+			// ..82fc455f
+			pub..6aa40d69
-			// ..ce7521d0
-			pub..95976f56
+			// ..5f353257
+			pub..931c4e84
-			// ..f3f04205
-			pub..cc070b96
+			// ..abba0cb4
+			pub..313fa9c5
-			// ..6b30ad74
-			pub..1cfd3c01
+			// ..e736418d
+			pub..44dc7046
-			// ..2b199d59
-			pub..16fce781
+			// ..2bbd4bb0
+			pub..ffa8cd25
-			// ..edffac9e
-			pub..4d60b775
+			// ..8749c680
+			pub..b12487ab
-			// ..0cf30503
-			pub..ba8a7d2f
+			// ..644a93f6
+			pub..cd10a300
-			// ..6b940a9f
-			pub..a468515d
+			// ..d50ccc47
+			pub..42987016
-			// ..c4f8c183
-			pub..035db264
+			// ..4b2dfdae
+			pub..eda408a0
-			// ..25134982
-			pub..66d2714f
+			// ..6397d519
+			pub..12069de4
-			// ..1b78e470
-			pub..183b1339
+			// ..4c517cd8
+			pub..40773908
-			// ..257c9843
-			pub..319765d9
+			// ..a56970d4
+			pub..4d53b1ab
-			// ..d8145b1d
-			pub..cba561e8
+			// ..7ddb0741
+			pub..989f6bd0
-			// ..dc1436e3
-			pub..dff55c18
+			// ..7f3908f0
+			pub..872a8557
-			// ..dec66901
-			pub..f8892073
+			// ..74d64391
+			pub..0399c848
-			// ..b03f8750
-			pub..28910521
+			// ..66928b4c
+			pub..941cd6d0
-			// ..4d4322c6
-			pub..2a4a592b
+			// ..1eaa4272
+			pub..2210aa88
-			// ..abd4305d
-			pub..f33f9893
+			// ..6fd55de0
+			pub..2f158311
-			// ..01ab3011
-			pub..5709cc3e
+			// ..407d3fc0
+			pub..4d949491
-			// ..393a2bab
-			pub..adec5492
+			// ..2b507b40
+			pub..4c4dbc0a
-			// ..2ebec758
-			pub..75b7ae3d
+			// ..ea05cbfe
+			pub..bbd27352
-			// ..a73a8a04
-			pub..04942a22
+			// ..c2d0827f
+			pub..39ff9f50
-			// ..c4af307e
-			pub..237d25e4
+			// ..cf716ba6
+			pub..7f67b5f9
-			// ..893294fc
-			pub..7bd0c8c3
+			// ..081ced8f
+			pub..8196e13b
-			// ..e7df1d31
-			pub..dda3c753
+			// ..7af6d570
+			pub..6ecb50d0
-			// ..4318b900
-			pub..d6399be8
+			// ..e81f675b
+			pub..280bacea
-			// ..4e1db97d
-			pub..77aef13d
+			// ..627a1411
+			pub..73d60dfb
-			// ..a8ad0499
-			pub..41409687
+			// ..33a2ae43
+			pub..ce9fae7e
-			// ..c977a04b
-			pub..1011a9a8
+			// ..d192efee
+			pub..5a938548
-			// ..00c30aaf
-			pub..1a924606
+			// ..5e2430f0
+			pub..d2267cad
-			// ..106364bc
-			pub..fc9bcfc0
+			// ..1b051b0e
+			pub..da3cf19b
-			// ..05e1b07f
-			pub..ec9057e9
+			// ..b1b338b9
+			pub..357594ea
-			// ..65b15fa7
-			pub..c884930e
+			// ..8299ca37
+			pub..5298bf93
-			// ..4410b3eb
-			pub..a7e7d931
+			// ..8c21118e
+			pub..f59c84e0
-			// ..3240fd38
-			pub..e5514a22
+			// ..eb04fbcb
+			pub..cdc2436e
-			// ..a6e0a69f
-			pub..04d3d984
+			// ..b6aeb859
+			pub..31e7875d
-			// ..0370c6e9
-			pub..15791ffa
+			// ..09fba4b2
+			pub..c639680d
-			// ..c00b3df9
-			pub..c405f838
+			// ..7f0563da
+			pub..e3337dee
-			// ..c817b6c0
-			pub..8dda1beb
+			// ..373e8eb1
+			pub..2d8463bb
-			// ..10f7b799
-			pub..bc28ed01
+			// ..3185d0d2
+			pub..c23a4e9c
-			// ..ead60ec7
-			pub..f2ba62de
+			// ..59d02b54
+			pub..ebba8286
-			// ..d2371abd
-			pub..effe6ac3
+			// ..b67e4dec
+			pub..29af9eae
-			// ..e589286f
-			pub..ce151854
+			// ..381d8c09
+			pub..3fc550a0
-			// ..5be59877
-			pub..98ab0555
+			// ..4208a834
+			pub..017ec10c
-			// ..e0a57404
-			pub..0b3c7eaf
+			// ..b6f632a6
+			pub..3a04244f
-			// ..5895d128
-			pub..7acf1b99
+			// ..e9626c58
+			pub..9299a832
-			// ..55d7368e
-			pub..f2558504
+			// ..c8ec9205
+			pub..f157c558
-			// ..1aa2baa1
-			pub..f2b195e2
+			// ..3b02cebf
+			pub..8dd7a6a6
-			// ..f232fff3
-			pub..e9d471fa
+			// ..9631e42b
+			pub..468370a2
-			// ..96550f06
-			pub..c583ab84
+			// ..01debb4f
+			pub..301142d5
-			// ..c0396677
-			pub..b442f654
+			// ..a07af1ff
+			pub..e8188012
-			// ..f3ad4415
-			pub..59149ff0
+			// ..188a5253
+			pub..6a5f0ad9
-			// ..b4bede55
-			pub..376f8136
+			// ..77f853d7
+			pub..4b7e87cf
-			// ..adf86276
-			pub..cec474b6
+			// ..686c79b7
+			pub..457cb913
-			// ..7ed9b6c5
-			pub..caf1a3db
+			// ..1b16a24d
+			pub..83354761
-			// ..e2788441
-			pub..51dd20f9
+			// ..5799652f
+			pub..1657adeb
-			// ..6582cb71
-			pub..a2c6823f
+			// ..a9757b56
+			pub..0c8d2e19
-			// ..4e8ba914
-			pub..319d1371
+			// ..6b057414
+			pub..86744d2d
-			// ..d20e4e5a
-			pub..403b2c76
+			// ..bd48eba2
+			pub..f9f544db
-			// ..9816dfb4
-			pub..e969ff95
+			// ..ab83226c
+			pub..087edc61
-			// ..c4188687
-			pub..1e6ab9d3
+			// ..825d4026
+			pub..b2c6687a
-			// ..8d7fd583
-			pub..40d7cdaf
+			// ..67f302a4
+			pub..7cdb0d77
-			// ..42b483e7
-			pub..ae914f15
+			// ..ab8802b9
+			pub..29c16921
-			// ..fd81646c
-			pub..a65beaed
+			// ..10e8f0cb
+			pub..06171d53
-			// ..c5bd971c
-			pub..129f2124
+			// ..6bf94212
+			pub..f432f3c9
-			// ..654c0d49
-			pub..cc3227af
+			// ..ff47ebc0
+			pub..56eb2af4
-			// ..06fa023b
-			pub..db8f6057
+			// ..392a81cb
+			pub..a363d689
-			// ..4c20f7af
-			pub..8717a414
+			// ..f572e0a7
+			pub..fadc77f6
-			// ..626a5c50
-			pub..9e0cd007
+			// ..d9eeb7a8
+			pub..669f9d25
-			// ..35cd67ac
-			pub..72d1a2c7
+			// ..73ee14fd
+			pub..704abfff
-			// ..4643d7cc
-			pub..2e173ff8
+			// ..b3bee8a7
+			pub..a2b4f9c4
-			// ..7c42b0fc
-			pub..87f0a075
+			// ..718535dc
+			pub..ba1b5013
-			// ..dee9efc3
-			pub..c4c54dab
+			// ..e1a07b24
+			pub..33679efa
-			// ..9587bf83
-			pub..ebf8a469
+			// ..8c7d9562
+			pub..defa6871
-			// ..6c7d94a0
-			pub..04b70e90
+			// ..be193094
+			pub..e95aa961
-			// ..26607729
-			pub..8b399b48
+			// ..82da8276
+			pub..5646e4b2
-			// ..19a3f837
-			pub..9c73d637
+			// ..b987585b
+			pub..998591f5
-			// ..f05505b4
-			pub..938a46cd
+			// ..b8a9c78e
+			pub..87ba4846
-			// ..ca346bdd
-			pub..860657da
+			// ..a4e1d046
+			pub..fcb61568
-			// ..f1d898d2
-			pub..b658981b
+			// ..0db6daf5
+			pub..02f872d2
-			// ..a99aedce
-			pub..d6a0200a
+			// ..b11092e9
+			pub..f76cef0a
-			// ..42421da4
-			pub..b45cfbe1
+			// ..199ac7a7
+			pub..5c876390
-			// ..7d7934c1
-			pub..2d7bd8c5
+			// ..73a15ccc
+			pub..f91a72a5
-			// ..c6a9ad0e
-			pub..b7251690
+			// ..8239b0c9
+			pub..b1d9defb
-			// ..3ba4fd57
-			pub..81a7d456
+			// ..609621cc
+			pub..88b2ddf0
-			// ..0f96204d
-			pub..5782a39f
+			// ..1b6822a7
+			pub..243bed25
-			// ..5f7542df
-			pub..08c14ae9
+			// ..67deee7a
+			pub..16aefc78
-			// ..645d1237
-			pub..aed60935
+			// ..477173a9
+			pub..5975a014
-			// ..6fd8b911
-			pub..1dc830cd
+			// ..104caa5a
+			pub..2cf20ae9
-			// ..cee27e21
-			pub..b4c5e9af
+			// ..04e19df9
+			pub..60e0d58e
-			// ..f20882a0
-			pub..00376ed3
+			// ..d75c7cd2
+			pub..62696fc9
-			// ..37e5a071
-			pub..947d17d9
+			// ..cce49fc7
+			pub..0f6e4ae8
-			// ..21dc9c7c
-			pub..ad0191b7
+			// ..1165ef86
+			pub..f4e26b61
-			// ..1f9adf87
-			pub..28751bf1
+			// ..a2cbbabb
+			pub..e9565587
-			// ..6269b8ff
-			pub..6681b94b
+			// ..a4249450
+			pub..fffe8e8a
-			// ..9ad2650d
-			pub..4111cfa8
+			// ..9b5e8337
+			pub..31029cfc
-			// ..f75af3bc
-			pub..bcff1a69
-..35781011
-			pub..95ce7406
+			pub..ad2c02d2
-			pub..67681b95
+			pub..7d9cd008
+..199a5135
+			// ..22c613bb
+			pub..454cdf17
-			// ..97a1c96c
-			pub..83220e78
-..35781011
-			pub..911ee748
+			pub..71431ca1
-			pub..82e49a16
+			pub..24269939
+..199a5135
+			// ..d930a3fb
+			pub..21184036
-			// ..d0f900be
-			pub..2a248c28
-..35781011
-			pub..64b1e64d
+			pub..46f6ca12
+..199a5135
+			// ..826c872f
+			pub..65845a75
-			pub..04331142
+			pub..71fba9d2
-			pub..1aedf9e9
+			pub..cc29b0ab
-			pub..70adba9f
+			pub..96e18f74
-			pub..ecdd8d61
+			pub..622db1dd
-			pub..33e6e890
+			pub..90f23f48
-			pub..f2fb36cb
+			pub..a68e9b3b
-			pub..d07030cc
+			pub..40755181
+..199a5135
+			// ..e7034ce5
+			pub..cda710d2
-			// ..647e2373
-			pub..a4690aea
+			// ..fc549984
+			pub..6f3a2de4
-			// ..43fcbf3d
-			pub..98be12f4
+			// ..c0d3b603
+			pub..f5229a5a
-			// ..5f7b5c03
-			pub..0e062ce6
+			// ..04c372be
+			pub..f6836287
-			// ..6e7fb544
-			pub..7b6fca17
+			// ..a40e65a1
+			pub..09bfa63f
-			// ..7d22cc68
-			pub..b178d6bd
+			// ..d67c954b
+			pub..54c8d2b4
-			// ..24e38abb
-			pub..0eddc5b2
+			// ..b7151e75
+			pub..c0551ae9
-			// ..0a1fe765
-			pub..f339890b
+			// ..5a69bb2e
+			pub..1bdbdd85
-			// ..a0a3e8cd
-			pub..2910dbc2
+			// ..424f95e3
+			pub..ffcc4933
-			// ..dbe08ac0
-			pub..3f7c18e2
+			// ..fd0d57ed
+			pub..23bbbeb9
-			// ..3ec92bc4
-			pub..6a372a59
+			// ..5589ba63
+			pub..1bff9226
-			// ..70b201c2
-			pub..fd39f28c
+			// ..222525a5
+			pub..3f606a03
-			// ..91690895
-			pub..a9a3ba6e
+			// ..c151b025
+			pub..e9fb1646
-			// ..009015ac
-			pub..3073e895
+			// ..fedf8b6f
+			pub..fbb49ed8
-			// ..ab7f773c
-			pub..3a266828
+			// ..1f347c04
+			pub..3463dd92
-			// ..1ed23575
-			pub..739cf3f5
+			// ..73cda42a
+			pub..87d0330b
-			// ..e3ca2d77
-			pub..c008ace1
+			// ..3d2e6d5b
+			pub..9297a72d
-			// ..332edaa0
-			pub..f3d021ca
+			// ..74980288
+			pub..87921e0a
-			// ..1314c815
-			pub..8d26ad11
+			// ..99c59357
+			pub..2a2f706b
-			// ..2cd5376e
-			pub..9825dbdb
+			// ..0d5359f7
+			pub..cebf9a13
-			// ..07376413
-			pub..dd0c9760
+			// ..56a47ae7
+			pub..7f086115
-			// ..75d737db
-			pub..1acb91d2
+			// ..3eb842d4
+			pub..baa90687
-			// ..9d89a465
-			pub..47457580
+			// ..7ee138ab
+			pub..2ea3ac98
-			// ..18f83fd0
-			pub..c6a76a64
+			// ..4de4edc0
+			pub..3b7751a1
-			// ..7cc3a56b
-			pub..65fd8378
+			// ..e50cca29
+			pub..5ecc3621
-			// ..7a0a00d1
-			pub..db6b36eb
+			// ..cbf3fbb7
+			pub..c9e40b4d
-			// ..6e2fc32f
-			pub..de57fbf8
+			// ..c304690e
+			pub..35f5a057
-			// ..5c33df14
-			pub..8ce02635
+			// ..363e2f8c
+			pub..85ea92ed
-			// ..afc756d9
-			pub..3ad965c5
+			// ..3338ddeb
+			pub..e8c7fbda
-			// ..732357fb
-			pub..5db7bf05
+			// ..9221049c
+			pub..2cc44ac8
-			// ..42c1ec84
-			pub..474b930a
+			// ..88ae6a09
+			pub..0b47363e
-			// ..87064576
-			pub..d20e2909
+			// ..04ad060a
+			pub..66f70c9f
-			// ..67ef73f8
-			pub..bfc1c9c1
+			// ..e1b70dda
+			pub..17dff611
-			// ..3bf6c0e9
-			pub..85125d40
+			// ..76a76b14
+			pub..d8d6f397
-			// ..824be828
-			pub..c65f241e
+			// ..bf0bfa30
+			pub..b41b9764
-			// ..714fd7d1
-			pub..1a830262
+			// ..73b320e2
+			pub..7bce525c
-			// ..3c914311
-			pub..c4eb5008
+			// ..513bfafe
+			pub..f0450dd2
-			// ..cd380ae7
-			pub..98fc89a9
+			// ..2a063285
+			pub..91a833b4
-			// ..efb2616d
-			pub..ab2adfc9
+			// ..7f2c1160
+			pub..b713d2c0
-			// ..90594c56
-			pub..78866d88
+			// ..18cd6e12
+			pub..170b1dfe
-			// ..730e40cb
-			pub..c44ed59e
+			// ..af41b64e
+			pub..02f1356b
-			// ..35c32a0f
-			pub..0dd55b71
+			// ..dced6c87
+			pub..c5f8ece7
-			// ..dc384c64
-			pub..0bea0486
+			// ..cfcec916
+			pub..bffb45d2
-			// ..675c71ce
-			pub..6f232f5f
+			// ..dc993f0c
+			pub..9baec7bf
-			// ..9afa63ef
-			pub..4d7d246b
+			// ..13ac2f56
+			pub..e0872e2e
-			// ..8bcde693
-			pub..5258ac33
+			// ..9db29d40
+			pub..a5bfafb6
-			// ..102e10a8
-			pub..1a1d17b3
+			// ..89c10e4a
+			pub..7bae1a81
-			// ..fe95986c
-			pub..61ce674a
+			// ..ac5c13db
+			pub..5980c7ea
-			// ..7aa0703e
-			pub..21a4b5e8
+			// ..c570d8c0
+			pub..fca68249
-			// ..c2a756ee
-			pub..81070286
+			// ..c29434bc
+			pub..4713ed95
-			// ..e070a9e7
-			pub..1bc36bf2
+			// ..9b550cfe
+			pub..d4eb16d6
-			// ..b401010f
-			pub..c8166c65
+			// ..4ba46796
+			pub..f5ad2ea1
-			// ..136a7e1a
-			pub..4acc38f7
+			// ..09fec54d
+			pub..fef9678c
-			// ..a9e3c5f6
-			pub..c750969d
+			// ..5140ff96
+			pub..ebc2eb27
-			// ..270778db
-			pub..09eaa188
+			// ..35d6ef23
+			pub..a2523ab2
-			// ..7eaacf0b
-			pub..f860db7e
+			// ..51d4876e
+			pub..e0dfcdd5
-			// ..1bf892f1
-			pub..cda004e9
+			// ..635deedd
+			pub..83e9825e
-			// ..e96a29b9
-			pub..56078f1d
+			// ..48f946f5
+			pub..dbb751f3
-			// ..260aad79
-			pub..ae6b7fb8
+			// ..b7a7ee97
+			pub..640a592f
-			// ..fd3858dc
-			pub..be433dbd
+			// ..7646b0ba
+			pub..33a97df2
-			// ..76f696fc
-			pub..f45ef280
+			// ..74da7e85
+			pub..f4e828dd
-			// ..c9d6d52e
-			pub..35adfc13
+			// ..97f615b9
+			pub..d39579c3
-			// ..51d1e2b1
-			pub..6aa2e72a
+			// ..9657d3ea
+			pub..c3987b12
-			// ..0a6b7cee
-			pub..249835f5
+			// ..1856c109
+			pub..eb1caa9c
-			// ..011af6c2
-			pub..5d7561d7
+			// ..9e38571f
+			pub..9d04fe43
-			// ..58250fd6
-			pub..d563e7c2
+			// ..166909f1
+			pub..17836e72
-			// ..dfee4f43
-			pub..a9528c7f
+			// ..29531e2f
+			pub..85f90c5a
-			// ..264c565b
-			pub..aeea5930
+			// ..9cbd0b8a
+			pub..2f72d832
-			// ..69ed8f64
-			pub..a038eefe
+			// ..47a586fd
+			pub..7c1cd718
-			// ..5256b878
-			pub..0f45bf33
+			// ..b8d7b24a
+			pub..85d1e51d
-			// ..ededa690
-			pub..254fa977
+			// ..b35172f4
+			pub..2b0c4f04
-			// ..63bc2ad2
-			pub..be4710be
+			// ..bbe94572
+			pub..8276bf75
-			// ..296a3f5b
-			pub..3284a9d7
+			// ..77d5050d
+			pub..01a51440
-			// ..6311cc24
-			pub..d219c17a
+			// ..1bad7799
+			pub..1de1157e
-			// ..df14bb57
-			pub..5c0b13a3
+			// ..aa2581d0
+			pub..ae1cb48a
-			// ..f2ae3eaa
-			pub..f521cc7f
+			// ..d1cd6f21
+			pub..232b27cc
-			// ..bcd44ffe
-			pub..b689424a
+			// ..d0f45711
+			pub..fcde4bd8
-			// ..9ad22d4f
-			pub..cb2b9eb0
+			// ..5e941800
+			pub..07e49386
-			// ..dcb3ffdd
-			pub..bf0fe3fa
+			// ..71de079e
+			pub..d8e4a46d
-			// ..a668b1cb
-			pub..f580102d
+			// ..b2592d70
+			pub..78ac9914
-			// ..63bea40c
-			pub..0529fc57
+			// ..81ccaeab
+			pub..d54a674d
-			// ..5e328346
-			pub..8d3a03c3
+			// ..90798269
+			pub..0feab351
-			// ..4765358b
-			pub..f9799d1a
+			// ..87956774
+			pub..1d97393e
-			// ..b3b9c88b
-			pub..939b1bdd
+			// ..20b76fb3
+			pub..46ffb13f
-			// ..8b9728c2
-			pub..c625ba04
+			// ..146e9a07
+			pub..097513ae
-			// ..c18737a8
-			pub..66cefe93
+			// ..2ab8c51f
+			pub..287d2c6e
-			// ..78a27fa8
-			pub..a3e4a87c
+			// ..e61e0e2c
+			pub..2fe39cd6
-			// ..e0743ec6
-			pub..d80b1f67
+			// ..dc0c9d3f
+			pub..94847828
-			// ..405b821f
-			pub..d729938d
+			// ..02f1df04
+			pub..77689bd8
-			// ..ef731340
-			pub..f28f1e3a
+			// ..8bb76247
+			pub..5a3d3067
-			// ..a845f742
-			pub..ab7f41bc
+			// ..4174820d
+			pub..eeac2312
-			// ..adc09496
-			pub..792535ef
+			// ..5b78924d
+			pub..283adac7
-			// ..36697f61
-			pub..4cc6b6d3
+			// ..8e3c472a
+			pub..1d4ef18f
-			// ..f1551dbf
-			pub..9415d51c
+			// ..f79333e0
+			pub..ae5d62cf
-			// ..aa01bbf8
-			pub..2a5e032d
+			// ..7c100a68
+			pub..d0fcc693
-			// ..b39c488c
-			pub..e1a587cc
+			// ..437345f3
+			pub..baedaecb
-			// ..9fccf4a1
-			pub..23216af7
+			// ..aef71a34
+			pub..53d52f4b
-			// ..3b4a7353
-			pub..559908a1
+			// ..995fd64e
+			pub..e4ad4ac4
-			// ..45bb05f1
-			pub..ddfe6384
+			// ..b2561b17
+			pub..3f5b0085
-			// ..b3554670
-			pub..5f5d8b99
+			// ..b5647274
+			pub..916eccdd
-			// ..56adf9e7
-			pub..261cccbc
+			// ..aaa4799e
+			pub..4bc86370
-			// ..631f5626
-			pub..3adb88a9
+			// ..09940b44
+			pub..0605689a
-			// ..4bce7e4a
-			pub..a998977e
+			// ..88d66657
+			pub..e8aa0291
-			// ..d4fb62f9
-			pub..947379c1
+			// ..efda5356
+			pub..5bf14a3f
-			// ..79ffe0bd
-			pub..60fe0dd9
+			// ..2489942e
+			pub..86b15044
-			// ..cdcb11fb
-			pub..113fd151
+			// ..d6c40e8d
+			pub..dac73e7e
-			// ..4662e5dd
-			pub..7bd3b24b
+			// ..fbabe4f2
+			pub..b95d75f2
-			// ..1af541a3
-			pub..308f52a1
+			// ..52090858
+			pub..657aff9b
-			// ..22795096
-			pub..c5950996
+			// ..9782cd20
+			pub..dbe4908e
-			// ..dda193da
-			pub..5dd56273
+			// ..fb3929e3
+			pub..89ec8688
-			// ..d9a8cdca
-			pub..a0f2b6ff
+			// ..ae9b71e3
+			pub..61abd8c1
-			// ..4a6f4ea9
-			pub..6e5186f9
+			// ..636ee575
+			pub..833a01df
-			// ..71ee38ba
-			pub..82a8f22b
+			// ..b9dbcfea
+			pub..83edbba0
-			// ..7c03576b
-			pub..95a48a09
+			// ..59ce3a6a
+			pub..63119e50
-			// ..1b4bf028
-			pub..c617e2cf
+			// ..5d45b2ee
+			pub..56b51e7b
-			// ..4851f033
-			pub..5225cf7e
+			// ..3550c86a
+			pub..9732b6b6
-			// ..0b25ddc9
-			pub..b5e675e2
+			// ..a3d22de5
+			pub..dae61537
-			// ..61040058
-			pub..d96ec5db
+			// ..72a87498
+			pub..1a7dcac6
-			// ..d3f1956e
-			pub..c4f0b39e
+			// ..636b0c1c
+			pub..b77ed31f
-			// ..d7120320
-			pub..c5dc38b5
+			// ..8aad847a
+			pub..ef89cda6
-			// ..a86b5462
-			pub..cf1e76f5
+			// ..ac97c7d0
+			pub..6cdbbd4a
-			// ..115a1630
-			pub..a4cd3e88
+			// ..f407a5c0
+			pub..d1c5d728
-			// ..bc4b8f36
-			pub..b1751fad
+			// ..6dc63782
+			pub..4dfc54ab
-			// ..1e727c9c
-			pub..a3080d21
+			// ..6d3103c0
+			pub..5ebd9180
-			// ..0254f1fc
-			pub..a2f93467
+			// ..dd4d1988
+			pub..4f7d26f8
-			// ..c326a48b
-			pub..a81da00a
+			// ..d1a2038d
+			pub..aba0386f
-			// ..dbd31208
-			pub..072ee22f
+			// ..75958f35
+			pub..7f6e17c9
-			// ..6de95392
-			pub..f00f1913
+			// ..ec1e2f5b
+			pub..9e1a0a9e
-			// ..944421a3
-			pub..96a4cf80
+			// ..54fa836e
+			pub..f853e59d
-			// ..67de4b8b
-			pub..2f3a9dd1
+			// ..e15b331e
+			pub..b37afe97
-			// ..9b761ad8
-			pub..3f977200
+			// ..6e9a6d3b
+			pub..3d7204e4
-			// ..af255311
-			pub..2341fc93
+			// ..34dc02af
+			pub..75f74287
-			// ..3d1f0673
-			pub..12440dd6
+			// ..9eaeb902
+			pub..c2531c23
-			// ..686661d5
-			pub..3fc63f09
+			// ..ab11a250
+			pub..54c14def
-			// ..b035cc9e
-			pub..714925d7
+			// ..c5f7f341
+			pub..b99f8ddb
-			// ..8e6d8974
-			pub..1b243f91
+			// ..143aab68
+			pub..506360ea
-			// ..1cc1ff93
-			pub..5b2efdbd
+			// ..f4d337ed
+			pub..14cdf112
-			// ..75ea9c25
-			pub..35600041
+			// ..a9d28a7a
+			pub..0dfb5409
-			// ..5516964d
-			pub..7c3759f0
+			// ..7a433fff
+			pub..d22fdc05
-			// ..bdc33d47
-			pub..e403c8e8
+			// ..b64c2932
+			pub..a286310d
-			// ..3ab74265
-			pub..b9dccb82
+			// ..56773344
+			pub..583974e6
-			// ..085b8d95
-			pub..6559a36e
+			// ..e6de63f7
+			pub..db4fcd72
-			// ..2cf079d3
-			pub..3d0b455d
+			// ..cbbf3310
+			pub..a0624a88
-			// ..b940c124
-			pub..70dbd617
+			// ..15c21fc9
+			pub..48a0e865
-			// ..0105490a
-			pub..f5ea88ff
+			// ..1c6286a9
+			pub..48e48192
-			// ..f4729462
-			pub..16afd854
+			// ..a26ffcab
+			pub..960b6918
-			// ..65649e91
-			pub..286ffcff
+			// ..7c97c4a1
+			pub..0ebede7e
-			// ..7c673870
-			pub..6058f918
+			// ..7f37933a
+			pub..b9681ff1
-			// ..e74145d6
-			pub..22a1d8b8
+			// ..0f5a27a6
+			pub..f19ae84f
-			// ..1003e15a
-			pub..c7112851
+			// ..a4e3620e
+			pub..675d464f
-			// ..db939994
-			pub..7c8d6f6a
+			// ..8ff8757c
+			pub..27cbb32d
-			// ..96f892f7
-			pub..fe70efe5
+			// ..de7ad7be
+			pub..c7420cf8
-			// ..c6212752
-			pub..0ce58fcb
+			// ..fb84a311
+			pub..201e4e52
-			// ..5e67697e
-			pub..74115f11
+			// ..8eb30527
+			pub..c7c3d89b
-			// ..3e7a9aaf
-			pub..9e6d3e5a
+			// ..9078bed2
+			pub..a6f2bc3c
-			// ..12c2a788
-			pub..4bf08df1
+			// ..2484e775
+			pub..f619f459
-			// ..dcf5fff6
-			pub..ee06269c
+			// ..ce7c8d58
+			pub..45bba0b3
-			// ..58b925bf
-			pub..93d1f7cb
+			// ..d27476b4
+			pub..5dffe61a
-			// ..0ff65059
-			pub..90aed03e
+			// ..d19f9df0
+			pub..f496c646
-			// ..aa8392ec
-			pub..c4794d48
+			// ..ee3d777e
+			pub..cfa61bf2
-			// ..7cfebcd7
-			pub..bea28e8e
+			// ..5678b53d
+			pub..3caa657a
-			// ..3166429d
-			pub..0a950521
+			// ..bb0d5904
+			pub..79f39eca
-			// ..dadf6716
-			pub..17549407
+			// ..a78f4f03
+			pub..54ef30f8
-			// ..899c4a0a
-			pub..4bea7430
+			// ..ac42821d
+			pub..a918b62a
-			// ..0531d122
-			pub..ad6f784f
+			// ..66622f59
+			pub..b3dd7385
-			// ..40b9b151
-			pub..6263f261
+			// ..37ef80d1
+			pub..2cbc5925
-			// ..663d513f
-			pub..28cc2a17
+			// ..892f5ecb
+			pub..afa15a5f
-			// ..7f36ec5e
-			pub..bd75b7d9
+			// ..e3db8edc
+			pub..2560b638
-			// ..279b4a32
-			pub..0e34b246
+			// ..dc515587
+			pub..fcc6635f
-			// ..b35143b6
-			pub..b8fe249e
+			// ..de33ca5a
+			pub..17c487da
-			// ..a10f279a
-			pub..85751d97
+			// ..0c3629f8
+			pub..37652438
-			// ..6217d874
-			pub..cb7c52d2
+			// ..019f0910
+			pub..a2b337c2
-			// ..66960b74
-			pub..f76c1a3f
+			// ..c303cde2
+			pub..21531647
-			// ..f3509bad
-			pub..70a3a776
+			// ..af715122
+			pub..8ddee57d
-			// ..92f15102
-			pub..cc5701a9
+			// ..4842f0c9
+			pub..96e47ac6
-			// ..da1b47a2
-			pub..87e2df13
+			// ..400165f6
+			pub..4dafce91
-			// ..48ef84b6
-			pub..889b4e0a
+			// ..49000654
+			pub..9c220369
-			// ..70f05cde
-			pub..aa96f61e
+			// ..895e3500
+			pub..38eb4721
-			// ..ccef3572
-			pub..53042d55
+			// ..21c5b4b8
+			pub..1966466a
-			// ..f075e158
-			pub..e4ead0d7
+			// ..63e91c9b
+			pub..e6e6caff
-			// ..966a02f0
-			pub..db9928b6
+			// ..385d52d9
+			pub..e1e5e37a
-			// ..5d2d1ef4
-			pub..2aecae21
+			// ..772c1c4d
+			pub..caa0009c
-			// ..de52bc0c
-			pub..828309b1
+			// ..38937ac2
+			pub..ede12430
-			// ..56083814
-			pub..ef19d471
+			// ..8d25dbeb
+			pub..c93df830
-			// ..67b2f1bd
-			pub..1d3dc3d1
+			// ..6a0be549
+			pub..c326cfef
-			// ..ce0cb821
-			pub..88ed1d4e
+			// ..595c5536
+			pub..098af340
-			// ..159ba682
-			pub..434d9784
+			// ..7a04dd55
+			pub..afc837ae
-			// ..f41a2a4e
-			pub..11b93f77
+			// ..74df9719
+			pub..f02ec1c3
-			// ..05cd8658
-			pub..2e1474e2
+			// ..1278c0da
+			pub..2c081725
-			// ..489c179c
-			pub..3743b8b9
+			// ..294dfb51
+			pub..1499a745
-			// ..e4e73e86
-			pub..c1336d68
+			// ..57028e9d
+			pub..33ce1eb3
-			// ..3f7221fc
-			pub..b21bcbeb
+			// ..f7fac8d0
+			pub..7458674e
-			// ..4c00c4d3
-			pub..d27bdef9
+			// ..be5d72b6
+			pub..8a057908
-			// ..7ac1c03f
-			pub..d74c2ecf
+			// ..3cd3f8ce
+			pub..0682cec0
-			// ..b6b96656
-			pub..418ada1c
+			// ..d93dc6fe
+			pub..0bed59fd
-			// ..6fb93803
-			pub..3418588d
+			// ..bcda1ead
+			pub..28583bcb
-			// ..1b592404
-			pub..acc3b349
+			// ..c74b0494
+			pub..3fa62d8a
-			// ..e5e3f9f3
-			pub..cd0bef46
+			// ..cc1a474e
+			pub..03748deb
-			// ..928143cf
-			pub..c9ebca01
+			// ..434c84aa
+			pub..07967d32
-			// ..4eac81fc
-			pub..e3b74af5
+			// ..012f8fd4
+			pub..ff980981
-			// ..088223cc
-			pub..4714cf91
+			// ..dfb8fc49
+			pub..1403ae1c
-			// ..137b14f6
-			pub..cac7c0c9
+			// ..9de89ae3
+			pub..6b41c83c
-			// ..6cb686ac
-			pub..ec381f59
+			// ..7c48975e
+			pub..5cb1d7dc
-			// ..20020147
-			pub..20c5d246
+			// ..2bb713b7
+			pub..61051996
-			// ..37bac932
-			pub..390d76bc
+			// ..7bfc28f9
+			pub..1b48c68c
-			// ..0def6571
-			pub..8c76c6ca
+			// ..f79d19db
+			pub..caf06947
-			// ..f515ea46
-			pub..34296f99
+			// ..0b7759db
+			pub..70026045
-			// ..b8f426da
-			pub..3e23cdac
+			// ..21e1b110
+			pub..6fe33976
-			// ..da2f9e28
-			pub..816c1c75
+			// ..fb98b736
+			pub..d29c85d6
-			// ..270e84f7
-			pub..91e4c7f3
+			// ..ad7100c9
+			pub..3dbf13d1
-			// ..8f40de74
-			pub..50c05fb0
+			// ..87fee24d
+			pub..8f4df8fe
-			// ..f58772b2
-			pub..ba25b672
+			// ..a04cf2b7
+			pub..228a10ec
-			// ..2e6e4b1c
-			pub..dee24281
+			// ..bd8f6103
+			pub..5426df38
-			// ..64a3a7de
-			pub..9bab9dba
+			// ..6972afd7
+			pub..3249f13b
-			// ..fa8b3276
-			pub..5ff0961c
+			// ..4b7e0167
+			pub..30d94002
-			// ..388b5d3d
-			pub..4c047cd6
+			// ..8d4d50a1
+			pub..5ad4b94f
-			// ..6db1b33a
-			pub..6b114d82
+			// ..143169bc
+			pub..3617f46c
-			// ..764fb51f
-			pub..852b9b12
+			// ..09033e45
+			pub..410ef08d
-			// ..cde69b8b
-			pub..36f3a18a
+			// ..298db3d4
+			pub..55fbc958
-			// ..7ffa9dae
-			pub..74411700
+			// ..66c219d4
+			pub..ef3419f3
-			// ..77165f85
-			pub..0f811ab6
+			// ..40e7508f
+			pub..03c141ed
-			// ..5b103adf
-			pub..a9192893
+			// ..784c1c25
+			pub..14fbbb0d
-			// ..85cc1ebb
-			pub..a43435a8
+			// ..0e873c78
+			pub..78abd474
-			// ..0c079101
-			pub..5028d6fb
+			// ..98622b76
+			pub..783e99f4
-			// ..c2c73200
-			pub..d4a724ba
+			// ..08e6cfab
+			pub..8a5b8fa1
-			// ..84a6d58c
-			pub..2193f14d
+			// ..c0697b99
+			pub..f84c8fa9
-			// ..ae7de570
-			pub..d193edfc
+			// ..256f7f37
+			pub..fc7d6259
-			// ..cb182b18
-			pub..72dfd89f
+			// ..92d65c54
+			pub..af5a8377
-			// ..9f4e1daf
-			pub..b47f9632
+			// ..fb2f0d09
+			pub..e6b37bbb
-			// ..01bc1d6e
-			pub..ca4f0e7b
+			// ..463df968
+			pub..17adfdda
-			// ..c9ac3c4f
-			pub..5880f491
+			// ..11ccc109
+			pub..fb9145be
-			// ..ee27408d
-			pub..dacac4e0
+			// ..da5bb606
+			pub..6924806e
-			// ..335218cf
-			pub..78514a7e
+			// ..c99d653d
+			pub..83f18b93
-			// ..bda06547
-			pub..13871d00
+			// ..d432f6bf
+			pub..f7607ca5
-			// ..56e46242
-			pub..2a7e99a5
+			// ..3692a13f
+			pub..53d921fa
-			// ..86fcf31f
-			pub..ff46568c
+			// ..585ac8fd
+			pub..80bfd0e7
-			// ..c2541c29
-			pub..0168b917
+			// ..324dfa59
+			pub..5bcee6c1
-			// ..96223615
-			pub..b702d6c3
+			// ..f6e6b27c
+			pub..89984927
-			// ..e7c29b58
-			pub..b86da16b
+			// ..20de1c09
+			pub..6b23ff17
-			// ..883dc9be
-			pub..e2f669e5
+			// ..fd0b5012
+			pub..cf768b78
-			// ..5f663e52
-			pub..84853ade
+			// ..c707a6ab
+			pub..96317280
-			// ..c9330aba
-			pub..a73a6622
+			// ..0ed284e7
+			pub..01afb728
-			// ..8010e363
-			pub..cabbed5a
+			// ..35a9865d
+			pub..7a62918e
-			pub..6d8407a7
+			pub..5bb841fc
-			pub..395569c3
+			pub..622ff2a4
-			pub..c7b918ca
+			pub..d6888ca2
-			pub..f805bb3a
+			pub..4e532c64
-			pub..43f9346e
+			pub..5bd25dd3
-			pub..fc07e58b
+			pub..805cd890
-			pub..6e21af5f
+			pub..18d6bf9f
-			pub..f632b6f6
+			pub..a94d8f1b
-			pub..ed6bce00
+			pub..025e2537
-			pub..8781b2a2
+			pub..dcc68da1
-			pub..7db5d34d
+			pub..18d6f078
-			pub..03483444
+			pub..8cc49141
-			pub..c6fb1668
+			pub..b8533768
-			pub..b855856a
+			pub..cb6c9daa
-			pub..b649ce72
+			pub..fb3ab435
-			pub..dc2f61da
+			pub..fd2c55b9
-			pub..00fcb1ea
+			pub..b21c00ad
-			pub..e5606746
+			pub..999a903a
-			pub..c54ce88e
+			pub..5cd26bea
-			pub..a9fad3f8
+			pub..d2be88c7
-			pub..18049100
+			pub..fbe7824b
-			pub..0cd81674
+			pub..9309bc16
-			pub..b2d299d1
+			pub..fd530ee1
-			pub..61332c0b
+			pub..44e49f62
-			pub..c8782273
+			pub..1763475e
-			pub..761f9ad1
+			pub..043722d9
-			pub..b68241f9
+			pub..ad31e8bf
-			pub..36f1e617
+			pub..fef010c2
-			pub..3aaf09fb
+			pub..34587464
-			pub..cf86a39e
+			pub..eee3d43e
-			pub..49056623
+			pub..df4a6a7f
-			pub..ddbab845
+			pub..43249ad3
-			pub..e18068d6
+			pub..e27d3314
-			pub..db0da6b2
+			pub..0b51f4f9
-			pub..363a6db0
+			pub..ed45c8fc
-			pub..ff307a68
+			pub..9e9b9e7d
-			pub..774c76ec
+			pub..af87e944
-			pub..f5fe52d5
+			pub..533b3558
-			pub..2a555761
+			pub..ba0ad1f9
-			pub..3e37751d
+			pub..3c64b30f
-			pub..302add4f
+			pub..d5073c5b
-			pub..3e4ae943
+			pub..476afb4a
-			pub..11bd5b10
+			pub..59d6e399
-			pub..0c33144b
+			pub..839c75c8
-			pub..09dac9e9
+			pub..aa985cca
-			pub..b5634024
+			pub..623e3e23
-			pub..525fd856
+			pub..fbb32ceb
-			pub..0627c067
+			pub..a7e6a572
-			pub..3e2c08f1
+			pub..50dbf777
-			pub..ffcf99ba
+			pub..8fb14b2e
-			pub..afbf68bd
+			pub..8c20801c
-			pub..96fe31b1
+			pub..d1b1b6cb
-			pub..8e97604d
+			pub..29de07f5
-			pub..9cb37f71
+			pub..821592a9
-			pub..6b846749
+			pub..e85a4706
-			pub..6467016a
+			pub..313842cb
-			pub..c2491f5d
+			pub..ee7470c7
-			pub..8fdc7f3c
+			pub..cd8c1a3f
-			pub..63c9ba21
+			pub..dcc39d85
-			pub..a6466f37
+			pub..02648c15
-			pub..d44beec0
+			pub..8d2037d1
-			pub..62ea3995
+			pub..1e10a806
-			pub..c09ac15b
+			pub..0a8055a6
-			pub..b7a7138c
+			pub..7b7b74e5
-			pub..f84a1701
+			pub..f2963267
-			pub..7eb0fa80
+			pub..44f3ccce
-			pub..43e00695
+			pub..22b18bbe
-			pub..e6e24b23
+			pub..be352a22
-			pub..01636ce8
+			pub..1c0f0045
-			pub..a9812201
+			pub..90b0cc25
-			pub..1f45851b
+			pub..70fb532a
-			pub..a2fb89db
+			pub..9603108f
-			pub..e78b4543
+			pub..53f95b8c
-			pub..7feca975
+			pub..ae5c9028
-			pub..2ab957d5
+			pub..ca1430d6
-			pub..ef01decb
+			pub..5440941b
-			pub..0b009e60
+			pub..d893151e
-			pub..e1f45670
+			pub..5c8f2c37
-			pub..2f345d14
+			pub..bcd9133b
-			pub..a9868325
+			pub..7a6c2f60
-			pub..9851a2ad
+			pub..e287894f
-			pub..7f3a9c39
+			pub..d059dd25
-			pub..96443607
+			pub..b7e813fd
-			pub..d3cc5326
+			pub..20220aa8
-			pub..5f9c7101
+			pub..d559aaca
-			pub..a182cf4e
+			pub..0acc297a
-			pub..3729d770
+			pub..87e9ea9e
-			pub..0a803061
+			pub..a5805947
-			pub..05f0fbb0
+			pub..4770a98b
-			pub..d6755729
+			pub..d6905f21
-			pub..4e82614d
+			pub..a85b0c6c
-			pub..2c977039
+			pub..a70390f9
-			pub..be8aa455
+			pub..1b99174d
-			pub..20968667
+			pub..5db18a45
-			pub..4372e06c
+			pub..bf11df8a
-			pub..318708e1
+			pub..28ec61ea
-			pub..48675624
+			pub..915683f4
-			pub..3a0d4668
+			pub..a45d2a9d
-			pub..5b21e581
+			pub..2482e096
-			pub..2e7f0f5a
+			pub..b2de987f
-			pub..290a1426
+			pub..1781df3d
-			pub..3269ea1e
+			pub..7fdbfd56
-			pub..00381b41
+			pub..ab863f4f
-			pub..b1a9fb50
+			pub..144e7396
-			pub..9e422125
+			pub..604283aa
-			pub..5f452b4f
+			pub..a9c192d9
-			pub..c5095368
+			pub..f2882535
-			pub..b879d81b
+			pub..b8861eff
-			pub..eeaa8518
+			pub..47173d9a
-			pub..e68bbe61
+			pub..718aa831
-			pub..524861ec
+			pub..3b164ef6
-			pub..41c83736
+			pub..e177ec9b
-			pub..e61c9451
+			pub..0707d77c
-			pub..f73f85af
+			pub..80931191
-			pub..8ef3ffba
+			pub..422b7113
+..199a5135
+			// ..31759ef8
+			pub..3f6c1274
+..199a5135
+			// ..87711efb
+			pub..e9d3104d
-			// ..d073d111
-			pub..204cf493
+			// ..c7b8be4a
+			pub..eaedafb9
-			// ..4a08a47a
-			pub..121a9de2
+			// ..6b08bd2d
+			pub..2967d23b
-			// ..e1ce1d29
-			pub..14be420a
+			// ..155a4960
+			pub..ea4a1751
-			// ..42d3d6a0
-			pub..e1bdf62c
+			// ..eebb7601
+			pub..89ffa7a1
-			// ..80894f46
-			pub..963ca4d4
+			// ..a22fc542
+			pub..4d4d0824
-			// ..bc17fd4e
-			pub..34522fa8
+			// ..42df1dca
+			pub..f1d33a73
-			// ..732bf3f6
-			pub..70ac347c
+			// ..193a5af4
+			pub..3d785b90
-			// ..00584008
-			pub..1d67c9e8
+			// ..91a697d5
+			pub..f1c8af66
-			// ..b8693a25
-			pub..e416414d
+			// ..0aeb8fbc
+			pub..41faa097
-			// ..f67cfd49
-			pub..747bbd7b
+			// ..59c4b77e
+			pub..663f6e80
-			// ..2d7cc636
-			pub..4c4b6fb0
+			// ..e4bb852f
+			pub..cb6aeea9
-			// ..b484978c
-			pub..f8bedd6a
+			// ..af30c991
+			pub..7bb32174
-			// ..a2f90a98
-			pub..751121e4
+			// ..48bf0afa
+			pub..8668263e
-			// ..e0aa62bf
-			pub..96c928bf
+			// ..9ae1edcc
+			pub..68f569e7
-			// ..adffe791
-			pub..059ba256
+			// ..6954c24a
+			pub..1ea45a5e
-			// ..64bd0994
-			pub..abf05ba5
+			// ..ae346de7
+			pub..40c46fbc
-			// ..b85b938c
-			pub..63c651b7
+			// ..0159e922
+			pub..ac64ed2a
-			// ..e4769bb1
-			pub..7d73123a
+			// ..2edfaad2
+			pub..adb91635
-			// ..aad04649
-			pub..f126aafb
+			// ..79689b23
+			pub..dbf883bd
-			// ..9bdcf9aa
-			pub..40e29770
+			// ..e4263ec5
+			pub..25b9d13b
-			// ..359e9051
-			pub..4127505b
+			// ..527de542
+			pub..5eb0e41b
-			// ..f0349bc5
-			pub..bcbe658f
+			// ..a19c9780
+			pub..894dede8
-			// ..4ca79ad3
-			pub..a1c7bc05
+			// ..86b66ca8
+			pub..03bacdb8
-			// ..cee14d83
-			pub..e014ae3d
+			// ..c1df8b4a
+			pub..6b513e61
-			// ..0e428b5d
-			pub..1a00febb
+			// ..c91d9bcb
+			pub..69a128fa
-			// ..9010238c
-			pub..9dd2377f
+			// ..e0c5f0ea
+			pub..f471f990
-			// ..89de3df7
-			pub..060a8bf8
+			// ..30ad2f6c
+			pub..ba09c8de
-			// ..25719428
-			pub..132d6cfc
+			// ..8fdbffe9
+			pub..44a5e017
-			// ..daf3b81b
-			pub..604ed942
+			// ..cf837c9c
+			pub..217c0407
-			// ..970bc783
-			pub..b93a2e75
+			// ..6eb7f7c9
+			pub..2dbe0f0f
-			// ..2e4076fc
-			pub..d39f401c
+			// ..076782d5
+			pub..e66679e6
-			// ..bedb2e2e
-			pub..1ab09212
+			// ..9d86eb70
+			pub..e1a00523
-			// ..9fc06fc1
-			pub..5a0b8daa
+			// ..d721e2d2
+			pub..fe6b5ce2
-			// ..da5438c5
-			pub..07ccffe1
+			// ..af312c02
+			pub..c1500f55
-			// ..a1b9c4e4
-			pub..f2436984
+			// ..fc1624e2
+			pub..3d41bea9
-			// ..03584588
-			pub..12e2847a
+			// ..d57553d0
+			pub..7cc25db6
-			// ..d46db062
-			pub..67357d16
+			// ..45933f7c
+			pub..75c28fe8
-			// ..d37397b6
-			pub..ea8f6c21
+			// ..863b6da9
+			pub..e0370691
-			// ..f4322c4f
-			pub..193da6f8
+			// ..43302cbb
+			pub..d3699075
-			// ..9838afea
-			pub..99368883
+			// ..6b930a7c
+			pub..4cc17d81
-			// ..6aa577fe
-			pub..41847c72
+			// ..51d7588e
+			pub..2f7da18e
-			// ..0014bcb5
-			pub..bab64249
+			// ..8e7ddc10
+			pub..883dc4ba
-			// ..7e5c6611
-			pub..6f0bf7c9
+			// ..1f711436
+			pub..09485b8e
-			// ..217e0cf4
-			pub..2f184822
+			// ..fb51381a
+			pub..cce77951
+..199a5135
+			// ..f5778f0b
+			pub..a6c3e873
+..199a5135
+			// ..e0ff467b
+			pub..13ff3a40
+..199a5135
+			// ..7331f451
+			pub..468714c9
+..199a5135
+			// ..0ae6a5b3
+			pub..bb03ee34
+..199a5135
+			// ..fa7706f2
+			pub..c8f06d43
+..199a5135
+			// ..98e87d55
+			pub..7d43f1b1
+..199a5135
+			// ..d13ca2a9
+			pub..2fa67b88
+..199a5135
+			// ..fc9163de
+			pub..3fd19055
-			// ..79a1ea69
-			pub..01e2ebbe
+			// ..a7fa1d90
+			pub..78db6921
-			// ..4cec891a
-			pub..d4968319
+			// ..2c2a1251
+			pub..5dff37aa
-			// ..2d01ba79
-			pub..eb4c56e7
+			// ..a3e33a7a
+			pub..eacee1ab
-			// ..3b33543b
-			pub..7c11ca38
+			// ..2e4724e8
+			pub..f642f8a9
-			// ..95fd5cfe
-			pub..f6cda5f8
+			// ..ccfdd99b
+			pub..d1e24ab2
-			// ..afeedee4
-			pub..e2317f9f
+			// ..925a70ac
+			pub..06af7abf
-			// ..a9980d46
-			pub..97d74aef
+			// ..7139cebf
+			pub..91847d65
-			// ..eb2fb0d9
-			pub..b056f113
+			// ..90b06f54
+			pub..8979248d
-			// ..b7e24c0d
-			pub..1e2f4d97
+			// ..9e69226b
+			pub..f4bf92b0
-			// ..e3bcec6e
-			pub..f40303a2
+			// ..4678f713
+			pub..6fdb3fe2
-			// ..74843477
-			pub..6cc3d0c3
+			// ..57117dc2
+			pub..3479bb4f
-			// ..6ee064d5
-			pub..56febb1e
+			// ..4d5a6110
+			pub..5507055d
-			// ..cab8909f
-			pub..05175fbe
+			// ..e415778a
+			pub..28a9651f
-			// ..942ce38a
-			pub..cfcd92d9
+			// ..2ea8ab8b
+			pub..7d80ec96
-			// ..39e69733
-			pub..691f8f41
+			// ..2757c2f4
+			pub..34d60603
-			// ..0db92d0c
-			pub..7dd3dd37
+			// ..b457adff
+			pub..2ff74158
-			// ..4cbb431f
-			pub..62a5b337
+			// ..e007089b
+			pub..bbcad777
-			// ..9b8eae79
-			pub..1125b7bf
+			// ..324fb2b4
+			pub..875c8708
-			// ..9e6a8804
-			pub..4294ff11
+			// ..a1977fae
+			pub..5aacd588
-			// ..bde6e888
-			pub..fe8e1b67
+			// ..605fda51
+			pub..44136f65
-			// ..b985267e
-			pub..59bfbc31
+			// ..892efb48
+			pub..00d87423
-			// ..db4fd848
-			pub..f02c86f0
+			// ..cb286927
+			pub..d329ddac
-			// ..532417ab
-			pub..9828c1e1
+			// ..48d2f77f
+			pub..45d7f7e6
-			// ..6a013b0d
-			pub..4b9ce2ac
+			// ..0ea34c98
+			pub..bbf9645e
-			// ..2fc9d208
-			pub..0d67b315
+			// ..5266f96c
+			pub..d92aa984
-			// ..86c81e48
-			pub..633ccc91
+			// ..eaea9b90
+			pub..37c685b3
-			// ..47042124
-			pub..904aae59
+			// ..ea136837
+			pub..c423e6a9
-			// ..eed7f3b6
-			pub..f394dd8b
+			// ..c57a0b20
+			pub..9456682c
-			// ..1ab781b0
-			pub..0dfc2b94
+			// ..7075d6f7
+			pub..c3232a3a
-			// ..5c9b724f
-			pub..5c546860
+			// ..6c86b3d4
+			pub..520219af
-			// ..2eb462a7
-			pub..d13302d3
+			// ..74f15bc2
+			pub..cc681194
-			// ..751e6adc
-			pub..5d9fd18c
+			// ..c4b66978
+			pub..3d7fae7c
-			// ..bfe69938
-			pub..1fb1a776
+			// ..0f49c70f
+			pub..ce2050f7
-			// ..e990c10d
-			pub..09cbf94a
+			// ..37f43496
+			pub..09fc07bb
-			// ..10a5e9a3
-			pub..5f7161ca
+			// ..d4fcce35
+			pub..cbd76cc2
-			// ..7f04e5f6
-			pub..057c28bf
+			// ..8adeba0f
+			pub..d359f8fc
-			// ..8651b923
-			pub..f61ad387
+			// ..fd8c7721
+			pub..2a857d7e
-			// ..7aef0005
-			pub..01ad0135
+			// ..59fb4893
+			pub..e5d382b6
-			// ..3853e023
-			pub..4c047b7e
+			// ..e85c51f7
+			pub..517e6730
-			// ..8f87f9c0
-			pub..69df8514
+			// ..92563de9
+			pub..dd4e7681
-			// ..0712f040
-			pub..0bdd3dce
+			// ..b3925b8a
+			pub..13e3d096
-			// ..94afbbc9
-			pub..1d7fb01b
+			// ..b31a036c
+			pub..576e0faa
-			// ..e802a4cc
-			pub..3a568d23
+			// ..e1f2cbe2
+			pub..b50fe677
-			// ..7be9efa9
-			pub..8a39201c
+			// ..5b95b097
+			pub..d0eb89ab
-			// ..3cc52a80
-			pub..47dc5bf4
+			// ..ca6255c8
+			pub..9fe3cc5e
-			// ..8ca6d195
-			pub..234417fb
+			// ..8a9b2a34
+			pub..7ff0e6e4
-			// ..a9f4231b
-			pub..683c9139
+			// ..4eb3fab5
+			pub..83b3cc46
-			// ..a2313110
-			pub..db2eeded
+			// ..c75d501b
+			pub..a9520d9c
-			// ..82eac7fd
-			pub..227dae62
+			// ..f16849ed
+			pub..aaaa5f7b
-			// ..5c53385c
-			pub..eb23942d
+			// ..134b19ce
+			pub..5a0338d8
-			// ..7470f619
-			pub..2f8b8447
+			// ..65c1e890
+			pub..4f657f82
-			// ..8e21a1a2
-			pub..715be0d6
+			// ..0195819f
+			pub..a53a205c
-			// ..589d8bfe
-			pub..16549bc2
+			// ..57efd249
+			pub..5e998536
-			// ..548b3a8c
-			pub..e7930212
+			// ..b421b1d7
+			pub..47655f8e
-			// ..2b500c03
-			pub..663d53e5
+			// ..d6c82951
+			pub..7f0ccc9c
-			// ..9a00b979
-			pub..4980d9b4
+			// ..0f7f6a4b
+			pub..036af87c
-			// ..d379a962
-			pub..5fe0d35b
+			// ..a6a65ad3
+			pub..14b071a3
-			// ..78b1bd06
-			pub..1944491b
+			// ..465b5a15
+			pub..51a584f1
-			// ..6a60e9b3
-			pub..636099ba
+			// ..8e5604b0
+			pub..3cf40abf
-			// ..d4f8bc80
-			pub..878dd05c
+			// ..146b86d0
+			pub..cbafdfb8
-			// ..fde015e5
-			pub..8d51851c
+			// ..5e5885df
+			pub..3e864e18
-			// ..082ed3e8
-			pub..3c771436
+			// ..1f3bf091
+			pub..0f877567
-			// ..89cdd80a
-			pub..35814875
+			// ..5380b459
+			pub..b1d25346
-			// ..94bc4f2d
-			pub..e602fdd0
+			// ..4a6b0c9a
+			pub..1b58d043
-			// ..8efbd6f1
-			pub..4229062e
+			// ..b37fae1a
+			pub..8a273809
-			// ..20f5bf3f
-			pub..6f99fdeb
+			// ..1cbdb5f2
+			pub..4ed85c55
-			// ..f5a94470
-			pub..bc0530e2
+			// ..c3700100
+			pub..3af59c38
-			// ..21438a87
-			pub..8e3a7400
+			// ..70bd8424
+			pub..3bc1ca0b
-			// ..75b76f45
-			pub..520ad650
+			// ..5f777cc1
+			pub..073f6f56
-			// ..f0268291
-			pub..4771b303
+			// ..77eb1760
+			pub..703e1108
-			// ..947178d4
-			pub..1dddc23f
+			// ..5026b506
+			pub..d72e1ebb
-			// ..16c7b986
-			pub..2d48b381
+			// ..e0ad9350
+			pub..30aaf898
-			// ..817dcc95
-			pub..d1d55fe3
+			// ..0969f8d7
+			pub..b22a2e1f
-			// ..ab5ded9f
-			pub..abd2a400
+			// ..431b5642
+			pub..7df97a12
-			// ..d213b718
-			pub..db45bdf4
+			// ..bd6c6cd1
+			pub..cc8a38eb
-			// ..b8cdf340
-			pub..7a853471
+			// ..ddcbe73b
+			pub..b459a553
-			// ..9797d4d1
-			pub..8a6eb1f7
+			// ..e0514fdb
+			pub..c0cb5a5b
-			// ..b540b8d7
-			pub..c5476e82
+			// ..a8a879fc
+			pub..83282b4f
-			// ..1bedcd5d
-			pub..6ecb5e31
+			// ..e02e9c21
+			pub..2b41010f
-			// ..a5bc5010
-			pub..21335833
+			// ..ad4c9ec8
+			pub..8f78c170
-			// ..f6c371df
-			pub..d11fbd85
+			// ..95a8aa49
+			pub..8fd9b749
-			// ..084a6cef
-			pub..c4f3f4ee
+			// ..e1e0388b
+			pub..875d16ee
-			// ..ddd019bf
-			pub..1b12d084
+			// ..758219de
+			pub..04e095cb
-			// ..b81ff838
-			pub..2f813a9c
+			// ..2e22c773
+			pub..82d7ef6b
-			// ..b70d35ef
-			pub..96de4c41
+			// ..69b57a60
+			pub..935ef5ac
-			// ..f49f2b95
-			pub..7f927138
+			// ..c87ece5b
+			pub..51dd3646
-			// ..ab600000
-			pub..0da932b3
+			// ..13b9bebf
+			pub..4f47c68f
-			// ..74b3e6f8
-			pub..268aa199
+			// ..9a5f6850
+			pub..5fd47290
-			// ..742dce32
-			pub..a005a72d
+			// ..9b8646dc
+			pub..702d2004
-			// ..abf6ccd2
-			pub..714b7339
+			// ..c8b45ebf
+			pub..23c70bbf
-			// ..15ff3f12
-			pub..4d070114
+			// ..10273a07
+			pub..e22719c9
-			// ..5c2bc631
-			pub..de804c03
+			// ..3c80314d
+			pub..283447ab
-			// ..def61eeb
-			pub..67b0c7e4
+			// ..03265c1b
+			pub..cd1e2032
-			// ..3a2fe8ae
-			pub..6cf3ee17
+			// ..1f375651
+			pub..def6689a
-			// ..cf7b0e28
-			pub..170f5d18
+			// ..5f8ce7c5
+			pub..bc45c7f5
-			// ..2a8af5b7
-			pub..78e02594
+			// ..30d698ac
+			pub..3c5ea2dc
-			// ..e489834c
-			pub..90b813cc
+			// ..9c9a183e
+			pub..64372988
-			// ..5f814364
-			pub..dff37996
+			// ..8224115a
+			pub..a3a24d32
-			// ..c49dc6ef
-			pub..da0ece9a
+			// ..e2d99fb5
+			pub..79ff31e1
-			// ..4c5eacd4
-			pub..8648e7ed
+			// ..2cbae6c1
+			pub..aa09c907
-			// ..cacab877
-			pub..3222932c
+			// ..bd070218
+			pub..ffada0f8
-			// ..d4782990
-			pub..e88387c7
+			// ..d9c0751e
+			pub..bbdd16cc
-			// ..094323ba
-			pub..51650650
+			// ..abdc5ae5
+			pub..f3d9a7f3
-			// ..7569e1f8
-			pub..80391ff3
+			// ..99620dcf
+			pub..41dee4ce
-			// ..e18eb48d
-			pub..bb31463c
+			// ..c72ae9d9
+			pub..8ce8e3ef
-			// ..58c83d35
-			pub..70b4e151
+			// ..75922c32
+			pub..b7ef533a
-			// ..2a479435
-			pub..bac36ca1
+			// ..00a9590d
+			pub..7fcaf790
-			// ..88668744
-			pub..46a2f2b9
+			// ..f131fd3f
+			pub..37e752fd
-			// ..46dc7946
-			pub..603a5b57
+			// ..7c0d3727
+			pub..c8f54190
-			// ..f62583e1
-			pub..0406048f
+			// ..e50d1885
+			pub..5050f350
-			// ..2582d5ef
-			pub..d2486d92
+			// ..fe5af449
+			pub..efde32c7
-			// ..2a9f7b67
-			pub..71bc57b2
+			// ..2b52d4f4
+			pub..97f63170
-			// ..25260916
-			pub..1b4079a9
+			// ..358c1fb6
+			pub..a2d9998f
-			// ..b8c7e16c
-			pub..bb35a815
+			// ..4e21a96e
+			pub..2ad4e85f
-			// ..141f35db
-			pub..69be4a26
+			// ..bd847d20
+			pub..b05d560a
-			// ..bf8c6759
-			pub..86390bfa
+			// ..14978aa9
+			pub..828ed96a
-			// ..0d7b8417
-			pub..26c452b9
+			// ..15cebf71
+			pub..e7157296
-			// ..f86bdeba
-			pub..75f7b1bd
+			// ..8a5c7407
+			pub..57f74d45
-			// ..886977d0
-			pub..4e14eb3f
+			// ..0108f763
+			pub..5ecc3803
-			// ..683c684d
-			pub..f44ffdf0
+			// ..56efffb2
+			pub..5b9406ec
-			// ..f2e005cc
-			pub..782336e2
+			// ..7729326d
+			pub..1889cd42
-			// ..cde697c3
-			pub..c6dc87fc
+			// ..7f449ede
+			pub..19a2c2fc
-			// ..39eb0225
-			pub..e2bfe982
+			// ..a2405583
+			pub..bdd8b3bb
-			// ..d34c06b1
-			pub..f3f6e3c8
+			// ..2c6d3f3b
+			pub..0f0eb5bb
-			// ..147604cc
-			pub..b536312a
+			// ..067d71fb
+			pub..97ffed14
-			// ..e66a3feb
-			pub..7214bafd
+			// ..788f3c7c
+			pub..2cf5c3ca
-			// ..1e04d0df
-			pub..75573414
+			// ..52f9dd05
+			pub..203c9c9d
-			// ..8b48ddf2
-			pub..0cda8937
+			// ..36a0d137
+			pub..aeb74149
-			// ..37b651b3
-			pub..56a580a4
+			// ..630574be
+			pub..285544b5
-			// ..29e2ee0b
-			pub..6ef8b6e3
+			// ..c8ee6478
+			pub..12d505c8
-			// ..7c347053
-			pub..c510e52b
+			// ..fbf260fb
+			pub..995df01f
-			// ..71b2b550
-			pub..35782062
+			// ..4a6563f1
+			pub..f5ea3978
-			// ..826725b9
-			pub..7b0c4c7b
+			// ..c2f96ffd
+			pub..b1a76803
-			// ..394a4b29
-			pub..d6099741
+			// ..2103c743
+			pub..1ec1a797
-			// ..0ee77755
-			pub..0ec955f4
+			// ..b47d5b37
+			pub..90bc3645
-			// ..ee51ecdd
-			pub..45505675
+			// ..3afae2a1
+			pub..cf1d06ce
-			// ..6ea9898c
-			pub..dc4d6be5
+			// ..b83039ff
+			pub..b483b57c
-			// ..1bcc2f85
-			pub..425be155
+			// ..2fa1e5d3
+			pub..567db68f
-			// ..6f2f3fd2
-			pub..a228d337
+			// ..d00ade7a
+			pub..808ceadd
-			// ..b5f66010
-			pub..3227bfe8
+			// ..5af0fbc7
+			pub..cbbec04e
-			// ..98d9bdac
-			pub..b89f2267
+			// ..5aa3fd2c
+			pub..bb43d4a3
-			// ..b5af1f8c
-			pub..757cd2d5
+			// ..a8b31e4a
+			pub..c6dd4a51
-			// ..4d3026e9
-			pub..0752dc8a
+			// ..bb22a42b
+			pub..5b050932
-			// ..8507653e
-			pub..05453358
+			// ..838d6248
+			pub..acb551a1
-			// ..f74fcff0
-			pub..df0cdc4f
+			// ..f55d987d
+			pub..3c1f94de
-			// ..38c1d87c
-			pub..d3e701db
+			// ..e5e52c54
+			pub..c319227c
-			// ..b3f8b163
-			pub..99a172a8
+			// ..06dbab96
+			pub..20ea98e9
-			// ..5e593965
-			pub..5ba058aa
+			// ..f667abd6
+			pub..0003eb8b
-			// ..e823cadd
-			pub..68ebc334
+			// ..8c2d6a6e
+			pub..b8fbc7a4
-			// ..ea9244d7
-			pub..b3bb333b
+			// ..df1c03cb
+			pub..339ee885
-			// ..52d36874
-			pub..b9fa01b3
+			// ..3cfaf6e1
+			pub..b2ed851f
-			// ..7bd8fa9a
-			pub..7e235e36
+			// ..5c06fdd9
+			pub..2928f080
-			// ..11e3d765
-			pub..afd025f9
+			// ..5b145587
+			pub..105db84f
-			// ..7e1bd9ef
-			pub..8d37716a
+			// ..e6a1beab
+			pub..a205227e
-			// ..0bd7209b
-			pub..16464d7a
+			// ..17b886dd
+			pub..7a8b9158
-			// ..6f33706c
-			pub..ef8507af
+			// ..3c3ddf4c
+			pub..ef69a54b
-			// ..69964d8a
-			pub..a678b424
+			// ..d55ec67f
+			pub..e2115c48
-			// ..94a8356c
-			pub..a180b8a6
+			// ..0b80495e
+			pub..e6482e3a
-			// ..79f15c3e
-			pub..69b06df6
+			// ..e8e4946f
+			pub..b3590ddd
-			// ..d0826561
-			pub..a8fe52d2
+			// ..c6164b5b
+			pub..4d36314f
-			// ..beb6b5d1
-			pub..f4f36d47
+			// ..2b8cc807
+			pub..80e1277a
-			// ..037218d7
-			pub..6495c66a
+			// ..86552f75
+			pub..9803253e
-			// ..eba265f6
-			pub..f4d68a42
+			// ..34e5fbf1
+			pub..49f1741e
-			// ..424c0d9d
-			pub..0123e9d5
+			// ..ddceb614
+			pub..8bee1017
-			// ..1a9a1d29
-			pub..716702af
+			// ..5eaa4d29
+			pub..f94115b2
-			// ..33bbcf4d
-			pub..271ae1b6
+			// ..91362b62
+			pub..7564e170
-			// ..877c4a45
-			pub..427f13df
+			// ..c1d8620b
+			pub..edfe58b1
-			// ..05bb2910
-			pub..da3ebd62
+			// ..08adfe40
+			pub..16a35bc6
-			// ..c348d947
-			pub..2be45ec7
+			// ..13ccdc2a
+			pub..e0fe860f
-			// ..c7eb159f
-			pub..cc5d4593
+			// ..207a7829
+			pub..42cac04f
-			// ..5cd3888d
-			pub..50d154d0
+			// ..2aa23bbc
+			pub..643e0cc4
-			// ..bdb0f64b
-			pub..de7972c6
+			// ..6de4394c
+			pub..055bf394
-			// ..4a629daa
-			pub..5d692466
+			// ..f433b9c1
+			pub..a96789bd
-			// ..b9563005
-			pub..ec18e65d
+			// ..7e482274
+			pub..370a089c
-			// ..3415a670
-			pub..87eb8782
+			// ..6a0879fb
+			pub..23e201a5
-			// ..5837a038
-			pub..774bca1f
+			// ..ce2c37f5
+			pub..3c019346
-			// ..5b020490
-			pub..1ef40d00
+			// ..62ed1edb
+			pub..8f08a693
-			// ..5fe060ad
-			pub..76b056c1
+			// ..627bcb2a
+			pub..895bbc26
-			// ..3381a896
-			pub..012cbbe2
+			// ..b7676256
+			pub..c9681ba9
-			// ..6ff287c7
-			pub..f72b366c
+			// ..7a369d1c
+			pub..2679a4c8
-			// ..54a33eca
-			pub..53b010b5
+			// ..c1abbf6e
+			pub..d15d1985
-			// ..ca52ee21
-			pub..1ac0320c
+			// ..877fbaaf
+			pub..10c4a97a
-			// ..c4806dbc
-			pub..78234290
+			// ..6fac8e81
+			pub..9421c59f
-			// ..18674893
-			pub..2c1840ea
+			// ..177a3c13
+			pub..4b8b6a20
-			// ..ccd5a129
-			pub..d9e94015
+			// ..ddbab205
+			pub..a2545365
-			// ..801f10b3
-			pub..b529a697
+			// ..0d3e108c
+			pub..b2af5504
-			// ..865d1781
-			pub..b3afca94
+			// ..9d2ceaa7
+			pub..a72ce405
-			// ..8d7561e8
-			pub..9de6c062
+			// ..8a6360d8
+			pub..5f621968
-			// ..edbbfe0f
-			pub..fe0dbf95
+			// ..d585e9fc
+			pub..b0c103f8
-			// ..b5d4dbc4
-			pub..5dc103ce
+			// ..9ed998c4
+			pub..a3a39482
-			// ..6e1b37f6
-			pub..99f47c9c
+			// ..4f378d39
+			pub..6d87ca84
-			// ..727e4e0c
-			pub..3679cdeb
+			// ..b53227b3
+			pub..6b212ded
-			// ..1786e170
-			pub..e7f8f669
+			// ..d1a5ad67
+			pub..d42e113b
-			// ..c62c103b
-			pub..ed4f8723
+			// ..5bdc9c55
+			pub..96b44c98
-			// ..c7f55005
-			pub..5dc7974e
+			// ..1ecd6522
+			pub..4efba0ca
-			// ..2cb634e1
-			pub..56248186
+			// ..dc9c3ff5
+			pub..f1abc2c1
-			// ..d7e52867
-			pub..0a1e57a8
+			// ..90d9a9b1
+			pub..82fb5f2d
-			// ..f5395e93
-			pub..3eac8e15
+			// ..55dffa0f
+			pub..a3eb662c
-			// ..58f390d1
-			pub..9e18c7a9
+			// ..9cdfcb0c
+			pub..1e30f2e0
-			// ..f988c0c4
-			pub..765a8505
+			// ..89fe2e93
+			pub..da32ac95
-			// ..137aad52
-			pub..3b561cb2
+			// ..c9430f3d
+			pub..6e4ce1db
-			// ..9ec2d600
-			pub..4b89ab5d
+			// ..db820386
+			pub..0e65f079
-			// ..10702f14
-			pub..7cef539e
+			// ..197ae712
+			pub..d7508a76
-			// ..b5e4139b
-			pub..0196dc10
+			// ..a24af9a3
+			pub..5b7a9973
-			// ..2a5adfbf
-			pub..76b779fb
+			// ..d67fbf5e
+			pub..1b20015d
-			// ..11a37b28
-			pub..e66c7c75
+			// ..19284508
+			pub..365282ee
-			// ..15c36918
-			pub..01d5b069
+			// ..06e8166e
+			pub..75c470bd
-			// ..48098215
-			pub..33ef383b
+			// ..36818103
+			pub..c8640b05
-			// ..a56df625
-			pub..e9588851
+			// ..b734ae9e
+			pub..f32da579
-			// ..99bdbdc6
-			pub..6bdaaa88
+			// ..63547194
+			pub..0f59a95c
-			// ..af210e27
-			pub..d41efab9
+			// ..c6986aee
+			pub..b39430b6
-			// ..711efb34
-			pub..26c76882
+			// ..14fef605
+			pub..e9f5c460
-			// ..e22337bb
-			pub..c0d10416
+			// ..00688954
+			pub..e526b747
-			// ..a7744eb1
-			pub..d7d00f59
+			// ..fe946b0e
+			pub..98aa5288
-			// ..9773a345
-			pub..88c65a64
+			// ..bdb21dba
+			pub..3353c2ab
-			// ..c78a9557
-			pub..2bb7fb6b
+			// ..1cc0ee73
+			pub..8c5d1134
-			// ..6a77f950
-			pub..b9f8bff7
+			// ..358bfa3c
+			pub..c312fa7d
-			// ..d08be270
-			pub..42492db1
+			// ..46192271
+			pub..0e8e4f79
-			// ..0b58fcf1
-			pub..0764691d
+			// ..a89ef4ac
+			pub..856e0fd8
-			// ..887769ad
-			pub..9f2047e0
+			// ..a85c83a7
+			pub..b3cba4e4
-			// ..8b286966
-			pub..21c07f31
+			// ..bac74f6c
+			pub..a512c221
-			// ..e1328406
-			pub..0f21c690
+			// ..a082e99d
+			pub..72c83258
-			// ..00ce9bbc
-			pub..ac50a45b
+			// ..4021b93a
+			pub..33fbb0d7
-			// ..32a28c09
-			pub..79411d71
+			// ..b934ca65
+			pub..0bf66015
-			// ..6459dceb
-			pub..30c31ee8
+			// ..9b8e6aca
+			pub..2dbd3bb1
-			// ..881e4075
-			pub..13f52459
+			// ..ee1e2347
+			pub..e564e924
-			// ..6a7b4d83
-			pub..da000ec3
+			// ..adf7a3b2
+			pub..c699d5d1
-			// ..7d1f1a4c
-			pub..0ea7f7ed
+			// ..c6b301bc
+			pub..a250178a
-			// ..862d3d95
-			pub..c2f13ba7
+			// ..74c3564c
+			pub..d45665b0
-			// ..2ea4e1e4
-			pub..1265a747
+			// ..af535cd6
+			pub..d3a8b74e
-			// ..867c7717
-			pub..9ebd77d9
+			// ..548c3b3d
+			pub..f5f4245a
-			// ..d7622db2
-			pub..c9948f2b
+			// ..565e0212
+			pub..c6e90f1d
-			// ..b46ef116
-			pub..0af3572d
+			// ..de12b65b
+			pub..da01784c
-			// ..2fa669b9
-			pub..a4efbe7d
+			// ..96474837
+			pub..93718498
-			// ..6be5c7b4
-			pub..74cc594e
+			// ..1c6a91f9
+			pub..0ce6372f
-			// ..3ea565ec
-			pub..f9f9e0ce
+			// ..41934a15
+			pub..6e064588
-			// ..80cb0d76
-			pub..19544508
+			// ..eee3f859
+			pub..14a7d666
-			// ..615ba389
-			pub..2b7144c7
+			// ..e34c20c2
+			pub..b714bc07
-			// ..2a0557b5
-			pub..dbd58385
+			// ..6a05709d
+			pub..7bd21578
-			// ..3c36f2b0
-			pub..828b7428
+			// ..eceb0ff6
+			pub..719a1f6d
-			// ..70955dbe
-			pub..bb214257
+			// ..114c8493
+			pub..9ae523c2
-			// ..adad7ea1
-			pub..dc07b8c4
+			// ..213f3d51
+			pub..e67616f1
-			// ..09f3bad3
-			pub..0fa0aad4
+			// ..535d1bc6
+			pub..acee3e86
-			// ..27273854
-			pub..05c52bbd
+			// ..d3f73bf9
+			pub..a8a37c74
-			// ..c838ad95
-			pub..85d5efde
+			// ..a2705e91
+			pub..31e3b119
-			// ..2e4bc804
-			pub..286b8bb7
+			// ..850b02fe
+			pub..612c5de1
-			// ..48932021
-			pub..dcccb3f3
+			// ..ee09859d
+			pub..4d5e63f9
-			// ..ab89a973
-			pub..57c27ebf
+			// ..7c0e5381
+			pub..2645ea17
-			// ..85640be4
-			pub..47e9fec2
+			// ..0f518137
+			pub..2cbebd14
-			// ..98b15cc3
-			pub..6bf0ce1d
+			// ..32f95f22
+			pub..2062d665
-			// ..8e35bc2a
-			pub..775f6ba0
+			// ..c8be6206
+			pub..f40f3169
-			// ..d3b823ce
-			pub..2dce358d
+			// ..cf816757
+			pub..49524419
-			// ..1be8125c
-			pub..201be61e
+			// ..ed3c13c1
+			pub..67ef85ea
-			// ..38e52177
-			pub..d16d4315
+			// ..c4147c5d
+			pub..a8746cb3
-			// ..798d7fdf
-			pub..40c6be3e
+			// ..c78b9229
+			pub..bda85632
-			// ..dd2b70e0
-			pub..140b2e65
+			// ..d103678d
+			pub..976aa3da
-			// ..13249849
-			pub..590fe1aa
+			// ..9260d042
+			pub..3fd97cf1
-			// ..b308a879
-			pub..1b8f62b9
+			// ..83456600
+			pub..63f62f3d
-			// ..1aa8bb6d
-			pub..d62ac5ab
+			// ..88b48e5e
+			pub..b34a10b3
-			// ..5be2f194
-			pub..34e267c2
+			// ..829f9623
+			pub..c1817d0b
-			// ..cfc3c697
-			pub..d7bd9639
+			// ..5c77baa8
+			pub..aec9e140
-			// ..2d18707d
-			pub..429301ca
+			// ..226e1a04
+			pub..2f91da4f
-			// ..d65857be
-			pub..deb31af5
+			// ..8a2d8d15
+			pub..67ced900
-			// ..e1ac92c2
-			pub..fe9fef32
+			// ..aac49746
+			pub..474181e1
-			// ..f908f580
-			pub..8afbe9d9
+			// ..20de331d
+			pub..949c8090
-			// ..4f70e646
-			pub..fb2a5251
+			// ..db0b7b75
+			pub..a4867a6a
-			// ..17b2d4c7
-			pub..e14e1d99
+			// ..48b1a27c
+			pub..cdda5b04
-			// ..c2247bf3
-			pub..ef130bdb
+			// ..226b7120
+			pub..cfee2bc3
-			// ..e85582e7
-			pub..2a8be9c5
+			// ..1a411d44
+			pub..3922791b
-			// ..47e30fc6
-			pub..5d94ad8c
+			// ..640c4853
+			pub..aefe04e6
-			// ..b34dd5c9
-			pub..e4f242cf
+			// ..ac1c6c0f
+			pub..76739a5b
-			// ..7e407594
-			pub..2fdafd3d
+			// ..7c4b4437
+			pub..c14f1ee9
-			// ..568b6762
-			pub..ed87a81d
+			// ..40e4b3a2
+			pub..ceda1dd2
-			// ..c26fdda6
-			pub..5203fc14
+			// ..b2fedbbd
+			pub..11665b54
-			// ..705f6552
-			pub..a1c9bc50
+			// ..682a5c37
+			pub..db7318bf
-			// ..74aadf97
-			pub..0449c406
+			// ..cd3e1e01
+			pub..3287ffd2
-			// ..ee3a5952
-			pub..ec7dca26
+			// ..8e44667a
+			pub..8d6107d3
-			// ..0034aac6
-			pub..dface952
+			// ..e54944e2
+			pub..f3a33d69
-			// ..0a396681
-			pub..09b720f3
+			// ..16dea157
+			pub..da7bec14
-			// ..5b655503
-			pub..a7c8d40f
+			// ..a9217b2e
+			pub..1d848d6b
-			// ..d5178362
-			pub..804e6b0b
+			// ..fe79aaca
+			pub..417c15e2
-			// ..1097bfba
-			pub..e30becb5
+			// ..ceab5c01
+			pub..00325bb9
-			// ..47147fcb
-			pub..0652aa38
+			// ..f8ec74f7
+			pub..2fc30716
-			// ..727787d5
-			pub..faa5650f
+			// ..92d204ca
+			pub..8c9c4125
-			// ..4ac3d6cf
-			pub..0c8c2441
+			// ..53add83e
+			pub..2a973efc
-			// ..875a8c01
-			pub..306dcd93
+			// ..96ed2851
+			pub..f7c677b4
-			// ..5695335e
-			pub..b5d54bfd
+			// ..559f4875
+			pub..da81070c
-			// ..02befca0
-			pub..f27a085d
+			// ..5c2fe8b1
+			pub..c92de9a7
-			// ..9ea60e74
-			pub..48dc40c7
+			// ..15a2a032
+			pub..2efd497f
-			// ..797af2eb
-			pub..2a8378fe
+			// ..b08447e5
+			pub..a4a97316
-			// ..f1702347
-			pub..4e05349d
+			// ..a3197161
+			pub..4cda90dc
-			// ..52adba72
-			pub..9edad6bc
+			// ..8c6e7fdb
+			pub..f1086a37
-			// ..a7b67a0b
-			pub..2afc5acc
+			// ..2ff9cddf
+			pub..91170278
-			// ..7a080f76
-			pub..7031dbe3
+			// ..b64e2a62
+			pub..1cea4785
-			// ..e975b95a
-			pub..0f0cedb2
+			// ..344eae81
+			pub..67682865
-			// ..1011e814
-			pub..f20953b6
+			// ..7c8af7ca
+			pub..9f26ed08
-			// ..1263155d
-			pub..701752ef
+			// ..e7b45133
+			pub..baa06c55
-			// ..94301450
-			pub..31221025
+			// ..9ae32fb7
+			pub..7593aa61
-			// ..5a152f11
-			pub..89ed7461
+			// ..33aef436
+			pub..3b260ab7
-			// ..68b50130
-			pub..e56e3556
+			// ..c34d9460
+			pub..518420ee
-			// ..86fb2078
-			pub..66c04439
+			// ..2922f84f
+			pub..0a545f5e
-			// ..e0401197
-			pub..59f350f0
+			// ..692041cc
+			pub..86d7fd14
-			// ..cb8c970b
-			pub..3ad57f38
+			// ..98744971
+			pub..249af0f5
-			// ..84a87eb1
-			pub..f856d560
+			// ..7ed6df88
+			pub..7d5f7918
-			// ..fb092299
-			pub..ce69284e
+			// ..dabb700c
+			pub..f7cdb63e
-			// ..dd4ab460
-			pub..8f28b2ec
+			// ..d8a21f2c
+			pub..cf53ea64
-			// ..35b3d95d
-			pub..2cb58f54
+			// ..68283f82
+			pub..b613bf8c
-			// ..88908e51
-			pub..dfcb1812
+			// ..a02bbe94
+			pub..cc7c043c
-			// ..b88e5212
-			pub..9278e2e5
+			// ..647fbd7b
+			pub..b4340830
-			// ..2111aba5
-			pub..b71bdb0d
+			// ..f0ef3576
+			pub..8557fdbd
-			// ..b0993a34
-			pub..3e619b42
+			// ..470c6a81
+			pub..2d80764c
-			// ..d201b943
-			pub..18258463
+			// ..c4267d44
+			pub..f1456e55
-			// ..013ac5b5
-			pub..e378d4f0
+			// ..25aa2ea8
+			pub..072039de
-			// ..b127caae
-			pub..19a623fc
+			// ..94cf45f5
+			pub..9bb904f9
-			// ..5b08fcf3
-			pub..d675e8ec
+			// ..4fd6c3df
+			pub..9df24147
-			// ..b2caf600
-			pub..c7840cad
+			// ..7ba1de34
+			pub..baaada04
-			// ..89722c41
-			pub..f52a091d
+			// ..dced0055
+			pub..8175cf7d
-			// ..be50b326
-			pub..88a990f1
+			// ..f018cc44
+			pub..2265dcc0
-			// ..1c65fc78
-			pub..47e83e50
+			// ..ee7ed2fc
+			pub..c174e000
-			// ..c4c6b42b
-			pub..2cdaa3e8
+			// ..5fba91d7
+			pub..4d892aaf
-			// ..cd9f52a2
-			pub..8cfdfaed
+			// ..7e06135a
+			pub..3da77d0f
-			// ..28a72680
-			pub..0811440c
+			// ..c0fd0eb1
+			pub..98b8bc23
-			// ..1fb45e16
-			pub..801cd0aa
+			// ..afb3e905
+			pub..49478079
-			// ..cba0a6a7
-			pub..d8c84045
+			// ..2802c776
+			pub..6ebb6a12
-			// ..64088915
-			pub..3aa04e28
+			// ..5e93c43e
+			pub..2fd777ab
-			// ..a3643972
-			pub..d4003512
+			// ..3e1f5dbd
+			pub..65ff1ebe
-			// ..f65db8a5
-			pub..4180b2d4
+			// ..f03f8663
+			pub..a1999661
-			// ..479e1a43
-			pub..3a0c2e0c
+			// ..bd3110d9
+			pub..dbaa0761
-			// ..86daaf0e
-			pub..e35afecb
+			// ..383fce6c
+			pub..a48f88d0
-			// ..13d3861e
-			pub..7800a606
+			// ..ce658d6c
+			pub..cce5b9c4
-			// ..3d77f40a
-			pub..a7fc81ce
+			// ..a04f1243
+			pub..e73d3484
-			// ..d701352a
-			pub..8b19f84c
+			// ..677a3959
+			pub..dccc3244
-			// ..0525b935
-			pub..321badb4
+			// ..755f029d
+			pub..16a65ef4
-			// ..f671bb27
-			pub..d4713d5a
+			// ..2b6b33ad
+			pub..b74c6203
-			// ..31acf4fd
-			pub..367cd1c3
+			// ..eb552ec2
+			pub..fce60808
-			// ..53740f09
-			pub..28c0a83a
+			// ..210c858d
+			pub..c11ca75b
-			// ..ee844de4
-			pub..b305c2d4
+			// ..0692c619
+			pub..f8f3a7b0
-			// ..18faa75d
-			pub..2dd4eb95
+			// ..614b2fa8
+			pub..3e4769a5
-			// ..2aae57b2
-			pub..deed9368
+			// ..76c74481
+			pub..60c274fd
-			// ..8354e861
-			pub..655b2c54
+			// ..ed5ffd5d
+			pub..dbf00587
-			// ..a3cff93e
-			pub..4787d817
+			// ..dbf206ea
+			pub..a74c3fa1
-			// ..94794b43
-			pub..425a36b9
+			// ..a42b462c
+			pub..1dffc61a
-			// ..cfa00b05
-			pub..028bf9ce
+			// ..64ea30d3
+			pub..b129099e
-			// ..9686c6c1
-			pub..6648b07d
+			// ..ab9d76af
+			pub..4d732e1d
-			// ..fc54ac65
-			pub..5f77a2bc
+			// ..1dca1137
+			pub..c0429bdb
-			// ..53eeafb8
-			pub..dd6d1415
+			// ..44598b35
+			pub..967c5cdd
-			// ..7f75b2cd
-			pub..5f9e88e7
+			// ..9a4ef1b9
+			pub..bfabd94f
-			// ..feee7ac7
-			pub..23ff8743
+			// ..037b0caf
+			pub..81d1a7cf
-			// ..29a9b65c
-			pub..35be1ec1
+			// ..7748dc04
+			pub..20ef2648
-			// ..682eb9bd
-			pub..f3765a7a
+			// ..8fc3ca89
+			pub..e0cb0c77
-			// ..c91a5b12
-			pub..921548dc
+			// ..5997da49
+			pub..16646183
-			// ..890750f6
-			pub..a9470b0f
+			// ..a740515a
+			pub..93c177ce
-			// ..9dc14005
-			pub..1f6a142d
+			// ..28776abd
+			pub..feaf6037
-			// ..f1cc32cb
-			pub..1ba5f90c
+			// ..3fe9f621
+			pub..f0c1397c
-			// ..37fc3ef9
-			pub..399cc00e
+			// ..4d0a9066
+			pub..b3371700
-			// ..4000836e
-			pub..5c394453
+			// ..368a2911
+			pub..0ef060cd
-			// ..730b30e4
-			pub..18e2c6de
+			// ..ef3cdcec
+			pub..5fabc7ae
-			// ..e21f2c91
-			pub..5839caed
+			// ..a38c28eb
+			pub..64111895
-			// ..dc369bde
-			pub..a1dd3109
+			// ..85be42aa
+			pub..8253663c
-			// ..9f9042ae
-			pub..6737d3af
+			// ..5560b7ef
+			pub..af49313d
-			// ..280d0670
-			pub..3c31120b
+			// ..f295ae0d
+			pub..4c041e91
-			// ..29969696
-			pub..53d1b6ab
+			// ..d0f2aa47
+			pub..8849d4d8
-			// ..fb11bd13
-			pub..3dde3fc0
+			// ..0250558d
+			pub..651b6529
-			// ..4e511e72
-			pub..79df06ce
+			// ..49a7d5b9
+			pub..6d710cda
-			// ..9a0832a1
-			pub..73963bcd
+			// ..605be56c
+			pub..0e5670fc
-			// ..4957575e
-			pub..70828f96
+			// ..e9a9e6ac
+			pub..861853c8
-			// ..d4781564
-			pub..c8ae7453
+			// ..fe8715d4
+			pub..1c6f4482
-			// ..da716968
-			pub..9c6a9852
+			// ..00677236
+			pub..e0368931
-			// ..d460d886
-			pub..adbb3b6c
+			// ..5826e90e
+			pub..0e096445
-			// ..108561d3
-			pub..5249c1e0
+			// ..307b79f9
+			pub..1657ce8b
-			// ..80857ac3
-			pub..bdff0c9a
+			// ..159e9cf6
+			pub..d1b9d22d
-			// ..bc8de7a1
-			pub..7168dfb7
+			// ..2c25d4d7
+			pub..dc94e516
-			// ..4c393aff
-			pub..35be4fff
+			// ..238a24b3
+			pub..0acfc2ff
-			// ..a54242e1
-			pub..ea870d24
+			// ..fb8d91a7
+			pub..f5d5d06a
-			// ..6c5b0fce
-			pub..f9efaaf9
+			// ..e1b3a822
+			pub..3efce771
-			// ..8605e320
-			pub..2617aa9d
+			// ..2b3de8ab
+			pub..ae521461
-			// ..9fe36c4c
-			pub..34cd454a
+			// ..a6dec251
+			pub..b4bd06c3
-			// ..460c5694
-			pub..abc7bd64
+			// ..03915c8e
+			pub..71626597
-			// ..e7e66da9
-			pub..a0592f08
+			// ..39c75624
+			pub..16b1b160
-			// ..83e99c5e
-			pub..ac6d130d
+			// ..37fe127f
+			pub..431a50f1
-			// ..c433b78e
-			pub..1eaac921
+			// ..1de91418
+			pub..224fd972
-			// ..b2f2e807
-			pub..65178526
+			// ..7ef5406c
+			pub..d0f655ef
-			// ..5ce6c604
-			pub..15a20a1d
+			// ..de643600
+			pub..5425ca94
-			// ..3018e1b3
-			pub..edd6f826
+			// ..7f7092dc
+			pub..19e4e7c8
-			// ..9df44f4d
-			pub..4624e225
+			// ..3ec0deca
+			pub..7ba50d3b
-			// ..cc36b1bf
-			pub..40b8b277
+			// ..1783464f
+			pub..265cf8d8
-			// ..3cbb6103
-			pub..e568e4df
+			// ..70d91dc7
+			pub..c3d44c43
-			// ..2f925a49
-			pub..b6762cda
+			// ..4434db32
+			pub..9c413a42
-			// ..6269237f
-			pub..2b62d5f4
+			// ..c8186d3e
+			pub..be49d11a
-			// ..bc79fd20
-			pub..e1c184b1
+			// ..dec8c296
+			pub..68f9ae82
-			// ..de2ba1b5
-			pub..469c0366
+			// ..a540ee53
+			pub..d0413f6c
-			// ..0d582968
-			pub..fccf6e56
+			// ..d69a5a82
+			pub..beb5d04c
-			// ..de1b1f6f
-			pub..faa141f5
+			// ..0d32aec6
+			pub..29377f8a
-			// ..896877d4
-			pub..e5c1ca05
+			// ..46974914
+			pub..96c0d81f
-			// ..7c707fbf
-			pub..4cd40c28
+			// ..4f2d4bb0
+			pub..59ecf267
-			// ..43bc32e2
-			pub..ba3f70a6
+			// ..a49a33bc
+			pub..0da52adb
-			// ..c1af6ec4
-			pub..09ca9d7d
+			// ..123f4385
+			pub..91da32d6
-			// ..bdf6e953
-			pub..07294d06
+			// ..1bbebbbb
+			pub..39009ce4
-			// ..93329a7b
-			pub..69fca83e
+			// ..89a0abf4
+			pub..eaf50bfd
-			// ..da1a0e4d
-			pub..7801718b
+			// ..be1c68ac
+			pub..5b245ff5
-			// ..c4c2720e
-			pub..9cf3ce05
+			// ..aa111c42
+			pub..9f664039
-			// ..05f17669
-			pub..afbbe411
+			// ..f29ee68a
+			pub..e23716cf
-			// ..a943da06
-			pub..07400c41
+			// ..1757c881
+			pub..e66dd7cc
-			// ..625288a0
-			pub..8fec7dbe
+			// ..9684c349
+			pub..3dfb7112
-			// ..37fcf072
-			pub..490793dd
+			// ..f39eaa3e
+			pub..378ad4e3
-			// ..2e92029c
-			pub..eeb8bb37
+			// ..df9103a9
+			pub..a9d81aa4
-			// ..a6e7f9ab
-			pub..54868f52
+			// ..efd8b37d
+			pub..2396aeab
-			// ..bda97545
-			pub..ebe158d5
+			// ..63c8f42f
+			pub..35a23db3
-			// ..f19209cf
-			pub..4a14d592
+			// ..1dd9ee4c
+			pub..76e4346d
-			// ..399c7255
-			pub..61b78d1d
+			// ..8235b0fb
+			pub..e37b1af8
-			// ..1e7ccbb5
-			pub..6a7a692b
+			// ..72b7f82a
+			pub..69b38fa8
-			// ..ca507471
-			pub..78fe85f7
+			// ..bc1146ab
+			pub..23b67d87
-			// ..b739c1c0
-			pub..eda9aa48
+			// ..b1fd8e47
+			pub..baa4690f
-			// ..3f5c39d4
-			pub..33851cec
+			// ..7da454a4
+			pub..3f31a672
-			// ..97ddbdf9
-			pub..6629d833
+			// ..0217a612
+			pub..ccc64b8d
-			// ..1227803d
-			pub..ef41251c
+			// ..1e0a8d06
+			pub..1b1fd4b5
-			// ..8792c29d
-			pub..622d138d
+			// ..19fd9302
+			pub..e3cab708
-			// ..2fde20b6
-			pub..c8aa84e6
+			// ..d7368670
+			pub..0f21f6bc
--- /de..53ce1775
+<?x..93590c88
+..199a5135
+<trans..53517f8c
+  <ite..369da94d
+  <ite..242fd8f6
+</tran..0c4b48db
--- /de..53ce1775
+<?x..e7162d4f
+..199a5135
+<TextV..13a2fb15
+      ..314a9f66
+      ..1580c644
+      ..1904c774
+      ..ec7e5fa7
+      ..4817c90f
+      ..362260db
+      ..f457d983
+      ..b7fee513
+      ..b1639410
+      ..6682a9c9
+      ..15803271
+      ..962ecfa5
-      ..72e36955
+      ..b0978a30
+      ..d3832247
-      ..8787beb2
-      ..468987b0
+      ..fca9a5dd
+      ..55e10961
-      ..7097f9cb
+      ..8b1c573a
+      ..aeeb994f
-      ..ae2dd297
+      ..38e75281
-      ..7670f28c
+      ..6e6f0b59
+      ..31e09315
--- /de..53ce1775
+<?x..e7162d4f
+..199a5135
+<Recyc..3090beb7
+      ..2bb3fb8b
+      ..d17113fa
+      ..407eb277
+      ..74752b68
+      ..53ded6b8
+      ..9eb7cd69
+      ..ed6c36c4
+      ..54739fd5
+      ..b7ea9fbc
+      ..a137f8a1
+      ..ba7a78b2
+using ..21a1c263
-using ..5a525753
+using ..01d0ed70
+using ..f40a9025
-using ..fcaba512
+using ..9e42e529
-	publi..825cae95
-	{..eadce7c7
-		#reg..47c9cfeb
-..35781011
-		stat..a9c07417
-		{..45cb39f9
-			Uti..fab1eb67
-			Ima..4e9e4a7e
-			Mug..6851e587
-			Wal..635bfdb6
-			Wal..973163bc
-			And..b26f5484
-			And..62aab33d
-			And..2833bbd2
-			{..40079db6
-				tr..6095b83b
-				{..14e29e3a
-					v..af8b1690
-					i..8f3f07fe
-						..6e4d0734
-					r..fec1b306
-				}..6c7e0e46
-				ca..1a4d6f4e
-				{..14e29e3a
-					r..35f51ec2
-				}..6c7e0e46
-			};..7ff4cccb
-			//#..c2ae15cd
-			//	..8bf17c73
-			//	..36b477b0
-			//	..663189e3
-			//	..4d09debe
-			//	..1002cc91
-			//	..ea605776
-			//	..81ea6a02
-			//	..620568af
-			//#..5a3d06b0
-		}..4fdbbc1a
-..35781011
-		#end..e5d827c5
-..35781011
-		#reg..86adca71
-..35781011
-		priv..936db934
-		{..45cb39f9
-			if ..ceb799e6
-				Wa..9d80da72
-		}..4fdbbc1a
-..35781011
-		prot..aae43bb6
-		{..45cb39f9
-			ret..d467cbd6
-		}..4fdbbc1a
-..35781011
-		priv..c2016e94
-		{..45cb39f9
-			if ..0fdfdbdf
-				re..1b0d5d9a
-			var..31b716cc
-			ret..344a5186
-		}..4fdbbc1a
-..35781011
-		priv..e405184d
-		{..45cb39f9
-			if ..81fa2090
-				re..1b0d5d9a
-..35781011
-			var..31b716cc
-			if ..27b6298f
-				re..f5835d67
-			ret..8d48c3c7
-				  ..6dfb715a
-				  ..241f5972
-		}..4fdbbc1a
-..35781011
-		priv..f732c62f
-		{..45cb39f9
-			GC...88c6b611
-			GC...d845e572
-			GC...88c6b611
-		}..4fdbbc1a
-..35781011
-		prot..cbd2f405
-		{..45cb39f9
-			ret..9d5af6a4
-		}..4fdbbc1a
-..35781011
-		prot..5f2df239
-		{..45cb39f9
-			bas..b1289c18
-			Bac..ecad112d
-		}..4fdbbc1a
-..35781011
-		prot..87a95b60
-		{..45cb39f9
-			ret..bb317c29
-		}..4fdbbc1a
-..35781011
-		#end..e5d827c5
-	}..90106a34
+    pu..6a286734
+    {..7b8adb4a
+      ..67def5a5
+..199a5135
+      ..8badfe26
+      ..bd04eaa2
+      ..3fed877e
+..199a5135
+      ..5b88ef0b
+    }..cf3f1362
+..199a5135
+    pu..66ecb204
+    {..7b8adb4a
+      ..10e48d9c
+..199a5135
+      ..1bc2ec72
+      ..bd04eaa2
+      ..dc4d4827
+      ..902614d9
+      ..a1e89dc9
+      ..9116b699
+      ..31219af2
+      ..cda825e2
+      ..34842d77
+      ..a72eb6c1
+      ..43fa1137
+      ..d2aa21ba
+      ..0bf7f899
+      ..b1dbbae0
+      ..b94f9157
+      ..8c1931a9
+      ..b6c21dcf
+      ..b8db07be
+      ..efd61bd6
+      ..0bf7f899
+      ..1698add7
+      ..b8db07be
+      ..38b499b7
+      ..ee6255f4
+      ..aac755b3
+      ..d75f813b
+      ..43217b69
+      ..cd7cc104
+      ..17e8d25d
+      ..d4262aa9
+      ..31170926
+      ..3a57550d
+      ..8e599e58
+      ..3fed877e
+..199a5135
+      ..5b88ef0b
+..199a5135
+      ..c0c2aa5c
+..199a5135
+      ..7f0f43eb
+      ..bd04eaa2
+      ..9a82d730
+      ..96f1e811
+      ..3fed877e
+..199a5135
+      ..4e3c294c
+      ..bd04eaa2
+      ..97c21075
+      ..3fed877e
+..199a5135
+      ..4da7df0a
+      ..bd04eaa2
+      ..ada72963
+      ..01277f29
+      ..fcf60696
+      ..858ef35e
+      ..3fed877e
+..199a5135
+      ..526cb6cf
+      ..bd04eaa2
+      ..deac538b
+      ..01277f29
+..199a5135
+      ..fcf60696
+      ..9539b58c
+      ..27348610
+      ..b2603a40
+      ..1b74dcb4
+      ..6ebea86d
+      ..3fed877e
+..199a5135
+      ..3f3eec3d
+      ..bd04eaa2
+      ..03fd77b8
+      ..8728c94a
+      ..03fd77b8
+      ..3fed877e
+..199a5135
+      ..b6010181
+      ..bd04eaa2
+      ..f3a55e01
+      ..3fed877e
+..199a5135
+      ..ebebbc78
+      ..bd04eaa2
+      ..a92d931b
+      ..2336448b
+      ..3fed877e
+..199a5135
+      ..7317359a
+      ..bd04eaa2
+      ..3ff428e5
+      ..3fed877e
+..199a5135
+      ..5b88ef0b
+    }..cf3f1362
-using ..720cfe2d
+using ..21a1c263
-using ..bee4aaf0
-      ..d6d2eeb0
-..35781011
+..199a5135
-      ..cb0af18f
+      ..c3c72ebf
-      ..5a4b2db8
+      ..6e4718f4
-      ..0a3268b5
+      ..686e0fec
-      ..68a7753e
-      ..f143ad09
-      ..3da26c81
-      ..71032d55
-      ..381a44bb
-..35781011
+      ..a3acb712
+      ..44815fa7
+..199a5135
-	[Regi..2e9d3a4b
-	publi..dac84f70
-	{..eadce7c7
-		#reg..08e26a44
-..35781011
-		priv..40d5349e
-..35781011
-		prot..f183e054
-		priv..63d2e50d
-		priv..c7b7b362
-..35781011
-		#end..e5d827c5
-..35781011
-		#reg..47c9cfeb
-..35781011
-		prot..862db259
-		{..45cb39f9
-		}..4fdbbc1a
-..35781011
-		prot..31b37ebd
-		{..45cb39f9
-		}..4fdbbc1a
-..35781011
-		#end..e5d827c5
-..35781011
-		#reg..2d803901
-..35781011
-		publ..37793e7e
-..35781011
-		prot..34911ae8
-		{..45cb39f9
-			get..8d6388e1
-			{..40079db6
-				if..096d1fbe
-					_..878ed080
-				re..dd3c8f17
-			}..fc6921fe
-		}..4fdbbc1a
-..35781011
-		prot..79107d6e
-..35781011
-		publ..50286c0b
-		{..45cb39f9
-			get..8d6388e1
-			{..40079db6
-				if..785b5c57
-				{..14e29e3a
-					v..041d1154
-					i..5d2df13a
-						..531232b5
-				}..6c7e0e46
-..35781011
-				re..37256d11
-			}..fc6921fe
-		}..4fdbbc1a
-..35781011
-		#end..e5d827c5
-..35781011
-		#reg..5a8be156
-..35781011
-		obje..b8a3963f
-		{..45cb39f9
-			ret..d1bea4f6
-		}..4fdbbc1a
-..35781011
-		void..366b566b
-		{..45cb39f9
-			Too..2650bc93
-		}..4fdbbc1a
-..35781011
-		void..cf4daa9c
-		{..45cb39f9
-			Too..ff1cd097
-		}..4fdbbc1a
-..35781011
-		#end..e5d827c5
-..35781011
-		#reg..86adca71
-..35781011
-		prot..d760d4fb
-		{..45cb39f9
-			thi..0023c01c
-		}..4fdbbc1a
-..35781011
-		prot..19243cc8
-		{..45cb39f9
-			thi..844a2cc2
-		}..4fdbbc1a
-..35781011
-		publ..ee3c8ce9
-		{..45cb39f9
-			//n..049c8319
-			if ..84a15e18
-			{..40079db6
-				//..cf74b9b3
-				va..b8f97cda
-				if..b84a248f
-				{..14e29e3a
-					T..fc7963de
-					T..5217285f
-				}..6c7e0e46
-			}..fc6921fe
-..35781011
-			ret..b9ccf0c8
-		}..4fdbbc1a
-..35781011
-		publ..0b1378cd
-		{..45cb39f9
-			bas..57791f41
-			if ..86ec6a53
-				to..97ecbd9d
-		}..4fdbbc1a
-..35781011
-		prot..9d17f9e9
-		{..45cb39f9
-			var..1339f040
-			if ..7f1f669a
-				re..bcc38deb
-			var..624b0f2a
-			if ..a8c4c94d
-			{..40079db6
-				th..606d7cdb
-				th..1b11f4e0
-					S..b05bb78a
-			}..fc6921fe
-		}..4fdbbc1a
-..35781011
-		prot..fb1af4c7
-		{..45cb39f9
-			Set..80fd4576
-		}..4fdbbc1a
-..35781011
-		prot..68616c62
-		{..45cb39f9
-			bas..e0ef699d
-			if ..5fd3c45f
-				th..b5471fc1
-			if ..39067156
-				Re..6ccc175d
-			Win..2201b7a9
-		}..4fdbbc1a
-..35781011
-		publ..b51aa726
-		{..45cb39f9
-			Set..744514b1
-		}..4fdbbc1a
-..35781011
-		prot..1d47aa4a
-		{..45cb39f9
-			if ..5d00a512
-			{..40079db6
-				Ut..3bd4b461
-				_c..a4626191
-				re..f5835d67
-			}..fc6921fe
-..35781011
-			bas..5f69219d
-			Set..57f46b5c
-			ret..6923d249
-		}..4fdbbc1a
-..35781011
-		prot..72f58e94
-		{..45cb39f9
-			Too..541d1472
-			if ..96120533
-				In..de4a6393
-			Ini..557887be
-		}..4fdbbc1a
-..35781011
-		publ..53a232ba
-		{..45cb39f9
-			bas..06d7fe7b
-			Per..26642b57
-			Per..b68ca8c1
-		}..4fdbbc1a
-..35781011
-		prot..8a0605a5
-		{..45cb39f9
-			bas..55dc9285
-			Roo..d44f9b02
-		}..4fdbbc1a
-..35781011
-		prot..2ff58e2d
-		{..45cb39f9
-			Too..e790f386
-			bas..ee955630
-		}..4fdbbc1a
-..35781011
-		prot..bd493b6b
-		{..45cb39f9
-			try..9243bf9e
-			{..40079db6
-				ba..2cda99f1
-			}..fc6921fe
-			cat..d1007a32
-			{..40079db6
-				Ap..02d0c2d5
-			}..fc6921fe
-		}..4fdbbc1a
-..35781011
-		publ..3cf15361
-		{..45cb39f9
-			swi..30e10e53
-			{..40079db6
-				ca..d0c56739
-				ca..bf162316
-				ca..1ea2c2a9
-				ca..87167aaa
-				ca..d89c1402
-				ca..17d33a62
-					/..d1fa1a41
-					G..610cadeb
-					I..1c1a79ae
-					b..1d589e66
-			}..fc6921fe
-..35781011
-			bas..286429d2
-		}..4fdbbc1a
-..35781011
-		#end..e5d827c5
-	}..90106a34
+    [R..7a9fe1d4
+    pu..e68f187d
+    {..7b8adb4a
+      ..b51b06f8
+..199a5135
+      ..7e89a3f1
+..199a5135
+      ..4d6ecdfa
+      ..84b35ea8
+      ..f5d2bb43
+..199a5135
+      ..5b88ef0b
+..199a5135
+      ..10e48d9c
+..199a5135
+      ..acec17ed
+      ..bd04eaa2
+      ..3fed877e
+..199a5135
+      ..39dba436
+      ..bd04eaa2
+      ..3fed877e
+..199a5135
+      ..5b88ef0b
+..199a5135
+      ..d7ab8f50
+..199a5135
+      ..6d5d8fc8
+..199a5135
+      ..8cefdb8f
+      ..bd04eaa2
+      ..b63c98b9
+      ..43fa1137
+      ..085e9c95
+      ..3a03bc55
+      ..39230f51
+      ..3cd12ffb
+      ..3fed877e
+..199a5135
+      ..ac8fb96b
+..199a5135
+      ..4f49dee7
+      ..bd04eaa2
+      ..b63c98b9
+      ..43fa1137
+      ..8fb4ab43
+      ..0bf7f899
+      ..08283021
+      ..311df19b
+      ..39480c2a
+      ..b8db07be
+..199a5135
+      ..7ce17758
+      ..3cd12ffb
+      ..3fed877e
+..199a5135
+      ..5b88ef0b
+..199a5135
+      ..67def5a5
+..199a5135
+      ..2913966d
+      ..bd04eaa2
+      ..6aa18cf6
+      ..3fed877e
+..199a5135
+      ..ac1cb0fb
+      ..bd04eaa2
+      ..8fd15199
+      ..3fed877e
+..199a5135
+      ..fc0b3be1
+      ..bd04eaa2
+      ..04ccd949
+      ..3fed877e
+..199a5135
+      ..5b88ef0b
+..199a5135
+      ..c0c2aa5c
+..199a5135
+      ..ded3a1ee
+      ..bd04eaa2
+      ..8e96606c
+      ..3fed877e
+..199a5135
+      ..f6d74f59
+      ..bd04eaa2
+      ..b58ebbc8
+      ..3fed877e
+..199a5135
+      ..a90aeca0
+      ..bd04eaa2
+      ..741241af
+      ..3fed877e
+..199a5135
+      ..15f1fa24
+      ..bd04eaa2
+      ..f8b60185
+      ..28c86a0a
+      ..43fa1137
+      ..365c4e2e
+      ..b33be2a7
+      ..fd1ad7e1
+      ..0bf7f899
+      ..e5df670e
+      ..885d544a
+      ..b8db07be
+      ..3cd12ffb
+..199a5135
+      ..306ebdaa
+      ..3fed877e
+..199a5135
+      ..26a08f7a
+      ..bd04eaa2
+      ..6543ee27
+      ..070a3ef5
+      ..e07e0c2a
+      ..3fed877e
+..199a5135
+      ..839a8f06
+      ..bd04eaa2
+      ..1d73bfe1
+      ..c1a6fe63
+      ..b0125da8
+      ..fb7e652c
+      ..1bfdd774
+      ..43fa1137
+      ..8659904b
+      ..0b7a6e60
+      ..b7adcabb
+      ..3cd12ffb
+      ..3fed877e
+..199a5135
+      ..b1a94ff8
+      ..bd04eaa2
+      ..6ae238c3
+      ..3fed877e
+..199a5135
+      ..fd456cae
+      ..bd04eaa2
+      ..69dec23c
+      ..95662c6b
+      ..fca76a12
+      ..086bdac5
+      ..ea23d67d
+      ..ab8c6457
+      ..3fed877e
+..199a5135
+      ..41fd04d2
+      ..bd04eaa2
+      ..7ef6b5bc
+      ..3fed877e
+..199a5135
+      ..becbb89a
+      ..bd04eaa2
+      ..fc5ca790
+      ..43fa1137
+      ..01e70691
+      ..8beb0521
+      ..27348610
+      ..3cd12ffb
+..199a5135
+      ..d4b7723e
+      ..b2932c0a
+      ..e6694895
+      ..3fed877e
+..199a5135
+      ..8f0bc2a9
+      ..bd04eaa2
+      ..152f4a9f
+      ..2a8af773
+      ..14002580
+      ..ecf70ab1
+      ..3fed877e
+..199a5135
+      ..a8b0dbc1
+      ..bd04eaa2
+      ..a636d293
+      ..3b6c57cc
+      ..17e73c86
+      ..3fed877e
+..199a5135
+      ..fa414fa7
+      ..bd04eaa2
+      ..0c52d73a
+      ..dba90a1f
+      ..3fed877e
+..199a5135
+      ..d1a60124
+      ..bd04eaa2
+      ..cf48ba19
+      ..62a6c0e2
+      ..3fed877e
+..199a5135
+      ..c548060b
+      ..bd04eaa2
+      ..1ece4948
+      ..43fa1137
+      ..ced1a622
+      ..3cd12ffb
+      ..32a71854
+      ..43fa1137
+      ..c27fa99b
+      ..3cd12ffb
+      ..3fed877e
+..199a5135
+      ..bc5ce45b
+      ..bd04eaa2
+      ..33f9277f
+      ..43fa1137
+      ..a71fab81
+      ..d49a14f7
+      ..6d2b7894
+      ..2f7a2b72
+      ..f7ba5c06
+      ..8b068d84
+      ..87b6413a
+      ..51dd6df2
+      ..a8d2b612
+      ..9d4402d9
+      ..3cd12ffb
+..199a5135
+      ..d083e24d
+      ..3fed877e
+..199a5135
+      ..5b88ef0b
+    }..cf3f1362
--- /de..53ce1775
+{..6c6f5e42
+  "pro..059b21e2
+    "p..115a4b95
+    "f..ca69b9d1
+    "p..9d819d1b
+    "s..dd7bf2f8
+  },..7d8f3dcd
+  "cli..23d52bc5
+    {..7b8adb4a
+      ..cff4506d
+      ..60038539
+      ..2dd8afa4
+      ..39fdcd8f
+      ..3fed877e
+      ..b4b3cba0
+      ..c17f6e30
+      ..bd04eaa2
+      ..554c1666
+      ..1cc0be47
+      ..3fed877e
+      ..1be432c5
+      ..d1209f1d
+      ..bd04eaa2
+      ..7d864f41
+      ..3fed877e
+      ..1be432c5
+      ..3478dd4f
+      ..67f7e844
+      ..b9177eb4
+      ..5e81c606
+      ..265fc018
+      ..4412dd16
+      ..e8b21c50
+      ..5e81c606
+      ..ce4b6d3b
+      ..75f10544
+      ..3fed877e
+      ..279a5937
+    }..cf3f1362
+  ],..274ab6a1
+  "con..9c0e891f
+}..291301d2
+-keep ..8b9a9509