--- /de..f7082c67
+<?xml ..b9d36e78
+<svg v..da20a024
+	 view..02e47039
+	<path..d6fc3621
+		c-4...967e8fb9
+		c-1...832b132b
+		c-3...6b06397a
+		c16...81fb5ca0
+		c-12..6869d6c0
+		c-1...8e8f043f
+</svg>..a944e817
-    <A..8b77182c
+    <A..cdc8e3d7
+    <A..321ff523
+    <A..3077bcdd
-			// ..19538635
-			pub..41c3a5c2
-..3bf98af2
-			// ..0485c5cd
-			pub..b017992a
-..3bf98af2
-			pub..d43d89e8
+			pub..5d210a63
-			pub..e439ee05
+			pub..90de56b6
-			pub..f960d37d
+			pub..78e31b65
-			pub..412fc4be
+			pub..8b785b36
-			pub..1fd07585
-..3bf98af2
-			// ..00cf00a0
-			pub..87b9b4d3
+			pub..f953ac14
-			pub..51bcae46
+			pub..6e2279e3
-			pub..f3ce4d42
+			pub..2297b130
+..4e0423c1
+			// ..59c0acf3
+			pub..cd5def82
-			pub..102f4b79
+			pub..bf5c7480
-			pub..0396cfb9
+			pub..584997ba
-			pub..1f43323d
+			pub..45ebd663
+..4e0423c1
+			// ..8ad5c402
+			pub..c6121f92
+..4e0423c1
+			// ..b378fe3f
+			pub..feb16092
-			// ..c6e3a8d8
-			pub..85bce0d3
-..3bf98af2
-			// ..cb41e3da
-			pub..76327273
-..3bf98af2
-			pub..330cfaea
+			pub..5f126508
-			pub..488c3671
+			pub..1c75ed3c
-			pub..78eaa341
+			pub..347f2662
-			pub..6939fd6b
+			pub..768ad51d
-			pub..61c48f17
+			pub..6791ce75
-			pub..c07d49e9
+			pub..dced92e9
+..4e0423c1
+			// ..64f0cfd8
+			pub..23c619db
+..4e0423c1
+			// ..6de5a67d
+			pub..18cce8f0
+			// ..65a5983b
+			pub..1e5b1370
+..4e0423c1
-			// ..16f11a5c
-			pub..c8ee82c7
-..3bf98af2
-			pub..a7c302ba
+			pub..ab9ac525
-			// ..f7d14c4f
-			pub..caa39a94
+			// ..51c58a0c
+			pub..2ff66d2c
-			pub..792ef1ef
+			pub..3b24b090
+..4e0423c1
+			// ..78566879
+			pub..c5a6ab18
-			// ..79cced9e
-			pub..bea51e0b
+			// ..47942d93
+			pub..bb7d35bf
-			// ..523e1a2d
-			pub..18b0f8d6
+			// ..2ea50615
+			pub..1154cff9
-			// ..ca98f82e
-			pub..aeaeec22
+			// ..100ed243
+			pub..5745ea68
-			// ..74c496fd
-			pub..deb24ec3
-..3bf98af2
-			// ..2abd1137
-			pub..5d757144
+			// ..0b903a47
+			pub..4769c10d
-			// ..3adf1d53
-			pub..f1198be9
+			// ..5bd5efa8
+			pub..ed2c6bd3
-			// ..a473c493
-			pub..df40c0f5
+			// ..3723f24c
+			pub..3c178569
-			pub..71fdc353
+			pub..d156deba
+..4e0423c1
+			// ..9e56804d
+			pub..1c90a0c5
-			pub..755f7ada
+			pub..639f73d1
+..4e0423c1
+			// ..2ea2fb86
+			pub..2c1fc88c
-			// ..4da5f49b
-			pub..32b6c191
+			// ..f9f111be
+			pub..79122129
-			// ..9c3d1737
-			pub..39526740
-..3bf98af2
-			pub..67212869
+			pub..7be34211
-			// ..0ae56aa5
-			pub..f756039d
+			// ..45cb4b31
+			pub..4433228d
-			// ..61060d89
-			pub..f0ab1ded
+			// ..a121267f
+			pub..ecf1d811
-			// ..d30825c7
-			pub..20af780f
+			// ..7ccfb611
+			pub..c9bb76c9
+..4e0423c1
+			// ..2052008a
+			pub..92a12ccd
-			// ..f4f386e9
-			pub..35b98743
+			// ..c7329d05
+			pub..49f90d62
-			// ..48646ff4
-			pub..c10b5e1d
+			// ..fbb35050
+			pub..e76a9d45
-			// ..9be09489
-			pub..42baa517
+			// ..881f8c85
+			pub..718fb2f2
-			// ..98a87f7b
-			pub..3df933e3
+			// ..8cc9f4db
+			pub..48033538
-			// ..f64d352d
-			pub..967ee16f
+			// ..d40098e8
+			pub..0c4ea294
-			// ..208fa96d
-			pub..84008429
+			// ..901e7337
+			pub..d61f9051
-			// ..5af39619
-			pub..cf91d280
+			// ..1777409d
+			pub..e08122f1
-			// ..33415a9c
-			pub..985a710e
+			// ..a0587073
+			pub..989aa8d5
-			// ..6bafad7e
-			pub..93d6ba12
-..3bf98af2
-			pub..6d1cf7b0
+			pub..f1e8c046
-			// ..e8dd56f7
-			pub..bf48a162
+			// ..86f49fe8
+			pub..215aa94f
+..4e0423c1
+			// ..b5805079
+			pub..53b167e9
-			// ..2c85641f
-			pub..5ac4d458
+			// ..ddb819ea
+			pub..e8056e53
-			// ..62a44ecb
-			pub..bcc7f87f
+			// ..65784c2c
+			pub..5cc2dcf9
-			// ..2b1e8eca
-			pub..3cb742e8
+			// ..07511896
+			pub..9309dcd3
-			// ..148b6e26
-			pub..19f3be31
+			// ..d92466a2
+			pub..9cfab651
-			// ..e0a9d6de
-			pub..e4413f62
+			// ..421bce5d
+			pub..54844a4a
-			// ..8e6ab8a6
-			pub..0672e08a
-..3bf98af2
-			// ..5be64a2a
-			pub..890f22e8
-..3bf98af2
-			pub..89b711b4
+			pub..a3858d32
+..4e0423c1
+			// ..fde04956
+			pub..f17c026c
-			// ..3edfafc0
-			pub..e42437d0
+			// ..ff54651a
+			pub..33676556
-			// ..2dfed8fe
-			pub..0a34d641
+			// ..92d31ab0
+			pub..acfb84ff
-			// ..5b65fbd1
-			pub..153b6533
+			// ..c3657b8c
+			pub..b99c9497
-			// ..edb91e2f
-			pub..e5ffe412
+			// ..e56df28f
+			pub..ef3e3e71
-			// ..d0fca1dd
-			pub..753c8c75
+			// ..6e610256
+			pub..4bb95a7c
-			// ..d25eca20
-			pub..fea02d7c
+			// ..9eadd5d7
+			pub..3fb69d74
-			// ..ff4445de
-			pub..74d75770
+			// ..550c33da
+			pub..f7bad4c6
-			// ..9025d4f8
-			pub..5918fdf0
+			// ..0e9dc35e
+			pub..a53161e1
-			// ..68e9bc53
-			pub..04826bce
+			// ..ac741967
+			pub..a46dff9e
-			// ..cb09b213
-			pub..007467fb
+			// ..f4d5a3e3
+			pub..5e29f206
-			// ..2c30e437
-			pub..6a96ff4f
+			// ..81c567cb
+			pub..73f2cecc
-			// ..643a61ed
-			pub..5b1cd286
+			// ..5f33b24a
+			pub..c05cb32d
-			// ..700a3e23
-			pub..28116ec4
+			// ..c3f2a316
+			pub..4e89eea0
-			// ..51fa9d1a
-			pub..3286326e
+			// ..7848670d
+			pub..1e75d201
-			// ..93c0f5cb
-			pub..4fd6bc59
+			// ..c47c3d7d
+			pub..8b0dff72
-			// ..f8d96f27
-			pub..8455624a
+			// ..7c121018
+			pub..046bc5da
-			// ..1f993a60
-			pub..2c4c035d
+			// ..d7a5f223
+			pub..873fcfdf
-			pub..e69f13e8
+			pub..13e25cfc
-			pub..5f822bca
+			pub..0170a133
-			pub..e6148025
+			pub..7840d0c2
-			pub..619aead2
+			pub..3ec654dd
-			pub..be5abb84
+			pub..426a4780
-			pub..aa21a9f8
+			pub..c318b886
-			pub..3b7d439d
+			pub..a4e385f2
-			pub..68f827eb
+			pub..91ec9349
-			pub..541730bf
+			pub..e7780de0
-			pub..2652d331
+			pub..6d9e1e99
-			pub..c001506e
+			pub..92659a3a
-			pub..39096d81
+			pub..3850f452
-			pub..d08747c1
+			pub..3eba0560
-			pub..b925cc9d
+			pub..e5b40c4a
-			pub..2dbe4e06
+			pub..cb36909d
-			pub..30b9f1cb
+			pub..e62bfaa8
-			pub..1e65b827
+			pub..8e13062c
-			pub..8307ebed
+			pub..af77811f
-			pub..f9630d02
+			pub..16e374d6
-			pub..583fff1f
+			pub..c36224c3
-			pub..80cadbe8
+			pub..22b95f6b
-			pub..a3920526
+			pub..a3367091
-			pub..bcdb2a0f
+			pub..d2174995
-			pub..94fb8447
+			pub..6d85af86
-			pub..6f44fedb
+			pub..a7c900ba
-			pub..83c9fa02
+			pub..42558836
-			pub..441cac10
+			pub..a36e01e4
-			pub..d025f4e5
+			pub..98fb81e5
-			pub..e89b6855
+			pub..b993be53
-			pub..bac9e655
+			pub..9defe7c0
-			pub..fb3a89f4
+			pub..16a2d64a
-			pub..cf2ff498
+			pub..4ea2ae1e
-			pub..7f81e167
+			pub..5b376790
-			pub..f86c0a90
+			pub..4f6624e7
-			pub..21315a1a
+			pub..5abf1551
-			pub..2d05240f
+			pub..70ae18db
-			pub..8651f13a
+			pub..2f7fc27d
-			pub..1fd7b3d5
+			pub..df9e491b
-			pub..1c87574c
+			pub..bcd66802
-			pub..f1b0d853
+			pub..ae41ec83
-			pub..63480c9d
+			pub..d364f590
-			pub..cd01625c
+			pub..b28d43bc
-			pub..b0f110a8
+			pub..8f987224
-			pub..fe435107
+			pub..7fa7838d
-			pub..837088d4
+			pub..51ab6dc9
-			pub..6eb8eda4
+			pub..34cf107b
-			pub..6c1fc421
+			pub..e8499e89
-			pub..1ae0fea0
+			pub..074823ee
-			pub..36ea8648
+			pub..ab3d44c5
-			pub..9ff9b74e
+			pub..741acc22
-			pub..0a5a38b5
+			pub..b87f7a12
-			pub..2005db5a
+			pub..c71e6214
-			pub..13a2f630
+			pub..8132c0eb
-			pub..ae266525
+			pub..7c73bb88
-			pub..24f6a3c8
+			pub..145de541
-			pub..5198282b
+			pub..931b63bd
-			pub..09797338
+			pub..122729c5
-			pub..6bf509dc
+			pub..0c861972
-			pub..3e12ec65
+			pub..193755ad
-			pub..d4ca10c5
+			pub..5bb5fe1e
-			pub..1cd22cfa
+			pub..5363c5de
-			pub..fcc08707
+			pub..49f8a7be
-			pub..1db75704
+			pub..c24976e9
-			pub..33f1e96e
+			pub..db75ac51
-			pub..5bd14c63
+			pub..2242eda7
-			pub..f137623c
+			pub..e1272a8f
-			pub..07bb3ffc
+			pub..ed894726
-			pub..d9963ee3
+			pub..4070d357
+..4e0423c1
+			// ..cc251ba3
+			pub..8ff9de5b
--- /de..f7082c67
+﻿<?x..d0f5b429
+..4e0423c1
+<Frame..01388e89
+      ..1d2c9a2e
+      ..274a0261
+      ..0bb18043
+      ..873f8c7a
+      ..6a21027b
+      ..00a9ce5e
+      ..71b9e010
+      ..2b746812
+..4e0423c1
+  <Tex..9be3cfd2
+      ..ae7433de
+      ..1aea2849
+      ..2f210f86
+      ..942a4995
+      ..19294a00
+      ..85f3aed4
+..4e0423c1
+</Fram..3378c6dc
+++ /de..efa94dfd
-﻿<?x..c0104bcc
-..3bf98af2
-<Linea..02462503
-      ..ad68f082
-      ..d747fa3c
-      ..13b79b9d
-      ..7f358c75
-      ..0c32a286
-..3bf98af2
-  <Fra..874426f8
-      ..6aa2cead
-      ..e05c4a9f
-      ..ea6945e9
-      ..18381df5
-      ..f7302d29
-    <T..0713153c
-      ..d3d77c76
-      ..862400fa
-      ..f450b218
-      ..b747141e
-      ..fd01538e
-..3bf98af2
-    <I..2296131b
-      ..1a744f9a
-      ..5d09e27e
-      ..910b8454
-      ..8addb715
-      ..01ae8416
-      ..0d8e333e
-  </Fr..32ee7767
-..3bf98af2
-  <Vie..18996061
-      ..0de2bea9
-..3bf98af2
-  <Nes..238af58a
-      ..16176f0c
-    <L..6081dc6b
-      ..76ac059d
-      ..b3c667a0
-      ..67fafe87
-      ..14a0c070
-      ..7aef5d75
-      ..742e113e
-..3bf98af2
-      ..318d6b6d
-      ..4e23ff82
-      ..42dfd2ee
-      ..31226dc5
-      ..0991aa8c
-      ..b2f5013f
-      ..982749f5
-      ..ac8efde6
-      ..e71be91e
-      ..62cbeefc
-      ..57d3577d
-      ..9c3f3868
-..3bf98af2
-      ..7132daf9
-      ..aa20a0f7
-      ..30369f67
-      ..01f34ec5
-      ..b9bfb979
-      ..0cd66e28
-..3bf98af2
-      ..14a0c070
-      ..7aef5d75
-      ..68db00ea
-..3bf98af2
-      ..420236d8
-      ..b92b9ec7
-      ..62986a82
-      ..941fab2a
-..3bf98af2
-..3bf98af2
-      ..14a0c070
-      ..7aef5d75
-      ..90d703e5
-..3bf98af2
-      ..420236d8
-      ..b92b9ec7
-      ..961d76e5
-..3bf98af2
-..3bf98af2
-      ..14a0c070
-      ..7aef5d75
-      ..f5aca1e2
-..3bf98af2
-      ..420236d8
-      ..b92b9ec7
-      ..54784bd5
-..3bf98af2
-..3bf98af2
-      ..14a0c070
-      ..7aef5d75
-      ..9e6761bb
-..3bf98af2
-      ..420236d8
-      ..b92b9ec7
-      ..409cfb7d
-      ..1fa88c40
-..3bf98af2
-..3bf98af2
-      ..14a0c070
-      ..7aef5d75
-      ..c84705bb
-..3bf98af2
-      ..420236d8
-      ..b92b9ec7
-      ..0e2407c1
-      ..409cfb7d
-      ..a35ae69d
-..3bf98af2
-..3bf98af2
-      ..14a0c070
-      ..7aef5d75
-      ..c26a3ef8
-..3bf98af2
-      ..420236d8
-      ..b92b9ec7
-      ..dea4344e
-      ..af1daf77
-..3bf98af2
-..3bf98af2
-      ..2d179216
-      ..1b953d5b
-      ..3ba6f9cc
-      ..b3cd4b4c
-      ..e92ae5fe
-..3bf98af2
-      ..1a72e102
-      ..b92b9ec7
-      ..872ac9a2
-..3bf98af2
-      ..1a72e102
-      ..b92b9ec7
-      ..672df9e4
-..3bf98af2
-      ..1a72e102
-      ..b92b9ec7
-      ..45c071c1
-..3bf98af2
-      ..1a72e102
-      ..b92b9ec7
-      ..132929d3
-..3bf98af2
-      ..1a72e102
-      ..b92b9ec7
-      ..40b2d5e8
-..3bf98af2
-      ..1a72e102
-      ..b92b9ec7
-      ..d6ec5bc6
-..3bf98af2
-      ..2d179216
-      ..1b953d5b
-      ..3ba6f9cc
-      ..b3cd4b4c
-      ..e92ae5fe
-..3bf98af2
-      ..14a0c070
-      ..7aef5d75
-      ..e892eef0
-..3bf98af2
-      ..420236d8
-      ..b92b9ec7
-      ..220452ed
-    </..bdb9974a
-  </Ne..257be56f
-</Line..8e17ec19
-      ..10cdd4b4
-      ..2160b4f1
+      ..8ec06d3c
+      ..bd3f2c81
+      ..7231598b
+      ..a14c0b26
+      ..801baa53
+      ..6275004f
+      ..751c2389
+..4e0423c1
+      ..046ade2e
+      ..d3c615fb
+      ..1ee6ae89
+      ..56009fdc
+      ..c673e175
+      ..5949e5ca
+      ..83409cc2
+      ..eccf0304
+    </..4c7984e6
--- /de..f7082c67
+﻿<?x..d0f5b429
+..4e0423c1
+<Neste..d8e3e16d
+      ..7b3926f8
+      ..0b2279b6
+      ..241d3b22
+      ..c288cc10
+  <Lin..c28b4107
+      ..a6ab48f8
+      ..21b11a25
+      ..8f1ef473
+    <T..8e0d376a
+      ..b3bac7b2
+      ..03b6c267
+..4e0423c1
+    <F..c451ec0b
+      ..fdc3cfc6
+      ..dcdb55bf
+      ..a32123db
+      ..d0d6117b
+      ..9dc9ca72
+      ..48baacb9
+      ..b4ce9e4d
+      ..08977431
+      ..9361ca5f
+      ..0b4d54bb
+      ..974a2402
+..4e0423c1
+      ..386fc6b3
+      ..33ad139c
+      ..c08f62ae
+      ..dd6b654f
+      ..46cb3669
+    </..4c7984e6
+..4e0423c1
+    <T..8e0d376a
+      ..b3bac7b2
+      ..578fbe41
+..4e0423c1
+    <T..a3a647c5
+      ..6aa6bc39
+      ..b3ce1b9a
+      ..6367b23c
+..4e0423c1
+..4e0423c1
+    <T..8e0d376a
+      ..b3bac7b2
+      ..8407c85a
+..4e0423c1
+    <T..a3a647c5
+      ..6aa6bc39
+      ..791289db
+..4e0423c1
+..4e0423c1
+    <T..8e0d376a
+      ..b3bac7b2
+      ..c5e67d03
+..4e0423c1
+    <T..a3a647c5
+      ..6aa6bc39
+      ..9a554edc
+..4e0423c1
+..4e0423c1
+    <T..8e0d376a
+      ..b3bac7b2
+      ..646d63b6
+..4e0423c1
+    <T..a3a647c5
+      ..6aa6bc39
+      ..b4852470
+      ..b05980cc
+..4e0423c1
+..4e0423c1
+    <T..8e0d376a
+      ..b3bac7b2
+      ..f729a856
+..4e0423c1
+    <T..a3a647c5
+      ..6aa6bc39
+      ..569a7047
+      ..b4852470
+      ..b870b303
+..4e0423c1
+..4e0423c1
+    <T..8e0d376a
+      ..b3bac7b2
+      ..c69491a9
+..4e0423c1
+    <T..a3a647c5
+      ..6aa6bc39
+      ..1afcfa0c
+      ..e0e3f7f3
+..4e0423c1
+..4e0423c1
+    <V..b7427b1b
+      ..0c647544
+      ..26a57621
+      ..bd41b4aa
+      ..270127c5
+..4e0423c1
+    <T..0f91e564
+      ..6aa6bc39
+      ..1edada6f
+..4e0423c1
+    <T..0f91e564
+      ..6aa6bc39
+      ..18b205b5
+..4e0423c1
+    <T..0f91e564
+      ..6aa6bc39
+      ..13ce7619
+..4e0423c1
+    <T..0f91e564
+      ..6aa6bc39
+      ..0fa3510e
+..4e0423c1
+    <T..0f91e564
+      ..6aa6bc39
+      ..b02056f7
+..4e0423c1
+    <T..0f91e564
+      ..6aa6bc39
+      ..2cb2b96b
+..4e0423c1
+    <V..b7427b1b
+      ..0c647544
+      ..26a57621
+      ..bd41b4aa
+      ..270127c5
+..4e0423c1
+    <T..8e0d376a
+      ..b3bac7b2
+      ..928763b5
+..4e0423c1
+    <T..a3a647c5
+      ..6aa6bc39
+      ..ba117066
+  </Li..9755681d
+</Nest..5d0ae5ad
+  <col..7958d8a7
+  <col..c6bc5484
-      ..d1af1f3f
+      ..cfc59210
-using ..5b2fc996
-using ..a63feb92
-      ..edce0a12
+      ..421b3083
+      ..ec27d0fe
+    <C..c5f5e9ce
--- /de..f7082c67
+﻿usi..6b4e42b8
+..4e0423c1
+namesp..469c5047
+{..0ff992f2
+    pu..845a055f
+    {..62d0b87d
+      ..d4c59cf0
+    }..9207c278
+}..d7841581
-using ..e024db28
-    pu..b119aaf2
+    pu..a429308e
-      ..e2e4ffa5
-      ..a575f596
-      ..fcd06f09
+      ..558250fa
+..4e0423c1
+      ..9a621aa4
-      ..f09cd248
+      ..3005e6a2
+      ..52bd9704
-      ..44a0ab56
-..3bf98af2
+      ..410f4ea9
+..4e0423c1
+      ..345fb3be
+      ..9c7772e5
+      ..87812b6d
+      ..2706298e
+      ..df0f601a
+      ..6a8e725f
+      ..57dba401
+      ..53aaea66
+      ..579de1a4
+      ..a13c1c1e
+..4e0423c1
+      ..13607d36
+      ..9c7772e5
+      ..e55db877
+      ..714d39eb
+      ..a13c1c1e
+..4e0423c1
-      ..17f932b2
-      ..268c8b5d
-      ..12e031a1
-      ..56b25b6a
-      ..b31059ae
-      ..d88e627f
-      ..1077d198
-      ..241b11d9
-      ..fa8a9c6a
-      ..caaacb34
-      ..1770bea8
-..3bf98af2
-      ..1879ac0c
-      ..12e031a1
-      ..22498a2d
-      ..8054bcb6
-      ..1770bea8
-..3bf98af2
+..4e0423c1
-      ..0e902d53
-      ..50c7758d
-      ..617c50b3
+//    ..eeca04d9
+//    ..05066338
-      ..c37fe3ff
+      ..4c3c26e4
-	[Pres..61c0dc69
-	publi..58a0d78a
-	{..bbc09123
-		#reg..87cbfbd0
+    [P..dafd1e1c
+    pu..18dc1a7f
+    {..62d0b87d
+      ..69e32c08
-		priv..3a22a40e
+      ..038e5f24
-		priv..d721b080
-		priv..274ca1e5
-		priv..4301463c
+      ..0868f5c9
+      ..15921430
+      ..45abebc7
-		#end..a7f92030
+      ..fb6e80c2
-		#reg..b3773274
+      ..844687ee
-		publ..6b450f33
-		{..5b80b12d
-			_wa..ddd90b2c
-			_ap..0847d5a2
-			Cur..5b8931d4
-			Lan..6d62afc8
-			App..2641ea57
-			Key..0cfce381
-			App..008120ad
-			Bac..89fde174
-			Sel..f999ca15
-			Sel..8697c2af
-			Sel..f20ddc78
-			Sha..73c93625
-			Rev..af875353
-			Joi..89af63a4
-			Con..5d25a140
-			Cha..5291dca3
-			Res..9216bf93
-			Sho..6ddc837d
-			Sho..ed18311b
-		}..5a2c93ea
+      ..9a18cf50
+      ..9c7772e5
+      ..7911a939
+      ..0551f27c
+      ..69119b55
+      ..524dc415
+      ..c6fe79b4
+      ..1978a5d6
+      ..d69c41f2
+      ..cdc6817b
+      ..cd3604ee
+      ..3c6a3dc9
+      ..c6521301
+      ..719b5676
+      ..1bbb9080
+      ..348930a2
+      ..1c7e2e71
+      ..3d1ce17f
+      ..4e43eb36
+      ..61a4a41d
+      ..64344e06
+      ..a13c1c1e
-		#end..a7f92030
+      ..fb6e80c2
-		#reg..ee3df05f
+      ..e73afec8
-		publ..67d3a99f
+      ..e6ff9858
-		publ..77d0defe
+      ..acee898a
-		publ..edb9ae42
+      ..f645c00d
-		publ..ebc2fcbf
+      ..7b5c6add
-		publ..323d3f45
+      ..5a474cf5
-		publ..c329a7d2
+      ..2aa7c928
-		publ..1b7c1a48
+      ..3dc96157
-		publ..d38ebe16
+      ..c144190d
-		publ..b2710abe
+      ..418304f0
-		publ..d4dc022c
+      ..b010b067
-		publ..879f3d15
+      ..bd239a98
-		publ..e509a817
+      ..d89da9c2
-		publ..99b2aa17
-		{..5b80b12d
-			get..72a2f38c
-			set..f2538c5d
-			{..950f8032
-				_c..d6b5904d
-				Cu..fc2aed1b
-			}..0bd71b02
-		}..5a2c93ea
-..3bf98af2
-		publ..b0dc8c37
-..3bf98af2
-		publ..3047300b
-..3bf98af2
-		publ..76428193
-..3bf98af2
-		publ..be98eaaf
-..3bf98af2
-		publ..41082652
-..3bf98af2
-		publ..189b8bba
-..3bf98af2
-		publ..c3de4675
-..3bf98af2
-		publ..8b6ea6e0
-		{..5b80b12d
-			get..6a48a7ad
-			{..950f8032
-				if..f5c19030
-					r..36d1b9d1
-				re..d59363bd
-			}..0bd71b02
-		}..5a2c93ea
-..3bf98af2
-		publ..74052b9c
-..3bf98af2
-		publ..de136e7d
-..3bf98af2
-		publ..36efa07d
-..3bf98af2
-		publ..08586fd3
-..3bf98af2
-		publ..a398c896
-		{..5b80b12d
-			get..8d5c7349
-			set..88a4a14d
-		}..5a2c93ea
-..3bf98af2
-		#end..a7f92030
-..3bf98af2
-		#reg..52ca118f
-..3bf98af2
-		priv..ddddb0d1
-		{..5b80b12d
-			var..d6970c65
-			if ..7e326a18
-			{..950f8032
-				va..d8e6d741
-				Ap..9350d748
-				if..29f4efdd
-				{..daba127f
-					a..df5d1287
-					a..13051221
-				}..7b450267
-				el..3a99ef58
-					a..1440ecb1
-..3bf98af2
-				_a..4bc1710a
-				On..1e03bc10
-				On..0df001b6
-				On..ef534812
-			}..0bd71b02
-			els..b1840667
-			{..950f8032
-				_a..62e2ff3c
-				On..3c206872
-			}..0bd71b02
-		}..5a2c93ea
-..3bf98af2
-		priv..eee6c194
-		{..5b80b12d
-			ret..b2a6b20e
-		}..5a2c93ea
-..3bf98af2
-		priv..592e5094
-		{..5b80b12d
-			ret..eb79fba8
-		}..5a2c93ea
-..3bf98af2
-		priv..9e2d35e8
-		{..5b80b12d
-			_ap..92b909ee
-			OnP..b17d13be
-			OnP..0482e472
-		}..5a2c93ea
-..3bf98af2
-		priv..acc62389
-		{..5b80b12d
-			_ap..0fe98c4e
-			Cur..635c0aba
-			OnP..65b0aef0
-		}..5a2c93ea
-..3bf98af2
-		priv..2e5a2ade
-		{..5b80b12d
-			if ..71610e5b
-				re..99e77041
-			ret..cbd94c3f
-		}..5a2c93ea
-..3bf98af2
-		publ..5850804b
-		{..5b80b12d
-			_wa..346ac9c1
-			thi..0fb9637f
-			{..950f8032
-				us..57c20a24
-				{..daba127f
-					C..41a19244
-					L..352e3a2d
-					A..7a858b65
-					K..d328d784
-					A..dba9044f
-				}..7b450267
-			});..0cba5b3e
-		}..5a2c93ea
-..3bf98af2
-		priv..14f843fb
-		{..5b80b12d
-			ret..968a4c3e
-		}..5a2c93ea
-..3bf98af2
-		#end..a7f92030
-	}..8ec398aa
+      ..eeae84cf
+      ..9c7772e5
+      ..410f0a80
+      ..3c3c8a0b
+      ..df0f601a
+      ..7f7db9fe
+      ..b2aaf6a1
+      ..579de1a4
+      ..a13c1c1e
+..4e0423c1
+      ..f6e333c9
+..4e0423c1
+      ..ebe8d6dd
+..4e0423c1
+      ..8c99d9fa
+..4e0423c1
+      ..f4af1e31
+..4e0423c1
+      ..a3644847
+..4e0423c1
+      ..219071c4
+..4e0423c1
+      ..1170cdd1
+..4e0423c1
+      ..2d803d10
+      ..9c7772e5
+      ..fd300bf5
+      ..df0f601a
+      ..31c6e06c
+      ..b9183a12
+      ..0db7add2
+      ..579de1a4
+      ..a13c1c1e
+..4e0423c1
+      ..724befad
+..4e0423c1
+      ..b1667746
+..4e0423c1
+      ..3a2521e9
+..4e0423c1
+      ..4c168ab6
+..4e0423c1
+      ..84dcf5c7
+      ..9c7772e5
+      ..836c8e60
+      ..9eee7bd6
+      ..a13c1c1e
+..4e0423c1
+      ..11cbcf45
+..4e0423c1
+      ..fb6e80c2
+..4e0423c1
+      ..e71ff1b1
+..4e0423c1
+      ..0b7a8e64
+      ..9c7772e5
+      ..c089b230
+      ..81f01058
+      ..df0f601a
+      ..9a3a3131
+      ..8c2482fb
+      ..63668185
+      ..96fd4960
+      ..32b4fe77
+      ..2f9de9aa
+      ..cff04aa9
+      ..d88bd161
+      ..c5f146ab
+      ..a13c1c1e
+..4e0423c1
+      ..fb6e80c2
+..4e0423c1
+      ..22efc98e
+..4e0423c1
+      ..3e3f5cfe
+      ..9c7772e5
+      ..3659dcbc
+      ..8477eeef
+      ..df0f601a
+      ..523f52e7
+      ..dcd2413a
+      ..5d2a4c25
+      ..8c2482fb
+      ..a5c0e055
+      ..d25e0354
+      ..d88bd161
+      ..ed90e4cc
+      ..97d17eca
+..4e0423c1
+      ..aaead6f7
+      ..8318c9be
+      ..5e0c67a7
+      ..e9ba5c8c
+      ..579de1a4
+      ..76cc4e6a
+      ..df0f601a
+      ..9179cdce
+      ..abe390b0
+      ..579de1a4
+      ..a13c1c1e
+..4e0423c1
+      ..d2c77a85
+      ..9c7772e5
+      ..115bfe7e
+      ..a13c1c1e
+..4e0423c1
+      ..3d45e42f
+      ..9c7772e5
+      ..edfcf385
+      ..a13c1c1e
+..4e0423c1
+      ..11d1df52
+      ..9c7772e5
+      ..4b070c5a
+      ..76f0a705
+      ..29ee150c
+      ..a13c1c1e
+..4e0423c1
+      ..d8dadad3
+      ..9c7772e5
+      ..7f738ab9
+      ..ab18c7c6
+      ..87c350e7
+      ..a13c1c1e
+..4e0423c1
+      ..aa7d023f
+      ..9c7772e5
+      ..1860ff14
+      ..7291bfec
+      ..788e1283
+      ..a13c1c1e
+..4e0423c1
+      ..92f11298
+      ..9c7772e5
+      ..e121164b
+      ..a13c1c1e
+..4e0423c1
+      ..fb6e80c2
+    }..9207c278
-﻿usi..ab7a98c3
+﻿usi..5581bba6
+using ..f868f3a3
+using ..3b905207
+using ..936af1b4
-using ..1db30df6
+using ..96676d06
-    pu..e30cd6a7
+    pu..4c2f244b
+      ..844687ee
+..4e0423c1
+      ..4c831fc5
+      ..9c7772e5
+      ..d352551e
+      ..a13c1c1e
+..4e0423c1
+      ..fb6e80c2
+..4e0423c1
-      ..8341234e
+      ..189fea88
-      ..d0f33efd
-      ..1ba6d28a
-      ..7ab3b7c4
+      ..b28fe8de
+      ..8e6bde17
+      ..a13c1c1e
+..4e0423c1
+      ..fb6e80c2
+..4e0423c1
+      ..22efc98e
+..4e0423c1
+      ..4f4a5d52
+      ..9c7772e5
+      ..2cc37dde
+      ..a13c1c1e
+..4e0423c1
+      ..508a63a6
+      ..9c7772e5
+      ..81191cb7
+      ..78891e58