-    <A..678ff46b
+    <A..43edd71b
+      ..9219eeaa
+    </..8c0c1a31
+    <A..7b94726a
+      ..9219eeaa
+    </..8c0c1a31
-			// ..0b5deaa1
-			pub..0e5726b1
+			// ..ac9342cc
+			pub..7833e80d
-			// ..090cd3d0
-			pub..931b726f
+			// ..f1448e20
+			pub..91cd7381
-			// ..cebdcf95
-			pub..d8e7b77d
+			// ..17693e09
+			pub..5196cf88
-			// ..edb91e2f
-			pub..153f4f60
+			// ..ffe96342
+			pub..5c2dede5
-			// ..8e6ab8a6
-			pub..f52837a7
+			// ..19132036
+			pub..5b8a0c88
-			// ..e27cc684
-			pub..5e85c2a2
+			// ..d36c6d5c
+			pub..d449e5fe
-			// ..3e3ac0b3
-			pub..fad22815
+			// ..ce3f9d30
+			pub..d17f3c19
-			// ..5be64a2a
-			pub..a4d0053b
+			// ..e56df28f
+			pub..4cc357b4
-			// ..e644bbe3
-			pub..408bb2ed
+			// ..6e610256
+			pub..f8037f0d
-			// ..95843518
-			pub..fbb0af4f
+			// ..eafd0c6a
+			pub..ef5f8ae2
-			// ..d0fca1dd
-			pub..4251b6b1
+			// ..fde04956
+			pub..3c64c12a
-			// ..4fcc1099
-			pub..0eb989c5
+			// ..eb50a665
+			pub..347df322
-			// ..6df5d34d
-			pub..5f88fc88
+			// ..f4d5a3e3
+			pub..77d14574
-			// ..28207a1b
-			pub..c9f90d48
+			// ..1c2ace66
+			pub..f31697bf
-			// ..4e30fc15
-			pub..7ccfe057
+			// ..a5d34e5a
+			pub..d091fdd3
-			// ..ece24ab0
-			pub..363b6cb3
+			// ..ad973edc
+			pub..d71d31b9
-			// ..21948bd4
-			pub..3df14508
+			// ..7483896a
+			pub..a5d9247f
-			// ..a0a83a16
-			pub..02fd522a
+			// ..13066ee7
+			pub..07db2acb
-			// ..fdaa440f
-			pub..b038141a
+			// ..b92d10dd
+			pub..10ccc4b7
-			// ..7966b50c
-			pub..e6c09724
+			// ..f818ae50
+			pub..facff473
-			// ..b044cd6e
-			pub..acf108ce
+			// ..be5b5271
+			pub..b049f903
-			pub..6857121e
+			pub..55e2f38c
-			pub..716751fd
+			pub..24ad142b
-			pub..b0277a12
+			pub..2c4bd6c8
-			pub..c399db41
+			pub..baf00a68
-			pub..04958e1f
+			pub..f1563f42
-			pub..83a0373f
+			pub..90d3bbb6
-			pub..25019a1f
+			pub..4ba86646
-			pub..94e89627
+			pub..caa80b57
-			pub..67677059
+			pub..c3958999
-			pub..763c2957
+			pub..3419ba3a
-			pub..097ed9d0
+			pub..fb436df6
-			pub..3536892d
+			pub..9ef27948
-			pub..e0064071
+			pub..076f6378
-			pub..561f1914
+			pub..db29c2bd
-			pub..983c5e14
+			pub..451d2aa5
-			pub..5603b445
+			pub..991e0026
-			pub..08e5d692
+			pub..0b2fec07
-			pub..f45de01c
+			pub..b3968ac3
-			pub..d64008b5
+			pub..beeb6e29
-			pub..7904b3fe
+			pub..06b0c118
-			pub..7a1498fd
+			pub..d9a0d5ca
-			pub..c63c15d5
+			pub..79b42d48
-			pub..c0d7f612
+			pub..ef9c89c9
-			pub..1f8d1b53
+			pub..e1e4396c
-			pub..f59c2070
+			pub..2a0ca344
-			pub..77507f83
+			pub..f781d243
-			pub..51727c71
+			pub..6e946611
-			pub..c3f0b887
+			pub..4fd926f3
-			pub..0151bd40
+			pub..67a972b9
-			pub..d935f114
+			pub..33d33a8d
-			pub..022bd331
+			pub..2f075658
-			pub..c4d3456d
+			pub..ff9ae940
-			pub..815953d8
+			pub..6fecfd40
-			pub..00192f6a
+			pub..9fe8260f
-			pub..4c3b2d52
+			pub..3e58b239
-			pub..81614d88
+			pub..754aae09
-			pub..6bfd921c
+			pub..645142fb
-			pub..fa22d0ff
+			pub..e948885e
-			pub..bf23d990
+			pub..bb3e8455
-			pub..ff66a2db
+			pub..7b01d01d
-			pub..c38b97ba
+			pub..c0ab6c50
-			pub..2e2a0f28
+			pub..fc7f1784
-			pub..d1728081
+			pub..27f84a3b
-			pub..9c59400c
+			pub..9abd529c
-			pub..0cdfcea2
+			pub..b3140de2
-			pub..b8af852b
+			pub..f03b238e
+..4e0423c1
+			// ..a9a9042e
+			pub..3613ac2e
-<Frame..63a6557e
-      ..0104d1b8
-      ..29ae0ec2
-      ..2829cea6
-      ..ad5ff9cc
-      ..eb6d907c
-..3bf98af2
-  <Dra..9431c598
-      ..28a8620f
-      ..a5846826
-    <C..71dc3562
-      ..17432e29
-      ..52e60d0b
-..3bf98af2
-      ..dfe05dbc
+<Swipe..c7b0f8c5
+      ..18e14e80
-      ..9ca1679f
-..3bf98af2
-      ..633f0fdc
-      ..d6c44e5b
-      ..5213673f
-      ..c8626ca0
-      ..5e437a87
-      ..e8f5d2f7
-      ..0c2aa0bf
-      ..dffd5d62
-..3bf98af2
-      ..4b4748ef
-      ..bdd1628c
-      ..af8cec0c
-      ..183750e7
-      ..8f5f66d0
-      ..3cd20f3a
-..3bf98af2
-      ..dd22cd0c
-      ..72eec736
-      ..964476e3
-      ..d09514bd
-      ..b4c3b2a9
-      ..2073c39c
-      ..8b3c580e
-      ..3185cd07
-      ..fea72d15
-      ..88e20446
-      ..e77e55bd
-      ..5752dbdc
-      ..8a8dbb49
-      ..9d72948b
-..3bf98af2
-      ..0e4f1b83
-      ..1010d350
-      ..f7b2469a
-      ..df727676
-..3bf98af2
-      ..1576ec21
-      ..bdd1628c
-      ..3974b1ca
-      ..82076bde
-      ..eb2d9571
-      ..eec71558
-      ..451b3583
-      ..bc81081a
-      ..dd2b20b3
-..3bf98af2
-      ..1576ec21
-      ..e5ab9881
-      ..eec71558
-      ..7ce5be7e
-      ..bc81081a
-      ..0de08988
-..3bf98af2
-      ..1576ec21
-      ..e5ab9881
-      ..eec71558
-      ..e63f5bf1
-      ..bc81081a
-      ..eb681283
-      ..ff183488
-      ..e518262f
-..3bf98af2
-      ..6a349529
-      ..f0ad46d0
-      ..e5ab9881
-      ..4d29a7e8
-      ..7851fc5f
-      ..492cce84
-      ..5752dbdc
-      ..26060d9a
-      ..76605081
-      ..93598c43
-      ..933c4970
-      ..dcdc43c7
-      ..1e6b5312
-      ..5ad59d68
-      ..8d710047
-..3bf98af2
-      ..492cce84
-      ..5752dbdc
-      ..26060d9a
-      ..93598c43
-      ..933c4970
-      ..7d38c15f
-      ..dcdc43c7
-      ..1e6b5312
-      ..5ad59d68
-      ..f6fefec3
-      ..9d5ad61a
-..3bf98af2
-      ..492cce84
-      ..5752dbdc
-      ..26060d9a
-      ..3fe9a310
-      ..93598c43
-      ..933c4970
-      ..dcdc43c7
-      ..1e6b5312
-      ..5ad59d68
-      ..f6fefec3
-      ..8b0685f0
-      ..f03203c5
-..3bf98af2
-      ..ee4d70a0
-      ..bdd1628c
-      ..4a367523
-      ..8eae2ea5
-      ..ca6b9245
-      ..f8348dbd
-      ..ec36bf87
-..3bf98af2
-      ..84e323eb
-      ..9a30574d
-      ..fd72d81d
-      ..d3f344ad
-      ..00f0867c
-      ..23b057e5
-      ..e588cf27
-      ..f7f4c49d
-    </..168e7e9f
-..3bf98af2
-    <F..8797eede
-      ..7f68ae02
+      ..1ee6ae89
+      ..80a4e4be
+  <Fra..9a49151d
+      ..2e5e794d
+..4e0423c1
+    <R..98cab3cf
+      ..e002b081
+      ..0c9850f7
+      ..9b51621d
+      ..43e05317
+      ..beea69dc
+      ..48c47aac
+      ..31600afb
+      ..174c0f43
+      ..d427b53b
+      ..06d1425b
+      ..8bc85b1c
+      ..8684dab6
+      ..884fd2fb
+..4e0423c1
+      ..9dd7bab5
+      ..ab3a52f8
+      ..d9989e6b
+      ..589b7759
+..4e0423c1
+      ..7865f171
+      ..1ee6ae89
+      ..ca7e2626
+      ..887dc672
+      ..3e443936
+      ..961da7bd
+      ..1f055c6f
+      ..800a5b7f
+      ..042191a2
+..4e0423c1
+      ..7865f171
+      ..6c21844b
+      ..961da7bd
+      ..c8fa0022
+      ..800a5b7f
+      ..f3af558b
+..4e0423c1
+      ..7865f171
+      ..6c21844b
+      ..961da7bd
+      ..15da5132
+      ..800a5b7f
+      ..28bf07d0
+      ..447cfa6f
+      ..bc31faf9
+..4e0423c1
+      ..b9c59911
+      ..d3c615fb
+      ..6c21844b
+      ..866e146f
+      ..e6d99a6c
+      ..60b267ce
+      ..8bc85b1c
+      ..fb1986c5
+      ..862eff46
+      ..01c56833
+      ..74c3af57
+      ..f8d5e70c
+      ..6b86d1d0
+      ..d9f5eabf
+      ..1721825b
+..4e0423c1
+      ..60b267ce
+      ..8bc85b1c
+      ..fb1986c5
+      ..01c56833
+      ..74c3af57
+      ..ec42657b
+      ..f8d5e70c
+      ..6b86d1d0
+      ..d9f5eabf
+      ..665b80e8
+      ..38f758d4
+..4e0423c1
+      ..60b267ce
+      ..8bc85b1c
+      ..fb1986c5
+      ..857e95b8
+      ..01c56833
+      ..74c3af57
+      ..f8d5e70c
+      ..6b86d1d0
+      ..d9f5eabf
+      ..665b80e8
+      ..81056b62
+      ..d00e46cf
+..4e0423c1
+      ..24b18f5f
+      ..1ee6ae89
+      ..c5533add
+      ..5949e5ca
+      ..356cd4a6
+      ..fafb21b7
+    </..bb8c09ad
+..4e0423c1
+    <F..c451ec0b
-      ..4a5db7b9
-      ..5d177438
-      ..cf584d02
-    </..81eff6e5
-  </Dr..3e5b5d0a
-</Fram..c862eefd
+      ..1efca929
+      ..dded2e98
+      ..03488225
+      ..01fb9537
+  </Fr..b7ae27dd
+</Swip..be94016c
--- /de..f7082c67
+﻿<?x..d0f5b429
+..4e0423c1
+<Frame..d64fd125
+      ..22a508ff
+      ..f301f76e
+      ..88724119
+      ..9dd01916
+      ..dd35c84b
+..4e0423c1
+  <Dra..7f57a0c0
+      ..2a84137f
+      ..cfc5769c
+    <C..32e4c63d
+      ..65335f35
+      ..6ad759d1
+..4e0423c1
+      ..422f05d5
+      ..d3c615fb
+      ..e64c3821
+..4e0423c1
+      ..51f9187c
+      ..d3ab6dd6
+      ..fdc3cfc6
+      ..015f3bba
+      ..bfd224c5
+      ..ebd4d6d4
+      ..58a2f9d0
+      ..9fa20548
+..4e0423c1
+      ..251edb3d
+      ..9b51621d
+      ..ec2de5af
+      ..7567f5cd
+      ..de7b6566
+    </..b3dcc532
+..4e0423c1
+    <F..fd49c8d4
+      ..00098a6c
+      ..e3f68edc
+      ..c98118f2
+      ..5362d8f8
+      ..c545e99c
+  </Dr..8f3ff1b8
+</Fram..f6b13292
-using ..a2ae957d
-	publi..593d5d6d
-	{..bbc09123
-		#reg..87cbfbd0
+    pu..2fd0a3e2
+    {..62d0b87d
+      ..69e32c08
-		priv..d21419ff
-		priv..b237d51c
-		priv..09e005ef
-		priv..ec88baaf
+      ..6c76b917
+      ..4b54a40c
+      ..65cc670f
+      ..e6c2d5c0
-		#end..a7f92030
+      ..fb6e80c2
-		#reg..52ca118f
+      ..22efc98e
-		publ..9f7b2cc8
-		{..5b80b12d
-			loc..57089aee
-			{..950f8032
-				_i..8202bb40
-				va..c9e49e89
-				if..e6414623
-				{..daba127f
-					_..223cdbcb
-					r..25903d09
-				}..7b450267
-			}..0bd71b02
+      ..6da9dbc4
+      ..9c7772e5
+      ..aa6151a4
+      ..df0f601a
+      ..aef95f08
+      ..7c3f3627
+      ..977e3c58
+      ..8c2482fb
+      ..b3e896e2
+      ..6ca81b9f
+      ..d88bd161
+      ..579de1a4
-			ret..8b06b339
-		}..5a2c93ea
+      ..9e7c9c35
+      ..a13c1c1e
-		publ..ec7f304d
-		{..5b80b12d
-			var..c5ab39b6
-			if ..c2d65b40
-			{..950f8032
-				va..c8698630
-				va..5d574aa5
+      ..e6fc0886
+      ..9c7772e5
+      ..ae92c9ba
+      ..83e83f71
+      ..df0f601a
+      ..63df33d0
+      ..9daf57d2
-				va..4cee88e8
-					...7a85fa6e
-					...6008c5a5
-					...5869df55
-					...ef3f8230
-					...9c77013f
-				va..8fed96c6
+      ..07fce903
+      ..3f8c931e
+      ..b5714a28
+      ..30d1f343
+      ..dfe31e27
+      ..bcd36f77
+      ..9e5a1909
-				va..885e1423
-				jo..1ed380a0
-			}..0bd71b02
-			els..b1840667
-			{..950f8032
-				ap..adc1a9d0
+      ..ce8f451f
+      ..378673a5
+      ..579de1a4
+      ..76cc4e6a
+      ..df0f601a
+      ..81828ae0
-				if..65c1b59e
-				{..daba127f
-					v..9093a13a
-					v..4edc48ba
-					a..b735d9a7
-				}..7b450267
-			}..0bd71b02
-		}..5a2c93ea
+      ..18891aa2
+      ..8c2482fb
+      ..eb2d251d
+      ..757f75cd
+      ..0b3559a2
+      ..d88bd161
+      ..579de1a4
+      ..a13c1c1e
-		publ..c708fdf9
-		{..5b80b12d
-			if ..87e938bf
-			{..950f8032
-				if..442467b3
-					r..0d4003a9
-				Ta..730ee149
-				{..daba127f
-					i..39ed857d
-						..c31561ba
-					A..234920e5
-					I..233447fd
-					t..46690ed2
-					{..19d19825
-						..ce2b1767
-						..fcaf5b9c
-						..0de9bb30
-						..d111b740
-						..d7a0e27d
-						..01460c0a
-						..be12f0f9
-						..087ba095
-						..b47e5078
-						..14ad2ce8
-						..8e747977
-						..5065a98e
-						..1d10b320
-						..087ba095
-						..05ea69d3
-						..5065a98e
+      ..5c1487ef
+      ..9c7772e5
+      ..3c00281c
+      ..df0f601a
+      ..bfe9ed30
+      ..67f61088
+      ..7f4904e3
+      ..8c2482fb
+      ..78182f13
+      ..721dcb5b
+      ..31aa7150
+      ..91b0b959
+      ..612f22d3
+      ..42798020
+      ..6ff52a62
+      ..319a55fd
+      ..70d587e2
+      ..3fac299c
+      ..873eb1b7
+      ..e80f0d4f
+      ..2802816e
+      ..f85f5308
+      ..d2e0bb79
+      ..1802e8fc
+      ..f750c793
+      ..d0fa0321
+      ..2a101e6e
+      ..f85f5308
+      ..9bc649f8
+      ..d0fa0321
-						..d49d66dc
-						..e6aa2070
-						..7aac2488
-					}..7c392b14
-					c..809dae90
-					{..19d19825
-						..0c7f0c5d
-					}..7c392b14
-				})..b0b461d4
-			}..0bd71b02
-		}..5a2c93ea
+      ..7e617555
+      ..ec9a8fde
+      ..501dad9e
+      ..902150bf
+      ..18103536
+      ..42798020
+      ..1059d210
+      ..902150bf
+      ..fddd4948
+      ..579de1a4
+      ..a13c1c1e
-		#end..a7f92030
-	}..8ec398aa
+      ..fb6e80c2
+    }..9207c278
+using ..936af1b4
-			Mug..da877a80
-			Mug..432d7fc4
-			Mug..768a40a3
-			Mug..eb34ad97
-			Mug..afaa5456
-			Mug..1d28d00b
-			Mug..148ec9c3
-			Mug..35df3fa4
-			Mug..48d1f421
-			Mug..3ffcd7c1
-			Mug..c60b4980
-			Mug..49d3b877
-			Mug..3b3ede2e
-			Mug..626793e7
-			Mug..192f320e
-			Mug..fa53b866
-			Mug..89337bbc
-			Mug..2b35ad3e
-			Mug..ad430a49
-			Mug..9271353d
-			Mug..cc3d9a35
-			Mug..bea4664d
-			Mug..2b1c3b37
-			Mug..711eb8b9
-			Mug..71e3326a
-			Mug..bea10adb
-			Mug..4e23eb88
-			Mug..ac5f7e20
-			Mug..1bcf296c
-			Mug..e5f64d47
-			Mug..7b845ed5
-			Mug..bc709d7b
-			Mug..0d33b49e
-			Mug..64f5bdcb
-			Mug..1a1967d6
-			Mug..edca9387
-			Mug..3da7550f
-			Mug..a144c1fe
-			Mug..bc84dd0a
-			Mug..7f7d24ea
-			Mug..0578b70d
-			Mug..74dbaf38
-			Mug..7199e173
-			Mug..2654e426
-			Mug..d325b088
-			Mug..dc8de2df
-			Mug..71bf7c01
-			Mug..d2c93273
-			Mug..028bf7eb
-			Mug..e51bd9a5
-			Mug..1fe9bb2e
-			Mug..5cf62849
-			Mug..1f050cf9
-			Mug..a9118cc9
-			Mug..57e4561b
-			Mug..b700a587
-			Mug..5909bd9c
-			Mug..97fff4d9
-			Mug..e62b0577
-			Mug..664dfb75
-			Mug..0fea9f8d
-			Mug..8972f007
-			Mug..40a72645
-			Mug..7a798cb5
-			Mug..1dc5fd08
-			Mug..78670cde
-			Mug..9637df74
-			Mug..a8c5a458
-			Mug..95078443
-			Mug..3c1686bc
-			Mug..f8c83221
-			Mug..2e28d555
-			Mug..cbd87606
-			Mug..e2aafb0c
-			Mug..cda0788f
-			Mug..8a19cf5d
-			Mug..0bd2f4a4
-			Mug..b49564af
-			Mug..15cc12a9
-			Mug..8a63ff2d
-			Mug..9263f8a3
-			Mug..c92c8445
-			Mug..977c768a
-			Mug..94b0bc83
-			Mug..38230d51
-			Mug..c257b71c
-			Mug..b12807d4
-			Mug..4c130eb3
-			Mug..9b4b7a54
-			Mug..0b8dca9a
-			Mug..37d8394d
-			Mug..5ab0a8b4
-			Mug..166fa26c
-			Mug..72a30c5e
-			Mug..0ec5a722
-			Mug..4c3b73a5
-			Mug..74027961
-			Mug..d79562ca
-			Mug..f3abd1cf
-			Mug..ff2834dd
-			Mug..e815d981
-			Mug..5a442af7
-			Mug..a2529cb5
-			Mug..a61e8bf6
-			Mug..28af0df8
-			Mug..b2d6c83f
-			Mug..a6d41d84
-			Mug..e7a3b784
-			Mug..83b8cd5e
-			Mug..b2294df8
-			Mug..93a466e0
-			Mug..934da9e8
-			Mug..a1a2c032
-			Mug..66e0e66b
-			Mug..818a0e80
-			Mug..836246d2
-			Mug..7b88e918
-			Mug..dbb320b2
-			Mug..7de2c561
-			Mug..62154e09
-			Mug..0c4587c2
-			Mug..ef9bd06c
-			Mug..5330d779
-			Mug..85116dee
-			Mug..4d1a22e2
-			Mug..bbd2c1d5
-			Mug..1c2bc661
-			Mug..92dcff74
-			Mug..3be0f768
-			Mug..b44907f3
-			Mug..66e6f622
-			Mug..abdd1aff
-			Mug..435e46b4
-			Mug..ba4f8882
-			Mug..48d39bac
-			Mug..d6de5ba3
-			Mug..cc40db89
-			Mug..20be6879
-			Mug..2f5f890f
-			Mug..828389b1
-			Mug..8285fb2c
-			Mug..524e58ae
-			Mug..462ca03d
-			Mug..dfcf3e39
-			Mug..58689478
-			Mug..387f0c7e
-			Mug..3fc897bb
-			Mug..2346f040
-			Mug..816cdb44
-			Mug..a503a0aa
-			Mug..eee83a07
-			Mug..3ca522f0
-			Mug..0b324913
-			Mug..5eaa8726
-			Mug..2591d3ff
-			Mug..d27cba40
-			Mug..c63d9866
-			Mug..36d15232
-			Mug..6fef8a42
-			Mug..95e03c25
-			Mug..67919912
-			Mug..958ec7d6
-			Mug..1d82725f
-			Mug..92128d70
-			Mug..01d21284
-			Mug..6b4f0ef9
-			Mug..c5f1c148
-			Mug..7cabb9fe
-			Mug..9f221e9e
-			Mug..0c3716ac
-			Mug..dd67cbf6
-			Mug..3bc3f358
+..4e0423c1
-			map..521420cd
+			map..115f9f0f
+			map..b3df52a0
+			map..06885895
+using ..317c284a
+using ..936af1b4
-	[Regi..e9f736d2
-	publi..59af3f17
-	{..bbc09123
-		#reg..87cbfbd0
-..3bf98af2
-		priv..d20e380b
-		priv..b9d0ee37
-..3bf98af2
-		#end..a7f92030
-..3bf98af2
-		#reg..b3773274
-..3bf98af2
-		publ..9114efe3
-		{..5b80b12d
-		}..5a2c93ea
-..3bf98af2
-		#end..a7f92030
-..3bf98af2
-		#reg..ee3df05f
-..3bf98af2
-		publ..296f3545
-		{..5b80b12d
-			get..7882c831
-			set..f2538c5d
-			{..950f8032
-				ba..7e4c5ca7
-				if..8ba4252d
-					I..f12d8d4b
-			}..0bd71b02
-		}..5a2c93ea
-..3bf98af2
-		prot..0bc61e92
-		{..5b80b12d
-			get..6a48a7ad
-			{..950f8032
-				if..1939e965
-					r..6262126c
-				if..626463ef
-					r..deecc6f5
-				re..69a9c1d7
-			}..0bd71b02
-		}..5a2c93ea
-..3bf98af2
-		prot..a3a773cb
-		{..5b80b12d
-			get..6a48a7ad
-			{..950f8032
-				if..bc4f4225
-					r..64304e59
-				if..0081f734
-					r..559a7d84
-				if..e9469374
-					r..b84bc08f
-				if..90585604
-					r..e5a14421
-				if..20a0d2f8
-					r..6544bc6c
-				if..a2228186
-					r..0b5e9875
-				if..35ac501e
-					r..2e028bff
-				if..f7440f56
-					r..29e05804
-				if..96e7be3a
-					r..151ea237
-				if..843770ce
-					r..88e03113
-				if..4132915d
-					r..f8d8e034
-				th..00bb7667
-			}..0bd71b02
-		}..5a2c93ea
-..3bf98af2
-		#end..a7f92030
-..3bf98af2
-		#reg..e9a52c14
-..3bf98af2
-		void..0e4263b1
-		{..5b80b12d
-			if ..0a0d8e27
-				re..441b818c
-			Too..921cd464
-			{..950f8032
-				if..fbd634e9
-					_..244b1f42
-			});..0cba5b3e
-		}..5a2c93ea
-..3bf98af2
-		#end..a7f92030
-..3bf98af2
-		#reg..52ca118f
-..3bf98af2
-		priv..6a1fdec1
-		{..5b80b12d
-			if ..eec061e0
-				re..441b818c
-			awa..90bee68d
-			_in..2a76558e
-			var..b9e56a64
-			var..d423a1f4
-			if ..4d93a17f
-			{..950f8032
-				va..8188e45c
-				if..21cadae2
-				{..daba127f
-					v..adbb7d28
-					v..4be54d47
-					r..0d4003a9
-				}..7b450267
-				v1..4d02e83a
-				v1..11a3a346
-..3bf98af2
-				v2..b3122f45
-				v2..60df2d88
-			}..0bd71b02
-		}..5a2c93ea
-..3bf98af2
-..3bf98af2
-		publ..79b9dd39
-		{..5b80b12d
-			bas..d27d0229
-..3bf98af2
-			if ..4a099706
-			{..950f8032
-				va..74905054
-				if..20c43e75
-					C..abbbe40c
-			}..0bd71b02
-			els..3f488bea
-			{..950f8032
-				_r..bac59463
-				va..74905054
-				if..20c43e75
-					C..abbbe40c
-			}..0bd71b02
-		}..5a2c93ea
-..3bf98af2
-		#end..a7f92030
-	}..8ec398aa
+    [R..4cefab03
+    pu..915533c9
+    {..62d0b87d
+      ..69e32c08
+..4e0423c1
+      ..c70e3147
+      ..bc044129
+..4e0423c1
+      ..fb6e80c2
+..4e0423c1
+      ..844687ee
+..4e0423c1
+      ..d7a526ac
+      ..9c7772e5
+      ..a13c1c1e
+..4e0423c1
+      ..fb6e80c2
+..4e0423c1
+      ..e73afec8
+..4e0423c1
+      ..9c725de7
+      ..9c7772e5
+      ..613e0d80
+      ..3c3c8a0b
+      ..df0f601a
+      ..ae472f13
+      ..2a58fd53
+      ..0d925944
+      ..579de1a4
+      ..a13c1c1e
+..4e0423c1
+      ..940c586e
+      ..9c7772e5
+      ..fd300bf5
+      ..df0f601a
+      ..ce3f9fbf
+      ..4509a3a2
+      ..011440db
+      ..4495593e
+      ..3799c886
+      ..579de1a4
+      ..a13c1c1e
+..4e0423c1
+      ..1aa5fbb9
+      ..9c7772e5
+      ..fd300bf5
+      ..df0f601a
+      ..ccc493df
+      ..de964fd2
+      ..b8c0e8c5
+      ..b151a3b5
+      ..075dd2ff
+      ..250c6b4b
+      ..7e506638
+      ..afd43504
+      ..d4c183d1
+      ..d42888d8
+      ..abde7921
+      ..4f3bb230
+      ..6ae0e7d3
+      ..ea2dcd8f
+      ..7501ab16
+      ..9200518b
+      ..17f6afb5
+      ..008af322
+      ..90b781b4
+      ..ee9c6b07
+      ..90b315f9
+      ..0d306087
+      ..63a52c05
+      ..db336545
+      ..0380291f
+      ..2b7d6a02
+      ..7f70305b
+      ..579de1a4
+      ..a13c1c1e
+..4e0423c1
+      ..fb6e80c2
+..4e0423c1
+      ..e71ff1b1
+..4e0423c1
+      ..a6d4fe7c
+      ..9c7772e5
+      ..69ce043f
+      ..00c26683
+      ..2ce6bec0
+      ..df0f601a
+      ..73d574c1
+      ..1cefae1a
+      ..c5f146ab
+      ..a13c1c1e
+..4e0423c1
+      ..fb6e80c2
+..4e0423c1
+      ..22efc98e
+..4e0423c1
+      ..7d8078f6
+      ..9c7772e5
+      ..1530b892
+      ..00c26683
+      ..3d18f97f
+      ..0d76d6cd
+      ..c5141b59
+      ..4f801b3a
+      ..e30ebbe9
+      ..df0f601a
+      ..65cf1454
+      ..1575d4f6
+      ..8c2482fb
+      ..99ca9cb3
+      ..e7aca7ee
+      ..67f61088
+      ..d88bd161
+      ..1a7a1459
+      ..35c11519
+..4e0423c1
+      ..f5c3277e
+      ..4c308c9b
+      ..579de1a4
+      ..a13c1c1e
+..4e0423c1
+..4e0423c1
+      ..261b5be1
+      ..9c7772e5
+      ..749604fc
+..4e0423c1
+      ..d02e4e56
+      ..df0f601a
+      ..cdb80076
+      ..f714e223
+      ..975ed1b9
+      ..579de1a4
+      ..b25025e9
+      ..df0f601a
+      ..3ca861eb
+      ..cdb80076
+      ..f714e223
+      ..975ed1b9
+      ..579de1a4
+      ..a13c1c1e
+..4e0423c1
+      ..fb6e80c2
+    }..9207c278
-using ..7a7ccb2e
-using ..a2ae957d
+using ..0ff36162
+using ..7787b43f
+using ..f3257e33
-	[Acti..b9cb6a28
-		Them..83829c25
-	[Regi..22d4c662
-	publi..a694b6e5
-	{..bbc09123
-		#reg..87cbfbd0
-..3bf98af2
-		priv..3a0bbaf2
-		priv..c54c3e8f
-		priv..a3e35fe2
-		priv..0ef860b6
-..3bf98af2
-		#end..a7f92030
-..3bf98af2
-		#reg..b3773274
-..3bf98af2
-		publ..e3b2162c
-		{..5b80b12d
-		}..5a2c93ea
-..3bf98af2
-		#end..a7f92030
-..3bf98af2
-		#reg..ee3df05f
-..3bf98af2
-		prot..87761db0
-..3bf98af2
-		#end..a7f92030
-..3bf98af2
-		#reg..e9a52c14
-..3bf98af2
-		void..6fca1d57
-		{..5b80b12d
-		}..5a2c93ea
-..3bf98af2
-		void..18c50d1c
-		{..5b80b12d
-		}..5a2c93ea
-..3bf98af2
-		void..45f49334
-		{..5b80b12d
-			var..b365c708
-			_co..f9ce6e58
-		}..5a2c93ea
-..3bf98af2
-		void..35fdecf2
-		{..5b80b12d
-		}..5a2c93ea
-..3bf98af2
-		publ..72016959
-		{..5b80b12d
-			ret..195cd417
-		}..5a2c93ea
-..3bf98af2
-		publ..e6ceea2b
-		{..5b80b12d
-			ret..4a55f7a6
-		}..5a2c93ea
-..3bf98af2
-		#end..a7f92030
-..3bf98af2
-		#reg..52ca118f
-..3bf98af2
-		publ..de420f25
-		{..5b80b12d
-			_dr..a8ddd28e
-		}..5a2c93ea
-..3bf98af2
-		publ..cfb8d81b
-		{..5b80b12d
-			if ..e92dde19
-			{..950f8032
-				if..069e8de5
-					C..92b21fb0
-				el..3a99ef58
-					_..a146d6dc
-				re..99e77041
-			}..0bd71b02
-..3bf98af2
-			ret..c3ba8074
-		}..5a2c93ea
-..3bf98af2
-		publ..a11180ad
-		{..5b80b12d
-			Dro..93723fc8
-			bas..f3a5cbcb
-		}..5a2c93ea
-..3bf98af2
-		prot..c63c581a
-		{..5b80b12d
-			if ..15ae3866
-			{..950f8032
-				On..8091103c
-				Fi..fb156928
-				re..441b818c
-			}..0bd71b02
-..3bf98af2
-			sav..9e0858a4
-			bas..72c211a7
-..3bf98af2
-			if ..b0f32a5c
-			{..950f8032
-				_h..846fcaf7
-				Se..a1e4622e
-			}..0bd71b02
-			els..b1840667
-				Se..4b0c5e63
-		}..5a2c93ea
-..3bf98af2
-		prot..ae9ceac7
-		{..5b80b12d
-			if ..998d8967
-				re..8260e2cb
-..3bf98af2
-			if ..b0f32a5c
-			{..950f8032
-				_c..38425517
-				_l..d0d18065
-				_d..3b12f7fc
-				_d..b06c251a
-..3bf98af2
-				va..f9c5f7f7
-				_l..9e6f0f1a
-..3bf98af2
-				if..2c7e1dfe
-				{..daba127f
-					v..322f9625
-					d..f424448a
-					d..7af90fb8
-				}..7b450267
-			}..0bd71b02
-			els..b1840667
-			{..950f8032
-				va..e9ceb23d
-				if..2c7e1dfe
-					v..61024c82
-			}..0bd71b02
-..3bf98af2
-			ret..ded474f8
-		}..5a2c93ea
-..3bf98af2
-		publ..a6caf588
-		{..5b80b12d
-			if ..b0f32a5c
-				_h..7e9ef0f6
-			bas..6950c610
-		}..5a2c93ea
-..3bf98af2
-		prot..9add8705
-		{..5b80b12d
-			if ..b0f32a5c
-				_h..7e9ef0f6
-			bas..a6b54c51
-		}..5a2c93ea
-..3bf98af2
-		#end..a7f92030
-	}..8ec398aa
+    [A..80589d62
+      ..a761129a
+    [R..e44641ca
+    pu..ab4401f9
+    {..62d0b87d
+      ..69e32c08
+..4e0423c1
+      ..35348c1f
+      ..7fa0de8a
+      ..bb40c825
+      ..6e115df3
+..4e0423c1
+      ..fb6e80c2
+..4e0423c1
+      ..844687ee
+..4e0423c1
+      ..a95a6cea
+      ..9c7772e5
+      ..a13c1c1e
+..4e0423c1
+      ..fb6e80c2
+..4e0423c1
+      ..e73afec8
+..4e0423c1
+      ..47c2e545
+..4e0423c1
+      ..0012492d
+..4e0423c1
+      ..fb6e80c2
+..4e0423c1
+      ..e71ff1b1
+..4e0423c1
+      ..eda44896
+      ..9c7772e5
+      ..a13c1c1e
+..4e0423c1
+      ..b497f7bc
+      ..9c7772e5
+      ..a13c1c1e
+..4e0423c1
+      ..d756ed13
+      ..9c7772e5
+      ..20e941ac
+      ..5e119640
+      ..a13c1c1e
+..4e0423c1
+      ..de2dea27
+      ..9c7772e5
+      ..a13c1c1e
+..4e0423c1
+      ..78171707
+      ..9c7772e5
+      ..a7dd155a
+      ..a13c1c1e
+..4e0423c1
+      ..d3ca78a1
+      ..9c7772e5
+      ..d781fb26
+      ..a13c1c1e
+..4e0423c1
+      ..fb6e80c2
+..4e0423c1
+      ..22efc98e
+..4e0423c1
+      ..7a4a7e9a
+      ..9c7772e5
+      ..74115b99
+      ..a13c1c1e
+..4e0423c1
+      ..14d311bb
+      ..9c7772e5
+      ..70ea5646
+      ..df0f601a
+      ..223f45c7
+      ..dc23f1ff
+      ..ed90e4cc
+      ..b7cb3e25
+      ..7291bfec
+      ..579de1a4
+..4e0423c1
+      ..8c352c61
+      ..a13c1c1e
+..4e0423c1
+      ..7215fc5d
+      ..9c7772e5
+      ..06126bd4
+      ..459a423e
+      ..a13c1c1e
+..4e0423c1
+      ..e3968a18
+      ..9c7772e5
+      ..7a0bbfb8
+      ..df0f601a
+      ..d320dfdf
+      ..2cc5ad51
+      ..00c26683
+      ..579de1a4
+..4e0423c1
+      ..739d8875
+      ..aadf89d4
+..4e0423c1
+      ..ca0f00b7
+      ..df0f601a
+      ..c73ff05a
+      ..dacf6c52
+      ..579de1a4
+      ..76cc4e6a
+      ..b17f219a
+      ..a13c1c1e
+..4e0423c1
+      ..622ad990
+      ..9c7772e5
+      ..0b8d2170
+      ..81058b37
+..4e0423c1
+      ..ca0f00b7
+      ..df0f601a
+      ..1543f162
+      ..d031a0d7
+      ..3e826aeb
+      ..e32529c4
+..4e0423c1
+      ..9fd206f6
+      ..0719d67f
+..4e0423c1
+      ..52b25cd1
+      ..4420c1b2
+      ..579de1a4
+      ..76cc4e6a
+      ..df0f601a
+      ..2a5aa998
+      ..52b25cd1
+      ..1851bdd2
+      ..579de1a4
+..4e0423c1
+      ..ad1cfe65
+      ..a13c1c1e
+..4e0423c1
+      ..6bf464a0
+      ..9c7772e5
+      ..ca0f00b7
+      ..f5817dd1
+      ..1f696305
+      ..a13c1c1e
+..4e0423c1
+      ..67ad83ba
+      ..9c7772e5
+      ..ca0f00b7
+      ..f5817dd1
+      ..740d2091
+      ..a13c1c1e
+..4e0423c1
+      ..fb6e80c2
+    }..9207c278
-			var..60e2cea7
+			var..48c37045
-    <C..c2fd41a6
+    <C..8d51486d
+    <C..05e695c9
-			var..350ceef8
+			var..cfcbf74e
+++ /de..efa94dfd
-﻿usi..ab7a98c3
-using ..1db30df6
-..3bf98af2
-namesp..cc9c020e
-{..3038365b
-    pu..46f90a4c
-    {..43fb4256
-      ..a909581a
-    }..5ac227cf
-}..e9d6c4ec
--- /de..f7082c67
+﻿usi..7250c534
+using ..5e8d8828
+..4e0423c1
+namesp..469c5047
+{..0ff992f2
+    pu..1ff2c1d9
+    {..62d0b87d
+      ..f24ff753
+    }..9207c278
+}..d7841581
-    pu..2c06dd50
+    pu..c8913229
--- /de..f7082c67
+﻿usi..7250c534
+using ..a1d24ac2
+using ..317c284a
+using ..939676b6
+using ..5e8d8828
+using ..24c6291b
+..4e0423c1
+namesp..3d3c861a
+{..0ff992f2
+    [P..dafd1e1c
+    pu..ddbed2d9
+    {..62d0b87d
+      ..e73afec8
+..4e0423c1
+      ..97a18d90
+..4e0423c1
+      ..fb6e80c2
+..4e0423c1
+      ..e71ff1b1
+..4e0423c1
+      ..0b7a8e64
+      ..9c7772e5
+      ..de875f79
+      ..8a7361ec
+      ..84a1df7f
+      ..a13c1c1e
+..4e0423c1
+      ..fb6e80c2
+    }..9207c278
+}..d7841581