-	<stri..42ca667a
+	<stri..d651c27e
+using ..e0a3a7dc
-      ..c5a4efdc
+      ..56262329
-      ..8e4192bd
-      ..898815f7
-      ..4211215d
-      ..fe1ec071
+      ..132c3552
+      ..897b3030
+      ..1774bf63
+      ..5242c6d1
+      ..37ddf5dc
+      ..037bb086
+      ..302b5f55
-      ..bb82d345
+      ..d01382f5
-      ..04bdb8ad
+      ..113c3092
-      ..efe0da1f
-      ..3efe2b44
+      ..9edb8f95
-	publi..88b4b0d9
-	{..bbc09123
-		#reg..ee3df05f
-..3bf98af2
-		publ..5c97c835
-..3bf98af2
-		#end..a7f92030
-..3bf98af2
-		#reg..52ca118f
-..3bf98af2
-		publ..7e07bd9d
-		{..5b80b12d
-		    ..43f9a9c2
-		    ..4bf0afb3
-		    ..4edfe723
-		    ..d62142e9
-		    ..1ceab3b7
-		    ..5570e4e3
-		    ..40463821
-		    ..59700c50
-		}..5a2c93ea
-..3bf98af2
-		publ..e0147042
-		{..5b80b12d
-			bas..7d75a275
-			Vie..6f7cb9ec
-..3bf98af2
-		    ..001efffd
-		    ..4bf0afb3
-		    ..c02dc043
-		    ..4ec4c7ab
-		    ..40463821
-		    ..03116801
-..3bf98af2
-			var..a54658ec
-			{..950f8032
-				Au..e3b0d26c
-				Ba..a72415fb
-			};..482c3ce9
-			Vie..9f7dddbc
-..3bf98af2
-			nfl..0434fe25
-			var..e44d808a
-			has..0821f963
-			top..134a7c98
-..3bf98af2
-			var..632772b7
-			Sty..9b96dd77
-			cop..8d38c493
-			cop..56509b73
-			top..3c6695b8
-			cop..b79ae1fc
-..3bf98af2
-			var..bba45466
-			{..950f8032
-				Li..1afb127b
-				Te..99db294f
-				Fo..013f7ca2
-				Ad..63f92f82
-				Mi..e11ab479
-				Au..aee3ed38
-			};..482c3ce9
-			top..4aa4bf65
-			has..6cad59e6
+    pu..ec3a19cf
+    {..62d0b87d
+      ..e73afec8
+..4e0423c1
+      ..cf536694
+..4e0423c1
+      ..fb6e80c2
+..4e0423c1
+      ..22efc98e
+..4e0423c1
+      ..b532c667
+      ..9c7772e5
+      ..d61bd63d
+      ..df0f601a
+      ..848c2850
+      ..467b78f3
+      ..f47bd88e
+      ..25271e0c
+      ..35c2fb82
+      ..c516394f
+      ..a13c1c1e
+..4e0423c1
+      ..749cf15c
+      ..9c7772e5
+      ..9233836d
+      ..9138ee93
+..4e0423c1
+      ..cb4bdf0f
+      ..df0f601a
+      ..c5e77a5a
+      ..8ca302f7
+      ..35c2fb82
+      ..84ef87eb
+..4e0423c1
+      ..19647474
+      ..df0f601a
+      ..6ba57254
+      ..7ed3052d
+      ..35c2fb82
+      ..b66159eb
+..4e0423c1
+      ..1cb13f91
+      ..fa068ccc
+      ..27a49d1f
+      ..fd6c241a
+..4e0423c1
+      ..19068eef
+      ..23fe4b81
+      ..a382fb62
+      ..999408ef
+      ..8e3d2a75
-			var..165c0dc7
-			{..950f8032
-				Au..3e9fdc79
-			};..482c3ce9
-			ima..43efbdc2
-			top..1b6ffb7e
+      ..2791650b
+      ..df0f601a
+      ..8d745b60
+      ..5e7c0152
+      ..4b623bad
+      ..fb255a11
+      ..d01d7f42
+      ..8ca302f7
+      ..35c2fb82
+      ..45b1ba0b
+      ..18af96a5
-			var..7d21fdc7
-			Sty..05dae316
-			top..05884131
+      ..1b128400
+      ..df0f601a
+      ..bb6dbf88
+      ..35c2fb82
+      ..d863accd
+      ..f27b767a
-			bot..bbac4869
-			Vie..07853d5d
+      ..debaec27
+      ..29368350
+      ..7d0a0273
-			var..12e3616e
-			Sty..33dbaaed
+      ..3bcad468
+      ..e906e3ea
-			Vie..6f285842
-			val..e3edb6c8
-			val..3a096bfa
+      ..bfc546cc
+      ..d0137065
+      ..582d8d90
+      ..396c2b0a
+      ..2b891f85
-			bot..5e6e4892
-			Vie..23f067cc
-			val..c0c22dcc
-			Sty..33dbaaed
+      ..47ed09fb
+      ..9e76ec48
-			Vie..6f285842
-			val..ec77ba21
-			val..f968928a
-..3bf98af2
-..3bf98af2
-			bot..5e6e4892
-			Vie..8f6b6f40
-..3bf98af2
-			val..c0c22dcc
-			Sty..33dbaaed
+      ..5576d288
+      ..d0137065
-			Vie..6f285842
-			val..c8a5cd6f
-..3bf98af2
-..3bf98af2
-			bot..5e6e4892
-			Vie..38ba2d9c
-..3bf98af2
-			cop..ab9f3125
-			Sty..9b96dd77
-			cop..8d38c493
-			cop..36a39663
-			Vie..3f1cfb33
-			cop..02834eb1
-..3bf98af2
-			val..c0c22dcc
-			Sty..33dbaaed
-			val..a35a8fd4
-			Vie..6f285842
-			val..fb3136c9
+      ..582d8d90
+      ..4c3bb206
+      ..b44a3ebf
-			bot..5e6e4892
-			Vie..bb43d3b1
+      ..47ed09fb
+      ..b6e9d26e
-			cop..ab9f3125
-			Sty..9b96dd77
-			cop..8d38c493
-			cop..36a39663
-			Vie..3f1cfb33
-			cop..19f888b0
+      ..5576d288
+      ..d0137065
-			val..c0c22dcc
-			Sty..33dbaaed
-			val..a35a8fd4
-			Vie..6f285842
-			val..4dd3ff99
+      ..582d8d90
+      ..8cb25f50
-			bot..5e6e4892
-			Vie..c9999839
+      ..47ed09fb
+      ..92048da7
+..4e0423c1
+      ..6a953ce1
+      ..23fe4b81
+      ..9af0b840
+      ..068ee2e6
+      ..f98fc33f
+..4e0423c1
+      ..5576d288
+      ..d0137065
+      ..ba88c960
+      ..582d8d90
+      ..af7ff1d5
-			val..c0c22dcc
-			Sty..33dbaaed
-			Vie..6f285842
-			val..bf2861ee
+      ..47ed09fb
+      ..d36c190a
+      ..6a953ce1
+      ..23fe4b81
+      ..9af0b840
+      ..068ee2e6
+      ..eb3dba98
-			bot..5e6e4892
-			Vie..55afdcef
+      ..5576d288
+      ..d0137065
+      ..ba88c960
+      ..582d8d90
+      ..5d5a353c
-			val..c0c22dcc
-			Sty..33dbaaed
-			Vie..6f285842
-			val..7584aba5
+      ..47ed09fb
+      ..7a3c6892
+      ..5576d288
+      ..d0137065
-			bot..5e6e4892
-			Vie..b4e49f7a
+      ..582d8d90
+      ..3ba40f33
-			val..c0c22dcc
-			Sty..33dbaaed
-			Vie..6f285842
-			val..871fd23c
+      ..47ed09fb
+      ..c5adfe06
-			var..5f8a6a42
-			Vie..a0aeab86
+      ..5576d288
+      ..d0137065
-			ref..8b0ea28f
-			ref..e0f1ca18
+      ..582d8d90
+      ..6e283d1a
-			((U..b5bd10d0
-			thi..9d396deb
-		}..5a2c93ea
-		priv..d54d2024
-		{..5b80b12d
-			lab..38554f51
-			lab..7009dc43
-		}..5a2c93ea
+      ..47ed09fb
+      ..48457d1e
-		priv..2bbf89bb
-		{..5b80b12d
-			var..b2506fa0
-			{..950f8032
-				Ba..7840f87a
-			};..482c3ce9
-			Sty..3fb2001f
-			lab..40954624
-			bot..f50c9e6d
-			ret..984f1899
-		}..5a2c93ea
+      ..5576d288
+      ..d0137065
-		#end..a7f92030
-	}..8ec398aa
+      ..582d8d90
+      ..32b81dcd
+..4e0423c1
+      ..ada1e458
+      ..da691814
+..4e0423c1
+      ..3526a611
+      ..6b13359a
+..4e0423c1
+      ..ba69b861
+      ..da441343
+      ..a13c1c1e
+..4e0423c1
+      ..5d5e2ca3
+      ..9c7772e5
+      ..9943d841
+      ..39ca8896
+      ..a13c1c1e
+..4e0423c1
+      ..c78a9dbc
+      ..9c7772e5
+      ..49989a8e
+      ..df0f601a
+      ..7d5bcb29
+      ..35c2fb82
+      ..e9afbda9
+      ..32d57ba5
+      ..75709fbf
+      ..ed301eb4
+      ..a13c1c1e
+..4e0423c1
+      ..fb6e80c2
+    }..9207c278
-      ..672f219f
+      ..d91d062e
+      ..3c6dac07
+      ..06f90f4b
-      ..3e0ac597
+      ..c0aee26a
-      ..f803bc64
-      ..eaae082f
+      ..1eace737
+      ..3c6dac07
+      ..89abb288
-      ..f9ff0b20
-      ..ef6e4f25
-      ..f803bc64
+      ..22d51eaa
+      ..cf5a9e5c
-	publi..e8f94af6
-	{..bbc09123
-		#reg..87cbfbd0
-..3bf98af2
-		priv..4448453b
-		priv..56b7d665
-..3bf98af2
-		priv..6b3b1d71
-..3bf98af2
-		#end..a7f92030
-..3bf98af2
-		#reg..ee3df05f
-..3bf98af2
-		publ..56e3b3f3
-..3bf98af2
-		#end..a7f92030
+    pu..250cf89f
+    {..62d0b87d
+      ..69e32c08
+..4e0423c1
+      ..aa85d424
+      ..951c91f9
+..4e0423c1
+      ..a8c7a653
+..4e0423c1
+      ..fb6e80c2
+..4e0423c1
+      ..e73afec8
+..4e0423c1
+      ..40aaba44
-		#reg..52ca118f
+      ..fb6e80c2
-		publ..7e07bd9d
-		{..5b80b12d
-		    ..43f9a9c2
-		    ..4bf0afb3
-		    ..4edfe723
-		    ..d62142e9
-		    ..1ceab3b7
-		    ..5570e4e3
-		    ..40463821
-		    ..59700c50
-		}..5a2c93ea
+      ..22efc98e
-		publ..e0147042
-		{..5b80b12d
-			bas..7d75a275
-			Vie..6f7cb9ec
+      ..b532c667
+      ..9c7772e5
+      ..d61bd63d
+      ..df0f601a
+      ..848c2850
+      ..467b78f3
+      ..f47bd88e
+      ..25271e0c
+      ..35c2fb82
+      ..c516394f
+      ..a13c1c1e
-		    ..001efffd
-		    ..4bf0afb3
-		    ..c02dc043
-		    ..4ec4c7ab
-		    ..40463821
-		    ..03116801
+      ..749cf15c
+      ..9c7772e5
+      ..9233836d
+      ..9138ee93
-			var..a54658ec
-			{..950f8032
-				Au..e3b0d26c
-				Ba..a72415fb
-			};..482c3ce9
-			Vie..9f7dddbc
+      ..cb4bdf0f
+      ..df0f601a
+      ..c5e77a5a
+      ..8ca302f7
+      ..35c2fb82
+      ..84ef87eb
-			nfl..0434fe25
-			var..e44d808a
-			has..0821f963
-			top..134a7c98
+      ..19647474
+      ..df0f601a
+      ..6ba57254
+      ..7ed3052d
+      ..35c2fb82
+      ..b66159eb
-			var..632772b7
-			Sty..9b96dd77
-			cop..8d38c493
-			cop..56509b73
-			top..3c6695b8
-			cop..b79ae1fc
+      ..1cb13f91
+      ..fa068ccc
+      ..27a49d1f
+      ..fd6c241a
-			var..bba45466
-			{..950f8032
-				Li..1afb127b
-				Te..99db294f
-				Fo..013f7ca2
-				Ad..63f92f82
-				Mi..e11ab479
-				Au..aee3ed38
-			};..482c3ce9
-			top..4aa4bf65
-			has..6cad59e6
+      ..19068eef
+      ..23fe4b81
+      ..a382fb62
+      ..999408ef
+      ..8e3d2a75
-			var..165c0dc7
-			{..950f8032
-				Au..3e9fdc79
-			};..482c3ce9
-			ima..43efbdc2
-			top..1b6ffb7e
+      ..2791650b
+      ..df0f601a
+      ..8d745b60
+      ..5e7c0152
+      ..4b623bad
+      ..fb255a11
+      ..d01d7f42
+      ..8ca302f7
+      ..35c2fb82
+      ..45b1ba0b
+      ..18af96a5
-			var..7d21fdc7
-			Sty..05dae316
-			top..05884131
+      ..1b128400
+      ..df0f601a
+      ..bb6dbf88
+      ..35c2fb82
+      ..d863accd
+      ..f27b767a
-			bot..bbac4869
-			Vie..2c9d5f4c
+      ..debaec27
+      ..29368350
+      ..7d0a0273
-			var..12e3616e
-			Sty..33dbaaed
+      ..3bcad468
+      ..a01313b9
-			Vie..6f285842
-			val..e3edb6c8
-			val..3a096bfa
+      ..bfc546cc
+      ..d0137065
+      ..582d8d90
+      ..396c2b0a
+      ..2b891f85
-			bot..5e6e4892
-			Vie..23f067cc
-			val..c0c22dcc
-			Sty..33dbaaed
+      ..47ed09fb
+      ..9e76ec48
-			Vie..6f285842
-			val..ec77ba21
-			val..f968928a
+      ..5576d288
+      ..d0137065
+      ..582d8d90
+      ..4c3bb206
+      ..b44a3ebf
-			bot..5e6e4892
-			Vie..55afdcef
-			val..c0c22dcc
-			Sty..33dbaaed
+      ..47ed09fb
+      ..c5adfe06
-			Vie..6f285842
-			val..7584aba5
+      ..5576d288
+      ..d0137065
+      ..582d8d90
+      ..6e283d1a
-			bot..5e6e4892
-			Vie..8f6b6f40
-			val..c0c22dcc
-			Sty..33dbaaed
+      ..47ed09fb
+      ..b6e9d26e
-			Vie..6f285842
-			val..c8a5cd6f
+      ..5576d288
+      ..d0137065
+      ..582d8d90
+      ..8cb25f50
-			bot..5e6e4892
-			Vie..38ba2d9c
-			cop..ab9f3125
-			Sty..9b96dd77
-			cop..8d38c493
-			cop..36a39663
-			Vie..3f1cfb33
-			cop..02834eb1
+      ..47ed09fb
+      ..92048da7
-			val..c0c22dcc
-			Sty..33dbaaed
+      ..6a953ce1
+      ..23fe4b81
+      ..9af0b840
+      ..068ee2e6
+      ..f98fc33f
-			Vie..6f285842
-			val..add5499e
+      ..5576d288
+      ..d0137065
+      ..582d8d90
+      ..465d5c1f
-			bot..5e6e4892
-			Vie..bb43d3b1
-			cop..ab9f3125
-			Sty..9b96dd77
-			cop..8d38c493
-			cop..36a39663
-			Vie..3f1cfb33
-			cop..19f888b0
+      ..47ed09fb
+      ..d36c190a
-			val..c0c22dcc
-			Sty..33dbaaed
+      ..6a953ce1
+      ..23fe4b81
+      ..9af0b840
+      ..068ee2e6
+      ..eb3dba98
-			Vie..6f285842
-			val..f3d05731
+      ..5576d288
+      ..d0137065
+      ..582d8d90
+      ..df111803
-			bot..5e6e4892
-			Vie..6ff99113
-			val..c0c22dcc
-			Sty..33dbaaed
+      ..47ed09fb
+      ..384d05a8
-			Vie..6f285842
-			val..3751a121
+      ..5576d288
+      ..d0137065
+      ..582d8d90
+      ..a2526b1c
-			bot..5e6e4892
-			Vie..b1203829
-			val..c0c22dcc
-			Sty..33dbaaed
+      ..47ed09fb
+      ..f185e850
-			Vie..6f285842
-			val..8a5ee399
+      ..5576d288
+      ..d0137065
+      ..582d8d90
+      ..ea7b1365
-			bot..5e6e4892
-			Vie..0b65e147
-			val..c0c22dcc
-			Sty..33dbaaed
+      ..47ed09fb
+      ..9bc7bf2e
-			Vie..6f285842
-			val..8b160010
+      ..5576d288
+      ..d0137065
+      ..582d8d90
+      ..76422034
-			bot..5e6e4892
-			Vie..8f142a72
-			val..c0c22dcc
-			Sty..33dbaaed
+      ..47ed09fb
+      ..507d81dd
-			Vie..6f285842
-			val..bf2861ee
+      ..5576d288
+      ..d0137065
+      ..582d8d90
+      ..3ba40f33
-			bot..5e6e4892
-			Vie..e627a7bb
-			val..c0c22dcc
-			Sty..33dbaaed
+      ..47ed09fb
+      ..f2cef973
-			Vie..6f285842
-			val..11ccc19b
+      ..5576d288
+      ..d0137065
+      ..582d8d90
+      ..a4e74dcd
-			bot..5e6e4892
-			Vie..56e1b91e
-			val..c0c22dcc
-			Sty..33dbaaed
+      ..47ed09fb
+      ..236e5cea
-			Vie..6f285842
-			val..e3bb494c
+      ..5576d288
+      ..d0137065
+      ..582d8d90
+      ..62bd37f7
-			bot..5e6e4892
-			Vie..8d7eb6e5
-			_da..ddd49c9f
-			{..950f8032
-				Ed..3d8794c0
-      ..99c2937c
-			};..482c3ce9
-			Sty..9f55f4ab
-			_da..26352950
-			_da..7867d5bd
-			_da..52aeaf61
-			_da..02798109
-			Vie..a1857842
+      ..47ed09fb
+      ..705a2603
-			_da..b8390fd2
-			Sty..6df4b8e4
-			_da..31fc2650
-			Vie..a1699df8
-			_da..acd8d35c
+      ..659adb13
+      ..df0f601a
+      ..13f959fa
+      ..7a3ac07e
+      ..35c2fb82
+      ..f1aa9d1a
+      ..1a1b8085
+      ..bfdc8a7f
+      ..b02afb07
+      ..c06d64f8
+      ..3cc54c1a
-			_da..fb907c0d
-			Sty..ea3f937b
-			Vie..66bf279d
-			_da..46136ac0
+      ..2f978468
+      ..b1f9f47e
+      ..1d6ab393
+      ..362d4214
-			var..5f8a6a42
-			Vie..a0aeab86
+      ..effa3f2b
+      ..ff7326cb
+      ..77aab025
+      ..087690e0
-			ref..8b0ea28f
-			ref..e0f1ca18
-			thi..9d396deb
-			thi..93f0611f
-		}..5a2c93ea
+      ..ada1e458
+      ..da691814
-		priv..e0bf902f
-		{..5b80b12d
-			var..0bbe63b8
-			_da..3c88d4cb
+      ..3526a611
+      ..6b13359a
+      ..da441343
+      ..51050fda
+      ..a13c1c1e
+..4e0423c1
+      ..d649c25e
+      ..9c7772e5
+      ..4fdd4bee
+      ..aa3779bc
-			_da..14d4ee5d
-			_da..f0270661
-..3bf98af2
-			_da..bbfe8110
-			_da..631b03f2
-..3bf98af2
-			((U..27ea8252
-		}..5a2c93ea
-..3bf98af2
-		priv..2bbf89bb
-		{..5b80b12d
-			var..b2506fa0
-			{..950f8032
-				Ba..7840f87a
-			};..482c3ce9
-			Sty..3fb2001f
-			lab..40954624
-			bot..f50c9e6d
-			ret..984f1899
-		}..5a2c93ea
-..3bf98af2
-		publ..1146bd12
-		{..5b80b12d
-			bas..dfb7d759
-			if ..8d9376e6
-				Up..3720a40a
-		}..5a2c93ea
-..3bf98af2
-		#end..a7f92030
-	}..8ec398aa
+      ..8864d443
+      ..51ccba6f
+      ..6f87f357
+..4e0423c1
+      ..1e447d06
+      ..7d25b50a
+..4e0423c1
+      ..7d45e7e7
+      ..a13c1c1e
+..4e0423c1
+      ..c78a9dbc
+      ..9c7772e5
+      ..49989a8e
+      ..df0f601a
+      ..7d5bcb29
+      ..35c2fb82
+      ..e9afbda9
+      ..32d57ba5
+      ..75709fbf
+      ..ed301eb4
+      ..a13c1c1e
+..4e0423c1
+      ..890cc398
+      ..9c7772e5
+      ..154e8686
+      ..1c6066cb
+      ..dc936aa4
+      ..a13c1c1e
+..4e0423c1
+      ..fb6e80c2
+    }..9207c278
-      ..de14a9a8
-      ..25670027
+      ..0b49f498
+      ..b7404943
-      ..53ebf4c4
+      ..c55eae34
-      ..9d750e40
+      ..ebbef213
-      ..1caa778a
-      ..488a50fd
+      ..491f4a61
-      ..ca1953f0
-      ..fea447b7
+      ..9f17709c
-      ..53eb7960
+      ..b53d20d5