+    <C..a808cecd
+      ..ae3d32f3
--- /de..3fcc4bea
+﻿nam..fbed7883
+{..7c02871d
+    pu..3a65630c
+    {..94abad3f
+      ..a95fc525
+..beba29b0
+      ..9f5cf679
+..beba29b0
+      ..c5695156
+..beba29b0
+      ..53650ca2
+..beba29b0
+      ..8d105699
+      ..358c211d
+      ..c86b316b
+..beba29b0
+      ..c5695156
+    }..3cd4d492
+}..f1a98909
-using ..83203040
+using ..618dd7b3
-using ..cb4f98a4
-..9fe6d847
-using ..36a91ebe
-using ..a1178054
+using ..706e00a8
+using ..c24a2489
-using ..3fc7f1ac
-using ..68a177a8
-..9fe6d847
-	publi..4c45323f
-	{..06eb7db6
-		publ..29f37377
-		publ..6b30f75d
+    pu..afa08d76
+    {..94abad3f
+      ..a95fc525
-		publ..e8f17819
-		{..4b36f0cf
-		}..1395c5d0
+      ..57a74b92
+      ..eab54903
+      ..60a31c79
+      ..4d580d51
+      ..7a5fc5ae
+      ..db097ed6
+      ..481c5c0b
-		publ..cdd2afd6
-		{..4b36f0cf
-		}..1395c5d0
+      ..f2b3ba85
-		publ..03285b6b
-		{..4b36f0cf
-		}..1395c5d0
+      ..193b3f12
+      ..4b92e4b6
-		AVCa..f2edb862
-		AVCa..d1d6b698
-		AVCa..ec1281a6
-		Outp..0ca2f47e
-		Disp..e374e8af
-		Acti..eef17c08
-		vola..620cbc0e
+      ..c5695156
-		UIVi..9840bdcb
-		UIVi..0fb21cdd
+      ..53650ca2
-		publ..c799139f
+      ..b310a70b
+      ..358c211d
+      ..c86b316b
-      ..a7824963
+      ..e5ef7062
+      ..358c211d
+      ..c86b316b
-		publ..ebbd0429
-		publ..52c25e7b
+      ..e53c9645
+      ..358c211d
+      ..c86b316b
-		bool..2d9c4614
+      ..c5695156
-		void..90d8e1a8
-		{..4b36f0cf
-			var..7c1ff4e1
+      ..20739f77
-			if ..1b4ab2c0
-				ov..7d660282
+      ..da580059
+..beba29b0
+      ..7820160d
+      ..77664868
+..beba29b0
+      ..c5695156
+..beba29b0
+      ..ac93cb82
+..beba29b0
+      ..8d5dec4d
+      ..358c211d
+      ..b867142a
+..beba29b0
+      ..a477fd00
+      ..851baaac
-      ..a1f29674
-      ..f5091f11
+      ..bb290567
+      ..99c7f7ca
+      ..1fb0d387
-      ..e4ae4b58
+      ..1679646a
+      ..c654a84c
-			if ..1b4ab2c0
-			{..f34a5a7b
-				/*..4096bdf1
-..9fe6d847
-				ta..750f6ae1
-..9fe6d847
-					v..32ed7c96
-..9fe6d847
-					F..7bee8877
-..9fe6d847
-					C..6609d792
-..9fe6d847
-				})..84ceb520
-				ta..8f1c5def
-				ta..315042cd
-				ta..3ca8b788
-..9fe6d847
-				ov..7cd940e3
-..9fe6d847
-				ov..c737525c
-				ov..bbfd7652
-			}..18f69c0a
-..9fe6d847
-			var..aa484433
-			Con..2b9be388
-		}..1395c5d0
-..9fe6d847
-..9fe6d847
-		bool..321df0d5
-		bool..9e238eff
-..9fe6d847
-..9fe6d847
-		bool..7ad3659c
-		{..4b36f0cf
-			var..7c1ff4e1
-..9fe6d847
-			var..a50c4a7b
-..9fe6d847
-			var..c54bce39
-				{ ..95443c8d
-				{ ..fcd3515d
-				{ ..93a40dc3
-				{ ..88ee8def
-				{ ..9a3b2470
-			};..fb239cb8
-..9fe6d847
-			// ..7fa6e382
-			// ..caa7fccd
-			ses..c5405114
-				Se..dea7a160
-			};..fb239cb8
-..9fe6d847
-			// ..1a05e797
+      ..a477fd00
+      ..99c7f7ca
+      ..878d9c2e
+..beba29b0
+      ..dcb9056a
+..beba29b0
+      ..d5ca409f
+..beba29b0
+      ..4f86a18d
+..beba29b0
+      ..ebcc088b
+..beba29b0
+      ..372f7285
+      ..2b01b596
+      ..9016dda1
+      ..2a102df4
+..beba29b0
+      ..e5f99b9f
+..beba29b0
+      ..93ed8d79
+      ..74ba2411
+      ..0d15b97d
+..beba29b0
+      ..e1072853
+      ..b59d72a9
+      ..c86b316b
+..beba29b0
+..beba29b0
+      ..23a9beff
+      ..358c211d
+      ..b867142a
+..beba29b0
+      ..68ebe075
+..beba29b0
+      ..e6e2e07c
+      ..99c7f7ca
+      ..435a3efe
+      ..f866c7a2
+      ..101ceb08
+      ..89c3f8ab
+      ..b4a2dc56
+      ..143746a2
+..beba29b0
+      ..dd3bb02b
+      ..7cae2e29
+      ..3180e8bd
+      ..99c7f7ca
+      ..efa5a340
+      ..143746a2
+..beba29b0
+      ..6dde2a37
-			AVC..73125980
-			var..92049591
-			for..ed5e54bd
-			{..f34a5a7b
-				ca..c6695e61
-				if..f869759b
-				  ..8c4040f1
-				  ..eea32304
-..9fe6d847
-					b..4b8ba470
-				el..9971ae0c
-					b..2612ce3a
-			}..18f69c0a
-			if ..1f6d9dec
-				Co..cbbd6c54
-				if..26218086
-				{..472051d3
-					t..aab7d23a
-					t..048bce6f
-				}..1fd4fb1d
-				re..ab4a0a76
-			}..18f69c0a
-..9fe6d847
-			Cam..7bf39e26
-..9fe6d847
-			// ..2c0fabc7
-			// ..7a88d27f
-			for..087f6709
-				//..f0265f0f
-				//..f03749d8
-				if..55a8d1fc
-					a..4eba3cdc
-			}..18f69c0a
-..9fe6d847
-			res..5f1e88b4
-..9fe6d847
-			// ..b46b8243
-			if ..d5204b4c
-				//..4228483f
-				va..7704be3b
-						..93325fef
-						..eb7dd8d7
-						..cad5ea83
-..9fe6d847
-				//..4753aae2
-				if..8a41a37f
-					s..dda1c0aa
-			}..18f69c0a
-..9fe6d847
-			var..b252e5fb
-			if ..3dbff1d2
-				Co..2794014f
-				if..26218086
-				{..472051d3
-					t..aab7d23a
-					t..048bce6f
-				}..1fd4fb1d
-				re..ab4a0a76
-			}..18f69c0a
-			els..8b75cc48
-				se..35cd0d05
-..9fe6d847
-..9fe6d847
-			pre..3592c32a
-..9fe6d847
-			// ..e10b5430
-			// ..9e12d63b
-			// ..f416a118
-			// ..435d7196
-..9fe6d847
-			// ..a6ad6d9f
-..9fe6d847
-			// ..ebe604de
-			// ..be98b7fe
-			// ..b5beb2b5
-			// ..f044b776
-			// ..56ceb46c
-			// ..7b9ce495
-..9fe6d847
-			// ..a046bdae
-			// ..75b02701
-   // ..91568515
-   // ..01a57e5d
-..9fe6d847
-..9fe6d847
-			#if..3494c955
-			pre..6e9b8131
-			#el..8e178209
+      ..ae25946b
+      ..f030b88e
+      ..4e5f0da1
+      ..99c7f7ca
+      ..756251a6
+      ..c1872284
+      ..c17c23da
+      ..ffc28687
+..beba29b0
+      ..afb13a27
+      ..f89e3947
+      ..ea06f3f7
+      ..0d15b97d
+..beba29b0
+      ..7ce9f05b
+      ..99c7f7ca
+      ..7dd95c93
+      ..ff67473b
+      ..05df1f6a
+      ..db541df6
+      ..f6517df5
+      ..bc94eb85
+..beba29b0
+      ..e6f20b20
+      ..0d15b97d
+..beba29b0
+      ..eac311c4
+..beba29b0
+      ..e826635f
+      ..1eb6342a
+      ..7961c739
+      ..99c7f7ca
+      ..46d81bd6
+      ..7c068ffe
+      ..ca0c2811
+      ..8f0a3b27
+      ..0d15b97d
+..beba29b0
+      ..fdfad947
+..beba29b0
+      ..837bf0cb
+      ..4c8313e3
+      ..99c7f7ca
+      ..521dd8d3
+      ..d4e868f0
+      ..bb41681f
+      ..00d9145e
+      ..83e02572
+..beba29b0
+      ..6573f40a
+      ..4169fdbc
+      ..a154bbf0
+      ..0d15b97d
+..beba29b0
+      ..a837b9ec
+      ..d7c50a0e
+      ..99c7f7ca
+      ..5ffec67e
+      ..ff67473b
+      ..05df1f6a
+      ..db541df6
+      ..f6517df5
+      ..bc94eb85
+..beba29b0
+      ..e6f20b20
+      ..0d15b97d
+..beba29b0
+      ..246cd8f9
+..beba29b0
+..beba29b0
+      ..6dbd3e6a
+..beba29b0
+      ..7fae884f
+      ..f21732bc
+      ..7ae25802
+      ..d8f24476
+..beba29b0
+      ..b711b9e7
+..beba29b0
+      ..2a97ebab
+      ..f23661f2
+      ..01f50dd4
+      ..4dfe85d4
+      ..7064341b
+      ..ef86e483
+..beba29b0
+      ..c4b61ecc
+      ..ba13e875
+      ..ca080e8d
+      ..55be2fcc
+..beba29b0
+..beba29b0
+#if __..9844d458
+      ..f4143d53
+#else..e00f7070
-			pre..53f86714
-			pre..3a1f7292
+      ..56117232
+      ..637b0836
-			lay..dd74f0d7
-			lay..c6572e08
-			lay..26b5429f
+      ..71fcc48b
+      ..4592f290
+      ..dc99f96d
-			thi..d43aafe8
+      ..b535f646
-			Res..4a3d30c5
+      ..56a81a1d
-			if ..1b4ab2c0
-			{..f34a5a7b
-				th..8e1e7705
-				th..0edbaff5
+      ..a477fd00
+      ..99c7f7ca
+      ..70834f9d
+      ..377761fe
-				//..b22b957a
-			}..18f69c0a
+      ..7b527188
+      ..0d15b97d
-			ses..126af2e0
+      ..5ffab4eb
-			var..8a4d01a2
-				CV..97965609
+      ..8b1f8a19
+      ..4e123c41
-			// ..9d4cbf6c
-			out..05a0ed32
-				We..12fc4c91
-			};..fb239cb8
+      ..95d834b3
+      ..3483bc16
+      ..99c7f7ca
+      ..3ab8b045
+      ..143746a2
-			// ..902ab25f
-			que..baa100b5
+      ..42d409c7
+      ..cb2d5d96
-			var..65fdb678
+      ..8959493a
-			out..ba46188b
-			{..f34a5a7b
-				va..eeac510a
+      ..9a36373b
+      ..99c7f7ca
+      ..ede371b2
+..beba29b0
+      ..643e7baf
+      ..7fbb582c
-				if..4cab300e
-					r..0a18eb9a
+      ..ec41a68f
+      ..05df1f6a
+      ..2c32c56e
+      ..4d13bff5
-				tr..6fef894b
-				{..472051d3
-					i..d4733680
-						..c960f9f6
-..9fe6d847
-					v..5869e2a6
+      ..22e0d21f
-					i..fede2ad1
-						..e16e8a2c
+      ..eb8d7486
+      ..c654a84c
+      ..0897aadc
-				}..1fd4fb1d
-				ca..5f6e3c06
-				{..472051d3
-					C..5b559808
-				}..1fd4fb1d
+      ..bc94eb85
+      ..021495ae
+      ..05df1f6a
+      ..9ebd0162
+      ..bc94eb85
-			});..6d9a6508
-..9fe6d847
-			out..d951d893
-			out..3ad7dcfa
-..9fe6d847
-			ses..2c9a55af
-			//s..4bb58853
-..9fe6d847
-..9fe6d847
-			NSE..d2dbd351
-			if ..e1a38a82
-			{..f34a5a7b
-				if..1309c6e6
-					c..69728dc3
-				} ..2563c8d9
-					i..07d9918d
-						..75a55a7e
-					e..557ec32a
-						..0ea38d31
-				}..1fd4fb1d
-..9fe6d847
-				if..ba16b089
-					c..6f945bcc
-				el..25f18849
-					c..97f036d0
-..9fe6d847
-				if..9bf2559e
-					c..c8e06532
-				el..151997b1
-						..5ba6fa98
-..9fe6d847
-				if..9ae4d813
-					c..b5235993
-..9fe6d847
-				if..f97a95b4
-					c..3f11fb73
-..9fe6d847
-				if..3c136d61
-					c..d49a8a40
-..9fe6d847
-				ca..4f010d2e
-			}..18f69c0a
-			els..8b75cc48
-				Co..1d931e65
-..9fe6d847
-			ret..083c6f5d
-		}..1395c5d0
-..9fe6d847
-		publ..d78de41f
-		{..4b36f0cf
-			Res..ca4bcc06
-..9fe6d847
-			thi..f91b59c7
-..9fe6d847
-			//	..53cc50bc
-			//	..44862a9f
-		}..1395c5d0
-..9fe6d847
-		publ..32edb15a
-		{..4b36f0cf
-			sho..049c04ee
-..9fe6d847
-			if ..f7c9db49
-				re..4f7bf3cf
-..9fe6d847
-			pre..85eb3b2a
-..9fe6d847
-			if ..dd454b15
-			{..f34a5a7b
-				sw..f0d57369
-				{..472051d3
-					c..d45cc835
-						..21957fd4
-						..e404412e
-					c..a1aa4ff1
-						..4b46fcb5
-						..e404412e
-					c..692de131
-						..68ba40e5
-						..e404412e
-					c..213d8d00
-						..bbd0b352
-						..e404412e
-				}..1fd4fb1d
-			}..18f69c0a
-		}..1395c5d0
-..9fe6d847
-		publ..c99c572e
-		{..4b36f0cf
-			//G..67d1f684
-			if ..472ea527
-				re..4f7bf3cf
-..9fe6d847
-			var..ebb72c18
-..9fe6d847
-			if ..c9e588d7
-				re..4f7bf3cf
-..9fe6d847
-			//S..2f5433f5
-			if ..b71d347d
-			{..f34a5a7b
-				NS..032612bb
-..9fe6d847
-				//..638a0818
-				if..fe1ba062
-				{..472051d3
-					C..40634c22
-..9fe6d847
-					/..3ce5533e
-					d..9cca9992
-					d..3b02d040
-					d..e2b21ae9
-				}..1fd4fb1d
-			}..18f69c0a
-		}..1395c5d0
-..9fe6d847
-		publ..846a17f1
-		{..4b36f0cf
-      ..b38bba05
+      ..17599dd9
+..beba29b0
+      ..e4e48b52
+      ..913dc649
+..beba29b0
+      ..6819c0d3
+      ..29cb9c65
+..beba29b0
+..beba29b0
+      ..09e866b2
+      ..603bcf56
-      ..a8ae8f2d
-				th..4f451557
+      ..42cc9818
+      ..ed31159f
+      ..6a3a5efb
+      ..05df1f6a
+      ..16823404
+      ..cee76311
+      ..7409f0cd
+      ..800e79ae
+      ..bc94eb85
+..beba29b0
+      ..cd26afe7
+      ..e44e6795
+      ..20d6104f
+      ..466c67ba
+..beba29b0
+      ..ba2c5933
+      ..f9178edb
+      ..1c77620a
+      ..3648cdda
+..beba29b0
+      ..8c2f783b
+      ..a7499323
+..beba29b0
+      ..ad000520
+      ..a6572b24
+..beba29b0
+      ..a7f8fd6f
+      ..8986a777
+..beba29b0
+      ..54f83a01
+      ..0d15b97d
+      ..bb290567
+      ..f99e59c9
+..beba29b0
+      ..26350294
+      ..c86b316b
+..beba29b0
+      ..4fc04787
+      ..358c211d
+      ..8fa0fc52
+..beba29b0
+      ..39fef31a
+..beba29b0
+      ..a1ecc9a4
+      ..1641e2b9
+      ..c86b316b
+..beba29b0
+      ..173f509d
+      ..358c211d
+      ..ac526394
+..beba29b0
+      ..8c9969fa
+      ..1f3b582c
+..beba29b0
+      ..56117232
+..beba29b0
+      ..e7994938
+      ..99c7f7ca
+      ..9ca13324
+      ..05df1f6a
+      ..f33f293d
+      ..71a2b1fa
+      ..b7bfe836
+      ..6a65513d
+      ..16cab83a
+      ..b7bfe836
+      ..5fad22da
+      ..ffd6accf
+      ..b7bfe836
+      ..b1e7f1d1
+      ..78966bc6
+      ..b7bfe836
+      ..bc94eb85
+      ..0d15b97d
+      ..c86b316b
+..beba29b0
+      ..cc6f6996
+      ..358c211d
+      ..b2974e53
+      ..5d48f8e9
+      ..1f3b582c
+..beba29b0
+      ..334fc959
+..beba29b0
+      ..2475c0d9
+      ..1f3b582c
+..beba29b0
+      ..125bd53e
+      ..e1776d0c
+      ..99c7f7ca
+      ..64bf7b2c
+..beba29b0
+      ..351c1837
+      ..30d3bf30
+      ..05df1f6a
+      ..d09eea55
+..beba29b0
+      ..8c0805b2
+      ..0d4661d8
+      ..3b6f0709
+      ..5cda25e9
+      ..bc94eb85
+      ..c86b316b
-			ISc..cbd07007
-      ..8b515cf9
+      ..c5695156
-			Dat..f7a95540
-			vol..98237134
-      ..18855257
+      ..45a86897
-			[Ex..9d8e3757
-			pub..8059b4ad
-			{..f34a5a7b
-				//..68eeaa28
-			}..18f69c0a
+      ..49f317b8
+..beba29b0
+      ..9d17dd02
-			pub..b2b315e7
+      ..c5695156
+..beba29b0
+      ..9d354115
+..beba29b0
+      ..5a9cbdf7
+      ..358c211d
+      ..5f45dec6
+..beba29b0
+      ..83438722
+      ..f0534478
+..beba29b0
+      ..500cc80f
+..beba29b0
+      ..c94efb18
+      ..13343269
+      ..0398adec
+..beba29b0
+      ..0d25970f
+..beba29b0
+      ..df10e0c1
+..beba29b0
+      ..82bc51b2
+      ..99c7f7ca
+      ..6228663c
+      ..0febb99d
+      ..0d15b97d
+..beba29b0
+      ..0d25970f
+..beba29b0
+      ..98474f28
+..beba29b0
+      ..b98c5a9d
+      ..589af183
+      ..99c7f7ca
+      ..9b601f8c
+      ..0d15b97d
-			pub..641801d4
-			{..f34a5a7b
+      ..0b3b1d4f
+      ..99c7f7ca
-..9fe6d847
+..beba29b0
-      ..31810624
+      ..fb92b267
-				  ..27009ca3
-				{..472051d3
-..9fe6d847
-					i..e9fa9cd8
-						..caadec8b
-					i..38d0e38f
-						..75071edd
-..9fe6d847
-					i..a5f35f1d
-					{..a9aba8dd
-						..e46d5929
-						..5edf1272
-					}..be05c7e9
-					r..92eb010c
-				}..1fd4fb1d
+      ..d33fed03
+      ..05df1f6a
+      ..7193afd0
+      ..9da66f82
+      ..a6ff3eb0
+      ..f987e9c8
+..beba29b0
+      ..e07b09f6
+      ..c654a84c
+      ..e1227823
+      ..ac00437f
+      ..a23bb419
+..beba29b0
+      ..fb5abb71
+      ..bc94eb85
-				wo..d148ebe4
-				la..5329c694
+      ..fc0a6485
+      ..0acc3103
-				tr..6fef894b
-				{..472051d3
+      ..ec41a68f
+      ..05df1f6a
-      ..f84650e8
-      ..75bee53b
+      ..5654a2f9
+      ..6b9aa834
-      ..1e840017
+      ..adc15ba4
-					/..16512137
-					/..4e61f6c1
-					/..b8515add
-					/..8c5a76fe
-					/..200249be
-					/..16512137
-					s..37860b78
-					s..9093bd8c
-..9fe6d847
-				} ..48479c67
-					C..aa42c274
-				}..1fd4fb1d
+      ..20597fab
+      ..9672e355
+      ..96461e05
+      ..bccd0f09
+      ..eaeee8e2
+      ..20597fab
+      ..0888c8cb
+      ..2754ebcd
+      ..bc94eb85
+      ..dc598a98
+      ..05df1f6a
+      ..c6e165bd
+      ..bc94eb85
+      ..0d15b97d
+..beba29b0
+      ..0d25970f
+      ..c86b316b
+..beba29b0
+      ..d0d8c9dd
+..beba29b0
+      ..c5695156
+..beba29b0
+      ..07d5e042
+..beba29b0
+      ..d2083006
+      ..358c211d
+      ..05edbad6
+      ..1f3b582c
+..beba29b0
+      ..7439f51b
+..beba29b0
+      ..e4d1e520
+..beba29b0
+      ..4e796667
+      ..5235088f
+..beba29b0
+      ..1727b103
+..beba29b0
+      ..df7fa08a
+      ..99c7f7ca
+      ..bb52968f
+      ..05df1f6a
+      ..76b965b3
+      ..7e06bc31
+      ..bc94eb85
+..beba29b0
+      ..d4209761
+      ..05df1f6a
+      ..b502314d
+      ..d9fc3432
+      ..a6eccc5a
+      ..6cbd53b4
+      ..bc94eb85
+      ..17599dd9
+..beba29b0
+      ..14069c5e
+      ..53cd3e6b
+..beba29b0
+      ..94476ed8
+      ..558c0438
+      ..339e539a
+      ..c86b316b
+..beba29b0
+      ..a1477c15
+      ..358c211d
+      ..a477fd00
+      ..99c7f7ca
+      ..38c0370c
+      ..42fbeda2
+..beba29b0
+      ..b8e843d8
+      ..0d15b97d
+..beba29b0
+      ..13ff5bdf
+      ..1f3b582c
+..beba29b0
+      ..fb773bed
+..beba29b0
+      ..482d1dfe
+      ..22715163
+..beba29b0
+      ..ca410051
+      ..23198011
+      ..99c7f7ca
+      ..ec44bd8e
+      ..84bbd9ec
+      ..0d15b97d
+      ..df521009
+      ..99c7f7ca
+      ..0d15b97d
+..beba29b0
+      ..48067148
+      ..23198011
+      ..99c7f7ca
+      ..95747a82
+      ..326a2583
+      ..0d15b97d
+      ..df521009
+      ..99c7f7ca
+      ..0d15b97d
+..beba29b0
+      ..6f5c7d1b
+      ..18552289
+..beba29b0
+      ..5323cb14
+      ..c86b316b
+..beba29b0
+      ..92ef5003
+      ..358c211d
+      ..cf279980
+      ..c86b316b
-			}..18f69c0a
-		}..1395c5d0
-..9fe6d847
-		#reg..8578a8d8
-      ..5601a1da
-		{..4b36f0cf
-			if ..a705c4fd
-				re..4f7bf3cf
-..9fe6d847
-			sto..c873eb24
-..9fe6d847
-			Set..b703c29c
-..9fe6d847
-			thi..af12b1ec
-			thi..93f64227
-..9fe6d847
-			Con..ca136d49
-..9fe6d847
-			thi..81f5c40f
-				if..bc51f4a0
-				{..472051d3
-					/..a10ff4f2
-					C..0cfebfa3
-..9fe6d847
-				}..1fd4fb1d
-..9fe6d847
-				if..d08b50d6
-				{..472051d3
-					v..a6849340
-					s..e895d814
-					s..fd0778ca
-					t..c4d7d370
-..9fe6d847
-				}..1fd4fb1d
-			});..6d9a6508
-..9fe6d847
-			if ..3b63b4dc
-				an..4afca750
-..9fe6d847
-			var..d84f3300
-			if ..7873cf3b
-				ev..7633ad34
-		}..1395c5d0
-..9fe6d847
-		publ..c822f3b1
-		{..4b36f0cf
-			if ..de8ecd99
-				if..1449efc4
-					(..19260f81
-..9fe6d847
-				ov..bbdc25e6
-			}..18f69c0a
-..9fe6d847
-			if ..be25e065
-				re..4f7bf3cf
-..9fe6d847
-			Con..64a17413
-..9fe6d847
-			if ..619bddc0
-				ou..3498ca5d
-..9fe6d847
-			//T..4cfbb3df
-			try..de8340bd
-			{..f34a5a7b
-				wh..2e7ed0a7
-					s..2a24eaf7
-			}..18f69c0a
-			cat..d5401815
-..9fe6d847
-			//T..5efdedf1
-			try..de8340bd
-			{..f34a5a7b
-				wh..edb2687e
-					s..1f842ddf
-			}..18f69c0a
-			cat..d5401815
-..9fe6d847
-			if ..45697c1d
-				se..d609d804
-..9fe6d847
-			sto..99cd9c93
-		}..1395c5d0
-..9fe6d847
-		publ..6e24ff82
-		{..4b36f0cf
-			ana..b32de17f
-		}..1395c5d0
-..9fe6d847
-		publ..b8b28faf
-		{..4b36f0cf
-			ana..1d27586d
-		}..1395c5d0
-..9fe6d847
-		publ..3b1c4547
-		{..4b36f0cf
-			try..de8340bd
-			{..f34a5a7b
-				NS..bc2e5079
-..9fe6d847
-				va..0431e5bc
-..9fe6d847
-      ..c97fffdb
-..9fe6d847
-    		..3b749f21
-..9fe6d847
-    		..77c3fe1d
-    		..20c48dd1
+      ..201220b2
+      ..358c211d
+      ..b1e8e321
+      ..c86b316b
+..beba29b0
+      ..10ece154
+      ..358c211d
+      ..23198011
+      ..99c7f7ca
+      ..a8739080
+..beba29b0
+      ..dc51b0b4
+..beba29b0
+      ..924da8cd
+      ..05df1f6a
+      ..3677f7e3
+..beba29b0
+      ..9e269e66
+      ..c654a84c
-    		..4e5626b1
+      ..af194808
-    		..2e31972d
-    		..cff0ea35
-    		..ab89eda9
-    		..20c48dd1
+      ..67d368b3
+      ..a23bb419
+      ..20dfb089
+      ..c654a84c
-    		..e1519263
+      ..2c7f438e
-    		..9194fa8e
-    		..cff0ea35
+      ..f98297a6
+      ..a23bb419
-    		..fb1d5caa
+      ..5cda25e9
-				de..25fd1b64
+      ..8e9fb4c4
-				to..05277551
-			}..18f69c0a
-			cat..d5401815
-		}..1395c5d0
-		publ..99000d87
-		{..4b36f0cf
-			Tor..580cda6d
-		}..1395c5d0
+      ..f8c16411
+      ..0d15b97d
+      ..df521009
+      ..99c7f7ca
+      ..0d15b97d
+      ..c86b316b
-		publ..52cec0dd
-		{..4b36f0cf
-			//D..051e4952
-		}..1395c5d0
+      ..09d737af
+      ..358c211d
+      ..0a01cc19
+      ..c86b316b
+..beba29b0
+      ..073f0bda
+      ..358c211d
+      ..2ffd8b02
+      ..c86b316b
-      ..ba245a5e
+      ..33daa44b
-		publ..d8a05db9
-		publ..8b0d4ae3
+      ..afa973f9
+      ..ef603491
+..beba29b0
+..beba29b0
+      ..3e8fa25b
+      ..4ac022d2
+      ..2e62b1a1
+      ..bce9f09a
-		publ..053b6dc6
-		publ..8f74fb74
-		publ..f276f578
-		publ..e629904e
+      ..42a7a8bc
-      ..d6b41de1
-      ..9ffad09b
-      ..37167649
+      ..41aff577
+      ..358c211d
+      ..426d6850
+      ..99c7f7ca
-		#end..11dc8c34
-	}..17eec420
-}..be89d92d
+..beba29b0
+      ..c5695156
+    }..3cd4d492
+}..f1a98909