+		// r..472cc682
+		$r =..f74a734c
+..68f54235
+..68f54235
+			// ..26b77eb3
+			$r2..f7ef3fa6
+..68f54235
+	priva..0cd4d36b
+		fore..9e499bd6
+			if ..ece3a811
+				un..19112e63
+				if..8afb1a96
+				el..366d5e25
+			}..d2ac0c13
+		}..e87ad120
+..68f54235
+		retu..d8470cae
+	}..b6d61f0c
+..68f54235
+		// r..472cc682
+		$r =..f74a734c
+..68f54235
+..68f54235
+			// ..26b77eb3
+			$r2..f7ef3fa6
+..68f54235
+	priva..0cd4d36b
+		fore..9e499bd6
+			if ..ece3a811
+				un..19112e63
+				if..8afb1a96
+				el..366d5e25
+			}..d2ac0c13
+		}..e87ad120
+..68f54235
+		retu..d8470cae
+	}..b6d61f0c
+..68f54235