+      ..fa519163
+      ..7dc839fd
+      ..c679840d
+      ..bc46245e
+..b91d7363
-﻿usi..0cf188ac
+﻿usi..70ada577
+using ..00e05530
+using ..1ae1a4c6
+using ..fc7efedb
+using ..aa420912
+      ..55f30008
+      ..f530102d
+..b91d7363
+..b91d7363
+      ..583e3b87
+      ..2bf1cee8
+      ..5ae86cf0
+      ..7e9b8b87
-      ..bdb36a78
+      ..60fa3571
-      ..76bb80da
-      ..ebf59bf2
+      ..09a2a95a
+      ..a81b16e0
-      ..527e2a0c
+      ..f6c18dfa
+      ..97b0aa77
-      ..527e2a0c
+      ..f6c18dfa
+      ..97b0aa77
-      ..527e2a0c
+      ..f6c18dfa
+      ..97b0aa77