-	publi..e3c7d209
-	{..1de9386f
-		#reg..9710599e
-..fbe8a25b
-		priv..546abaad
-		priv..b19dd6f3
-		priv..a4cf749b
-		priv..7e9a4510
-		priv..95f82c48
-		priv..df4c2a37
-		priv..91533510
-		priv..b14929d2
-..fbe8a25b
-		#end..9407ea12
-..fbe8a25b
-		#reg..a2e7586f
-..fbe8a25b
-		publ..2400899a
-		{..bc12a0e4
-			set..99f77be5
-			{..3db22722
-				va..e6c6b4d5
-				if..193bc5a6
-					r..038b3137
-				na..41c723b6
-					?..4c158f28
-					:..809ff95c
-			}..e04e7ed3
-		}..9ba84c77
-..fbe8a25b
-		#end..9407ea12
-..fbe8a25b
-		#reg..5b08e663
-..fbe8a25b
-		publ..53b5fa17
-		{..bc12a0e4
-			_co..73c78c18
-		}..9ba84c77
-..fbe8a25b
-		publ..35fee3c2
-		{..bc12a0e4
-			if ..15ff597a
-				re..499220f1
-			if ..27590b2b
-			{..3db22722
-				va..407df4b3
-				at..efb43485
-				_s..d0da598d
-				th..c2796e53
-			}..e04e7ed3
-..fbe8a25b
-			if ..88e1d00f
-			{..3db22722
-				_s..fb0dfba3
-				{..2e86f853
-					n..dd057957
-					{..b17cfce2
-						..bbfc6bf2
-					}..f55ee1de
-				};..9004e86b
-				_s..3c39bdbf
-			}..e04e7ed3
-..fbe8a25b
-			if ..949da37f
-			{..3db22722
-				_s..cd819ffc
-				{..2e86f853
-					I..2f288e34
-				};..9004e86b
-				_s..43ac69d4
-			}..e04e7ed3
-..fbe8a25b
-			var..72d64936
-			if ..dc64c947
-				re..499220f1
-			_ol..13a5d831
-			_ol..61751010
-			_ol..45654cb4
-			nav..d0891cda
-			nav..03edda76
-			_se..75dfd77f
-			_se..a15cfc76
-			_is..b8fa6d31
-			Sea..277938db
-		}..9ba84c77
-..fbe8a25b
-		publ..d048d4c2
-		{..bc12a0e4
-			if ..25df1811
-				re..499220f1
-			Cle..103b8710
-			var..72d64936
-			if ..dc64c947
-				re..499220f1
-			if ..076d2981
-				na..6c060c58
-			if ..b7d475e1
-				na..a1312658
-			if ..d29cca34
-				na..86fee5c8
-			_is..44b5f828
-		}..9ba84c77
-..fbe8a25b
-		priv..f01829b0
-		{..bc12a0e4
-			if ..d7dd0f54
-			{..3db22722
-				_s..e50d6b66
-				_s..bbcf5ba0
-			}..e04e7ed3
-		}..9ba84c77
-..fbe8a25b
-		#end..9407ea12
-	}..4a6c15eb
+    pu..326ffc8b
+    {..ac66dc4d
+      ..d672052c
+..b91d7363
+      ..c3cc319e
+..b91d7363
+      ..4ecb9af7
+      ..b567f4cf
+      ..9246135f
+      ..95bdc1c9
+      ..45cce64d
+      ..212db3e4
+      ..d0db55ae
+      ..c01f7668
+..b91d7363
+      ..3d04221c
+..b91d7363
+      ..53a5798d
+..b91d7363
+      ..aa06a7e1
+      ..7dc839fd
+      ..6ac86fed
+      ..bc46245e
+..b91d7363
+      ..3d04221c
+..b91d7363
+      ..33362087
+..b91d7363
+      ..ab62f80a
+      ..7dc839fd
+      ..2e599211
+      ..a6784b95
+      ..fa4eb759
+      ..d3909576
+      ..9b32a7c5
+      ..4346ed7d
+      ..172d2aa9
+      ..a0341717
+      ..dd7701a9
+      ..bc46245e
+..b91d7363
+      ..3d04221c
+..b91d7363
+      ..0eae5cce
+..b91d7363
+      ..8a0c2720
+      ..7dc839fd
+      ..766a135e
+      ..bc46245e
+..b91d7363
+      ..7cf4d3df
+      ..7dc839fd
+      ..a93aab75
+      ..2d7ab574
+      ..4bceae25
+      ..a6784b95
+      ..ab146cfe
+      ..654bb6ce
+      ..4a62c227
+      ..9754f486
+      ..dd7701a9
+..b91d7363
+      ..08534def
+      ..a6784b95
+      ..4a1d58c1
+      ..6c45f32b
+      ..0b7b12e4
+      ..07423bf9
+      ..f50beae2
+      ..7a5c07f5
+      ..80373dc3
+      ..873c4667
+      ..dd7701a9
+..b91d7363
+      ..679a9ab5
+      ..a6784b95
+      ..e1eac164
+      ..6c45f32b
+      ..73ec5d1c
+      ..80373dc3
+      ..0d2ce536
+      ..dd7701a9
+..b91d7363
+      ..d6e19002
+      ..894d5ec3
+      ..2d7ab574
+      ..fa7ed453
+      ..c4d1771d
+      ..0ab44d7b
+      ..bb61991a
+      ..95a14f64
+      ..410f885f
+      ..f775b5a1
+      ..36cd1851
+      ..94f799be
+      ..bc46245e
+..b91d7363
+      ..637d4eca
+      ..7dc839fd
+      ..de5d6f34
+      ..2d7ab574
+      ..c87670d0
+      ..d6e19002
+      ..894d5ec3
+      ..2d7ab574
+      ..debaa2cb
+      ..5e41bfe8
+      ..34c52deb
+      ..7b3f9083
+      ..3eb8ee5a
+      ..feaec46e
+      ..71d39c44
+      ..bc46245e
+..b91d7363
+      ..7803cb4b
+      ..7dc839fd
+      ..de17511c
+      ..a6784b95
+      ..39201217
+      ..ddefbbd7
+      ..dd7701a9
+      ..bc46245e
+..b91d7363
+      ..3d04221c
+    }..5d703097
-﻿usi..6ad61497
-using ..e4e4d4ad
+﻿usi..618d967c
-using ..0f3229a3
-using ..b4d51c1c
-      ..96fd08d9
+      ..7d49fd14
-      ..8356b259
+      ..4c0fdbf1
-      ..5f038755
-      ..dc017ba7
-      ..97f32d1e
-      ..54505503
-      ..abbac0ab
-      ..2f62088e
-      ..92380c7f
-..fbe8a25b
-      ..a0414a98
-      ..f0b61f57
-      ..0db0b1b3
-      ..9354fcdd
-      ..b476309e
+      ..818d6469
-      ..6c418f53
-..fbe8a25b
-      ..e2ef11de
-..fbe8a25b
-      ..0ba91d06
-      ..a27436b6
-      ..5c998c0b
-      ..b93e384b
-      ..45c4ddf7
-      ..8c15186a
-      ..76c1bca2
-      ..0ebad8ff
-      ..25c54e51
-      ..e7aef199
-      ..0ebad8ff
-      ..ff7255d4
-      ..0ebad8ff
-      ..0ebad8ff
-      ..cd1ac96a
-      ..0cd8fc3c
+      ..0f9c7b47
+      ..a6784b95
+      ..b2fbc281
+      ..ae687f2d
+      ..dd7701a9
+..b91d7363
+      ..af69196b
+      ..dfd4f8bd
+      ..7f45a6df
+      ..6f6dfeb7
+      ..9183bba2
+      ..6f6dfeb7
+      ..ecd2ab57
+      ..6f6dfeb7
+      ..9d5402b0
+      ..6f6dfeb7
+      ..0be93cc8
+      ..477de8bb
+      ..b4b57a77
+      ..e7aff4a4
+      ..6f6dfeb7
+      ..ecd2ab57
+      ..6f6dfeb7
+      ..88671f49
+      ..6f6dfeb7
+      ..6099471d
+      ..477de8bb
+      ..efb60591
+      ..b33e81e3
+      ..60479420
+      ..7921e582
+      ..91a0a214
+      ..b71ab0f7
+      ..87c7421e
+      ..6f6dfeb7
+      ..17502a90
+      ..8ae413e4
+      ..eae847fd
+      ..bbb34fbb
+      ..3aff5b79
+      ..e7aff4a4
+      ..6f6dfeb7
+      ..ecd2ab57
+      ..6f6dfeb7
+      ..27af9294
+      ..6f6dfeb7
+      ..96054e98
+      ..5bd91633
+      ..95d6d28b
+      ..81bb2d0f
+      ..59f0372e
+      ..c43f5911
+      ..57853325
+      ..14c2f591
+      ..8b28d335
+      ..198d81ab
+      ..14c2f591
+      ..eeb16a8e
+      ..14c2f591
+      ..14c2f591
+      ..89c19ed6
+      ..5c2d057b
+      ..6f6dfeb7
+      ..ecd2ab57
+      ..f7128b27
+using ..03a3eb4a
-      ..1bccdde7
+      ..8e4050d1
-      ..a8af271b
+      ..db30d3d4
+      ..76b4f4b8
-      ..14a49b35
+      ..9481835d
-      ..0c12d551
+      ..44dfc41c
+      ..bfb4077c
+      ..23384313
+      ..07423bf9
+      ..6a26e9c7
+      ..4fb59faf
+      ..ca58db67
+      ..b5556152
+      ..7a5c07f5
-      ..1b103b0e
-      ..cfa577b7
-      ..16af3fd6
-      ..5e6de206
+..b91d7363
+      ..804be204
+      ..c88a7859
+      ..9b32a7c5
-      ..83a61446
-      ..b6ec3966
+      ..d9269462
+using ..a899070f
+using ..27a3130a
+      ..67ffb564
-using ..0e4416c8
-	publi..50bde027
-	{..1de9386f
-		#reg..9710599e
+    pu..7a68a994
+    {..ac66dc4d
+      ..d672052c
-		priv..114a91b2
+      ..abf64143
-		#end..9407ea12
+      ..3d04221c
-		#reg..f868c824
+      ..53a5798d
-		publ..5b93a505
-		{..bc12a0e4
-			var..59917d9a
-			log..663f16dc
-			Con..1538378a
+      ..4f8b79c9
+      ..7dc839fd
+      ..0a33f234
+      ..3809ff1d
+      ..8b5cfb3f
-			_na..a71819ce
-			{..3db22722
-				Fo..d61cc8dc
-				Te..1ca147d7
-				Mi..f1d1e99d
-				Ad..d682e685
-				Au..23f25440
-				Ba..cd9784c6
-			};..9054b7a3
-			Con..c363b32a
-		}..9ba84c77
+      ..ea36fd5e
+      ..a6784b95
+      ..b2f653ba
+      ..3e86ede3
+      ..f93a2f09
+      ..e205ec56
+      ..e3a45127
+      ..28736052
+      ..7524a01c
+      ..cbcef002
+      ..bc46245e
-		#end..9407ea12
+      ..3d04221c
-		#reg..a2e7586f
+      ..33362087
-		prot..5d6a3830
+      ..34ccb20a
-		#end..9407ea12
+      ..3d04221c
-		#reg..5b08e663
+      ..0eae5cce
-		publ..33522974
-		{..bc12a0e4
-			bas..8f40c8db
-			var..c344ed0d
-			mne..42c64d8b
-		}..9ba84c77
+      ..080c1b1c
+      ..7dc839fd
+      ..149a6f37
+      ..42304500
+      ..642a82e4
+      ..bc46245e
-		prot..28844214
-		{..bc12a0e4
-			var..2a5fa8d4
-			_na..064cfab2
-		}..9ba84c77
+      ..7feef980
+      ..7dc839fd
+      ..d76153d5
+      ..7ed0aecb
+      ..bc46245e
-		#end..9407ea12
-	}..4a6c15eb
+      ..3d04221c
+    }..5d703097
+using ..f9dead9f
-	publi..960f1250
-	{..1de9386f
-		#reg..a2e7586f
-..fbe8a25b
-		prot..e5aeb757
-..fbe8a25b
-		#end..9407ea12
-..fbe8a25b
-		#reg..5b08e663
-..fbe8a25b
-		publ..bd239bc8
-		{..bc12a0e4
-			bas..6a063046
-..fbe8a25b
-			var..2d4b350c
-			{..3db22722
-				Ba..c6633927
-				Au..f2355840
-			};..9054b7a3
-..fbe8a25b
-			var..4c6b57b7
-			{..3db22722
-				Te..bfc2941e
-				Te..9fa79033
-				Fo..a568a236
-				Au..b90c7276
-			};..9054b7a3
-			bot..a6ed08d9
-			bot..1faed0d0
-			bot..34bc6b2b
-..fbe8a25b
-			var..e79926e1
-			{..3db22722
-				Au..b90c7276
-			};..9054b7a3
-			Sty..f2aab794
-			bot..c61bd8fb
-			Vie..ff848f43
-..fbe8a25b
-			Col..b951bcd5
-..fbe8a25b
-			bot..d6087dd6
-			thi..6e5b4248
-			thi..594f1c02
-		}..9ba84c77
-..fbe8a25b
-		#end..9407ea12
-	}..4a6c15eb
+    pu..cb43456f
+    {..ac66dc4d
+      ..33362087
+..b91d7363
+      ..6aae972b
+..b91d7363
+      ..3d04221c
+..b91d7363
+      ..0eae5cce
+..b91d7363
+      ..77c083f3
+      ..7dc839fd
+      ..d2289e3f
+      ..bc46245e
+..b91d7363
+      ..ae545b66
+      ..7dc839fd
+      ..e54e5b3c
+..b91d7363
+      ..c1f30c0e
+      ..a6784b95
+      ..4e050f14
+      ..0153ae84
+      ..7524a01c
+..b91d7363
+      ..31a5d2d6
+      ..a6784b95
+      ..f9d9fb68
+      ..1ab3007f
+      ..b6e5c512
+      ..1e39e59e
+      ..7524a01c
+      ..9c727762
+      ..cea4a7b2
+      ..e31a09f3
+..b91d7363
+      ..14c6c199
+      ..a6784b95
+      ..1e39e59e
+      ..7524a01c
+      ..e0c57ad0
+      ..7596c02f
+      ..fde5d36b
+..b91d7363
+      ..5cd97180
+..b91d7363
+      ..326758f7
+      ..1044fff2
+      ..705b6daa
+      ..bc46245e
+..b91d7363
+      ..3d04221c
+    }..5d703097
-..fbe8a25b
-      ..5e15ba3c
+      ..6960dae5
+      ..7dc839fd
+      ..ba1d65ba
+      ..bc46245e
+..b91d7363
-      ..db1f71cd
-      ..6add425a
-      ..be03b539
-      ..dabfcf82
-      ..5f68fb5d
-..fbe8a25b
-      ..f1e70846
-      ..7fc28a85
-      ..b5874b61
-..fbe8a25b
-      ..2ceaecef
-..fbe8a25b
+..b91d7363
+      ..8d0fa238
+      ..99afe017
+      ..ae0b224f
+      ..30e01b2d
+      ..f1eaf359
+..b91d7363
+      ..89f9dae7
+      ..12cd7492
+      ..b6e5461a
+..b91d7363
+      ..fd19fc73
-      ..69c0d1f0
-      ..6ac82473
-      ..cbca8226
-      ..a9a16c0d
-      ..e7a7a46c
-..fbe8a25b
-      ..88e0a18f
-      ..1b7e8796
-      ..8f4229cf
-      ..d52c1207
-..fbe8a25b
-      ..cb9bc053
-      ..97f32d1e
-      ..352b69c8
-      ..a41cd1a8
-      ..e637e854
-      ..d94b8971
-      ..79296bfa
-      ..c896e419
-      ..2ba822f6
-      ..6b0d31aa
-      ..823fad2e
-      ..f320703b
-      ..2ce5ec14
-      ..f6a4dcd0
-..fbe8a25b
-      ..566e32f6
-      ..779118d8
-..fbe8a25b
-      ..013956a8
-      ..1b7e8796
-      ..e3dc0ab7
-      ..85fb5ccd
-      ..97f32d1e
-      ..0f74a5a3
-      ..801dbb2c
-      ..27707d2d
-      ..98fa084d
-      ..4bdf3242
-      ..f6a4dcd0
-      ..c5f4df8e
-      ..97f32d1e
-      ..56dc75e4
-      ..801dbb2c
-      ..27707d2d
-      ..98fa084d
-      ..804eb9d1
-      ..f6a4dcd0
-      ..779118d8
-      ..3d132d19
+      ..d6944376
+      ..dfd4f8bd
+      ..e517d840
+      ..4296057b
+      ..49650a19
+      ..6f6dfeb7
+      ..058e72fa
+      ..477de8bb
+      ..02ecc6ac
+      ..d96f36a9
+      ..6f6dfeb7
+      ..0f398942
+      ..60479420
+      ..00050a5b
+      ..fdd8d2cc
+      ..cfa83718
+      ..d026ee42
+      ..a4887a62
+      ..a5af0ce1
+      ..f6f005d5
+      ..2386972a
+      ..3a9cbf92
+      ..e9e248dd
+      ..a8d6140f
+      ..2c59125b
+      ..6f6dfeb7
+      ..b2a2198c
+      ..e7aff4a4
+      ..6f6dfeb7
+      ..1655fa7a
+      ..477de8bb
+      ..3048aa06
+      ..f5c0fe38
+      ..60479420
+      ..a1d8ba7c
+      ..9c07553a
+      ..b5ade5b5
+      ..c1595994
+      ..f23bcb9b
+      ..2c59125b
+      ..5f644cd2
+      ..60479420
+      ..0b3733d4
+      ..9c07553a
+      ..b5ade5b5
+      ..c1595994
+      ..7c532ab5
+      ..2c59125b
+      ..e7aff4a4
+      ..f7128b27
-      ..416f90cc
+      ..adf45db2
-	publi..530318be
-	{..1de9386f
-		#reg..9710599e
-..fbe8a25b
-		priv..2ba0855b
-		priv..6109f572
-..fbe8a25b
-		#end..9407ea12
-..fbe8a25b
-		#reg..a2e7586f
-..fbe8a25b
-		prot..4686be9a
-..fbe8a25b
-		publ..058ffc6b
-		{..bc12a0e4
-			get..41b43014
-			set..99f77be5
-			{..3db22722
-				if..f02e66a3
-					r..038b3137
-				_c..50f7f0e2
-				_t..0c1e31b4
-				va..7f93640e
-				Co..71919d92
-			}..e04e7ed3
-		}..9ba84c77
-..fbe8a25b
-		#end..9407ea12
-..fbe8a25b
-		#reg..5b08e663
-..fbe8a25b
-		publ..bd239bc8
-		{..bc12a0e4
-			bas..6a063046
-..fbe8a25b
-			_ti..372d5bd3
-			{..3db22722
-				Li..0dfb7de2
-				Fo..a568a236
-				Te..052c8639
-				Au..23f25440
-				Ba..cd9784c6
-			};..9054b7a3
-..fbe8a25b
-			Vie..2cd88408
-..fbe8a25b
-			Col..98fa6872
-			Col..15ce494d
-			Vie..a0a337a8
-..fbe8a25b
-			thi..09307bd9
-			Col..b07136b1
-..fbe8a25b
-			var..2fd866cd
-		    ..0ef7449f
-..fbe8a25b
-			ref..7d6ed02f
-			ref..c96cec1f
-		}..9ba84c77
-..fbe8a25b
-		publ..eae5147d
-		{..bc12a0e4
-			bas..16ad2202
-			Col..253cffd7
-		}..9ba84c77
-..fbe8a25b
-		#end..9407ea12
-	}..4a6c15eb
+    pu..c3ff78c1
+    {..ac66dc4d
+      ..d672052c
+..b91d7363
+      ..fd048c3a
+      ..b928d30f
+..b91d7363
+      ..3d04221c
+..b91d7363
+      ..33362087
+..b91d7363
+      ..33d6a332
+..b91d7363
+      ..b8bef147
+      ..7dc839fd
+      ..955a4d9a
+      ..2e599211
+      ..a6784b95
+      ..c7b8e999
+      ..9b32a7c5
+      ..3538e0e5
+      ..0f4c4936
+      ..1dd9c394
+      ..f4be050f
+      ..dd7701a9
+      ..bc46245e
+..b91d7363
+      ..3d04221c
+..b91d7363
+      ..0eae5cce
+..b91d7363
+      ..ae545b66
+      ..7dc839fd
+      ..e54e5b3c
+..b91d7363
+      ..34f30da7
+      ..a6784b95
+      ..a3475fe7
+      ..b6e5c512
+      ..7722f00b
+      ..e3a45127
+      ..28736052
+      ..7524a01c
+..b91d7363
+      ..50444cbe
+..b91d7363
+      ..48e97622
+      ..1282669e
+      ..465dc844
+..b91d7363
+      ..aeb06905
+      ..92946a63
+..b91d7363
+      ..5be79377
+      ..4eb6cc64
+..b91d7363
+      ..c8db63d7
+      ..cc49aa58
+..b91d7363
+      ..5b0ee6d2
+      ..a6784b95
+      ..3263eb23
+      ..a0c1ad0e
+      ..85a7edec
+      ..8183d040
+      ..a3475fe7
+      ..9d94a78d
+      ..7524a01c
+      ..78200c27
+      ..a0a73c1d
+      ..306af252
+..b91d7363
+      ..35f42de1
+      ..bbc00554
+      ..1ed729bc
+      ..bc46245e
+..b91d7363
+      ..4498b92e
+      ..7dc839fd
+      ..6dc8a517
+      ..1dc1c7cc
+      ..bc46245e
+..b91d7363
+      ..3d04221c
+    }..5d703097
+      ..adbfe60d
+      ..75a70423
+      ..a6784b95
+      ..7d6a79a4
+      ..c7837e8e
+      ..81ff9f0d
+      ..1b37ff71
+      ..7524a01c
+      ..9b5aa8b8
+..b91d7363
-      ..239fb720
+      ..0e5944e3
-      ..f7c92767
+      ..64a66e96
-      ..018ac3be
+      ..913e828f
-      ..e72d146e
+      ..ea681724
-      ..018ac3be
+      ..913e828f
-      ..3e6b85dc
+      ..7567b153
+      ..c6fbb0cf
-      ..b1bfbdf5
+      ..b06c0f40
-      ..8524d1df
-..fbe8a25b
-      ..5e15ba3c
+      ..51b8155e