-	publi..a25cbe8d
-		wher..7178aa5d
-		wher..775226f1
-	{..1de9386f
-		#reg..9710599e
-..fbe8a25b
-		priv..db03918a
-		priv..f95e8f7b
-		priv..f79ba6d7
-		prot..1607ef59
-		priv..218a4bed
-		priv..d0aff48d
-..fbe8a25b
-		prot..792c0a64
-..fbe8a25b
-		#end..9407ea12
-..fbe8a25b
-		#reg..f868c824
-..fbe8a25b
-		prot..37d36304
-		{..bc12a0e4
-			_ta..4858a62b
-			_rp..7f03c11c
-			Key..f5b79b53
-			Wal..ca7cd865
-			_co..3905d9a9
-			if ..b51cc6a0
-			{..3db22722
-				fo..524d0c2a
-					A..a61d5b7b
-			}..e04e7ed3
-		}..9ba84c77
-..fbe8a25b
-		#end..9407ea12
-..fbe8a25b
-		#reg..a2e7586f
-..fbe8a25b
-		publ..2ce4b498
-		{..bc12a0e4
-			get..9d653b14
-			{..3db22722
-				if..82064649
-					_..15636f92
-				re..27bbfc64
-			}..e04e7ed3
-		}..9ba84c77
-..fbe8a25b
-		publ..a0cf71d5
-..fbe8a25b
-		publ..e6adf4cf
-		{..bc12a0e4
-			get..9d653b14
-			{..3db22722
-				lo..9a9f3c62
-				{..2e86f853
-					r..ebebcf03
-				}..dc6a5fcf
-			}..e04e7ed3
-		}..9ba84c77
-..fbe8a25b
-		publ..8e58b4f3
-..fbe8a25b
-		prot..1037de26
-		{..bc12a0e4
-			get..9d653b14
-			{..3db22722
-				lo..9a9f3c62
-				{..2e86f853
-					r..5435eaba
-				}..dc6a5fcf
-			}..e04e7ed3
-		}..9ba84c77
-..fbe8a25b
-		prot..6f8210b2
-		{..bc12a0e4
-			get..9d653b14
-			{..3db22722
-				if..ea465a37
-					_..64d972ea
-				re..cbe601b3
-			}..e04e7ed3
-		}..9ba84c77
-..fbe8a25b
-		#end..9407ea12
-..fbe8a25b
-		#reg..f1fee625
-..fbe8a25b
-		publ..6502149c
-		{..bc12a0e4
-			var..eb3c16e3
-			if ..6b433399
-				re..cd14ce80
-			ret..778eca05
-		}..9ba84c77
-..fbe8a25b
-		publ..9e15dbe5
-		{..bc12a0e4
-			if ..e5f91f7d
-				th..128a37b3
-			ret..97791dd2
-		}..9ba84c77
-..fbe8a25b
-		publ..e26d0539
-		{..bc12a0e4
-			ret..efae542a
-		}..9ba84c77
-..fbe8a25b
-		publ..2e64c209
-		{..bc12a0e4
-			ret..654d2262
-		}..9ba84c77
-..fbe8a25b
-		Wall..c20b23fd
-		{..bc12a0e4
-			ret..e614f77c
-		}..9ba84c77
-..fbe8a25b
-		publ..041a2dbf
-		{..bc12a0e4
-			var..eb3c16e3
-			if ..6b433399
-				re..c725196c
-			ret..24b955c3
-		}..9ba84c77
-..fbe8a25b
-		publ..20d24ba6
-		{..bc12a0e4
-			Val..c3d587b5
-			ret..79da746f
-		}..9ba84c77
-..fbe8a25b
-		publ..9a5ea5bc
-		{..bc12a0e4
-			ret..75adf5cb
-		}..9ba84c77
-..fbe8a25b
-		publ..0f722b06
-		{..bc12a0e4
-			var..499373ce
-			for..185070be
-				ta..5536a4ac
-			ret..51bb5a14
-		}..9ba84c77
-..fbe8a25b
-		publ..4dc4a7b1
-			IWa..ef0f6c81
-		{..bc12a0e4
-			ret..08ba79bf
-		}..9ba84c77
-..fbe8a25b
-		publ..69901a25
-		{..bc12a0e4
-			Val..c3d587b5
-			ret..003be2bb
-		}..9ba84c77
-..fbe8a25b
-		publ..8bcf0897
-		{..bc12a0e4
-			Val..c3d587b5
-			ret..8b3db2fc
-		}..9ba84c77
-..fbe8a25b
-		publ..d5bd43f6
-			IWa..ef0f6c81
-		{..bc12a0e4
-			Val..c3d587b5
-			if ..7d082b2c
-				th..6f80fbd1
-			ret..01f08f10
-		}..9ba84c77
-..fbe8a25b
-		publ..ef95b005
-			IWa..ef0f6c81
-		{..bc12a0e4
-			Val..c3d587b5
-			ret..71eca144
-		}..9ba84c77
-..fbe8a25b
-		publ..384097fa
-		{..bc12a0e4
-			ret..5db1b974
-		}..9ba84c77
-..fbe8a25b
-		publ..1ec40c2d
-		{..bc12a0e4
-			ret..6531dd7f
-		}..9ba84c77
-..fbe8a25b
-		#end..9407ea12
-..fbe8a25b
-		#reg..5b08e663
-..fbe8a25b
-		prot..a92c367c
-..fbe8a25b
-		prot..ee6819fd
-..fbe8a25b
-		prot..f45d6a40
-..fbe8a25b
-		prot..d78a56dd
-..fbe8a25b
-		prot..b7d71c8c
-			IRe..b9eecc85
-..fbe8a25b
-		prot..b8a8a04e
-..fbe8a25b
-		prot..d86bf707
-..fbe8a25b
-		prot..0ebde9b0
-			IWa..717b5666
-..fbe8a25b
-		prot..581bc0d6
-			Tra..0f24abb4
-..fbe8a25b
-		prot..61e49398
-..fbe8a25b
-		prot..9315437c
-..fbe8a25b
-		prot..17d383d6
-		{..bc12a0e4
-			var..24395641
-			loc..977edb69
-			{..3db22722
-				_c..7de4d850
-			}..e04e7ed3
-..fbe8a25b
-			ret..ba1b0088
-		}..9ba84c77
-..fbe8a25b
-		prot..f65dec84
-		{..bc12a0e4
-			loc..977edb69
-			{..3db22722
-				re..e8c67505
-			}..e04e7ed3
-		}..9ba84c77
-..fbe8a25b
-		prot..64c5d32c
-		{..bc12a0e4
-			loc..977edb69
-			{..3db22722
-				re..89a7f505
-			}..e04e7ed3
-		}..9ba84c77
-..fbe8a25b
-		prot..510168d4
-		{..bc12a0e4
-			loc..977edb69
-			{..3db22722
-				re..b6022ed8
-			}..e04e7ed3
-		}..9ba84c77
-..fbe8a25b
-		prot..3e00119e
-..fbe8a25b
-		prot..29697ac1
-		{..bc12a0e4
-			ICo..d2f60c5a
-			loc..977edb69
-			{..3db22722
-				co..75d20c6a
-			}..e04e7ed3
-..fbe8a25b
-			ret..61818452
-		}..9ba84c77
-..fbe8a25b
-		prot..319f8784
-		{..bc12a0e4
-			loc..265b4872
-			{..3db22722
-				Ta..e2eed8b8
-				if..8b4ba714
-				{..2e86f853
-					v..affde703
-					_..655ed9ab
-				}..dc6a5fcf
-..fbe8a25b
-				re..459e2dd3
-			}..e04e7ed3
-		}..9ba84c77
-..fbe8a25b
-		prot..813bc7e3
-		{..bc12a0e4
-			loc..265b4872
-			{..3db22722
-				_t..26b81db2
-			}..e04e7ed3
-		}..9ba84c77
-..fbe8a25b
-		prot..d4f288f1
-		{..bc12a0e4
-			loc..265b4872
-			{..3db22722
-				Ta..8f1bfebf
-				_t..6da78269
-				re..4a267c8e
-			}..e04e7ed3
-		}..9ba84c77
-..fbe8a25b
-		priv..c9e17fab
-		{..bc12a0e4
-			if ..9b8d1fd9
-				th..e712de9f
-		}..9ba84c77
-..fbe8a25b
-		priv..d6dc590c
-		{..bc12a0e4
-			ret..51e319f0
-		}..9ba84c77
-..fbe8a25b
-		#end..9407ea12
-..fbe8a25b
-		#reg..56839da6
-..fbe8a25b
-		[Jso..1e7a398f
-		[Ser..77f613cd
-		inte..19f16069
-		{..bc12a0e4
-			#re..69cf69ce
-..fbe8a25b
-			pri..26e1b8dd
-			pri..620bcfa3
-..fbe8a25b
-			[Js..4fd443d2
-			pub..f2ae12e7
-..fbe8a25b
-			[Js..1fb8383a
-			pub..37e634d8
-..fbe8a25b
-			[Js..2fb994b5
-			pub..1f504d07
-..fbe8a25b
-			[Js..e92f945f
-			pub..03e08a75
-..fbe8a25b
-			#en..b7c290c4
-..fbe8a25b
-			#re..eed3c710
-..fbe8a25b
-			[Js..f982a634
-			pro..c932256a
-			{..3db22722
-				Ve..67f82314
-			}..e04e7ed3
-..fbe8a25b
-			pro..3e20fb7b
-				: ..955b6273
-			{..3db22722
-				Id..61a7e6e3
-				Ke..e8666322
-				Co..52da4abb
-			}..e04e7ed3
-..fbe8a25b
-			#en..b7c290c4
-..fbe8a25b
-			#re..b1b6118b
-..fbe8a25b
-			obj..1a730ad8
-			{..3db22722
-				if..ac3bda77
-					r..438bea6e
-				re..ae24c1be
-			}..e04e7ed3
-..fbe8a25b
-			pub..922344b6
-			{..3db22722
-				va..d57a9941
-				va..d218bbd0
-				if..b94c8a3b
-					r..f5ae0d60
-..fbe8a25b
-				_s..33a2e2d8
-..fbe8a25b
-				va..7b3be487
-				ac..221641fa
-				_w..3acae197
-				if..a3589f83
-				{..2e86f853
-					f..24f9425e
-					{..b17cfce2
-						..56b0a669
-						..1b6cebfd
-					}..f55ee1de
-				}..dc6a5fcf
-..fbe8a25b
-				_s..975f1b25
-				_w..b3eaf764
+    pu..ba7ddc10
+      ..ebe61726
+      ..96ca323c
+    {..ac66dc4d
+      ..d672052c
+..b91d7363
+      ..4e9bb244
+      ..32e2ad09
+      ..d383339b
+      ..8b1a082f
+      ..14fc4577
+      ..166aa492
+..b91d7363
+      ..1ef62a33
+..b91d7363
+      ..3d04221c
+..b91d7363
+      ..53a5798d
+..b91d7363
+      ..d59ceea1
+      ..7dc839fd
+      ..88a856ef
+      ..f3c03631
+      ..810ef12d
+      ..3b134003
+      ..f3ab4b9e
+      ..37a39614
+      ..a6784b95
+      ..206adedc
+      ..c02f7f39
+      ..dd7701a9
+      ..bc46245e
+..b91d7363
+      ..3d04221c
+..b91d7363
+      ..33362087
+..b91d7363
+      ..92b3d573
+      ..7dc839fd
+      ..ca311177
+      ..a6784b95
+      ..00004fcd
+      ..2c830a3c
+      ..9aff2827
+      ..dd7701a9
+      ..bc46245e
+..b91d7363
+      ..7e3021a4
+..b91d7363
+      ..c877e51e
+      ..7dc839fd
+      ..ca311177
+      ..a6784b95
+      ..880b158f
+      ..6c45f32b
+      ..158da835
+      ..0140ba01
+      ..dd7701a9
+      ..bc46245e
+..b91d7363
+      ..1f3de623
+..b91d7363
+      ..16cb8315
+      ..7dc839fd
+      ..ca311177
+      ..a6784b95
+      ..880b158f
+      ..6c45f32b
+      ..26b70d00
+      ..0140ba01
+      ..dd7701a9
+      ..bc46245e
+..b91d7363
+      ..c6ad3462
+      ..7dc839fd
+      ..ca311177
+      ..a6784b95
+      ..3838602a
+      ..19255c8c
+      ..7b33f206
+      ..dd7701a9
+      ..bc46245e
+..b91d7363
+      ..3d04221c
+..b91d7363
+      ..0e5a7ffe
+..b91d7363
+      ..bf09fec8
+      ..7dc839fd
+      ..80c9dd57
+      ..f5da3617
+      ..bb74d0bb
+      ..71cfc8ba
+      ..bc46245e
+..b91d7363
+      ..63ae5f0a
+      ..7dc839fd
+      ..bc56fc29
+      ..b06cdc0f
+      ..f97cb0a2
+      ..bc46245e
+..b91d7363
+      ..a1a56a8b
+      ..7dc839fd
+      ..ed7d4d99
+      ..bc46245e
+..b91d7363
+      ..e4775f1d
+      ..7dc839fd
+      ..cec0077d
+      ..bc46245e
+..b91d7363
+      ..5273f7a3
+      ..7dc839fd
+      ..6863580d
+      ..bc46245e
+..b91d7363
+      ..e65a5df1
+      ..7dc839fd
+      ..f58383bb
+      ..bc46245e
+..b91d7363
+      ..3aac6f01
+      ..7dc839fd
+      ..80c9dd57
+      ..f5da3617
+      ..62ab8ed6
+      ..1a9dc272
+      ..bc46245e
+..b91d7363
+      ..87a83f00
+      ..7dc839fd
+      ..1f1c1fab
+      ..2b240114
+      ..bc46245e
+..b91d7363
+      ..82bf4afb
+      ..7dc839fd
+      ..29a9ef8f
+      ..bc46245e
+..b91d7363
+      ..5d2eda2b
+      ..7dc839fd
+      ..12d4bb07
+      ..8a018707
+      ..93efa8bd
+      ..2ed744fa
+      ..bc46245e
+..b91d7363
+      ..d4579c29
+      ..5bb0f04f
+      ..7dc839fd
+      ..f61d1253
+      ..bc46245e
+..b91d7363
+      ..f12b6f5b
+      ..7dc839fd
+      ..1f1c1fab
+      ..4b83a7d9
+      ..bc46245e
+..b91d7363
+      ..c27cb33e
+      ..7dc839fd
+      ..de2a6330
+      ..bc46245e
+..b91d7363
+      ..af1ef774
+      ..5bb0f04f
+      ..7dc839fd
+      ..1f1c1fab
+      ..7dc1babe
+      ..0f6f1ba6
+      ..fba8f238
+      ..bc46245e
+..b91d7363
+      ..e2fae8b8
+      ..5bb0f04f
+      ..7dc839fd
+      ..1f1c1fab
+      ..21332efd
+      ..bc46245e
+..b91d7363
+      ..3ded2c16
+      ..7dc839fd
+      ..97d87cb2
+      ..bc46245e
+..b91d7363
+      ..a0e6f42b
+      ..7dc839fd
+      ..7ad8277d
+      ..bc46245e
+..b91d7363
+      ..3d04221c
+..b91d7363
+      ..0eae5cce
+..b91d7363
+      ..4047aecd
+..b91d7363
+      ..6e695c1c
+..b91d7363
+      ..fa45ec2e
+..b91d7363
+      ..3d44f1bd
+..b91d7363
+      ..d3276a6e
+..b91d7363
+      ..75fa736d
+      ..a683a724
+..b91d7363
+      ..f38114b9
+..b91d7363
+      ..5c5d00cb
+..b91d7363
+      ..5c74f888
+      ..2a753624
+..b91d7363
+      ..0c25fcda
+      ..9758ec1e
+..b91d7363
+      ..d041ed61
+..b91d7363
+      ..c583deb9
+..b91d7363
+      ..f2e4eac1
+      ..7dc839fd
+      ..284c753a
+      ..8a44a369
+      ..a6784b95
+      ..c228c337
+      ..dd7701a9
+..b91d7363
+      ..d33ba324
+      ..bc46245e
+..b91d7363
+      ..b9107068
+      ..7dc839fd
+      ..8a44a369
+      ..a6784b95
+      ..8f2cab40
+      ..dd7701a9
+      ..bc46245e
+..b91d7363
+      ..5253c440
+      ..7dc839fd
+      ..8a44a369
+      ..a6784b95
+      ..e801ac7a
+      ..dd7701a9
+      ..bc46245e
+..b91d7363
+      ..d33bbe71
+      ..7dc839fd
+      ..8a44a369
+      ..a6784b95
+      ..7640fac5
+      ..dd7701a9
+      ..bc46245e
+..b91d7363
+      ..3b4f1921
+..b91d7363
+      ..6114667a
+      ..7dc839fd
+      ..f804d331
+      ..8a44a369
+      ..a6784b95
+      ..51c03927
+      ..dd7701a9
+..b91d7363
+      ..3b8b49e1
+      ..bc46245e
+..b91d7363
+      ..6624a91e
+      ..7dc839fd
+      ..ecd90fb4
+      ..a6784b95
+      ..f06ea7c9
+      ..8c9b64f7
+      ..6c45f32b
+      ..917dfd2c
+      ..2b1b7670
+      ..0140ba01
+..b91d7363
+      ..cecdd5d2
+      ..dd7701a9
+      ..bc46245e
+..b91d7363
+      ..bc492149
+      ..7dc839fd
+      ..ecd90fb4
+      ..a6784b95
+      ..4b72b709
+      ..dd7701a9
+      ..bc46245e
+..b91d7363
+      ..ad33c051
+      ..7dc839fd
+      ..ecd90fb4
+      ..a6784b95
+      ..5d28e4f6
+      ..e12fe0bd
+      ..3ac49c15
+      ..dd7701a9
+      ..bc46245e
+..b91d7363
+      ..4fa343c1
+      ..7dc839fd
+      ..0be4a4b7
+      ..65f5cde3
+      ..bc46245e
+..b91d7363
+      ..7d838ed0
+      ..7dc839fd
+      ..7f9875ed
+      ..bc46245e
+..b91d7363
+      ..3d04221c
+..b91d7363
+      ..85741af5
+..b91d7363
+      ..c03385ee
+      ..2cb6fb7c
+      ..2c3731de
+      ..7dc839fd
+      ..dca94e38
+..b91d7363
+      ..d0b3d53b
+      ..db3ca190
+..b91d7363
+      ..0e5e0828
+      ..4b9726ad
+..b91d7363
+      ..5fc28b51
+      ..17443096
+..b91d7363
+      ..a284a088
+      ..9a54cb07
+..b91d7363
+      ..94f9a023
+      ..443dbd01
+..b91d7363
+      ..8553b795
+..b91d7363
+      ..5c4625a9
+..b91d7363
+      ..822f8266
+      ..26ed83d5
+      ..a6784b95
+      ..21e3577f
+      ..dd7701a9
+..b91d7363
+      ..9f1bcde6
+      ..bc66bf93
+      ..a6784b95
+      ..25e04fc8
+      ..d83284e5
+      ..cd0cf7e6
+      ..dd7701a9
+..b91d7363
+      ..8553b795
+..b91d7363
+      ..2e12d431
+..b91d7363
+      ..48f2b944
+      ..a6784b95
+      ..b410b40e
+      ..dac36b36
+      ..652959a6
+      ..dd7701a9
+..b91d7363
+      ..0c4d7d02
+      ..a6784b95
+      ..3408d881
+      ..f1960368
+      ..e53ff9ee
+      ..237a602c
+..b91d7363
+      ..5a5c5d0a
+..b91d7363
+      ..9662e754
+      ..8408d5a3
+      ..dc5936f1
+      ..67281782
+      ..6c45f32b
+      ..fdbbff24
+      ..07423bf9
+      ..ddb85892
+      ..6bf27d30
+      ..7a5c07f5
+      ..0140ba01
+..b91d7363
+      ..919e52f4
+      ..bece3c50
-				re..531fdc54
-			}..e04e7ed3
-..fbe8a25b
-			#en..b7c290c4
+      ..d60f2ec5
+      ..dd7701a9
+..b91d7363
+      ..8553b795
-			#re..2ff2b0d7
+      ..23120c49
-			pro..776c05d1
+      ..85fa09ca
-			#en..b7c290c4
-		}..9ba84c77
+      ..8553b795
+      ..bc46245e
-		#end..9407ea12
-	}..4a6c15eb
+      ..3d04221c
+    }..5d703097
+      ..937f8bde
+      ..7dc839fd
+      ..f6d73490
+      ..bc46245e
+..b91d7363
-	publi..76a84737
-	{..1de9386f
-		[Not..cd8138d1
-		IWal..4ca55f0b
+    pu..b7122995
+    {..ac66dc4d
+      ..67d70a79
+      ..12c49cd6
-		[Not..cd8138d1
-		IRea..19517819
+      ..67d70a79
+      ..6adf43fd
-		int ..9b5ed4ab
+      ..f4a92bc6
-		bool..07db13e6
+      ..f4d1162c
-		IWal..a16db515
+      ..53d66c69
-		bool..62ad65db
+      ..465b6012
-		bool..1aa3ba69
+      ..7eac4660
-		stri..901737ba
+      ..90b00d32
-		Wall..650205e9
+      ..99d878e8
-		Task..19d7774c
+      ..88da9edc
-		IDic..d2569492
+      ..c2f8b527
-		Task..2a189bfa
+      ..d1d0fee5
+      ..6aae1777
-		ILis..87024ae3
-		bool..34eb3ac3
+      ..15e9d6d4
-		Task..262c2594
-				[C..f75733d2
+      ..cfc0a1fd
-		Task..0cb2eda1
-			[No..d8f78802
+      ..028462c2
+      ..5fc86de4
-		Task..3b6dd725
+      ..e452e146
+      ..fe36b74e
+      ..cced8205
-		ICoi..22f12bef
-	}..4a6c15eb
+..b91d7363
+      ..c9e65d54
+    }..5d703097
-	publi..0e0b4209
-	{..1de9386f
-		Wei,..2cf1b0f3
-		Kwei..ebfeb9c2
-		Ada,..0dd04b3e
-		Femt..70ed9dd5
-		Mwei..85b9c2ca
-		Babb..a0d85861
-		Pico..73faf2c6
-		Gwei..65fd6653
-		Shan..ce9495b7
-		Nano..aa0cfdd0
-		Nano..5fbe87be
-		Szab..737e8cc0
-		Micr..c2f07e00
-		Micr..07b439e8
-		Finn..216d0e39
-		Mill..7a796c4c
-		Mill..2b202c5c
-		Ethe..b888736e
-		Keth..a46650ce
-		Gran..d010183f
-		Eins..df1d66a8
-		Meth..2ae27759
-		Geth..8d1b792d
-		Teth..d20b9a03
-	}..4a6c15eb
-..fbe8a25b
-	publi..4258708e
-	{..1de9386f
-		#reg..9710599e
-..fbe8a25b
-		publ..71afa21f
-		publ..31c92a55
-..fbe8a25b
-		#end..9407ea12
-..fbe8a25b
-		#reg..f868c824
-..fbe8a25b
-		publ..c58c1e56
-		{..bc12a0e4
-		}..9ba84c77
-..fbe8a25b
-		#end..9407ea12
-	}..4a6c15eb
-..fbe8a25b
-	publi..ad1b874e
-	{..1de9386f
-		#reg..9710599e
-..fbe8a25b
-		publ..beb4ccfd
-		publ..60a9eafd
-		publ..73b88bf3
-..fbe8a25b
-		#end..9407ea12
-..fbe8a25b
-		#reg..f868c824
-..fbe8a25b
-		publ..fe505c45
-		{..bc12a0e4
-		}..9ba84c77
-..fbe8a25b
-		#end..9407ea12
-	}..4a6c15eb
-..fbe8a25b
-	[Pres..0b165a2b
-	publi..dce93cf4
-	{..1de9386f
-		#reg..9710599e
-..fbe8a25b
-		publ..de41d738
-		publ..7a06f0dc
-		publ..0ae3d27f
-		publ..f75e5990
-		publ..996e28d3
-		publ..fd8f5874
-		publ..68285fcb
-		publ..0cd89a0f
-		publ..7080bd8c
-		publ..1ee84149
-		publ..aaaf54c2
-..fbe8a25b
-		#end..9407ea12
-..fbe8a25b
-		#reg..f868c824
-..fbe8a25b
-		publ..a2d7f4e5
-		{..bc12a0e4
-		}..9ba84c77
-..fbe8a25b
-		publ..27fd97ba
-		{..bc12a0e4
-			Wor..f992369e
-			Eth..729abe9d
-		}..9ba84c77
-..fbe8a25b
-		#end..9407ea12
-..fbe8a25b
-		#reg..a2e7586f
-..fbe8a25b
-		publ..1bdc75ce
-..fbe8a25b
-		publ..4b9408b9
+    pu..75c372f5
+    {..ac66dc4d
+      ..c4efc9fa
+      ..a5a7455b
+      ..f7d65e0b
+      ..5752d5a0
+      ..39beccd7
+      ..3dba08f2
+      ..4fc8dc4f
+      ..23b3651c
+      ..afee9c63
+      ..b8831153
+      ..826617b3
+      ..f30277ea
+      ..4d6050cf
+      ..8ad6ac66
+      ..21f016c6
+      ..50cc7478
+      ..33b13e90
+      ..7b142fc5
+      ..2edebd2b
+      ..1ce7842b
+      ..0c501d9f
+      ..e4bf5ad5
+      ..50e3dcf7
+      ..436ee7a7
+    }..5d703097
+..b91d7363
+    pu..2221d62a
+    {..ac66dc4d
+      ..d672052c
+..b91d7363
+      ..a2d84f27
+      ..db504c4f
+      ..f95e2e57
+..b91d7363
+      ..3d04221c
+..b91d7363
+      ..53a5798d
+..b91d7363
+      ..d17079ba
+      ..7dc839fd
+      ..bc46245e
+..b91d7363
+      ..3d04221c
+    }..5d703097
+..b91d7363
+    pu..52806889
+    {..ac66dc4d
+      ..d672052c
+..b91d7363
+      ..6e39cc25
+      ..41c198d9
+      ..9435f510
+..b91d7363
+      ..3d04221c
+..b91d7363
+      ..53a5798d
+..b91d7363
+      ..4e9b196f
+      ..7dc839fd
+      ..bc46245e
+..b91d7363
+      ..3d04221c
+    }..5d703097
+..b91d7363
+    [P..797dc899
+    pu..f3f7a9a8
+    {..ac66dc4d
+      ..d672052c
+..b91d7363
+      ..bfd1c339
+      ..04142f7f
+      ..a70c8d42
+      ..a85b7825
+      ..b2b4e87b
+      ..97f8e628
+      ..449d8d8e
+      ..b3de123f
+      ..d37ab7a6
+      ..f1086b44
+      ..86f4e435
+..b91d7363
+      ..3d04221c
+..b91d7363
+      ..53a5798d
+..b91d7363
+      ..9506169e
+      ..7dc839fd
+      ..bc46245e
+..b91d7363
+      ..6eec8236
+      ..7dc839fd
+      ..36118abe
+      ..786afbc0
+      ..bc46245e
+..b91d7363
+      ..3d04221c
+..b91d7363
+      ..33362087
+..b91d7363
+      ..1bc99c7d
+..b91d7363
+      ..f127606d
-		#end..9407ea12
-	}..4a6c15eb
+      ..3d04221c
+    }..5d703097
-	publi..5af8b4c5
-	{..1de9386f
-		#reg..9710599e
+    pu..594975c6
+    {..ac66dc4d
+      ..d672052c
-		publ..a4974f61
-		publ..3fcc57d0
-		publ..7cbc6f7e
-		publ..f4a51e52
-		publ..39021d5a
+      ..396a696c
+      ..df7acee5
+      ..cd3eb5b2
+      ..a3749bf3
+      ..62a921f6
-		#end..9407ea12
+      ..3d04221c
-		#reg..f868c824
+      ..53a5798d
-		publ..77ff8442
-		{..bc12a0e4
-		}..9ba84c77
+      ..f264dbc7
+      ..7dc839fd
+      ..bc46245e
-		#end..9407ea12
-	}..4a6c15eb
+      ..3d04221c
+    }..5d703097
-	publi..1b07c1d4
-	{..1de9386f
-		#reg..9710599e
+    pu..c867205c
+    {..ac66dc4d
+      ..d672052c
-		publ..f9c55a3c
-		publ..faec6cf8
-		publ..66a59027
+      ..4136da49
+      ..e1a53056
+      ..ebc7d10c
-		#end..9407ea12
+      ..3d04221c
-		#reg..f868c824
+      ..53a5798d
-		publ..5a3c442d
-		{..bc12a0e4
-		}..9ba84c77
+      ..80469cd9
+      ..7dc839fd
+      ..bc46245e
-		#end..9407ea12
-	}..4a6c15eb
+      ..3d04221c
+    }..5d703097
-	publi..4c610a1d
-	{..1de9386f
-		#reg..f868c824
+    pu..e24a3e68
+    {..ac66dc4d
+      ..53a5798d
-		publ..310aab6b
-		{..bc12a0e4
-			Add..c5183a98
-			Log..866d3cf9
-			Coi..e5f55c74
-			Typ..a703f3ed
-			Add..c818bd84
-		}..9ba84c77
+      ..0ccacf00
+      ..7dc839fd
+      ..fd7f3d08
+      ..35476ed5
+      ..4b921b59
+      ..7ac0b1e7
+      ..7f4013a9
+      ..21d9f3b6
+      ..bc46245e
-		#end..9407ea12
+      ..3d04221c
-		#reg..a2e7586f
+      ..33362087
-		publ..a4f4b18f
+      ..baad73d5
-		publ..a2ec82f3
+      ..9da32a37
-		publ..58c747d6
+      ..e26ebeab
-		publ..f2e8d44f
+      ..d6974bd2
-		publ..510bd418
+      ..8631fbc6
-		#end..9407ea12
-	}..4a6c15eb
+      ..c267f612
+..b91d7363
+      ..3d04221c
+    }..5d703097
-	publi..3c102520
-	{..1de9386f
-		#reg..9710599e
-..fbe8a25b
-		priv..3546ac9e
-		priv..51ffb7e4
-		priv..9c079e51
-		priv..ea3d4d16
-		priv..85d4d41b
-		priv..ab1df63f
-		priv..1625f5fe
-		priv..ce51b458
-		priv..ff70077a
-		priv..8902365a
-		priv..06c64c63
-..fbe8a25b
-		#end..9407ea12
-..fbe8a25b
-		#reg..f868c824
-..fbe8a25b
-		stat..9a0faa0b
-		{..bc12a0e4
-			Pro..23349d81
-		}..9ba84c77
-..fbe8a25b
-		#end..9407ea12
-..fbe8a25b
-		#reg..a2e7586f
-..fbe8a25b
-		priv..262c4912
-..fbe8a25b
-		#end..9407ea12
-..fbe8a25b
-		#reg..5b08e663
-..fbe8a25b
-		publ..e8bd594c
-		{..bc12a0e4
-			Reg..1b132ac8
-			Sec..1c3f0d0d
-			var..fc4d772e
-			ioc..96278bef
-			ioc..29bf3100
-			ioc..9767107e
-			ioc..be339347
-			ioc..be065133
-			ITh..d5511b10
-			ioc..c9dae41d
-			var..e988424b
-			ioc..159c2edd
-			ioc..e5671aac
-			ioc..e77a10ff
-			ioc..9f12b0c2
-			ioc..e12a79a3
-			ioc..24430c9b
-			ioc..13507d31
-..fbe8a25b
-			ioc..8bf01893
-			{..3db22722
-				va..1a731524
-				va..ce0ec79e
-				wi..4d087f9b
-				pr..f4004af7
-				pr..c7769f07
-				re..37a4521c
-			}, ..f4ac7ca8
-..fbe8a25b
-			Too..5fd06346
-			ioc..b01eebf3
-			var..ff796c71
-			Set..e267c408
-			ioc..92cc9ab4
-			ioc..88a45954
-			ioc..00a53de4
-			ioc..d17a1f42
-			ioc..12ba4018
-			ioc..ee88fe60
-			ioc..7d8f4cfc
-			Wal..b8320f1b
-..fbe8a25b
-			//a..1ea93cf1
-			ioc..b1ef4e39
-			ioc..17d2e5f3
-			ioc..aad10f51
-			ioc..e06167fa
-			ioc..f97d1c4f
-			ioc..bde3bcf9
-			ioc..9292d16f
-			ioc..4abe4b75
-			ioc..74057509
-				(c..defd5003
-				De..fe50be15
-..fbe8a25b
-			con..31caffe0
-				(c..7dce2fb4
-				{..2e86f853
-					r..be29c906
-						..59f31a58
-				},..fe51be72
-..fbe8a25b
-			Cro..c0d17225
-		}..9ba84c77
-..fbe8a25b
-		priv..979e9e3c
-		{..bc12a0e4
-			Bin..5f952d7f
-			Bin..10c63f03
-			Bin..708da710
-			Bin..10e1c1c0
-			Bin..84af9f6f
-..fbe8a25b
-			//b..0930e9ca
-			Att..20f20d2f
-			Mug..73c36328
-			Mug..0ab75a8c
-			Mug..7f3dff4b
-			Mug..c3694201
-			Mug..6db5c47a
-			Mug..2b57fa3c
-			Mug..db03f145
-			Mug..4a2f4435
-			Mug..3e372ef7
-			Mug..785ec1c9
-			Mug..af0ac3fe
-			Mug..a8eb4b83
-			Mug..df844e45
-			Mug..efce1762
-			Mug..74715d49
-			Mug..46c6f622
-			Mug..f8051877
-			Mug..79e6ed67
-			//r..f1f8717b
-			Mug..826daa66
-..fbe8a25b
-..fbe8a25b
-			//d..d70fb050
-			And..d3d5be63
-			{..3db22722
-				re..db75387b
-			};..9054b7a3
-			And..78bca887
-			{..3db22722
-				La..4fe7e056
-				re..5cc79b43
-			};..9054b7a3
-			And..0d6e26b1
-			And..21ff7f63
-			And..600d3bd0
-..fbe8a25b
-			//c..ad68238d
-			var..71ee67d3
-			var..4d4cdf20
-			And..79f6398c
-			And..809bdf5d
-			And..90ec63a6
-		}..9ba84c77
-..fbe8a25b
-		priv..246e8fe8
-		{..bc12a0e4
-			if ..5f80f906
-				To..537551bf
-		}..9ba84c77
-..fbe8a25b
-		priv..88edaf7a
-		{..bc12a0e4
-			var..2d4c71a4
-			var..20f74c22
-			var..9b095379
-			if ..d56cb053
-				re..499220f1
-			var..8891ca69
-			var..867bde7f
-			see..8d2f3d3f
-		}..9ba84c77
-..fbe8a25b
-		priv..5b9550de
-		{..bc12a0e4
-			Mem..19e26e13
-				(i..b98508d0
-				{..2e86f853
-					i..7e2f1b79
-						..84baf7ed
-					e..128163b8
-						..573ea9a3
-				})..a2864d75
-		}..9ba84c77
-..fbe8a25b
-		priv..b3d6c8b1
-		{..bc12a0e4
-			Bin..1248ddc0
-			Mem..debde544
-			Mem..1460be86
-			Mem..12ecde0d
-			Mem..98120b4a
-			{..3db22722
-				va..d9247966
-				if..8d46fb01
-					r..5e42c8c9
-				va..c0e69aec
-				re..8db583df
-			}, ..5329a2ae
-			{..3db22722
-				va..d9247966
-				if..8d46fb01
-					b..b1ce3956
-				el..8c0a31a3
-				{..2e86f853
-					v..e3f203af
-					a..d63d939c
-					b..769ae756
-				}..dc6a5fcf
-			}, ..d3054630
-		}..9ba84c77
-..fbe8a25b
-		priv..b2b7407a
-		{..bc12a0e4
-			var..399121c3
-			res..10eb2e40
-			res..b8979203
-		}..9ba84c77
-..fbe8a25b
-		priv..372497e6
-		{..bc12a0e4
-			Reg..6b4fe11f
-			Bin..ebaee605
-			Bin..fc52c709
-			Bin..d8cb4563
-			Bin..10b2f240
-			Bin..0aed7109
-			Bin..e5f4721a
-			Bin..3cf6aaa8
-			Bin..9b02abb4
-			Bin..0f71134b
-			Vie..b3068c26
-			Men..12d10928
-			Tex..12ecc490
-			Edi..129f15a5
-			Sec..6eec2ca8
-			Ima..267cc6c6
-			Rec..1f9bbf0a
-			Reg..1e173139
-			See..574746ad
-			Lin..5bfbbefd
-			Fab..f4ac0ca4
-			Swi..b609c619
-		}..9ba84c77
-..fbe8a25b
-		priv..a132d271
-		{..bc12a0e4
-			Mem..7cd233b8
-				(i..45ca0a39
-				(i..baf02406
-			Mem..33c55159
-				(i..ac2cd25c
-				(i..22083784
-			Mem..10e71186
-				(i..b9bfc6f4
-		}..9ba84c77
-..fbe8a25b
-		priv..25305ed2
-		{..bc12a0e4
-			Mem..eb4a5a5f
-			{..3db22722
-				va..ce1578ad
-				if..2104ebc8
-					r..038b3137
-				va..6f1c1bcb
-				fo..268105a0
-				{..2e86f853
-					v..4d2ad3e5
-					i..2f1524a6
-						..65ea8f5d
-					T..0453ffa0
-					T..0e02d8dc
-					i..582c57fa
-					{..b17cfce2
-						..278aa208
-						..04ea6338
-						..de52509f
-						..4b11a569
-						..55b77bc8
-						..877122ae
-						..c1bbfbea
-						..e9b005d0
-						..461fbf4d
-						..43dbc9c1
-..fbe8a25b
-						..036c683e
-						..430ee3c8
-						..25539546
-						..7f3a3689
-..fbe8a25b
-						..4029ace8
-					}..f55ee1de
-					e..128163b8
-					{..b17cfce2
-						..5a25fbf5
-						..6b0241c8
-						..0b950066
-						..770d743b
-					}..f55ee1de
-..fbe8a25b
-					v..f0518eda
-					t..0c0c26e2
-					U..01631f74
-					+..92ea2339
-				}..dc6a5fcf
-..fbe8a25b
-				fo..da80e08d
-					l..2434da06
-			}))..8687b0bf
-		}..9ba84c77
-..fbe8a25b
-		priv..678ec651
-		{..bc12a0e4
-			Mem..8a5f440f
-			{..3db22722
-				Lo..7840b38e
-			}))..8687b0bf
-			Mem..0056f54f
-			{..3db22722
-				Lo..7840b38e
-			}))..8687b0bf
-			Mem..7aa30112
-			{..3db22722
-				Lo..bb2deb5d
-			}))..8687b0bf
-			Mem..89af6599
-			{..3db22722
-				Lo..bb2deb5d
-			}))..8687b0bf
-			Mem..8bdf64e8
-			{..3db22722
-				Lo..b27687d1
-			}))..8687b0bf
-			Mem..028dd687
-			{..3db22722
-				Lo..3f965dce
-			}))..8687b0bf
-..fbe8a25b
-			Mem..c2feedb9
-			{..3db22722
-				if..31ff9cf4
-					I..4483329d
-			}))..8687b0bf
-..fbe8a25b
-			Mem..3aba4b1c
-			{..3db22722
-				if..31ff9cf4
-				{..2e86f853
-					I..62ae7ae6
-				}..dc6a5fcf
-			}))..8687b0bf
-			Mem..6c6c350a
-			Mem..eac5f3a3
-		}..9ba84c77
-..fbe8a25b
-		priv..53396f14
-		{..bc12a0e4
-			Mem..ed6e3884
-			{..3db22722
-				if..31ff9cf4
-				{..2e86f853
-					v..cea02e00
-					i..9b0f747d
-				}..dc6a5fcf
-			}))..8687b0bf
-			Mem..cfccdb57
-			{..3db22722
-				if..31ff9cf4
-				{..2e86f853
-					i..b463d2f0
-					i..9b0f747d
-				}..dc6a5fcf
-			}))..8687b0bf
-		}..9ba84c77
-..fbe8a25b
-		priv..cb3c7389
-		{..bc12a0e4
-			var..7842831d
-			Mem..5540ada5
-			{..3db22722
-				va..4fb6552b
-				if..59c1a43f
-				{..2e86f853
-					p..057b6330
-					v..f2fd0010
-				}..dc6a5fcf
-			}))..8687b0bf
-			Mem..4133c710
-			{..3db22722
-				va..4fb6552b
-				if..59c1a43f
-				{..2e86f853
-					p..6aefeb9c
-					v..f2fd0010
-				}..dc6a5fcf
-			}))..8687b0bf
-			Mem..8e5dd900
-			{..3db22722
-				vi..d0cefcb4
-			}))..8687b0bf
-			Mem..7c970083
-			Mem..1284043b
-			Mem..b1906e0c
-			Mem..38a0c589
-			{..3db22722
-				if..6bfa6b25
-					v..054ea8ed
-			}))..8687b0bf
-			Mem..95ef538a
-			{..3db22722
-				va..d01f8c4e
-				va..e1cf728f
-				Fo..990c7c44
-				ar..e46699c9
-				Vi..746c6ab0
-				if..8eaa7661
-				{..2e86f853
-					i..50c944bc
-						..2326fcb8
-..fbe8a25b
-					v..3d431b71
-					b..715dd994
-					d..a5d70db1
-					r..bb247098
-						..2de9e37e
-						..e35e4bfc
-					v..6810995a
-					d..7815f5cc
-					v..22756bca
-					i..cce7d164
-					{..b17cfce2
-						..f019ce1c
-						..de52509f
-						..1fddc7d2
-						..d9b9d8fa
-						..877122ae
-					}..f55ee1de
-..fbe8a25b
-					T..1a9b0dec
-					P..d3920648
-				}..dc6a5fcf
-				el..8c0a31a3
-				{..2e86f853
-					r..421cf315
-						..31c49a8e
-						..356f4ba2
-				}..dc6a5fcf
-..fbe8a25b
-				va..68a2b107
-				if..f6ee8ae1
-				{..2e86f853
-					i..1c8bbdec
-					d..331e5ae5
-				}..dc6a5fcf
-				el..43275485
-				{..2e86f853
-					v..fd2d4a8e
-						..59ab18a4
-					i..52f482c3
-					d..a5c4e83a
-					d..3cf46c2d
-				}..dc6a5fcf
-			}))..8687b0bf
-		}..9ba84c77
-..fbe8a25b
-		priv..f7b85385
-		{..bc12a0e4
-			//R..dd2e11d1
-			_re..587bf3a2
-			{..3db22722
-				//..fc0e289a
-				Co..8f9275c6
-			});..5e78f367
-..fbe8a25b
-			_re..7242db37
-			{..3db22722
-				//..fc0e289a
-				Co..a4c6623b
-			});..5e78f367
-..fbe8a25b
-			_re..4c1ce45e
-			{..3db22722
-				//..fc0e289a
-				Co..a1ff4ca3
-			});..5e78f367
-			Mem..8a6db5b0
-			Mem..451f2527
-			Mem..7d3fdbc1
-			Mem..3b70395a
-				(v..0665930d
-			Mem..a9e57bfb
-				(v..6b955314
-			Mem..86633251
-				(v..6d85ef6c
-			Mem..d7ed6c34
-				(r..977cd73f
-			Mem..ae8c2a28
-			Mem..2bb35d5a
-			{..3db22722
-				va..4f3be3df
-				if..2a88a15f
-					v..59a62316
-			}))..8687b0bf
-			Mem..55d3b16a
-		}..9ba84c77
-..fbe8a25b
-		priv..78fd7efa
-		{..bc12a0e4
-			Mem..0e237bcd
-			Mem..e5b958a7
-			Mem..b9acd280
-			{..3db22722
-				if..4b4eaf69
-					U..f0bd8051
-			}))..8687b0bf
-			Mem..f4b7b4a5
-			{..3db22722
-				if..4b4eaf69
-					U..62f566d4
-			}))..8687b0bf
-		}..9ba84c77
-..fbe8a25b
-		priv..460578fd
-		{..bc12a0e4
-			Mem..bee5a31d
-				At..bb97edcd
-				{..2e86f853
-					v..1e3e6d94
-					v..f437f928
-					t..4e8b9a74
-					v..dd1a36ed
-					s..d817a09e
-					r..9d3c60da
-				})..a2864d75
-..fbe8a25b
-			Mem..bee5a31d
-				At..a9a887e2
-				{..2e86f853
-					v..1e3e6d94
-					v..f437f928
-					t..4e8b9a74
-					v..d7f092e8
-					s..d817a09e
-					r..9d3c60da
-				})..a2864d75
-		}..9ba84c77
-..fbe8a25b
-		priv..b6e8457f
-		{..bc12a0e4
-			Mem..ab05e6f0
-			{..3db22722
-				va..f4fc9259
-				va..d9542ca2
-				va..e4bca316
-				va..a40efd1a
-				vi..08d18345
-				vi..285bdbd5
-			}))..8687b0bf
-		}..9ba84c77
-..fbe8a25b
-		priv..ebbf60c1
-		{..bc12a0e4
-			var..a47dae3c
-			Vie..f7dc6be0
-			var..e8173fad
-			for..4edf7263
-			{..3db22722
-				va..ac73d030
-				if..b6acc8eb
-				{..2e86f853
-					i..c7aea422
-					b..779a3bf3
-				}..dc6a5fcf
-			}..e04e7ed3
-..fbe8a25b
-			Ima..f6e2b652
-			Ima..c11bd4ff
-			if ..17b0ad86
-			{..3db22722
-				if..812a9cb9
-					r..038b3137
-				in..61ae52a8
-				in..8aae80e2
-				{..2e86f853
-					G..491022fe
-				};..9004e86b
-				in..3a70c1ad
-				ta..21d088c8
-..fbe8a25b
-				lo..eaddb4d1
-				va..5cdea261
-				lo..41c805d4
-..fbe8a25b
-				lo..14de280e
-				dr..f8e54950
-				lo..4ac7c3c2
-			}..e04e7ed3
-			els..ec427ba2
-			{..3db22722
-				lo..eaddb4d1
-				lo..14de280e
-			}..e04e7ed3
-..fbe8a25b
-			if ..21c7c6a0
-			{..3db22722
-				va..1fdbd462
-				lo..d151df1b
-				lo..6dd374ab
-..fbe8a25b
-				va..59b69b3f
-				lo..104a8b10
-				in..c42cf122
-			}..e04e7ed3
-			els..ec427ba2
-			{..3db22722
-				lo..57eb7d2d
-				in..c826069e
-			}..e04e7ed3
-		}..9ba84c77
-..fbe8a25b
-		priv..f716712b
-		{..bc12a0e4
-			if ..26c50bbe
-			{..3db22722
-				if..2da8f915
-					r..038b3137
-				ur..16cbc1c1
-			}..e04e7ed3
-			Ima..ffbe193a
-		}..9ba84c77
-..fbe8a25b
-		priv..b652c5b2
-		{..bc12a0e4
-			var..e35ad4c5
-			if ..7aa1b50d
-			{..3db22722
-				ad..10a525ef
-				re..eed8241d
-			}..e04e7ed3
-..fbe8a25b
-			ret..d1bd43d9
-		}..9ba84c77
-..fbe8a25b
-		#end..9407ea12
-..fbe8a25b
-		#reg..56839da6
-..fbe8a25b
-		priv..e2622340
-		{..bc12a0e4
-			#re..69cf69ce
-..fbe8a25b
-			pri..cac7d1c8
-			pri..c8453544
-			pri..83a569f8
-..fbe8a25b
-			#en..b7c290c4
-..fbe8a25b
-			#re..eed3c710
-..fbe8a25b
-			pri..42ab7a5c
-			{..3db22722
-			}..e04e7ed3
-..fbe8a25b
-			pri..2a4f0e6a
-			{..3db22722
-				_e..82ff79c7
-				_r..bcdc9186
-				_l..56640d1b
-			}..e04e7ed3
-..fbe8a25b
-			#en..b7c290c4
-..fbe8a25b
-			#re..c553aa6e
-..fbe8a25b
-			pri..cd043c78
-			{..3db22722
-				re..f25947b4
-			}..e04e7ed3
-..fbe8a25b
-			pub..b62a3cc0
-			{..3db22722
-				ge..5eec0b60
-				{..2e86f853
-					v..18fac4e5
-					i..4f4ea9ee
-						..21818c8c
-					r..3e0b6e8a
-				}..dc6a5fcf
-				se..d66ca840
-				{..2e86f853
-					v..18fac4e5
-					i..5475b75e
-						..8d5b4cee
-					i..7ee13cca
-						..a4544ff1
-				}..dc6a5fcf
-			}..e04e7ed3
-..fbe8a25b
-			pub..0f0e9929
-			{..3db22722
-				ge..964b6746
-				se..d66ca840
-				{..2e86f853
-					i..8cd75b15
-						..2326fcb8
-					i..04c6f620
-						..054b96f1
-					_..4757174e
-				}..dc6a5fcf
-			}..e04e7ed3
-..fbe8a25b
-			#en..b7c290c4
-..fbe8a25b
-			#re..b1b6118b
-..fbe8a25b
-			pub..4bc72383
-			{..3db22722
-				va..d0a167a5
-				if..c4645f11
-					_..7de68d4b
-			}..e04e7ed3
-..fbe8a25b
-			#en..b7c290c4
-..fbe8a25b
-			#re..2ff2b0d7
-..fbe8a25b
-			pub..5fc4c164
-			{..3db22722
-				re..db684901
-				{..2e86f853
-					v..288572ef
-					l..3cb5e2b1
-					r..df55cd53
-				},..0fcdcfe4
-			}..e04e7ed3
-..fbe8a25b
-			pub..96ad854c
-			{..3db22722
-				re..7660001c
-			}..e04e7ed3
-..fbe8a25b
-			#en..b7c290c4
-		}..9ba84c77
-..fbe8a25b
-		priv..00aa4d35
-		{..bc12a0e4
-			#re..eed3c710
-..fbe8a25b
-			pub..a2c23312
-				: ..a0863d59
-			{..3db22722
-			}..e04e7ed3
-..fbe8a25b
-			#en..b7c290c4
-..fbe8a25b
-			#re..b1b6118b
-..fbe8a25b
-			pub..7e128980
-			{..3db22722
-				_r..b58ad396
-			}..e04e7ed3
-..fbe8a25b
-			pub..61f52ae1
-			{..3db22722
-				_r..ca137ecd
-			}..e04e7ed3
-..fbe8a25b
-			#en..b7c290c4
-		}..9ba84c77
-..fbe8a25b
-		priv..30841578
-		{..bc12a0e4
-			#re..69cf69ce
-..fbe8a25b
-			pro..07059d58
-..fbe8a25b
-			#en..b7c290c4
-..fbe8a25b
-			#re..eed3c710
-..fbe8a25b
-			pub..1a403592
-			{..3db22722
-				Re..828df480
-			}..e04e7ed3
-..fbe8a25b
-			#en..b7c290c4
-..fbe8a25b
-			#re..b1b6118b
-..fbe8a25b
-			pub..bf23f7e1
-			{..3db22722
-				_r..5ef0ed39
-			}..e04e7ed3
+    pu..3f81b7ed
+    {..ac66dc4d
+      ..d672052c
+..b91d7363
+      ..f33de045
+      ..71fa4025
+      ..b9ad8ef2
+      ..6a48fff3
+      ..f81dfe30
+      ..9cfb976d
+      ..c9efcb13
+      ..bc28cbea
+      ..bdf46e4a
+      ..26b62eed
+      ..97f206ed
+..b91d7363
+      ..3d04221c
+..b91d7363
+      ..53a5798d
+..b91d7363
+      ..2997fd32
+      ..7dc839fd
+      ..94ee4058
+      ..bc46245e
+..b91d7363
+      ..3d04221c
+..b91d7363
+      ..33362087
+..b91d7363
+      ..001067b1
+..b91d7363
+      ..3d04221c
+..b91d7363
+      ..0eae5cce
+..b91d7363
+      ..ed64090c
+      ..7dc839fd
+      ..66e8fc37
+      ..100d8720
+      ..20d45eec
+      ..b2f1ab9d
+      ..4b7ff026
+      ..a3a746ff
+      ..5be58ce1
+      ..8b0328b3
+      ..d103f001
+      ..67377d46
+      ..6cd65641
+      ..74777b85
+      ..f7f24621
+      ..b9cf4025
+      ..6c229ef5
+      ..084228dd
+      ..a7e3e768
+      ..ecfe8bc9
+..b91d7363
+      ..087db41a
+      ..a6784b95
+      ..1ef0a5f4
+      ..c403ab84
+      ..00134e91
+      ..98798187
+      ..18f3081f
+      ..564d14b7
+      ..f996f145
+..b91d7363
+      ..0cc59aa9
+      ..c20230bf
+      ..3e790c4d
+      ..53874557
+      ..b659a93a
+      ..f09372e4
+      ..727f0549
+      ..029837e7
+      ..3f7cb980
+      ..ea370582
+      ..efb755dd
+      ..d69a4af7
+..b91d7363
+      ..d6be92fa
+      ..0662215f
+      ..ccd59e37
+      ..5bf85c34
+      ..b3569334
+      ..950bd025
+      ..763d3189
+      ..1fb6ac31
+      ..0c7f5a8c
+      ..0a3ad57e
+      ..8b90f629
+      ..d6663f23
+..b91d7363
+      ..7a21d1f7
+      ..6a3441bd
+      ..6c45f32b
+      ..8e61a6ad
+      ..f76c79be
+      ..1cefe17b
+..b91d7363
+      ..985491ce
+      ..bc46245e
+..b91d7363
+      ..ef1260c4
+      ..7dc839fd
+      ..db3ed371
+      ..7a623c29
+      ..9d145509
+      ..2a2196cb
+      ..892e07ca
+..b91d7363
+      ..395c2899
+      ..93518f44
+      ..8cb1b67a
+      ..cb27ff84
+      ..40f6db61
+      ..ebe8daa4
+      ..c48a41e7
+      ..3c1883ef
+      ..295cea2a
+      ..bdcb1c65
+      ..036ebe98
+      ..9bca782b
+      ..a005908c
+      ..5b2e1482
+      ..4aae81f6
+      ..4b810d14
+      ..096fdbe2
+      ..f65ea25e
+      ..689bdc7c
+      ..1965f2e2
+      ..e6a0f864
+      ..532bdd30
+..b91d7363
+..b91d7363
+      ..e5554eb4
+      ..3378a82d
+      ..a6784b95
+      ..d4c24839
+      ..7524a01c
+      ..a5b5337c
+      ..a6784b95
+      ..8a9e4215
+      ..a013ee5c
+      ..7524a01c
+      ..596db210
+      ..987d3a73
+      ..2bcc2222
+..b91d7363
+      ..741e8d3d
+      ..b3aa09ec
+      ..ebf65306
+      ..87f66cbf
+      ..1454d1d7
+      ..f88c8058
+      ..bc46245e
+..b91d7363
+      ..5119eec2
+      ..7dc839fd
+      ..0d133619
+      ..0d5fe5ef
+      ..bc46245e
+..b91d7363
+      ..29686e8a
+      ..7dc839fd
+      ..3df898da
+      ..ab058887
+      ..b61912a6
+      ..b33655b8
+      ..2d7ab574
+      ..1fc9da71
+      ..da232e03
+      ..84826c8e
+      ..bc46245e
+..b91d7363
+      ..a7ace73d
+      ..7dc839fd
+      ..072e7da0
+      ..82ace572
+      ..6c45f32b
+      ..59f3aff0
+      ..f86ea39f
+      ..c6c65a18
+      ..0181cd26
+      ..ad08598b
+      ..bc46245e
+..b91d7363
+      ..dcaead47
+      ..7dc839fd
+      ..def3b901
+      ..3a6efacf
+      ..ad442e61
+      ..25aad2bc
+      ..f1f991d5
+      ..a6784b95
+      ..c860747a
+      ..0d9d09c2
+      ..73b01f2a
+      ..a3290405
+      ..4e88b2d1
+      ..630d539a
+      ..a6784b95
+      ..c860747a
+      ..0d9d09c2
+      ..3efedee2
+      ..adf4a90b
+      ..6c45f32b
+      ..0e14a2c9
+      ..d76bb415
+      ..a860f1c0
+      ..0140ba01
+      ..c864d22a
+      ..bc46245e
+..b91d7363
+      ..d68750ae
+      ..7dc839fd
+      ..658884ad
+      ..588ab6ae
+      ..e2237b84
+      ..bc46245e
+..b91d7363
+      ..e423ac1c
+      ..7dc839fd
+      ..687d25c2
+      ..ecc45df4
+      ..64f47218
+      ..24c55b58
+      ..f50f4a4d
+      ..e57f5b6f
+      ..c83edc3b
+      ..ee9d8eb0
+      ..4a9e0353
+      ..042d33d8
+      ..1e449be7
+      ..2ffc8930
+      ..78478939
+      ..ae1dc6bb
+      ..d2150065
+      ..1fbeaae9
+      ..70d6409b
+      ..80e9e311
+      ..a864575a
+      ..9a997f64
+      ..d8aeff00
+      ..aa372768
+      ..bc46245e
+..b91d7363
+      ..e696db26
+      ..7dc839fd
+      ..8e04a867
+      ..32a61541
+      ..bb0a5d91
+      ..bb65616d
+      ..aae8f4bc
+      ..6b91931c
+      ..c47a6b88
+      ..e6b35819
+      ..bc46245e
+..b91d7363
+      ..5c38e471
+      ..7dc839fd
+      ..094d29fd
+      ..a6784b95
+      ..ead0705d
+      ..43b0f595
+      ..9b32a7c5
+      ..d2aa1db7
+      ..ee69a5cf
+      ..6c45f32b
+      ..acfab932
+      ..a976239b
+      ..504160e7
+      ..e7847ed8
+      ..8b6265a5
+      ..7f9d84e4
+      ..07423bf9
+      ..656fdb85
+      ..c4ac21ed
+      ..4fb59faf
+      ..c9c1ac57
+      ..54000dc0
+      ..b5556152
+      ..0cfa88ae
+      ..032578af
+      ..1b5e1065
+      ..85dc7cb5
+..b91d7363
+      ..8190d8d3
+      ..35959f7f
+      ..7047c039
+      ..8236562f
+..b91d7363
+      ..742ecd28
+      ..7a5c07f5
+      ..c6c65a18
+      ..07423bf9
+      ..24b166e0
+      ..a9ab1bf5
+      ..0f37c10c
+      ..44567656
+      ..7a5c07f5
+..b91d7363
+      ..aa6e6533
+      ..5c0690cc
+      ..487c9c20
+      ..14d884df
+      ..0140ba01
+..b91d7363
+      ..80a840eb
+      ..7ab9956e
+      ..3eabbcd1
+      ..bc46245e
+..b91d7363
+      ..5d3de27e
+      ..7dc839fd
+      ..51e3507d
+      ..a6784b95
+      ..9ff53447
+      ..3eabbcd1
+      ..126ac80d
+      ..a6784b95
+      ..9ff53447
+      ..3eabbcd1
+      ..360f1b6a
+      ..a6784b95
+      ..d5f93e42
+      ..3eabbcd1
+      ..b3bd531d
+      ..a6784b95
+      ..d5f93e42
+      ..3eabbcd1
+      ..3b648767
+      ..a6784b95
+      ..12319684
+      ..3eabbcd1
+      ..c265cdba
+      ..a6784b95
+      ..ad741868
+      ..3eabbcd1
+..b91d7363
+      ..748bd560
+      ..a6784b95
+      ..1df326c3
+      ..02d1fe83
+      ..3eabbcd1
+..b91d7363
+      ..d9bf81f5
+      ..a6784b95
+      ..1df326c3
+      ..6c45f32b
+      ..8a581419
+      ..0140ba01
+      ..3eabbcd1
+      ..4a9b4346
+      ..ba05bf3c
+      ..bc46245e
+..b91d7363
+      ..426dec25
+      ..7dc839fd
+      ..3879fb8f
+      ..a6784b95
+      ..1df326c3
+      ..6c45f32b
+      ..10154c68
+      ..c5bebf56
+      ..0140ba01
+      ..3eabbcd1
+      ..a68169ba
+      ..a6784b95
+      ..1df326c3
+      ..6c45f32b
+      ..8fc0c500
+      ..c5bebf56
+      ..0140ba01
+      ..3eabbcd1
+      ..bc46245e
+..b91d7363
+      ..57a97b31
+      ..7dc839fd
+      ..ca3dc068
+      ..231cf78e
+      ..a6784b95
+      ..71c60108
+      ..48387df6
+      ..6c45f32b
+      ..cdc8bacd
+      ..5618ed23
+      ..0140ba01
+      ..3eabbcd1
+      ..d3d13e35
+      ..a6784b95
+      ..71c60108
+      ..48387df6
+      ..6c45f32b
+      ..287b378d
+      ..5618ed23
+      ..0140ba01
+      ..3eabbcd1
+      ..0bc65486
+      ..a6784b95
+      ..f84f1c31
+      ..3eabbcd1
+      ..5af5075a
+      ..586b8b1f
+      ..fd4624dc
+      ..92077b7b
+      ..a6784b95
+      ..26028b22
+      ..329ca267
+      ..3eabbcd1
+      ..1772352a
+      ..a6784b95
+      ..0673494d
+      ..6af30f2e
+      ..1bf6c494
+      ..8973158e
+      ..54c63c4a
+      ..3ade5e05
+      ..6c45f32b
+      ..f5e5960e
+      ..2fab6f16
+..b91d7363
+      ..a71d3abc
+      ..eef582a1
+      ..70f8ace2
+      ..e6615cac
+      ..0a9b0210
+      ..6321410a
+      ..f3ba754d
+      ..10a0c16f
+      ..b16089cc
+      ..a45afb6a
+      ..07423bf9
+      ..1fd0a6ad
+      ..4fb59faf
+      ..f324bea0
+      ..52f8e81f
+      ..b5556152
+      ..7a5c07f5
+..b91d7363
+      ..e534da52
+      ..928ce8d7
+      ..0140ba01
+      ..adf4a90b
+      ..6c45f32b
+      ..85c597e8
+      ..b2e156d6
+      ..f4d20c53
+      ..0140ba01
+..b91d7363
+      ..621191ff
+      ..0e8d3f50
+      ..6c45f32b
+      ..29202126
+      ..bff3c3a5
+      ..0140ba01
+      ..f12cbdbc
+      ..6c45f32b
+      ..b6fbaa4c
+      ..b570a0b5
+      ..4b20f98a
+      ..cf2452b7
+      ..02aacb3f
+      ..0140ba01
+      ..3eabbcd1
+      ..bc46245e
+..b91d7363
+      ..0e2d6188
+      ..7dc839fd
+      ..2e97ecf7
+      ..8d6e0615
+      ..a6784b95
+      ..a6acbe62
+      ..e11b7ade
+      ..1b3a2cef
+..b91d7363
+      ..716729d3
+      ..a6784b95
+      ..a6acbe62
+      ..3e18b660
+      ..1b3a2cef
+..b91d7363
+      ..3cac5809
+      ..a6784b95
+      ..a6acbe62
+      ..a0cd6d35
+      ..1b3a2cef
+      ..09e9c084
+      ..9725cf68
+      ..6eebcebd
+      ..765312ad
+      ..d58a9b44
+      ..6836523e
+      ..e5912f94
+      ..f98b2923
+      ..b6089444
+      ..c6ef7de9
+      ..3aa08f70
+      ..4de186de
+      ..b5016c28
+      ..a6784b95
+      ..d048218a
+      ..6ca58592
+      ..cadf6079
+      ..3eabbcd1
+      ..24b81e14
+      ..bc46245e
+..b91d7363
+      ..81dcd4c1
+      ..7dc839fd
+      ..f021109f
+      ..deb2832a
+      ..513394f3
+      ..ff56e67e
+      ..a6784b95
+      ..6c6b30b1
+      ..f1702c58
+      ..3eabbcd1
+      ..4632ea64
+      ..a6784b95
+      ..6c6b30b1
+      ..c0fd7a44
+      ..3eabbcd1
+      ..bc46245e
+..b91d7363
+      ..552cefae
+      ..7dc839fd
+      ..727223b5
+      ..e8c4d037
+      ..6c45f32b
+      ..f4ae5219
+      ..b889a683
+      ..ae739e50
+      ..5ab37dab
+      ..b5c9bba0
+      ..72a932b2
+      ..ad08598b
+..b91d7363
+      ..727223b5
+      ..0ee58c1e
+      ..6c45f32b
+      ..f4ae5219
+      ..b889a683
+      ..ae739e50
+      ..9936522b
+      ..b5c9bba0
+      ..72a932b2
+      ..ad08598b
+      ..bc46245e
+..b91d7363
+      ..10162bd5
+      ..7dc839fd
+      ..0880da35
+      ..a6784b95
+      ..88008e95
+      ..b9aab907
+      ..53b9b1a4
+      ..3599f801
+      ..030c102d
+      ..5e877969
+      ..3eabbcd1
+      ..bc46245e
+..b91d7363
+      ..6f0b95a5
+      ..7dc839fd
+      ..7b4fea93
+      ..a8ac5333
+      ..dd282dcc
+      ..7498941c
+      ..a6784b95
+      ..c8454d06
+      ..099eba7f
+      ..6c45f32b
+      ..6a86cfa0
+      ..1aac7679
+      ..0140ba01
+      ..dd7701a9
+..b91d7363
+      ..94b39dea
+      ..2c249b17
+      ..9663f59a
+      ..a6784b95
+      ..d12eeb2a
+      ..9b32a7c5
+      ..738fa336
+      ..80a7a61e
+      ..6c45f32b
+      ..d75af331
+      ..80373dc3
+      ..a6b0d81b
+      ..0c9f1c56
+..b91d7363
+      ..0794afab
+      ..6069c438
+      ..e5b2eb64
+..b91d7363
+      ..dc666c96
+      ..a78fb4e1
+      ..6a4d35e7
+      ..dd7701a9
+      ..60049137
+      ..a6784b95
+      ..0794afab
+      ..dc666c96
+      ..dd7701a9
+..b91d7363
+      ..a3d248b4
+      ..a6784b95
+      ..7827a50d
+      ..c3df2462
+      ..350ad96b
+..b91d7363
+      ..244582ed
+      ..ad73b5d7
+      ..21557277
+      ..dd7701a9
+      ..60049137
+      ..a6784b95
+      ..75caeae3
+      ..91ff5a30
+      ..dd7701a9
+      ..bc46245e
+..b91d7363
+      ..e2a6ee6a
+      ..7dc839fd
+      ..d4c925a0
+      ..a6784b95
+      ..1d9d1095
+      ..9b32a7c5
+      ..5e343db2
+      ..dd7701a9
+      ..ab31e8e5
+      ..bc46245e
+..b91d7363
+      ..94dd111a
+      ..7dc839fd
+      ..2e714605
+      ..f5f84b89
+      ..a6784b95
+      ..19eb94b1
+      ..76424a1a
+      ..dd7701a9
+..b91d7363
+      ..e2d81625
+      ..bc46245e
+..b91d7363
+      ..3d04221c
+..b91d7363
+      ..85741af5
+..b91d7363
+      ..c881d9d3
+      ..7dc839fd
+      ..dca94e38
+..b91d7363
+      ..a863d1ed
+      ..170b2998
+      ..39249523
+..b91d7363
+      ..8553b795
+..b91d7363
+      ..5c4625a9
+..b91d7363
+      ..b5f585b6
+      ..a6784b95
+      ..dd7701a9
+..b91d7363
+      ..1d918d6e
+      ..a6784b95
+      ..86ed3a1b
+      ..4e4320ff
+      ..97f188e3
+      ..dd7701a9
+..b91d7363
+      ..8553b795
+..b91d7363
+      ..7e7b31df
+..b91d7363
+      ..30729b17
+      ..a6784b95
+      ..f3ac41bb
+      ..dd7701a9
+..b91d7363
+      ..9d131345
+      ..a6784b95
+      ..3a65bd52
+      ..6c45f32b
+      ..ef695773
+      ..8c4f8377
+      ..1091d0a9
+      ..566909d8
+      ..0140ba01
+      ..5047f8ca
+      ..6c45f32b
+      ..ef695773
+      ..f9494483
+      ..28b868ad
+      ..acfed378
+      ..df249224
+      ..0140ba01
+      ..dd7701a9
+..b91d7363
+      ..54dd28f7
+      ..a6784b95
+      ..fe053b81
+      ..5047f8ca
+      ..6c45f32b
+      ..16fc4716
+      ..2fab6f16
+      ..7c2cbeac
+      ..3ef37dd8
+      ..0c730360
+      ..0140ba01
+      ..dd7701a9
+..b91d7363
+      ..8553b795
+..b91d7363
+      ..2e12d431
+..b91d7363
+      ..346a48e7
+      ..a6784b95
+      ..e0d8fac5
+      ..953a6c3b
+      ..91dc0103
+      ..dd7701a9
+..b91d7363
+      ..8553b795
+..b91d7363
+      ..23120c49
+..b91d7363
+      ..8e8fcc89
+      ..a6784b95
+      ..107bad20
+      ..6c45f32b
+      ..352454d4
+      ..7c547904
+      ..4176a5a1
+      ..daeee985
+      ..dd7701a9
+..b91d7363
+      ..e16fe77e
+      ..a6784b95
+      ..586c2e41
+      ..dd7701a9
+..b91d7363
+      ..8553b795
+      ..bc46245e
+..b91d7363
+      ..945e7ee5
+      ..7dc839fd
+      ..5c4625a9
+..b91d7363
+      ..ad4bb2c6
+      ..56ebcfbc
+      ..a6784b95
+      ..dd7701a9
+..b91d7363
+      ..8553b795
+..b91d7363
+      ..2e12d431
+..b91d7363
+      ..7688e047
+      ..a6784b95
+      ..545139fb
+      ..dd7701a9
+..b91d7363
+      ..6f5bcd23
+      ..a6784b95
+      ..714633c1
+      ..dd7701a9
+..b91d7363
+      ..8553b795
+      ..bc46245e
+..b91d7363
+      ..e40f6c88
+      ..7dc839fd
+      ..dca94e38
+..b91d7363
+      ..a1e6ba2b
+..b91d7363
+      ..8553b795
+..b91d7363
+      ..5c4625a9
+..b91d7363
+      ..33a32a42
+      ..a6784b95
+      ..356a3f6b
+      ..dd7701a9
+..b91d7363
+      ..8553b795
+..b91d7363
+      ..2e12d431
+..b91d7363
+      ..0d160fca
+      ..a6784b95
+      ..bf30f83c
+      ..dd7701a9
-			#en..b7c290c4
-		}..9ba84c77
+      ..8553b795
+      ..bc46245e
-		#end..9407ea12
-	}..4a6c15eb
+      ..3d04221c
+    }..5d703097
-      ..cf38dc53
+      ..c02cfe8d
-      ..f2f9cefe
+      ..0dc3ae9a
-      ..b4635332
+      ..e7e6e457
-      ..c692c171
-      ..b2ee4bd2
+      ..ae2dd381
+      ..813e7c71
-      ..8dba2f10
+      ..adec0a57
-      ..4831676b
+      ..7f5d59e3
-﻿usi..9b59410e
+﻿usi..1f28c0e1
+using ..710d5438
+using ..8aa935b1
+using ..0ae891c7
+using ..fc7efedb
-	[Pres..0b165a2b
-	publi..60f5a155
-	{..1de9386f
-		#reg..9710599e
-..fbe8a25b
-		priv..baaf21d9
-		priv..3fd8af8e
-..fbe8a25b
-		#end..9407ea12
-..fbe8a25b
-		#reg..a2e7586f
-..fbe8a25b
-		publ..560352b2
-..fbe8a25b
-		publ..b68609bf
-..fbe8a25b
-		publ..5a4f41f8
-..fbe8a25b
-		publ..ea193f3e
-..fbe8a25b
-		publ..eb00dbc0
-..fbe8a25b
-		#end..9407ea12
-..fbe8a25b
-		#reg..f1fee625
-..fbe8a25b
-		void..5f622290
-		{..bc12a0e4
-			var..220980dd
-			if ..08fc784f
-				th..6bc9c642
-			els..ec427ba2
-				In..0c08fa3e
-		}..9ba84c77
-..fbe8a25b
-		void..86760917
-		{..bc12a0e4
-			if ..aed1f198
-				st..fc08f68a
-		}..9ba84c77
-..fbe8a25b
-		#end..9407ea12
-..fbe8a25b
-		#reg..5b08e663
-..fbe8a25b
-		publ..5f5addd9
-		{..bc12a0e4
-			_co..9acf0689
-			var..b65f665c
-			Dis..eace1f51
-			Add..886715d4
-			QrC..4d41a73b
-..fbe8a25b
-			var..ff9eeca9
-			Add..d9a3ea80
-			QrA..2be71fbb
-			Log..eace63c8
-		}..9ba84c77
-..fbe8a25b
-		#end..9407ea12
-	}..4a6c15eb
+    [P..797dc899
+    pu..b0eb9202
+    {..ac66dc4d
+      ..d672052c
+..b91d7363
+      ..2ad1b284
+      ..9ecec5be
+      ..e7e34032
+      ..4095ccf9
+..b91d7363
+      ..3d04221c
+..b91d7363
+      ..33362087
+..b91d7363
+      ..4f2b0c75
+..b91d7363
+      ..405502d0
+..b91d7363
+      ..81e58f85
+..b91d7363
+      ..0cbbdc20
+..b91d7363
+      ..8e041b22
+..b91d7363
+      ..cf3e0f3a
+..b91d7363
+      ..7787c061
+..b91d7363
+      ..ca8fac38
+..b91d7363
+      ..3d04221c
+..b91d7363
+      ..0e5a7ffe
+..b91d7363
+      ..0edcc6d8
+      ..7dc839fd
+      ..e7c6ff29
+      ..ccc4d3b0
+      ..50279397
+      ..60049137
+      ..feb27cdf
+      ..bc46245e
+..b91d7363
+      ..4cb75730
+      ..7dc839fd
+      ..71794763
+      ..e7d27533
+      ..bc46245e
+..b91d7363
+      ..3d04221c
+..b91d7363
+      ..0eae5cce
+..b91d7363
+      ..18816e00
+      ..7dc839fd
+      ..4dcf5060
+      ..47a58c4b
+      ..53ac3dfc
+..b91d7363
+      ..b0375231
+      ..a6784b95
+      ..d9abd324
+      ..341ee404
+      ..6c45f32b
+      ..e197ce60
+      ..8c0dbead
+      ..9583db74
+      ..80373dc3
+      ..dd7701a9
+      ..bc46245e
+..b91d7363
+      ..858190cc
+      ..7dc839fd
+      ..af33e4ae
+      ..8daae531
+      ..f9ee8a4d
+      ..931f42f4
+..b91d7363
+      ..7e6731c7
+      ..4accf495
+      ..61a8dd31
+..b91d7363
+      ..92b28885
+      ..bc46245e
+..b91d7363
+      ..3d514bd3
+      ..7dc839fd
+      ..de43bae7
+      ..7727380c
+      ..c3fc9e91
+      ..54ae38df
+      ..bc46245e
+..b91d7363
+      ..990996dc
+      ..7dc839fd
+      ..cdf992da
+      ..a6784b95
+      ..8e3a4302
+      ..94aaef9f
+      ..9b32a7c5
+      ..399e72a1
+      ..dd7701a9
+      ..60049137
+      ..07fa0e74
+      ..d2d712dc
+      ..bc46245e
+..b91d7363
+      ..3d04221c
+    }..5d703097