-		publ..64953e8c
+		publ..2be36afa
--- /de..14f767bd
+﻿<?x..f314ca14
+<!DOCT..8e144efb
+<dotfu..f5fd754d
+  <pro..4a216908
+    <p..c2d82388
+    <p..0e2c91ba
+    <p..e627f3f8
+  </pr..c1e31638
+  <glo..2a7e24c0
+    <o..13148456
+    <o..fd725be9
+  </gl..fa334d1d
+  <inp..a4f75d45
+    <l..0f5f34dd
+    <a..02390363
+      ..b931edaa
+      ..c5b33b11
+      ..feb8b245
+      ..8f4c759b
+      ..7dbd4943
+      ..cafd219f
+      ..1b18f788
+      ..c5b33b11
+      ..feb8b245
+      ..8f4c759b
+      ..b32544b2
+      ..cafd219f
+      ..4d9f6623
+      ..c5b33b11
+      ..feb8b245
+      ..8f4c759b
+      ..59dbdddf
+      ..cafd219f
+      ..571a5e23
+      ..c5b33b11
+      ..feb8b245
+      ..8f4c759b
+      ..1d8b2c70
+      ..cafd219f
+      ..a0afad88
+      ..c5b33b11
+      ..feb8b245
+      ..8f4c759b
+      ..5db267df
+      ..cafd219f
+      ..b3e6d972
+      ..c5b33b11
+      ..feb8b245
+      ..8f4c759b
+      ..dc37ecaa
+      ..cafd219f
+      ..5cb773dc
+      ..c5b33b11
+      ..feb8b245
+      ..8f4c759b
+      ..0089daec
+      ..cafd219f
+      ..3a37ea63
+      ..c5b33b11
+      ..feb8b245
+      ..8f4c759b
+      ..7bc5e22a
+      ..cafd219f
+      ..7815a4f5
+      ..c5b33b11
+      ..feb8b245
+      ..8f4c759b
+      ..25238c94
+      ..cafd219f
+      ..79833797
+      ..c5b33b11
+      ..feb8b245
+      ..8f4c759b
+      ..b0944472
+      ..cafd219f
+      ..cbdb04d6
+      ..c5b33b11
+      ..feb8b245
+      ..8f4c759b
+      ..c06da5ea
+      ..cafd219f
+      ..a0688113
+      ..c5b33b11
+      ..feb8b245
+      ..8f4c759b
+      ..254148d5
+      ..cafd219f
+    </..27091f82
+  </in..48147278
+  <out..2e7edf32
+    <f..cf7b5d54
+  </ou..aa443cbe
+  <ren..781cce67
+    <o..d05c0fde
+    <o..c0048b9c
+    <e..2eb61b03
+      ..6323dda7
+      ..5f92008d
+      ..2601dbc6
+      ..d020876c
+      ..e2281cd5
+      ..87cbf316
+      ..77f0cc9a
+      ..e2281cd5
+      ..5a3184fc
+      ..62718b69
+      ..764c6264
+      ..e2281cd5
+      ..88543fb7
+      ..85f42757
+      ..e2281cd5
+      ..890b4417
+      ..85f42757
+      ..e2281cd5
+      ..cccabdb6
+      ..6df70499
+      ..e2281cd5
+      ..8360180d
+      ..6df70499
+      ..e2281cd5
+      ..3f5e5f75
+      ..6df70499
+      ..e2281cd5
+      ..f9b0e24e
+      ..af2c6f40
+      ..eaba56ea
+      ..04488ef4
+      ..e2281cd5
+      ..cdc7213e
+      ..bfcc06a2
+      ..9c29cbab
+      ..38644314
+      ..e65a8b96
+      ..e7fd663f
+      ..981b32e3
+      ..6da7f788
+      ..9f2e6806
+      ..0bf62ac0
+      ..178396b8
+      ..1277cd69
+      ..e2281cd5
+      ..37b4f244
+      ..d223599e
+      ..1a8f5f60
+      ..7d291163
+      ..482a9abf
+      ..e2281cd5
+      ..a30c8ebf
+      ..5c9bf636
+      ..9a5a615c
+      ..2ff136a7
+      ..b15aad28
+      ..1ef67cc8
+      ..87c5be47
+      ..87a0b6f8
+      ..e5e8306f
+      ..dd7ad5a8
+      ..31f9da35
+      ..1c3128b3
+      ..ac8ebf0a
+      ..ac471227
+      ..208ea9fb
+      ..5cc4ebcf
+      ..aa6c2d21
+      ..7f7b7bdf
+      ..e00ae9eb
+      ..ad3f505c
+      ..13640416
+      ..8af1c050
+      ..76fb1647
+      ..f19b28bc
+      ..9a986ac3
+      ..12774674
+      ..6c938b8f
+      ..d8cd7165
+      ..103f27a0
+      ..c570b087
+      ..3ce575dc
+      ..2bb6c467
+      ..0b455662
+      ..056f308b
+      ..90123acc
+      ..81855dca
+      ..e2281cd5
+      ..2ea9567b
+      ..4b9d5cc1
+      ..5681f3da
+      ..227e6002
+      ..8818abfd
+      ..ea26f3fc
+      ..a9c65bb4
+      ..117cdc8e
+      ..0119bfaa
+      ..0f3a34b6
+      ..280cdd67
+      ..60d99545
+      ..022d3207
+      ..35c51fdd
+      ..2522913c
+      ..e2281cd5
+      ..0f4caf54
+      ..3020ec9b
+      ..05ef1153
+      ..a99412dc
+      ..2407ee44
+      ..60a932b3
+      ..9f68a9ff
+      ..c54bd7aa
+      ..805fbec3
+      ..fb36e13f
+      ..442be66f
+      ..2e2efa6a
+      ..744736c7
+      ..e87798f6
+      ..a97b357e
+      ..b6f1e353
+      ..ec7b06ea
+      ..009b0fcf
+      ..63c1c2e2
+      ..ef92403b
+      ..56af1cdf
+      ..18585adb
+      ..1bab0524
+      ..1ed5fd44
+      ..3682cca9
+      ..1f29fbba
+      ..10ff7bb7
+      ..7e5c2d1e
+      ..94b4e902
+      ..3e9ba490
+      ..8958f1c9
+      ..d31c9609
+      ..994f9d2a
+      ..e2281cd5
+      ..469afb0c
+      ..2f85f3c0
+      ..770fd4a4
+      ..40acd2b7
+      ..24e0cb97
+      ..87bd96e6
+      ..ddeaa78a
+      ..79cf132f
+      ..d4a63a01
+      ..ee1b8573
+      ..74956ea5
+      ..c0e0c12f
+      ..2c828627
+      ..be032ca6
+      ..db67c777
+      ..3ab0a42e
+      ..73fed820
+      ..d13aa568
+      ..f56ba001
+      ..b02628dd
+      ..d413835a
+      ..6b973ba6
+      ..8800ef5c
+      ..fb10235d
+      ..5c00bf02
+      ..f9e36ef8
+      ..e277a8b0
+      ..fd16fd66
+      ..6a7f2dcf
+      ..e2281cd5
+      ..a18ce96a
+      ..90db9f90
+      ..1c96cfa7
+      ..da5cee5e
+      ..c48625bc
+      ..cc1a1ca2
+      ..13e7d48c
+      ..2f4a2f90
+      ..f3f1e53a
+      ..e2281cd5
+      ..351dc415
+      ..50c5d324
+      ..7328a5a7
+      ..e2281cd5
+      ..92dfda0e
+      ..061b7669
+      ..e2281cd5
+      ..fa954361
+      ..599f225d
+      ..e2281cd5
+      ..32b54ce9
+      ..f0b78b61
+      ..e2281cd5
+      ..cbec3724
+      ..1f776715
+      ..e2281cd5
+      ..c1bd388c
+      ..a32bc522
+      ..75404207
+      ..e2281cd5
+      ..7e5bb2d3
+      ..6a276732
+      ..adbb0ad8
+      ..857f7ff8
+      ..c56649d7
+      ..84260d0c
+      ..63a3af3b
+      ..908625d6
+      ..e2281cd5
+      ..b7428532
+      ..8eaf325e
+      ..e2281cd5
+      ..265f9fbc
+      ..34a19bea
+      ..e2281cd5
+      ..b9161133
+      ..0fa28406
+      ..549ed1aa
+      ..e2281cd5
+      ..a746bf3e
+      ..87bbd9d2
+      ..18673bda
+      ..5a62a612
+      ..53abe6fa
+      ..5186c761
+      ..e2281cd5
+      ..c566f4b4
+      ..a9b7d804
+      ..e2281cd5
+      ..4a1ef3e5
+      ..547b3b2c
+      ..e2281cd5
+      ..5b2b967a
+      ..954a44da
+      ..e2281cd5
+      ..85209d7b
+      ..97f62c56
+      ..c25b5624
+      ..3a7907a7
+      ..265d608d
+      ..e2281cd5
+      ..34dab76e
+      ..a32bc522
+      ..75404207
+      ..e2281cd5
+      ..6b97456f
+      ..0549a131
+      ..e2281cd5
+      ..133c509b
+      ..a4741295
+      ..e2281cd5
+      ..575eae35
+      ..125b9b72
+      ..455f325e
+      ..e41a6e48
+      ..2a0dd8a6
+      ..e2281cd5
+      ..8fb86e34
+      ..61799221
+      ..e2281cd5
+      ..e90b77c4
+      ..1f3224d4
+      ..e2281cd5
+      ..25765b4a
+      ..d25294ed
+      ..e2281cd5
+      ..0ef39879
+      ..501d57aa
+      ..e2281cd5
+      ..21f63287
+      ..1dcdc7b7
+      ..e2281cd5
+    </..efb30c21
+    <m..a7de7b06
+      ..100965f0
+      ..eb0f7fac
+      ..a3f1c319
+    </..32e79750
+    <r..46ed76c8
+      ..d8e63e7b
+    </..d17ee1b3
+  </re..bce58968
+  <con..d01b1bfb
+    <e..2eb61b03
+      ..7dc27a03
+      ..7dbd4943
+      ..4816c91d
+      ..7dc27a03
+      ..59dbdddf
+      ..4816c91d
+      ..7dc27a03
+      ..dc37ecaa
+      ..4816c91d
+      ..7dc27a03
+      ..0089daec
+      ..4816c91d
+      ..7dc27a03
+      ..25238c94
+      ..4816c91d
+      ..7dc27a03
+      ..7bc5e22a
+      ..4816c91d
+      ..7dc27a03
+      ..1d8b2c70
+      ..4816c91d
+      ..7dc27a03
+      ..5db267df
+      ..4816c91d
+      ..7dc27a03
+      ..b0944472
+      ..4816c91d
+      ..7dc27a03
+      ..c06da5ea
+      ..4816c91d
+    </..efb30c21
+  </co..b3a6d5c6
+  <rem..84bcb5c9
+    <o..b914361f
+    <r..8fba88b9
+      ..894fc2ce
+    </..259be0c1
+    <r..f0e295e4
+  </re..4192af49
+  <lin..f96ac4fc
+    <o..b914361f
+    <l..0c3a6519
+      ..d02c138d
+      ..915462eb
+      ..681f9776
+      ..a9444ecc
+      ..c358bfff
+      ..f6873b40
+      ..2d532b20
+      ..681f9776
+      ..475d39fa
+      ..c358bfff
+      ..681f9776
+      ..a9444ecc
+      ..c358bfff
+      ..681f9776
+      ..fe4d37a0
+      ..c358bfff
+      ..681f9776
+      ..855eaad9
+      ..c358bfff
+      ..681f9776
+      ..9a42bf8f
+      ..c358bfff
+      ..681f9776
+      ..b129888e
+      ..c358bfff
+      ..681f9776
+      ..2384fee0
+      ..c358bfff
+      ..681f9776
+      ..75a543f3
+      ..c358bfff
+      ..3f033444
+      ..85f6934f
+    </..c8408166
+  </li..da901179
+  <sos..e4ada5ed
+    <o..fcf9c321
+    <o..b914361f
+    <o..47638946
+  </so..4224f57f
+  <sma..c9dccf7d
+    <s..ee68324c
+      ..6958d05b
+    </..4ed0647e
+  </sm..77a127e4
+</dotf..0a1a5816
+    <M..21e08db1
-    <M..8fb7bacc
+    <M..79c797a4
+    <M..21e08db1
+    <M..b06cea36
+    <C..56ede02a
+    <C..0710c655
-    <C..08b33735
+    <C..9e881e16
+    <C..3d54012e
-    <N..651f963e
+    <B..b71a0440
+      ..ad510c94
+    </..ad7ad70f
+    <B..227938dc
+      ..0c1658e0
+    </..ad7ad70f
+    <B..52e3a99f
+      ..36bc884d
+    </..ad7ad70f
+    <B..ae59ba59
+      ..365f59e9
+    </..ad7ad70f
+    <T..5b645c8e
+      ..e1743754
+    </..42b1cc9d
+using ..f47faa7b
+using ..666c8b74
+      ..a6784b95
+      ..709f4d80
+      ..dd7701a9
+      ..fb99d694
+      ..7dc839fd
+      ..9fdf4620
+      ..a6784b95
+      ..822f4ad3
+      ..66c3f699
+      ..62ab8ed6
+      ..dd7701a9
+..b91d7363
+      ..fdcef3b6
+      ..65b76399
+..b91d7363
+      ..406677eb
+      ..3f86b1ce
+..b91d7363
+      ..7553b5ba
+      ..8bda2a16
+      ..d8d5e982
+      ..bc46245e
+..b91d7363
+      ..db93972b
+      ..7dc839fd
+      ..d15c6288
+      ..cbb07bee
+      ..99e1cc21
+      ..bc46245e
+..b91d7363
+      ..21a3c7db
+      ..7dc839fd
+      ..4a2edb8f
+      ..bc46245e
+..b91d7363
+++ /de..158a9d35
-<Getti..c3f95bf5
-	<Loca..7bf2941e
-	<Embe..b07f1963
-</Gett..706c6589
+using ..8286484c
+using ..f729e67e
-	[Regi..9e4dd7be
-	publi..ca83bfd0
-	{..1de9386f
-		#reg..9710599e
-..fbe8a25b
-		priv..e6980575
-		priv..0d554af1
-		priv..b1511bc1
-		priv..19abba5d
-		priv..a217ab0b
-		priv..23f8598c
-		priv..374543c5
-		priv..f37dcfcb
-..fbe8a25b
-		#end..9407ea12
-..fbe8a25b
-		#reg..f868c824
-..fbe8a25b
-		priv..3f5ab3b6
-		{..bc12a0e4
-			_vi..b1126dd7
-			Reg..03c4f291
-			var..e3015e14
-			if ..74bac2d1
-				vi..5060367d
-		}..9ba84c77
-..fbe8a25b
-		#end..9407ea12
-..fbe8a25b
-		#reg..a2e7586f
-..fbe8a25b
-		priv..47828028
-		{..bc12a0e4
-			get..9d653b14
-			{..3db22722
-				va..03c29346
-				if..fc0b3c68
-					U..8d02e1d6
-				re..f315ef2d
-			}..e04e7ed3
-		}..9ba84c77
-..fbe8a25b
-		#end..9407ea12
-..fbe8a25b
-		#reg..5b08e663
-..fbe8a25b
-		publ..47582dde
-		{..bc12a0e4
-			ret..5a5fb591
-		}..9ba84c77
-..fbe8a25b
-		publ..402fe113
-		{..bc12a0e4
-			OnK..7840b14c
-		}..9ba84c77
-..fbe8a25b
-		publ..0b37cd70
-		{..bc12a0e4
-			if ..af7ea4f7
-				On..bd4a6856
-			els..ec427ba2
-				ba..a68b0e59
-		}..9ba84c77
-..fbe8a25b
-		priv..a9d0daeb
-		{..bc12a0e4
-			Cle..a9808a5d
-			if ..8259808e
-			{..3db22722
-				NS..dd5d3899
-				_k..2ca20899
-				_k..e6911ed8
-			}..e04e7ed3
-..fbe8a25b
-			if ..9bd4b1b1
-			{..3db22722
-				NS..c7dc6f52
-				_k..b6eb0325
-				_k..fdfa4a51
-			}..e04e7ed3
-		}..9ba84c77
-..fbe8a25b
-		priv..13753bf1
-		{..bc12a0e4
-			var..9911f90d
-			tar..f50b7beb
-			_ac..9df71b75
-		}..9ba84c77
-..fbe8a25b
-		priv..5f7d591a
-		{..bc12a0e4
-			ret..76ff1e82
-		}..9ba84c77
-..fbe8a25b
-		priv..b5db99ce
-		{..bc12a0e4
-			Unr..eede6e95
-		}..9ba84c77
-..fbe8a25b
-		priv..f0364f61
-		{..bc12a0e4
-			var..33dcadac
-			try..77dead26
-			{..3db22722
-				if..fed52687
-					r..038b3137
-				va..72788b24
-				va..10f5a507
-				if..9db42567
-					r..038b3137
-				_v..32fbaf17
-				_k..8250f56d
-				if..5f84fb14
-				{..2e86f853
-					i..b6ef7f1e
-					{..b17cfce2
-						..10b60111
-						..777b533f
-						..db8e0c07
-					}..f55ee1de
-				}..dc6a5fcf
-				el..8c0a31a3
-					C..f0b3826f
-..fbe8a25b
-				co..07339ef8
-				va..67e085f3
-				va..01b5e319
-..fbe8a25b
-				bo..1f4f19ea
-				if..ab14a0d4
-				{..2e86f853
-					v..2a610127
-					i..6dd983a8
-						..e3a9c556
-				}..dc6a5fcf
-..fbe8a25b
-				va..2cac1255
-				if..399f8217
-					h..fdcb7c95
-..fbe8a25b
-				if..5f84fb14
-				{..2e86f853
-					i..970a6d40
-						..617486f0
-..fbe8a25b
-					i..9f662a83
-					{..b17cfce2
-						..d1e615dd
-						..de52509f
-						..779b712c
-						..9db7a4bc
-						..7224eb10
-						..56a94486
-					}..f55ee1de
-				}..dc6a5fcf
-				el..8c0a31a3
-				{..2e86f853
-					v..a835bc11
-					_..beda80e9
-					i..c7720597
-					{..b17cfce2
-						..d1e615dd
-						..de52509f
-						..779b712c
-						..19ba0613
-						..209b27ca
-						..a47f50a5
-						..0d418e20
-						..1318fbdd
-						..56a94486
-					}..f55ee1de
-				}..dc6a5fcf
-			}..e04e7ed3
-			fin..abca6ea1
-			{..3db22722
-				ke..a29f369a
-			}..e04e7ed3
-		}..9ba84c77
-..fbe8a25b
-		priv..2cb28f66
-		{..bc12a0e4
-			var..0a45a192
-			if ..c008471b
-				re..499220f1
-..fbe8a25b
-			//C..1833bb9e
-			var..9f78ae11
-..fbe8a25b
-			//S..56b13cd9
-			UIV..e630766e
-			UIV..9c9f456b
-			UIV..42b7c166
-			UIV..b55278f4
-..fbe8a25b
-			//P..2a317bc1
-			var..05ab1431
-				vi..49d11921
-					?..b1f7eea1
-					:..40d0d254
-..fbe8a25b
-			OnK..319e3a78
-..fbe8a25b
-			//C..0b9cdb32
-			UIV..39249d4d
-		}..9ba84c77
-..fbe8a25b
-		priv..daff39db
-		{..bc12a0e4
-			if ..a3710da7
-			{..3db22722
-				_k..902b1c18
-					N..0990b0f3
-						..49038169
-			}..e04e7ed3
-..fbe8a25b
-			if ..46a5f14a
-			{..3db22722
-				_k..42017d78
-					N..5f2f7498
-						..49038169
-			}..e04e7ed3
-		}..9ba84c77
-..fbe8a25b
-		#end..9407ea12
-	}..4a6c15eb
+    [R..d03cbd14
+    pu..45f1a87d
+    {..ac66dc4d
+      ..d672052c
+..b91d7363
+      ..b55265f0
+      ..3c756496
+      ..aaa287ca
+      ..d9578bd5
+      ..2176a018
+      ..1960d1cb
+      ..55ad0a69
+      ..8c6e4d10
+..b91d7363
+      ..3d04221c
+..b91d7363
+      ..53a5798d
+..b91d7363
+      ..ab81ddff
+      ..7dc839fd
+      ..78f67e26
+      ..7a094bac
+      ..1bfeec77
+      ..ce0bd6e0
+      ..9782af1d
+      ..bc46245e
+..b91d7363
+      ..3d04221c
+..b91d7363
+      ..33362087
+..b91d7363
+      ..883748e8
+      ..7dc839fd
+      ..ca311177
+      ..a6784b95
+      ..10f850b8
+      ..bccf63aa
+      ..7e00e5d5
+      ..6753b714
+      ..dd7701a9
+      ..bc46245e
+..b91d7363
+      ..3d04221c
+..b91d7363
+      ..0eae5cce
+..b91d7363
+      ..7322fbf9
+      ..7dc839fd
+      ..c044f7c3
+      ..bc46245e
+..b91d7363
+      ..caa79bde
+      ..7dc839fd
+      ..f60b4502
+      ..bc46245e
+..b91d7363
+      ..a10096af
+      ..7dc839fd
+      ..3fec269e
+      ..a7289365
+      ..60049137
+      ..5206d91a
+      ..bc46245e
+..b91d7363
+      ..fab0ce6f
+      ..7dc839fd
+      ..94ae38bd
+      ..c4b4b7ec
+      ..a6784b95
+      ..0cf0d395
+      ..2652bc3a
+      ..238a08ee
+      ..dd7701a9
+..b91d7363
+      ..6d911192
+      ..a6784b95
+      ..61969604
+      ..0d9e5f6e
+      ..b204ad8a
+      ..dd7701a9
+      ..bc46245e
+..b91d7363
+      ..12adb6ba
+      ..7dc839fd
+      ..2048c971
+      ..9b178b5f
+      ..8e57a63a
+      ..bc46245e
+..b91d7363
+      ..4bd0bae1
+      ..7dc839fd
+      ..687f5be0
+      ..bc46245e
+..b91d7363
+      ..84d6953b
+      ..7dc839fd
+      ..5812e474
+      ..bc46245e
+..b91d7363
+      ..4dc9952f
+      ..7dc839fd
+      ..2c5674c9
+      ..7a8192f9
+      ..2d7ab574
+..b91d7363
+      ..6dc907e9
+      ..06bf4279
+      ..a6784b95
+      ..96396288
+      ..9e220b2c
+      ..dd7701a9
+      ..050e20ee
+      ..2d7ab574
+      ..249a50fd
+      ..cb6719ab
+      ..a6784b95
+      ..1536b3ac
+      ..9b32a7c5
+..b91d7363
+      ..3bc03cf7
+      ..7ca77370
+      ..6c45f32b
+      ..53832ac3
+      ..0140ba01
+      ..adf4a90b
+      ..6c45f32b
+      ..8efb3c75
+      ..0140ba01
+..b91d7363
+      ..804be204
+      ..ff0c3633
+      ..f3548f4d
+      ..9b32a7c5
+      ..620a6350
+      ..91c40018
+      ..7ca77370
+      ..6c45f32b
+      ..29e8d6db
+      ..07423bf9
+      ..75d5a6af
+      ..3a38a5ad
+      ..c1567fd2
+      ..7a5c07f5
+..b91d7363
+      ..f07bb631
+      ..9c551b84
+      ..07423bf9
+      ..7dd7a4d5
+      ..006f54a2
+      ..04faf0b7
+      ..7a5c07f5
+      ..0140ba01
+      ..adf4a90b
+      ..0a4555a7
+      ..dd7701a9
+      ..2cdc1e31
+      ..a6784b95
+      ..f0e4a95e
+      ..dd7701a9
+      ..bc46245e
+..b91d7363
+      ..3a1f55c5
+      ..7dc839fd
+      ..2c5674c9
+      ..3aa45248
+      ..2d7ab574
+..b91d7363
+      ..9f60024e
+      ..d93a4cb5
+..b91d7363
+      ..91534197
+      ..e4415d0b
+      ..67488028
+      ..ea33d42b
+      ..09997d75
+..b91d7363
+      ..bf866146
+      ..43d37f97
+      ..7f26eb40
+      ..d723596a
+      ..5dba1005
+..b91d7363
+      ..e09bd6bf
+..b91d7363
+      ..a72f7fd0
+      ..ee0a0f77
+      ..bc46245e
+..b91d7363
+      ..5b988521
+      ..7dc839fd
+      ..8dd2ff71
+      ..a6784b95
+      ..89d8b281
+      ..e5708da5
+      ..824038b0
+      ..dd7701a9
+..b91d7363
+      ..faf2c384
+      ..a6784b95
+      ..4a6dac4e
+      ..0e67fe01
+      ..824038b0
+      ..dd7701a9
+      ..bc46245e
+..b91d7363
+      ..3d04221c
+    }..5d703097
--- /de..14f767bd
+﻿usi..91b2d8d0
+using ..f678b064
+using ..fc7efedb
+using ..aeb7c399
+using ..f729e67e
+using ..e5d25035
+using ..720aacf1
+using ..082768b4
+using ..dfae262a
+using ..3f66b21e
+..b91d7363
+namesp..6bdd07b9
+{..35856ba3
+    pu..bbfd9b3a
+    {..ac66dc4d
+      ..0e5a7ffe
+..b91d7363
+      ..5fb61352
+      ..7dc839fd
+      ..6889d572
+      ..89bf9375
+      ..89b13e5b
+      ..bc46245e
+..b91d7363
+      ..b81f514a
+      ..7dc839fd
+      ..6889d572
+      ..89bf9375
+      ..a6784b95
+      ..7c008e18
+      ..2d7ab574
+      ..dd7701a9
+..b91d7363
+      ..297e9eab
+      ..82836ed4
+      ..2d7ab574
+..b91d7363
+      ..8e3591c6
+      ..cfb43f26
+      ..bebd5a8a
+      ..60049137
+      ..661952c2
+      ..bc46245e
+..b91d7363
+      ..3d04221c
+..b91d7363
+      ..0eae5cce
+..b91d7363
+      ..480b04d1
+      ..7dc839fd
+      ..ec0d803d
+      ..df2af50a
+      ..bfedce52
+      ..a6784b95
+      ..0312599f
+      ..d7f05413
+      ..3cea1663
+      ..472d3211
+      ..2db3b31f
+      ..dd7701a9
+..b91d7363
+      ..69f9e51a
+      ..aa43b34d
+      ..1bf03444
+      ..3b37eb94
+      ..6995e1cf
+..b91d7363
+      ..4eb32126
+      ..bc46245e
+..b91d7363
+      ..65f4574d
+      ..7dc839fd
+      ..1bfeec77
+      ..6100ab85
+      ..a6784b95
+      ..0fbf8685
+      ..16c6d1fa
+      ..9bf8b5bc
+      ..c9a7f8f3
+      ..6c45f32b
+      ..78a8998b
+      ..3e6ade78
+      ..04a47fd1
+      ..11dea5b2
+      ..65d3838d
+      ..cbe6d3d8
+      ..659b3cce
+      ..01ff8b7f
+      ..6457872a
+      ..c65d019a
+      ..0140ba01
+      ..dd7701a9
+..b91d7363
+      ..a005d913
+      ..74445514
+      ..b5958a2d
+      ..bc46245e
+..b91d7363
+      ..d45c08ab
+      ..2ce90443
+      ..b7878724
+      ..7dc839fd
+      ..f3481404
+      ..2d7ab574
+      ..cb6719ab
+      ..a6784b95
+      ..8b3f7b73
+      ..c9121d1e
+..b91d7363
+      ..a8602675
+      ..384ecafd
+..b91d7363
+      ..c5f7e4d9
+      ..47541d0d
+      ..600e7042
+      ..0e0a539d
+..b91d7363
+      ..28fa700b
+      ..6c45f32b
+      ..bd262b6b
+      ..7ec30f66
+      ..bd3dec24
+      ..bda33903
+      ..92bb15de
+      ..dbfbb22a
+      ..31e4f266
+      ..eb6ba2b6
+      ..76b41166
+      ..388ce68c
+      ..67b144e8
+      ..fc3516fa
+      ..0140ba01
+      ..2c1d235b
+      ..6c45f32b
+      ..46c5be79
+      ..70e16dd4
+      ..446079a3
+      ..0140ba01
+..b91d7363
+      ..7a2a68cd
+      ..1653ed62
+      ..58173307
+      ..33c4d7da
+      ..bb1be149
+      ..0dc9a8b1
+      ..0cc7d91d
+..b91d7363
+      ..1f9a78fc
+      ..ff89d758
+      ..dd7701a9
+      ..c37c6891
+      ..a6784b95
+      ..69b75781
+      ..dd7701a9
+      ..bc46245e
+..b91d7363
+      ..a53e8de1
+      ..7dc839fd
+      ..f545aafe
+      ..2d7ab574
+      ..24ec2024
+      ..4d5f43cb
+      ..bc46245e
+..b91d7363
+      ..7b8dd3a5
+      ..7dc839fd
+      ..a7637f84
+      ..bc46245e
+..b91d7363
+      ..3d04221c
+    }..5d703097
+}..d8f9f87e
-using ..7f3a8fac
+using ..f678b064
+using ..7439bb51
+using ..aeb7c399
+using ..f47faa7b
+using ..666c8b74
-	publi..790c1194
-	{..1de9386f
-		#reg..9710599e
+    pu..a135bfe2
+    {..ac66dc4d
+      ..d672052c
+..b91d7363
+      ..1569db00
+      ..3ea68396
+..b91d7363
+      ..3d04221c
-		priv..d73e2ec1
-		priv..940346c1
+      ..53a5798d
-		#end..9407ea12
+      ..7edf12ce
+      ..7dc839fd
+      ..d19f5009
+      ..e8fd6187
+      ..bc46245e
-		#reg..f868c824
+      ..3d04221c
-		publ..c8be9355
-		{..bc12a0e4
-			_te..9c6cf4af
-			_te..54499373
-		}..9ba84c77
+      ..33362087
-		#end..9407ea12
+      ..eef40690
-		#reg..a2e7586f
+      ..428a8494
-		publ..8f539b75
+      ..ece4bbdc
-		publ..def0dfb5
+      ..a9144d7f
-		publ..747f040b
+      ..851324e1
-		#end..9407ea12
+      ..3d04221c
-		#reg..f1fee625
+      ..0e5a7ffe
-		publ..8c9d84d1
-		{..bc12a0e4
-			//	..679af3ad
-			//	..29ad543b
-			for..5a5b4652
-				yi..3ff77a07
-		}..9ba84c77
+      ..ea684540
+      ..7dc839fd
+      ..06249061
+      ..64ebf5be
+      ..68cdb996
+      ..878500c6
+      ..bc46245e
-		IEnu..a0a959a9
-		{..bc12a0e4
-			ret..389ccb18
-		}..9ba84c77
+      ..e7900067
+      ..7dc839fd
+      ..67f89f04
+      ..bc46245e
-		publ..ef51e386
-		{..bc12a0e4
-		}..9ba84c77
+      ..a01d2579
+      ..7dc839fd
+      ..bc46245e
-		publ..598aedf9
-		{..bc12a0e4
-			if ..8704be4d
-				_t..51056b13
-			els..ec427ba2
-				_t..ddbc5f3a
-		}..9ba84c77
+      ..f0ca7fcc
+      ..7dc839fd
+      ..5c71cdaa
+      ..75eb03f6
+      ..60049137
+      ..2f729e9e
+      ..bc46245e
-		publ..c11dac47
-		{..bc12a0e4
-			_te..71bc5a75
-		}..9ba84c77
+      ..9e88c623
+      ..7dc839fd
+      ..041672ff
+      ..bc46245e
-		publ..afb694aa
-		{..bc12a0e4
-			ret..d46fb697
-		}..9ba84c77
+      ..b96d3e43
+      ..7dc839fd
+      ..69e40834
+      ..bc46245e
-		publ..d18e615c
-		{..bc12a0e4
-			_li..ba63c39c
-		}..9ba84c77
+      ..e18cdc71
+      ..7dc839fd
+      ..27034721
+      ..bc46245e
-		publ..9b16380d
-		{..bc12a0e4
-			_li..3aa4ffac
-		}..9ba84c77
+      ..a69bfc22
+      ..7dc839fd
+      ..1a7b70a9
+      ..3b60ae9e
+      ..bc46245e
-		#end..9407ea12
-	}..4a6c15eb
+      ..3d04221c
+    }..5d703097
-      ..9d87fb8f
+      ..82c948de
-      ..2f5a8933
+      ..738ad953
-<docum..74197121
-	<depe..a0f3b5f9
-		<plu..3aa99dce
-		<cap..0060e981
-	</dep..2b351b97
-	<obje..232b9d1d
-		<pla..07ec1245
-		<pla..d41f3dff
-		<vie..9224df08
-			<re..6c02f25a
-			<au..9607108e
-			<su..a2f9f230
-				<l..c1064c03
-					m..675fb3f2
-					<..041df326
-					<..e578d348
-					<..0110c57a
-					<..3eda681f
-				</..3a6f9d14
-				<l..9083e61a
-					m..db69c253
-					<..add2f5f2
-					<..56786ea5
-					<..0110c57a
-					<..3eda681f
-				</..3a6f9d14
-			</s..cd5efc4f
-			<co..3ce07945
-			<co..ed90081c
-				<c..a15fc0da
-				<c..cce842c3
-				<c..9b925828
-				<c..510dc7a8
-				<c..2d99a651
-				<c..0ef48a72
-			</c..ccdad904
-			<ni..d108065a
-			<fr..5c30d031
-			<po..2f288a09
-		</vi..415e28b6
-	</obj..2cf0b75d
-</docu..554979e9
+<docum..3b8a1d10
+    <d..a4aad8e1
+      ..7f917e1d
+    </..3f9a9b70
+    <d..2950cc33
+      ..c5a8b32c
+      ..66ef1aa5
+      ..de742080
+    </..f96ed5d8
+    <o..7ccfcdbd
+      ..37d28347
+      ..b5e02dd2
+      ..60fcff18
+      ..e8c65843
+      ..d6977fd0
+      ..45a502ad
+      ..4bc49371
+      ..0aca83d7
+      ..da79c24e
+      ..09ed8fef
+      ..598d8e01
+      ..ee9cfbf1
+      ..da79c24e
+      ..d67bf817
+      ..c74d15eb
+      ..7b7cbfd8
+      ..c3848329
+      ..4bfae022
+      ..b8b758e8
+      ..22c2f4d7
+      ..09757e34
+      ..7ba1a4b7
+      ..9a312c52
+      ..1880c565
+      ..da79c24e
+      ..09ed8fef
+      ..a9da286b
+      ..57a4bd73
+      ..6bc4db67
+      ..4e5c4f9e
+      ..590fce6a
+      ..b62fc43d
+    </..de0a2bd2
+    <r..45435f63
+      ..8ebcb204
+      ..c2b57529
+      ..975833a2
+      ..fc2f5bc2
+      ..2c601376
+      ..e2ebb349
+      ..07487e90
+      ..6cd670e3
+      ..4f009ace
+      ..67f8ce56
+      ..5f6a864c
+      ..b549e164
+      ..d438a866
+      ..ea53fd3f
+      ..48a6f841
+      ..be680d62
+      ..d58b034d
+      ..4a7d2353
+      ..c75e4dee
+      ..927d7ebe
+      ..73870d7f
+      ..0c9cb026
+      ..bdfbef09
+      ..0b5342f3
+      ..88fab58e
+      ..f228dd96
+      ..8fa5a8e6
+      ..fea29c0a
+      ..e9fb5bbb
+      ..23ef356e
+      ..d9f0394e
+      ..a5203185
+      ..68b01d76
+      ..4e62ece0
+      ..59505f69
+      ..e7f545e7
+      ..99706fc0
+    </..5a95802b
+</docu..66cfc319
+using ..00e05530
+using ..d2cac412
+using ..b85f0b6f
-    pu..77682ae3
+    pu..2fbff76a
+      ..385b4d24
+..b91d7363
+      ..b7d47c79
+      ..d9ce2cd2
+      ..beaf7cd9
+      ..abc8c7ba
+      ..d3daae1b
+      ..04016b65
+      ..dff40bae
-      ..d11820b6
-..fbe8a25b
-      ..c4a1502e
+      ..133c5812
+      ..6336ff20
+      ..7dc839fd
+      ..0434ddb7
+      ..bc46245e
+..b91d7363
--- /de..14f767bd
+﻿nam..f7b742c8
+{..35856ba3
+    pa..654fad66
+    {..ac66dc4d
+      ..3aa6d627
+      ..7dc839fd
+      ..024578ed
+      ..520b70c5
+      ..bc46245e
+..b91d7363
+..b91d7363
+      ..0e94a788
+      ..7dc839fd
+      ..34f1696e
+      ..16070ce7
+      ..be657590
+      ..bc46245e
+..b91d7363
+..b91d7363
+      ..063b00f7
+      ..7dc839fd
+..b91d7363
+      ..bc46245e
+..b91d7363
+..b91d7363
+      ..afe13b9c
+      ..7dc839fd
+      ..9db5310f
+      ..81c53495
+      ..56bfcd02
+      ..d803ae6b
+      ..2abf924d
+      ..400f2ae4
+      ..3791f56a
+      ..18ca25d5
+      ..11803288
+      ..b4274448
+      ..bbb7e303
+      ..bf5e7ee2
+      ..a32eefec
+      ..98863d75
+      ..1161280d
+      ..6961b622
+      ..27e707b9
+      ..c9ca6a0e
+      ..8a6fa107
+      ..d7e79e3d
+      ..dfe0aff4
+      ..306a9fb9
+      ..d94e5b62
+      ..1aec3008
+      ..7dee14e7
+      ..fbf14217
+      ..dfd5baf4
+      ..855aaa90
+      ..eecd4970
+      ..03797a33
+      ..bc46245e
+..b91d7363
+..b91d7363
+      ..f51e0e24
+      ..7dc839fd
+      ..3dcc8416
+      ..540d32ec
+      ..c434ba2c
+      ..04d704f0
+      ..79bcf165
+      ..bc46245e
+    }..5d703097
+}..d8f9f87e
+++ /de..158a9d35
-﻿usi..6ad61497
-using ..3f4026cc
-using ..023c2567
-using ..fc6350ff
-using ..2cf9f6c7
-using ..d5afdb97
-using ..3d0a5f0e
-using ..7a19a7a1
-using ..5d93cc8f
-using ..5df74d7a
-using ..60eb9331
-using ..3456ac59
-using ..481f56ee
-using ..a92a2311
-using ..183d9188
-using ..a788aab3
-using ..895b2a26
-using ..7f3a8fac
-using ..9172bd84
-using ..30b1f673
-using ..68cdb244
-using ..9418fcd1
-using ..4f21c37c
-using ..d3d5b1ab
-using ..6ac0fe28
-using ..4f24b836
-using ..785e2559
-using ..232763bf
-using ..78a17e03
-using ..0bb93cfe
-using ..928d3097
-using ..78d9bafa
-using ..d3af943e
-using ..2b8d2f4e
-..fbe8a25b
-namesp..ab466a12
-{..105b6f8a
-    pu..9ee6281d
-    {..bc037c8e
-      ..b9254865
-..fbe8a25b
-      ..e88fa416
-..fbe8a25b
-      ..acd15e9a
-..fbe8a25b
-      ..6fb38d79
-..fbe8a25b
-      ..71f8811d
-..fbe8a25b
-      ..59a60bcd
-      ..6ac82473
-      ..8136dce0
-..fbe8a25b
-      ..9ac91e19
-..fbe8a25b
-      ..0150e9b5
-      ..c43ce39f
-      ..f05086be
-      ..385e2acd
-      ..e6c680a1
-      ..7b24298f
-      ..bf7d96fb
-      ..1b2d8971
-      ..9f0a76b8
-      ..8e4d7262
-      ..0f24dd6b
-      ..44b4e6b8
-      ..9017d7aa
-      ..2afbf761
-      ..fcaeb29e
-      ..a073d712
-      ..46507c7e
-      ..20b1346c
-      ..1b7e8796
-      ..a8e2c68c
-      ..6c01dd05
-      ..4e3963d8
-      ..b850bd22
-      ..ffa8f6eb
-      ..399198ee
-      ..f4fbbb2c
-      ..fca11957
-      ..0269809b
-      ..9017d7aa
-..fbe8a25b
-      ..a188f972
-      ..83e8fda1
-      ..3d132d19
-..fbe8a25b
-      ..5d00e2ca
-      ..6ac82473
-      ..3d132d19
-..fbe8a25b
-      ..6fb38d79
-..fbe8a25b
-      ..c2748557
-..fbe8a25b
-      ..0d46d577
-      ..6ac82473
-      ..bc54bf8a
-      ..e0867551
-      ..3d132d19
-..fbe8a25b
-      ..2b3d15db
-      ..6ac82473
-      ..cf6e3ca1
-      ..8b2b6f99
-      ..63c55536
-      ..3862a792
-      ..3e94869c
-      ..30ce84bd
-      ..3d132d19
-..fbe8a25b
-      ..457b706d
-      ..6ac82473
-      ..f6598573
-      ..e0cc7fbd
-      ..c7bf8a7d
-      ..91f036c3
-      ..56d155c8
-      ..186159b3
-      ..d110a12f
-      ..e637e854
-      ..539069c3
-      ..865fd051
-      ..75bf475d
-      ..cbb490d1
-      ..0fdc665f
-      ..f1f4cd2b
-      ..43162699
-      ..bd3560fa
-      ..634ba230
-      ..d0eaef0e
-      ..ec91e641
-      ..0ebff559
-      ..1443b109
-      ..75bf475d
-      ..23142bcb
-      ..39099d86
-      ..3c3d2d12
-      ..d8b24e30
-      ..b2fbc128
-      ..617886f9
-      ..97bfd6cb
-      ..b210894d
-      ..0ebff559
-      ..4a28afdc
-//    ..90c42a77
-//    ..448f7fa0
-//    ..cef86845
-//    ..29ae57ee
-//    ..768605ad
-//    ..1a379792
-//    ..7f7f495e
-//    ..e4e9992f
-//    ..9dfcea36
-//    ..a4052abc
-//    ..685ee379
-//    ..8ab50aa0
-//    ..7f7f495e
-//    ..e4e9992f
-//    ..9dfcea36
-//    ..6c07a802
-//    ..685ee379
-//    ..f85a0d43
-      ..3d132d19
-..fbe8a25b
-      ..65830262
-      ..6ac82473
-      ..217c7c67
-      ..476e7aef
-      ..4effab9c
-      ..1b7e8796
-      ..29901460
-      ..3e83d24f
-      ..133cd12c
-      ..003fad56
-      ..9daeda2c
-      ..1b7e8796
-      ..29901460
-      ..3b603e75
-      ..ce546675
-      ..efcbe988
-      ..3d132d19
-..fbe8a25b
-      ..8eb3f5aa
-      ..6ac82473
-      ..c139c98d
-      ..1063cdc5
-      ..8a32660c
-      ..1b7e8796
-      ..3379fdb2
-      ..7f19b2af
-      ..a5532e3b
-      ..97f32d1e
-      ..aef804cd
-      ..abbac0ab
-      ..e1f02815
-      ..04bea4ed
-      ..5230c5cd
-      ..efcbe988
-      ..3d132d19
-..fbe8a25b
-      ..96b04464
-      ..6ac82473
-      ..5e237333
-      ..f32b10f9
-      ..8dfa0ded
-      ..9eb7211f
-      ..fa9fb601
-      ..4f6d2080
-      ..741cd214
-      ..1e959143
-      ..934adc1c
-      ..0a47b01f
-      ..3d132d19
-..fbe8a25b
-      ..8f4f3b1a
-      ..6ac82473
-      ..2afc6622
-      ..0ff03501
-      ..3d132d19
-..fbe8a25b
-      ..4f0d2e18
-      ..6ac82473
-      ..f90a9eb5
-      ..52e08bc3
-      ..fe10733d
-      ..9032aa07
-      ..14f57890
-      ..863bcd7f
-      ..35644a52
-      ..e6044ee1
-      ..1b7e8796
-      ..4bafa5f4
-      ..26ead6f0
-      ..d2906298
-      ..c5f4df8e
-      ..8984b90f
-      ..efcbe988
-      ..2cd799ad
-      ..1b7e8796
-      ..176f0bb4
-      ..5e6de206
-      ..b8cbfefd
-      ..99d1f997
-      ..5e6de206
-      ..df7740de
-      ..f1aad2b5
-      ..97f32d1e
-      ..7feea60c
-      ..e637e854
-      ..d0528c1b
-      ..e96c7b80
-      ..2ba822f6
-      ..46d7b0ca
-      ..ed49ea3a
-      ..60f47aaf
-      ..e15b0282
-      ..5e6de206
-      ..bc5e2d3b
-      ..67e7f6ba
-      ..97f32d1e
-      ..8a992a75
-      ..72267aeb
-      ..259a7c49
-      ..b66992e4
-      ..f6a4dcd0
-      ..c5f4df8e
-      ..97f32d1e
-      ..c1c3bcc1
-      ..d7d86fa3
-      ..043e4f2d
-      ..259a7c49
-      ..a3a88e8b
-      ..f6a4dcd0
-      ..efcbe988
-      ..3d132d19
-..fbe8a25b
-      ..6fb38d79
-..fbe8a25b
-      ..f98c504d
-..fbe8a25b
-      ..0f6f998d
-      ..6ac82473
-      ..d337e60d
-..fbe8a25b
-      ..8381f486
-      ..1902f7dc
-..fbe8a25b
-      ..6c418f53
-..fbe8a25b
-      ..adbac750
-..fbe8a25b
-      ..2743a8e1
-      ..1b7e8796
-      ..779118d8
-..fbe8a25b
-      ..6c418f53
-..fbe8a25b
-      ..e2ef11de
-..fbe8a25b
-      ..03a0c681
-      ..1b7e8796
-      ..43f841ad
-      ..779118d8
-..fbe8a25b
-      ..9581f516
-      ..1b7e8796
-      ..5836e7fb
-      ..3724975e
-      ..779118d8
-..fbe8a25b
-      ..6c418f53
-      ..3d132d19
-..fbe8a25b
-      ..6fb38d79
-    }..d7c9af3d
-}..65f6c3b0
--- /de..14f767bd
+﻿usi..91b2d8d0
+using ..d72e7378
+using ..d2cac412
+using ..1ae1a4c6
+using ..779f7c3d
+using ..39fef02a
+using ..8aa1ad55
+using ..f678b064
+using ..f9dead9f
+using ..3115b72a
+using ..03a3eb4a
+using ..a899070f
+using ..af226732
+using ..fa6d3454
+using ..7439bb51
+using ..6edd5d19
+using ..5974d24c
+using ..fc7efedb
+using ..aeb7c399
+using ..7298c235
+using ..8bb77880
+using ..f47faa7b
+using ..6ff5ddb4
+using ..f729e67e
+using ..b54fb010
+using ..6bfc6d7c
+using ..7e6b61e6
+using ..914c5198
+using ..ba823567
+using ..b85f0b6f
+using ..c193a190
+using ..ba0fbc53
+using ..eae0cd7c
+using ..a77da9bb
+using ..6414e5a3
+using ..5ec3dce1
+using ..082768b4
+using ..5538674d
+using ..ae170443
+using ..9a6250f6
+using ..129fe5e6
+using ..ae89f644
+using ..3531dd9b
+using ..3f66b21e
+..b91d7363
+namesp..20b15d44
+{..35856ba3
+    pu..ee42872f
+    {..ac66dc4d
+      ..33362087
+..b91d7363
+      ..001067b1
+..b91d7363
+      ..3d04221c
+..b91d7363
+      ..0eae5cce
+..b91d7363
+      ..ed64090c
+      ..7dc839fd
+      ..66e8fc37
+      ..100d8720
+      ..b973d513
+      ..a6784b95
+      ..5d9aee40
+      ..80fe0a6a
+      ..62ab8ed6
+      ..7524a01c
+      ..431a24ba
+..b91d7363
+      ..72f0939f
+..b91d7363
+      ..d027f538
+      ..a0ab7327
+      ..9cc98b52
+..b91d7363
+      ..76ae5ebb
+      ..87ad95e1
+..b91d7363
+      ..a91e2f86
+      ..899f0576
+      ..ef295f64
+..b91d7363
+      ..178eb1ff
+      ..aff9e8d0
+      ..0d1dbbfe
+..b91d7363
+      ..9a947dc3
+      ..3f132d16
+      ..009fb502
+..b91d7363
+      ..b955de03
+      ..b91c3f29
+      ..461241cd
+      ..51ecd9b6
+      ..a45e5bc0
+      ..a6784b95
+      ..e7fe681d
+      ..28448372
+      ..82e18a2d
+      ..98798187
+      ..f7da9d35
+      ..564d14b7
+      ..f996f145
+      ..0d37662e
+      ..09556493
+      ..a03ca8bd
+      ..d4017970
+      ..1aa3a144
+..b91d7363
+      ..6c4d28ff
+      ..91c03898
+      ..46f21b72
+..b91d7363
+      ..f70283f2
+      ..fea07653
+      ..b4c47c06
+..b91d7363
+      ..d69a4af7
+..b91d7363
+      ..d6be92fa
+      ..390e7396
+      ..87c63cdf
+      ..194f944a
+      ..2e63883c
+      ..17744ff0
+      ..c141779e
+      ..327bf078
+      ..d3fd9753
+      ..d4e3d35d
+      ..d6663f23
+      ..f22777e7
+      ..a2e1da37
+      ..2f1729d0
+      ..74e18aee
+      ..7e75c7ba
+      ..6c45f32b
+      ..df8cda50
+      ..4fb59faf
+      ..b1d91aa6
+      ..522eab98
+      ..cb74ecf8
+      ..04dcfd4b
+      ..d6663f23
+..b91d7363
+      ..985491ce
+      ..bc46245e
+..b91d7363
+      ..5119eec2
+      ..7dc839fd
+      ..0d133619
+      ..0d5fe5ef
+      ..bc46245e
+..b91d7363
+      ..e423ac1c
+      ..7dc839fd
+      ..b94b5398
+      ..ee2e2364
+..b91d7363
+      ..93518f44
+      ..892e07ca
+..b91d7363
+      ..2987df70
+      ..72e7dc2d
+      ..8cf2b5cd
+      ..13ae7f44
+      ..efd3b12b
+      ..8fe7897e
+      ..62f56278
+      ..e744b462
+      ..666877f1
+..b91d7363
+      ..ebbde4f9
+      ..c75d7ad0
+      ..391877a5
+      ..451bbb5c
+      ..c1f9b889
+      ..da619f55
+      ..769c872a
+      ..25c6bb6a
+      ..8af91e3f
+..b91d7363
+      ..69c3a904
+      ..38445621
+      ..4e870ad3
+      ..3a647d6d
+      ..491d4c00
+      ..0f8aa34b
+      ..bc46245e
+..b91d7363
+      ..9b4c9ac9
+      ..7dc839fd
+      ..c4a31372
+      ..396f336f
+      ..2897e1a4
+      ..4dba6315
+      ..fb0f8abf
+      ..edc15811
+      ..df3d2eb8
+      ..07423bf9
+      ..22343019
+      ..6757138d
+      ..4fb59faf
+      ..a13afe75
+      ..bd4b7d3e
+      ..61b9af39
+      ..65174df8
+      ..8b5e2157
+      ..1f6431bf
+      ..b62debe8
+      ..4fb59faf
+      ..350b00f7
+..b91d7363
+      ..2b7e455d
+      ..29ed3325
+      ..10e5261d
+      ..d39c6361
+      ..26d4f837
+      ..3159e8fd
+      ..d17f38d3
+      ..1f6431bf
+      ..8a83cbe2
+      ..5a6a559d
+      ..a6784b95
+      ..27530e49
+      ..ecabd270
+      ..6c45f32b
+      ..3e4546ae
+      ..9c551b84
+      ..d874d04e
+      ..0140ba01
+      ..adf4a90b
+      ..6c45f32b
+      ..3e4546ae
+      ..9c551b84
+      ..b272f503
+      ..0140ba01
+      ..3eabbcd1
+      ..bc46245e
+..b91d7363
+      ..dbee0c08
+      ..7dc839fd
+      ..86fc140c
+      ..623ea4ff
+      ..f54e2715
+      ..a6784b95
+      ..c83a9d83
+      ..a04c0a75
+      ..4727dc8b
+      ..208780c3
+      ..afa81d91
+      ..a6784b95
+      ..c83a9d83
+      ..111647aa
+      ..70e9469d
+      ..3eabbcd1
+      ..bc46245e
+..b91d7363
+      ..ca776ed2
+      ..7dc839fd
+      ..99825440
+      ..d764de50
+      ..ce15bb38
+      ..a6784b95
+      ..fe5292da
+      ..50e7f26d
+      ..7024f44a
+      ..6c45f32b
+      ..884a2d37
+      ..80373dc3
+      ..b7620d11
+      ..83cfdcff
+      ..bb9b3f0a
+      ..3eabbcd1
+      ..bc46245e
+..b91d7363
+      ..a265baad
+      ..7dc839fd
+      ..c586294e
+      ..025dd7a1
+      ..bc46245e
+..b91d7363
+      ..53560b48
+      ..7dc839fd
+      ..982d4652
+      ..37376797
+      ..5c95ae85
+      ..dae2b52b
+      ..f2faee70
+      ..fbf7af12
+      ..c9e7f55d
+      ..3eeff0ab
+      ..a6784b95
+      ..8924f6f6
+      ..8f793a02
+      ..4259a0bf
+      ..adf4a90b
+      ..59887fa3
+      ..3eabbcd1
+      ..27c50f70
+      ..a6784b95
+      ..7f11d848
+      ..9b32a7c5
+      ..20befec0
+      ..4992a753
+      ..9b32a7c5
+      ..4d66a2fd
+      ..8685a1f9
+      ..6c45f32b
+      ..9622351c
+      ..07423bf9
+      ..4f980a1a
+      ..762b957a
+      ..d81da14a
+      ..d5b33684
+      ..18bce672
+      ..daeee985
+      ..b7d663ad
+      ..9b32a7c5
+      ..07f2bbb2
+      ..c1c9ad2e
+      ..6c45f32b
+      ..c7df0ec1
+      ..d19c54d0
+      ..30e3cdbf
+      ..0a0703d1
+      ..0140ba01
+      ..adf4a90b
+      ..6c45f32b
+      ..74e67554
+      ..af41d159
+      ..fa256766
+      ..30e3cdbf
+      ..bad5b46e
+      ..0140ba01
+      ..3eabbcd1
+      ..bc46245e
+..b91d7363
+      ..3d04221c
+    }..5d703097
+}..d8f9f87e