+using ..d00c1459
+using ..2bd751b3
+using ..246e316b
+using ..8578457d
+		#reg..a8ff30f4
+..10af8fe9
+		priv..21ed4fa7
+		priv..0b2f1db9
+..10af8fe9
+		priv..80b3f901
+..10af8fe9
+		#end..6eb817fe
+..10af8fe9
-				Au..5c7f6de3
+				Au..70a0f92f
+				Al..a6d13ac8
-				Mi..9ff18faf
+				Mi..93f160fa
+				Au..aca89d4f
-			var..6d48ea7c
+			var..f4eebcd8
+			{..9d84aeeb
+				Au..5c5f9321
+			};..d9b9b50b
+			Vie..0efe0701
-			Vie..6782edcb
+			Vie..0efe0701
-			Vie..6782edcb
-			val..bb9bdf78
+			val..47a9d3d0
-			val..f80801fd
+			val..b6131540
-			val..6d9f3b6d
+			val..d679d453
-			val..6a1ae514
+			val..e7480886
-			val..a6ecbf9e
+			val..0152b21c
-			val..223b08b0
+			val..d1bde9b1
-			val..33c96654
+			val..9ff5294c
-			val..4b674eb2
+			val..bcf7ebcf
-			val..fe3720dd
+			val..3de34f70
-			val..07057eeb
+			val..4f362597
+..10af8fe9
+..10af8fe9
+			bot..44e8fb2c
+			Vie..68e3f5f8
-			((U..477bd75b
+			_da..0dfcda72
+			{..9d84aeeb
+				Ed..8b67e38e
+			};..d9b9b50b
+			Sty..c138dddb
+			_da..d94d3360
+			_da..a0a13249
+			_da..744d70e1
+			_da..1e7ba23e
+			Vie..819f59a8
+..10af8fe9
+			_da..de2151b7
+			Sty..caf11b0d
+			_da..d23e5a8c
+			Vie..ffb5e58e
+			_da..b3e00b27
+..10af8fe9
+			_da..83862c6b
+			Sty..1b63d2cb
+			Vie..30633ae6
+			_da..840be85b
+..10af8fe9
+			var..15493329
+			Vie..086a438a
+..10af8fe9
+			ref..918213d4
+			ref..57e50c09
+			thi..fab6fbcf
+			thi..a84f375e
+		}..e455a541
+..10af8fe9
+		priv..2aba57ca
+		{..0c5eeb5b
+			var..103a2da3
+			_da..d57b1c89
+			_da..8a34b926
+			_da..5c3f2155
+..10af8fe9
+			_da..b583c807
+			_da..dd4a9314
+..10af8fe9
+			((U..9d838e63
+		publ..db4b7d97
+		{..0c5eeb5b
+			bas..21b07107
+			if ..5291af9e
+				Up..5ec5d620
+		}..e455a541
+..10af8fe9