-			_wo..416e5eab
+			_wo..bba82fe3
-				Fo..6778af57
+				Fo..ece8bd84
+				Au..2dd4be60
-			ret..4b902016
+			ret..61309d44
-			_wo..7166c74a
+			_wo..eedb9a81
-			thi..0066080b
+			thi..72b6ce8f
-				Au..acc3778b
+				Au..534b04a5
+				Ba..2e253fe3
-				Au..acc3778b
+				Au..534b04a5
+				Ba..2e253fe3
-			thi..c384b19e
+			thi..ee292bab
-						..fb606824
+						..8298d642
+						..0ca5687b
-				Te..21df2ecc
+				Te..be89ccd5
+				Ba..7ac1f3dc
-			thi..4a37fe27
+			thi..de93c4b8
+using ..42e248ee
-				Au..acc3778b
+				Au..534b04a5
+				Ba..7ac1f3dc
-			_co..7d071edc
-			{..52ca055e
-				Au..c4e0008f
-				Ba..2d44a511
-				Sh..2ca96160
-				Sh..ecbbe7dc
-			};..7a0d0967
+			_co..ad21cace
-				Au..acc3778b
+				Au..534b04a5
+				Ba..2e253fe3
-				Au..acc3778b
+				Au..534b04a5
+				Ba..2e253fe3
-			_co..9b810085
-				ne..c3d77950
-			{..52ca055e
-				Ba..23e2f42e
-				Sh..2ca96160
-				Sh..ecbbe7dc
-			};/..42565148
+			_co..1be93b43
+			_co..5d48cc86