-<svg f..5bf275fe
-    <p..db6d154a
+<svg f..c66b1e3a
+    <C..517be4e4
+    <C..b6625e90
+    <C..4abbd88f
+    <C..a83e5205
+    <C..07025ba1
+using ..1ef2dfb7
+using ..eb50fc2a
-			dra..9b99ff72
+			dra..991da3eb
+			Dis..2453f00e
+		publ..72a61769
+		{..70a83a5d
+			var..af9f388d
+			cur..3bf56160
+			_po..878d4fe3
+			{..e8dd4a0d
+				Po..1129597a
+				Po..e6e36588
+				Th..bbce6efb
+			};..b88e69ce
+			_po..2a4f33c5
+		}..03fff7b8
+..5f3eb623
+		publ..681bc9bd
+		{..70a83a5d
+			var..85e3c87a
+			{..e8dd4a0d
+				Au..1dcb2083
+			};..b88e69ce
+			var..a62b5016
+			{..e8dd4a0d
+				On..7eee18df
+				Tr..c7c4c5d3
+				Au..0b8ba54b
+			};..b88e69ce
+			@sw..cb0a3c2f
+			@sw..cd0e5f63
+			@sw..3e03116c
+			hea..5c2bc7aa
+..5f3eb623
+			var..33410185
+			{..e8dd4a0d
+				Fo..ece8bd84
+				Te..be89ccd5
+				Te..c31bf027
+				Au..1dcb2083
+			};..b88e69ce
+			hea..2dd17dda
+..5f3eb623
+			vie..796997ee
+		}..03fff7b8
+..5f3eb623
+			vie..a67f3f76
+		}..03fff7b8
+..5f3eb623
+		publ..673436f8
+			thi..ffec78b0
+			Act..fb0dfca2
+			whe..59175bde
+		{..70a83a5d
-			var..2e69ccf3
-			_po..b6a3c6e3
+			var..ea093803
+			if ..f2b0b966
+				re..c7c1ab5c
+			var..98fe2f09
-				Po..051ea9e9
+				He..759e525d
+			};..b88e69ce
+			_po..10241c56
+			{..e8dd4a0d
+				Po..d0890410
-			if ..68542289
+			if ..6a037100
+			if ..6d0cc705
+				re..c7c1ab5c
+using ..c04fbb53
+using ..46651af5
+using ..47ce4a22
+		priv..f60a176d
-		publ..c41f8f3d
+		publ..9d08747d
+			_th..4f8c327e
-			thr..ddfb6652
+			_th..dae72452
+			{..e8dd4a0d
+				tr..0cfadba3
+				{..55777ccf
+					v..76bb2232
+					U..daef49a1
+				}..c1ae0712
+				ca..f6c06cd8
+				{..55777ccf
+					A..560ffd0b
+				}..c1ae0712
+			});..f1fdba78
+using ..15eed6ae
+		publ..2abc91f4
+..5f3eb623
-			ret..3d09325e
+			if ..e464df57
+				re..72f30355
+			ret..4f57be60
-		publ..803a4a03
+		publ..a01a5158
-			Vie..8e83bea3
-			bas..ab68b518
+			var..c6efb0b5
+			if ..e464df57
+				Vi..578b4baf
+			els..45bbc5b9
+			{..e8dd4a0d
+				vi..f0d1e3f9
+				He..ba5dfa93
+				va..5e916d0d
+				Vi..7b5a63fc
+			}..5410785c
-				Sc..e7af05de
+				Sc..de0aa6b7
+				Sh..49e92519
+				Sh..a97653de
+			els..6379a7fc
+				wi..3fb6aa85
+		publ..74f3b2f8
+		publ..3efd654f
+		publ..49288bee
-		publ..75d9b3f3
+		publ..c9bdf347
+			if ..76d85326
+				Ri..2d8be462
-		//		..a1c98b6c
-		//		..042489f4
-		//		..a1eaf25a
-		//		..e6606c11
+		publ..260c9445
+		{..70a83a5d
+			new..ac68ce38
+		}..03fff7b8
--- /de..2d6d4a1e
+﻿usi..a53d31e0
+using ..e415a876
+using ..d8c16299
+using ..1ef2dfb7
+using ..c04fbb53
+using ..09d232e9
+using ..47ce4a22
+..5f3eb623
+namesp..9f8a900c
+{..83a00301
+	publi..a238c6f8
+	{..e65fbe01
+		#reg..fd9e0a4f
+..5f3eb623
+		publ..dc57a42c
+		priv..fc237224
+..5f3eb623
+		#end..44d08f47
+..5f3eb623
+		#reg..40e1929a
+..5f3eb623
+		priv..057105e6
+		{..70a83a5d
+		}..03fff7b8
+..5f3eb623
+		#end..44d08f47
+..5f3eb623
+		#reg..fc7b24a7
+..5f3eb623
+		publ..3c9280b0
+		{..70a83a5d
+			con..ab139864
+			con..6ae84f22
+			con..7e63ca27
+		}..03fff7b8
+..5f3eb623
+		publ..c020279c
+		{..70a83a5d
+			ret..be62e2f2
+		}..03fff7b8
+..5f3eb623
+		publ..6674e69f
+		{..70a83a5d
+		}..03fff7b8
+..5f3eb623
+		publ..99dd0c66
+		{..70a83a5d
+			ret..477ecb0e
+		}..03fff7b8
+..5f3eb623
+		#end..44d08f47
+	}..4e8f27dd
+}..8ff581b0
+using ..67e4e872
+using ..a2ce2b3d
+		priv..024cba80
+			con..0a951ad5
-			ret..81402c98
+			if ..ca4c35b4
+				re..5f0544c5
+			ret..14f02625
-			ret..b6420926
+			if ..ca4c35b4
+				re..7ba7cb51
+			ret..6f9fa44f