-      ..2f31f4e4
+      ..c9474453
-		"en-..c4b0fefb
+		"en-..2c7eab3d
-	"Wall..11227a62
-		"en-..68c19e9f
-		"bn-..2d5b3fc4
-		"de-..05f0bedb
-		"el-..9681fc2d
-		"he-..e43db4c3
-		"hi-..9bf14516
-		"it-..a564f1dd
-		"ms-..2631a9f5
-		"pl-..853ffefb
-		"pt-..8108e426
-		"ro-..51329af5
-		"ru-..04f4d8a8
-		"vi-..530827e7
-	},..a8e1ef66
-	"Wall..0414d871
-		"en-..4369584a
-		"bn-..8faa6b6c
-		"de-..2f58fe6a
-		"el-..3d13436f
-		"he-..fc55e705
-		"hi-..114e6412
-		"it-..1bc822c2
-		"ms-..dd0c3cbf
-		"pl-..3e65832f
-		"pt-..abc4b41d
-		"ro-..427d3c99
-		"ru-..e229c87e
-		"vi-..d236e14c
-	},..a8e1ef66
-	"Wall..4a048258
-		"en-..27d70ca8
-		"bn-..641c18c6
-		"de-..c7a0ec5b
-		"el-..70baeeca
-		"he-..a6ae92fb
-		"hi-..3a1693c9
-		"it-..1f5e59d7
-		"ms-..69fb5bf3
-		"pl-..75f39f87
-		"pt-..6c92a50c
-		"ro-..205e9513
-		"ru-..55282f09
-		"vi-..7b362a21
-	},..a8e1ef66