-			var..68077a6a
+			var..ddb77192
+{"Comm..f1b9dea5
+{"Wall..b262658a
+{"Wall..d2752d3a
+{"Wall..99dad26e
+{"Wall..5792c1f5
+{"Wall..529914d2
+{"Wall..04485775
+{"Wall..d0decfa7
+{"Wall..eb0428a9
+{"Wall..d69efb31
+{"Wall..e6b98f14
+{"Wall..375200bf
+{"Wall..059efb5c
+{"Wall..cb5f5940
+{"Wall..68e2b742
+{"Wall..1882eec6
+{"Wall..1b0fd129
+{"Wall..b583d5fc
-{"Wall..c503538d
+{"Wall..a08fdb53
+{"Wall..32e250f2
+{"Wall..34a15406
+{"Wall..48f91f33
+{"Comm..67190d65
-{"Tran..64cabac4
+{"Tran..abd585a4
-{"Tran..b4a58dc7
-{"Tran..8271ceb9
+{"Tran..e7817e78
+{"Tran..76e541b5
+{"Wall..d9fea99d
+{"Wall..b3ef7a5e
+{"Wall..33498745
+{"Wall..b4e434ff
+{"Wall..45e34d05
+{"Wall..ae6caa39
+{"Wall..99e8103f
+{"Wall..95832989
+{"Wall..fe100297
-{"Wall..78d64047
+{"Wall..e86bed40
-{"Wall..917f7477
+{"Wall..0c025f8b
+{"Wall..405bc8df
+{"Wall..f68602c5
-{"Wall..66cd43d1
+{"Wall..8187069f
-{"Wall..2d007af4
+{"Wall..28ffe577
-{"Wall..9bdeb54e
-{"Wall..9116ef56
+{"Wall..9909bce1
+{"Wall..83a9398c
-{"Wall..c0b363d9
+{"Wall..9a1d7b3a
+{"Wall..7770ad77
+{"Wall..f6293d34
+{"Wall..a3d579ba
+{"Wall..db0bdfa2
+{"Wall..f12459be
+{"Wall..5a37847c
-{"Wall..29283929
+{"Wall..f5ff946c
+{"Comm..0b850f2f
+{"Wall..04753b28
+{"Wall..81ee450e
+{"Wall..242f18ff
+{"Wall..666ce68c
+{"Wall..94265aed
+{"Wall..7348f893
+{"Wall..3ad6500d
+{"Wall..5015fbaa
+{"Wall..d15c3a4b
+{"Wall..1c784505
+{"Wall..5a5acf50
+{"Wall..1fbcf9f3
+{"Wall..ea104a6a
+{"Wall..a2560d06
+{"Wall..5cc7b69d
+{"Wall..27c18a1c
+{"Wall..0b1071df
+{"Wall..4e74bf6a
+{"Wall..74b5ec2d
+{"Wall..ee35ac96
+{"Comm..73967810
+{"Wall..b3876efe
+{"Wall..bbe6f2d7
+{"Wall..5230d48d
+{"Wall..d09caa65
+{"Wall..b8940fe3
+{"Wall..fcac38a8
+{"Wall..ab4f34d6
+{"Wall..6a73bd9b
+{"Wall..06bc76bc
+{"Wall..d6f5b5b2
+{"Wall..2cb470a2
-{"Wall..6f2cbfba
+{"Wall..708e64f6
-{"Wall..531846ee
+{"Wall..b7f995ba
+{"Wall..d75520ed
+{"Wall..e59e239d
+{"Wall..81f574ff
+{"Wall..01aeaa0e
+{"Wall..49330911
+{"Wall..fe2ba096
+{"Comm..5eafe96e
+{"Wall..c495fc42
+{"Wall..eefa3ec1
+{"Wall..9374200e
+{"Wall..29d09fec
+{"Wall..4515cf09
+{"Wall..552a687a
+{"Wall..af3fcde2
+{"Wall..889dc8ba
+{"Wall..a590e635
+{"Wall..85fd1e03
+{"Wall..0a661bff
+{"Wall..a98058cd
+{"Wall..9cc4e665
+{"Wall..b7572d4a
+{"Wall..f05e2e07
+{"Wall..98c90ca3
+{"Wall..0c23aee0
+{"Comm..4ab8966c
+{"Wall..9359f5b5
+{"Wall..710b5f4d
+{"Wall..1915a0d0
+{"Wall..f1b633d8
+{"Wall..545af670
+{"Wall..6830b02d
+{"Wall..94190b5d
+{"Wall..9457142c
+{"Wall..7fb250af
+{"Wall..dbdac110
+{"Wall..2df30f60
+{"Wall..9469e7ef
+{"Wall..f678e05c
+{"Wall..f749f4fb
+{"Wall..c96bc341
+{"Wall..c2951da9
+{"Wall..52483ce0
+{"Comm..9b9a507d
+{"Wall..3e2420b1
+{"Wall..4ab72248
+{"Wall..5e014ad2
+{"Wall..6474041e
+{"Wall..0f37aca4
+{"Wall..5b4023be
+{"Wall..1d3eb21b
+{"Wall..bb62f7eb
+{"Wall..e7254c80
+{"Wall..f2ec3c27
+{"Wall..651904a2
+{"Wall..bfb6ee28
+{"Wall..f1a2b862
+{"Wall..2c3c8abf
+{"Wall..82570fd7
+{"Wall..cf875a69
+{"Wall..a641d8a2
+{"Wall..92d3bb52
+{"Wall..574527a8
+{"Wall..2d235d76
+{"Comm..473e81a4
+{"Wall..1ce32f91
+{"Wall..5f6611c4
+{"Wall..947db1c7
+{"Wall..cdd56522
+{"Wall..ea2c0433
+{"Wall..55e6f608
+{"Wall..7ab22d2d
+{"Wall..099c816f
+{"Comm..42ad7fd7
+{"Wall..fc078aa3
+{"Wall..248597b9
+{"Wall..8096855e
+{"Wall..ff2cf8d2
+{"Wall..5458b1c0
+{"Wall..739ea4d3
+{"Wall..6806b51e
+{"Wall..f6ede858
-{"Wall..e05f45bb
-{"Wall..ae54aaca
+{"Wall..93240110
+{"Wall..9b205416
-{"Wall..2bcbadd8
+{"Wall..6885f64f
-{"Wall..2072803b
+{"Wall..c2c0754e
+{"Wall..222f4fe7
+{"Wall..58f3c94f
+{"Wall..f8e22aec
-{"Wall..f78234fc
+{"Wall..8559d0db
-{"Wall..4ad519c6
+{"Wall..18a00c3e
-{"Wall..31d085c9
+{"Wall..baf41ae1
+{"Wall..9a638ca9
+{"Wall..24419f33
+{"Wall..6d8cc8a5
+{"Wall..40a22ae5
+{"Wall..f2122973
+{"Wall..49c1b78e
-{"Wall..25bee7f4
-{"Wall..b726426d
+{"Wall..c9fd3ead
+{"Wall..98eb70de
-{"Wall..59dfd227
+{"Wall..5a86a66b
+{"Comm..08206647
+{"Wall..490717c0
+{"Wall..35ba8013
+{"Wall..f13c61df
+{"Wall..080dedc2
+{"Wall..6e45b7b4
+{"Wall..1ca6475c
+{"Wall..635bfee1
+{"Wall..4ad15474
+{"Wall..e3148ac5
+{"Wall..2697c6c9
+{"Wall..8958368c
+{"Wall..eef671d6
+{"Wall..956ad2f7
+{"Wall..c19d7848
+{"Wall..030df518
+{"Wall..0b8c9e3e
+{"Wall..7ea3931a
+{"Wall..80189e3c
+{"Wall..bf866cf1
+{"Wall..921ca335
+{"Comm..6437d3e1
+{"Wall..cb819cdc
+{"Wall..764cfc97
+{"Wall..62c9124d
+{"Wall..93a31c4d
+{"Wall..5190e64e
+{"Wall..f0965594
+{"Wall..769fb7e4
+{"Wall..c6c2d3fc
+{"Wall..174fbf46
+{"Wall..12d9e5d6
+{"Wall..af92573f
+{"Wall..988be993
+{"Wall..1145575f
+{"Wall..91e6f7ec
+{"Wall..b31b705a
+{"Wall..73e0d43d
+{"Wall..90589768
+{"Comm..8c40a82d
+{"Wall..e4e9937d
+{"Wall..5a395ab9
+{"Wall..9ffed8ca
+{"Wall..7216da63
+{"Wall..0dc4f03c
+{"Wall..201fe5c9
+{"Wall..59fd071f
+{"Wall..51b2f9f0
+{"Wall..73757d4e
+{"Wall..7773c9ca
+{"Wall..14f4ed73
+{"Wall..d876d291
+{"Wall..4f543b15
+{"Wall..dbd1ed88
+{"Wall..6aca6087
+{"Wall..71e4695f
+{"Wall..7541bf50
+{"Comm..316ed35a
+{"Wall..541ae5b5
+{"Wall..25410a63
+{"Wall..75272346
+{"Wall..b82e5fbd
+{"Wall..5dcbeb68
+{"Wall..e329703d
+{"Wall..d62d5c6e
+{"Wall..1cb7708b
+{"Wall..8014ba92
+{"Wall..33c94eef
+{"Wall..686d45d8
+{"Wall..ab023b7e
+{"Wall..d657eada
+{"Wall..c8029787
+{"Wall..c0dff17f
+{"Wall..5765e1e0
+{"Wall..8b930505
+{"Wall..40442908
+{"Wall..de834cb9
+{"Wall..7dc3c21d