-		"rat..f0e2acdf
+		"rat..3cb3d059
+		"jim..3bef110c
-..e813cdf3
-		/*..348326ff
-		// E..0074cee8
-		try ..02839e81
-			$ex..83049b25
-			$ma..5d74da78
-			$ex..0b6d59a6
-			ech..123a08db
-			bre..b76f4953
-		} ca..1c7c9cc7
-		}..419bfea7
-..e813cdf3
-		// L..21f1cb1b
-		try ..02839e81
-			$ex..19d8a8d9
-			$ma..18bf27da
-			$ex..0b6d59a6
-			ech..123a08db
-			bre..b76f4953
-		} ca..1c7c9cc7
-		}..419bfea7
-		*/..f55caa76
+use Ji..8737dd43
-		// t..498080c6
+		// t..6b0e120b
+		if (..564b3cc6
+			$co..b52f3332
+			$pr..3b7982ce
+		}..f1aeb840
+..6def64c7