+	'tide..73e95341
+	'live..03ac8b32
+	'coin..14da354c
+	'gate..3c90c8ca
+	'coin..345a0698
-	}..ea264f0a
-	// we..b04fbc0f
-	if (e..03c7b574
-		echo..09ffd533
-		fore..9643dd27
-			// ..718fe421
-			if ..d6f53570
-				co..c58158f9
-			}..c910c8f4
-..e813cdf3
-			// ..7cc17b39
-			if ..577a92fd
-				co..c58158f9
-			}..c910c8f4
-..e813cdf3
-			$cl..e37d21c3
-			$ex..5f086dca
-..e813cdf3
-			try..91ffd96c
-				$e..2b75c414
-			} c..ecf8195c
-				//..74786b65
-				co..c58158f9
-			}..c910c8f4
-..e813cdf3
-			// ..6be6c1fe
-			try..91ffd96c
-				$e..cc6fb2fe
-				$m..e03a1474
-				$e..d71b289e
-				ec..6ed0cb84
-				br..24f86aee
-			} c..ecf8195c
-			}..c910c8f4
-..e813cdf3
-			// ..fab4e42c
-			try..91ffd96c
-				$e..cb39e758
-				$m..afa358bd
-				$e..d71b289e
-				ec..6ed0cb84
-				br..24f86aee
-			} c..ecf8195c
-			}..c910c8f4
-..e813cdf3
-			// ..9cd7bb86
-			try..91ffd96c
-				$e..b7deca6b
-				$m..36303824
-				$e..d71b289e
-				ec..6ed0cb84
-				br..24f86aee
-			} c..ecf8195c
-			}..c910c8f4
+		// L..ee30ae59
+		try ..5a7f2231
+			$ex..5ce8dbee
+			$ma..325f3626
+			$ex..5456b4b1
+			ech..df3eafa9
+			bre..78030d3c
+		} ca..1372abed
-	// we..56e1335d
+	// we..b3f78ac5