-	`coin..af224c52
+	`id` ..fc235582
-	PRIMA..ca35df3b
+	PRIMA..4b644f16
+++ /de..9399980f
-<?php..275a3805
-..e813cdf3
-chdir(..a3215d87
-requir..d5f26c58
-..e813cdf3
-set_ti..19268e16
-ini_se..bcddcfae
-..e813cdf3
-use Wa..99a494e5
-use Wa..ea9d928b
-..e813cdf3
-$timeS..63e0fa96
-echo "..f14d24dd
-..e813cdf3
-$db = ..a8d1a087
-$model..174028d4
-..e813cdf3
-// exc..6f40f6ec
-$prior..2a83ee25
-	'bith..b2a2b00a
-	'bina..9f656f14
-	'bitf..0609238e
-	'okex..cab4bbb9
-	'bitt..8278b807
-	'huob..1e0bcfd6
-	'hitb..39f2d6cf
-	'polo..2534d7da
-	'gdax..891fe9b3
-	'bits..0e0336c4
-	'cryp..ff09dc51
-	'krak..469509b5
-	'kuco..c3aca2d3
-	'tide..d83fde8e
-	'live..20844074
-	'coin..de0f2565
-	'gate..d8b05f84
-	'coin..e2466b52
-);..c5e07a82
-..e813cdf3
-$allEx..9013c159
-..e813cdf3
-$coins..e601cc03
-	array..ef10f8f1
-	array..70ad63a1
-	array..a601ba83
-);..c5e07a82
-..e813cdf3
-$allCo..be1ff760
-..e813cdf3
-foreac..5c0ee585
-	echo ..416c7ac7
-..e813cdf3
-	$exch..d8d6f8bd
-	$mark..2e5ae1ed
-	forea..6bc42626
-		try ..02839e81
-			$ex..a2a1245b
-		} ca..1c7c9cc7
-			// ..6ad7d7e9
-			con..9b4f82b7
-		}..419bfea7
-..e813cdf3
-		// U..f4ccc801
-		try ..02839e81
-			$ex..19cc4e5b
-			$ma..257442a5
-			$ex..0b6d59a6
-			ech..123a08db
-			bre..b76f4953
-		} ca..1c7c9cc7
-		}..419bfea7
-..e813cdf3
-		// B..7479ff89
-		try ..02839e81
-			$ex..5baae5d7
-			$ma..3a65a82a
-			$ex..0b6d59a6
-			ech..123a08db
-			bre..b76f4953
-		} ca..1c7c9cc7
-		}..419bfea7
-..e813cdf3
-		// E..0074cee8
-		try ..02839e81
-			$ex..83049b25
-			$ma..5d74da78
-			$ex..0b6d59a6
-			ech..123a08db
-			bre..b76f4953
-		} ca..1c7c9cc7
-		}..419bfea7
-..e813cdf3
-		// L..21f1cb1b
-		try ..02839e81
-			$ex..19d8a8d9
-			$ma..18bf27da
-			$ex..0b6d59a6
-			ech..123a08db
-			bre..b76f4953
-		} ca..1c7c9cc7
-		}..419bfea7
-	}..ea264f0a
-..e813cdf3
-	// we..58511594
-	if (e..03c7b574
-		echo..3fb82c21
-	}..ea264f0a
-..e813cdf3
-	echo ..962e62ed
-..e813cdf3
-	try {..39e27c60
-		$db-..db68af0b
-			'id..8e70e027
-			'ad..3124cd90
-			'to..9151708d
-			'sy..1f9bd2f5
-			'de..1a1d207b
-			'na..0815dc71
-			'ex..4aee22d0
-			'ma..251d3a31
-			'pu..f65e71df
-		]);..725933a7
-	} cat..3b05ec4c
-		// c..b373eaf0
-		echo..0ae35fc2
-	}..ea264f0a
-}..b4fbc677
-..e813cdf3
-$timeE..d588a5ee
-$timeE..c8bc51ae
-echo "..b44db6df
--- /de..2d832afd
+<?php..79afa14a
+..6def64c7
+chdir(..df9c331b
+requir..1e111a6b
+..6def64c7
+set_ti..dc8faa9d
+ini_se..be1ed5ea
+..6def64c7
+use Wa..2e046eeb
+use Wa..0eeae474
+..6def64c7
+$timeS..1b577aa0
+echo "..6225a82f
+..6def64c7
+$db = ..97fca7c5
+$model..e414e1f8
+..6def64c7
+// exc..d64bb149
+$prior..c1f15c8d
+	'bith..eff7cf58
+	'bina..5c9b3cef
+	'bitf..b3f59f7b
+	'okex..e5535b17
+	'bitt..9c4ef448
+	'huob..d6a6ead1
+	'hitb..c1de469c
+	'polo..2b0caf0e
+	'gdax..3ba017c3
+	'bits..ee1e1391
+	'cryp..1b4933fa
+	'krak..ce55bd1a
+	'kuco..012e3604
+	'tide..73e95341
+	'live..03ac8b32
+	'coin..14da354c
+	'gate..3c90c8ca
+	'coin..345a0698
+);..39f67f7c
+..6def64c7
+$allCo..9f456926
+foreac..210ffde9
+	echo ..3cec7781
+..6def64c7
+	$exch..e7c44d5b
+	$mark..f1fec1cd
+	forea..71eec4ec
+		try ..5a7f2231
+			$ex..eb5f59ef
+		} ca..1372abed
+			// ..8bff8fa6
+			con..44c25729
+		}..f1aeb840
+..6def64c7
+		// U..e2a6d21a
+		try ..5a7f2231
+			$ex..7f1459b7
+			$ma..01a6564c
+			$ex..5456b4b1
+			ech..df3eafa9
+			bre..78030d3c
+		} ca..1372abed
+		}..f1aeb840
+..6def64c7
+		// B..49a26c6c
+		try ..5a7f2231
+			$ex..7769b790
+			$ma..a54090a9
+			$ex..5456b4b1
+			ech..df3eafa9
+			bre..78030d3c
+		} ca..1372abed
+		}..f1aeb840
+..6def64c7
+		/*..daae0905
+		// E..6999006e
+		try ..5a7f2231
+			$ex..fab28be1
+			$ma..3c71150f
+			$ex..5456b4b1
+			ech..df3eafa9
+			bre..78030d3c
+		} ca..1372abed
+		}..f1aeb840
+..6def64c7
+		// L..ee30ae59
+		try ..5a7f2231
+			$ex..5ce8dbee
+			$ma..325f3626
+			$ex..5456b4b1
+			ech..df3eafa9
+			bre..78030d3c
+		} ca..1372abed
+		}..f1aeb840
+		*/..eb05159e
+	}..024c248e
+..6def64c7
+	// we..b3f78ac5
+	if (e..dae92d0e
+		echo..5446c952
+		cont..c94d9512
+	}..024c248e
+..6def64c7
+	echo ..fb191948
+..6def64c7
+	try {..f67f724a
+		$db-..6cd5b3c5
+			'ex..cc05a3fb
+			'ma..3df61a40
+		], [..6d360574
+			'id..a2edeb46
+		]);..c8d53911
+	} cat..7017787a
+		echo..efe74caa
+	}..024c248e
+}..139ae035
+..6def64c7
+$timeE..77474982
+$timeE..84aab5c2
+echo "..6d27cffc
--- /de..2d832afd
+<?php..79afa14a
+..6def64c7
+chdir(..df9c331b
+requir..1e111a6b
+..6def64c7
+set_ti..dc8faa9d
+..6def64c7
+use Wa..2e046eeb
+use Wa..0eeae474
+..6def64c7
+$timeS..1b577aa0
+echo "..6225a82f
+..6def64c7
+$db = ..97fca7c5
+$model..e414e1f8
+..6def64c7
+$times..289f6d32
+..6def64c7
+$allCo..9f456926
+foreac..210ffde9
+	echo ..eb5c1c2e
+..6def64c7
+	try {..f67f724a
+		$cla..b397e11f
+		$exc..f8e98244
+		$tic..68cefd9d
+..6def64c7
+		// t..024f7173
+		$pri..fdc6c134
+..6def64c7
+		$db-..f2da76df
+			'id..a2edeb46
+			'ti..6932dff9
+			'us..323a668c
+		));..33793176
+	} cat..7017787a
+		// i..0f1ce851
+		echo..c757cb96
+..6def64c7
+		$sel..e64de7b7
+			->f..969c7d1f
+			->w..778dd44a
+			->o..d2d5f2e3
+			->l..9c3c0760
+		$las..4b7dc605
+..6def64c7
+		$db-..f2da76df
+			'id..a2edeb46
+			'ti..6932dff9
+			'us..6f171273
+		));..33793176
+	}..024c248e
+}..139ae035
+..6def64c7
+$timeE..77474982
+$timeE..84aab5c2
+echo "..6d27cffc
-	publi..dd470402
+	publi..ed05d24c
+		$sel..f84267b0
+			->f..ee02908b
+		if (..476c8130
+			$se..2a58722b
+		}..f1aeb840
+..6def64c7
+		retu..776941af
+	}..024c248e
+..6def64c7
+	publi..07d468a6
+		$sel..f84267b0
+			->f..d6d920d7
+			->w..290329c0
+		retu..1fd113d9
-	publi..23e4bc65
+	publi..34ad417c
+use Wa..0eeae474
+		$thi..2315d237
-		$thi..016482a8
-			arr..20475d55
-				'i..c0a66b9d
-				'a..2f041466
-				's..9c68519b
-				'd..013f18a7
-				'n..c02a6498
-			),..13aa1eb2
-			arr..20475d55
-				'i..d22d365a
-				'a..348b44da
-				's..237b71bf
-				'd..013f18a7
-				'n..4d53b8e0
-			),..13aa1eb2
-			arr..20475d55
-				'i..943d3cc2
-				'a..48b8887c
-				's..3929ea74
-				'd..013f18a7
-				'n..e747d801
-			),..13aa1eb2
-			arr..20475d55
-				'i..152efca9
-				'a..4d1f5f71
-				's..99d4d03f
-				'd..d3bf29fb
-				'n..8c65a4ee
-			),..13aa1eb2
-			arr..20475d55
-				'i..a335cfb3
-				'a..be97886c
-				's..4169aa00
-				'd..013f18a7
-				'n..895d2301
-			),..13aa1eb2
-			arr..20475d55
-				'i..0d297d6b
-				'a..81da4cab
-				's..0f3ef813
-				'd..56eaa027
-				'n..9ae1bdab
-			),..13aa1eb2
-			arr..20475d55
-				'i..a7c372ce
-				'a..9ad49369
-				's..648015af
-				'd..013f18a7
-				'n..042f3a58
-			),..13aa1eb2
-			arr..20475d55
-				'i..39f74705
-				'a..ec0f7fee
-				's..8131f34d
-				'd..013f18a7
-				'n..6ea15315
-			),..13aa1eb2
-			arr..20475d55
-				'i..fbfaaf7c
-				'a..d0732e37
-				's..a30eb7e7
-				'd..013f18a7
-				'n..6d9ce97b
-			),..13aa1eb2
-			arr..20475d55
-				'i..6128307d
-				'a..4d18cb73
-				's..2f338a74
-				'd..013f18a7
-				'n..ae3868d7
-			),..13aa1eb2
-			arr..20475d55
-				'i..4be568e6
-				'a..b6540861
-				's..f7714615
-				'd..013f18a7
-				'n..b2de0af5
-			),..13aa1eb2
-			arr..20475d55
-				'i..5fceb3b1
-				'a..35e4c871
-				's..ad004473
-				'd..d3bf29fb
-				'n..39e81031
-			),..13aa1eb2
-			arr..20475d55
-				'i..58de6a56
-				'a..c02dfae2
-				's..cf499c44
-				'd..013f18a7
-				'n..18ec3ba2
-			),..13aa1eb2
-			arr..20475d55
-				'i..4b27fc7b
-				'a..bb7610e2
-				's..3db06792
-				'd..013f18a7
-				'n..4d567651
-			),..13aa1eb2
-			arr..20475d55
-				'i..341b0eaa
-				'a..a5b31805
-				's..6b31a4e1
-				'd..56eaa027
-				'n..e02eb5b8
-			),..13aa1eb2
-			arr..20475d55
-				'i..fd7f659f
-				'a..2f666924
-				's..b9e8cee9
-				'd..0cd12acb
-				'n..96f5a577
-			),..13aa1eb2
-			arr..20475d55
-				'i..fc6a8f25
-				'a..e6023caa
-				's..76b30cff
-				'd..013f18a7
-				'n..fc49e85d
-			),..13aa1eb2
-			arr..20475d55
-				'i..600c4cda
-				'a..5d9d1cc7
-				's..86b92934
-				'd..013f18a7
-				'n..dbe30c57
-			),..13aa1eb2
-			arr..20475d55
-				'i..62ae949a
-				'a..adb0ec0f
-				's..1c7a9da8
-				'd..d3bf29fb
-				'n..e244099f
-			),..13aa1eb2
-			arr..20475d55
-				'i..c36190c1
-				'a..6435beb0
-				's..2ed37a77
-				'd..013f18a7
-				'n..82a1034b
-			),..13aa1eb2
-			arr..20475d55
-				'i..40bcfcd7
-				'a..a255ee59
-				's..69b2b458
-				'd..013f18a7
-				'n..6f8c1fa5
-			),..13aa1eb2
-			arr..20475d55
-				'i..405367a7
-				'a..5667e26c
-				's..0bb20085
-				'd..013f18a7
-				'n..f773a662
-			),..13aa1eb2
-			arr..20475d55
-				'i..6dbc784b
-				'a..a9ae2572
-				's..eb433edb
-				'd..d3bf29fb
-				'n..0fb9a30e
-			),..13aa1eb2
-			arr..20475d55
-				'i..80f39a7b
-				'a..3fbbab9c
-				's..1e122b46
-				'd..013f18a7
-				'n..e0c86720
-			),..13aa1eb2
-			arr..20475d55
-				'i..a0cbdc0f
-				'a..94274999
-				's..2035249f
-				'd..d3bf29fb
-				'n..2cfaf53b
-			),..13aa1eb2
-			arr..20475d55
-				'i..041fd241
-				'a..c5e8fefc
-				's..bfd45386
-				'd..d3bf29fb
-				'n..3ef9dfbc
-			),..13aa1eb2
-			arr..20475d55
-				'i..aabd2a26
-				'a..f5d299dc
-				's..2be21fac
-				'd..013f18a7
-				'n..ec7b7c37
-			),..13aa1eb2
-			arr..20475d55
-				'i..82f4c7d2
-				'a..b68c5d91
-				's..8e8d1fd2
-				'd..d3bf29fb
-				'n..308a8d77
-			),..13aa1eb2
-			arr..20475d55
-				'i..476edc4a
-				'a..6a58ab2f
-				's..37c8d907
-				'd..013f18a7
-				'n..d943872c
-			),..13aa1eb2
-			arr..20475d55
-				'i..79d63b85
-				'a..286cd68b
-				's..17ae98c6
-				'd..d3bf29fb
-				'n..5b83aed2
-			),..13aa1eb2
-			arr..20475d55
-				'i..614d15ad
-				'a..05f1e7a0
-				's..556d90ba
-				'd..82275cce
-				'n..1ea243ba
-			),..13aa1eb2
-			arr..20475d55
-				'i..45166d5d
-				'a..d3b1af97
-				's..251dd7e3
-				'd..d3bf29fb
-				'n..b29b0ca1
-			),..13aa1eb2
-			arr..20475d55
-				'i..5818dac4
-				'a..7e483496
-				's..c5ca0e1b
-				'd..013f18a7
-				'n..8db21563
-			),..13aa1eb2
-			arr..20475d55
-				'i..262a8849
-				'a..aa3aeb8d
-				's..4755ddba
-				'd..d3bf29fb
-				'n..5aa080bf
-			),..13aa1eb2
-			arr..20475d55
-				'i..66b1ef76
-				'a..bc8c656d
-				's..6a581771
-				'd..ee6b58a1
-				'n..ad27c0e5
-			),..13aa1eb2
-			arr..20475d55
-				'i..7b32211a
-				'a..c7cb6884
-				's..b5e6bdb9
-				'd..013f18a7
-				'n..d4b34c40
-			),..13aa1eb2
-			arr..20475d55
-				'i..6cd0389c
-				'a..e41eb92f
-				's..7314fc2b
-				'd..013f18a7
-				'n..8f99b0a4
-			),..13aa1eb2
-			arr..20475d55
-				'i..fd52f2c2
-				'a..679ca52a
-				's..ce1cb42f
-				'd..82275cce
-				'n..003b052a
-			),..13aa1eb2
-			arr..20475d55
-				'i..ec38b9fd
-				'a..c16a02f9
-				's..b6184c18
-				'd..d3bf29fb
-				'n..b8637407
-			),..13aa1eb2
-			arr..20475d55
-				'i..f95ece0c
-				'a..602a0b55
-				's..61a475c6
-				'd..013f18a7
-				'n..0e0a9ad7
-			),..13aa1eb2
-			arr..20475d55
-				'i..ff3e1217
-				'a..1bb407aa
-				's..c942b3bd
-				'd..013f18a7
-				'n..c56dda71
-			),..13aa1eb2
-			arr..20475d55
-				'i..8796e359
-				'a..3e8a214e
-				's..6ec4c6b9
-				'd..013f18a7
-				'n..264b7b9f
-			),..13aa1eb2
-			arr..20475d55
-				'i..8613a778
-				'a..77f12873
-				's..6c188763
-				'd..b8b261eb
-				'n..2e983a44
-			),..13aa1eb2
-			arr..20475d55
-				'i..3fc8f204
-				'a..b8b3dddc
-				's..29398f15
-				'd..013f18a7
-				'n..cb4fcd6a
-			),..13aa1eb2
-			arr..20475d55
-				'i..400c83f0
-				'a..75d181c9
-				's..6c7d58e5
-				'd..013f18a7
-				'n..00031cf7
-			),..13aa1eb2
-			arr..20475d55
-				'i..8b442ce9
-				'a..ccdaf173
-				's..d74d940b
-				'd..013f18a7
-				'n..3b629e2f
-			),..13aa1eb2
-			arr..20475d55
-				'i..68784c17
-				'a..e1985a50
-				's..4fe1d082
-				'd..013f18a7
-				'n..777c6778
-			),..13aa1eb2
-			arr..20475d55
-				'i..3528f09f
-				'a..bc3c6ea1
-				's..28b4c6c1
-				'd..0cd12acb
-				'n..b5286e03
-			),..13aa1eb2
-			arr..20475d55
-				'i..2d3e35e9
-				'a..fac2f936
-				's..2fd50584
-				'd..013f18a7
-				'n..ed3b85a7
-			),..13aa1eb2
-			arr..20475d55
-				'i..9628b1ce
-				'a..a7ae3e8b
-				's..954d3ca4
-				'd..013f18a7
-				'n..e1f17439
-			),..13aa1eb2
-			arr..20475d55
-				'i..06950fff
-				'a..ee1fd092
-				's..f01dc1a3
-				'd..d3bf29fb
-				'n..822c8554
-			),..13aa1eb2
-			arr..20475d55
-				'i..2c5cfbdf
-				'a..ae74deb4
-				's..1861f7d8
-				'd..d3bf29fb
-				'n..8a9fa0c4
-			),..13aa1eb2
-			arr..20475d55
-				'i..c2baf278
-				'a..65a406b1
-				's..da646b86
-				'd..013f18a7
-				'n..58c436c1
-			),..13aa1eb2
-			arr..20475d55
-				'i..a90544e0
-				'a..a9551d95
-				's..987b555e
-				'd..013f18a7
-				'n..4a089012
-			),..13aa1eb2
-			arr..20475d55
-				'i..fd5e93f0
-				'a..81478662
-				's..7cec4ea6
-				'd..d3bf29fb
-				'n..73011d26
-			),..13aa1eb2
-			arr..20475d55
-				'i..24246f6c
-				'a..f117324e
-				's..6d727786
-				'd..87052042
-				'n..063ab960
-			),..13aa1eb2
-			arr..20475d55
-				'i..da28e2df
-				'a..09169055
-				's..53ad8fa5
-				'd..d3bf29fb
-				'n..1d8714c6
-			),..13aa1eb2
-			arr..20475d55
-				'i..4ebacec6
-				'a..62f883d2
-				's..421c5e7f
-				'd..013f18a7
-				'n..880df6c7
-			),..13aa1eb2
-			arr..20475d55
-				'i..afeb2609
-				'a..d7b78db8
-				's..5f68ed43
-				'd..013f18a7
-				'n..05c79095
-			),..13aa1eb2
-			arr..20475d55
-				'i..daf016a4
-				'a..e5832ffb
-				's..4e2b27e6
-				'd..013f18a7
-				'n..6750057b
-			),..13aa1eb2
-			arr..20475d55
-				'i..9029689f
-				'a..b29622dd
-				's..408fc23c
-				'd..56eaa027
-				'n..0b7444dc
-			),..13aa1eb2
-			arr..20475d55
-				'i..174d6db1
-				'a..b72946a8
-				's..bd6ced8b
-				'd..82275cce
-				'n..f7afd7bf
-			),..13aa1eb2
-			arr..20475d55
-				'i..c0d424eb
-				'a..dc456b73
-				's..4b7cd0ee
-				'd..82275cce
-				'n..f6e71d1b
-			),..13aa1eb2
-			arr..20475d55
-				'i..3ec69314
-				'a..2e5f0011
-				's..ab8d00fe
-				'd..013f18a7
-				'n..b1fbc9ff
-			),..13aa1eb2
-			arr..20475d55
-				'i..7ac34fb3
-				'a..bf28e46d
-				's..1a64e023
-				'd..ee6b58a1
-				'n..495d8137
-			),..13aa1eb2
-			arr..20475d55
-				'i..dd6b428b
-				'a..75a6a1f8
-				's..37f925d0
-				'd..013f18a7
-				'n..20faddac
-			),..13aa1eb2
-			arr..20475d55
-				'i..cd316a38
-				'a..a89ed524
-				's..b3f371e6
-				'd..d3bf29fb
-				'n..64c9fc70
-			),..13aa1eb2
-			arr..20475d55
-				'i..2dbd6c84
-				'a..2b5a6e38
-				's..bd7c036e
-				'd..013f18a7
-				'n..282ba181
-			),..13aa1eb2
-			arr..20475d55
-				'i..532f80ca
-				'a..d6ba435b
-				's..3b7b4222
-				'd..013f18a7
-				'n..9095a47e
-			),..13aa1eb2
-			arr..20475d55
-				'i..0e6c87dd
-				'a..03156cf4
-				's..993e02c0
-				'd..013f18a7
-				'n..90061a2b
-			),..13aa1eb2
-			arr..20475d55
-				'i..f032286e
-				'a..f0750ace
-				's..bd8dfa8a
-				'd..013f18a7
-				'n..1b6c5bab
-			),..13aa1eb2
-			arr..20475d55
-				'i..21432bc2
-				'a..66865326
-				's..7b7d7696
-				'd..013f18a7
-				'n..39026ccb
-			),..13aa1eb2
-			arr..20475d55
-				'i..d2af7a5c
-				'a..ac3b1211
-				's..13c7606d
-				'd..56eaa027
-				'n..09aee971
-			),..13aa1eb2
-			arr..20475d55
-				'i..62b6f14a
-				'a..dc068d0f
-				's..3546d433
-				'd..013f18a7
-				'n..75dbd063
-			),..13aa1eb2
-			arr..20475d55
-				'i..3dfaa2cf
-				'a..d161c23c
-				's..02b0b9a8
-				'd..013f18a7
-				'n..e5e2d866
-			),..13aa1eb2
-			arr..20475d55
-				'i..32c80d68
-				'a..dd6def11
-				's..b44f4056
-				'd..013f18a7
-				'n..bc50ee2b
-			),..13aa1eb2
-			arr..20475d55
-				'i..b235ffa9
-				'a..b17207be
-				's..9cac68eb
-				'd..56eaa027
-				'n..bd9cef8c
-			),..13aa1eb2
-			arr..20475d55
-				'i..7c5fa9ff
-				'a..d6d057a4
-				's..f3018070
-				'd..013f18a7
-				'n..c2764ca0
-			),..13aa1eb2
-			arr..20475d55
-				'i..4a21e37c
-				'a..371737a1
-				's..47e49339
-				'd..013f18a7
-				'n..53e1990f
-			),..13aa1eb2
-			arr..20475d55
-				'i..02ba8fc1
-				'a..42dea5fd
-				's..36a75a6c
-				'd..013f18a7
-				'n..f21ba3e7
-			),..13aa1eb2
-			arr..20475d55
-				'i..b7ff1983
-				'a..e8861104
-				's..11ca01e2
-				'd..ee6b58a1
-				'n..a45d732f
-			),..13aa1eb2
-			arr..20475d55
-				'i..20d0d2ab
-				'a..af201607
-				's..6b63460c
-				'd..82275cce
-				'n..18db41ef
-			),..13aa1eb2
-			arr..20475d55
-				'i..3f1a5aa2
-				'a..57cef373
-				's..b58b0510
-				'd..d3bf29fb
-				'n..390e4737
-			),..13aa1eb2
-			arr..20475d55
-				'i..14d87b7f
-				'a..3b19dc4c
-				's..8f5a70e8
-				'd..56eaa027
-				'n..6b449728
-			),..13aa1eb2
-			arr..20475d55
-				'i..3d101b41
-				'a..8780c0a8
-				's..78f74017
-				'd..013f18a7
-				'n..d525d68f
-			),..13aa1eb2
-			arr..20475d55
-				'i..2654b50f
-				'a..263e7016
-				's..7bfd533c
-				'd..7cda50e5
-				'n..a58fba20
-			),..13aa1eb2
-			arr..20475d55
-				'i..2f9f390f
-				'a..8784e1c0
-				's..40355f1a
-				'd..d3bf29fb
-				'n..14717f50
-			),..13aa1eb2
-			arr..20475d55
-				'i..243c6615
-				'a..e7617210
-				's..12c3c6b4
-				'd..013f18a7
-				'n..e8be1e88
-			),..13aa1eb2
-			arr..20475d55
-				'i..a58201f4
-				'a..db7f319d
-				's..430050c9
-				'd..013f18a7
-				'n..35206cbf
-			),..13aa1eb2
-			arr..20475d55
-				'i..a44d923c
-				'a..d5f01268
-				's..5f524a86
-				'd..013f18a7
-				'n..c89d3d19
-			),..13aa1eb2
-			arr..20475d55
-				'i..81326f48
-				'a..dc2a5680
-				's..3ae12200
-				'd..013f18a7
-				'n..49aed8a2
-			),..13aa1eb2
-			arr..20475d55
-				'i..34562198
-				'a..dfd89875
-				's..eedf3c71
-				'd..d3bf29fb
-				'n..caaf3111
-			),..13aa1eb2
-			arr..20475d55
-				'i..0e95d146
-				'a..13db1e1f
-				's..68302240
-				'd..013f18a7
-				'n..f363cb45
-			),..13aa1eb2
-			arr..20475d55
-				'i..b119dfcc
-				'a..05b2303c
-				's..a041822c
-				'd..0cd12acb
-				'n..a1f2fad8
-			),..13aa1eb2
-			arr..20475d55
-				'i..6e60298f
-				'a..825c0559
-				's..d85d60a0
-				'd..d3bf29fb
-				'n..35af94f9
-			),..13aa1eb2
-			arr..20475d55
-				'i..f890a698
-				'a..aaec140e
-				's..34d425f6
-				'd..013f18a7
-				'n..17f9d7e8
-			),..13aa1eb2
-			arr..20475d55
-				'i..99851d02
-				'a..894370e8
-				's..e5ee1025
-				'd..013f18a7
-				'n..1551a620
-			),..13aa1eb2
-			arr..20475d55
-				'i..02d294ca
-				'a..8ed8776e
-				's..6516693f
-				'd..d3bf29fb
-				'n..e1480bcc
-			),..13aa1eb2
-			arr..20475d55
-				'i..ba652c85
-				'a..58996136
-				's..eb545956
-				'd..d3bf29fb
-				'n..3bfa1326
-			),..13aa1eb2
-			arr..20475d55
-				'i..1f4ac935
-				'a..7b3eb4d2
-				's..a55dbda7
-				'd..013f18a7
-				'n..f88a08e2
-			),..13aa1eb2
-			arr..20475d55
-				'i..16112878
-				'a..82ab153b
-				's..8842cd0e
-				'd..d3bf29fb
-				'n..8c11115c
-			),..13aa1eb2
-			arr..20475d55
-				'i..6b7b8446
-				'a..043a2516
-				's..808684b9
-				'd..f7171c5c
-				'n..1be903dd
-			),..13aa1eb2
-			arr..20475d55
-				'i..d08f965c
-				'a..73cff8be
-				's..090d8bee
-				'd..d3bf29fb
-				'n..1692d3ff
-			),..13aa1eb2
-			arr..20475d55
-				'i..418f0d77
-				'a..160a633a
-				's..55ab8fcc
-				'd..56eaa027
-				'n..aa2d62e9
-			),..13aa1eb2
-			arr..20475d55
-				'i..2074eb51
-				'a..cda8e231
-				's..c44156b7
-				'd..85730802
-				'n..d53c45b9
-			),..13aa1eb2
-			arr..20475d55
-				'i..1c286e7f
-				'a..0a88e770
-				's..602d79e2
-				'd..013f18a7
-				'n..30fed6cf
-			),..13aa1eb2
-			arr..20475d55
-				'i..57685177
-				'a..ef44a9f2
-				's..5e987c94
-				'd..d3bf29fb
-				'n..ec8ed4b3
-			),..13aa1eb2
-			arr..20475d55
-				'i..94497e79
-				'a..aba282e9
-				's..4e7a7f30
-				'd..56eaa027
-				'n..bae659ff
-			),..13aa1eb2
-			arr..20475d55
-				'i..b07aa37c
-				'a..23c65c95
-				's..b269a6dd
-				'd..d3bf29fb
-				'n..288cb484
-			),..13aa1eb2
-			arr..20475d55
-				'i..a752bbbc
-				'a..d2d65031
-				's..a7300e67
-				'd..f7171c5c
-				'n..1c4de617
-			),..13aa1eb2
-			arr..20475d55
-				'i..f724cd0e
-				'a..1d15c0bf
-				's..35184255
-				'd..013f18a7
-				'n..a5b292e1
-			),..13aa1eb2
-			arr..20475d55
-				'i..b26c7ddc
-				'a..d4a39160
-				's..30844004
-				'd..013f18a7
-				'n..cbfdad05
-			),..13aa1eb2
-			arr..20475d55
-				'i..39162597
-				'a..bba30dd6
-				's..9f45c682
-				'd..d3bf29fb
-				'n..1514185b
-			),..13aa1eb2
-			arr..20475d55
-				'i..c3be084d
-				'a..809638c4
-				's..f41c9892
-				'd..0cd12acb
-				'n..dc7b733c
-			),..13aa1eb2
-			arr..20475d55
-				'i..e8c058c2
-				'a..66291849
-				's..ba06060c
-				'd..013f18a7
-				'n..3000a4b8
-			),..13aa1eb2
-			arr..20475d55
-				'i..f9067f7f
-				'a..a2453583
-				's..c9d67997
-				'd..013f18a7
-				'n..0fbf416a
-			),..13aa1eb2
-			arr..20475d55
-				'i..b8d30103
-				'a..1b0735d8
-				's..c9f08a7f
-				'd..013f18a7
-				'n..4af4ffe7
-			),..13aa1eb2
-			arr..20475d55
-				'i..3e2410d6
-				'a..af53cc3a
-				's..ea047183
-				'd..013f18a7
-				'n..6b886d8a
-			),..13aa1eb2
-			arr..20475d55
-				'i..b6ae02ce
-				'a..817bb9b0
-				's..6e86a2b4
-				'd..d3bf29fb
-				'n..65d8858c
-			),..13aa1eb2
-			arr..20475d55
-				'i..3252f0a4
-				'a..5cce577c
-				's..3982d6bc
-				'd..013f18a7
-				'n..53878421
-			),..13aa1eb2
-			arr..20475d55
-				'i..26041833
-				'a..c8197333
-				's..8441d52f
-				'd..d3bf29fb
-				'n..4879a13c
-			),..13aa1eb2
-			arr..20475d55
-				'i..3ee0000e
-				'a..cfee7aef
-				's..65f208b0
-				'd..013f18a7
-				'n..d3237fe1
-			),..13aa1eb2
-			arr..20475d55
-				'i..e1d612bd
-				'a..0f190429
-				's..a623baad
-				'd..013f18a7
-				'n..9352cee3
-			),..13aa1eb2
-			arr..20475d55
-				'i..0fb5889c
-				'a..14bcd722
-				's..f897fd36
-				'd..013f18a7
-				'n..9b61ae0f
-			),..13aa1eb2
-			arr..20475d55
-				'i..9f82fefd
-				'a..c2586235
-				's..dc416153
-				'd..013f18a7
-				'n..e8eab0dc
-			),..13aa1eb2
-			arr..20475d55
-				'i..579ab3d3
-				'a..46eea94c
-				's..1394e3a5
-				'd..d3bf29fb
-				'n..1a6ac63f
-			),..13aa1eb2
-			arr..20475d55
-				'i..40d9c442
-				'a..8232d455
-				's..c0c8df4b
-				'd..013f18a7
-				'n..43c1918b
-			),..13aa1eb2
-			arr..20475d55
-				'i..d69dcc46
-				'a..aafe21de
-				's..e820a9f9
-				'd..013f18a7
-				'n..f9d9c9cc
-			),..13aa1eb2
-			arr..20475d55
-				'i..ace4c8ba
-				'a..91955a93
-				's..feb4beaa
-				'd..013f18a7
-				'n..f2a7ad09
-			),..13aa1eb2
-			arr..20475d55
-				'i..88a2242a
-				'a..8e951363
-				's..440de690
-				'd..d3bf29fb
-				'n..15041bf9
-			),..13aa1eb2
-			arr..20475d55
-				'i..628d6e8e
-				'a..6d1527ad
-				's..e409ab67
-				'd..013f18a7
-				'n..2db2e4d1
-			),..13aa1eb2
-			arr..20475d55
-				'i..3549950a
-				'a..b9a0feb9
-				's..c7ace23c
-				'd..d3bf29fb
-				'n..2ce60f5f
-			),..13aa1eb2
-			arr..20475d55
-				'i..a6096fb5
-				'a..de998186
-				's..f1d9b588
-				'd..82275cce
-				'n..b12d2ee8
-			),..13aa1eb2
-			arr..20475d55
-				'i..49856c30
-				'a..a564dada
-				's..3426f460
-				'd..013f18a7
-				'n..3b6b63a6
-			),..13aa1eb2
-			arr..20475d55
-				'i..89353ab7
-				'a..c3903dee
-				's..de6ad197
-				'd..013f18a7
-				'n..c3d0b92c
-			),..13aa1eb2
-			arr..20475d55
-				'i..bd78f7aa
-				'a..c39f2955
-				's..98d95479
-				'd..013f18a7
-				'n..eed406a3
-			),..13aa1eb2
-			arr..20475d55
-				'i..99c48c8b
-				'a..677262aa
-				's..659791c7
-				'd..013f18a7
-				'n..a2ddf870
-			),..13aa1eb2
-			arr..20475d55
-				'i..9961e770
-				'a..dcc9aa3d
-				's..ee55a13e
-				'd..d3bf29fb
-				'n..eab98aa5
-			),..13aa1eb2
-			arr..20475d55
-				'i..91eade7f
-				'a..2b16eca8
-				's..43d30d86
-				'd..82275cce
-				'n..f0398846
-			),..13aa1eb2
-			arr..20475d55
-				'i..534a6c40
-				'a..c4a48bdd
-				's..a8803601
-				'd..b8b261eb
-				'n..b90d4989
-			),..13aa1eb2
-			arr..20475d55
-				'i..0d5b38bb
-				'a..ba10a382
-				's..6da1537f
-				'd..013f18a7
-				'n..9b719c44
-			),..13aa1eb2
-			arr..20475d55
-				'i..7af24f63
-				'a..27da5a69
-				's..a7bd8812
-				'd..013f18a7
-				'n..78d1e612
-			),..13aa1eb2
-			arr..20475d55
-				'i..aa054556
-				'a..5c95e3e3
-				's..11633f5a
-				'd..013f18a7
-				'n..ed3abd7b
-			),..13aa1eb2
-			arr..20475d55
-				'i..a17ea77f
-				'a..9a889854
-				's..f543ac34
-				'd..d3bf29fb
-				'n..eb683911
-			),..13aa1eb2
-			arr..20475d55
-				'i..3f0ea6b1
-				'a..e4c54845
-				's..0ccb3027
-				'd..d3bf29fb
-				'n..bac3fca2
-			),..13aa1eb2
-			arr..20475d55
-				'i..d2fd4892
-				'a..aff22cf9
-				's..6820a63c
-				'd..013f18a7
-				'n..9eeb8f63
-			),..13aa1eb2
-			arr..20475d55
-				'i..382925b9
-				'a..334355de
-				's..c36a2ad4
-				'd..013f18a7
-				'n..21ea8110
-			),..13aa1eb2
-			arr..20475d55
-				'i..04023d4f
-				'a..f93003ca
-				's..4e4a19b2
-				'd..013f18a7
-				'n..fd70f32d
-			),..13aa1eb2
-			arr..20475d55
-				'i..37306dbe
-				'a..e29b7263
-				's..05b42cc2
-				'd..d3bf29fb
-				'n..3c9fda6c
-			),..13aa1eb2
-			arr..20475d55
-				'i..84cd1af7
-				'a..1793a08f
-				's..40f216be
-				'd..d3bf29fb
-				'n..b8bf80ff
-			),..13aa1eb2
-			arr..20475d55
-				'i..32cf3128
-				'a..e800f310
-				's..c1e6a88a
-				'd..013f18a7
-				'n..e9183d25
-			),..13aa1eb2
-			arr..20475d55
-				'i..8df0eb5b
-				'a..c9945999
-				's..0e5c983d
-				'd..013f18a7
-				'n..abf44983
-			),..13aa1eb2
-			arr..20475d55
-				'i..9b8aaf5a
-				'a..2d7da765
-				's..2f7bb480
-				'd..013f18a7
-				'n..fe539dfd
-			),..13aa1eb2
-			arr..20475d55
-				'i..982ce0b8
-				'a..1f1ce227
-				's..730c31b1
-				'd..013f18a7
-				'n..fff55311
-			),..13aa1eb2
-			arr..20475d55
-				'i..e04bcdf2
-				'a..d63e4ee6
-				's..60bda72e
-				'd..d3bf29fb
-				'n..9625405c
-			),..13aa1eb2
-			arr..20475d55
-				'i..e62bc8fd
-				'a..d13f6f55
-				's..d31baa67
-				'd..d3bf29fb
-				'n..fccea4cb
-			),..13aa1eb2
-			arr..20475d55
-				'i..a30becdf
-				'a..c32bc520
-				's..7c586b33
-				'd..d3bf29fb
-				'n..00021ae7
-			),..13aa1eb2
-			arr..20475d55
-				'i..c4a8815a
-				'a..3a514344
-				's..e8817472
-				'd..42312647
-				'n..0200b335
-			),..13aa1eb2
-			arr..20475d55
-				'i..c4d0846d
-				'a..6e50fe23
-				's..0593a562
-				'd..82275cce
-				'n..e83c287a
-			),..13aa1eb2
-			arr..20475d55
-				'i..e78819f5
-				'a..be8ade8f
-				's..3990f64c
-				'd..82275cce
-				'n..d35f513d
-			),..13aa1eb2
-			arr..20475d55
-				'i..feddb135
-				'a..fd4e1f8a
-				's..cb137b08
-				'd..013f18a7
-				'n..dc2c7a58
-			),..13aa1eb2
-			arr..20475d55
-				'i..34076269
-				'a..9a58ac8b
-				's..b1952a9b
-				'd..013f18a7
-				'n..bf083ac1
-			),..13aa1eb2
-			arr..20475d55
-				'i..59614856
-				'a..4fde90be
-				's..e73efe81
-				'd..013f18a7
-				'n..f5b7a652
-			),..13aa1eb2
-			arr..20475d55
-				'i..55661a61
-				'a..b4b4b96a
-				's..83c77de5
-				'd..d3bf29fb
-				'n..531c7422
-			),..13aa1eb2
-			arr..20475d55
-				'i..8f31409c
-				'a..b70f6d1d
-				's..29f96956
-				'd..d3bf29fb
-				'n..74a0d2b7
-			),..13aa1eb2
-			arr..20475d55
-				'i..c14f619a
-				'a..0781a296
-				's..18d96256
-				'd..013f18a7
-				'n..8106d255
-			),..13aa1eb2
-			arr..20475d55
-				'i..d991006c
-				'a..6ffac7a9
-				's..21ffd86c
-				'd..36dfdcbb
-				'n..08c04d87
-			),..13aa1eb2
-			arr..20475d55
-				'i..e986b62c
-				'a..01965bef
-				's..9fe77d81
-				'd..d3bf29fb
-				'n..f0d2a6ee
-			),..13aa1eb2
-			arr..20475d55
-				'i..a09b4fb0
-				'a..8e17917c
-				's..2c0ce003
-				'd..d3bf29fb
-				'n..4474e813
-			),..13aa1eb2
-			arr..20475d55
-				'i..65092da8
-				'a..c1ff96f5
-				's..aa2072d4
-				'd..013f18a7
-				'n..81e681f1
-			),..13aa1eb2
-			arr..20475d55
-				'i..9bc8cbca
-				'a..2f55d608
-				's..0aa5cce9
-				'd..d3bf29fb
-				'n..30b12a71
-			),..13aa1eb2
-			arr..20475d55
-				'i..bc2c934e
-				'a..40c58346
-				's..7c1f6327
-				'd..013f18a7
-				'n..98775bc4
-			),..13aa1eb2
-			arr..20475d55
-				'i..6e16362c
-				'a..31738834
-				's..6b647b9a
-				'd..56eaa027
-				'n..1ceeb0d9
-			),..13aa1eb2
-			arr..20475d55
-				'i..b11017d0
-				'a..caaa25cb
-				's..90aa2134
-				'd..b8b261eb
-				'n..437f0334
-			),..13aa1eb2
-			arr..20475d55
-				'i..62d8f5df
-				'a..6f663fea
-				's..3de06673
-				'd..013f18a7
-				'n..9d8273ef
-			),..13aa1eb2
-			arr..20475d55
-				'i..3d56e66e
-				'a..5257aa23
-				's..72a8a5cd
-				'd..013f18a7
-				'n..c824e250
-			),..13aa1eb2
-			arr..20475d55
-				'i..def9824d
-				'a..1920d659
-				's..b9a5244c
-				'd..d3bf29fb
-				'n..2daf186f
-			),..13aa1eb2
-			arr..20475d55
-				'i..8f383e0b
-				'a..266db424
-				's..3dd25964
-				'd..ec8c3369
-				'n..b6b2b348
-			),..13aa1eb2
-			arr..20475d55
-				'i..a0f7e60e
-				'a..1ca4a550
-				's..a43925a9
-				'd..013f18a7
-				'n..ab334ac9
-			),..13aa1eb2
-			arr..20475d55
-				'i..39993887
-				'a..a412137e
-				's..745a336c
-				'd..82275cce
-				'n..3a2abc26
-			),..13aa1eb2
-			arr..20475d55
-				'i..6c5f5452
-				'a..4b1173bf
-				's..5f5bd68d
-				'd..b8b261eb
-				'n..d9290b6d
-			),..13aa1eb2
-			arr..20475d55
-				'i..94bba2f5
-				'a..f1d795b3
-				's..92282352
-				'd..d3bf29fb
-				'n..e8bf9fa3
-			),..13aa1eb2
-			arr..20475d55
-				'i..48865016
-				'a..79321869
-				's..7c3a5217
-				'd..013f18a7
-				'n..0605e9a0
-			),..13aa1eb2
-			arr..20475d55
-				'i..510a024d
-				'a..cecd7444
-				's..372a38d9
-				'd..d3bf29fb
-				'n..7b804039
-			),..13aa1eb2
-			arr..20475d55
-				'i..dcc61280
-				'a..5201869b
-				's..be240143
-				'd..013f18a7
-				'n..5ba4c48a
-			),..13aa1eb2
-			arr..20475d55
-				'i..268e5ce6
-				'a..48f94972
-				's..f62aa7dd
-				'd..d3bf29fb
-				'n..95732367
-			),..13aa1eb2
-			arr..20475d55
-				'i..7b7066a2
-				'a..9d6860a4
-				's..3a38c7c7
-				'd..ee6b58a1
-				'n..08f7f3f3
-			),..13aa1eb2
-			arr..20475d55
-				'i..f186357e
-				'a..ae79a46b
-				's..77e71d60
-				'd..013f18a7
-				'n..db28b302
-			),..13aa1eb2
-			arr..20475d55
-				'i..966f2727
-				'a..fc4d354c
-				's..f3bc7e57
-				'd..013f18a7
-				'n..7d49b97c
-			),..13aa1eb2
-			arr..20475d55
-				'i..4e31096d
-				'a..edf48af1
-				's..1a72757a
-				'd..82275cce
-				'n..4073db0e
-			),..13aa1eb2
-			arr..20475d55
-				'i..7760b9e8
-				'a..9cc204e8
-				's..34e4b2f3
-				'd..56eaa027
-				'n..9d264165
-			),..13aa1eb2
-			arr..20475d55
-				'i..dbf0bc33
-				'a..6f58568d
-				's..5b7b39d9
-				'd..ee6b58a1
-				'n..0e575bd0
-			),..13aa1eb2
-			arr..20475d55
-				'i..b646ee69
-				'a..d7181be0
-				's..09bb9f78
-				'd..013f18a7
-				'n..0719a384
-			),..13aa1eb2
-			arr..20475d55
-				'i..df4850f4
-				'a..60114c32
-				's..1a01eed1
-				'd..013f18a7
-				'n..101ca5f4
-			),..13aa1eb2
-			arr..20475d55
-				'i..e11696c9
-				'a..9935f64a
-				's..13dd945a
-				'd..013f18a7
-				'n..45e91829
-			),..13aa1eb2
-			arr..20475d55
-				'i..784aa1d3
-				'a..4f2f80f4
-				's..706b6152
-				'd..013f18a7
-				'n..6b036869
-			),..13aa1eb2
-			arr..20475d55
-				'i..809b4c5f
-				'a..4d3130c1
-				's..4e8ab0c1
-				'd..d3bf29fb
-				'n..719ca8a1
-			),..13aa1eb2
-			arr..20475d55
-				'i..403313c1
-				'a..daf923c6
-				's..d862bbbd
-				'd..013f18a7
-				'n..ea8351d2
-			),..13aa1eb2
-			arr..20475d55
-				'i..efb286dd
-				'a..e80e6d7b
-				's..c18743d1
-				'd..013f18a7
-				'n..2163d3a4
-			),..13aa1eb2
-			arr..20475d55
-				'i..98870a8c
-				'a..96d0b606
-				's..cf504b18
-				'd..013f18a7
-				'n..0b961ec5
-			),..13aa1eb2
-			arr..20475d55
-				'i..780e6267
-				'a..252813d8
-				's..1b389bd9
-				'd..013f18a7
-				'n..13e37c69
-			),..13aa1eb2
-			arr..20475d55
-				'i..83f8d4c9
-				'a..bbd10866
-				's..45e66c96
-				'd..d3bf29fb
-				'n..497e965b
-			),..13aa1eb2
-			arr..20475d55
-				'i..9213d8fb
-				'a..efbd304b
-				's..7b33acfb
-				'd..013f18a7
-				'n..84f98567
-			),..13aa1eb2
-			arr..20475d55
-				'i..e4f9e147
-				'a..31d0da0a
-				's..ecfa7932
-				'd..d3bf29fb
-				'n..89a1adfb
-			),..13aa1eb2
-			arr..20475d55
-				'i..8bb10013
-				'a..30776ce2
-				's..f607dbb5
-				'd..d3bf29fb
-				'n..16f53066
-			),..13aa1eb2
-			arr..20475d55
-				'i..fde9a4e1
-				'a..824bc939
-				's..276cfdc4
-				'd..d3bf29fb
-				'n..3c65d701
-			),..13aa1eb2
-			arr..20475d55
-				'i..114a49cd
-				'a..9f830e86
-				's..c35ede64
-				'd..85730802
-				'n..d110ab55
-			),..13aa1eb2
-			arr..20475d55
-				'i..b718e286
-				'a..c7974f7c
-				's..010b4c7c
-				'd..56eaa027
-				'n..0a1ea912
-			),..13aa1eb2
-			arr..20475d55
-				'i..1e5805ca
-				'a..ce5fc8d0
-				's..d3f5b2cb
-				'd..013f18a7
-				'n..fda599ce
-			),..13aa1eb2
-			arr..20475d55
-				'i..8a54fa56
-				'a..989130b3
-				's..bb3734bb
-				'd..d3bf29fb
-				'n..966cd91e
-			),..13aa1eb2
-			arr..20475d55
-				'i..9c408975
-				'a..6c27bea1
-				's..fb95196f
-				'd..013f18a7
-				'n..f81c772d
-			),..13aa1eb2
-			arr..20475d55
-				'i..f72c0a45
-				'a..6909ad38
-				's..c1608aa1
-				'd..d3bf29fb
-				'n..c2b261dc
-			),..13aa1eb2
-			arr..20475d55
-				'i..6b9e1190
-				'a..bbdc64e4
-				's..6069abb8
-				'd..013f18a7
-				'n..8f05cb00
-			),..13aa1eb2
-			arr..20475d55
-				'i..6e8c3942
-				'a..361a873a
-				's..9f8ab6a2
-				'd..013f18a7
-				'n..cbc87577
-			),..13aa1eb2
-			arr..20475d55
-				'i..d502c466
-				'a..339cdbb9
-				's..8912119d
-				'd..013f18a7
-				'n..e5b301e6
-			),..13aa1eb2
-			arr..20475d55
-				'i..cd7ff603
-				'a..5b1f015c
-				's..83fcfde8
-				'd..013f18a7
-				'n..d4f9a7a0
-			),..13aa1eb2
-			arr..20475d55
-				'i..aa1705a2
-				'a..39a60d93
-				's..af6c58d6
-				'd..013f18a7
-				'n..240e898a
-			),..13aa1eb2
-			arr..20475d55
-				'i..59f03c4a
-				'a..2c127c8d
-				's..0ed4a071
-				'd..013f18a7
-				'n..1a32bb98
-			),..13aa1eb2
-			arr..20475d55
-				'i..82a24680
-				'a..55672d50
-				's..dd4e11f0
-				'd..d3bf29fb
-				'n..d62d159e
-			),..13aa1eb2
-			arr..20475d55
-				'i..edcb6258
-				'a..80c9963c
-				's..f358c67c
-				'd..d3bf29fb
-				'n..27597afe
-			),..13aa1eb2
-			arr..20475d55
-				'i..715afb8f
-				'a..71a537b9
-				's..f776ff52
-				'd..013f18a7
-				'n..b9ee1055
-			),..13aa1eb2
-			arr..20475d55
-				'i..c545e048
-				'a..ee67b020
-				's..ffbf0a2b
-				'd..013f18a7
-				'n..8adcbdde
-			),..13aa1eb2
-			arr..20475d55
-				'i..fc589d39
-				'a..0ab8c744
-				's..5b0cc551
-				'd..82275cce
-				'n..56549e53
-			),..13aa1eb2
-			arr..20475d55
-				'i..aeebb6f2
-				'a..8c0142fd
-				's..78b54f77
-				'd..013f18a7
-				'n..44985255
-			),..13aa1eb2
-			arr..20475d55
-				'i..2cbc05c6
-				'a..c0271f99
-				's..56e087d7
-				'd..013f18a7
-				'n..5aa680d7
-			),..13aa1eb2
-			arr..20475d55
-				'i..d9ef3cd9
-				'a..34e568de
-				's..c6aa4f44
-				'd..ee6b58a1
-				'n..0ca8331d
-			),..13aa1eb2
-			arr..20475d55
-				'i..36e7d282
-				'a..4b25e2f8
-				's..a469ddd3
-				'd..013f18a7
-				'n..ffa66daa
-			),..13aa1eb2
-			arr..20475d55
-				'i..0e1e839f
-				'a..cdda6488
-				's..ea21c131
-				'd..d3bf29fb
-				'n..70cebf28
-			),..13aa1eb2
-			arr..20475d55
-				'i..511678c8
-				'a..2933ddf8
-				's..0391323a
-				'd..013f18a7
-				'n..c1737a40
-			),..13aa1eb2
-			arr..20475d55
-				'i..e7960ae5
-				'a..3b5c98f0
-				's..ea9e06a5
-				'd..013f18a7
-				'n..ef366fab
-			),..13aa1eb2
-			arr..20475d55
-				'i..d31063e1
-				'a..363df356
-				's..9e0012a5
-				'd..d3bf29fb
-				'n..46d07a3c
-			),..13aa1eb2
-			arr..20475d55
-				'i..d124d45a
-				'a..5dcf8716
-				's..45600db7
-				'd..013f18a7
-				'n..f6baa649
-			),..13aa1eb2
-			arr..20475d55
-				'i..61721b41
-				'a..7c623bf8
-				's..24ecf9be
-				'd..013f18a7
-				'n..a3fdf633
-			),..13aa1eb2
-			arr..20475d55
-				'i..f588d2a9
-				'a..4e02028c
-				's..8a377a14
-				'd..013f18a7
-				'n..8660ad3d
-			),..13aa1eb2
-			arr..20475d55
-				'i..6bf149b4
-				'a..76bdd11a
-				's..1dae058a
-				'd..013f18a7
-				'n..258afca8
-			),..13aa1eb2
-			arr..20475d55
-				'i..ba443eb4
-				'a..586838a4
-				's..9f8e48b8
-				'd..d3bf29fb
-				'n..4ec47b89
-			),..13aa1eb2
-			arr..20475d55
-				'i..c05f7cbb
-				'a..52ebec7a
-				's..bd54f1fc
-				'd..013f18a7
-				'n..c7270346
-			),..13aa1eb2
-			arr..20475d55
-				'i..e6c9bf89
-				'a..9d8f3e4d
-				's..ff36ffaa
-				'd..013f18a7
-				'n..cf0a58a7
-			),..13aa1eb2
-			arr..20475d55
-				'i..744367e8
-				'a..a12294a0
-				's..5453baee
-				'd..82275cce
-				'n..ee91d385
-			),..13aa1eb2
-			arr..20475d55
-				'i..fad096c2
-				'a..a20ddc13
-				's..6dcad0b3
-				'd..013f18a7
-				'n..4be964e5
-			),..13aa1eb2
-			arr..20475d55
-				'i..19ac189f
-				'a..2ce3cc8f
-				's..1dc95afe
-				'd..f7171c5c
-				'n..98bd97cd
-			),..13aa1eb2
-			arr..20475d55
-				'i..07b91186
-				'a..08bb10af
-				's..a2104409
-				'd..87052042
-				'n..37ba269e
-			),..13aa1eb2
-			arr..20475d55
-				'i..16703ef6
-				'a..735c93fa
-				's..92615efa
-				'd..82275cce
-				'n..9f4d5f9e
-			),..13aa1eb2
-			arr..20475d55
-				'i..9e5d1d0e
-				'a..b8090712
-				's..2b07676f
-				'd..013f18a7
-				'n..5a7bf0b4
-			),..13aa1eb2
-			arr..20475d55
-				'i..adf9a60b
-				'a..b47e4053
-				's..663bde43
-				'd..013f18a7
-				'n..80114fdc
-			),..13aa1eb2
-			arr..20475d55
-				'i..1c24b0f5
-				'a..ab96e4d6
-				's..262b4448
-				'd..013f18a7
-				'n..42ead75e
-			),..13aa1eb2
-			arr..20475d55
-				'i..441fc44f
-				'a..ac72209a
-				's..98df3bca
-				'd..013f18a7
-				'n..23818a2e
-			),..13aa1eb2
-			arr..20475d55
-				'i..fe6a8f15
-				'a..3f9f877a
-				's..d1b1075d
-				'd..013f18a7
-				'n..f3d15fb2
-			),..13aa1eb2
-			arr..20475d55
-				'i..724b637a
-				'a..19feef30
-				's..11ac5a4d
-				'd..013f18a7
-				'n..aa7e442d
-			),..13aa1eb2
-			arr..20475d55
-				'i..5e095545
-				'a..14bd7fd9
-				's..6eb42ff0
-				'd..d3bf29fb
-				'n..28287e91
-			),..13aa1eb2
-			arr..20475d55
-				'i..30713b43
-				'a..85f0d923
-				's..04443979
-				'd..013f18a7
-				'n..826dbe41
-			),..13aa1eb2
-			arr..20475d55
-				'i..3b4ac62c
-				'a..b3f5c52a
-				's..429ddd2b
-				'd..013f18a7
-				'n..c18e4817
-			),..13aa1eb2
-			arr..20475d55
-				'i..555dafdf
-				'a..84332598
-				's..ee4e3e9a
-				'd..013f18a7
-				'n..6c523338
-			),..13aa1eb2
-			arr..20475d55
-				'i..50fb7db1
-				'a..1390fc81
-				's..893a8951
-				'd..013f18a7
-				'n..75910ea6
-			),..13aa1eb2
-			arr..20475d55
-				'i..e74a83eb
-				'a..2a443d82
-				's..e07e23d3
-				'd..013f18a7
-				'n..ae4fcce5
-			),..13aa1eb2
-			arr..20475d55
-				'i..793bc816
-				'a..ad9f8ae6
-				's..a0418753
-				'd..013f18a7
-				'n..82bb03c9
-			),..13aa1eb2
-			arr..20475d55
-				'i..2e4a0894
-				'a..6959271e
-				's..38c510eb
-				'd..013f18a7
-				'n..7bdb4893
-			),..13aa1eb2
-			arr..20475d55
-				'i..8a8c44b9
-				'a..7f33bcaf
-				's..1c57d5af
-				'd..013f18a7
-				'n..8e63cd33
-			),..13aa1eb2
-			arr..20475d55
-				'i..50cce478
-				'a..d0b4f2f0
-				's..bb5fd28d
-				'd..013f18a7
-				'n..e9969684
-			),..13aa1eb2
-			arr..20475d55
-				'i..7902579f
-				'a..1728cfdb
-				's..6374dc4d
-				'd..013f18a7
-				'n..6cbfdcf6
-			),..13aa1eb2
-			arr..20475d55
-				'i..abcf27e0
-				'a..27f86b3a
-				's..3074ab70
-				'd..85730802
-				'n..78b681a7
-			),..13aa1eb2
-			arr..20475d55
-				'i..5263f3ac
-				'a..2d6edce9
-				's..0c354fc9
-				'd..d3bf29fb
-				'n..a58253d3
-			),..13aa1eb2
-			arr..20475d55
-				'i..440474c5
-				'a..b3d03452
-				's..7177d012
-				'd..013f18a7
-				'n..4a585bbc
-			),..13aa1eb2
-			arr..20475d55
-				'i..2c7a45b6
-				'a..af652071
-				's..1635916a
-				'd..013f18a7
-				'n..43bc4ffb
-			),..13aa1eb2
-			arr..20475d55
-				'i..c81b6fae
-				'a..b92efce8
-				's..40eb50e2
-				'd..56eaa027
-				'n..88bcd6df
-			),..13aa1eb2
-			arr..20475d55
-				'i..cb9ec3d8
-				'a..d77e23dc
-				's..72908fa7
-				'd..013f18a7
-				'n..765fe46b
-			),..13aa1eb2
-			arr..20475d55
-				'i..192c579f
-				'a..2aaa76f2
-				's..cfb55e09
-				'd..013f18a7
-				'n..fb83511f
-			),..13aa1eb2
-			arr..20475d55
-				'i..4f45588e
-				'a..28f8353b
-				's..ce9ad384
-				'd..013f18a7
-				'n..b80ea931
-			),..13aa1eb2
-			arr..20475d55
-				'i..046288c7
-				'a..383808db
-				's..3e85185e
-				'd..013f18a7
-				'n..2e32560d
-			),..13aa1eb2
-			arr..20475d55
-				'i..3d1a9c74
-				'a..1c6199c4
-				's..9683ddf7
-				'd..013f18a7
-				'n..28dbb2ef
-			),..13aa1eb2
-			arr..20475d55
-				'i..525e9696
-				'a..5dbc8b13
-				's..6d24880c
-				'd..013f18a7
-				'n..aa4c9d1d
-			),..13aa1eb2
-			arr..20475d55
-				'i..99ec8c17
-				'a..41999c6e
-				's..fe9f67d2
-				'd..d3bf29fb
-				'n..51e89c00
-			),..13aa1eb2
-			arr..20475d55
-				'i..d41e4c4d
-				'a..3dde6259
-				's..fb62ba9f
-				'd..013f18a7
-				'n..15732e76
-			),..13aa1eb2
-			arr..20475d55
-				'i..0423bbea
-				'a..f95dc95c
-				's..269c8125
-				'd..d3bf29fb
-				'n..6549fd19
-			),..13aa1eb2
-			arr..20475d55
-				'i..42ed47e5
-				'a..2c497586
-				's..33958636
-				'd..d3bf29fb
-				'n..c94f2ed3
-			),..13aa1eb2
-			arr..20475d55
-				'i..08ba82e7
-				'a..69c1631f
-				's..7775de27
-				'd..013f18a7
-				'n..63dc4971
-			),..13aa1eb2
-			arr..20475d55
-				'i..c89936bc
-				'a..7da12607
-				's..e19ff287
-				'd..82275cce
-				'n..3013d9bf
-			),..13aa1eb2
-			arr..20475d55
-				'i..7fe65499
-				'a..d9c6a400
-				's..70b0bda7
-				'd..013f18a7
-				'n..59b127ad
-			),..13aa1eb2
-			arr..20475d55
-				'i..1882689a
-				'a..8c69a4d1
-				's..a35bb312
-				'd..0cd12acb
-				'n..224bcea8
-			),..13aa1eb2
-			arr..20475d55
-				'i..ff4a6f12
-				'a..0937da9a
-				's..0959ce1e
-				'd..013f18a7
-				'n..6873c77f
-			),..13aa1eb2
-			arr..20475d55
-				'i..cd53205c
-				'a..cd9c4c43
-				's..6e66de0c
-				'd..013f18a7
-				'n..1385b008
-			),..13aa1eb2
-			arr..20475d55
-				'i..cbe1c5f4
-				'a..700aee47
-				's..05b42cc2
-				'd..013f18a7
-				'n..7e9becaa
-			),..13aa1eb2
-			arr..20475d55
-				'i..f43bdc17
-				'a..4ae05f06
-				's..fd75494c
-				'd..b8b261eb
-				'n..52a652ea
-			),..13aa1eb2
-			arr..20475d55
-				'i..83af5137
-				'a..cb34e616
-				's..6880b6ca
-				'd..56eaa027
-				'n..5240bde4
-			),..13aa1eb2
-			arr..20475d55
-				'i..98ba08fb
-				'a..f0bcf44b
-				's..3426f460
-				'd..013f18a7
-				'n..2397971e
-			),..13aa1eb2
-			arr..20475d55
-				'i..6c5f7481
-				'a..ad63f432
-				's..020bbda6
-				'd..013f18a7
-				'n..befe0656
-			),..13aa1eb2
-			arr..20475d55
-				'i..b7b2289e
-				'a..69cccf24
-				's..66e18132
-				'd..013f18a7
-				'n..5416a55d
-			),..13aa1eb2
-			arr..20475d55
-				'i..e9eb01e3
-				'a..b9a7d9ca
-				's..1df0ecee
-				'd..56eaa027
-				'n..43cc60ba
-			),..13aa1eb2
-			arr..20475d55
-				'i..1a0b917e
-				'a..68fd622b
-				's..17d56730
-				'd..013f18a7
-				'n..fd5797a8
-			),..13aa1eb2
-			arr..20475d55
-				'i..05f3eae9
-				'a..f77e5618
-				's..e9208e22
-				'd..013f18a7
-				'n..eece7e7a
-			),..13aa1eb2
-			arr..20475d55
-				'i..200e0ea7
-				'a..e2caa3d3
-				's..4ff32e86
-				'd..82275cce
-				'n..90cba253
-			),..13aa1eb2
-			arr..20475d55
-				'i..42aff971
-				'a..7750028a
-				's..4eb85d1a
-				'd..d3bf29fb
-				'n..252a48c9
-			),..13aa1eb2
-			arr..20475d55
-				'i..78ac4af9
-				'a..e999e5a3
-				's..31f89be6
-				'd..82275cce
-				'n..0cd1e834
-			),..13aa1eb2
-			arr..20475d55
-				'i..9752b502
-				'a..8452e0e5
-				's..16e39e3d
-				'd..82275cce
-				'n..60c9274c
-			),..13aa1eb2
-			arr..20475d55
-				'i..1f05ebf9
-				'a..85dcdccd
-				's..8c9e6afb
-				'd..42312647
-				'n..92de2522
-			),..13aa1eb2
-			arr..20475d55
-				'i..39bfa395
-				'a..c0aee956
-				's..8f5a84f3
-				'd..013f18a7
-				'n..9126c21f
-			),..13aa1eb2
-			arr..20475d55
-				'i..41374bb7
-				'a..ad701297
-				's..856f1aa4
-				'd..013f18a7
-				'n..c64fb2f1
-			),..13aa1eb2
-			arr..20475d55
-				'i..2a601b65
-				'a..6323e885
-				's..a869db83
-				'd..013f18a7
-				'n..a86aa86d
-			),..13aa1eb2
-			arr..20475d55
-				'i..15b7a98c
-				'a..3f70c493
-				's..c8fc0aa0
-				'd..013f18a7
-				'n..0d224b35
-			),..13aa1eb2
-			arr..20475d55
-				'i..53f5eb62
-				'a..dc611132
-				's..8e47f5c2
-				'd..013f18a7
-				'n..a087259c
-			),..13aa1eb2
-			arr..20475d55
-				'i..a9bb4500
-				'a..a3951f7e
-				's..d0910185
-				'd..82275cce
-				'n..8fc69c8a
-			),..13aa1eb2
-			arr..20475d55
-				'i..38130fcb
-				'a..fdb77460
-				's..9f3fbb87
-				'd..013f18a7
-				'n..3d82fc4a
-			),..13aa1eb2
-			arr..20475d55
-				'i..d9079fac
-				'a..c6497014
-				's..4e148359
-				'd..013f18a7
-				'n..acda8e60
-			),..13aa1eb2
-		);..98d046ad
+		$coi..218391a6
+		$thi..56fa0b44