-    co..fab69716
+    pr..31bb13d4
--- /de..e6f4051a
+packag..652e7bd0
+..305effe1
+import..3e528790
+import..a9639de7
+import..21f07a99
+import..53161310
+import..da3e624f
+..305effe1
+public..59f72e7a
+..305effe1
+    pu..74d16bfc
+      ..a2eeab8c
+    }..331cf871
+..305effe1
+    @O..ff383a07
+    pr..c1d9eb78
+..305effe1
+      ..b04e4577
+      ..05477a50
+      ..2c20898f
+      ..23c50a42
+..305effe1
+..305effe1
+      ..5cc15d54
+      ..3af7cc88
+      ..94a0ad47
+      ..2c196173
+      ..bdb98957
+    }..331cf871
+..305effe1
+    pr..f9dc66e2
+      ..b09ff5fa
+      ..da80ee07
+      ..b5ea342e
+      ..bd455562
+      ..e8957be3
+      ..bdb98957
+      ..f5b08450
+      ..2c038d0b
+      ..bdb98957
+    }..331cf871
+}..a19bc44d
-      ..14cf306b
+      ..a0c23774
+      ..be53673f
+import..81791fd2
-    pr..ec01615e
+    pr..f074f827
+    pr..460ce3bb
+    pr..c7c689fe
-    pr..9f933c31
+    pr..e1800d91
-      ..c5418739
+      ..ddd92f9b
-      ..1c9a0007
+      ..4d99f141
+      ..c32a2d52
+      ..a17a16e9
+      ..9ed11bc9
+      ..4b2a8c42
-      ..c45e966f
+      ..4d99f141
+      ..86de7e60
+      ..9fdbf87b
+      ..a17a16e9
+      ..432acc90
+      ..4b2a8c42
-    pr..06ba22f6
-      ..cf91ced1
+    pr..7626f581
+      ..c677a293
+    }..331cf871
+..305effe1
+    pr..c3e89eab
+      ..c1d73788
+      ..34f72c38
+      ..cae66d11
+      ..ffee2042
+..305effe1
-      ..7ac43eff
+      ..ee5f2286
-      ..7e7a5d2b
+      ..405f974d
-      ..1dfa9700
+      ..9293a6a4
-    pr..0cf98e5b
-      ..5d0226f9
-      ..c3e709d3
+    pr..8f74c869
+      ..77e065da
-      ..5b1cbd6a
+      ..7edd5aca
-      ..f92e13ca
-      ..0e8a4a9b
-      ..96239504
-      ..ca38d8a3
-      ..9cd0a444
-      ..59f9b501
+..305effe1
+      ..020a6c35
-      ..139b8237
+      ..75c90565
-      ..6d13d653
+      ..5095f1da
-      ..b3a2b96f
+      ..4613a714
+      ..f0649724
-      ..81c6ca44
+      ..da2d7508
-      ..45517120
+      ..defd8321
-      ..e2312a0e
+      ..632f5143
-      ..87e32beb
-      ..584fe677
+      ..df39f9be
+      ..dd0ec178
-      ..ce7310b1
-      ..26a022c5
+      ..f4d3d3c2
+      ..a8b68168
+      ..d3cea612
+      ..d26d9cb7
+      ..ca671aec
-    pu..4d0aff17
-      ..94ea7a6c
-      ..a02d0976
-      ..05362bf7
-      ..08768596
-      ..d539dd31
-      ..ff351b4b
-      ..aa9f6c80
-      ..2f0a0b0a
-      ..519e50ce
-      ..8e057d98
-      ..2c72ffc7
-      ..079e4749
-      ..a6063968
-      ..9cd0a444
-      ..f0b546ac
-      ..dc05aea9
-      ..c7d6d819
-      ..0ad5d185
-      ..ad6430b7
-      ..62bdba91
-    }..45f4e59f
-..42bb8332
-    pu..e98dad4b
-      ..1144396e
-      ..aebac128
-      ..83a171c8
-    }..45f4e59f
-..42bb8332
+      ..12a7d9ab
+      ..f2de6545
+      ..16e487a5
+..305effe1
+      ..fbd692c9
+      ..08cf4403
+      ..d3847d54
+      ..c78d6d78
+..305effe1
+..305effe1
+      ..fbd692c9
+      ..08cf4403
+      ..d3847d54
+      ..c78d6d78
+..305effe1
+      ..54484906
+..305effe1