+$hashe..475181e2
+		$has..183a0824
-echo "..fc787a0b
+echo "..9e9f7c77
-echo "..707679d5
-..e813cdf3
-$hashe..082f0e1f
-..e813cdf3
-	$hash..8dba0307
-$db->d..9108125b
+$db->d..d299722a
-		if (..88bf32df
+		if (..cc8a0850
+			&& ..c1fa4e81
+			&& ..aafedc6e
+			&& ..4e444bef
+		) {..d13d3e27
-		if (..02239c1f
-			ret..f3c44ed8
-				's..0661d244
-				'e..38414d50
-			);..f2f419ef
-		}..419bfea7
-..e813cdf3
-			'er..d8a75195
+			'er..8b344076
-	publi..84598cd9
-		$con..3511a14f
-..e813cdf3
-		if (..4a604d24
-			ret..091159db
-		}..419bfea7
-..e813cdf3
-		$msg..5a222942
-..e813cdf3
-		try ..02839e81
-			$co..8328b93e
-			$re..cf56a117
-			if ..fe81a1ae
-			els..08893ef2
-		} ca..1c7c9cc7
-			ret..091159db
-		}..419bfea7
-	}..ea264f0a
-..e813cdf3