+		"da-..443ac343
+		"th-..7e7ab074
+		"da-..79952077
+		"th-..c3691917
+		"da-..c1e7fe3e
+		"th-..d907f413
-		"ca-..725a0ab3
+		"ca-..16d59f9d
-		"ca-..411a5f4b
+		"ca-..c3c84455
-		"es-..e1a3c1c4
+		"es-..c5dae665
+		"th-..b9cfb34f
-		"ca-..4c2c757a
+		"ca-..2859a2d8
-		"es-..fc9b7422
+		"es-..685bed97
-		"ro-..416f6a92
+		"ro-..3264dd4c
-		"de-..e13dd2e1
+		"de-..00f4cb13
+		"da-..f09a1aad
+		"th-..e8562df7
+		"da-..79865a2b
+		"th-..45af996e
+		"da-..3bac4f1c
+		"th-..929936d6
+		"th-..07b36896
+		"da-..5e876c76
+		"th-..0fed80ad
+		"th-..aafa3566
+		"th-..f7c48263
+		"th-..9074b703
+		"da-..f3ddf29a
+		"th-..9e7556f0
+		"da-..911b26f7
+		"th-..ee6d4f46
-		"ca-..62b719f4
+		"ca-..332633ca
-		"el-..7f64d196
-		"es-..33438670
+		"el-..1a973b18
+		"es-..9d98b1d5
+		"th-..67165562
-		"ca-..dbe202fb
+		"ca-..f2c66615
-		"es-..f98b2c07
+		"es-..cb4b58f3
-		"de-..ddbaeb94
+		"de-..8ddee53b
-		"el-..9d290861
+		"el-..f1f52f2f
-		"el-..fbb98f49
+		"el-..e94fb8b6
-		"de-..e570a25b
+		"de-..97bccfdd
+		"th-..abe7004d
-		"el-..d8797d5e
+		"el-..7d35100d