-						..2ba7f474
-						..0b6b9382
-						..827434bb
-						..c997c610
-						..7c3b799a
-						..db716083
-						..83a18f56
+						..aa60b2f6
+    <A..c01a853d
-    <A..d30d6197
+    <A..aece6701
-    <B..7478edc7
+    <B..b49a2c8e
+    <A..c01a853d
+    <C..ddaebcc2
-			var..47ea8750
-			var..366e2304
-			if ..fc40daaa
+			try..3bada7ae
-				po..fd2c8e11
-				re..dde8bc31
+				va..952a17b9
+				va..9e05895e
+				if..3b42a346
+				{..ae4c54db
+					p..a90540d8
+					r..56124f61
+				}..566d8331
+..ec2e3392
+				va..0854b30b
+				co..d7630584
+				if..4437e655
+					c..d6522829
+				po..5e91262d
+				{..ae4c54db
+					O..42b43904
+					F..f60e40e1
+					S..fc0b4e16
+				};..90fb012c
+				po..d9ac74f2
+				if..7463196a
+					p..7f333cd8
+..ec2e3392
+				if..5c7a75f9
+				{..ae4c54db
+					v..3a65c6b2
+					v..967c9d30
+					p..ed94ee23
+				}..566d8331
+				el..b2c9a908
+					p..0a4f6de1
+..ec2e3392
+				Ev..d68624a0
+				ha..5b57b0a1
+				{..ae4c54db
+					v..576fe19c
+					i..69b4563f
+						..95703e5d
+					(..10aa4952
+					c..2373ad9c
+				};..90fb012c
+				po..5b593034
+				_o..f2a4f185
-..73763b53
-			var..db0a3b17
-			con..15712256
-			if ..bb62c09f
-				co..0fbcb120
-			pop..b561ec44
-			{..318dc0b0
-				Ou..f03dfad6
-				Fo..1d7e6943
-				So..c78375ac
-			};..695d486a
-			pop..b7ae0886
-			if ..35cb0c96
-				po..74d6ddf3
-..73763b53
-			if ..5a3023d2
+			cat..05b47ec8
-				va..8c94d7df
-				vi..e4f27a05
-				po..9caeef00
+				Ap..275e268f
-			els..18b359d2
-				po..e5cf2312
-			_op..4a63ed9e
-			if ..997bfab9
+			if ..d59c332a
--- /de..822667c5
+﻿usi..9de22781
+using ..4aedaf93
+using ..54841ec0
+using ..2279418b
+..ec2e3392
+namesp..532611ae
+{..d2bf647b
+	publi..7ceeefdb
+	{..2678ee29
+		#reg..a6f994c2
+..ec2e3392
+		priv..b44cafec
+..ec2e3392
+		#end..2e04ff93
+..ec2e3392
+		#reg..df97d72a
+..ec2e3392
+		publ..8c4b6715
+..ec2e3392
+		#end..2e04ff93
+..ec2e3392
+		#reg..8b13534c
+..ec2e3392
+		priv..3eca3919
+		{..36e5f5ae
+			if ..cd7d353a
+			{..091b9da7
+				va..d7499f52
+				co..b5221533
+			}..700c236b
+..ec2e3392
+			ret..43c9dc96
+		}..f583630e
+..ec2e3392
+		#end..2e04ff93
+	}..22bc5266
+}..92d269ca
-			// ..6f6bcbee
-			pub..2a629a89
+			// ..480c305a
+			pub..36188fac
-			// ..29d97116
-			pub..9b22b125
+			// ..c20127f6
+			pub..7868f27c
-			// ..117ce45e
-			pub..82da5a89
+			// ..361d269b
+			pub..f80e5211
-			// ..0ac48080
-			pub..3f8ad32f
+			// ..228b5197
+			pub..a81e20c2
-			// ..fd645fdf
-			pub..5d0f1268
+			// ..d7b1d500
+			pub..1682829e
-			// ..f4749fcb
-			pub..74e96d8b
+			// ..d0bd9e3c
+			pub..eebed912
-			// ..10086670
-			pub..aeff8d70
+			// ..53d8d6d0
+			pub..5750c5f9
-			// ..858c6e30
-			pub..7c39ca49
+			// ..3e469e03
+			pub..2a5ae26a
-			// ..1c317dcb
-			pub..a3043abd
+			// ..64349c1d
+			pub..7cbf6678
-			// ..43e13d44
-			pub..863d3c77
+			// ..743d5de2
+			pub..3d12c740
-			// ..ce5bcaa3
-			pub..76743624
+			// ..75efa67c
+			pub..bbdc2909
-			// ..3cc94054
-			pub..a5e9f1b9
+			// ..a0a9e9bc
+			pub..cfcf15f0
-			// ..45874778
-			pub..3091524c
+			// ..95c5afb6
+			pub..5b18fc0d
-			// ..7324acdf
-			pub..4dc4ec61
+			// ..293cbf0a
+			pub..d3b67f11
-			// ..aa9a252b
-			pub..a1a43153
+			// ..ca2fadb5
+			pub..a2e0efb0
-			// ..229ec7e9
-			pub..54358083
+			// ..fb9198eb
+			pub..a66d0ea1
-			// ..6fb7229e
-			pub..c49b3bbc
+			// ..7b4ad576
+			pub..7d13b1bf
-			// ..2cc70ab4
-			pub..370dcfb0
+			// ..01ed40f3
+			pub..626a2d85
-			// ..c4d84cb7
-			pub..532261d3
+			// ..cc91580e
+			pub..4cebee9f
-			// ..9fb42374
-			pub..26ffbefa
+			// ..85cc6dfb
+			pub..4f78e2c8
-			// ..afecbab0
-			pub..aaefc751
+			// ..9f1f2c07
+			pub..d3c13085
-			// ..7c7bd049
-			pub..2cfec117
+			// ..083ac1c6
+			pub..950d51d5
-			// ..82f14768
-			pub..726d9bd6
+			// ..26beb3a1
+			pub..62340fbd
-			// ..8118f46c
-			pub..8db1f357
+			// ..76b2707d
+			pub..1d1eceb6
+..ec2e3392
+			// ..c08d5643
+			pub..218e5f7c
-			pub..23702ad9
+			pub..8217efdd
-			pub..0e93b52d
+			pub..1a41fd5a
-			pub..555f7e6d
-..73763b53
-			// ..b742cbef
-			pub..be4ef868
+			pub..f64a2d62
-			// ..d56bdfbd
-			pub..11fcff72
+			// ..02b671ea
+			pub..e7fe3aef
-			// ..348372a7
-			pub..b7278082
+			// ..9db92c1d
+			pub..b43f1a8c
-			// ..5bc8b835
-			pub..3b216248
+			// ..4f27b308
+			pub..02ae9e56
-			// ..61c78b48
-			pub..44bd107f
+			// ..901d4b27
+			pub..5c5f3bf2
-			// ..d256b3c6
-			pub..9d70a81c
+			// ..9b8d49d2
+			pub..cbf6b150
-			// ..a8c69e2a
-			pub..30948243
+			// ..17ac9d11
+			pub..bae2c745
-			// ..7dba7443
-			pub..afffc5c8
-..73763b53
-			pub..ec766a3e
+			pub..374a2240
-			// ..ae9f3621
-			pub..9119e9f9
+			// ..dc25c22c
+			pub..d5f1cd3a
+..ec2e3392
+			// ..7119a7f0
+			pub..c4294991
-			// ..fc47fbd5
-			pub..64b9b71e
+			// ..7069fd8f
+			pub..2da5579a
-			// ..6994f1b7
-			pub..af03f736
+			// ..fe810011
+			pub..da2db1f5
-			// ..41c59dbd
-			pub..d4b29054
+			// ..1d754533
+			pub..e3b41602
-			// ..06b7fdf7
-			pub..85e0aea1
+			// ..aefaf728
+			pub..a844b8b4
-			// ..33742957
-			pub..b80065ac
+			// ..93560885
+			pub..0bbca1a9
-			// ..8db35dec
-			pub..502d80f8
+			// ..0c710333
+			pub..a7d155b8
-			// ..1ddc58c8
-			pub..0a87fb95
+			// ..5506640f
+			pub..dcaa3f9e
-			// ..8d8e8dc5
-			pub..55795ce9
+			// ..21e38420
+			pub..34cab8e4
-			// ..4dd5ffab
-			pub..1cffd1b6
+			// ..5cec7d02
+			pub..b6017710
-			// ..ac6e94ad
-			pub..6f65ecc5
+			// ..c0d38aad
+			pub..44cfe378
-			// ..291ee476
-			pub..124f5aff
+			// ..a6ad8c3f
+			pub..2773ef3c
-			// ..5b9f8bba
-			pub..4c9a7441
+			// ..da2d9d2d
+			pub..cacf7ab7
-			// ..72f31b8f
-			pub..8c89dbd7
+			// ..c6e931c1
+			pub..e9f216ef
+			// ..03a149ab
+			pub..9ed9bb8f
+..ec2e3392
-			// ..2b7316cc
-			pub..dba7c08b
+			// ..4a4eb679
+			pub..f43e8996
-			// ..6413da55
-			pub..4beaeb4d
+			// ..5fe7a82c
+			pub..d0c447de
-			// ..3fbdb321
-			pub..8a831f98
+			// ..11d24002
+			pub..f692d81c
-			// ..6092ec33
-			pub..fa7f73fe
+			// ..93275676
+			pub..90116eb0
-			// ..66b63b2f
-			pub..48cb535e
+			// ..82cde8ab
+			pub..1a94e528
-			// ..529860f0
-			pub..4c6a5063
+			// ..ba5e5139
+			pub..d66d3912
-			// ..9776a929
-			pub..15175134
+			// ..bc537285
+			pub..45b28e3b
-			// ..f79f3a23
-			pub..a253fd8d
+			// ..66e10c1c
+			pub..31a6c398
-			// ..30e45897
-			pub..e7b72a3f
+			// ..3611addc
+			pub..3ef1e92d
-			// ..ad2b8e6b
-			pub..5ca2b952
+			// ..d34b81f2
+			pub..3adbc1d1
-			// ..bd8d3111
-			pub..78486f87
+			// ..400c94c6
+			pub..f4309a55
-			// ..50fd022c
-			pub..24fe35aa
+			// ..1ba284f8
+			pub..5d8d6740
-			// ..70af5a32
-			pub..6855bdb5
+			// ..573b7b9f
+			pub..cd5fb6a0
-			// ..6033eeeb
-			pub..575dc67b
+			// ..c1d41a2e
+			pub..14366bcd
-			// ..030185eb
-			pub..c065df9a
+			// ..fdf10bbf
+			pub..f3a3c562
-			// ..01ef9cfd
-			pub..d9cb1f87
-..73763b53
-			pub..aeb49ae6
+			pub..b9f5a81f
+..ec2e3392
+			// ..e587dc26
+			pub..f7049662
-			// ..6eddbab3
-			pub..09e1c32e
+			// ..3a25772d
+			pub..97f72bec
-			// ..77aec5d1
-			pub..9bbb175d
+			// ..7253044c
+			pub..c617ac42
-			// ..190c50a0
-			pub..05ed868c
+			// ..3e534e8e
+			pub..e7f49cca
-  <Edi..b2c58999
+  <Edi..9766a3cd
+      ..66cccf4c
-﻿MON..4579914b
+﻿..714ebce9
-			Con..16d83ca0
+			Con..1a91d869
-..73763b53
-      ..541e466d
+..ec2e3392
+      ..cfc68f3e
+      ..9842b73b
+      ..9f99ad22
+      ..0a8e01b0
+      ..8907e1bc
+      ..a7ec86bf
+      ..f60912f4
+..ec2e3392
+      ..6a3dbadb
+      ..4ca580a2
+      ..0b381af3
+..ec2e3392
+      ..2588e11a
+      ..b4cf6f94
+      ..cfdcff40
+      ..1b9a7f0d
+      ..185af456
+..ec2e3392
+      ..24a6d471
+      ..91a8318e