-		"hr-..af875242
+		"hr-..30c2d81a
-		"pt-..d804593b
+		"pt-..9180fe87
-		"pt-..11762d4a
+		"pt-..a4dba84f
-		"hr-..cb101696
+		"hr-..09797d0b
-		"pt-..29dbc722
+		"pt-..61221d43
-		"hr-..f06dcaaa
+		"hr-..131ada8b
-		"pt-..127fd186
+		"pt-..3178f0b5
-		"hr-..93b7b76d
+		"hr-..b81a3750
-		"pt-..a573570d
+		"pt-..06a8a349
-		"hr-..5fcfdc2d
+		"hr-..ea11ba6d
-		"hr-..4592c26c
+		"hr-..3e8cf232
-		"pt-..6d0f95b1
+		"pt-..9988cb87
-		"pt-..1609f932
+		"pt-..5b9da89b
-		"pt-..1b8daaca
+		"pt-..73ec3c20
-		"hr-..1a01b729
+		"hr-..8c2a3efd
-		"pt-..f775a120
+		"pt-..e001f07f
-		"hr-..ba28d5e1
+		"hr-..e816d00d
-		"he-..1e3d9de3
+		"he-..d984ab70
-		"hr-..1c2307b9
+		"hr-..207d0673
-		"hr-..b9f73f76
+		"hr-..207d0673
-		"hr-..1a53c713
+		"hr-..1f30b4be
-		"en-..2af7e168
+		"en-..77002475
-		"hr-..bf0787dc
+		"hr-..f2adaee9
-		"pt-..c4a1a713
+		"pt-..bdbe8a97
-		"pt-..60a91a30
+		"pt-..2c690dd0