-		priv..81c72ef5
-		publ..7072d18c
-..42bb8332
-		publ..1a275549
-..42bb8332
-		publ..f12ca774
-		{..497654f7
-			if ..a5546b96
-				re..0a0a2f29
-			if ..75253b4b
-			{..d67fc7ed
-				_c..15a7b783
-					...ee3893e7
-					...6462a2f3
-					{..b7b3e44c
-						..c1884599
-						..f54f3c46
-						..420c153a
-						..49c1f1fb
-						..8c9bde77
-						..f54f3c46
-						..ff348162
-						..49c1f1fb
-					}..f6025c05
-					...1f014c2d
-					...74efaf2f
-					...420421dc
-				_c..019a2c13
-			}..ac7ec163
-..42bb8332
-			Tup..292ef279
-			_cu..5885d556
-			ret..705cc2fa
-		}..110187c5
-..42bb8332
+			con..50a4d8de
+				(c..020fb4f0
+				{..101b1c96
+					r..6289f358
+						..ea0e30d4
+				},..9632ff3a
+..305effe1
-<manif..46416070
+<manif..1a62b96d
-			Wal..fba1ded7
-			Wal..bf367791
-			Mug..9460443f
-			Mug..277b27ec
+			Mug..3e6d6d26
-				fo..6baa6d92
+				fo..5b35f1c3
-using ..12e2d705
+		priv..b7876dbd
+		priv..b955cb12
+		priv..d5f0a545
-			Sup..6a067ce4
+			Sup..ab31af50
-		publ..528150fa
+		publ..7a588fa5
+			_ge..9127df2d
+			_ge..8aeac1af
+			_ge..46c72f09
-		priv..859fb1ea
+		priv..f25e1892
-				va..90e6a3f2
-				va..d6418a9a
-				va..45c90af8
+				va..45202788
+				va..5144f3a8
-		priv..29a7cbed
+		priv..6f7cc210
-			var..66dbe93b
-			var..1acabcb9
-			if ..70a6d94a
-				la..fe426df0
-..42bb8332
-			ret..2a96e425
+			try..7da9343c
+			{..e62ace05
+				st..dafea103
+				va..4b737c97
+				if..edfeb26c
+					r..aa2c4a75
+				if..15d53a52
+					r..135bca92
+..305effe1
+				st..51256e8f
+				re..33a46c00
+			}..671b3195
+			cat..419a12b0
+			{..e62ace05
+				Ap..3c7bfef9
+				re..17919ed2
+			}..671b3195
-using ..6762504f
-using ..12e2d705
+﻿usi..a0af0124
+using ..370c9e2f
-		priv..2a6fbfb4
+		priv..8bbc70ae
-		publ..12e20f46
+		stat..44152318
+		{..5fbc53af
+			Cur..80597a91
+			{..e62ace05
+				{"..63fd9db2
+				{"..4ead0793
+				{"..bfe0f13b
+				{"..65a30318
+				{"..93164046
+				{"..991f9e63
+				{"..49277348
+				{"..08eb4f9d
+				{"..326541fc
+				{"..0ca6f656
+				{"..9ce55ca7
+				{"..dd46c5d5
+				{"..425b2b73
+				{"..3f09bed6
+				{"..a36eaf74
+				{"..d57dd3ff
+				{"..5d8da4a8
+				{"..5fe7e2c5
+				{"..d0c24493
+				{"..766569a0
+				{"..b8eac8f7
+				{"..5c9f372e
+				{"..ecf0276d
+				{"..47cb6073
+				{"..4c771d18
+				{"..c7a95eb9
+				{"..d42b8934
+				{"..64a3c6fa
+				{"..09fb9775
+				{"..6a871e37
+				{"..aa868005
+				{"..0ef0611d
+				{"..b84acdc1
+			};..f743ed72
+		}..980ff712
+..305effe1
+		priv..06750bd7
+			Sym..29f1de78
+			Dec..0c0c1936
-		publ..14626648
+		publ..18e8cd9e
+..305effe1
+		publ..ed2a3a8b
+..305effe1
+		stri..15ca258d
+..305effe1
+		#end..b30222a6
+..305effe1
+		#reg..ee79bf3b
+..305effe1
+		publ..6b3cb47d
-			get..f8a03c0a
-			{..d67fc7ed
-				if..a54c7050
-					_..c2be852c
-				re..81859655
-			}..ac7ec163
+			Cur..3ed69da3
+			Cur..c27f3253
+			ret..f0e35e09
-		publ..4e6cae8c
+		publ..d5644716
-			get..f8a03c0a
-			{..d67fc7ed
-				if..a54c7050
-					_..c2be852c
-				re..4073d011
-			}..ac7ec163
+			ret..e80779a2
-		stri..308b4967
-..42bb8332
-using ..12e2d705
-			ret..654e79c8
+			ret..07764216
-﻿usi..0d6e76be
+﻿usi..a0af0124
-		publ..d5112d77
+		publ..20b50b63
-		priv..8f0a414f
+		priv..3505c2e5
+			Iso..8c4f33fa
+			Iso..c619e06e
+		publ..f0777e0a
+..305effe1
+		publ..0f53544d
+..305effe1
-		publ..92bbf5bd
+		publ..81a555b4
-			if ..5c732533
-			{..d67fc7ed
-				va..29e11c34
-				fo..ece9ed97
-				{..065da935
-					f..76605cd8
-					{..b7b3e44c
-						..a3b49471
-						..8a10bb9a
-					}..ffd13cbc
-				}..1719f249
-..42bb8332
+			if ..14ca82f7
-			}..ac7ec163
-			ret..780d03ba
-		}..110187c5
-..42bb8332
-		priv..fc84be99
-		{..497654f7
-..42bb8332
+			ret..c0d8c88e
-		priv..2445edcb
+		publ..afac106c
-			var..e3760f00
-			whi..fcc0b8ad
-			{..d67fc7ed
-				cu..26b847fc
-				if..f97e38ad
-					b..e3aae081
-				cu..ddb972a6
-			}..ac7ec163
-			ret..2987ee80
+			if ..c0792684
+				re..c13cd03d
+			ret..b938978d
-				ne..7a4950ab
-				ne..4b924826
-				ne..63a80a3d
-				ne..3f801b70
-				ne..6d9f5748
-				ne..2e784812
-..42bb8332
-..42bb8332
-				ne..e3ed292a
-				ne..fd93526d
-				ne..8c7fa7aa
-				ne..84d14bcc
-				ne..72ca1ed1
-				ne..c8bf6af5
-				ne..f2513cf1
-				ne..ec3885fb
-				ne..756b3eb1
-				ne..aaad3b49
-				ne..f9c0dee1
-				ne..e4d2b950
-				ne..bf06ae72
-				ne..1ad338ce
-				ne..785ce740
-				ne..a2fe83d1
-				ne..9554a6b2
-				ne..f1888e83
-				ne..5b2af51f
-				ne..74d0cdff
-				ne..37a4e4f5
-				ne..69ae8b5a
-				ne..1079fc4d
-				ne..3db700c3
-				ne..e6ec4d38
-				ne..b82e1d9c
-				ne..1639ddda
-				ne..7e66d108
+				ne..31f72a00
+				ne..12b34f83
+				ne..c158ce9c
+				ne..9846a103
+				ne..aaf20f24
+				ne..434e9de0
+..305effe1
+..305effe1
+				ne..479af242
+				ne..992834d9
+				ne..c53ff617
+				ne..c4fe0dea
+				ne..2c105fd0
+				ne..e3edaa03
+				ne..8670f38f
+				ne..e33e689c
+				ne..f47b40f2
+				ne..ec11bf1a
+				ne..c6e7ae29
+				ne..207bd339
+				ne..439b446c
+				ne..1ebf69b2
+				ne..27647281
+				ne..fab1e0c6
+				ne..35e3740d
+				ne..be7d9b34
+				ne..e4005cab
+				ne..1c1b7592
+				ne..ef8013ee
+				ne..930fda2a
+				ne..6fb69172
+				ne..c0168b4d
+				ne..1457a090
+				ne..7c3bcf10
+				ne..97b22b87
+				ne..d7c6493d
-			con..b5f9c8f1
-			con..31a346dc
+			con..54ef01ba
-    co..fab69716
+    pr..31bb13d4
+      ..5db9be78
+import..5495a990
+    pu..ac8875d6
+      ..aad61159
+      ..589b7d18
+      ..dc3a6ae2
+      ..619eee51
+      ..bdb98957
+    }..331cf871
+..305effe1
+    pu..747ee36d
+      ..aad61159
+      ..f36a8123
+      ..dc3a6ae2
+      ..619eee51
+      ..bdb98957
+    }..331cf871
+..305effe1
+    pu..00eaceb8
+      ..aad61159
+      ..6eb9eb2a
+      ..a96a7db5
+      ..dc3a6ae2
+      ..619eee51
+      ..bdb98957
+    }..331cf871
+..305effe1
+import..5495a990
+      ..3cd29582
+      ..7e400bbe
+..305effe1
+..305effe1