+		"ko-..1f4a428d
+		"ko-..91c9a0f5
+	"Comm..90b56b47
+		"en-..18ff9430
+		"bs-..39759ffa
+		"de-..c0e5699d
+		"el-..6a84560a
+		"he-..4cb9309e
+		"hr-..23c8c31b
+		"it-..140eaa03
+		"ja-..04528091
+		"ms-..18988847
+		"nl-..75b2876b
+		"pt-..31fdca0a
+		"ru-..19769efc
+		"zh-..b71fba43
+	},..55b9dbc8
+		"ko-..9316ba00
+		"ko-..eaedd3f8
+		"ko-..bccfae78
+		"ko-..8d21486e
+		"ko-..9c08a453
+		"ko-..b9c1c491
+		"ko-..e51a00ca
+		"ko-..66bdf906
-		"ko-..2e668342
+		"ko-..190360d9
+		"ko-..1b6a7fbb
+		"ko-..bf052db2
+		"ko-..e7600aaa
+		"ko-..0088b391
+		"ko-..eea8cda4
-		"ko-..c9d27d37
+		"ko-..c65866c3
+		"ko-..eb1afa96
+		"ko-..ab1ece3b
+		"ko-..5fc1bf3c
+		"ko-..7e2952c9
-		"ko-..a1a304ff
+		"ko-..4d0aa0dc
+		"ko-..46446995
+		"ko-..a2f23037
-		"ko-..b0fe96e1
+		"ko-..82abbd3f
+		"ko-..3c0e2fa3
+		"ko-..b60d3eed
+		"ko-..b2a1a0d1
+		"ko-..1cf78636
+		"ko-..64810193
+		"ko-..7d639250
+		"ko-..f033eaa1
-		"ko-..07e74d42
+		"ko-..99527b8b
-		"ko-..c4c0afdd
+		"ko-..bf54bed6
+		"ko-..d18bb5de
+	"Wall..cde13e6c
+		"en-..65e60ed7
+		"bs-..21369b50
+		"de-..a93155da
+		"el-..53cdee41
+		"he-..7330cbb7
+		"hr-..79a00464
+		"it-..3ef7360b
+		"ja-..87f6c696
+		"ms-..5d8d4b3a
+		"nl-..1855c779
+		"pt-..f51f060d
+		"ru-..af022a8c
+		"zh-..d2ff5354
+	},..55b9dbc8
+		"ko-..73aa8ed6
+		"ko-..7a4efa5c
+		"ko-..5004442f
+		"ko-..0d383d2e
+	"Wall..440d2f64
+		"en-..354e3ed8
+		"bs-..fdc597ac
+		"de-..a901d1bd
+		"el-..f0099a15
+		"he-..603a9460
+		"hr-..cf63589e
+		"it-..93405f2d
+		"ja-..3c84754e
+		"ms-..ce82b2ec
+		"nl-..dc965a31
+		"pt-..72f70c1a
+		"ru-..3666c61f
+		"zh-..3845e7c7
+	},..55b9dbc8
+	"Wall..4f56b901
+		"en-..efa27bd2
+		"bs-..ab966ec4
+		"de-..66c7c7a0
+		"el-..cacf8b95
+		"he-..74c2bbca
+		"hr-..189cb4cb
+		"it-..a44276bc
+		"ja-..68c3e1c5
+		"ms-..0f09aa96
+		"nl-..10e8014d
+		"pt-..cd71f79e
+		"ru-..15402bce
+		"zh-..884f635a
+	},..55b9dbc8
+		"ko-..de369f06
+		"ko-..b60435a2
+		"ko-..84cc476d
+		"ko-..a24c52e3
+		"ko-..ae04e9d1
+		"ko-..81bef94b
+		"ko-..8dc6dbfc
+		"ko-..89ea6dc0
+		"ko-..a42e4f44
+		"ko-..c54ef4b1
+		"ko-..42d5f851
+		"ko-..aa7ebd7a
+		"ko-..c6a1d2c4
+		"ko-..1c7933ed
+		"ko-..bfc1589c
+		"ko-..c9655bf8
+		"ko-..f93f52dc
+		"ko-..70fa7e50
+		"ko-..e77a9861
+		"ko-..128e5e0c
+		"ko-..172177ef
+		"ko-..0947825a
+		"ko-..e320ff9a
+		"ko-..fc541c3f
-	},..c3e76676
-	"Wall..0a787f73
-		"en-..7cbe9984
-	},..c3e76676
-	"Wall..55fb8c6d
-		"en-..b8e6e4bf
-	},..c3e76676
-	"Comm..2c2c6c3f
-		"en-..de7f93ba
-	},..c3e76676
-	"Wall..5ed33e91
-		"en-..b89370a1