-    pu..c71fd404
+    pu..4c3b7131
-      ..daf7fb93
+      ..c858ead5
+      ..314c930d
+      ..5417372d
+      ..0e3a0633
+      ..3ba82162
+      ..5417372d
-	publi..b94bc597
+    pu..4c3b7131
-		$txs..767ee50d
+      ..c858ead5
+      ..314c930d
+      ..5417372d
+      ..0e3a0633
+      ..3ba82162
+      ..5417372d
+    pu..707829ab
+      ..e46ff67b
+..9d57984b
+      ..af384e31
+      ..e5bbb668
+..9d57984b
+      ..a82bcb0f
+      ..899e3c1f
+      ..5417372d
+      ..ca7db928
+      ..55efd211
+      ..94373e1d
+      ..9dcc9f63
+..9d57984b
+      ..4ea56d7f
+      ..0260c674
+..9d57984b
+      ..90da37f2
+      ..c11d8ba3
+      ..64c092c8
+      ..5417372d
+..9d57984b
+      ..f43a8398
+      ..1e1e9be3
+      ..7f215ebd
+      ..7ba1662f
+      ..3022b37d
+    }..b361d191
+..9d57984b
+    pu..707829ab
+      ..e46ff67b
+..9d57984b
+      ..af384e31
+      ..e5bbb668
+..9d57984b
+      ..a82bcb0f
+      ..899e3c1f
+      ..5417372d
+      ..ca7db928
+      ..55efd211
+      ..94373e1d
+      ..9dcc9f63
+..9d57984b
+      ..4ea56d7f
+      ..0260c674
+..9d57984b
+      ..90da37f2
+      ..c11d8ba3
+      ..64c092c8
+      ..5417372d
+..9d57984b
+      ..f43a8398
+      ..1e1e9be3
+      ..7f215ebd
+      ..7ba1662f
+      ..3022b37d
+    }..b361d191
+..9d57984b