+	"Comm..a532979a
+		"en-..3fa29809
+		"ca-..42bbfd7e
+		"de-..4cb105c9
+		"el-..42bfa93d
+		"es-..0900a414
+		"he-..0ec5fb98
+		"hi-..f9018f97
+		"hu-..6c2fae03
+		"it-..3a51579f
+		"ms-..b5a7946f
+		"nl-..9d09e557
+		"ru-..4716e3a4
+		"zh-..6513087d
+	},..204e008d
-		"vi-..465e82d2
+		"vi-..aeafea12
+		"zh-..8c1d3870
+		"zz-..648de8b9
+		"hu-..a03900ba
-		"zh-..066901a7
+		"zh-..d4c607a7
+		"zz-..c371f6b9
+		"hu-..b2b6cefe
-		"zh-..88121df6
+		"zh-..a0b2a923
+		"zz-..31130d4a
+		"hu-..8c187f1e
-		"zh-..eeeba91f
+		"zh-..6ebf97a9
+		"zz-..67d65883
+		"bs-..3efba165
+		"ca-..20edf3d1
+		"es-..4b98f8d0
-		"ru-..30376286
+		"ru-..6ca3fe52
+		"vi-..01296f59
+		"zh-..81e79cca
+		"zz-..54c4874f
+		"hu-..4c7def70
+		"hu-..2d223092
+		"hu-..5a751163
+		"hu-..b0368ede
-		"vi-..2b729b4f
+		"vi-..726453d4
+		"zh-..7b525add
+		"zz-..0851d542
+		"hu-..69f35668
-		"vi-..0f20991e
+		"vi-..1824d4c8
+		"zh-..91ca3121
+		"zz-..ce7ad96c
+		"hu-..bee65592
-		"vi-..33bede74
+		"vi-..05c6d438
+		"zh-..55bbb4bd
+		"zz-..4c1603bc
+		"hu-..5a164c59
+		"hu-..a9700329
-		"zh-..6418bfd9
+		"zh-..4ed709b4
+		"zz-..639b8bcd
-		"en-..9b3fd2c0
+		"en-..a7267d94
-		"de-..5fa71d29
-		"el-..119993a7
-		"he-..6ac278c5
+		"bs-..b9380dc6
+		"ca-..fd8bab41
+		"de-..10faa154
+		"el-..4be6306a
+		"es-..4c4d5b33
+		"he-..290496e1
-		"hu-..709590c3
-		"it-..80bcd556
+		"hu-..72ed687b
+		"it-..71d4f9e7
-		"nl-..d550c056
-		"pl-..48f1b365
-		"pt-..4e81e6d3
+		"nl-..7823194f
+		"pl-..2b9c062a
+		"pt-..6e716aa5
-		"ru-..f169f68f
+		"ru-..b3d97df7
+		"vi-..e500469d
+		"zh-..96c45450
+		"zz-..b76821f3
+		"bs-..f99313e8
+		"ca-..1dd6f87b
+		"es-..3921a4b0
-		"ru-..b8a2afdd
+		"ru-..60f3631c
+		"vi-..39174cfc
+		"zh-..a1c5b1ca
+		"zz-..26050d72
+		"bs-..b425428b
+		"ca-..387ac5f3
+		"es-..3cf14220
-		"ru-..1c0a41a4
+		"ru-..450a6fff
+		"vi-..ddd94e40
+		"zh-..d6557585
+		"zz-..18ea2d8b
+		"bs-..769736da
+		"ca-..028a2ba4
+		"es-..135bd432
-		"ru-..8ed585b9
+		"ru-..c117ae16
+		"vi-..bd15954f
+		"zh-..1ecd915b
+		"zz-..8877f87a
+		"hu-..00db7f8a
-		"zh-..c23c1853
+		"zh-..08587f00
+		"zz-..9302feb6
+		"hu-..679cd9e1
-		"zh-..95fddbd5
+		"zh-..f96a5867
+		"zz-..cb034acf
-		"zh-..6223b435
+		"zh-..c739214d
+		"zz-..c24b3bea
-		"zh-..cdb2ad53
+		"zh-..6bb4446d
+		"zz-..a5497b43
-		"zh-..d912ab0a
+		"zh-..ce2b7f35
+		"zz-..b6c7fe06
-		"zh-..24157785
+		"zh-..4c7cd620
+		"zz-..edc72c2e
+		"hu-..63809d46
+	"Wall..2038fcda
+		"en-..bd18f3a8
+		"ca-..559a3d70
+		"de-..68de3c1a
+		"el-..ce51efd6
+		"es-..2d9daf17
+		"he-..29e63f8e
+		"hi-..c3f2e9ea
+		"hu-..db7f94d9
+		"it-..5248c2f1
+		"ms-..e2438815
+		"nl-..7688f9dd
+		"ru-..ed34cd75
+		"zh-..188cd0e9
+	},..204e008d
+		"hu-..2d587cc8
+		"hu-..585287a1
+		"hu-..184f4619
-		"de-..81488812
+		"de-..b36737af
+		"hu-..ccfa3c24
+		"hu-..252f7739
+		"hu-..6f014c7f
-		"vi-..8a773bfe
+		"vi-..81d0a9e3
+		"zh-..eb58fdb2
+		"zz-..0a2dfacb
+		"hu-..9f54a37e
-	},..f74fe195
-	"Wall..568053f9
-		"en-..208f8167
-		"ru-..11d5ad62
-	},..f74fe195
-	"Comm..4a7105b3
-		"en-..6b998b2c
-		"ru-..e21b55f0
-}..d6775dd3
+}..81749487