+using ..243a259a
+		publ..b5603d22
+		{..024f8f70
+			ret..6813cd17
+		}..35a494a7
+..bb28bf7b
+		publ..241c8fcd
+		{..024f8f70
+			ret..220bb472
+		}..35a494a7
+..bb28bf7b
+		publ..2bc9335b
+		{..024f8f70
+			dec..e6afb9da
+			if ..16bfe619
+				re..4f66ed3e
+			ret..5173f7af
+		}..35a494a7
+..bb28bf7b
-			ret..0ccfc587
+			ret..762edd3c
+..bb28bf7b
-			ret..8c92c630
+			ret..69862278
+..bb28bf7b
-			var..66bf6d56
+			var..4d60d976
-﻿usi..2eaf6061
-using ..989677a7
+﻿usi..8be6c56f
+using ..a1b55192
-			key..0a97eb7b
+			key..8ed5bc39
-using ..3e41c4d8
+using ..a1b55192
-				st..46c2483c
+				st..2ef4ed55
-			var..2482e40b
+			var..95807718
+using ..a1b55192
-			if ..4e42b21f
+			if ..7d53f8da
-﻿usi..2eaf6061
+﻿usi..079be477
-			if ..2f5a297a
+			if ..0355df71
-using ..3e41c4d8
+using ..a1b55192
-			{..831c3676
-				de..133afb85
-				if..4405fcef
-					r..a204b983
-				re..77d20665
-			}..06591cf6
-..229ee93b
+				re..df01290c
-				Fe..ea0a8964
+				Fe..b75724c1
-				On..eddfbcaa
+				On..2d20325d
-using ..3e41c4d8
+using ..a1b55192
-					i..1744deb1
+					i..7897a9c5
-				Se..97400dca
+				Se..1a221797
-					O..935a1f4c
+					O..bf1d1acc
-				de..1300a662
-				de..bebfeecf
-				Am..3370ec58
-				Am..416406a7
+				Am..85704302
+				Am..e0c4a0ce
-					O..935a1f4c
+					O..bf1d1acc
-				de..1300a662
-				de..bebfeecf
-				Am..15910528
+				Am..b9a8dc37
-using ..3e41c4d8
-			Set..7c241de5
+			Set..2bc3a3a5
-			if ..f10c523c
+			if ..81edba18
-						..fb0efb20
+						..0810adc7
-			dec..da76f244
-			dec..3980d9bb
-			ret..6678686e
+			ret..caf65274