--- ser..a5240e36
-..dcb05e21
-DROP T..ce564854
-CREATE..a8a3fdce
-	`serv..a75c3db1
-	`oper..178e76d4
-	PRIMA..0e54135a
-)..4b8eb418
-ENGINE..91c96db6
-DEFAUL..9fac6dd5
-..dcb05e21
-INSERT..6ed0ddce
-	('eth..aa0924cc
-	('bit..95b4265b
-	('lit..19274429
-..dcb05e21
--- ---..368e49ae
-use Wa..a29b3975
-..dcb05e21
-// Fal..a6f6dd0a
-$baseC..5c0abeb7
-if (in..3ed807a7
-	$db =..9d3ce047
-	$sele..22790341
-		->fr..585827e6
-		->wh..2081f113
-	$serv..e884276e
-	if ($..23b45bec
-		$bas..d386b6ce
-	}..682eaa39
-}..5306d3b8
-..dcb05e21
-$serve..80dfa876
+$serve..8476bdae