-			_ad..9a62eeb0
-			//	..b1befb5b
+			//	..1fadd254
+			//	..5ef49c13
+			_ad..f08ef444
-				pa..86e2a8c1
+				pa..6af1c961
+				va..04831f22
+				Wa..30f3a7a4
-					v..55ce0052
-					v..8add98f8
+					w..bad4fc0f
-					W..3f03e360
-					r..f3509cd6
+				Wa..f65e3351
+				re..cfa2ea08
-using ..57e5db1c
-			if ..c0dba534
+			if ..9cba3d12
-			if ..e05758b9
-				(e..a936f765
+			if ..da7e1ebc
+			exc..d0fb1336
-				va..78d69b11
+				va..d17115df
-			var..8c1360ce
+			var..813daba9
+using ..fe0d93b4
+			Sor..81805add
+		publ..2efa821d
+..bb28bf7b
-					l..e021f0b9
+					l..0da48550
-			var..4d2ca5e9
-			if ..8777de37
-				re..11302f20
-			if ..8777de37
-				re..c1aded8c
+			var..e3f4fe99