-		"en-..349d8cc4
-		"ru-..90b0817c
+		"en-..dd88838d
+		"af-..781ee846
+		"ar-..fca2562f
+		"bn-..8f16be6a
+		"bs-..9cdde64c
+		"ca-..52d04c5d
+		"cs-..7270beae
+		"da-..4849814d
+		"de-..0f258a95
+		"el-..7c52fd8d
+		"es-..ffc49591
+		"fr-..f841e334
+		"he-..0b51dd2b
+		"hi-..35a57e4b
+		"hr-..49c054a0
+		"id-..0d654974
+		"it-..31482720
+		"ja-..a3d57cac
+		"ko-..3f39aa8d
+		"lv-..7cdd2eb7
+		"ms-..41522607
+		"nb-..036d388c
+		"nl-..3ad6185b
+		"pl-..a8ac03e7
+		"pt-..885a3292
+		"ro-..cf3bfc7a
+		"ru-..a39c1c43
+		"sv-..76cf8987
+		"th-..70ed2369
+		"tr-..6ace282b
+		"ur-..9d2a8d13
+		"vi-..bfd9604b
+		"zh-..b76a9e33
+		"zz-..1e95145c
-		"en-..9c8c12ec
-		"ru-..4b4c74e7
+		"en-..9c234374
+		"ru-..fd1c5120
-	"Wall..cb219d75
-		"en-..79418194
-		"ru-..d0c934f0
+	"Wall..9d057c69
+		"en-..a3851f88
+		"ru-..b5988822
+	},..e0eef13d
+	"Wall..9d6a9242
+		"en-..949a3187
+		"ru-..8b49ca9d