+-- eth..c373792e
+..5ebe73be
+DROP T..46e8eacd
+CREATE..adf58df5
+	`logI..3c55f0fb
+	`bloc..8e9a0570
+	`bloc..859cb04d
+	`tran..cfa90fdd
+	`tran..0f7fee36
+	`addr..cb630e0b
+	`data..5e6abc71
+	`topi..6bb07c9b
+	`topi..fbee6870
+	`topi..fb5456a8
+	`topi..bf2a6706
+	PRIMA..f8c9e457
+	INDEX..e358b4c0
+	INDEX..bd0ad5eb
+	INDEX..4c60aae1
+)..d2457b6f
+	ENGIN..709634e3
+	DEFAU..6e276c1a
+..5ebe73be
+-- ---..af26081e
+	$logs..f145308b
-		// d..48b560a2
-		$dat..e8f12d55
-		if (..7fc81501
-			$da..5fb257a5
-		}..ace1c098
-..1405f69a
-			'da..8f597d72
+			'da..3b355b7a
+..5ebe73be
+		// i..94947a96
+		fore..271f4e08
+			$lo..80b6750c
+				'l..ab6f4ca8
+				'b..e2c09e81
+				'b..20f30459
+				't..0ded3bcb
+				't..5b71f360
+				'a..3e2a8654
+				'd..e460ca7e
+				't..d3cf905b
+				't..de5f0dca
+				't..38664bb0
+				't..203bf5c0
+			);..86c213c7
+		}..8d79980f
-			con..a97fadee
+..5ebe73be
+		}..8d79980f
+	}..3821443d
+..5ebe73be
+	forea..da62d8fd
+		try ..ddc4abd5
+			$et..4d6d8d51
+		} ca..5d75f21f
+..5ebe73be
+++ /de..b378006a
-<?php..0ba53b1d
-..1405f69a
-chdir(..1cfae5ed
-requir..653ef580
-..1405f69a
-use Wa..0b3c25ba
-use Wa..5ec2e1fc
-use Wa..709dc4cd
-..1405f69a
-set_ti..31059058
-..1405f69a
-$timeS..8969cce9
-..1405f69a
-echo "..9633d7a4
-..1405f69a
-$eth =..3256d097
-$db = ..df42b9bd
-$ethBl..a5eaa9c6
-..1405f69a
-$range..88acb15a
-$range..657fe1f7
-..1405f69a
-for ($..c5608095
-	echo ..cd0300b3
-..1405f69a
-	try {..943bf0d7
-		Db::..493f884a
-			'nu..1fe3046b
-			'ti..53d934db
-			'tr..b9c0e704
-			'ha..98f6bc45
-			'pa..010c5a93
-			'no..8042a57c
-			'mi..99c6b922
-			'di..641a5cf4
-			'to..62f01759
-			'ex..bf291444
-			'si..6f820dcc
-			'ga..90419959
-			'ga..3300380d
-		));..1f129380
-	} cat..ed18d3c1
-		cont..29bd9875
-	}..668179db
-..1405f69a
-	if ($..5bc89eef
-		$blo..9de2d3cd
-			'nu..e317fd59
-			'ti..33657603
-			'tr..b9c0e704
-			'ha..9b75cc4c
-			'pa..4f520c90
-			'no..74a52400
-			'mi..e5bbabba
-			'di..453169fe
-			'to..00da0709
-			'ex..dcae0147
-			'si..16b6f87c
-			'ga..fb435202
-			'ga..78557914
-		);..961ca154
-..1405f69a
-		$tra..d4f5399e
-		fore..2bc2c757
-			$tr..1ef0d319
-				'h..59a6580e
-				'b..fd1fd80d
-				'n..fc4f7a22
-				't..6e1a1d9f
-				'f..17f5bed6
-				't..de7594fa
-				'v..6ccc0bb1
-				'g..cbd7ac8a
-				'g..5385cfa4
-				'i..be3a54b3
-				'c..2312ce25
-				'c..5b3eb072
-				's..e179455d
-				'e..a01c6486
-				'd..fc6bc89a
-			);..5507d72c
-..1405f69a
-			$bl..d7b9a0ba
-		}..ace1c098
-..1405f69a
-		Db::..c7ef29e5
-			'nu..e317fd59
-		));..1f129380
-..1405f69a
-		fore..2ca8e2aa
-			try..a51ea128
-				$e..c0da4a64
-			} c..30b71a6d
-				co..8d37bac4
-			}..ba954944
-		}..ace1c098
-	}..668179db
-}..e0da19ca
-..1405f69a
-$timeF..4d6e7065
-$elaps..527571fc
-echo "..c652cef6
+++ /de..b378006a
-<?php..0ba53b1d
-..1405f69a
-chdir(..1cfae5ed
-requir..653ef580
-..1405f69a
-use Wa..0b3c25ba
-use Wa..5ec2e1fc
-..1405f69a
-set_ti..31059058
-..1405f69a
-$timeS..8969cce9
-..1405f69a
-if (!i..df9c75f1
-	exit(..dc63b516
-}..e0da19ca
-..1405f69a
-if ($a..07580516
-	exit(..119c431d
-}..e0da19ca
-..1405f69a
-$range..9129021c
-$range..78436baf
-..1405f69a
-echo "..b04aaf22
-..1405f69a
-$eth =..3256d097
-$lastB..3c8fc1f2
-$ether..0242e52e
-..1405f69a
-$i = 0..8a02b205
-while ..96290303
-	$bloc..5b563953
-	echo ..cd0300b3
-..1405f69a
-	if ($..5549f8c2
-		brea..138c798e
-	}..668179db
-..1405f69a
-	if ($..6e9af464
-		slee..711e75d6
-	}..668179db
-..1405f69a
-	$bloc..93d536bb
-		'num..6073c39a
-		'tim..c3ce67c8
-		'tra..5bbd1035
-		'has..2956cd76
-		'par..041bebb3
-		'non..b09a4bf4
-		'min..40863da3
-		'dif..34b62ced
-		'tot..ca0f1986
-		'ext..a0ff6ac5
-		'siz..b41b9aee
-		'gas..a4c93f65
-		'gas..e2b3bec7
-	);..9a491b69
-..1405f69a
-	$tran..55b6b569
-	forea..f807e8f5
-		$tra..ff2d6cf9
-			'ha..503f55f2
-			'bl..3e5305b7
-			'no..3bf93993
-			'tr..b6fce45b
-			'fr..9342c121
-			'to..fba91685
-			'va..17dadc47
-			'ga..70f1f007
-			'ga..7a55497e
-			'in..f710ec2e
-			'cu..adc48b55
-			'co..19f44c93
-			'st..ff23db5f
-			'er..a1068bb1
-			'da..7d943a18
-		);..961ca154
-..1405f69a
-		$blo..5ba0587d
-	}..668179db
-..1405f69a
-	$eth-..bf940ff3
-	forea..96408c88
-		$eth..28d56814
-	}..668179db
-..1405f69a
-	$i++;..c363563a
-	$last..03f5332a
-}..e0da19ca
-..1405f69a
-$timeF..4d6e7065
-$elaps..527571fc
-echo "..f80a7e40
--- /de..dc96c02c
+<?php..161a49e4
+..5ebe73be
+chdir(..ad65697f
+requir..3d63f9f2
+..5ebe73be
+use Wa..12fd1768
+use Wa..5503dffe
+use Wa..4dfd9eee
+use Wa..f8121b10
+..5ebe73be
+set_ti..c6ccd2e5
+..5ebe73be
+$timeS..970fe61a
+..5ebe73be
+echo "..34a12dde
+..5ebe73be
+$model..a8cf061d
+$db = ..fab622c5
+$lastB..41a643ff
+..5ebe73be
+$range..fafde25f
+$range..739afa03
+..5ebe73be
+for ($..9ce5e39e
+	echo ..e50a311a
+..5ebe73be
+	$txs ..50d3a73b
+	forea..eb028111
+		$rec..05707ec7
+		fore..271f4e08
+			try..01cd593b
+				DB..e6807ac1
+					'..cbe88b1c
+					'..8a153c3c
+					'..d6b70ca8
+					'..5a08b611
+					'..56812625
+					'..f312dadb
+					'..7abbabec
+					'..47c747fa
+					'..865485fd
+					'..9c758a47
+					'..011bb5c9
+				))..1dacf9e1
+			} c..795d4122
+..5ebe73be
+			}..d8908847
+		}..8d79980f
+	}..3821443d
+}..329665bc
+..5ebe73be
+$timeF..0ddc1879
+$elaps..ea0135ee
+echo "..759e88ef
+	publi..b9409756
+		$db ..f74034c1
+		$ins..51d68fa4
+		$ins..9231067c
+		Db::..bf3117ca
+	}..3821443d
+..5ebe73be
-			->w..873e8ae1
-			->o..4fbf1450
+			->w..8e4c2cc9