-using ..2df61caf
+using ..f5a1cb12
+using ..09d7cdc1
-    pu..e3ced9ac
-    {..14e85470
-      ..0c5601e0
+	publi..44d3d9ab
+	{..98acd8d4
+		#reg..c63c5cb5
-      ..a152e9bd
-      ..96ba6750
-      ..26278c79
-      ..44bca0e3
-..12b5ea25
-      ..b40183e7
-..12b5ea25
-      ..d23b3125
-..12b5ea25
-      ..56a697f7
-      ..26278c79
-      ..d7ed524d
-      ..493e66fa
-      ..13f1978b
-      ..67171e54
-      ..405f3ba2
-      ..b3c1650f
-      ..d4c334bd
-      ..f3fed240
-      ..44bca0e3
-..12b5ea25
-      ..2a614970
-      ..26278c79
-      ..31b4b4d0
-      ..493e66fa
-      ..13f1978b
-      ..53543474
-      ..44bca0e3
-..12b5ea25
-      ..d7e3e5fd
-      ..26278c79
-      ..204c12bb
-      ..68937cc3
-      ..1947e1ec
-      ..354d0e79
-      ..d8f58f52
-      ..4b8a5ad3
-      ..5690ec70
-      ..efbd892b
-      ..44bca0e3
-..12b5ea25
-      ..b40183e7
-    }..d8590c05
+		publ..e27ae92f
+			: b..274f8706
+		{..567cd16b
+		}..fbd8ede6
+..72706f0b
+		#end..44b3ed03
+..72706f0b
+		#reg..150f9e86
+..72706f0b
+		prot..3a0395b6
+		{..567cd16b
+			if ..c86de7d1
+				re..2aab28ea
+..72706f0b
+			var..1b94ad6f
+			if ..699727c9
+				re..c78b8d65
+			ret..6a83da01
+			   ..68a1ea8b
+			   ..b8750e59
+		}..fbd8ede6
+..72706f0b
+		prot..64be615d
+		{..567cd16b
+			if ..8e293999
+				re..2aab28ea
+			var..1b94ad6f
+			ret..881bc9ac
+		}..fbd8ede6
+..72706f0b
+		#end..44b3ed03
+	}..9d8a2147
-				aw..8a436efd
+				aw..87eda3ed
-			ret..fc9ef554
+			ret..e663965a
-			ret..6f82b629
+			ret..c53f4811
-			ret..e476c911
+			ret..422b45c2
-		priv..5dcd2549
+		priv..a6570bd8
+			var..b39bbf23
+			var..c007b618
+			tex..c27421ae
+..72706f0b
+			tex..bd04ef3d
+			if ..8d885533
+				Ut..c58100b3
+			els..9d8d821d
+				Ut..216d2238
+..72706f0b
-				.S..5735aed5
-				.C..ac5f3420
+				.S..47a7babf
-		priv..90ba8889
+		priv..2e1bfabc
-			var..92eafac8
-			var..76e6e365
-			tex..56fe5ddb
-..12b5ea25
-			tex..78c021b7
-			if ..ec99b7cf
-				Ut..e0eddb9e
-			els..30681ecb
-				te..99865ab0
-..12b5ea25
-				.S..d628fb26
+				.S..49fd2fd8
+				.C..a24b41e5
+			if ..556fab07
+				re..f1028bde
+			if ..c18959d9
+				re..f1028bde