-			Bin..ea1bc268
+			Bin..5ceb1bcd
+				in..9846fd1a
+					v..4a9e71fa
+					i..20667660
+						..ed2d4865
+						..f7b87f45
-					U..b4b8a58f
+					U..45501e53
+					+..f1379598
+..432a73f9
+				fo..8a6e3045
+					l..be319074
+    <C..868be2ba
+using ..04510c4b
+using ..e37f8694
+		publ..0297517a
+		{..2eb22534
+			var..ab97b018
+			Uti..dce15044
+		}..869467ef
+..432a73f9
+		publ..bc5ba36e
+		{..2eb22534
+			Uti..e81e5d9d
+		}..869467ef
+..432a73f9
+using ..fe452fe4
-..d8a38f52
-			_to..ddd8dd21
+			_to..1fcb4699
-			var..e1fee552
+			var..8fa41cf6
+		publ..c1420f5d
+		{..2eb22534
+			var..97e49aa4
+			var..2e8ce9b8
+			try..de0696cf
+			{..fd5bdcfa
+				cu..96f2ffd8
+			}..fe63dd4b
+			cat..5b959004
+			{..fd5bdcfa
+				cu..e65301b9
+			}..fe63dd4b
+		}..869467ef
+..432a73f9
+		publ..dc785f83
+		{..2eb22534
+			var..ae6e035d
+			Sha..a730d324
+		}..869467ef
+..432a73f9
-		prot..44948bb2
+		prot..51fffab5
-				vm..91185344
+				vm..461ddf98
-			ret..8b564911
+			ret..a86645ae
-		priv..654ab43e
+		priv..1747247e
-      ..fe25f671
+      ..9dc4c8ee
-      ..c1b04bf8
+      ..45164e7a
-      ..299fca88
+      ..a7f207b2
-      ..ae65907b
-      ..2807a983
+  <Tex..6c562447
+      ..45164e7a
+      ..2e34f6da
+      ..bdb6d99a
+      ..057c51f3
+..432a73f9
-  <Tex..2cb0f4ed
-      ..f89e528d
-      ..4fc2fc4a
-      ..6f35a9a1
-      ..d24dc1b4
-      ..c1b04bf8
-      ..3691a455
-      ..4f632717
-      ..c3163988
-      ..54e7a6d0
+  <Nes..167ff93e
+      ..0c071b0e
+      ..a8e05cbd
+      ..c409aa77
+      ..2f95bd3e
+      ..9295c8fa
+    <T..76ec8946
+      ..2c600ed6
+      ..ef3266df
+      ..d27165a5
+      ..f17de967
+      ..f92f80dd
+  </Ne..389d98c5
-      ..4dcf6ff6
+      ..b0b412ab
+      ..bd9fc7a0
-      ..410cd6fa
+      ..f5b2cdf4
+<!--  ..278e62a0
-  <Tex..2cb0f4ed
-      ..f89e528d
-      ..4fc2fc4a
-      ..f62c9196
-      ..f5a958aa
-      ..81fe43b4
-      ..4c396382
-..d8a38f52
-  <Vie..a5a7a34f
+  <Nes..167ff93e
+      ..0c071b0e
+      ..a8e05cbd
+      ..c409aa77
+      ..2f95bd3e
+      ..9295c8fa
+    <T..76ec8946
+      ..2c600ed6
+      ..ef3266df
+      ..d27165a5
+      ..f17de967
+      ..fd18ee2d
+  </Ne..389d98c5
+      ..5e11e9e7
-    <F..7aa88c5c
-      ..aac87e2d
-      ..32b11cc6
-      ..5a2c1c92
-      ..4d806ccf
-      ..911a828a
+    <L..fdabc8c2
+      ..3afd320c
+      ..337ce516
+      ..6f5c9f43
+      ..f26557f0
+      ..3f078a6c
+      ..9c33d290
+      ..a25dfa62
-      ..cf58e129
+      ..2f95bd3e
-    </..c5b0af11
+    </..7f3286ed
-      ..c58beea7
-      ..b88b412e
-      ..4d5dc6c5
-..d8a38f52
-      ..a9e3c6d6
-      ..de686eb3
-      ..a90db85b
-      ..702ace7f
-      ..6ac3aafa
-      ..36f9de19
-      ..2f83b51b
-..d8a38f52
-      ..a9e3c6d6
-      ..de686eb3
-      ..702ace7f
-      ..6ac3aafa
-      ..57603604
-      ..a11b60d5
-      ..ec5a98ba
+      ..efa97c1e
+      ..86d6094c
+      ..9801cbc1
+      ..c4c9f528
+      ..5c439518
+      ..bd1d3be1
+      ..8d10321e
+      ..16ac4d7b
+      ..a3182c52
+      ..9beb09ce
+      ..82d5bd65
+      ..abb2b044
+      ..abb2b044
+      ..abb2b044
+      ..abb2b044
-      ..ec1b0f86
+      ..e7dbde9e
+      ..5d8a603c
-      ..168a64ba
+      ..abccd886
-    <L..8e13426c
+    <L..fdabc8c2
-      ..c5a475e3
+      ..71977119
+      ..3f078a6c
-      ..ba879443
-      ..7701af10
-      ..fdea8a7b
+      ..5fd1eac7
+      ..4bafcfba
+      ..d2c7ad7d
-      ..ba879443
+      ..5fd1eac7
-      ..ba879443
-      ..f704cc8d
-      ..650e9515
+      ..5fd1eac7
+      ..e6aba5d7
+      ..ac28846e
--- /de..0881e18b
+﻿usi..bb92d4db
+using ..95936c98
+using ..4d1917db
+using ..5f2bbf7b
+..432a73f9
+using ..fe452fe4
+using ..e342c93b
+using ..322232b5
+using ..4a947d1f
+using ..2fd61ae3
+using ..be19df22
+..432a73f9
+namesp..17d31464
+{..c9ed44e7
+	class..23cfedeb
+	{..1d018103
+	}..9bc7a5c0
+}..89f4007d
+				va..b663468b
+				if..46ec14b2
+					r..701fdff1
-		Them..3c859c89
+		Them..9742ba5c
-    pu..0324ba98
+    pu..f2e2b22a
-			var..c2c57dd8
+			var..0a5c3278
+				.B..fdb4087d