-	`stat..c2b001dc
+	`stat..306a0702
-		$sta..edc9db99
+		$sta..42f60292
-		$err..a7136745
-		if (..74d651f2
-			sle..62d41492
-			$tx..b4b21413
-			if ..2805fb5e
-				sl..4b658e84
-				$t..1046c6f0
-				if..2abd522e
-					e..679aa309
-				}..9d33ab0e
-			}..47573172
-..81a5ceeb
-			if ..c4c9360d
-				$s..0e47cf09
-			} e..d5e3006f
-				$e..aa1bf1f6
-			}..47573172
-		}..0c043f17
-..81a5ceeb
-			'er..b7ed399c
+			'er..19944e4c
-		$sta..eaee4ce1
+		$sta..42f60292
-		$err..a7136745
-		/*..e3db0dc2
-		if (..74d651f2
-			ech..a801cd51
-			usl..19b3dd7f
-			ech..47ae9863
-			$tx..b4b21413
-			if ..2805fb5e
-				ec..dbbbb3c2
-				sl..6362794a
-				ec..2442a1c1
-				$t..1046c6f0
-				if..2abd522e
-					e..bc35086c
-				}..9d33ab0e
-			}..47573172
-..81a5ceeb
-			if ..c4c9360d
-				$s..0e47cf09
-				ec..209efb36
-			} e..d5e3006f
-				$e..aa1bf1f6
-				ec..1e247cab
-			}..47573172
-		}..0c043f17
-		*/..859012b5
-..81a5ceeb
-			'er..b7ed399c
+			'er..19944e4c
-			'is..58d27a0b
+			'st..5fe73454
-			$th..c1f3bc7d
+			$th..3e234cb7
-			$th..295927f4
+			// ..90f75c40
-		$thi..3004ced1
+		$thi..fd41d7c4
-		$thi..bc2eab29
+		// $..ecf4b000