-    pu..37c94329
-      ..a81b4992
-      ..f54fdfc4
-      ..370d43eb
-..35ecbe83
-      ..a4814559
-..35ecbe83
-      ..425d76d7
-      ..2905b56f
-      ..951d8178
-      ..8c2685b5
-      ..66907dbc
-      ..856e23e8
-      ..896d8a81
-      ..88759a1e
-      ..eca2b331
-      ..9f67f520
-      ..2043e889
-      ..443af5e8
-      ..a5eef862
-      ..644f80f1
-      ..70e56c90
-      ..89ac89ec
-      ..1dc600f8
-      ..7e6c00d1
-      ..f26341f5
-..35ecbe83
-      ..cb4e08f0
-      ..ae19c28d
-      ..1389c36f
-      ..8860eb2e
-      ..79cee1a9
-      ..e7fd566d
-      ..a8a6b460
-      ..ed55e7eb
-      ..d61847db
-..35ecbe83
-      ..08bb50d0
-      ..96c51785
-      ..cc805df6
-      ..8bd209c9
-      ..a28067ee
-      ..647c959a
-      ..d61847db
-      ..3e6f6154
-    }..12f9385b
+	publi..51150af5
+		$api..bd4b8204
+		$res..4fd4fc80
+..8d7ea05b
+		$thi..3b8c60ef
+..8d7ea05b
+		fore..aed76d8f
+			$th..f3fe86f4
+			$th..0fd79431
+			$th..ec10c88a
+			$th..dc39d10e
+			$th..805fc05c
+			$th..3e669167
+			$th..a8746685
+			$th..950d942c
+			$th..68ac854f
+			$th..05dad2a5
+			$th..6025e37d
+			$th..b0755b73
+			$th..39e7c95f
+			$th..7de8fa5d
+			$th..cfaa2c75
+			$th..bc73d042
+			$th..26fadbeb
+			$th..249df753
+..8d7ea05b
+			// ..24956480
+			$th..ec66b5cf
+			$th..09e19ed4
+			for..3319253e
+				$t..c9965cbe
+				$t..01f9a09d
+				$t..142bca9d
+				$t..72124ca9
+			}..52a88a81
+..8d7ea05b
+			$th..24537cf7
+			for..b9ca6e9a
+				$t..efe0ca9e
+				$t..81ec4073
+				$t..fb7e8a60
+				$t..607014bf
+			}..52a88a81
+		}..7972eab8
+	}..bac511d0
-      ..a81b4992
-      ..f54fdfc4
-      ..5528bfab
-      ..ea765787
-      ..2913a614
-      ..c049934c
-      ..1e868c3d
-..35ecbe83
-      ..7485b047
-..35ecbe83
-      ..425d76d7
-      ..067da590
-      ..fe576aea
-      ..68491c67
-      ..8a384330
-      ..f2b63762
-      ..198abfc3
-      ..e9c42260
-      ..29608bef
-      ..7e6439e5
-      ..cebad064
-      ..459cc592
-      ..896fe614
-..35ecbe83
-      ..d6b1886e
-      ..1325c4ee
-      ..c602d5ab
-      ..9d1c4063
-      ..67204325
-      ..ebca8bdc
-      ..dd58d663
-      ..1d847355
-      ..11bf1c53
-      ..d61847db
-      ..3e6f6154
+		$api..bd4b8204
+		$res..692eca7e
+			[..2051f2c4
+				"1..1af7e355
+			]..84bb48d6
+		);..382eab25
+..8d7ea05b
+		$thi..96c2e96d
+..8d7ea05b
+		fore..aed76d8f
+			$th..544f20b4
+			$th..13682938
+			$th..23ea74b0
+			$th..a3747c2b
+			$th..242c8d70
+			$th..fb25ec57
+			$th..a6f1efa6
+			$th..3ad5df0d
+			$th..b1fbc1a6
+			$th..580473bb
+			$th..e4504263
+			$th..bfad67ee
+..8d7ea05b
+			$th..efccf3b3
+			$th..bcb01f6a
+			for..29fc2365
+				$t..69355eac
+				$t..f10a6b71
+				$t..a471d6b1
+				$t..5b91a007
+				$t..7821115f
+				$t..ed4c7338
+			}..52a88a81
+		}..7972eab8
-      ..554cc584
-      ..5c5fbb7b
-      ..67a7f35d
-      ..0bb9c1c0
-..35ecbe83
-      ..2905b56f
-      ..951d8178
-      ..8c2685b5
-      ..66907dbc
-      ..856e23e8
-      ..896d8a81
-      ..88759a1e
-      ..30834ac2
-      ..eca2b331
-      ..9f67f520
-      ..2043e889
-      ..443af5e8
-      ..a5eef862
-      ..644f80f1
-      ..70e56c90
-      ..89ac89ec
-      ..1dc600f8
-      ..2df2c5e0
-      ..7e6c00d1
-      ..f26341f5
-..35ecbe83
-      ..cb4e08f0
-      ..ae19c28d
-      ..1389c36f
-      ..8860eb2e
-      ..79cee1a9
-      ..e7fd566d
-      ..a8a6b460
-      ..ed55e7eb
-      ..d61847db
-..35ecbe83
-      ..08bb50d0
-      ..96c51785
-      ..cc805df6
-      ..8bd209c9
-      ..a28067ee
-      ..647c959a
-      ..d61847db
-      ..3e6f6154
-    }..12f9385b
-..35ecbe83
-/*	pub..5ee26bf9
-      ..a81b4992
-      ..f54fdfc4
-      ..2dbab7b5
-    }*..b52bbb12
+		$api..bd4b8204
+		$val..4174083b
+..8d7ea05b
+		$thi..4a347402
+		$thi..5e08133a
+		$thi..ef455b5a
+		$thi..15bc687b
+		$thi..cceac167
+		$thi..f46a1c7d
+		$thi..3a73e6c4
+		$thi..2baf25ac
+		$thi..70b4a970
+		$thi..8c609a87
+		$thi..4cc510cf
+		$thi..a4291e62
+		$thi..48987d32
+		$thi..ca9c2576
+		$thi..d56efb8d
+		$thi..0a55d30e
+		$thi..b9264eab
+		$thi..3fb27767
+		$thi..e3e09916
+		$thi..cd4b5c25
+..8d7ea05b
+		// t..2e96fb70
+		$thi..092d47aa
+		$thi..774b63e6
+		fore..1b54eb4c
+			$th..5f13b01d
+			$th..494bb2f5
+			$th..56c0da53
+			$th..43a22636
+		}..7972eab8
+..8d7ea05b
+		$thi..ba95d86f
+		fore..7158a068
+			$th..6557a7a2
+			$th..be357f5e
+			$th..fda24617
+			$th..559fbc4a
+		}..7972eab8
+	}..bac511d0
-    pu..37c94329
-      ..cb70e3bb
+	publi..51150af5
-      ..e9570113
-      ..c8865803
-      ..de461fb0
-      ..36243c48
-      ..1009dea0
-      ..71f584aa
-      ..1e868c3d
-      ..f951e8eb
-      ..5ac24c05
-..35ecbe83
-      ..425d76d7
-      ..de5a6355
-      ..8c044866
-      ..eca2b331
-      ..08bb50d0
-      ..ae19c28d
-      ..16e59b48
-      ..77f13d80
-      ..e31b48e1
-      ..a4d5d4e5
-      ..ab6d855a
-      ..8efbbf1e
-      ..c0d26755
-      ..c7cb0687
-      ..91819eb2
-      ..30834ac2
-      ..3241ed82
-      ..4cdd3163
+		$res..7e8c6670
+			"0x..542bf011
+			3,..0f65cb7f
+			0,..ef27b22f
+			'de..7ac308ed
+			'no..49554a83
+		);..382eab25
+..8d7ea05b
+		$thi..fd5d6274
+		$thi..b943e4c1
+..8d7ea05b
+		fore..aed76d8f
+			$th..5bb651cf
+			$th..08b99a89
+			$th..950d942c
+			$th..24537cf7
+			$th..ec66b5cf
+			$th..5dfce4a0
+			$th..915d6e03
+			$th..e5467dee
+			$th..64842566
+			$th..9d11d72e
+			$th..44fa8d47
+			$th..8e8283eb
+			$th..a66964a7
+			$th..191014df
+			$th..a05be3fa
+			$th..763d7172
+			$th..48cc3dfd
-      ..96cf4499
-      ..7e6c00d1
-      ..c2424999
-      ..c25b0fa8
-      ..4b3a3b09
-      ..b0f5d5ab
-      ..6fd19512
-      ..6c1456ec
-      ..400d3863
-      ..a76327c1
-      ..10b6c4f2
-      ..007cfe21
-      ..dde5a231
-      ..57290e39
-      ..ee15790f
-      ..a893f561
-      ..3e6f6154
-    }..12f9385b
+			$th..8187f312
+			$th..26fadbeb
+			$th..ac55aabe
+			$th..e1097ab9
+			$th..8e6bdd5b
+			$th..5185f4dd
+			$th..c45c92d1
+			$th..f9c6e552
+			$th..542fd8e0
+			$th..8b344dea
+			$th..c4c61f38
+			$th..dc1dcb8f
+			$th..2c61a67a
+			$th..767c0a9d
+			$th..8cf5a9b3
+			$th..9c27898d
+		}..7972eab8
+	}..bac511d0
-      ..cb70e3bb
-      ..5528bfab
-      ..9f6821b4
-      ..1e868c3d
+		$res..692eca7e
+			"0x..11f984a1
+		);..382eab25
-      ..cab7a4ab
-      ..9de1d4d4
+		$thi..6429ba7e
+		$thi..c7d31825
-    pu..261514b9
-      ..cb70e3bb
+	publi..7bbc91d2
-      ..4703d942
-      ..147ebb9b
-      ..321ba078
-      ..6cd9451a
-      ..b036fc56
-      ..45b791ce
-      ..6af13a10
-    }..12f9385b
+		$res..b2e8a5cd
+		$val..6d8a1e5b
+		$thi..f36f3cd1
+		$thi..2e3ef63a
+		$thi..2fd10725
+		$thi..824b3bd7
+		$thi..8954a126
+	}..bac511d0
-    pu..37c94329
-      ..001b6d7a
-      ..f8ca2794
-      ..d45ec974
-..35ecbe83
-      ..a4814559
-..35ecbe83
-      ..425d76d7
-      ..2905b56f
-      ..951d8178
-      ..8c2685b5
-      ..66907dbc
-      ..856e23e8
-      ..896d8a81
-      ..88759a1e
-      ..eca2b331
-      ..9f67f520
-      ..2043e889
-      ..443af5e8
-      ..a5eef862
-      ..644f80f1
-      ..70e56c90
-      ..89ac89ec
-      ..1dc600f8
-      ..7e6c00d1
-      ..f26341f5
-..35ecbe83
-      ..cb4e08f0
-      ..ae19c28d
-      ..1389c36f
-      ..8860eb2e
-      ..79cee1a9
-      ..e7fd566d
-      ..a8a6b460
-      ..ed55e7eb
-      ..d61847db
-..35ecbe83
-      ..08bb50d0
-      ..96c51785
-      ..cc805df6
-      ..8bd209c9
-      ..a28067ee
-      ..647c959a
-      ..d61847db
-      ..3e6f6154
-    }..12f9385b
+	publi..51150af5
+		$api..5301b51f
+		$res..9600de55
+..8d7ea05b
+		$thi..3b8c60ef
+..8d7ea05b
+		fore..aed76d8f
+			$th..f3fe86f4
+			$th..0fd79431
+			$th..ec10c88a
+			$th..dc39d10e
+			$th..805fc05c
+			$th..3e669167
+			$th..a8746685
+			$th..950d942c
+			$th..68ac854f
+			$th..05dad2a5
+			$th..6025e37d
+			$th..b0755b73
+			$th..39e7c95f
+			$th..7de8fa5d
+			$th..cfaa2c75
+			$th..bc73d042
+			$th..26fadbeb
+			$th..249df753
+..8d7ea05b
+			// ..24956480
+			$th..ec66b5cf
+			$th..09e19ed4
+			for..3319253e
+				$t..c9965cbe
+				$t..01f9a09d
+				$t..142bca9d
+				$t..72124ca9
+			}..52a88a81
+..8d7ea05b
+			$th..24537cf7
+			for..b9ca6e9a
+				$t..efe0ca9e
+				$t..81ec4073
+				$t..fb7e8a60
+				$t..607014bf
+			}..52a88a81
+		}..7972eab8
+	}..bac511d0
-      ..001b6d7a
-      ..f8ca2794
-      ..5528bfab
-      ..ea765787
-      ..d1b4489b
-      ..b88ee92a
-      ..fe731a0c
-      ..86b29bb2
-      ..2bd52638
-      ..f1d97522
-      ..5a0bb331
-      ..1e868c3d
-..35ecbe83
-      ..8c3ba815
-..35ecbe83
-      ..425d76d7
-      ..067da590
-      ..fe576aea
-      ..68491c67
-      ..8a384330
-      ..f2b63762
-      ..198abfc3
-      ..e9c42260
-      ..29608bef
-      ..7e6439e5
-      ..cebad064
-      ..459cc592
-      ..896fe614
-      ..3e6f6154
+		$api..5301b51f
+		$res..692eca7e
+			[..2051f2c4
+				"L..6e7dd104
+				"L..07626b20
+				"L..967f1821
+				"L..5f49d93d
+				"L..17963ffe
+			],..15d2b72e
+			fal..82a88e23
+		);..382eab25
+..8d7ea05b
+		$thi..cd6a1286
+..8d7ea05b
+		fore..aed76d8f
+			$th..544f20b4
+			$th..13682938
+			$th..23ea74b0
+			$th..a3747c2b
+			$th..242c8d70
+			$th..fb25ec57
+			$th..a6f1efa6
+			$th..3ad5df0d
+			$th..b1fbc1a6
+			$th..580473bb
+			$th..e4504263
+			$th..bfad67ee
+		}..7972eab8
-      ..554cc584
-      ..0ead65d0
-      ..5596523b
-      ..ca9f61ce
-..35ecbe83
-      ..2905b56f
-      ..951d8178
-      ..8c2685b5
-      ..66907dbc
-      ..856e23e8
-      ..896d8a81
-      ..88759a1e
-      ..30834ac2
-      ..eca2b331
-      ..9f67f520
-      ..2043e889
-      ..443af5e8
-      ..a5eef862
-      ..644f80f1
-      ..70e56c90
-      ..89ac89ec
-      ..1dc600f8
-      ..2df2c5e0
-      ..7e6c00d1
-      ..f26341f5
-..35ecbe83
-      ..cb4e08f0
-      ..ae19c28d
-      ..1389c36f
-      ..8860eb2e
-      ..79cee1a9
-      ..e7fd566d
-      ..a8a6b460
-      ..ed55e7eb
-      ..d61847db
-..35ecbe83
-      ..08bb50d0
-      ..96c51785
-      ..cc805df6
-      ..8bd209c9
-      ..a28067ee
-      ..647c959a
-      ..d61847db
-      ..3e6f6154
-    }..12f9385b
-..35ecbe83
-    /*..2d611b72
-	publi..19348fd1
-      ..001b6d7a
-      ..f8ca2794
-      ..2dbab7b5
-    }..12f9385b
-    */..dd79522a
+		$api..5301b51f
+		$val..7d946be1
+..8d7ea05b
+		$thi..4a347402
+		$thi..5e08133a
+		$thi..ef455b5a
+		$thi..15bc687b
+		$thi..cceac167
+		$thi..f46a1c7d
+		$thi..3a73e6c4
+		$thi..2baf25ac
+		$thi..70b4a970
+		$thi..8c609a87
+		$thi..4cc510cf
+		$thi..a4291e62
+		$thi..48987d32
+		$thi..ca9c2576
+		$thi..d56efb8d
+		$thi..0a55d30e
+		$thi..b9264eab
+		$thi..3fb27767
+		$thi..e3e09916
+		$thi..cd4b5c25
+..8d7ea05b
+		// t..2e96fb70
+		$thi..092d47aa
+		$thi..774b63e6
+		fore..1b54eb4c
+			$th..5f13b01d
+			$th..494bb2f5
+			$th..56c0da53
+			$th..43a22636
+		}..7972eab8
+..8d7ea05b
+		$thi..ba95d86f
+		fore..7158a068
+			$th..6557a7a2
+			$th..be357f5e
+			$th..fda24617
+			$th..559fbc4a
+		}..7972eab8
+	}..bac511d0