+    <C..1b012e09
+		publ..ecd97406
+..432a73f9
+			if ..ce151e92
+				re..40b09964
+{"Wall..930c722a
--- /de..0881e18b
+﻿usi..9c39392c
+using ..13b43ded
+using ..3d8af0e4
+using ..c75ce61f
+using ..05018e47
+..432a73f9
+namesp..0769cedd
+{..c9ed44e7
+	[Pres..10b8ecb7
+	publi..f5ef8f1b
+	{..1d018103
+		#reg..25617894
+..432a73f9
+		priv..31f64298
+		priv..33a5783f
+		priv..20c0e069
+..432a73f9
+		#end..0089c680
+..432a73f9
+		#reg..07582d62
+..432a73f9
+		publ..c3b5ea84
+		{..2eb22534
+			get..ba7b8697
+			set..d6f59e51
+			{..fd5bdcfa
+				if..665e41ed
+				Is..4d0375d9
+				On..0ff279db
+				On..f5abf30d
+			}..fe63dd4b
+		}..869467ef
+..432a73f9
+		publ..0d146a86
+..432a73f9
+		publ..c12d7017
+..432a73f9
+		publ..2b5a85dc
+		{..2eb22534
+			get..d5ca282e
+			pri..1feee299
+			{..fd5bdcfa
+				if..db4e2dd5
+					r..701fdff1
+				_i..08a482a4
+				_p..2af30dcc
+				On..0ff279db
+			}..fe63dd4b
+		}..869467ef
+..432a73f9
+		#end..0089c680
+..432a73f9
+		#reg..fdfb6afb
+..432a73f9
+		publ..ef1e8865
+		{..2eb22534
+			_pa..3c80ed7d
+			_im..e523fb80
+			Add..cfd9bec2
+			IsV..27d2268d
+			Inv..e31cf06d
+		}..869467ef
+..432a73f9
+		publ..156aabe5
+		{..2eb22534
+			_im..7a537320
+		}..869467ef
+..432a73f9
+		#end..0089c680
+	}..9bc7a5c0
+}..89f4007d
-using ..121cd158
-using ..a09576e5
-using ..dffe9379
+using ..4d1917db
+using ..8e32f603
+using ..3d8af0e4
-		priv..25bacaec
-..d8a38f52
-		publ..bc41649c
-		{..1f96ce13
-			get..a059a49d
-			set..86ef99c1
-			{..d3ed62e4
-				if..e928a874
-				Is..60eb53c3
-				On..943eb640
-				On..f6008f95
-			}..311450fc
-		}..99032e03
-..d8a38f52
-		publ..230293ba
-..d8a38f52
-		publ..53654cec
+		publ..23869638
-			//n..f7056a28
-			_im..e4af4243
-			Add..e55f755f
-			IsV..b805afc0
-			Inv..47e2ab30
+			Tas..1c07e422
+			{..fd5bdcfa
+				va..932f27f2
+				va..86e54450
+				fo..2f9f21e5
+				{..8a8059fa
+					v..ad0ea962
+					v..a91a12e5
+					i..c269a665
+				}..e695eccf
+..432a73f9
+				It..21acd38b
+				On..cb8d043d
+			});..0221c634
+		}..869467ef
+..432a73f9
+		publ..156aabe5
+		{..2eb22534
+			if ..f292386a
+				re..62c70d93
+			for..a61ba0c7
+				it..76c59f33
-		publ..263d378f
+		publ..b1315be1
-			_im..56fd1f4a
+			if ..6ba7fac8
+				Is..355c9f4b