-using ..9a1a6d84
+		priv..b352df67
+		priv..d0101a01
+		priv..4f150d7f
+		priv..03c4f523
-		priv..6027952c
-		priv..5affc3b5
-		priv..ba364ad6
-		priv..910a32a6
-		priv..8c6159a3
-		priv..e5eebb90
-..663a6595
-		priv..5ad6b8b6
-			Uns..cb968b73
+		priv..75a47cfd
-			_pu..ddc3fe1d
+			//	..827282a9
+			//	..c424f6ed
+			//	..827282a9
+..83de8430
+			var..906f9a3e
+			_pu..5beb1ce0
+..83de8430
+			//	..cf4bb678
-			_in..734aacce
-			_ex..6e21244c
-			: t..6d1dfd52
+			: t..6f622f36
-		priv..4282066e
+		priv..d788e81a
-				va..bcf892a9
-				if..8a9696f4
-					r..65fac380
-				re..fdce3677
+				if..42474f59
+					_..539801e9
+				re..2871253e
-		priv..499d5e89
-		{..53f40e12
-			get..ddac0745
-			{..ba9b7368
-				va..74a9499d
-				if..8a9696f4
-					r..65fac380
-				re..fdce3677
-			}..2e3b6ff8
-		}..6dc7e9db
+		priv..c7a3421a
+..83de8430
+		priv..f15e28c5
-		publ..f8e0a3be
+		publ..80d2853e
-			thr..1532f77a
+			Ens..38c63285
+			_ge..64d7cdd4
+			var..ec519dc2
+			Gen..8ac82fba
+			Gen..9e5ec916
+			ret..550a8e1b
+			{..bb87ee19
+				{C..e36df5eb
+			};..e7bdfa66
-		publ..a1a9e416
+		publ..33414d1a
-			thr..1532f77a
+			Ens..38c63285
+			uin..94bc5433
+			uin..4d008152
+			var..45d39826
+			loc..dcae9361
+			{..bb87ee19
+				fo..3baf5c2d
+				{..1f7e22e2
+					f..09ba9dba
+					{..7d9350db
+						..3692670f
+						..13ee7a0a
+						..134680c7
+						..a2cef6ae
+						..eb4de851
+						..661ae554
+						..a3e2c1dd
+						..bcdf277e
+					}..45b12320
+				}..6103ec7e
+			}..89ffd951
+..83de8430
+			var..3af2d63e
+			Set..6d365179
+			var..d49b1a6f
+			awa..8142d935
+			ret..ec347a18
+			{..bb87ee19
+				{C..ebdac311
+			};..e7bdfa66
-			var..3760c440
-				["..ad3979af
+				["..dbcef98b
-				re..2b513928
+				re..def38e2d
-			var..3760c440
-				["..ad3979af
+				["..dbcef98b
-				re..2b513928
+				re..def38e2d
-						..00bef7e1
+						..fbbdf557
-						..f38c63b3
-						..ecf7995b
-						..57095a52
-						..fd9e2d44
+						..1a756fc8
+		prot..a8c2e75c
+		{..c69b747c
+			ret..0ca949c7
+		}..3e3fec95
+..83de8430
+		priv..82995ed0
+		{..c69b747c
+			loc..dcae9361
+			{..bb87ee19
+				if..5b04dfe7
+					r..c7f22067
+				IE..653b1c52
+				ad..211df0ea
+				ui..02c91460
+				if..ff42411d
+					a..937769a8
+				fo..6bd00772
+				{..1f7e22e2
+					v..acc2d843
+					i..1651f332
+						..dd59dc85
+				}..6103ec7e
+..83de8430
+				if..5d6d2fc4
+					r..c26c18ef
+				re..d1b19062
+			}..89ffd951
+		}..3e3fec95
+..83de8430
-		priv..83935614
+		priv..94834b4e
-			ret..4112e5dc
+			loc..dcae9361
-				re..1d786ef7
-				//..9400d78b
-				//..20841dbb
-				//..7a78fdd9
-				//..555b73a2
-				//..4420bc36
-				//..354b1e4e
-				//..e733f7cc
-				//..2dfef65b
-				//..1d5636ae
-				//..274b72d4
-				//..7a81dd10
-				//..88c04b9f
-				//..c9e81607
-				//..ed2bd872
-				//..1d5636ae
-				//..124541f0
-				//..bc2760ce
-				//..88c04b9f
-				//..bdfb896f
-				//..c9e81607
-				//..bcbee20a
-			});..4c82f606
+				if..5b04dfe7
+					r..76c28222
+				re..a373b53e
+			}..89ffd951
+		}..3e3fec95
+..83de8430
+		priv..7eddcd53
+		{..c69b747c
+			loc..dcae9361
+			{..bb87ee19
+				if..5b04dfe7
+					r..76c28222
+..83de8430
+				IE..653b1c52
+				ad..211df0ea
+				if..db894fd0
+					a..f2582c35
+				re..571ad3a0
+			}..89ffd951
-			var..8f92792e
-			var..1d0c1450
-			var..7fa6d897
-			var..cf9e8694
-			if ..96160c54
-				aw..5657c4cf
-			_is..fe1ba63e
+			var..96003574
+			awa..8142d935
-		priv..ba9a235c
+		priv..c8aac9d8
-			if ..897e4a2f
-				re..cfd8b199
-			for..f4643c87
+			boo..d465198c
+			loc..dcae9361
-				if..6b25fd11
-					r..4d977eb3
+				ch..d6f87659
+				_c..6f594c32
-			ret..7d709d9d
+			if ..96934e59
+				re..edcbf98a
+			ret..d35cc8e6
-		priv..df6c1481
+		priv..f6434b17
-			if ..897e4a2f
-				re..cfd8b199
-			for..f4643c87
+			if ..e6ebe34b
+				di..920ccd3a
+			var..ec519dc2
+			whi..cdca9e1a
-				if..02ca82bb
-					r..4d977eb3
-			}..2e3b6ff8
-..663a6595
-			ret..7d709d9d
-		}..6dc7e9db
-..663a6595
-		priv..6e42ae7d
-		{..53f40e12
-			ret..48272b86
-			//	..70e9c134
-			//	..552df773
-			//..9d315428
-			//	..6b093e27
-			//	..6df5b3a0
-			//	..e5a35ff3
-			//	..3129b805
-			//	..0838c573
-			//	..8fb5ac77
-			//	..d3e725e9
-			//	..aff613e1
-			//..9d315428
-			//	..1918b318
-			//	..0f9a9f94
-			//..9d315428
-			//	..2aea1fd4
-			//	..089ceabb
-			//	..e58463d1
-			//	..3c2777d6
-			//	..2d1da5f8
-			//	..49031a05
-			//	..5809d1b9
-			//	..646a64e9
-			//	..95fdcc7c
-			//	..de4d5322
-			//	..42bb1665
-			//	..edea41be
-			//	..f8052695
-			//	..4af1926b
-			//..9d315428
-			//	..076d5c6e
-			//	..e35664c8
-			//..9d315428
-			//	..670addbb
-			//	..646a64e9
-			//	..31e1639b
-			//	..703af953
-			//	..f0b2b4cf
-			//	..4af1926b
-			//..9d315428
-			//	..596e4378
-			//	..646a64e9
-			//	..94766088
-			//	..703af953
-			//	..dc51c119
-			//	..4af1926b
-			//..9d315428
-			//	..9be643b9
-			//	..646a64e9
-			//	..6c74ed2b
-			//	..6060ced7
-			//	..87d2bfff
-			//	..d1412515
-			//	..c8fa3e7d
-			//	..4c918363
-			//	..d5f5bc37
-			//	..46b8a20e
-			//	..92091ffe
-			//	..95035da7
-			//	..7036a333
-			//	..ce5b9fb7
-			//	..e66ea1e3
-			//	..c369ee3b
-			//	..f7d4ce30
-			//..9d315428
-			//	..327cf390
-			//	..abc2e136
-			//	..5c83889e
-			//	..10bee34f
-			//	..4af1926b
-			//	..1b60c652
-		}..6dc7e9db
-..663a6595
-		priv..f2ec8740
-		{..53f40e12
-			var..b8174735
-			for..de9ef3b8
-			{..ba9b7368
-				va..69f9343f
-				st..55c97449
-				ad..0b6d2278
+				Ge..da563b50
+				Ge..46adccd9
-				if..df97dc82
+				if..b0b7ce48
-					d..e93663da
+					v..1a3db450
+						..d60a3290
+					r..a57120f9
+					S..00b4df40
+..83de8430
+				st..7056a25b
+				st..0400338b
+..83de8430
+				va..dc554bf8
+				in..aaf93d6b
+..83de8430
+				va..e289611a
+				ex..df80d732
+..83de8430
+				if..6b4f5279
+					r..1f1ae7f9
+				ad..9cd557b7
-		prot..b9d853b9
+		priv..468ecaee
-			ret..f34ddc40
+			for..6b08b90f
+			{..bb87ee19
+				va..ab95c649
+				va..414eaf64
+				if..b6dd3906
+				{..1f7e22e2
+					v..d8f67fa7
+					d..61106c4e
+					M..e5bfbb08
+				}..6103ec7e
+			}..89ffd951
-		priv..26dbfa42
+		priv..bb29102b
-			var..a2f0ad02
-			if ..bfddc83c
-				re..f28e8a72
-			var..cd1db612
-			var..18041fa8
-			for..2ced99ee
+			for..52a7635d
-				va..5ad2cb6f
-				{..c6d8169b
-					I..3c4f7d55
-					I..5a46b8f1
-					V..cfe37513
-					O..2f6f9271
-					H..9c05de41
-				};..685b6930
-				un..36c6595d
+				va..8e4c83d8
+				st..d54afc1a
+				ad..8a66a9ff
-..663a6595
-			ret..ee293283
-		priv..44c1e140
+		priv..5b52bbd2
-			var..5c573ca3
-			ret..f9d8888b
+			ret..b19f1f1d
-		priv..7bf79065
+		priv..1ef29718
-			int..2ab4cefe
-			if ..e2c8e225
-				in..20be317c
+			int..40476eb9
+			boo..76f5d801
+			Add..094a9c68
-					_..6bdc5954
-				st..ab294f30
+					_..55379000
-					u..64ad8328
+					u..9842f598
-						..ea5be861
+						..7057fcf5
-..663a6595
+					c..e08799fb
+					_..df1e7330
-..663a6595
-				re..a3d7cbdd
+			if ..075cea24
+				Ma..7a76a1ab
+			ret..1bb8c9c7
-		priv..8020039a
+		priv..67348729
-			if ..ad301002
-				aw..fb3d003b
-			els..b0caa7ba
-				aw..c096616c
+			loc..dcae9361
+			{..bb87ee19
+				if..5b04dfe7
+					r..bdd4aff9
+				va..bbba1fc3
+				if..c8f2901f
+				{..1f7e22e2
+					_..af5d7307
+					_..df1e7330
+				}..6103ec7e
+			}..89ffd951
-		#end..4b9b04cb
-..663a6595
-		#reg..87ae6c45
-..663a6595
-		priv..f030e4f1
+		priv..9c94a113
-			#re..e10499f2
-..663a6595
-			pub..9e4e04b1
-			pub..51c4ece4
-			pub..a9215c23
-..663a6595
-			#en..79bd8284
-..663a6595
-			#re..9813864b
-..663a6595
-			pub..d383bd09
+			int..40476eb9
+			loc..dcae9361
-				Us..d2598678
-				Ex..21e6159f
-				In..7059c37c
+				if..5b04dfe7
+					r..bdd4aff9
+				Ad..7459a2ca
+				if..8a10d6bf
+				{..1f7e22e2
+					_..3cef3512
+					_..df1e7330
+				}..6103ec7e
-..663a6595
-			#en..79bd8284
-		priv..34dcf740
+		priv..c823193d
-			#re..e10499f2
-..663a6595
-			pub..f76c7543
-..663a6595
-			pub..1dd8e855
-..663a6595
-			pub..37c58c54
-..663a6595
-			pub..9a5002fc
+			int..1b111662
+			if ..22a01d56
+				ad..e53389a7
+			els..0608f8cc
+				ad..26f2e96c
+			ret..b5b46081
+		}..3e3fec95
-			#en..79bd8284
+		priv..815bca16
+		{..c69b747c
+			if ..5e6f5cda
+				re..414fa050
+			ret..ec077042
+		}..3e3fec95
-			#re..9813864b
+		priv..39f54815
+		{..c69b747c
+			if ..b0f25466
+				aw..0da611fd
+			els..17784cd0
+				aw..c81038f8
+		}..3e3fec95
-			pub..a5080aba
-			{..ba9b7368
-				Va..ca2b7794
-				Un..6112b665
-				Is..230fe48c
-				In..506306af
-			}..2e3b6ff8
+		#end..3ebb6516
-			#en..79bd8284
-		}..6dc7e9db
+		#reg..ae387f8d
+		}..3e3fec95
-			#re..6bb47b30
+		[Jso..e9fae4c7
+		[Ser..2fbd68be
+		inte..a2d4d411
+		{..c69b747c
+			#re..8751089f
-			pub..6ba88f3f
-			{..ba9b7368
-				re..746783d8
-			}..2e3b6ff8
+			[Js..0eb83c02
+			pub..7eb2033d
+..83de8430
+			[Js..3383aeea
+			pub..d80cfb52
-			pub..bf7152da
+			#en..c559388f
+..83de8430
+			#re..570b9c27
+..83de8430
+			pub..97571f0d
-				if..b9f5a553
-				if..ed96d387
-				re..5f130a53
+				Ad..115e2b93
+				Us..04679cca
-			pub..c4dbe56f
+			#en..c559388f
+..83de8430
+			#re..2c5490b7
+..83de8430
+			pub..ab334872
-				un..395b12dc
-				{..c6d8169b
-					v..eede9540
-					h..f1324cfe
-					h..eea5c72d
-					h..c430e7bd
-					h..613363c7
-					r..4cbd8bfd
-				}..60eafcb7
+				re..85db49f0
-			[Js..c6f3e980
-			pub..69e45d98
-..663a6595
-			[Js..ad134766
-			pub..c9972dfb
-..663a6595
-			[Js..a6af0967
-			pub..d68d3f0c
-..663a6595
+			[Js..f6433965
+			pub..e377a1f6
+..83de8430
-				In..3acb1bc2
-				Ex..04fc865e
-				Is..eff308b4
+				Ad..67917621
-				//..54580624
-				//..3aad586f
-				//..270896e9
-				//..27400b70
-				//..354b1e4e
-				//..10a71968
-				//..48144e3f
-					U..415860fe
+					U..590e2db2
-					_..75389ff2
+//				..b64bdc2a
-		publ..57e1b255
+		publ..810aa5d6
-		publ..7eb305ac
+		publ..64811859
-		priv..6c026255
+		priv..ba44dfc5
-		publ..643d4d30
+		publ..e7a7b045
-		publ..3cf7f2c1
+		publ..ffef5b9f
-		prot..0f924bc9
+		prot..b648ab86
-		prot..65bcb153
+		prot..e051b4c4
-		prot..6d70c31d
+		prot..51cd872c
-		prot..af6c6214
+		prot..49bacf21
+		prot..cc2c058c
+		{..c69b747c
+			boo..8a50ad79
+			if ..f4ce2ee6
+				re..451f8c02
+			ret..0756d637
+		}..3e3fec95
+..83de8430