+		"th-..d8f9c93e
+		"th-..f85ce013
+		"th-..a43fe893
+		"th-..a71ff398
+		"th-..0ae750b9
+		"th-..09d6787a
-		"bs-..dce393e4
+		"bs-..d2b2c8f6
+		"th-..a36a6ab2
+		"th-..02dd5aed
+		"th-..2a0b3ee3
+		"th-..0bdbe997
+		"th-..6fdddfaf
+		"th-..3a67e13c
+		"ar-..affb20bd
+		"bs-..2b630c91
+		"ca-..ac4838bc
+		"cs-..c05f0c5a
+		"da-..1d38ca65
+		"es-..327527bb
+		"fr-..3a3ba24f
+		"he-..b6e075a8
+		"hi-..9dfed5a9
+		"ja-..f45b94f5
+		"ms-..c4cfd2c3
-		"tr-..a3352d6a
+		"ro-..9aa4a91d
+		"ru-..298ae370
+		"sv-..6eb331f7
+		"th-..f63375a6
+		"tr-..c5f879e6
+		"ur-..6ddcfc7b
+		"th-..ab6a4deb
+		"th-..5c4d7ef8
+		"th-..96be256d
+		"th-..4b010772
+		"th-..18d20689
+		"th-..4f78a0d3
+		"th-..5744288e
+		"th-..019dc44a
+		"th-..56828e6e
+		"th-..48a36dd9
+		"th-..ee5948d3
+		"th-..9aed0ef1
+		"th-..c307ca13
+	"Wall..eee49436
+		"en-..6ae24b5d
+		"de-..4adcaca4
+		"fr-..775949ab
+		"he-..a9a576f1
+		"hr-..dfa0aa8f
+		"nb-..6d10be4d
+		"nl-..1bd5cfd9
+		"pt-..ade1b6c4
+		"ro-..e82e66b8
+		"th-..a7c5ba6d
+		"tr-..260a0da3
+	},..82f28dae
+	"Wall..4e09286d
+		"en-..a43b1efe
+		"de-..c95db29e
+		"fr-..a15c4a08
+		"he-..716d4ba4
+		"hr-..da37bdfb
+		"nb-..9277626c
+		"nl-..9dd8a6f6
+		"pt-..4d32d3d8
+		"ro-..8121ee05
+		"th-..e6f12f99
+		"tr-..f35b3947
+	},..82f28dae
+	"Wall..e5f4f788
+		"en-..3e7b7a5e
+		"de-..83ac93bf
+		"fr-..d1dd26c8
+		"he-..36ec7462
+		"hr-..d2d74fcb
+		"nb-..614e4c88
+		"nl-..49656b56
+		"pt-..cca384cb
+		"ro-..ff949b5f
+		"th-..95ff2d3e
+		"tr-..a08085d8
+	},..82f28dae
+	"Wall..05f04906
+		"en-..e5671a41
+		"cs-..9232094d
+		"de-..00585c1b
+		"fr-..c2942803
+		"he-..2d8a51a4
+		"hr-..b2fa2db1
+		"nb-..f50c5b94
+		"nl-..ab1b69cd
+		"pt-..ab32b80f
+		"ro-..a851478f
+		"th-..5e16af2a
+		"tr-..0b4739bb
+	},..82f28dae
+	"Wall..6710e35e
+		"en-..437447be
+		"cs-..99d475bd
+		"de-..a993287b
+		"fr-..5ebb13d1
+		"he-..29558583
+		"hr-..7ecefe8a
+		"nb-..aec5c691
+		"nl-..246f2891
+		"pt-..67cd85b9
+		"ro-..4da6f3bc
+		"th-..1f47af0c
+		"tr-..3499bc40
+	},..82f28dae
+		"th-..b1f5c5ab
+		"th-..c509732b
+		"th-..317cb00f
+		"th-..160f3d43
+		"th-..8e2aa6c2
+		"th-..dd9f6ce5
+		"th-..93671e43
+		"th-..893365e7
+		"th-..9116b9fb
+		"th-..a65c03fd
+		"th-..9d135ded
+		"th-..eda91c58
+		"th-..0175448a
+		"th-..e8ec4a65
+		"th-..3bff5753
+		"th-..d7bee6e1
+		"th-..92730668
-	},..04b6ab06
-	"Wall..eb836bb5
-		"en-..c74cd7a7
-	},..04b6ab06
-	"Wall..5d059bef
-		"en-..d6ff264f
-	},..04b6ab06
-	"Wall..e99dd552
-		"en-..6865225b
-	},..04b6ab06
-	"Wall..efd9a9cd
-		"en-..ed26328b
-	},..04b6ab06
-	"Wall..0f07584a
-		"en-..6abf74b4