--- /de..3844bffa
+<?php..831569c1
+declar..4ec9b239
+..8d7ea05b
+namesp..1c7c1e77
+..8d7ea05b
+use PH..f4df3b81
+use PH..56ace3db
+use Wa..50e8450c
+..8d7ea05b
+/**..c5348162
+ * @co..e44532a5
+ */..b53b307f
+final ..5c572398
+	prote..2fdcd3d4
+	}..bac511d0
+..8d7ea05b
+    pu..c3679379
+      ..6e6cbada
+      ..ed48e82e
+      ..d4b31074
+      ..1ad2ccb5
+      ..bf2e7698
+      ..bc98abef
+      ..a8824a04
+      ..a3e615ef
+      ..e52014b2
+      ..deeabb8f
+      ..d72c8a68
+    }..8e676b58
+..8d7ea05b
+	publi..f1d1795e
+      ..6e6cbada
+      ..ed48e82e
+      ..a914375e
+      ..da9dbc7b
+      ..e52014b2
+..8d7ea05b
+      ..d9406714
+      ..3474b4c8
+	}..bac511d0
+..8d7ea05b
+	/*..2c8b73b4
+	publi..220bc90f
+..8d7ea05b
+    }..8e676b58
+..8d7ea05b
+    pu..f1294776
+      ..6e6cbada
+      ..ed48e82e
+      ..b288e46b
+    }..8e676b58
+	*/..f47f7642
+..8d7ea05b
+    pu..10ac6fad
+      ..6e6cbada
+      ..ed48e82e
+      ..a2c4da53
+      ..a6d0977e
+      ..fb6c14a9
+      ..bbff44ae
+      ..d8a8cfe5
+      ..556f7e6f
+      ..73054829
+    }..8e676b58
+..8d7ea05b
+	publi..86fdb743
+	}..bac511d0
+}..e24bac39