-		publ..76908c46
+		publ..c8626007
-			pop..1d8a9d82
+			pop..cd76c88b
+using ..7b8b2d88
+using ..4b69551f
+		publ..fc8374d2
+		{..d877b93e
+			if ..13c8489b
+			{..4178364b
+				Ta..dee732b3
+				{..2715ee71
+					f..aa32353c
+						..08e60603
+				})..3943a4f6
+			}..ac64ff9f
+		}..79bd3fc2
+..e23aa99e
-			if ..263e7f0b
+			if ..57330cef
-using ..8267706f
+using ..00854d65
+using ..ffba6514
-using ..0c5a3b8e
+				if..eb4328e2
+					r..00980cf0
+				if..211ea8c5
+					r..00980cf0
+				if..cfad0e6f
+					r..00980cf0
+#if DE..94768a93
+		prot..28e0240a
+		{..d877b93e
+			bas..3c01fcad
+			Tra..0c41b8e3
+		}..79bd3fc2
+#endif..ccdc8991
-      ..3f2852e3
-      ..83cf2eb9
-      ..ec589c34
-      ..42a57d9b
-      ..c44fec15
-      ..e060d122
-      ..d171d3c7
+      ..d8ad6c6f
+      ..4fc218b5
+      ..9abd4836
+      ..b67e790b
+      ..444cb10f
-      ..32da600c
-      ..bcb7d190
-      ..dfa37f4f
-      ..fa22d753
-      ..ca5fb206
-      ..ed83b4ec
-      ..7f222e57
+      ..5fe01886
+      ..4667cd49
+      ..98abab0a
+      ..9c626e4c
+      ..c9d481d6
+      ..63d62608
+      ..442e7161
+      ..8d6067b4
+      ..f45ac10a
+      ..20ff462f
+      ..25e02edc
+      ..216a3df9
+      ..c180199f
+      ..e232be3c
+..e23aa99e
+      ..aaf5c0df
+      ..5db20eba
+      ..fdd4e310
+      ..30c9ca18
+      ..7a123c7b
+      ..d3dbe380
+      ..d4a172bb
+..e23aa99e
-			Mug..0e103610
+			Mug..c464fc20