-using ..e5c2f6d4
-				fo..dea86f54
-					_..521ec548
+				_i..1c8c6ac0
+using ..39deeb3b
-					C..f4ee84b7
+					C..fce45186
+					I..541a1855
+				if..e5c0495a
+					r..83daa2c2
-using ..46f66cb9
-		priv..a656ed07
-		publ..58d2f525
+		publ..bdeeea6f
-			_to..246e81fe
-				ex..8440a719
+				ex..e02ed67f
-				_m..f3ac1c4a
+				_m..8b062c6e
+		priv..a38be1f5
+			_is..2f00fffa
-			var..2f797787
-			var..c93ab318
+			var..a0188cb8
+			var..142cb13e
+using ..e53d926c
+using ..034a5b7d
-	publi..bbe106b5
+	publi..bd0c4cfc
-		priv..6bc58763
+		priv..6f53cd28
+		priv..312d7829
+..e23aa99e
+		#reg..6ca0b617
+..e23aa99e
+		void..8e6b2338
+		{..d877b93e
+			thi..682d1bf9
+		}..79bd3fc2
+..e23aa99e
+		#end..01ec08b0
+..e23aa99e
+		prot..17e7d539
+		{..d877b93e
+			ret..3e3276f7
+		}..79bd3fc2
+..e23aa99e
+..e23aa99e
-			ret..7f588737
+			var..23a28ffc
+			if ..4d1e5008
+				re..a599eee3
+			ret..78f7568f
+		}..79bd3fc2
+..e23aa99e
+		prot..cd9731da
+		{..d877b93e
+			app..a8036e9c
+			var..c7b020a9
+			var..bb2352a6
+			ret..0c974be6
-			_bt..196eeafb
+			_bt..e99ae4ea
+			thi..0573695c
+			{..4178364b
+				aw..09e93623
+				_i..5d19b0cd
+				On..7415b27c
+			});..25240826
-			var..22be0557
+			var..17dfee3e
-			set..c858aabc
-			{..4346662e
-				if..60ac11c9
-					r..93fbc7fc
-				if..20a160bd
-				{..70fcf841
-					O..3a395b47
-					r..93fbc7fc
-				}..c9d383ba
-				_a..81af2475
-				va..9af902ee
-				if..6ddfc69f
-					A..5e796819
-				Up..eadce157
-				On..ea180b11
-				On..41d61809
-			}..9bd0b355
+			set..3a9b049f
+		publ..6f71f539
+..e23aa99e
+		prot..f3372c66
+		{..d877b93e
+			app..ff21f6ab
+			var..c7b020a9
+			if ..b8bbeaeb
+				ba..7498d548
+			ret..d2ae4292
+		}..79bd3fc2
+..e23aa99e
-			var..ab4ef837
+..e23aa99e
+			boo..e492e351
+			var..7a2f4867
-				en..f87fa677
-			Ent..83c65f4e
-		}..f2e7b2f4
+			{..4178364b
+				En..d059a642
+				re..ef0bc381
+			}..ac64ff9f
-		priv..bf21049c
-		{..05fda78d
-			var..93a106b4
-			if ..bc369c64
-				ba..6dbf6ea2
-			ret..fa1ae6f7
+			if ..5bef45f9
+				Se..fbbb2302
+			Ent..a5876d34
-			var..93a106b4
-			Amo..8a8b7b61
-			if ..bc369c64
-				ba..6dbf6ea2
+			boo..e492e351
+			var..b7ef77c6
-				Am..55a5092f
+				Se..98611887
+		}..79bd3fc2
+..e23aa99e
+		priv..5e0aafb0
+		{..d877b93e
+			Set..396f6c4e
+		}..79bd3fc2
+..e23aa99e
+		priv..df38b311
+		{..d877b93e
+			if ..2d703c90
+				re..ef0bc381
+			IsE..db60e177
+			if ..3be13e76
+			{..4178364b
+				On..8ba66e64
+				re..ef0bc381
+			}..ac64ff9f
+			_am..4bd1d7cf
+			var..707e2c22
+			if ..d30ec912
+				Am..ec387173
+			Upd..15e888b1
+			OnP..913697c8
+			OnA..cd98f0b4
-				va..a26839db
+				va..0e081295
-				Ad..2c9c90ca
+				Ad..3fce3c0f
-						..7f92fd61
+						..3390c22f
-		priv..b722c8b6
+		priv..07aa9f58
-			Gri..9f9ca4cc
-			Gri..4f32d0ed
+			IDi..383670ce
+			try..4b18bfc4
+			{..4178364b
+				Gr..cda174d8
+				Gr..bafaed65
+			}..ac64ff9f
+			fin..f490cdc4
+			{..4178364b
+				di..13b34729
+			}..ac64ff9f