+    <C..f877946e
+    <C..5dcb8152
+    <C..2f3cbd1d
+    <C..ad7f016c
-    <C..e3ce8149
+		#reg..3262e00b
+..d86083b9
+		priv..2d4f6502
+..d86083b9
+		#end..46d60831
+..d86083b9
-		publ..69c3dd68
+		publ..fc22273e
+			Enj..484b6402
+		publ..d3a35257
+..d86083b9
-			ret..6f918cfe
+			if ..16658eb8
+				_c..c7f9ec9b
+			ret..597c5ce4
+++ /de..426b41ec
-﻿usi..0d521b8f
-using ..33509da7
-using ..98483d0e
-..f59f98cc
-namesp..9ced46b2
-{..b06ff0d2
-	publi..82b97d14
-	{..f37b3a7a
-		#reg..9c15fecd
-..f59f98cc
-		publ..b6fc5b1b
-		{..ca130cd4
-		}..403613db
-..f59f98cc
-		publ..dc68acf5
-		{..ca130cd4
-		}..403613db
-..f59f98cc
-		publ..5bf853f2
-		{..ca130cd4
-		}..403613db
-..f59f98cc
-		publ..c716aa3c
-		{..ca130cd4
-		}..403613db
-..f59f98cc
-		publ..2900e487
-		{..ca130cd4
-		}..403613db
-..f59f98cc
-		publ..0a87582e
-		{..ca130cd4
-		}..403613db
-..f59f98cc
-		publ..1714b4dd
-		{..ca130cd4
-		}..403613db
-..f59f98cc
-		publ..c30ea902
-		{..ca130cd4
-		}..403613db
-..f59f98cc
-		#end..e2457225
-..f59f98cc
-		#reg..325cd3ef
-..f59f98cc
-		publ..8271525b
-		{..ca130cd4
-			thi..e42f1673
-		}..403613db
-..f59f98cc
-		#end..e2457225
-	}..7540cb08
-}..641f56dd
--- /de..84e94af1
+﻿usi..22080fb6
+using ..599a2084
+..d86083b9
+namesp..000f6534
+{..dfac76ee
+	publi..127d5d88
+	{..89df2895
+		#reg..c7535227
+..d86083b9
+		publ..40cf621b
+		{..2e299524
+			Add..c468170b
+			Del..b66699e5
+		}..2d5b8540
+..d86083b9
+		#end..46d60831
+..d86083b9
+		#reg..3d8a2d30
+..d86083b9
+		publ..ead85b22
+..d86083b9
+		publ..dd5295b9
+..d86083b9
+		#end..46d60831
+	}..e10b3df8
+}..38ef0e8e
-			var..971389c7
-			ret..949bd4d0
+			usi..971cb382
+			usi..c9aa339d
+				re..d11c2e78
-		priv..a3fc6ad8
+		priv..2c0e6222
-			ret..d24e7b39
+			var..fba0d4a2
+			ret..d9fc3ea3