-		"jso..46c76440
+		"jso..688c9f56
+		"amp..8512f6d7
-	publi..bef246ab
-		$key..6388e404
-		$cac..3e7b957d
+	publi..3953772a
+      ..811304b2
+		else..406503f8
+..8d7ea05b
+      ..2a564102
+			if(..10018739
-	publi..bef246ab
-		$key..adb8824d
+	publi..3953772a
+		if($..146db6c9
+		else..a999497a
+..8d7ea05b
+      ..57c58224
--- /de..3844bffa
+<?php..831569c1
+namesp..3070729d
+..8d7ea05b
+use Wa..0e3c5fd0
+use Wa..607578fc
+use Wa..5a4ecee2
+use Am..81693f81
+..8d7ea05b
+class ..936ae506
+    pu..7620e2c2
+      ..6a68476b
+      ..187f045d
+..8d7ea05b
+      ..ea924128
+      ..c0ce9107
+      ..533999e7
+      ..d7dc462e
+      ..511aec61
+      ..b41d1315
+      ..d8595acf
+      ..61987fb4
+      ..022898af
+      ..b41d1315
+      ..d8595acf
+      ..96f8d04c
+      ..a80d77f6
+      ..6ca4eded
+      ..d8595acf
+      ..35e6ddf6
+      ..d6bd4c49
+      ..a80d77f6
+      ..9b7ff4a4
+      ..d8595acf
+      ..fda30570
+      ..737f802c
+..8d7ea05b
+      ..6a798694
+..8d7ea05b
+      ..9ed7ec48
+      ..d02d3e4e
+      ..8d14e671
+..8d7ea05b
+      ..2bdde891
+..8d7ea05b
+      ..437953b9
+      ..ccd5a526
+      ..1e933379
+      ..e52014b2
+..8d7ea05b
+      ..58fdcedc
+      ..01995a2b
+      ..c578c1d4
+      ..d7a6c602
+..8d7ea05b
+      ..52cdd592
+      ..20227242
+      ..737f802c
+..8d7ea05b
+      ..e64653d3
+      ..90dce059
+    }..8e676b58
+..8d7ea05b
+    /*..afbdef5b
+      ..65aa84a8
+    }*..d548c6d3
+}..e24bac39