-/confi..79236ffb
+/confi..eb58a23b
+/confi..51919ea3
-		"lin..8e32d069
+		"lin..6284edf4
+		"jso..2633ba60
-		"pat..96fa083d
+		"pat..f8a72baf
-		"pat..72480a2d
+		"pat..bfcc4a8e
-	`time..5eca487c
+	`time..14d9f8f3
-	`pare..b86a4e7e
+	`pare..64d0e432
-	`sha3..b9d9d095
-	`logs..768a8206
-	`tran..0a1130c7
-	`stat..c8dca9df
+	`sha3..f9a1df75
+	`logs..2af5b74a
+	`tran..e7c82313
+	`stat..5f9f14e8
-	`tota..664ebac6
-	`extr..2daeb8f1
+	`tota..f322149f
+	`extr..4bf87a28
-	`gas_..b1e604d5
-	`gas_..b6fb439a
-	`mix_..91cb4eea
-	`rece..fedc8c56
+	`gasL..79703602
+	`gasU..4de6a293
+	`mixH..aade00d8
+	`rece..50bc333c
-	`bloc..9ebb611e
+	`bloc..5e17300b
-	`bloc..d945f7ba
-	`tran..62bc6eb8
+	`bloc..de9bdc45
+	`tran..19ba638b
-	`gas_..7d0eda89
+	`gasP..1c6176b7
-	INDEX..976798b7
+	INDEX..47258ffe
-// tes..05b7db54
+// tes..2e82e0e9
-// tes..b2f249de
+// tes..65db5daa
-$litec..09864261
+$litec..fcaaf5f6
-	if ($..c2c98410
+	if ($..e9f83027
-	if ($..a34ca0ef
+	if ($..acb4f933
-		'tim..35ead100
+		'tim..b90974f8
-		'par..bf03acfd
+		'par..fe7f89d9
-		'sha..82229e5d
-		'log..fc1e8562
-		'tra..ab6bc4a1
-		'sta..f9fa156c
+		'sha..cb005bff
+		'log..8b09173c
+		'tra..5f51f439
+		'sta..b538c1b3
-		'tot..82b5e8f3
-		'ext..314e1684
+		'tot..e52d06ab
+		'ext..d93421f9
-		'gas..ea1f9500
-		'gas..c607135c
-		'mix..4267addb
-		'rec..4447b9ce
+		'gas..0fa96a2c
+		'gas..5d02de67
+		'mix..debcb53f
+		'rec..23681dad
-			'bl..808526bf
+			'bl..4de0efd9
-			'bl..e08fda93
-			'tr..b5e03f16
+			'bl..63324c49
+			'tr..c291e16a
-			'ga..bd479aab
+			'ga..e952bd99
+		$mod..3461a9fc
+..a2070934
+		// v..6a3c4f4b
+		if (..7e7d09df
+			thr..5ded686c
+		}..0eaf47a6
+..a2070934
-		if (..45d5c9f4
-			$ac..b864d95f
-			if ..ec018ccd
-				$a..c1a37b5a
-			}..d91c76e4
-..55944f89
-			$re..63e5cc6c
-				's..1a39e12e
-				'e..d7eb2fe8
-				'p..fd258caa
-				's..71ed196d
-				'o..55794872
-				'a..6902ebd2
-			)))..ad184908
-..55944f89
-			$tr..8bf13a26
+		if (..03a9707d
+			$tr..606e16d9
-			$et..b84ee3ce
-			$lo..f0cd1a76
+			$lo..46fde62f
-			$tr..2638b4a3
+			$ha..7e3f54ee
-				$m..ca558c38
-				$t..f7c456e6
-..55944f89
-				$t..5973c8af
-				$t..9f695a2d
-				$t..d29b2f72
-				$t..9a779570
-				$t..8d252dfb
-				$t..1bbd1c98
-				$t..b47a1e44
-				$t..d4b02da1
-				$t..badb5fa7
-				$t..379c3171
+				$h..83f8fd97
+..a2070934
+			$tr..5f57dedf
-				't..4d765162
+				't..d0b9b2c3
-use We..8cbacddc
+use Cu..7f51529e
-	priva..af006a9d
-..55944f89
-	publi..f4d61d39
-		if (..a86aa85f
-			ret..5193303a
-		}..8fbdc4ce
-..55944f89
-		$thi..e04fee76
-			'ti..3561ea04
-		]);..8454527a
-	}..496379a4
-..55944f89
-		$con..364f05a8
-			'ti..acb6d93c
-		]);..8454527a
-..55944f89
-		if (..b41aab97
-			ret..1da01bb3
-		}..8fbdc4ce
-..55944f89
+		$cur..1072fc4d
-..55944f89
-		try ..96a67c0e
-			$re..969257f8
-			if ..a1081524
-			els..cde58e10
-		} ca..ebf02fa6
-			ret..1da01bb3
-		}..8fbdc4ce
+		$res..35ebca86
+		$res..21768b35
+		if (..60211b30
+		else..1b40d051
+		$cur..1072fc4d
-		$thi..2f372758
-		$res..abb4a9f5
+		$res..35ebca86
+		$res..21768b35
+	publi..003d91ed
+		$db ..142bf513
+		$whe..48167998
+		if (..2e714997
+			$wh..4fd799ba
+		}..0eaf47a6
+..a2070934
+		$sel..3fc5409d
+			->f..27f9aece
+			->j..6369493e
+				'e..7c92615a
+				'e..780f53f7
+			))..852af4b8
+			->w..555bdad3
+			->o..938916da
+			->l..6e86ee39
+		$row..9edbbfac
+..a2070934
+		retu..f3755d4c
+	}..4ac95c51
+..a2070934
+	publi..7ab97519
+		$db ..142bf513
+		$sel..3fc5409d
+			->f..27f9aece
+			->j..6369493e
+				'e..7c92615a
+				'e..780f53f7
+			))..852af4b8
+			->w..c355bde9
+			->l..87e1b003
+		$row..9edbbfac
+		retu..c1568db8
+	}..4ac95c51
+..a2070934
+	publi..a7fd68c2
+		$db ..142bf513
+		$sel..3fc5409d
+			->f..27f9aece
+			->j..6369493e
+				'e..7c92615a
+				'e..780f53f7
+			))..852af4b8
+			->w..42616647
+			->o..c3027ec5
+		$row..9edbbfac
+		retu..f3755d4c
+	}..4ac95c51
+..a2070934
-use We..8cbacddc
+use Cu..7f51529e
-	priva..af006a9d
-..55944f89
-	publi..f4d61d39
-		if (..a86aa85f
-			ret..5193303a
-		}..8fbdc4ce
-..55944f89
-		$thi..b6958d9d
-			'ti..3561ea04
-		]);..8454527a
-	}..496379a4
-..55944f89
-		$con..dc62efa1
-			'ti..acb6d93c
-		]);..8454527a
-..55944f89
-		if (..b41aab97
-			ret..1da01bb3
-		}..8fbdc4ce
-..55944f89
+		$cur..1072fc4d
-..55944f89
-		try ..96a67c0e
-			$re..969257f8
-			if ..a1081524
-			els..cde58e10
-		} ca..ebf02fa6
-			ret..1da01bb3
-		}..8fbdc4ce
+		$res..079dcc2a
+		$res..21768b35
+		if (..60211b30
+		else..1b40d051
+		$cur..1072fc4d
-		$thi..2f372758
-		$res..abb4a9f5
+		$res..079dcc2a
+		$res..21768b35