+		"af-..6c6fdf30
+		"ru-..aef9b8e2
+		"af-..c15111c4
+		"ca-..af209ebf
+		"es-..a9f28127
+		"ru-..2c5b8e52
-		"vi-..4b0fd043
+		"vi-..6163d461
+		"zz-..fae7849d
+		"ru-..8acc6fc1
+		"ru-..af7f1dba
+		"ru-..92a8ff5a
+		"ru-..fae04d54
+		"ru-..7d67f0f1
+		"af-..67260c4b
+		"ca-..6c5529df
+		"es-..bcfa55d5
+		"ru-..0d145d2d
-		"vi-..a9fc1f16
+		"vi-..cb754b30
+		"zz-..d9dc53dd
+		"ru-..c92cba92
+		"ru-..60508ec2
+		"ru-..4146d704
+		"ru-..0b4d7bae
+		"ru-..9f051f6f
+		"ru-..0c8a1698
+		"ru-..e8c31013
+		"ru-..a73b4c48
+		"af-..1bee333a
+		"ca-..a79ab5a2
+		"es-..7042310f
+		"ru-..07dc3580
-		"vi-..4b03ceba
+		"vi-..4f5213bd
+		"zz-..1306d51c
+		"af-..f16e9518
+		"ca-..8157421e
+		"es-..6fddc981
+		"ru-..7ef6e648
-		"vi-..80cadbe8
+		"vi-..0545b005
+		"zz-..e2da0287
+		"ru-..09c24fa0
+		"af-..20fbeb70
+		"ca-..b33b347d
+		"es-..88919bad
+		"ru-..f29e3ae4
-		"vi-..6b5ad535
+		"vi-..2a0cfbad
+		"zz-..74d126a3
+		"ru-..d4c82510
+		"ru-..98f93d07
-		"de-..1106c8d8
+		"de-..b8803f52
+		"ru-..5209a1ce
+		"ru-..d31f4f61
+		"ru-..1e9a5434
+		"ru-..0df2c36b
+		"ru-..ddc6d2c7
+		"ru-..9da682d4
+		"ru-..57c0e014
+		"ru-..7efd40cd
+		"ru-..afb760db
+		"ru-..a5503ad0
+		"af-..d3273d1e
+		"ca-..108d3aaa
+		"es-..e499a144
+		"ru-..a2ce80e7
-		"vi-..b2519e4e
+		"vi-..fdda92c4
+		"zz-..9e045db2
+		"ru-..d7943fb1
+		"ru-..0b2fd2ec
-		"de-..e48b908d
+		"de-..65afc465
+		"ru-..a37530b7
+		"af-..2834270d
+		"ca-..01d8db5a
+		"es-..4a81c7a7
+		"ru-..b01a9930
-		"vi-..a1ad81c0
+		"vi-..1698a9f5
+		"zz-..8e62dc11
+		"ru-..d61105b9
+		"af-..eaf8a840
+		"ca-..55a7b691
+		"es-..f7105f8f
+		"ru-..a1e677f5
-		"vi-..4df5c957
+		"vi-..acf4b75e
+		"zz-..58ad5e38
+		"ru-..638110d1
-		"de-..7d16ed91
+		"de-..a799cbe1
+		"ru-..681956d5
+		"ru-..34b46027
+		"ru-..5ffaf6d6
+		"ru-..1ac665c0
-		"de-..49f1c97d
+		"de-..0c7e429a
+		"ru-..9aad6af0
+		"af-..19019ca9
+		"ca-..362425a7
+		"es-..7f8e663b
+		"ru-..8b4b1074
-		"vi-..b09b1881
+		"vi-..f378078d
+		"zz-..8bb1c14a
+		"af-..6489784a
+		"ca-..afbf22f1
+		"es-..8a6202e9
+		"ru-..792ff46c
-		"vi-..6f5c0e57
+		"vi-..3086c60d
+		"zz-..06108e38
+		"af-..a93750ec
+		"ca-..850dc179
+		"es-..e4cb8c41
+		"ru-..37cf965a
-		"vi-..658df07e
+		"vi-..aafb4dfc
+		"zz-..2c79a9ab
+		"ru-..d31f4f61
+		"ru-..91f25e3d
+		"ru-..ade6f9d3
-		"de-..854d94c8
+		"de-..cf654ae1
+		"ru-..6aa87458
+		"af-..5148ce84
+		"ca-..c329725f
+		"es-..27f207f5
+		"ru-..57085159
-		"vi-..8d52a637
+		"vi-..8bbd85c7
+		"zz-..5876aa41
+		"ru-..0ae8d5d6
+		"ru-..e60c8ed2
+		"af-..37040e69
+		"ca-..3dc14d23
+		"es-..f4f1eade
+		"ru-..a809e9ad
-		"vi-..97f5bec0
+		"vi-..5fc16806
+		"zz-..4d1476fa
-		"de-..37a792e0
+		"de-..6916ef10
+		"ru-..a91853fc
+		"ru-..1be48e61
+		"ru-..8cd1b04d
-		"de-..015040ed
+		"de-..39bdc9f1
+		"ru-..6984c161
-		"de-..52f61bce
+		"de-..56fefbe5
+		"ru-..ca41b75c
+		"ru-..7e82d096
+		"ru-..1c5ac36b
+		"af-..84879f06
+		"ru-..f8724d5f
+		"ru-..8cddf7ce
+		"ru-..948ef0b2
-		"de-..614f4dd8
+		"de-..7f6462d4
+		"ru-..ae8dc922
+		"ru-..5977f3e2
+		"af-..dd917380
+		"ca-..43c0e50d
-		"de-..c39c2780
+		"de-..b8246fc3
+		"es-..17e92932
+		"ru-..5fd3bd56
-		"vi-..9d611dfa
+		"vi-..ce34fc2e
+		"zz-..3ce41d64
+		"af-..9b1e25f3
+		"ca-..88f283ab
+		"es-..9821fcb4
+		"ru-..a37d751f
-		"vi-..6dc576ef
+		"vi-..23ad1e73
+		"zz-..6712a873
+		"ru-..a04c99b4
+		"af-..2f27b832
+		"ca-..e050b77d
+		"es-..c5aecded
+		"ru-..151b9ac5
-		"vi-..9b1b8de3
+		"vi-..c7a8a024
+		"zz-..02cd6423
+		"ru-..05fd35de
+		"ru-..3be23951
+		"ru-..4aa272bc
-		"de-..94a73476
+		"de-..c5d70f4f
+		"ru-..059393d1
+		"af-..daf57a90
+		"ca-..fca8498a
+		"es-..4d0fd599
+		"ru-..2fe90891
-		"vi-..4ae77448
+		"vi-..4bb9243e
+		"zz-..9834d308
+		"af-..c6289123
+		"ca-..9f838e09
+		"es-..91e9dd26
+		"ru-..f50789dd
-		"vi-..2d15eedd
+		"vi-..e1f683c9
+		"zz-..6762afc6
+		"af-..2f93d6e2
+		"ca-..96e408ab
+		"es-..898b5198
+		"ru-..2268e99e
-		"vi-..d68442bb
+		"vi-..f020559f
+		"zz-..8deb6741
+		"af-..49cd815c
+		"ca-..cc88fbd3
+		"es-..cd26b40f
+		"ru-..01a0b2ed
-		"vi-..c144af1b
+		"vi-..bad6fe02
+		"zz-..9276c6ea
+		"af-..9025ec3a
+		"ca-..db26fbd3
+		"es-..3dbf0b83
+		"ru-..e3952fce
-		"vi-..2116011b
+		"vi-..7ee22b77
+		"zz-..6520cbb2
+		"af-..3e163e09
+		"ca-..a46d7ca3
+		"es-..936cce7f
+		"ru-..984a3105
-		"vi-..81db5cfa
+		"vi-..9f2ae00c
+		"zz-..a4f0bc95
+		"ru-..d89c93be
+		"ru-..50cba490
-		"de-..ae68d48c
+		"de-..84c159a6
+		"ru-..b862d27f
+		"ru-..dc5c2fb0
+		"ru-..a12decaa
-		"de-..c234555b
+		"de-..294bd35d
+		"ru-..5e6d68d8
+		"ru-..201ddbb3
+		"af-..c0f50bbb
+		"ru-..59805d88
+		"af-..c19b7fa5
+		"ru-..daeb576f
+		"ru-..42466848
+		"ru-..d64e4f76
+		"af-..437e757f
+		"ca-..c177af9d
+		"es-..6380f5cc
+		"ru-..6d8f3a75
-		"vi-..59c22743
+		"vi-..542c023d
+		"zz-..b1ae1a4d
+		"af-..ce61e94d
+		"ca-..f67262df
+		"es-..77c86317
+		"fr-..d96d7e94
+		"ru-..c115ea2c
-		"vi-..04fbb214
+		"vi-..47cb528d
+		"zz-..557f0ee6
-		"de-..622c8bb3
+		"de-..9b75ce16
+		"ru-..283d1a40
+		"ru-..455c891a
+		"af-..9600417b
+		"ru-..4fe5d222
+		"ru-..85ae332e
+		"ru-..3fba57c0
+		"ru-..044901c8
+		"ru-..a77e6106
+		"ru-..797a5aea
+		"ru-..bd717479
+		"af-..f0ffcd5d
+		"ca-..991d092e
+		"es-..32592ec2
+		"ru-..542d4a73
-		"ur-..688b65f1
+		"ur-..cd5868bc
+		"vi-..9ddca790
+		"zz-..af15ecbb
-		"de-..9bb23de1
+		"de-..a9d0a842
+		"ru-..2b2ac9cc
+		"af-..ee84a7ee
+		"ca-..3e10ee40
-		"de-..bc40150b
+		"de-..10d7ff32
+		"es-..0abdad7c
+		"ru-..76ec4a77
-		"vi-..802e4ef4
+		"vi-..03fa276c
+		"zz-..68e32cf5
+		"ru-..d6a51c4b
+		"ru-..c2309b56
+		"af-..5a3fb75d
+		"ca-..31ac83e2
-		"de-..b591cff5
+		"de-..23ebb9cf
+		"es-..e030b96d
+		"ru-..f0ea03db
-		"vi-..e5b58366
+		"vi-..dbcc80ca
+		"zz-..d2d2744a
+		"af-..cba9e2e9
+		"ca-..db855d4a
+		"es-..b65b2ace
+		"ru-..c308e38e
-		"vi-..7fa0e91b
+		"vi-..ed1792aa
+		"zz-..58246b9f
+		"af-..764078ac
+		"ca-..02a2674e
+		"es-..1397e2d3
+		"ru-..aa537760
-		"ur-..5b1795c8
+		"ur-..537c6dce
+		"vi-..8e864bb8
+		"zz-..12081722
+		"af-..488b5152
+		"ca-..749b2ce2
-		"de-..2bf09b74
+		"de-..05de9bf3
+		"es-..1f70da5e
+		"ru-..a79f6493
-		"vi-..f60ad1e4
+		"vi-..b7176bd7
+		"zz-..f143fbb6
+		"af-..1356b2a2
+		"ru-..7520e3e9
+		"af-..7b068b1a
+		"ca-..6a9c29ae
+		"es-..db5383ee
+		"ru-..65c66993
-		"vi-..69333958
+		"vi-..eb6ed8c8
+		"zz-..12f3c6b0
+		"af-..2e324a6d
+		"ca-..3a50e8cd
+		"es-..a39fd1ad
+		"ru-..57a6c7fd
-		"vi-..02c14056
+		"vi-..efcf2e27
+		"zz-..840c3b54
+		"af-..29986e6f
+		"ca-..d7d4527a
+		"es-..e8b1094c
+		"ru-..80dabe59
-		"vi-..eff95517
+		"vi-..217e628d
+		"zz-..0eb657e2
+		"af-..3566d888
-		"de-..b5232578
+		"de-..53d49915
+		"ru-..53161315
+		"ru-..bdfc6b36
+		"ca-..1f945fbb
+		"ru-..de74a968
+		"af-..56ae8454
+		"ru-..0a8bda92
+		"af-..0bb1b059
+		"ca-..cc54a552
+		"es-..f4fc7e2a
+		"ru-..4de41417
-		"vi-..eec3d0dd
+		"vi-..7682b169
+		"zz-..fee14a45
+		"af-..ec6dd7d6
+		"ca-..d6f1c181
+		"es-..a97860d4
+		"ru-..3862d179
-		"vi-..e9816853
+		"vi-..b5d16981
+		"zz-..d3f0b66e
+		"ru-..dbb841a1
+		"ru-..bfe38cc8
+		"ru-..25745440
-		"de-..f6cf63f8
+		"de-..4387de79
+		"ru-..443faed7
+		"ru-..4352bac5
+		"ru-..0cf19df7
-		"de-..c0ff54f1
+		"de-..cde1127a
+		"ru-..fae896f0
+		"ru-..097ef11f
+		"ru-..91c57810
+		"ru-..4f1873eb
+		"af-..43284168
+		"ru-..957582aa
+		"ru-..4841c457
+		"ru-..22014ae6
+		"af-..3ef17826
+		"ca-..b34b4aba
+		"es-..d6666052
+		"ru-..57482d17
-		"vi-..7f612f16
+		"vi-..6177a97b
+		"zz-..2c79a9ab
+		"ru-..f52dbe8e
+		"af-..9cd57642
+		"ru-..dc46ec9a
+		"af-..6fc8c816
+		"ca-..4474a9b5
+		"es-..2d12f27c
+		"ru-..25de8c61
-		"vi-..eee0418a
+		"vi-..e16c8190
+		"zz-..93d85f4f
+		"ru-..f471ec3f
+		"af-..5ab432d3
+		"ru-..140b1c38
-		"de-..b50832c3
+		"de-..4be45e10
+		"ru-..40fe104d
-		"de-..ac6049e6
+		"de-..1225003d
+		"ru-..fd35f2d0
-		"de-..5337833e
+		"de-..8b27d633
+		"ru-..ca916d83
-		"de-..83d44c8b
+		"de-..b63196c0
+		"ru-..c8758633
-		"de-..638495fe
+		"de-..baae29d5
+		"ru-..90e9a02d
+		"ru-..6b6bda89
+		"ru-..3aa7868a
-		"de-..3771260b
+		"de-..d55a3731
+		"ru-..ec46e5ab
-		"de-..4b774eee
+		"de-..d55a3731
+		"ru-..c70eb2ed
+		"ru-..d8a93b32
+		"ru-..7484523f
+		"ru-..97480783
-		"de-..e0f8c138
+		"de-..04954759
+		"ru-..ebe7f498
-		"de-..3e99e427
+		"de-..f844ded7
+		"ru-..116645bc
+		"af-..0895126a
+		"ca-..6b457e15
-		"de-..a5724f85
+		"de-..6486fdeb
+		"es-..3c5dd365
+		"ru-..50cba490
-		"vi-..93c45d62
+		"vi-..8d22bc6d
+		"zz-..496aed0d
+		"ru-..571b7cc4
+		"ru-..6f713bbd
+		"af-..d29edd12
+		"ca-..7017fa80
+		"es-..e8739ece
+		"ru-..cc4d28d5
-		"vi-..25379977
+		"vi-..62a8cb4f
+		"zz-..31d39ef1
+		"af-..bc70b44b
+		"ca-..fbe490c1
-		"de-..96672ab9
+		"de-..33264494
+		"es-..badcfc59
+		"ru-..3028df49
-		"vi-..eade6866
+		"vi-..6ccaeff4
+		"zz-..265535d4
+		"af-..9147d4a9
+		"ca-..6c2a6fe7
+		"es-..da3986f3
+		"ru-..4aed308f