-	publi..6119aa27
+	publi..b266f3c4
+using ..f42e66fa
-		priv..70010777
+		priv..ebc6358e
-			_va..221b009c
+			_so..d25e7f85
-			_va..221b009c
+			_so..d25e7f85
-			_va..d2faf678
+			_so..d81a0f3e
-		publ..eaeae398
+		publ..7ebbc435
-			_va..9f3af6b6
+			_so..706bdb0a
-			ret..b875a4fc
+			ret..ed537812
-			ret..d52b82d0
+			ret..2ff0978a
-			ret..e3967be5
+			ret..7df901bc
-			ret..b2b54fdb
+			ret..ee8ea28d
-			usi..e49dd02d
-			usi..5a94a7a7
-			{..be79a4a7
-				re..447a0afd
-			}..443b88c4
+			var..6f79cdf4
+			ret..7924fe46
+		}..83b49450
+..42b14528
+		priv..cd65f6e0
+		{..40a01f0a
+			buf..88eb71ba
+			ret..4dba6384