-using ..4c62a45c
+using ..dd02fed1
-		publ..f58b6414
+		publ..02576a54
-		#reg..43cfae47
+		#reg..8d874153
+		#end..cd321d5a
+..b41a3586
+		#reg..e2cdf5b8
+..b41a3586
-		/// ..6b09c53a
+		/// ..467015c0
-		/// ..f2ce01ff
+		/// ..6a4e56b7
-		/// ..6414bbb7
+		/// ..5f9ac240
-		/// ..8d72fccb
+		/// ..2ef795b6
-		/// ..337709eb
+		/// ..9e07acac
+			{..df0e3140
+			}..b0a385d5
-		/// ..2e13ad6f
+		/// ..7f199638
-		/// ..9202c965
+		/// ..c27f7efc
-		/// ..337709eb
+		/// ..9e07acac
+			{..df0e3140
+			}..b0a385d5
-		/// ..2e13ad6f
+		/// ..7f199638
-		/// ..9202c965
+		/// ..c27f7efc
-		/// ..337709eb
+		/// ..9e07acac
-		publ..6039669a
+		publ..3fbf17fb
+			Wal..3533fe1f
-			//U..6f2f76de
-			if ..fe5b64a9
-				th..4610c306
-..16014d17
-			if ..c2bdbe3f
-				th..bdd8d9ee
-..16014d17
+			if ..298d6011
+				th..46b64a5f
-				re..60ffa68d
+				re..82832120
-		publ..daa186d4
+		publ..8240893c
+			byt..2329b269
-			//U..6f2f76de
-			if ..56fa18b4
-				th..1c918bb5
+			var..67a1e7ff
+			var..1b2ccecb
+			byt..fdfe3016
+			byt..00a1539a
-			if ..c2bdbe3f
-				th..bdd8d9ee
-			//U..db9b8256
-			aes..701a6038
-			var..ff7611c0
-			usi..79a159f8
-			usi..b45314c1
-			usi..ab67a2a8
-			{..c396b131
-				ar..ceb6b2a6
-				us..342ff47a
-				us..2536aee4
-				{..a4773a7e
-					/..66b4572d
-					u..e90280a4
-						..7f99c550
-				}..885c9238
-..16014d17
-				us..0b9f844d
-				us..67008e44
-				{..a4773a7e
-					r..9e792b4c
-					r..79ce86cb
-					r..cb79bb9b
-					r..4e8143ab
-				}..885c9238
-			}..e022b79f
+			ret..9e084782
-		publ..099ac161
+		publ..54574670
+			Wal..3533fe1f
-			//U..6f2f76de
-			if ..fe5b64a9
-				th..4610c306
-..16014d17
-			if ..c2fb21e1
-				th..4e4f33df
-..16014d17
+			if ..298d6011
+				th..46b64a5f
+			{..df0e3140
+			}..b0a385d5
-				re..59858bce
+			{..df0e3140
+				re..ff2a292e
+			}..b0a385d5
-		publ..fe6cae62
+		publ..3cfb02f6
-			//B..06951e10
-			if ..56fa18b4
-				th..4a2a3c63
-..16014d17
-			if ..77a19833
-				th..4e4f33df
-..16014d17
-..16014d17
-			usi..79a159f8
-			usi..e91b0473
-			usi..a2f7fc5a
-			{..c396b131
-				us..701fe410
-				us..354a6752
-				{..a4773a7e
-					/..da846039
-					b..bd8d52a7
-						..34aa0e64
-						..d26445e9
-						..dae90b95
-					)..c4921564
-				}..885c9238
-				//..2f17d667
-				va..6246def4
-				pl..2e91c13f
-				re..3936edc0
-			}..e022b79f
+			var..f2c5f6e5
+			Arr..281375dd
+..b41a3586
+			ret..78fb5acd
-}..3c1fe82a
+}..b578e931
+++ /de..43ed4614
-﻿usi..0dccf275
-using ..4c62a45c
-using ..cc25a2b3
-..16014d17
-namesp..8e17fddb
-{..00b88318
-	publi..6172e5b8
-	{..4076d315
-		#reg..91e50b48
-..16014d17
-		priv..9d5d21d8
-		priv..ad62a641
-..16014d17
-		#end..ac7c3418
-..16014d17
-		#reg..fcbe88ee
-..16014d17
-		publ..8dd0a84a
-		{..3cf32b1c
-			_ar..740f0740
-		}..9f641a9d
-..16014d17
-		publ..1db1a646
-		{..3cf32b1c
-			_bu..0cd0f667
-		}..9f641a9d
-..16014d17
-		#end..ac7c3418
-..16014d17
-		#reg..1cad289e
-..16014d17
-		publ..213ba8b8
-..16014d17
-		publ..201d15b6
-..16014d17
-		publ..126de0c3
-..16014d17
-		publ..6b893fcb
-..16014d17
-		publ..01d28ae4
-..16014d17
-		#end..ac7c3418
-..16014d17
-		#reg..43cfae47
-..16014d17
-		publ..56a5da42
-		{..3cf32b1c
-			_bu..19561ff0
-		}..9f641a9d
-..16014d17
-		publ..047b626e
-		{..3cf32b1c
-			ret..cfd2d6a4
-		}..9f641a9d
-..16014d17
-		publ..7b0d570e
-		{..3cf32b1c
-		}..9f641a9d
-..16014d17
-		publ..3c497442
-		{..3cf32b1c
-			if ..c07897e9
-				th..890fda13
-			var..ef57760c
-			if ..4a21c430
-				by..6dc2ec6f
-			if ..1fd943ff
-				re..74742c79
-			var..838fba0e
-			whi..6bd92a70
-				bu..463566ef
-			Pos..40807ecf
-			ret..9534d1ff
-		}..9f641a9d
-..16014d17
-		publ..0e456859
-		{..3cf32b1c
-			thr..5200e448
-		}..9f641a9d
-..16014d17
-		publ..781aa2f6
-		{..3cf32b1c
-			thr..5200e448
-		}..9f641a9d
-..16014d17
-		publ..e137303f
-		{..3cf32b1c
-			var..465778b9
-			if ..661875ce
-				th..c89ffda7
-			var..395bca07
-			whi..839c016e
-			{..c396b131
-				_b..87f9de5d
-				++..4e1f49f2
-			}..e022b79f
-			Pos..67ee8dfa
-		}..9f641a9d
-..16014d17
-		#end..ac7c3418
-	}..a52d5973
-}..3c1fe82a