-			"Wa..cf1780a3
-			"Wa..10c0c10a
+			"Wa..33ea4029
-	DEFAU..867f5672
+	DEFAU..dd6a0a19
+..a2070934
+-- ---..1e8a8529
+-- ser..f29247c2
+..a2070934
+DROP T..d27648ba
+CREATE..b4100c8f
+	`serv..dbdf9342
+	`oper..93e821af
+	PRIMA..1b9c331b
+)..1df15b19
+	ENGIN..d24c0074
+	DEFAU..dd6a0a19
+..a2070934
+INSERT..362b3643
+	('eth..3bf98b23
+	('bit..620dfae4
+	('lit..2cd29e7d
-..55944f89
-// Com..9ccb3850
+use Wa..84f7b469
+..a2070934
+// Acc..2abcb3af
+// Fal..ca5ef85e
+$baseC..adbafb97
+if (in..f1561129
+	$db =..ed40b0e8
+	$sele..8f7ffee3
+		->fr..d8244bd3
+		->wh..7e1c89f0
+	$serv..1466eaf9
+	if ($..09909cf7
+		$bas..d292d301
+	}..4ac95c51
+}..2701695a
+..a2070934
-$serve..7aed3665
+$serve..3d440c7f
--- /de..1cf1a567
+<?php..911ccde1
+requir..601cdf57
+..a2070934
+use Wa..6bf9b9b5
+use Wa..84f7b469
+..a2070934
+// tes..37dde0a4
+$ether..e2e991b0
+$ether..5d7018c3
+Db::up..b3c0a2d0
+..a2070934
+// tes..ede489b0
+..a2070934
+// tes..3cf5d611
+use Wa..60d74bf5
-class ..1db0f5aa
+class ..857edfdb
-	/**..441a7919
-	 * Ge..48ec9fec
-	 *..763bd555
-	 * @p..9bec6cb2
-	 * @p..c7a7af44
-	 * @p..7234ac77
-	 * @p..d60c0ed6
-	 * @r..139bdb21
-	 */..69640813
-	/**..441a7919
-	 * Ge..885ddc94
-	 *..763bd555
-	 * @p..ad6b6a34
-	 * @r..139bdb21
-	 */..69640813
-	/**..441a7919
-	 * Ge..77b70423
-	 *..763bd555
-	 * @p..3966d561
-	 * @r..911bff05
-	 */..69640813
-	/**..441a7919
-	 * Se..69284e7f
-	 *..763bd555
-	 * @p..91d87190
-	 */..69640813
-use Cu..6b9c8e09
+use Wa..0487c4c9
-class ..c91023e2
+class ..358bfb7f
-	/**..441a7919
-	 * Ge..48ec9fec
-	 *..763bd555
-	 * @p..ad6b6a34
-	 * @p..c7a7af44
-	 * @p..6cd04b30
-	 * @p..d60c0ed6
-	 * @p..507db763
-	 * @p..d3235433
-	 * @r..ef620953
-	 * @t..4877c320
-	 */..69640813
-	/**..441a7919
-	 * Ge..ab25b207
-	 *..763bd555
-	 * @p..ad6b6a34
-	 * @r..ef620953
-	 */..69640813
-	/**..441a7919
-	 * Ge..7eff9a07
-	 *..763bd555
-	 * @p..3966d561
-	 * @r..8c1fc15a
-	 */..69640813
-	/**..441a7919
-	 * Ge..3b78b9b2
-	 *..763bd555
-	 * @p..ad6b6a34
-	 * @p..d3235433
-	 * @r..e4922a76
-	 */..69640813
-	/**..441a7919
-	 * Ge..34b35b66
-	 *..763bd555
-	 * @r..1a25d33e
-	 */..69640813
-	/**..441a7919
-	 * Es..ebb9dbe1
-	 *..763bd555
-	 * @p..24dcaa48
-	 * @r..4af2f934
-	 */..69640813
-	/**..441a7919
-	 * Ge..da8025e7
-	 *..763bd555
-	 * @p..ad6b6a34
-	 * @r..4af2f934
-	 */..69640813
-	/**..441a7919
-	 * Ge..77b70423
-	 *..763bd555
-	 * @p..3966d561
-	 * @r..4af2f934
-	 */..69640813
-	/**..441a7919
-	 * Se..69284e7f
-	 *..763bd555
-	 * @p..91d87190
-	 * @r..4af2f934
-	 */..69640813
-	/**..441a7919
-	 * Ge..ed33e515
-	 *..763bd555
-	 * @r..4af2f934
-	 */..69640813
--- /de..1cf1a567
+<?php..911ccde1
+namesp..da5c697f
+..a2070934
+use Wa..e5682b25
+use Wa..174cf564
+use Cu..7f51529e
+use Wa..60d74bf5
+..a2070934
+class ..857edfdb
+	priva..0d343049
+	priva..b5716a07
+..a2070934
+	publi..7f5c4759
+		if (..918a4f8f
+			$th..e63b4c30
+		}..0eaf47a6
+	}..4ac95c51
+..a2070934
+	publi..e2636f6b
+		$add..ea6593f3
+		$key..f657d863
+		$cac..8c306295
+		if (..3078b85b
+			ret..a083d26c
+		}..0eaf47a6
+..a2070934
+		$cur..947aee09
+		$url..88a136f5
+		$res..875c7bbd
+		$res..21768b35
+		$blo..bd638d35
+..a2070934
+		$blo..02af3455
+		fore..9e4083a3
+			$fr..963494c1
+			for..54258293
+				$f..25e4b501
+					'..85ab4630
+					'..a920fe5c
+				);..d279ee59
+			}..d7e1fccc
+..a2070934
+			$to..8afa44c4
+			for..87c7c0c6
+				$t..a9d020f4
+					'..a38d88f0
+					'..3cf9b4ca
+				);..d279ee59
+			}..d7e1fccc
+..a2070934
+			$bl..cdee3fed
+				'b..d928688d
+				'b..497a004f
+				'b..98549022
+				'f..134ee0b5
+				't..f0f7c41f
+				's..bb392a37
+				'v..4429a05f
+				't..3cc283e3
+				'f..a25721ce
+			);..435a2205
+		}..0eaf47a6
+..a2070934
+		Cach..8d892cb8
+		retu..2c663400
+	}..4ac95c51
+..a2070934
+	publi..687cb973
+		$key..f4481d79
+		$cac..8c306295
+		if (..3078b85b
+			ret..a083d26c
+		}..0eaf47a6
+..a2070934
+		$cur..947aee09
+		$url..32f4415a
+		$res..875c7bbd
+		$bal..c1911765
+..a2070934
+		Cach..a69b28b2
+		retu..c3d488cf
+	}..4ac95c51
+..a2070934
+	publi..a11a6b27
+		$key..199f2ece
+		$cac..8c306295
+		if (..3078b85b
+			ret..a083d26c
+		}..0eaf47a6
+..a2070934
+		$cur..947aee09
+		$url..17fc4e52
+		$res..875c7bbd
+		$tx ..c25ac3db
+..a2070934
+		$fro..4707a5c3
+		fore..4a118f39
+			$fr..50d32aec
+				'a..32d21095
+				'v..7469aa2c
+			);..435a2205
+		}..0eaf47a6
+..a2070934
+		$val..7098f82b
+		$to ..049f3238
+		fore..6442247f
+			$to..c69ed6d0
+				'a..2b36cf29
+				'v..f1675533
+			);..435a2205
+..a2070934
+			$va..d55418ae
+		}..0eaf47a6
+..a2070934
+		$blo..b940e2a7
+			'ha..6103053e
+			'bl..d1b8d6d0
+			'bl..2ab5beab
+			'ti..3b84728e
+			'si..75fec2cd
+			'va..5ee4f78a
+			'to..234d2eaf
+			'fr..8cbe618d
+		);..b567ceed
+..a2070934
+		Cach..2ab47d2d
+		retu..fbb1619d
+	}..4ac95c51
+..a2070934
+	publi..8f0c78f6
+		$cur..947aee09
+		$cur..822bac79
+			'tx..fce51e31
+		));..ece600d9
+	}..4ac95c51
+}..2701695a
--- /de..1cf1a567
+<?php..911ccde1
+namesp..da5c697f
+..a2070934
+use Wa..e5682b25
+use Wa..c424e25c
+use Wa..174cf564
+use Wa..c55a182e
+use Wa..0487c4c9
+..a2070934
+class ..358bfb7f
+	priva..0d343049
+	priva..8d8b6838
+	priva..63eae1cc
+..a2070934
+	publi..7f5c4759
+		if (..918a4f8f
+			$th..e63b4c30
+		}..0eaf47a6
+	}..4ac95c51
+..a2070934
+	priva..2e1a270e
+		$par..cbb71512
+		retu..f6004612
+	}..4ac95c51
+..a2070934
+	publi..77a617e4
+		$key..ad00a742
+		$cac..8c306295
+		if (..3078b85b
+			ret..a083d26c
+		}..0eaf47a6
+..a2070934
+		// v..0308002a
+		if (..39ad96fc
+			thr..8b3a90be
+		}..0eaf47a6
+..a2070934
+		$sta..42876636
+		$end..72da0f61
+		if (..7f026642
+			if ..dcf458fe
+			els..56e6ab63
+		}..0eaf47a6
+..a2070934
+		$tra..40324f54
+		if (..8d9c9f21
+			$ac..beac0735
+			if ..b737b9b1
+				$a..57bd2ec2
+			}..d7e1fccc
+..a2070934
+			$re..dc178ed8
+				's..4b94031f
+				'e..66bdd64e
+				'p..3ccaecfb
+				's..3fb44819
+				'o..154c5c2e
+				'a..002b0d7e
+			)))..b77b4136
+..a2070934
+			$tr..08ae7484
+		} el..5034d183
+			$to..601df253
+			$pa..c71ec157
+				'f..f73258d2
+				't..8e7cb8c9
+				't..96e100f0
+					a..32081a8d
+					a..75416a74
+				)..6f2b0a9c
+			);..435a2205
+..a2070934
+			if ..4e9041f6
+				$p..c7632acb
+			}..d7e1fccc
+..a2070934
+			$et..90ea7025
+			$lo..4cbcf70f
+..a2070934
+			if ..60137887
+				$l..6212f732
+			}..d7e1fccc
+..a2070934
+			$tr..b158706c
+			$ad..9d643eab
+			for..0a6070d7
+				if..6aa7e044
+					b..da83462e
+				}..82d53f23
+..a2070934
+				$t..d8554f2e
+				$t..c778e957
+				$t..004339af
+..a2070934
+				$a..e24109c9
+			}..d7e1fccc
+		}..0eaf47a6
+..a2070934
+		$tra..d7c0a082
+		fore..1c13da05
+			$tr..cbfc319d
+				'b..8ae6ee8a
+				't..4d787ac9
+				'h..6d070663
+				'f..22edd935
+				't..14a321ff
+				'v..2be0cacf
+				'g..be7f45fc
+				'i..9b563443
+				'e..9d52dbc9
+				'i..dd10bbf9
+				'g..d97c5753
+				'c..bc123d67
+				'n..07344df8
+				'g..faa63090
+				'c..a62aa971
+				'c..9826ed7a
+				't..39e0d1c7
+			);..435a2205
+..a2070934
+			if ..7faeec20
+				$s..f7e2f727
+				if..32500cec
+					$..3a64ea16
+				}..82d53f23
+			}..d7e1fccc
+..a2070934
+			$tr..84ced0a5
+		}..0eaf47a6
+..a2070934
+		Cach..a5844bd2
+		retu..df44a490
+	}..4ac95c51
+..a2070934
+	publi..10a1f568
+		$key..ab2ef67e
+		$cac..8c306295
+		if (..3078b85b
+			ret..a083d26c
+		}..0eaf47a6
+..a2070934
+		// v..0308002a
+		if (..39ad96fc
+			thr..ee96fd5b
+		}..0eaf47a6
+..a2070934
+		$mod..3461a9fc
+		$bal..41b7dce2
+..a2070934
+		$bal..f11d6bca
+			'et..49c2e169
+		);..b567ceed
+..a2070934
+		Cach..94f820f0
+		retu..d12cac4f
+	}..4ac95c51
+..a2070934
+	publi..c5bd63d1
+		$res..d4e7b3b0
+		retu..adb7a7d5
+	}..4ac95c51
+..a2070934
+	publi..6e44e4e6
+		$key..4728a0b0
+		$cac..8c306295
+		if (..3078b85b
+			ret..a083d26c
+		}..0eaf47a6
+..a2070934
+		// v..0308002a
+		if (..39ad96fc
+			thr..ee96fd5b
+		}..0eaf47a6
+..a2070934
+		$mod..3461a9fc
+		if (..a195ca7b
+			$re..adc7f74a
+				'c..43350a4b
+				'a..002b0d7e
+				't..596f998e
+			)))..b77b4136
+..a2070934
+			$ba..03f5649b
+		} el..6884b41c
+			$ba..3549e20c
+			$ba..c07654b9
+			$ba..37122a18
+		}..0eaf47a6
+..a2070934
+		Cach..a69b28b2
+		retu..c3d488cf
+	}..4ac95c51
+..a2070934
+	publi..cd00cf7d
+		$key..6ee6c497
+		$cac..8c306295
+		if (..3078b85b
+			ret..a083d26c
+		}..0eaf47a6
+..a2070934
+		$mod..3461a9fc
+		$pri..ec5e1857
+		$pri..00dd692d
+		Cach..3219a938
+		retu..78429f97
+	}..4ac95c51
+..a2070934
+	publi..01e0f5cc
+		$key..afbe418a
+		$cac..8c306295
+		if (..3078b85b
+			ret..a083d26c
+		}..0eaf47a6
+..a2070934
+		$mod..3461a9fc
+		$val..a49fcfd2
+		$val..e7a7fed8
+		Cach..3dcac6c8
+		retu..07226100
+	}..4ac95c51
+..a2070934
+	publi..a99e952b
+		$key..0fcca2e8
+		$cac..8c306295
+		if (..3078b85b
+			ret..a083d26c
+		}..0eaf47a6
+..a2070934
+		// v..0308002a
+		if (..39ad96fc
+			thr..ee96fd5b
+		}..0eaf47a6
+..a2070934
+		$mod..3461a9fc
+		$val..7c03649c
+		$val..e7a7fed8
+		Cach..3dcac6c8
+		retu..07226100
+	}..4ac95c51
+..a2070934
+	publi..a11a6b27
+		$key..466a42e3
+		$cac..8c306295
+		if (..3078b85b
+			ret..a083d26c
+		}..0eaf47a6
+..a2070934
+		$mod..3461a9fc
+		$blo..1ce0b8c3
+..a2070934
+		$res..b1c250df
+			'bl..8978de0c
+			'bl..ef62fd7b
+			'ha..c8cdb58b
+			'fr..8f1cf90f
+			'to..7ae54b60
+			'er..7398b613
+			'va..c6d37fe9
+			'ga..365c0fd6
+			'is..d3b678b7
+			'in..ba1da181
+			'no..0bc917cb
+			'ga..af000348
+			'tr..83899898
+		);..b567ceed
+..a2070934
+		if (..1002aa55
+			$st..49fa299a
+			if ..419a91d1
+				$r..3b29bc7d
+			}..d7e1fccc
+		}..0eaf47a6
+..a2070934
+		Cach..b01baed4
+		retu..6f2e6d72
+	}..4ac95c51
+..a2070934
+	publi..8f0c78f6
+		$mod..3461a9fc
+		retu..794f5382
+	}..4ac95c51
+..a2070934
+	publi..5c03d451
+		$mod..3461a9fc
+		retu..257b4896
+	}..4ac95c51
+}..2701695a
--- /de..1cf1a567
+<?php..911ccde1
+namesp..da5c697f
+..a2070934
+use Wa..e5682b25
+use Wa..174cf564
+use Cu..7f51529e
+use Wa..6f29ac83
+..a2070934
+class ..c894ba10
+	priva..0d343049
+	priva..ecab453b
+	priva..651a6603
+..a2070934
+	publi..7f5c4759
+		if (..918a4f8f
+			$th..e63b4c30
+		}..0eaf47a6
+	}..4ac95c51
+..a2070934
+	publi..68f504c7
+		$key..8fcff2eb
+		$cac..8c306295
+		if (..502835ee
+			ret..a083d26c
+		}..0eaf47a6
+..a2070934
+		$ext..fc2d83b8
+		if (..1dda67b7
+			if ..60137887
+				$e..23c1cc43
+			} e..2a3da38c
+				$e..8f796b38
+			}..d7e1fccc
+		}..0eaf47a6
+..a2070934
+		$cur..947aee09
+		$url..a0d721eb
+		$res..875c7bbd
+		$res..21768b35
+		$blo..bd638d35
+..a2070934
+		$blo..02af3455
+		fore..9e4083a3
+			$bl..cdee3fed
+				'b..7d4a9548
+				'b..497a004f
+				'b..2c540d59
+				'a..68e18ff0
+				't..f829caf7
+				'f..a7ecd830
+				'i..9d9f931f
+				'o..cbacf6cb
+				'r..e69958c1
+				'c..a51853e8
+				'h..d9b657a6
+				's..bb392a37
+			);..435a2205
+		}..0eaf47a6
+..a2070934
+		Cach..8d892cb8
+		retu..2c663400
+	}..4ac95c51
+..a2070934
+	publi..687cb973
+		$cur..947aee09
+		$key..d804f29d
+		$cac..8c306295
+		if (..502835ee
+			ret..a083d26c
+		}..0eaf47a6
+..a2070934
+		$url..fe1b43a1
+		$res..875c7bbd
+		$res..21768b35
+		$bal..96fabeae
+..a2070934
+		Cach..a69b28b2
+		retu..c3d488cf
+	}..4ac95c51
+..a2070934
+	publi..a11a6b27
+		$key..c3c54dac
+		$cac..8c306295
+		if (..502835ee
+			ret..a083d26c
+		}..0eaf47a6
+..a2070934
+		$cur..947aee09
+		$url..30a75409
+		$res..875c7bbd
+		$res..21768b35
+		Cach..f4552474
+		retu..f5d52b82
+	}..4ac95c51
+..a2070934
+	publi..8f0c78f6
+		$cur..947aee09
+		$cur..3ab2a469
+			'tx..fce51e31
+		));..ece600d9
+	}..4ac95c51
+}..2701695a
--- /de..1cf1a567
+<?php..911ccde1
+namesp..18e233d4
+..a2070934
+interf..2f06a007
+	/**..b590812c
+	 * Ge..4f1e3039
+	 *..23ce8dd6
+	 * @p..b22787d5
+	 * @p..307d4627
+	 * @p..07bba70a
+	 * @p..fe1e55d1
+	 * @r..bc8e478d
+	 */..d99d09fb
+	publi..6102e055
+..a2070934
+	/**..b590812c
+	 * Ge..7b2fb38c
+	 *..23ce8dd6
+	 * @p..a65e57b2
+	 * @r..bc8e478d
+	 */..d99d09fb
+	publi..d2c86c22
+..a2070934
+	/**..b590812c
+	 * Ge..3352346e
+	 *..23ce8dd6
+	 * @p..0c797802
+	 * @r..d06093c0
+	 */..d99d09fb
+	publi..c6904169
+..a2070934
+	/**..b590812c
+	 * Se..4d9d6b89
+	 *..23ce8dd6
+	 * @p..db8ffea4
+	 */..d99d09fb
+	publi..3a615d5e
+}..2701695a
--- /de..1cf1a567
+<?php..911ccde1
+namesp..18e233d4
+..a2070934
+interf..0dfa7723
+	/**..b590812c
+	 * Ge..4f1e3039
+	 *..23ce8dd6
+	 * @p..a65e57b2
+	 * @p..307d4627
+	 * @p..02bd832a
+	 * @p..fe1e55d1
+	 * @p..e26f6e69
+	 * @p..efea459e
+	 * @r..546f60ea
+	 * @t..5abec429
+	 */..d99d09fb
+	publi..9f64f439
+..a2070934
+	/**..b590812c
+	 * Ge..18ec5aee
+	 *..23ce8dd6
+	 * @p..a65e57b2
+	 * @r..546f60ea
+	 */..d99d09fb
+	publi..89b98dd7
+..a2070934
+	/**..b590812c
+	 * Ge..686ed73b
+	 *..23ce8dd6
+	 * @p..0c797802
+	 * @r..1a2d9eae
+	 */..d99d09fb
+	publi..b6ac7d99
+..a2070934
+	/**..b590812c
+	 * Ge..f442afe8
+	 *..23ce8dd6
+	 * @p..a65e57b2
+	 * @p..efea459e
+	 * @r..7553854f
+	 */..d99d09fb
+	publi..6377393c
+..a2070934
+	/**..b590812c
+	 * Ge..c91a63ae
+	 *..23ce8dd6
+	 * @r..7271bfe3
+	 */..d99d09fb
+	publi..79a8d4a7
+..a2070934
+	/**..b590812c
+	 * Es..35fcc21c
+	 *..23ce8dd6
+	 * @p..9e4e6a73
+	 * @r..9d4b7061
+	 */..d99d09fb
+	publi..531ec9e3
+..a2070934
+	/**..b590812c
+	 * Ge..c27de870
+	 *..23ce8dd6
+	 * @p..a65e57b2
+	 * @r..9d4b7061
+	 */..d99d09fb
+	publi..13a5205e
+..a2070934
+	/**..b590812c
+	 * Ge..3352346e
+	 *..23ce8dd6
+	 * @p..0c797802
+	 * @r..9d4b7061
+	 */..d99d09fb
+	publi..c6904169
+..a2070934
+	/**..b590812c
+	 * Se..4d9d6b89
+	 *..23ce8dd6
+	 * @p..db8ffea4
+	 * @r..9d4b7061
+	 */..d99d09fb
+	publi..3a615d5e
+..a2070934
+	/**..b590812c
+	 * Ge..0475796d
+	 *..23ce8dd6
+	 * @r..9d4b7061
+	 */..d99d09fb
+	publi..8ae6c485
+}..2701695a
--- /de..1cf1a567
+<?php..911ccde1
+namesp..18e233d4
+..a2070934
+interf..e3154204
+	/**..b590812c
+	 * Ge..4f1e3039
+	 *..23ce8dd6
+	 * @p..a65e57b2
+	 * @p..307d4627
+	 * @p..b008621a
+	 * @p..fe1e55d1
+	 * @r..bc8e478d
+	 */..d99d09fb
+	publi..011ac074
+..a2070934
+	/**..b590812c
+	 * Ge..7b2fb38c
+	 *..23ce8dd6
+	 * @p..a65e57b2
+	 * @r..bc8e478d
+	 */..d99d09fb
+	publi..d2c86c22
+..a2070934
+	/**..b590812c
+	 * Ge..3352346e
+	 *..23ce8dd6
+	 * @p..0c797802
+	 * @r..d06093c0
+	 */..d99d09fb
+	publi..c6904169
+..a2070934
+	/**..b590812c
+	 * Se..4d9d6b89
+	 *..23ce8dd6
+	 * @p..db8ffea4
+	 */..d99d09fb
+	publi..3a615d5e
+}..2701695a
+use Wa..6f29ac83
-class ..f872373f
+class ..c894ba10
+	priva..0d343049
-	/**..441a7919
-	 * Ge..48ec9fec
-	 *..763bd555
-	 * @p..ad6b6a34
-	 * @p..c7a7af44
-	 * @p..4b685dd1
-	 * @p..d60c0ed6
-	 * @r..139bdb21
-	 */..69640813
+	publi..7f5c4759
+		if (..918a4f8f
+			$th..e63b4c30
+		}..0eaf47a6
+	}..4ac95c51
+..a2070934
-	/**..441a7919
-	 * Ge..885ddc94
-	 *..763bd555
-	 * @p..ad6b6a34
-	 * @r..139bdb21
-	 */..69640813
-	/**..441a7919
-	 * Ge..77b70423
-	 *..763bd555
-	 * @p..3966d561
-	 * @r..911bff05
-	 */..69640813
-	/**..441a7919
-	 * Se..69284e7f
-	 *..763bd555
-	 * @p..91d87190
-	 */..69640813
-	publi..6f8d2517
+	publi..65dbabb3
-			sel..a94dbfed
+			sel..7aae84be
+..a2070934
+	publi..e287a138
+		$db ..19997bf6
+		$ins..b4914a06
+		$ins..373f097b
+		self..95c83d6a
+	}..4ac95c51
+..a2070934
+	publi..aad9d270
+		$row..d279ba99
+		retu..f3755d4c
+	}..4ac95c51
+..a2070934
+	publi..9dfb30c6
+		$row..d279ba99
+		retu..00cc4f01
+	}..4ac95c51
+..a2070934
+	publi..2efd4c6f
+		$db ..19997bf6
+		$sql..394f0e75
+		$sql..86090d6e
+		$sql..e8ae1a32
+		self..5cba50a2
+	}..4ac95c51
-use Wa..b16ec5f5
-use Wa..febff2b5
+use Ze..d793274d
+use We..3306c388
-	publi..c02b5145
-		$thi..ad9d6f28
-		$con..db3ebec4
+	priva..c2eb36bd
+..a2070934
+	publi..8fb649fb
+		if (..58c26750
+			ret..c1a36ff7
+		}..0eaf47a6
+..a2070934
+		$thi..bab6ac4a
+			'ti..6a330f2b
+		]);..2b473ebe
-		$res..6b56c363
-		die(..a36cdf60
+		$con..ba669d43
+			'ti..3140aaa4
+		]);..2b473ebe
+..a2070934
+		if (..db7241d6
+			ret..edac3fac
+		}..0eaf47a6
+..a2070934
+		$msg..bf4b942a
+		try ..3dc823e4
+			$re..7eaca3ef
+			if ..82895820
+			els..d34b3e1b
+		} ca..ccd60c3e
+			ret..edac3fac
+		}..0eaf47a6
-		$res..1a3ad82a
+		$msg..5fc00b72
+		$thi..a7560f96
+		$res..615ab71d
+++ /de..e6ac7633
-<?php..d091928d
-namesp..74e689f6
-..55944f89
-use Ze..ffbb49d0
-use We..8cbacddc
-use Wa..c0b76da3
-..55944f89
-class ..023bcfbd
-	prote..2c6c9375
-..55944f89
-	publi..b9eb8f15
-		$thi..6787849b
-			'ti..3561ea04
-		]);..8454527a
-	}..496379a4
-..55944f89
-	publi..5dfc6db9
-..55944f89
-	}..496379a4
-..55944f89
-	publi..cec14a35
-		$msg..1e614faf
-			'js..af06f154
-			'me..479861e2
-			'pa..72d57cdd
-			'id..202bc519
-		]);..8454527a
-..55944f89
-		$thi..58dfdda2
-		retu..5e543ac8
-	}..496379a4
-}..30264486
+++ /de..e6ac7633
-<?php..d091928d
-namesp..74e689f6
-..55944f89
-interf..35b8eba0
-	publi..687baa8a
-..55944f89
-	publi..ebfc64a7
-..55944f89
-	publi..cbd0d756
-}..30264486
+use Ze..d793274d
+	publi..6b1c8d92
+		retu..f75ea123
+			'js..fb947b66
+			'me..3c9a09cb
+			'pa..c72496b9
+			'id..db9d37e8
+		]);..2b473ebe
+	}..4ac95c51
+..a2070934