-    <o..fdba2629
+  <con..fa26a151
+    <e..e965a8e0
+      ..ec50a0ae
+      ..eb9d2cdf
+      ..f5349c33
+      ..ec50a0ae
+      ..5194a90f
+      ..f5349c33
+      ..ec50a0ae
+      ..e994f758
+      ..f5349c33
+      ..ec50a0ae
+      ..ca42e98a
+      ..f5349c33
+      ..ec50a0ae
+      ..46c4767f
+      ..f5349c33
+      ..ec50a0ae
+      ..874eb564
+      ..f5349c33
+      ..ec50a0ae
+      ..9c0aae3d
+      ..f5349c33
+      ..ec50a0ae
+      ..6e85488d
+      ..f5349c33
+    </..08b633b2
+  </co..84c2cb7a