-		$blo..b91f3887
+		$tra..40324f54
-			$bl..029e629d
+			$tr..08ae7484
-			$bl..dc18b118
+			$tr..b158706c
-				$b..9ed9c080
+				$t..d8554f2e
+				$t..c778e957
+				$t..004339af
+..a2070934
-		$blo..d2b91c5d
-		fore..d66baf4b
-			$bl..0c25c9dc
-				'b..9db5a3a7
-				't..e337ee9e
-				'h..f6a868e5
-				'f..21e7b013
-				't..67d31288
-				'v..f4f4608f
-				'g..4978ea34
-				'i..35a3e05e
+		$tra..d7c0a082
+		fore..1c13da05
+			$tr..cbfc319d
+				'b..8ae6ee8a
+				't..4d787ac9
+				'h..6d070663
+				'f..22edd935
+				't..14a321ff
+				'v..2be0cacf
+				'g..be7f45fc
+				'i..9b563443
-				'i..95fe8d86
-				'g..8f290a36
-				'c..53a3d04e
-				'n..04bd0036
-				'g..2a06d1ab
-				'c..35fb5b83
-				'c..3c7fc38b
-				't..e1659447
+				'i..dd10bbf9
+				'g..d97c5753
+				'c..bc123d67
+				'n..07344df8
+				'g..faa63090
+				'c..a62aa971
+				'c..9826ed7a
+				't..39e0d1c7
-			if ..70a8920c
-				$s..ff2936a8
+			if ..7faeec20
+				$s..f7e2f727
-					$..e6e82796
+					$..3a64ea16
-			$bl..d73e160b
+			$tr..84ced0a5
-		Cach..f096cc95
-		retu..3084c33a
+		Cach..a5844bd2
+		retu..df44a490
-			'bl..d9c015b5
-			'ti..c98d039b
-			'ha..0db74430
-			'fr..2107cac1
-			'to..0c2f1878
-			'va..810db3e4
-			'ga..c0415e9f
-			'is..9c547d8b
+			'bl..8978de0c
+			'bl..ef62fd7b
+			'ha..c8cdb58b
+			'fr..8f1cf90f
+			'to..7ae54b60
-			'in..523ce004
-			'ga..fbd85a8c
-			'co..3a9c2354
-			'no..b4afc48e
-			'ga..a4da42c8
-			'co..2135c967
-			'cu..eca185a6
-			'tr..4464cf32
+			'va..c6d37fe9
+			'ga..365c0fd6
+			'is..d3b678b7
+			'in..ba1da181
+			'no..0bc917cb
+			'ga..af000348
+			'tr..83899898