-CREATE..8cec3cea
-USE en..d7dd661b
+CREATE..bc280f16
+USE `e..226addfc
+..a2070934
+-- ---..1e8a8529
+-- Mar..23657f12
+DROP T..43a58320
+CREATE..3a25f407
+	`mark..f9c2c9c0
+	`exch..db1c4d01
+	PRIMA..439dac35
+)..1df15b19
+	ENGIN..d24c0074
+	DEFAU..dd6a0a19
-DROP T..92de7df0
-CREATE..f8ba034b
-  `tim..6c534147
-  `val..494af3ad
-  PRIM..68312a9c
+DROP T..f07d588d
+CREATE..c3cc7b5a
+	`time..2113ea1b
+	`valu..687bfafa
+	PRIMA..396a3cd4
-  ENGI..05608a2c
-  DEFA..22e4e44f
+	ENGIN..d24c0074
+	DEFAU..dd6a0a19
-DROP T..73ceefd0
-CREATE..2d42c26b
-  numb..c7953a4b
-  time..403e4de2
-  tran..a381652e
-  hash..c008e831
-  pare..8da029d8
-  nonc..405d506f
-  sha3..45f076fa
-  logs..f3aa00a1
-  tran..0447b050
-  stat..44723f99
-  mine..ea862e46
-  diff..38640c03
-  tota..63a45cd9
-  extr..9e649382
-  size..5a781cad
-  gas_..cbf74950
-  gas_..296c33fc
-  PRIM..1fcf509f
-  INDE..5d0f1c65
+DROP T..0ccdb7dc
+CREATE..4ffe6fef
+	`numb..6a81c023
+	`time..7e05a91a
+	`tran..209817d8
+	`hash..9a36055a
+	`pare..0bf1fe91
+	`nonc..7f443af0
+	`sha3..ca64abb7
+	`logs..a8da90ef
+	`tran..c84a0a6d
+	`stat..2be23f68
+	`mine..df99136d
+	`diff..48afd3d3
+	`tota..27498f14
+	`extr..c96ad147
+	`size..f3bc5dba
+	`gas_..70d02a6d
+	`gas_..8aceae5b
+	PRIMA..dba0102c
+	INDEX..eb5fc3d0
-  ENGI..05608a2c
-  DEFA..22e4e44f
+	ENGIN..d24c0074
+	DEFAU..dd6a0a19
-DROP T..5bb0d2fc
-CREATE..48e0fb79
-  hash..6ae397af
-  nonc..87b4e9ab
-  bloc..911e9114
-  bloc..43872d35
-  tran..00b86abc
-  `fro..ea18127c
-  `to`..5d14973e
-  valu..e83c99f9
-  gas ..3c29704a
-  gas_..303e9fd8
-  inpu..89992ffe
-  PRIM..1a66cfb3
-  INDE..f51c93bd
+DROP T..e1a9baba
+CREATE..bf097732
+	`hash..9a36055a
+	`nonc..7f443af0
+	`bloc..47933294
+	`bloc..8ea8ab89
+	`tran..8d417b6e
+	`from..7da5bc74
+	`to` ..5bca02d6
+	`valu..f06ae6bb
+	`gas`..adc7de65
+	`gas_..5c5bbad4
+	`inpu..d9d79da1
+	PRIMA..a5f9420c
+	INDEX..26333ea5
-  ENGI..05608a2c
-  DEFA..22e4e44f
+	ENGIN..d24c0074
+	DEFAU..dd6a0a19
--- /de..1cf1a567
+<?php..911ccde1
+requir..601cdf57
+..a2070934
+use Wa..84f7b469
+use Wa..b2c3fcdc
+..a2070934
+$model..87954579
+$excha..efe6994b
+..a2070934
+$marke..788fb5e0
+$impor..c6ca82d4
+foreac..e43a8ea3
+	$mode..922aae01
+	try {..c3e145bf
+		$mar..8b1640ca
+	} cat..9fa0a516
+		cont..ca197c7c
+	}..4ac95c51
+..a2070934
+	forea..b4fc28b8
+		if (..b35aa6e1
+			$ma..3e3154d3
+		}..0eaf47a6
+	}..4ac95c51
+}..2701695a
+++ /de..e6ac7633
-<?php..d091928d
-requir..85cf1df6
-..55944f89
-use Am..41276706
-use En..0bb3fffc
-use En..8339aff6
-use En..9d1434e6
-use En..ec806721
-..55944f89
-functi..95be8f35
-	$db =..db35962b
-	$time..7f0728cf
-	$valu..97dc8a02
-	$mark..52d43840
-	forea..502e1e61
-		// m..9794135b
-		$mod..d0f51e70
-		$exc..325c266d
-		$fou..9889a0d4
-		fore..870fc9b3
-			$sy..465b9005
-			if ..6fcf62f7
-				$f..12ee2833
-				br..0cc8aac2
-			}..d91c76e4
-		}..8fbdc4ce
-		if (..4e0e9614
-			con..07c4f235
-		}..8fbdc4ce
-		// g..eb10c882
-		$tic..957bb742
-		if (..10f6f00b
-			$ne..5969fd56
-			$va..9f9e6849
-			// ..6adef563
-			if ..67e610f8
-				$m..1be20a96
-				$l..7305948a
-				if..44ec468f
-					N..a03d85ac
-						..3c53522d
-						..49bc289c
-					)..58a59d14
-				}..8b9081f1
-			}..d91c76e4
-		}..8fbdc4ce
-	}..496379a4
-	if (!..e9c2d2aa
-		try ..96a67c0e
-			// ..f8428352
-			$in..8092b97a
-			$in..96c76452
-				't..b8af85b8
-				'v..b63bf572
-			), ..74639071
-			Db:..b782675f
-		} ca..b8bfc9ce
-			// ..e6215773
-			$up..84ed7272
-			$up..ade9002b
-			$up..ff596e48
-			Db:..3e52eeef
-		}..8fbdc4ce
-	}..496379a4
-}..30264486
-..55944f89
-functi..902d3ee0
-	// cl..8ae87f15
-	$max_..64c8b20d
-	$exp_..3ce9d033
-	$db =..db35962b
-	$dele..d6f3e66d
-	$dele..b27eef72
-	Db::q..262d0797
-}..30264486
-..55944f89
-Loop::..49e951c6
-	Loop:..4dc19506
-	Loop:..5aee5162
-});..a891e2fa
--- /de..1cf1a567
+<?php..911ccde1
+requir..601cdf57
+..a2070934
+use Wa..84f7b469
+use Wa..b2c3fcdc
+..a2070934
-use Wa..1b29bd67
+use Wa..c424e25c
+..a2070934
+	/**..b590812c
+	 * Ge..0475796d
+	 *..23ce8dd6
+	 * @r..9d4b7061
+	 */..d99d09fb
+	publi..5c03d451
+		$mod..3461a9fc
+		retu..257b4896
+	}..4ac95c51
+..a2070934
+	publi..5c03d451
+		retu..b5c390bc
+			arr..d50f2a6b
+				"i..d990e29f
+				"a..cdeaecf2
+				"s..356703b8
+				"d..c0b0e676
+				"n..7fb8d797
+			),..587b41b9
+			arr..d50f2a6b
+				"i..7ca9a3b8
+				"a..de18d949
+				"s..30df6545
+				"d..c0b0e676
+				"n..1fee6c89
+			),..587b41b9
+			arr..d50f2a6b
+				"i..0ba33d08
+				"a..a1effcfa
+				"s..c061d803
+				"d..c0b0e676
+				"n..53ed6f39
+			),..587b41b9
+			arr..d50f2a6b
+				"i..9c560f9a
+				"a..537be33b
+				"s..9ff0d97b
+				"d..ae07a195
+				"n..a3188eb9
+			),..587b41b9
+			arr..d50f2a6b
+				"i..5b43d952
+				"a..8ba53517
+				"s..a4fd638b
+				"d..c0b0e676
+				"n..06b17777
+			),..587b41b9
+			arr..d50f2a6b
+				"i..b56c5b68
+				"a..7e5a306f
+				"s..fdc22b46
+				"d..683b4208
+				"n..465166ab
+			),..587b41b9
+			arr..d50f2a6b
+				"i..1c56886b
+				"a..5e867c9d
+				"s..6d0082a2
+				"d..c0b0e676
+				"n..e622d9ef
+			),..587b41b9
+			arr..d50f2a6b
+				"i..78ccb7c3
+				"a..323653c1
+				"s..66ab4335
+				"d..c0b0e676
+				"n..194076cb
+			),..587b41b9
+			arr..d50f2a6b
+				"i..209b4fcd
+				"a..487838da
+				"s..24b44873
+				"d..af0234e1
+				"n..94c2d5b2
+			),..587b41b9
+			arr..d50f2a6b
+				"i..921b33e4
+				"a..ca293c9e
+				"s..c3f45960
+				"d..c0b0e676
+				"n..fcc13dac
+			),..587b41b9
+			arr..d50f2a6b
+				"i..74b730c3
+				"a..4f4fab45
+				"s..928c1896
+				"d..c0b0e676
+				"n..8fc86476
+			),..587b41b9
+			arr..d50f2a6b
+				"i..a4b09d94
+				"a..c093f9bb
+				"s..774e8b63
+				"d..ae07a195
+				"n..59cc3742
+			),..587b41b9
+			arr..d50f2a6b
+				"i..53f795b4
+				"a..7a88bb6e
+				"s..5e475cdf
+				"d..c0b0e676
+				"n..52fd9610
+			),..587b41b9
+			arr..d50f2a6b
+				"i..0b29c4d2
+				"a..2f64baa7
+				"s..969a409a
+				"d..c0b0e676
+				"n..bd117131
+			),..587b41b9
+			arr..d50f2a6b
+				"i..76059e41
+				"a..fbba8431
+				"s..68cf0ba9
+				"d..683b4208
+				"n..1c6d4d7e
+			),..587b41b9
+			arr..d50f2a6b
+				"i..eaad0595
+				"a..4e701973
+				"s..f363fadc
+				"d..11cdbcd8
+				"n..ed116e67
+			),..587b41b9
+			arr..d50f2a6b
+				"i..e4c318f4
+				"a..7063f8be
+				"s..b21c31de
+				"d..c0b0e676
+				"n..06554b3c
+			),..587b41b9
+			arr..d50f2a6b
+				"i..bbfafa84
+				"a..13825185
+				"s..f7b68c6c
+				"d..c0b0e676
+				"n..0fea09c1
+			),..587b41b9
+			arr..d50f2a6b
+				"i..fb4b480e
+				"a..e93bddd0
+				"s..ae87cc45
+				"d..ae07a195
+				"n..afd40b53
+			),..587b41b9
+			arr..d50f2a6b
+				"i..0685cb77
+				"a..f50537d9
+				"s..d8aea224
+				"d..c0b0e676
+				"n..32cd9ca4
+			),..587b41b9
+			arr..d50f2a6b
+				"i..3797ac55
+				"a..a5b9b251
+				"s..c8bbfc65
+				"d..c0b0e676
+				"n..dd2d62c4
+			),..587b41b9
+			arr..d50f2a6b
+				"i..6cd3d40c
+				"a..e7c494a8
+				"s..6d0bb089
+				"d..c0b0e676
+				"n..03d1cf06
+			),..587b41b9
+			arr..d50f2a6b
+				"i..3646514e
+				"a..c55e370f
+				"s..9380a228
+				"d..ae07a195
+				"n..ed2177b2
+			),..587b41b9
+			arr..d50f2a6b
+				"i..2f1445ff
+				"a..5e35ce26
+				"s..033cc47a
+				"d..c0b0e676
+				"n..2e170321
+			),..587b41b9
+			arr..d50f2a6b
+				"i..43536d0b
+				"a..be456a71
+				"s..f59b29d8
+				"d..ae07a195
+				"n..24e3a307
+			),..587b41b9
+			arr..d50f2a6b
+				"i..a24c5172
+				"a..ae9e6d56
+				"s..3ec7d8aa
+				"d..ae07a195
+				"n..67b299aa
+			),..587b41b9
+			arr..d50f2a6b
+				"i..a49be1fc
+				"a..11c1dc76
+				"s..d53932ea
+				"d..c0b0e676
+				"n..c62588e0
+			),..587b41b9
+			arr..d50f2a6b
+				"i..6621ece8
+				"a..10bffa3c
+				"s..08058c98
+				"d..ae07a195
+				"n..6d4c7ba1
+			),..587b41b9
+			arr..d50f2a6b
+				"i..c23a68ad
+				"a..18d789d5
+				"s..78a17447
+				"d..c0b0e676
+				"n..443239a6
+			),..587b41b9
+			arr..d50f2a6b
+				"i..71231763
+				"a..6517995a
+				"s..e64e68b3
+				"d..ae07a195
+				"n..4a20d6ea
+			),..587b41b9
+			arr..d50f2a6b
+				"i..a1fcbed5
+				"a..3636cf15
+				"s..5ff9b9c8
+				"d..3498b2b6
+				"n..14216478
+			),..587b41b9
+			arr..d50f2a6b
+				"i..0e61775e
+				"a..4d22edc9
+				"s..86a3040a
+				"d..ae07a195
+				"n..f396eed4
+			),..587b41b9
+			arr..d50f2a6b
+				"i..ea11ea47
+				"a..2d100f92
+				"s..432dc0d1
+				"d..c0b0e676
+				"n..59221f01
+			),..587b41b9
+			arr..d50f2a6b
+				"i..0681fc40
+				"a..a4766022
+				"s..dcc965bb
+				"d..ae07a195
+				"n..c3583598
+			),..587b41b9
+			arr..d50f2a6b
+				"i..e06d8c7b
+				"a..b51f1409
+				"s..864aebee
+				"d..bb5f370d
+				"n..3db314ba
+			),..587b41b9
+			arr..d50f2a6b
+				"i..8162343d
+				"a..b9f977ae
+				"s..d88a911b
+				"d..c0b0e676
+				"n..94a0c55e
+			),..587b41b9
+			arr..d50f2a6b
+				"i..aa9ee5ab
+				"a..3898d7f5
+				"s..bd2d5138
+				"d..c0b0e676
+				"n..f020cd55
+			),..587b41b9
+			arr..d50f2a6b
+				"i..ca21f3a7
+				"a..85875fd0
+				"s..d6cc1736
+				"d..3498b2b6
+				"n..c1e75531
+			),..587b41b9
+			arr..d50f2a6b
+				"i..7f42249d
+				"a..46233b0f
+				"s..8d226d9d
+				"d..ae07a195
+				"n..fc7cf817
+			),..587b41b9
+			arr..d50f2a6b
+				"i..462f00d5
+				"a..9c012828
+				"s..d1b4ef50
+				"d..c0b0e676
+				"n..4d96058e
+			),..587b41b9
+			arr..d50f2a6b
+				"i..48e8c018
+				"a..e7581bfd
+				"s..2ef35942
+				"d..c0b0e676
+				"n..edbc4754
+			),..587b41b9
+			arr..d50f2a6b
+				"i..2ef6039a
+				"a..b920c413
+				"s..8edf2800
+				"d..c0b0e676
+				"n..e2fde64c
+			),..587b41b9
+			arr..d50f2a6b
+				"i..a923d475
+				"a..f4ee1f6d
+				"s..65e66183
+				"d..08ad67c5
+				"n..53f980bc
+			),..587b41b9
+			arr..d50f2a6b
+				"i..531a8567
+				"a..7332a618
+				"s..ab452008
+				"d..c0b0e676
+				"n..fe3fd0c2
+			),..587b41b9
+			arr..d50f2a6b
+				"i..b849408f
+				"a..bf361db5
+				"s..33853571
+				"d..c0b0e676
+				"n..a8043e6c
+			),..587b41b9
+			arr..d50f2a6b
+				"i..c9ca67d1
+				"a..9c6d490a
+				"s..f8089654
+				"d..c0b0e676
+				"n..73cd5ebd
+			),..587b41b9
+			arr..d50f2a6b
+				"i..10108b5c
+				"a..fb17c26b
+				"s..9d1245c7
+				"d..c0b0e676
+				"n..03c74cad
+			),..587b41b9
+			arr..d50f2a6b
+				"i..29c8c622
+				"a..9467274c
+				"s..8cf47fb1
+				"d..11cdbcd8
+				"n..fa994e3f
+			),..587b41b9
+			arr..d50f2a6b
+				"i..3bb18964
+				"a..42ce8cad
+				"s..8d27553e
+				"d..c0b0e676
+				"n..2f508d5a
+			),..587b41b9
+			arr..d50f2a6b
+				"i..e19b16df
+				"a..4388ee8b
+				"s..6f8d129d
+				"d..896e0816
+				"n..5c29cb6d
+			),..587b41b9
+			arr..d50f2a6b
+				"i..20730204
+				"a..b18b202a
+				"s..a88e5ee8
+				"d..ae07a195
+				"n..f071683d
+			),..587b41b9
+			arr..d50f2a6b
+				"i..b606ac65
+				"a..27b6bd50
+				"s..722f32d3
+				"d..ae07a195
+				"n..8f7ef24a
+			),..587b41b9
+			arr..d50f2a6b
+				"i..4ff687f3
+				"a..97f54ec2
+				"s..bc87e842
+				"d..c0b0e676
+				"n..638858f8
+			),..587b41b9
+			arr..d50f2a6b
+				"i..d8a36920
+				"a..f038d79f
+				"s..3d772855
+				"d..c0b0e676
+				"n..819bba8c
+			),..587b41b9
+			arr..d50f2a6b
+				"i..bbe29931
+				"a..c6e5b5b6
+				"s..936f1505
+				"d..ae07a195
+				"n..cd423a0b
+			),..587b41b9
+			arr..d50f2a6b
+				"i..21a119f9
+				"a..1583b2ec
+				"s..b7c7bd43
+				"d..63a1a52e
+				"n..24dc2c41
+			),..587b41b9
+			arr..d50f2a6b
+				"i..ede4d0cc
+				"a..71cd9263
+				"s..878f3cb3
+				"d..ae07a195
+				"n..de12a2cb
+			),..587b41b9
+			arr..d50f2a6b
+				"i..7607b273
+				"a..001d523f
+				"s..81c8ee43
+				"d..c0b0e676
+				"n..496029ec
+			),..587b41b9
+			arr..d50f2a6b
+				"i..d81af7be
+				"a..fc47bfcf
+				"s..14133a9c
+				"d..c0b0e676
+				"n..d9e4fbbc
+			),..587b41b9
+			arr..d50f2a6b
+				"i..91a96350
+				"a..557da677
+				"s..73e31561
+				"d..c0b0e676
+				"n..e933e037
+			),..587b41b9
+			arr..d50f2a6b
+				"i..cd3ecbb1
+				"a..0f3b297d
+				"s..30bee248
+				"d..683b4208
+				"n..811c6bc0
+			),..587b41b9
+			arr..d50f2a6b
+				"i..08e818ae
+				"a..62065181
+				"s..77ce29d7
+				"d..3498b2b6
+				"n..b8e76fa0
+			),..587b41b9
+			arr..d50f2a6b
+				"i..89a881a1
+				"a..d527c147
+				"s..4759e6f1
+				"d..3498b2b6
+				"n..90be1b37
+			),..587b41b9
+			arr..d50f2a6b
+				"i..3d5f934c
+				"a..3bdf46a1
+				"s..daccd4ec
+				"d..c0b0e676
+				"n..c2cfd8db
+			),..587b41b9
+			arr..d50f2a6b
+				"i..f8926516
+				"a..381c2682
+				"s..ad2be973
+				"d..bb5f370d
+				"n..c3df878a
+			),..587b41b9
+			arr..d50f2a6b
+				"i..4d9848c2
+				"a..1471dccb
+				"s..3faa54f4
+				"d..c0b0e676
+				"n..a29c9123
+			),..587b41b9
+			arr..d50f2a6b
+				"i..14f77d06
+				"a..31b99985
+				"s..ff916ee4
+				"d..ae07a195
+				"n..25f9a653
+			),..587b41b9
+			arr..d50f2a6b
+				"i..83653bb8
+				"a..fe51bcbe
+				"s..a9bd9d9a
+				"d..c0b0e676
+				"n..e2e4de22
+			),..587b41b9
+			arr..d50f2a6b
+				"i..56e7ac39
+				"a..025aec41
+				"s..a00a26f1
+				"d..c0b0e676
+				"n..612965da
+			),..587b41b9
+			arr..d50f2a6b
+				"i..e32e79c7
+				"a..7d35a623
+				"s..b00adb03
+				"d..c0b0e676
+				"n..4de282b0
+			),..587b41b9
+			arr..d50f2a6b
+				"i..f82ae43c
+				"a..f17c2991
+				"s..2a1d6b5e
+				"d..c0b0e676
+				"n..232bc0b5
+			),..587b41b9
+			arr..d50f2a6b
+				"i..20349915
+				"a..66ae6829
+				"s..4b48b376
+				"d..c0b0e676
+				"n..6fbf2eb4
+			),..587b41b9
+			arr..d50f2a6b
+				"i..6716f51f
+				"a..fc3dafe4
+				"s..ffb72725
+				"d..683b4208
+				"n..6fe56c7e
+			),..587b41b9
+			arr..d50f2a6b
+				"i..8ed6622e
+				"a..bcf55590
+				"s..19c7232e
+				"d..c0b0e676
+				"n..22b2c895
+			),..587b41b9
+			arr..d50f2a6b
+				"i..488d4602
+				"a..c14772e7
+				"s..d54014c1
+				"d..c0b0e676
+				"n..8f921008
+			),..587b41b9
+			arr..d50f2a6b
+				"i..3159bef2
+				"a..ee8b078f
+				"s..07807efa
+				"d..c0b0e676
+				"n..1ebdfa84
+			),..587b41b9
+			arr..d50f2a6b
+				"i..4c44917d
+				"a..95ac54e5
+				"s..63b90005
+				"d..683b4208
+				"n..cbdc213d
+			),..587b41b9
+			arr..d50f2a6b
+				"i..a3567e9c
+				"a..20771ec9
+				"s..33a3bc97
+				"d..c0b0e676
+				"n..94e321d2
+			),..587b41b9
+			arr..d50f2a6b
+				"i..948344c1
+				"a..1f6e7a18
+				"s..168d3b16
+				"d..c0b0e676
+				"n..d038057c
+			),..587b41b9
+			arr..d50f2a6b
+				"i..a4e7af52
+				"a..7f2e1e9c
+				"s..ab22e778
+				"d..c0b0e676
+				"n..fdd1ecd6
+			),..587b41b9
+			arr..d50f2a6b
+				"i..815c59e0
+				"a..4d6f12fe
+				"s..1a7dcbae
+				"d..bb5f370d
+				"n..0078ce22
+			),..587b41b9
+			arr..d50f2a6b
+				"i..8f1f577b
+				"a..7d7b43e2
+				"s..2d0f0fc5
+				"d..3498b2b6
+				"n..5d27cf6e
+			),..587b41b9
+			arr..d50f2a6b
+				"i..77fb5a28
+				"a..428afde3
+				"s..ba175185
+				"d..ae07a195
+				"n..7cf22954
+			),..587b41b9
+			arr..d50f2a6b
+				"i..bcd0d444
+				"a..5bdf6827
+				"s..4c7b1eba
+				"d..683b4208
+				"n..d929363d
+			),..587b41b9
+			arr..d50f2a6b
+				"i..f4259c5b
+				"a..9a6c135c
+				"s..2c99f29f
+				"d..c0b0e676
+				"n..d2e9ed87
+			),..587b41b9
+			arr..d50f2a6b
+				"i..41e02606
+				"a..ece30068
+				"s..1f094f6e
+				"d..6866dca6
+				"n..39cb1d3d
+			),..587b41b9
+			arr..d50f2a6b
+				"i..8d007ef6
+				"a..0b02d04d
+				"s..78de20f2
+				"d..ae07a195
+				"n..7093a0ac
+			),..587b41b9
+			arr..d50f2a6b
+				"i..60e926db
+				"a..e081d010
+				"s..dddfaa85
+				"d..c0b0e676
+				"n..4be35a7f
+			),..587b41b9
+			arr..d50f2a6b
+				"i..927a080d
+				"a..e83a138e
+				"s..cb18e92d
+				"d..c0b0e676
+				"n..87af327f
+			),..587b41b9
+			arr..d50f2a6b
+				"i..5efbb26e
+				"a..a0fe35ba
+				"s..f171cbe7
+				"d..c0b0e676
+				"n..a397a460
+			),..587b41b9
+			arr..d50f2a6b
+				"i..72512cfb
+				"a..c8e7bca5
+				"s..6ff485b3
+				"d..c0b0e676
+				"n..3602a285
+			),..587b41b9
+			arr..d50f2a6b
+				"i..98ad0ccc
+				"a..1eddc898
+				"s..945cb5db
+				"d..0cac24f3
+				"n..75c8731b
+			),..587b41b9
+			arr..d50f2a6b
+				"i..13761a0f
+				"a..0c862bc4
+				"s..6ad9ec50
+				"d..ae07a195
+				"n..519c7731
+			),..587b41b9
+			arr..d50f2a6b
+				"i..6feff210
+				"a..415b7d8e
+				"s..314ae921
+				"d..c0b0e676
+				"n..c13f501d
+			),..587b41b9
+			arr..d50f2a6b
+				"i..a6b59240
+				"a..2d54c0f2
+				"s..302ff3f3
+				"d..11cdbcd8
+				"n..a7e1405d
+			),..587b41b9
+			arr..d50f2a6b
+				"i..d7a2b703
+				"a..c7399b51
+				"s..27fed160
+				"d..ae07a195
+				"n..7806d6d0
+			),..587b41b9
+			arr..d50f2a6b
+				"i..ca73e73d
+				"a..30a89996
+				"s..f64689b4
+				"d..c0b0e676
+				"n..4ed56395
+			),..587b41b9
+			arr..d50f2a6b
+				"i..3f512e8e
+				"a..0046a49e
+				"s..b5492c36
+				"d..c0b0e676
+				"n..de721534
+			),..587b41b9
+			arr..d50f2a6b
+				"i..ed058c5a
+				"a..689e3031
+				"s..6220a5bf
+				"d..08ad67c5
+				"n..9ad7a497
+			),..587b41b9
+			arr..d50f2a6b
+				"i..c1e9b62d
+				"a..fb94993b
+				"s..37a852f8
+				"d..ae07a195
+				"n..f1af5e0b
+			),..587b41b9
+			arr..d50f2a6b
+				"i..c6ee4e90
+				"a..26bcf62f
+				"s..057c50fc
+				"d..3498b2b6
+				"n..2103e763
+			),..587b41b9
+			arr..d50f2a6b
+				"i..7c082ed1
+				"a..200640d5
+				"s..e2e40dac
+				"d..ae07a195
+				"n..8cdd0ff2
+			),..587b41b9
+			arr..d50f2a6b
+				"i..c6e7d969
+				"a..d59559e7
+				"s..63114159
+				"d..c0b0e676
+				"n..b0b7e7d5
+			),..587b41b9
+			arr..d50f2a6b
+				"i..3fa36be5
+				"a..11dace81
+				"s..954c6470
+				"d..ae07a195
+				"n..938e8d4b
+			),..587b41b9
+			arr..d50f2a6b
+				"i..98ad0ccc
+				"a..1eddc898
+				"s..945cb5db
+				"d..0cac24f3
+				"n..75c8731b
+			),..587b41b9
+			arr..d50f2a6b
+				"i..ea9cedbe
+				"a..29fb9a81
+				"s..57140fbc
+				"d..18aa55dc
+				"n..0cb7295f
+			),..587b41b9
+			arr..d50f2a6b
+				"i..bdcf6996
+				"a..becabc45
+				"s..66432df8
+				"d..ae07a195
+				"n..04913523
+			),..587b41b9
+			arr..d50f2a6b
+				"i..d3f41ebd
+				"a..93a53579
+				"s..12749925
+				"d..683b4208
+				"n..41b9fc1f
+			),..587b41b9
+			arr..d50f2a6b
+				"i..881ce00e
+				"a..e8e2424b
+				"s..442b110c
+				"d..af0234e1
+				"n..a4995fbd
+			),..587b41b9
+			arr..d50f2a6b
+				"i..ffa79703
+				"a..aff026b2
+				"s..a12862dd
+				"d..c0b0e676
+				"n..ac2d08bb
+			),..587b41b9
+			arr..d50f2a6b
+				"i..4ad802e4
+				"a..72d48d91
+				"s..671bd052
+				"d..ae07a195
+				"n..b51c9731
+			),..587b41b9
+			arr..d50f2a6b
+				"i..aa6b0e70
+				"a..28fb0500
+				"s..62543ad2
+				"d..683b4208
+				"n..d4c09603
+			),..587b41b9
+			arr..d50f2a6b
+				"i..1b3fc718
+				"a..afce1119
+				"s..bbb18288
+				"d..18aa55dc
+				"n..b374461d
+			),..587b41b9
+			arr..d50f2a6b
+				"i..6b4d5c04
+				"a..f4ddd053
+				"s..82b24c47
+				"d..ae07a195
+				"n..1e54ba40
+			),..587b41b9
+			arr..d50f2a6b
+				"i..6ca05bfa
+				"a..54bd6d59
+				"s..0331a46c
+				"d..18aa55dc
+				"n..1eea9c5d
+			),..587b41b9
+			arr..d50f2a6b
+				"i..345c05db
+				"a..6db43b44
+				"s..fb80eb96
+				"d..c0b0e676
+				"n..32777b2f
+			),..587b41b9
+			arr..d50f2a6b
+				"i..914573a0
+				"a..0f9938e7
+				"s..756ac6c1
+				"d..c0b0e676
+				"n..f78879c2
+			),..587b41b9
+			arr..d50f2a6b
+				"i..96168b41
+				"a..1e684963
+				"s..d2cab698
+				"d..ae07a195
+				"n..7434c6d1
+			),..587b41b9
+			arr..d50f2a6b
+				"i..84375e8d
+				"a..6d0f4d22
+				"s..ce319aaf
+				"d..11cdbcd8
+				"n..2976b8b7
+			),..587b41b9
+			arr..d50f2a6b
+				"i..eefe2ef7
+				"a..0055713b
+				"s..5a3b92d8
+				"d..c0b0e676
+				"n..ceaabc10
+			),..587b41b9
+			arr..d50f2a6b
+				"i..b66516ef
+				"a..6600eff5
+				"s..72a07474
+				"d..c0b0e676
+				"n..dc5a2496
+			),..587b41b9
+			arr..d50f2a6b
+				"i..0668e2c6
+				"a..382c8d46
+				"s..71594ef2
+				"d..c0b0e676
+				"n..473cabfd
+			),..587b41b9
+			arr..d50f2a6b
+				"i..e7d81bf5
+				"a..8d3a6893
+				"s..6d76a79d
+				"d..c0b0e676
+				"n..dba5952b
+			),..587b41b9
+			arr..d50f2a6b
+				"i..b0511428
+				"a..30dac1d8
+				"s..e328b16a
+				"d..ae07a195
+				"n..2d6a1491
+			),..587b41b9
+			arr..d50f2a6b
+				"i..ee48c822
+				"a..efef0cbc
+				"s..166e0ef2
+				"d..c0b0e676
+				"n..05a292c3
+			),..587b41b9
+			arr..d50f2a6b
+				"i..82cc51c6
+				"a..dc86e7b7
+				"s..1c1fe430
+				"d..ae07a195
+				"n..1d7adad9
+			),..587b41b9
+			arr..d50f2a6b
+				"i..7f6bd87e
+				"a..7d501edc
+				"s..666a5851
+				"d..c0b0e676
+				"n..dfa4ab5e
+			),..587b41b9
+			arr..d50f2a6b
+				"i..0a45aa0e
+				"a..ce1345ef
+				"s..944299cc
+				"d..c0b0e676
+				"n..c9fd9860
+			),..587b41b9
+			arr..d50f2a6b
+				"i..e8776949
+				"a..475c2c66
+				"s..c58e18be
+				"d..c0b0e676
+				"n..a31e06d2
+			),..587b41b9
+			arr..d50f2a6b
+				"i..9a60590b
+				"a..28535f58
+				"s..6f0d2001
+				"d..c0b0e676
+				"n..64b048f5
+			),..587b41b9
+			arr..d50f2a6b
+				"i..19801f7a
+				"a..d0cc5815
+				"s..caea47b7
+				"d..ae07a195
+				"n..b311dd78
+			),..587b41b9
+			arr..d50f2a6b
+				"i..7e1751ca
+				"a..93df5ea4
+				"s..ffe052d2
+				"d..c0b0e676
+				"n..78037d47
+			),..587b41b9
+			arr..d50f2a6b
+				"i..efd692a6
+				"a..74ee7fb2
+				"s..235b24d1
+				"d..c0b0e676
+				"n..737ffc31
+			),..587b41b9
+			arr..d50f2a6b
+				"i..e84f1b4c
+				"a..15295216
+				"s..9a3590e4
+				"d..c0b0e676
+				"n..08def58d
+			),..587b41b9
+			arr..d50f2a6b
+				"i..e566727f
+				"a..1bca119b
+				"s..b1465d75
+				"d..ae07a195
+				"n..5dbf5a93
+			),..587b41b9
+			arr..d50f2a6b
+				"i..79498d62
+				"a..da93a097
+				"s..54549cc5
+				"d..c0b0e676
+				"n..99b25852
+			),..587b41b9
+			arr..d50f2a6b
+				"i..a404b9c4
+				"a..1d548654
+				"s..d605e9fa
+				"d..ae07a195
+				"n..d04f9067
+			),..587b41b9
+			arr..d50f2a6b
+				"i..31ef9fa3
+				"a..599a9a8a
+				"s..b6dd858c
+				"d..3498b2b6
+				"n..14c5c48f
+			),..587b41b9
+			arr..d50f2a6b
+				"i..8b4638d0
+				"a..07b0f76b
+				"s..2287ffd1
+				"d..c0b0e676
+				"n..accd4b51
+			),..587b41b9
+			arr..d50f2a6b
+				"i..c9fad933
+				"a..ce4c5720
+				"s..ec060220
+				"d..c0b0e676
+				"n..2150aad9
+			),..587b41b9
+			arr..d50f2a6b
+				"i..6c92b403
+				"a..c40a6c0f
+				"s..26b54d5e
+				"d..08ad67c5
+				"n..98a8afb3
+			),..587b41b9
+			arr..d50f2a6b
+				"i..c4916d5f
+				"a..7330e1e5
+				"s..65e69027
+				"d..c0b0e676
+				"n..d09f6915
+			),..587b41b9
+			arr..d50f2a6b
+				"i..de228d20
+				"a..260fbfff
+				"s..a7f1b8fa
+				"d..c0b0e676
+				"n..3083951c
+			),..587b41b9
+			arr..d50f2a6b
+				"i..0eecccd4
+				"a..0fa31901
+				"s..24d9de92
+				"d..ae07a195
+				"n..955ae5bc
+			),..587b41b9
+			arr..d50f2a6b
+				"i..cec8a40d
+				"a..e2c41de4
+				"s..f5ae8034
+				"d..3498b2b6
+				"n..30d863b0
+			),..587b41b9
+			arr..d50f2a6b
+				"i..a1931827
+				"a..a975062b
+				"s..2e4c5b10
+				"d..08ad67c5
+				"n..92ac3cb6
+			),..587b41b9
+			arr..d50f2a6b
+				"i..85bc9d57
+				"a..ab524656
+				"s..f8caa6ac
+				"d..c0b0e676
+				"n..458c8232
+			),..587b41b9
+			arr..d50f2a6b
+				"i..3a5390fd
+				"a..c4b1ee5b
+				"s..92a6b3f5
+				"d..c0b0e676
+				"n..ffa1f33b
+			),..587b41b9
+			arr..d50f2a6b
+				"i..6237fcf4
+				"a..9391a4ce
+				"s..9dddfb46
+				"d..c0b0e676
+				"n..8ffad4fd
+			),..587b41b9
+			arr..d50f2a6b
+				"i..c9c67dbc
+				"a..ea9d6553
+				"s..c7c60787
+				"d..ae07a195
+				"n..12ab328b
+			),..587b41b9
+			arr..d50f2a6b
+				"i..7241fa0f
+				"a..609fd289
+				"s..d26e6e8c
+				"d..ae07a195
+				"n..7d440b3c
+			),..587b41b9
+			arr..d50f2a6b
+				"i..7b1b49eb
+				"a..ab227193
+				"s..875cb60e
+				"d..c0b0e676
+				"n..38f9c952
+			),..587b41b9
+			arr..d50f2a6b
+				"i..202fbbfe
+				"a..7fdd5d41
+				"s..411b87c2
+				"d..c0b0e676
+				"n..a3e6318d
+			),..587b41b9
+			arr..d50f2a6b
+				"i..a3b396c4
+				"a..f427bb71
+				"s..a07bb5bb
+				"d..c0b0e676
+				"n..65cf20f6
+			),..587b41b9
+			arr..d50f2a6b
+				"i..86e9a21a
+				"a..919f1e8f
+				"s..00bb9778
+				"d..ae07a195
+				"n..c6fcf7b6
+			),..587b41b9
+			arr..d50f2a6b
+				"i..4a1eb271
+				"a..dadd9ab6
+				"s..da3c3d74
+				"d..ae07a195
+				"n..196d5db7
+			),..587b41b9
+			arr..d50f2a6b
+				"i..6e0bdff8
+				"a..9558474a
+				"s..45e1c173
+				"d..c0b0e676
+				"n..3f5e4eea
+			),..587b41b9
+			arr..d50f2a6b
+				"i..fdfa20d3
+				"a..e4bf3860
+				"s..66e11251
+				"d..c0b0e676
+				"n..a9ea5a77
+			),..587b41b9
+			arr..d50f2a6b
+				"i..e52ae21f
+				"a..bd676b71
+				"s..9f082c99
+				"d..c0b0e676
+				"n..ea453ff4
+			),..587b41b9
+			arr..d50f2a6b
+				"i..5ac108ee
+				"a..645d422b
+				"s..dce2208d
+				"d..c0b0e676
+				"n..9a20ff07
+			),..587b41b9
+			arr..d50f2a6b
+				"i..92a7ebc0
+				"a..0739a066
+				"s..66b29bba
+				"d..ae07a195
+				"n..d2e2476a
+			),..587b41b9
+			arr..d50f2a6b
+				"i..3bc0e83f
+				"a..7791fce0
+				"s..30fa3779
+				"d..ae07a195
+				"n..ac7ef1f6
+			),..587b41b9
+			arr..d50f2a6b
+				"i..9d1cb300
+				"a..288f590d
+				"s..acd56bc0
+				"d..ae07a195
+				"n..999dc491
+			),..587b41b9
+			arr..d50f2a6b
+				"i..f75ce201
+				"a..18315435
+				"s..c260bc77
+				"d..3029c58f
+				"n..a280b8f4
+			),..587b41b9
+			arr..d50f2a6b
+				"i..53ddfb48
+				"a..93c0eafb
+				"s..f749b334
+				"d..3498b2b6
+				"n..3be67e0f
+			),..587b41b9
+			arr..d50f2a6b
+				"i..d4cda2eb
+				"a..dd1e3021
+				"s..8ff093e8
+				"d..3498b2b6
+				"n..b02cd24c
+			),..587b41b9
+			arr..d50f2a6b
+				"i..05c50a2e
+				"a..b4efe585
+				"s..cb2c8751
+				"d..ae07a195
+				"n..d9d3ba9b
+			),..587b41b9
+			arr..d50f2a6b
+				"i..1a852dbc
+				"a..b9d34497
+				"s..df1fb2d6
+				"d..c0b0e676
+				"n..5b5b2e29
+			),..587b41b9
+			arr..d50f2a6b
+				"i..cf48f409
+				"a..c314bdc4
+				"s..f5eaa114
+				"d..c0b0e676
+				"n..79287ddc
+			),..587b41b9
+			arr..d50f2a6b
+				"i..770d78e5
+				"a..6c8b8685
+				"s..0545275f
+				"d..c0b0e676
+				"n..5737da77
+			),..587b41b9
+			arr..d50f2a6b
+				"i..18e4b362
+				"a..d6d13f2c
+				"s..3e3a0462
+				"d..ae07a195
+				"n..a5187568
+			),..587b41b9
+			arr..d50f2a6b
+				"i..35d3a674
+				"a..663ed690
+				"s..21485949
+				"d..ae07a195
+				"n..73a6d5fa
+			),..587b41b9
+			arr..d50f2a6b
+				"i..cc569641
+				"a..b62c1935
+				"s..b3e2d5d1
+				"d..ae07a195
+				"n..eff76228
+			),..587b41b9
+			arr..d50f2a6b
+				"i..e39c63f5
+				"a..d6523c11
+				"s..51f10738
+				"d..ae07a195
+				"n..0feefeab
+			),..587b41b9
+			arr..d50f2a6b
+				"i..85121aa8
+				"a..40783d33
+				"s..3988748d
+				"d..c0b0e676
+				"n..031dfb89
+			),..587b41b9
+			arr..d50f2a6b
+				"i..35a49078
+				"a..58de4379
+				"s..82b57e20
+				"d..61b75e84
+				"n..4aab98d1
+			),..587b41b9
+			arr..d50f2a6b
+				"i..8f42c908
+				"a..babc522b
+				"s..3602a140
+				"d..ae07a195
+				"n..8a098d98
+			),..587b41b9
+			arr..d50f2a6b
+				"i..0c25e926
+				"a..02016eef
+				"s..3f19cfa5
+				"d..ae07a195
+				"n..7e9555ae
+			),..587b41b9
+			arr..d50f2a6b
+				"i..458580dc
+				"a..cdb66218
+				"s..4f731c38
+				"d..c0b0e676
+				"n..52870fd9
+			),..587b41b9
+			arr..d50f2a6b
+				"i..c5f68aae
+				"a..c1126bbf
+				"s..0a8fd730
+				"d..c0b0e676
+				"n..2e7f8e3c
+			),..587b41b9
+			arr..d50f2a6b
+				"i..80e1f49d
+				"a..9eca01b9
+				"s..6a989726
+				"d..ae07a195
+				"n..8c7626d9
+			),..587b41b9
+			arr..d50f2a6b
+				"i..7e3a8f56
+				"a..d1398d1f
+				"s..bfd9c87d
+				"d..c0b0e676
+				"n..bdea388a
+			),..587b41b9
+			arr..d50f2a6b
+				"i..b2d5b05b
+				"a..94e2e3d3
+				"s..5af2a718
+				"d..c0b0e676
+				"n..bb263934
+			),..587b41b9
+			arr..d50f2a6b
+				"i..b65da3a7
+				"a..c343051d
+				"s..6eb3199c
+				"d..683b4208
+				"n..039942ee
+			),..587b41b9
+			arr..d50f2a6b
+				"i..7119c620
+				"a..0a59031c
+				"s..54c62e8a
+				"d..08ad67c5
+				"n..768328b2
+			),..587b41b9
+			arr..d50f2a6b
+				"i..61b7e48b
+				"a..bb25edbb
+				"s..10f8db8e
+				"d..63a1a52e
+				"n..07e8facf
+			),..587b41b9
+			arr..d50f2a6b
+				"i..4fe1015a
+				"a..16f73813
+				"s..8be8cf46
+				"d..c0b0e676
+				"n..0e0f79e0
+			),..587b41b9
+			arr..d50f2a6b
+				"i..38589327
+				"a..5d0315ad
+				"s..995fdd74
+				"d..ae07a195
+				"n..d60799af
+			),..587b41b9
+			arr..d50f2a6b
+				"i..d8c1bfa1
+				"a..66483000
+				"s..0e2a3c34
+				"d..c0b0e676
+				"n..d318161f
+			),..587b41b9
+			arr..d50f2a6b
+				"i..fef63978
+				"a..7e7c8fee
+				"s..e347fc48
+				"d..ae07a195
+				"n..bd12c7f6
+			),..587b41b9
+			arr..d50f2a6b
+				"i..2c9143e1
+				"a..6fed5761
+				"s..0ed5f75d
+				"d..0169d93b
+				"n..ccb0da19
+			),..587b41b9
+			arr..d50f2a6b
+				"i..0225952e
+				"a..313f65c3
+				"s..4462a682
+				"d..c0b0e676
+				"n..0bff7fd6
+			),..587b41b9
+			arr..d50f2a6b
+				"i..e526a6cf
+				"a..58ee5d2b
+				"s..cde3a20c
+				"d..3498b2b6
+				"n..507e3c57
+			),..587b41b9
+			arr..d50f2a6b
+				"i..0742ad7e
+				"a..293aa1d7
+				"s..eecdce7b
+				"d..c0b0e676
+				"n..24af2d2f
+			),..587b41b9
+			arr..d50f2a6b
+				"i..d2152b89
+				"a..2da118ed
+				"s..73b659d7
+				"d..08ad67c5
+				"n..32fead15
+			),..587b41b9
+			arr..d50f2a6b
+				"i..a84848dc
+				"a..6fd82333
+				"s..2b7d2b6d
+				"d..ae07a195
+				"n..7d844900
+			),..587b41b9
+			arr..d50f2a6b
+				"i..ed105399
+				"a..b944ade6
+				"s..61d0472d
+				"d..ae07a195
+				"n..d9368e4a
+			),..587b41b9
+			arr..d50f2a6b
+				"i..14f5184b
+				"a..afdc6d77
+				"s..6b6af5a8
+				"d..c0b0e676
+				"n..e21d6fee
+			),..587b41b9
+			arr..d50f2a6b
+				"i..1d3fcc55
+				"a..78d4b9a0
+				"s..d83696ca
+				"d..ae07a195
+				"n..9abb5fbe
+			),..587b41b9
+			arr..d50f2a6b
+				"i..8a4674ff
+				"a..72a6f8a1
+				"s..47b1ed47
+				"d..c0b0e676
+				"n..2e2ead28
+			),..587b41b9
+			arr..d50f2a6b
+				"i..634e2164
+				"a..9d4d2fb2
+				"s..90b22bba
+				"d..ae07a195
+				"n..2d00d712
+			),..587b41b9
+			arr..d50f2a6b
+				"i..3f0dc851
+				"a..860fd15a
+				"s..d37a7439
+				"d..bb5f370d
+				"n..7086a834
+			),..587b41b9
+			arr..d50f2a6b
+				"i..5b35872c
+				"a..9efc2537
+				"s..6d403b9e
+				"d..bb5f370d
+				"n..21536d3f
+			),..587b41b9
+			arr..d50f2a6b
+				"i..01207155
+				"a..09267ec2
+				"s..e86de875
+				"d..c0b0e676
+				"n..33e267ec
+			),..587b41b9
+			arr..d50f2a6b
+				"i..7d807bf7
+				"a..2f449a30
+				"s..51e98cb6
+				"d..c0b0e676
+				"n..8df91532
+			),..587b41b9
+			arr..d50f2a6b
+				"i..017a1ee6
+				"a..7f5b0b04
+				"s..df650328
+				"d..ae07a195
+				"n..c0e6ba66
+			),..587b41b9
+			arr..d50f2a6b
+				"i..7e89d3b8
+				"a..a251423c
+				"s..a08a2dc3
+				"d..ae07a195
+				"n..4b8eebda
+			),..587b41b9
+			arr..d50f2a6b
+				"i..a544bac7
+				"a..29134519
+				"s..6b755419
+				"d..0169d93b
+				"n..45e7b6bd
+			),..587b41b9
+			arr..d50f2a6b
+				"i..e5b06d4a
+				"a..3f60195e
+				"s..737083de
+				"d..3498b2b6
+				"n..69291319
+			),..587b41b9
+			arr..d50f2a6b
+				"i..f5a8e404
+				"a..071ce4fb
+				"s..77c4fc3b
+				"d..683b4208
+				"n..dcae0a58
+			),..587b41b9
+			arr..d50f2a6b
+				"i..8852d479
+				"a..7fd9aed1
+				"s..3eb81504
+				"d..08ad67c5
+				"n..9ca37a18
+			),..587b41b9
+			arr..d50f2a6b
+				"i..f5bdcee3
+				"a..f9f06f3d
+				"s..aacebe45
+				"d..bb5f370d
+				"n..af3e34bf
+			),..587b41b9
+			arr..d50f2a6b
+				"i..f616d18d
+				"a..0cfd00a0
+				"s..e0fdd71b
+				"d..c0b0e676
+				"n..d7a1461e
+			),..587b41b9
+			arr..d50f2a6b
+				"i..bf2e4324
+				"a..405b2bef
+				"s..35af1d3e
+				"d..ae07a195
+				"n..97bff0b2
+			),..587b41b9
+			arr..d50f2a6b
+				"i..8c019315
+				"a..ba0928f1
+				"s..73b22d03
+				"d..3498b2b6
+				"n..89c89d9e
+			),..587b41b9
+			arr..d50f2a6b
+				"i..e983e53e
+				"a..bd932d37
+				"s..6c3e8e70
+				"d..c0b0e676
+				"n..b774d445
+			),..587b41b9
+			arr..d50f2a6b
+				"i..d9bc537c
+				"a..e4aaca72
+				"s..77a725ec
+				"d..c0b0e676
+				"n..cd5c2f7e
+			),..587b41b9
+			arr..d50f2a6b
+				"i..613711bc
+				"a..0c5d948c
+				"s..54bca538
+				"d..c0b0e676
+				"n..3c2fd797
+			),..587b41b9
+			arr..d50f2a6b
+				"i..10d4930b
+				"a..c6eda155
+				"s..297799f5
+				"d..c0b0e676
+				"n..be10cafe
+			),..587b41b9
+			arr..d50f2a6b
+				"i..3f9c4e05
+				"a..82d2fb08
+				"s..63c7713d
+				"d..c0b0e676
+				"n..3feb5954
+			),..587b41b9
+			arr..d50f2a6b
+				"i..fddfd63e
+				"a..60586e58
+				"s..f7163ddd
+				"d..ae07a195
+				"n..0a71b7ad
+			),..587b41b9
+			arr..d50f2a6b
+				"i..99aeefc7
+				"a..47b850ef
+				"s..62150a75
+				"d..c0b0e676
+				"n..dfb8b60b
+			),..587b41b9
+			arr..d50f2a6b
+				"i..9093e287
+				"a..81055d91
+				"s..7057dfbf
+				"d..c0b0e676
+				"n..78ce4436
+			),..587b41b9
+			arr..d50f2a6b
+				"i..3dcae2b0
+				"a..36406a3f
+				"s..44fe36e1
+				"d..ae07a195
+				"n..51a4b1e6
+			),..587b41b9
+			arr..d50f2a6b
+				"i..79163b64
+				"a..b41ebf70
+				"s..602ac5f5
+				"d..c0b0e676
+				"n..b511e82d
+			),..587b41b9
+			arr..d50f2a6b
+				"i..93652a67
+				"a..809e6dd1
+				"s..30fa3779
+				"d..ae07a195
+				"n..5762e478
+			),..587b41b9
+			arr..d50f2a6b
+				"i..61d7be78
+				"a..b0e08d42
+				"s..873afe04
+				"d..ae07a195
+				"n..59e9d5b6
+			),..587b41b9
+			arr..d50f2a6b
+				"i..04cc8ad8
+				"a..1534e060
+				"s..9c792c47
+				"d..c0b0e676
+				"n..6174e644
+			),..587b41b9
+			arr..d50f2a6b
+				"i..443691b6
+				"a..aef726ec
+				"s..1e83f046
+				"d..ae07a195
+				"n..707dbb8a
+			),..587b41b9
+			arr..d50f2a6b
+				"i..f6742ea3
+				"a..56e7846b
+				"s..7b3fdea1
+				"d..ae07a195
+				"n..52782ab4
+			),..587b41b9
+			arr..d50f2a6b
+				"i..026da925
+				"a..0aabe6d8
+				"s..0336b280
+				"d..ae07a195
+				"n..9ac36708
+			),..587b41b9
+			arr..d50f2a6b
+				"i..f82ae43c
+				"a..f17c2991
+				"s..2a1d6b5e
+				"d..c0b0e676
+				"n..232bc0b5
+			),..587b41b9
+			arr..d50f2a6b
+				"i..1cdfdf2e
+				"a..140b04d1
+				"s..c93a7a68
+				"d..c0b0e676
+				"n..61be9d43
+			),..587b41b9
+			arr..d50f2a6b
+				"i..542bb51f
+				"a..b323ab11
+				"s..126f50cf
+				"d..c0b0e676
+				"n..de19767d
+			),..587b41b9
+			arr..d50f2a6b
+				"i..e99bf81c
+				"a..14df33f6
+				"s..0cabe110
+				"d..c0b0e676
+				"n..d84995dd
+			),..587b41b9
+			arr..d50f2a6b
+				"i..6c92b403
+				"a..c40a6c0f
+				"s..26b54d5e
+				"d..08ad67c5
+				"n..98a8afb3
+			),..587b41b9
+			arr..d50f2a6b
+				"i..943d89a2
+				"a..5af50188
+				"s..92af43bd
+				"d..ae07a195
+				"n..bcccccaa
+			),..587b41b9
+			arr..d50f2a6b
+				"i..171420fc
+				"a..5fb405b0
+				"s..ab8a414c
+				"d..ae07a195
+				"n..daedfb19
+			),..587b41b9
+			arr..d50f2a6b
+				"i..e3ea435a
+				"a..8d4990fc
+				"s..aa04fc49
+				"d..c0b0e676
+				"n..b992946d
+			),..587b41b9
+			arr..d50f2a6b
+				"i..77252888
+				"a..935c5812
+				"s..fdf93e37
+				"d..ae07a195
+				"n..c1bf9fc9
+			),..587b41b9
+			arr..d50f2a6b
+				"i..2b63e27a
+				"a..8937c872
+				"s..e39894e2
+				"d..c0b0e676
+				"n..d753dc5f
+			),..587b41b9
+			arr..d50f2a6b
+				"i..6880ffc4
+				"a..30a84705
+				"s..452f7c8d
+				"d..c0b0e676
+				"n..0867077e
+			),..587b41b9
+			arr..d50f2a6b
+				"i..126315dc
+				"a..2b573dec
+				"s..ba94cd59
+				"d..ae07a195
+				"n..8b56baec
+			),..587b41b9
+			arr..d50f2a6b
+				"i..93d6ab42
+				"a..e3d0e20d
+				"s..42028305
+				"d..c0b0e676
+				"n..42cceb35
+			),..587b41b9
+			arr..d50f2a6b
+				"i..523bdffa
+				"a..0abb2725
+				"s..389c83ee
+				"d..c0b0e676
+				"n..8ecabf77
+			),..587b41b9
+			arr..d50f2a6b
+				"i..f9fa0180
+				"a..69ec83b4
+				"s..280843d0
+				"d..ae07a195
+				"n..d24b4396
+			),..587b41b9
+			arr..d50f2a6b
+				"i..77487f51
+				"a..1d1d5f8f
+				"s..26f505a0
+				"d..c0b0e676
+				"n..4df4583d
+			),..587b41b9
+			arr..d50f2a6b
+				"i..b0aeb9f6
+				"a..3e9e1381
+				"s..e055696b
+				"d..3498b2b6
+				"n..a8820598
+			),..587b41b9
+			arr..d50f2a6b
+				"i..a71b0f2c
+				"a..487838da
+				"s..c0ff1179
+				"d..af0234e1
+				"n..6de33edd
+			)..aab2e1e5
+		);..b567ceed
+	}..4ac95c51
-namesp..f532ec15
+namesp..343f938c
-	publi..6ef8f70a
+	publi..293fffe7
-	publi..d0f68b3c
+	publi..85163f96
-..55944f89
-	/**..441a7919
-	 * Ge..adac5e86
-	 *..763bd555
-	 * @r..ef620953
-	 */..69640813
-	publi..b9f3e836
-		$db ..0681d183
-		$sel..4b128458
-			->f..85409395
-			->o..dcb4a2f1
-			->l..7e3fc168
-		$row..6a5e8691
-		if (..c84b2ca0
-			$ro..071ff2ae
-			$ro..d775a04a
-			ret..c14071b6
-		}..8fbdc4ce
-		retu..21db0b08
-	}..496379a4