-using ..6891ff58
+using ..6077720c
+			if ..8bd911c5
+				re..971a2c79
-			if ..e70afb37
+			if ..86848370
-			Sup..5b8c638e
-			Sup..e760e7be
-			Sup..0b930ef2
+			Sup..296f7bad
+			Sup..c85e443d
+			Sup..050dcbf6
-			ret..65caa099
-			{..c396b131
-				Su..cc44264a
-				re..372fa5c6
-			});..0eeb4dac
+			ret..033a86e4
-				{n..67c42629
-				{n..08fc7a5a
-				{n..74748d91
-				{n..42b869fd
-				{n..a7c0be39
-				{n..a0203ab5
-				{n..40175aa0
-				{n..8d2cff2b
-				{n..d10234d0
-				{n..20d0894f
-				{n..6133fa2c
-				{n..50312adf
-				{n..91245720
-				{n..b688a13b
-				{n..0f83c102
-				{n..7a0243b0
-				{n..6ccde09e
-				{n..1efe9f97
-				{n..cf6a9794
-				{n..c6b60a2e
-				{n..c5364e01
-				{n..d64a0092
-				{n..f4ab8849
-				{n..02a50aec
-				{n..f69d0df2
-				{n..628b8831
-				{n..b220197c
-				{n..f4a397bf
-				{n..481ebac8
-				{n..88b96d2d
-				{n..a9d7e987
-				{n..64585de6
-				{n..78b21c41
-				{n..53ae11a0
-				{n..b149f281
-				{n..df19c614
-				{n..b22a2796
-				{n..5634d0db
-				{n..95708682
-				{n..c763bb2c
-				{n..8a7e762a
-				{n..68178482
-				{n..10d5c789
-				{n..2317f677
-				{n..69077a8f
-				{n..22da2f61
-				{n..04063bd3
-				{n..59596016
-				{n..23e0dc90
-				{n..2b5a186a
-				{n..873b3cd3
-				{n..3db88ed6
-				{n..89edbb34
-				{n..832d75bf
-				{n..84b5f29d
-				{n..a6c9049c
-				{n..bb679832
-				{n..4ce9a366
-				{n..2e4625d4
-				{n..3bc88886
-				{n..d9162194
-				{n..21bd793a
-				{n..00ced7c0
-				{n..bd617af0
-				{n..d014243f
-				{n..ab4adbdf
-				{n..31cbd57c
-				{n..743716b2
-				{n..e9cd483e
-				{n..4155efef
-				{n..56b32eb9
-				{n..0f5722bf
-				{n..441424fa
-				{n..5c758ca8
-				{n..3a17dbb8
-				{n..5cfc293b
-				{n..12aefaa9
-				{n..8c1eed2f
-				{n..51cbb45c
-				{n..01a6e0e4
-				{n..f5c33a29
-				{n..865076d7
-				{n..518ef7de
-				{n..d29a46b8
-				{n..b8692f67
-				{n..6fd3922d
-				{n..3635ffe7
-				{n..b9f9dd18
-				{n..ce7715fc
-				{n..1cdb24c5
-				{n..23091c2f
-				{n..72b8cc61
-				{n..88b2d797
-				{n..94c1d593
-				{n..f44d61e5
-				{n..e2ce5e92
-				{n..7441e545
-				{n..362532e5
-				{n..edbc89fc
-				{n..c5719a3a
-				{n..d5d5179c
-				{n..f4ec30f0
-				{n..921dd576
-				{n..0475745d
-				{n..12c47ceb
-				{n..98313ea9
-				{n..f216250d
-				{n..0b1addc0
-				{n..d73c2081
-				{n..9b3193fd
-				{n..aaddedd4
-				{n..1ddad10e
-				{n..59128bff
-				{n..40b7bb9d
-				{n..641dbc54
-				{n..e9e85440
-				{n..c3f99df8
-				{n..daa55aaf
-				{n..0ebead69
-				{n..988fcf41
-				{n..83b4f166
-				{n..7b9fd8bd
-				{n..f8c22915
-				{n..278f8b92
-				{n..e800e2e4
-				{n..926d5bd2
-				{n..3b2764d7
-				{n..47611506
-				{n..0a2a9138
-				{n..e387119a
-				{n..1e008b63
-				{n..7ee14ded
-				{n..c2f535fa
-				{n..66e55610
-				{n..5b0e1d0f
-				{..a4773a7e
-					n..1c92dc9c
-					"..00c1f043
-				},..d2003acb
-				{n..21552ffb
-				{n..7a89668c
-				{n..9eae8206
-				{n..d22a0218
-				{n..b5106da0
-				{n..1bf49376
-				{n..4345eb09
-				{n..208eaca6
-				{n..1d9bba87
-				{n..b69c0eab
-				{n..c38a3ec9
-				{n..b8df1637
-				{n..9dfa1bad
-				{n..90e1c801
-				{n..d54322ab
-				{n..9adadce0
-				{n..dfd88581
-				{n..e790dcca
-				{n..99d13726
-				{n..85853361
-				{n..e4a95529
-				{n..95c29108
-				{n..97821b3b
-				{n..7873004a
-				{n..7c0ce03f
-				{n..a58dab3d
-				{..a4773a7e
-					n..846d96e6
-					"..1ae8784e
-				},..d2003acb
-				{n..d89fc000
-				{n..119fe47d
-				{n..fbdb39be
-				{n..d43d91e9
-				{n..c4722262
-				{n..c17d576a
-				{n..d7d06d5f
-				{n..609c13e8
-				{n..979143cd
-				{n..082771d4
-				{n..29484b3c
-				{n..7fecfeda
-				{n..0b1b02fc
-				{n..fd5168bd
-				{n..9ac28428
-				{n..a418162a
-				{n..305323f1
-				{n..71f1c84e
-				{n..6265d722
-				{n..ab0f2285
-				{n..16b1e2e5
-				{n..f4167ce5
-				{n..770bd599
-				{n..8e17119f
-				{n..8f8410ac
-				{n..849b52e3
-				{n..e6b536a6
-				{n..8594b028
-				{n..3645cd4e
-				{n..1706b451
-				{n..a7fbcc27
-				{n..ee2248f1
-				{n..dfcdf4aa
-				{n..a75e6b54
-				{n..ef88b63b
-				{n..3b53c7ac
-				{n..79fb2813
-				{..a4773a7e
-					n..044d87ce
-					"..7ea2a1fc
-				},..d2003acb
-				{n..09f7e36d
-				{n..c4141db4
-				{n..603de246
-				{n..010b2090
-				{n..189031f4
-				{..a4773a7e
-					n..58c87fe7
-					"..92480169
-				},..d2003acb
-				{n..891dcacf
-				{n..a22574ae
-				{n..1200dc06
-				{n..c5148a8d
-				{n..0bbf2a41
-				{n..146df458
-				{n..3b9d4a91
-				{n..086eb926
-				{n..cb388797
-				{n..f3d3ab9a
-				{n..15a0fe7e
-				{n..51b94067
-				{n..041220f1
-				{n..56b22005
-				{n..a10441c9
-				{n..91a7c2c9
-				{n..c077282f
-				{n..647beb37
-				{n..6ff4b1a2
-				{n..ebc32449
-				{n..25b1de08
-				{n..232a938d
-				{n..85a5d4f7
-				{n..b2b34df4
-				{n..6f5724f5
-				{n..8b104c1e
-				{n..6b8b8558
-				{n..84e5b4b7
-				{n..6d9e53f2
-				{n..fab1e596
-				{n..39a954c3
-				{n..df6e6452
-				{n..36d76b41
-				{n..ba82cf42
-				{n..4a811992
-				{n..e738db0f
-				{n..86116243
-				{n..8f8b7036
-				{n..97a664eb
-				{n..b5895228
-				{n..8db75be9
-				{n..14b0c759
-				{n..443a5f3f
-				{n..cecabb28
-				{n..068db96e
-				{n..329e053b
-				{n..3674b6ae
-				{n..4db649b0
-				{n..97757652
-				{n..bd66b5c6
-				{n..13d0740d
-				{n..37d2c77a
-				{n..19aeca64
-				{n..047bf192
-				{n..f7939d29
-				{n..e307cf50
-				{n..0d42b388
-				{n..5f257458
-				{n..381da882
-				{n..0ee337df
-				{n..f37f4d60
-				{n..848aeeca
-				{n..3cf15188
+				{n..79c6d0e2
+				{n..b1173c5b
+				{n..7944dbeb
+				{n..6988468d
+				{n..f9bdc688
+				{n..ec2c0115
+				{n..eb66d4d4
+				{n..0ca90e7b
+				{n..0bd193d0
+				{n..17c27b78
+				{n..11111076
+				{n..e4b7c006
+				{n..57ce29c0
+				{n..72e3f54d
+				{n..07305c08
+				{n..4f5a8e5b
+				{n..b5def00e
+				{n..6b69c7a4
+				{n..0812289f
+				{n..c1e72bb5
+				{n..56af4015
+				{n..2512844d
+				{n..6de45753
+				{n..62fba4c8
+				{n..11aaca5b
+				{n..e63eddc4
+				{n..c2ca2c34
+				{n..ce5362eb
+				{n..7df50551
+				{n..5bac58eb
+				{n..13d588aa
+				{n..d6a2a936
+				{n..5f326e40
+				{n..2bd16a47
+				{n..3e7c03db
+				{n..bf6909ac
+				{n..2328414c
+				{n..a98a9db5
+				{n..a6cb7673
+				{n..f523dde1
+				{n..ac1f802f
+				{n..7a328d6b
+				{n..386f996b
+				{n..cf30e41b
+				{n..e25d2395
+				{n..8520f5aa
+				{n..b4dafae4
+				{n..1e1c7d6d
+				{n..e71c5db9
+				{n..6bace88c
+				{n..049a94aa
+				{n..88c80f84
+				{n..23276fa1
+				{n..a705036e
+				{n..fa759f44
+				{n..1d7f402c
+				{n..10b54978
+				{n..ecec7c1e
+				{n..abfd8522
+				{n..d575ed8a
+				{n..fceb5f5e
+				{n..2b1ce4bc
+				{n..31a88a37
+				{n..fc149a5e
+				{n..0ece0925
+				{n..f5a80b2d
+				{n..b94e3de5
+				{n..66c5526a
+				{n..ab520740
+				{n..d6a48b6b
+				{n..0527e4b7
+				{n..883045f1
+				{n..3bfdd6b8
+				{n..ad5c88cb
+				{n..767182d9
+				{n..0846afaf
+				{n..b0fc28f8
+				{n..58ff5fb2
+				{n..c60fc5b8
+				{n..3d906729
+				{n..f692cde1
+				{n..05cc5bec
+				{n..c937b6e9
+				{n..61d7f0d5
+				{n..9805a8bd
+				{n..f1a5a088
+				{n..87ac2c91
+				{n..f2c5fd23
+				{n..f9e8eab2
+				{n..0b2c617c
+				{n..bfa3d4f6
+				{n..c7c1e5d5
+				{n..eeadea25
+				{n..5e7c0704
+				{n..4ca5ed83
+				{n..91dddc25
+				{n..0617e730
+				{n..957f7a5f
+				{n..393876f0
+				{n..b1569cce
+				{n..1e62c70d
+				{n..bbeb4033
+				{n..f6a726d0
+				{n..bb87993c
+				{n..c79caa5f
+				{n..0d02afbd
+				{n..f75e09c0
+				{n..4cd94041
+				{n..1a13e0cc
+				{n..9ea4e459
+				{n..5cd6431c
+				{n..4f1e410f
+				{n..3faaf437
+				{n..75ed24bc
+				{n..520f7af1
+				{n..99a44ee1
+				{n..4314c309
+				{n..eff9cef4
+				{n..7b6f7358
+				{n..3804385d
+				{n..fcb59ee3
+				{n..60ca53bd
+				{n..0c07b534
+				{n..1915b6ec
+				{n..003dc66a
+				{n..7240adcb
+				{n..0d8cf93c
+				{n..b4c8ab72
+				{n..dd656b5f
+				{n..f6b1dc56
+				{n..6da5b325
+				{n..1e8eda59
+				{n..70fa64ab
+				{n..acd77d11
+				{n..8c720cdb
+				{n..a8fe2a1c
+				{n..948862ca
+				{n..5dac088a
+				{n..7a12283a
+				{n..09081fc3
+				{n..a573494a
+				{n..a253bebc
+				{n..bae16ac0
+				{n..6759d691
+				{n..57bb2a61
+				{n..95e69c1a
+				{n..1805c08d
+				{n..4cf9a9b7
+				{n..e5ce6de0
+				{n..cb48bf98
+				{n..93df6602
+				{n..ed0d02b6
+				{n..ee4a879c
+				{n..a1fc073c
+				{n..a3a9cdb3
+				{n..32c1ced8
+				{n..eb657d4b
+				{n..48c71871
+				{n..aa13fde8
+				{n..a11f2edd
+				{n..f0d96319
+				{n..59f790ce
+				{n..c3d78b6a
+				{n..a3539d4c
+				{n..cb4b9ffe
+				{n..c9c630f3
+				{n..b78e0633
+				{n..0963d059
+				{n..33bfcd15
+				{n..539545b7
+				{n..45937320
+				{n..f6c361aa
+				{n..994046c7
+				{n..3cd29654
+				{n..838e4834
+				{n..82223111
+				{n..a098ab5b
+				{n..4a0569ed
+				{n..985bdf45
+				{n..84c26b5b
+				{n..66a73757
+				{n..39aeb4ce
+				{n..80c053cc
+				{n..2704d480
+				{n..2f580896
+				{n..badde3dd
+				{n..c77f4119
+				{n..b6413ad8
+				{n..695297c2
+				{n..5ac867ee
+				{n..2f5af190
+				{n..c5a49b86
+				{n..a0530d69
+				{n..322c7e05
+				{n..bf2dfd3f
+				{n..f27b70f7
+				{n..96d7d038
+				{n..e0877f9b
+				{n..e3b1bae2
+				{n..54a93d7c
+				{n..6f289bde
+				{n..f344d913
+				{n..5c12dc3a
+				{n..d337d08a
+				{n..1c26f36d
+				{n..01c4b016
+				{n..1ae51f83
+				{n..213127ab
+				{n..38f5796f
+				{n..a8f41743
+				{n..9b2d58b9
+				{n..c8fa1df6
+				{n..a8f4bb06
+				{n..d04b7c80
+				{n..0c575408
+				{n..f8ad43a3
+				{n..fd421511
+				{n..c8590b91
+				{n..106975a9
+				{n..c824f566
+				{n..4a895b14
+				{n..f4ca5e2c
+				{n..22edf3bc
+				{n..1c9b1134
+				{n..1db4ad44
+				{n..dcfacd30
+				{n..75c424a1
+				{n..5b199b71
+				{n..afaf6616
+				{n..0fbb85c9
+				{n..13da53a1
+				{n..f6157a87
+				{n..f23e21dc
+				{n..06fc3acd
+				{n..b37257a6
+				{n..2bd05660
+				{n..c46907d3
+				{n..419c10c2
+				{n..83334973
+				{n..4aca0955
+				{n..4e22f37e
+				{n..655e5186
+				{n..7c83fab2
+				{n..b9221e16
+				{n..6b14a237
+				{n..ff988c0b
+				{n..685e8fa5
+				{n..749bbafb
+				{n..c966813b
+				{n..18f19780
+				{n..e0f6429a
+				{n..649fff4d
+				{n..ffd82353
+				{n..82b1b36d
+				{n..cfd6ab4e
+				{n..949a37d2
+				{n..d16e4a6d
+				{n..9cb78d4d
+				{n..bd4f2f6c
+				{n..661a0bbe
+				{n..d376c923
+				{n..798d940a
+				{n..fe47a0b1
+				{n..6409b21f
+				{n..fc589f90
+				{n..4d144a6b
+				{n..0a08728a
+				{n..cd7bfaca
+				{n..3dbfe2ba
+				{n..6e838f47
+				{n..5b5d6609
+				{n..dda7d095
+				{n..055354e9
+				{n..5cd28b88
+				{n..c381f77f
+				{n..4dc6d687
+				{n..2378a56d
+				{n..0c3baf67
+				{n..2cbb48cc
+				{n..b086e332
+				{n..7cf22fe8
+				{n..7f02fbe2
+				{n..ce74548c
+				{n..2a8ea88f
+				{n..2935327c
+				{n..a514689a
+				{n..d84d7a13
+				{n..f7f9e3a9
+				{n..e94ce87c
+				{n..ab112af1
+				{n..e8bb94c9
+				{n..e7ff0506
+				{n..f922ce3a
+				{n..15af1e5f
+				{n..262c03a1
+				{n..2869e2f6
+				{n..a5d7cb2e
+				{n..feed0092
+				{n..05f6d53d
+				{n..9249bf3e
+				{n..fc78ae5d
+				{n..df91050b
+				{n..886ef82f
+				{n..6bf4aa41
+				{n..deac1cd0
+				{n..f1299d27
+				{n..3d03e9f5
+				{n..4f1321fc
+				{n..b07bd819
+				{n..eabc9096
+				{n..035c293e
+				{n..258f143a
+				{n..0b288bc5
+				{n..a07ee90f
+				{n..436827fc
+				{n..4e6c4987
+				{n..2fe96b11
+				{n..8ea5724c
+				{n..e608654c
+				{n..414ee7fc
+				{n..d870c98b
+				{n..a17f8a74
+				{n..546904a5
+				{n..4b3b5df6
+				{n..ae4daa87
+				{n..d2987c9b
+				{n..c8343534
+				{n..3c426da6
+				{n..1eb72352
+				{n..9ad44c24
+				{n..b7c6836c
+				{n..dce39d4a
+				{n..0c538e1f
+				{n..223da864
+				{n..a39c1928
+				{n..2847388e
+				{n..30335750
+				{n..04ef3237
+				{n..cbc1057e
+				{n..673c9519
+				{n..42b7bd01
+				{n..5d3dde8a
+				{n..7e85d532
+				{n..43b31945
+				{n..bf34909b
+				{n..e732c104
+				{n..6c526c8e
+				{n..dab61dab
+				{n..7b1eb943
+				{n..ccb7b5c0
+				{n..95135506
+				{n..150dea06
+				{n..c59a91ee
+				{n..60002de8
+				{n..8b1b1692
+				{n..c35cc466
+				{n..e5c9e0e5
+				{n..11004c3d
+				{n..ec7e1063
+				{n..d478c8b2
+				{n..7795c804
+				{n..2f93c989
+				{n..56612ed1
+				{n..aabe2ea8
+				{n..ec293aa1
+				{n..d679cbe0
+				{n..c1c74aaa
+				{n..4fc33422
+				{n..ebe8c698
+				{n..568475b8
+				{n..7bf0013a
+				{n..1914e8a4
+				{n..6639f8b7
+				{n..7fa124c6
+				{n..13e91826
+				{n..11e69124
+				{n..1f572d60
+				{n..ac8d4354
+				{n..e467fb70
+				{n..58b26909
+				{n..ec1b11fb
+				{n..4e0206eb
+				{n..e2ad6ea0
+				{n..27d86054
+				{n..ea61af90
+				{n..f4d224eb
+				{n..9ffd65e2
+				{n..285f1fbf
+				{n..18f8feb4
+				{n..ac4f0727
+				{n..25f53ee3
+				{n..3a1760f1
+				{n..3324025f
+				{n..9f1cb702
+				{n..a8b305a3
+				{n..5a2b2d3a
+				{n..4de0c5bf
+				{n..7719467c
+				{n..e88887d0
+				{n..5e6b41b6
+				{n..80bf6fd4
+				{n..60ad6489
+				{n..b822733a
+				{n..a3974a8b
+				{n..6ff5722a
+				{n..0db7ff3d
+				{n..3a3eae43
+				{n..19464db4
+				{n..e02ea048
+				{n..e50ed309
+				{n..a41e2340
+				{n..6ffc0a43
+				{n..22fb0bc9
+				{n..1bcc9b70
+				{n..fcadfee7
+				{n..db12f547
+				{n..2cca77be
+				{n..eb6dbf2b
+				{n..33b5c09e
+				{n..77d0bf4a
+				{n..81af3680
+				{n..b3558b0f
+				{n..4225770d
+				{n..4f34537a
+				{n..52256b9c
+				{n..9226a1da
+				{n..fbf8eb9d
+				{n..4cff1c4a
+				{n..e412b31d
+				{n..292e299f
+				{n..fafc04af
+				{n..995aa46f
+				{n..74b0a3bc
+				{n..b3b1def2
+				{n..2603bb16
+				{n..932cb225
+				{n..40d999d4
+				{n..0971829f
+				{n..0f6bf1d8
+				{n..e1578a03
+				{n..85cbcb54
+				{n..3384d6b8
+				{n..411ac19d
+				{n..99724e4b
+				{n..54a0548a
+				{n..2e2ce411
+				{n..b58ace2e
+				{n..612bd7dc
+				{n..08f0bebf
+				{n..904e6462
+				{n..9c6232c9
+				{n..d66c2a58
+				{n..3b362468
+				{n..ac8a25d2
+				{n..7dee80a6
+				{n..248cb54f
+				{n..24e0dcee
+				{n..837f4eb1
+				{n..ea54f9b4
+				{n..692be175
+				{n..c18a19d0
+				{n..df2e1fdd
+				{n..399e661b
+				{n..c3978239
+				{n..d85a6ae2
+				{n..8d0f9027
+				{n..cfa1dcb9
+				{n..5a1867cf
+				{n..0702a276
+				{n..84b6a072
+				{n..870c08aa
+				{n..493c8017
+				{n..3417d24c
+				{n..12cdd934
+				{n..e6367081
+				{n..67b1d197
+				{n..b631ad21
+				{n..5f1edd6c
+				{n..efe901df
+				{n..17d35937
+				{n..c156e373
+				{n..9e2cb585
+				{n..a43e3937
+				{n..6631c51b
+				{n..5c198c21
+				{n..69e1a364
+				{n..22bd1ec1
+				{n..9305c104
+				{n..78e33dd8
+				{n..e1526153
+				{n..ae4acbff
+				{n..4d24c172
+				{n..8b55d4ed
+				{n..1845a313
+				{n..b997f0c1
+				{n..beb4c27a
+				{n..6dd34ddd
+				{n..734634ab
+				{n..ef234a57
+				{n..815b9809
+				{n..10b14f93
+				{n..d4f1f3c7
+				{n..b94918e1
+				{n..fb12bdac
+				{n..ec140c92
+				{n..cf0a7cfa
+				{n..93468b7b
+				{n..4b0e007f
+				{n..f61b6296
+				{n..67e6793e
+				{n..74c8cc75
+				{n..5576a316
+				{n..780033f3
+				{n..3ac74ba2
+				{n..37fecd7f
+				{n..68ced3cd
+				{n..b78cada6
+				{n..1f2fb67c
+				{n..d5be3102
+				{n..78478d1c
+				{n..af320010
+				{n..9ab54fdb
+				{n..f7d498a4
+				{n..88731fed
+				{n..55fe589c
+				{n..c9368dbf
+				{n..a08efe31
+				{n..80381bdb
+				{n..7b66552c
+				{n..8d836a23
+				{n..b39f69b0
+				{n..80c684d9
+				{n..06eebe55
+				{n..b4d2f5e3
+				{n..4d31a61c
+				{n..2257711d
+				{n..9a82994a
+				{n..9d493054
+				{n..009649e0
+				{n..dbe680d5
+				{n..9fd2778e
+				{n..2d4b9330
+				{n..8800a57b
+				{n..85e426fa
+				{n..f8385656
+				{n..ed5e3a0d
+				{n..34167b43
+				{n..8b2a08f9
+				{n..c425a094
+				{n..5c14a623
+				{n..c75eb1cf
+				{n..9b662467
+				{n..4aed8d7d
+				{n..9113413b
+				{n..898c840d
+				{n..4b4df9d7
+				{n..2e1170c5
+				{n..6e614804
+				{n..a60fec9f
+				{n..a01025a7
+				{n..84e711f1
+				{n..b7e9518a
+				{n..00925551
+				{n..008cddca
+				{n..044b4674
+				{n..5318bcb8
+				{n..ca963e8d
+				{n..06012b4d
+				{n..00756800
+				{n..e8f89a4f
+				{n..1d305faa
+				{n..3711ca25
+				{n..197c5883
+				{n..3f6b18c4
+				{n..773d0c09
+				{n..edd3c4dc
+				{n..317ec38b
+				{n..b32e680a
+				{n..2c79873c
+				{n..9da4db56
+				{n..42e5038d
+				{n..df24028e
+				{n..33eea7eb
+				{n..b63fdf1a
+				{n..b85130f0
+				{n..06e75d70
+				{n..487debec
+				{n..318ae977
+				{n..9876b6a8
+				{n..d8157b70
+				{n..0d9059ed
+				{n..e9c69bc1
+				{n..b269bf04
+				{n..ea4716dd
+				{n..9a18b0bd
+				{n..88a6b261
+				{n..c9322c16
+				{n..e66e45f2
+				{n..243e83a8
+				{n..d05fcc67
+				{n..27ad597c
+				{n..f0c88fa5
+				{n..3fc7c79b
+				{n..2a62706a
+				{n..716c74cd
+				{n..97f0771c
+				{n..5a817c2e
+				{n..09235ab1
+				{n..2659a012
+				{n..6dfae9ff
+				{n..1a3b91ea
+				{n..9e69bba7
+				{n..f3cfac53
+				{n..5b681618
+				{n..9f8f7256
+				{n..440cc544
+				{n..4fa2e380
+				{n..d985a775
+				{n..3cd144e5
+				{n..32196d4f
+				{n..94a7f90e
+				{n..263d937b
+				{n..f9dfd0ce
+				{n..ec570cb3
+				{n..29105502
+				{n..5c3287d8
+				{n..6ffa2128
+				{n..61cf1c67
+				{n..2e6e470b
+				{n..00361473
+				{n..20ccb4f1
+				{n..8ca57565
+				{n..d925f5b6
+				{n..0edbc20a
+				{n..2adc0eb7
+				{n..39956c30
+				{n..97cc5fb7
+				{n..fc86cbb1
+				{n..59345034
+				{n..89505119
+				{n..19d35d6b
+				{n..f8d746c7
+				{n..deff22ee
+				{n..6ff55e35
+				{n..602b3401
+				{n..dee96b99
+				{n..bd7c8c5d
+				{n..fb3e9917
+				{n..f4c35b6c
+				{n..28dd2026
+				{n..ce5ab7c1
+				{n..2744dd85
+				{n..a488d9c0
+				{n..b1839358
+				{n..8da965da
+				{n..5cb8be20
+				{n..1249759c
+				{n..ec2799a0
+				{n..bd45ec8d
+				{n..8d0f31d9
+				{n..bb97f982
+				{n..fc55b4d7
+				{n..9b1e215c
+				{n..2f54d670
+				{n..0c16f3b4
+				{n..1925a8e5
+				{n..a8ada4fb
+				{n..1bb2c045
+				{n..3a32d027
+				{n..5fc6b0b0
+				{n..ef6ae620
+				{n..d971f178
+				{n..14e09f16
+				{n..03c06cdf
+				{n..1c52dd60
+				{n..d0bf960e
+				{n..ea0c7d97
+				{n..97c967ce
+				{n..729a6e6d
+				{n..ebfaa45d
+				{n..a4809b9b
+				{n..c7004770
+				{n..f037aa6b
+				{n..49cfd4ee
+				{n..7b3432a2
+				{n..972e5463
+				{n..0cd9a843
+				{n..3e38a357
+				{n..83e77fbe
+				{n..109660ae
+				{n..72238297
+				{n..2493de7e
+				{n..43e318aa
+				{n..6ff854f9
+				{n..20b082b7
+				{n..5a0b307f
+				{n..8dae8ccb
+				{n..6fed3a5a
+				{n..886fa837
+				{n..fb22a874
+				{n..bfa9cbdf
+				{n..e2426d24
+				{n..408691ae
+				{n..2ca727e3
+				{n..84a4eeb8
+				{n..368e9421
+				{n..b22d7513
+				{n..f0c00a62
+				{n..550f7906
+				{n..c81996ed
+				{n..a9229986
+				{n..ee5897bd
+				{n..4b845f70
+				{n..810fca7b
+				{n..fb1f5339
+				{n..538642a7
+				{n..566d414e
+				{n..3d07dd23
+				{n..c5a9276c
+				{n..c627d4b7
+				{n..c1a8949f
+				{n..f2e8b0bc
+				{n..1ee6f3e6
+				{n..de62b153
+				{n..7eaf707e
+				{n..f13dc924
+				{n..ad6145a1
+				{n..3afd08a1
+				{n..598f04f5
+				{n..f72fd274
+				{n..470adb98
+				{n..529e6cf5
+				{n..38c4639e
+				{n..3fe7a0eb
+				{n..3512e3d9
+				{n..bba0cbd0
+				{n..2653e959
+				{n..94dbfe64
+				{n..f6b76e66
+				{n..082068bd
+				{n..7f82b342
+				{n..d28c4920
+				{n..b04d703e
+				{n..d5a303ea
+				{n..9a51b323
+				{n..9fa46752
+				{n..c03f3b7f
+				{n..83804380
+				{n..f5030c8b
+				{n..fb794da1
+				{n..9c945d13
+				{n..4f5f81f7
+				{n..63435139
+				{n..9298a8c0
+				{n..a7c0b6f4
+				{n..f903a1c7
+				{n..b7af33ed
+				{n..51e279e7
+				{n..44c7b61c
+				{n..319e1e98
+				{n..28775837
+				{n..f9c080ff
+				{n..37a31a25
+				{n..f02050f1
+				{n..f0c37ec7
+				{n..e2b29dbe
+				{n..15108b36
+				{n..c069dabc
+				{n..af7b6fa4
+				{n..2ef767b2
+				{n..c194d190
+				{n..70b63f44
+				{n..bcc518e2
+				{n..90c4b09a
+				{n..260ba43a
+				{n..5183561c
+				{n..7616768d
+				{n..c1dc3a4a
+				{n..bd795d30
+				{n..a9e8f1cf
+				{n..cd85a9d7
+				{n..f29ba0bc
+				{n..7bf9dae3
+				{n..6d6615fe
+				{n..95a1f010
+				{n..47c3e338
+				{n..0da8afb5
+				{n..0c666b86
+				{n..4247f0e8
+				{n..b60c13fc
+				{n..6f36ff4b
+				{n..48c8cc6c
+				{n..5adee6f1
+				{n..d8e76c20
+				{n..a83f4d4c
+				{n..fd8a96c8
+				{n..e3d0ca00
+				{n..4cb70db4
+				{n..977c74ef
+				{n..ad6e22e8
+				{n..ae953d8f
+				{n..f6fa7798
+				{n..0b2c7719
+				{n..2cdf82b8
+				{n..9d46be22
+				{n..4627d7c5
+				{n..768932ab
+				{n..9d058ff2
+				{n..af64a66d
+				{n..71a6064c
+				{n..ddf6bf98
+				{n..fc241fdf
+				{n..5570fdf9
+				{n..4a0a0e47
+				{n..b2c8f524
+				{n..f18560cc
+				{n..acdd0b06
+				{n..26e0b53c
+				{n..708dcfed
+				{n..3dbba6d2
+				{n..dedc86ee
+				{n..6efbfb80
+				{n..e3a0d117
+				{n..0147cb6d
+				{n..9acd578f
+				{n..30077ebc
+				{n..9f98e664
+				{n..20ed28bc
+				{n..d539dfd4
+				{n..810c72e0
+				{n..bd7c808d
+				{n..ab6cb8f5
+				{n..8294b1e8
+				{n..516629e1
+				{n..e6737fe2
+				{n..93d5e31a
+				{n..938750c3
+				{n..9d39b5d4
+				{n..0f80fa81
+				{n..a38f59f0
+				{n..60823d7a
+				{n..68bc73a6
+				{n..b991705d
+				{n..3d56a207
+				{n..7a659406
+				{n..c529f701
+				{n..b58faccb
+				{n..261e8a9e
+				{n..e9eca3c6
+				{n..c58b1ff3
+				{n..f082a16d
+				{n..eceaa23a
+				{n..695dad28
+				{n..e3415167
+				{n..d18526f1
+				{n..031b8a39
+				{n..ab6341fb
+				{n..c6e27924
+				{n..16e0f0a1
+				{n..ba393fd8
+				{n..5cd1bd20
+				{n..90060823
+				{n..74ba9719
+				{n..df777fb6
+				{n..b247f9a9
+				{n..3a037e5f
+				{n..287a8763
+				{n..5c1cfe28
+				{n..40e8d849
+				{n..d4e50418
+				{n..a4953a7c
+				{n..d40cd4b7
+				{n..f20f5c8e
+				{n..6f7daeac
+				{n..6fcd4b1e
+				{n..c4366abf
+				{n..1a00c87c
+				{n..2f252da9
+				{n..e85e3106
+				{n..0db661ea
+				{n..35eeb7ae
+				{n..c2956363
+				{n..86754713
+				{n..18c43571
+				{n..d8059154
+				{n..f7a9dd56
+				{n..7b8394df
+				{n..59c412de
+				{n..ccfb5f3d
+				{n..700df5c7
+				{n..d785103b
+				{n..a1bae1e3
+				{n..fb5eb6ce
+				{n..db12f202
+				{n..2b7735e0
+				{n..4bf8ac46
+				{n..db066f17
+				{n..19db2f02
+				{n..0b52b4a2
+				{n..6b305d1d
+				{n..acdca8ea
+				{n..ca7ea5c1
+				{n..6eaf5ad3
+				{n..b94aaee8
+				{n..6ed0818c
+				{n..b01b6c08
+				{n..fe12d71c
+				{n..9222a748
+				{n..35be9242
+				{n..756f7f62
+				{n..890e665c
+				{n..a046320f
+				{n..aec668df
+				{n..a25a4d54
+				{n..1afd255c
+				{n..12ef8658
+				{n..d696b48f
+				{n..e625c6ee
+				{n..f36d6272
+				{n..e6307436
+				{n..3940df22
+				{n..48f2714e
+				{n..aafb1efe
+				{n..5c2bfbbb
+				{n..62727efd
+				{n..e7f3e7eb
+				{n..2a85ab74
+				{n..8f5384dd
+				{n..53f6351e
+				{n..044f3c05
+				{n..0bdd2f6c
+				{n..9faee9c8
+				{n..aaf9b836
+				{n..84e4df51
+				{n..2833e8cd
+				{n..5f8e98c8
+				{n..1429371f
+				{n..fd42de61
+				{n..2e24783b
+				{n..8050ab83
+				{n..6281d018
+				{n..f0204372
+				{n..056e25f8
+				{n..2c96f370
+				{n..0248fa63
+				{n..8bc2aaba
+				{n..fcbb396b
+				{n..3b65fa51
+				{n..7b404074
+				{n..b6504c20
+				{n..f85aa0f5
+				{n..b70ad3ef
+				{n..86233827
+				{n..14c3cf6e
+				{n..39ca2c0d
+				{n..c1e0f222
+				{n..dfde2baa
+				{n..c63bc1db
+				{n..d74652b0
+				{n..8a86875b
+				{n..21825c6b
+				{n..5440264a
+				{n..95a185ba
+				{n..811bcf15
+				{n..afeb0389
+				{n..35d9b4f8
+				{n..b6633889
+				{n..4969e30d
+				{n..996226b4
+				{n..1c723170
+				{n..5f09249d
+				{n..87aac939
+				{n..c58a5e40
+				{n..5b9863c8
+				{n..65de4e79
+				{n..923a02e2
+				{n..ae45051b
+				{n..023dce68
+				{n..fabc96c8
+				{n..6f89f8d5
+				{n..0f94a52d
+				{n..2ea2915d
+				{n..7d0c1d1f
+				{n..5ba8d734
+				{n..26700dde
+				{n..e6fb4910
+				{n..a9516301
+				{n..04fa173a
+				{n..9822d9e2
+				{n..96f816a3
+				{n..66f2b470
+				{n..142d905f
+				{n..4c726244
+				{n..f122388f
+				{n..76ff12c1
+				{n..783e276e
+				{n..b829b1da
+				{n..3244938c
+				{n..209a10ba
+				{n..c1f6eee7
+				{n..172c86b1
+				{n..eae4e64e
+				{n..c09bfe0d
+				{n..910ce9fd
+				{n..e28c0553
+				{n..40b0fedf
+				{n..ab01d7b8
+				{n..5bc0c38f
+				{n..b3970ece
+				{n..8d9193c6
+				{n..153f36b3
+				{n..7f1e2547
+				{n..910c040b
+				{n..9ea8a27c
+				{n..4b16cfc8
+				{n..8f2a7d1b
+				{n..e29f9ba4
+				{n..b2641299
+				{n..cfd471f4
+				{n..fc6df57e
+				{n..fa987580
+				{n..4d48be55
+				{n..4b18156f
+				{n..0f02d28f
+				{n..2050b1f9
+				{n..5adec865
+				{n..2cf780fe
+				{n..d3c183b4
+				{n..4756f09f
+				{n..32db0ae6
+				{n..304808a7
+				{n..57a3c4e6
+				{n..db390bdf
+				{n..bd9fcb0b
+				{n..90bc54fc
+				{n..cc21c9ea
+				{n..39e402d5
+				{n..76dd111f
+				{n..2c07ce76
+				{n..d704cf45
+				{n..4ca3754a
+				{n..bdb1e525
+				{n..0b77f525
+				{n..df3aa5eb
+				{n..2a59584f
+				{n..1776cce6
+				{n..d87a6e7e
+				{n..ae1eb74c
+				{n..1e74537b
+				{n..2321e6b5
+				{n..f69bcfee
+				{n..b4f29ffb
+				{n..ad8c439a
+				{n..15b59187
+				{n..3ab375c8
+				{n..cd187735
+				{n..438ef83d
+				{n..1909361d
+				{n..1b05a615
+				{n..bd9952de
+				{n..8432a9c8
+				{n..024758be
+				{n..37053539
+				{n..27b81d14
+				{n..50e4b42d
+				{n..bd9d37f2
+				{n..91522747
+				{n..7ad11446
+				{n..da4870de
+				{n..92efb112
+				{n..f454f309
+				{n..b3d23d9c
+				{n..cf29190f
+				{n..fa08e426
+				{n..8aeafdcb
+				{n..5ac9d2ad
+				{n..9c93b539
+				{n..1724ca19
+				{n..2f1834d3
+				{n..bdc45088
+				{n..4d644ac2
+				{n..522b8e80
+				{n..344d5e79
+				{n..fcccd426
+				{n..4a292fcf
+				{n..ed64b606
+				{n..351caca2
+				{n..45dfdcdf
+				{n..630497d9
+				{n..55e663f9
+				{n..dc4faaf6
+				{n..94cfd7bc
+				{n..72f17d41
+				{n..f9abeef0
+				{n..fceb44f3
+				{n..76878ae1
+				{n..71e434ac
+				{n..24aa3e31
+				{n..8811de00
+				{n..d9768b83
+				{n..3483b222
+				{n..4ba0c76f
+				{n..a92c0a3b
+				{n..9a22fe2f
+				{n..f93ebeef
+				{n..14d0840d
+				{n..bf462c46
+				{n..c1d4696a
+				{n..1b9c4951
+				{n..e8a79937
+				{n..11653450
+				{n..c33f214c
+				{n..7c8baff8
+				{n..7a2daf8a
+				{n..a21d8493
+				{n..868c47ee
+				{n..b2aa5367
+				{n..dc4b207c
+				{n..72a23530
+				{n..864124a4
+				{n..18a7e31d
+				{n..a5c38b50
+				{n..a154937e
+				{n..5e8d58cb
+				{n..2d95c51a
+				{n..4e06eac7
+				{n..03114852
+				{n..fcc9be84
+				{n..5e82ed0f
+				{n..70fdf2c2
+				{n..a0677362
+				{n..e5dd2e63
+				{n..206130dd
+				{n..72f89be4
+				{n..6834a792
+				{n..b567e6a0
+				{n..35aeffca
+				{n..518a059c
+				{n..8625b54a
+				{n..80154f9c
+				{n..e0b732ba
+				{n..48bd5482
+				{n..7c83aa25
+				{n..bf99a690
+				{n..2b2cde76
+				{n..a781943d
+				{n..c8adfd21
+				{n..85043a9e
+				{n..c0629363
+				{n..af45ed8f
+				{n..b6c11031
+				{n..64fd583a
+				{n..c696f719
+				{n..07496d3a
+				{n..ac742d1d
+				{n..2e190531
+				{n..88a98ad1
+				{n..00a4b361
+				{n..9dd0feed
+				{n..124f342d
+				{n..c7415117
+				{n..310f3e68
+				{n..f4b24cee
+				{n..74ea9940
+				{n..d6460221
+				{n..96da5c04
+				{n..50300d25
+				{n..7e71b97d
+				{n..19409143
+				{n..c01b6428
+				{n..34861af6
+				{n..2dced70c
+				{n..3d4da0e0
+				{n..303e2649
+				{n..d3e19e12
+				{n..1911a746
+				{n..8be04a8c
+				{n..f76482fa
+				{n..0a80420e
+				{n..afa84b6b
+				{n..465cc22f
+				{n..c7a6d2e1
+				{n..b7efdc94
+				{n..e98b2f51
+				{n..8d782af7
+				{n..9f6cfbc5
+				{n..ce8d9a07
+				{n..57f8ff1c
+				{n..438c947e
+				{n..de5fdaad
+				{n..18e7e950
+				{n..6f6a3a67
+				{n..1c8e0321
+				{n..68a413d8
+				{n..e2234d06
+				{n..2156b5cd
+				{n..c694de4f
+				{n..72a7e887
+				{n..10a8a7e7
+				{n..eaf2edc2
+				{n..838cdee6
+				{n..415d6f8a
+				{n..e0eea45f
+				{n..f617f0d7
+				{n..c2bbad56
+				{n..075d918d
+				{n..272d88c6
+				{n..9468e41a
+				{n..d8b74ead
+				{n..3022893e
+				{n..da2bfe98
+				{n..a49130bf
+				{n..1fa893de
+				{n..1f7028ee
+				{n..dcb87110
+				{n..8caf3307
+				{n..0b2b2d14
+				{n..f7888c27
+				{n..4ad9c38a
+				{n..abe5ae76
+				{n..42ca2aa7
+				{n..de921aea
+				{n..3dd1fefe
+				{n..7e4f72fa
+				{n..1283831d
+				{n..a12f30d2
+				{n..2432adc7
+				{n..2a76328f
+				{n..416f290e
+				{n..62c18caf
+				{n..687f10b7
+				{n..4b1a9f45
+				{n..ddc174c3
+				{n..b5b85fca
+				{n..febd2739
+				{n..d72d1d40
+				{n..a831e23b
+				{n..d1cd31da
+				{n..3ede4e49
+				{n..a0f3cf56
+				{n..e54023c5
+				{n..79b41571
+				{n..bfb246aa
+				{n..3cb109e2
+				{n..842ce6a8
+				{n..d0024314
+				{n..05a78a69
+				{n..e442cd83
+				{n..bdee75d7
+				{n..4e002075
+				{n..e8fbc04b
+				{n..fa4ecae5
+				{n..9921351d
+				{n..cb58542a
+				{n..53db9949
+				{n..a2a1bc19
+				{n..5ad38068
+				{n..3cfa88ab
+				{n..9872943b
+				{n..c1b27229
+				{n..244381cc
+				{n..801eb9c5
+				{n..94c04fd4
+				{n..11c59960
+				{n..69be3e07
+				{n..b0ea425c
+				{n..1c0390db
+				{n..8b523f81
+				{n..275c9f39
+				{n..c1c6cb7e
+				{n..63bc93dc
+				{n..13088f63
+				{n..4b815e1c
+				{n..32e71be3
+				{n..76fe0208
+				{n..b2ee7a0f
+				{n..156d6a7d
+				{n..283c9df1
+				{n..dccf51e8
+				{n..577277b7
+				{n..abfd988e
+				{n..67ceb4f7
+				{n..d82bd4e6
+				{n..a9aefa1f
+				{n..2662950b
+				{n..aa7b7d28
+				{n..29106f26
+				{n..4fea2e43
+				{n..1ebf810d
+				{n..223c5ce6
+				{n..61dfa62b
+				{n..00409649
+				{n..5cdb7775
+				{n..4297e38e
+				{n..8c19c41c
+				{n..1e3c606c
+				{n..204ab97a
+				{n..acc97280
+				{n..1405660e
+				{n..966d54c2
+				{n..6a41d35f
+				{n..d9893be4
+				{n..6f0cb11c
+				{n..bd4bd699
+				{n..b54c3a64
+				{n..8cbab6e6
+				{n..98ede107
+				{n..33db4039
+				{n..76ad59df
+				{n..09628ebd
+				{n..12757f41
+				{n..effa85a2
+				{n..e960f0b2
+				{n..f478aae3
+				{n..40808e08
+				{n..77958bf6
+				{n..b9833e58
+				{n..21d10607
+				{n..e71e9726
+				{n..929d53b8
+				{n..922f50b0
+				{n..1e7958f0
+				{n..bbd9cd77
+				{n..118a255b
+				{n..1bf41235
+				{n..4ea4742c
+				{n..fff0a814
+				{n..abf75035
+				{n..b32c4a2d
+				{n..5b1e6c80
+				{n..61ce32a5
+				{n..30d0a723
+				{n..18eed8eb
+				{n..fb7ca234
+				{n..8a163d70
+				{n..20c7d499
+				{n..02bccaf3
+				{n..59ced98f
+				{n..3b24c61a
+				{n..be380b4a
+				{n..ca2f118b
+				{n..4462ceb4
+				{n..1b636e46
+				{n..c84a1c90
+				{n..1682e2a0
+				{n..ade8a41e
+				{n..f0043fcb
+				{n..b23d3337
+				{n..408d3002
+				{n..5c99a4fa
+				{n..31ef5f24
+				{n..6653355a
+				{n..708eb539
+				{n..3d623a12
+				{n..edc0a572
+				{n..eca8426f
+				{n..7b7d4cd1
+				{n..cab9d17b
+				{n..b988a1f6
+				{n..bbec2fbf
+				{n..0c0e377e
+				{n..2b37f470
+				{n..5b2c555e
+				{n..e945f0b0
+				{n..a1f6d685
+				{n..cca897be
+				{n..cde21481
+				{n..28efdc09
+				{n..7703ab3a
+				{n..3e0ab241
+				{n..9a284bb6
+				{n..3af3c52b
+				{n..69e3e344
+				{n..9edfc961
+				{n..e591a4f3
+				{n..907aff16
+				{n..e8f32f80
+				{n..84b83d8e
+				{n..271d6146
+				{n..987880cf
+				{n..b428aae3
+				{n..ba3548ef
+				{n..e7e0c415
+				{n..593e71c2
+				{n..a0d3db6e
+				{n..f68a6127
+				{n..cc0f68cc
+				{n..7dcfbd84
+				{n..6ed9c817
+				{n..40ef2b76
+				{n..776ea7a5
+				{n..bd1ca579
+				{n..145d67db
+				{n..bf3b9285
+				{n..309964b0
+				{n..1af82017
+				{n..29c4c05a
+				{n..42828589
+				{n..5827bd5c
+				{n..bc6d2caa
+				{n..772bf22d
+				{n..a222b712
+				{n..f14efa46
+				{n..db106247
+				{n..67df33fb
+				{n..8a167a2e
+				{n..3143b87a
+				{n..d03bc49d
+				{n..9ef887b7
+				{n..c357e17a
+				{n..949ed883
+				{n..a90cdd59
+				{n..538b1f78
+				{n..a09be7a1
+				{n..d5b065d4
+				{n..103debd5
+				{n..0d996919
+				{n..82051228
+				{n..ec1d59fe
+				{n..934f1b87
+				{n..d5896782
+				{n..e41079e7
+				{n..bac637c7
+				{n..4611635d
+				{n..b476f2a1
+				{n..59c6105a
+				{n..8183ca19
+				{n..d700a70d
+				{n..b9d2e365
+				{n..5892191b
+				{n..059b1575
+				{n..2993f38a
+				{n..0874027e
+				{n..0a37e838
+				{n..9cc1fa5a
+				{n..c14c7b98
+				{n..a0d5d5f9
+				{n..840660a3
+				{n..6889496b
+				{n..1043881b
+				{n..35142d07
+				{n..8e4ec221
+				{n..b292431b
+				{n..c5f57cfd
+				{n..d000d212
+				{n..c290d8a6
+				{n..7a9d807b
+				{n..50e037e3
+				{n..51d1fb58
+				{n..28c06951
+				{n..ff451b74
+				{n..597fd6b4
+				{n..34840980
+				{n..c745c213
+				{n..1a58f9cc
+				{n..1791ce53
+				{n..b940ebd7
+				{n..29288f33
+				{n..446c4b6a
+				{n..f6d5f328
+				{n..5b5e143e
+				{n..21138161
+				{n..bf65eb01
+				{n..8a8056da
+				{n..25bfc07d
+				{n..0c7dbd72
+				{n..7de56a63
+				{n..e9b2f1e7
+				{n..91ab32d4
+				{n..5d2af33a
+				{n..bbf48f77
+				{n..873eac79
+				{n..207b8a5f
+				{n..694e04e0
+				{n..b6b40496
+				{n..b29fc00d
+				{n..286620a8
+				{n..bf04a01f
+				{n..dc41fd1c
+				{n..6b2ca8cb
+				{n..aa8ba858
+				{n..e6f6f746
+				{n..619b031d
+				{n..9d838657
+				{n..c2e69fad
+				{n..69f8e8e4
+				{n..f70ccdde
+				{n..984b4357
+				{n..f4c43243
+				{n..a63bb198
+				{n..a2f6fb71
+				{n..1828420e
+				{n..d25f4487
+				{n..0cdfcf8e
+				{n..ae1b63b6
+				{n..9926d811
+				{n..4c9f357d
+				{n..82808046
+				{n..b9f68a34
+				{n..b5597533
+				{n..d5c35b09
+				{n..ec8e4fe0
+				{n..565405d1
+				{n..5753ee45
+				{n..408c2319
+				{n..d130cc47
+				{n..c0e07e05
+				{n..a5c39e70
+				{n..311b5259
+				{n..1cfad879
+				{n..e3dfcbfe
+				{n..1b1067d7
+				{n..420574aa
+				{n..38f5758d
+				{n..168e1ed1
+				{n..5e4fa540
+				{n..81a817f4
+				{n..ef902585
+				{n..db0f3a2b
+				{n..5d7d2512
+				{n..a0956738
+				{n..bc297bad
+				{n..636451c9
+				{n..59d97ecb
+				{n..d288f2c0
+				{n..67a7d3f1
+				{..7389e795
+					n..8762d9cc
+					@..f4291c46
+				},..f785ca63
+				{n..c3dd452b
+				{n..49902ff0
+				{n..f9b15b04
+				{n..08db1239
+				{n..7a3effc7
+				{n..cec03f31
+				{n..4a729fd8
+				{n..2f219c07
+				{n..72f46083
+				{n..4c6137ac
+				{n..e6eecab6
+				{n..59d92f8b
+				{n..b6a9c0f1
+				{n..6ba38733
+				{n..4e4bce92
+				{n..5861a549
+				{n..8582e61a
+				{n..de4e8783
+				{n..20cd6d89
+				{n..2d09befd
+				{n..21147db7
+				{n..20b668f4
+				{n..db5ed322
+				{n..df678b4a
+				{n..40c2db1e
+				{n..e987b9f5
+				{n..42173c78
+				{n..3ee77e5e
+				{n..acaef20b
+				{n..3da2cd78
+				{n..fe404c1a
+				{n..9f08eb65
+				{n..dd9ecf87
+				{n..49ca5989
+				{n..90e9b7de
+				{n..944377d2
+				{n..455d8a31
+				{n..8abb8a2d
+				{n..cfd81967
+				{n..347ebf0e
+				{n..3b4677af
+				{n..2111cc26
+				{n..c927ad0b
+				{n..001f2449
+				{n..42b53f28
+				{n..89d22d63
+				{n..e15b32ba
+				{n..df352a6d
+				{n..6259ceb8
+				{n..4cd8f265
+				{n..cfec7cf1
+				{n..51e064f0
+				{n..5f75ec24
+				{n..d443898d
+				{n..b2ea64af
+				{n..e9f94235
+				{n..e8ee10f5
+				{n..4ab41262
+				{n..e0f52c4f
+				{n..4f39e16b
+				{n..ccb3b151
+				{n..ff39ee17
+				{n..8c615b83
+				{n..74b7e410
+				{n..6fc6818a
+				{n..310a3679
+				{n..210db5b4
+				{n..72c07543
+				{n..d63b8817
+				{n..dfa250d0
+				{n..181e89d5
+				{n..8c796b3a
+				{n..66be7cee
+				{n..a9a32e53
+				{n..e5981355
+				{n..c7e56ec1
+				{n..89ccda46
+				{n..5995a819
+				{n..3b7cb8af
+				{n..502839ce
+				{n..970761a1
+				{n..3c715619
+				{n..a98fc0cc
+				{n..019ba4a9
+				{n..8a9253d8
+				{n..d898baf8
+				{n..6362f780
+				{n..0d017e41
+				{n..ad3b968d
+				{n..0d0550a0
+				{n..35a535e5
+				{n..08429940
+				{n..8116067b
+				{n..af5b953a
+				{n..e197f024
+				{n..fe054727
+				{n..75cd3f15
+				{n..9aad2296
+				{n..a0667c8d
+				{n..8fb6228c
+				{n..9f60b23e
+				{n..2f16e50d
+				{n..d3d68780
+				{n..eedd6c7a
+				{n..c48cf4f9
+				{n..adb4ec86
+				{n..e7a7ca21
+				{n..8359ac7a
+				{n..8b0d663f
+				{n..62463b84
+				{n..aebd63fa
+				{n..5efdc4b7
+				{n..933aa0d7
+				{n..83529e74
+				{n..f9e9f333
+				{n..d65fac75
+				{n..2b700528
+				{n..fa632d81
+				{n..73d4b04d
+				{n..91edb3ab
+				{n..dd12e5cc
+				{n..225437ea
+				{n..4aefb4fe
+				{n..9a701b8d
+				{n..0c805977
+				{n..deca3415
+				{n..74e9f563
+				{n..1c15b604
+				{n..ed0f690c
+				{n..333766c7
+				{n..1f58ef5c
+				{n..bc9510a3
+				{n..c8b3e4b8
+				{n..04fec1fb
+				{n..804914d7
+				{n..c4817503
+				{n..e74add9d
+				{n..660f0cf6
+				{n..dda62f94
+				{n..69e27ce7
+				{n..857fdb42
+				{n..29fde770
+				{n..a65b512a
+				{n..06906f50
+				{n..b0adc15e
+				{n..5c6bda04
+				{n..95bbc92b
+				{n..9506f1b8
+				{n..f87423fd
+				{n..832e996d
+				{n..62f45360
+				{n..7a0029e4
+				{n..cb3249bb
+				{n..44ac852e
+				{n..c0e58ad2
+				{n..88ba01e4
+				{n..720859fb
+				{n..ee36f4dd
+				{n..8a29f3bb
+				{n..02e5d188
+				{n..fbe113c6
+				{n..3d73aaa5
+				{n..ea8137c5
+				{n..d760fc65
+				{n..726671f5
+				{n..cac2df92
+				{n..2ded6e87
+				{n..1e5213bb
+				{n..d5168ed9
+				{n..85bf2b9f
+				{n..317f0cef
+				{n..69aacb48
+				{n..71102c08
+				{n..7b6160bd
+				{n..438d284e
+				{n..2ddbcfee
+				{n..c6556b41
+				{n..ea6fd811
+				{n..77cb5d17
+				{n..882630a2
+				{n..b3abd2c8
+				{n..bf5cf489
+				{n..b62680a8
+				{n..3931955b
+				{n..761674e3
+				{n..e9a98d35
+				{n..09b7b54c
+				{n..c73e5368
+				{n..99bd48eb
+				{n..c1a15b48
+				{n..18eb6061
+				{n..18e2b41c
+				{n..bc97a791
+				{n..3c050338
+				{n..b7c9672f
+				{n..a591773e
+				{n..9b7d5cb5
+				{n..0c9df52d
+				{n..6316d256
+				{n..3d21c48b
+				{n..022b46e9
+				{n..cd25b9d3
+				{n..34c878c0
+				{n..7e4af128
+				{n..355d0d7e
+				{n..0e773b4a
+				{n..e65df6f3
+				{n..78170305
+				{n..24ae4540
+				{n..70c67378
+				{n..3471f4ba
+				{n..44fbcc60
+				{n..d73bde3f
+				{n..9b827801
+				{n..1ce06310
+				{n..9f4666f5
+				{n..e4e4abdb
+				{n..3879a7fa
+				{n..6762a515
+				{n..094940c7
+				{n..1bf80b21
+				{n..4f41bf0c
+				{n..17d3fc6e
+				{n..960ad03f
+				{n..373593e3
+				{n..39a7b790
+				{n..52c1fb27
+				{n..b77f91c0
+				{n..16658ed9
+				{n..81b67164
+				{n..5890864c
+				{n..b5b36c3e
+				{n..7553f74f
+				{n..12af379c
+				{n..14700773
+				{n..5a5a1a01
+				{n..9b91c9ff
+				{n..5d83968f
+				{n..e12e1dff
+				{n..cd8112c9
+				{n..4ff6b896
+				{n..9aaea077
+				{n..a7f9c7da
+				{n..9282b0f6
+				{n..fed2e5e7
+				{n..f5f7544f
+				{n..cd63755a
+				{n..498e7b87
+				{n..be6dcf6d
+				{n..430af174
+				{n..7ce00e6c
+				{n..ce9fcaee
+				{n..3ddade58
+				{n..d1f93320
+				{n..36d37772
+				{n..b307759d
+				{n..6162164c
+				{n..3c3a5f18
+				{n..78a2d474
+				{n..93f62ab3
+				{n..b704698c
+				{n..b7046376
+				{n..322509e5
+				{n..81cfed96
+				{n..1329fdb6
+				{n..f0ddd86e
+				{n..593add39
+				{n..1f120b4a
+				{n..c199067f
+				{n..ff14db75
+				{n..effbf1df
+				{n..48b611d8
+				{n..0a6f4a1f
+				{n..7b43b201
+				{n..60af273c
+				{n..2d78a272
+				{n..bfb119cb
+				{n..0cff952f
+				{n..9d9c385e
+				{n..168ba804
+				{n..9d715880
+				{n..c8c7522a
+				{n..95f8114b
+				{n..b1a54836
+				{n..ce6b0362
+				{n..80881438
+				{n..4abd1850
+				{n..a918fe3e
+				{n..bdf0ad08
+				{n..6364bad0
+				{n..2614c7c9
+				{n..935e1ddf
+				{n..51ed6516
+				{n..050e1be3
+				{n..538116b8
+				{n..32caea5a
+				{n..526e7fba
+				{n..8c083287
+				{n..c7479657
+				{n..b3a14d8e
+				{n..699f8422
+				{n..aa1e0bc5
+				{n..c6963164
+				{n..d78d89c5
+				{n..f88ba455
+				{n..e97b9b7f
+				{n..627c0d84
+				{n..b157e1c1
+				{n..041851d0
+				{n..12016d7c
+				{n..3a09d006
+				{n..02d0c476
+				{n..85e3a366
+				{n..1bae5efc
+				{n..318ff97b
+				{n..29bd3b5f
+				{n..f5703e53
+				{n..34bb777f
+				{n..64ea843c
+				{n..7aafaf6a
+				{n..5cebad15
+				{n..29c5b498
+				{n..c9e95ec3
+				{n..7b93aaee
+				{n..ac6f6a32
+				{n..e667935e
+				{n..39275f2f
+				{n..35eb2a11
+				{n..c58cff90
+				{n..04a66a0c
+				{n..dab79bc5
+				{n..8c265358
+				{n..bdd33da8
+				{n..f6209fa8
+				{n..4b593407
+				{n..1bbccac8
+				{n..08b592ba
+				{n..9ca0f1fc
+				{n..e28417fe
+				{n..4ba6dc68
+				{n..c9dfdd19
+				{n..1f217eba
+				{n..52c950a5
+				{n..8b5bdcf1
+				{n..c8c2d8b7
+				{n..e6ab172a
+				{n..7e033464
+				{n..91bdc32d
+				{n..ea99f013
+				{n..b6091707
+				{n..0939712a
+				{n..2989011c
+				{n..823645c8
+				{n..2c2c776c
+				{n..88ef04be
+				{n..46558bb6
+				{n..44c53da6
+				{n..0d183b18
+				{n..dd9d5542
+				{n..7bc74112
+				{n..ceb3865a
+				{n..b2c661cb
+				{n..6277c6fd
+				{n..dcafb60d
+				{n..14d87d63
+				{n..95d53922
+				{n..aae1d74c
+				{n..f1fddffe
+				{n..51811e1e
+				{n..be80a06a
+				{n..bdcd4d37
+				{n..9437556a
+				{n..6832684a
+				{n..951c110d
+				{n..e79beb7c
+				{n..2402c54d
+				{n..7f035c1f
+				{n..a8b96a63
+				{n..1fdf51f2
+				{n..a2723e76
+				{n..b6d5cbb0
+				{n..eefda15d
+				{n..b541e9ef
+				{n..8ae5c17e
+				{n..49614f25
+				{n..f723046d
+				{n..37ecd558
+				{n..c5f30c16
+				{n..5a7e0f9f
+				{n..b6930053
+				{n..c460b0b2
+				{n..97d0ef6f
+				{n..4ae2c881
+				{n..335374f4
+				{n..d5edc815
+				{n..a63a7711
+				{n..20478cbc
+				{n..6e30ea6f
+				{n..0fb2d3e4
+				{n..02ebfd08
+				{n..a3f937bc
+				{n..ce9fb20c
+				{n..785d732f
+				{n..60c370fa
+				{n..4cb6dbc8
+				{n..0c95d303
+				{n..1ed2f15c
+				{n..2b6dd821
+				{n..969b87ae
+				{n..ebe288a3
+				{n..b95253db
+				{n..4128ebc3
+				{n..d2de2957
+				{n..5c4b47ee
+				{n..6833987c
+				{n..5a5a3e08
+				{n..9ba85f95
+				{n..4099d2e4
+				{n..f74dcd5d
+				{n..cc342aaa
+				{n..29f3926e
+				{n..a35c8f23
+				{n..df16fee6
+				{n..a3d2fc01
+				{n..4f74f531
+				{n..3988b804
+				{n..2c48d079
+				{n..68acfa6f
+				{n..6866ecc5
+				{n..c555e8a9
+				{n..fb664815
+				{n..fa351d59
+				{n..e44aa10a
+				{n..7e0a30b2
+				{n..94c4a3ba
+				{n..638339b1
+				{n..5135736c
+				{n..7d293c9c
+				{n..148e9c0e
+				{n..3c0cce48
+				{n..c6549e20
+				{n..332c2aa4
+				{n..cfbd4538
+				{n..2d6872a5
+				{n..c68b68b4
+				{n..6475c96d
+				{n..c5e52e77
+				{n..888bb430
+				{n..cc01d4d6
+				{n..b56c63e2
+				{n..10399a5b
+				{n..29ce7257
+				{n..57ecc510
+				{n..4c130881
+				{n..139561f8
+				{n..745b4ef0
+				{n..7d7eaadb
+				{n..fcc142c9
+				{n..f497ce9d
+				{n..39587d58
+				{n..02f70ddf
+				{n..8f2be00a
+				{n..63b362af
+				{n..ed3363be
+				{n..fe657d9e
+				{n..2af9a8b9
+				{n..1f34068a
+				{n..606487d6
+				{n..37ca4c51
+				{n..e5c26f16
+				{n..9615f235
+				{n..6a66fd34
+				{n..0286b663
+				{n..02f07953
+				{n..faf563b3
+				{n..3fe6eae1
+				{n..dbf9338a
+				{n..fc3ea87c
+				{n..70d28bd9
+				{n..1aff4821
+				{n..ed3d1722
+				{n..bbf2237a
+				{n..54abb667
+				{n..0f574c38
+				{n..d39eabdb
+				{n..c6f9aa68
+				{n..a68cddea
+				{n..d1f4a760
+				{n..f0bc6e9c
+				{n..b2b3a299
+				{n..82c5be96
+				{n..16b03165
+				{n..c299be97
+				{n..07046ad4
+				{n..bfebbe31
+				{n..23b6516d
+				{n..ee76f7f3
+				{n..10cd5de3
+				{n..6e9e8b57
+				{n..7ee8b00c
+				{n..5a760f39
+				{n..b1a9714d
+				{n..8173ea87
+				{n..336da4b2
+				{n..b591fdb2
+				{n..0adfce04
+				{n..ed64e785
+				{n..5d57e0d0
+				{n..4cab1a5e
+				{n..9cc0c019
+				{n..66c784c9
+				{n..0e1c8a9e
+				{n..461c744c
+				{n..dd67c0cb
+				{n..0c885e81
+				{n..cae4d5c6
+				{n..b77cd3ff
+				{n..a487c2f8
+				{n..15451202
+				{n..d06aaea5
+				{n..422adfc8
+				{n..79151e16
+				{n..ccba8b3c
+				{n..a4502d03
+				{n..f07173e4
+				{n..56991b5c
+				{n..c9a763ba
+				{n..5191d329
+				{n..d31ea7bd
+				{n..1c4e5093
+				{n..e2eb8831
+				{n..597f14c4
+				{n..2ec77375
+				{n..e9cae179
+				{n..30efa02b
+				{n..5374ecb5
+				{n..6f2ab008
+				{n..53e13b68
+				{n..806d7839
+				{n..b6ad6434
+				{n..a96798f9
+				{n..47b17ec9
+				{n..559eb266
+				{n..0998e2e9
+				{n..a631bf2c
+				{n..6d38d19e
+				{n..54c169ee
+				{n..c0d40c39
+				{n..ae94c3b6
+				{n..51a90f03
+				{..7389e795
+					n..be245625
+					@..773c55cd
+				},..f785ca63
+				{n..1b1f2cb4
+				{n..23184ec3
+				{n..6823cd6b
+				{n..c3c3439c
+				{n..1bbad1d1
+				{n..bbadb08e
+				{n..6833b4c1
+				{n..9caa9490
+				{n..056f2a3e
+				{n..0426c18b
+				{n..7f3a5397
+				{n..ef41f471
+				{n..1d96e959
+				{n..41dfdd9f
+				{n..9a9e4777
+				{n..84d25b80
+				{n..dfac74ef
+				{n..11abb6a1
+				{n..9270d2c7
+				{n..6f09e3cc
+				{n..8fbced5d
+				{n..fe7d374c
+				{n..bb9bed01
+				{n..790cead9
+				{n..db38aaf5
+				{n..070e4ec2
+				{n..7a78e729
+				{n..7dfbca0c
+				{n..59840931
+				{n..17713298
+				{n..686d1039
+				{n..b18cc37a
+				{n..72672048
+				{n..d2f4e644
+				{n..77f9eb51
+				{n..1637ca6c
+				{n..80a5ee19
+				{n..5aa0e4e1
+				{n..780ac23e
+				{n..35d3e26f
+				{n..7ca7468c
+				{n..b93f091b
+				{n..d89662f1
+				{n..28ae1852
+				{n..a7723011
+				{n..6eb0a061
+				{n..97304b4e
+				{n..2523c904
+				{n..d8ffdcef
+				{n..d4e39302
+				{n..9a023f4b
+				{n..953a9249
+				{n..afc099ef
+				{n..81465251
+				{n..648ceebb
+				{n..90bf1361
+				{n..6f00cad8
+				{n..b81911ba
+				{n..d80efc09
+				{n..166ea77d
+				{n..f816431a
+				{n..b3d44661
+				{n..ea0743b6
+				{n..537840ce
+				{n..e86fd6c7
+				{n..3db90141
+				{n..1f62a323
+				{n..beff28d8
+				{n..8f6382d1
+				{n..bb4afb5a
+				{n..298394c9
+				{n..06a09771
+				{n..615b52e4
+				{n..f751d589
+				{n..651d54ca
+				{n..15fece2b
+				{n..e1e2d72b
+				{n..a697a3c8
+				{n..29707283
+				{n..7510d9b0
+				{n..7c2888d6
+				{n..21befc6e
+				{n..e8cbcecb
+				{n..0bc339f6
+				{n..af38c573
+				{n..098c02ba
+				{n..68768aa2
+				{n..2cfcc980
+				{n..6aabfa1d
+				{n..7e30d2b1
+				{n..6e0c6834
+				{n..7d60d022
+				{n..92212693
+				{n..c6fc36fb
+				{n..f81a18d5
+				{n..1f9700da
+				{n..0900a400
+				{n..c22adf71
+				{n..32eb762f
+				{n..599453a7
+				{n..b125514e
+				{n..eb2f01d3
+				{n..13070662
+				{n..c9f0c5ec
+				{n..72f2418a
+				{n..4b473b1f
+				{n..0ef3eba5
+				{n..1b12c358
+				{n..0c4f50ca
+				{n..f30f6740
+				{n..7f3b3773
+				{n..f9e813e5
+				{n..13903c49
+				{n..06355d24
+				{n..4802da43
+				{n..eedf2285
+				{n..893426aa
+				{n..8c05d579
+				{n..4d713757
+				{n..07edbd2e
+				{n..80c50bb7
+				{n..845c1cc2
+				{n..2dd51c04
+				{n..bbda3c93
+				{n..3122ba01
+				{n..f7317b75
+				{n..7888abaf
+				{n..d8db800f
+				{n..65b1cd17
+				{n..48745b14
+				{n..fdb82943
+				{n..67ad8f27
+				{n..d42d0527
+				{n..75e3bd88
+				{n..7055e3fa
+				{n..47fb3fdb
+				{n..a9b1792f
+				{n..e99d2760
+				{n..7aa353a2
+				{n..95d839af
+				{n..1ebfbe1a
+				{n..b1133189
+				{n..ff7bbee7
+				{n..d039c0ae
+				{n..4000a9ab
+				{n..d8a590f0
+				{n..1af8754b
+				{n..3091f0aa
+				{n..e3ac9ddc
+				{n..b6b44c91
+				{n..01b997ac
+				{n..6b610edd
+				{n..f93dbeeb
+				{n..4ea0ed23
+				{n..f817a32c
+				{n..160f29a7
+				{n..fb15916d
+				{n..2da64a87
+				{n..9c7733f5
+				{n..805e7119
+				{n..f14d6ece
+				{n..3134ebaf
+				{n..b3b0f740
+				{n..964985e5
+				{n..215aef27
+				{n..bd5534d2
+				{n..3d21178e
+				{n..4ce5d338
+				{n..6d218f9f
+				{n..2ad9abfd
+				{n..329a5a08
+				{n..64860cd6
+				{n..3dd76591
+				{n..3ced9a79
+				{n..10d4053f
+				{n..34c64822
+				{n..abb2d91c
+				{n..d1fefa8c
+				{n..39721894
+				{n..b913cb94
+				{n..26933358
+				{n..46e5d34d
+				{n..890630d3
+				{n..7b56406f
+				{n..26658667
+				{n..bb8abecb
+				{n..95e97663
+				{n..5e4a59bd
+				{n..2bc2b68e
+				{n..cdd2f881
+				{n..f93f6482
+				{n..f39beb33
+				{n..f059bdf3
+				{n..4c97a10a
+				{n..a9c84d4f
+				{n..b49f0f61
+				{n..efcc4c17
+				{n..db2cebfd
+				{n..d93e1fd5
+				{n..3dde0924
+				{n..d90a0981
+				{n..c585ac79
+				{n..850e4a0f
+				{n..fe393cfc
+				{n..0535e6b6
+				{n..70646dc2
+				{n..62c6cf4f
+				{n..662645f0
+				{n..b7619c03
+				{n..ec69153f
+				{n..3b6f8ecd
+				{n..dee20e4a
+				{n..2ba2be15
+				{n..bf80a5cc
+				{n..2f92b3df
+				{n..abf7e168
+				{n..8f3b9766
+				{n..396b1f47
+				{n..4c36ef5f
+				{n..00188c63
+				{n..c93749fc
+				{n..6be54565
+				{n..5c8948da
+				{n..7591bd57
+				{n..48005a5d
+				{n..05e4d262
+				{n..d5068f99
+				{n..07bc5613
+				{n..6c446b2e
+				{n..8d3be37d
+				{n..386aaaad
+				{n..5ae25e23
+				{n..d47c7a82
+				{n..0300c00a
+				{n..d161fedd
+				{n..0cb5caa8
+				{n..6df87297
+				{n..56cfe875
+				{n..beef87d0
+				{n..2a25804d
+				{n..9abea790
+				{n..23f9eefa
+				{n..a9981cc6
+				{n..10034ad4
+				{n..ef3e790d
+				{n..f66fd507
+				{n..28652ce0
+				{n..3e9efb33
+				{n..8b0454dc
+				{n..a70e1771
+				{n..bf77a827
+				{n..908ce812
+				{n..c3f52b6e
+				{n..6645f217
+				{n..88334b45
+				{n..6f9c010d
+				{n..2e4f1d57
+				{n..b92781cc
+				{n..f4770ca0
+				{n..85cb7206
+				{n..9f32224a
+				{n..834eda69
+				{n..60800a71
+				{n..db86a9db
+				{n..3e3e4353
+				{n..5735c817
+				{n..c558567f
+				{n..03637174
+				{n..75252e38
+				{n..0a90fa24
+				{n..94650654
+				{n..7f7ba6ee
+				{n..dc02ee87
+				{n..6626e02d
+				{n..78e53099
+				{n..e85dc2f9
+				{n..29c9d3f2
+				{n..984f352a
+				{n..3b137da5
+				{n..aa767328
+				{n..c687de7c
+				{n..3582ecdd
+				{n..02e71ae3
+				{n..ed37e17a
+				{n..5a914c52
+				{n..9d7ca6b1
+				{n..691bb7c2
+				{n..f694e2e1
+				{n..ff2d6ae9
+				{n..790fdf95
+				{n..e73eb587
+				{n..ead1d917
+				{n..d7309f25
+				{n..107a5e33
+				{n..6a47bf73
+				{n..ace6fa07
+				{n..bd4f0f1b
+				{n..6fc320e0
+				{n..19e39815
+				{n..83d56cbf
+				{n..4c45c01a
+				{n..65eb3f9c
+				{n..3b168b72
+				{n..cf1370c4
+				{n..7bedd7f1
+				{n..676fffe0
+				{n..093492c9
+				{n..849c1057
+				{n..7f80defc
+				{n..09bd05e0
+				{n..c7b4f5c7
+				{n..48cb079b
+				{n..5e5f7d5e
+				{n..98721ed4
+				{n..e2b18472
+				{n..901aad56
+				{n..98274680
+				{n..0515bc27
+				{n..4c6d9b88
+				{n..8e4077cc
+				{n..157477a2
+				{n..54bd7eba
+				{n..83437008
+				{n..66819c12
+				{n..e55d2b09
+				{n..5f42ca19
+				{n..a36f3b03
+				{n..b382d0d6
+				{n..f518fb34
+				{n..9a585810
+				{n..4af81f1b
+				{n..568078ce
+				{n..c6a7d12d
+				{n..aa1f65ba
+				{n..26f93b4d
+				{n..7172952f
+				{n..3541b6e1
+				{n..b1ea17b8
+				{n..e4193847
+				{n..fa3b7c5d
+				{n..ddae79d8
+				{n..6bb4d65a
+				{n..51b44263
+				{n..6dd16dda
+				{n..6892da09
+				{n..af14af04
+				{n..22b92186
+				{n..88e7b8d7
+				{n..b63d3667
+				{n..28bf600a
+				{n..81ea2b39
+				{n..7ffaff56
+				{n..86431533
+				{n..034e934c
+				{n..2eee708c
+				{n..22cf4f82
+				{n..02638bc5
+				{n..053d4589
+				{n..702cc263
+				{n..6fb30991
+				{n..163e6904
+				{n..2d9be628
+				{n..5aa2b3b4
+				{n..54fd55cb
+				{n..7cf4f430
+				{n..5744975b
+				{n..5af274e3
+				{n..326a664f
+				{n..b8ccbbde
+				{n..8e5f6efc
+				{n..f651965e
+				{n..b62b9062
+				{n..d1e2000d
+				{n..1a77d3fe
+				{n..f0e5bb69
+				{n..209a9aeb
+				{n..564a3c32
+				{n..d779eb1d
+				{n..af256548
+				{n..0bc156e6
+				{n..771e0e68
+				{n..0b1d889e
+				{n..5c66cce5
+				{n..bfa7eef9
+				{n..b817707d
+				{n..073300dd
+				{n..a1fe96a6
+				{n..6a1508dd
+				{n..b0e49e86
+				{n..5006b278
+				{n..6c41901f
+				{n..e6f8c8f0
+				{n..5600e291
+				{n..36655e86
+				{n..cb30fe0d
+				{n..b18e7ab4
+				{n..244aad2e
+				{n..2a939425
+				{n..489bd6d9
+				{n..b798e981
+				{n..0f6728de
+				{n..01049040
+				{n..4ca3990d
+				{n..148ace10
+				{n..213bec11
+				{n..f9fb514f
+				{n..d4636cf0
+				{n..a2936f41
+				{..7389e795
+					n..0ee380b0
+					@..186f639b
+				},..f785ca63
+				{..7389e795
+					n..834ead2f
+					@..91a663c1
+				},..f785ca63
+				{..7389e795
+					n..286dc1f1
+					@..ab136881
+				},..f785ca63
+				{..7389e795
+					n..87549641
+					@..a45bc418
+				},..f785ca63
+				{n..14b4fc13
+				{..7389e795
+					n..177bfab0
+					@..429779a2
+				},..f785ca63
+				{n..e2220ef2
+				{..7389e795
+					n..4526d51a
+					@..8eeaa7a4
+				},..f785ca63
+				{..7389e795
+					n..a4e1f9ed
+					@..c8683bcf
+				},..f785ca63
+				{..7389e795
+					n..608ad5b9
+					@..675bc945
+				},..f785ca63
+				{..7389e795
+					n..b48882ae
+					@..c90c4bc6
+				},..f785ca63
+				{..7389e795
+					n..77dd1d94
+					@..5ab7d2a1
+				},..f785ca63
+				{..7389e795
+					n..30768c5f
+					@..f6bd800c
+				},..f785ca63
+				{n..478d5aa3
+				{n..568e7bf1
+				{n..d7b464d9
+				{n..47cfe823
+				{n..c3054016
+				{n..48719655
+				{n..0ec694d5
+				{n..7a3db96a
+				{n..f36d5e72
+				{n..8730c06e
+				{n..b9e3a48c
+				{n..4c4d438c
+				{n..e570d0e5
+				{n..d32fa1b6
+				{n..6be838d7
+				{n..8b5f22a6
+				{n..e6a77f6b
+				{n..ea651be9
+				{n..9dfe07a1
+				{n..355d1d7b
+				{n..e64c4aed
+				{n..3fd45fb6
+				{n..5e9c7432
+				{n..2519f86b
+				{n..3aac05de
+				{n..e8da6785
+				{n..b0c066a8
+				{n..7cc99a82
+				{n..d068f42b
+				{n..b8a1daa2
+				{n..d9b926ad
+				{n..bd649258
+				{n..7f6f12ea
+				{n..65480db8
+				{n..89966dec
+				{n..86627bbe
+				{n..6c0e611f
+				{n..1e855d4f
+				{n..81a29e11
+				{n..893cd5fc
+				{n..7b781a14
+				{n..2dbe1479
+				{n..278a63d0
+				{n..676d4893
+				{n..d554f3ec
+				{n..e5457d9a
+				{n..54c6eb69
+				{n..398f4a27
+				{n..b59c8e2b
+				{n..47d5decd
+				{n..cf7d998b
+				{n..95b083c9
+				{n..832567ae
+				{n..dbcad94c
+				{n..1e249803
+				{n..22de94b1
+				{n..965f591c
+				{n..b78a9c2f
+				{n..b04e48a7
+				{n..0c533401
+				{n..702a7302
+				{n..1f22a01a
+				{n..180b1857
+				{n..36dd33d4
+				{n..1895de3a
+				{n..7c2b4a1a
+				{n..caa01f8f
+				{n..9d41bb04
+				{n..d17d5fef
+				{n..c0a499bb
+				{n..98bf8e9a
+				{n..cb174e5d
+				{n..0079f417
+				{n..46f57ee0
+				{n..2f831f2b
+				{n..6e9a54fa
+				{n..365845ee
+				{n..d8408dd9
+				{n..86374bf3
+				{n..961adbbd
+				{n..82051fae
+				{n..103e9980
+				{n..6be9f472
+				{n..f5435eac
+				{n..9ca75c68
+				{n..ca44b795
+				{n..f8023224
+				{n..a5448e4e
+				{n..dbb52fc0
+				{n..887c202e
+				{n..782f0c77
+				{n..e8ee003c
+				{n..ea4eb383
+				{n..ac4ead7a
+				{n..4a1b6a39
+				{n..448222af
+				{n..9a04d484
+				{n..453ecb8f
+				{n..c30a4515
+				{n..d925eaef
+				{n..a4f02715
+				{n..6ed39792
+				{n..1424c6c4
+				{n..85b2ba40
+				{n..21525087
+				{n..17a9c61c
+				{n..0230a645
+				{n..2530aadf
+				{n..e0abce04
+				{n..48b41303
+				{n..5781e7a9
+				{n..fbba0788
+				{n..5c38d9c0
+				{n..70e5504a
+				{n..038588d6
+				{n..1792d4f9
+				{n..f85e5c65
+				{n..ea4b474a
+				{n..f065fb85
+				{n..b5e3cfea
+				{n..6c548149
+				{n..d5294cee
+				{n..97ad755a
+				{n..2b8cba99
+				{n..3c349667
+				{n..b6bf080f
+				{n..392f146e
+				{n..87c75884
+				{n..ad35d9fc
+				{n..238bb4fd
+				{n..518cd978
+				{n..06016f0d
+				{n..d876e865
+				{n..0296f8f0
+				{n..724bca5b
+				{n..0df653b6
+				{n..540a7b70
+				{n..cc254c0b
+				{n..76c7e615
+				{n..6c2e4c60
+				{n..92346abf
+				{n..ef6e7629
+				{n..ea1dfea3
+				{n..a6856615
+				{n..eede7941
+				{n..f56a547c
+				{n..9b161dbe
+				{n..f3e71273
+				{n..5c186902
+				{n..2651f5e9
+				{n..e7afba85
+				{n..adcc8213
+				{n..b15de238
+				{n..6e9feb65
+				{n..5311cef9
+				{n..f7755e40
+				{n..4845f39d
+				{n..16384d0e
+				{n..2f48349e
+				{n..6745e4a9
+				{n..878d6e8e
+				{n..82db7cd3
+				{n..5ed09d9c
+				{n..afa77049
+				{n..31f7413c
+				{n..5dafac59
+				{n..4778b2c1
+				{n..ed938523
+				{n..4f649993
+				{n..445228a1
+				{n..e7fc0fa0
+				{n..c030783c
+				{n..2cc68118
+				{n..ba82d552
+				{n..402677c0
+				{n..b72245b7
+				{n..cbd9527e
+				{n..a465cfcd
+				{n..6dcbe69e
+				{n..8f182c7f
+				{n..bb1b31e6
+				{n..dbeabe50
+				{n..36fa826b
+				{n..f649983b
+				{n..0e8a3204
+				{n..23c6ac64
+				{n..cafdc8a7
+				{n..57f0f0eb
+				{n..dbd2a38b
+				{n..5c1115a2
+				{n..45be55e7
+				{n..0af72ec5
+				{n..b031d456
+				{n..271815c4
+				{n..1b2994d4
+				{n..986cbbe0
+				{n..b8d84968
+				{n..dc4d4c6b
+				{n..8f96b584
+				{n..e3a55770
+				{n..a981c827
+				{n..d1e2b0a0
+				{n..a528ca54
+				{n..f44dc185
+				{n..2c283d3b
+				{n..46905627
+				{n..a9a94f9f
+				{n..501ccbd7
+				{n..6d441452
+				{n..1655734f
+				{n..ebf86b56
+				{n..0017b6e7
+				{n..534131b6
+				{n..be8bada9
+				{n..719c64bb
+				{n..f1b77696
+				{n..a0abc3dd
+				{n..cc65e73a
+				{n..246f72fc
+				{n..05d92d53
+				{n..19eefd78
+				{n..05f7b69a
+				{n..705e6d95
+				{n..1c572c3f
+				{n..9009e1aa
+				{n..1057a855
+				{n..3e582e94
+				{n..7f2bd4f3
+				{n..585163c5
+				{n..59451458
+				{n..8960d42b
+				{n..7cf981aa
+				{n..022f3ed1
+				{n..66db4796
+				{n..1f865e5f
+				{n..1a8c9d03
+				{n..89cdc72e
+				{n..0f866965
+				{n..efd8110d
+				{n..70afeebd
+				{n..7c41d5e3
+				{n..2cfbc556
+				{n..c0a38a50
+				{n..81d7e192
+				{n..959d32b9
+				{n..00ffe476
+				{n..d315dbb8
+				{n..11771558
+				{n..6697fb8a
+				{n..c4d03e24
+				{n..397b3ae3
+				{n..b5ed001e
+				{n..73cee955
+				{n..fc6f3642
+				{n..6d2a8dcb
+				{n..e3f3d4d7
+				{n..9716d369
+				{n..dada1a6f
+				{n..14c0593e
+				{n..30a22e0e
+				{n..472d6960
+				{n..8e90f853
+				{n..85630673
+				{n..f5604457
+				{n..0c5dcc33
+				{n..cecd5794
+				{n..b4f0f88c
+				{n..17f6945f
+				{n..53039e6d
+				{n..02bd9290
+				{n..3c0bad47
+				{n..2e56af76
+				{n..143bb3dc
+				{n..4b5dc172
+				{n..c2b0b6b8
+				{n..eccd331d
+				{n..d62c0ea1
+				{n..8f97c0a8
+				{n..03a570fa
+				{n..b614a802
+				{n..06c0171e
+				{n..b2da6934
+				{n..a01c2ac1
+				{n..0e5d5f75
+				{n..7725a6cc
+				{n..14ba1838
+				{n..99537580
+				{n..746cdfdc
+				{n..c66cf8dc
+				{n..af4adba1
+				{n..6553655a
+				{n..b159fca0
+				{n..6a58ccd8
+				{n..dcddd9cb
+				{n..855715fd
+				{n..a06dbfc9
+				{n..221e80c8
+				{n..4cf50c05
+				{n..9fc3c913
+				{n..4c9b8481
+				{n..9a842646
+				{n..63a5b72f
+				{n..6039138a
+				{n..0cb1b538
+				{n..55e4da27
+				{n..b903b81a
+				{n..b7106c1c
+				{n..0caf6176
+				{n..c6aaa351
+				{n..b045db58
+				{n..f85ec762
+				{n..8d32d414
+				{n..83022654
+				{n..b180cdf8
+				{n..c3a16835
+				{n..28c94c52
+				{n..304a1ead
+				{n..72cc3575
+				{n..05a7ef6a
+				{n..0380c3cc
+				{n..8471ceb9
+				{n..1027f9cb
+				{n..78f0719f
+				{n..0a63f5cf
+				{n..d2ba96e4
+				{n..8f80e556
+				{n..ca6793ba
+				{n..803934b4
+				{n..3befa200
+				{n..87381392
+				{n..c8f8a2a3
+				{n..94be5f3e
+				{n..4437f246
+				{n..82f90d84
+				{n..479e2285
+				{n..66291cac
+				{n..ee77f4fd
+				{n..db9e9753
+				{n..aa3f5d3c
+				{n..6c16dae7
+				{n..ed8c0e7f
+				{n..fd27369b
+				{n..575945e0
+				{n..aa004eaf
+				{n..4d0a9a71
+				{n..1dbddf1e
+				{n..8b31ad29
+				{n..d1c2d99a
+				{n..24647559
+				{n..e0f595bc
+				{n..3d2a9218
+				{n..9aa1719c
+				{n..5103ca9a
+				{n..091c3546
+				{n..642bc747
+				{n..f0c412d3
+				{n..e14b8b73
+				{n..57ae57c9
+				{n..2c478811
+				{n..001c1da9
+				{n..03bb5c46
+				{n..8f82450e
+				{n..46bde8a8
+				{n..b1c8ad49
+				{n..bf10631e
+				{n..fcf4ee20
+				{n..4acbffa7
+				{n..f1d6246a
+				{n..7209c3ce
+				{n..8c45523e
+				{n..8a2fa01b
+				{n..0cca74c1
+				{n..9407bc9b
+				{n..913393d7
+				{..7389e795
+					n..2d9dcc40
+				},..f785ca63
+				{..7389e795
+					n..d15fbcb0
+					@..4b4c8ed1
+				},..f785ca63
+				{n..24cb032e
+				{..7389e795
+					n..d4540fe3
+					@..1c035153
+				},..f785ca63
+				{..7389e795
+					n..781134cf
+					@..2fc79a53
+				},..f785ca63
+				{..7389e795
+					n..ac1a0d3f
+					@..55e10c1a
+				},..f785ca63
+				{..7389e795
+					n..12180e60
+					@..28bc363f
+				},..f785ca63
+				{..7389e795
+					n..379d74c8
+					@..97ff4437
+				},..f785ca63
+				{..7389e795
+					n..51ab2606
+					@..59ccf2a7
+				},..f785ca63
+				{..7389e795
+					n..2b2a3765
+					@..0ff03a0e
+				},..f785ca63
+				{..7389e795
+					n..496fe339
+					@..d6ffdd26
+				},..f785ca63
+				{..7389e795
+					n..56fa436f
+					@..5e0fa6e6
+				},..f785ca63
+				{n..08418a94
+				{..7389e795
+					n..1cc3ac1f
+					@..38f2016e
+				},..f785ca63
+				{..7389e795
+					n..12f6698e
+					@..20677611
+				},..f785ca63
+				{n..aa679ee8
+				{..7389e795
+					n..c9704368
+					@..91e3b158
+				},..f785ca63
+				{n..defcf925
+				{n..fab6d1bb
+				{n..216611b1
+				{..7389e795
+					n..2a78e43e
+					@..5e11f5dd
+				},..f785ca63
+				{..7389e795
+					n..3d0ef30f
+					@..db3342c5
+				},..f785ca63
+				{..7389e795
+					n..2b59fd47
+					@..947a5eb7
+				},..f785ca63
+				{..7389e795
+					n..3618b2c8
+					@..98f169c2
+				},..f785ca63
+				{..7389e795
+					n..57a1a98b
+					@..2905502b
+				},..f785ca63
+				{..7389e795
+					n..48b6a456
+					@..e6020338
+				},..f785ca63
+				{n..13e6daa2
+				{..7389e795
+					n..ed736cfe
+					@..cb46a6cc
+				},..f785ca63
+				{..7389e795
+					n..110517bc
+					@..9ccfb7a7
+				},..f785ca63
+				{n..6408db7a
+				{n..340dff30
+				{n..817f8839
+				{n..1202e364
+				{n..9ee0e6a2
+				{n..a83e9023
+				{n..80ef2b42
+				{n..b640e74c
+				{n..8bb55e48
+				{n..75d35319
+				{n..d126376d
+				{n..4ad3800a
+				{n..c1cc8b53
+				{..7389e795
+					n..ac4fe927
+					@..5e959c90
+				},..f785ca63
+				{n..74586699
+				{n..2d6e7761
+				{n..86e40ca3
+				{n..a943a68e
+				{n..9faaeb3a
+				{n..f9b50ef4
+				{n..a8cc6eaf
+				{n..5fef5917
+				{n..11b105bc
+				{n..68c00fc1
+				{n..20e08d18
+				{n..a53f8ece
+				{n..4c1d944c
+				{n..ac877b15
+				{n..c39dc1c0
+				{n..42b75da5
+				{n..843e6614
+				{n..d4f7c1f7
+				{n..701cc1f5
+				{n..79c47b45
+				{n..a48b679a
+				{n..3801dae8
+				{n..f7a13277
+				{n..72ea7ead
+				{n..557ac913
+				{n..b0a3f9f7
+				{n..192919f3
+				{n..c4d0fc73
+				{n..554d5335
+				{n..3039316c
+				{n..04862f65
+				{n..4859bdc4
+				{n..249d1bc6
+				{n..fee132c0
+				{n..cd41f84e
+				{n..6b7c59d5
+				{n..fdf8c282
+				{n..2de27d76
+				{n..76d6d59d
+				{n..2264f436
+				{n..24b6d566
+				{n..63ceb093
+				{n..9ea577fd
+				{n..8e69dcf4
+				{n..68c41c2b
+				{n..66b685b7
+				{n..6ce07f84
+				{n..ec6a79cc
+				{n..22db9fbe
+				{n..19fbb543
+				{n..4667fc7e
+				{n..8252e06c
+				{n..e9d6d694
+				{n..68e0a5d0
+				{n..bbaf7007
+				{n..c840431b
+				{n..fd469d81
+				{n..67793e74
+				{n..a77c8c27
+				{n..710266f7
+				{n..5b20b4b2
+				{n..cef4e62c
+				{n..a34ece4c
+				{n..930d8bc0
+				{n..eabf0e77
+				{n..44db31dc
+				{n..7393f0ff
+				{n..069ca457
+				{n..42d29594
+				{n..356308c0
+				{n..a4ba0165
+				{n..ece4d5bb
+				{n..1850ccef
+				{n..b212fac7
+				{n..21c373b4
+				{n..488854fd
+				{n..13f82268
+				{n..569126d6
+				{n..0e64ee45
+				{n..29996703
+				{n..c18e9ae7
+				{n..05999546
+				{n..03b525d6
+				{n..c5021b0c
+				{n..9a2b30da
+				{n..091d1da9
+				{n..19ffa671
+				{n..4fdbcdcb
+				{n..0404de40
+				{n..619bfd77
+				{n..8b0a4368
+				{n..9efc04a6
+				{n..9c818b95
+				{n..ddaf0dad
+				{n..a09f3214
+				{n..f3887d1e
+				{n..700b464a
+				{n..24ce7358
+				{n..6b68e3b7
+				{n..11f4bd10
+				{n..d4b924c7
+				{n..4e928540
+				{n..466b307d
+				{n..8fff2d1e
+				{n..a4ccc131
+				{n..cf41539b
+				{n..1798a942
+				{n..72cc5c2c
+				{n..c5819412
+				{n..c659a5f9
+				{n..e91eba70
+				{n..2db392a7
+				{n..27930627
+				{n..0cb0b37d
+				{n..c363fee4
+				{n..855d1af5
+				{n..71403c2a
+				{n..79126d53
+				{n..64e3e7f0
+				{n..f3e248b5
+				{n..455471a7
+				{n..de97f63e
+				{n..35c9617a
+				{n..109829c5
+				{n..7ea77277
+				{n..ea96dbca
+				{n..283546aa
+				{n..d425d9a7
+				{n..f1f1e060
+				{n..656e761f
+				{n..cb6b8246
+				{n..3bd1d427
+				{n..7dd4a530
+				{n..f7eb1ff2
+				{n..b22ff4c9
+				{n..c5eb5978
+				{n..8af80bc8
+				{n..14f45a61
+				{n..584c17cf
+				{n..eefcb837
+				{n..f9160022
+				{n..b05f8144
+				{n..bba59159
+				{n..9c080ff3
+				{n..c208b0bc
+				{n..20735af9
+				{n..e2e76f48
+				{n..9b58b81b
+				{n..0c0fe5d7
+				{n..5aeac48c
+				{n..ab2c2ea9
+				{n..b6ea5cca
+				{n..dad0dd1a
+				{n..2a2ceb45
+				{n..4a37f5cd
+				{n..4ac286d8
+				{n..98906450
+				{n..21982a7c
+				{n..d9425119
+				{n..b30697b0
+				{n..09673f84
+				{n..e5b50c1f
+				{n..cb700c09
+				{n..43fb3aa1
+				{n..939cc347
+				{n..368a59d3
+				{n..15fd65ce
+				{n..11dcee85
+				{n..d187e733
+				{n..e841ea33
+				{n..77095427
+				{n..dc7472e5
+				{n..c694cc32
+				{n..0b251359
+				{n..18361635
+				{n..18ea756d
+				{n..23e57932
+				{n..38af8dc4
+				{n..837032c6
+				{n..c04c1f21
+				{n..529b767c
+				{n..60a3acdc
+				{n..157aaf87
+				{n..8cef516e
+				{n..3a53eeff
+				{n..58c67893
+				{n..3295182e
+				{n..d3a1bb9c
+				{n..269a746f
+				{n..2a080bad
+				{n..6bf72cc7
+				{n..3b7b3407
+				{n..b2347394
+				{n..57921a44
+				{n..f953186c
+				{n..cff73e49
+				{n..d8daf7ff
+				{n..c457bd9c
+				{n..5c9371a2
+				{n..e582a256
+				{n..15921fbe
+				{n..2a122a8a
+				{n..1518d174
+				{n..8a438682
+				{n..206c134c
+				{n..0d70b8c3
+				{n..5fd5377c
+				{n..c0783cba
+				{n..5b9c4063
+				{n..7edece03
+				{n..548a2fd9
+				{n..9a1840c5
+				{n..1f19c95e
+				{n..f4314086
+				{n..db96c635
+				{n..c308ebe6
+				{n..4f9520a9
+				{n..2b39da58
+				{n..fbab761f
+				{n..ed6a14ae
+				{..7389e795
+					n..0e9c8db5
+					@..f10cf45a
+				},..f785ca63
+				{..7389e795
+					n..8eb1378c
+					@..197e09d9
+				},..f785ca63
+				{..7389e795
+					n..db96fc76
+Wir em..5def7abd
+				},..f785ca63
+				{..7389e795
+					n..98f80847
+					@..5eb18543
+				},..f785ca63
+				{..7389e795
+					n..518ffd93
+					@..9a290b0b
+				},..f785ca63
+				{..7389e795
+					n..3f8ed9c0
+					@..0ca4066f
+				},..f785ca63
+				{n..662e3862
+				{..7389e795
+					n..ee888cb7
+					@..3ea14c94
+				},..f785ca63
+				{..7389e795
+					n..85620c1b
+					@..29b64568
+				},..f785ca63
+				{..7389e795
+					n..8c322663
+					@..29183884
+				},..f785ca63
+				{..7389e795
+					n..f14dfd74
+					@..438ac3b9
+				},..f785ca63
+				{..7389e795
+					n..92606717
+					@..1ce2a1d1
+				},..f785ca63
+				{..7389e795
+					n..31cdfd2b
+					@..5aa2c886
+				},..f785ca63
+				{n..f7b76524
+				{n..8da3ddda
+				{n..8fe8d24e
+				{n..d8b21aa0
+				{n..d002da4c
+				{n..aa346f61
+				{n..d9ee7bd3
+				{n..307fb09a
+				{n..e72db6ef
+				{n..c893aa79
+				{n..971d08a0
+				{n..ef61414e
+				{n..856baf13
+				{n..be7f7ac5
+				{n..e370110b
+				{n..d8ba3322
+				{n..7f272df6
+				{n..9fd9e02c
+				{n..d920940c
+				{n..6521242a
+				{n..74c2ea8b
+				{n..3851cb9a
+				{n..14d87e50
+				{n..61bd5351
+				{n..f744a7ee
+				{n..780b3097
+				{n..fce89442
+				{n..48994d5f
+				{n..97973c86
+				{n..db89a59c
+				{n..88acf3f8
+				{n..9c42db4d
+				{n..0f0cc0ac
+				{n..056b05dd
+				{n..3acaeab6
+				{n..28e43064
+				{n..74cadbdc
+				{n..178d4886
+				{n..e091d39a
+				{n..04bdc07b
+				{n..f804e36a
+				{n..31aa3f98
+				{n..6f0c1ff6
+				{n..03d2de21
+				{n..78ad9df2
+				{n..4853f286
+				{n..656dbfeb
+				{n..08daa902
+				{n..02930e44
+				{n..d353e37d
+				{n..aa5b9651
+				{n..de4a4758
+				{n..c9ec99ba
+				{n..59e135b6
+				{n..a5682cc5
+				{n..27cd8a56
+				{n..405b30e3
+				{n..d157c36f
+				{n..41720bae
+				{n..2656762d
+				{n..f01e1fe7
+				{n..335a950a
+				{n..8f5ddc3b
+				{n..e0828213
+				{n..f025d8bb
+				{n..6dcc4e6a
+				{n..e2f68722
+				{n..edcd657f
+				{n..22ac3610
+				{n..738a1f53
+				{n..4114d9d9
+				{n..aa5b8e81
+				{n..5305a83e
+				{n..7171a189
+				{n..6769aee1
+				{..7389e795
+					n..e2a58c6f
+					@..b60da094
+				},..f785ca63
+				{..7389e795
+					n..1ed2829f
+					@..5b1d88d9
+				},..f785ca63
+				{..7389e795
+					n..32845b0e
+				},..f785ca63
+				{..7389e795
+					n..1f087c19
+					@..173e3251
+				},..f785ca63
+				{..7389e795
+					n..083eee0c
+					@..01b71d77
+				},..f785ca63
+				{..7389e795
+					n..3898337c
+					@..4d3b8581
+				},..f785ca63
+				{..7389e795
+					n..cda93011
+					@..7a137429
+				},..f785ca63
+				{..7389e795
+					n..098d6ac2
+					@..0aa780b1
+				},..f785ca63
+				{..7389e795
+					n..06b792b4
+					@..616c8d1e
+				},..f785ca63
+				{..7389e795
+					n..e995ed2c
+					@..e3ba3e2c
+				},..f785ca63
+				{..7389e795
+					n..ab3aa688
+					@..79a49518
+				},..f785ca63
+				{..7389e795
+					n..bd379c64
+					@..371e1bc2
+				},..f785ca63
+				{..7389e795
+					n..96b03d12
+					@..ddb56b4a
+				},..f785ca63
+				{..7389e795
+					n..e26cf255
+					@..6627bd80
+				},..f785ca63
+				{..7389e795
+					n..d107a775
+					@..688e742d
+				},..f785ca63
+				{..7389e795
+					n..c288e358
+					@..c9ff87f3
+				},..f785ca63
+				{..7389e795
+					n..121af92b
+					@..1b12b93c
+				},..f785ca63
+				{n..848b141e
+				{n..b6eae142
+				{..7389e795
+					n..0c3ff9f3
+					@..50c88f09
+				},..f785ca63
+				{..7389e795
+					n..d42830e5
+					@..d0f8b5ff
+				},..f785ca63
+				{..7389e795
+					n..4986a402
+					@..b2bc0358
+				},..f785ca63
+				{..7389e795
+					n..c6da86f5
+					@..ed383729
+				},..f785ca63
+				{..7389e795
+					n..67f9bdd7
+					@..0c694e3a
+				},..f785ca63
+				{..7389e795
+					n..5669f70e
+					@..07fa6422
+				},..f785ca63
+				{..7389e795
+					n..c1d94def
+					@..0ddb3ccb
+				},..f785ca63
+				{..7389e795
+					n..e2de5fbc
+					@..c720f0ef
+				},..f785ca63
+				{..7389e795
+					n..64e9bc74
+					@..d3cb3bf8
+				},..f785ca63
+				{..7389e795
+					n..2b855dea
+					@..ed3990ac
+				},..f785ca63
+				{..7389e795
+					n..40cbea40
+					@..d946f6f1
+				},..f785ca63
+				{n..3242c8d1
+				{n..6406d5bc
+				{n..8bdb9d5c
+				{n..f2e533e2
+				{n..217ca64d
+				{n..4b141783
+				{n..97d285da
+				{n..331d87ee
+				{n..ba5acd40
+				{n..07a8c618
+				{n..6d6b3161
+				{n..230e9300
+				{n..f285b87a
+				{n..85a14d1b
+				{n..8cf328f2
+				{n..29c28238
+				{n..dac1b11b
+				{n..d8e72cd0
+				{n..bfa825c6
+				{n..d64a09d4
+				{n..4b6aba7a
+				{n..6f1dcbbc
+				{n..fb2d2c7d
+				{n..793a4598
+				{n..35857b1e
+				{n..cf648b04
+				{n..f95f22d0
+				{n..a9a56934
+				{n..f39f63ed
+				{n..a3d5c78e
+				{n..a02687c4
+				{n..37e22504
+				{n..916619d4
+				{n..0cc7bdce
+				{n..0beed058
+				{n..816a3fcc
+				{n..be945083
+				{n..0d456dc8
+				{n..70bd1b48
+				{n..56b59a9a
+				{n..ab416c3e
+				{n..5197a21d
+				{n..f32502ba
+				{n..6faba292
+				{n..5eb07267
+				{n..9370e2d5
+				{n..66e6107b
+				{n..70703c60
+				{n..db6c2dd6
+				{n..83443373
+				{n..4357d848
+				{n..5df7e281
+				{n..8e8006d3
+				{n..c5d98916
+				{n..2f7ac7e4
+				{n..7e4b8fab
+				{n..cac5e325
+				{n..4b96e9f5
+				{n..608c8a72
+				{n..ca37bf1a
+				{n..5bcac087
+				{n..f96037fd
+				{n..73284813
+				{n..35685213
+				{n..cd99d9bf
+				{n..2d788867
+				{n..2331ddfe
+				{n..a77af15a
+				{n..f60052d6
+				{n..6d431415
+				{n..6c1a48cd
+				{n..74c31a00
+				{n..aee1a02e
+				{n..ea9d294b
+				{n..ed01ff4a
+				{n..7a9a1b3c
+				{n..54b08cea
+				{n..ab52f6c5
+				{n..1b001534
+				{n..1fbc08f9
+				{n..7c066b76
+				{n..af6d92ef
+				{n..a454b144
+				{n..63190a84
+				{n..4001459c
+				{n..7bba6ee9
+				{n..d04c14aa
+				{n..4943d23e
+				{n..41023809
+				{n..fb9df117
+				{n..59279a05
+				{n..de43bd4e
+				{n..5c16acc3
+				{n..34ff9b48
+				{n..fa05d9a5
+				{n..698d99cf
+				{n..77dc9635
+				{n..9f150b07
+				{n..aa94b0d3
+				{n..5e5a1cad
+				{n..c5c274a0
+				{n..35481570
+				{n..bd6cac6e
+				{n..98134499
+				{n..78e806f5
+				{n..7ea6d9ac
+				{n..72560aed
+				{n..e506c458
+				{n..36d5c4a8
+				{n..972de06e
+				{n..afd16244
+				{n..e144ae5d
+				{n..cce2f3e7
+				{n..02666d3f
+				{n..77992470
+				{n..dab7572f
+				{n..36bf1cc3
+				{n..170fc707
+				{n..ba36821b
+				{n..f1deae0c
+				{n..615770bc
+				{n..106f4df5
+				{n..ff9981c0
+				{n..4dab372d
+				{n..7e6f1549
+				{n..de105c29
+				{n..10d70334
+				{n..e7299381
+				{n..a06819d7
+				{n..b91ecb86
+				{n..4c567a2c
+				{n..f5c37be7
+				{n..b98aad25
+				{n..5478f343
+				{n..44f59f06
+				{n..ca761c60
+				{n..70a1a160
+				{n..a6de1801
+				{n..60ddfe4f
+				{n..9920e842
+				{n..7ccd4ae6
+				{n..605b2db8
+				{n..a84f9521
+				{n..cdf150ad
+				{n..9ac4feac
+				{n..2322e401
+				{n..6709326c
+				{n..1406e54c
+				{n..548f5ab2
+				{n..d5aab931
+				{n..043acb9c
+				{n..49a18b84
+				{n..2d9b9dad
+				{n..e419fc2b
+				{n..f644eb9b
+				{n..4e0c9e2a
+				{n..7705c6be
+				{n..2f895e43
+				{n..ee4f9f5b
+				{n..ecc3d0b4
+				{n..7adc0a0d
+				{n..1a97cb6d
+				{n..37bf4bdd
+				{n..4f307d64
+				{n..5592dc7e
+				{n..faa5eee1
+				{n..7c4ccf97
+				{n..e4a5f6bb
+				{n..e806c8b1
+				{n..dea98d4e
+				{n..6103d50e
+				{n..5b2b6fe7
+				{n..27da7882
+				{n..b81a7bb1
+				{n..be14eae7
+				{n..cfa6245f
+				{n..f27c3087
+				{n..2b28ca15
+				{n..9e7abbe4
+				{n..d9fd4da1
+				{n..6f1c60eb
+				{n..8549e124
+				{n..8947a7fd
+				{n..96fbb596
+				{n..6b78a412
+				{n..6e7fded2
+				{n..b255c59f
+				{n..f0e32460
+				{n..016f7c59
+				{n..351ddbb5
+				{n..917f8336
+				{n..761aed09
+				{n..1dc75ab6
+				{n..1736b573
+				{n..78afa59b
+				{n..0a940b79
+				{n..aa9b17aa
+				{n..0230bf02
+				{n..d6ab9b7a
+				{n..a96ecf1e
+				{n..f578ef9e
+				{n..aa919053
+				{n..5514a31d
+				{n..b9832f19
+				{n..b68ae2af
+				{n..edebc175
+				{n..a947f79c
+				{n..e4c4ba26
+				{n..81e27ed6
+				{n..07820eea
+				{n..dfa47354
+				{n..b3df25ed
+				{n..e81b73cb
+				{n..fcb2f382
+				{n..df91cf4e
+				{n..2fe6bbfb
+				{n..a18b6ef7
+				{n..02862c9b
+				{n..be892ffd
+				{n..8291c87e
+				{n..ee78927b
+				{n..bf32f1eb
+				{n..09a1fc43
+				{n..17003396
+				{n..af203be2
+				{n..7b6de411
+				{n..9717ed25
+				{n..8de8590d
+				{n..dab8563f
+				{n..1662f521
+				{n..b40fd2f3
+				{n..1e3c3c37
+				{n..576ea161
+				{n..303c0b69
+				{n..d43755b1
+				{n..5567335c
+				{n..90fe1609
+				{n..dab2d3fb
+				{n..365f0f32
+				{n..cc41dbe9
+				{n..1a2b013b
+				{n..ac2c8f74
+				{n..e78c1cf9
+				{n..4f822d03
+				{n..a3ffa146
+				{n..65545f58
+				{n..83cc8417
+				{n..bf689e96
+				{n..62507496
+				{n..6a2060c3
+				{n..7630da71
+				{n..bbc60348
+				{n..6d30b6fb
+				{n..28268db9
+				{n..8e61f698
+				{n..4e9cd34e
+				{n..c746dc73
+				{n..16cb1bdd
+				{n..71a66225
+				{n..0b25fd81
+				{n..428bd5ee
+				{n..70a6f4bc
+				{n..fbf986ba
+				{n..02d85ac0
+				{n..97829f8b
+				{n..3ad93d4a
+				{n..9b8f26b7
+				{n..32f77e61
+				{n..8049f6d2
+				{n..cf415592
+				{n..76cd82da
+				{n..a222524a
+				{n..80a43fd1
+				{n..bb77d704
+				{n..bb7465dc
+				{n..e517c676
+				{n..cf9bb15b
+				{n..150364a4
+				{n..5ef2314e
+				{n..6028674c
+				{n..90359218
+				{n..c63a174a
+				{n..0515cc8a
+				{n..4f7c8215
+				{n..64f08999
+				{n..699cc253
+				{n..1c940c1b
+				{n..0616a589
+				{n..fbd1a3b4
+				{n..df6e501b
+				{n..ad72d4ed
+				{n..31d4da2c
+				{n..fdfb26ce
+				{n..7e6d9d65
+				{n..7e81819f
+				{n..40e9f299
+				{n..7813295b
+				{n..c3a09a9f
+				{n..25d055d0
+				{n..cd408ff1
+				{n..c0c81510
+				{n..b0b13876
+				{n..0a95e200
+				{n..ee127240
+				{n..9cc47586
+				{n..1594a0a9
+				{n..ef1a56d1
+				{n..9471a25d
+				{n..9c64e34b
+				{n..9bee11b6
+				{n..16e34303
+				{n..9c0ae4f2
+				{n..06660045
+				{n..07d6282f
+				{n..d3988a50
+				{n..6206bd09
+				{n..9bf3bb33
+				{n..e7ffb252
+				{n..fde4bf56
+				{n..20c653be
+				{n..4ad5f003
+				{n..b1da30e4
+				{n..4d73df75
+				{n..7bb2f92f
+				{n..1f9bd11f
+				{n..3d2483a8
+				{n..eab001cd
+				{n..13eadd57
+				{n..92d1256d
+				{n..9210af3b
+				{n..16de4608
+				{n..23b51d28
+				{n..1859776a
+				{n..a3b49e86
+				{n..8df47df8
+				{n..c414707d
+				{n..c2a7987d
+				{n..78eb2790
+				{n..c5845314
+				{n..50c41af3
+				{n..1ee84d41
+				{n..2a33be7c
+				{n..dc320343
+				{n..aab31b88
+				{n..9ea0fa63
+				{n..170a0edd
+				{n..44f9697c
+				{n..74465052
+				{n..7a9fdb59
+				{n..e306d20c
+				{n..74a91d4e
+				{n..6d064ab7
+				{n..7c414743
+				{n..b3e0f701
+				{n..a06c22ae
+				{n..231c6dbe
+				{n..6d2fd8ae
+				{n..67e2fb81
+				{n..e3318b86
+				{n..a62722e3
+				{n..957ca4c5
+				{n..331b20da
+				{n..046762c6
+				{n..77ddbd7b
+				{n..6673fe66
+				{n..b4cbe13d
+				{n..1b9fbd11
+				{n..e9463a47
+				{n..754dff2b
+				{n..296a1265
+				{n..77d74adb
+				{n..2b4ca027
+				{n..905ab504
+				{n..acd26ff9
+				{n..4a442c16
+				{n..56144775
+				{n..3849bfe1
+				{n..7496b234
+				{..7389e795
+					n..d17b57ac
+					@..85576908
+				},..f785ca63
+				{n..f8580d4c
+				{n..1bc4be68
+				{n..36b4deed
+				{n..e6da5b91
+				{n..df481e40
+				{n..a2c0ec37
+				{n..8a8ea938
+				{..7389e795
+					n..470b9f0d
+					@..029af6b3
+				},..f785ca63
+				{..7389e795
+					n..d2787cff
+					@..7ce71d28
+				},..f785ca63
+				{..7389e795
+					n..fc80ef7a
+					@..90f21c3a
+				},..f785ca63
+				{n..e678ef2d
+				{n..9974df1d
+				{n..4b6131b8
+				{n..e6e21e69
+				{n..1ac98082
+				{n..08941686
+				{n..86bc34fb
+				{n..9097a090
+				{n..bbb9fd26
+				{n..51901306
+				{n..3a9aadbf
+				{n..aea79c4a
+				{n..59a90200
+				{n..d33bb3da
+				{n..b656d194
+				{n..bda3a794
+				{n..fe1555e3
+				{n..2e3ba0c1
+				{n..f4b35e02
+				{n..db17d452
+				{n..60508de7
+				{n..89f3df49
+				{n..a36f44a8
+				{n..03e0e5da
+				{n..c7c4a016
+				{n..ff11e6ea
+				{n..e8114063
+				{n..5721df0f
+				{n..7a90b680
+				{n..81578164
+				{n..b22c4fc8
+				{n..ae60f813
+				{n..64f472b4
+				{n..bf6a008c
+				{n..e5624ed4
+				{n..eb6f4bab
+				{n..5787a801
+				{n..5da027be
+				{n..2eb4d247
+				{n..e4404b1e
+				{n..054eeec9
+				{n..7a11c764
+				{n..2775413a
+				{n..e6342cde
+				{n..30bf606d
+				{n..dc76ab44
+				{n..8836e7af
+				{n..c564e67b
+				{n..bf6178d4
+				{n..ddb9bce7
+				{n..fd2b9f6e
+				{n..6ee2143b
+				{n..d67b8da9
+				{n..0cf5b17f
+				{n..9ef78720
+				{n..35be7bb2
+				{n..32526c88
+				{n..6e9c2aa8
+				{n..2b3cfba9
+				{n..f5627d8f
+				{n..05dae5fd
+				{n..f5b34a59
+				{n..d766662f
+				{n..90fd4306
+				{n..c5f7e326
+				{n..f5adcb31
+				{n..8fa1f1b7
+				{n..6bfebb17
+				{n..1a8e4bdd
+				{n..bb5a03ea
+				{n..d7e08e7a
+				{n..cc585972
+				{n..3275aac7
+				{n..ab428043
+				{n..08ea7515
+				{n..77c7711e
+				{n..658ac273
+				{n..a5f9830c
+				{n..592dd7bc
+				{n..dc9fb365
+				{n..e76203c4
+				{n..761a3328
+				{n..46f98e46
+				{n..fc49e63f
+				{n..fa27e2e8
+				{n..582b0907
+				{n..9dbeae39
+				{n..17810b43
+				{n..2a789a1c
+				{n..3ec6f329
+				{n..933bec79
+				{n..94513d15
+				{n..4613943b
+				{n..0636ac05
+				{n..722adc3c
+				{n..a795b45f
+				{n..bb851615
+				{n..2d4c682f
+				{n..08d3233a
+				{n..87ee51bc
+				{n..e24b1c1d
+				{n..a6a21ff6
+				{n..88bfc417
+				{n..0bf10546
+				{n..054d7fc3
+				{n..c9706d9b
+				{n..6704174d
+				{n..b25fcaea
+				{n..3b794860
+				{n..5734c12c
+				{n..4db92a35
+				{n..d63230fd
+				{n..635d57ec
+				{n..781461ff
+				{n..48d4c102
+				{n..fafad75a
+				{n..aece68e1
+				{n..0439799d
+				{n..ccee2d93
+				{n..9d9d9972
+				{n..9cd5576c
+				{n..f632ff60
+				{n..1ec1650b
+				{n..7eb5b981
+				{n..14c8697f
+				{n..9ba6aae8
+				{n..e667459b
+				{n..12989646
+				{n..a24a5259
+				{n..2790db56
+				{n..015a5596
+				{n..aff197fb
+				{n..a4f73e0e
+				{n..a6eda2bb
+				{n..273c6f04
+				{n..be365804
+				{n..5e837d7c
+				{n..e1fb389f
+				{n..11491426
+				{n..aed5155f
+				{n..0d47ac35
+				{n..c2eab0ff
+				{n..ddc9b194
+				{n..e9157350
+				{n..bf78ddd3
+				{n..df387ea4
+				{n..8290b304
+				{n..ca96c9a9
+				{n..63ba9216
+				{n..3663e81c
+				{n..3d45c026
+				{n..fe088429
+				{n..27adacf3
+				{n..30aa6d27
+				{n..354eb543
+				{n..3a3ea8c5
+				{n..5811d279
+				{n..4cdf100e
+				{n..c04fa4fa
+				{n..adbaf39b
+				{n..782cb681
+				{n..ba745586
+				{n..04597b6c
+				{n..b0a57990
+				{n..7db7ea8d
+				{n..19251543
+				{n..0dcb2a49
+				{n..808ed5f2
+				{n..bdc49e2d
+				{n..41f868cf
+				{n..d5179b6d
+				{n..17f11862
+				{n..b7ec013e
+				{n..ada507b2
+				{n..1f797f9d
+				{n..07a3f216
+				{n..483e0449
+				{n..3a77fdef
+				{n..7f877947
+				{n..758bd4f5
+				{n..290e7d1a
+				{n..91917945
+				{n..b3df8b51
+				{n..f1beb3ed
+				{n..72ca4d90
+				{n..eb585a96
+				{n..a9a3a825
+				{n..d8a17864
+				{n..639373b9
+				{..7389e795
+					n..ecea2622
+					@..691bbe1b
+				},..f785ca63
+				{n..4e5f0139
+				{n..fb62a69f
+				{n..009b346d
+				{n..f13fad27
+				{n..58fef884
+				{n..b7b0955e
+				{n..a1a1082b
+				{n..adaf28e0
+				{n..e8838f08
+				{n..feab5cea
+				{n..1f3ff80d
+				{n..3f2550cd
+				{n..bc0be1f0
+				{n..32d941b1
+				{..7389e795
+					n..577d3a5a
+					@..318cbe3f
+				},..f785ca63
+				{n..893f9b22
+				{n..bd600382
+				{n..3776a00f
+				{n..1c44626d
+				{n..ffb69fde
+				{n..832457c5
+				{n..496df49f
+				{n..0c043df0
+				{n..1a945bf1
+				{n..4f794c9b
+				{n..f231953d
+				{n..1e81b4f1
+				{n..de220deb
+				{n..6f80b8f7
+				{n..f257e352
+				{n..2d2445dd
+				{n..1bf44c86
+				{n..29ec4e7e
+				{n..95344b66
+				{n..b233e18b
+				{n..563b2697
+				{n..b8075335
+				{n..33691d83
+				{n..215b56de
+				{n..00f15e24
+				{n..f6771233
+				{n..191bf282
+				{n..bb6e386b
+				{n..1e0e95c3
+				{n..28a66670
+				{n..48ed3a10
+				{n..96c81167
+				{n..ba90c66c
+				{n..888a0cf2
+				{n..8f78bf04
+				{n..cacf78de
+				{n..b9380361
+				{n..7d7c36f6
+				{n..3edfe243
+				{n..9b77a035
+				{n..0a715e0b
+				{n..b7bbf52b
+				{n..1465257b
+				{n..f6ad8aed
+				{n..08094d3b
+				{n..c5a1bbc8
+				{n..aece891b
+				{n..19a328a6
+				{n..a75210d6
+				{n..49f6c08f
+				{n..f5284615
+				{n..71f6a5fc
+				{n..60c4a32b
+				{n..3dec85a0
+				{n..feeec6a4
+				{n..e6544f81
+				{n..c686c574
+				{n..9ebcf431
+				{n..3ac19092
+				{n..638d19fd
+				{n..23840851
+				{n..35a45413
+				{n..f5e4ddf9
+				{n..aecefb93
+				{n..f4e48149
+				{n..843a9c83
+				{n..76398534
+				{n..8d50f27c
+				{n..51fa5c65
+				{n..e7946e97
+				{n..bad693c3
+				{n..9bbcfc77
+				{n..8872f918
+				{n..3f630666
+				{n..ab34e92f
+				{n..94159fb1
+				{n..fa62953e
+				{n..52754e37
+				{n..ff2a7726
+				{n..8f1b8941
+				{n..27135944
+				{n..efa296de
+				{n..cdc7f3db
+				{n..d3c7dfdc
+				{n..1087b309
+				{n..c2083fdb
+				{n..9e8763e9
+				{n..1752a980
+				{n..7b35506c
+				{n..dfe89a6d
+				{n..fd487c32
+				{n..a6feda38
+				{n..f9c81cc0
+				{n..0e8bab33
+				{n..325295a8
+				{n..cd044d18
+				{n..b0b2aa51
+				{n..97472508
+				{n..533a1f9d
+				{n..7c03a1ed
+				{n..4193ebdd
+				{n..b4c1a094
+				{n..dca5860b
+				{n..ca862f39
+				{n..f1561384
+				{n..3201ff6d
+				{n..7b485939
+				{n..fed99d43
+				{n..87f71aad
+				{n..076935c9
+				{n..78ca819b
+				{n..20c95364
+				{n..f3579c50
+				{n..7528e3cb
+				{n..02bc3476
+				{n..79e1b5c2
+				{n..964a0e72
+				{n..d51f897e
+				{n..f7dd9173
+				{n..3ba8d5cb
+				{n..9684eb10
+				{n..6f094938
+				{n..2f53017b
+				{n..b8399070
+				{n..97014c48
+				{n..6825ca5a
+				{n..1acfb744
+				{n..e098dff8
+				{n..2f5b6d82
+				{n..030777e5
+				{n..4d128e3d
+				{n..42886442
+				{n..7c3264a3
+				{n..44098a2d
+				{n..ea460e86
+				{n..a8384486
+				{n..c56391ad
+				{n..209ea7f0
+				{n..6cd96b35
+				{n..fde64a13
+				{n..aa35c1b0
+				{n..2e9c29b0
+				{n..6873fb5a
+				{n..486777a5
+				{n..9935b44b
+				{n..91c9fee3
+				{n..f551e37e
+				{n..692f69b1
+				{n..0e16b726
+				{n..84deae56
+				{n..716f1dbc
+				{n..898107d1
+				{n..76e26d29
+				{n..15bc11df
+				{n..ee473372
+				{n..914ad485
+				{n..d0cb1653
+				{n..751505ca
+				{n..096a5d9f
+				{n..5b02c067
+				{n..c0652046
+				{n..2b6f54c5
+				{n..798e9b02
+				{n..79a8f58c
+				{n..0382f081
+				{n..ac6ef3e0
+				{n..d9d025f1
+				{n..e67191ce
+				{n..fce066ef
+				{n..d8f432b9
+				{n..37fcd237
+				{n..0f3e1ef1
+				{n..db641db7
+				{n..ec5fe14e
+				{n..3eac6e75
+				{n..0060d093
+				{n..e0ee92b8
+				{n..9c6fb0a9
+				{n..383b4480
+				{n..8f76c795
+				{n..eddcf1aa
+				{n..54162085
+				{n..e951ecaa
+				{n..57069ed8
+				{n..b9af8ffa
+				{n..865b20b1
+				{n..44bbb3a3
+				{n..0941e47b
+				{n..b8e2a503
+				{n..9960d00a
+				{n..0cedb10d
+				{n..edfa3d3f
+				{n..7d5c1698
+				{n..f1b8fcd7
+				{n..dc7de542
+				{n..aabe43c9
+				{n..3c0e8b24
+				{n..cd143e43
+				{n..936e228c
+				{n..e96d6638
+				{n..3e436abb
+				{n..2e3dc078
+				{n..5c63ee5f
+				{n..e4f9ed7d
+				{n..d9b6d626
+				{n..d0fdb2bc
+				{n..7cdae40a
+				{n..d510a21c
+				{n..7284c6e8
+				{n..a0c0ec6c
+				{n..2da57ac4
+				{n..7edcbbe8
+				{n..b261c6e9
+				{n..2f1c5478
+				{n..e17f120a
+				{n..67f3c396
+				{n..6d0a3223
+				{n..a524cb50
+				{n..734fa27e
+				{n..fba9918f
+				{n..728b8545
+				{n..d121f8b8
+				{n..3c35624e
+				{n..feaa24a4
+				{n..2e36dbca
+				{n..f9e3f9ce
+				{n..0ad3e031
+				{n..cd4f1cc5
+				{n..623f257f
+				{n..f67462f6
+				{n..41b7afa9
+				{n..bd105315
+				{n..07cf16bb
+				{n..641e17d2
+				{n..e5d4e077
+				{n..fd36cee9
+				{n..cd5fe4bc
+				{n..85e9fcb7
+				{n..7e221df5
+				{n..2c27fe49
+				{n..852cf515
+				{n..ba9e1102
+				{n..6098bfe7
+				{n..69fab052
+				{n..8c4b640b
+				{n..362bb8e1
+				{n..526ff667
+				{n..cceeb500
+				{n..e2288e67
+				{n..0258f051
+				{n..24630287
+				{n..5a76cdf0
+				{n..1fa865bd
+				{n..fa7129c5
+				{n..1a37ca66
+				{n..dddaef36
+				{n..b5e998b6
+				{n..4b46bbbc
+				{n..54a87674
+				{n..f63489af
+				{n..30168d77
+				{n..cd75e7bf
+				{n..1d0ad874
+				{n..43dfa9da
+				{n..dec04433
+				{n..bc46e21c
+				{n..10fb6f38
+				{n..65d2c791
+				{n..3eb942ce
+				{n..0e289f89
+				{n..e1a47a1f
+				{n..7456a86e
+				{n..5c87f7c3
+				{n..1a70bbbd
+				{n..2163b698
+				{n..e8618100
+				{n..f55ae7b2
+				{n..99683e44
+				{n..dad9dc1a
+				{n..6cb9009e
+				{n..b5bd025a
+				{n..a9f25c19
+				{n..dbd10d78
+				{n..565cdec3
+				{n..fdbf0b79
+				{n..fe59c4d4
+				{n..da2da310
+				{n..47691c6a
+				{n..a8c36ac0
+				{n..762bb37c
+				{n..f6c1357a
+				{n..b11fd5f6
+				{n..3ccd7479
+				{n..54f55685
+				{n..c7c4b691
+				{n..b0b92f32
+				{n..b7febfce
+				{n..972e281e
+				{n..cbe1ea9a
+				{n..0cd6230f
+				{n..03459c6e
+				{n..936d5cdf
+				{n..01f5e7a6
+				{n..d108a400
+				{n..b0e328d1
+				{n..293c6cad
+				{n..660b4211
+				{n..2d60c06c
+				{n..31102a4c
+				{n..bedd02e3
+				{n..c430b241
+				{n..109ba63c
+				{n..eb40da99
+				{n..ce7ecee4
+				{n..2add778b
+				{n..93e234a8
+				{n..85145a60
+				{n..c4c564d5
+				{n..e7a442cb
+				{n..55024c81
+				{n..3d96e7ba
+				{n..d3e263ec
+				{n..0b62bb82
+				{n..223f6ffb
+				{n..f12029fb
+				{n..4849e977
+				{n..5b612f28
+				{n..efa4b9b6
+				{n..337be4a1
+				{n..b62e0527
+				{n..d224b88f
+				{n..408261da
+				{n..c8e18166
+				{n..b4ddeca7
+				{n..068f7979
+				{n..df218213
+				{n..9ee06891
+				{n..e70c884a
+				{n..c64cef94
+				{n..079469f8
+				{n..d09fd83c
+				{n..61c75063
+				{n..fb5497bf
+				{n..d7789940
+				{n..9003d5ee
+				{n..9657a14c
+				{n..32f61754
+				{n..1d2cb094
+				{n..ca8aced2
+				{n..381760e1
+				{n..9716692d
+				{n..ccae09fd
+				{n..27004474
+				{n..bb20d55b
+				{n..036faec5
+				{n..b2a51641
+				{n..73afdebc
+				{n..2f53a4eb
+				{n..32b4715a
+				{n..52a09d72
+				{n..ea779e40
+				{n..334754c6
+				{n..3df459aa
+				{n..06650103
+				{n..a116aae9
+				{n..0098c521
+				{n..6d919f58
+				{n..463f7456
+				{n..14ba1206
+				{n..23940fbd
+				{n..1ba7824c
+				{n..748b3553
+				{n..346f45bf
+				{n..c3cb86ff
+				{n..a0650c26
+				{n..1bf20808
+				{n..ad78ef30
+				{n..1064f6e3
+				{n..733402dc
+				{n..757e9d5a
+				{n..33fc588c
+				{..7389e795
+					n..64e5b2c8
+				},..f785ca63
+				{n..f547b0f6
+				{n..bd11aede
+				{n..bef4f39f
+				{n..0d1e0fe6
+				{n..58214adb
+				{n..1bab3b67
+				{n..d678f4c2
+				{n..988a31d2
+				{n..d06241b9
+				{n..f608e63f
+				{n..29a98d26
+				{n..bda83a9d
+				{n..e7b4b5ee
+				{n..b84c62c2
+				{n..d4c4216f
+				{n..a3dea1f9
+				{n..62e5bd8f
+				{n..7bdc287e
+using ..e8319597
+using ..17872bed
-		priv..2166ef1f
+		priv..b4a83125
+		priv..1fcce796
+..b41a3586
+		#end..cd321d5a
+..b41a3586
+		#reg..8d874153
+..b41a3586
+		priv..b963b073
+		{..a930013e
+			get..c31aa343
+			set..82d91b16
+			{..df0e3140
+				if..10ffbca0
+					r..bfca1bec
+				_i..6086b18e
+				if..89e7caad
+					_..8ad9fde4
+				el..927562e6
+					_..85e26adb
+			}..b0a385d5
+		}..48552baf
-					_..dc726d8d
+					I..56524e7c
-					s..21afe60c
-					_..dc726d8d
+				  ..01d5fbb5
+					I..56524e7c
-			if ..680f7921
+			if ..4cc724a2
-				_i..2dbadfc4
+				Is..2d0c0a73
-					_..8ca3f52a
+					I..461c8ff6
-			ret..418116df
+			ret..48b196ea
+using ..be79f29f
+using ..05b4e684
+using ..a629f555
+using ..e99d3a16
-			usi..2afa0a8a
+			Typ..37bf3ee5
+			usi..2243de5a