-		#reg..91e50b48
-..16014d17
-		priv..96f7045f
-..16014d17
-		#end..ac7c3418
-..16014d17
-		publ..8032dddf
-		{..3cf32b1c
-			get..f7c9b479
-			set..4bd71cec
-			{..c396b131
-				_u..f98456c4
-				va..07aef1f3
-				if..28bc563a
-					p..22011844
-				el..c1f2d0b7
-					p..5811edbf
-			}..e022b79f
-		}..9f641a9d
+		prot..2837d1bb
-		priv..96f7045f
-			get..f7c9b479
+			get..cb1cc38d
-				_u..f98456c4
-				va..07aef1f3
+				ba..b856752c
-				{..a4773a7e
-					p..22011844
-				}..885c9238
-				el..c1f2d0b7
-					p..5811edbf
+		prot..2837d1bb
+..b41a3586
-		#reg..91e50b48
-..16014d17
-		priv..96f7045f
-..16014d17
-		#end..ac7c3418
-..16014d17
-		publ..8032dddf
-		{..3cf32b1c
-			get..f7c9b479
-			set..4bd71cec
-			{..c396b131
-				_u..f98456c4
-				va..f3bcdd8f
-				if..28bc563a
-					p..22011844
-				el..c1f2d0b7
-					p..5811edbf
-			}..e022b79f
-		}..9f641a9d
+		prot..5f8a88e2