-    <A..f989283d
+    <A..f5c35c4a
-    <B..011f3a5e
+    <B..c8ad46c5
+    <A..663eb3e1
+    <A..158c9598
+    <C..c249ede3
+    <A..40257005
+    <A..25bc909e
+    <A..583f1ccc
+    <A..6fc45462
-      ..25b3e528
+      ..624ed6b3
+      ..a2ea61a5
+      ..d63026b5
+      ..e7c90792
-..d2c16051
-  <Vie..b2ef88b6
-<Neste..f4ff4c95
-      ..66a1f30f
-      ..1812f8ff
-      ..104cbdb1
-  <Lin..24c59b0b
-      ..fa9240e5
-      ..68b81a1a
+<Linea..d37d11d2
+      ..071ba872
+      ..f6218b43
+      ..bf9a6b12
+      ..f2aa1a0b
-    <T..bd6f43b7
-      ..0304c71b
-      ..38627bca
-      ..b021c896
-      ..5c0be282
-      ..648afe77
-      ..d47d95cd
-      ..e997acfd
+  <Tex..26e31233
+      ..2436abe3
+      ..624ed6b3
+      ..1d4fce66
+      ..7a1f2ad6
+      ..02140072
+      ..cbcdb95b
+      ..fbb51fbc
-    <S..450bbdbb
-      ..00502a5d
-      ..84aa4497
-      ..98ab3f6a
-      ..5111f3e4
-      ..a96b6c47
-      ..1c089ff0
-      ..80514002
-      ..1e14e809
+  <Sec..22c20e06
+      ..696ef5ae
+      ..bbf130c3
+      ..a24a080c
+      ..77ee0fab
+      ..9c51955c
+      ..619edb9c
+      ..dec653aa
+      ..0b8dd9cf
-    <T..30bf34cd
-      ..f8b25692
-      ..0304c71b
-      ..38627bca
-      ..b9b1c04c
-      ..fa7f2abe
+  <Tex..3f0d65be
+      ..6a749f84
+      ..2436abe3
+      ..624ed6b3
+      ..531eb8a7
+      ..1c01f7e6
-    <T..f02b9520
-      ..f8b25692
-      ..0304c71b
-      ..38627bca
-      ..b9b1c04c
-      ..415d1287
+  <Tex..0d92d602
+      ..6a749f84
+      ..2436abe3
+      ..624ed6b3
+      ..531eb8a7
+      ..0c1235eb
-    <T..bd6f43b7
-      ..0304c71b
-      ..38627bca
-      ..b9b1c04c
-      ..b206c84d
+  <Tex..26e31233
+      ..2436abe3
+      ..624ed6b3
+      ..531eb8a7
+      ..7888ccb5
-  </Li..363b9ece
-</Nest..533b9166
+</Line..b6d246de
+using ..c4e17d23
-				va..e750a238
+				va..ad083087
+		prot..1882a284
+		{..703834db
+			bas..c2c6e4f7
+			Roo..b290903e
+		}..d18f3f1b
+..02cd3600
-		#reg..d8de1ac0
+		#reg..09d7a044
-		prot..7e93bd80
+		#end..1d615454
+..02cd3600
+		#reg..d19230b5
+..02cd3600
+		prot..0a5de476
+			IWa..adc80efd
-		prot..fb2fc90c
+		prot..d508547e