--- /de..ff341d95
+﻿usi..c29fca59
+using ..604a6087
+using ..053d3d7f
+using ..09e58659
+using ..21b4066b
+using ..aea9fd22
+using ..4dcdb0f8
+using ..ef2c304c
+using ..0610d65d
+using ..a8468edb
+using ..38045296
+..02cd3600
+namesp..550a0761
+{..8466b994
+	publi..aafca5f2
+	{..bf5862fd
+		#reg..584fa2ba
+..02cd3600
+		priv..bedbab7b
+..02cd3600
+		#end..1d615454
+..02cd3600
+		#reg..d19230b5
+..02cd3600
+		[Fac..f0e895f5
+		publ..d7c4e4a2
+		{..703834db
+			var..0067520a
+			var..22ae86b1
+..02cd3600
+			var..245aabf7
+..02cd3600
+			///..d14c5c1d
+			var..8f026eff
+..02cd3600
+			// ..640ef253
+			var..ad77a1d9
+			Ass..9bd71624
+		}..d18f3f1b
+..02cd3600
+		[Fac..f0e895f5
+		publ..5ec6a165
+		{..703834db
+			var..0067520a
+			var..22ae86b1
+..02cd3600
+			// ..db2f1b40
+			var..91e46726
+			var..510315c6
+			Ass..86503362
+			var..95fbd536
+			Ass..c3ce910d
+		}..d18f3f1b
+..02cd3600
+		[Fac..f0e895f5
+		publ..1f8054ef
+		{..703834db
+			// ..3001a116
+			var..edb87da8
+			var..ea5e3718
+			Ass..bd99fbb7
+..02cd3600
+			// ..d18f1eb2
+			Ass..3f0c1b58
+..02cd3600
+			// ..48dc626d
+			///..c89b6527
+			///..10fd8716
+			///..9689c3dd
+		}..d18f3f1b
+..02cd3600
+		[Fac..f0e895f5
+		publ..9c709503
+		{..703834db
+			var..16ed8c3f
+			Ass..0de0f8f3
+		}..d18f3f1b
+..02cd3600
+		[Fac..f0e895f5
+		publ..51c7c3a2
+		{..703834db
+			var..7719ba52
+			var..16ed8c3f
+..02cd3600
+			// ..0d86c1ac
+			var..a8f33e0b
+			Ass..8a97d380
+			inp..b443f031
+			Ass..0d4fc20e
+..02cd3600
+			// ..49c883b4
+			inp..0158574c
+			Ass..8a97d380
+			inp..10da2b9f
+			Ass..0d4fc20e
+			Ass..36cdc0f6
+		}..d18f3f1b
+..02cd3600
+		[Fac..f0e895f5
+		publ..44e16c6b
+		{..703834db
+			var..2c8ca5a8
+..02cd3600
+			// ..0b89088f
+			bui..16ba065c
+			Ass..e813dbd8
+			{..197f4a0b
+				0x..92e21e18
+			}.S..5cd7ed4e
+		}..d18f3f1b
+..02cd3600
+		[Fac..f0e895f5
+		publ..d963043d
+		{..703834db
+			var..2c8ca5a8
+..02cd3600
+			bui..5b8feeab
+			Ass..e813dbd8
+			{..197f4a0b
+				0x..8efb39df
+			}.S..5cd7ed4e
+		}..d18f3f1b
+..02cd3600
+		[Fac..f0e895f5
+		publ..1d08d996
+		{..703834db
+			var..2c8ca5a8
+..02cd3600
+			// ..ec23ce42
+			// ..9fa3e38e
+			bui..90b1ac7f
+			var..3b0be4fe
+			{..197f4a0b
+				0x..1e8a5103
+				0x..519ff5a5
+			};..89251c85
+			var..60eeecf5
+			Ass..bb77ad76
+..02cd3600
+			// ..36f77cc0
+			bui..4c907da7
+			bui..89168863
+			Ass..f5d8f9c2
+..02cd3600
+			// ..e6bb8440
+			// ..4b4e8c84
+			// ..b39cd948
+			bui..4c907da7
+			bui..1129343e
+			Ass..e813dbd8
+			{..197f4a0b
+				0x..8b16f44f
+				0x..a420069f
+			}.S..5cd7ed4e
+		}..d18f3f1b
+..02cd3600
+		[Fac..f0e895f5
+		publ..ec2752ea
+		{..703834db
+			// ..8ec4113e
+			var..2c8ca5a8
+			bui..97bb1154
+			Ass..e813dbd8
+			{..197f4a0b
+				0x..22df13d8
+				13..6a3832a0
+			}.S..5cd7ed4e
+		}..d18f3f1b
+..02cd3600
+		#end..1d615454
+	}..7829feb3
+}..da23088b
-﻿usi..dee882bd
+﻿usi..de712636
+using ..cfbc5566
+using ..aea9fd22
+using ..4dcdb0f8
+using ..dd45b87f
+using ..b019135e
+using ..93b2262a
-			var..5f41d318
+			var..0568aa97
-			var..5f41d318
+			var..0568aa97
-		#end..e3504053
-..d2c16051
-			var..9868e337
+			var..020abcd8
-			.Ad..fd66b2cb
-			.Ad..0a816cd7
-			.Ad..e2b859be
-			.Ad..0411d9be
+				.A..20804fe6
+				.A..4535639d
+				.A..2284ec64
+				.A..63236ca2
-			Ass..732608c3
+			Ass..5e075074
+				"0..c98a6b08
+				un..5fce7c20
-			var..9868e337
+			var..020abcd8
-			.Ad..fd66b2cb
-			.Ad..0a816cd7
-			.Ad..e2b859be
-			.Ad..0411d9be
+				.A..20804fe6
+				.A..4535639d
+				.A..2284ec64
+				.A..63236ca2
-			.Ad..1bac1a74
-			.Ad..25a99c58
-			.Ad..5dc9b638
-					 ..05521cae
-			.Ad..c7362691
-					 ..61283e1d
+				.A..708240e5
+				.A..e591dcff
+				.A..a6c90134
+					"..b5b46c90
+				.A..06fecdc2
+					"..cb326bbd
-			Ass..4812c73d
+			Ass..5e075074
+				"0..9ff45fd5
+				si..58cf418b
-			var..9868e337
+			var..020abcd8
-			.Ad..a08fb969
-			.Ad..2bbcda02
-			.Ad..e8b940ca
+				.A..cf2f3274
+				.A..4e1c64ec
+				.A..a8bda735
-			Ass..211d58aa
+			Ass..5e075074
+				"0..a09ff3e4
+				un..5fce7c20
-			var..9868e337
+			var..020abcd8
-			.Ad..a08fb969
-			.Ad..e501cb37
-			.Ad..1147ea66
+				.A..cf2f3274
+				.A..fcd6d27e
+				.A..38ae56e8
-			.Ad..dd3035ef
-			.Ad..c7a5fe71
-					 ..2be9e327
-					 ..61283e1d
+				.A..7c379618
+				.A..d339111a
+					0..01beb602
+					"..cb326bbd
-			Ass..5775b4cd
+			Ass..5e075074
+				"0..d1714ba5
+				si..58cf418b
-			var..9868e337
+			var..020abcd8
-		//..f9b97123
-		//		..60fcb2b4
-		//		..83877d96
-		//		..7ef1d966
-		//		..91e2bedf
-		//		..1ca560e4
-		//		..14e9b70d
-		//		..84e91666
-		//		..bd19763f
-		//		..e5e5db7a
-		//..f9b97123
-		//		..e75a654e
-		//		..61d7e175
-		//..f9b97123
-		//		..60fcb2b4
-		//		..0d7f95b3
-		//		..7ef1d966
-		//		..91e2bedf
-		//		..1ca560e4
-		//		..14e9b70d
-		//		..9a71542c
-		//		..26f1fa46
-		//..f9b97123
-		//		..82a715e1
-		//		..24c0c47b
-		//		..61d7e175
-		//..f9b97123
-		//		..60fcb2b4
-		//		..ca25b10f
-		//		..7ef1d966
-		//		..91e2bedf
-		//		..1ca560e4
-		//		..14e9b70d
-		//		..9a71542c
-		//		..26f1fa46
-		//		..e5e5db7a
-		//..f9b97123
-		//		..e75a654e
-		//		..61d7e175
-		//..f9b97123
-		//		..60fcb2b4
-		//		..a31df599
-		//		..7ef1d966
-		//		..91e2bedf
-		//		..1ca560e4
-		//		..14e9b70d
-		//		..a89ae18f
-		//		..220af72e
-		//..f9b97123
-		//		..82a715e1
-		//		..24c0c47b
-		//		..61d7e175
-		//..f9b97123
-		//		..60fcb2b4
-		//		..86e80376
-		//		..7ef1d966
-		//		..91e2bedf
-		//		..1ca560e4
-		//		..14e9b70d
-		//		..f25b817f
-		//		..9009fc1f
-		//		..e5e5db7a
-		//..f9b97123
-		//		..e75a654e
-		//		..61d7e175
-		//..f9b97123
+..02cd3600
+		[Fac..f0e895f5
+		publ..08f0c0eb
+		{..703834db
+			// ..5cd44827
+			var..020abcd8
+			var..387b6e11
+			var..0067520a
+			var..22ae86b1
+			var..1ad0be7e
+..02cd3600
+			Ass..1bc4f241
+		}..d18f3f1b
+..02cd3600
+		[Fac..f0e895f5
+		publ..b547b83f
+		{..703834db
+			// ..5cd44827
+			var..020abcd8
+			var..387b6e11
+			var..039d7f3c
+			var..cc851d18
+..02cd3600
+			var..c58bf9d2
+			Com..96cdb7c4
+		}..d18f3f1b
+..02cd3600
+		[Fac..f0e895f5
+		publ..aa08fc23
+		{..703834db
+			// ..5cd44827
+			var..020abcd8
+			var..387b6e11
+			var..039d7f3c
+			var..cc851d18
+			var..1ad0be7e
+..02cd3600
+			Ass..1bc4f241
+		}..d18f3f1b
+..02cd3600
+		[Fac..f0e895f5
+		publ..2a5e6416
+		{..703834db
+			// ..5cd44827
+			var..020abcd8
+			var..387b6e11
+			var..3707bda3
+			var..247a377a
+..02cd3600
+			var..c58bf9d2
+			Com..96cdb7c4
+		}..d18f3f1b
+..02cd3600
+		[Fac..f0e895f5
+		publ..42bb25ef
+		{..703834db
+			// ..5cd44827
+			var..020abcd8
+			var..387b6e11
+			var..3707bda3
+			var..247a377a
+			var..1ad0be7e
+..02cd3600
+			Ass..1bc4f241
+		}..d18f3f1b
+..02cd3600
+		[Fac..f0e895f5
+		publ..12ffe8d9
+		{..703834db
+			var..13827867
+			var..571a818e
+..02cd3600
+			var..193c9a32
+			{..197f4a0b
+				It..d95dcf1d
+			});..05654135
+			var..eb8e28ff
+..02cd3600
+			var..b726a93f
+			var..387b6e11
+..02cd3600
+			var..5cc8a605
+				.A..06aa26aa
+				.A..af54ae80
+			var..47e93672
+			var..c8dd8c67
+..02cd3600
+			var..2e850720
+			var..e96024c6
+			var..155a9a14
+				.A..93519558
+				.A..18d46ec3
+			trx..80de944a
+			var..f11dca64
+		}..d18f3f1b
+..02cd3600
-				{..1c2b058f
-				}..862a00db
+..02cd3600
+		#end..1d615454
-    <R..0f1c100b
-      ..1c4ab419
-      ..f7a82258
+    <R..433c22f5
+      ..80dded8b
+      ..876ac29e
+    <R..366aafba
+    <R..ad0f8638
+      ..f11dee5a
+      ..876ac29e
+    </..1225d43a
+    <C..a961e187
+    <N..52468eff
--- /de..ff341d95
+﻿<?x..545f5da4
+<confi..204e44cc
+  <run..ef6aaffc
+    <a..2e3eb20b
+      ..d0979408
+      ..c22d6c56
+      ..3d4f7eda
+      ..d26184ac
+    </..8222cfdb
+  </ru..95ca3484
+</conf..c016c58e
+  <pac..95388cef
+  <pac..b09149ff