+using ..ef2c304c
-		priv..d5ad4466
+		priv..0e93788d
-			Par..5ab9d160
+			// ..c7b3a7be
+			// ..20265a12
+			// ..cd8e1f1e
+			// ..0d0f941e
+			// ..702e18d2
+			Par..7b4b770f
-				{"..26261f28
-				{"..ae0c225e
-				{"..23284ce4
-				{"..a06f1f66
-				{"..29dfac6e
-				{"..03e5db4a
-				{"..c0a82b62
-				{"..967e6105
-				{"..b154c3d0
-				{"..03ae9402
-				{"..a090cbf3
-				{"..29d4e369
-				{"..66e6af11
-				{"..aceac227
-				{"..951e5fbd
-				{"..d5126228
-				{"..d278cedf
-				{"..905a9d00
-				{"..12e6551c
-				{"..68ab7f90
-				{"..48b38ee6
-				{"..6295cc87
-..d2c16051
-				//..2eb1056b
+				{"..6b53653f
+				{"..24208a11
+				{"..1f223197
+				{"..4a41c9e8
+				{"..d096a818
+				{"..65370240
+				{"..d0b4b6da
+				{"..07d1bde3
+				{"..4d6e9ab9
+				{"..55d13d2f
+				{"..fec8b277
+				{"..5ccfdc35
+				{"..3348aef5
+				{"..8fd5d354
+				{"..d590e9db
+				{"..e952de6a
+				{"..514e6011
+				{"..6dc20926
+				{"..5a0e6d7c
+				{"..5de6bcbe
+				{"..52104af6
+				{"..020e9fa7
+..02cd3600
+				//..92f5a030
-			Btc..2e2f1a37
+			Par..58447f13
+			Btc..7f882c0c
+		}..d18f3f1b
+..02cd3600
+		publ..ea1b389e
+		{..703834db
+			Pub..3146a951
+			Pri..9058817b
+			Coi..8d460e71
+			Tra..d35128c8
+			Scr..53096f57
+			Ext..5f067e82
-		publ..d49a7a0c
+		publ..91525797
-		publ..344c8654
+		publ..9e33d4a2
-		publ..38a99c8f
+		publ..34718085
-		publ..f705856b
+		publ..34ab60f4
-		publ..1b515018
+		publ..6065f653
-		publ..633b7e9e
+		publ..4352c602
-		publ..899a2467
+		publ..ccaf9bcd
-		publ..276b187f
-		{..7f5deef0
-			var..a56fce72
-			if ..3a490bdb
-				re..22478fe7
-			ret..01b46042
-		}..3498f6f0
-..d2c16051
-		/// ..35ecdcca
-		/// ..1d2b5835
-		/// ..4e5fb14a
-		publ..43453bf1
+		publ..1a0a1acc
-			// ..483ec1c8
-			// ..af245f6f
-			// ..b15163f3
-			// ..44dc4299
-..d2c16051
-			Lis..440f0bf0
-			if ..a3defddd
-			{..54edcfd3
-				pa..7c92a61d
-				pa..2decaa2a
-				pa..08f800e5
-				pa..13c0389b
-..d2c16051
-				Th..1e007e4f
-				Th..9c01aa78
-				Th..e0ca4ed4
-..d2c16051
-				re..d377e88a
-			}..221b58d0
-..d2c16051
-			ret..e87899fc
+			ret..4ed4716d
-			Wri..32b899e1
+			Wri..b6288e5f
-			Wri..c30e1635
+			Wri..457c09ea
+++ /de..260c6c11
-﻿nam..233a2889
-{..f87f2c54
-	/// <..6d99ed73
-	///  ..f57e8a8f
-	/// <..2216e82b
-	publi..9e062f3d
-	{..45d9d369
-		#reg..1feb23b0
-..d2c16051
-		/// ..35ecdcca
-		/// ..93620f0d
-		/// ..4e5fb14a
-		publ..7bb32be7
-..d2c16051
-		/// ..35ecdcca
-		/// ..9cde1e53
-		/// ..4e5fb14a
-		publ..55177653
-..d2c16051
-		#end..e3504053
-	}..a9402538
-}..327134b0
-using ..bc777649
+using ..aea9fd22
-		prot..047c24e5
-		{..7f5deef0
-		}..3498f6f0
-..d2c16051
-			Bit..70843d0c
-..d2c16051
-			// ..054c76ac
-			var..05daf047
-			{..54edcfd3
-				"B..f8666e2c
-				"T..de366640
-				"G..8844bbfc
-				"D..238b05b8
-				"D..f464710f
-				"R..ef84606f
-				"X..41ec9e96
-				"L..522de67f
-				"N..6fbec343
-				"Q..8d204216
-				"P..44c8be5f
-				"M..d65828db
-				"G..a7256456
-				"S..1a9c2825
-				"C..de6a11b9
-				"U..1eedfddb
-				"A..6b51a49e
-				"Z..1e7a0654
-				"D..d0df4e68
-				"S..16f4bfd4
-				"S..4cebab4d
-			};..53b54c0b
-..d2c16051
-			if ..3aab5ae4
-			{..54edcfd3
-				va..dbdac5fd
-				//..2356453c
-				pa..0b6135d3
-				pa..0787ebb6
-..d2c16051
-				if..f1ff0090
-					p..daa57b53
-..d2c16051
-				if..e23741a6
-				{..1c2b058f
-					p..72ca52c0
-					s..832b1326
-				}..862a00db
-..d2c16051
-				if..d5a4ac81
-					s..28d1c249
-..d2c16051
-				if..25b7b331
-				{..1c2b058f
-					p..deaed103
-					s..9915815c
-				}..862a00db
-..d2c16051
-				if..9f73e2ec
-					s..832b1326
+			//t..ee3b21a4
+			var..122954d1
-				if..cb9a2697
-					s..832b1326
+			if ..d8f6e6ae
+				se..c5b9dcd2
-				if..d8f79cb2
-					s..832b1326
+			if ..09f4ecee
+				se..51354450
-				if..d2990dc4
-					s..832b1326
+			if ..e8dfb8ca
+				se..13aedad7
-				if..96d9a559
-					s..832b1326
+			if ..4b92688b
+				se..c5b9dcd2
-				if..3b5dc78d
-					s..832b1326
+			if ..421652cb
+				se..c5b9dcd2
-				va..5348e9b4
+			if ..a2ef1843
+				se..c5b9dcd2
-				re..3529d3a1
-			}..221b58d0
-..d2c16051
-			ret..5affcede
-		}..3498f6f0
-..d2c16051
-		/// ..35ecdcca
-		/// ..a6dcfdef
-		/// ..4e5fb14a
-		publ..a8d3c9fe
-		{..7f5deef0
-			var..1a065afe
-..d2c16051
-			// ..61856ae3
-			tra..d4d43785
-			///..c252ae31
-			///..92f68596
-..d2c16051
-			// ..68cd5b17
-			///..47de85b1
-..d2c16051
-			// ..e0669a4c
-			tra..12a4269f
-..d2c16051
-			//t..6bcb068c
-			//t..2068c309
-			tra..f16660a3
-				.W..67c3fabb
-				.F..2b03d0ef
-					m..70f85183
-					{..3dc13940
-						..ee012a65
-						..5dcadcd1
-					}..8ab1f221
+			if ..3c4be94e
+				se..c5b9dcd2
-			// ..c79360fb
-			tra..797dcbf3
-			tra..03381d57
+			if ..6adea91f
+				se..c5b9dcd2
-			///..44272717
+			if ..ecff7c69
+				se..c5b9dcd2
-			// ..3409c50c
-			//t..6871a04e
+			var..64d8c0c5
-			ret..b6046587
+			ret..5be58552
+++ /de..260c6c11
-..d2c16051
-namesp..77ce3d26
-{..f87f2c54
-    //..08930956
-    //..c3248d6f
-    //..5d0302ab
-    pu..756eb875
-    {..dba2834e
-      ..9c10b8e4
-      ..876effae
-      ..de650335
-      ..0191dc8b
-..d2c16051
-      ..9c10b8e4
-      ..92c537a3
-      ..de650335
-      ..0f0f1404
-..d2c16051
-      ..9c10b8e4
-      ..804edc81
-      ..de650335
-      ..4b74815d
-..d2c16051
-      ..9c10b8e4
-      ..804edc81
-      ..de650335
-      ..9f669b64
-..d2c16051
-      ..9c10b8e4
-      ..0cc42de8
-      ..de650335
-      ..f92d6583
-..d2c16051
-      ..9c10b8e4
-      ..0cc42de8
-      ..de650335
-      ..d3b556f6
-..d2c16051
-      ..9c10b8e4
-      ..0cc42de8
-      ..de650335
-      ..8942ee97
-..d2c16051
-      ..9c10b8e4
-      ..0cc42de8
-      ..de650335
-      ..fbb267a1
-..d2c16051
-      ..9c10b8e4
-      ..b5f6fdfc
-      ..de650335
-      ..3281d048
-..d2c16051
-      ..9c10b8e4
-      ..b5f6fdfc
-      ..de650335
-      ..e3374345
-..d2c16051
-      ..9c10b8e4
-      ..d4cf285d
-      ..de650335
-      ..dbec2340
-..d2c16051
-      ..9c10b8e4
-      ..d4cf285d
-      ..de650335
-      ..1dd78ec4
-..d2c16051
-      ..9c10b8e4
-      ..804edc81
-      ..de650335
-      ..26a2e23f
-..d2c16051
-    }..b3b3e321
-}..327134b0
+++ /de..260c6c11
-using ..5ede169f
-..d2c16051
-namesp..77ce3d26
-{..f87f2c54
-	/// <..6d99ed73
-	///  ..e530c58b
-	/// <..2216e82b
-	publi..dccb53cf
-	{..45d9d369
-		#reg..1feb23b0
-..d2c16051
-		/// ..35ecdcca
-		/// ..824fac4d
-		/// ..4e5fb14a
-		publ..7872e051
-..d2c16051
-		/// ..35ecdcca
-		/// ..bf442a36
-		/// ..4e5fb14a
-		publ..95fa16d0
-..d2c16051
-		/// ..35ecdcca
-		/// ..95d9246b
-		/// ..4e5fb14a
-		publ..15d16d83
-..d2c16051
-		#end..e3504053
-..d2c16051
-		#reg..d8de1ac0
-..d2c16051
-		/// ..35ecdcca
-		/// ..f6ffc5ef
-		/// ..4e5fb14a
-		/// ..a8857527
-		/// ..6485f8e5
-		/// ..78bdf59c
-		/// ..cf680a1b
-		/// ..08c416cd
-		/// ..78bdf59c
-		/// ..01a18e5d
-		/// ..c8a63690
-		/// ..72a3baad
-		publ..761a6441
-		{..7f5deef0
-			ret..9501d647
-		}..3498f6f0
-..d2c16051
-		#end..e3504053
-	}..a9402538
-}..327134b0
+++ /de..260c6c11
-﻿nam..79c9b596
-{..f87f2c54
-	/// <..6d99ed73
-	///  ..c936eab1
-	/// <..2216e82b
-	publi..801366aa
-	{..45d9d369
-		#reg..1feb23b0
-..d2c16051
-		/// ..35ecdcca
-		/// ..866ef293
-		/// ..4e5fb14a
-		publ..2b739a8c
-..d2c16051
-		/// ..35ecdcca
-		/// ..9b9a4974
-		/// ..4e5fb14a
-		publ..8849f078
-..d2c16051
-		/// ..35ecdcca
-		/// ..9b9a4974
-		/// ..4e5fb14a
-		publ..9043998e
-..d2c16051
-		/// ..35ecdcca
-		/// ..866ef293
-		/// ..4e5fb14a
-		publ..89938263
-..d2c16051
-		#end..e3504053
-	}..a9402538
-}..327134b0
+++ /de..260c6c11
-namesp..77ce3d26
-{..f87f2c54
-	/// <..6d99ed73
-	///  ..e530c58b
-	/// <..2216e82b
-	publi..287833b6
-	{..45d9d369
-		#reg..1feb23b0
-..d2c16051
-		/// ..35ecdcca
-		/// ..45ec9b75
-		/// ..4e5fb14a
-		publ..7decf7cc
-..d2c16051
-		/// ..35ecdcca
-		/// ..bf442a36
-		/// ..4e5fb14a
-		publ..7f168ce1
-..d2c16051
-		/// ..35ecdcca
-		/// ..41225b39
-		/// ..4e5fb14a
-		publ..afddbebb
-..d2c16051
-		#end..e3504053
-..d2c16051
-		#reg..d8de1ac0
-..d2c16051
-		/// ..35ecdcca
-		/// ..f6ffc5ef
-		/// ..4e5fb14a
-		/// ..625ab876
-		/// ..360f57b2
-		/// ..78bdf59c
-		/// ..cf680a1b
-		/// ..08c416cd
-		/// ..78bdf59c
-		/// ..01a18e5d
-		/// ..0b0c6557
-		/// ..72a3baad
-		publ..0df81f31
-		{..7f5deef0
-			ret..95367460
-		}..3498f6f0
-..d2c16051
-		#end..e3504053
-	}..a9402538
-}..327134b0
+++ /de..260c6c11
-using ..5ede169f
-..d2c16051
-namesp..77ce3d26
-{..f87f2c54
-    //..08930956
-    //..5280e452
-    //..ab218dd8
-    //..5d0302ab
-    pu..ad6255cf
-    {..dba2834e
-      ..52d9adbd
-..d2c16051
-      ..9c10b8e4
-      ..82907aa1
-      ..de650335
-      ..49662da9
-..d2c16051
-      ..9c10b8e4
-      ..ae9b7ae1
-      ..de650335
-      ..32b5278e
-..d2c16051
-      ..9c10b8e4
-      ..ae591e2c
-      ..de650335
-      ..2250b41d
-..d2c16051
-      ..9c10b8e4
-      ..776b5709
-      ..de650335
-      ..d22a417d
-..d2c16051
-      ..9c10b8e4
-      ..da5034cd
-      ..de650335
-      ..982dd517
-..d2c16051
-      ..9c10b8e4
-      ..804e8e7b
-      ..de650335
-      ..27e7d9d3
-..d2c16051
-      ..dd9c565b
-    }..b3b3e321
-}..327134b0
+++ /de..260c6c11
-using ..5ede169f
-..d2c16051
-namesp..77ce3d26
-{..f87f2c54
-	/// <..6d99ed73
-	///  ..805a79e8
-	/// <..2216e82b
-	publi..e22265cc
-	{..45d9d369
-		#reg..1feb23b0
-..d2c16051
-		/// ..35ecdcca
-		/// ..ae17eb86
-		/// ..4e5fb14a
-		publ..da2cd0f6
-..d2c16051
-		/// ..35ecdcca
-		/// ..e9228d0f
-		/// ..4e5fb14a
-		publ..6d9b661d
-..d2c16051
-		/// ..35ecdcca
-		/// ..1e2a50e8
-		/// ..4e5fb14a
-		publ..9de13ef5
-..d2c16051
-		/// ..35ecdcca
-		/// ..5d62c002
-		/// ..4e5fb14a
-		publ..1fe82a63
-..d2c16051
-		/// ..35ecdcca
-		/// ..5d62c002
-		/// ..4e5fb14a
-		publ..839d1d9e
-..d2c16051
-		/// ..35ecdcca
-		/// ..b0dd031e
-		/// ..4e5fb14a
-		publ..352f8deb
-..d2c16051
-		/// ..35ecdcca
-		/// ..b0dd031e
-		/// ..4e5fb14a
-		publ..0cb5de12
-..d2c16051
-		/// ..35ecdcca
-		/// ..8e295c1c
-		/// ..4e5fb14a
-		publ..332e0873
-..d2c16051
-		#end..e3504053
-..d2c16051
-		#reg..d8de1ac0
-..d2c16051
-		/// ..35ecdcca
-		/// ..4fd31f7c
-		/// ..4e5fb14a
-		/// ..83ed2c18
-		/// ..77a90a4d
-		/// ..78bdf59c
-		/// ..0ebdfb51
-		/// ..9f267bf1
-		/// ..78bdf59c
-		publ..326313fb
-		{..7f5deef0
-			Fai..a7749de7
-			Can..98b93a74
-			Fai..c4181b3c
-		}..3498f6f0
-..d2c16051
-		#end..e3504053
-	}..a9402538
-}..327134b0