+using ..0f1c0c71
-using ..001c1b39
+using ..3cd23b52
-	publi..ed133e1e
+	publi..a0de1768
-		publ..2b0b7008
+		priv..ebaf973b
-		publ..07d87b2e
+		publ..f35f4823
-			Id ..1d03b1c6
-			Api..ae6dea81
-			Log..29c19f55
-			Sym..6a1ece0a
-			Nam..743e389f
-			Ord..830c0e7d
-			Dec..93303f59
-		#reg..c12afead
+		#reg..50901d42
-		publ..3160c7cd
+		publ..6f2efeac
+		{..51605e65
+			ret..630502ad
+		}..58ab5e90
-		publ..2074f489
+		prot..70859e7f
+		{..51605e65
+			ret..1ef06cd6
+		}..58ab5e90
-		publ..30d41822
+		#end..6193bb6a
-		publ..c5495735
+		#reg..ad885e63
-		publ..7407c424
+		[Jso..9f25d55e
+		[Ser..aadeaaa4
+		inte..96caa551
+		{..51605e65
+			#re..9daaef8d
-		publ..5f829c9f
+			[Js..ab087e5c
+			pri..49ed3962
+				: ..802b1c9b
+			{..84033956
+			}..c2dbc207
-		publ..10eb623e
+			pub..8cee7bcf
+				: ..9b134d3a
+			{..84033956
+			}..c2dbc207
-		#end..65cb2215
+			#en..b871af6b
-		#reg..5db6b5f8
+			#re..8755dc78
-		publ..974cafbf
-		{..1b897c96
-			thr..b1c8144f
+			pub..edd00cb3
+			{..84033956
+				re..dcaaaea5
+				{..e7f9c26f
+					O..b92dbc84
+					A..7f2f12d4
+				};..c4dcbd17
+			}..c2dbc207
+..3a2493fd
+			#en..b871af6b
--- /de..35a2774e
+﻿usi..eb737fb5
+using ..90fe8582
+using ..8237fbc3
+using ..17989c09
+using ..0f1c0c71
+using ..6d75d3f6
+using ..b091bfae
+using ..ecb47326
+using ..3cd23b52
+..3a2493fd
+namesp..5abb5d19
+{..d619f38a
+	publi..ae3265f6
+	{..275e2742
+		#reg..a23391d7
+..3a2493fd
+		priv..ebaf973b
+..3a2493fd
+		#end..6193bb6a
+..3a2493fd
+		#reg..c5c0da4d
+..3a2493fd
+		publ..9a3b7f52
+		{..51605e65
+		}..58ab5e90
+..3a2493fd
+		#end..6193bb6a
+..3a2493fd
+		#reg..50901d42
+..3a2493fd
+		publ..9c875719
+		{..51605e65
+			thr..fc4abef2
+		}..58ab5e90
+..3a2493fd
+		publ..49c13768
+		{..51605e65
+			ret..9569ca4f
+		}..58ab5e90
+..3a2493fd
+		publ..ca52046d
+		{..51605e65
+			ret..91170e50
+		}..58ab5e90
+..3a2493fd
+		publ..2b5506aa
+		{..51605e65
+			ret..cb6a4fa5
+		}..58ab5e90
+..3a2493fd
+		publ..46955602
+			IWa..98c59aa9
+		{..51605e65
+			ret..cb6a4fa5
+		}..58ab5e90
+..3a2493fd
+		publ..438267a0
+		{..51605e65
+			thr..fc4abef2
+		}..58ab5e90
+..3a2493fd
+		publ..bdb868e2
+		{..51605e65
+			ret..c1f2582b
+		}..58ab5e90
+..3a2493fd
+		publ..a20fde5b
+		{..51605e65
+			thr..fc4abef2
+		}..58ab5e90
+..3a2493fd
+		publ..a59ce2c4
+		{..51605e65
+			thr..fc4abef2
+		}..58ab5e90
+..3a2493fd
+		publ..78e8e674
+		{..51605e65
+			thr..fc4abef2
+		}..58ab5e90
+..3a2493fd
+		publ..c3ea7c07
+		{..51605e65
+			thr..fc4abef2
+		}..58ab5e90
+..3a2493fd
+		prot..8bd5037f
+		{..51605e65
+			ret..dd348e95
+		}..58ab5e90
+..3a2493fd
+		prot..e03828a1
+		{..51605e65
+			ret..be5ddb2a
+		}..58ab5e90
+..3a2493fd
+		prot..70859e7f
+		{..51605e65
+			ret..f6d8242e
+		}..58ab5e90
+..3a2493fd
+		#end..6193bb6a
+..3a2493fd
+		#reg..ad885e63
+..3a2493fd
+		[Jso..9f25d55e
+		[Ser..aadeaaa4
+		inte..f51390af
+		{..51605e65
+			#re..9daaef8d
+..3a2493fd
+			[Js..ab087e5c
+			pri..868706a3
+				: ..802b1c9b
+			{..84033956
+			}..c2dbc207
+..3a2493fd
+			pub..9a2456cb
+				: ..7ba42f48
+			{..84033956
+			}..c2dbc207
+..3a2493fd
+			#en..b871af6b
+..3a2493fd
+			#re..8755dc78
+..3a2493fd
+			pro..cb81e27c
+			{..84033956
+				re..c30150f6
+			}..c2dbc207
+..3a2493fd
+			#en..b871af6b
+		}..58ab5e90
+..3a2493fd
+		#end..6193bb6a
+	}..dd723700
+}..7447b946
--- /de..35a2774e
+﻿usi..eb737fb5
+using ..90fe8582
+using ..79199b13
+using ..17989c09
+using ..0ba32469
+using ..6d75d3f6
+using ..b091bfae
+using ..ecb47326
+..3a2493fd
+namesp..5abb5d19
+{..d619f38a
+	publi..bb572a0a
+	{..275e2742
+		#reg..c5c0da4d
+..3a2493fd
+		[Pre..f1075ca9
+		publ..1317698f
+		{..51605e65
+		}..58ab5e90
+..3a2493fd
+		#end..6193bb6a
+..3a2493fd
+		#reg..8db5805d
+..3a2493fd
+		publ..211b20ed
+		{..51605e65
+			ret..e0d9a8a5
+		}..58ab5e90
+..3a2493fd
+		publ..83740619
+		{..51605e65
+			var..845eadea
+			if ..e9fed5b8
+				re..d2679990
+			ret..c5d8f817
+		}..58ab5e90
+..3a2493fd
+		publ..1b32d422
+		{..51605e65
+			IRe..bbf34c4a
+			var..7b3410ce
+			ret..52de9ed9
+		}..58ab5e90
+..3a2493fd
+		#end..6193bb6a
+	}..dd723700
+}..7447b946