-    <C..dc2b5913
-    <C..426af4e4
-    <C..cc56cffd
-    <C..bb8daa23
-    <C..e447a8c6
-    <C..251c4f29
-    <C..e675f9b8
-    <C..3f2e8566
-    <C..b131034c
-    <C..26be7311
-    <C..a2092d06
-    <C..5c0a674d
-    <C..99b8f130
-    <C..8777584f
-    <C..a1713690
-    <C..c7c41501
-    <C..499f46a3
-    <C..3a7e3183
-    <C..8d6a6cf7
+    <C..8bda1917
+    <C..309342a8
+    <C..a4bb510c
+    <C..9b2a2e3e
+    <C..9937f882
+    <C..58fb78da
+    <C..5ff4107d
+    <C..967abcd2
+    <C..7592ccdd
+    <C..1d4383b8
+    <C..8925a8c2
+    <C..46494bf8
+    <C..bd3f38af
+    <C..45cdd057
+    <C..21a7f6d3
+    <C..9b979283
+    <C..6237cac9
+    <C..3f8028e0
+    <C..9f2e8234
+    <C..2fd1cb13
+    <C..86191f56
+    <C..7a462534
+    <C..c311e916
-    <C..e70df166
-    <C..d0332fe9
-    <C..e4da44f9
-    <C..f905747f
-    <C..a146b889
-    <C..c7ad3f03
-    <C..70a3d739
-    <C..30eb82b5
-    <C..797f82a8
-    <C..56a1106b
-    <C..443534f4
+    <C..f1a27475
+    <C..77415981
+    <C..e5afa512
+    <C..a576df6c
+    <C..c26074e5
+    <C..5d58cc43
+    <C..e0af4f7f
+    <C..51473518
+    <C..470abeb5
+    <C..df71292e
+    <C..9c83ee7a
-    <C..01a518ec
-    <C..dbbcc82c
-    <C..7a292a05
-    <C..de042dd3
-    <C..b2f3dee2
-    <C..d9ea5d93
-    <C..96403481
-    <C..bf8c066b
-    <C..ee22445c
-    <C..e0b0002e
-    <C..c082ea21
-    <C..45f8f8f4
-    <C..b33a8a78
-    <C..6c54ce5d
-    <C..d69a8ecb
-    <C..dee92e4a
-    <C..4d5935d6
-    <C..f2f5bfb0
-    <C..378906ec
+    <C..0ea21532
+    <C..e33a0d4e
+    <C..35b5385f
+    <C..dbf6b5c1
+    <C..0e999bd5
+    <C..8c4486c1
+    <C..348f07e7
+    <C..c2a87159
+    <C..10e184cc
+    <C..63aa59d1
+    <C..2d9afb68
+    <C..1e017e52
+    <C..04419e0f
+    <C..8f06b006
+    <C..38145a11
+    <C..af13d062
+    <C..84d64efd
+    <C..203ccabd
+    <C..d5a3ff05
+    <C..018f98d0
-    <C..feb311a7
-    <C..13ccadce
-    <C..4e981ffa
-    <C..8b2c4f06
-    <C..ab8c04f8
-    <C..50d0ce1e
-    <C..47e52ef0
-    <C..8e3877e1
-    <C..aebf1b92
+    <C..54c78be5
+    <C..7ed07b8c
+    <C..9b258557
+    <C..36999f2b
+    <C..2718ffc5
+    <C..920fda4b
+    <C..410d724c
+    <C..76f74f9f
+    <C..880ed086
-    <C..eec5e7c6
-    <C..b6b10e04
-    <C..dcf72a67
-    <C..9aa98dea
+    <C..ca0646e5
+    <C..1cfd66c5
+    <C..5573679d
+    <C..4f765ffe
-    pu..40427d2d
-    {..a8b73a2a
-      ..2daa6edc
-      ..f7e415e2
-    }..b9bca580
+	//not..9ef71d97
+	publi..18842c57
+	{..275e2742
+		[Not..3a8d6960
+		obje..421007f6
+	}..dd723700
-﻿usi..b39cc729
+﻿usi..18c73f52
-    pu..657b043a
-    {..a8b73a2a
-      ..2daa6edc
-      ..e615281c
-    }..b9bca580
+	publi..95a237ea
+	{..275e2742
+		[Not..3a8d6960
+		Wall..45437582
+	}..dd723700
--- /de..35a2774e
+﻿usi..eb737fb5
+using ..0ba32469
+using ..4aab6916
+using ..6d75d3f6
+using ..3cd23b52
+..3a2493fd
+// ReS..d6282edc
+namesp..5ebfb950
+{..d619f38a
+	[Seri..98ebc0b0
+	[Json..6ee6daaf
+	[Pres..7d546641
+	publi..e5272fc5
+	{..275e2742
+		#reg..a23391d7
+..3a2493fd
+		[Jso..725062d9
+		priv..c3fbdc53
+..3a2493fd
+		[Jso..27a9e945
+		priv..a8c67f6e
+..3a2493fd
+		#end..6193bb6a
+..3a2493fd
+		#reg..c5c0da4d
+..3a2493fd
+		[Jso..e979fbfe
+		priv..dc8fe4f0
+		{..51605e65
+		}..58ab5e90
+..3a2493fd
+		publ..826d5c43
+		{..51605e65
+			_ty..c8aa66c7
+			_da..d70d7a73
+		}..58ab5e90
+..3a2493fd
+		#end..6193bb6a
+..3a2493fd
+		#reg..50901d42
+..3a2493fd
+		publ..f3729e6f
+		{..51605e65
+			var..5cc11419
+			var..9c7107f0
+			ret..68cc7d61
+		}..58ab5e90
+..3a2493fd
+		#end..6193bb6a
+	}..dd723700
+}..7447b946