-using ..dda69696
+using ..8c55f6b9
+using ..352fa783
-using ..cfb22bc1
-using ..f587bea6
+using ..2f37e942
+using ..ddbc2f28
+		priv..fc90d0ff
+		priv..b8e769de
+..3a2493fd
+		#end..6193bb6a
+..3a2493fd
+		#reg..c5c0da4d
+..3a2493fd
+		stat..67a4d3aa
+		{..51605e65
+			Mem..1dc5504f
+			Mem..cb20bd31
+			Reg..18812ffe
+			Reg..95602d62
+			Reg..71f9e7c5
+			Reg..25e7a1a8
+			Reg..bbe832d0
+			Reg..32f54b82
+		}..58ab5e90
+		inte..210efb81
+		{..51605e65
+			ret..579a88e0
+		}..58ab5e90
+..3a2493fd
+		inte..58898fdc
+		{..51605e65
+			ret..aea17ae1
+		}..58ab5e90
+..3a2493fd
+		inte..f466bccf
+		{..51605e65
+			ret..82aa2afe
+		}..58ab5e90
+..3a2493fd
+		priv..c55c3469
+		{..51605e65
+			Mem..494a34a0
+			Mem..193cef39
+		}..58ab5e90
+..3a2493fd
+				{..e7f9c26f
+				}..a2ad12bc
-				fo..6c14a1c2
+				fo..11d5c25f
-			int..e21da7aa
-			for..24ecf37c
+			var..9329201a
+			for..866c53d1
-				fo..9f3e0b15
+				fo..685f9cec
+		publ..91ee23d3
+		{..51605e65
+			if ..b8966fca
+			{..84033956
+				re..a01c32e2
+			}..c2dbc207
+			Arr..d611e24e
+			ret..3a6ed176
+		}..58ab5e90
+..3a2493fd