+    <C..06245e30
+    <C..e7629432
+  <Ite..c9c908ba
--- /de..35a2774e
+﻿usi..dedc3d3b
+using ..b984a838
+using ..bc79d2ea
+..3a2493fd
+namesp..d19e6b0b
+{..d619f38a
+	[Pres..7d546641
+	publi..4e5d2fcd
+	{..275e2742
+		#reg..50901d42
+..3a2493fd
+		publ..6b845ed3
+		{..51605e65
+			if ..e945b670
+				re..f4371828
+			Loa..d5c2e5f8
+			ret..a4d10337
+		}..58ab5e90
+..3a2493fd
+		publ..df656ced
+		{..51605e65
+			if ..e945b670
+				re..f4371828
+			Loa..d5c2e5f8
+			ret..d1b294fd
+		}..58ab5e90
+..3a2493fd
+		publ..d9d33f43
+		{..51605e65
+			if ..e945b670
+				re..f4371828
+			Loa..d5c2e5f8
+			ret..d16cebef
+		}..58ab5e90
+..3a2493fd
+		publ..e2ef0615
+		{..51605e65
+			if ..e945b670
+				re..f4371828
+			Ref..10340731
+			ret..1a8f4145
+		}..58ab5e90
+..3a2493fd
+		publ..52e1f48c
+		{..51605e65
+			if ..e945b670
+				re..f4371828
+			For..34b1b464
+			ret..1a8f4145
+		}..58ab5e90
+..3a2493fd
+		#end..6193bb6a
+	}..dd723700
+}..7447b946
-			if ..74a1e73e
-				re..fb9d4516
-			if ..88b86b92
-				re..c26553ba
-			if ..f7bbfa9e
-				re..2b07a515
-			if ..b53642d2
-				re..d7d979f5
-			if ..9c15441f
+			whi..f62a46de
-				if..6122de19
-					r..81c7a74a
-				re..fd40c4ea
+				if..cc26bbc6
+					r..f53f133c
+				if..391cc575
+					r..51dc9ffa
+				if..5cb8a11d
+					r..bf8c27b9
+				if..99dbc690
+					r..716cf6b7
+..3a2493fd
+				in..bdd0f2f8
+					?..7123d1aa
+					:..8f7cac34
+				if..7f7ef45c
+				{..e7f9c26f
+					o..5100fde4
+					c..c8b4610c
+				}..a2ad12bc
+				re..a723880a
-			if ..78eec10c
-				re..c3c2dc16
-			ret..2a03bfd5
-		publ..6e80b050
-		{..1b897c96
-			if ..c22e697e
-				re..6a64e0c3
-			Loa..1c84c274
-			ret..f9c14097
-		}..4e575e32
-..dab5f284
-		publ..8c570411
-		{..1b897c96
-			if ..c22e697e
-				re..6a64e0c3
-			Loa..1c84c274
-			ret..97ef72d0
-		}..4e575e32
-..dab5f284
-		publ..d693d4ec
-		{..1b897c96
-			if ..c22e697e
-				re..6a64e0c3
-			Loa..1c84c274
-			ret..c368e99b
-		}..4e575e32
-..dab5f284
-		publ..ac537ac0
-		{..1b897c96
-			if ..c22e697e
-				re..6a64e0c3
-			Ref..eaf2ed62
-			ret..5d026d01
-		}..4e575e32
-..dab5f284
-		publ..2c5ba615
-		{..1b897c96
-			if ..c22e697e
-				re..6a64e0c3
-			For..ef983fae
-			ret..5d026d01
-		}..4e575e32
-..dab5f284
-			Sup..21d405bf
-			Sup..4d4f8483
+			Sup..16b0b68a
+			Sup..e1b792db
+			Coi..dd16a481
-		publ..10640e16
+		publ..d2b86ac0
-			cat..76428b8e
+			cat..fda94485
+				Ap..6459f360
-using ..0e814442
+		#reg..a23391d7
+..3a2493fd
+		priv..17d774d5
+..3a2493fd
+		#end..6193bb6a
+..3a2493fd
+		#reg..c5c0da4d
+..3a2493fd
+		stat..7c781c00
+		{..51605e65
+			Ser..09e2f805
+			{..84033956
+				Ty..217d28ff
+				Ty..af62724a
+				Co..d81c35fb
+				Pr..40bda442
+				Re..5124fb36
+				Co..b14ab37d
+			};..775d0cb3
+		}..58ab5e90
+..3a2493fd
+		#end..6193bb6a
+..3a2493fd
+		#reg..8db5805d
+..3a2493fd
+		publ..202514c0
+		{..51605e65
+			var..ad1c1858
+			var..fb20ee06
+			ret..db0932d7
+		}..58ab5e90
+..3a2493fd
+		publ..24124163
+		{..51605e65
+			var..15390a3c
+			var..facf939f
+			var..1eec96bc
+			ret..1dee4a39
+		}..58ab5e90
+..3a2493fd
+		publ..f99971be
+		{..51605e65
+			var..be509f94
+			ret..421ce485
+			   ..e3d87a32
+		}..58ab5e90
+..3a2493fd
+		#end..6193bb6a
+..3a2493fd
-				if..70cb7c04
+				if..4d4a9e0a
-					p..c7b3eeb6
+					p..236b5f1c
-..dab5f284
-		#reg..488ce061
-..dab5f284
-		priv..d9d957fc
-..dab5f284
-		#end..65cb2215
-..dab5f284
-		#reg..fd41bb34
-..dab5f284
-		stat..c5470421
-		{..1b897c96
-			Ser..35d5d67e
-			{..b4ffb538
-				Ty..c1622263
-				Ty..5241e73c
-				Co..ebf1d0be
-				Pr..d1774c23
-				Re..d4cd5faa
-				Co..1a0aa597
-			};..23531ec2
-		}..4e575e32
-..dab5f284
-		#end..65cb2215
-..dab5f284
-		#reg..5db6b5f8
-..dab5f284
-		publ..a60f6fcd
-		{..1b897c96
-			var..3902ab04
-			var..08a83d7f
-			ret..ecd08f95
-		}..4e575e32
-..dab5f284
-		publ..5eabaec8
-		{..1b897c96
-			var..bb31fcec
-			var..1151b56b
-			var..d293c1fc
-			ret..088e91f6
-		}..4e575e32
-..dab5f284
-		publ..2d65dd4f
-		{..1b897c96
-			var..f344d03e
-			ret..3a6711a7
-				  ..cd4aba5b
-		}..4e575e32
-..dab5f284
-		#end..65cb2215
-	publi..6805ec5b
+	publi..0d1d24e0
+			var..9fb17e76
+			var..d5de8161
-				pr..df989c6a
+				pr..a4c5cbd6
-				pr..69a94081
-					(..77bd75d3
-					c..7c5f089f
+			{..84033956
+				va..1746cb9a
+				va..d313db2b
+				pr..d9b2a238
+			}..c2dbc207
-				ca..1e4630ac
+				ca..d417c0f3
+					A..25742c39
-			var..b217a253
+			var..9fb17e76
+			var..9f8ec368
-			var..9c4f1577
+			var..8b92460a
+			var..fa7a061a
--- /de..35a2774e
+﻿nam..e115846c
+{..d619f38a
+	publi..dcdba216
+	{..275e2742
+	}..dd723700
+}..7447b946
-using ..8242cd42
+using ..c58cd816
-			var..0d10e93d
+			var..a057f81e
-			pub..6ad5dc4b
+			pub..9f9eb6d1
-			pub..4668e8e0
+			pub..61266e7f
-				Pr..5f8f86d9
+				Fi..1b053fa9
-					p..42997d07
+					p..fe65cafd
-						..939a75df
+						..c54a26ff
-						..8cf697ca
+						..bb0d1092
-			var..dabbafbd
-						..a48406bb
+			var..ce001de3
+						..e1f424ac
-				if..552e25f4
+				if..2d4b0bbb
-			Pro..763d3dc7
+			Fie..505993e1
-			pub..98e2dc35
+			pub..8859273e
-				Co..6105fbcd
+				Co..6fd364b3
-				St..6f4b92d5
+				St..eaf09d54
-				_p..418c077c
+				_p..fc448855
-				re..69321762
+				re..50aac36e
-		publ..5a3b1530
+		publ..b2656f56
+using ..d33e2f93
+	[Pres..7d546641
-		priv..e433da39
-		priv..f16e607e
+		priv..4d832893
+		priv..583b453a
-		[Pre..985116b9
+	[Pres..7d546641
-		[Pre..985116b9
+using ..d33e2f93
+	[Pres..7d546641
-		priv..e433da39
+		priv..4d832893
-		[Pre..985116b9
-					S..c95f2a3b
+					i..ae476a42
+						..41e6ae62
+					e..c5fc3e2c
+						..1ae00b72
-			if ..297ab556
-				To..0174b5c6
-			els..8240e2b7
-				To..06216087
-			Tot..2ae34a95
+			if ..5020b955
+				To..a703a2a0
+			els..7006ec5c
+				To..65021f23
+	[Pres..7d546641
-		[Pre..985116b9
-    pu..68a15a33
+	[Pres..7d546641
+	publi..f0400359
-		[Pre..985116b9
+	[Pres..7d546641
-		[Pre..985116b9
+	[Pres..7d546641
-		priv..760634d7
+		priv..300c49c0
-		[Pre..985116b9
-		publ..bc1dadf1
+		publ..a25aa020
-			get..72667964
+			get..2736638f
-				_p..c7cb5f59
-				_p..06b96712
+				_p..d5b9107c
+				_p..9f66b8f2
-		publ..220417cd
+		publ..5596b55c
-			ret..66982b54
+			ret..5e95b7a0
-				se..8259d75f
+				se..424aeddf
-				Pa..99d7e30e
+				Pe..ca899066
-				Pa..9aaaa44f
+				P?..1ae47c6e
+	[Pres..7d546641
-		#reg..fd41bb34
-..dab5f284
-		[Pre..985116b9
-		publ..026f5959
-		{..1b897c96
-		}..4e575e32
-..dab5f284
-		#end..65cb2215
-..dab5f284
+	[Pres..7d546641
-		[Pre..985116b9
+	[Pres..7d546641
-		[Pre..985116b9
+	[Pres..7d546641
-		[Pre..985116b9
+	[Pres..7d546641
-		[Pre..985116b9
+	[Pres..7d546641
-		[Pre..985116b9
+	[Pres..7d546641
-		#reg..fd41bb34
-..dab5f284
-		[Pre..985116b9
-		publ..2f45be11
-		{..1b897c96
-		}..4e575e32
-..dab5f284
-		#end..65cb2215
-..dab5f284
+using ..d33e2f93
-using ..8242cd42
+	[Pres..7d546641
-		priv..12166ba0
+		priv..57d65958
-		[Pre..985116b9
-				In..50707921
+				In..1e97d1c1
-					U..b01eded4
+					U..9a5324ed
-						..fcfb17d5
+						..ba58c935
+	[Pres..7d546641
-		[Pre..985116b9
+using ..b984a838
+	[Pres..7d546641
+using ..2f37e942
+using ..b091bfae
+using ..c5096108
+using ..8251a9a9
+using ..8fc585ba
+			App..77b1ccb1
+			{..84033956
+				sw..a2affe8f
+				{..e7f9c26f
+					c..66a830f4
+						..d8f0df05
+					c..13f2c168
+						..908cef80
+					c..dd54d79b
+						..b880f1a0
+					c..6fb3d97e
+						..657b4346
+					c..60c252ea
+						..157d6b07
+					c..28731eb3
+						..a37fa040
+					d..86b7d7be
+						..c8607f80
+				}..a2ad12bc
+			};..775d0cb3
+			Bin..898cef09
+			Bin..db0b3da2
+				At..18c2c082
+			Bin..790d9759
+			Bin..50ad8ec3
+			Bin..a56a0612
+			Bin..35e53d2e
+				wa..54b4d4d8