-    <P..65db49d4
+    <P..5c4e346b
-      ..785b34b5
+      ..92575c4a
-    <P..bfaa3997
+    <P..1d0313fe
-      ..4af37d08
+      ..cd067134
+		publ..01c4a6f9
+..3a2493fd
+using ..b984a838
+		[Pre..f1075ca9
+using ..b984a838
+		[Pre..f1075ca9
+using ..b984a838
+		[Pre..f1075ca9
-			con..4df7e32d
+			con..87bd80a6
-    <P..65db49d4
+    <P..5c4e346b
-      ..785b34b5
+      ..92575c4a
-    <P..bfaa3997
+    <P..1d0313fe
-      ..4af37d08
+      ..cd067134
-Projec..ca0b3965
-EndPro..883a6f08
-Projec..0bc89142
-EndPro..883a6f08
+Projec..a0c15bde
+EndPro..8030f191
+Projec..175497a9
+EndPro..8030f191
-		{F43..c0279182
-		{F43..6d4bb8bb
-		{F43..01715691
-		{F43..a9ff87ea
-		{F43..6b820840
-		{F43..a7183f7f
-		{F43..460fb44e
-		{F43..f1a0399a
-		{F43..0837029d
-		{F43..1badce17
-		{F43..6186399e
-		{F43..6056f798
-		{F43..865dfa1d
-		{F43..815a6205
-		{F43..0100e14e
-		{F43..29abd38b
-		{F43..efca0e70
-		{F43..77527a2b
-		{F43..c6ba8cfd
-		{F43..87d5bc8e
-		{F43..18a1a7c4
-		{F43..15b976de
-		{F43..840d75b4
-		{F43..6bfcb071
-		{BD7..3bfa56bd
-		{BD7..cac99290
-		{BD7..0b70e952
-		{BD7..5a2ed808
-		{BD7..6a16191f
-		{BD7..ca922f1a
-		{BD7..e63d19cf
-		{BD7..68534de8
-		{BD7..60374d31
-		{BD7..86ea3d1f
-		{BD7..567dbe64
-		{BD7..07bf39f2
-		{BD7..be4e64b4
-		{BD7..79413558
-		{BD7..47b00c09
-		{BD7..2390700b
-		{BD7..0eded85f
-		{BD7..247946e0
-		{BD7..494139f7
-		{BD7..594b1403
-		{BD7..c34b38ad
-		{BD7..08411f88
-		{BD7..18e807b7
-		{BD7..7619563a
+		{F43..a9efb41a
+		{F43..ebf8a312
+		{F43..9378235d
+		{F43..122e115a
+		{F43..05022fab
+		{F43..0496c0b3
+		{F43..eaba084c
+		{F43..5b540e6d
+		{F43..277bd83c
+		{F43..83d2c58a
+		{F43..bfd7d870
+		{F43..ac07bbb2
+		{F43..7aaa74d7
+		{F43..fcd0015b
+		{F43..2a56dd44
+		{F43..1389f1c7
+		{F43..e8da9287
+		{F43..c290565a
+		{F43..4273ab78
+		{F43..2ab26850
+		{F43..026d94a9
+		{F43..bf6176cd
+		{F43..13abd462
+		{F43..b1f4ef81
+		{BD7..1aef30b7
+		{BD7..d89ed146
+		{BD7..26d00b35
+		{BD7..933f72d7
+		{BD7..1495280c
+		{BD7..a314f47d
+		{BD7..f48c230b
+		{BD7..90e6c98f
+		{BD7..4b3bbffe
+		{BD7..b05532a2
+		{BD7..ed71b2d6
+		{BD7..bc587fe0
+		{BD7..12d28f88
+		{BD7..1aa13955
+		{BD7..ae5a6e8e
+		{BD7..0f76480f
+		{BD7..e9b9e265
+		{BD7..ae75620d
+		{BD7..0746e5e1
+		{BD7..b6ae0133
+		{BD7..21281445
+		{BD7..fa90c6c7
+		{BD7..53c3d655
+		{BD7..34a979ca
-		{F43..481ead1b
-		{BD7..09ee18b3
+		{F43..2071c69d
+		{BD7..5eeb6f57
+import..9f589b44
+import..7798a0e5
+import..4fcfadee
+import..8d76d1cb
+import..196fa76d
+import..49db79a0
+import..3b73b6c3
+import..06dbcff5
+import..ef83d5b2
+import..af8ae22d
+import..ab656ce6
+import..6286b06c
+import..0183a5ed
+import..3ecbfe96
+    pu..bc85f529
+      ..c82250cc
+      ..9e472756
+      ..53633e38
+    }..923bfc8b
+..3a2493fd
+    pu..abb93a33
+      ..45ec3d51
+      ..36593a78
+      ..9ba670ac
+    }..923bfc8b
+..3a2493fd
+    pu..83f8f57b
+      ..82b4095c
+    }..923bfc8b
+..3a2493fd
+    pu..bc002dee
+      ..7ebe27df
+      ..1b9efc6d
+      ..656fe115
+      ..2ce02aeb
+    }..923bfc8b
+..3a2493fd
+    pu..2f8f5514
+      ..7ebe27df
+      ..1b9efc6d
+      ..656fe115
+      ..8145dfa5
+    }..923bfc8b
+..3a2493fd
+    pu..3eaf4da4
+      ..4e3bbecd
+      ..1b9efc6d
+      ..e2371493
+      ..c408bf27
+      ..17202b1b
+      ..7cd04d89
+      ..0efdc42d
+    }..923bfc8b
+..3a2493fd
+    pu..0ac88cdb
+      ..27879c67
+      ..2e3ef7bb
+      ..97843e55
+      ..1ed25674
+      ..3fb73852
+      ..c7348bdf
+      ..01a3a383
+      ..d090064f
+    }..923bfc8b
+..3a2493fd