-import..e058797a
+      ..a7e1e0f2
+      ..f433bf9e
-      ..2ccdf3d7
+      ..a2095927
+import..40daaf4e
-    pu..566bc282
-      ..584f0564
-      ..77601940
+    pu..bd7f3232
+      ..61405f81
+      ..a2c40c76
-      ..897a8cc4
+      ..c0af5ce9
+      ..36c91c2b
+      ..4bb16a43
+      ..4765d830
+      ..b860caf9
+      ..18794755
+      ..d88dd692
+      ..66a4abab
+      ..0f7463af
-      ..9d011a8f
+..3a2493fd
-      ..2218cc86
-      ..ff5ca960
-      ..45708f48
-      ..e062362d
-      ..4337943c
-      ..6af3ebde
+//    ..83a1efbc
+//    ..84394321
+..3a2493fd
-      ..049a84b2
-      ..d517dd68
-      ..6d38140b
-      ..a8e49ddc
-      ..75db0da8
+//    ..f2f36ec3
-      ..8d18df27
+//    ..561dd414
+//    ..dc9f3a84
+//    ..bf2b89dd
+//..8417f82c
+//    ..c03d9e47
+//    ..be94362b
+//    ..ba28eb4f
+//    ..16237baf
+//    ..fd862cfc
+//..8417f82c
+//    ..a478d1d1
+//    ..6f8a50eb
+//    ..6a02775b
+//    ..a600cf68
+//    ..139ceb81
+//..8417f82c
+//    ..0dc233f8