+using ..a8edb980
+using ..e5b43d4f
-		publ..af34c125
+		publ..3a192ff4
+				@"..3dfd934a
+			;..c4fe85dc
-		publ..963c4785
-		publ..7dff9a4a
-		publ..02339360
-		publ..98b0127a
-		publ..ccb6ef58
-		publ..b4946ded
-		publ..026b56b5
-		publ..bbf6224e
-		publ..f0c36cb8
-		publ..abdadb0b
+		publ..d541bcf5
+		publ..b43dd779
+		publ..c8204ad7
+		publ..2d1ef31e
+		publ..43bac2b8
+		publ..3c88d24f
+		publ..1b76cb3f
+		publ..506ce322
+		publ..7218845e
+		publ..f57da2d6
-		publ..b6e72f75
+		publ..a21ace33
+		publ..734bfebe
+		{..0ff153d0
+			Wor..efcd564d
+			Eth..8077237d
+		}..7af40ea7
+..9e73b6b0
+		#end..c79acf68
+..9e73b6b0
+		#reg..c4836ea1
+..9e73b6b0
+		publ..d3b9c3fe
+..9e73b6b0
+		publ..5bfa7b71
+..9e73b6b0
+		publ..e455de93
+		publ..11d6ab93
+		publ..05d35076
+    <C..9240b2ab
+    <C..3e3ed51f
-    <C..051d3533
+		publ..eaf1d86e
+		{..0ff153d0
+			ret..de711edc
+		}..7af40ea7
+..9e73b6b0