-		publ..d50a3b4e
+		publ..11d107e9
-		publ..7b545ad7
+		publ..fbacfbd9
-				Ne..611fd743
+				Ne..fd1ea624
-		publ..9a88e6b5
+		publ..b8fbc382
-		publ..7b545ad7
+		publ..fbacfbd9
-			Nex..48c657d4
+			Nex..4b7f55c6
-		publ..9202fb2f
+		publ..0b2f4649
-		publ..74536256
+		publ..36a1d410
-				? ..25160f80
-				: ..1a0c0b7f
+				? ..0062820b
+				: ..193127cb
-		publ..e7eb0fd0
+		publ..136038ba
-		publ..9bd5f1d5
+		publ..be44b248
-				_m..d0c6fc10
+				_m..9afd5789
-						..b24d3cdb
+						..4d60398f