-using ..2b91e4de
-using ..b6f8747d
-using ..6b895a35
-using ..bf353eca
-		#reg..9f6e1718
-..b1a34969
-		priv..5d70566d
-		{..dfc77bad
-			pri..3280bb85
-			{..fd1cf303
-				#r..84be4a63
-..b1a34969
-				pu..44ae9a2e
-				{..bcab1d2a
-					r..ae8b1fe1
-				}..c72fb8ab
-..b1a34969
-				pu..30b318e2
-				{..bcab1d2a
-					u..8066c5d3
-					{..02d5bd9e
-						..71b1f41d
-						..ae7aeaa9
-						..61b733e4
-						..3525eb8f
-					}..45e5d53a
-				}..c72fb8ab
-..b1a34969
-				#e..51ff32c6
-			}..382cf84f
-..b1a34969
-			pub..158096f8
-..b1a34969
-			pub..c9f2a1dd
-			pub..a895b5bd
-			pub..2e21f789
-..b1a34969
-			pub..e220ff97
-			{..fd1cf303
-				Na..cc91a962
-				W ..9a8466aa
-				H ..e2be7b92
-			}..382cf84f
-		}..7949db0a
-..b1a34969
-		#end..e1352bff
-..b1a34969
-			if ..e6c848ad
+			if ..9e73ecc8
-			act..9b135e15
+			act..6292a034
-			var..3e576190
+			var..392a99ac
-			var..3f789222
+			var..bff71e25
-			var..966e652a
-			str..776ec657
+			var..91ea9a7a
+			str..3149ecb6
-			tit..e015c0ca
+			tit..984cbc7a
-			var..dff47f03
+			var..a76c88a8
-			var..ec0d4a82
+			var..9551b02d
+		publ..d8f2b5e9
+		{..0ff153d0
+			if ..a2fae6a3
+				re..bab350f4
+			vie..eed64c13
+			var..494dcaec
+			imm..c441bfee
+		}..7af40ea7
+..9e73b6b0
-			var..a44f5ee7
+			var..494dcaec
-			var..1c325216
+			var..f997f607
-			ret..d37c2a92
+			ret..14d88061
-			ret..d37c2a92
+			ret..14d88061
+..9e73b6b0
+		#reg..98a856f3
+..9e73b6b0
+		priv..d0520470
+		{..0ff153d0
+			pri..2c3c1c30
+			{..473602d5
+				#r..48cc9de5
+..9e73b6b0
+				pu..5e21916d
+				{..54807ad1
+					r..1dcd4355
+				}..bc04da2e
+..9e73b6b0
+				pu..ce40f7ff
+				{..54807ad1
+					u..b626b98e
+					{..9458a060
+						..5be10555
+						..a533b1e9
+						..b176c8f3
+						..e18f2c8d
+					}..900e6593
+				}..bc04da2e
+..9e73b6b0
+				#e..e5a1022b
+			}..36c01b82
+..9e73b6b0
+			pub..a3bb0e98
+..9e73b6b0
+			pub..0dbe4329
+			pub..bf341d81
+			pub..ebc35d28
+..9e73b6b0
+			pub..308856de
+			{..473602d5
+				Na..cf40ba24
+				W ..2c2a7575
+				H ..fa42eebd
+			}..36c01b82
+		}..7af40ea7
+..9e73b6b0
+		#end..c79acf68
-using ..ce69929a
-using ..d2ba4072
-	[View..c677349e
-	[View..2ee1e342
-			ret..f64b7a83
+			ret..13cb2b19
-				_l..33f6c763
+				_l..6960bfb5
--- /de..dd93aff2
+﻿nam..325caff5
+{..9d94eb82
+	publi..6e986308
+	{..2cc54030
+		#reg..134db4d5
+..9e73b6b0
+		publ..90c7d8bd
+		{..0ff153d0
+		}..7af40ea7
+..9e73b6b0
+		#end..c79acf68
+	}..01e6196d
+}..ba2f882f
-﻿usi..ff05e9ea
-using ..d2ba4072
-..b1a34969
-namesp..1046f97d
+﻿nam..325caff5
-    [V..fa711929
-    [V..3580f00c
-    pu..c8ac0466
-    {..59a93e3c
-      ..28769416
+	publi..15498ba8
+	{..2cc54030
+		#reg..134db4d5
-      ..58749e90
-      ..a241b6fa
-      ..4ec7a595
+		publ..7858b658
+		{..0ff153d0
+		}..7af40ea7
-      ..db9756d7
-    }..76015af6
+		#end..c79acf68
+	}..01e6196d
-			_vi..7eaa742e
+			var..ea543058
+			_vi..b8c005c9
-			Uti..8eb0e11f
-			_vi..d1fbf15a
+			Uti..c9bcee7a
-using ..f4bba5fa
-using ..538dca91
-using ..d2ba4072
-	[View..00103abf
-	[View..bd92009f
-	[View..456ec2d2
-	[View..ee2a07fc