+    <R..a01b611a
+      ..1ce490d7
+      ..dbb458dd
+    </..5f2eb4ec
+    <E..a378af9f
+  <Imp..43a5003e
+using ..e5b43d4f
+using ..0c813965
+using ..d320e3b6
+using ..fad615e8
+using ..291f5a6e
+using ..ec1fb79e
+using ..8e5102f6
+using ..f9dcedc8
+		publ..111835ca
+		{..0ff153d0
+			if ..eef1e688
+				re..32c102fc
+			if ..c0fc5cda
+			{..473602d5
+				To..7ffbe41e
+				re..e2d5e5f5
+			}..36c01b82
+			var..819261cb
+			var..8da92f0b
+			if ..4d79a516
+				mv..679fa144
+			act..268cca62
+			tcs..ece6ee97
+			{..473602d5
+				if..c1812d81
+					T..81024b1c
+			});..f051c216
+			ret..0ab23ae4
+		}..7af40ea7
+..9e73b6b0
-		publ..7684af53
+		publ..e6050c10
+			var..c842d398
+			var..199f2629
+			tit..45112aa2
-				.S..7c2dbca3
-				.C..d83ccfbb
+				.S..66ac9d27
-			var..fee0b987
-			if ..16212495
-				ed..7c6fc25e
+			Uti..33af76c0
-			// ..cfbf535e
-			pub..27617342
+			// ..177ff0d8
+			pub..7cc18d04
-			// ..8732e39b
-			pub..589b60c9
+			// ..3f15d45b
+			pub..fd7c3011
-			// ..01437e9c
-			pub..aec623c3
+			// ..e444677d
+			pub..30953a98
-			// ..5a83357e
-			pub..d83af0b1
+			// ..96cad8e9
+			pub..413b33d7
-			// ..273beb4b
-			pub..936a36a1
+			// ..ce0722ab
+			pub..1c11da0d
-			// ..eedde660
-			pub..73b3df1c
+			// ..3d5d3dab
+			pub..a25d37ec
-			// ..b0051895
-			pub..5f505030
+			// ..0e655d8f
+			pub..26ab1dde
-			// ..eac92c2e
-			pub..1482db1b
+			// ..fa19d95c
+			pub..217274b7
+..9e73b6b0
+			// ..10c585db
+			pub..4039679e
-			// ..ebb3fc1f
-			pub..d4d59a55
+			// ..76896cad
+			pub..6bf0ebb5
-			// ..ce073e36
-			pub..f3e4929d
+			// ..a15aef05
+			pub..4ace494b
-			// ..0dadeaab
-			pub..5d80738b
-..b1a34969
-			pub..6d36b15c
+			pub..4532225d
+..9e73b6b0
+			// ..a631e37f
+			pub..1172c83c
-			// ..0de7ef8a
-			pub..c5b447de
+			// ..5da12f14
+			pub..93889561
-			// ..6696c90a
-			pub..c393a686
+			// ..f4f8c322
+			pub..05cbda5c
-			// ..9ba191d5
-			pub..13af1a69
+			// ..b1652ce3
+			pub..c08ecbeb
-			// ..bca31f75
-			pub..23d9a7e2
+			// ..bf6ed925
+			pub..d0571bc4
-			// ..89cf6f9b
-			pub..6309517e
+			// ..d457aee9
+			pub..19fdea44
-			// ..03ff0e17
-			pub..0776c929
+			// ..e64fd903
+			pub..2601c715
-			ret..747e3a7c
+			ret..1d7fd188
-				_l..41883b86
+				_l..ce35cf37
+using ..e5b43d4f
+using ..d320e3b6
+		publ..db2945b9
+..9e73b6b0
+		publ..5d7f75af
+		{..0ff153d0
+			bas..ad203c7c
+			Per..d1f86afa
+			Per..d9a3fdc9
+		}..7af40ea7
+..9e73b6b0
-				//..def24310
+				Ap..04095616
+using ..68d10d11
+using ..cbf72e07
-	publi..d18e627c
+	publi..e47f5133
+		#reg..7635ee2b
+..9e73b6b0
+		priv..9a8f08c7
+..9e73b6b0
+		#end..c79acf68
+..9e73b6b0
+		publ..871d9a9d
+		{..0ff153d0
+			Clo..ac4e4899
+		}..7af40ea7
+..9e73b6b0
-			bui..280ab146
-			var..2cab1a0d
-			dia..8c8b23bb
-			bui..2326a578
+			bui..b0208223
+			_di..9cb59d53
+			_di..719d13b9
+			_di..9918ab27
+			_di..c423905a
+			_di..4b74b96d
+  <pac..a0e225ef