-		priv..33e71607
+		publ..f3f5aa13
-			ret..4499d347
+			for..0557844f
-				va..bcfd5bb4
-					...6b5ac999
-					...b2eb23af
-					...c23fc3bb
-				Up..f59b997e
-			});..b0f2679d
-		}..7949db0a
-..b1a34969
-		priv..c67644d6
-		{..dfc77bad
-			Res..45534473
-			thi..3112ecaa
+				if..323b03dc
+					c..63ec0ca6
+			}..36c01b82
+		priv..54339b34
+		{..0ff153d0
+			ret..684596a6
+			{..473602d5
+				va..6e5cd13e
+					...f77bd98d
+					...6f8558f7
+					...3edf3e40
+				Up..6f0e1942
+			});..f051c216
+		}..7af40ea7
+..9e73b6b0
+		priv..d97236a3
+		{..0ff153d0
+			Res..4d829113
+			thi..3b30fbf8
+		}..7af40ea7
+..9e73b6b0
-		priv..d7d9a922
-..b1a34969
-			_wa..dd64b3d2
-				Is..c3d14d61
+				Is..14230223
-				_w..d0277ab4
+				_w..71838efc
-				ne..1a7c5d09
+				ne..f927c92a
+				ne..52b08831
-			_wa..0f4adaf3
+			_wa..06b7a1a4
-			IsC..6356c272
-			IsO..39f37da1
-			_or..e65a0139
+			IsC..99ca7c4e
+			IsO..c90dd6f1
+			_or..7ce49fc2
-﻿usi..edfdd83f
-using ..5fabc9c8
+﻿usi..063afce1
-			Cur..ee9ef467
+			Cur..43af0a36
-			Con..e7fcfedd
+			Con..e71299bd
-		prot..58337ff8
+		prot..c01559bc
-			bas..42b53331
+			bas..f94e1746
-			(ne..5a5f0bb6
+			(ne..ff8c3157
+			vm...29bcc0a3
-using ..7437d021
-		priv..696cf5fc
-		#reg..7f306fc0
-..b1a34969
-		publ..0b2afde2
-		{..dfc77bad
-			_wa..0916770d
-		}..7949db0a
-..b1a34969
-		#end..e1352bff
-..b1a34969
-		prot..4548a4ae
-		{..dfc77bad
-			thi..f21ea395
-			{..fd1cf303
-				if..113b4a72
-					I..558c398a
-			});..b0f2679d
-		}..7949db0a
-..b1a34969
-﻿usi..27c5b1fc
+﻿usi..a5e1811b
+using ..f8db4e64
+using ..d682d258
+		priv..61b8b75b
+		priv..63a16c93
+		{..0ff153d0
+			if ..e8696de8
+				_m..36d3b201
+			ret..4ad79bf4
+		}..7af40ea7
+..9e73b6b0
-		prot..58337ff8
+		prot..c01559bc
-			bas..42b53331
+			bas..f94e1746
+			if ..0fb1edcb
+			{..473602d5
+				_m..a5389894
+				Ge..2c7e99bd
+			}..36c01b82
-			(ne..5a5f0bb6
+			if ..765b0095
+				th..286f0f21
+..9e73b6b0
+			(ne..ff8c3157
-			Add..c7ab482a
+..9e73b6b0
+			var..059ba34a
+			coi..393f8131
+			Add..1942c93a
-		prot..58337ff8
+		prot..c01559bc
-			bas..42b53331
+			bas..f94e1746
-﻿usi..dd5002df
+﻿usi..4abd6c59
+using ..cf5e759f
+using ..fe518ac7
+using ..31a8c7cd
+using ..32fb175f
+using ..6ff6b674
+using ..f9dcedc8
+using ..5c21ec97
-	publi..1886545a
+	publi..08252837
+		#reg..7635ee2b
+..9e73b6b0
+		priv..cce61b6f
+		priv..c4f0aba2
+		priv..6683c77e
+..9e73b6b0
+		#end..c79acf68
+..9e73b6b0
+		#reg..134db4d5
+..9e73b6b0
+		publ..6f6fbf01
+		{..0ff153d0
+			_wa..33a9c8ab
+			Bac..1bd34b85
+			Con..73869fc8
+		}..7af40ea7
+..9e73b6b0
+		#end..c79acf68
+..9e73b6b0
-		publ..98675ee5
+		publ..4f20ac33
+..9e73b6b0
+		publ..3a2780c1
+..9e73b6b0
+		publ..c867a856
+..9e73b6b0
+		publ..36af6144
+..9e73b6b0
+		publ..7a3a971b
+..9e73b6b0
+		publ..68289ee8
+..9e73b6b0
+		publ..da3b929e
+..9e73b6b0
+		publ..ad54356c
+..9e73b6b0
+		publ..9ad991a0
+..9e73b6b0
+		publ..6a0fe25a
+..9e73b6b0
+		publ..369d0ceb
+..9e73b6b0
+		#end..c79acf68
+..9e73b6b0
+		#reg..fe55ae8f
+..9e73b6b0
+		publ..fb773642
+		{..0ff153d0
+			_wa..3ea51641
+		}..7af40ea7
+..9e73b6b0
+		priv..858696b3
+		{..0ff153d0
+			if ..3b482352
+			{..473602d5
+				Is..29286b90
+				re..bab350f4
+			}..36c01b82
+			if ..52ef1e05
+			{..473602d5
+				Re..c249a5f6
+				th..144caec3
+			}..36c01b82
+			els..3f6f5415
+				Er..708fbb06
+		}..7af40ea7
+..9e73b6b0
+		priv..4efda75d
+		{..0ff153d0
+			thi..3b30fbf8
+			_wa..b61be22e
+		}..7af40ea7
+using ..059260a7
+using ..e5b43d4f
-..b1a34969
+		priv..80dbbe55
+		priv..f04b0a6c
+		priv..7f0242ef
+		priv..3f41a1ae
+		priv..05cbdfd2
+..9e73b6b0
-		priv..086f3dec
+		priv..0e6f3026
+		priv..9720ca63
-		publ..4ab4b796
+		publ..d964b3b7
+		{..0ff153d0
+			get..3fe161a8
+			set..255e77e3
+			{..473602d5
+				if..1fcfd7d7
+				_a..15fd483b
+				On..abcaedc7
+				Up..4fe14d1a
+			}..36c01b82
+		}..7af40ea7
+				Up..4fe14d1a
+				if..4993a1b5
+				On..abcaedc7
+			set..373a4d10
+		}..7af40ea7
+..9e73b6b0
+		publ..931f1b7d
+		{..0ff153d0
+			get..b0ad093e
-				_g..a5ecfbf5
-				Up..ddb71937
+				if..b572ae2b
+				_d..6a66cd59
+				On..abcaedc7
+				Up..4fe14d1a
-		publ..635abef6
-..b1a34969
+		publ..11479ce9
+..9e73b6b0
+		priv..9f684393
+		{..0ff153d0
+			if ..1bb85492
+			_ga..dab8985d
+			Upd..7e29f806
+			OnP..b37d2b52
+			if ..2adcf9b6
+			{..473602d5
+				_i..f8f26182
+				if..671fdef2
+					G..b195af70
+				Up..4fe14d1a
+			}..36c01b82
+		}..7af40ea7
+..9e73b6b0
-			var..7013869f
+			var..437730e7
-			Gas..c432ca03
+			Set..3bdd7469
-				En..677a78c5
+				En..15ce8007
+		}..7af40ea7
+..9e73b6b0
+		priv..a3f992d1
+		{..0ff153d0
+			try..3e5cd55c
+			{..473602d5
+				In..7695b6d0
+				aw..1b6b3070
+				if..87867f76
+					r..0c3287c2
+..9e73b6b0
+				_t..cc9ff989
+				if..b6f27d32
+					r..0c3287c2
+..9e73b6b0
+				va..2241f89b
+				_t..32f89376
+				va..69931a22
+				{..54807ad1
+					{..74418ad9
+					{..ee1139c7
+				},..20d2cc12
+				_e..b5504e49
+				if..e293933f
+				{..54807ad1
+					i..84cb9d7f
+						..c499db84
+					e..7c0c7e3d
+						..509e8bc0
+				}..bc04da2e
+				el..d482797b
+					G..b195af70
+			}..36c01b82
+			cat..6cb33796
+			{..473602d5
+			}..36c01b82
-			ret..88d0c8e7
+			dec..39c98214
+			dec..cccd470a
+			ret..f02af627
-			ret..a25926f2
+			dec..39c98214
+			dec..2509e726
+			ret..f02af627
-		prot..58337ff8
+		prot..c01559bc
-			bas..42b53331
+			bas..f94e1746
+		publ..4c647e91
+..9e73b6b0
-				va..74a7394d
+				On..0bdd40c2
-				if..6361b8e0
-					P..9fba3988
-		publ..37c6bd97
-..b1a34969
+		prot..cb59040c
+		{..0ff153d0
+		}..7af40ea7
+..9e73b6b0
+			if ..1d70ca81
+				Pu..dabf2513
-..b1a34969
+..9e73b6b0