-    co..768131b5
+    pr..ea30206c
-import..2b7af2c0
-import..fcfe6958
+import..edde19ff
+import..2d86456b
+import..fe379d4c
+import..26bce725
+import..8a74698a
+import..a9f6f493
+import..dde125b3
+import..f00e91cb
-import..1a71955b
+import..93f28c33
-import..275b4bf4
+import..cf6ea19e
+import..7e415fcc
-public..c112bf67
+public..fd389791
+    pr..7e563f1a
+    pr..b0caa13c
+..9e73b6b0
-    pr..fa88d6d0
+    pr..b9088f75
+    pr..2f87e41e
+    pr..a5bd29d7
+    pr..c882339e
+..9e73b6b0
+    st..c50aceb6
+      ..15ad4def
+      ..4a231cd7
+    }..bc151421
+      ..94cbce94
-      ..5e0a21ec
+      ..393b4eaa
+      ..2a009361
+      ..8eeeab48
+      ..c6a67d62
+      ..e4c79f5c
+      ..0b6d5990
+      ..efe7afa7
+..9e73b6b0
+      ..c6a67d62
+      ..621b3bfd
+      ..0b6d5990
+      ..efe7afa7
+..9e73b6b0
+      ..c6a67d62
+      ..50149c06
+      ..0b6d5990
+      ..efe7afa7
+..9e73b6b0
+      ..c6a67d62
+      ..c05c888c
+..9e73b6b0
+      ..efe7afa7
+      ..c94d6e12
+    }..bc151421
+..9e73b6b0
+    pu..5a90fe1c
+      ..46588d4c
+      ..96384920
+      ..588e1e39
+      ..55151833
+    }..bc151421
+..9e73b6b0
+    pu..04317420
+      ..6332c85f
+      ..4be85205
+      ..aae23a65
+      ..35a1d6a3
+      ..52f68574
+      ..9207cb10
+      ..f2a4addd
+      ..74eae7e5
+      ..3a3375f9
+    pu..ebb7e13c
+      ..cef39b8e
+      ..604f6fdc
+    }..bc151421
+..9e73b6b0
-      ..4b32fcc4
-      ..ad42ac86
-      ..e9253d49
-      ..5908c450
-      ..fc3a1b1c
+      ..3d207df2
+      ..1cf939c7
+      ..9a061f2d
+      ..4f7d8938
+      ..d02e38e3
+      ..7876b929
+      ..e46e8ade
+      ..6dadfcc9
+      ..8b51c66f
+      ..ee52b03a
+      ..1c78e532
+..9e73b6b0
+      ..3bf53f15
+      ..62720a6d
+      ..35a1d6a3
+      ..6699ec48
+      ..05160e01
+      ..ffb216c4
+      ..d3441b00
+      ..95f94e07
+      ..3c324f8b
+      ..efe7afa7
+      ..5a11959f
+      ..ddf5a5d2
-      ..50d1ef9e
-      ..9f8f994e
-      ..0d18cc4a
+      ..e64e4a69
+      ..1cf939c7
+      ..dcd576c6
+      ..6cf03315
+      ..a14fae91
-    pr..f4d56808
+    pr..883e4f35
-      ..18b0db91
+      ..31f25c0a
+      ..debc5994
-      ..6860b5e5
-      ..5ea44bdd
-      ..41973af9
-      ..92fdbc06
-      ..ce943f8e
-      ..1b49a40a
-      ..e92c02c2
-      ..daa4625b
-      ..cf77025f
-      ..446ed551
-      ..56c61647
+      ..3bf53f15
+      ..31f25c0a
+      ..b548ea16
+      ..652bbab2
-    pr..4253463c
-      ..e0b17d7e
-      ..6bbf274c
-    }..76015af6
-..b1a34969
-    pr..8fb00f46
-      ..e0b17d7e
-      ..4af91447
+    pr..d7df516d
+      ..bc00e464
+      ..f73126ca
+//    ..acb7fad8
+//    ..b92143cd
+//    ..0509b7c5
+      ..9b1fac1a
+      ..6248b6b7
-      ..54ccd2f7
-      ..b78a988b
-      ..208c3b3c
+      ..dc210aca
+      ..110c9593
+      ..71729e5f
+      ..d2e2a6f1
+      ..869519a4
+      ..efe7afa7
+      ..d913842b
+      ..05a06d26
+      ..857f917d
-    pr..88ff8e50
-      ..c2b7449c
-      ..f6c6e2e1
-      ..d6bbf5b3
-      ..c0242643
-      ..fd13be01
-      ..fad9faf8
-      ..3c7b019c
-      ..4d874937
-      ..4ec7a595
-      ..2554421e
-    }..76015af6
-..b1a34969
-      ..cb29f593
-      ..3e072032
-      ..6b4b41ff
-      ..fd68c163
-    }..76015af6
-..b1a34969
-    @O..6ba3b9e6
-    pu..1bbf3ff5
-      ..cb9c55cc
+      ..f3d849c3
+      ..aa6b72d2
+      ..c291bf0d
+      ..9747ef26
+      ..08325743
+      ..624a21ce
+      ..9f6239ce
+      ..ad0d37c3
+      ..6eee924f
+      ..efe7afa7
+      ..35a1d6a3
+      ..fe1cf980
+      ..9747ef26
+      ..08325743
+      ..624a21ce
+      ..9f6239ce
+      ..ad0d37c3
+      ..e1fc5041
+      ..efe7afa7
+      ..3a3375f9
+      ..d81e8b4e
+import..2d86456b
+import..d5a1cd08
+import..4e87145c
+    pu..55524938
+      ..6e536606
+      ..4aac82a4
+      ..8e43bebd
+      ..1a18fc02
+      ..1d713eb7
+    }..bc151421
+..9e73b6b0
+    pu..99515820
+      ..6e536606
+      ..b4427941
+    }..bc151421
+..9e73b6b0
--- /de..dd93aff2
+﻿<Pr..ba889ccd
+..9e73b6b0
+<!--..6aec7a99
+  Dotf..48042fb2
+  Vers..d5864040
+..9e73b6b0
+  Copy..c311402f
+  This..a83d50b4
+  as p..d6a47ba5
+  term..0fe7bb76
+..9e73b6b0
+  Usag..c6d2d5ef
+..9e73b6b0
+    Im..93ad1a59
+..9e73b6b0
+      ..5e321d5d
+..9e73b6b0
+    Th..70074bd7
+..9e73b6b0
+      ..cdc03955
+..9e73b6b0
+      ..044d409e
+      ..cf765b8a
+      ..9fe09ede
+      ..9cc0dbaa
+..9e73b6b0
+      ..22b39fa2
+..9e73b6b0
+      ..2a9903d6
+      ..2651a5e3
+..9e73b6b0
+      ..2eb80e6a
+..9e73b6b0
+      ..d4d26b57
+      ..2651a5e3
+..9e73b6b0
+      ..8a6a9830
+..9e73b6b0
+      ..06b0e8d7
+      ..7f40f7df
+      ..10e3cbd7
+      ..8db01aad
+..9e73b6b0
+      ..9d79ff23
+..9e73b6b0
+      ..86d8af91
+      ..78422b0e
+..9e73b6b0
+    Do..af9fc45b
+..9e73b6b0
+  For ..17263bcc
+..9e73b6b0
+-->..5f62a510
+..9e73b6b0
+  <!--..55a3ca1d
+  <!--..c5ce68cd
+  <!--..55a3ca1d
+..9e73b6b0
+  <Cho..9166f77d
+    <W..bd197bc6
+..9e73b6b0
+      ..11b6663a
+      ..6cbfe4b4
+      ..7785c9e6
+      ..02450b60
+..9e73b6b0
+      ..30661ca3
+..9e73b6b0
+      ..64da0c1e
+      ..93cc98f2
+..9e73b6b0
+      ..50d6baba
+      ..02be568d
+      ..02450b60
+..9e73b6b0
+      ..546c52bf
+..9e73b6b0
+      ..79eb1723
+..9e73b6b0
+      ..64da0c1e
+      ..87b6b5d3
+      ..b68d4436
+..9e73b6b0
+      ..bff05dc1
+      ..3173896b
+..9e73b6b0
+      ..90bbbc89
+      ..77a5f03d
+..9e73b6b0
+      ..b027f0b0
+      ..7b080ca5
+      ..1fb3852e
+..9e73b6b0
+      ..e9d8a57a
+      ..dfa9aaa9
+..9e73b6b0
+      ..33126669
+      ..39653a93
+      ..3868a9ec
+      ..d3639c2b
+      ..74b8e4e2
+      ..25f74e93
+..9e73b6b0
+      ..f5d69066
+      ..0217bb69
+      ..efd17788
+..9e73b6b0
+      ..79860113
+      ..241e970e
+    </..77953513
+  </Ch..2af5d3bc
+..9e73b6b0
+  <!--..2f8cdfe3
+  <!--..0d13d658
+  <!--..2f8cdfe3
+..9e73b6b0
+  <Cho..9166f77d
+..9e73b6b0
+    <!..84ffd23f
+..9e73b6b0
+    <W..89ad365c
+      ..3173896b
+      ..45a2483d
+      ..1bf4a6e8
+      ..241e970e
+    </..77953513
+    <W..7dcdf4cc
+      ..3173896b
+      ..45a2483d
+      ..6c396d48
+      ..241e970e
+    </..77953513
+    <W..70795159
+      ..3173896b
+      ..45a2483d
+      ..9ee60a20
+      ..241e970e
+    </..77953513
+..9e73b6b0
+    <!..c73db33e
+..9e73b6b0
+    <W..ea2e6df1
+      ..fbc28c51
+      ..3173896b
+      ..70fbf629
+      ..241e970e
+    </..77953513
+    <W..dbc020aa
+      ..9a4d4ec1
+      ..3173896b
+      ..45a2483d
+      ..c087f83e
+      ..241e970e
+    </..77953513
+    <O..22f86967
+      ..05f36d51
+      ..3173896b
+      ..43d66d62
+      ..241e970e
+    </..ad736f23
+..9e73b6b0
+  </Ch..2af5d3bc
+..9e73b6b0
+  <Tar..225e76eb
+..9e73b6b0
+    <E..27fb51eb
+      ..b7b2b73f
+      ..074f1b11
+..9e73b6b0
+  </Ta..d31bd590
+..9e73b6b0
+  <!--..55a3ca1d
+  <!--..b4758531
+  <!--..55a3ca1d
+..9e73b6b0
+  <Tar..47dac49c
+      ..8e68dce3
+      ..ea652b0b
+      ..f66caa4a
+      ..ef98acc6
+..9e73b6b0
+  <Tar..5dcfaa00
+      ..195f007b
+      ..db28151c
+      ..3c8c901a
+..9e73b6b0
+  <!--..78f23f81
+  <!--..64cad7eb
+  <!--..78f23f81
+..9e73b6b0
+  <Tar..7ef2e6f1
+      ..526cbbba
+      ..317dacef
+..9e73b6b0
+  <Tar..8de3b028
+..9e73b6b0
+    <!..9e04d21d
+    <I..ae08e146
+..9e73b6b0
+      ..9499bfe0
+      ..c6f53672
+      ..6b111e42
+      ..9ec075d5
+      ..8f096b61
+..9e73b6b0
+      ..330875a1
+      ..a31b974f
+      ..a6f52a89
+      ..8f096b61
+..9e73b6b0
+      ..6e68515f
+      ..dc07774a
+      ..b7547714
+      ..8f096b61
+..9e73b6b0
+      ..5ae3ed79
+      ..298b5e7e
+      ..1cef9ae1
+      ..8f096b61
+..9e73b6b0
+      ..82845849
+      ..ce141135
+      ..911f89a7
+      ..48026f93
+      ..8f096b61
+      ..8909a9c1
+      ..72eff65f
+      ..c45c5e7d
+      ..8f096b61
+..9e73b6b0
+      ..31ba0ea4
+      ..cd3699bf
+      ..ee60652d
+      ..fcce3aaf
+      ..8f096b61
+      ..562f2f95
+      ..b93b72d6
+      ..e3abea9c
+      ..8f096b61
+      ..db9ce64c
+      ..38487264
+      ..130035ec
+      ..8f096b61
+      ..d86336a2
+      ..d1ca8d56
+      ..88efffa1
+      ..8f096b61
+      ..bfe0feae
+      ..3f89c1eb
+      ..c2e266a1
+      ..6dc53ee7
+      ..8f096b61
+      ..cb8a931a
+      ..cecf8570
+      ..1a1db11d
+      ..9a8f58ca
+      ..8f096b61
+      ..6f9640ab
+..9e73b6b0
+    </..f2d1f641
+..9e73b6b0
+    <I..ae08e146
+      ..a63ed9a0
+      ..0f99af8f
+      ..6f12012f
+      ..eda343a8
+      ..8c70d671
+      ..18360a34
+      ..3abaa14e
+      ..da9ad099
+      ..7f034dee
+      ..549abd9c
+    </..f2d1f641
+..9e73b6b0
+    <M..41649b97
+      ..ffd75d09
+      ..1bcfd32c
+..9e73b6b0
+    <M..41649b97
+      ..ffd75d09
+      ..4496c3e2
+..9e73b6b0
+    <!..115872b2
+    <I..ae08e146
+      ..d18ca03d
+      ..e3303326
+      ..68d0dda6
+      ..de473c7e
+      ..c8064085
+      ..32d5199a
+    </..f2d1f641
+..9e73b6b0
+  </Ta..d31bd590
+..9e73b6b0
+  <Tar..6750541b
+      ..60238c16
+      ..e4258533
+      ..8f6d7511
+..9e73b6b0
+    <C..052cfac7
+      ..ff687e5f
+      ..8ab20d25
+..9e73b6b0
+  </Ta..d31bd590
+..9e73b6b0
+  <!--..78f23f81
+  <!--..8eea8f6c
+  <!--..78f23f81
+..9e73b6b0
+  <Tar..76b3688c
+      ..d92fd664
+      ..dfc9ab30
+      ..5953d3aa
+..9e73b6b0
+    <M..41649b97
+      ..ffd75d09
+      ..aff8f7fa
+    <R..44c73279
+      ..d10d7995
+..9e73b6b0
+    <!..5ef06b35
+    <C..0be4489b
+      ..5f14800f
+..9e73b6b0
+    <!..a4432bb3
+    <C..052cfac7
+      ..ce0c8539
+      ..dba6c39b
+      ..a9109614
+..9e73b6b0
+    <T..e7c872f9
+      ..d7826410
+..9e73b6b0
+  </Ta..d31bd590
+..9e73b6b0
+  <Tar..7b89ee84
+      ..bc9c0165
+..9e73b6b0
+    <M..41649b97
+      ..4f6560dc
+      ..3adb237b
+..9e73b6b0
+    <P..7374da99
+      ..10e7f29e
+    </..9434ee90
+..9e73b6b0
+    <E..4a996002
+      ..bff5098c
+      ..fd3d8d45
+      ..39bb3fae
+..9e73b6b0
+    <M..41649b97
+      ..4f6560dc
+      ..3447424b
+..9e73b6b0
+  </Ta..d31bd590
+..9e73b6b0
+  <!--..82abcff7
+      ..2cd0b57e
+  <Usi..81ea7dc1
+      ..d9f78849
+      ..20700f3b
+    <P..0dee0fd4
+      ..692675bc
+..9e73b6b0
+      ..a758c4aa
+      ..a258d291
+..9e73b6b0
+      ..ea587122
+      ..981281b4
+..9e73b6b0
+      ..0b3cc739
+      ..7040a614
+      ..5350dc5a
+..9e73b6b0
+      ..3f4935db
+      ..322deec6
+..9e73b6b0
+    </..0602f8fe
+    <T..c732fc12
+      ..c36dde00
+      ..a7308750
+      ..2cd460ef
+      ..93119b3e
+      ..f90d41cc
+      ..6e1286e5
+      ..ee685985
+      ..1d992229
+      ..f9f42120
+      ..f017cba3
+      ..de3d14a8
+      ..cf4722a1
+      ..d71536da
+      ..33f828de
+      ..b25e8f57
+      ..efe7afa7
+      ..a68f3fee
+      ..c41c9b07
+      ..b4c6474d
+..9e73b6b0
+      ..bf19a5a3
+      ..7f78e7b2
+      ..75bc4024
+      ..89e945b6
+      ..918e5c79
+      ..cf4722a1
+      ..97dec60e
+      ..cf80c42f
+      ..f396e2d2
+      ..97f5440a
+..9e73b6b0
+      ..9749af5b
+      ..5c486644
+      ..befcf8af
+      ..42f38d08
+      ..25ff1a3e
+..9e73b6b0
+      ..1eb5b196
+      ..1b0f090c
+      ..4d5b64b2
+..9e73b6b0
+      ..80d09146
+      ..0c4d637d
+..9e73b6b0
+      ..282abddd
+      ..21577ea1
+      ..f038c486
+..9e73b6b0
+      ..d958ce09
+      ..4a1e4c33
+      ..f038c486
+      ..bfcef8fa
+..9e73b6b0
+      ..bdb25965
+      ..67e809ab
+      ..624d8bfd
+      ..163d1113
+      ..e4f70d71
+      ..aa403046
+      ..624d8bfd
+      ..756115e6
+      ..e4f70d71
+      ..df5a84f9
+      ..4b7feb9d
+      ..f9695450
+      ..efe7afa7
+      ..72d3d6bf
+]]>..3e0ee98d
+      ..905b105f
+    </..f55e5a7a
+  </Us..3ca2b9c5
+..9e73b6b0
+  <Pro..337924c0
+    <_..84c27545
+      ..c352c757
+<?xml ..20827dc5
+<!DOCT..ec8e87dd
+<dotfu..d6b526bd
+  <glo..cfeee5a4
+    <o..4b4711b0
+  </gl..8afad082
+  <inp..3cff8a21
+    <l..3bf05787
+    <a..51bc3dda
+    </..58f2d107
+  </in..582664f6
+  <out..148a9a7f
+    <f..80c8ff7c
+  </ou..f06d9fa2
+  <ren..e44415a2
+    <o..fc4d76e9
+    <m..8737075a
+      ..83fc82fe
+      ..6f8fa2c7
+      ..a9ca52e2
+    </..be78d595
+    <r..77e6c0de
+      ..4ca032e7
+      ..6c555536
+      ..a9167610
+      ..55bfbb48
+      ..2c88a34e
+      ..1bfc43f6
+      ..31774cf9
+    </..7bf04241
+  </re..395ab086
+  <con..76b3a219
+  <rem..629b6ed9
+    <o..b7cfecfd
+    <r..10b48beb
+      ..56db2553
+    </..51148e7d
+    <r..11b5450c
+  </re..9340aaf9
+  <sos..112fa459
+    <o..112f342e
+    <o..b7cfecfd
+    <o..dd5a44a7
+  </so..1a062cc4
+  <sma..bbd66e1b
+    <s..aaf6b706
+      ..da0e3be0
+    </..87af1e34
+  </sm..cac9974e
+</dotf..88f22e2c
+      ..6b80b1ed
+    </..5731fe05
+  </Pr..3b952627
+..9e73b6b0
+  <!--..6a7c913b
+  <Usi..02775927
+      ..d9f78849
+      ..20700f3b
+    <P..0dee0fd4
+      ..692675bc
+..9e73b6b0
+      ..b9637292
+      ..834832d0
+..9e73b6b0
+      ..c1bc4cd7
+      ..01877862
+..9e73b6b0
+      ..68dfeff5
+      ..ad70941d
+..9e73b6b0
+      ..93ee0ed6
+      ..cdce35fd
+..9e73b6b0
+      ..7969498d
+      ..c9987b70
+    </..0602f8fe
+    <T..c732fc12
+      ..016838ed
+      ..a7308750
+      ..89fce758
+      ..ee685985
+      ..1d992229
+var do..f80b737d
+doc.Do..837340c3
+..9e73b6b0
+var pr..5a5c191a
+..9e73b6b0
+proper..fd73ec54
+    "p..6037cad9
+      ..ef7d5d01
+      ..b2039b40
+    ))..41c16eb3
+proper..fd73ec54
+    "p..6037cad9
+      ..1c747253
+      ..e8b814ef
+    ))..41c16eb3
+proper..fd73ec54
+    "p..6037cad9
+      ..3a579df4
+      ..57bb27a7
+    ))..41c16eb3
+..9e73b6b0
+doc.Ro..62c42fad
+..9e73b6b0
+doc.Sa..f0496fe2
+]]>..3e0ee98d
+      ..905b105f
+    </..f55e5a7a
+  </Us..3ca2b9c5
+..9e73b6b0
+  <Tar..a875b1a2
+      ..bc9c0165
+..9e73b6b0
+    <_..a1834ed6
+      ..9450380b
+      ..4f6c0715
+      ..ebee3efd
+      ..8264e34e
+    </..d47ef607
+..9e73b6b0
+    <W..da1c3a4a
+      ..e23c84cd
+      ..4564d833
+      ..b5bfb45f
+..9e73b6b0
+    <M..41649b97
+      ..4f6560dc
+      ..0f70578d
+..9e73b6b0
+    <P..7374da99
+      ..13c50b45
+    </..9434ee90
+..9e73b6b0
+    <E..4a996002
+      ..bff5098c
+      ..fd3d8d45
+      ..292cacdd
+      ..116ba699
+      ..e642ca62
+    </..250de368
+..9e73b6b0
+    <M..41649b97
+      ..4f6560dc
+      ..3fbfc704
+..9e73b6b0
+    <_..8710e1b0
+      ..2083ae6d
+      ..3afa155a
+      ..8a653013
+      ..7c0cff7b
+      ..82cab367
+..9e73b6b0
+    <W..987777d4
+      ..c9271880
+      ..304b3beb
+..9e73b6b0
+    <E..57741b23
+      ..83b61fc8
+      ..074f1b11
+..9e73b6b0
+  </Ta..d31bd590
+..9e73b6b0
+  <!--..68cbb9aa
+  <!--..7f45f07b
+  <!--..68cbb9aa
+..9e73b6b0
+  <Tar..eccdab4e
+      ..e2f7abf8
+      ..c35844bf
+      ..e90be4b1
+      ..697bb8f0
+..9e73b6b0
+  <Tar..f78b3dc3
+      ..f7136274
+..9e73b6b0
+    <M..41649b97
+      ..ffd75d09
+      ..18b5a2b3
+..9e73b6b0
+    <I..ae08e146
+      ..61c54fd8
+      ..905fa611
+    </..f2d1f641
+..9e73b6b0
+    <D..c5a883c3
+      ..a8e46cea
+..9e73b6b0
+  </Ta..d31bd590
+..9e73b6b0
+  <Tar..3163f03e
+      ..e2f7abf8
+      ..341eb81a
+      ..4009af84
+      ..ee3f4815
+..9e73b6b0
+    <C..052cfac7
+      ..ba6ca6cc
+      ..898078a3
+..9e73b6b0
+  </Ta..d31bd590
+..9e73b6b0
+  <Tar..7faad704
+      ..e2f7abf8
+      ..b4f1e18e
+..9e73b6b0
+    <!..43ce8492
+..9e73b6b0
+  </Ta..d31bd590
+..9e73b6b0
+  <!--..45399c3c
+      ..3fcbed8e
+  <Usi..a0b5e04d
+      ..d9f78849
+      ..20700f3b
+    <P..0dee0fd4
+      ..692675bc
+..9e73b6b0
+      ..a758c4aa
+      ..3cf61b92
+..9e73b6b0
+      ..713f8664
+      ..858d2403
+..9e73b6b0
+      ..7b8293b4
+      ..d4b96578
+..9e73b6b0
+      ..c95d8017
+      ..005e4669
+..9e73b6b0
+      ..e230c17c
+      ..5a680a1c
+..9e73b6b0
+      ..f7f54b9f
+..9e73b6b0
+      ..3f3b2aeb
+      ..8dca9ff6
+..9e73b6b0
+      ..5350dc5a
+..9e73b6b0
+      ..55b566d5
+      ..9baebdd8
+..9e73b6b0
+    </..0602f8fe
+    <T..c732fc12
+      ..ee685985
+      ..1d992229
+var ta..bca55ba9
+..9e73b6b0
+// Def..72556a9a
+// Tak..25145d96
+//    ..2f772e2f
+//    ..172ea7bb
+// Ret..f96842cc
+Func<I..17642ffd
+{..9d94eb82
+    va..c21774ff
+    fo..2c1889c4
+    {..6f63778b
+      ..b9abca50
+    }..bc151421
+    va..3032ce4a
+    Lo..878ebafe
+    re..a816ebd2
+};..ab0e1ff9
+..9e73b6b0
+// Ite..3573785e
+foreac..56678af6
+{..9d94eb82
+    Lo..b713b1fd
+    fo..3faa4015
+    {..6f63778b
+      ..b126e563
+    }..bc151421
+}..ba2f882f
+..9e73b6b0
+// Fin..5d3fe490
+// Cre..80f96ea9
+var ch..e23cf8d4
+var ch..14a67953
+      ..e109873a
+      ..4d0845cf
+      ..82edc130
+      ..c83ad16d
+      ..8b22b40d
+      ..f15a2c54
+      ..4f597e69
+..9e73b6b0
+      ..07b6d02c
+      ..920dcfa3
+      ..992d3995
+..9e73b6b0
+      ..ed3d220e
+      ..eea87f73
+..9e73b6b0
+      ..b1e5af72
+      ..cf4722a1
+      ..342538eb
+      ..efe7afa7
+..9e73b6b0
+      ..54448889
+      ..c94d6e12
+..9e73b6b0
+// The..c96e04ed
+var un..c3351950
+NewIte..97cc4620
+..9e73b6b0
+// Ite..29cc7993
+foreac..cab418d6
+{..9d94eb82
+    Lo..3b0977dc
+    fo..3faa4015
+    {..6f63778b
+      ..b126e563
+    }..bc151421
+}..ba2f882f
+]]>..3e0ee98d
+      ..905b105f
+    </..f55e5a7a
+  </Us..3ca2b9c5
+..9e73b6b0
+  <Tar..061726e0
+      ..c928c5d3
+..9e73b6b0
+    <M..41649b97
+      ..ffd75d09
+      ..6306fef3
+..9e73b6b0
+    <M..41649b97
+      ..ffd75d09
+      ..e08f5330
+..9e73b6b0
+    <I..ae08e146
+      ..1a9ae4d9
+    </..f2d1f641
+..9e73b6b0
+    <_..7c215e3e
+      ..9450380b
+      ..7a364bb7
+      ..ccaa90ce
+      ..8ef92a85
+      ..8105c142
+      ..2eb957ec
+    </..5ca5a1ce
+..9e73b6b0
+    <I..ae08e146
+      ..3ab329b5
+      ..232b9300
+    </..f2d1f641
+..9e73b6b0
+    <M..41649b97
+      ..ffd75d09
+      ..a1056090
+..9e73b6b0
+  </Ta..d31bd590
+..9e73b6b0
+  <Tar..b834bedb
+      ..195f007b
+      ..c928c5d3
+..9e73b6b0
+    <M..41649b97
+      ..ffd75d09
+      ..83cfdb9a
+    <M..41649b97
+      ..ffd75d09
+      ..69a3f07f
+..9e73b6b0
+    <I..ae08e146
+      ..1a9ae4d9
+    </..f2d1f641
+..9e73b6b0
+    <_..7c215e3e
+      ..9450380b
+      ..c759bca6
+      ..ccaa90ce
+      ..8ef92a85
+      ..8105c142
+      ..2eb957ec
+    </..5ca5a1ce
+..9e73b6b0
+    <I..ae08e146
+      ..0891ef37
+      ..bfd40411
+    </..f2d1f641
+..9e73b6b0
+    <M..41649b97
+      ..ffd75d09
+      ..a7b82f62
+..9e73b6b0
+  </Ta..d31bd590
+..9e73b6b0
+  <!--..b8c07b9c
+  <!--..760d5d29
+  <!--..b8c07b9c
+  <!--..1487e247
+..9e73b6b0
+  <Tar..897b9a13
+      ..934ac91b
+      ..2c70db30
+      ..8233a89f
+..9e73b6b0
+    <M..41649b97
+      ..ffd75d09
+      ..c8560dae
+..9e73b6b0
+    <M..41649b97
+      ..ffd75d09
+      ..ca916bda
+..9e73b6b0
+    <I..ae08e146
+      ..1a9ae4d9
+    </..f2d1f641
+..9e73b6b0
+    <_..7c215e3e
+      ..9450380b
+      ..17663b32
+      ..8561f315
+      ..306c413d
+      ..6a6e1f95
+      ..5f8131d1
+      ..2eb957ec
+    </..5ca5a1ce
+..9e73b6b0
+    <I..ae08e146
+      ..eb4f3c35
+      ..72482bb4
+    </..f2d1f641
+..9e73b6b0
+    <M..41649b97
+      ..ffd75d09
+      ..70af01b6
+..9e73b6b0
+  </Ta..d31bd590
+..9e73b6b0
+  <!--..1695b980
+  <!--..4634f800
+  <!--..1695b980
+..9e73b6b0
+  <Tar..9c502952
+..9e73b6b0
+    <R..44c73279
+      ..904d4134
+..9e73b6b0
+  </Ta..d31bd590
+..9e73b6b0
+</Proj..8f46e451