-      ..a8fd9c6e
+      ..f7316901
-      ..c6f420ec
+      ..e8f2028b
--- /de..dd93aff2
+﻿<?x..2eaaa33d
+..9e73b6b0
+<Frame..86f30bb3
+      ..6fd9491a
+      ..17bb60b8
+      ..89bfb28e
+      ..87b982b8
+      ..c580b8ba
+      ..c9d057ac
+      ..bd8e2e2f
+      ..44d92338
+      ..1982f4cd
+..9e73b6b0
+  <Tex..caafef26
+      ..483182f8
+      ..7bfd9e57
+      ..1d585418
+      ..b256637a
+</Fram..e2c512fd
-      ..876d11a0
+      ..1e0b0a23
-<Coord..d06a2542
-      ..92f7d778
-      ..a9e825a9
-      ..4fd2e7a6
-      ..df5450c2
+<Coord..023b8b8b
+      ..2c80dba2
+      ..8c0fe067
+      ..ca7acafe
+      ..3c83ef5d
-</Coor..b464a1e7
+</Coor..c9a057a1
-      ..14c56cec
-      ..1cb3cdf0
+      ..42ffc761
+  <Vie..1daa1678
+      ..5e9c609e
+..9e73b6b0
-      ..073925d2
+      ..5c3b0c58
-      ..32551d64
+      ..252193e8
-      ..06967bb0
-      ..371d28e5
-      ..479041ca
-      ..11bf57c1
-      ..9b3e9497
+      ..87ebe83d
+      ..2f890b3b
+  <Fra..c3191623
+      ..9a0d6416
+      ..c397fcbb
+      ..13b09a01
+      ..5dcade6e
-  <Lin..78f51b1f
-      ..bfdd7d3b
-      ..90b50e4e
+    <L..27647b79
+      ..bb2000a2
+      ..850e8b62
-    <T..66254fd7
-      ..ec111030
-      ..a2f38a7f
-      ..14b2c8b6
-      ..12c7c5b6
-      ..39c1dd75
-      ..f505c5f0
-      ..9233d39c
-      ..7283245c
+      ..5ec8ea75
+      ..dee666dc
+      ..44fc398b
+      ..c9581fc9
+      ..e5d607c1
+      ..a0767af8
+      ..31dbb2a6
+      ..8bbad148
-    <T..66254fd7
-      ..5f988d4f
+      ..7b7dd709
+      ..1e9d16fe
-    <S..98f39723
-      ..28a6910d
-      ..baf7fdcd
-      ..32e8cd4b
-      ..02206319
-      ..c1d08bfd
-      ..c386a748
-      ..99c33d61
-      ..f47e209c
-      ..2af53767
-      ..4ea67b17
+      ..2c97cd59
+      ..40d926ab
+      ..cda0bb74
+      ..dd19fc1d
+      ..cd0396b9
+      ..13af28dc
+      ..7e297515
+      ..a8769803
+      ..cb5faf70
+      ..0a7910d2
+      ..77263566
+      ..e71533e3
-    <L..8a5a636c
-      ..22ebf803
-      ..1afc5b1c
-      ..4a4ff601
-      ..2073a69d
+      ..40596e40
+      ..6645f713
+      ..dd93114e
+      ..ec552aeb
+      ..0a476630
-      ..24827101
-      ..ddc3a966
-      ..caa21105
-      ..7c1d96c6
-      ..931bd977
-      ..8781a9f2
+      ..ef27379a
+      ..3a213223
+      ..d20160a9
+      ..0f800095
+      ..e1b2ff6b
+      ..1ec69c4b
-      ..c39aa993
-      ..bfdd7d3b
-      ..4f574b53
-      ..c8dff48c
-    </..2d77d834
+      ..d02c3545
+      ..bb2000a2
+      ..7bf1868e
+      ..8b4bc712
+      ..598fe397
-    <L..ef1de5a9
-      ..22ebf803
-      ..214c05a9
-      ..bc61b811
-      ..eec7d399
-      ..81d449a2
+      ..dbb212fa
+      ..6645f713
+      ..d0b16b6d
+      ..7a063d98
+      ..fdc22ff2
+      ..a057dc34
-      ..aabbcffd
-      ..0dc9b962
-      ..328ac7de
-      ..69d77ca8
-      ..75764329
-      ..b2f64375
+      ..dce6b76c
+      ..c1031ccf
+      ..73b19fd5
+      ..16e9443e
+      ..7d0e58ee
+      ..5ad9ec40
-      ..aabbcffd
-      ..0dc9b962
-      ..328ac7de
-      ..69d77ca8
-      ..d1a9155b
-      ..8429e2b2
+      ..dce6b76c
+      ..c1031ccf
+      ..73b19fd5
+      ..16e9443e
+      ..9b3930e3
+      ..a8bb6ee8
+      ..598fe397
-  </Li..582649e5
+  </Fr..afcd5dac
-      ..8afe0d00
+      ..f4e3d7ab
--- /de..dd93aff2
+﻿<?x..2eaaa33d
+..9e73b6b0
+<Linea..c609f664
+      ..ad21dd26
+      ..82713a29
+      ..1275e6fe
+      ..854ef22b
+..9e73b6b0
+  <Rec..440ad053
+      ..499a8715
+      ..ef075dfa
+      ..fdfb3793
+      ..1f1d1de0
+      ..b16d3cf6
+      ..0e131042
+      ..4e4285cf
+..9e73b6b0
+</Line..72073c98
-<Coord..d06a2542
-      ..92f7d778
-      ..a9e825a9
-      ..4fd2e7a6
-      ..df5450c2
+<Coord..023b8b8b
+      ..2c80dba2
+      ..8c0fe067
+      ..ca7acafe
+      ..3c83ef5d
-      ..1350d535
+      ..a2e8876b
+      ..a35de327
+      ..e2466018
-      ..f19a8283
+      ..29ca7db4
+      ..c3dcbed4
+..9e73b6b0
+      ..27eb42d9
+      ..87652c2b
+      ..587abd47
+      ..6955a9f7
+      ..6421750d
-</Coor..b464a1e7
+</Coor..c9a057a1
-<Coord..d06a2542
-      ..92f7d778
-      ..a9e825a9
-      ..4fd2e7a6
-      ..df5450c2
+<Coord..023b8b8b
+      ..2c80dba2
+      ..8c0fe067
+      ..ca7acafe
+      ..3c83ef5d
-</Coor..b464a1e7
+</Coor..c9a057a1
-<Coord..d06a2542
-      ..92f7d778
-      ..a9e825a9
-      ..4fd2e7a6
-      ..df5450c2
+<Coord..023b8b8b
+      ..2c80dba2
+      ..8c0fe067
+      ..ca7acafe
+      ..3c83ef5d
+      ..8ad149ff
+      ..e8256df5
-      ..6ba493df
+      ..be9a3ae6
-</Coor..b464a1e7
+</Coor..c9a057a1
--- /de..dd93aff2
+﻿<?x..2eaaa33d
+..9e73b6b0
+<Frame..86f30bb3
+      ..6fd9491a
+      ..17bb60b8
+      ..89bfb28e
+      ..97edfae7
+      ..b7e5011c
+      ..1fc3ee12
+..9e73b6b0
+  <Lin..5039d65a
+      ..73b19fd5
+      ..fb5b2ca3
+..9e73b6b0
+<!--  ..77e60c40
+<!--  ..5df79a1d
+<!--  ..fbb3a4db
+<!--  ..5c9dc913
+<!--  ..9f3f9cf1
+<!--  ..43f0a544
+<!--  ..7effc82d
+<!--  ..83d45baf
+<!--  ..77ef53d2
+<!--  ..fc74e545
+..9e73b6b0
+..9e73b6b0
+    <L..f197ae5c
+      ..bb2000a2
+      ..ab316d81
+      ..c9dfc560
+      ..679080d7
+      ..d77467e6
+..9e73b6b0
+      ..7429473c
+      ..afa5cd9c
+      ..a96695eb
+      ..2de2c5ba
+      ..e8e6b012
+      ..3bb1d1d2
+..9e73b6b0
+      ..7429473c
+      ..afa5cd9c
+      ..a96695eb
+      ..2de2c5ba
+      ..492140e5
+      ..955f8c77
+..9e73b6b0
+    </..8954549f
+  </Li..6d456787
+</Fram..e2c512fd
-      ..eb2bf0da
-      ..328ac7de
-      ..8ae398f9
-      ..87c50425
-      ..081b434b
-      ..3a818353
-      ..af7655b8
+      ..a08062f2
+      ..89a04fe8
+      ..8497ea58
+      ..bd50062b
+      ..28ce0bf1
+      ..a9da0b90
+      ..937a6208
-      ..e617f6fe
+      ..0479ef04
-<Coord..d06a2542
-      ..92f7d778
-      ..a9e825a9
-      ..4fd2e7a6
-      ..893968da
-      ..73061e2e
+<Coord..023b8b8b
+      ..2c80dba2
+      ..8c0fe067
+      ..ca7acafe
+      ..af63d3d7
+      ..18a4b16a
-      ..4817e6b3
+      ..7e54f025
-      ..d5c1ad2c
+      ..bd5b7c88
-      ..d5c1ad2c
+      ..bd5b7c88
-      ..e0bca0be
+      ..12aff83c
-</Coor..b464a1e7
+</Coor..c9a057a1
-<Coord..d06a2542
-      ..92f7d778
-      ..a9e825a9
-      ..4fd2e7a6
-      ..893968da
-      ..1cb778a1
+<Coord..023b8b8b
+      ..2c80dba2
+      ..8c0fe067
+      ..ca7acafe
+      ..af63d3d7
+      ..6e6b0073
-      ..06967bb0
+      ..89bfb28e
-</Coor..b464a1e7
+</Coor..c9a057a1