-		priv..0caf6b5b
+		priv..201e9195
-			var..ad97c5ad
+			var..8c370726
-			var..89182b1f
-			whi..5cbce87f
-				bu..5ae444b1
+			var..ca9532a7
+			whi..68dea906
+				bu..50e6c93d
-			var..506bc4c9
-			if ..e78215ea
+			var..febf68e9
+			if ..3e743081
-			var..17380392
-			whi..1b59a66a
-				_b..b062a081
-			Pos..499b3287
+			var..592c53e1
+			whi..4801753f
+			{..0837e414
+				_b..468d18b0
+				++..40e86219
+			}..a6ae5485
+			Pos..e069c786
+		#reg..175d0ce0
+..1417fbf9
+		prot..56a6efe4
+..1417fbf9
+		#end..4781b5ec
+..1417fbf9
+				va..231b16ec
+				if..8b668b59
+				{..0c4eda1c
+					s..e7486b11
+					d..5b1ee2db
+				}..fe072307
-					r..5cb9f1f8
+					v..9e116a26
+					i..9d232463
+						..5cfa9ff2
+					r..d3d2a700
-					r..ccfb954e
+					v..e5229c52
+					i..5f1d5082
+					{..9d2b7b35
+						..40ad4098
+						..4eee17f6
+						..e58a34fa
+						..33e3379f
+					}..02f3e587
+					r..f5d618c4
+		prot..e7b0215b
+..1417fbf9
+		prot..2a5c324c
+..1417fbf9
-using ..edac52a4
-		priv..4ebc5020
-				us..28510977
+				us..3989a99d