-						..eb2563e3
-						..a056d009
+						..33e3379f
-					t..838e881f
-					t..19cdbd78
+					U..481c9005
+			Mem..d8a25aec
+			{..0837e414
+				Ut..08d9464c
+			}))..9c24c5d6
-				re..216c3dd8
-			}, ..cc4190aa
+				re..c06b67f6
+			}, ..ff28a271
+			{..0837e414
+				if..04ced804
+					t..81bc1ea9
+				//..6938a50c
+				//..5108000c
+			}, ..b2d5b838
-    <C..c782d738
+    <C..eba30d29
+  <Ite..f413f739
+    <A..c880590f
+  </It..0da2c21d
-		publ..e5ff9ac6
+		publ..dd4372c1
-			if ..fc54a304
+			if ..86580149
-			imm..ac5d3cfd
+			imm..a07ba651
+using ..23b80568
+using ..2fccb897
+using ..2622d8ae
+		priv..bf0a8622
+		#reg..175d0ce0
+..1417fbf9
+		prot..4c16b0d8
+..1417fbf9
+		#end..4781b5ec
+..1417fbf9
-		prot..55cb6c1e
+		prot..8625abfb
+			Fun..c83b0892
+		prot..b592a371
+		{..8f5ad79e
+			usi..3b8c4d1f
+			usi..45cb633d
+			{..0837e414
+				Na..66e2ce3a
+				us..0749f4ff
+				{..0c4eda1c
+					r..184d3f5a
+				}..fe072307
+			}..a6ae5485
+		}..6aed7b6a
+..1417fbf9
+		prot..d656adc5
+		{..8f5ad79e
+			usi..7e1034c0
+			usi..45cb633d
+			{..0837e414
+				Na..34750200
+				re..38410e97
+			}..a6ae5485
+		}..6aed7b6a
+..1417fbf9
+		#end..4781b5ec
+..1417fbf9
+		#reg..503a6461
+..1417fbf9
+		priv..4cf81e89
+		{..8f5ad79e
+			#re..4077b802
+..1417fbf9
+			pub..8acf1bba
+..1417fbf9
+			#en..62a78cdc
+..1417fbf9
+			#re..d443509c
+..1417fbf9
+			pub..f22e3f80
+			{..0837e414
+				Ar..9e21e963
+			}..a6ae5485
+..1417fbf9
+			#en..62a78cdc
+..1417fbf9
+			#re..fd03c73f
+..1417fbf9
+			pub..2a6709f4
+			{..0837e414
+				Ar..0ee37873
+			}..a6ae5485
+..1417fbf9
+			#en..62a78cdc
+		}..6aed7b6a
+..1417fbf9
+		priv..e0e515da
+		{..8f5ad79e
+			#re..4077b802
+..1417fbf9
+			pri..908890e5
+..1417fbf9
+			#en..62a78cdc
+..1417fbf9
+			#re..d443509c
+..1417fbf9
+			pub..ba62b064
+			{..0837e414
+				_a..6acfc18e
+			}..a6ae5485
+..1417fbf9
+			#en..62a78cdc
+..1417fbf9
+			#re..fd03c73f
+..1417fbf9
+			pub..3660e88e
+			{..0837e414
+				re..a709ee84
+			}..a6ae5485
+..1417fbf9
+			pub..3c3ae91f
+			{..0837e414
+				re..84920bdf
+			}..a6ae5485
+..1417fbf9
+			#en..62a78cdc
+		}..6aed7b6a
+..1417fbf9
-using ..99731f2d
+using ..d8b56e97
+++ /de..c99328dd
-﻿usi..8cf6567b
-using ..724a074b
-using ..7fa3d699
-using ..5137769f
-using ..fa14bf8e
-using ..67a4e76d
-using ..263460f9
-..0c770b3b
-namesp..ec55ed0b
-{..4b02d6d0
-	publi..757b0668
-	{..9ab01dba
-		#reg..ad0044e2
-..0c770b3b
-		publ..6488d7e1
-		{..756ac9d7
-			ret..0ac2bf0f
-		}..7641b1a1
-..0c770b3b
-		#end..25095105
-	}..82838d43
-..0c770b3b
-	publi..5bf0dc19
-	{..9ab01dba
-		prot..9f997167
-		{..756ac9d7
-		}..7641b1a1
-..0c770b3b
-		publ..b6de01d5
-		{..756ac9d7
-		}..7641b1a1
-..0c770b3b
-		publ..afcdd733
-		{..756ac9d7
-		}..7641b1a1
-..0c770b3b
-		publ..38290db1
-		{..756ac9d7
-		}..7641b1a1
-..0c770b3b
-		publ..74031b09
-		{..756ac9d7
-		}..7641b1a1
-..0c770b3b
-		publ..1448d2f2
-		{..756ac9d7
-		}..7641b1a1
-..0c770b3b
-		publ..a63a890d
-		{..756ac9d7
-			ret..ecf66350
-		}..7641b1a1
-	}..82838d43
-..0c770b3b
-	publi..026b0240
-	{..9ab01dba
-		#reg..6b48779c
-..0c770b3b
-		priv..4be46291
-		priv..11a69829
-		priv..48e4df21
-		priv..f5c617b3
-..0c770b3b
-		#end..25095105
-..0c770b3b
-		#reg..3c2907f9
-..0c770b3b
-		publ..3230f714
-		{..756ac9d7
-			_un..576bd95c
-			_se..c904c915
-			_st..378ed08f
-			_en..ac4f5f10
-		}..7641b1a1
-..0c770b3b
-		publ..e8aca9c9
-			: t..b9c8974c
-		{..756ac9d7
-		}..7641b1a1
-..0c770b3b
-		#end..25095105
-..0c770b3b
-		#reg..306d5035
-..0c770b3b
-		publ..9e1be27c
-		{..756ac9d7
-			for..ebc4ab3a
-				yi..7c5985f8
-		}..7641b1a1
-..0c770b3b
-		IEnu..cc3ab549
-		{..756ac9d7
-			ret..58c89b36
-		}..7641b1a1
-..0c770b3b
-		publ..7c3bfbe0
-		{..756ac9d7
-			if ..879a67e1
-				re..d5a502a0
-			ind..cac5172b
-			ret..ae752e36
-		}..7641b1a1
-..0c770b3b
-		publ..982b065e
-		{..756ac9d7
-			ret..652f4c09
-		}..7641b1a1
-..0c770b3b
-		publ..5f465e56
-		{..756ac9d7
-			ret..81a78f85
-		}..7641b1a1
-..0c770b3b
-		publ..a63a890d
-		{..756ac9d7
-			ret..ecf66350
-		}..7641b1a1
-..0c770b3b
-		#end..25095105
-	}..82838d43
-}..f06e9856
--- /de..53e68ef3
+﻿usi..17ed7b1f
+using ..f3b641f5
+using ..e5aef339
+..1417fbf9
+namesp..5703d3a4
+{..28eaf01b
+	publi..fc349f76
+	{..ea96b1c2
+		#reg..e8b9226b
+..1417fbf9
+		priv..cad53096
+		priv..99066565
+..1417fbf9
+		#end..4781b5ec
+..1417fbf9
+		#reg..beb0343e
+..1417fbf9
+		publ..7910d2e3
+		{..8f5ad79e
+			_un..91b26789
+			_se..59c4dcef
+		}..6aed7b6a
+..1417fbf9
+		#end..4781b5ec
+..1417fbf9
+		#reg..c4244d48
+..1417fbf9
+		publ..778b0fc0
+		{..8f5ad79e
+			if ..5151dd4b
+				re..7cbd717d
+			ret..b698e250
+		}..6aed7b6a
+..1417fbf9
+		publ..1dd86775
+		{..8f5ad79e
+			ret..e33b7018
+		}..6aed7b6a
+..1417fbf9
+		#end..4781b5ec
+	}..1787597f
+}..a3637fd4
-			// ..e4ba5468
-			pub..23eff1d3
+			// ..6e51ee2c
+			pub..7f1ed41f
-			// ..114c8701
-			pub..7f629001
+			// ..51874850
+			pub..4bff278c
-			// ..5dd5f7da
-			pub..1686c0ac
+			// ..59cf5174
+			pub..1612b2cd
-			// ..ce821cd4
-			pub..6f537cbc
+			// ..7e041871
+			pub..1713af8f
-			// ..d3027f88
-			pub..e8aed2c5
+			// ..3ae8a83f
+			pub..10612e9e
-			// ..55a1c54f
-			pub..63bb8184
+			// ..3311f810
+			pub..86850efd
-			// ..cd36cc0e
-			pub..8d2e5ebb
+			// ..a1987af4
+			pub..8097b0c7
-			// ..3d252094
-			pub..8a8dc460
+			// ..847fb7d1
+			pub..6992809e
-			// ..3ef2a174
-			pub..aecea3af
+			// ..80a140f4
+			pub..dc49a6b5
-			// ..1b60058c
-			pub..bc6cf914
+			// ..71dfa3ae
+			pub..e6725885
-			// ..c735492c
-			pub..0cfa20fb
+			// ..a114d0d9
+			pub..230ce127
-			// ..05d0fec7
-			pub..1b44272c
+			// ..e79a9250
+			pub..2982b112
-			// ..e4bd5bdb
-			pub..8107d60e
+			// ..853aa88b
+			pub..7abd2894
-			// ..4137af3c
-			pub..0c729f01
+			// ..63bd3d15
+			pub..41d32a9e
-			// ..3e10796c
-			pub..5c2c5080
+			// ..07854294
+			pub..cde093a2
-			// ..82b33aca
-			pub..f23c8059
+			// ..7c7259f5
+			pub..1b5bd80c
-			// ..38e45325
-			pub..8e3f8bff
+			// ..7d168a9a
+			pub..c177f646
-			// ..d54980e1
-			pub..a25e0c84
+			// ..1e89bcb6
+			pub..91c54268
-			// ..09e81b19
-			pub..a80de104
+			// ..0f3d1cb4
+			pub..59763e97
-			// ..6879879e
-			pub..cab9a8e5
+			// ..b203601a
+			pub..77e0e731
-			// ..1e04a843
-			pub..1800928e
+			// ..42718647
+			pub..eebb408f
-			// ..9c75f900
-			pub..e3e22974
+			// ..5f62eaef
+			pub..571ccfcd
-			// ..ab916066
-			pub..3b4340cb
+			// ..c2b84446
+			pub..56bd7234
-			// ..9e3dc607
-			pub..91f6972a
+			// ..4a39cf5a
+			pub..1a21cb00
-			// ..df31de4e
-			pub..3fc47211
+			// ..7102f48a
+			pub..548ccaca
-			// ..0c4c134e
-			pub..af198932
+			// ..61458b07
+			pub..287e427e
-			// ..b100940c
-			pub..79aa8ba5
+			// ..5ddc3f0a
+			pub..a6434729
-			// ..c5d5d5cf
-			pub..99a9a7d1
+			// ..d5427b3f
+			pub..eeaaeeab
-			// ..cc63485a
-			pub..9b9dd724
+			// ..4fbb88fd
+			pub..eefb82a9
-			// ..1420b971
-			pub..31238f35
+			// ..a8d1d959
+			pub..10ddb3cf
-			// ..d9c9798b
-			pub..c799d74f
+			// ..678c0ccc
+			pub..978c14b9
-			// ..160876d3
-			pub..a363b5aa
+			// ..ee65c363
+			pub..a46a1238
-			// ..9d9e0345
-			pub..93e209b8
+			// ..d3134a1c
+			pub..8202802f
-			// ..ccdf23eb
-			pub..6c10dbc5
+			// ..7063d237
+			pub..1e0f9488
-			// ..19720532
-			pub..1fd462f2
+			// ..1d012938
+			pub..0ef2d24b
-			// ..122b4c57
-			pub..5b5e4d4d
+			// ..a9501d84
+			pub..1672d57e
-			// ..f47e7351
-			pub..aec737da
+			// ..24a427d2
+			pub..65860ac5
-			// ..eefadf22
-			pub..a7924d43
+			// ..fbd67e23
+			pub..ee92d26d
-			// ..6bb4d562
-			pub..43635f22
+			// ..967746c3
+			pub..3a7b4776
-			// ..29f80332
-			pub..5c7e1cbe
+			// ..887e31d4
+			pub..cacd0f01
-			// ..b52bd3bd
-			pub..f5031168
+			// ..b9007025
+			pub..b1920aaf
-			// ..a5f6011e
-			pub..52ed8992
+			// ..0b377a48
+			pub..24f99dd2
-			// ..d87b4699
-			pub..377f0c69
+			// ..b2b311f5
+			pub..65fe79c6
-			// ..007f5b26
-			pub..216447ab
+			// ..9f2f7807
+			pub..45ba54e0
-			// ..9989af62
-			pub..1f25ff91
+			// ..b09f7ab3
+			pub..f241678d
-			// ..8167184f
-			pub..c04b4f87
+			// ..c207a22a
+			pub..350514d0
-			// ..c81be695
-			pub..cf76f775
+			// ..9124d789
+			pub..7157caa1
-			// ..090e5950
-			pub..a3fdd024
+			// ..1dc9a5ea
+			pub..8592b20f
-			// ..cd0586fd
-			pub..01771ccc
+			// ..c938d13b
+			pub..35b82569
-			// ..62d3f221
-			pub..0aeebeb2
+			// ..06ec28da
+			pub..956f48ad
-			// ..67b6b293
-			pub..dc81cc4b
+			// ..5ebbb4a4
+			pub..183c5381
-			// ..87cbf6e6
-			pub..f5719b35
+			// ..6149d242
+			pub..eeb1711f
-			// ..dcbe3deb
-			pub..be4fc873
+			// ..309f9726
+			pub..f481c0a1
-			// ..ab519177
-			pub..64590461
+			// ..192b2e41
+			pub..0cc456bd
-			// ..f2319436
-			pub..3e3e5ea8
+			// ..667dbbc0
+			pub..6adf9a34
-			// ..acf9af0e
-			pub..ccdb793f
+			// ..e468eb5d
+			pub..253ca761
-			// ..60aa7a06
-			pub..db3e031a
+			// ..10fbc2ef
+			pub..528c737b
-			// ..e1f21702
-			pub..77e195c1
+			// ..7c5c72ee
+			pub..5cbef8fa
-			// ..403be179
-			pub..66aad09c
+			// ..cbffddcb
+			pub..3cd18fc8
-			// ..c4bef85a
-			pub..41b6201e
+			// ..85e702fe
+			pub..c97243ea
-			// ..24e9b515
-			pub..b5f0b474
+			// ..c089656c
+			pub..e2325efa
-			// ..79440a8e
-			pub..49b888e5
+			// ..dcdd55ca
+			pub..adaa111c
-			// ..f8dc8a10
-			pub..2c4884ba
+			// ..93deb324
+			pub..b86af45c
-			// ..4a4dfd5b
-			pub..14ab01f1
+			// ..67e0a623
+			pub..26872499
-			// ..3f9542d6
-			pub..0669fd3b
+			// ..c98b7cca
+			pub..056874ed
-			// ..2c794473
-			pub..730e14c9
+			// ..8ef8e688
+			pub..81af881b
-			// ..a97cf91f
-			pub..5de692db
+			// ..0647360d
+			pub..d9a13755
-			// ..3dd40bed
-			pub..aac50808
+			// ..9842893e
+			pub..f479bd49
-			// ..ce3defe6
-			pub..77c6d58e
+			// ..4f2a16c1
+			pub..ef989cda
-			// ..1ad47f07
-			pub..079b207b
+			// ..84fd6d67
+			pub..e9408032
-			// ..5e8e2d8e
-			pub..09a13999
+			// ..41ae4cbd
+			pub..84f0bbe1
-			// ..357459d3
-			pub..244ba986
+			// ..1b38a560
+			pub..34e385e9
-			// ..5957d8d8
-			pub..4a1636a8
+			// ..0f5e85dd
+			pub..299a7cf0
-			// ..9d0abe26
-			pub..5438b305
+			// ..f6cafea3
+			pub..316280fa
-			// ..e26ee3f1
-			pub..278d8096
+			// ..93011767
+			pub..d29b2aff
-			// ..aa260020
-			pub..08cd38d5
+			// ..eef925a4
+			pub..0387d9aa
-			// ..827a5beb
-			pub..de707ccd
+			// ..a37aa875
+			pub..7d09e053
-			// ..dd375d6e
-			pub..8ee61de7
+			// ..2f767e3d
+			pub..7c7ed313
-			// ..a8de7672
-			pub..e552cc06
+			// ..635369f6
+			pub..23f93c27
-			// ..55d8e851
-			pub..e54183b4
+			// ..43ce6a4e
+			pub..d9d134fb
-			// ..b278a10f
-			pub..a66300c0
+			// ..292549ef
+			pub..7b28fc53
-			// ..77a2c3ae
-			pub..c81ed492
+			// ..8ebee8c6
+			pub..ece3b960
-			// ..944cbaaf
-			pub..fce1687f
+			// ..297d517a
+			pub..2edaca78
-			// ..61a725bf
-			pub..10d8d59c
+			// ..7beb8956
+			pub..ad83e617
-			// ..bccfb4e1
-			pub..aa5b3b99
+			// ..8c9d1478
+			pub..b21968be
-			// ..f6454a1a
-			pub..062e1f8b
+			// ..c06323ed
+			pub..4ba917ef
-			// ..1deccf2b
-			pub..1ef28e73
+			// ..f858cce5
+			pub..8b1daf54
-			// ..5a22cef3
-			pub..2b2a5ae7
+			// ..a61050c4
+			pub..02ecde75
-			// ..f2376278
-			pub..f600b778
+			// ..71eb6dc5
+			pub..d2c3cf63
-			// ..8f232430
-			pub..43e163f4
+			// ..3ea2fb7a
+			pub..6925e629
-			// ..b3ffd2dd
-			pub..89b42e79
+			// ..2a9bc6bb
+			pub..7c236892
-			// ..b16957c4
-			pub..0c70a99f
+			// ..18474964
+			pub..eedc26b9
-			// ..eb94d151
-			pub..2e36f95a
+			// ..5c2545e1
+			pub..c8c62d33
-			// ..fc9f0a86
-			pub..33077a36
+			// ..fdb209ff
+			pub..537f2049
-			// ..7a2a934f
-			pub..9077c4b4
+			// ..03fc4672
+			pub..eee0f58d
-			// ..33ea9ac5
-			pub..4a20528e
+			// ..e4cafd69
+			pub..da877085
-			// ..d1ed7ba7
-			pub..55e6b39f
+			// ..b204e55a
+			pub..8a8d4b62
-			// ..a0c2afca
-			pub..29ae160e
+			// ..dfe6f1ca
+			pub..3e52e964
-			// ..b70911ac
-			pub..b4a5351c
+			// ..c305834f
+			pub..75b73de9
-			// ..ce31ee53
-			pub..e091d10f
+			// ..243ba6f1
+			pub..c3dc5c61
-			// ..1c4c919e
-			pub..aa18aacf
+			// ..c69fa745
+			pub..6143a7c8
-			// ..c462d62c
-			pub..b2bb941c
+			// ..46595b26
+			pub..c37a2063
-			// ..730e17b0
-			pub..d07a6062
+			// ..4dd29a09
+			pub..200a931a
-			// ..676fd3cb
-			pub..d10a910e
+			// ..fe236983
+			pub..4f6c382b
-			// ..bff26499
-			pub..b2a26b60
+			// ..a6660db6
+			pub..27099d22
-			// ..2e4fc65b
-			pub..1ee54f7b
+			// ..fa39ec9a
+			pub..e8605b82
-			// ..a4a57330
-			pub..7c8abc4b
+			// ..76217f70
+			pub..01d14db1
-			// ..f3ac4e32
-			pub..29ce630b
+			// ..fe40aa34
+			pub..09d131d2
-			// ..24de7145
-			pub..6beca9cf
+			// ..6fa3cd2e
+			pub..625b57fa
-			// ..8177026c
-			pub..7e2cebc1
+			// ..f451e94a
+			pub..dc6b98d4
-			// ..4e211ea0
-			pub..827d86f3
+			// ..e4279dcd
+			pub..a3d1cea8
-			// ..d13ed3b3
-			pub..16965d84
+			// ..c4b48729
+			pub..1f8cefde
-			// ..c325cf4a
-			pub..1ab4ae63
+			// ..1fda2d35
+			pub..178d4c6a
-			// ..e6f3f5fb
-			pub..3ece93c1
+			// ..e66457eb
+			pub..e44811e7
-			// ..535bd517
-			pub..d6d0300e
+			// ..e8c9ffd5
+			pub..db544d18
-			// ..605e5382
-			pub..d01d0e5d
+			// ..caa8015f
+			pub..74e92ec8
-			// ..9e3e8e23
-			pub..c649258b
+			// ..021d7dd7
+			pub..983ebb7d
-			// ..c46d714d
-			pub..dac8a025
+			// ..0f9dc1a5
+			pub..fc794f7d
-			// ..96acc93c
-			pub..d27244a4
+			// ..94031ab1
+			pub..75d253c1
-			// ..80ded97f
-			pub..95a59c4c
+			// ..542b7e81
+			pub..1f0b099f
-			// ..8fd5ba2d
-			pub..f163ac6e
+			// ..8e64401c
+			pub..9363b127
-			// ..22422454
-			pub..ae3cadd9
+			// ..1836a030
+			pub..a80e5c16
-			// ..d00b0c58
-			pub..3c6dd954
+			// ..ec983906
+			pub..a6414a25
-			// ..11f7c059
-			pub..603289f0
+			// ..fa409cd0
+			pub..e830ad07
-			// ..621d2250
-			pub..d42bc2b9
+			// ..c84c70dc
+			pub..db9dee9a
-			// ..72400b8b
-			pub..b51d2276
+			// ..a3e2d3d0
+			pub..327dfe7e
-			// ..a9b736f0
-			pub..2542784a
+			// ..1fc963dd
+			pub..ccad8339
-			// ..5780cf11
-			pub..f3c28bb5
+			// ..11058e6d
+			pub..6fea705c
-			// ..c9d8b017
-			pub..94fad205
+			// ..8f206167
+			pub..0717df1f
-			// ..f4967e60
-			pub..c8287d58
+			// ..b435cff7
+			pub..e1027742
-			// ..82542aa9
-			pub..8c3bcc76
+			// ..1e2c7533
+			pub..e14fbbf3
-			// ..1fb5a274
-			pub..6f15fba7
+			// ..f4bd491b
+			pub..ae0f1de4
-			// ..9d29329d
-			pub..6ba053f6
+			// ..a31bcd74
+			pub..26e9308c
-			// ..d80ad593
-			pub..82e0e9ff
+			// ..da9f1d3f
+			pub..0ed8f95a
-			// ..1ba280a9
-			pub..33dffd1e
+			// ..2c9efad3
+			pub..125b3c8a
-			// ..ecc35674
-			pub..b9de8546
+			// ..056d1db3
+			pub..ef30a895
-			// ..b004ac1f
-			pub..92de4f16
+			// ..3905d526
+			pub..cd9edbf3
-			// ..64d94f72
-			pub..74ef51a0
+			// ..46200e22
+			pub..b5784509
-			// ..bd027a18
-			pub..24397d0a
+			// ..e3c561e9
+			pub..e826ea7d
-			// ..042dc112
-			pub..ab6556b3
+			// ..5cd4abce
+			pub..8bf9b2ab
-			// ..f099a13e
-			pub..a0c84d45
+			// ..48cbc862
+			pub..00a8e0d6
-			// ..32babb50
-			pub..9d4294e9
+			// ..55072a2e
+			pub..8be74dc4
-			// ..5d6fd374
-			pub..36c6f6a1
+			// ..4e381b13
+			pub..f613a7ee
-			// ..9504dd54
-			pub..dd4f7b1a
+			// ..02f8dcfe
+			pub..a161cb64
-			// ..23b1b6dd
-			pub..fcaa1168
+			// ..c7b9f994
+			pub..4ed81be9
-			// ..5aa56b8e
-			pub..cc61f032
+			// ..c5ba659e
+			pub..a331abdd
-			// ..2364c106
-			pub..659ba53f
+			// ..39b3e117
+			pub..0bc177bd
-			// ..ba8c8d65
-			pub..88e16ce7
+			// ..468052d7
+			pub..5c35e930
-			// ..5b977163
-			pub..16ad17d7
+			// ..e1f9c5c4
+			pub..0bd0e100
-			// ..1d9c3440
-			pub..c4ee19f9
+			// ..db321c72
+			pub..a7d6cc94
-			// ..93b6bb0e
-			pub..0cba366d
+			// ..9bd722b9
+			pub..1fcb2531
-			// ..c526dd21
-			pub..bb98c270
+			// ..c029091d
+			pub..9c45626b
-			// ..5d788101
-			pub..74f11572
+			// ..66a71e5d
+			pub..04f14e18
-			// ..8f353fa0
-			pub..e6db9fb8
+			// ..f56092e1
+			pub..7a7319d1
-			// ..5075bbbc
-			pub..416bd4f9
+			// ..53a8367c
+			pub..366ce868
-			// ..1bb2fcd7
-			pub..aa26ec9a
+			// ..47c48e09
+			pub..175718ec
-			// ..d2c05328
-			pub..a7dfd059
+			// ..1b400b3f
+			pub..a80bab43
-			// ..6d65ba17
-			pub..5a157c89
+			// ..33a19a21
+			pub..5c39afc7
-			// ..334e2f16
-			pub..52e11148
+			// ..c6e861a2
+			pub..6edced2f
-			// ..39af53e4
-			pub..9a8ae5e2
+			// ..53b2dfcf
+			pub..f70577ef
-			// ..58fdc523
-			pub..5b2c845a
+			// ..afc7a630
+			pub..972d99ee
-			// ..78abf5f4
-			pub..4ab7eb66
+			// ..938f8745
+			pub..04b7d943
-			// ..03d5621d
-			pub..5c7e3008
+			// ..478ef97f
+			pub..5b20586b
-			// ..60192d31
-			pub..608ad878
+			// ..53d989a8
+			pub..c091fd7f
-			// ..95a90de2
-			pub..c1228a9b
+			// ..c31f8705
+			pub..71a36eba
-			// ..25a410b8
-			pub..b61f89e9
+			// ..0d8d396d
+			pub..1e9391ce
-			// ..ee765c9f
-			pub..de328de6
+			// ..670b316d
+			pub..789a520c
-			// ..7133b050
-			pub..b4251a0c
+			// ..3924ecbd
+			pub..6b832c30
-			// ..4ad884b5
-			pub..b091b97c
+			// ..0edd8d14
+			pub..5a773f75
-			// ..53866fe6
-			pub..4fbdfa92
+			// ..49e731b9
+			pub..22bbb64d
-			// ..1b4c8e74
-			pub..1effdf85
+			// ..d4a08ec6
+			pub..d965b265
-			// ..6b65a13a
-			pub..af6179b3
+			// ..ff6f7641
+			pub..8080e7b1
-			// ..fd6a4716
-			pub..a7563389
+			// ..a3e4549d
+			pub..5ff0ca67
-			// ..4f581e9b
-			pub..7bbd7587
+			// ..645018aa
+			pub..752ab3dd
-			// ..c0a2a081
-			pub..b29dd876
+			// ..ceb10fb8
+			pub..e0b599ea
-			// ..5f20b170
-			pub..b22decbe
+			// ..bc7ee064
+			pub..0bba0003
-			// ..d98340f4
-			pub..fefb8062
+			// ..cb8ebe1d
+			pub..93858dd2
-			// ..a1b6911f
-			pub..0f9f8a3f
+			// ..7ec9c734
+			pub..0934846b
-			// ..93c1283b
-			pub..2b63a970
+			// ..bbbb5fe1
+			pub..2a7239a7
-			// ..b4ac3040
-			pub..0925b11c
+			// ..4981700a
+			pub..386a4ac8
-			// ..c42bd555
-			pub..bd6f5ead
+			// ..2a912e3f
+			pub..4fda7c4e
-			// ..1bc69f5b
-			pub..9354ed8a
+			// ..047a3840
+			pub..f6a35931
-			// ..c3f62d79
-			pub..c5c289d0
+			// ..515c4451
+			pub..05e007d6
-			// ..2b455b9a
-			pub..638c9d39
+			// ..22e505db
+			pub..0f924592
-			// ..b61dd744
-			pub..23f1b625
+			// ..5d688f12
+			pub..9778e91f
-			// ..de6528ff
-			pub..b85af9a9
+			// ..45d7d67f
+			pub..9e031d76
-			// ..0ecbf56c
-			pub..78b142bb
+			// ..fb1fe205
+			pub..46523819
-			// ..ba72fa30
-			pub..ec33fb49
+			// ..1bee74bd
+			pub..b70f3a2f
-			// ..f1c50651
-			pub..856ef5f0
+			// ..e4ee82f4
+			pub..2bfc4296
-			// ..8bd692fb
-			pub..3468ea2e
+			// ..f16c2888
+			pub..68fad828
-			// ..2a3711ba
-			pub..6c154a87
+			// ..108de62f
+			pub..28981f86
-			// ..38f528e3
-			pub..9b42aa43
+			// ..6b076782
+			pub..2038ae12
-			// ..577a0455
-			pub..8454f882
+			// ..503784a8
+			pub..781ba10c
-			// ..26576366
-			pub..7763efdd
+			// ..ca6973e3
+			pub..1ccb77a9
-			// ..faba9bf6
-			pub..eecad9b2
+			// ..ade2392e
+			pub..80d82daf
-			// ..17a2d3dd
-			pub..68030749
+			// ..0896c728
+			pub..e9b7fda1
-			// ..02956f51
-			pub..619724b4
+			// ..531d87eb
+			pub..8e8b06b9
-			// ..8de7a975
-			pub..f2d2ef1c
+			// ..9d216a2a
+			pub..351f8cde
-			// ..f58f18f4
-			pub..a470b41e
+			// ..806d080d
+			pub..e453788b
-			// ..6f1c1b1a
-			pub..d5017752
+			// ..cbd3be67
+			pub..35f1144f
-			// ..a3c1a356
-			pub..8ff47235
+			// ..042b38b8
+			pub..bb04eabd
-			// ..2e568215
-			pub..25639900
+			// ..17e5db4a
+			pub..d588cb5d
-			// ..e67b1a68
-			pub..28252501
+			// ..96faf987
+			pub..879ecb2b
-			// ..5542e38c
-			pub..b76489bd
+			// ..3c5a4ebb
+			pub..87dfaf9b
-			// ..1cfe16e1
-			pub..33648b10
+			// ..97d067ea
+			pub..c872907d
-			// ..e0ae4d83
-			pub..ef7e639e
+			// ..ca69436d
+			pub..30df6781
-			// ..7bf600ce
-			pub..0b883a4a
+			// ..8b903c69
+			pub..2b4ce1a5
-			// ..3d019a3a
-			pub..930aa684
+			// ..be705ae6
+			pub..3a86456b
-			// ..6c5a8864
-			pub..7d07d21a
+			// ..9b153e99
+			pub..0b733631
-			// ..128f2aef
-			pub..3dd6c864
+			// ..6ae8bb2c
+			pub..a0856e6b
-			// ..ad371d4c
-			pub..c14f1ac4
+			// ..57219612
+			pub..67dde8de
-			// ..c516cc1e
-			pub..a79eeafc
+			// ..0aa58481
+			pub..6fafb672
-			// ..994796dd
-			pub..33959028
+			// ..af6553b9
+			pub..33a5c2fa
-			// ..d940466c
-			pub..bbbb74d5
+			// ..764c6937
+			pub..1a37d941
-			// ..be5b2759
-			pub..d9d272c5
+			// ..98584c76
+			pub..00b2582c
-			// ..4d26a84f
-			pub..8ec85d72
+			// ..8ea81def
+			pub..7c4c4e7b
-			// ..bd80b235
-			pub..b5ce4afe
+			// ..e8b9a89c
+			pub..2d4d9e90
-			// ..6526691e
-			pub..d313b453
+			// ..eeeedb12
+			pub..cd7a02e7
-			// ..ccd3ff9d
-			pub..8d04cb0f
+			// ..2cb4a8ab
+			pub..80376464
-			// ..f32a742d
-			pub..788991bf
+			// ..95fe0d36
+			pub..ee22a67b
-			// ..b05899b6
-			pub..d0c85707
+			// ..a23638dd
+			pub..3ac67d5b
-			// ..4cb53581
-			pub..7f1db4c4
+			// ..e277fe11
+			pub..c620b0a2
-			// ..ed5d509d
-			pub..6d9914cd
+			// ..4c069152
+			pub..a9a9af1a
-			// ..ae1888a3
-			pub..99b971ad
+			// ..fb1cc112
+			pub..12b03cce
-			// ..dde72262
-			pub..95955fbe
+			// ..c77a6644
+			pub..23843722
-			// ..0a3314ee
-			pub..6a1f6bee
+			// ..1213c3f0
+			pub..4afd2bc8
-			// ..22803dd0
-			pub..0adbcdb1
+			// ..2596b610
+			pub..3547dd95
-			// ..7c5c4ab1
-			pub..73eba29d
+			// ..c0d38c45
+			pub..02311306
-			// ..1cd16a32
-			pub..a32abc72
+			// ..b0d3915a
+			pub..832c3988
-			// ..5cc0f170
-			pub..dae159f4
+			// ..a73ff2c8
+			pub..242312c0
-			// ..056131db
-			pub..c64c43a4
+			// ..2bbde310
+			pub..5d8fcb00
-			// ..95de7c16
-			pub..845cf0b1
+			// ..a09372a2
+			pub..ac38ca57
-			// ..f8c66a12
-			pub..9a26298d
+			// ..188f81a8
+			pub..70e00470
-			// ..597bebbe
-			pub..45efcb0d
+			// ..6a7e9be1
+			pub..c13df3da
-			// ..907dcf70
-			pub..3387a252
+			// ..f225654b
+			pub..437a529d
-			// ..bb63ab1f
-			pub..3ecddf80
+			// ..7a7bfe2f
+			pub..cf1a0125
-			// ..0e8a6814
-			pub..78563f9d
+			// ..790bd6ad
+			pub..3c704df0
-			// ..005a6a2b
-			pub..fb82bf10
+			// ..fcbfd233
+			pub..2573c2f4
-			// ..103d5d4f
-			pub..0c9bf66e
+			// ..1f5b169d
+			pub..97b770da
-			// ..9e8a6ac7
-			pub..6b2a0235
+			// ..41be6ebd
+			pub..0c88866d
-			// ..eeae5a05
-			pub..35c4e812
+			// ..2745c783
+			pub..bd87e89c
-			// ..be3af75c
-			pub..5b196429
+			// ..3d69e0ba
+			pub..9f9cbefe
-			// ..9baa7841
-			pub..62d82278
+			// ..7fb63560
+			pub..a5a9ebad
-			// ..98f5db99
-			pub..29fc26ae
+			// ..3a950bac
+			pub..20d57e5f
-			// ..c0dc9fb0
-			pub..9ec19f39
+			// ..27d89885
+			pub..9dd8e1c9
-			// ..05379d96
-			pub..013900cf
+			// ..28badb57
+			pub..2312e8a3
-			// ..6bba081b
-			pub..0fd97564
+			// ..eced68b2
+			pub..1672e6b7
-			// ..54d0b590
-			pub..303450bb
+			// ..c59e6864
+			pub..460d9bc0
-			// ..72edb51e
-			pub..9978d97d
+			// ..f11ff54d
+			pub..1737b8e5
-			// ..10ee8d0c
-			pub..6024e68a
+			// ..16686c11
+			pub..923ec919
-			// ..031367b3
-			pub..70ab47ca
+			// ..0da217da
+			pub..d9dff62f
-			// ..741a9991
-			pub..0af48cb3
+			// ..92e24923
+			pub..b7c6129b
-			// ..dda13087
-			pub..6b457c30
+			// ..8564cde5
+			pub..f9f2667f
-			// ..3b132984
-			pub..b1cfc780
+			// ..a56ea471
+			pub..1239a46f
-			// ..a3de5b77
-			pub..fd4e6239
+			// ..5b6dac4c
+			pub..bae5e699
-			// ..4804ed18
-			pub..909a3914
+			// ..b215b600
+			pub..1aa1d94e
-			// ..f081e822
-			pub..91af76da
+			// ..73484690
+			pub..068cd2fc
-			// ..36530c1c
-			pub..e9fcbfda
+			// ..af57842a
+			pub..73123a17
-			// ..e717cf76
-			pub..cb3ba194
+			// ..fee9e2e1
+			pub..eafc6913
-			// ..acf515e6
-			pub..90e40b5d
+			// ..d72555cb
+			pub..d23d3dc9
-			// ..d92dfaed
-			pub..095e058e
+			// ..99224b2e
+			pub..b94351d3
-			// ..ab2e9ee0
-			pub..dc34799d
+			// ..a69eb9fb
+			pub..57c80411
-			// ..598c0f6e
-			pub..d638e815
+			// ..a83f9f76
+			pub..0d286911
-			// ..473eb92c
-			pub..d0adeb0a
+			// ..41233296
+			pub..b94470e1
-			// ..8e7430d0
-			pub..7db7a0c6
+			// ..fd830372
+			pub..56665d79
-			// ..00b49c74
-			pub..b4c882d1
+			// ..1615a0b5
+			pub..9ccdebf5
-			// ..328e0745
-			pub..480693a0
+			// ..c48ad813
+			pub..0d0523bd
-			// ..e45fd999
-			pub..7179d26e
+			// ..10cd4ce2
+			pub..cb9d2ecf
-			// ..af5b7456
-			pub..6de4139a
+			// ..08f8a9c1
+			pub..bd9bd658
-			// ..29cca092
-			pub..c374cfaa
+			// ..0a152b79
+			pub..b853e433
-			// ..2e48a808
-			pub..fcd403ac
+			// ..11112155
+			pub..cf2f8867
-			// ..3160cd2c
-			pub..8d894767
+			// ..3941621b
+			pub..ece9a17f
-			// ..84c4672f
-			pub..47353479
+			// ..45be9be8
+			pub..0eae9698
-			// ..a3e10f5c
-			pub..42bd2236
+			// ..c9bb03b7
+			pub..ee0f8f7f
-			// ..fdd0371d
-			pub..8e610da9
+			// ..a75f0de5
+			pub..33200b68
-			// ..3c95c1be
-			pub..548f0184
+			// ..d040d5a2
+			pub..2c1e8734
-			// ..94f5550d
-			pub..a7ceaabd
+			// ..68eb6621
+			pub..1dbf7420
-			// ..2d25ed51
-			pub..c13dbe43
+			// ..df0ecf88
+			pub..79073420
-			// ..78fa7631
-			pub..01db268e
+			// ..3f966366
+			pub..047ac9e5
-			// ..7f251256
-			pub..d3091e59
+			// ..0ba4f148
+			pub..cf0366a3
-			// ..12173ef2
-			pub..5755bd85
+			// ..6b83580f
+			pub..d51a1c32
-			// ..eb6d1454
-			pub..593c9935
+			// ..f6a13c22
+			pub..52162aa1
-			// ..8f8076fe
-			pub..804d3d7b
+			// ..dc655322
+			pub..82f02733
-			// ..cdedea4d
-			pub..3a70e9b3
+			// ..4c616653
+			pub..c59e693d
-			// ..2ce0fbb0
-			pub..07c58081
+			// ..4a739bb1
+			pub..29f4ba62
-			// ..ebf33d67
-			pub..82c73ed3
+			// ..fd74b1f0
+			pub..7be33f2b
-			// ..8c88efd3
-			pub..eb72c384
+			// ..c428479b
+			pub..88b6ae42
-			// ..30568c05
-			pub..d6afe2e4
+			// ..1f81ad70
+			pub..6df970dc
-			// ..0b23e1f2
-			pub..2c7a18d4
+			// ..1639007a
+			pub..03858278
-			// ..c7915c83
-			pub..4fdc11d0
+			// ..0aa646f4
+			pub..a3d46684
-			// ..02337c41
-			pub..9101f071
+			// ..f3b85975
+			pub..12c00173
-			// ..3b8d9a17
-			pub..00a67252
+			// ..653285fa
+			pub..10086152
-			// ..e6682f03
-			pub..987294bf
+			// ..c8441025
+			pub..686bb81b
-			// ..fcd4d906
-			pub..04e64e68
+			// ..09529676
+			pub..4ccd7054
-			// ..cb0125ea
-			pub..e4113b67
+			// ..f235a59b
+			pub..cb9217fe
-			// ..3d177cbe
-			pub..e5140538
+			// ..fba6930b
+			pub..bc31d7e4
-			// ..6aca9423
-			pub..152ec1b0
+			// ..28df992d
+			pub..d775c477
-			// ..5b3336bb
-			pub..eed2ccb0
+			// ..c163b174
+			pub..bd775325
-			// ..fd4c2c19
-			pub..a18b63a7
+			// ..2bdca1d7
+			pub..6bd5e453
-			// ..bc33b274
-			pub..4054e241
+			// ..cc212ba6
+			pub..6fc0ecc0
-			// ..fe291080
-			pub..a0360bbd
+			// ..a8e9ed1d
+			pub..aef0a64e
-			// ..a22759b2
-			pub..e06c8239
+			// ..59666e31
+			pub..94fb18a8
-			// ..157d23ad
-			pub..01f07817
+			// ..b88b0580
+			pub..fe0a72a6
-			// ..ddbedde4
-			pub..ded44e82
+			// ..59cefb24
+			pub..df708468
-			// ..5b53b889
-			pub..08c6a5b8
+			// ..a8b908b9
+			pub..cd128540
-			// ..1a7ab89d
-			pub..370457a4
+			// ..22ba5e99
+			pub..2d6e3d06
-			// ..ecabaed6
-			pub..8c3c3bb5
+			// ..6cc37435
+			pub..cc804967
-			// ..60918f4b
-			pub..4f98314d
+			// ..d12ee5fd
+			pub..8d701c37
-			// ..202930e5
-			pub..41bb5672
+			// ..143634e1
+			pub..2eb034b5
-			// ..6c6da1ec
-			pub..53e30687
+			// ..268011fe
+			pub..d2ea4b05
-			// ..40c7a3b8
-			pub..fba5e321
+			// ..e71910d2
+			pub..e1777b02
-			// ..c6d16f28
-			pub..510fd098
+			// ..9656540e
+			pub..f9ceb4b5
-			// ..fde8cc04
-			pub..684aa91c
+			// ..336cefbb
+			pub..a25c965d
-			// ..70aaebc5
-			pub..d33ba9f4
+			// ..be049035
+			pub..f77edbe4
-			// ..219eff20
-			pub..7a9bad63
+			// ..725a6001
+			pub..03d65fae
-			// ..22344d22
-			pub..1fc2fbe3
+			// ..edb888d8
+			pub..5b050015
-			// ..eaab2ead
-			pub..8ed2331a
+			// ..811d4666
+			pub..a4b4e870
-			// ..9aec9b7b
-			pub..736da82a
+			// ..a6917e1e
+			pub..34a16082
-			// ..628bcecf
-			pub..734de1c7
+			// ..59a2621c
+			pub..bdb0fd9a
-			// ..a7e1377e
-			pub..54d4c9ed
+			// ..e013a98c
+			pub..6bcfb57b
-			// ..7c63f2b4
-			pub..eaead3c9
+			// ..2ffa5cc9
+			pub..b2b95a7f
-			// ..90d299eb
-			pub..3d1cd3fd
+			// ..d3a6d610
+			pub..54375013
-			// ..7ec39403
-			pub..39befbca
+			// ..d153525f
+			pub..8612a1ab
-			// ..6a8fe58a
-			pub..a9dd0b62
+			// ..19b83c00
+			pub..efda5eb8
-			// ..1dd9b88d
-			pub..842a9302
+			// ..728e2f61
+			pub..d555c85a
-			// ..41ce9e2b
-			pub..c8589d29
+			// ..4976e211
+			pub..00fd05e3
-			// ..3f896e61
-			pub..09efaf28
+			// ..bcc34167
+			pub..2bad4744
-			// ..07b6bbe0
-			pub..3720e80f
+			// ..4e381893
+			pub..a11f3e7e
-			// ..ce2753f2
-			pub..d52dd61f
+			// ..df81d53e
+			pub..a2349eec
-			// ..98d8f78e
-			pub..ac72ac22
+			// ..61b9a715
+			pub..962ae86e
-			// ..a707b29e
-			pub..d3311a7e
+			// ..88f38d3e
+			pub..6522f773
-			// ..60ffc7ec
-			pub..7bb50c97
+			// ..8b591a93
+			pub..236e8db9
-			// ..00680857
-			pub..b7932dd2
+			// ..eec3039b
+			pub..2481f587
-			// ..61a50e9b
-			pub..2a15db8f
+			// ..517023ce
+			pub..72f21201
-			// ..1a28427a
-			pub..ff1d4101
+			// ..2dc92486
+			pub..09399f9a
-			// ..03df23b3
-			pub..0c6de4a4
+			// ..60c057f6
+			pub..bb58c901
-			// ..bbcfe336
-			pub..7b1f38b6
+			// ..c47bf55c
+			pub..a7d51d2e
-			// ..e04d5451
-			pub..258299b4
+			// ..4a572940
+			pub..8ac2a583
-			// ..2ce41678
-			pub..6f723523
+			// ..1ac08242
+			pub..8ce2cb27
-			// ..b7b56eca
-			pub..065f5fff
+			// ..bb33c357
+			pub..93fd288e
-			// ..a4a59bde
-			pub..ad544c03
+			// ..ee5ff231
+			pub..e43cb8f8
-			// ..5deac689
-			pub..29a186ca
+			// ..4de422fe
+			pub..8280deb7
-			// ..683b9099
-			pub..30dbc28b
+			// ..fb43ba09
+			pub..6ae741e5
-			// ..65619fbf
-			pub..17967b31
+			// ..cbc784c4
+			pub..abe2b170
-			// ..573751d3
-			pub..d4098ee5
+			// ..32d086ae
+			pub..abcf1a44
-			// ..b4dbf2a8
-			pub..c017163a
+			// ..d2a0f79b
+			pub..be12d07b
-			// ..a3d892e6
-			pub..3c79a928
+			// ..77f3f92c
+			pub..388bf1ae
-			// ..cb7a5d52
-			pub..01060124
+			// ..fec6a02c
+			pub..f7561069
-			// ..65fe1fc5
-			pub..58eac6a8
+			// ..b5649b16
+			pub..88f0c4af
-			// ..f0140405
-			pub..85c8ba9c
+			// ..dfcb5896
+			pub..ab0818d1
-			// ..dddfab8f
-			pub..7fde25f7
+			// ..38f711bb
+			pub..fc57380d
-			// ..f696f95d
-			pub..13e1875c
+			// ..9e669718
+			pub..e4df3980
-			// ..3098ead3
-			pub..0f4a9b5a
+			// ..a22047b7
+			pub..d0762230
-			// ..638f080e
-			pub..07156fdd
+			// ..3f7aba42
+			pub..e1fbb33c
-			// ..9ba0263a
-			pub..03969473
+			// ..c0f221f0
+			pub..37d42a18
-			// ..5ca116eb
-			pub..a582c4b3
+			// ..8e1029a9
+			pub..0525b457
-			// ..5b7f73ec
-			pub..b745fcda
+			// ..759e8cfd
+			pub..c2ac94ee
-			// ..24b119b0
-			pub..9e10c591
+			// ..6efeb95c
+			pub..b5a13748
-			// ..91cf906a
-			pub..c3865d3a
+			// ..4522bfd5
+			pub..e2301209
-			// ..f4ac3daa
-			pub..39459557
+			// ..86935468
+			pub..13e96580
-			// ..a3e3ba9b
-			pub..53a4764b
+			// ..ad8e36e4
+			pub..68242877
-			// ..63fdd756
-			pub..cd512065
+			// ..a60048ae
+			pub..a68c26c6
-			// ..336d18a5
-			pub..21fa1afa
+			// ..c39f49ee
+			pub..06e17320
-			// ..c5acc3cf
-			pub..869a84da
+			// ..11427ffd
+			pub..2049310b
-			// ..75cf4789
-			pub..6be309fa
+			// ..213d18d3
+			pub..a6aff53d
-			// ..22b335cb
-			pub..ffce2efc
+			// ..9e30f437
+			pub..789b8c74
-			// ..ca557405
-			pub..16037b7a
+			// ..0d88ffb1
+			pub..18c75eda
-			// ..74f8cf60
-			pub..7aafffa4
+			// ..2f645b0d
+			pub..05209c94
-			// ..3d60c5d4
-			pub..d1186c46
+			// ..788375e1
+			pub..4c63096f
-			// ..6b42162c
-			pub..5cea5592
+			// ..b4b72ef3
+			pub..9a50802b
-			// ..9663ad2e
-			pub..b1d3f5fb
+			// ..e556e722
+			pub..23b8553b
-			// ..6bc75096
-			pub..10a41a08
+			// ..7980b89d
+			pub..5dff865f
-			// ..d2c8cc44
-			pub..79a482ea
+			// ..da1ae400
+			pub..81dc33e7
-			// ..79e57ff5
-			pub..1f399086
+			// ..d1b8389a
+			pub..dc78acdb
-			// ..75594b59
-			pub..d504bd1a
+			// ..5d0881c2
+			pub..7f16eca9
-			// ..a8bda0cf
-			pub..25e9abf3
+			// ..c4c71524
+			pub..b488979a
-			// ..b3a668e0
-			pub..51788876
+			// ..d492c2f4
+			pub..363da3fb
-			// ..6b4ec648
-			pub..1478a066
+			// ..3b8b0554
+			pub..fcbf1e4d
-			// ..ade79a78
-			pub..19c49878
+			// ..2963ca6c
+			pub..47ed1a96
-			// ..f4cec9b1
-			pub..d89a513f
+			// ..1b663af5
+			pub..95c882f2
-			// ..f28971de
-			pub..55bf7732
+			// ..c78bb559
+			pub..5f085fce
-			// ..c558cd7c
-			pub..5f0e2c57
+			// ..c39c38e1
+			pub..558ae71e
-			// ..be8f06e8
-			pub..e1f8935f
+			// ..a72b8bef
+			pub..21ffe24a
-			// ..42bb617a
-			pub..812000af
+			// ..fe61b4d3
+			pub..abcd4362
-			// ..56852da6
-			pub..e312dbfa
+			// ..09df3493
+			pub..0858bd88
-			// ..17b2e689
-			pub..138446f8
+			// ..fd7bb70d
+			pub..8c657d61
-			// ..1c3e0142
-			pub..f07208ff
+			// ..ac639605
+			pub..e1c7aac2
-			// ..36308a91
-			pub..453264f6
+			// ..df94ac84
+			pub..850d0ae1
-			// ..8f37c0bd
-			pub..c279b7f0
+			// ..c2532c0a
+			pub..39400423
-			// ..4e3b8711
-			pub..ff52430d
+			// ..c50b176b
+			pub..dc37ec1f
-			// ..a304e672
-			pub..6e143b85
+			// ..3ad135dd
+			pub..df5e9a4f
-			// ..338a3543
-			pub..f01ba1f1
+			// ..5fd3cadb
+			pub..57827882
-			// ..42c1629c
-			pub..891b9cba
+			// ..40746c50
+			pub..ce48650b
-			// ..59e8af59
-			pub..612139d1
+			// ..d0d5eab9
+			pub..6e6ac534
-			// ..261b3d07
-			pub..5b86468b
+			// ..26c39429
+			pub..a07d2407
-			// ..c2129f8e
-			pub..c1f8363a
+			// ..f0ffbc87
+			pub..2c127fad
-			// ..5fd18120
-			pub..aa99db9e
+			// ..2e7a31b8
+			pub..e912a337
-			// ..f4e21078
-			pub..4de04c43
+			// ..f0272b5e
+			pub..f593ff96
-			// ..f72e09b4
-			pub..b8e4f744
+			// ..e7f188b9
+			pub..55b87e1e
-			// ..ee360963
-			pub..d4c72054
+			// ..e481dc74
+			pub..ab339aad
-			// ..3ef32d84
-			pub..d4e506dc
+			// ..da15f1da
+			pub..732767a6
-			// ..c62c893c
-			pub..866d028a
+			// ..35d09f17
+			pub..1433b1f1
-			// ..ca2274df
-			pub..19bafa9c
+			// ..cd0131fd
+			pub..4a83ab86
-			// ..b96f8e12
-			pub..ea904eb1
+			// ..6ba9b8be
+			pub..39a0ee3b
-			// ..479fce52
-			pub..4472ab64
+			// ..72b3b24a
+			pub..0bec48fa
-			// ..987055f3
-			pub..182f51e4
+			// ..bb37c8a1
+			pub..ea365893
-			// ..9e268ea0
-			pub..2a2d33f1
+			// ..9bd74c8d
+			pub..453df98f
-			// ..ceffe499
-			pub..ee479629
+			// ..4d75e04e
+			pub..68487296
-			// ..49b25aed
-			pub..890d3fc8
+			// ..5ada2624
+			pub..355a8174
-			// ..f8c83877
-			pub..dd753a20
+			// ..53384b48
+			pub..9ae5a055
-			// ..3f1d9931
-			pub..063d5f90
+			// ..3964159e
+			pub..53c3aab8
-			// ..16671acf
-			pub..b132b217
+			// ..443da8c3
+			pub..69d7d183
-			// ..625a89d2
-			pub..b3593a9f
+			// ..60228ff8
+			pub..4553dbfc
-			// ..eadaeee9
-			pub..0f4e5024
+			// ..cb3584ed
+			pub..5c966a53
-			// ..92c55d97
-			pub..a159b367
+			// ..06d0b1f1
+			pub..6a7987be
-			// ..a4fd076c
-			pub..077813d6
+			// ..1591f7ee
+			pub..e78423fe
-			// ..bdcd298c
-			pub..ee12a6d9
+			// ..8f689007
+			pub..e1d84dbf
-			// ..168c0dfe
-			pub..9771df15
+			// ..235f6e11
+			pub..dd8c1edd
-			// ..1ebcb246
-			pub..949d160f
+			// ..d9f2cf7b
+			pub..b3e215a0
-			// ..06a3bd4e
-			pub..192dce05
+			// ..1a4a8c9a
+			pub..4171faf0
-			// ..b4f417a2
-			pub..600457f0
+			// ..7d41e0a3
+			pub..a0a221ff
-			// ..dc4818ed
-			pub..00995ed8
+			// ..367bbd2d
+			pub..e8a1b577
-			// ..3da64d65
-			pub..cde3ae62
+			// ..6c91c569
+			pub..87039845
-			// ..7bece734
-			pub..a64feb5c
+			// ..002916bd
+			pub..6b77e479
-			// ..25d4303a
-			pub..b4392050
+			// ..1eb9ba2b
+			pub..2a0454d8
-			// ..4dd90182
-			pub..d91253af
+			// ..26043532
+			pub..a7097a4c
-			// ..602c5419
-			pub..4ce21f36
+			// ..12df5072
+			pub..33395084
-			// ..9e9e0cb8
-			pub..f581d00a
+			// ..b446aec6
+			pub..980e915e
-			// ..748ac188
-			pub..338a4efc
+			// ..469668d6
+			pub..e01decdc
-			// ..3434b405
-			pub..793cf91e
+			// ..e3549a5d
+			pub..d894feaa
-			// ..d4caaca8
-			pub..b4edfc2f
+			// ..db84a48f
+			pub..83bc91c3
-			// ..d365c595
-			pub..737b93de
+			// ..5d52f6fe
+			pub..ea65c487
-			// ..d082a82b
-			pub..da8d52d3
+			// ..78dab07d
+			pub..fdfb315b
-			// ..f1de761e
-			pub..78fa5cea
+			// ..a36e81be
+			pub..7e42d78b
-			// ..5908d78d
-			pub..c99be059
+			// ..d3560823
+			pub..4ec90130
-			// ..c976ee25
-			pub..a6d38483
+			// ..5371b077
+			pub..30932329
-			// ..2fb04b6b
-			pub..4e700186
+			// ..28599b13
+			pub..1b62b7b2
-			// ..a347c344
-			pub..f127535d
+			// ..e9dfd83c
+			pub..8bc96d91
-			// ..43272e41
-			pub..d36fa3e3
+			// ..2820545a
+			pub..f7d5428f
-			// ..d31d3650
-			pub..8a993236
+			// ..1cff7f32
+			pub..3273b68f
-			// ..a01150b9
-			pub..f8e03862
+			// ..48fb36b7
+			pub..cb04d4ca
-			// ..51bcf48a
-			pub..f690c702
+			// ..a7c612b0
+			pub..7512c313
-			// ..58746175
-			pub..72d2fc18
+			// ..473366ce
+			pub..1e32428b
-			// ..3c4dbf50
-			pub..25716beb
+			// ..9209d0ce
+			pub..01663fa6
-			// ..920e7f50
-			pub..0c03ca5a
+			// ..d0f1a5ef
+			pub..9f98555e
-			// ..c6a1a8c4
-			pub..8b42b962
+			// ..32b87c8d
+			pub..c31c7047
-			// ..f2b20720
-			pub..6ef42d08
+			// ..a372164b
+			pub..9a075fa1
-			// ..6c618695
-			pub..3c0f51a8
+			// ..2047fc27
+			pub..f0e9706b
-			// ..065d3de2
-			pub..9b75dbad
+			// ..c26ae26f
+			pub..7c819b1e
-			// ..9f1c5e6f
-			pub..74748b3a
+			// ..7b35ab75
+			pub..96772abb
-			// ..653baff7
-			pub..9499e3f8
+			// ..73ee26e7
+			pub..703f30f0
-			// ..c2407039
-			pub..4430da37
+			// ..1d53c276
+			pub..53675200
-			// ..01ba088c
-			pub..4d21951b
+			// ..31823b6f
+			pub..d4b6b01b
-			// ..c1497202
-			pub..dc20686d
+			// ..0337ce7e
+			pub..d2e7d041
-			// ..2f7bf5e2
-			pub..3f86d0e3
+			// ..6397de3f
+			pub..99f314d0
-			// ..5295d39d
-			pub..1813f52a
+			// ..c153f585
+			pub..8310af91
-			// ..1a13e7cd
-			pub..db870a92
+			// ..079b5303
+			pub..0deebe94
-			// ..fc2927a0
-			pub..2a753a12
+			// ..512b02d9
+			pub..255931e4
-			// ..35c4a3e3
-			pub..e93a4bdb
+			// ..1dc5a9ed
+			pub..ccb64472
-			// ..796558ce
-			pub..6e68f207
+			// ..4543d158
+			pub..9af99bdc
-			// ..4356667f
-			pub..7705c91a
+			// ..79ce05a9
+			pub..8c4f5015
-			// ..b4e8a53c
-			pub..1737d257
+			// ..a8359bee
+			pub..256d2e21
-			// ..20453b91
-			pub..bec47909
+			// ..144fe4fb
+			pub..97be9869
-			// ..575aa864
-			pub..3382d3f7
+			// ..e02ed798
+			pub..52c0ac4d
-			// ..01efd32d
-			pub..3ce53531
+			// ..96dd6c5f
+			pub..cee5c123
-			// ..437366e6
-			pub..5b8e855b
+			// ..311febb6
+			pub..ee0dfd11
-			// ..3cbce0c2
-			pub..40f50c7c
+			// ..d50c6aab
+			pub..a2cace83
-			// ..0767782f
-			pub..02ac0b3d
+			// ..8741b613
+			pub..3071d4b9
-			// ..e62866ef
-			pub..fa7e61df
+			// ..56765145
+			pub..f4570dbf
-			// ..2ce64cc0
-			pub..07beea1d
+			// ..20ec64ba
+			pub..70c0c6b8
-			// ..c0473220
-			pub..5366e974
+			// ..910300b9
+			pub..e67fffca
-			// ..fec83fac
-			pub..16714948
+			// ..430c915f
+			pub..375a5e1d
-			// ..fffc440c
-			pub..51fcf97c
+			// ..87597f31
+			pub..8b91f258
-			// ..e305bc9c
-			pub..928160f2
+			// ..23f0bc45
+			pub..e0abba5c
-			// ..9e6cb518
-			pub..0970d5e4
+			// ..e0413487
+			pub..e1ad0907
-			// ..ede81b48
-			pub..ee3c8175
+			// ..8019a9cb
+			pub..775ef5c8
-			// ..0b41de45
-			pub..e7cf5177
+			// ..1c1b813c
+			pub..6306733a
-			// ..22b4bb4b
-			pub..b0460a12
+			// ..7adb2136
+			pub..f00b5c40
-			// ..4ba08bcd
-			pub..1f8829bf
+			// ..8c5cb2d5
+			pub..15b32f6c
-			// ..514661cc
-			pub..954d6eee
+			// ..ee6f9759
+			pub..2cc97a8f
-			// ..483be1b1
-			pub..21d725de
+			// ..7e61bac3
+			pub..f24d688e
-			// ..e240e904
-			pub..5c1ff8dc
+			// ..c4255fb7
+			pub..4f80d415
-			// ..a6dacb4b
-			pub..93d4a64a
+			// ..2725ceb0
+			pub..45f05b2e
-			// ..f4a4ac04
-			pub..21d25394
+			// ..9deb6c5a
+			pub..152a61e7
-			// ..a940f1f8
-			pub..74149931
+			// ..31d3d0fc
+			pub..d5a5c4e8
-			// ..860f0f10
-			pub..51bbf486
+			// ..ab47b826
+			pub..768dda23
-			// ..3a175d9b
-			pub..1f7a203d
+			// ..e4267d37
+			pub..43906a22
-			// ..dc7ce2e8
-			pub..8c12270a
+			// ..b1b5af7c
+			pub..aa2c763d
-			// ..51015e59
-			pub..7da72cd9
+			// ..a514f6de
+			pub..7c8cb37f
-			// ..795641c4
-			pub..bb4163ae
+			// ..0ada01b9
+			pub..3629de50
-			// ..332f7635
-			pub..dad664a1
+			// ..be131d68
+			pub..43505973
-			// ..124dfc45
-			pub..afda41e9
+			// ..0137ba5f
+			pub..17b826df
-			// ..8aa3c30d
-			pub..9696cf0d
+			// ..40cc62b6
+			pub..5a50f58d
-			// ..9c23780d
-			pub..93c913bb
+			// ..132d5cf9
+			pub..bd377bff
-			// ..fb460b93
-			pub..9d4d92e6
+			// ..a94d234a
+			pub..74717358
-			// ..0d17cb69
-			pub..fda44e7a
+			// ..b94b2465
+			pub..ec14d94b
-			// ..a2aeb6b5
-			pub..8f2d9743
+			// ..57b9e0ca
+			pub..c3b4adb6
-			// ..005b9bef
-			pub..a00facce
+			// ..5e2e190d
+			pub..224c3964
-			// ..fb54daf4
-			pub..7b4d2966
+			// ..4155b294
+			pub..ce1deb22
-			// ..388088b8
-			pub..3aaa6dd0
+			// ..0fb07896
+			pub..2950e301
-			// ..8c7e4452
-			pub..ce3b9f8f
+			// ..8a1398e4
+			pub..f034251c
-			// ..de520ef7
-			pub..38d8a6fb
+			// ..04327460
+			pub..b30576ba
-			// ..10633661
-			pub..3e1ce32b
+			// ..1d3e2ae8
+			pub..413034dd
-			// ..1ffe0f09
-			pub..8c02ea35
+			// ..325dd28a
+			pub..e555f939
-			// ..fbd518a8
-			pub..4ab1bd6b
+			// ..388d311d
+			pub..7630facd
-			// ..271161f8
-			pub..104ad161
+			// ..31e4faf2
+			pub..9731a2a3
-			// ..8fed4f52
-			pub..b2e06b36
+			// ..e798e08c
+			pub..ac3d3047
-			// ..4b544c36
-			pub..9dd598ba
+			// ..0c0d8137
+			pub..fff6b0fd
-			// ..4e4fa765
-			pub..f1b21020
+			// ..e56bc07a
+			pub..ee1fd474
-			// ..bfe1b457
-			pub..890a9aea
+			// ..362dc2da
+			pub..0d801524
-			// ..3a292f1c
-			pub..a88374d3
+			// ..0711a4e3
+			pub..c5d54d7a
-			// ..8be94edf
-			pub..546a48c8
+			// ..4ff664e9
+			pub..f3aa1c5c
-			// ..f2ba5f77
-			pub..dd5b2485
+			// ..1f468549
+			pub..b4dc4059
-			// ..42f24958
-			pub..8c6cc7a5
+			// ..aa7fd9ff
+			pub..dbeac763
-			// ..532940d3
-			pub..119a394e
+			// ..78c3484a
+			pub..e7a34f21
-			// ..b7080b35
-			pub..60cd27ea
+			// ..8aad9f0e
+			pub..7b4b1029
-			// ..c3138c0c
-			pub..22fbf644
+			// ..2bcd6683
+			pub..3c5755dc
-			// ..cf78325b
-			pub..922fe3b5
+			// ..1f315eea
+			pub..af005690
-			// ..d63d6900
-			pub..17e76c56
+			// ..00e78486
+			pub..4bf0deef
-			// ..c69a2bac
-			pub..59227ef6
+			// ..55537bff
+			pub..176c9312
-			// ..344ba327
-			pub..db4a4142
+			// ..2ee93beb
+			pub..2a988ab0
-			// ..2fbd7258
-			pub..eac5455f
+			// ..666d0a99
+			pub..cc93f884
-			// ..437d4a33
-			pub..a29cc64e
+			// ..f15ac108
+			pub..9b21cde3
-			// ..b7ff12c3
-			pub..b981f43c
+			// ..a37c69cd
+			pub..e43673ab
-			// ..ac15c80d
-			pub..6f34da3d
+			// ..a7d2aff4
+			pub..89137247
-			pub..89bfb852
+			pub..6826e5dd
-			pub..4474c6cf
+			pub..e55d4b67
-			pub..21c1e7cc
+			pub..9d0aa561
-			pub..97cf8d85
+			pub..7e5cca71
-			pub..bc3619ef
+			pub..ba0d352c
-			pub..35735ee4
+			pub..d9957c57
-			pub..62adafb7
+			pub..58f91822
-			pub..a883db48
+			pub..f13e6f60
-			pub..9fbb19f7
+			pub..0eefec28
-			pub..3a58e99b
+			pub..4681870b
-			pub..203f0a03
+			pub..83b52376
-			pub..0bc7302b
+			pub..a3ff8906
-			pub..41ea296a
+			pub..a4bcfba6
-			pub..8331916e
+			pub..5c2c8e84
-			pub..a4efb2ae
+			pub..dbbce5a1
-			pub..54a3c974
+			pub..7775732a
-			pub..ce1700bf
+			pub..255376cd
-			pub..95556d27
+			pub..61c10906
-			pub..17780f43
+			pub..bd5dc2b6
-			pub..008177af
+			pub..11c68855
-			pub..ba8989a4
+			pub..ccea7adc
-			pub..cf8e4c6b
+			pub..53b891e5
-			pub..6df5fc96
+			pub..52d9e15b
-			pub..fd1248bb
+			pub..46f33f2e
-			pub..f04873f8
+			pub..2144db08
-			pub..8aec3de8
+			pub..2beaddbf
-			pub..9ae2f652
+			pub..b94717ef
-			pub..d0086d3d
+			pub..7b602a9d
-			pub..49cf35fc
+			pub..eee37191
-			pub..fa7348c1
+			pub..911dc474
-			pub..3e473edb
+			pub..11541139
-			pub..2892dbfc
+			pub..c5caaf3e
-			pub..4b248c6d
+			pub..8e511d51
-			pub..85701a6f
+			pub..2c3d0181
-			pub..15ef3040
+			pub..a9140c86
-			pub..ffd26d42
+			pub..498c4801
-			pub..a87f1172
+			pub..2893f3fd
-			pub..889e3547
+			pub..21780c46
-			pub..61b893d8
+			pub..9ba87643
+..1417fbf9
+			// ..b8c12712
+			pub..e20c2ef1
-			// ..642a2f4f
-			pub..77bf9250
+			// ..f4c64856
+			pub..ba483fc2
-			// ..d0c290d3
-			pub..84b37c79
+			// ..92c7aae4
+			pub..172823f8
-			// ..f880bba6
-			pub..2a5a94f4
+			// ..97117d59
+			pub..c1df49c1
-			// ..1a1649f6
-			pub..d186ca1c
+			// ..2b37dbd5
+			pub..7a8fffe4
-			// ..619303c6
-			pub..bb86a027
+			// ..1c865bcb
+			pub..3adc3443
-			// ..dbb49cc7
-			pub..484d1539
+			// ..b6dc7d9f
+			pub..9a5bdd24
-			// ..783310d9
-			pub..56ddba27
+			// ..25011084
+			pub..deb19f3f
-			// ..bef19a70
-			pub..b400040f
+			// ..d311114e
+			pub..67ed4b62
-			// ..68e5d636
-			pub..87a01dd0
+			// ..442a122d
+			pub..2569440d
-			// ..57d5c397
-			pub..113c352e
+			// ..3a8fab32
+			pub..5903bc76
-			// ..7da36b2e
-			pub..d1093951
+			// ..0998cdb2
+			pub..99fe480b
-			// ..437259a9
-			pub..7cb92b4b
+			// ..9d38a243
+			pub..399154f0
-			// ..ff1b94e9
-			pub..fb5f2b5c
+			// ..bfdeea85
+			pub..9a8ca465
-			// ..7b402c2a
-			pub..f1728f77
+			// ..04f7c71e
+			pub..415cbba1
-			// ..58874270
-			pub..31ecde58
+			// ..be72937c
+			pub..0249af01
-			// ..c7dffd66
-			pub..d197919e
+			// ..653913b7
+			pub..773026e7
-			// ..8fb6a036
-			pub..1c85e52f
+			// ..f92cc043
+			pub..53726df9
-			// ..d6211b85
-			pub..e20d0444
+			// ..026c08b8
+			pub..d5e0ef91
-			// ..c48b5cc1
-			pub..d500ed2e
+			// ..64562d44
+			pub..b8db4304
-			// ..00d66287
-			pub..8ff31ff3
+			// ..27072ab6
+			pub..580cb467
-			// ..a6c982ec
-			pub..15d48f7b
+			// ..370e40af
+			pub..5db9b1be
-			// ..1620ed26
-			pub..fe918472
+			// ..c0ba61f7
+			pub..16122adf
-			// ..d0890d9a
-			pub..e491bec6
+			// ..e03ad643
+			pub..0e6ce7cc
-			// ..19aa2c3f
-			pub..f531c35a
+			// ..0b05a3a9
+			pub..ee9aa2c0
-			// ..58c554f7
-			pub..920e98b8
+			// ..dfda814a
+			pub..8c09dfb9
-			// ..32846862
-			pub..72d40a61
+			// ..282cc5d5
+			pub..9341a7f2
-			// ..255e1cb4
-			pub..ff7617b5
+			// ..6ca12484
+			pub..60bfb835
-			// ..2b5191e5
-			pub..bd1f4443
+			// ..4cb830a1
+			pub..d3dd2b57
-			// ..b6a28b82
-			pub..d8650fd4
+			// ..1668d841
+			pub..3fb8a98e
-			// ..eba11b81
-			pub..7857501d
+			// ..f86032d7
+			pub..8f6d9265
-			// ..7dca0c6f
-			pub..2f94c7c3
+			// ..d8d69cd2
+			pub..1d6b66e5
-			// ..0f37f921
-			pub..06ebc612
+			// ..3c7c988b
+			pub..49e54339
-			// ..852eb7c3
-			pub..130a8e6b
+			// ..40f240a7
+			pub..5602872f
-			// ..6da9f1ae
-			pub..b533966a
+			// ..8f095acc
+			pub..9f6f7edb
-			// ..acb3b995
-			pub..1bb50b3b
+			// ..e8937e9e
+			pub..81204552
-			// ..b65dee35
-			pub..88b1f29a
+			// ..e3bd0fad
+			pub..9d123a91
-			// ..e3ad5e78
-			pub..406437d9
+			// ..57e01c24
+			pub..0e206242
-			// ..dfd1a681
-			pub..01f48f29
+			// ..2011be1d
+			pub..c92337a5
-			// ..cd3aa330
-			pub..bc04eb7e
+			// ..ae4bd792
+			pub..1a850d66
-			// ..f173c118
-			pub..5c87da00
+			// ..c45596c8
+			pub..1325d2c3
-			// ..7e2fa796
-			pub..20cfae45
+			// ..ebc51287
+			pub..4039eb74
-			// ..723dae2d
-			pub..e6498676
+			// ..ecd66363
+			pub..e613b711
-			// ..7f28f9a3
-			pub..ad39105a
+			// ..d5e398e2
+			pub..abea3922
-			// ..8aa6d92d
-			pub..7d927f2d
+			// ..a968549f
+			pub..7c66067a
-			// ..324619ee
-			pub..89447588
+			// ..9b045b6e
+			pub..82376824
-			// ..c60adc12
-			pub..770bebe1
+			// ..22a48b97
+			pub..b5c17095
-			// ..ed1707c1
-			pub..39f99a7d
+			// ..60ad7ab2
+			pub..f639467b
-			// ..fc29e056
-			pub..bc5ab330
+			// ..e82aeb7e
+			pub..76000b8b
-			// ..2966fb49
-			pub..1d1b7d7f
+			// ..a335e32e
+			pub..9b809bdb
-			// ..11f91c08
-			pub..d5123680
+			// ..c4b66ba6
+			pub..fa327977
-			// ..b465f7a7
-			pub..ad46fa16
+			// ..420e91f2
+			pub..c2533909
-			// ..400c20c7
-			pub..74efca91
+			// ..434608cb
+			pub..19e5bcae
-			// ..ff564d57
-			pub..4066cb09
+			// ..011ec5a9
+			pub..b10c52e5
-			// ..2cf39c1b
-			pub..7a3c9778
+			// ..29a3fecb
+			pub..2a0728b5
-			// ..c2f363c9
-			pub..fcd2ecfa
+			// ..f0db25d7
+			pub..fb06da28
-			// ..dedee22c
-			pub..67a8c3df
+			// ..37859f28
+			pub..85527058
-			// ..a55d6516
-			pub..751be1dd
+			// ..cd4cea9a
+			pub..b26f47ac
-			// ..6a9100e1
-			pub..ea8bf99d
+			// ..fbc5d366
+			pub..57baa507
-			// ..17fb6619
-			pub..1f67260f
+			// ..45b8e5d0
+			pub..39daae98
-			// ..a0964d5a
-			pub..0eee9492
+			// ..f9be971a
+			pub..3739b174
-			// ..18cc0636
-			pub..f9ac7ac5
+			// ..4376917e
+			pub..6d2021e2
-			// ..8e678f89
-			pub..5b44fa7e
+			// ..c575c1d3
+			pub..754ed273
-			// ..79df14cd
-			pub..a82563b6
+			// ..4ff0b6a8
+			pub..74da452a
-			// ..88ed6b26
-			pub..1637aefd
+			// ..46780cbc
+			pub..1f8557a9
-			// ..63ec1342
-			pub..597cf02e
+			// ..2778c3f7
+			pub..d618b55d
-			// ..4a84b960
-			pub..4ff254c3
+			// ..47bcc1b0
+			pub..ab89b01e
-			// ..09caf350
-			pub..9d4ef7d4
+			// ..b02d11ce
+			pub..687352ff
-			// ..fd7e143b
-			pub..164c66d0
+			// ..e34b14db
+			pub..1f03dd99
-			// ..7427d9e8
-			pub..21a3c092
+			// ..1b8d7b3a
+			pub..d9cc55fd
-			// ..1b93208d
-			pub..de877fe1
+			// ..22669ef0
+			pub..46aef829
-			// ..23d9f5f0
-			pub..bc5cb864
+			// ..2dca8b1d
+			pub..78e8c9e7
-			// ..9a1a4ecc
-			pub..cc68eef0
+			// ..6023686b
+			pub..f2bfcf8a
-			// ..d7388dc1
-			pub..c0f84ea9
+			// ..43a5cb79
+			pub..3c6e4e5e
-			// ..99b9b89d
-			pub..e399d492
+			// ..3f319f02
+			pub..a7b267e5
-			// ..e76a2628
-			pub..231d532c
+			// ..53fbef61
+			pub..4a384bf2
-			// ..cc0a0d25
-			pub..4141ea1f
+			// ..eeb6e9fd
+			pub..cf555594
-			// ..19946390
-			pub..b5447c38
+			// ..c4bbdd9a
+			pub..14013f88
-			// ..c0a2bd4d
-			pub..a0a93086
+			// ..d2115eba
+			pub..ef7c412d
-			// ..1abe7713
-			pub..e23401fb
+			// ..ca154f15
+			pub..eda665fd
-			// ..450f9940
-			pub..de4bbfa3
+			// ..7ecff2cd
+			pub..b873a2ac
-			// ..f7507b30
-			pub..0285be4f
+			// ..75f19bc5
+			pub..9c9ecde6
-			// ..e5ce9df8
-			pub..5b259407
+			// ..42bb69c4
+			pub..c089e1c0
-			// ..fbcfcbdd
-			pub..d4cf4835
+			// ..1bb4a1cb
+			pub..12dc99a9
-			// ..21f15372
-			pub..30d1a467
+			// ..340fa8a9
+			pub..1a7fcfcf
-			// ..4353f337
-			pub..d7bccd4f
+			// ..dfbaca9b
+			pub..3b67357e
-			// ..2274d104
-			pub..e6d9a889
+			// ..2bd78ef1
+			pub..1ab93468
-			// ..6b787d3f
-			pub..105747fb
+			// ..e0473abc
+			pub..14c96ec2
-			// ..f3ed32b7
-			pub..69e6e432
+			// ..98eea16c
+			pub..e927472e
-			// ..f7eba669
-			pub..794a9f56
+			// ..b2a970e5
+			pub..451d062c
-			// ..aad330c5
-			pub..e5da5992
+			// ..7b429291
+			pub..e586e9fc
-			// ..869ba1ff
-			pub..5514b87f
+			// ..7848dfc3
+			pub..3cba2a64
-			// ..23405c05
-			pub..baab43da
+			// ..69f26adc
+			pub..28679489
-			// ..c0ba002b
-			pub..a8ac5116
+			// ..1101699a
+			pub..a537473c
-			// ..cdb084f9
-			pub..98aaebf2
+			// ..f5365b8f
+			pub..32efa4d6
-			// ..e0c350b0
-			pub..31e1ac8b
+			// ..b4ac9ca3
+			pub..c1b87ac9
-			// ..1a1a9ac4
-			pub..9320cba3
+			// ..82f1aae5
+			pub..4c28a609
-			// ..367570aa
-			pub..1a8bd193
+			// ..1d615eb2
+			pub..8e8303b5
-			// ..c897b0ce
-			pub..80b176df
+			// ..45f8e4b0
+			pub..d28701b4
-			// ..ca005e54
-			pub..429adda6
+			// ..7b21fbf5
+			pub..b8589eeb
-			// ..ca63199f
-			pub..7d04d275
+			// ..c7bb279c
+			pub..43a11a53
-			// ..89d103d3
-			pub..faa6c6f3
+			// ..108a2525
+			pub..bfc9fa96
-			// ..64ff4332
-			pub..1b31640a
+			// ..5b3ad83d
+			pub..520f0643
-			// ..d9da37cf
-			pub..0d6bde18
+			// ..a8cafb41
+			pub..65fd9d53
-			// ..eb53496e
-			pub..709f0f21
+			// ..a9e20fd2
+			pub..b57dabfc
-			// ..ccee2219
-			pub..b13b1172
+			// ..7af3814b
+			pub..773ae9d9
-			// ..a4953fda
-			pub..8ef8dc9a
+			// ..ef12175d
+			pub..2fbeae1c
-			// ..a2d4e927
-			pub..6b34aa2a
+			// ..f501f027
+			pub..41bd59be
-			// ..aca57ac0
-			pub..5c906c14
+			// ..ed86a2c4
+			pub..3a4b1b6c
-			// ..3e9c0b89
-			pub..61e14f92
+			// ..a02cde2a
+			pub..345f681e
-			// ..d6682790
-			pub..ca838236
+			// ..030d4ad6
+			pub..06ddac1b
-			// ..40a54a00
-			pub..53d90d92
+			// ..da52a05c
+			pub..5ed9eeca
-			// ..62fd8b8a
-			pub..845148ca
+			// ..d8082e13
+			pub..733d4dff
-			// ..654a7cd9
-			pub..0c351353
+			// ..4e5af473
+			pub..34c064e9
-			// ..3ecfe564
-			pub..6bbca44a
+			// ..fcf3fcac
+			pub..3369e409
-			// ..663557aa
-			pub..16be64d7
+			// ..74f0b9b4
+			pub..99a4a9b3
-			// ..da498518
-			pub..82f458f3
+			// ..d8931ef2
+			pub..0b8df2c8
-			// ..d20a9a8a
-			pub..b97b6968
+			// ..3c65050d
+			pub..9d1c69fe
-			// ..61d5683e
-			pub..602980a5
+			// ..a827e84d
+			pub..b33e7af8
-			// ..92043704
-			pub..c1a827c9
+			// ..00c930d3
+			pub..c4b97369
-			// ..2839415d
-			pub..8eed4b41
+			// ..a85c38a9
+			pub..5eee7b94
-			// ..310fff40
-			pub..ef1591e6
+			// ..f8597b71
+			pub..80315204
-			// ..8aad6b9b
-			pub..a68e09f8
+			// ..77ac8c58
+			pub..ef664b6b
-			// ..d29a323d
-			pub..6a16c848
+			// ..88bea19c
+			pub..b9cfefda
-			// ..919f19a9
-			pub..b24bf9d5
+			// ..181edf55
+			pub..8dd3b445
-			// ..df179cb8
-			pub..15e4ddc7
+			// ..dd81b711
+			pub..23b8ebd7
-			// ..629d085e
-			pub..bd596822
+			// ..eff29937
+			pub..87bf16cc
-			// ..9341e484
-			pub..fab991ce
+			// ..d40890c1
+			pub..780a1353
-			// ..34741358
-			pub..cdeee690
+			// ..373adb18
+			pub..41c9ace4
-			// ..75c8b85d
-			pub..51ddec84
+			// ..4547d06b
+			pub..0c61cbc7
-			// ..7fe569a0
-			pub..8b209552
+			// ..b9de0e81
+			pub..340c3f37
-			// ..bcb57c1f
-			pub..390a0aed
+			// ..25b1a550
+			pub..6913cd09
-			// ..f4f49ebd
-			pub..b6c51244
+			// ..d8f7a550
+			pub..3cf4c4a2
-			// ..70d370f6
-			pub..743a4f98
+			// ..beda488d
+			pub..3b227bb0
-			// ..1a8a58ac
-			pub..13d493dc
+			// ..ae1ad130
+			pub..dd3aa732
-			// ..dc3cc03d
-			pub..08318b2b
+			// ..27ec9f59
+			pub..dd3a51aa
-			// ..7737c5ef
-			pub..6d6bc67b
+			// ..3dffde5e
+			pub..c8a96148
-			// ..254fdec5
-			pub..b5038f1d
+			// ..a18300e8
+			pub..54dfb3b4
-			// ..2cff8f7d
-			pub..ca1a2250
+			// ..9bc7940c
+			pub..ba40055c
-			// ..c41f00a9
-			pub..3d721bf7
+			// ..77d55ab0
+			pub..34bfeb30
-			// ..1d809812
-			pub..8f78b5df
+			// ..a94c257e
+			pub..aa2cd383
-			// ..99acfd7e
-			pub..62e9f918
+			// ..362a9a19
+			pub..54db55c4
-			// ..78238703
-			pub..0b015d6b
+			// ..6e1d36d0
+			pub..ff3b73b9
-			// ..639e10e4
-			pub..5f4e1b9c
+			// ..2bd2eb6f
+			pub..af2fe9db
-			// ..1afdbad6
-			pub..e4352fc8
+			// ..2b54a813
+			pub..54211930
-			// ..5e29ae98
-			pub..547c1e80
+			// ..6a3fe7bd
+			pub..f82feb28
-			// ..d75f3cd8
-			pub..8bf77c23
+			// ..4be792c0
+			pub..a22a993d
-			// ..eb9644a3
-			pub..924f247b
+			// ..cf585f0d
+			pub..cc304a46
-			// ..eb6c92e9
-			pub..09655e08
+			// ..fc2eb07e
+			pub..0280a9db
-			// ..0fc049eb
-			pub..4576d489
+			// ..07812474
+			pub..ae81a2c1
-			// ..ba9568d8
-			pub..0dd0af2a
+			// ..390f4201
+			pub..0cc0ddc6
-			// ..733b68c2
-			pub..18427d01
+			// ..625147ca
+			pub..e233e3d4
-			// ..d6ff1776
-			pub..f90dcdf3
+			// ..c6a8c4de
+			pub..c9535332
-			// ..c84cc166
-			pub..bb29d886
+			// ..0298516d
+			pub..32b96a5f
-			// ..559ec681
-			pub..92004488
+			// ..92a76d8f
+			pub..1094fc90
-			// ..967f4137
-			pub..3f3aac41
+			// ..0d9808bd
+			pub..2f0a1d8e
-			// ..b2f8bd3f
-			pub..9317827a
+			// ..63f7b92f
+			pub..55100401
-			// ..d80ef251
-			pub..a06b689f
+			// ..f00f0520
+			pub..db39828f
-			// ..6883adce
-			pub..eb68ec25
+			// ..548f2e6a
+			pub..ddb885d1
-			// ..6f93ddcd
-			pub..726a7555
+			// ..82432bf8
+			pub..a26a5e9d
-			// ..c702436a
-			pub..f2295846
+			// ..54aafec4
+			pub..c3106671
-			// ..cdc4303c
-			pub..5a0d7729
+			// ..e96da851
+			pub..1dcda70e
-			// ..f99b8827
-			pub..ee362cda
+			// ..d57ada90
+			pub..e774b2fd
-			// ..89c07076
-			pub..d6e55dcf
+			// ..a3289ab8
+			pub..b86df34a
-			// ..e86f950a
-			pub..b10cbc03
+			// ..f9c86774
+			pub..0ea98f04
-			// ..f0005668
-			pub..da17ef59
+			// ..c72636ff
+			pub..607f75fb
-			// ..6a020042
-			pub..8df70384
+			// ..07c17773
+			pub..bc21c9ef
-			// ..71be0ff4
-			pub..91ef8cf4
+			// ..fdbf9044
+			pub..0b25a3f0
-			// ..7024c325
-			pub..9049b943
+			// ..43581006
+			pub..ec2137b3
-			// ..39d0f820
-			pub..dd3d509c
+			// ..2c1c11be
+			pub..e2e00783
-			// ..f46315ba
-			pub..e8f7336f
+			// ..2971a8dd
+			pub..46f3eb4f
-			// ..3578f1f4
-			pub..723f296f
+			// ..4177984a
+			pub..91369096
-			// ..717309a1
-			pub..41eef20e
+			// ..a78a19db
+			pub..2d5d4320
-			// ..06e2bf5b
-			pub..98761ca4
+			// ..299bb7ff
+			pub..928d03f5
-			// ..ab0084b9
-			pub..3e74aa8d
+			// ..e44cf14b
+			pub..bbe5792c
-			// ..42a9b1bc
-			pub..ecf0b204
+			// ..4b2edb74
+			pub..9e4ad261
-			// ..06ca7568
-			pub..1b85497f
+			// ..43867119
+			pub..a0430bf5
-			// ..d9e44a85
-			pub..c7b3e886
+			// ..75e1ff8e
+			pub..84570a6f
-			// ..f84893b8
-			pub..710538ec
+			// ..cad0e811
+			pub..ae708fd3
-			// ..a5095d66
-			pub..9e720382
+			// ..47bda3fb
+			pub..2ebdf030
-			// ..7f03d1c3
-			pub..8b2fb641
+			// ..48f51db5
+			pub..6213bac2
-			// ..2594a35b
-			pub..02320ba3
+			// ..11339ec8
+			pub..4e32dd9d
-			// ..2ac67b03
-			pub..634b9f6f
+			// ..6eb535b7
+			pub..2e3cf435
-			// ..15034860
-			pub..475e12ab
+			// ..868533dc
+			pub..f3437678
-			// ..03f66d33
-			pub..eebd7ae1
+			// ..c8ff3bf8
+			pub..e20ea61a
-			// ..34d3ec77
-			pub..3b0fdcf8
+			// ..cf8c0db3
+			pub..3280db8a
-			// ..e0070c7b
-			pub..d2af5abf
+			// ..9060dfad
+			pub..b1bdcc5d
-			// ..78a2ac3b
-			pub..8c083707
+			// ..c224fcf2
+			pub..0573da76
-			// ..bda1bff6
-			pub..9cf1dca1
+			// ..21bb0b14
+			pub..6f0c4dbe
-			// ..c4f0d319
-			pub..12d4c5b9
+			// ..a6ef27ef
+			pub..07601fbf
-			// ..678bf718
-			pub..f6d47b94
+			// ..38366716
+			pub..9b05fc74
-			// ..6a9a25ce
-			pub..da829699
+			// ..6466182f
+			pub..0fef0333
-			// ..1a83b0cf
-			pub..8c41abd5
+			// ..c1f97b50
+			pub..939dd3c5
-			// ..6f6d50c9
-			pub..633a5b16
+			// ..7ae8d7df
+			pub..a001256a
-			// ..8f8c471f
-			pub..39a4fe60
+			// ..5358247e
+			pub..76b1e95f
-			// ..c06adb95
-			pub..a8295429
+			// ..b1cee2bd
+			pub..0f402fae
-			// ..ca43feb2
-			pub..cfa9cede
+			// ..2715339c
+			pub..91c6b3a1
-			// ..1a7b4fcf
-			pub..49bc7085
+			// ..8589b7dc
+			pub..22d23c9d
-			// ..0ecc0a04
-			pub..340bdf84
+			// ..e2e0214e
+			pub..39166e7f
-			// ..3dd39811
-			pub..227c9085
+			// ..695ffadf
+			pub..edc51cb3
-			// ..b91c47de
-			pub..ada1db9e
+			// ..82870334
+			pub..d130bf5a
-			// ..9e006af2
-			pub..83aa0bba
+			// ..3739aef0
+			pub..8b64d8bd
-			// ..78ff0cd2
-			pub..80e33dc1
+			// ..76c4e0ba
+			pub..f6ba344c
-			// ..b2e250f9
-			pub..f1021d9c
+			// ..5d00572a
+			pub..87e23d9b
-			// ..bf65ac4e
-			pub..57cc5ce8
+			// ..68e220a6
+			pub..9f6df322
-			// ..3fb0fb06
-			pub..fa07b489
+			// ..b22e2a50
+			pub..52e598ae
-			// ..60818a63
-			pub..d744943c
+			// ..4788830b
+			pub..ffcfc40a
-			// ..c1a9896e
-			pub..9e4f3c7d
+			// ..f186ba80
+			pub..64810ca8
-			// ..2a6a0cf7
-			pub..f8ebe770
+			// ..85c5dbd1
+			pub..03e2a4d4
-			// ..4933d5d6
-			pub..48fb9af6
+			// ..c2a463db
+			pub..da91b689
-			// ..1b601ece
-			pub..1a1a8818
+			// ..2f0ccd39
+			pub..4889b7bb
-			// ..e274aed5
-			pub..e1194dd2
+			// ..1de5500c
+			pub..d626912d
-			// ..6024c467
-			pub..2be43bcb
+			// ..859f74f2
+			pub..d87a52a4
-			// ..0f52e833
-			pub..2e9c802d
+			// ..0b2a8b21
+			pub..bafaa81f
-			// ..41705199
-			pub..9620234e
+			// ..45aed8aa
+			pub..53b5222e
-			// ..0e218744
-			pub..00bf7a71
+			// ..67e97dda
+			pub..bb3acb00
-			// ..2466784b
-			pub..8a9f42e4
+			// ..6ddadfb6
+			pub..15a40c25
-			// ..917cb453
-			pub..87e1666f
+			// ..409ac3f4
+			pub..96e3e89c
-			// ..d6c4887e
-			pub..55b5a6b9
+			// ..dbde0d06
+			pub..380ef2d7
-			// ..60973da0
-			pub..97699a63
+			// ..401dba6f
+			pub..9b1bab23
-			// ..4e6e9b71
-			pub..950d76aa
+			// ..f12a3257
+			pub..7855b610
-			// ..fdf8f7c7
-			pub..8188fc28
+			// ..5bd97902
+			pub..f94f4b87
-			// ..1a30676d
-			pub..645bbb3e
+			// ..4c7902dd
+			pub..fdb736e2
-			// ..08b34950
-			pub..ecd6f517
+			// ..e9a29b56
+			pub..7ca1dc7c
-			// ..3367215c
-			pub..3342045c
+			// ..1bfdeeea
+			pub..e9f26499
-			// ..4c3e208b
-			pub..1bfd05ee
+			// ..6b39ccd3
+			pub..e1c1bb2d
-			// ..269555dc
-			pub..5eab9426
+			// ..7f5470b3
+			pub..c922076e
-			// ..efbf9ff4
-			pub..b780b756
+			// ..9a5c8dac
+			pub..5b952f71
-			// ..55a8e503
-			pub..1e789fc9
+			// ..41878c08
+			pub..000ca3c6
-			// ..27f35249
-			pub..62c04bb3
+			// ..e31cda46
+			pub..af5fc72a
-			// ..036ca46f
-			pub..57f5b260
+			// ..c835a731
+			pub..28c01e3f
-			// ..e90f24cd
-			pub..4116dcb9
+			// ..38315091
+			pub..2bd11fab
-			// ..e70c8cb2
-			pub..272da6dc
+			// ..d3096612
+			pub..9180acac
-			// ..fbc5cc89
-			pub..0ddfc32e
+			// ..4df84747
+			pub..a2c4495c
-			// ..d965459a
-			pub..908762fb
+			// ..ff2e2562
+			pub..7dcdf1ca
-			// ..a8c806d1
-			pub..d860209c
+			// ..b964d422
+			pub..3fe11564
-			// ..2322269a
-			pub..781b086d
+			// ..866cc57b
+			pub..1a79ad17
-			// ..8824a4fe
-			pub..c50fc78e
+			// ..8d5a4688
+			pub..33062ac8
-			// ..4b7d3a53
-			pub..d32f8ef3
+			// ..242feb43
+			pub..9905c773
-			// ..f625d042
-			pub..9d3bacb1
+			// ..71765db6
+			pub..e82dcb5f
-			// ..a1a62610
-			pub..813f6ddf
+			// ..f97df5c5
+			pub..c327148c
-			// ..bb055fbf
-			pub..7d764a25
+			// ..13682c31
+			pub..2a125694
-			// ..4c63cb8b
-			pub..a7b8c951
+			// ..e6f4806e
+			pub..31dd1649
-			// ..170a81df
-			pub..4c77366c
+			// ..0852465f
+			pub..20d677e9
-			// ..44b6b952
-			pub..c6eddbe5
+			// ..5e8da5c3
+			pub..821f85e2
-			// ..c29fff3b
-			pub..1459f68d
+			// ..234effc4
+			pub..56b0cb6c
-			// ..c4db462b
-			pub..de34218b
+			// ..6ab38593
+			pub..05f496ee
-			// ..5387cb59
-			pub..6c0a3817
+			// ..180074b0
+			pub..9269dbe2
-			// ..9786b43a
-			pub..afc15bdb
+			// ..d5021b69
+			pub..b8346924
-			// ..1cbe8fdc
-			pub..b62241a3
+			// ..30c71b26
+			pub..6f474d4e
-			// ..42319093
-			pub..d7bd2f3d
+			// ..e816d68d
+			pub..3b1358cc
-			// ..3079941f
-			pub..9ac5e79f
+			// ..3585787b
+			pub..7a7a7df6
-			// ..61d9b921
-			pub..c81af675
+			// ..77be2582
+			pub..953f161e
-			// ..1de695fa
-			pub..81aa59f0
+			// ..32e44542
+			pub..cdb777f8
-			// ..91e52a6b
-			pub..2cf2d4db
+			// ..4ec65978
+			pub..d1774731
-			// ..92aa0fb3
-			pub..0802d50e
+			// ..bfef5437
+			pub..44ab64ec
-			// ..ba1e09f2
-			pub..3be8fca8
+			// ..db53245c
+			pub..5472cfdd
-			// ..481e3e2b
-			pub..cf81859e
+			// ..5eba955c
+			pub..ecbb1a76
-			// ..d9df4903
-			pub..394bfd11
+			// ..3ee8ba22
+			pub..cdeb49a2
-			// ..251e457b
-			pub..0638deff
+			// ..280c247d
+			pub..6320ef87
-			// ..63bd6ddf
-			pub..b2ad7a82
+			// ..b93c0bad
+			pub..c87f08de
-			// ..100e2de9
-			pub..f98179b1
+			// ..c2ced063
+			pub..c25fa409
-			// ..d2807ec2
-			pub..5d19f785
+			// ..542a2f7f
+			pub..66b78a56
-			// ..f6b6128a
-			pub..1a3eb295
+			// ..46ac2514
+			pub..0f32fa17
-			// ..d86b12cf
-			pub..ca0b2318
+			// ..7da7a2fa
+			pub..a66c5801
-			// ..fa9fc261
-			pub..d7112b63
+			// ..fa3279d9
+			pub..a9538368
-			// ..6d3f8750
-			pub..6837bdac
+			// ..63a191e8
+			pub..33ce9ca8
-			// ..5b0fd719
-			pub..6a35509d
+			// ..7cadf8d7
+			pub..b7d616d2
-			// ..78f9bfa2
-			pub..c88603e4
+			// ..bce63b18
+			pub..4779e7e8
-			// ..0cc79f78
-			pub..fc20b768
+			// ..ea2a9886
+			pub..b32d8313
-			// ..484d61b7
-			pub..ee5681ff
+			// ..f5bc686a
+			pub..421b76ef
-			// ..5cfbe9e6
-			pub..d9d7535d
+			// ..e34a88a4
+			pub..65204e19
-			// ..807a09dc
-			pub..3c8cd06b
+			// ..dfc3af42
+			pub..3d245453
-			// ..05b138b5
-			pub..bb883793
+			// ..c64804f5
+			pub..7533090c
-			// ..4f8ecf5b
-			pub..8061f701
+			// ..02deaaaa
+			pub..2616a2de
-			// ..bc8f64d8
-			pub..c8ff0cdc
+			// ..b0343832
+			pub..f0413405
-			// ..3ad8b252
-			pub..68c2189c
+			// ..77dacaed
+			pub..fec31e3d
-			// ..6a0e2330
-			pub..69643645
+			// ..a4d43ed0
+			pub..c6d8c731
-			// ..90366912
-			pub..f20fedbf
+			// ..dacbf424
+			pub..b701c87a
-			// ..889a4c5f
-			pub..5e2bc9a0
+			// ..00dc923f
+			pub..df9dbb46
-			// ..267bc50e
-			pub..58c9e29a
+			// ..c8c24e7d
+			pub..3eb61d8e
-			// ..b70fc6d4
-			pub..ecc4fad4
+			// ..5e9634b3
+			pub..58229b16
-			// ..758b1b7c
-			pub..7c905a53
+			// ..45169d84
+			pub..26099d85
-			// ..17e5ef80
-			pub..06a2fb13
+			// ..93325e78
+			pub..56ab96e9
-			// ..c7cdb71a
-			pub..36727774
+			// ..f5a46197
+			pub..958568a6
-			// ..256352fb
-			pub..eb2ee82e
+			// ..c7666d6e
+			pub..b1f5c322
-			// ..167a7f18
-			pub..3e21ad62
+			// ..da6087e0
+			pub..8cfe0d68
-			// ..16d6e321
-			pub..468d7014
+			// ..26a871f4
+			pub..c9253350
-			// ..e3c4b253
-			pub..dbd730a3
+			// ..f421d01b
+			pub..52cb5ac4
-			// ..61aa2596
-			pub..d4da99fc
+			// ..0fa2ea63
+			pub..2f3cf7aa
-			// ..27e522ee
-			pub..8d870509
+			// ..03c6afa7
+			pub..cc05d996
-			// ..d140cd90
-			pub..adb06274
+			// ..15a2d1b4
+			pub..02afecf1
-			// ..3583fd59
-			pub..4b6e0762
+			// ..fc698157
+			pub..a0c0c36e
-			// ..dde34756
-			pub..87cf9f76
+			// ..efc32b4b
+			pub..acd9ba36
-			// ..4cfa2805
-			pub..0f4b66eb
+			// ..1d5980b8
+			pub..380f3781
-			// ..fb4b248f
-			pub..cc0ad036
+			// ..b84986bb
+			pub..9a2b3627
-			// ..bd32a951
-			pub..f9696d21
+			// ..d063cf68
+			pub..aa22f878
-			// ..bdb6ac18
-			pub..d6bf0b55
+			// ..f4231a18
+			pub..413a84c6
-			// ..b592f6d8
-			pub..5da6dd65
+			// ..91de4a61
+			pub..4f5e72f5
-			// ..aeffcadc
-			pub..58d35968
+			// ..07c70d46
+			pub..95f13e7c
-			// ..802f9d9f
-			pub..bd34b8a5
+			// ..721185ed
+			pub..b732d208
-			// ..479bda8f
-			pub..ac731b7f
+			// ..96b82a67
+			pub..dc19f4e5
-			// ..d5ffd90c
-			pub..cf3b1981
+			// ..2986428d
+			pub..7f75e388
-			// ..078ab108
-			pub..132b7bd1
+			// ..d49e7101
+			pub..49564cde
-			// ..607376b3
-			pub..acc24e21
+			// ..035d71c0
+			pub..6083f991
-			// ..dde6bbf9
-			pub..a5d60391
+			// ..37429491
+			pub..dc7d5ce4
-			// ..2aab9a93
-			pub..939c1882
+			// ..08c9cbd9
+			pub..d1ca2fda
-			// ..e7413bd9
-			pub..de87fde9
+			// ..1fa06562
+			pub..5cfe4e39
-			// ..30ca4299
-			pub..7ed24941
+			// ..e22f1c97
+			pub..93958ac9
-			// ..8256b97e
-			pub..18a1f92d
+			// ..6b03d0d9
+			pub..8e8e7efd
-			// ..44f540c0
-			pub..c6b708c8
+			// ..cb62451e
+			pub..4e3e255b
-			// ..5446b90b
-			pub..c49353a3
+			// ..aa8553a8
+			pub..eba8c9ed
-			// ..7d934171
-			pub..06f47600
+			// ..b0e0594c
+			pub..0549b523
-			// ..88ed8368
-			pub..d20edf76
+			// ..d2e29b18
+			pub..30b487a9
-			// ..c5e07845
-			pub..89a6e55b
+			// ..eefa1927
+			pub..8601a324
-			// ..f8a2dc44
-			pub..ffa53c72
+			// ..8f08815a
+			pub..272211d8
-			// ..2b222f3c
-			pub..18fd4745
+			// ..f398c5a0
+			pub..d459b79e
-			// ..d656eb2e
-			pub..ac06fbc8
+			// ..a8776c1e
+			pub..10c3e2e2
-			// ..2c66d9e4
-			pub..c3af87b6
+			// ..438191a3
+			pub..dab5e171
-			// ..80dab6fe
-			pub..0cd566e1
+			// ..3b7ed8b3
+			pub..79697ba4
-			// ..2ae83153
-			pub..265e842b
+			// ..f2fb5b01
+			pub..16840a2d
-			// ..8cc99c31
-			pub..09aefdc9
+			// ..462431f3
+			pub..f02dfffd
-			// ..05e88823
-			pub..dfb53526
+			// ..13267802
+			pub..955df110
-			// ..1f2ae987
-			pub..3655314c
+			// ..505c7a48
+			pub..c152e791
-			// ..1608a30c
-			pub..23f4834a
+			// ..cda35621
+			pub..bfecba04
-			// ..cc20663b
-			pub..64818293
+			// ..b7507b12
+			pub..424979f1
-			// ..00b89727
-			pub..bfc3643d
+			// ..abcc45d5
+			pub..ab90f43e
-			// ..6766f1bf
-			pub..42b06b2e
+			// ..30ea51a9
+			pub..2964c100
-			// ..2e6e7108
-			pub..f890a605
+			// ..62033ae0
+			pub..fb112894
-			// ..4229441f
-			pub..0e3cee48
+			// ..df0494e9
+			pub..71f48dd1
-			// ..fa8a510a
-			pub..6232c05d
+			// ..aa1e996e
+			pub..c2a3a30b
-			// ..07a02125
-			pub..fb1b044f
+			// ..25fa0755
+			pub..4b189ddc
-			// ..80821b41
-			pub..55ff6248
+			// ..8d118997
+			pub..34e54f71
-			// ..a76c8f61
-			pub..2655e5bd
+			// ..de8db040
+			pub..a2e93a8f
-			// ..cfdd307c
-			pub..e348aafe
+			// ..439c1125
+			pub..e42d0120
-			// ..360506dd
-			pub..c3580057
+			// ..cf4d8481
+			pub..d3f92db9
-			// ..160657c3
-			pub..0dff0fc6
+			// ..af25d2e6
+			pub..13e18c70
-			// ..f85da50c
-			pub..67a90310
+			// ..50ccef64
+			pub..443cb4b6
-			// ..c972125b
-			pub..0294ebf9
+			// ..765a5d31
+			pub..7490bcca
-			// ..94297943
-			pub..f36035c1
+			// ..b9a52777
+			pub..4900c8b8
-			// ..760fb4f0
-			pub..fa228bca
+			// ..37e4e8c3
+			pub..7b4a5138
-			// ..dc2ae0bc
-			pub..a1a94884
+			// ..333ffa42
+			pub..387615cf
-			// ..222151dd
-			pub..dfdb4448
+			// ..a8cb0f1d
+			pub..32391d2f
-			// ..f1e271e1
-			pub..b0d631d4
+			// ..ce665543
+			pub..0998685b
-			// ..6f5b79a8
-			pub..304d4ceb
+			// ..a5061381
+			pub..f9b8d57d
-			// ..a751679d
-			pub..39609abd
+			// ..5b319790
+			pub..babc402b
-			// ..2b2581d7
-			pub..e722ad42
+			// ..aa2375b1
+			pub..29989a3f
-			// ..49c9a0df
-			pub..12259e44
+			// ..ab914a54
+			pub..86d37ebe
-			// ..e1556605
-			pub..ccf36221
+			// ..4010b2c3
+			pub..1913b922
-			// ..ecbeb6c4
-			pub..b85812ee
+			// ..52f4c59b
+			pub..51152297
-			// ..1122184e
-			pub..b6630027
+			// ..acb77cb6
+			pub..fa486ae6
-			// ..b7f47f5b
-			pub..8f2062ab
+			// ..fd5363d6
+			pub..84b2831f
-			// ..0701f4b8
-			pub..f16e5968
+			// ..8aacbb9f
+			pub..06d7c717
-			// ..80d168a8
-			pub..b4d8ae44
+			// ..e344c2bc
+			pub..17a1ecc2
-			// ..a208f618
-			pub..bb8d2dad
+			// ..285cbb96
+			pub..b35f62ae
-			// ..0f6d2f28
-			pub..061098af
+			// ..22c759d0
+			pub..35981f5e
-			// ..92546aaf
-			pub..5b8fed2b
+			// ..95f5f566
+			pub..13649b9e
-			// ..ae2904c3
-			pub..f7a8ebe0
+			// ..eac754c4
+			pub..1ff5e0f9
-			// ..bf06bf90
-			pub..5ba1f7bc
+			// ..2f3117b9
+			pub..7bfee475
-			// ..4fff2d00
-			pub..8f8e8dca
+			// ..a7dc55ab
+			pub..ed6a373a
-			// ..d382f1ad
-			pub..01f63867
+			// ..1de54a88
+			pub..993e16aa
-			// ..0c764cdf
-			pub..8d1d2ac7
+			// ..e147caa6
+			pub..1c91f7bf
-			// ..2a921b5d
-			pub..7a5225b7
+			// ..a4964546
+			pub..b36cc4f9
-			// ..0ac66e3d
-			pub..14410ebd
+			// ..8f057938
+			pub..18a90501
-			// ..f727b577
-			pub..74844747
+			// ..7d43463f
+			pub..c408c4da
-			// ..e9b0fa83
-			pub..d8cbab8a
+			// ..62d039a3
+			pub..c9b18a7b
-			// ..d6854301
-			pub..5a816741
+			// ..5d3390b8
+			pub..2b7b94f9
-			// ..5dd9b175
-			pub..44571831
+			// ..d7bdf72e
+			pub..fc268e8c
-			// ..6e36d289
-			pub..ea99b60f
+			// ..330f30f5
+			pub..4a74987e
-			// ..62d616f8
-			pub..3acedf18
+			// ..b704328e
+			pub..8a402c7f
-			// ..83baf5e2
-			pub..2fa1582d
+			// ..e08f0612
+			pub..c00c6a33
-			// ..4ac53433
-			pub..6a85154f
+			// ..86aa327d
+			pub..18ede107
-			// ..1858118e
-			pub..dad6f859
+			// ..14c3fdf4
+			pub..8b4d42db
-			// ..692e4ac3
-			pub..de717ad3
+			// ..b319dcfd
+			pub..f3be7360
-			// ..7858771e
-			pub..8d00a7c1
+			// ..3509a6b9
+			pub..4ee0411e
-			// ..10f3a9fb
-			pub..fd4182fc
+			// ..76f15bee
+			pub..40362f30
-			// ..5647562b
-			pub..ee6da7d6
+			// ..edc09299
+			pub..71c14b69
-			// ..29f30cd6
-			pub..f6abf349
+			// ..e6f73362
+			pub..93d64036
-			// ..16f87b60
-			pub..32d6b6f1
+			// ..b48bee1e
+			pub..cf01bfdd
-			// ..6433ff50
-			pub..64bcca85
+			// ..c93a8541
+			pub..0ec0383d
-			// ..3ffa7644
-			pub..6a9c809a
+			// ..1bbc6a83
+			pub..41fdbb59
-			// ..2798c80b
-			pub..53fecdbc
+			// ..472f7c7f
+			pub..9405fd94
-			// ..8439bea2
-			pub..f58d08d1
+			// ..7c901e27
+			pub..a750b165
-			// ..1b253469
-			pub..797c5852
+			// ..9173ad28
+			pub..f8564fcc
-			// ..a1aed336
-			pub..9ce26eb9
+			// ..7c89e8f6
+			pub..39208f69
-			// ..6d210a1a
-			pub..91e71dde
+			// ..3e0f4947
+			pub..e0b33ae6
-			// ..aef78776
-			pub..bdaf7407
+			// ..450ce102
+			pub..009c1267
-			// ..daf32521
-			pub..dcb49bf7
+			// ..46f1f08f
+			pub..18c30684
-			// ..60cb5df3
-			pub..eb564077
+			// ..168419e2
+			pub..8def5f0f
-			// ..a1893387
-			pub..88d14b4c
+			// ..a3e03be1
+			pub..7f39b362
-			// ..7b27bf53
-			pub..5706a14b
+			// ..ca172abb
+			pub..e50b2cf8
-			// ..b2d5ad47
-			pub..077fe54a
+			// ..5c2e5686
+			pub..707e2c7b
-			// ..273c56ea
-			pub..5ec0b75c
+			// ..bd4200be
+			pub..4edcf633
-			// ..026bf326
-			pub..c0eca982
+			// ..b441ffbb
+			pub..379859a0
-			// ..c5e71e88
-			pub..6074afd4
+			// ..6b327eea
+			pub..464021f3
-			// ..a52eeff8
-			pub..77faa981
+			// ..3f62ec9e
+			pub..6b96cb9d
-			// ..066a1c30
-			pub..e4bf9cfe
+			// ..1580897f
+			pub..d3d4649f
-			// ..789a2808
-			pub..02eaef51
+			// ..8939f09a
+			pub..67c2e164
-			// ..d607dc94
-			pub..ff5c21c4
+			// ..08cdb192
+			pub..e0728c39
-			// ..f3c59820
-			pub..8d6e6d8a
+			// ..883f5709
+			pub..57164314
-			// ..9e7f3871
-			pub..709fd56a
+			// ..670b28c1
+			pub..390ba791
-			// ..c1895e74
-			pub..ad85ed05
+			// ..5e03c625
+			pub..62f36829
-			// ..dc103dc9
-			pub..cc01c990
+			// ..b4cf7c75
+			pub..aa4a17d8
-			// ..1b112da7
-			pub..8bf41ee2
+			// ..45d4360f
+			pub..6d294baa
-			// ..28a6904c
-			pub..09f34cae
+			// ..f1fe8f58
+			pub..52efa111
-			// ..528deef2
-			pub..70eddc6e
+			// ..018a7c7d
+			pub..1c1f939d
-			// ..ec26ee4e
-			pub..4c910ee7
+			// ..b96cc86a
+			pub..a6467341
-			// ..8a957a22
-			pub..479b1a05
+			// ..f769f473
+			pub..802b7bb0
-			// ..78bbbb9a
-			pub..16624bdb
+			// ..999b09fd
+			pub..29dd62b0
-			// ..d88e32ec
-			pub..27f46fb6
+			// ..633bdb70
+			pub..937da6cc
-			// ..acf8f7cb
-			pub..239565bf
+			// ..8313aeaf
+			pub..6f2b5a03
-			// ..9188216a
-			pub..71bf9915
+			// ..17a363bd
+			pub..b583df18
-			// ..eb1ef378
-			pub..42f453e0
+			// ..0322e5fa
+			pub..082c0deb
-			// ..c3b75445
-			pub..23899222
+			// ..3ff188b9
+			pub..a4a07d7b
-			// ..8c67d9b2
-			pub..a139d60a
+			// ..5c8b3d25
+			pub..5def3795
-			// ..7ed3d68a
-			pub..30ed3471
+			// ..e70b680d
+			pub..4812e286
-			// ..9b531693
-			pub..dd75ce3f
+			// ..12c2e2e6
+			pub..87dce7ca
-			// ..a1cd9336
-			pub..6a03c4e5
+			// ..5ed211e1
+			pub..0f7d95c4
-			// ..c5965598
-			pub..7fdecaf9
+			// ..f1cbcfbe
+			pub..b2a8a4e5
-			// ..a6f601b5
-			pub..4226559c
+			// ..fe5530bc
+			pub..9cec847b
-			// ..e2503069
-			pub..d32b107e
+			// ..a475c3a2
+			pub..e12dddc4
-			// ..84c035c5
-			pub..1fdcd825
+			// ..6b8988b0
+			pub..24ef1c4a
-			// ..a2e0a0e1
-			pub..b56ebb05
+			// ..98edb6e4
+			pub..609b3e17
-			// ..b9370d15
-			pub..ac9fcd2b
+			// ..dbb663f9
+			pub..05ccc2ca
-			// ..d0df6433
-			pub..268e653c
+			// ..4f799cd2
+			pub..07deabdf
-			// ..110f3ef2
-			pub..86175ed4
+			// ..76962be5
+			pub..e4d168fa
-			// ..6c06c006
-			pub..edae046d
+			// ..69e9b7fc
+			pub..4d9e3281
-			// ..ba6320e3
-			pub..696528f3
+			// ..76700bfd
+			pub..af87510b
-			// ..d9792126
-			pub..6c6a39d9
+			// ..75b7a1f4
+			pub..389d2ca3
-			// ..11dff249
-			pub..9670b762
+			// ..6360da8b
+			pub..405e6331
-			// ..ce2ce2af
-			pub..5dcc4098
+			// ..e3548208
+			pub..6feb55a7
-			// ..feb19846
-			pub..6541f5bd
+			// ..a0a1fd94
+			pub..8d1bb4b1
-			// ..a36f9768
-			pub..04e45d44
+			// ..885866a5
+			pub..82c8051e
-			// ..5a5fd387
-			pub..cc3fe9ac
+			// ..70b4773e
+			pub..bb04e418
-			// ..95d2e1ce
-			pub..c359c43a
+			// ..17905610
+			pub..8bce2bb5
-			// ..d88bdb58
-			pub..74232a8d
+			// ..bbb9f479
+			pub..3c965ea4
-			// ..5eca7cc0
-			pub..1dae5581
+			// ..e4caca20
+			pub..aafe4bb4
-			// ..6c0aee10
-			pub..2cee76af
+			// ..f423b4d3
+			pub..739defdc
-			// ..7bf68616
-			pub..d495e676
+			// ..ec230715
+			pub..44dea8ba
-			// ..0d256239
-			pub..d873a583
+			// ..66698cd6
+			pub..c7c097bf
-			// ..7100865d
-			pub..456fcd79
+			// ..285bbfc1
+			pub..8a8cb45f
-			// ..d54a264f
-			pub..359ada1c
+			// ..81e16b93
+			pub..cb5f8752
-			// ..94eb767f
-			pub..94f43ba1
+			// ..86a280e1
+			pub..fd03dfa6
-			// ..bc064e8c
-			pub..638c39d9
+			// ..90449417
+			pub..50e4cbc8
-			// ..45dc8e35
-			pub..4661a587
+			// ..25b42279
+			pub..68092819
-			// ..c0f07d6c
-			pub..aa7b30eb
+			// ..807d57f0
+			pub..52c5ea64
-			// ..be4a4884
-			pub..2edc38c1
+			// ..9a019e3d
+			pub..c35b76bf
-			// ..a6d608d0
-			pub..009bbfa9
+			// ..8395332a
+			pub..38dfd62c
-			// ..4f130eff
-			pub..c1c764e3
+			// ..62e4ef8d
+			pub..a468f647
-			// ..74f78927
-			pub..240637f9
+			// ..1c6be107
+			pub..544ad7f6
-			// ..3f0bd96a
-			pub..02da52bf
+			// ..b30d6230
+			pub..6d380974
-			// ..0c007bbb
-			pub..cf05f173
+			// ..0363b046
+			pub..d18e4649
-			// ..0c135488
-			pub..90f5a022
+			// ..a1beea12
+			pub..d2a1440f
+		publ..33fd34bf
+		{..8f5ad79e
+..1417fbf9
+			// ..f5d3389c
+			pub..14f4401f
+..1417fbf9
+			sta..0097a30e
+			{..0837e414
+				gl..de273854
+			}..a6ae5485
+..1417fbf9
+			pri..e934f24b
+			{..0837e414
+			}..a6ae5485
+		}..6aed7b6a
+..1417fbf9
-			Uti..acdbcde3
+			Uti..da4f19f4
-			Mug..7dc6429b
-			Mug..2ebeb72d
+			Mug..26f836d8
+			Mug..941ae75e
-    pu..cfce49d9
-    {..d7c090b1
-      ..3b3fd865
-..0c770b3b
-      ..a73fb133
-..0c770b3b
-      ..01bfa678
-..0c770b3b
-      ..0ff02a91
-..0c770b3b
-      ..dd8c3c93
-      ..06fd2c0d
-      ..a3fd6a3b
-..0c770b3b
-      ..01bfa678
-..0c770b3b
-      ..54b93675
-..0c770b3b
-      ..7b7e9d40
-..0c770b3b
-      ..fe8cb980
-..0c770b3b
-      ..01bfa678
-..0c770b3b
-      ..7e45059e
-..0c770b3b
-      ..42847bf8
-      ..06fd2c0d
-      ..807f9983
-      ..5344b4f2
-      ..62c32693
-      ..f0e971c6
-      ..1a2c8aa4
-      ..b2a1bf11
-      ..356f75c2
-      ..b5966161
-      ..926b66a6
-      ..b3f3e297
-      ..1bf471ce
-      ..2b8efab4
-      ..c68664c0
-      ..c3dd9611
-      ..3d0bebf2
-      ..75e02b15
-      ..63178bdf
-      ..e59f9ffa
-      ..f507932e
-      ..43f0f192
-      ..9673a627
-      ..ec827405
-      ..572dfed0
-      ..a3fd6a3b
-..0c770b3b
-      ..343034fd
-      ..06fd2c0d
-      ..5e374716
-      ..9ae9b24c
-      ..8526547f
-      ..805f85d2
-      ..45d89d44
-      ..62c32693
-      ..c96d8c81
-      ..5001f431
-      ..ec827405
-      ..b8d2bcc5
-      ..c45eb7e4
-      ..a4ebdc65
-      ..a3fd6a3b
-..0c770b3b
-      ..01bfa678
-..0c770b3b
-      ..e71dc9e8
-..0c770b3b
-      ..10c9a207
-      ..06fd2c0d
-      ..4a81bca5
-      ..9c02948b
-      ..62c32693
-      ..fb8afbc6
-      ..24f33d04
-      ..00d51557
-      ..775052ab
-      ..2cbc57b8
-      ..c918aa71
-      ..8cde93b4
-      ..ec827405
-      ..3b1f4951
-      ..a3fd6a3b
-..0c770b3b
-      ..01bfa678
-    }..b64b42c2
+	publi..e3b6380a
+	{..ea96b1c2
+		#reg..e8b9226b
+..1417fbf9
+		publ..f7abf746
+..1417fbf9
+		#end..4781b5ec
+..1417fbf9
+		#reg..beb0343e
+..1417fbf9
+		priv..70302311
+		{..8f5ad79e
+		}..6aed7b6a
+..1417fbf9
+		#end..4781b5ec
+..1417fbf9
+		#reg..175d0ce0
+..1417fbf9
+		bool..84a1c81d
+..1417fbf9
+		bool..d65d73bb
+..1417fbf9
+		#end..4781b5ec
+..1417fbf9
+		#reg..c4244d48
+..1417fbf9
+		publ..6234980b
+		{..8f5ad79e
+			var..2bba754d
+			if ..187a08f5
+			{..0837e414
+				va..dcf9d1f4
+				me..67d73775
+				va..03fe9347
+				va..c9638fa3
+				va..df856609
+				ed..5325d0cd
+				va..2b4afa94
+				if..d8662276
+				{..0c4eda1c
+					s..e9614752
+					i..0271935a
+						..d290931c
+					e..bb088a0e
+						..519cadba
+					e..af1597b2
+					v..fdd5ed66
+				}..fe072307
+				re..f682bbfa
+			}..a6ae5485
+			ret..67d57d3b
+		}..6aed7b6a
+..1417fbf9
+		bool..7cddff12
+		{..8f5ad79e
+			var..63b788b3
+			var..644ad4d0
+			if ..7a8b228f
+				re..202e425c
+			if ..1fa440a9
+			{..0837e414
+				ac..c59e5111
+				ac..0aed006c
+			}..a6ae5485
+			els..8968240b
+				ac..cabc9492
+			ret..53a94b10
+		}..6aed7b6a
+..1417fbf9
+		#end..4781b5ec
+..1417fbf9
+		#reg..e6de51f4
+..1417fbf9
+		priv..3d7dc7ca
+		{..8f5ad79e
+			var..0d48274e
+			whi..05c63613
+			{..0837e414
+				va..712ec109
+				if..7ead6778
+					r..753d865a
+				va..f0f31092
+				if..51f43762
+					r..b46f4857
+				pa..94ec9333
+			}..a6ae5485
+			ret..b7e313d3
+		}..6aed7b6a
+..1417fbf9
+		#end..4781b5ec
+	}..1787597f