--- /de..759ab013
+using ..51d5e52c
+..a35f9f7b
+namesp..2e62bbcc
+{..709fab74
+	/// <..2dacff59
+	///  ..a55e0ef1
+	/// <..c883834d
+	publi..8dd8c4e5
+	{..178702cd
+		#reg..327cfb7c
+..a35f9f7b
+		/// ..ee0935a6
+		/// ..fda27fec
+		/// ..b633b6e1
+		publ..da5d3a9b
+		{..c5f16b5a
+		}..70e1fcb8
+..a35f9f7b
+		/// ..ee0935a6
+		/// ..fda27fec
+		/// ..b633b6e1
+		publ..b0f085c2
+			: b..6e98331f
+		{..c5f16b5a
+		}..70e1fcb8
+..a35f9f7b
+		#end..2ce4377b
+	}..b1cbd937
+}..ab0526cf
--- /de..759ab013
+using ..51d5e52c
+using ..b14e5875
+using ..c7b20d68
+using ..434dfcac
+using ..87363c96
+..a35f9f7b
+#pragm..438ba9b6
+..a35f9f7b
+namesp..2e62bbcc
+{..709fab74
+	// Im..10db0b4f
+	publi..b2ab0ae9
+	{..178702cd
+		#reg..c22bd013
+..a35f9f7b
+		publ..826edd8d
+..a35f9f7b
+		priv..a8b452a1
+..a35f9f7b
+		#end..2ce4377b
+..a35f9f7b
+		#reg..012096d5
+..a35f9f7b
+		publ..08d3007d
+		{..c5f16b5a
+			Gua..9cc8345f
+..a35f9f7b
+			var..b138e4d2
+			var..83e5e326
+			ret..0a9ba4a1
+		}..70e1fcb8
+..a35f9f7b
+		//Re..f418d7c3
+		publ..ac72b9f3
+		{..c5f16b5a
+			Gua..9cc8345f
+..a35f9f7b
+			var..01b8aa84
+			var..f1643418
+			var..05cf30d8
+			if ..00645bcd
+				re..c77debdf
+			ret..b85e9a75
+		}..70e1fcb8
+..a35f9f7b
+		publ..708ab701
+		{..c5f16b5a
+			Gua..9cc8345f
+..a35f9f7b
+			// ..4c742834
+			Big..ef2033ec
+			for..64ca1b94
+				in..c93e7315
+..a35f9f7b
+			// ..6cca5f1d
+			var..ab44958a
+			whi..277349b0
+			{..56211d6f
+				va..cce40830
+				in..42da0137
+				re..12b5e270
+			}..f712fe90
+..a35f9f7b
+			// ..42e5da55
+			for..1c9c1036
+				re..d46a66f5
+			ret..6dc6308a
+		}..70e1fcb8
+..a35f9f7b
+		publ..fc71944d
+		{..c5f16b5a
+			Gua..9cc8345f
+			ret..906432d0
+		}..70e1fcb8
+..a35f9f7b
+		publ..74f8c355
+		{..c5f16b5a
+			Gua..628414a4
+..a35f9f7b
+			// ..3bc72dbf
+			Big..ef2033ec
+			for..56b06b29
+			{..56211d6f
+				va..9cfc0f9f
+				if..654b71e6
+					t..9f9378b6
+				in..56f00981
+			}..f712fe90
+..a35f9f7b
+			// ..363abdb1
+			// ..8f8fce0d
+			var..e7fc2a89
+			var..bb8844f2
+			var..4ffd155d
+				in..3cedfa59
+					...7a548561
+					...953b4099
+			var..b7513ee9
+			ret..6dc6308a
+		}..70e1fcb8
+..a35f9f7b
+		// T..9e086955
+		publ..57126447
+		{..c5f16b5a
+			Gua..628414a4
+..a35f9f7b
+			var..5ba531e1
+			var..44699699
+..a35f9f7b
+			if ..4cb310d5
+				th..bf46202f
+..a35f9f7b
+			ret..b8acf26d
+		}..70e1fcb8
+..a35f9f7b
+		priv..5ca414eb
+		{..c5f16b5a
+			Gua..9cc8345f
+..a35f9f7b
+			usi..ed2fcdf9
+			{..56211d6f
+				va..cb04c9ce
+				va..4903a9a6
+..a35f9f7b
+..a35f9f7b
+				va..6dd7b139
+				Bu..a8c18d86
+..a35f9f7b
+				re..c77debdf
+			}..f712fe90
+		}..70e1fcb8
+..a35f9f7b
+		#end..2ce4377b
+	}..b1cbd937
+}..ab0526cf
--- /de..759ab013
+using ..51d5e52c
+using ..b14e5875
+using ..a7d9254b
+..a35f9f7b
+#pragm..438ba9b6
+..a35f9f7b
+namesp..2e62bbcc
+{..709fab74
+	/// <..2dacff59
+	///  ..b4ab11e6
+	///  ..e9d4022d
+	///  ..6fefaf9b
+	///  ..eaae7f7e
+	/// <..c883834d
+	publi..60e4f7cd
+	{..178702cd
+		#reg..327cfb7c
+..a35f9f7b
+		/// ..ee0935a6
+		/// ..854e49f1
+		/// ..b633b6e1
+		prot..1a68d393
+		{..c5f16b5a
+			Com..14161951
+		}..70e1fcb8
+..a35f9f7b
+		/// ..ee0935a6
+		/// ..854e49f1
+		/// ..b633b6e1
+		/// ..aa569c20
+		/// ..fa1306c5
+		/// ..e25d46a0
+		prot..2f3ca74d
+		{..c5f16b5a
+			Gua..ca1212c9
+..a35f9f7b
+			Byt..38d27936
+			Com..14161951
+		}..70e1fcb8
+..a35f9f7b
+		#end..2ce4377b
+..a35f9f7b
+		#reg..028d7bf1
+..a35f9f7b
+		/// ..ee0935a6
+		/// ..9f92a64a
+		/// ..f60073e4
+		/// ..6d2d6033
+		/// ..b633b6e1
+		publ..6e83cc54
+..a35f9f7b
+		/// ..ee0935a6
+		/// ..9ddd1785
+		/// ..b633b6e1
+		publ..e282c9a8
+..a35f9f7b
+		/// ..ee0935a6
+		/// ..5eb3b761
+		/// ..b633b6e1
+		publ..589be295
+..a35f9f7b
+		/// ..ee0935a6
+		/// ..5eb3b761
+		/// ..b633b6e1
+		publ..07480fcb
+		{..c5f16b5a
+			get..7336c914
+			{..56211d6f
+				Gu..020bc099
+				re..9e74f9fe
+			}..f712fe90
+		}..70e1fcb8
+..a35f9f7b
+		/// ..ee0935a6
+		/// ..ce1bae65
+		/// ..b633b6e1
+		/// ..5cc6c90a
+		/// ..968bb02c
+		/// ..3a7071d1
+		/// ..9f34e6f6
+		/// ..de8fbb9d
+		/// ..fadd13ce
+		/// ..5143a31e
+		/// ..ecf845cb
+		/// ..178310d7
+		/// ..d30fdcf9
+		/// ..a668f549
+		/// ..ff8a7600
+		publ..4fa977ed
+..a35f9f7b
+		/// ..ee0935a6
+		/// ..cad7715b
+		/// ..b633b6e1
+		publ..27661754
+..a35f9f7b
+		#end..2ce4377b
+..a35f9f7b
+		#reg..01cbb311
+..a35f9f7b
+		publ..de4a4df2
+		{..c5f16b5a
+			Byt..c78f1829
+			OnD..e9b02ec5
+		}..70e1fcb8
+..a35f9f7b
+		#end..2ce4377b
+..a35f9f7b
+		#reg..012096d5
+..a35f9f7b
+		publ..a66a69d0
+		{..c5f16b5a
+			ret..cd34a461
+		}..70e1fcb8
+..a35f9f7b
+		publ..e086bf71
+		{..c5f16b5a
+			if ..2217b6c1
+				re..d600b63f
+..a35f9f7b
+			var..f3a4dada
+			ret..2bf67568
+		}..70e1fcb8
+..a35f9f7b
+		prot..75b8fe5c
+		{..c5f16b5a
+		}..70e1fcb8
+..a35f9f7b
+		#end..2ce4377b
+	}..b1cbd937
+}..ab0526cf
--- /de..759ab013
+using ..51d5e52c
+using ..a7d9254b
+..a35f9f7b
+namesp..2e62bbcc
+{..709fab74
+	/// <..2dacff59
+	///  ..cab404cb
+	///  ..4786fd23
+	/// <..c883834d
+	publi..98735c49
+	{..178702cd
+		#reg..c22bd013
+..a35f9f7b
+		/// ..ee0935a6
+		/// ..952a7a8f
+		/// ..b633b6e1
+		priv..4987ac19
+..a35f9f7b
+		priv..10465911
+..a35f9f7b
+		#end..2ce4377b
+..a35f9f7b
+		#reg..327cfb7c
+..a35f9f7b
+		/// ..ee0935a6
+		/// ..d9dd69ae
+		/// ..b633b6e1
+		/// ..05df438a
+		/// ..587aace5
+		/// ..e25d46a0
+		publ..a99a782d
+			: b..ce6873fe
+		{..c5f16b5a
+			// ..633066fd
+			Thr..a27bd816
+		}..70e1fcb8
+..a35f9f7b
+		#end..2ce4377b
+..a35f9f7b
+		#reg..028d7bf1
+..a35f9f7b
+		/// ..ee0935a6
+		/// ..31424422
+		/// ..b633b6e1
+		publ..4999bba3
+..a35f9f7b
+		/// ..ee0935a6
+		/// ..200cce46
+		/// ..b633b6e1
+		publ..821afb5f
+..a35f9f7b
+		/// ..ee0935a6
+		/// ..2fcaf40b
+		/// ..b633b6e1
+		publ..979b41eb
+..a35f9f7b
+		#end..2ce4377b
+..a35f9f7b
+		#reg..012096d5
+..a35f9f7b
+		prot..9cae45bc
+		{..c5f16b5a
+			eck..a2e95b63
+		}..70e1fcb8
+..a35f9f7b
+		#end..2ce4377b
+	}..b1cbd937
+}..ab0526cf
--- /de..759ab013
+using ..51d5e52c
+using ..87363c96
+using ..a7d9254b
+..a35f9f7b
+#pragm..438ba9b6
+..a35f9f7b
+namesp..2e62bbcc
+{..709fab74
+	/// <..2dacff59
+	///  ..adeb274d
+	/// <..c883834d
+	publi..797c7d73
+	{..178702cd
+		#reg..c22bd013
+..a35f9f7b
+		/// ..ee0935a6
+		/// ..cd2eedcb
+		/// ..b633b6e1
+		publ..200f42dd
+..a35f9f7b
+		#end..2ce4377b
+..a35f9f7b
+		#reg..327cfb7c
+..a35f9f7b
+		/// ..ee0935a6
+		/// ..e8b416e5
+		/// ..b633b6e1
+		/// ..05df438a
+		/// ..a4bb6f0a
+		/// ..e25d46a0
+		/// ..ed9a5c1f
+		/// ..e7f95a96
+		/// ..e25d46a0
+		publ..e2b7ceec
+			: b..ce6873fe
+		{..c5f16b5a
+			Com..4649a576
+		}..70e1fcb8
+..a35f9f7b
+		#end..2ce4377b
+..a35f9f7b
+		#reg..028d7bf1
+..a35f9f7b
+		publ..0ea826f2
+		{..c5f16b5a
+			get..7336c914
+			{..56211d6f
+				va..22c21ea1
+				Th..0d0969b8
+				re..30d7201a
+			}..f712fe90
+		}..70e1fcb8
+..a35f9f7b
+		publ..8d57db11
+..a35f9f7b
+		#end..2ce4377b
+	}..b1cbd937
+}..ab0526cf
--- /de..759ab013
+namesp..2e62bbcc
+{..709fab74
+	/// <..2dacff59
+	///  ..84c398ba
+	/// <..c883834d
+	publi..d7d90bf7
+	{..178702cd
+		#reg..028d7bf1
+..a35f9f7b
+		/// ..ee0935a6
+		/// ..cc9251a2
+		/// ..b633b6e1
+		publ..f3667d95
+..a35f9f7b
+		/// ..ee0935a6
+		/// ..6a980338
+		/// ..b633b6e1
+		publ..455bd797
+..a35f9f7b
+		/// ..ee0935a6
+		/// ..ad8af24d
+		/// ..b633b6e1
+		publ..b86843e1
+..a35f9f7b
+		/// ..ee0935a6
+		/// ..b06876aa
+		/// ..b633b6e1
+		publ..c2f8f2c3
+..a35f9f7b
+		/// ..ee0935a6
+		/// ..d25127b5
+		/// ..b633b6e1
+		publ..b8e2402d
+..a35f9f7b
+		/// ..ee0935a6
+		/// ..e884f62b
+		/// ..b633b6e1
+		publ..acf517a3
+..a35f9f7b
+		/// ..ee0935a6
+		/// ..01adb837
+		/// ..b633b6e1
+		publ..41d7a098
+..a35f9f7b
+		#end..2ce4377b
+	}..b1cbd937
+}..ab0526cf
--- /de..759ab013
+﻿usi..60ab7197
+using ..bfdcf09e
+using ..87363c96
+using ..a7d9254b
+using ..3f959a5a
+using ..9c6ea152
+using ..f084494e
+using ..0e473245
+using ..45031837
+using ..afc4840c
+using ..9192c3df
+..a35f9f7b
+#pragm..438ba9b6
+..a35f9f7b
+namesp..2e62bbcc
+{..709fab74
+	/// <..2dacff59
+	///  ..dc08e54b
+	///  ..ba892322
+	///  ..793c9424
+	/// <..c883834d
+	publi..446bd0a3
+	{..178702cd
+		#reg..c22bd013
+..a35f9f7b
+		priv..4f694430
+..a35f9f7b
+		publ..993f63dc
+..a35f9f7b
+		publ..61a827ba
+..a35f9f7b
+		publ..9758c217
+..a35f9f7b
+		publ..97e6e2e9
+..a35f9f7b
+		#end..2ce4377b
+..a35f9f7b
+		#reg..327cfb7c
+..a35f9f7b
+		/// ..ee0935a6
+		/// ..e5a7b25b
+		/// ..b633b6e1
+		stat..b242eec5
+		{..c5f16b5a
+			// ..35e796ca
+			X9E..cb8b64c9
+			EcP..3d8322a2
+			Hal..9070c86d
+			Cur..93279be5
+		}..70e1fcb8
+..a35f9f7b
+		/// ..ee0935a6
+		/// ..ff5d8584
+		/// ..d67d18ac
+		/// ..411eb9b0
+		/// ..b633b6e1
+		/// ..e426c55c
+		/// ..6229340a
+		/// ..e25d46a0
+		/// ..ed9a5c1f
+		/// ..e7f95a96
+		/// ..e25d46a0
+		publ..6a81005a
+		{..c5f16b5a
+			pri..284950dd
+			Com..4649a576
+		}..70e1fcb8
+..a35f9f7b
+		#end..2ce4377b
+..a35f9f7b
+		#reg..028d7bf1
+..a35f9f7b
+		/// ..ee0935a6
+		/// ..adc0bbfd
+		/// ..b633b6e1
+		publ..6e83cc54
+..a35f9f7b
+		#end..2ce4377b
+..a35f9f7b
+		#reg..01cbb311
+..a35f9f7b
+		publ..de4a4df2
+		{..c5f16b5a
+			pri..3ae8ac44
+		}..70e1fcb8
+..a35f9f7b
+		#end..2ce4377b
+..a35f9f7b
+		#reg..012096d5
+..a35f9f7b
+		/// ..ee0935a6
+		/// ..25845055
+		/// ..b633b6e1
+		publ..f2749c6b
+		{..c5f16b5a
+			var..ab43d6d0
+			var..f4a04142
+			var..30f525c8
+			sig..6cf0903e
+			ret..1e58ac0a
+		}..70e1fcb8
+..a35f9f7b
+		/// ..ee0935a6
+		/// ..25845055
+		/// ..b633b6e1
+		publ..51e96acf
+		{..c5f16b5a
+			usi..59cf420f
+				re..7eed4b0d
+		}..70e1fcb8
+..a35f9f7b
+		publ..ff6c9454
+		{..c5f16b5a
+			var..1229ce19
+			usi..59cf420f
+				b...c7ecd158
+			b.A..6242ce3c
+			ret..ccf412d6
+		}..70e1fcb8
+..a35f9f7b
+		/// ..ee0935a6
+		/// ..1ee1691f
+		/// ..50985d8f
+		/// ..b633b6e1
+		publ..853c2a53
+		{..c5f16b5a
+			var..7b95ace1
+			///..d9f1ae7e
+			sig..f5ce5d58
+			var..1adea515
+			ret..1fd5059c
+		}..70e1fcb8
+..a35f9f7b
+		publ..e66d2454
+		{..c5f16b5a
+			ret..1b45de70
+		}..70e1fcb8
+..a35f9f7b
+		/// ..ee0935a6
+		/// ..9716c6e2
+		/// ..b633b6e1
+		publ..61cb0997
+		{..c5f16b5a
+			///..2026f49a
+			///..404bcac6
+			var..f49c9fd8
+..a35f9f7b
+			var..e6d0da0c
+			var..ca252c56
+			Arr..0bcd85b5
+..a35f9f7b
+			ret..315a0d80
+		}..70e1fcb8
+..a35f9f7b
+		publ..03a3d40b
+		{..c5f16b5a
+			if ..8b156073
+				th..bdb71c44
+			if ..e6ed5313
+				th..6b632556
+			if ..bd53e2c8
+				th..8a149747
+			if ..a7839f2f
+				th..6bf23ee2
+..a35f9f7b
+..a35f9f7b
+			var..1034d431
+..a35f9f7b
+			// ..721e34a1
+			// ..83c118f0
+..a35f9f7b
+			var..5ffae117
+			var..50b712d4
+			var..9b0e39f4
+..a35f9f7b
+			// ..649d7579
+			// ..6be07bf3
+			// ..48474db4
+			// ..90f6e4f0
+			// ..0ca1b321
+			//..57a34cde
+			// ..848b4641
+..a35f9f7b
+			//u..448f205c
+			var..3603fd55
+			if ..3c53380e
+				re..019b0ffd
+..a35f9f7b
+			// ..cf68833f
+			// ..adf10abf
+			var..f985013b
+			// ..2a7a485e
+..a35f9f7b
+			if ..f57b209e
+				re..019b0ffd
+..a35f9f7b
+			// ..2cc76d67
+			var..b9048085
+			// ..e7836d92
+			// ..631936e2
+			// ..cf8d9efc
+			//..57a34cde
+			// ..c45282ec
+			// ..f31c226c
+			// ..09acd9fd
+			// ..be53727a
+			//..57a34cde
+			// ..2eaa9f47
+			// ..43796aca
+..a35f9f7b
+			var..f693e314
+			var..c851239d
+			var..529a2496
+			var..f89f910b
+			var..dd5a0d7d
+			q =..fdd88b22
+			if ..7827a020
+			{..56211d6f
+				q ..b71ac69a
+				re..2ceddadb
+			}..f712fe90
+			ret..41eb9d95
+		}..70e1fcb8
+..a35f9f7b
+		priv..ea723f88
+		{..c5f16b5a
+			var..4fc2be50
+			var..ab493a71
+			com..85bd8cb1
+			ret..61d66f93
+		}..70e1fcb8
+..a35f9f7b
+		/// ..ee0935a6
+		/// ..31b01836
+		/// ..b633b6e1
+		/// ..e426c55c
+		/// ..6229340a
+		/// ..e25d46a0
+		/// ..ed9a5c1f
+		/// ..95360242
+		/// ..e25d46a0
+		priv..e8d1b603
+		{..c5f16b5a
+			var..030d69ac
+			var..74e3f736
+			var..4dcd528c
+..a35f9f7b
+			ret..6accda9f
+		}..70e1fcb8
+..a35f9f7b
+		#end..2ce4377b
+	}..b1cbd937
+}..ab0526cf
--- /de..759ab013
+﻿usi..60ab7197
+using ..0867a321
+using ..b14e5875
+using ..30bab147
+using ..45031837
+..a35f9f7b
+namesp..2e62bbcc
+{..709fab74
+	/// <..2dacff59
+	///  ..a0cf9c8d
+	///  ..eb9092f4
+	///  ..e410d7a6
+	/// <..c883834d
+	publi..a03c397b
+	{..178702cd
+		#reg..c22bd013
+..a35f9f7b
+		priv..a2c97a64
+..a35f9f7b
+		#end..2ce4377b
+..a35f9f7b
+		#reg..327cfb7c
+..a35f9f7b
+		/// ..ee0935a6
+		/// ..ba9c1a93
+		/// ..3841db4b
+		/// ..b633b6e1
+		/// ..cbe35d5e
+		/// ..f181355d
+		/// ..e25d46a0
+		/// ..586ac52c
+		/// ..e674e2f1
+		/// ..e25d46a0
+		publ..a551bc2d
+		{..c5f16b5a
+			R =..ef2d3710
+			S =..f6c70328
+		}..70e1fcb8
+..a35f9f7b
+		publ..1e689e39
+		{..c5f16b5a
+			R =..0b5ccf15
+			S =..96e26139
+		}..70e1fcb8
+..a35f9f7b
+		publ..2b524201
+		{..c5f16b5a
+			try..e0ca545e
+			{..56211d6f
+				va..003910fe
+				va..7ecc1c1d
+				if..bfe200d2
+					t..aa81c929
+				R ..7e6ba6d3
+				S ..10fdaf92
+			}..f712fe90
+			cat..9a5db34d
+			{..56211d6f
+				th..1ce79d52
+			}..f712fe90
+		}..70e1fcb8
+..a35f9f7b
+		#end..2ce4377b
+..a35f9f7b
+		#reg..028d7bf1
+..a35f9f7b
+		/// ..ee0935a6
+		/// ..a967265a
+		/// ..b633b6e1
+		publ..bfcbc9f3
+..a35f9f7b
+		/// ..ee0935a6
+		/// ..7d9be00e
+		/// ..b633b6e1
+		publ..780b4660
+..a35f9f7b
+		publ..37a1d4ec
+..a35f9f7b
+		publ..20763dbc
+..a35f9f7b
+		#end..2ce4377b
+..a35f9f7b
+		#reg..012096d5
+..a35f9f7b
+		/// ..ee0935a6
+		/// ..76e4e2e4
+		/// ..84acfd53
+		/// ..b633b6e1
+		publ..56bb6a41
+		{..c5f16b5a
+			ret..c5ca4b05
+		}..70e1fcb8
+..a35f9f7b
+		/// ..ee0935a6
+		/// ..ebb8adcf
+		/// ..2a7e1e74
+		/// ..3bef82ba
+		/// ..292f1041
+		/// ..4ea53c3d
+		/// ..b633b6e1
+		publ..48d84f34
+		{..c5f16b5a
+			if ..f706c849
+			{..56211d6f
+				//..5402078f
+				//..7d0f3524
+				//..c950258d
+				//..945496e7
+				//..0de70045
+				re..e168eb95
+			}..f712fe90
+..a35f9f7b
+			ret..dc938339
+		}..70e1fcb8
+..a35f9f7b
+		/// ..ee0935a6
+		/// ..735ca4ae
+		/// ..c07356cc
+		/// ..e32f470f
+		/// ..b633b6e1
+		/// ..de22b253
+		/// ..61c4f098
+		/// ..e25d46a0
+		publ..8c3f2be6
+		{..c5f16b5a
+			// ..a644a4a3
+			var..ec236dcc
+			var..2d501ed4
+			seq..c099f1af
+			seq..b3ec20bf
+			seq..782f8bb7
+			if ..9fbe29e3
+				re..db29a9ce
+			ret..61637096
+		}..70e1fcb8
+..a35f9f7b
+		publ..e086bf71
+		{..c5f16b5a
+			if ..dd09b493
+				re..7c94063d
+..a35f9f7b
+			if ..c5a07cdf
+				re..d600b63f
+..a35f9f7b
+			var..f721f6ff
+			ret..8c4fa0f0
+		}..70e1fcb8
+..a35f9f7b
+		publ..a66a69d0
+		{..c5f16b5a
+			ret..fa7a0928
+		}..70e1fcb8
+..a35f9f7b
+		#end..2ce4377b
+	}..b1cbd937
+}..ab0526cf
--- /de..759ab013
+﻿usi..60ab7197
+using ..b14e5875
+using ..87363c96
+using ..a7d9254b
+using ..f084494e
+using ..45031837
+using ..afc4840c
+..a35f9f7b
+#pragm..438ba9b6
+..a35f9f7b
+namesp..2e62bbcc
+{..709fab74
+	/// <..2dacff59
+	///  ..8c7302ed
+	/// <..c883834d
+	publi..8052cace
+	{..178702cd
+		#reg..c22bd013
+..a35f9f7b
+		priv..c50a4717
+..a35f9f7b
+		priv..7ff087ff
+..a35f9f7b
+		priv..0f6d6858
+..a35f9f7b
+		/// ..ee0935a6
+		/// ..08b9f2e8
+		/// ..b633b6e1
+		publ..0b43c977
+..a35f9f7b
+		#end..2ce4377b
+..a35f9f7b
+		#reg..327cfb7c
+..a35f9f7b
+		/// ..ee0935a6
+		/// ..01fcbc48
+		/// ..b633b6e1
+		publ..d4a8f725
+		{..c5f16b5a
+			Mas..e877ddab
+			Cha..7b7d128b
+			Par..292e7d7f
+			Dep..81b9d64e
+			Ind..2d8f9a8e
+		}..70e1fcb8
+..a35f9f7b
+		#end..2ce4377b
+..a35f9f7b
+		#reg..028d7bf1
+..a35f9f7b
+		publ..c7edb27e
+..a35f9f7b
+		publ..86a56f23
+..a35f9f7b
+		publ..370880c4
+..a35f9f7b
+		publ..16541227
+..a35f9f7b
+		publ..a1867ea8
+..a35f9f7b
+		/// ..ee0935a6
+		/// ..fe614e8a
+		/// ..b633b6e1
+		publ..e83b3d90
+..a35f9f7b
+		#end..2ce4377b
+..a35f9f7b
+		#reg..01cbb311
+..a35f9f7b
+		publ..de4a4df2
+		{..c5f16b5a
+			Mas..2e4ebd1d
+		}..70e1fcb8
+..a35f9f7b
+		#end..2ce4377b
+..a35f9f7b
+		#reg..012096d5
+..a35f9f7b
+		/// ..ee0935a6
+		/// ..a8d36f55
+		/// ..b633b6e1
+		publ..0150777a
+		{..c5f16b5a
+			usi..7a13a384
+			{..56211d6f
+				va..4430da3e
+				va..6348668a
+..a35f9f7b
+				re..9d255ec7
+			}..f712fe90
+		}..70e1fcb8
+..a35f9f7b
+		/// ..ee0935a6
+		/// ..fb0284c7
+		/// ..b633b6e1
+		/// ..9c36bcc3
+		/// ..f8ab4f2c
+		/// ..e25d46a0
+		/// ..959fb942
+		/// ..b8997d16
+		/// ..17a00223
+		publ..0bf32d16
+		{..c5f16b5a
+			ret..2c3771a3
+		}..70e1fcb8
+..a35f9f7b
+		/// ..ee0935a6
+		/// ..fb0284c7
+		/// ..b633b6e1
+		/// ..9c36bcc3
+		/// ..f8ab4f2c
+		/// ..e25d46a0
+		/// ..959fb942
+		/// ..b8997d16
+		/// ..17a00223
+		publ..95f0ce0e
+		{..c5f16b5a
+			ret..b606077f
+		}..70e1fcb8
+..a35f9f7b
+		/// ..ee0935a6
+		/// ..fb0284c7
+		/// ..b633b6e1
+		/// ..9c36bcc3
+		/// ..f8ab4f2c
+		/// ..e25d46a0
+		/// ..959fb942
+		/// ..b8997d16
+		/// ..17a00223
+		publ..8696c41d
+		{..c5f16b5a
+			ret..da8f2a56
+		}..70e1fcb8
+..a35f9f7b
+		publ..46a29dcb
+		{..c5f16b5a
+			Ext..a81f8b22
+			for..54c3c98c
+			{..56211d6f
+				va..25d97fda
+				ke..49f452f3
+				if..82fccbfd
+					o..d89b0c0f
+			}..f712fe90
+			ret..f1b0cee6
+		}..70e1fcb8
+..a35f9f7b
+		publ..f0c865a7
+		{..c5f16b5a
+			ret..457d942a
+		}..70e1fcb8
+..a35f9f7b
+		publ..46cf8997
+		{..c5f16b5a
+			ret..fbb07daf
+		}..70e1fcb8
+..a35f9f7b
+		publ..9573a1d6
+		{..c5f16b5a
+			ret..005d212e
+		}..70e1fcb8
+..a35f9f7b
+		/// ..ee0935a6
+		/// ..b0a8a5cc
+		/// ..b633b6e1
+		publ..5915e6f5
+		{..c5f16b5a
+			ret..a01436d3
+		}..70e1fcb8
+..a35f9f7b
+		/// ..ee0935a6
+		/// ..5c527ab2
+		/// ..b633b6e1
+		publ..b82d4422
+		{..c5f16b5a
+			ret..ea1bea1a
+		}..70e1fcb8
+..a35f9f7b
+		priv..76f84051
+		{..c5f16b5a
+			Thr..343e1f2c
+..a35f9f7b
+			Sec..a7f76f67
+			var..0c13f13b
+			if ..c8c14905
+			{..56211d6f
+				va..df4afa47
+				ex..3a0aa6c5
+			}..f712fe90
+			els..5a16709c
+			{..56211d6f
+				va..4b44e44d
+				va..df4afa47
+				ex..e1a82860
+			}..f712fe90
+..a35f9f7b
+			byt..dad30a85
+			usi..6af2befc
+			{..56211d6f
+				le..580a1b74
+			}..f712fe90
+..a35f9f7b
+			var..b2e31115
+			var..5a44634a
+..a35f9f7b
+			var..fae1e561
+..a35f9f7b
+			Thr..f7d7e96d
+..a35f9f7b
+			if ..19f09099
+			{..56211d6f
+				va..42b6ff6a
+				Th..9adc8263
+..a35f9f7b
+				//..d5166494
+				Se..b665d39e
+				us..8a578b58
+				{..db34c583
+					k..f4a39dde
+				}..6b11c397
+..a35f9f7b
+				re..17c3a1e1
+			}..f712fe90
+			els..5a16709c
+			{..56211d6f
+				va..96046f22
+				va..e5d2d0c0
+..a35f9f7b
+				va..266afb4b
+				Th..0bf95987
+..a35f9f7b
+				va..5c8e9b64
+..a35f9f7b
+				re..ef2eb17a
+			}..f712fe90
+		}..70e1fcb8
+..a35f9f7b
+		#end..2ce4377b
+	}..b1cbd937
+}..ab0526cf
--- /de..759ab013
+using ..947b44c9
+using ..b14e5875
+using ..bfdcf09e
+using ..87363c96
+..a35f9f7b
+#pragm..438ba9b6
+..a35f9f7b
+namesp..2e62bbcc
+{..709fab74
+	/// <..2dacff59
+	///  ..6edcf0e9
+	/// <..c883834d
+	publi..8db0b4c2
+	{..178702cd
+		#reg..028d7bf1
+..a35f9f7b
+		publ..ebe7e220
+..a35f9f7b
+		publ..13ccefdd
+..a35f9f7b
+		#end..2ce4377b
+..a35f9f7b
+		#reg..012096d5
+..a35f9f7b
+		publ..83b2cb43
+		{..c5f16b5a
+			Gua..150c7ba7
+..a35f9f7b
+			ret..fcac2566
+		}..70e1fcb8
+..a35f9f7b
+		publ..1c9f0b3b
+		{..c5f16b5a
+			ret..395a0c64
+		}..70e1fcb8
+..a35f9f7b
+		publ..e0c13f27
+		{..c5f16b5a
+			Ite..39f1982f
+			ret..dc938339
+		}..70e1fcb8
+..a35f9f7b
+		publ..b84def26
+		{..c5f16b5a
+			Ite..fc82571e
+			ret..dc938339
+		}..70e1fcb8
+..a35f9f7b
+		publ..72e91357
+		{..c5f16b5a
+			ret..c222fe6b
+		}..70e1fcb8
+..a35f9f7b
+		publ..ff6c9454
+		{..c5f16b5a
+			var..7dac7217
+..a35f9f7b
+			bui..2922202c
+..a35f9f7b
+			Ite..68f13fe3
+				bu..bbf6c920
+				(c..f4616b78
+					c..13ee2490
+						..f6931520
+						..d2df2ba0
+..a35f9f7b
+			ret..e808b7f9
+		}..70e1fcb8
+..a35f9f7b
+		prot..09f214ff
+		{..c5f16b5a
+			ret..8df650a8
+		}..70e1fcb8
+..a35f9f7b
+		#end..2ce4377b
+	}..b1cbd937
+}..ab0526cf
--- /de..759ab013
+using ..51d5e52c
+using ..947b44c9
+using ..b14e5875
+using ..c7b20d68
+using ..bfdcf09e
+..a35f9f7b
+namesp..ffc903d3
+{..709fab74
+    pu..1ccd4dac
+    {..c2e71962
+      ..931358ab
+      ..5a4c10e9
+      ..76da9b47
+      ..6ddb3ab3
+      ..8977f8d0
+      ..8a1c98a9
+      ..018f3af0
+..a35f9f7b
+      ..5876abdd
+      ..5a4c10e9
+      ..fea79bd0
+      ..018f3af0
+..a35f9f7b
+      ..08cd8b6b
+      ..5a4c10e9
+      ..c0d8847b
+      ..018f3af0
+..a35f9f7b
+      ..d0a9b0b1
+      ..5a4c10e9
+      ..c0d8847b
+      ..018f3af0
+..a35f9f7b
+      ..8455690a
+      ..5a4c10e9
+      ..80c2132b
+      ..018f3af0
+..a35f9f7b
+      ..46e61334
+      ..5a4c10e9
+      ..e7a6ee9b
+      ..87dfd6e5
+      ..fa10c3c7
+      ..cd7fdd4e
+      ..018f3af0
+..a35f9f7b
+      ..f58e2549
+      ..5a4c10e9
+      ..be3756a2
+      ..018f3af0
+..a35f9f7b
+      ..7777a9d5
+      ..5a4c10e9
+      ..0432b7e5
+      ..018f3af0
+..a35f9f7b
+      ..7b69b742
+      ..5a4c10e9
+      ..2693bf89
+      ..25a8f94a
+      ..018f3af0
+..a35f9f7b
+      ..04fb7b5a
+      ..5a4c10e9
+      ..6ddb3ab3
+      ..97e185a1
+..a35f9f7b
+      ..70fc4e7b
+      ..59a93558
+..a35f9f7b
+      ..1e1eaa32
+      ..21f12d3e
+      ..e64bf65e
+      ..7f0a1ce8
+..a35f9f7b
+      ..9af9c587
+      ..0587f45a
+      ..47ba4d73
+..a35f9f7b
+      ..7dbb7c43
+      ..018f3af0
+    }..a3dbdb40
+}..ab0526cf
--- /de..759ab013
+namesp..ffc903d3
+{..709fab74
+    //..761e7053
+    //..6e369534
+    //..9bad1780
+    pu..19f18d9c
+    {..c2e71962
+      ..8e025de4
+    }..a3dbdb40
+}..ab0526cf
--- /de..759ab013
+﻿usi..60ab7197
+using ..87363c96
+..a35f9f7b
+namesp..ffc903d3
+{..709fab74
+    //..761e7053
+    //..4d0874c3
+    //..6f9f19be
+    //..f12976fb
+    //..cc648db1
+    //..9015179d
+    //..ea2f312a
+    //..9faf3345
+    //..e2253aab
+    //..bfe66a60
+    //..124e6741
+    //..e59fd409
+    //..714b20df
+    //..6f9f19be
+    //..1bf4555a
+    //..714b20df
+    //..6f9f19be
+    //..d787affb
+    //..714b20df
+    //..6f9f19be
+    //..93b2f749
+    //..0bda8818
+    //..92797489
+    //..55225cc5
+    //..5ceb4c05
+    //..28185e68
+    //..714b20df
+    //..6f9f19be
+    //..3795ea9d
+    //..714b20df
+    //..b7d799df
+    //..9bad1780
+    pu..e30a8732
+    {..c2e71962
+      ..7da5133e
+      ..d547795d
+      ..24f7e73a
+      ..71c019ed
+      ..4ab8643c
+      ..b0862449
+      ..0a4689e5
+      ..feb08750
+      ..ad483d49
+      ..647d1d48
+..a35f9f7b
+      ..f5d278f6
+		 * F..8073d067
+		 * i..b0e37e6e
+		 */..1f42a765
+..a35f9f7b
+      ..7da5133e
+      ..e00d1797
+      ..23c73446
+      ..1a47cd87
+      ..f4e5f88a
+      ..ad483d49
+      ..7bbd9fbc
+..a35f9f7b
+      ..7da5133e
+      ..8caf7ef8
+      ..d35ed3ae
+      ..f4758a11
+      ..fce05bfa
+      ..816fea7a
+      ..1ba0c112
+      ..14172d4a
+      ..ad483d49
+      ..4e13c68f
+..a35f9f7b
+      ..7da5133e
+      ..3d47a850
+      ..74501542
+      ..d86b3ba9
+      ..e7234218
+      ..332610b3
+      ..559b6be2
+      ..ad483d49
+      ..dcb3853a
+..a35f9f7b
+      ..7da5133e
+      ..a0b8f74e
+      ..673b741b
+      ..1ba98962
+      ..2a7ca8f3
+      ..0a99a905
+      ..dd69a8ee
+      ..ad483d49
+      ..0c591fcd
+..a35f9f7b
+      ..32ab2c2f
+      ..fd6db1c4
+..a35f9f7b
+      ..2b2facc2
+      ..5a4c10e9
+      ..6ddb3ab3
+      ..c334d766
+..a35f9f7b
+      ..9bf8b76d
+      ..018f3af0
+..a35f9f7b
+      ..7da5133e
+      ..f5614413
+      ..ad483d49
+      ..838d6cd8
+      ..88be2ea9
+      ..89abc995
+      ..5a4c10e9
+      ..bf1cb35c
+      ..6f1a9cb9
+      ..69b6d63c
+      ..018f3af0
+..a35f9f7b
+      ..7da5133e
+      ..566933b8
+      ..ad483d49
+      ..a8c1d492
+      ..c7cdea2a
+      ..5a4c10e9
+      ..ba59cc05
+      ..ac6067c3
+..a35f9f7b
+      ..9a22784f
+      ..d71f175e
+..a35f9f7b
+      ..dab204a0
+      ..21f12d3e
+      ..fa6389da
+..a35f9f7b
+      ..e831f15d
+      ..ebdc2860
+..a35f9f7b
+      ..6a3c1ce7
+      ..83269a87
+      ..c6c4ecbd
+      ..097dad71
+      ..d1ec62c4
+..a35f9f7b
+      ..17b58561
+      ..83269a87
+      ..ad28c435
+      ..097dad71
+      ..d1ec62c4
+..a35f9f7b
+      ..ef896493
+      ..83269a87
+      ..98e9a53d
+      ..097dad71
+      ..d1ec62c4
+..a35f9f7b
+      ..2a3eda07
+      ..83269a87
+      ..24f3ed30
+      ..097dad71
+      ..d1ec62c4
+..a35f9f7b
+      ..a0a68b26
+      ..83269a87
+      ..53b7303c
+      ..097dad71
+      ..d1ec62c4
+..a35f9f7b
+      ..e2e0bfbe
+      ..83269a87
+      ..df980ea0
+      ..d1ec62c4
+      ..7b590154
+      ..47ba4d73
+      ..1bbe723e
+      ..21f12d3e
+      ..b8c312ea
+      ..70bc8931
+      ..47ba4d73
+      ..018f3af0
+..a35f9f7b
+      ..7da5133e
+      ..43de6680
+      ..36cb85ea
+      ..ad483d49
+      ..b278a5f2
+      ..5a4c10e9
+      ..7dee152c
+      ..018f3af0
+..a35f9f7b
+      ..a6752515
+      ..5a4c10e9
+      ..e5515747
+      ..734001b3
+      ..018f3af0
+..a35f9f7b
+      ..96203d4f
+      ..5961c8a3
+      ..c808998f
+      ..a666e58d
+      ..5a4c10e9
+      ..90b68f0d
+      ..0f372e94
+      ..018f3af0
+..a35f9f7b
+      ..3afb4d4b
+      ..ea7e4995
+      ..5a4c10e9
+      ..9fdb3de0
+      ..3e6f580b
+      ..018f3af0
+..a35f9f7b
+      ..1645f5bb
+      ..5a4c10e9
+      ..ff136018
+      ..018f3af0
+..a35f9f7b
+      ..032f1e9e
+      ..5a4c10e9
+      ..be3f5fff
+      ..018f3af0
+..a35f9f7b
+      ..d7c2ecb8
+      ..5a4c10e9
+      ..4e904fe2
+..a35f9f7b
+      ..9bcffdce
+      ..3edcba18
+      ..121b82bf
+      ..a2492ba6
+      ..018f3af0
+..a35f9f7b
+      ..bf33ac5f
+      ..5a4c10e9
+      ..4082e68c
+      ..9bcffdce
+      ..3edcba18
+      ..121b82bf
+      ..a2492ba6
+      ..018f3af0
+..a35f9f7b
+      ..c953d135
+      ..5a4c10e9
+      ..9c097bce
+..a35f9f7b
+      ..74dbfc74
+      ..8a9341d1
+..a35f9f7b
+      ..002e3eb0
+      ..4f1bd8da
+..a35f9f7b
+      ..9bcffdce
+      ..3edcba18
+      ..5e4fb256
+      ..a2492ba6
+      ..018f3af0
+..a35f9f7b
+      ..b2a20c2c
+      ..5a4c10e9
+      ..70009d5b
+      ..9851131e
+..a35f9f7b
+      ..746f447c
+      ..74dbfc74
+      ..d9b2ed71
+      ..82dbde65
+..a35f9f7b
+      ..192e8fe5
+      ..a619010c
+      ..7a12a3aa
+..a35f9f7b
+      ..9bcffdce
+      ..3edcba18
+      ..5ba1d8f5
+      ..a2492ba6
+      ..018f3af0
+..a35f9f7b
+      ..34602a77
+      ..dde97bfa
+      ..5a4c10e9
+      ..78a0b1f5
+      ..0c5dfc4b
+      ..a4432aa3
+..a35f9f7b
+      ..101440e4
+..a35f9f7b
+      ..fe319d48
+..a35f9f7b
+      ..de953235
+      ..371fa2f9
+      ..570f0a00
+      ..ddaa09c2
+..a35f9f7b
+      ..d05129a6
+..a35f9f7b
+      ..3ea17abb
+      ..a2492ba6
+      ..018f3af0
+..a35f9f7b
+      ..1395cc1b
+      ..dde97bfa
+      ..5a4c10e9
+      ..cca670f7
+      ..9851131e
+..a35f9f7b
+      ..bf411e3e
+      ..e57367c4
+..a35f9f7b
+      ..101440e4
+      ..fe319d48
+..a35f9f7b
+      ..bef53886
+      ..e692331b
+      ..7267536a
+      ..d05129a6
+..a35f9f7b
+      ..3ea17abb
+      ..a2492ba6
+      ..018f3af0
+..a35f9f7b
+      ..555c6e8d
+      ..5a4c10e9
+      ..bf1cb35c
+      ..21c0262e
+      ..81206d31
+      ..018f3af0
+..a35f9f7b
+      ..b77757ae
+      ..5a4c10e9
+      ..0873de07
+      ..91cd35c4
+      ..4016ee9c
+      ..44d1f9e5
+      ..e1343533
+      ..018f3af0
+..a35f9f7b
+      ..3305e69c
+      ..5a4c10e9
+      ..cc035346
+      ..91cd35c4
+      ..c85fd450
+      ..619cce4f
+      ..b820d460
+      ..619cce4f
+      ..59fb1b1b
+      ..21f12d3e
+      ..0cb33c61
+      ..a343a450
+      ..f97879c0
+      ..b8b603ec
+      ..2be20d0d
+..a35f9f7b
+      ..3c4374a9
+      ..47ba4d73
+      ..00e78543
+      ..21f12d3e
+      ..0a8688ff
+      ..9313dd96
+      ..79b7b4fe
+      ..37ce8657
+      ..82138627
+      ..ebdc2860
+      ..6b74c1f2
+      ..5d081a1a
+      ..7b590154
+      ..be466044
+      ..e6046662
+      ..ca2a809d
+      ..6bfe16e9
+      ..8e2ef7de
+      ..6c2c91d1
+      ..a9fc2041
+      ..5d2b698f
+..a35f9f7b
+      ..3c4374a9
+      ..47ba4d73
+      ..018f3af0
+..a35f9f7b
+      ..40b9bac3
+      ..5a4c10e9
+      ..523c09c5
+      ..04d989c0
+..a35f9f7b
+      ..8f609ab8
+      ..3ed764b8
+      ..6e353361
+..a35f9f7b
+      ..72a52822
+..a35f9f7b
+      ..198b03dd
+..a35f9f7b
+      ..e2cc8a7a
+      ..21f12d3e
+      ..58a0f47a
+      ..c3cfedf6
+..a35f9f7b
+      ..c30eb849
+      ..9cc94358
+      ..abb3395c
+      ..47ba4d73
+      ..00e78543
+      ..21f12d3e
+      ..0a8688ff
+      ..9313dd96
+      ..ae3f8714
+      ..37ce8657
+..a35f9f7b
+      ..82138627
+      ..ebdc2860
+      ..6b74c1f2
+      ..5d081a1a
+      ..7b590154
+..a35f9f7b
+      ..f85baf13
+..a35f9f7b
+      ..be466044
+      ..e6046662
+      ..67432f7d
+      ..6bfe16e9
+      ..c6f97fda
+..a35f9f7b
+      ..84925450
+      ..5d2b698f
+..a35f9f7b
+      ..70334a0c
+      ..47ba4d73
+..a35f9f7b
+      ..45f46b4f
+      ..f05baa03
+      ..21f12d3e
+      ..41a9d84f
+      ..00464e8c
+      ..47ba4d73
+      ..5fb5e078
+      ..018f3af0
+..a35f9f7b
+      ..5693aa3c
+      ..5a4c10e9
+      ..6aa73553
+      ..018f3af0
+..a35f9f7b
+      ..863d7681
+      ..5a4c10e9
+      ..44034b6e
+      ..018f3af0
+..a35f9f7b
+      ..6ea52d0a
+      ..5a4c10e9
+      ..0f11256c
+      ..a8915afb
+      ..7cb703e8
+      ..21f12d3e
+      ..69540beb
+      ..906a9f65
+      ..47ba4d73
+      ..7bf2cd23
+      ..018f3af0
+    }..a3dbdb40
+}..ab0526cf
--- /de..759ab013
+using ..947b44c9
+..a35f9f7b
+namesp..ffc903d3
+{..709fab74
+    pu..d84e976a
+    {..c2e71962
+      ..7215efd5
+    }..a3dbdb40
+}..ab0526cf
--- /de..759ab013
+namesp..ffc903d3
+{..709fab74
+    pu..1d28dfbb
+    {..c2e71962
+      ..a817c6ff
+..a35f9f7b
+      ..3f6df76a
+      ..5a4c10e9
+      ..d9fb9fe0
+      ..018f3af0
+..a35f9f7b
+      ..49d6b5eb
+..a35f9f7b
+      ..d990c911
+      ..5a4c10e9
+      ..597d9e02
+      ..018f3af0
+    }..a3dbdb40
+}..ab0526cf
+++ /de..4e18ecb5
-﻿usi..b299ca7f
-using ..2eddd13c
-using ..2764eac3
-using ..27260dfa
-..cfa33646
-namesp..9b8bf6af
-{..317302f7
-	// Im..0115c1e8
-	publi..778a20f6
-	{..5a11946b
-		#reg..d217de21
-..cfa33646
-		publ..aa3ba613
-..cfa33646
-		priv..dea40d9e
-..cfa33646
-		#end..3e08c1f5
-..cfa33646
-		#reg..dfe1ba93
-..cfa33646
-		publ..ba18353a
-		{..fb2c0ebc
-			var..e348a423
-			var..a54b9de5
-			ret..ea72955c
-		}..704bfffd
-..cfa33646
-		//Re..ab8df676
-		publ..ae5173c3
-		{..fb2c0ebc
-			var..6caad5b5
-			var..fa2e1aa7
-			var..83b60262
-			if ..071a5d2b
-				re..874074cd
-			ret..9c5bb0bc
-		}..704bfffd
-..cfa33646
-		publ..ffa38bcb
-		{..fb2c0ebc
-			// ..0d8a1b74
-			Big..99c5031e
-			for..a049dbcf
-				in..11dd8122
-..cfa33646
-			// ..bbf2cb03
-			var..1e0851dd
-			whi..81fb86a7
-			{..d85d414e
-				va..ec87bc36
-				in..675e5d21
-				re..518a3c63
-			}..aee1ff87
-..cfa33646
-			// ..a1e9d8d0
-			for..2625c49f
-				re..3077f535
-			ret..97871f43
-		}..704bfffd
-..cfa33646
-		publ..f47051fd
-		{..fb2c0ebc
-			ret..fc653046
-		}..704bfffd
-..cfa33646
-		publ..f1d5b147
-		{..fb2c0ebc
-			// ..b490af91
-			Big..99c5031e
-			for..32f0f63e
-			{..d85d414e
-				va..7a12d0ec
-				if..7e811497
-					t..7d3b8d4d
-				in..e4df59d5
-			}..aee1ff87
-..cfa33646
-			// ..1edd82ad
-			// ..bf6f9467
-			var..db586269
-			var..ed198eb8
-			var..a6ee87c1
-				in..741dcb69
-					...323c46b0
-					...b8ae5829
-			var..78eb28e8
-			ret..97871f43
-		}..704bfffd
-..cfa33646
-		// T..86484fe0
-		publ..4068c189
-		{..fb2c0ebc
-			var..3927f0b1
-			var..fe123543
-..cfa33646
-			if ..6d24667a
-				th..7d27477c
-..cfa33646
-			ret..8a76e9ef
-		}..704bfffd
-..cfa33646
-		priv..c740234b
-		{..fb2c0ebc
-			usi..56b1fc1e
-			{..d85d414e
-				va..12305549
-				va..279aa162
-..cfa33646
-..cfa33646
-				va..68b89caa
-				Bu..8c95741e
-..cfa33646
-				re..874074cd
-			}..aee1ff87
-		}..704bfffd
-..cfa33646
-		#end..3e08c1f5
-	}..82a13bb3
-}..d2d5e650