--- /de..759ab013
+﻿usi..60ab7197
+using ..947b44c9
+using ..b14e5875
+using ..ae2bf3c9
+using ..9a391948
+using ..45b80645
+using ..95137e06
+using ..9993ef66
+using ..cade5868
+using ..bfdcf09e
+..a35f9f7b
+namesp..7bbce978
+{..709fab74
+..a35f9f7b
+	/// <..2dacff59
+	/// A..4352e2a7
+	/// <..c883834d
+	publi..b0b6f6b9
+	{..178702cd
+		/// ..ee0935a6
+		/// ..83acb10f
+		/// ..b633b6e1
+		publ..b07156d5
+		/// ..ee0935a6
+		/// ..68ddcb52
+		/// ..2890926f
+		/// ..b633b6e1
+		publ..63a919ae
+		/// ..ee0935a6
+		/// ..d6e98d67
+		/// ..a12e4e19
+		/// ..b633b6e1
+		publ..09f7cc19
+		/// ..ee0935a6
+		/// ..289129e8
+		/// ..b633b6e1
+		publ..84a0c347
+		/// ..ee0935a6
+		/// ..4cacb6cd
+		/// ..b633b6e1
+		publ..ffd287b8
+..a35f9f7b
+		/// ..ee2694f3
+		/// ..f8a3298f
+		/// ..d7f2fa67
+		/// ..ba7bf7db
+		/// ..99005676
+		publ..026029f1
+			Enc..72b350e0
+		{..c5f16b5a
+			thi..ad02d186
+			thi..d120ebeb
+			thi..94462eda
+			thi..7946093b
+			thi..fd2d1b02
+		}..70e1fcb8
+..a35f9f7b
+		/// ..ee2694f3
+		/// ..74d6683b
+		/// ..d7f2fa67
+		/// ..ba7bf7db
+		/// ..99005676
+		publ..4a4f4697
+			Enc..72b350e0
+		{..c5f16b5a
+			thi..ad02d186
+			thi..f1feec1f
+			thi..94462eda
+			thi..7946093b
+			thi..fd2d1b02
+		}..70e1fcb8
+..a35f9f7b
+..a35f9f7b
+		/// ..ee0935a6
+		/// ..5a2425b4
+		/// ..b633b6e1
+		/// ..e7c18071
+		/// ..62d154af
+		/// ..ab936985
+		publ..963cad15
+		{..c5f16b5a
+			if ..12ac5ecc
+			{..56211d6f
+				th..4b04bdfa
+			}..f712fe90
+			ret..0bf4024c
+		}..70e1fcb8
+..a35f9f7b
+		priv..82139546
+		{..c5f16b5a
+			JTo..1f659bd3
+			Jso..a8362c6b
+			swi..470fff15
+			{..56211d6f
+				ca..a0c77b4a
+					R..8533b61f
+					r..a4cd959f
+				ca..8b754cf3
+					r..9340a027
+				de..6032a8fc
+					t..951ea0c8
+			}..f712fe90
+		}..70e1fcb8
+..a35f9f7b
+		/// ..ee0935a6
+		/// ..da4b0c07
+		/// ..b633b6e1
+		/// ..e45a6297
+		/// ..62d154af
+		/// ..5e630c18
+		/// ..ab936985
+		publ..8fb1f0e8
+		{..c5f16b5a
+			if ..56fe0042
+			{..56211d6f
+				th..523cb846
+			}..f712fe90
+			Rpc..715ed1d0
+			ret..0345ede4
+		}..70e1fcb8
+..a35f9f7b
+		/// ..ee0935a6
+		/// ..46721d50
+		/// ..b633b6e1
+		/// ..e54d0276
+		/// ..1728b56b
+		/// ..7993eaac
+		publ..7c42bd10
+		{..c5f16b5a
+			if ..64d87b05
+			{..56211d6f
+				th..b2d39e1b
+			}..f712fe90
+			Lis..97a28bbb
+			ret..310b54b0
+		}..70e1fcb8
+..a35f9f7b
+		priv..038975d6
+		{..c5f16b5a
+			JTo..1f659bd3
+			Jso..a8362c6b
+			swi..470fff15
+			{..56211d6f
+				ca..a0c77b4a
+					R..8533b61f
+					r..79d01547
+				ca..8b754cf3
+					r..4a2bb21d
+				de..6032a8fc
+					t..610762fe
+			}..f712fe90
+		}..70e1fcb8
+..a35f9f7b
+		/// ..ee0935a6
+		/// ..f2c22b93
+		/// ..b633b6e1
+		/// ..fc62491e
+		/// ..a7f9ff34
+		/// ..62d154af
+		/// ..c3163d82
+		priv..9503b86a
+		{..c5f16b5a
+			try..e0ca545e
+			{..56211d6f
+				us..429b273e
+				{..db34c583
+					h..2b9c8e2c
+..a35f9f7b
+					s..46202cf7
+					H..bf4d7ceb
+					H..a2a84dcf
+					h..9896efe9
+..a35f9f7b
+					s..b01195c7
+..a35f9f7b
+					t..fc1f02c0
+					{..0e286cc6
+						..b8271a1b
+					}..10a0f45a
+					c..fc246d1a
+					{..0e286cc6
+						..ecbbbe74
+					}..10a0f45a
+				}..6b11c397
+			}..f712fe90
+			cat..941f2478
+			{..56211d6f
+				th..7f1d2707
+			}..f712fe90
+		}..70e1fcb8
+..a35f9f7b
+		priv..8321d68d
+		{..c5f16b5a
+			Htt..200d4dc1
+			htt..2fca4d7b
+			ret..19ce70e8
+		}..70e1fcb8
+	}..b1cbd937
+}..ab0526cf
--- /de..759ab013
+﻿usi..60ab7197
+using ..9a391948
+..a35f9f7b
+namesp..7bbce978
+{..709fab74
+	/// <..2dacff59
+	/// B..ce2be853
+	/// f..52f608db
+	/// <..c883834d
+	publi..47cbfa16
+	{..178702cd
+		/// ..1e188e2c
+		prot..61b904f2
+		{..c5f16b5a
+..a35f9f7b
+		}..70e1fcb8
+..a35f9f7b
+		/// ..1e188e2c
+		/// ..5dd71f42
+		prot..7ed92a63
+		{..c5f16b5a
+..a35f9f7b
+		}..70e1fcb8
+	}..b1cbd937
+..a35f9f7b
+	/// <..2dacff59
+	/// E..a704d8e1
+	/// <..c883834d
+	publi..740d5083
+	{..178702cd
+		/// ..1e188e2c
+		publ..2ca5d2ff
+		{..c5f16b5a
+		}..70e1fcb8
+..a35f9f7b
+		/// ..1e188e2c
+		/// ..5dd71f42
+		publ..bf4f6f58
+		{..c5f16b5a
+		}..70e1fcb8
+	}..b1cbd937
+..a35f9f7b
+	/// <..2dacff59
+	/// E..9d3b6dd1
+	/// <..c883834d
+	publi..23c0d210
+	{..178702cd
+		/// ..1e188e2c
+		publ..f2300470
+		{..c5f16b5a
+		}..70e1fcb8
+..a35f9f7b
+		/// ..1e188e2c
+		/// ..5dd71f42
+		publ..81d5575d
+		{..c5f16b5a
+		}..70e1fcb8
+	}..b1cbd937
+}..ab0526cf
--- /de..759ab013
+﻿usi..60ab7197
+using ..9a391948
+using ..45b80645
+..a35f9f7b
+namesp..7bbce978
+{..709fab74
+	publi..b7e350d1
+	{..178702cd
+		/// ..ee0935a6
+		/// ..93d75eaf
+		/// ..7b75cf53
+		/// ..b633b6e1
+		/// ..5ea1d61b
+		/// ..77478849
+		/// ..bb79b82d
+		/// ..9709c656
+		publ..ea3a8047
+		{..c5f16b5a
+			if ..4655da9f
+			{..56211d6f
+				if..875be5bb
+				{..db34c583
+					t..484c41fc
+				}..6b11c397
+				re..f511e866
+			}..f712fe90
+			try..e0ca545e
+			{..56211d6f
+				if..b4acc037
+				{..db34c583
+					r..43ad7d11
+				}..6b11c397
+				el..79e5165e
+				{..db34c583
+					J..826e4d0f
+					r..ff7d0965
+				}..6b11c397
+			}..f712fe90
+			cat..9a5db34d
+			{..56211d6f
+				th..e3cfa3a5
+			}..f712fe90
+		}..70e1fcb8
+	}..b1cbd937
+}..ab0526cf
--- /de..759ab013
+﻿nam..3793b492
+{..709fab74
+	/// <..2dacff59
+	/// E..3f6b69cb
+	/// <..c883834d
+	publi..2eb74abc
+	{..178702cd
+		Pars..98dd6645
+		Inva..b4592973
+		Meth..62e6fcbe
+		Inva..bc2d58a5
+		Inte..b211a06a
+	}..b1cbd937
+..a35f9f7b
+	publi..e816d2f7
+	{..178702cd
+		/// ..ee0935a6
+		/// ..6e288267
+		/// ..b633b6e1
+		publ..cda4dc01
+	}..b1cbd937
+}..ab0526cf
--- /de..759ab013
+﻿usi..60ab7197
+using ..45b80645
+..a35f9f7b
+namesp..ff2e7631
+{..709fab74
+	/// <..2dacff59
+	/// C..0b489f8e
+	/// <..c883834d
+	publi..0dc1cb24
+	{..178702cd
+		/// ..ee0935a6
+		/// ..84c1cea7
+		/// ..b633b6e1
+		/// ..59d55291
+		/// ..37a958a0
+		/// ..349c630e
+		publ..e8b6116a
+		{..c5f16b5a
+			val..9bd1dc8a
+			wri..4f1bc5c1
+		}..70e1fcb8
+..a35f9f7b
+		/// ..ee0935a6
+		/// ..735367c1
+		/// ..b633b6e1
+		/// ..78112037
+		/// ..28dfcc6e
+		/// ..576343e2
+		/// ..349c630e
+		/// ..b8416434
+		publ..f72f52c1
+		{..c5f16b5a
+			ret..e50effd8
+		}..70e1fcb8
+..a35f9f7b
+		/// ..ee0935a6
+		/// ..83fb3220
+		/// ..b633b6e1
+		/// ..ae730fb3
+		/// ..71399d60
+		/// ..51a77897
+		priv..95c80125
+		{..c5f16b5a
+			if ..63a68550
+			{..56211d6f
+				re..019b0ffd
+			}..f712fe90
+			if ..452183d9
+			{..56211d6f
+				th..2100e23c
+			}..f712fe90
+			str..bf92c462
+			if ..d7743cea
+			{..56211d6f
+				va..4827dd8b
+			}..f712fe90
+			ret..c2323e41
+		}..70e1fcb8
+..a35f9f7b
+		/// ..ee0935a6
+		/// ..3afacb2f
+		/// ..b633b6e1
+		/// ..61e1d282
+		/// ..74f7001f
+		publ..4a8d5d27
+		{..c5f16b5a
+			ret..e71d69ec
+		}..70e1fcb8
+..a35f9f7b
+		/// ..ee0935a6
+		/// ..5a50a935
+		/// ..b633b6e1
+		/// ..c3f7be85
+		/// ..7474821f
+		priv..47e15d08
+		{..c5f16b5a
+			ret..ed063200
+					|..abed8295
+					|..67a581f7
+					|..4089e1f6
+					|..a1ae6a5d
+					|..df1268b1
+		}..70e1fcb8
+	}..b1cbd937
+}..ab0526cf
--- /de..759ab013
+﻿usi..60ab7197
+using ..947b44c9
+using ..45b80645
+using ..95137e06
+using ..b14e5875
+..a35f9f7b
+namesp..ff2e7631
+{..709fab74
+	/// <..2dacff59
+	/// J..fce02d93
+	/// <..c883834d
+	publi..0ba96f28
+	{..178702cd
+		/// ..ee0935a6
+		/// ..280982fc
+		/// ..b633b6e1
+		/// ..59d55291
+		/// ..37a958a0
+		/// ..349c630e
+		publ..e8b6116a
+		{..c5f16b5a
+			ser..e1e2f125
+		}..70e1fcb8
+..a35f9f7b
+		/// ..ee0935a6
+		/// ..735367c1
+		/// ..b633b6e1
+		/// ..78112037
+		/// ..28dfcc6e
+		/// ..576343e2
+		/// ..349c630e
+		/// ..b8416434
+		publ..f72f52c1
+		{..c5f16b5a
+			swi..6bbeec7e
+			{..56211d6f
+				ca..51a605e9
+					t..fc1f02c0
+					{..0e286cc6
+						..f03dbd8f
+						..8ec06ca6
+					}..10a0f45a
+					c..1cd7aa95
+					{..0e286cc6
+						..b2e07902
+					}..10a0f45a
+				ca..82c298f0
+					r..c92e6aef
+				ca..1791ce95
+					r..f7ec3221
+			}..f712fe90
+			thr..4a497e5d
+		}..70e1fcb8
+..a35f9f7b
+		/// ..ee0935a6
+		/// ..3afacb2f
+		/// ..b633b6e1
+		/// ..61e1d282
+		/// ..74f7001f
+		publ..4a8d5d27
+		{..c5f16b5a
+			ret..8c9ec2cb
+		}..70e1fcb8
+	}..b1cbd937
+}..ab0526cf
--- /de..759ab013
+﻿usi..904b03b0
+using ..51d5e52c
+..a35f9f7b
+namesp..3e00490c
+{..709fab74
+	/// <..2dacff59
+	/// B..ffc59133
+	/// <..c883834d
+	publi..5ce9e7fb
+	{..178702cd
+		/// ..ee0935a6
+		/// ..66420307
+		/// ..b633b6e1
+		publ..d422387d
+		/// ..ee0935a6
+		/// ..7d958a4f
+		/// ..b633b6e1
+		publ..b4aeed84
+..a35f9f7b
+		/// ..2c595422
+		/// ..1e188e2c
+		/// ..15d44576
+		/// ..019fba73
+		prot..3e33a88f
+		{..c5f16b5a
+			thi..8021a78a
+			thi..bd98d53c
+		}..70e1fcb8
+..a35f9f7b
+		/// ..15f3ab54
+		prot..5812b238
+		{..c5f16b5a
+..a35f9f7b
+		}..70e1fcb8
+	}..b1cbd937
+..a35f9f7b
+	/// <..2dacff59
+	/// E..a6dfbe2d
+	/// <..c883834d
+	publi..2b4fe4cb
+	{..178702cd
+		inte..0256894e
+		{..c5f16b5a
+		}..70e1fcb8
+..a35f9f7b
+		/// ..1e188e2c
+		publ..aa868a71
+		{..c5f16b5a
+		}..70e1fcb8
+	}..b1cbd937
+..a35f9f7b
+	/// <..2dacff59
+	/// E..4d7a374c
+	/// <..c883834d
+	publi..d202d748
+	{..178702cd
+		inte..b834defc
+		{..c5f16b5a
+		}..70e1fcb8
+		publ..9af27333
+		{..c5f16b5a
+		}..70e1fcb8
+	}..b1cbd937
+..a35f9f7b
+	/// <..2dacff59
+	/// E..11c679cd
+	/// <..c883834d
+	publi..5ccbc748
+	{..178702cd
+		inte..f9ce083c
+		{..c5f16b5a
+		}..70e1fcb8
+		publ..3576e3a1
+		{..c5f16b5a
+		}..70e1fcb8
+	}..b1cbd937
+..a35f9f7b
+	/// <..2dacff59
+	/// E..8fca10b5
+	/// <..c883834d
+	publi..daa9ff8d
+	{..178702cd
+		inte..0fbc716a
+		{..c5f16b5a
+		}..70e1fcb8
+..a35f9f7b
+		/// ..1e188e2c
+		/// ..019fba73
+		publ..2c1e96bb
+		{..c5f16b5a
+		}..70e1fcb8
+	}..b1cbd937
+..a35f9f7b
+	/// <..2dacff59
+	/// E..eaba8e68
+	/// <..c883834d
+	publi..bf7ef557
+	{..178702cd
+		inte..76595e35
+		{..c5f16b5a
+		}..70e1fcb8
+..a35f9f7b
+		/// ..1e188e2c
+		publ..584b05b7
+		{..c5f16b5a
+		}..70e1fcb8
+	}..b1cbd937
+..a35f9f7b
+..a35f9f7b
+	/// <..2dacff59
+	/// C..8e12a0e8
+	/// <..c883834d
+	publi..8c8eaca1
+	{..178702cd
+		inte..bb5566c2
+		{..c5f16b5a
+		}..70e1fcb8
+..a35f9f7b
+		publ..75bf17ed
+		{..c5f16b5a
+		}..70e1fcb8
+	}..b1cbd937
+}..ab0526cf
--- /de..759ab013
+﻿usi..84e0ec8b
+using ..4ef91a67
+using ..45b80645
+..a35f9f7b
+// ReS..2bc6a3aa
+// ReS..52e402e1
+..a35f9f7b
+namesp..3e00490c
+{..709fab74
+	/// <..2dacff59
+	///  ..8c272756
+	/// <..c883834d
+	[Json..799ce50b
+	publi..2034ab01
+	{..178702cd
+		#reg..327cfb7c
+..a35f9f7b
+		[Jso..1d8638a7
+		priv..15445229
+		{..c5f16b5a
+		}..70e1fcb8
+..a35f9f7b
+		/// ..fcf3aec4
+		/// ..388db29d
+		/// ..19d44d68
+		publ..9dd80b0f
+		{..c5f16b5a
+			Id ..f482983d
+			Jso..1a94b135
+			Met..f98465ea
+			Raw..ee53d26a
+		}..70e1fcb8
+..a35f9f7b
+		/// ..fcf3aec4
+		/// ..388db29d
+		/// ..a52a3838
+		publ..d55339df
+		{..c5f16b5a
+			Id ..f482983d
+			Jso..1a94b135
+			Met..f98465ea
+			Raw..d6d863ce
+		}..70e1fcb8
+..a35f9f7b
+		#end..2ce4377b
+..a35f9f7b
+		#reg..028d7bf1
+..a35f9f7b
+		/// ..ee0935a6
+		/// ..c634a2f4
+		/// ..b633b6e1
+		[Jso..9870fb8b
+		[Jso..eab337b1
+		publ..1e63c435
+..a35f9f7b
+		/// ..ee0935a6
+		/// ..71a2559b
+		/// ..b633b6e1
+		[Jso..7b33aa51
+		publ..798a794c
+..a35f9f7b
+		/// ..ee0935a6
+		/// ..0af286b3
+		/// ..b633b6e1
+		[Jso..7b5a731b
+		publ..d6726e11
+..a35f9f7b
+		/// ..ee0935a6
+		/// ..ce46500b
+		/// ..b633b6e1
+		[Jso..39a133a7
+		[Jso..a53676cb
+		publ..d0c1d801
+..a35f9f7b
+		/// ..ee0935a6
+		/// ..bea77800
+		/// ..b633b6e1
+		[Jso..1c6be103
+		publ..101cefab
+..a35f9f7b
+		/// ..ee0935a6
+		/// ..912c445d
+		/// ..b633b6e1
+		[Jso..1c6be103
+		publ..34302c64
+..a35f9f7b
+		#end..2ce4377b
+	}..b1cbd937
+}..ab0526cf
--- /de..759ab013
+﻿usi..60ab7197
+using ..4ef91a67
+using ..45b80645
+using ..95137e06
+..a35f9f7b
+// ReS..2bc6a3aa
+// ReS..52e402e1
+..a35f9f7b
+namesp..3e00490c
+{..709fab74
+	[Json..799ce50b
+	publi..39ff1af4
+	{..178702cd
+		#reg..327cfb7c
+..a35f9f7b
+		[Jso..1d8638a7
+		prot..18fcd1a5
+		{..c5f16b5a
+		}..70e1fcb8
+..a35f9f7b
+		/// ..fcf3aec4
+		prot..14b7a828
+		{..c5f16b5a
+			Id ..f482983d
+		}..70e1fcb8
+..a35f9f7b
+		/// ..fcf3aec4
+		/// ..d1ce7853
+		publ..d56bc90b
+		{..c5f16b5a
+			Err..2a6485b9
+		}..70e1fcb8
+..a35f9f7b
+		/// ..fcf3aec4
+		/// ..799c0543
+		publ..ba718a30
+		{..c5f16b5a
+			Res..3ab9ff7a
+		}..70e1fcb8
+..a35f9f7b
+		#end..2ce4377b
+..a35f9f7b
+		#reg..028d7bf1
+..a35f9f7b
+		/// ..ee0935a6
+		/// ..05538734
+		/// ..b633b6e1
+		[Jso..60518779
+		[Jso..eab337b1
+		publ..1e63c435
+..a35f9f7b
+		/// ..ee0935a6
+		/// ..fcb5571f
+		/// ..b633b6e1
+		[Jso..7b33aa51
+		publ..85f0f3b5
+..a35f9f7b
+		/// ..ee0935a6
+		/// ..4bbf230c
+		/// ..b633b6e1
+		[Jso..e9a14011
+		publ..8807dc56
+..a35f9f7b
+		/// ..ee0935a6
+		/// ..07e77ca7
+		/// ..b633b6e1
+		[Jso..c890826f
+		publ..82b73589
+..a35f9f7b
+		[Jso..1c6be103
+		publ..b850035c
+..a35f9f7b
+		#end..2ce4377b
+..a35f9f7b
+		#reg..012096d5
+..a35f9f7b
+		publ..ec14b8e7
+		{..c5f16b5a
+			if ..196b2953
+				th..e88af030
+		}..70e1fcb8
+..a35f9f7b
+		#end..2ce4377b
+	}..b1cbd937
+..a35f9f7b
+	/// <..2dacff59
+	///  ..939066c7
+	/// <..c883834d
+	[Json..799ce50b
+	publi..e7a92ec0
+	{..178702cd
+		#reg..327cfb7c
+..a35f9f7b
+		[Jso..1d8638a7
+		priv..797d65a9
+		{..c5f16b5a
+		}..70e1fcb8
+..a35f9f7b
+		/// ..6032135d
+		/// ..1067ae3d
+		/// ..0067168b
+		/// ..e25d46a0
+		publ..6c014eff
+		{..c5f16b5a
+			if ..5ea8fe2e
+				th..0db5c288
+			Cod..b18d214f
+			Mes..45867fbc
+			Dat..2b59ff7f
+		}..70e1fcb8
+..a35f9f7b
+		/// ..fedf1222
+		/// ..1e188e2c
+		/// ..45f6907f
+		publ..7cdba8dc
+		{..c5f16b5a
+		}..70e1fcb8
+..a35f9f7b
+		/// ..fedf1222
+		/// ..1e188e2c
+		/// ..45f6907f
+		publ..5a9000cb
+		{..c5f16b5a
+			if ..ee3c0f62
+				th..f9c9f8f8
+			Cod..3c2bed01
+			Mes..e55d1d1b
+			Dat..b490a2d1
+		}..70e1fcb8
+..a35f9f7b
+		#end..2ce4377b
+..a35f9f7b
+		#reg..028d7bf1
+..a35f9f7b
+		/// ..ee0935a6
+		/// ..94acf6cb
+		/// ..b633b6e1
+		[Jso..c863cf59
+		publ..dcbba408
+..a35f9f7b
+		/// ..ee0935a6
+		/// ..8d8c927c
+		/// ..b633b6e1
+		[Jso..42b87486
+		publ..d316bab9
+..a35f9f7b
+		/// ..ee0935a6
+		/// ..d3f0f0e7
+		/// ..b633b6e1
+		[Jso..bdd7368b
+		publ..d4a28e43
+..a35f9f7b
+		#end..2ce4377b
+..a35f9f7b
+		#reg..012096d5
+..a35f9f7b
+		publ..81d35e11
+		{..c5f16b5a
+			Rpc..71a3bc14
+			swi..ea328930
+			{..56211d6f
+				ca..80092910
+					e..6ee67971
+					b..27186027
+				ca..52988c8c
+					e..7f5b88bd
+					b..27186027
+				ca..3c335040
+					e..95f6ea9b
+					b..27186027
+				ca..b94b3b56
+					e..6e6c6e0d
+					b..27186027
+				ca..3ff55977
+					e..6e6c6e0d
+					b..27186027
+				de..6032a8fc
+					e..893242ee
+					b..27186027
+			}..f712fe90
+			ret..1c796d3f
+		}..70e1fcb8
+..a35f9f7b
+		priv..19f9ba54
+		{..c5f16b5a
+			var..01b9b7c9
+			if ..45d88dab
+				me..ef0140e1
+			ret..d4d2767a
+		}..70e1fcb8
+..a35f9f7b
+		#end..2ce4377b
+	}..b1cbd937
+}..ab0526cf