+++ /de..4e18ecb5
-﻿usi..2a21256c
-..cfa33646
-namesp..5968b750
-{..317302f7
-	inter..6217f860
-	{..5a11946b
-		#reg..d217de21
-..cfa33646
-		priv..7fe6ca0a
-..cfa33646
-		#end..3e08c1f5
-..cfa33646
-		#reg..df72a2f8
-..cfa33646
-		publ..2a217263
-		{..fb2c0ebc
-			Sec..c7295a32
-		}..704bfffd
-..cfa33646
-		#end..3e08c1f5
-	}..82a13bb3
-}..d2d5e650
+using ..1c894e2c
+using ..b7b0c7aa
-using ..3ed988a0
-using ..d9df708e
-			var..d15865b7
-			ret..bcbb0f02
+			usi..c299fc7c
+			usi..ee11c868
+				re..05325ee0
-		publ..2eb50db6
+		publ..ae81fdf6
+			IRe..c1de4c3b
-			var..189aa3fa
-			var..fc24c8d8
-			awa..039e5b71
-			ret..8d16e9c1
+			usi..05639e12
+			usi..0d7ae5c1
+			{..56211d6f
+				va..8d928387
+				va..7f172060
+				aw..03a6cb58
+				re..ff7664b9
+			}..f712fe90
-		priv..9cd732ff
+		priv..62fbbbae
-			var..1ae66500
-			ret..e069d106
-			//	..4eee92ea
+			usi..cb71dccd
+			usi..ac3dc0a1
+			usi..77599d4a
+			{..56211d6f
+				en..a172f6a6
+				bi..68254227
+				us..0041996e
+				us..f387be96
+					r..1356e596
+			}..f712fe90
-    pu..3a28a083
-    {..26f98a9a
-      ..22ee4ec4
-..cfa33646
-      ..c78a1364
-      ..96175c86
-      ..fc125b5a
-      ..b6a55fb2
-      ..89bd1815
-      ..d6467e37
-      ..29485310
-..cfa33646
-      ..6003bf1a
-      ..96175c86
-      ..df454262
-      ..fcc88810
-      ..11035279
-      ..04cf0cfe
-      ..22029e73
-      ..a196fc87
-      ..331039b1
-      ..29485310
-..cfa33646
-      ..8f29fe72
-      ..96175c86
-      ..df454262
-      ..fcc88810
-      ..11035279
-      ..04cf0cfe
-      ..e82e8907
-      ..a196fc87
-      ..331039b1
-      ..29485310
-..cfa33646
-      ..d089b100
-      ..96175c86
-      ..a9241868
-      ..b6a55fb2
-      ..732c05ca
-      ..d6467e37
-      ..29485310
-..cfa33646
-      ..c302d2b0
-..cfa33646
-      ..e9392eee
-..cfa33646
-      ..1963d7ea
-..cfa33646
-      ..adb432d5
-..cfa33646
-      ..c302d2b0
-    }..d4154ec4
+	publi..7985f9f5
+	{..178702cd
+		#reg..01cbb311
+..a35f9f7b
+		publ..79032c25
+		{..c5f16b5a
+			var..572c55e8
+			if ..59af264a
+				re..13af597e
+			ret..b85e9a75
+		}..70e1fcb8
+..a35f9f7b
+		publ..48fbb63f
+		{..c5f16b5a
+			ret..ad3f53f5
+			{..56211d6f
+				us..dd47c4f6
+				us..45d3d6e9
+				{..db34c583
+					r..0ad2daf4
+				}..6b11c397
+			});..9488666b
+		}..70e1fcb8
+..a35f9f7b
+		publ..4fe4460f
+		{..c5f16b5a
+			ret..ad3f53f5
+			{..56211d6f
+				us..dd47c4f6
+				{..db34c583
+					r..2ec07c87
+				}..6b11c397
+			});..9488666b
+		}..70e1fcb8
+..a35f9f7b
+		publ..b5c2eaa4
+		{..c5f16b5a
+			var..594789e2
+			if ..59af264a
+				re..aa7bb578
+			ret..b85e9a75
+		}..70e1fcb8
+..a35f9f7b
+		#end..2ce4377b
+..a35f9f7b
+		#reg..012096d5
+..a35f9f7b
+		prot..6c8539ce
+..a35f9f7b
+		prot..834b2974
+..a35f9f7b
+		#end..2ce4377b
+	}..b1cbd937
-using ..a73d137d
+using ..b7b0c7aa
-using ..3ed988a0
+using ..9192c3df
-	publi..03331c05
+	publi..90c9423f
-		priv..6baad77e
+		priv..1292566d
-		stat..af293cae
-		{..fb2c0ebc
-			Ran..e8b01913
-		}..704bfffd
-..cfa33646
-		#reg..1e32edee
-..cfa33646
-		inte..f6322885
-		{..fb2c0ebc
-			get..85343da9
-			{..d85d414e
-				if..34f9c3e0
-					_..98a7b39a
-				re..800ac0ae
-			}..aee1ff87
-		}..704bfffd
-..cfa33646
-		#end..3e08c1f5
-..cfa33646
-			var..ad6ff0f2
+			var..372d0c49
-				st..da23b0d6
+				st..5d25ff26
-			ret..fab1b351
+			try..e0ca545e
+			{..56211d6f
+				us..295fe084
+					r..a62bf2ac
+			}..f712fe90
+			cat..c66f1932
+			{..56211d6f
+				re..d600b63f
+			}..f712fe90
-			ret..c71cef66
+			ret..ad3f53f5
+			{..56211d6f
+				us..b0ef23e9
+					r..993e053d
+			});..9488666b