-			// ..8c572bf9
-			pub..dfcc9ff4
-..47dd73f4
-			pub..4049e802
+			pub..26990c5a
-			pub..528094e8
+			pub..4ff736ca
-			pub..55d84a9b
+			pub..7573d28a
-			pub..7c607c37
+			pub..8e063135
-			pub..1aba0826
+			pub..cd6f55b8
-			pub..e2985554
+			pub..b3b8824a
+..b67c52f0
+			// ..a6b0f3a1
+			pub..24cfa993
-			// ..b598db8d
-			pub..f69ad830
-..47dd73f4
-			pub..d9b31d0c
+			pub..529cb6e5
-			pub..95ae049d
+			pub..88a0cf96
-			pub..5ce7f996
+			pub..8b6bd9e1
-			pub..a97ba8d5
+			pub..97bbab7e
+..b67c52f0
+			// ..aae69333
+			pub..c39b68cf
-			// ..f4544214
-			pub..667f5d86
-..47dd73f4
-			pub..e3f87146
+			pub..5d7046f4
-			pub..445364c8
+			pub..8ff51c01
-			pub..352771f0
+			pub..d8f0b9f5
-			pub..88c1ff5e
+			pub..46af07d5
-			pub..0d2bea7c
+			pub..ac8cfa01
-			pub..ade26330
+			pub..a3b0ea8e
-			pub..44502a5b
+			pub..782282af
+..b67c52f0
+			// ..8e68e99f
+			pub..0941a847
-			// ..854a72d8
-			pub..4437dadc
-..47dd73f4
-			pub..4189cb65
+			pub..ea493909
+..b67c52f0
+			// ..365bdc8d
+			pub..82997ed3
-			// ..09c98133
-			pub..9912f16a
+			// ..a0446dbe
+			pub..b64cf2a5
-			// ..8480d003
-			pub..5f0a75d9
+			// ..42ce38e1
+			pub..a9aa2305
+			// ..d5a0a4ba
+			pub..e3138abe
+..b67c52f0
-			// ..b05631b4
-			pub..22532a3a
-..47dd73f4
-			pub..9e86fde9
+			pub..890fa0e2
+..b67c52f0
+			// ..6277de4c
+			pub..b20a58a2
-			pub..e07e28a5
+			pub..3e14355e
-			pub..296cb6f8
+			pub..156b37c1
-			pub..ae45463f
+			pub..3d3e69b9
-			pub..764c83f5
+			pub..674edea4
-			pub..5cb41b7b
+			pub..819810b7
-			pub..a6b087fb
+			pub..6bb46c04
-			pub..07c2a0e0
+			pub..e7841610
-			pub..e9fd19f0
+			pub..4bfe1121
-			pub..45a4e495
+			pub..5b8ed60d
-			pub..b61e0a73
+			pub..abd62187
-			pub..6dcf9e72
+			pub..9bb17a35
-			pub..3a25f33c
+			pub..53fd8f9e
-			pub..c1b015a3
+			pub..1d5926d6
-			pub..1ac4f9b7
+			pub..576c8659
-			// ..f090a1e0
-			pub..9530e744
+			// ..2e46e186
+			pub..5a7cc0e1
-			// ..fd3ffe42
-			pub..0f98bc82
+			// ..83cb7863
+			pub..943b4377
-			// ..fbe34237
-			pub..677829b5
+			// ..e96a91ec
+			pub..29048e67
-			pub..1d162548
+			pub..9009938f
-			pub..59925458
+			pub..eac6df2b
-			pub..afbe977a
+			pub..940fbc03
-			pub..8f160f50
+			pub..c85632bb
-			pub..1ebc03fc
+			pub..f3223000
-			pub..1c8e4519
+			pub..49685250
-			pub..8db0c487
+			pub..56cc9269
-			pub..58ac9598
+			pub..d30c2ade
-			pub..84661cb9
+			pub..b77dfafe
-			pub..c34c0241
+			pub..60e67d8a
-			pub..43294341
+			pub..02696e7c
-			pub..20e9eb0e
+			pub..cdbf3b9f
-			pub..08a26514
+			pub..84825f44
-			pub..f9d24d05
+			pub..67c4b6a1
-			pub..21030287
+			pub..ca298856
-			pub..9afbaf2d
+			pub..ecdad175
-			pub..519e973f
+			pub..111e2617
-			pub..cf17385f
+			pub..5e96fc08
-			pub..2665ebc2
+			pub..13867b70
-			pub..d93f30c6
+			pub..c6ee87e6
+..b67c52f0
+			// ..dab741ac
+			pub..f8ea447e
+..b67c52f0
+			// ..11f43b98
+			pub..9f7d47cc
-			// ..193002b8
-			pub..0ca2c3f2
+			// ..7ff41464
+			pub..6c8baf1e
-			// ..4af8215f
-			pub..4fd02ebe
+			// ..1c2ddaf9
+			pub..1fe77981
-			// ..8644798e
-			pub..d74de9d6
+			// ..30505894
+			pub..de85a088
-			// ..5b0731f4
-			pub..65b07372
+			// ..1671e173
+			pub..9dd6144a
-			// ..56498645
-			pub..84a28d7f
+			// ..5f947bc5
+			pub..9fc309d5
-			// ..00f7dc5d
-			pub..0e0ecf0f
+			// ..e8845b25
+			pub..ba0e76e1
-			// ..e25dcf10
-			pub..7a5dd403
+			// ..18adb3b5
+			pub..6974f3b5
-			// ..8019498f
-			pub..6195cb4c
+			// ..5f25f9c9
+			pub..fcafd7eb
-			// ..48df1be5
-			pub..8d378517
+			// ..1c697a31
+			pub..ea4ab5fc
-			// ..d66b4dec
-			pub..0163e77f
+			// ..55c014b9
+			pub..7ab08c9a
-			// ..be0ed9a5
-			pub..40cd4cb9
+			// ..db8a9c2e
+			pub..06d572fb
-			// ..f1319bc2
-			pub..576f6e49
-..47dd73f4
-			// ..12929c6b
-			pub..2dc68bc8
-..47dd73f4
-			// ..4c95a644
-			pub..e5d54b34
+			// ..47feb578
+			pub..1adfba74
-			pub..ee164279
+			pub..1125cbb0
-			pub..d31ce1dd
+			pub..b18e145e
+..b67c52f0
+			// ..a6e6c945
+			pub..69eab009
+..b67c52f0
+			// ..5b60af24
+			pub..8e2c3593
-			// ..f6ae96e6
-			pub..1c0b5a9b
+			// ..5bfa6ddf
+			pub..d26d525b
-			// ..5fbd91a1
-			pub..244ca263
+			// ..c05b9e68
+			pub..1d86819c
-			// ..7309bcec
-			pub..cac328a6
+			// ..7095b908
+			pub..a3894523
-			// ..98e8a5fd
-			pub..34c38e2c
+			// ..05fbea83
+			pub..f1d18363
-			// ..dfb23371
-			pub..8050f086
+			// ..6eeeaa92
+			pub..4e430442
-			// ..27a2df85
-			pub..4cde6daa
+			// ..a8a76cf9
+			pub..7843f604
-			// ..fdcded26
-			pub..b0a26569
+			// ..0286244c
+			pub..e78db107
-			// ..58f6dd08
-			pub..c074d100
+			// ..cbb894ce
+			pub..a92f45c2
-			// ..af5fe14b
-			pub..67e6dcad
+			// ..dd5d64f0
+			pub..5b49e0c2
-			// ..9fd8adc9
-			pub..07d94e3b
+			// ..f50e2892
+			pub..ab8dcb39
-			// ..bdfb3b4b
-			pub..4b065a34
+			// ..b7cf4460
+			pub..f63be405
-			// ..ec5d4bf4
-			pub..d53409cb
+			// ..a0165e30
+			pub..ffc570f3
-			// ..d04e5bfd
-			pub..c9c1955c
+			// ..50ac0270
+			pub..79480ef1
-			// ..1ac7f57b
-			pub..58ca1084
+			// ..09fc1ecd
+			pub..f52ce29f
-			// ..18d3b1d1
-			pub..f4d7c69c
+			// ..51884e05
+			pub..9bb05031
-			// ..a6aa08c9
-			pub..9cd8c5a1
+			// ..091ca94a
+			pub..d4b2e86c
-			// ..7c44aa3d
-			pub..5f6e17eb
+			// ..fa42d572
+			pub..6753950c
-			// ..4d128226
-			pub..0d491714
+			// ..eaa11db1
+			pub..53057560
-			// ..2c7b2f67
-			pub..c91212f5
+			// ..fa225be0
+			pub..e40fe36a
-			// ..a68a87a7
-			pub..97fde5bd
+			// ..a49c6b9b
+			pub..41346cdf
-			// ..51c88b72
-			pub..7ee0696c
+			// ..e1b50b7b
+			pub..342ad44a
-			// ..269eeb68
-			pub..9c05a7c0
+			// ..d2abd241
+			pub..45312199
-			// ..7bd8a5a6
-			pub..eed51a39
+			// ..75bf1290
+			pub..8392b8da
-			// ..771e173c
-			pub..6a8b02e2
+			// ..4d94334d
+			pub..d456446a
-			// ..80c12a0d
-			pub..bdfa6ce2
+			// ..7b314141
+			pub..4aac9083
-			// ..002405a2
-			pub..aa44bf1b
+			// ..12512e32
+			pub..52b94698
-			// ..c11d34ce
-			pub..e77b9037
+			// ..a22325d5
+			pub..e74e1539
-			// ..d63464b7
-			pub..ba9a7f36
+			// ..fd895a07
+			pub..f13fd109
-			// ..ec886da0
-			pub..f2888701
+			// ..3084d674
+			pub..2506a0eb
-			pub..7646e76a
+			pub..56bcd00d
-			// ..ceb1e3c3
-			pub..4155208f
+			// ..2154f334
+			pub..3c902f4e
-			// ..b7b80448
-			pub..232d4174
+			// ..dfa35f17
+			pub..1eb78ea5
-			// ..33603102
-			pub..5af56ad5
+			// ..717d2e11
+			pub..e556b4a5
+			// ..d84f0ce9
+			pub..f4de916e
+..b67c52f0
-			// ..0f947f8c
-			pub..ced6ab4e
+			// ..6728da3d
+			pub..9e74cffc
+..b67c52f0
+			// ..323706c3
+			pub..4147e426
--- /de..b7d22243
+﻿<?x..8a481829
+..b67c52f0
+<shape..35f377ac
+  <cor..aa662b1d
+  <sol..7e1df7fc
+</shap..f6220e45
--- /de..b7d22243
+﻿<?x..8a481829
+..b67c52f0
+<selec..769abf2a
+  <!--..d72dbf49
+  <ite..c6974769
+  <!--..57f5710d
+  <ite..a89680e2
+</sele..6c322ebe
-      ..4f6ccb9e
-      ..3308941d
+      ..2040db52
+      ..e51c174d
-      ..0d6e4e60
+      ..55dfc3f2
-      ..afd0818b
+      ..52f419ab
+      ..c5c90676
-      ..46f5c169
+      ..b71b6e9c
-      ..eff05fcb
-      ..fa711486
+      ..4bb98169
+      ..7a402cb8
-      ..08a82bff
+      ..7bf01e65
-      ..eff05fcb
-      ..1d6ef94c
+      ..4bb98169
+      ..66a5abbe
+      ..023f5453
+      ..ab4daef1
+      ..e839f787
+      ..c2c6f8ec
+      ..1c3967ff
+      ..53a8a32a
+      ..4539687e
+      ..140266e7
+      ..bdf5e9c4
+      ..002c9f67
+      ..ef58ea5d
+      ..389650b2
+      ..f76d78c9
-      ..fddf43af
-      ..e61bced5
-      ..9561245f
-      ..bdc2dc31
-      ..0db7c715
-      ..ddcce9a6
-      ..04432a3c
-      ..1675c9ab
+      ..5963233f
+      ..00bd97c6
+      ..22f35cf4
+      ..fbd31c0a
-      ..e086a10b
-      ..e61bced5
-      ..9561245f
-      ..c4200d80
-      ..04432a3c
-      ..111a91d7
-      ..d671199e
-      ..bdc2dc31
-      ..7b25c348
+      ..dc0722a9
+      ..be18b41b
+      ..73ad0ac0
+      ..4634957e
+      ..fa832a71
+      ..302a7272
+      ..e2746961
+      ..b10a66ff
+      ..d6d148d6
-      ..ff96ec4e
-      ..e61bced5
-      ..9561245f
-      ..40816c30
-      ..04432a3c
-      ..32148e55
-      ..0db7c715
-      ..ddcce9a6
-      ..dc9ee4bc
+      ..dc0722a9
+      ..c5505471
+      ..302a7272
+      ..9177c0ce
+      ..b10a66ff
+      ..cb568a0e
-      ..59ea2216
-      ..9561245f
-      ..3e5677a8
-      ..40816c30
-      ..32148e55
-      ..6d0167d3
-      ..04432a3c
-      ..72798e15
-      ..6e6f51e4
+      ..dc0722a9
+      ..c5505471
+      ..302a7272
+      ..db5feb13
+      ..b10a66ff
+      ..32c38227
+      ..60d2f60a
+      ..02eecf04
-      ..55dd1348
-      ..3a29a3eb
-      ..5860b3d3
+      ..213ca36e
+      ..460a7bf0
-      ..e57ecf6d
-      ..ea4a57da
+      ..7786cc7e
+      ..21c7ba87
+      ..7786cc7e
-      ..da4509a8
-      ..ea4a57da
-      ..ace28517
+      ..d2a0d011
+      ..37615577
+      ..7786cc7e
-      ..a798bfb5
-      ..ea4a57da
-      ..51ee13eb
+      ..d2a0d011
+      ..eb555950
-  <col..fe01232d
+  <col..b9c6c754
-  <col..b6463e62
-  <col..01ec497d
+  <col..4d0ed809
+  <col..ca7eec4b
-  <col..77744b90
+  <col..39a388e1
+  <col..968dde18
-    <i..23e8adb9
+    <i..ad44603a
+  <sty..f014a4c1
+    <i..c386c460
+  </st..96d79db3
+..b67c52f0
+  <sty..79a0c773
+    <i..3d8a6da1
+  </st..96d79db3
+..b67c52f0