--- /de..b7d22243
+<svg f..9360bbce
+  <pat..58409895
+</svg>..5fe59554
--- /de..b7d22243
+<svg f..9360bbce
+    <p..b8c75382
+    <p..0339cfb2
+</svg>..5fe59554
--- /de..b7d22243
+<svg f..9360bbce
+    <p..1a7ada13
+    <p..b8c75382
+</svg>..5fe59554
+using ..814d996f
+using ..401d7bd3
+using ..1f3f880a
+using ..7c980d7d
+using ..55d7241c
+using ..4a43576d
+using ..f4f99f46
-		#reg..b0dc82c7
+		#reg..04e529d6
-				wi..1252fb50
+				wi..b3ce6843
-		#end..3cddd516
-..47dd73f4
-		#reg..f3357953
-..47dd73f4
-			Mug..686bf88a
+			Att..aa1c4010
+			Mug..0eb353e7
-			And..f71e6f98
-			And..86cf8da3
-			And..27ee35c1
+			And..5afc445e
+			And..3b121d4c
+			And..cc07226f
+		priv..b74eaeb2
+		{..2c16b746
+			Mem..59f46e48
+			{..b221e63c
+				la..5a3f6208
+				la..e03f4114
+				la..3ab2f480
+			}))..5e8e8597
+		}..d315326d
+..b67c52f0
+			Tex..c0679324
-						..34092bc2
+						..5b05f6b2
+						..6e980204
+						..88f61cf5
-						..ddb06ebf
+						..9df55ca6
-						..2edc51ae
-						..d9f02f9a
+						..b68d2ab1
-						..c403c48f
+						..2af40946
-					i..5a68e9cd
-					i..b8002639
-						..570d5caf
-					e..6ec5ad97
-						..36cfc5f0
-..47dd73f4
+					v..ba3f9409
-					v..7cf654f5
+					v..39a86718
+			Mem..37452828
+			{..b221e63c
+				va..3a47c90f
+				if..a0014898
+				{..76fbcf1c
+					p..1fa85303
+					v..fdbc8d29
+				}..bbbadbe3
+			}))..5e8e8597
+			Mem..49c2708e
+			{..b221e63c
+				va..3a47c90f
+				if..a0014898
+				{..76fbcf1c
+					p..6fb5a997
+					v..fdbc8d29
+				}..bbbadbe3
+			}))..5e8e8597
-			{..c0dd1d04
-				te..ec61b1c7
-				if..db3dd071
-					t..43c83556
-			},..f559694c
+				{..76fbcf1c
+					t..597b93fb
+					i..d492cada
+						..a54603b7
+				},..f9d58711
-    <E..b767d97e
+    <E..2c0d77b4
-      ..84e89ab0
+      ..9f830594
-      ..9f906fdf
+      ..26eeb7a2
-      ..c58a03e9
+      ..4a75f74a
-      ..963a68fd
+      ..e3acf392
-      ..a173099d
+      ..cac10f52
+    <R..a12c417c
+      ..3901d710
+      ..31251c22
+    </..c0e73d0f
+    <R..98cea758
+      ..6884c5e0
+      ..31251c22
+    </..c0e73d0f
+    <R..a7947ae6
+      ..2ab6eb68
+      ..31251c22
+    </..c0e73d0f
-      ..b050afa3
+      ..e6917c7b
-      ..052d5931
+      ..6297c62f
-      ..371bc537
+      ..8893dc9d
-      ..c824e958
+      ..2ad271bd
-      ..c5a4ef2d
+      ..dda5fba5
-      ..e4380cff
+      ..dc9c0586
-      ..dc2e621d
+      ..8eacd254
-      ..965b7a2b
+      ..0af4b3bf
-      ..61f0632e
+      ..2006431c
-      ..dade3164
+      ..6009a10c
-      ..44f40ecd
+      ..ad42d771
-      ..6de7912b
+      ..42c54220
-      ..2925b944
+      ..203328dc
-    <C..0bda024a
+    <C..9ee79f25
-    <A..2d2681f6
+    <A..b0380564
-    <A..3c04c699
+    <A..dd894144
-    <A..ff45a1a0
+    <A..98659e07
+  <Ite..07cc6644
+    <A..90ff6bc8
+  </It..c4c7d851
+  <Ite..07cc6644
+    <A..87b825c6
+  </It..c4c7d851
+  <Ite..07cc6644
+    <A..ba882a3f
+  </It..c4c7d851
+  <Ite..07cc6644
+    <A..5478eb86
+  </It..c4c7d851
+  <Ite..07cc6644
+    <A..bdc474e4
+  </It..c4c7d851
+  <Ite..07cc6644
+    <A..b8a40b3a
+  </It..c4c7d851
-  <Imp..8b80fafc
-    <E..78e15684
-    <E..7b9684bb
-    <E..a5e28a2f
-    <E..3a6c2a41
-    <E..9277ec0c
-    <E..80e706a8
-    <E..0546b368
-    <E..9746262b
-    <E..6eeefaa6
-    <E..6ecf58b8
-    <E..011b15bb
-    <E..2c6a5450
-    <E..668ea554
+    <E..89f0a1a8
+    <E..c63b6ae0
+    <E..3ede0181
+    <E..2df40316
+    <E..157bd47e
+    <E..0e679417
+    <E..4b62cfe3
+    <E..fb1eac0e
+    <E..c5887874
+    <E..0bdd9b23
+    <E..52a801af
+    <E..5d8f1d24
+    <E..19c61366
+    <E..71bf7ef7
+    <E..07a07cab
+    <E..83f1d8f8
-  <Imp..716b1e9a
-  <Imp..7fa39503
-  <Imp..bc7aea1a
-  <Imp..64e6d38a
-  <Imp..9e7835b2
-  <Imp..40acfeef
-  <Imp..86c35479
-  <Imp..63ce432f
-  <Imp..28a9cc97
-  <Imp..85dd33e4
-  <Imp..b905a447
-  <Imp..b85f22b4
+  <Imp..824691b4
+  <Imp..b3edbbd2
+  <Imp..0d4db971
+  <Imp..4be6a458
+  <Imp..806bb516
+  <Imp..5f93678a
+  <Imp..94e8b55f
+  <Imp..52ff73d8
+  <Imp..83c6cb1d
+  <Imp..d8bf0697
+  <Imp..86ecf7d2
+  <Imp..39d21ce1
+  <Imp..3576e9ad
+  <Imp..9a21b90e
+  <Imp..a61f84b4
+  <Imp..a0f964b7
+using ..8dd2f8f2
+		priv..a99b0c3f
+		priv..d742d39b
+			if ..f9e58e61
+			{..b221e63c
+				if..5ccccc50
+				{..76fbcf1c
+					v..bd5cd7f9
+					_..54286677
+					_..88c7360c
+				}..bbbadbe3
+				te..f0e77d13
+			}..1fa5b0fa
+			els..9d7fd4ca
+				te..0a76c787
+			// ..54e11a5f
+			pub..411a464a
+..b67c52f0
+			// ..c2b9306a
+			pub..0dd6a47a
+..b67c52f0
-			pub..93d66f2e
+			pub..a6d5bdde
-			pub..7fada589
+			pub..8fd9bb69
-			pub..1036efa1
+			pub..e3ccd7d6
-			pub..43de5750
+			pub..7a6559c4
-			pub..618b0ab6
+			pub..c7ff8c64
-			// ..d10ecec0
-			pub..83bec91d
-..47dd73f4
-			pub..2a01565e
+			pub..f4bef304
+..b67c52f0
+			// ..11f43b98
+			pub..f67b65c8
-			pub..6f6e023a
+			pub..f347e478
-			pub..27050771
+			pub..80c94984
-			pub..9106e39e
+			pub..63f2e2ad
-			pub..11648195
+			pub..d68645ba
-			pub..329405b8
+			pub..fd5e385d
-			pub..133da866
+			pub..b7d1f9f2
-			pub..86c7dbc5
+			pub..d71e019f
-			pub..5e2f2654
+			pub..a4605bf1
-			pub..e7547064
+			pub..85d6817d
-			pub..7f079962
+			pub..8a950b2b
-			pub..90635e05
+			pub..d6b501d8
-			pub..6f0b3c17
+			pub..063ce249
-			pub..0f3b6172
+			pub..4bbc08eb
+..b67c52f0
+			// ..5b6a6825
+			pub..54b7fde3
-			// ..eb20352e
-			pub..02dc7fad
+			// ..221a0e36
+			pub..dede9fdf
-			// ..b436e094
-			pub..0c6c0127
+			// ..1068a394
+			pub..741cd582
-			// ..ec9bbc7a
-			pub..ec07ad21
+			// ..2152a63f
+			pub..af3eac75
-			// ..acc1d071
-			pub..c8524d41
+			// ..c187c6aa
+			pub..964a08d2
-			// ..8b47dd81
-			pub..24540f38
+			// ..1d5223cb
+			pub..b86ddcf4
-			// ..d003a2a6
-			pub..9186906a
-..47dd73f4
-			// ..ccb93eea
-			pub..cd82e955
+			// ..bdee79fd
+			pub..dac0cedc
-			pub..474951f5
+			pub..77233f9c
+..b67c52f0
+			// ..a8e9fed7
+			pub..96768be3
-			// ..3786f9f7
-			pub..a2f1f5c8
+			// ..83ecdc53
+			pub..6e60c0c5
-			// ..0c47b52b
-			pub..ff472897
+			// ..79d1c984
+			pub..2588038e
-			// ..c40b859f
-			pub..6a6a76de
+			// ..d2523afb
+			pub..c17cc0ea
-			// ..a3cb1341
-			pub..02793a46
+			// ..2af49fa6
+			pub..69a4755c
-			// ..78cdae06
-			pub..dc5eb330
+			// ..96041ece
+			pub..1453cc2f
-			// ..c5d66575
-			pub..8d3798b2
+			// ..2a421c5c
+			pub..8daa2dd4
-			// ..6a600b27
-			pub..72d0d952
+			// ..0601e321
+			pub..d949abd6
-			// ..7a6d80d0
-			pub..a2136bb5
+			// ..9f6abf4d
+			pub..405c1800
-			// ..c2fe017d
-			pub..4ebafed5
+			// ..dfbd8362
+			pub..80f972fa
-			// ..f7fcf86b
-			pub..c540871b
-..47dd73f4
-			// ..163bc93f
-			pub..58142ec1
+			// ..b41d1631
+			pub..37474287
+			// ..87019330
+			pub..d6a40ad6
+..b67c52f0
-			// ..e0406839
-			pub..202f2d53
+			// ..4b4cd657
+			pub..c9bfae03
-			// ..85048722
-			pub..f74df4a0
+			// ..5862e400
+			pub..d7162921
+..b67c52f0
+			// ..0c8af628
+			pub..ef2211bf
+..b67c52f0
+			// ..0add5251
+			pub..7fa209bf
-			// ..aa91da26
-			pub..5260adce
+			// ..64d34016
+			pub..ef1be3ac
-			pub..9bb0f85d
+			pub..205f3e1a
-			pub..253ef25d
+			pub..41674e49
-			pub..9d9ce26d
+			pub..de98437e
-			pub..f07d6a50
+			pub..d4b04a9e
-			pub..0ce208d8
+			pub..4a576619
-			pub..fcad8517
+			pub..23d444d5
-			pub..0ce46866
+			pub..0f787da5
-			pub..5884ec8d
+			pub..27982fa5
-			pub..bad5f7c1
+			pub..ac5f822a
-			pub..3687a795
+			pub..a85c7561
-			pub..4729b0c8
+			pub..f271f0fc
-			pub..61fa00d5
+			pub..4cc0a823
-			pub..1083ceee
+			pub..50e04417
-			pub..2527dd55
+			pub..64db76e5
-			pub..1cc061b7
+			pub..1869432c
-			pub..eba17ccc
+			pub..86c67395
-			pub..a11380de
+			pub..775642c3
-			pub..897d8963
+			pub..48c877ff
-			pub..0d343543
+			pub..3d4e999f
-			pub..96c3af38
+			pub..50a11230
+..b67c52f0
+			// ..6ec38a2d
+			pub..fae15361
-			// ..b8e0d69a
-			pub..04162403
-..47dd73f4
+			// ..99bf4455
+			pub..37b7eeff
+..b67c52f0
-      ..f44283d6
+      ..4263f772
-<!--  ..a54d7195
-      ..fc662a4a
+      ..8550128f
-      ..fc662a4a
+      ..8550128f
-    <!..959b6672
+    <!..54706d80
--- /de..b7d22243
+﻿<?x..8a481829
+..b67c52f0
+<Linea..cce18316
+      ..7ac26fdb
+      ..caff2b97
+      ..35189b33
+      ..f65b8553
+..b67c52f0
+  <Lin..06cffd84
+      ..3435ee9d
+..b67c52f0
+    <I..9165d246
+      ..ebe5ef50
+      ..42817354
+      ..2a5d2da2
+..b67c52f0
+    <T..969f8d1e
+      ..13be90e2
+      ..01ae5e28
+      ..5fde8ffe
+      ..c77bd4e4
+      ..6d09887a
+  </Li..479d5158
+..b67c52f0
+</Line..ac3ab398
-    <i..b5532d70
+    <i..8fad6179
-      ..b4001c3e
+      ..59bf388e
-<!----..bf3b4c85
-<!--  ..9de0580d
-<!--  ..a8de6719
-<!--  ..540c70e9
+..b67c52f0
+      ..f4fc2def
+      ..31ed3e4a
+      ..1ffbd01d
+      ..35ca44d6
+      ..b4e0ebdd
-      ..70639fb9
-      ..38907f64
-      ..75384008
+      ..4f387a47
+      ..626cfdc4
-      ..38907f64
-      ..75384008
+      ..626cfdc4
--- /de..b7d22243
+﻿<re..f781f2ea
+  <dim..00e1ac33
+  <dim..a20bfe1b
+</reso..d886a91f
-  <sty..809f7245
-    <i..5ba85436
+  <sty..23188769
+    <i..f472bea0
-    <i..33b5e112
+    <i..5b611deb
-﻿usi..8c4a3467
+﻿usi..da5a4588
+using ..63b58547
-			map..cfe38052
+			map..1eedd7db
+			Mug..01bf08fa
+			Mug..c7cff1e6
+			Mug..839c22c6
-  <pac..0f7ae8d8
-  <pac..9abf6ea4
-  <pac..f85fd653
-  <pac..ca242370
+  <pac..a371373f
+  <pac..c51d8f88
+  <pac..c3ef3b29
+  <pac..b41ad72a
-  <pac..70f72679
-  <pac..52bcae42
-  <pac..da5dc4a3
-  <pac..c0c71fb7
-  <pac..1fbfc35f
-  <pac..22fbc662
-  <pac..ef20b452
-  <pac..a30505df
-  <pac..18334993
-  <pac..bbe392a0
-  <pac..36a95b64
-  <pac..33526829
-  <pac..3e1e9dcd
+  <pac..2f1ca38e
+  <pac..19143be2
+  <pac..71f9c172
+  <pac..9ff679da
+  <pac..39661343
+  <pac..4a92f3e0
+  <pac..d5ab739a
+  <pac..e61e8ac9
+  <pac..eb6ac111
+  <pac..f961346c
+  <pac..ce98c5f1
+  <pac..6125132e
+  <pac..e8dc95d9
+  <pac..8f9c103f
+  <pac..fb59d92c
+  <pac..17bdb79f
+-keep ..56c3298e
+-keep ..dc80dcd5
+# keep..f0124026
+-keepc..f88a216c
+   voi..7ba2f22e
+   ***..7cb2b188
+}..c9fe7b8f
+..b67c52f0