--- /de..b7d22243
+﻿usi..02e72e70
+using ..bc6d0ab5
+..b67c52f0
+namesp..f4666738
+{..40370470
+	publi..f0a8d04b
+	{..2600cbf8
+		#reg..04e529d6
+..b67c52f0
+		publ..99f45403
+		{..2c16b746
+			bas..a0b04239
+..b67c52f0
+			var..ccce9348
+			{..b221e63c
+				Fr..36c5d008
+				Co..97a9921d
+			};..b85394bf
+			Vie..a91a8694
+		}..d315326d
+..b67c52f0
+		#end..af3a2bb1
+	}..38162699
+}..c9fe7b8f
--- /de..b7d22243
+﻿usi..c409a33f
+using ..c3df1ed1
+using ..8dd2f8f2
+using ..05cfca66
+using ..0030adc0
+using ..0e9cb953
+using ..a51438c7
+using ..757bc7e9
+using ..87132aa9
+using ..f131ed12
+using ..bc6d0ab5
+using ..a2b7c7aa
+using ..15114ad3
+using ..8db90881
+..b67c52f0
+namesp..f4666738
+{..40370470
+	publi..474db69e
+	{..2600cbf8
+		priv..d208ae6c
+		priv..1bcd08e0
+		priv..e57882d7
+		priv..a05dba59
+..b67c52f0
+		prot..6c0f4081
+		{..2c16b746
+		}..d315326d
+..b67c52f0
+		prot..1407b292
+			: b..db69c14b
+		{..2c16b746
+		}..d315326d
+..b67c52f0
+		publ..b268d701
+		{..2c16b746
+			get..b75b5540
+			set..3f1b2546
+			{..b221e63c
+				if..9b9a9f7f
+					r..5318c85d
+				_m..07073700
+				Up..ed700a34
+			}..1fa5b0fa
+		}..d315326d
+..b67c52f0
+		prot..f5e1fcc1
+..b67c52f0
+		prot..267cf0db
+..b67c52f0
+		void..ff2b7de3
+		{..2c16b746
+			Beg..d8678a9c
+		}..d315326d
+..b67c52f0
+		publ..072d4296
+		{..2c16b746
+			ret..76fe39da
+		}..d315326d
+..b67c52f0
+		publ..99f45403
+		{..2c16b746
+			bas..a0b04239
+			Vie..e604789a
+			thi..bf5077f4
+		}..d315326d
+..b67c52f0
+		publ..f34fcbee
+		{..2c16b746
+			_is..37d020d4
+			bas..6ca76d60
+//			i..59085cda
+//				..e09b064f
+..b67c52f0
+			//u..db269cb3
+			var..2a49851d
+			bin..74512c9d
+..b67c52f0
+			Upd..32e71686
+..b67c52f0
+			//d..0e3fc20b
+			//	..468239b1
+			//	..d372d7ae
+		}..d315326d
+..b67c52f0
+		publ..ca0aec11
+		{..2c16b746
+			_is..5eb39305
+			bas..2fd53c46
+			var..c0f815bf
+			if ..23536136
+			{..b221e63c
+				va..f0869627
+				if..20599b7d
+					r..68848489
+			}..1fa5b0fa
+		}..d315326d
+..b67c52f0
+		prot..f2d07392
+		{..2c16b746
+			//	..1e422f4c
+			//	..b51210c0
+			//	..2cf91f5b
+			//..da5dffe3
+			//	..5622dae0
+			//	..6bb1bc44
+			//	..1a288b71
+			//	..cc55b26c
+			//..da5dffe3
+			//	..1cfa2b89
+			//	..cab6ee40
+			//	..a3b14d39
+			//	..263041e1
+			//	..4d8a6aba
+			//	..6778fe3d
+			//	..f2848a9c
+			//	..4120d702
+			//	..d8d22973
+			//	..e31e6662
+			//	..58c5b34a
+			//	..a51f59c3
+			//	..8f411222
+			//	..4b1c246b
+			//	..31b2dcf4
+			//	..683b6eba
+			//..da5dffe3
+			//	..460fb6bb
+			//	..6bb1bc44
+			//	..fbf35cdc
+			//	..a2918d58
+			//	..cab6ee40
+			//	..d6514f92
+			//	..4d8a6aba
+			//	..bdffff2c
+			//	..4120d702
+			//	..d8d22973
+			//	..4b1c246b
+			//	..857c97a0
+			//	..cab6ee40
+			//	..996ab91d
+			//	..4d8a6aba
+			//	..bdffff2c
+			//	..4120d702
+			//	..93089699
+			//	..4b1c246b
+			//	..683b6eba
+		}..d315326d
+..b67c52f0
+		prot..e3c5c22c
+		{..2c16b746
+			Tou..7f762c3c
+		}..d315326d
+..b67c52f0
+		prot..cd7f459f
+		{..2c16b746
+			Vie..573b9a94
+		}..d315326d
+..b67c52f0
+		prot..895a6a2c
+		{..2c16b746
+			if ..0c78cc2d
+			{..b221e63c
+				fo..ac6cd939
+				{..76fbcf1c
+					r..8a4a210d
+					r..d6035136
+					i..29ddf8d0
+						..15ebca87
+				}..bbbadbe3
+			}..1fa5b0fa
+			bas..86ec8bfe
+		}..d315326d
+..b67c52f0
+		prot..64fea704
+		{..2c16b746
+			//	..589f0796
+			//	..7051d783
+			//	..a0c0c9b6
+		}..d315326d
+..b67c52f0
+		priv..d5814686
+		{..2c16b746
+			//	..ffafbeb8
+			//	..71fbd6ea
+			//	..00312752
+			//	..2b2715a1
+		}..d315326d
+..b67c52f0
+		priv..029a6952
+		{..2c16b746
+			var..39b10932
+			var..5dd5cc47
+			if ..cf10ae4a
+				On..58806019
+		}..d315326d
+..b67c52f0
+		priv..ffa9b7e8
+		{..2c16b746
+			if ..f05f1304
+				re..39fc9331
+			_se..d1a82206
+			if ..4c988ed7
+			{..b221e63c
+				if..92d58763
+					_..99fac19b
+..b67c52f0
+				va..87323a1e
+				va..afd32328
+				bo..91d47fa2
+				fo..74782e4b
+				{..76fbcf1c
+					i..6333777c
+						..5cc4d511
+					e..e3a9c340
+					{..9675795e
+						..dd026fa3
+						..bea70faf
+						..ea86b370
+						..39058f78
+						..878968aa
+						..5d8f1641
+						..0f6f8bad
+						..856f85bb
+						..fc7728e6
+						..2461e046
+						..12dd2faa
+						..647f2e68
+						..0f6f8bad
+						..270e9f7f
+						..6c651add
+						..5081e012
+						..6c0fd546
+						..b58e6cf0
+						..4e2dfed4
+						..b5e9523e
+						..201a8fd9
+						..bb2be90d
+						..bcdf3e81
+						..740b7d37
+						..c9e36f5f
+						..f04a1cd7
+						..12dd2faa
+						..d91ccc02
+						..e6690aa7
+						..c9e36f5f
+						..6bec8dc4
+						..efefad24
+						..667dcebc
+						..29a86c3e
+						..d27b27ff
+					}..50cca099
+				}..bbbadbe3
+..b67c52f0
+				if..ea26c3e3
+				{..76fbcf1c
+					U..51d720f2
+					i..cd2ec7ff
+					{..9675795e
+						..792a69f7
+						..ea86b370
+						..a649e7b8
+						..15d465d5
+						..4962d68b
+						..6929c98e
+					}..50cca099
+					i..1a7c3a35
+					t..57cc0b51
+				}..bbbadbe3
+..b67c52f0
+				fo..6683d1bc
+				{..76fbcf1c
+					v..e4b103a5
+					b..490d98ff
+					b..c404a56e
+					_..27087c6c
+				}..bbbadbe3
+				va..3528e1f5
+				if..0140e3ea
+				{..76fbcf1c
+					i..9c489045
+					v..7173d6d9
+					f..69db55a1
+					{..9675795e
+						..55585fc1
+						..ea86b370
+						..d27dcb2e
+						..60b2eaff
+						..efefad24
+					}..50cca099
+					t..0bca09eb
+					{..9675795e
+						..9398437a
+					}..50cca099
+					c..c76bc1e4
+					{..9675795e
+						..5d31a191
+						..2d135942
+					}..50cca099
+				}..bbbadbe3
+			}..1fa5b0fa
+		}..d315326d
+..b67c52f0
+		prot..7118ad49
+		{..2c16b746
+			Non..36db48cd
+			Too..c9c1b925
+			Tab..48004c50
+		}..d315326d
+	}..38162699
+}..c9fe7b8f