+/libs/..2675731e
+using ..8616f061
-    pu..b98ed457
-    {..dc4ae725
-      ..38a5ae44
+	publi..5cf7790c
+	{..2600cbf8
+		#reg..1916435a
-      ..969570be
+		priv..14a86616
-      ..9eb8ecf5
+		#end..af3a2bb1
-      ..6c64fe41
+		#reg..9a0612e1
-      ..b39a564d
-      ..41b51a71
-      ..c74f79eb
+		publ..d2515fd3
+		{..2c16b746
+			_ge..7b90e604
-      ..71464b9a
-      ..ba6d16e8
+			Tra..85fac570
+			Tra..74db0d31
-      ..84d48ba2
+		}..d315326d
-      ..9eb8ecf5
+		#end..af3a2bb1
-      ..5aa79866
+		#reg..90373ec5
-      ..d8b23d08
+		publ..45ae5775
-      ..9eb8ecf5
+		#end..af3a2bb1
-      ..80e39e7c
+		#reg..04e529d6
-      ..fcae43a7
-      ..41b51a71
-      ..85f83241
-      ..84d48ba2
+		publ..542343eb
+		{..2c16b746
+			ret..566b1458
+		}..d315326d
-      ..5143c93b
-      ..41b51a71
-      ..76d4818d
-      ..f838f2f1
-      ..84d48ba2
+		prot..b615d295
+		{..2c16b746
+			Wal..fdedd82e
+			bas..5e4521c4
+		}..d315326d
-      ..7c1c939d
-      ..41b51a71
-      ..e9fe8710
-      ..84d48ba2
+		prot..38ad9440
+		{..2c16b746
+			ret..7d9e54fd
+		}..d315326d
-      ..9eb8ecf5
-    }..dda0598f
+		#end..af3a2bb1
+	}..38162699
+    <C..9d8d2985
-    pu..567679da
-    {..dc4ae725
-      ..38a5ae44
-..47dd73f4
-      ..93f4c3f4
-      ..ebfdb9d9
-      ..7c146dd4
-      ..9589697e
-      ..da0f607e
-..47dd73f4
-      ..0ce08aed
-..47dd73f4
-      ..9eb8ecf5
-..47dd73f4
-      ..6c64fe41
-..47dd73f4
-      ..98b94465
-      ..41b51a71
-      ..08b16a97
-      ..90f7aa21
-      ..d7430bda
-      ..dae40979
-      ..292954d2
-      ..84d48ba2
-..47dd73f4
-      ..9eb8ecf5
-..47dd73f4
-      ..80e39e7c
-..47dd73f4
-      ..5c8392b4
-      ..41b51a71
-      ..10669c53
-      ..864dec43
-      ..437f0373
-      ..2bff67a4
-      ..1b36a577
-      ..ff70bab2
-      ..8b07f98b
-      ..049d9072
-      ..9662d8da
-      ..9aabbf07
-      ..864dec43
-      ..e69a0054
-      ..9662d8da
-      ..84d48ba2
-..47dd73f4
-      ..804c43cd
-      ..41b51a71
-      ..503353da
-      ..3dfee41e
-      ..d787f510
-      ..84d48ba2
-..47dd73f4
-      ..f80d8dca
-      ..7cbec85f
-      ..41b51a71
-      ..d3b89e9a
-      ..cf3e6f8c
-      ..864dec43
-      ..f9466334
-      ..550ff92a
-      ..9662d8da
-      ..1e28ba7f
-      ..a44415bc
-      ..209da213
-      ..864dec43
-      ..bf060fef
-      ..e503191e
-      ..9662d8da
-      ..1bc9ac8b
-      ..84d48ba2
-..47dd73f4
-      ..a481baf4
-      ..41b51a71
-      ..aba96589
-      ..ace4fb7a
-      ..01d3e1a2
-      ..76a0b12e
-      ..84d48ba2
-..47dd73f4
-      ..f65ba3e5
-      ..41b51a71
-      ..aba96589
-      ..ace4fb7a
-      ..01d3e1a2
-      ..7905fca6
-      ..84d48ba2
-..47dd73f4
-      ..a02e312d
-      ..41b51a71
-      ..aba96589
-      ..ace4fb7a
-      ..01d3e1a2
-      ..777ee148
-      ..84d48ba2
-..47dd73f4
-      ..6ab5d212
-      ..41b51a71
-      ..aba96589
-      ..ace4fb7a
-      ..62582168
-      ..dba5a6b5
-      ..84d48ba2
-..47dd73f4
-      ..c37f2304
-      ..41b51a71
-      ..aba96589
-      ..ace4fb7a
-      ..9e0286ab
-      ..dba5a6b5
-      ..84d48ba2
-..47dd73f4
-      ..56fa9e4a
-      ..41b51a71
-      ..29986dba
-      ..86ddbe52
-      ..84d48ba2
-..47dd73f4
-      ..e01412f2
-      ..f524ae92
-      ..41b51a71
-      ..29986dba
-      ..86ddbe52
-      ..84d48ba2
-..47dd73f4
-      ..78c5f5e5
-      ..41b51a71
-      ..29986dba
-      ..a3f3e554
-      ..84d48ba2
-..47dd73f4
-      ..56244768
-      ..b0dfee5f
-      ..41b51a71
-      ..29986dba
-      ..a3f3e554
-      ..84d48ba2
-..47dd73f4
-      ..7af819f2
-      ..41b51a71
-      ..29986dba
-      ..ec1201d1
-      ..84d48ba2
-..47dd73f4
-      ..29f33a50
-      ..b0dfee5f
-      ..41b51a71
-      ..29986dba
-      ..ec1201d1
-      ..84d48ba2
-..47dd73f4
-      ..3075659c
-      ..41b51a71
-      ..29986dba
-      ..1865634c
-      ..84d48ba2
-..47dd73f4
-      ..b76080d0
-      ..f524ae92
-      ..41b51a71
-      ..29986dba
-      ..1865634c
-      ..84d48ba2
-..47dd73f4
-      ..b23e20db
-      ..41b51a71
-      ..30aba9a7
-      ..84d48ba2
-..47dd73f4
-      ..f63d19c1
-      ..41b51a71
-      ..30aba9a7
-      ..84d48ba2
-..47dd73f4
-      ..55168eb0
-      ..41b51a71
-      ..30aba9a7
-      ..84d48ba2
-..47dd73f4
-      ..af7db850
-      ..41b51a71
-      ..19a911eb
-      ..84d48ba2
-..47dd73f4
-      ..1b8a6abd
-      ..41b51a71
-      ..07be4655
-      ..e837d684
-..47dd73f4
-      ..0d6c2b67
-      ..75c58211
-      ..e2e12ec4
-      ..a6427999
-      ..6c4ca2c0
-      ..84d48ba2
-..47dd73f4
-      ..f0c989ca
-      ..41b51a71
-      ..0e168977
-      ..84d48ba2
-..47dd73f4
-      ..eb754821
-      ..41b51a71
-      ..c25b3155
-      ..2948a90d
-..47dd73f4
-      ..9882fabe
-      ..e2e12ec4
-      ..1b4d893b
-..47dd73f4
-      ..0d6c2b67
-      ..178d7dbb
-..47dd73f4
-      ..c18a1d1c
-      ..4cef9813
-      ..84d48ba2
-..47dd73f4
-      ..8cf915b4
-      ..41b51a71
-      ..97aa09db
-      ..84d48ba2
-..47dd73f4
-      ..11233f78
-      ..41b51a71
-      ..a1a96fd4
-      ..dbe9d9bc
-      ..481b6ce5
-      ..9aaa2ba9
-      ..0ee36d2a
-      ..5960c68a
-      ..63be2b0b
-      ..a4e6a954
-      ..e25444b9
-      ..84d48ba2
-..47dd73f4
-      ..905d213b
-      ..41b51a71
-      ..a1a96fd4
-      ..dbe9d9bc
-      ..481b6ce5
-      ..9aaa2ba9
-      ..0ee36d2a
-      ..5960c68a
-      ..63be2b0b
-      ..a4e6a954
-      ..8dcfe4af
-      ..84d48ba2
-..47dd73f4
-      ..809543d5
-      ..41b51a71
-      ..222c5dad
-      ..0d7b0e49
-..47dd73f4
-      ..c60d19e7
-      ..86b8c6fd
-      ..667b8f20
-      ..6ec2287a
-      ..a359c24f
-      ..4eec150d
-      ..d53749dc
-      ..854d9f8f
-      ..fb6b5bfe
-      ..3de43c61
-      ..bea1f5dd
-      ..c458b9df
-      ..90ca22df
-      ..6510df19
-      ..dac5a86b
-      ..bbbd9f2f
-      ..3121b3eb
-      ..864dec43
-      ..52b30e5f
-      ..fef8588a
-      ..9662d8da
-      ..1a585fd4
-      ..5845962b
-      ..84d48ba2
-..47dd73f4
-      ..9eb8ecf5
-    }..dda0598f
+	publi..d1cfeecc
+	{..2600cbf8
+		#reg..1916435a
+..b67c52f0
+		priv..e1005cb5
+		priv..91c337c2
+		priv..e9d226c3
+		priv..ab645c5f
+		priv..5f183fa2
+..b67c52f0
+		priv..9c1094d4
+..b67c52f0
+		#end..af3a2bb1
+..b67c52f0
+		#reg..9a0612e1
+..b67c52f0
+		stat..78eb3902
+		{..2c16b746
+			Dec..bf9cf16b
+			Dec..c1ecc53d
+			Dec..d71ce428
+			Dec..f9fe14c4
+			Dec..8cdc3789
+		}..d315326d
+..b67c52f0
+		#end..af3a2bb1
+..b67c52f0
+		#reg..04e529d6
+..b67c52f0
+		publ..a7adfaff
+		{..2c16b746
+			try..85534ec9
+			{..b221e63c
+				va..df095be1
+				va..0dc160fe
+				re..11a948b3
+					...42c2394c
+					...79082b94
+					...b2c4ddcd
+			}..1fa5b0fa
+			cat..932842e5
+			{..b221e63c
+				re..408482ea
+			}..1fa5b0fa
+		}..d315326d
+..b67c52f0
+		publ..08d03da9
+		{..2c16b746
+			if ..91f916c8
+				re..34270ea0
+			ret..b472cbe1
+		}..d315326d
+..b67c52f0
+		publ..3c6e0551
+			whe..d54e2ab5
+		{..2c16b746
+			if ..fd76d157
+			if ..10dde70c
+			{..b221e63c
+				re..e8eb863d
+				re..fd155384
+			}..1fa5b0fa
+			var..6686f31a
+			rem..2d5d4c33
+			for..f971b888
+			{..b221e63c
+				if..a5928772
+					n..d8511a86
+			}..1fa5b0fa
+			ret..60398290
+		}..d315326d
+..b67c52f0
+		publ..982174dc
+		{..2c16b746
+			if ..64b0344c
+				re..d024a751
+			Loa..f8fdf3b6
+			ret..a6ef9dee
+		}..d315326d
+..b67c52f0
+		publ..6eb3201f
+		{..2c16b746
+			if ..64b0344c
+				re..d024a751
+			Loa..f8fdf3b6
+			ret..0a430e8a
+		}..d315326d
+..b67c52f0
+		publ..54517846
+		{..2c16b746
+			if ..64b0344c
+				re..d024a751
+			Loa..f8fdf3b6
+			ret..895d987a
+		}..d315326d
+..b67c52f0
+		publ..eeb382a2
+		{..2c16b746
+			if ..64b0344c
+				re..d024a751
+			Ref..3491ac3d
+			ret..d5b2597a
+		}..d315326d
+..b67c52f0
+		publ..202f7953
+		{..2c16b746
+			if ..64b0344c
+				re..d024a751
+			For..0e54a065
+			ret..d5b2597a
+		}..d315326d
+..b67c52f0
+		publ..fe4edc26
+		{..2c16b746
+			var..0f27bacc
+			ret..9c530734
+		}..d315326d
+..b67c52f0
+		publ..41910b54
+			obj..90842bce
+		{..2c16b746
+			var..0f27bacc
+			ret..9c530734
+		}..d315326d
+..b67c52f0
+		publ..179a7e5d
+		{..2c16b746
+			var..0f27bacc
+			ret..e70a65d7
+		}..d315326d
+..b67c52f0
+		publ..6bcb260b
+			IDa..975551d6
+		{..2c16b746
+			var..0f27bacc
+			ret..e70a65d7
+		}..d315326d
+..b67c52f0
+		publ..365419df
+		{..2c16b746
+			var..0f27bacc
+			ret..3cb8c35a
+		}..d315326d
+..b67c52f0
+		publ..b9976d74
+			IDa..975551d6
+		{..2c16b746
+			var..0f27bacc
+			ret..3cb8c35a
+		}..d315326d
+..b67c52f0
+		publ..5c3b6da0
+		{..2c16b746
+			var..0f27bacc
+			ret..31a8c4e7
+		}..d315326d
+..b67c52f0
+		publ..86bed6eb
+			obj..90842bce
+		{..2c16b746
+			var..0f27bacc
+			ret..31a8c4e7
+		}..d315326d
+..b67c52f0
+		publ..1a3b4255
+		{..2c16b746
+			ret..3fa55853
+		}..d315326d
+..b67c52f0
+		publ..716c2bd1
+		{..2c16b746
+			ret..3fa55853
+		}..d315326d
+..b67c52f0
+		publ..90e8a328
+		{..2c16b746
+			ret..3fa55853
+		}..d315326d
+..b67c52f0
+		publ..2a83c365
+		{..2c16b746
+			ret..7e50881c
+		}..d315326d
+..b67c52f0
+		publ..b9a61bd8
+		{..2c16b746
+			if ..e27a70d2
+				re..6211e4f8
+..b67c52f0
+			if ..2c2b927e
+				re..3644f93c
+			if ..49878507
+				re..9e41fc95
+			ret..ae801beb
+		}..d315326d
+..b67c52f0
+		publ..a6c5b8f8
+		{..2c16b746
+			ret..ba64bc7f
+		}..d315326d
+..b67c52f0
+		publ..59e6c9fc
+		{..2c16b746
+			if ..dd9d6560
+				re..38fd5e4d
+..b67c52f0
+			var..c2991ca6
+			if ..49878507
+				re..6e6e9362
+..b67c52f0
+			if ..2c2b927e
+				re..86621608
+..b67c52f0
+			var..a522fb33
+			ret..b63652ca
+		}..d315326d
+..b67c52f0
+		publ..35c289f0
+		{..2c16b746
+			ret..c4b8a08a
+		}..d315326d
+..b67c52f0
+		publ..b8ed73d8
+		{..2c16b746
+			if ..3832f0ba
+				re..294a1f39
+			if ..981f8d40
+				re..b895f033
+			if ..c8e1849a
+				re..3799a0ee
+			if ..b1441766
+				re..e758199b
+			ret..2b054fd3
+		}..d315326d
+..b67c52f0
+		publ..84f6a4be
+		{..2c16b746
+			if ..3832f0ba
+				re..294a1f39
+			if ..981f8d40
+				re..b895f033
+			if ..c8e1849a
+				re..3799a0ee
+			if ..b1441766
+				re..e758199b
+			ret..793fa551
+		}..d315326d
+..b67c52f0
+		publ..d4645f9d
+		{..2c16b746
+			var..1222b342
+			var..b1e0e76d
+..b67c52f0
+			if ..8e84a3e2
+				re..aa8f07f7
+			if ..195e6534
+				re..8f71da7a
+			if ..d4f286f1
+				re..36941d6a
+			if ..d2132c50
+				re..8e3d297c
+			if ..63ef3906
+				re..ebfc98cf
+			if ..e01cfd7b
+				re..4d95fda8
+			if ..fd21faeb
+				re..7d134ab7
+			if ..1dd42301
+				re..51b81411
+			if ..744b65e5
+			{..b221e63c
+				va..e279898e
+				re..26bc52ca
+			}..1fa5b0fa
+			var..41699f8c
+			ret..3d0be47f
+		}..d315326d
+..b67c52f0
+		publ..39776455
+		{..2c16b746
+			if ..92c530da
+			{..b221e63c
+				if..75526fea
+					r..0c5e1059
+			}..1fa5b0fa
+			var..0af91988
+			if ..d673fc30
+				si..808fc236
+			ret..f0ec64e3
+		}..d315326d
+..b67c52f0
+		#end..af3a2bb1
+	}..38162699
-using ..c0ed69a8
+using ..95394784
-    pu..c5e6356d
-    {..dc4ae725
-      ..38a5ae44
-..47dd73f4
-      ..3567fe9d
-..47dd73f4
-      ..511a67e3
-      ..ed3489f6
-      ..e2a24add
-      ..aad9bbbc
-      ..4a767ed0
-      ..06a6ef14
-..47dd73f4
-      ..c5420727
-..47dd73f4
-      ..9eb8ecf5
-..47dd73f4
-      ..6c64fe41
-..47dd73f4
-      ..60b0d5ca
-      ..41b51a71
-      ..1a4e7baf
-      ..84d48ba2
-..47dd73f4
-      ..60f3b094
-      ..dc742baf
-      ..41b51a71
-      ..dc0ae6de
-      ..6a22be72
-      ..15ee6d0f
-      ..077cfa4f
-      ..860fda57
-      ..adbae0c8
-      ..d2448bd1
-      ..84d48ba2
-..47dd73f4
-      ..9eb8ecf5
-..47dd73f4
-      ..094f3e7c
-..47dd73f4
-      ..42846f7b
-      ..41b51a71
-      ..77b5e790
-      ..84d48ba2
-..47dd73f4
-      ..3d738a3a
-      ..41b51a71
-      ..4b122219
-      ..84d48ba2
-..47dd73f4
-      ..f29367da
-      ..41b51a71
-      ..5fe80717
-      ..84d48ba2
-..47dd73f4
-      ..85d231b1
-      ..41b51a71
-      ..d17b6fe1
-      ..864dec43
-      ..6190ef9a
-      ..7bf728e9
-      ..7e02cb10
-      ..30630af4
-      ..a6434702
-      ..85c2cba2
-      ..84d48ba2
-..47dd73f4
-      ..66fb1a56
-      ..41b51a71
-      ..19b8dd64
-      ..84d48ba2
-..47dd73f4
-      ..55276101
-      ..41b51a71
-      ..559dfae6
-      ..84d48ba2
-..47dd73f4
-      ..242a8d39
-      ..41b51a71
-      ..e6787ebe
-      ..84d48ba2
-..47dd73f4
-      ..e1b33b1d
-      ..41b51a71
-      ..ead6b36d
-      ..84d48ba2
-..47dd73f4
-      ..d19b7355
-      ..41b51a71
-      ..27c90bec
-      ..84d48ba2
-..47dd73f4
-      ..cf06775b
-      ..41b51a71
-      ..7ad89963
-      ..84d48ba2
-..47dd73f4
-      ..1087e2d4
-      ..41b51a71
-      ..a1de0426
-      ..d221b570
-      ..864dec43
-      ..ade326da
-      ..7d76160c
-      ..52b41b5c
-      ..a83805fb
-      ..ad5ccf17
-      ..c9f8d074
-      ..f47e4d8e
-      ..e0146a49
-      ..539a1796
-      ..c6726793
-      ..41671725
-      ..9662d8da
-      ..84d48ba2
-..47dd73f4
-      ..ec5c0181
-      ..41b51a71
-      ..da87f3be
-      ..645c825a
-      ..e5815377
-      ..616971d8
-      ..84d48ba2
-..47dd73f4
-      ..34cae6f2
-      ..41b51a71
-      ..646193ed
-      ..ba559b54
-      ..ea83f857
-      ..174364be
-      ..8b6395d3
-      ..777a7ef1
-      ..571d8b50
-      ..8e136a83
-      ..b296231a
-      ..a2fd4cbc
-      ..51fd99bb
-      ..608468b3
-      ..864dec43
-      ..55ba88cc
-      ..1a0db7c7
-      ..49d623c1
-      ..a9442e8e
-      ..9662d8da
-      ..014262d9
-      ..b9024e49
-      ..0be997b1
-      ..dbd0b212
-      ..867969d9
-      ..84d48ba2
-..47dd73f4
-      ..b1133f23
-      ..41b51a71
-      ..b45c7cab
-      ..864dec43
-      ..e92437c5
-      ..890d5af6
-      ..95a64b95
-      ..2b0c407f
-      ..ad5ccf17
-      ..b87b113d
-      ..d6da4d51
-      ..a14ee42b
-      ..ebd3f2dd
-      ..7dd326cb
-      ..6bb4691c
-      ..f553a3f3
-      ..77f8397a
-      ..6bb4691c
-..47dd73f4
-      ..dd89fbbd
-      ..483f2725
-      ..4910ee6a
-      ..de88b861
-      ..00f9a338
-      ..4c185090
-      ..ebd3f2dd
-      ..8654cacc
-      ..6e1d7e7a
-      ..902342b9
-      ..f553a3f3
-..47dd73f4
-      ..4556dcc1
-      ..4f43f196
-      ..c6726793
-      ..7c55c764
-      ..ad5ccf17
-      ..c6726793
-      ..cab30c17
-      ..f2bc8fe1
-      ..e8aec2ab
-      ..2eb9a70e
-      ..85c2cba2
-      ..84d48ba2
-..47dd73f4
-      ..61c4003d
-      ..41b51a71
-      ..4a846e4f
-      ..a73890e1
-      ..4fca5142
-..47dd73f4
-      ..10e7f511
-      ..864dec43
-      ..43a81e6d
-      ..7776c7c3
-      ..d0256fcb
-      ..b0a1789d
-      ..85c2cba2
-      ..84d48ba2
-..47dd73f4
-      ..15b579dd
-      ..41b51a71
-      ..661427b5
-      ..864dec43
-      ..7c34aa37
-      ..9662d8da
-      ..84d48ba2
-..47dd73f4
-      ..6779d9ec
-      ..41b51a71
-      ..7a9756b1
-      ..864dec43
-      ..7c34aa37
-      ..9662d8da
-      ..84d48ba2
-..47dd73f4
-      ..82c8ac2d
-      ..41b51a71
-      ..18d14d6b
-      ..864dec43
-      ..fa1d6dd6
-      ..7c34aa37
-      ..9662d8da
-      ..84d48ba2
-..47dd73f4
-      ..7fb366fa
-      ..41b51a71
-      ..a394433c
-      ..864dec43
-      ..46a84edd
-      ..7c34aa37
-      ..9662d8da
-      ..84d48ba2
-..47dd73f4
-      ..60f0c888
-      ..41b51a71
-      ..9bc37c2c
-      ..864dec43
-      ..fc98c8db
-      ..7c34aa37
-      ..9662d8da
-      ..84d48ba2
-..47dd73f4
-      ..213d1fcc
-      ..41b51a71
-      ..fb84e17e
-      ..eaccfcdb
-      ..71ea7842
-      ..41c98106
-      ..864dec43
-      ..c823abcf
-      ..7c34aa37
-      ..9662d8da
-      ..84d48ba2
-..47dd73f4
-      ..fcd33398
-      ..41b51a71
-      ..0c324bec
-      ..eaccfcdb
-      ..71ea7842
-      ..a0f10066
-      ..864dec43
-      ..0e8470a1
-      ..d70b03d9
-      ..6df61ac7
-      ..9662d8da
-      ..84d48ba2
-..47dd73f4
-      ..9eb8ecf5
-..47dd73f4
-      ..80e39e7c
-..47dd73f4
-      ..18bccc7c
-      ..41b51a71
-      ..aff3e97d
-      ..0210021d
-      ..6f0e0c1a
-      ..2bf81e03
-      ..84d48ba2
-..47dd73f4
-      ..93193db1
-      ..41b51a71
-      ..aff3e97d
-      ..82f7ec97
-      ..75f25ab8
-      ..2bf81e03
-      ..84d48ba2
-..47dd73f4
-      ..3fadb341
-      ..41b51a71
-      ..d15f644d
-      ..bbd87dd0
-      ..864dec43
-      ..3cfa2862
-      ..040342aa
-      ..9662d8da
-      ..03039fb5
-      ..84d48ba2
-..47dd73f4
-      ..1aa91a89
-      ..41b51a71
-      ..646193ed
-      ..32af672e
-      ..529b331d
-      ..75e08e6d
-      ..84d48ba2
-..47dd73f4
-      ..90cdf4ca
-      ..41b51a71
-      ..120903dc
-      ..09de0030
-      ..6cd19eba
-      ..d1138f66
-      ..84d48ba2
-..47dd73f4
-      ..77ef00f2
-      ..41b51a71
-      ..998b85bc
-      ..9f37b0c6
-      ..d1138f66
-      ..84d48ba2
-..47dd73f4
-      ..51960076
-      ..41b51a71
-      ..9537a0fc
-      ..402e2f37
-      ..5749158b
-      ..e837d684
-      ..f2994712
-      ..84d48ba2
-..47dd73f4
-      ..fc8196f6
-      ..41b51a71
-      ..646193ed
-      ..12ab5500
-      ..33df21c9
-      ..84d48ba2
-..47dd73f4
-      ..ad0d755e
-      ..41b51a71
-      ..79243a03
-      ..446d7b26
-      ..e69a0054
-      ..c76ab5f2
-      ..683ffd9a
-      ..d90ae877
-      ..e69a0054
-      ..0cde5299
-      ..84d48ba2
-..47dd73f4
-      ..9eb8ecf5
-    }..dda0598f
+	publi..67051d86
+	{..2600cbf8
+		#reg..1916435a
+..b67c52f0
+		priv..08c37a2f
+..b67c52f0
+		priv..6b97912a
+		priv..b9571bd1
+		priv..615e4cd3
+		priv..7bd00690
+		priv..36a0b011
+..b67c52f0
+		priv..d3334864
+..b67c52f0
+		#end..af3a2bb1
+..b67c52f0
+		#reg..9a0612e1
+..b67c52f0
+		stat..73b9c4c9
+		{..2c16b746
+			Coi..9ba3c6ae
+		}..d315326d
+..b67c52f0
+		publ..8bbd7b10
+			IEv..69c2c1d7
+		{..2c16b746
+			_wa..9353105f
+			_vi..a4d7dbd7
+			_st..dc44844d
+			_wa..5836836d
+			_ev..b38847b0
+			_us..e5d07255
+		}..d315326d
+..b67c52f0
+		#end..af3a2bb1
+..b67c52f0
+		#reg..0aaaa4b4
+..b67c52f0
+		bool..eddee1e1
+		{..2c16b746
+			ret..18134224
+		}..d315326d
+..b67c52f0
+		int ..e77f2405
+		{..2c16b746
+			ret..7011ef63
+		}..d315326d
+..b67c52f0
+		publ..d321779b
+		{..2c16b746
+			ret..fb244770
+		}..d315326d
+..b67c52f0
+		publ..1f376a3d
+		{..2c16b746
+			ret..3b8b8c7b
+			{..b221e63c
+				va..71c82ed5
+				va..0ca0db99
+				aw..21b758d2
+				aw..e8149c1d
+				re..58d577fe
+			});..16adb060
+		}..d315326d
+..b67c52f0
+		publ..3cc4ed58
+		{..2c16b746
+			ret..c72eaa80
+		}..d315326d
+..b67c52f0
+		publ..2d4a0c6d
+		{..2c16b746
+			ret..28dd28a6
+		}..d315326d
+..b67c52f0
+		publ..8958674b
+		{..2c16b746
+			ret..49089396
+		}..d315326d
+..b67c52f0
+		publ..d845faf9
+		{..2c16b746
+			ret..77ca4be2
+		}..d315326d
+..b67c52f0
+		publ..2827d5b1
+		{..2c16b746
+			ret..c10053ff
+		}..d315326d
+..b67c52f0
+		publ..92883d6d
+		{..2c16b746
+			ret..8b7ff94c
+		}..d315326d
+..b67c52f0
+		publ..27d20a7d
+		{..2c16b746
+			var..2b4aab14
+			loc..c5472a4a
+			{..b221e63c
+				We..3e40af4e
+				Co..074f17da
+				va..7f6e2156
+				if..2506a65b
+				{..76fbcf1c
+					v..4502586c
+					v..7b5406c9
+					v..0bb9c540
+					C..3ec6080b
+				}..bbbadbe3
+				re..d9d515d5
+			}..1fa5b0fa
+		}..d315326d
+..b67c52f0
+		publ..67816aa3
+		{..2c16b746
+			var..4fa42f72
+			var..8a58ad9c
+			awa..03d64a1b
+			_ev..ef86cfcd
+		}..d315326d
+..b67c52f0
+		publ..7ec06c86
+		{..2c16b746
+			var..c9930014
+			Exp..f84e25fc
+			if ..2b060317
+				pr..2820b543
+			els..9d7fd4ca
+				pr..aca70340
+			var..62640694
+				.S..ba7fa8eb
+				.C..097a18b7
+			var..3094d203
+			var..83dd8f1e
+			if ..b77a6545
+			{..b221e63c
+				li..d8ccae37
+				va..d864392b
+				aw..56ee6fe4
+				ha..b9f3058e
+			}..1fa5b0fa
+			var..57a3c15a
+			var..14203b41
+			if ..b84b30ef
+				re..3bf31c57
+			ret..911161fc
+		}..d315326d
+..b67c52f0
+		publ..63237f1f
+		{..2c16b746
+			ret..bd23c235
+			{..b221e63c
+				va..0707f16a
+				va..0c235679
+				va..d8c59dc0
+				tr..a3d015f4
+				{..76fbcf1c
+					v..30fd2d0c
+					v..986fac9e
+					i..e05a474c
+					{..9675795e
+						..56b367a4
+						..be206f3e
+					}..50cca099
+					e..96d5841a
+						..be206f3e
+..b67c52f0
+					v..6c8a6604
+					T..9f4dc1fb
+					T..254abc75
+					T..9284ce76
+					T..35a76f4e
+					i..b466c920
+					{..9675795e
+						..b92639f9
+						..1be3c652
+						..3ab04a7b
+					}..50cca099
+..b67c52f0
+					T..6a6a8d66
+					T..38323576
+				}..bbbadbe3
+				ca..6f0ab0b8
+				{..76fbcf1c
+				}..bbbadbe3
+				va..c4a7c937
+				va..61c13fdf
+				aw..03a3e455
+				re..75a5446f
+			});..16adb060
+		}..d315326d
+..b67c52f0
+		publ..f58e4451
+		{..2c16b746
+			var..ae2971e1
+			if ..f0039d48
+				re..b0b57461
+..b67c52f0
+			ret..7a9a8e71
+			{..b221e63c
+				va..167868e3
+				aw..828db3c7
+				_e..2be7d0a2
+				re..bdbf2794
+			});..16adb060
+		}..d315326d
+..b67c52f0
+		publ..8b1ed890
+		{..2c16b746
+			usi..21d75015
+			{..b221e63c
+				aw..5043389c
+			}..1fa5b0fa
+		}..d315326d
+..b67c52f0
+		publ..12d9cc0c
+		{..2c16b746
+			usi..1ac9a8e7
+			{..b221e63c
+				aw..5043389c
+			}..1fa5b0fa
+		}..d315326d
+..b67c52f0
+		publ..b08ce4da
+		{..2c16b746
+			usi..8a092d43
+			{..b221e63c
+				vm..9282b9f8
+				aw..5043389c
+			}..1fa5b0fa
+		}..d315326d
+..b67c52f0
+		publ..11ff9336
+		{..2c16b746
+			usi..8d6fa306
+			{..b221e63c
+				vm..9282b9f8
+				aw..5043389c
+			}..1fa5b0fa
+		}..d315326d
+..b67c52f0
+		publ..23fcc2a8
+		{..2c16b746
+			usi..2b089286
+			{..b221e63c
+				vm..67ff97ed
+				aw..5043389c
+			}..1fa5b0fa
+		}..d315326d
+..b67c52f0
+		publ..81cbb45f
+		{..2c16b746
+			var..c25763a5
+			if ..265a04a4
+				re..39fc9331
+			usi..9d9a4446
+			{..b221e63c
+				vm..ae743c3a
+				aw..5043389c
+			}..1fa5b0fa
+		}..d315326d
+..b67c52f0
+		publ..43291bd2
+		{..2c16b746
+			var..33eb3d95
+			if ..265a04a4
+				re..39fc9331
+			usi..d78ddde1
+			{..b221e63c
+				va..4301e8a8
+				if..5149ebfe
+					a..af755621
+			}..1fa5b0fa
+		}..d315326d
+..b67c52f0
+		#end..af3a2bb1
+..b67c52f0
+		#reg..04e529d6
+..b67c52f0
+		priv..14d6d64e
+		{..2c16b746
+			str..3753ebe4
+			dec..992189aa
+			if ..6bea3bde
+				ta..cfa2e580
+		}..d315326d
+..b67c52f0
+		priv..138ead4f
+		{..2c16b746
+			str..3753ebe4
+			flo..a74acc9b
+			if ..4953dc8f
+				ta..cfa2e580
+		}..d315326d
+..b67c52f0
+		priv..c67c8210
+		{..2c16b746
+			var..87f7d606
+			if ..7c5b023e
+			{..b221e63c
+				va..6fbffc88
+				tr..e06df8fb
+			}..1fa5b0fa
+			awa..a546b9ef
+		}..d315326d
+..b67c52f0
+		priv..5929bb33
+		{..2c16b746
+			var..c9930014
+			var..aae3870d
+			awa..27dbed68
+..b67c52f0
+			var..edec3912
+			if ..6e896c50
+			{..b221e63c
+				va..9ad184fd
+				aw..f0f380e8
+			}..1fa5b0fa
+			ret..484679c4
+		}..d315326d
+..b67c52f0
+		priv..92117957
+		{..2c16b746
+			var..bbf437ee
+			awa..833fa39c
+			awa..1a549af2
+			ret..9776c469
+		}..d315326d
+..b67c52f0
+		priv..473e47ad
+		{..2c16b746
+			var..a0e6d3fe
+			awa..56eef39c
+			ret..9776c469
+		}..d315326d
+..b67c52f0
+		priv..c36a5e4c
+		{..2c16b746
+			var..a21837c2
+			var..2c54e348
+			if ..9b26ce5f
+				re..6211e4f8
+			ret..94d0e5e2
+		}..d315326d
+..b67c52f0
+		priv..a94529ce
+		{..2c16b746
+			var..c9930014
+			var..c56413d7
+			ret..99871bfa
+		}..d315326d
+..b67c52f0
+		priv..64c6c2b3
+		{..2c16b746
+			var..0139ee14
+			if ..2f2311e6
+				re..408482ea
+			var..3b56d437
+			var..b6ba8a6d
+			if ..a7dee70a
+				re..408482ea
+			ret..7729b7d7
+		}..d315326d
+..b67c52f0
+		#end..af3a2bb1
+	}..38162699
-    pu..dbffb5fb
-    {..dc4ae725
-      ..4774dd40
+	publi..07854774
+	{..2600cbf8
+		bool..004d615a
-      ..3adc268d
+		bool..372d6ae0
-      ..43369708
-    }..dda0598f
+		bool..bb79620a
+..b67c52f0
+		stri..a951deb0
+	}..38162699
--- /de..b7d22243
+﻿nam..50f0f1db
+{..40370470
+	publi..cb8850f7
+	{..2600cbf8
+		#reg..1916435a
+..b67c52f0
+		publ..3b2ad645
+..b67c52f0
+		#end..af3a2bb1
+..b67c52f0
+		#reg..9a0612e1
+..b67c52f0
+		priv..bed7103f
+		{..2c16b746
+		}..d315326d
+..b67c52f0
+		#end..af3a2bb1
+	}..38162699
+}..c9fe7b8f
-    [T..8a72ceb1
-    pu..ad28ff99
-    {..dc4ae725
-      ..5aa79866
-..47dd73f4
-      ..69c6dcd5
-      ..2498012f
-..47dd73f4
-      ..f6f6946f
-      ..73e15329
-..47dd73f4
-      ..f6f6946f
-      ..c6fe0111
-..47dd73f4
-      ..f6f6946f
-      ..f59a60fd
-..47dd73f4
-      ..f6f6946f
-      ..abbc0112
-..47dd73f4
-      ..f6f6946f
-      ..3567c63c
-..47dd73f4
-      ..a734c7a1
-..47dd73f4
-      ..9eb8ecf5
-..47dd73f4
-      ..80e39e7c
-..47dd73f4
-      ..cfe1ab17
-      ..41b51a71
-      ..008cc051
-      ..864dec43
-      ..410b850d
-      ..4b010acf
-      ..33618b1a
-      ..710c2e8b
-      ..82b7d5b8
-      ..c66a3c81
-      ..4fd29fc1
-      ..241a014d
-      ..71175973
-      ..84d48ba2
-..47dd73f4
-      ..7d01e425
-      ..41b51a71
-      ..bdc3c121
-      ..50a7f6ac
-      ..5d6237c6
-      ..84d48ba2
-..47dd73f4
-      ..9eb8ecf5
-    }..dda0598f
+	[Tabl..ebc1e971
+	publi..c4d1ba56
+	{..2600cbf8
+		#reg..90373ec5
+..b67c52f0
+		[Pri..e2f62586
+		publ..8b427b5e
+..b67c52f0
+		[Ind..abaf30b0
+		publ..e0d697e5
+..b67c52f0
+		[Ind..abaf30b0
+		publ..e3386d71
+..b67c52f0
+		[Ind..abaf30b0
+		publ..1612062e
+..b67c52f0
+		[Ind..abaf30b0
+		publ..9629e15d
+..b67c52f0
+		[Ind..abaf30b0
+		publ..907a5acd
+..b67c52f0
+		publ..167ba8c8
+..b67c52f0
+		publ..da036cb4
+..b67c52f0
+		#end..af3a2bb1
+..b67c52f0
+		#reg..04e529d6
+..b67c52f0
+		publ..c0b88ec3
+		{..2c16b746
+			var..86a42e45
+			{..b221e63c
+				Id..330abae8
+				Id..dec84306
+				Co..4f566840
+				Da..5cf39650
+				Co..1a8e5a06
+				In..7d476daa
+				Is..6fb6fee9
+				Is..bfe91f19
+			};..b85394bf
+			ret..5e4c7952
+		}..d315326d
+..b67c52f0
+		publ..00de865f
+		{..2c16b746
+			var..24728d3b
+			var..ebc8a755
+			ret..afe2b2ff
+		}..d315326d
+..b67c52f0
+		#end..af3a2bb1
+	}..38162699
-﻿nam..459eb171
+﻿usi..5ea7934b
+..b67c52f0
+namesp..3d9899f5
-    pu..f657013a
-    {..dc4ae725
-      ..6c64fe41
+	publi..1de830f0
+	{..2600cbf8
+		#reg..9a0612e1
+..b67c52f0
+		publ..e34e7b75
+		{..2c16b746
+			Nam..0fbf50dd
+			Sym..6fb87461
+		}..d315326d
-      ..2dc2c1bb
-      ..41b51a71
-      ..809c15fa
-      ..2a239785
-      ..84d48ba2
+		#end..af3a2bb1
-      ..9eb8ecf5
+		#reg..90373ec5
-      ..5aa79866
+		publ..e460ef83
-      ..c2762fb1
+		publ..107d5d62
-      ..118d6ff1
+		stri..6f3f52bc
-      ..9eb8ecf5
-    }..dda0598f
+		#end..af3a2bb1
+	}..38162699
+using ..f25f0ad1
-    pu..3755654e
-    {..dc4ae725
-      ..6c64fe41
+	publi..86540618
+	{..2600cbf8
+		#reg..9a0612e1
-      ..c34bfce5
-      ..41b51a71
-      ..18251a39
-      ..939ec963
-      ..d2b831a7
-      ..eed916d1
-      ..8b6395d3
-      ..864dec43
-      ..14f1ec97
-      ..72d41013
-      ..df8fe1df
-      ..9662d8da
+		publ..708f8e15
+		{..2c16b746
+			Tra..f6a425d2
+			Wea..c10cfc3d
+			IsS..c80858fa
+			Log..0a10b7fb
+			Add..74836606
+			Val..bdf76313
+			if ..ee2b4de4
+				Da..92f80410
+			els..9d7fd4ca
+			{..b221e63c
+				va..773db7e6
+				Da..d5a19fa8
+				Ti..d55fe451
+			}..1fa5b0fa
+		}..d315326d
-      ..8305dcc9
-      ..2c4f3ec9
-      ..864dec43
-      ..f7e07279
-      ..ca68351c
-      ..08804243
-      ..a966666b
-      ..9662d8da
-      ..8b6395d3
-      ..864dec43
-      ..5267213a
-      ..56c3c9b2
-      ..d41b599a
-      ..9662d8da
-      ..d25bfba8
-      ..92862774
-      ..8b6395d3
-      ..c5c1c864
-      ..84d48ba2
+		#end..af3a2bb1
-      ..9eb8ecf5
+		#reg..90373ec5
-      ..5aa79866
+		publ..e95b77fd
-      ..ea903f25
+		publ..39993f64
-      ..5eacd1ad
+		publ..00a994a0
-      ..160b19c6
+		publ..903773ae
-      ..c3b97320
+		publ..9339cfcb
-      ..280c060d
+		publ..39db6e84
-      ..7e3227bb
+		publ..d81ec270
-      ..91b639ee
+		publ..78dfac0c
-      ..1f555d46
+		publ..d384c72b
-      ..7f8aac20
+		publ..20a32288
-      ..e8eed6a1
+		publ..15a4470b
-      ..60b9bf9c
+		publ..39c33671
-      ..680344cb
+		#end..af3a2bb1
-      ..9eb8ecf5
+		#reg..04e529d6
-      ..80e39e7c
+		priv..81980a71
+		{..2c16b746
+			ret..01a34d6e
+		}..d315326d
-      ..1c82dfee
-      ..41b51a71
-      ..ce16044f
-      ..84d48ba2
-..47dd73f4
-      ..9eb8ecf5
-    }..dda0598f
+		#end..af3a2bb1
+	}..38162699