+using ..8fbcd39f
+using ..cdd6b757
+using ..3fa3c796
+      ..542ed2ae
+..72830262
+      ..dba96fc9
+      ..2bb262b3
+      ..8bc31e3a
+      ..110ec8a7
+      ..9c1998ae
+..72830262
-      ..604a5bb9
-      ..c7abc53e
+      ..0bed4bb4
+      ..66d3fa52
-      ..fab81c11
+      ..f83ca919
-      ..3df8c5a7
+      ..510dd051
-      ..1c2e5cb5
+      ..9281f676
+..72830262
+      ..309b58f9
+      ..aaafd8ff
+      ..72060b80
+      ..b686b8ad
+      ..b626b571
+      ..1951280a
+      ..2cb4db22
+      ..45f1f2dc
+      ..c048aedb
+      ..fa4f9cec
+      ..6ff27af1
+      ..88c55c33
-      ..d3286013
+      ..aa7e5109
+	<AotA..1dd7b603
+	<Enab..4b686670
+    <B..5f5b8e1e
+    <R..d97e619a
+      ..17deb89a
+      ..97b0aa70
+    </..67cc2489
+    <R..01fe4bd9
+      ..d940c122
+      ..97b0aa70
+    </..67cc2489
+  <Ite..6989cab4
+    <A..95c5aca8
+  </It..26fa423f
+  <Ite..6989cab4
+    <A..efb55474
+  </It..26fa423f
+  <Ite..6989cab4
+    <A..91747364
+  </It..26fa423f
+  <Ite..6989cab4
+    <A..6f53f900
+  </It..26fa423f
+  <Ite..6989cab4
+    <A..7ec6e330
+  </It..26fa423f
+  <Ite..6989cab4
+    <A..2548725a
+  </It..26fa423f
+  <Ite..6989cab4
+    <A..1144bbff
+  </It..26fa423f
+  <Ite..6989cab4
+    <A..d6ed9da1
+  </It..26fa423f
+  <Ite..6989cab4
+    <A..a45b328a
+  </It..26fa423f
+  <Ite..6989cab4
+    <A..f97b5fb1
+  </It..26fa423f
+  <Ite..6989cab4
+    <A..890565e3
+  </It..26fa423f
+  <Ite..6989cab4
+    <A..faa32253
+  </It..26fa423f
+  <Ite..6989cab4
+    <A..f5fa3593
+  </It..26fa423f
+  <Ite..6989cab4
+    <A..acea058f
+  </It..26fa423f
+  <Ite..6989cab4
+    <A..341cec98
+  </It..26fa423f
+  <Ite..6989cab4
+    <A..50dbbd95
+  </It..26fa423f
+  <Ite..6989cab4
+    <A..cf09c3e2
+  </It..26fa423f
+  <Ite..6989cab4
+    <A..dfa606ae
+  </It..26fa423f
+  <Ite..6989cab4
+    <A..61cd8053
+  </It..26fa423f
+  <Ite..6989cab4
+    <A..379c81f9
+  </It..26fa423f
+  <Ite..6989cab4
+    <A..80e2e51f
+  </It..26fa423f
+  <Ite..6989cab4
+    <A..2a1d3888
+  </It..26fa423f
+  <Ite..6989cab4
+    <A..e318f8c2
+  </It..26fa423f
+  <Ite..6989cab4
+    <A..2ca27f77
+  </It..26fa423f
+  <Ite..6989cab4
+    <A..2e1269f4
+  </It..26fa423f
+  <Ite..6989cab4
+    <A..de10731e
+  </It..26fa423f
+  <Ite..6989cab4
+    <A..3d93c6b3
+  </It..26fa423f
+  <Ite..6989cab4
+    <A..c3a98703
+  </It..26fa423f
+  <Ite..6989cab4
+    <A..98554d84
+  </It..26fa423f
+  <Ite..6989cab4
+    <A..a3e78527
+  </It..26fa423f
+  <Ite..6989cab4
+    <A..9b6366b3
+  </It..26fa423f
+  <Ite..6989cab4
+    <A..70c00b00
+  </It..26fa423f
+  <Ite..6989cab4
+    <A..38044540
+  </It..26fa423f
+  <Ite..6989cab4
+    <A..a62479fb
+  </It..26fa423f
+  <Ite..6989cab4
+    <A..4d2a27a8
+  </It..26fa423f
+using ..02c1b3ab
+using ..cc80584b
+using ..193b56c9
+      ..5ad5203c
+      ..ca95ae67
+      ..8bc31e3a
+      ..912781f6
+      ..475231a4
+      ..31e0c434
+      ..b1ad6c12
+      ..3a94fe6d
+      ..77924332
+..72830262
+      ..8f2cb863
+      ..e2f45cc3
+      ..91665087
+      ..31e0c434
+      ..73200a3f
+      ..e75085d6
+      ..b5d4ce99
+      ..a655116e
+      ..4854aa46
+      ..2d8be36a
+      ..26febf98
+      ..4c2d1861
+      ..3fd5b74d
+      ..9c1998ae
+..72830262
+      ..2080eb53
+      ..8bc31e3a
+      ..4cf9fb63
+      ..b540cdf8
+      ..9c1998ae
+..72830262
-			pub..79e71482
+			pub..3ce9f9df
-			pub..6e70f335
+			pub..e398f8a2
-			pub..a2d64cfe
+			pub..674e5020
-			pub..f3360074
+			pub..904e792e
-			pub..2f073bbd
+			pub..855123a9
-			pub..c57e6d01
+			pub..b434281e
-			pub..c2e49969
+			pub..1fc6618f
-			pub..3619c31d
+			pub..7775ed7a
-			pub..e6950693
+			pub..291ff3b6
-			pub..62d0a8ea
+			pub..68c3f526
-			pub..b709f39f
+			pub..1c338e24
-			pub..c4152e57
+			pub..c0626903
-			pub..a6d14212
+			pub..cd7ca2cd
-			pub..3cf496cf
+			pub..a786292f
-			pub..edaff84d
+			pub..aa2b1f20
-			pub..89a5b7a1
+			pub..e3afd05e
-			pub..2cb82e05
+			pub..dc249027
-			pub..7169e35b
+			pub..66fd891c
-			pub..f52a315f
+			pub..0b5e7ff1
-			pub..6db44f96
+			pub..e470c97e
-			pub..ef8ed23c
+			pub..37f148c5
-			pub..462f634a
+			pub..c1c8b62f
-			pub..36b1d375
+			pub..4163fd55
-			pub..b189d04f
-..f5b5d667
-			// ..fa34ddbe
-			pub..b38ef2a7
-..f5b5d667
-			// ..b298ea4f
-			pub..4b6f3741
+			pub..7e4cfdf0
-			pub..7dcbab29
+			pub..91e85e0f
-			pub..eb2dfd2a
+			pub..996f03e5
-			pub..7947a7ad
+			pub..cd86ada3
-			pub..1868068c
+			pub..fc7cc920
-			pub..049ec3f4
+			pub..c4794856
-			pub..eba7e7bf
+			pub..0a51003a
-			pub..f8a3e73b
+			pub..eb7ea3ce
-			pub..571751b3
+			pub..1bc8d9ab
+..72830262
+			// ..aea888c4
+			pub..3472fcf1
+..72830262
+			// ..122a1f50
+			pub..b45816e9
+..72830262
+			// ..01078acf
+			pub..b8e26479
+..72830262
+			// ..42ed0a93
+			pub..a6194726
+..72830262
+			// ..5d530805
+			pub..f34a4763
+..72830262
+			// ..cea1d126
+			pub..ff38abf1
+..72830262
+			// ..15aae443
+			pub..b90e3edb
+..72830262
+			// ..54650664
+			pub..03c426f1
+..72830262
+			// ..0924809c
+			pub..296e245d
+..72830262
+			// ..df7c057c
+			pub..1d4d3daa
+..72830262
+			// ..db3dfad6
+			pub..49cf6210
+..72830262
+			// ..0761fc9f
+			pub..9674fda3
+..72830262
+			// ..fbb67e65
+			pub..08de3c57
+..72830262
+			// ..8ea3536c
+			pub..bafd7ac1
+..72830262
+			// ..ad1335ee
+			pub..4b5b50f4
+..72830262
+			// ..1446e357
+			pub..eae201a3
+..72830262
+			// ..52d275e4
+			pub..b476b1fd
+..72830262
+			// ..398e3a3b
+			pub..06ba8ee0
+..72830262
+			// ..8289c7a7
+			pub..a2254737
+..72830262
+			// ..b02fa705
+			pub..63344f44
+..72830262
+			// ..75fee5bb
+			pub..469dcbe1
+..72830262
+			// ..335403e6
+			pub..203398cc
+..72830262
+			// ..1c8903fe
+			pub..1cce78c7
+..72830262
+			// ..82c664d1
+			pub..c6d66741
+..72830262
+			// ..dbf5bc3d
+			pub..e4e203e9
+..72830262
+			// ..658240a6
+			pub..e5a37be1
+..72830262
+			// ..cb428b22
+			pub..8255f246
+..72830262
+			// ..7c1b1953
+			pub..5eea522d
+..72830262
+			// ..4545e2f9
+			pub..4fd7e95b
+..72830262
+			// ..9b7bf707
+			pub..e5bd4fdc
+..72830262
+			// ..59b08716
+			pub..0ba373ee
+..72830262
+			// ..7fdd4df5
+			pub..870c6f88
+..72830262
+			// ..29afab68
+			pub..3070eb4c
+..72830262
+			// ..9ba40bca
+			pub..b0d95585
-			// ..1cbb5b0c
-			pub..45b0aaa8
+			// ..fdeef7fe
+			pub..02a4264d
-			// ..a0a4a653
-			pub..593abd74
+			// ..a56ebd14
+			pub..c20240a1
-			// ..5c9521fe
-			pub..8b136c6a
+			// ..8d46a78f
+			pub..dd54e26f
-			// ..16534f0d
-			pub..6b3e4c92
+			// ..d484ae23
+			pub..c1a44b8d
-			// ..22b9e21a
-			pub..afc4836b
+			// ..66995aec
+			pub..cb59554c
-			// ..e9cc6c4b
-			pub..1a249f0b
+			// ..688b01a1
+			pub..99fea9ee
-			// ..a038192a
-			pub..a4aad483
+			// ..9f752ac6
+			pub..6de434a0
-			// ..60a717a9
-			pub..83b99233
+			// ..78b4c701
+			pub..81e74848
-			// ..52fddd65
-			pub..8300b246
+			// ..4f397c2e
+			pub..b005b8c1
-			// ..afc9ec04
-			pub..6ec1fdd4
+			// ..cb49c37a
+			pub..3973c530
-			// ..08b0c646
-			pub..ecfd2346
+			// ..782017e3
+			pub..4ea8ce0b
-			// ..64bd48cd
-			pub..8f37df87
+			// ..d143b546
+			pub..12c12e6e
-			// ..a0e33af0
-			pub..51e76a25
-..f5b5d667
-			pub..e3b2d100
+			pub..19213bdd
-			// ..a6715057
-			pub..59eee614
+			// ..6db3747f
+			pub..7868bb94
+..72830262
+			// ..d142299f
+			pub..4a8706ff
-			// ..a47dad9e
-			pub..8eb85065
+			// ..3e207158
+			pub..7563551d
-			// ..c4a3a16c
-			pub..f3719d04
+			// ..2963a6f0
+			pub..0d1c4883
-			// ..c29de4a5
-			pub..430e0da1
+			// ..ad2b77ba
+			pub..03211b17
+..72830262
+			// ..a766a7a9
+			pub..1726bdae
-			pub..99d65fcf
+			pub..09966592
-			pub..b7fb3736
+			pub..4532e168
-			// ..c7016103
-			pub..5cc91c0a
+			// ..b3332b4a
+			pub..2dcfa281
-			pub..8741da07
-..f5b5d667
-			// ..91cc9a2f
-			pub..73c5906b
+			pub..4af2cc16
-			// ..28626a97
-			pub..16356f6f
+			// ..bf1f64e8
+			pub..6f689f88
-			// ..e3829feb
-			pub..0f49c063
+			// ..06495b41
+			pub..a896300a
-			// ..b7e3838e
-			pub..4248ec1f
+			// ..34d85cc5
+			pub..16d4df42
-			// ..2221e376
-			pub..9f8b607a
+			// ..86b3bcc0
+			pub..7a9ee17f
-			// ..4ab78b4f
-			pub..e7146c62
+			// ..6481f1b1
+			pub..8e128b86
-			// ..b553ee5e
-			pub..8202bf9f
-..f5b5d667
-			// ..092ac73b
-			pub..455ac53c
+			// ..b38f7e84
+			pub..c8753300
-			pub..70e1ccde
+			pub..6df4170d
-			pub..946bd581
+			pub..f13034c6
-			pub..782008d5
+			pub..9d2e8719
+..72830262
+			// ..59a63968
+			pub..b6048938
-			// ..e72bd526
-			pub..ddaf5449
+			// ..f909c135
+			pub..24508d8b
-			// ..2a5f6dd3
-			pub..4d9e70ed
+			// ..2a18d1e6
+			pub..1dff4cd0
-			// ..bf9b5abf
-			pub..08429e8d
+			// ..fa27e7fb
+			pub..f130c6a9
-			// ..5bbb27ad
-			pub..afd6735c
-..f5b5d667
-			// ..87d3f5e2
-			pub..4d89917b
+			// ..56ce66fa
+			pub..c6bc7cab
-			// ..6fded73e
-			pub..9ec5b2f0
+			// ..07d1991e
+			pub..96650927
-			// ..624fcfa8
-			pub..c3c2b235
+			// ..8b248912
+			pub..c13c6730
-			// ..377c926d
-			pub..8efc6c8f
+			// ..e989fa35
+			pub..37f062d9
-			// ..4d24d873
-			pub..8d94e6f7
+			// ..32971d53
+			pub..deecba53
-			// ..1bb775b5
-			pub..b15f8be5
+			// ..d79e6098
+			pub..cca78953
-			// ..42799069
-			pub..f39c162c
+			// ..75fa9056
+			pub..11ef01c7
-			// ..9b843f4b
-			pub..14b2e5df
+			// ..149bdfda
+			pub..280dbb52
-			// ..2232d4a3
-			pub..9afa7f02
+			// ..986f1128
+			pub..909c74cd
-			// ..fd744898
-			pub..06e9d4e4
+			// ..0fdcfc75
+			pub..cc7eec36
-			// ..d6e67f5a
-			pub..b8f5d520
+			// ..5bb4c4c9
+			pub..b5ddc933
-			// ..b9dcd85c
-			pub..0e7610bf
+			// ..67d8bde5
+			pub..2274961b
-			// ..ab72b597
-			pub..09882e4b
+			// ..94b93e7f
+			pub..d648a913
-			// ..efcba0da
-			pub..d00d8e1e
+			// ..77236808
+			pub..543baadf
-			// ..98d2803a
-			pub..fee29628
+			// ..6c9dfff0
+			pub..9502e594
-			// ..ba9a4871
-			pub..de53140a
+			// ..b0d919dd
+			pub..5955645e
-			// ..26a35f9d
-			pub..7f9cd4b4
+			// ..5ce421c4
+			pub..e694c325
-			// ..351165e2
-			pub..fb74558b
+			// ..0fda4376
+			pub..89b3632e
-			// ..16df706d
-			pub..a8761c62
+			// ..63bd7103
+			pub..dfa93d0a
-			// ..b91333b4
-			pub..fc208d50
-..f5b5d667
-			// ..05b0d195
-			pub..3eeb2aa4
+			// ..27d35408
+			pub..1ae65f47
-			pub..bbf246a2
+			pub..eed4bcee
+..72830262
+			// ..f965bb89
+			pub..c69d7d80
-			// ..9925f8e1
-			pub..8183e8ec
-..f5b5d667
-			pub..0625f2b9
+			pub..e3889c5c
-			// ..c414b710
-			pub..7e5c855f
+			// ..609689ec
+			pub..1483fd0a
+..72830262
+			// ..fb49673d
+			pub..5aa1b2ac
-			// ..4c41b9b8
-			pub..7c17cb78
+			// ..038fe4d8
+			pub..376abcda
-			// ..e611c34e
-			pub..5db3e043
+			// ..89174e2b
+			pub..dccfc624
-			// ..933892cb
-			pub..98fbe07f
+			// ..a533879c
+			pub..f61046f5
-			// ..067a7c60
-			pub..9dda5a2b
+			// ..cc44212f
+			pub..b68f5c4c
-			// ..cd62f166
-			pub..e2b06bb9
-..f5b5d667
-			// ..77381767
-			pub..02b30f8a
+			// ..259e6853
+			pub..6afa68f2
-			pub..9232c2cc
+			pub..e0a07935
+..72830262
+			// ..374fb7b6
+			pub..dc248fd5
-			// ..6feb8e45
-			pub..14fe61a5
+			// ..d2ac1f23
+			pub..f6ea0f10
-			// ..22c93bca
-			pub..fb716f97
+			// ..203156d8
+			pub..ae31b080
-			// ..2ec20809
-			pub..91bbc6a5
+			// ..b90edf36
+			pub..f98afb19
-			// ..414a5f5a
-			pub..274b558e
+			// ..c8afff28
+			pub..1d2b23b1
-			// ..aeb6888b
-			pub..d8e72054
-..f5b5d667
-			pub..b1de9a10
+			pub..2363c1f5
+..72830262
+			// ..f1298576
+			pub..6f79fd7b
-			// ..2395cfda
-			pub..2b80fa85
+			// ..99e4361e
+			pub..42a42c08
-			// ..e02cd2c9
-			pub..058c2fac
+			// ..4d4cba53
+			pub..69db3759
-			// ..6d2ba346
-			pub..b0f8fd9e
+			// ..9be57947
+			pub..bd993123
-			// ..d006fdd8
-			pub..3ac3cb4b
+			// ..6e4e00ab
+			pub..600a91fe
-			pub..bd6afe2a
+			pub..358acf01
-			pub..26d9f34b
+			pub..8d83b4c2
-			pub..295a7487
+			pub..d7ea58fc
-			pub..bcb7cae2
+			pub..ea1c2361
-			pub..32e1fb88
+			pub..b5151cc4
-			pub..a3e03a46
+			pub..ddda4ca2
-			pub..9a6d95de
+			pub..326352f6
-			pub..10c8fee6
+			pub..dfb2268e
-			pub..7db974ed
+			pub..ea6e67b5
-			pub..f97d0cbc
+			pub..0597a5d2
-			pub..a2cbc37d
+			pub..179e8377
-			pub..c2457cbb
+			pub..d0e7e5b9
-			pub..a817faeb
+			pub..8101f7b9
-			pub..611fb788
+			pub..179bc8c3
-			pub..4d91647d
+			pub..b7129678
-			pub..8e06581e
+			pub..1540e1ff
-			pub..ce3bf32e
+			pub..62d2e809
-			pub..33790ffc
+			pub..c489afbb
-			pub..4df90065
+			pub..fdfdee88
-			pub..594e4de4
+			pub..e3f5bce1
-			pub..da2e572c
+			pub..c13d0830
-			pub..c64c829c
+			pub..9d3666ad
-			pub..7704cc2b
+			pub..870b4943
-			pub..c5f6915b
+			pub..3e179496
-			pub..9b064f7d
+			pub..f9b7f8aa
-			pub..2865a3a7
+			pub..7629865f
-			pub..03ae0252
+			pub..d55c9ac7
-			pub..8bb8a534
+			pub..ffc7a253
-			pub..c499918f
+			pub..ab83955e
-			pub..b9ca6774
+			pub..2e4a5998
-			pub..22566786
+			pub..c813f85c
-			pub..a3f44f56
+			pub..c3861868
-			pub..f7fe49ff
+			pub..7be62202
-			pub..d44734a5
+			pub..57b668dd
-			pub..5971db1c
+			pub..a43bdea9
-			pub..b582c090
+			pub..1ff65170
-			pub..6ef6adb8
+			pub..c3ec9b01
-			pub..6d19e2b7
+			pub..b8d97ccd
-			pub..b02cee18
+			pub..ae692db4
-			pub..a0a90917
+			pub..54521170
-			pub..95c1747f
+			pub..d4f678c2
-			pub..cdf9d28b
+			pub..f64abdab
-			pub..a65599cb
+			pub..8f9f3a7a
-			pub..e4b17f25
+			pub..ccbfde3b
-			pub..3803beb0
+			pub..4da904ad
-			pub..8034a9af
+			pub..0305e0cf
-			pub..ada16fb1
+			pub..227e4ce6
-			pub..8e4b29e3
+			pub..dbae566d
-			pub..bc05bf61
+			pub..daa88a7e
-			pub..e29876b4
+			pub..fa59190b
-			pub..e1be6946
+			pub..aed54998
-			pub..a001b0cf
+			pub..a411b15e
-			pub..01633211
+			pub..67087948
-			pub..4641917e
+			pub..a8fe7801
-			pub..a4b17428
+			pub..c6b61273
-			pub..fb42d3c0
+			pub..a33b6af6
-			pub..1c4e4057
+			pub..2ae7f850
-			pub..33b0c4e9
+			pub..c693c350
-			pub..6c80792b
+			pub..ba8d0db4
-			pub..c3438250
+			pub..24d7ea78
-			pub..b4237166
+			pub..dc055118
-			pub..fbc2c791
+			pub..257a2e74
-			pub..4bad69fb
+			pub..5324cf56
-			pub..bc1feef7
+			pub..436c8676
-			pub..bf3763a8
+			pub..73cda0d5
-			pub..c62175cf
+			pub..4959b12f
-			pub..920ad2cf
+			pub..16378e52
-			pub..9f1df587
+			pub..cf7888f5
-			pub..0deebb32
+			pub..6f2626a7
-			pub..e769b1f0
+			pub..8724b454
-			pub..3c44e107
+			pub..96281c53
-			pub..75a32900
+			pub..525a567a
-			pub..38f4d445
+			pub..0893549e
-			pub..74b15cec
+			pub..d7bfef17
-			pub..26d01aef
+			pub..3501a96a
-			pub..292c5b3a
+			pub..3d4cfba2
-			pub..e5739023
+			pub..455bdd13
-			pub..391e44bb
+			pub..2f427a42
-			pub..6d0ea8f9
+			pub..49ace596
-			pub..25d8d2fd
+			pub..d9f3f58a
-			pub..13db733b
+			pub..37634ba4
-			pub..2f803835
+			pub..a6436db9
-			pub..8f6f5f24
+			pub..1f91efce
-			pub..6d192d0f
+			pub..bb7fccd8
-			pub..1789f5ab
+			pub..38fd6237
-			pub..62a6bdde
+			pub..dee2f645
-			pub..c3c5e268
+			pub..b60730d3
-			pub..7cbf013b
+			pub..6add3399
-			pub..90bdcbe8
+			pub..fe537e7b
-			pub..611f48c5
+			pub..a628f6e0
-			pub..6296ddf2
+			pub..480e5bf4
-			pub..63c1ae15
+			pub..e446b3ff
-			pub..f3e8e95d
+			pub..5e1d29ac
+..72830262
+			// ..2d5b4fb4
+			pub..e96359b0
+..72830262
+			// ..d62b6715
+			pub..bfef74ce
+..72830262
+			// ..3e400bf2
+			pub..72f74581
-      ..ed3e28f2
+      ..690a9eb2
+using ..893c2cc7
+      ..1dcd5fed
-      ..1ab77217
-      ..6c0e960a
+..72830262
+      ..b3ec21c1
+      ..8ee112d2
+..72830262
+      ..5a9a98a7
+      ..c85e67db
+      ..e39d34df
+      ..6d3f57cc
+      ..0854491f
+using ..e15ce076
+using ..e15ce076
+using ..45dc0b20
+using ..23f605da
+using ..193b56c9
+using ..113a7f1c
-      ..8839e516
+      ..1f1ace4b
+..72830262
+      ..3b3060b7
+..72830262
+      ..974c88c3
+..72830262
+      ..60f1cee0
+..72830262
+      ..c748497d
+..72830262
+      ..5528d75d
+      ..8bc31e3a
+      ..8b5b6175
+      ..5e03271b
+      ..4a2abfcf
+      ..9c1998ae
+..72830262
+      ..60f1cee0
+    [V..c2300a6d
+  <pac..4fd17f05