-      ..8bc745cc
+      ..ff4c4dc3
+      ..0c2bc7ba
+      ..890f73c7
+    pu..32bcf02f
+    {..d5ddd1d3
+      ..90e64ba6
+..72830262
+      ..456b6e1d
+      ..bfa41983
+      ..4cf7e4d6
+      ..ea041282
+      ..3ac12bf3
+      ..dabf92bd
+      ..e16cf893
+      ..8d11eb80
+      ..504466c0
+      ..4d66a29d
+..72830262
+      ..60f1cee0
+..72830262
+      ..e50e4637
+..72830262
+      ..4dcc65e0
+      ..8bc31e3a
+      ..9c1998ae
+..72830262
+      ..60f1cee0
+    }..acb754e9
+..72830262
+    pu..12798d73
+    {..d5ddd1d3
+      ..90e64ba6
+..72830262
+      ..d4aaf7d4
+      ..b3087dbe
+      ..69d51249
+      ..1cc44b6e
+      ..14858bd5
+..72830262
+      ..60f1cee0
+..72830262
+      ..e50e4637
+..72830262
+      ..4a7b26d3
+      ..8bc31e3a
+      ..9c1998ae
+..72830262
+      ..60f1cee0
+    }..acb754e9
+..72830262
+    pu..a8384a21
+    {..d5ddd1d3
+      ..90e64ba6
+..72830262
+      ..3fd2f58f
+..72830262
+      ..60f1cee0
+    }..acb754e9
+..72830262
-      ..481d7396
+      ..cb952855
+      ..387630dd
+..72830262
-      ..53d29934
-      ..05ff9954
+      ..4f50a02e
-      ..57dcab52
-      ..52f45403
+      ..4037d097
+      ..005405bf
+      ..c6030b45
+..72830262
-      ..e6824c4f
+      ..06e9b7cb
-      ..c34a444a
+      ..d8a3d8a3
-      ..670b806f
+      ..3ef4c335
+      ..e569435f
+      ..d803af82
+      ..31e0c434
+      ..ffe3e0e6
+      ..77924332
+      ..00b53963
+      ..31e0c434
+      ..b75acc9d
+      ..77924332
+      ..f995bf57
+      ..31e0c434
+      ..e0c84e13
+      ..77924332
+using ..fd67277e
+using ..b18a1b91
-      ..bcb7324d
+      ..b1a3168f
-      ..d674a5ba
+      ..6b9f49a3
-      ..96390ffa
+      ..0cd63aba
-      ..0b889a61
-      ..332e099d
+      ..6a3b864c
+      ..3f967f8c
-..f5b5d667
+..72830262
-      ..35e02969
+      ..2b61e1cc
+      ..9c1998ae
+..72830262
+      ..db868616
+      ..8bc31e3a
+      ..6eab7992
+      ..fef40133
+      ..3003ffe0
+      ..0fc95d9a
+      ..1e7721c5
-      ..5fac967b
-      ..f39d5794
+      ..0fc95d9a
+      ..71fad2d9
-      ..928e7c75
-      ..f39d5794
+      ..0f7a85b2
+      ..71fad2d9
-      ..152f28ae
+      ..6f590e35
-      ..b89e130b
+      ..922d65dd
-      ..ddad2a63
+      ..2b053bd0
-      ..8a570342
+      ..26f00b29
-      ..7a3261d7
+      ..72f49e59
-      ..0ba69eae
-      ..fd882604
+      ..b30a3879
+      ..c98883cc
-      ..4ab5048f
+      ..e7ad2e4e
+using ..fd67277e
+using ..b18a1b91
+      ..51d3eab1
+      ..8bc31e3a
+      ..a94e0aea
+      ..9c1998ae
+..72830262
+      ..aad859b4
+      ..8bc31e3a
+      ..61f34135
+      ..024b3a07
+      ..a20f22d9
+      ..427a4626
+      ..9c1998ae
+..72830262
+      ..ec417d49
+      ..8bc31e3a
+      ..4823b738
+      ..7c0093f1
+      ..a0660bc2
+      ..9c1998ae
+..72830262
+      ..359dcda3
+      ..8bc31e3a
+      ..a8712613
+      ..9c1998ae
+..72830262
-      ..96707bd5
+      ..c745f59a
-      ..0d35ee75
-      ..4934a715
+      ..8ba59e35
-      ..5edebf87
+      ..e0694f15
-      ..83b7b867
+      ..13c2914a
-      ..2c50ca27
+      ..5e611835
-      ..a0ddc513
+      ..7d6e557f
-      ..77a22e24
-      ..15a625d3
+      ..81088773