-      ..892b80b7
+      ..2f4cbc8c
--- /de..ca5c0434
+﻿usi..a540b0a3
+using ..e7500511
+using ..02c1b3ab
+using ..cdb7afa5
+using ..113a7f1c
+using ..129355f6
+using ..dc229cac
+..72830262
+namesp..6fe0000f
+{..2e15e9e3
+    pu..38d21919
+    {..d5ddd1d3
+      ..90e64ba6
+..72830262
+      ..d92abf18
+..72830262
+      ..60f1cee0
+..72830262
+      ..e50e4637
+..72830262
+      ..97dfb173
+      ..8bc31e3a
+      ..f0b92f43
+      ..9c1998ae
+..72830262
+      ..60f1cee0
+..72830262
+      ..3b3060b7
+..72830262
+      ..3b7e584d
+..72830262
+      ..0dfa1bfc
+..72830262
+      ..34c7002a
+..72830262
+      ..4679a808
+..72830262
+      ..92ba460f
+..72830262
+      ..60f1cee0
+..72830262
+      ..c748497d
+..72830262
+      ..90a2c3ea
+      ..8bc31e3a
+      ..3ff9b0f7
+      ..9c1998ae
+..72830262
+      ..c7a159d9
+      ..8bc31e3a
+      ..24253ca4
+      ..9c1998ae
+..72830262
+      ..8b27fa77
+      ..8bc31e3a
+      ..57de3e4d
+      ..31e0c434
+      ..47cdabcb
+      ..81954db4
+      ..9caaf263
+      ..77924332
+      ..cced5a92
+      ..31e0c434
+      ..94c50e2b
+      ..77924332
+      ..9c1998ae
+..72830262
+      ..60f1cee0
+    }..acb754e9
+}..d17b8f59
-      ..47fb7774
+      ..af3cc346
+      ..456a0545