--- /de..98329a98
+﻿<?x..05a52dde
+..dc23c022
+<Relat..ff45d200
+      ..78a098bc
+      ..de6bed8d
+      ..a7b58a85
+  <Ima..bf43b86f
+      ..f4051145
+      ..41291dcb
+      ..72b0b621
+      ..b73b5d7d
+      ..7fe082cd
+      ..aceb5ea2
+      ..6583a232
+      ..70fbc56f
+..dc23c022
+  <Edi..1d63e57d
+      ..9455bd42
+      ..76461425
+      ..fac67050
+      ..9d84f13d
+      ..c609dc77
+      ..073d220d
+      ..db49195f
+      ..3343c55a
+      ..3fc9c7ff
+      ..298ea476
+</Rela..e7b97cd2
-      ..f1a59831
+      ..18c21cae
+      ..476ba10a
+      ..eea2b36b
-      ..1ab1c565
+      ..7e4c3522
+      ..1373ab4b
+      ..602dc1f0
-  <Ima..8efff8a3
-      ..0bca02e9
-      ..24507c3b
-      ..58daba5c
-      ..bba76015
-..2a9c3911
-  <Tex..97e4fc50
+  <Tex..4601f8c5
-      ..0071bb8e
-      ..83cfc454
+      ..ff2b1d30
-  <But..7784c518
-      ..f4071108
+..dc23c022
+  <Ima..bdd6b2e0
+      ..a510e004
+      ..e41562f1
+      ..b83b0f20
+      ..74cae1b1
+      ..e36c1efc
+..dc23c022
+..dc23c022
+  <But..5988a78e
-      ..fdf4cd13
+      ..c69952dc
+      ..ec87452a
+      ..31fcb07b
-      ..41a83e11
-      ..d6abe90b
-..2a9c3911
-      ..21a061bd
-      ..8ddd3f43
-      ..fa19b4ad
-      ..65f86abf
-      ..3ce38e0b
-      ..e4042946
-      ..816f79d3
-      ..68bafd98
-..2a9c3911
-      ..d4a95541
-      ..8ddd3f43
-      ..fa19b4ad
-      ..f07b146d
-      ..816f79d3
-      ..1acb815d
-      ..bce7502e
-      ..65f86abf
-      ..26c7a6e5
-..2a9c3911
-      ..85fdee33
-      ..8ddd3f43
-      ..fa19b4ad
-      ..600a53ad
-      ..816f79d3
-      ..086ee09e
-      ..3ce38e0b
-      ..e4042946
-      ..02392afa
-..2a9c3911
-      ..95e105e8
-      ..fa19b4ad
-      ..4559ff1b
-      ..600a53ad
-      ..086ee09e
-      ..be3f2510
-      ..816f79d3
-      ..8441d00c
-      ..8eed2768
-..2a9c3911
-      ..bf18fe03
-      ..a59bb565
-      ..1b236381
-      ..13c6de6a
-      ..6f9bef0f
-      ..f40ffd3e
-      ..e6f9e6e9
-      ..e62bc8e9
-      ..d6071cb0
+      ..afa8f6c7
+      ..0d0d2a63
+..dc23c022
+      ..de163c5b
+      ..b8ca91f9
+..dc23c022
+      ..dc0dd80e
+      ..79516b75
-      ..4b8fc8f6
-      ..962e7e76
-      ..1a642dcf
-      ..d6071cb0
+      ..5c1a945f
+      ..9e87bcd2
+      ..064fe33f
+      ..255d3d5f
+..dc23c022
+      ..57858afa
+      ..79516b75
-      ..4b8fc8f6
-      ..962e7e76
-      ..1e9384c5
-      ..d442b019
-      ..d6071cb0
+      ..b0d7be39
+      ..064fe33f
+      ..f5c26360
+      ..de1c6f30
+      ..2f751e4f
+      ..3492a157
+..dc23c022
+      ..b49fb991
+      ..79516b75
-      ..4b8fc8f6
+      ..692a5349
+      ..064fe33f
-      ..962e7e76
-      ..2221c332
-      ..ad59a117
-      ..9ec82f4e
-..2a9c3911
-      ..b96fe390
-      ..a59bb565
-      ..a64b9c3e
-      ..e055f226
-      ..16399375
-      ..b1faf485
-      ..49c9a436
-      ..a04f5eff
+      ..5c1a945f
+      ..9e87bcd2
+      ..cfe02603
+..dc23c022
+      ..4005710e
+      ..aa0989d9
+      ..77f66a26
+      ..692a5349
+      ..592e6375
+      ..15afe012
+      ..064fe33f
+      ..9125465c
+      ..f9e91cdd
+..dc23c022
+      ..b061680b
+      ..5341cd9c
+      ..d9361867
+      ..f620f115
+      ..d4eaddca
+      ..396e3abf
+      ..57027516
+      ..c977edbb
+      ..05d83fb3
+      ..9cfd2931
+      ..9a2b2676
+      ..95529d2d
+      ..ef314a4b
+      ..3fa84fa9
+      ..fa7954a1
+      ..62b5b76c
+..dc23c022
+      ..57027516
+      ..c977edbb
+      ..05d83fb3
+      ..9a2b2676
+      ..95529d2d
+      ..ef314a4b
+      ..ff0a9a79
+      ..3fa84fa9
+      ..6d04b4c9
+      ..d38d509f
+..dc23c022
+      ..57027516
+      ..c977edbb
+      ..05d83fb3
+      ..5163cd8b
+      ..9a2b2676
+      ..95529d2d
+      ..ef314a4b
+      ..23425306
+      ..3fa84fa9
+      ..ab13fa8b
+      ..dc0f6999
+..dc23c022
+      ..8984eee0
+      ..5341cd9c
+      ..b75e35e0
+      ..5942d81c
+      ..44bb130c
+      ..0197abbb
+      ..e916f42e
+      ..dc8bffe9
+..dc23c022
+      ..fcc5dc06
+      ..ba0e08cc
+      ..df7c7f11
+      ..7f75a88d
+      ..0f3e7c4e
+      ..958a09ce
+      ..791bc9a5
-      ..c2a3f1a7
+      ..7e9abdf0
-      ..7ec3c987
+      ..19ee8ab8
-      ..b966be43
+      ..61ef58eb
-      ..a92047b7
-      ..95ce6fc7
+      ..deb1adc4