-			// ..22effed9
-			pub..f12b7d2d
+			// ..c26d52b2
+			pub..4b47537f
-			// ..926daf6e
-			pub..fbdc0374
+			// ..a695fb8d
+			pub..fa61f513
-			// ..78468624
-			pub..0ae43b4b
-..2a9c3911
-			// ..64aa6a0a
-			pub..9fb11f10
+			// ..58a789a6
+			pub..aeeace02
-      ..6b774e88
-      ..81c5accd
-      ..c35b33bd
-      ..23fb4068
-      ..63f80e53
-      ..e0f11659
-      ..a1e687a2
-      ..1f873601
-      ..ac23db2e
-      ..8127f4f0
+      ..97b43135
+      ..138610cd
+      ..bae5e766
+      ..66a61775
+      ..f77be270
+      ..35814150
+      ..cfd642c0
+      ..56015d31
+      ..560c4aba
+      ..9bef5fd2
+      ..92a6cc83
-      ..c803ecc0
-      ..fda980b6
-      ..d3dd386a
-      ..1d16573b
-      ..45acc4e4
-      ..94e607c5
-      ..d98dc5f8
-      ..c7b6e4d8
-      ..69bf8972
+      ..aafaae0b
+      ..deb1adc4
+      ..6ba35242
+      ..4e055888
+      ..02b25a2a
+      ..76a8bd3b
+      ..43ae6506
+      ..8e207d10
+..dc23c022
+      ..d4c5e6f7
+      ..e3652e09
+      ..68398ecc
+      ..5b70369b
+      ..1da3a85c
+      ..9ff7d932