-﻿usi..bd175d92
+﻿usi..022796fe
+using ..6bbfe945
+..dc23c022
+    [F..1f30a547
+    pu..51483b39
+    {..07534209
+      ..71c02881
+      ..8c2d6a37
+      ..2fabad12
+      ..a3dacf9a
+      ..ced98c80
+      ..d6f22c33
+      ..3e95d347
+    }..178caa0f
+      ..ae7c59bc
-      ..1b98a591
-      ..b3637ac6
-      ..41c1b51e
+..dc23c022
+      ..629dc55e
+..dc23c022
-      ..21b59f69
+      ..a9b10bdf
-      ..93a8ee89
+      ..f4dd577c
-      ..358d591f
+      ..6c864a07
--- /de..98329a98
+using ..6abb298c
+using ..9ca82bd3
+using ..811c1a5d
+using ..5b79c8ea
+..dc23c022
+namesp..5497d9c5
+{..03f2f628
+    pu..e58fbd50
+    {..07534209
+..dc23c022
+      ..718ba56e
+      ..9efbc5f3
+      ..ef9f4919
+      ..e2c6436e
+..dc23c022
+      ..718ba56e
+      ..cae02e74
+      ..ef9f4919
+      ..3c401d41
+..dc23c022
+      ..718ba56e
+      ..9d37d2ab
+      ..9f65cdb8
+      ..4029161d
+      ..619aaf36
+      ..ef9f4919
+      ..38f1b8f8
+      ..8ce35827
+      ..927bff1b
+      ..4f256922
+..dc23c022
+      ..718ba56e
+      ..9d37d2ab
+      ..9f65cdb8
+      ..4029161d
+      ..619aaf36
+      ..ef9f4919
+      ..ae5db3b5
+      ..63c15ae6
+      ..38f1b8f8
+      ..8ce35827
+      ..927bff1b
+      ..b78c996c
+..dc23c022
+      ..718ba56e
+      ..02d24829
+      ..ef9f4919
+      ..788abe99
+      ..e4382f42
+      ..32261587
+      ..9675f8f5
+      ..e40fb672
+..dc23c022
+      ..718ba56e
+      ..e1cbccc4
+      ..ef9f4919
+      ..788abe99
+      ..e4382f42
+      ..7a2b95b0
+      ..9675f8f5
+      ..fc9f43d5
+..dc23c022
+      ..718ba56e
+      ..e1cbccc4
+      ..ef9f4919
+      ..e4382f42
+      ..7a2b95b0
+      ..9675f8f5
+      ..a47b7d53
+..dc23c022
+      ..718ba56e
+      ..02d24829
+      ..ef9f4919
+      ..e4382f42
+      ..32261587
+      ..9675f8f5
+      ..b908e7fb
+..dc23c022
+      ..718ba56e
+      ..af104843
+      ..1549d7a1
+      ..ef9f4919
+      ..c6bd89a6
+      ..1da74833
+      ..9675f8f5
+      ..c60111ea
+..dc23c022
+      ..718ba56e
+      ..602553d0
+      ..30aa0de8
+      ..2f7bf116
+      ..a1ad7886
+      ..10ca2314
+      ..1a2e1913
+      ..ef9f4919
+      ..a25e1972
+      ..c36cea69
+      ..ed4967bc
+      ..7ec75502
+      ..c65b9de4
+      ..ed4967bc
+      ..38f1b8f8
+      ..b9470c2a
+      ..927bff1b
+      ..2549728c
+..dc23c022
+      ..07101b32
+..dc23c022
+      ..718ba56e
+      ..602553d0
+      ..30aa0de8
+      ..9abbb669
+      ..5366d7b7
+      ..ef9f4919
+      ..a25e1972
+      ..c36cea69
+      ..ed4967bc
+      ..7ec75502
+      ..c65b9de4
+      ..ed4967bc
+      ..38f1b8f8
+      ..04bac647
+      ..927bff1b
+      ..30632855
+..dc23c022
+      ..718ba56e
+      ..602553d0
+      ..30aa0de8
+      ..9abbb669
+      ..5366d7b7
+      ..ef9f4919
+      ..a25e1972
+      ..c36cea69
+      ..ed4967bc
+      ..7ec75502
+      ..c65b9de4
+      ..ed4967bc
+      ..38f1b8f8
+      ..04bac647
+      ..edbb1baf
+      ..57afb2fb
+      ..927bff1b
+      ..b07902b1
+..dc23c022
+      ..718ba56e
+      ..6a7586bb
+      ..63bb1672
+      ..ae3f7809
+      ..ef9f4919
+      ..4c80753d
+      ..b38fdb16
+      ..ed4967bc
+      ..38f1b8f8
+      ..ddba737f
+      ..97c97c0d
+      ..927bff1b
+      ..b70e675f
+..dc23c022
+      ..718ba56e
+      ..2fdfd9cc
+      ..cf496f6c
+      ..ef9f4919
+      ..ec371d0b
+      ..3fb5fa89
+      ..ed4967bc
+      ..38f1b8f8
+      ..9b5a2fd0
+      ..97c97c0d
+      ..927bff1b
+      ..320c057b
+..dc23c022
+      ..718ba56e
+      ..6a7586bb
+      ..63bb1672
+      ..ae3f7809
+      ..ef9f4919
+      ..4c80753d
+      ..b38fdb16
+      ..ed4967bc
+      ..38f1b8f8
+      ..dc5a3ea9
+      ..97c97c0d
+      ..927bff1b
+      ..88b9ccfb
+..dc23c022
+      ..718ba56e
+      ..2fdfd9cc
+      ..cf496f6c
+      ..ef9f4919
+      ..ec371d0b
+      ..3fb5fa89
+      ..ed4967bc
+      ..38f1b8f8
+      ..f7597c0b
+      ..97c97c0d
+      ..927bff1b
+      ..8528c8c1
+..dc23c022
+      ..718ba56e
+      ..caf95fcd
+      ..cf496f6c
+      ..ef9f4919
+      ..a25e1972
+      ..c36cea69
+      ..ed4967bc
+      ..7ec75502
+      ..c65b9de4
+      ..ed4967bc
+      ..38f1b8f8
+      ..f7597c0b
+      ..97c97c0d
+      ..927bff1b
+      ..74410783
+..dc23c022
+      ..718ba56e
+      ..35626738
+      ..ef9f4919
+      ..7f12c197
+      ..a5fd52a6
+..dc23c022
+      ..718ba56e
+      ..e1a2f631
+      ..14265c99
+      ..1227ab0a
+      ..09c5773b
+      ..35ecb061
+      ..1870218a
+      ..ef9f4919
+      ..9e0b73c7
+      ..312cb04d
+..dc23c022
+      ..718ba56e
+      ..2aae9c1a
+      ..ef9f4919
+      ..d7f75ea2
+..dc23c022
+      ..718ba56e
+      ..5870e0d9
+      ..ef9f4919
+      ..855bc46d
+      ..aa902097
+..dc23c022
+      ..718ba56e
+      ..87f5a9bf
+      ..26500df0
+      ..ec0842d5
+      ..1227ab0a
+      ..83bd6f1d
+      ..ef9f4919
+      ..3cc8994e
+      ..972eec6c
+..dc23c022
+      ..718ba56e
+      ..22d3a421
+      ..ef9f4919
+      ..512b3935
+..dc23c022
+      ..718ba56e
+      ..a19d2441
+      ..e7b43c64
+      ..d60804ce
+      ..ef9f4919
+      ..c4dc4e38
+      ..04714b84
+      ..24d518f5
+      ..7b03efc6
+      ..ed4967bc
+      ..5e72644c
+..dc23c022
+      ..718ba56e
+      ..8e5db08f
+      ..ef9f4919
+      ..86ddddb1
+      ..f656c23b
+      ..7a12a5bf
+      ..d2535ec0
+      ..ed4967bc
+      ..38f1b8f8
+      ..159e9257
+      ..927bff1b
+      ..76891a4d
+..dc23c022
+      ..718ba56e
+      ..8e5db08f
+      ..ef9f4919
+      ..86ddddb1
+      ..f656c23b
+      ..ed4967bc
+      ..ed181715
+      ..feccc104
+      ..ed4967bc
+      ..7a12a5bf
+      ..d2535ec0
+      ..ed4967bc
+      ..38f1b8f8
+      ..159e9257
+      ..927bff1b
+      ..234f59d1
+..dc23c022
+      ..718ba56e
+      ..8e5db08f
+      ..ef9f4919
+      ..86ddddb1
+      ..f656c23b
+      ..ed4967bc
+      ..4199b3b7
+      ..6d676066
+      ..ed4967bc
+      ..7a12a5bf
+      ..d2535ec0
+      ..ed4967bc
+      ..38f1b8f8
+      ..159e9257
+      ..927bff1b
+      ..829c0fdd
+..dc23c022
+      ..718ba56e
+      ..d1e326c0
+      ..751013a4
+      ..ef9f4919
+      ..b8545691
+      ..f57e2ca9
+      ..ed4967bc
+      ..38f1b8f8
+      ..159e9257
+      ..927bff1b
+      ..a1baf6a0
+..dc23c022
+      ..718ba56e
+      ..d1e326c0
+      ..751013a4
+      ..bb9da4a8
+      ..9f46e80e
+      ..373ec4a5
+      ..ef9f4919
+      ..b8545691
+      ..f57e2ca9
+      ..ed4967bc
+      ..38f1b8f8
+      ..9051da5b
+      ..927bff1b
+      ..1edfb885
+..dc23c022
+      ..718ba56e
+      ..d1e326c0
+      ..751013a4
+      ..ef9f4919
+      ..b8545691
+      ..f57e2ca9
+      ..ed4967bc
+      ..4199b3b7
+      ..6d676066
+      ..ed4967bc
+      ..38f1b8f8
+      ..159e9257
+      ..927bff1b
+      ..1d7bbf34
+..dc23c022
+      ..718ba56e
+      ..d1e326c0
+      ..751013a4
+      ..bb9da4a8
+      ..9f46e80e
+      ..373ec4a5
+      ..ef9f4919
+      ..b8545691
+      ..f57e2ca9
+      ..ed4967bc
+      ..4199b3b7
+      ..6d676066
+      ..ed4967bc
+      ..38f1b8f8
+      ..9051da5b
+      ..927bff1b
+      ..c1f18345
+..dc23c022
+      ..718ba56e
+      ..d1e326c0
+      ..751013a4
+      ..ef9f4919
+      ..b8545691
+      ..f57e2ca9
+      ..ed4967bc
+      ..ed181715
+      ..feccc104
+      ..ed4967bc
+      ..38f1b8f8
+      ..159e9257
+      ..927bff1b
+      ..8f199655
+..dc23c022
+      ..718ba56e
+      ..d1e326c0
+      ..751013a4
+      ..ef9f4919
+      ..b8545691
+      ..f57e2ca9
+      ..ed4967bc
+      ..ed181715
+      ..feccc104
+      ..ed4967bc
+      ..4199b3b7
+      ..6d676066
+      ..ed4967bc
+      ..38f1b8f8
+      ..159e9257
+      ..927bff1b
+      ..d4ce41fd
+..dc23c022
+      ..718ba56e
+      ..2eabbad9
+      ..c47a80c0
+      ..e83e5518
+      ..ef9f4919
+      ..b8545691
+      ..7c0f9599
+      ..ed4967bc
+      ..38f1b8f8
+      ..ed72fb9b
+      ..927bff1b
+      ..6b52b1e6
+..dc23c022
+      ..718ba56e
+      ..2eabbad9
+      ..c47a80c0
+      ..e83e5518
+      ..ef9f4919
+      ..b8545691
+      ..7c0f9599
+      ..ed4967bc
+      ..4199b3b7
+      ..6d676066
+      ..ed4967bc
+      ..38f1b8f8
+      ..ed72fb9b
+      ..927bff1b
+      ..39959bb3
+..dc23c022
+      ..718ba56e
+      ..dca74057
+      ..ef9f4919
+      ..86ddddb1
+      ..f656c23b
+      ..ed4967bc
+      ..7a12a5bf
+      ..38ee6fc1
+      ..ed4967bc
+      ..38f1b8f8
+      ..9051da5b
+      ..927bff1b
+      ..af22f37f
+..dc23c022
+      ..718ba56e
+      ..2df2550a
+      ..ef9f4919
+      ..633de7d8
+      ..688f7cb4
+      ..ed4967bc
+      ..38f1b8f8
+      ..d2ece542
+      ..927bff1b
+      ..1f1aa0c5
+..dc23c022
+      ..718ba56e
+      ..88185c76
+      ..ef9f4919
+      ..3e063234
+      ..7044e162
+      ..ed4967bc
+      ..38f1b8f8
+      ..a5918185
+      ..927bff1b
+      ..3d6b6fb6
+      ..d782e3ac
+      ..c98631ef
+      ..1855113c
+..dc23c022
+      ..718ba56e
+      ..2aa2e2ea
+      ..11da6e24
+      ..72561368
+      ..ef9f4919
+      ..38f1b8f8
+      ..a5918185
+      ..927bff1b
+      ..3d6b6fb6
+      ..38f1dad2
+      ..c98631ef
+      ..611511b5
+..dc23c022
+      ..e00f573b
+    }..178caa0f
+}..eb2d0255
--- /de..98329a98
+//..b02274b5
+// Cop..eb41d6ef
+//..b02274b5
+// Per..23a512f6
+// of ..3f487f77
+// in ..3c9ae255
+// to ..425bcd2d
+// cop..2b5012cb
+// fur..4170893d
+//..b02274b5
+// The..ebe1979d
+// all..c7e8cc72
+//..b02274b5
+// THE..41edc3d7
+// IMP..5a73a41b
+// FIT..647323ed
+// AUT..52daeb9e
+// LIA..216119a0
+// OUT..7edf4de9
+// THE..5124dfe8
+//..b02274b5
+#if WI..1ce02935
+#defin..278eb66b
+#endif..9bcf555e
+..dc23c022
+#if NE..1b688216
+#defin..fadc2010
+#endif..9bcf555e
+..dc23c022
+using ..6abb298c
+using ..59d89834
+#if !U..f2297717
+using ..a485c544
+#endif..9bcf555e
+using ..9ca82bd3
+#if NO..a75cbc31
+using ..5b6f7813
+using ..2eb7f144
+#else..54009423
+using ..29924e9d
+#endif..9bcf555e
+using ..7e02a138
+using ..09b5a0ad
+using ..811c1a5d
+using ..9472e5d1
+using ..5b79c8ea
+#if US..8345e8de
+using ..13412f5a
+using ..787d7934
+using ..49b995ac
+#elif ..3bb838f7
+using ..e6b9bc4a
+using ..b93c552e
+using ..a887dc8d
+#elif ..21c6e3b4
+using ..80772fd5
+using ..68b5bf20
+using ..a7596fab
+#else..54009423
+using ..5d960005
+using ..22b3bb0f
+#endif..9bcf555e
+..dc23c022
+#pragm..d6b56b8d
+..dc23c022
+namesp..5497d9c5
+{..03f2f628
+    pu..5e90fbde
+    {..07534209
+      ..8afa1158
+..dc23c022
+      ..0997b453
+      ..f6622ecf
+      ..f2ce702a
+      ..d4aff555
+..dc23c022
+      ..484c4d3e
+      ..f6622ecf
+      ..8a758d15
+      ..d4aff555
+    }..178caa0f
+..dc23c022
+    pu..eb9798a6
+    {..07534209
+      ..105b648d
+..dc23c022
+      ..34fa03a2
+      ..9b61b60e
+      ..f6622ecf
+..dc23c022
+      ..d4aff555
+..dc23c022
+      ..18a6655b
+      ..1bf896a2
+      ..f6622ecf
+      ..d906b83d
+      ..3c0630c6
+      ..ae432186
+      ..14e4c0b0
+      ..4ff20ca5
+      ..56b8235c
+      ..d4aff555
+..dc23c022
+      ..80c2e72e
+      ..f6622ecf
+      ..da6c1e68
+      ..d4aff555
+..dc23c022
+      ..1cb992e3
+      ..f6622ecf
+      ..18149633
+      ..d4aff555
+..dc23c022
+      ..ccafaa74
+      ..f6622ecf
+      ..8ffd142a
+      ..d4aff555
+    }..178caa0f
+..dc23c022
+    [F..1f30a547
+    pu..6bc58e20
+    {..07534209
+      ..54f6db20
+      ..adc5e097
+      ..01468764
+      ..70d425e3
+      ..295d5a41
+      ..5e7a4b02
+      ..9a8ac84a
+    }..178caa0f
+..dc23c022
+    //..f54fad68
+    //..96a73c29
+    //..2e475a39
+    pu..f99f4236
+    {..07534209
+      ..2375981f
+      ..0b471d60
+      ..09c4621c
+      ..a20f6d56
+      ..e293bd09
+      ..812618e6
+..dc23c022
+      ..50e87998
+      ..9718d7c7
+..dc23c022
+      ..6406314d
+      ..ce59971e
+..dc23c022
+      ..0cdf1692
+..dc23c022
+      ..b1e4eefe
+..dc23c022
+      ..62df0ce2
+..dc23c022
+      ..63f3de33
+..dc23c022
+#if US..dcc5995f
+      ..f28e8233
+      ..f6622ecf
+      ..9dcc9647
+      ..d4aff555
+#endif..9bcf555e
+..dc23c022
+      ..718ba56e
+      ..a6f629f3
+      ..ef9f4919
+      ..809e48a8
+      ..c25c33fe
+      ..ed4967bc
+      ..c484720a
+      ..89d46d0d
+      ..5708994f
+      ..5d2ae10c
+      ..987ec661
+      ..f295b5c7
+      ..6888b542
+      ..ed4967bc
+      ..1f9d00e2
+      ..a4c69f71
+      ..f6622ecf
+      ..d4aff555
+..dc23c022
+      ..718ba56e
+      ..a6f629f3
+      ..ef9f4919
+      ..809e48a8
+      ..c25c33fe
+      ..ed4967bc
+      ..c484720a
+      ..89d46d0d
+      ..5708994f
+      ..5d2ae10c
+      ..987ec661
+      ..f295b5c7
+      ..6888b542
+      ..ed4967bc
+      ..51e300a0
+      ..f6622ecf
+      ..5e17277f
+      ..50ec099b
+..dc23c022
+      ..1799aee3
+..dc23c022
+#if NE..1971f975
+			SQL..44bf9a35
+#endif..9bcf555e
+..dc23c022
+      ..01aa8568
+..dc23c022
+#if SI..33b3070a
+      ..8249173e
+#else..54009423
+      ..33889d1b
+      ..a77378b6
+      ..5ba3c70a
+      ..1de164a1
+      ..13963ac0
+#endif..9bcf555e
+..dc23c022
+      ..5408f90d
+      ..ac3c3d76
+      ..3c0630c6
+      ..29e225ef
+      ..56b8235c
+      ..c5586411
+..dc23c022
+      ..4aa10ef9
+..dc23c022
+      ..e36e524a
+      ..d4aff555
+..dc23c022
+#if __..b6745710
+		stat..dbc6d427
+		{..02a498c7
+			if ..f2951f0b
+				va..a169e324
+				ti..3afce272
+			}..91705a2d
+		}..afd24d3f
+..dc23c022
+   		/..19d91004
+		/// ..cd0b6879
+		/// ..1b8342a4
+		/// ..5f88770e
+		stat..f7256d35
+#endif..9bcf555e
+..dc23c022
+#if !U..f2297717
+      ..26b121c3
+      ..f6622ecf
+      ..4f2732cd
+      ..ac3c3d76
+      ..3c0630c6
+      ..767f190f
+      ..072c3f0e
+      ..56b8235c
+      ..d4aff555
+#endif..9bcf555e
+..dc23c022
+#if !U..f2297717
+      ..6908631a
+      ..f6622ecf
+      ..c1435e4f
+      ..2ebda35c
+      ..97b79e13
+      ..1ee47399
+      ..d4aff555
+#endif..9bcf555e
+..dc23c022
+      ..718ba56e
+      ..25b27864
+      ..411ca421
+      ..ef9f4919
+      ..7f7af231
+      ..f6622ecf
+      ..022e5e39
+      ..b3528a98
+      ..3c0630c6
+      ..fbc0d781
+      ..c80dfd81
+      ..8944d751
+      ..a38f607f
+      ..8088ab9d
+      ..56b8235c
+      ..d4aff555
+..dc23c022
+      ..718ba56e
+      ..8d624acc
+      ..8440d536
+      ..ef9f4919
+      ..4caaeed5
+      ..f6622ecf
+      ..f78faf4d
+      ..3c0630c6
+      ..4cf77859
+      ..56b8235c
+      ..d4aff555
+..dc23c022
+      ..718ba56e
+      ..e7f4badc
+      ..ef9f4919
+      ..ad09fecb
+      ..dd36a705
+      ..ed4967bc
+      ..da1dd6d2
+      ..9b1363f7
+      ..ed4967bc
+      ..38f1b8f8
+      ..042fefe3
+      ..8ff1fa00
+      ..927bff1b
+      ..6a91b0bd
+      ..f6622ecf
+      ..0b2314f4
+      ..3c0630c6
+      ..0498fa16
+      ..56b8235c
+      ..3c951cfd
+      ..216d5845
+      ..3c0630c6
+      ..3b18dc33
+      ..1c652880
+      ..56b8235c
+      ..67ae813a
+      ..d4aff555
+..dc23c022
+      ..718ba56e
+      ..e7f4badc
+      ..ef9f4919
+      ..38f1b8f8
+      ..042fefe3
+      ..8ff1fa00
+      ..927bff1b
+      ..ad9a7b29
+      ..f6622ecf
+      ..d415a37f
+      ..d4aff555
+..dc23c022
+      ..26ac4b02
+      ..f6622ecf
+      ..65da9075
+      ..ae823f40
+      ..d4aff555
+..dc23c022
+      ..0a58c644
+      ..f6622ecf
+      ..c2cd7add
+      ..8e1891c7
+      ..e232ab8f
+      ..6f4a54f5
+      ..d4aff555
+..dc23c022
+      ..718ba56e
+      ..cae02e74
+      ..ef9f4919
+      ..97ccd9b1
+      ..f6622ecf
+      ..75906838
+..dc23c022
+      ..e6e6b5ce
+..dc23c022
+      ..b14a7a66
+      ..d4aff555
+..dc23c022
+      ..718ba56e
+      ..9d37d2ab
+      ..9f65cdb8
+      ..4029161d
+      ..619aaf36
+      ..ef9f4919
+      ..38f1b8f8
+      ..8ce35827
+      ..927bff1b
+      ..83ec7826
+      ..f6622ecf
+      ..1b30ebc7
+      ..d4aff555
+..dc23c022
+      ..718ba56e
+      ..9d37d2ab
+      ..9f65cdb8
+      ..4029161d
+      ..619aaf36
+      ..ef9f4919
+      ..ae5db3b5
+      ..63c15ae6
+      ..38f1b8f8
+      ..8ce35827
+      ..927bff1b
+      ..c9e88c5f
+      ..f6622ecf
+      ..bebd2f4a
+      ..3c0630c6
+      ..4e13830f
+      ..56b8235c
+      ..3c951cfd
+      ..b7ccabfa
+      ..3c0630c6
+      ..8b403957
+      ..dc90f51c
+      ..56b8235c
+..dc23c022
+      ..7fd2f6f4
+      ..0f900b4c
+      ..3c0630c6
+      ..ca823993
+      ..56b8235c
+..dc23c022
+      ..d790587d
+      ..bda790f7
+      ..5760ed94
+      ..5270c22f
+      ..f2a7f630
+      ..481a952c
+..dc23c022
+      ..8a736121
+      ..033b7ab0
+      ..15c06205
+      ..3bdeb0c2
+      ..af7d7dd7
+      ..f23b3c7a
+..dc23c022
+      ..0e21fa6e
+..dc23c022
+      ..efbc7f95
+      ..6a4477dc
+      ..347fb516
+      ..ddfc67f9
+      ..56b8235c
+..dc23c022
+      ..440199a9
+      ..8b4003f7
+      ..3c0630c6
+      ..3e6ff68e
+      ..8944d751
+      ..34efe8b6
+      ..8d2aecf5
+      ..1ce93d7c
+      ..d375e8cd
+      ..85063f16
+      ..c151b943
+      ..1f34ce38
+      ..d5111cde
+      ..f7739c4d
+      ..3cf68235
+      ..954797d7
+      ..3a27f9d9
+      ..fa4123ac
+..dc23c022
+      ..701dd735
+      ..6708b162
+..dc23c022
+      ..3a007d56
+      ..d375e8cd
+      ..d0fcd73d
+      ..1a3a8701
+      ..ba40c32a
+      ..8088ab9d
+      ..56b8235c
+..dc23c022
+      ..4bc4c07f
+      ..3c0630c6
+      ..40df8fc9
+      ..e29c3989
+      ..83e4d89c
+      ..56b8235c
+..dc23c022
+      ..3a3ae502
+      ..d4aff555
+..dc23c022
+      ..718ba56e
+      ..02d24829
+      ..ef9f4919
+      ..788abe99
+      ..e4382f42
+      ..32261587
+      ..9675f8f5
+      ..4bf58344
+      ..f6622ecf
+      ..f920080c
+      ..07ac9eaa
+      ..a396c39a
+      ..d4aff555
+..dc23c022
+      ..718ba56e
+      ..e1cbccc4
+      ..ef9f4919
+      ..788abe99
+      ..e4382f42
+      ..7a2b95b0
+      ..9675f8f5
+      ..690a1f52
+      ..f6622ecf
+      ..00ad419e
+      ..d4aff555
+..dc23c022
+      ..718ba56e
+      ..e1cbccc4
+      ..ef9f4919
+      ..e4382f42
+      ..7a2b95b0
+      ..9675f8f5
+      ..cdf69bf0
+      ..f6622ecf
+      ..8b4117ee
+      ..d4aff555
+..dc23c022
+      ..718ba56e
+      ..02d24829
+      ..ef9f4919
+      ..e4382f42
+      ..32261587
+      ..9675f8f5
+      ..9427f2e4
+      ..f6622ecf
+      ..2af6d6d6
+      ..d4aff555
+..dc23c022
+      ..718ba56e
+      ..af104843
+      ..1549d7a1
+      ..ef9f4919
+      ..c6bd89a6
+      ..1da74833
+      ..9675f8f5
+      ..29613e14
+      ..f6622ecf
+      ..57cf2e55
+      ..936adce1
+      ..3c0630c6
+      ..06aae1b8
+      ..56b8235c
+      ..a1a2998c
+      ..3c0630c6
+      ..5f7d0f16
+      ..56b8235c
+      ..f23826a5
+      ..33a58fcb
+      ..3c0630c6
+      ..3469d58d
+      ..56b8235c
+..dc23c022
+      ..3647f461
+..dc23c022
+      ..6eee08b6
+      ..3684669c
+..dc23c022
+      ..cb661509
+      ..d4aff555
+..dc23c022
+      ..1fe37f65
+      ..f6622ecf
+      ..cdbb7c99
+..dc23c022
+      ..18ae84fa
+      ..4b1660e0
+..dc23c022
+      ..91433454
+      ..430294a0
+..dc23c022
+      ..7a149424
+..dc23c022
+      ..361f7e5b
+..dc23c022
+      ..dd5a49ea
+..dc23c022
+      ..0e185612
+      ..3c0630c6
+      ..b3ce9568
+      ..56b8235c
+      ..d4aff555
+..dc23c022
+      ..55743422
+      ..f6622ecf
+      ..cf6af34e
+      ..5ea5f515
+      ..d4aff555
+..dc23c022
+      ..60bcf7bd
+      ..f6622ecf
+      ..38cbb668
+..dc23c022
+      ..97ece797
+..dc23c022
+      ..cb4810fe
+      ..3c0630c6
+      ..1e34e113
+      ..86a8a05d
+      ..8944d751
+      ..997163e1
+      ..5afb0840
+      ..7b5e1c52
+      ..8088ab9d
+      ..2e7bcd74
+      ..8944d751
+      ..b623a646
+      ..8088ab9d
+      ..56b8235c
+..dc23c022
+      ..dbac7238
+      ..3c0630c6
+      ..6ccb5b21
+      ..6eaef439
+      ..56b8235c
+      ..d4aff555
+..dc23c022
+      ..718ba56e
+      ..728c0e68
+      ..ef9f4919
+      ..31bf92f6
+      ..450a3406
+      ..f6622ecf
+      ..ecc1d97e
+      ..d4aff555
+..dc23c022
+      ..718ba56e
+      ..7c9bc2d4
+      ..dbb60507
+      ..ef9f4919
+      ..70824857
+      ..c36cea69
+      ..ed4967bc
+      ..7ec75502
+      ..d0ca0f90
+      ..ed4967bc
+      ..38f1b8f8
+      ..24fa127b
+      ..927bff1b
+      ..2e1a15f6
+      ..f6622ecf
+      ..b3232196
+      ..fb6f8105
+..dc23c022
+      ..ff29d193
+      ..74a0be5f
+      ..bdfcfcc8
+      ..3c0630c6
+      ..f073963c
+      ..56b8235c
+      ..7044431e
+      ..d4aff555
+..dc23c022
+      ..718ba56e
+      ..602553d0
+      ..30aa0de8
+      ..2f7bf116
+      ..a1ad7886
+      ..10ca2314
+      ..1a2e1913
+      ..ef9f4919
+      ..a25e1972
+      ..c36cea69
+      ..ed4967bc
+      ..7ec75502
+      ..c65b9de4
+      ..ed4967bc
+      ..38f1b8f8
+      ..b9470c2a
+      ..927bff1b
+      ..63c512ac
+      ..f6622ecf
+      ..4ae77bef
+..dc23c022
+      ..05a89c6f
+      ..3c0630c6
+      ..e49b5815
+      ..8944d751
+      ..9cdb721e
+      ..8088ab9d
+      ..f71a3a94
+      ..4fd9ec89
+      ..56b8235c
+..dc23c022
+      ..69b48e73
+..dc23c022
+      ..05a89c6f
+      ..3c0630c6
+      ..316f6b2d
+      ..4766a519
+      ..a2a7853c
+      ..56b8235c
+..dc23c022
+      ..6422a07b
+      ..d4aff555
+..dc23c022
+      ..8f6b1fbb
+      ..f6622ecf
+      ..4ae77bef
+..dc23c022
+      ..05a89c6f
+      ..3c0630c6
+      ..e49b5815
+      ..8944d751
+      ..9cdb721e
+      ..8088ab9d
+      ..f71a3a94
+      ..4fd9ec89
+      ..56b8235c
+..dc23c022
+      ..621f17c1
+..dc23c022
+      ..05a89c6f
+      ..3c0630c6
+      ..316f6b2d
+      ..4766a519
+      ..a2a7853c
+      ..56b8235c
+..dc23c022
+      ..6422a07b
+      ..d4aff555
+..dc23c022
+      ..718ba56e
+      ..602553d0
+      ..30aa0de8
+      ..9abbb669
+      ..5366d7b7
+      ..ef9f4919
+      ..a25e1972
+      ..c36cea69
+      ..ed4967bc
+      ..7ec75502
+      ..c65b9de4
+      ..ed4967bc
+      ..38f1b8f8
+      ..04bac647
+      ..927bff1b
+      ..25106975
+      ..f6622ecf
+      ..4ae77bef
+      ..97e811b4
+      ..d4aff555
+..dc23c022
+      ..718ba56e
+      ..602553d0
+      ..30aa0de8
+      ..9abbb669
+      ..5366d7b7
+      ..ef9f4919
+      ..a25e1972
+      ..c36cea69
+      ..ed4967bc
+      ..7ec75502
+      ..c65b9de4
+      ..ed4967bc
+      ..38f1b8f8
+      ..04bac647
+      ..edbb1baf
+      ..57afb2fb
+      ..927bff1b
+      ..95ef08f4
+      ..f6622ecf
+      ..4ae77bef
+      ..a49a169b
+      ..d4aff555
+..dc23c022
+      ..718ba56e
+      ..602553d0
+      ..30aa0de8
+      ..cea65288
+      ..9f49b2c8
+      ..5bd1d44b
+      ..ef9f4919
+      ..92223494
+      ..ece7ce00
+      ..cb8c6d03
+      ..ed4967bc
+      ..a25e1972
+      ..c36cea69
+      ..ed4967bc
+      ..7ec75502
+      ..c65b9de4
+      ..ed4967bc
+      ..38f1b8f8
+      ..04bac647
+      ..927bff1b
+      ..9df133cd
+      ..f6622ecf
+      ..4ae77bef
+      ..fb6409d7
+      ..d4aff555
+..dc23c022
+      ..718ba56e
+      ..602553d0
+      ..30aa0de8
+      ..cea65288
+      ..9f49b2c8
+      ..5bd1d44b
+      ..ef9f4919
+      ..92223494
+      ..ece7ce00
+      ..cb8c6d03
+      ..ed4967bc
+      ..a25e1972
+      ..c36cea69
+      ..ed4967bc
+      ..7ec75502
+      ..c65b9de4
+      ..ed4967bc
+      ..38f1b8f8
+      ..04bac647
+      ..edbb1baf
+      ..57afb2fb
+      ..927bff1b
+      ..dec63160
+      ..f6622ecf
+      ..4ae77bef
+      ..d9125c01
+      ..d4aff555
+..dc23c022
+      ..718ba56e
+      ..1010b463
+      ..ef9f4919
+      ..38f1b8f8
+      ..74b0b167
+      ..083b9579
+      ..927bff1b
+      ..3355c66a
+      ..f6622ecf
+      ..93512829
+      ..d4aff555
+..dc23c022
+      ..718ba56e
+      ..6a7586bb
+      ..63bb1672
+      ..ae3f7809
+      ..ef9f4919
+      ..4c80753d
+      ..b38fdb16
+      ..ed4967bc
+      ..38f1b8f8
+      ..ddba737f
+      ..97c97c0d
+      ..927bff1b
+      ..80ada458
+      ..f6622ecf
+      ..75906838
+      ..52e6da13
+      ..d4aff555
+..dc23c022
+      ..718ba56e
+      ..2fdfd9cc
+      ..cf496f6c
+      ..ef9f4919
+      ..ec371d0b
+      ..3fb5fa89
+      ..ed4967bc
+      ..38f1b8f8
+      ..9b5a2fd0
+      ..97c97c0d
+      ..927bff1b
+      ..ca770996
+      ..f6622ecf
+      ..a1914966
+      ..d4aff555
+..dc23c022
+      ..718ba56e
+      ..6a7586bb
+      ..63bb1672
+      ..ae3f7809
+      ..ef9f4919
+      ..4c80753d
+      ..b38fdb16
+      ..ed4967bc
+      ..38f1b8f8
+      ..dc5a3ea9
+      ..97c97c0d
+      ..927bff1b
+      ..f5cdca14
+      ..f6622ecf
+      ..75906838
+      ..58cbd009
+      ..d4aff555
+..dc23c022
+      ..718ba56e
+      ..6a7586bb
+      ..63bb1672
+      ..ae3f7809
+      ..ef9f4919
+      ..4c80753d
+      ..b38fdb16
+      ..ed4967bc
+      ..92223494
+      ..f57fd347
+      ..ed4967bc
+      ..38f1b8f8
+      ..dc5a3ea9
+      ..97c97c0d
+      ..927bff1b
+      ..89407e45
+      ..f6622ecf
+      ..d1634e4a
+      ..d4aff555
+..dc23c022
+      ..718ba56e
+      ..2fdfd9cc
+      ..cf496f6c
+      ..ef9f4919
+      ..ec371d0b
+      ..3fb5fa89
+      ..ed4967bc
+      ..38f1b8f8
+      ..f7597c0b
+      ..97c97c0d
+      ..927bff1b
+      ..2879d60d
+      ..f6622ecf
+      ..2c209df0
+      ..d4aff555
+..dc23c022
+      ..718ba56e
+      ..caf95fcd
+      ..cf496f6c
+      ..ef9f4919
+      ..a25e1972
+      ..c36cea69
+      ..ed4967bc
+      ..7ec75502
+      ..c65b9de4
+      ..ed4967bc
+      ..38f1b8f8
+      ..f7597c0b
+      ..97c97c0d
+      ..927bff1b
+      ..b670e122
+      ..f6622ecf
+      ..e3f2545b
+      ..d4aff555
+..dc23c022
+      ..718ba56e
+      ..9efbc5f3
+      ..ef9f4919
+      ..5a7f1a1c
+      ..f6622ecf
+      ..76eddee0
+      ..d4aff555
+..dc23c022
+      ..718ba56e
+      ..338eba75
+      ..ef9f4919
+      ..7f12c197
+      ..a3ae3285
+      ..f6622ecf
+      ..0662edbb
+      ..029f83ed
+      ..64cba75d
+      ..9c0cc03e
+      ..31038fce
+      ..d80f981d
+      ..658a173a
+      ..3c0630c6
+      ..8a195cbb
+      ..8944d751
+      ..5a46ea25
+      ..8088ab9d
+      ..bd25fe27
+      ..8944d751
+      ..44b04867
+      ..af18338b
+      ..d375e8cd
+      ..4a1c1936
+      ..0afb9baa
+      ..ce258a24
+      ..4d1593c9
+      ..c151b943
+      ..c9309210
+      ..a515689e
+      ..182c48ed
+      ..ef40673e
+      ..86174264
+      ..9b62debd
+      ..fc13ae87
+      ..419320cd
+      ..fa4123ac
+      ..eb2640e5
+      ..d375e8cd
+      ..e2861739
+      ..a5011e23
+      ..f34d770e
+      ..fa4123ac
+..dc23c022
+      ..21c1af8c
+      ..8088ab9d
+      ..56b8235c
+      ..a1a2998c
+      ..3c0630c6
+      ..6a37866a
+      ..15bdf03c
+      ..56b8235c
+      ..d4aff555
+..dc23c022
+      ..718ba56e
+      ..e1a2f631
+      ..14265c99
+      ..1227ab0a
+      ..9b8eba72
+      ..0ed6462e
+      ..210abe4e
+      ..ef9f4919
+      ..9e0b73c7
+      ..cc505106
+      ..f6622ecf
+      ..10fa5328
+      ..f2576e69
+..dc23c022
+      ..a8f8704d
+      ..3c0630c6
+      ..238c9bfc
+      ..56b8235c
+      ..67da7ede
+      ..3c0630c6
+      ..0721fce2
+      ..6e6b693f
+      ..8944d751
+      ..b91a8a1a
+      ..71eb5311
+      ..43d8d5f4
+      ..c90f5ba8
+      ..d375e8cd
+      ..44c7961c
+      ..26a93f12
+      ..c1c53e5c
+      ..33240973
+      ..88c65cec
+      ..fd856ea8
+      ..e85ee3b3
+      ..fa4123ac
+      ..8088ab9d
+      ..f9c9d518
+      ..8944d751
+      ..66ada88a
+      ..8088ab9d
+..dc23c022
+      ..ce25cd01
+      ..56b8235c
+..dc23c022
+      ..b220dc3f
+      ..d4aff555
+..dc23c022
+      ..718ba56e
+      ..be34df48
+      ..ef9f4919
+      ..8c655256
+      ..f6622ecf
+      ..cdab9718
+      ..d4aff555
+..dc23c022
+      ..718ba56e
+      ..74bad373
+      ..ef9f4919
+      ..9590cf91
+      ..aa127dc7
+      ..f6622ecf
+      ..3f4d5d13
+      ..d4aff555
+..dc23c022
+      ..718ba56e
+      ..616eb795
+      ..ef9f4919
+      ..b1258c54
+      ..94881eaf
+      ..f6622ecf
+      ..deb740ca
+      ..ab3b001a
+      ..a8f8704d
+      ..3c0630c6
+      ..ab6f7b7e
+      ..8944d751
+      ..7106b8a0
+      ..d375e8cd
+      ..94c02d5f
+      ..fa4123ac
+      ..8088ab9d
+      ..f9c9d518
+      ..8944d751
+      ..6baf0064
+      ..8088ab9d
+      ..56b8235c
+      ..65fc3bd4
+      ..3c0630c6
+      ..39475e96
+      ..21c1af8c
+..dc23c022
+      ..56b8235c
+      ..f84a7fff
+      ..d4aff555
+..dc23c022
+      ..718ba56e
+      ..54887860
+      ..26500df0
+      ..132d42ba
+      ..1227ab0a
+      ..83bd6f1d
+      ..ef9f4919
+      ..7ec37650
+      ..56525c5b
+      ..f6622ecf
+      ..1232be4f
+      ..d4aff555
+..dc23c022
+      ..ef235b79
+      ..f6622ecf
+      ..4fb37320
+      ..9a6bdc2d
+      ..99b44bbc
+      ..3c0630c6
+      ..3be1516b
+      ..e73f132d
+      ..8944d751
+      ..e68ead74
+      ..fdd38a67
+      ..d375e8cd
+#if NE..24fa0487
+      ..ab23b778
+#elif ..f3c1cc3d
+						..f0c12509
+#else..54009423
+      ..0748b2ee
+#endif..9bcf555e
+      ..c2b06275
+      ..58bfc9f0
+      ..fa4123ac
+      ..8088ab9d
+      ..56b8235c
+..dc23c022
+      ..4b6e3dc8
+      ..d4aff555
+..dc23c022
+      ..718ba56e
+      ..f9aa0241
+      ..ef9f4919
+      ..a2ab853c
+      ..f6622ecf
+      ..7442ab05
+      ..3c0630c6
+      ..506f3740
+      ..56b8235c
+      ..dc14f1f7
+      ..d4aff555
+..dc23c022
+      ..718ba56e
+      ..a19d2441
+      ..e7b43c64
+      ..d60804ce
+      ..ef9f4919
+      ..c4dc4e38
+      ..04714b84
+      ..fdd57d08
+      ..0ee24cdf
+      ..ed4967bc
+      ..069b1d1e
+      ..f6622ecf
+      ..a8f8704d
+      ..3c0630c6
+      ..2e1300db
+      ..97adeb62
+      ..4ad0e0f5
+      ..56b8235c
+      ..290ff164
+      ..3c0630c6
+      ..cfaaa0fd
+      ..ce25cd01
+      ..56b8235c
+      ..d4aff555
+..dc23c022
+      ..718ba56e
+      ..8e5db08f
+      ..ef9f4919
+      ..86ddddb1
+      ..83b77f92
+      ..7a12a5bf
+      ..d2535ec0
+      ..ed4967bc
+      ..38f1b8f8
+      ..159e9257
+      ..927bff1b
+      ..34c1d0b2
+      ..f6622ecf
+      ..2ec7b9eb
+      ..05cc4b1e
+      ..3c0630c6
+      ..a8355202
+      ..8944d751
+      ..014b5c3d
+      ..d375e8cd
+      ..9762dccc
+      ..fa4123ac
+      ..aea353c6
+      ..56b8235c
+      ..a1a2998c
+      ..3c0630c6
+      ..013e7ad1
+      ..8944d751
+      ..e3d96a99
+      ..8088ab9d
+      ..56b8235c
+      ..d7e9fcbb
+      ..d4aff555
+..dc23c022
+      ..718ba56e
+      ..8e5db08f
+      ..ef9f4919
+      ..86ddddb1
+      ..83b77f92
+      ..ed4967bc
+      ..ed181715
+      ..feccc104
+      ..ed4967bc
+      ..7a12a5bf
+      ..d2535ec0
+      ..ed4967bc
+      ..38f1b8f8
+      ..159e9257
+      ..927bff1b
+      ..22a053df
+      ..f6622ecf
+      ..2ec7b9eb
+      ..05cc4b1e
+      ..3c0630c6
+      ..a8355202
+      ..8944d751
+      ..014b5c3d
+      ..d375e8cd
+      ..6194e60d
+      ..fa4123ac
+      ..aea353c6
+      ..56b8235c
+      ..a1a2998c
+      ..3c0630c6
+      ..013e7ad1
+      ..8944d751
+      ..e3d96a99
+      ..8088ab9d
+      ..56b8235c
+      ..d7e9fcbb
+      ..d4aff555
+..dc23c022
+      ..718ba56e
+      ..8e5db08f
+      ..ef9f4919
+      ..86ddddb1
+      ..83b77f92
+      ..ed4967bc
+      ..4199b3b7
+      ..6d676066
+      ..ed4967bc
+      ..7a12a5bf
+      ..d2535ec0
+      ..ed4967bc
+      ..38f1b8f8
+      ..159e9257
+      ..927bff1b
+      ..30f2927d
+      ..f6622ecf
+      ..2ec7b9eb
+      ..05cc4b1e
+      ..3c0630c6
+      ..a8355202
+      ..8944d751
+      ..014b5c3d
+      ..d375e8cd
+      ..a8202581
+      ..fa4123ac
+      ..aea353c6
+      ..56b8235c
+      ..a1a2998c
+      ..3c0630c6
+      ..013e7ad1
+      ..8944d751
+      ..8b4875ce
+      ..8088ab9d
+      ..56b8235c
+      ..d7e9fcbb
+      ..d4aff555
+..dc23c022
+      ..718ba56e
+      ..d1e326c0
+      ..751013a4
+      ..ef9f4919
+      ..b8545691
+      ..f57e2ca9
+      ..ed4967bc
+      ..38f1b8f8
+      ..159e9257
+      ..927bff1b
+      ..5d4c77e4
+      ..f6622ecf
+      ..69829796
+      ..3c0630c6
+      ..4683b45b
+      ..56b8235c
+      ..1b765db8
+      ..d4aff555
+..dc23c022
+      ..718ba56e
+      ..d1e326c0
+      ..751013a4
+      ..bb9da4a8
+      ..9f46e80e
+      ..373ec4a5
+      ..ef9f4919
+      ..b8545691
+      ..f57e2ca9
+      ..ed4967bc
+      ..38f1b8f8
+      ..9051da5b
+      ..927bff1b
+      ..c5616fb7
+      ..f6622ecf
+      ..69829796
+      ..3c0630c6
+      ..4683b45b
+      ..56b8235c
+      ..26a8e1b4
+      ..d4aff555
+..dc23c022
+      ..718ba56e
+      ..d1e326c0
+      ..751013a4
+      ..ef9f4919
+      ..b8545691
+      ..f57e2ca9
+      ..ed4967bc
+      ..4199b3b7
+      ..6d676066
+      ..ed4967bc
+      ..38f1b8f8
+      ..159e9257
+      ..927bff1b
+      ..6da8f437
+      ..f6622ecf
+      ..156a7bf4
+      ..d4aff555
+..dc23c022
+      ..718ba56e
+      ..d1e326c0
+      ..751013a4
+      ..bb9da4a8
+      ..9f46e80e
+      ..373ec4a5
+      ..ef9f4919
+      ..b8545691
+      ..f57e2ca9
+      ..ed4967bc
+      ..4199b3b7
+      ..6d676066
+      ..ed4967bc
+      ..38f1b8f8
+      ..9051da5b
+      ..927bff1b
+      ..86affb1e
+      ..f6622ecf
+      ..5b4ee400
+      ..d4aff555
+..dc23c022
+      ..718ba56e
+      ..d1e326c0
+      ..751013a4
+      ..ef9f4919
+      ..b8545691
+      ..f57e2ca9
+      ..ed4967bc
+      ..ed181715
+      ..feccc104
+      ..ed4967bc
+      ..38f1b8f8
+      ..159e9257
+      ..927bff1b
+      ..9b2f5d09
+      ..f6622ecf
+      ..69829796
+      ..3c0630c6
+      ..4683b45b
+      ..56b8235c
+      ..dcad3bd7
+      ..d4aff555
+..dc23c022
+      ..718ba56e
+      ..d1e326c0
+      ..751013a4
+      ..ef9f4919
+      ..b8545691
+      ..f57e2ca9
+      ..ed4967bc
+      ..ed181715
+      ..feccc104
+      ..ed4967bc
+      ..4199b3b7
+      ..6d676066
+      ..ed4967bc
+      ..38f1b8f8
+      ..159e9257
+      ..927bff1b
+      ..aeb54cae
+      ..f6622ecf
+      ..0f249dc9
+      ..3c0630c6
+      ..4683b45b
+      ..56b8235c
+..dc23c022
+..dc23c022
+      ..392a5088
+..dc23c022
+#if US..8ee1c586
+      ..fd9167a0
+      ..3c0630c6
+      ..fd5a28e5
+      ..0e3aa7fa
+      ..927008f4
+      ..8944d751
+      ..b759376c
+      ..dc1be0ac
+      ..529e4612
+      ..d375e8cd
+      ..7be80e2d
+      ..c151b943
+      ..6654df89
+      ..419320cd
+      ..7b5e1c52
+      ..fa4123ac
+..dc23c022
+      ..bb18118e
+      ..8088ab9d
+      ..56b8235c
+#else..54009423
+      ..fd9167a0
+      ..3c0630c6
+      ..a4d44428
+      ..b551e7cd
+      ..8944d751
+      ..95b58dfb
+      ..d375e8cd
+      ..a1cec04a
+      ..fa4123ac
+      ..8088ab9d
+      ..56b8235c
+#endif..9bcf555e
+..dc23c022
+..dc23c022
+      ..bb549f00
+..dc23c022
+      ..d72ddc6e
+      ..d7c6af87
+      ..8c313a59
+      ..3c0630c6
+      ..560386fa
+      ..56b8235c
+..dc23c022
+      ..9b7b0e11
+      ..bbdec112
+..dc23c022
+      ..526b720c
+      ..3c0630c6
+      ..77d4cf50
+      ..2bbaa2b2
+      ..8a195cbb
+      ..8944d751
+      ..5922a69a
+      ..8088ab9d
+      ..cf01c03e
+      ..8944d751
+      ..53995bb0
+      ..d375e8cd
+      ..515879c0
+      ..fa4123ac
+      ..21c1af8c
+      ..8088ab9d
+..dc23c022
+      ..ff21c66a
+      ..8944d751
+      ..ae4a085a
+      ..ae33d6f7
+      ..8088ab9d
+      ..56b8235c
+      ..e8e0e774
+      ..4cd3efe8
+..dc23c022
+      ..3a3ae502
+      ..d4aff555
+..dc23c022
+      ..718ba56e
+      ..2eabbad9
+      ..c47a80c0
+      ..e83e5518
+      ..ef9f4919
+      ..b8545691
+      ..7c0f9599
+      ..ed4967bc
+      ..38f1b8f8
+      ..ed72fb9b
+      ..927bff1b
+      ..da9cec0d
+      ..f6622ecf
+      ..69829796
+      ..3c0630c6
+      ..4683b45b
+      ..56b8235c
+      ..4996508a
+      ..d4aff555
+..dc23c022
+      ..718ba56e
+      ..2eabbad9
+      ..c47a80c0
+      ..e83e5518
+      ..ef9f4919
+      ..b8545691
+      ..7c0f9599
+      ..ed4967bc
+      ..4199b3b7
+      ..6d676066
+      ..ed4967bc
+      ..38f1b8f8
+      ..ed72fb9b
+      ..927bff1b
+      ..4d83cc0c
+      ..f6622ecf
+      ..418cbd16
+      ..0f249dc9
+      ..3c0630c6
+      ..4683b45b
+      ..56b8235c
+..dc23c022
+      ..392a5088
+..dc23c022
+      ..05edb60d
+..dc23c022
+      ..28b3af77
+      ..3c0630c6
+      ..8f008069
+      ..56b8235c
+..dc23c022
+      ..4e5d693c
+      ..6e8ee915
+      ..18ab528c
+      ..17563e50
+      ..ebb6eaa9
+      ..8f15b343
+      ..8695ccad
+      ..488f6d51
+      ..b31531cb
+..dc23c022
+      ..a8f8704d
+      ..3c0630c6
+      ..c5fde834
+      ..56b8235c
+      ..1db46f1e
+      ..3c0630c6
+..dc23c022
+      ..c1f68822
+      ..8944d751
+      ..4652bbf7
+      ..8088ab9d
+..dc23c022
+      ..2ebdebfd
+      ..56b8235c
+..dc23c022
+      ..54da66db
+      ..d229d0ee
+..dc23c022
+      ..82151fc7
+      ..d4aff555
+..dc23c022
+      ..718ba56e
+      ..dca74057
+      ..ef9f4919
+      ..86ddddb1
+      ..83b77f92
+      ..ed4967bc
+      ..7a12a5bf
+      ..38ee6fc1
+      ..ed4967bc
+      ..38f1b8f8
+      ..9051da5b
+      ..927bff1b
+      ..43717133
+      ..f6622ecf
+      ..2ec7b9eb
+      ..05cc4b1e
+      ..3c0630c6
+      ..a8355202
+      ..8944d751
+      ..014b5c3d
+      ..d375e8cd
+      ..0b3c0aeb
+      ..fa4123ac
+      ..aea353c6
+      ..56b8235c
+      ..a1a2998c
+      ..3c0630c6
+      ..013e7ad1
+      ..8944d751
+      ..283639b8
+      ..8088ab9d
+      ..56b8235c
+      ..d7e9fcbb
+      ..d4aff555
+..dc23c022
+      ..5a9c2c35
+      ..f6622ecf
+      ..2ec7b9eb
+      ..05cc4b1e
+      ..3c0630c6
+      ..a8355202
+      ..8944d751
+      ..014b5c3d
+      ..d375e8cd
+      ..696f1cbc
+      ..fa4123ac
+      ..aea353c6
+      ..56b8235c
+      ..a1a2998c
+      ..3c0630c6
+      ..013e7ad1
+      ..8944d751
+      ..dd5beeb7
+      ..8088ab9d
+      ..56b8235c
+      ..d7e9fcbb
+      ..d4aff555
+..dc23c022
+      ..718ba56e
+      ..2df2550a
+      ..ef9f4919
+      ..633de7d8
+      ..688f7cb4
+      ..ed4967bc
+      ..38f1b8f8
+      ..d2ece542
+      ..927bff1b
+      ..befe27bf
+      ..f6622ecf
+      ..83527224
+      ..05edb60d
+      ..28b3af77
+      ..3c0630c6
+      ..a88211ef
+      ..56b8235c
+      ..9c13d862
+      ..86897a8f
+      ..e8e0e774
+      ..7cea5b45
+      ..3a3ae502
+      ..d4aff555
+..dc23c022
+      ..718ba56e
+      ..88185c76
+      ..ef9f4919
+      ..3e063234
+      ..7044e162
+      ..ed4967bc
+      ..38f1b8f8
+      ..a5918185
+      ..927bff1b
+      ..3d6b6fb6
+      ..d782e3ac
+      ..c98631ef
+      ..7e5aa4aa
+      ..f6622ecf
+      ..75906838
+      ..05edb60d
+      ..28b3af77
+      ..3c0630c6
+      ..a88211ef
+      ..56b8235c
+      ..9c13d862
+      ..18d3a581
+      ..e8e0e774
+      ..7cea5b45
+      ..3a3ae502
+      ..d4aff555
+..dc23c022
+      ..718ba56e
+      ..2aa2e2ea
+      ..11da6e24
+      ..72561368
+      ..ef9f4919
+      ..38f1b8f8
+      ..a5918185
+      ..927bff1b
+      ..3d6b6fb6
+      ..38f1dad2
+      ..c98631ef
+      ..4c0b5748
+      ..f6622ecf
+      ..75906838
+      ..b0893183
+      ..0e21fa6e
+      ..e8e0e774
+      ..7cea5b45
+      ..3a3ae502
+      ..d4aff555
+..dc23c022
+      ..7d976011
+      ..f6622ecf
+      ..8b4e9fcb
+      ..d4aff555
+..dc23c022
+      ..0be2afc0
+      ..f6622ecf
+      ..cc1f3100
+      ..c18b82c3
+      ..d4aff555
+..dc23c022
+      ..48b93850
+      ..f6622ecf
+      ..cc1f3100
+      ..d4aff555
+..dc23c022
+      ..e5a76f3f
+      ..f6622ecf
+      ..6bc2c43a
+      ..3c0630c6
+      ..8a195cbb
+      ..8944d751
+      ..42db2415
+      ..d375e8cd
+      ..253ee59f
+      ..c151b943
+      ..3bcc02b7
+      ..e417a451
+      ..f54b3f5d
+      ..7f80a1d4
+      ..419320cd
+..dc23c022
+      ..e85504d4
+      ..0b6868a7
+      ..c151b943
+      ..31f6ac39
+      ..d4b46d32
+      ..419320cd
+      ..fa4123ac
+      ..eb2640e5
+      ..d375e8cd
+      ..494f2d60
+      ..fa4123ac
+      ..8088ab9d
+      ..7f49358e
+      ..8944d751
+      ..e37020c7
+      ..adb44028
+      ..8088ab9d
+      ..56b8235c
+      ..d4aff555
+..dc23c022
+      ..0e67833e
+      ..f6622ecf
+      ..1eb3d699
+      ..25f67d75
+      ..e1778f34
+      ..d4aff555
+..dc23c022
+      ..079fdbe7
+    }..178caa0f
+..dc23c022
+    pu..28b9e602
+    {..07534209
+      ..f929ff4a
+      ..ee95ffce
+..dc23c022
+      ..883500ad
+      ..f6622ecf
+      ..d46960c9
+      ..ac8d6d1e
+      ..d4aff555
+    }..178caa0f
+..dc23c022
+    pu..34502aeb
+    {..07534209
+      ..415e0b6e
+      ..cced24bf
+      ..97abf4c1
+    }..178caa0f
+..dc23c022
+    //..f54fad68
+    //..fcecbf41
+    //..2e475a39
+    pu..5437c891
+    {..07534209
+      ..c554e95e
+      ..0cdf1692
+      ..63f3de33
+..dc23c022
+#if NE..1971f975
+		stat..bf5a75ee
+..dc23c022
+      ..87f2d83c
+      ..f6622ecf
+      ..e9d98a47
+      ..e73f0810
+      ..f59807ba
+..dc23c022
+      ..54f57293
+      ..f6622ecf
+      ..b6291b3e
+      ..d4aff555
+..dc23c022
+#endif..9bcf555e
+..dc23c022
+      ..9e6f3527
+      ..f6622ecf
+      ..a6379c66
+      ..4aa10ef9
+..dc23c022
+#if NE..1971f975
+			Dat..c068d634
+      ..460c729d
+      ..965fb34c
+..dc23c022
+#else..54009423
+      ..1799aee3
+#endif..9bcf555e
+      ..d4aff555
+    }..178caa0f
+..dc23c022
+    pu..ab698e5a
+    {..07534209
+      ..b1e8c44a
+..dc23c022
+      ..a1101aa0
+..dc23c022
+      ..472e6211
+..dc23c022
+      ..6213d600
+..dc23c022
+      ..f1605ab7
+..dc23c022
+      ..19417f3d
+      ..2f632a8b
+      ..c274d5d1
+..dc23c022
+      ..f21baf1b
+      ..f6622ecf
+      ..b714466d
+..dc23c022
+#if US..8ee1c586
+      ..7105e040
+      ..5076530f
+#else..54009423
+      ..e48e3705
+#endif..9bcf555e
+..dc23c022
+      ..1f69bde3
+..dc23c022
+#if !U..5557865a
+      ..24bb5899
+#else..54009423
+      ..ed98f17d
+      ..266917bd
+      ..cbf4f4f2
+#endif..9bcf555e
+      ..c55255d1
+      ..2ecb372b
+      ..3c0630c6
+#if !U..5557865a
+      ..3b909294
+#else..54009423
+      ..d9cf2408
+#endif..9bcf555e
+      ..00555dcd
+      ..8944d751
+      ..0bf50a6e
+      ..8088ab9d
+      ..56b8235c
+      ..2ba8d05c
+      ..97f1384a
+      ..3c0630c6
+      ..46d0b7b3
+      ..8944d751
+      ..0ab06664
+      ..8088ab9d
+      ..25bb2719
+      ..8944d751
+      ..9e16297a
+      ..8088ab9d
+      ..56b8235c
+..dc23c022
+      ..5aa22d50
+..dc23c022
+      ..4636a81e
+      ..3c0630c6
+      ..5661b3e8
+      ..56b8235c
+      ..a1a2998c
+      ..3c0630c6
+      ..b61e65ef
+      ..dbe1e8c5
+      ..56b8235c
+      ..9ad5d043
+      ..d4aff555
+..dc23c022
+      ..4e6a8f31
+..dc23c022
+      ..cf2247c2
+      ..f6622ecf
+      ..57848a07
+      ..3c0630c6
+      ..5022aee8
+      ..56b8235c
+      ..d4aff555
+..dc23c022
+      ..383a223c
+      ..f6622ecf
+      ..f78faf4d
+      ..3c0630c6
+      ..36bb1b10
+      ..8944d751
+      ..b133506d
+      ..8088ab9d
+      ..7c2797f6
+      ..56b8235c
+      ..d4aff555
+..dc23c022
+      ..49fce9a3
+      ..f6622ecf
+      ..f78faf4d
+      ..3c0630c6
+      ..e4c11fd1
+      ..8944d751
+      ..2c7143fb
+      ..8088ab9d
+      ..5830ac97
+      ..56b8235c
+      ..d4aff555
+..dc23c022
+      ..1424ed73
+      ..f6622ecf
+      ..ee1a3e38
+      ..d7107c37
+      ..d4aff555
+..dc23c022
+      ..8c83996f
+      ..f6622ecf
+      ..c154e228
+      ..d7107c37
+      ..d4aff555
+..dc23c022
+      ..2421f473
+..dc23c022
+      ..34567937
+      ..f6622ecf
+      ..8f8b87b3
+..dc23c022
+      ..83699fba
+      ..3c0630c6
+      ..e596cc88
+      ..f5740d26
+      ..48928650
+      ..8944d751
+      ..3f1728b7
+      ..e6358cd9
+      ..6f85f8d4
+      ..8088ab9d
+      ..56b8235c
+      ..5d40d7da
+      ..d4aff555
+..dc23c022
+      ..05ebc63c
+      ..f6622ecf
+      ..67a02dfe
+      ..4d9e6d54
+      ..2fc5df98
+      ..3c0630c6
+      ..8ede7520
+      ..56b8235c
+      ..a1a2998c
+      ..3c0630c6
+      ..5841ed05
+..dc23c022
+      ..cf1d816e
+      ..8944d751
+      ..29f718a2
+      ..8088ab9d
+..dc23c022
+      ..b24fd755
+      ..276b8673
+      ..e8227133
+      ..276b8673
+      ..c6f2d1f5
+..dc23c022
+      ..56b8235c
+..dc23c022
+      ..21f6b221
+      ..81e05563
+      ..3c856533
+      ..d4aff555
+..dc23c022
+      ..eede13e0
+      ..f6622ecf
+      ..d0bc6122
+      ..3c0630c6
+      ..7e6baa19
+      ..56b8235c
+      ..f7724909
+      ..d4aff555
+..dc23c022
+      ..9847aac2
+      ..f6622ecf
+      ..171fd857
+..dc23c022
+      ..48a05e46
+..dc23c022
+      ..a01fdada
+..dc23c022
+      ..4ab260ed
+..dc23c022
+      ..7066e5e3
+..dc23c022
+      ..62e19b7f
+      ..4ac06fa5
+..dc23c022
+      ..7d5012af
+..dc23c022
+      ..28adb3d9
+..dc23c022
+      ..fd3c3c09
+..dc23c022
+      ..ca1a7acf
+..dc23c022
+      ..edb9c7dd
+..dc23c022
+      ..593a29f4
+      ..3c0630c6
+      ..19881a7c
+..dc23c022
+      ..05bde1f7
+      ..3b22a055
+      ..c9684897
+      ..27210bbc
+      ..c1cee225
+..dc23c022
+      ..cad01686
+      ..bb76cbdd
+      ..ba2d51a7
+..dc23c022
+      ..8f06963d
+      ..54f768ca
+      ..3f436da3
+..dc23c022
+      ..cb53e86d
+      ..df5102b1
+      ..949f790b
+      ..1d837753
+      ..792b01a8
+      ..6ebe6c24
+      ..8944d751
+      ..3e30a06f
+      ..8088ab9d
+      ..fb05ce74
+      ..5c771e95
+..dc23c022
+      ..7c0904b6
+      ..56b8235c
+..dc23c022
+      ..d995cc2d
+      ..3c0630c6
+      ..7c4d2787
+      ..56b8235c
+..dc23c022
+      ..9f50fa0b
+      ..3c0630c6
+      ..b63c693f
+      ..56b8235c
+      ..d4aff555
+    }..178caa0f
+..dc23c022
+    in..8617a9f5
+    {..07534209
+      ..aceef804
+      ..f6622ecf
+#if !U..5557865a
+      ..427086af
+#else..54009423
+      ..8a7d70d4
+#endif..9bcf555e
+..dc23c022
+      ..2cde4af1
+      ..3c0630c6
+      ..edf9fe3a
+      ..ad8eb47a
+      ..fb33cd29
+..dc23c022
+#if !U..5557865a
+      ..343ad196
+#else..54009423
+      ..3b524677
+#endif..9bcf555e
+      ..56b8235c
+      ..d4aff555
+..dc23c022
+      ..a4d24095
+..dc23c022
+      ..344f93c2
+..dc23c022
+      ..cac5618e
+    }..178caa0f
+..dc23c022
+    in..d8184b2b
+    {..07534209
+      ..d8c8cefc
+..dc23c022
+      ..af9b54df
+      ..f6622ecf
+      ..4717854c
+      ..d4aff555
+..dc23c022
+      ..5ec89219
+      ..f6622ecf
+      ..45fb1cae
+      ..3c0630c6
+      ..35d0cf1a
+      ..fbd694e1
+      ..8944d751
+      ..cbbe3af1
+      ..cb4b2989
+      ..8088ab9d
+..dc23c022
+      ..eddeb0ea
+      ..56b8235c
+      ..d4aff555
+    }..178caa0f
+..dc23c022
+    pu..d934ea31
+    {..07534209
+      ..cc4e0200
+      ..bfd277f3
+      ..b74304bc
+..dc23c022
+      ..4124412e
+      ..f6622ecf
+      ..080e8f79
+..dc23c022
+      ..f6c30d1b
+      ..3c0630c6
+      ..7f562243
+      ..56b8235c
+      ..5674c7bd
+      ..3c0630c6
+      ..2a3f40e1
+      ..56b8235c
+      ..8617b0db
+      ..3c0630c6
+      ..00a1706a
+      ..56b8235c
+      ..7b949c07
+      ..3c0630c6
+      ..3e86a52b
+      ..56b8235c
+..dc23c022
+      ..06a43506
+      ..d4aff555
+..dc23c022
+      ..221ddf90
+      ..f6622ecf
+      ..70c111c4
+      ..ce0617c4
+      ..3c0630c6
+      ..7727d723
+      ..56b8235c
+      ..5f907c91
+      ..3c0630c6
+      ..611d230c
+      ..56b8235c
+      ..d6bcf9af
+      ..3c0630c6
+      ..8547d594
+..dc23c022
+      ..775d45cc
+      ..ae8831bc
+..dc23c022
+      ..136a7cb4
+      ..56b8235c
+      ..65acda47
+      ..3c0630c6
+      ..53caabc8
+      ..56b8235c
+      ..50d963ce
+      ..3c0630c6
+      ..e75e59b4
+      ..56b8235c
+      ..41e08db1
+      ..3c0630c6
+      ..53caabc8
+#if !U..5557865a
+      ..56b8235c
+      ..45d60fd9
+      ..3c0630c6
+#else..54009423
+      ..56b8235c
+      ..05fd5454
+      ..3c0630c6
+#endif..9bcf555e
+      ..2bd97a29
+      ..2e4af3c0
+      ..f9c9d518
+      ..2e6b80cb
+      ..56b8235c
+      ..3f3b61bd
+      ..3c0630c6
+      ..155563b3
+      ..56b8235c
+      ..9f54ec09
+      ..3c0630c6
+      ..305ed0ce
+      ..56b8235c
+      ..a1a2998c
+      ..3c0630c6
+      ..1478651e
+      ..56b8235c
+      ..d4aff555
+..dc23c022
+      ..cc4cfbd7
+      ..f6622ecf
+      ..11ad7e64
+#if !U..5557865a
+      ..90ed1950
+#else..54009423
+      ..511595f0
+#endif..9bcf555e
+      ..d4aff555
+..dc23c022
+      ..5fc5a1a7
+      ..f6622ecf
+      ..be61bb79
+#if !U..5557865a
+      ..022b6b2b
+      ..3c0630c6
+      ..ccd5c607
+#else..54009423
+      ..20a4e8ac
+      ..3c0630c6
+      ..4f91c602
+#endif..9bcf555e
+      ..56b8235c
+      ..a1a2998c
+      ..3c0630c6
+      ..c719a2a9
+      ..56b8235c
+      ..d4aff555
+..dc23c022
+      ..ba7dc5ca
+      ..f6622ecf
+      ..3e2267ed
+#if !U..5557865a
+      ..90ed1950
+#else..54009423
+      ..511595f0
+#endif..9bcf555e
+      ..d4aff555
+..dc23c022
+      ..6fb08fa3
+      ..f6622ecf
+      ..1774dc29
+      ..f506943a
+      ..d4aff555
+..dc23c022
+      ..4157ad40
+      ..f6622ecf
+      ..3d69776e
+#if !U..5557865a
+      ..022b6b2b
+      ..a0a433c8
+#else..54009423
+      ..20a4e8ac
+      ..d91423a0
+#endif..9bcf555e
+..dc23c022
+      ..f91675eb
+      ..d4aff555
+..dc23c022
+      ..d6cf8791
+      ..f6622ecf
+      ..ffd06d52
+#if !U..5557865a
+      ..90ed1950
+#else..54009423
+      ..511595f0
+#endif..9bcf555e
+      ..d4aff555
+    }..178caa0f
+..dc23c022
+    pu..b74a28db
+    {..07534209
+      ..825e84e2
+      ..e24a77ad
+..dc23c022
+      ..344ed754
+..dc23c022
+      ..151f2acb
+      ..f6622ecf
+      ..4fa638cd
+      ..19f3910b
+      ..8e0f67ad
+      ..d4aff555
+..dc23c022
+      ..cb749c0f
+      ..f6622ecf
+      ..2e90b8e0
+      ..3c0630c6
+      ..38a6b3b2
+      ..56b8235c
+..dc23c022
+      ..4beb24ee
+      ..c64f5a07
+      ..8307c588
+      ..762b97ef
+      ..c060da35
+      ..3c0630c6
+      ..86f0132e
+      ..2c4feddf
+      ..56b8235c
+      ..a084303d
+      ..3c0630c6
+      ..d31ae137
+      ..072c3f0e
+      ..56b8235c
+      ..8b614efb
+      ..3c0630c6
+      ..931a5259
+      ..8944d751
+      ..3724fab8
+      ..8088ab9d
+      ..56b8235c
+..dc23c022
+      ..172830cc
+      ..d4aff555
+..dc23c022
+      ..8184751c
+      ..f6622ecf
+      ..76b83dea
+      ..d4aff555
+..dc23c022
+      ..2f6a7881
+      ..f6622ecf
+      ..21bca4f3
+      ..d4aff555
+..dc23c022
+      ..f0b4ab9b
+      ..f6622ecf
+      ..f939132d
+      ..d4aff555
+..dc23c022
+      ..718ba56e
+      ..2b943aba
+      ..ef9f4919
+      ..e5a41480
+      ..c149d8b6
+      ..ed4967bc
+      ..fcd496b4
+      ..9921eb0b
+      ..56526fb9
+      ..1227ab0a
+      ..b7537cfe
+      ..399529d0
+      ..5a4ae635
+      ..f6622ecf
+      ..3ad9e4b6
+      ..d4aff555
+..dc23c022
+      ..65c77898
+      ..f6622ecf
+      ..2e90b8e0
+      ..3c0630c6
+      ..88b64d71
+      ..56b8235c
+..dc23c022
+      ..c64f5a07
+      ..a8f8704d
+      ..3c0630c6
+      ..44baf6c2
+..dc23c022
+      ..185c128a
+      ..8944d751
+      ..4a7a9816
+      ..7f7777b4
+      ..8088ab9d
+..dc23c022
+      ..58dcd235
+      ..8944d751
+      ..736007a9
+      ..820a6f6d
+      ..d375e8cd
+      ..09eb3c44
+      ..52f46207
+      ..c37a2fd1
+      ..6bfde9cc
+      ..651eef92
+      ..fa4123ac
+      ..6860693a
+      ..c90c485b
+      ..8088ab9d
+      ..56b8235c
+      ..8e73283e
+      ..3c0630c6
+      ..8d7594c1
+      ..56b8235c
+      ..d4aff555
+..dc23c022
+      ..9bba80ef
+      ..f6622ecf
+      ..2e90b8e0
+      ..3c0630c6
+      ..88b64d71
+      ..56b8235c
+..dc23c022
+      ..3bd2c021
+..dc23c022
+      ..c64f5a07
+..dc23c022
+      ..a8f8704d
+      ..3c0630c6
+      ..1401d088
+      ..b51ca2eb
+      ..8944d751
+      ..fb26271b
+      ..35df1bf3
+      ..8088ab9d
+      ..477ed561
+      ..8944d751
+      ..8088ab9d
+      ..f9c9d518
+      ..8944d751
+      ..0babcb3b
+      ..8088ab9d
+      ..56b8235c
+      ..8e73283e
+      ..3c0630c6
+      ..242417ec
+      ..56b8235c
+..dc23c022
+      ..a566d945
+      ..d4aff555
+..dc23c022
+      ..ffd30142
+      ..f6622ecf
+      ..e0d4c982
+      ..3c0630c6
+      ..baaa92a3
+      ..a1217e20
+      ..6aa67364
+      ..d4aff555
+..dc23c022
+      ..a897e153
+      ..f6622ecf
+      ..94798cef
+      ..d4aff555
+..dc23c022
+      ..73d9f9f3
+      ..f6622ecf
+      ..0a2e9801
+      ..e5f7ad89
+      ..ca038070
+      ..fca67f0d
+      ..3c0630c6
+      ..759c4a0d
+      ..33c8610b
+      ..56b8235c
+      ..33b80d79
+      ..d4aff555
+..dc23c022
+      ..859390d7
+      ..f6622ecf
+      ..6ae9ebd6
+      ..52d1901e
+      ..78ff2c5c
+      ..d4aff555
+..dc23c022
+      ..57f822cb
+      ..f6622ecf
+      ..fc6c81e8
+      ..d4aff555
+..dc23c022
+      ..99b5111d
+      ..f6622ecf
+      ..1d3b5b40
+      ..fca67f0d
+      ..3c0630c6
+      ..fc6fd7a3
+      ..8944d751
+      ..3c5ce68d
+      ..8088ab9d
+      ..f9c9d518
+      ..8944d751
+      ..5b6db93c
+      ..8088ab9d
+..dc23c022
+      ..ea0615dc
+      ..56b8235c
+      ..d4aff555
+..dc23c022
+      ..e8c7eb6f
+..dc23c022
+      ..cf35cdb2
+..dc23c022
+      ..dc071296
+      ..f6622ecf
+      ..65a1a146
+      ..3c0630c6
+      ..8e45e7f7
+      ..56b8235c
+      ..a1a2998c
+      ..3c0630c6
+      ..1fb42476
+      ..8944d751
+      ..236ed1e9
+      ..8088ab9d
+      ..14cfe365
+      ..8944d751
+      ..d1711535
+      ..8088ab9d
+      ..12b1e092
+      ..8944d751
+      ..17768e9c
+      ..8088ab9d
+      ..84478183
+      ..8944d751
+      ..059e172f
+      ..8088ab9d
+      ..4135df5c
+      ..8944d751
+      ..eb34020c
+      ..8088ab9d
+      ..3a275447
+      ..8944d751
+      ..06dddceb
+      ..8088ab9d
+      ..fbec6ec9
+      ..8944d751
+      ..bea55f84
+      ..8088ab9d
+      ..8a22969b
+      ..8944d751
+      ..a6d5a920
+      ..d375e8cd
+      ..fea4f087
+      ..fa4123ac
+      ..eb2640e5
+      ..d375e8cd
+      ..c48aee9a
+      ..fa4123ac
+      ..8088ab9d
+      ..0ff1a52b
+      ..8944d751
+      ..cdafcb77
+      ..8088ab9d
+      ..f9c9d518
+      ..8944d751
+      ..b8fbea97
+      ..f79f817a
+      ..82dcd809
+      ..8ff48368
+      ..d375e8cd
+      ..62f956ac
+      ..3f188696
+      ..852051b6
+      ..3ec80e1d
+      ..f5a6d589
+      ..fa4123ac
+      ..5c4ebeee
+      ..d375e8cd
+      ..4355b780
+      ..fa4123ac
+      ..5ddc916c
+      ..d375e8cd
+      ..c82b3ee0
+      ..fa4123ac
+      ..eb2640e5
+      ..d375e8cd
+      ..35b22721
+      ..fa4123ac
+      ..8088ab9d
+      ..56b8235c
+      ..d4aff555
+..dc23c022
+      ..a07a6479
+      ..f6622ecf
+      ..4b1660e0
+..dc23c022
+      ..2e8a88ea
+..dc23c022
+      ..6a43a1a7
+      ..d4aff555
+..dc23c022
+      ..4d3d14aa
+      ..f6622ecf
+      ..496e3374
+      ..3c0630c6
+      ..9a4d6c93
+      ..56b8235c
+      ..a1a2998c
+      ..3c0630c6
+      ..62821e99
+      ..bef0aa59
+..dc23c022
+      ..e10c138a
+      ..8944d751
+      ..b824b9ad
+      ..8088ab9d
+      ..788626cb
+      ..8944d751
+      ..97d2a6f1
+      ..8088ab9d
+      ..b2bc75d3
+      ..8944d751
+      ..746b15c6
+      ..8088ab9d
+      ..c19a0e24
+      ..8944d751
+      ..5196381f
+      ..8088ab9d
+      ..58443537
+      ..8944d751
+      ..d6a17ba1
+      ..8088ab9d
+      ..5825e7b6
+      ..8944d751
+      ..dc84b698
+      ..8088ab9d
+      ..b8f4043c
+      ..8944d751
+      ..76e9f1ce
+      ..d375e8cd
+      ..57b0d61b
+      ..fa4123ac
+      ..eb2640e5
+      ..d375e8cd
+      ..a5a96435
+      ..3545ed7c
+      ..1294f7db
+      ..c151b943
+      ..d0796c50
+      ..419320cd
+      ..066e7f4d
+      ..fa4123ac
+      ..8088ab9d
+      ..8310374e
+      ..8944d751
+      ..838c27c2
+#if !U..5557865a
+      ..8088ab9d
+      ..312e877c
+      ..8944d751
+#else..54009423
+      ..8088ab9d
+      ..390c903e
+      ..8944d751
+#endif..9bcf555e
+      ..e4ac4c9c
+      ..d375e8cd
+      ..b7c2c21b
+      ..e0616544
+      ..fa4123ac
+      ..eb2640e5
+      ..7b3c0ae3
+      ..8088ab9d
+      ..f158b0e3
+      ..8944d751
+      ..9e4fc534
+      ..8088ab9d
+      ..7cc74a16
+      ..8944d751
+      ..c59d3e9e
+      ..8088ab9d
+      ..be020951
+      ..8944d751
+      ..ab6fbbc0
+      ..8088ab9d
+      ..ea5599f6
+      ..8944d751
+      ..3d151f25
+      ..8088ab9d
+      ..e348b2cb
+      ..8944d751
+      ..0a6224d1
+      ..8088ab9d
+      ..67370992
+      ..8944d751
+      ..9a820c2c
+      ..8088ab9d
+      ..e217b2c0
+      ..8944d751
+      ..b894d317
+      ..8088ab9d
+      ..a4dcf4e7
+      ..8944d751
+      ..63f830b1
+      ..8088ab9d
+      ..fd068008
+      ..8944d751
+      ..e3968938
+      ..5cf9472b
+      ..8088ab9d
+      ..f9c9d518
+      ..8944d751
+      ..5d670fc9
+      ..8088ab9d
+      ..56b8235c
+      ..d4aff555
+    }..178caa0f
+..dc23c022
+    //..f54fad68
+    //..bbbe4c7d
+    //..2e475a39
+    pu..79b151a2
+    {..07534209
+      ..cadc513d
+..dc23c022
+      ..1e1fd5c2
+..dc23c022
+      ..344ed754
+..dc23c022
+      ..5454ef36
+      ..b0f1f964
+..dc23c022
+      ..f218e2ec
+      ..f6622ecf
+      ..a192805b
+      ..d4aff555
+..dc23c022
+      ..acbca84d
+      ..f6622ecf
+      ..2f1226b5
+      ..3c0630c6
+      ..b61e8f6b
+      ..56b8235c
+..dc23c022
+      ..4beb24ee
+..dc23c022
+      ..99b41a92
+      ..3c0630c6
+      ..37bb7d6e
+      ..f77ab749
+      ..56b8235c
+..dc23c022
+      ..93788597
+      ..8a633c6c
+      ..3c0630c6
+      ..e8f44c79
+      ..8944d751
+      ..e3c468bc
+      ..8088ab9d
+      ..56b8235c
+      ..af52df05
+..dc23c022
+      ..c060da35
+      ..3c0630c6
+      ..7e9027c1
+      ..69c36c34
+      ..2c4feddf
+      ..56b8235c
+      ..a084303d
+      ..3c0630c6
+      ..f23894c2
+      ..69c36c34
+      ..072c3f0e
+      ..56b8235c
+      ..441bce56
+      ..3c0630c6
+      ..69c36c34
+      ..2fd72ec5
+      ..56b8235c
+      ..a1a2998c
+      ..3c0630c6
+      ..69c36c34
+      ..23d230dd
+      ..56b8235c
+      ..d4aff555
+..dc23c022
+      ..53d8735b
+      ..f6622ecf
+      ..dda1474b
+      ..78ff2c5c
+      ..d4aff555
+..dc23c022
+      ..0be2afc0
+      ..f6622ecf
+      ..cc1f3100
+      ..c18b82c3
+      ..d4aff555
+..dc23c022
+      ..fa5460b3
+      ..f6622ecf
+      ..1fa0d572
+      ..3c0630c6
+      ..8a195cbb
+      ..8944d751
+      ..b3ef79ba
+      ..8088ab9d
+      ..7f49358e
+      ..8944d751
+      ..97a1be8c
+      ..2833f08e
+      ..8088ab9d
+      ..56b8235c
+      ..d4aff555
+..dc23c022
+      ..d21dd445
+      ..f6622ecf
+      ..8b4e9fcb
+      ..d4aff555
+    }..178caa0f
+..dc23c022
+    pu..2a73eb0b
+    {..07534209
+      ..f2516bfc
+      ..f6622ecf
+      ..c65ad254
+      ..9f7311ca
+      ..d4aff555
+    }..178caa0f
+..dc23c022
+    pu..b156647f
+    {..07534209
+      ..7d8b992b
+..dc23c022
+      ..f929ff4a
+..dc23c022
+      ..d7b7342f
+      ..231a06dd
+      ..ce118566
+      ..6891938a
+..dc23c022
+      ..facdacdc
+      ..d9e1d6bc
+      ..5dccee33
+      ..3dd6f267
+      ..c2aea406
+..dc23c022
+      ..01a129ee
+..dc23c022
+      ..578f153b
+      ..f6622ecf
+      ..a192805b
+      ..d46960c9
+      ..d4aff555
+..dc23c022
+      ..2c24bc57
+      ..f6622ecf
+      ..a192805b
+      ..3b72c472
+      ..d4aff555
+..dc23c022
+      ..9da741fc
+      ..f6622ecf
+      ..e3977d3e
+      ..1d111f30
+      ..36793991
+      ..3980ecfa
+      ..3c0630c6
+      ..99f8b5c7
+      ..56b8235c
+      ..9d326d37
+      ..210ff6df
+      ..bdc0144a
+      ..2eab862c
+      ..9e5cfdff
+      ..bb6da9c9
+      ..de229f08
+      ..4d4ff6e4
+      ..5c99a704
+      ..d4aff555
+..dc23c022
+      ..140e3988
+      ..f6622ecf
+      ..44aa1afa
+      ..3c0630c6
+      ..71cf8107
+      ..fcb93da2
+      ..4e71c798
+      ..a93149a7
+      ..7a730571
+      ..56b8235c
+      ..a1a2998c
+      ..3c0630c6
+      ..9b82bede
+      ..56b8235c
+      ..d4aff555
+..dc23c022
+      ..e983e045
+      ..f6622ecf
+      ..44aa1afa
+      ..3c0630c6
+      ..71cf8107
+      ..fcb93da2
+      ..4e6e9369
+      ..85824cee
+      ..7b9b5a3d
+      ..5d9997f9
+      ..a53f20eb
+..dc23c022
+      ..663b063c
+      ..4585b561
+      ..56b8235c
+      ..a1a2998c
+      ..3c0630c6
+      ..9b82bede
+      ..56b8235c
+      ..d4aff555
+..dc23c022
+      ..d4b5a30e
+      ..f6622ecf
+      ..d0a33263
+      ..c1e1b787
+      ..5c99a704
+      ..d4aff555
+..dc23c022
+      ..3eeaf93c
+      ..f6622ecf
+      ..d0a33263
+      ..a295d464
+      ..5c99a704
+      ..d4aff555
+..dc23c022
+      ..3911b522
+      ..f6622ecf
+      ..4c0973bd
+      ..d4aff555
+..dc23c022
+      ..91d8e461
+      ..98a028ec
+      ..f6622ecf
+      ..d0a33263
+      ..562fd9ec
+      ..5c99a704
+      ..d4aff555
+..dc23c022
+      ..f87f34ac
+      ..f6622ecf
+      ..00dd7de0
+      ..d4aff555
+..dc23c022
+      ..0e9b09ed
+      ..f6622ecf
+      ..4327206e
+      ..d4aff555
+..dc23c022
+      ..e45f4dda
+      ..f6622ecf
+      ..00dd7de0
+      ..d4aff555
+..dc23c022
+      ..da94be48
+      ..f6622ecf
+      ..4327206e
+      ..d4aff555
+..dc23c022
+      ..28e38919
+      ..f6622ecf
+      ..26c9dcb7
+      ..3c0630c6
+      ..36e4853e
+..dc23c022
+      ..a536e218
+..dc23c022
+      ..3defa4b3
+      ..3566937c
+      ..8944d751
+      ..d4500619
+      ..8088ab9d
+      ..f9c9d518
+      ..8944d751
+      ..53d7628b
+      ..8088ab9d
+..dc23c022
+      ..1f6a65a3
+      ..8944d751
+      ..d33cf9d1
+      ..f8dd6e2a
+      ..d375e8cd
+      ..6b803e73
+      ..fa4123ac
+      ..0c33ed35
+      ..d375e8cd
+      ..56a62b5e
+      ..0afd2d40
+      ..ba40c32a
+      ..a9aae40b
+      ..8088ab9d
+      ..f9c9d518
+      ..8944d751
+      ..4861894c
+      ..8088ab9d
+      ..56b8235c
+      ..a1a2998c
+      ..3c0630c6
+      ..9b82bede
+      ..56b8235c
+      ..d4aff555
+..dc23c022
+      ..499fe3f0
+      ..f6622ecf
+      ..604979a5
+      ..3c0630c6
+      ..a03f737c
+      ..56b8235c
+      ..a1a2998c
+      ..3c0630c6
+      ..9a54f8e2
+      ..56b8235c
+      ..d4aff555
+..dc23c022
+      ..61797274
+      ..8088c8c0
+      ..55648fff
+      ..09c41ba0
+      ..7a241335
+      ..f6622ecf
+      ..383839c6
+      ..3c0630c6
+      ..c7b063a7
+      ..b09f0a92
+      ..35a199ce
+      ..c98b3695
+      ..ed0eecdf
+      ..bc28c84a
+      ..5c99a704
+      ..d4aff555
+..dc23c022
+      ..a4a6df4c
+      ..f6622ecf
+      ..e4dd8b8c
+      ..8debdd1e
+      ..5c99a704
+      ..d4aff555
+..dc23c022
+      ..7e8ed27b
+      ..f6622ecf
+      ..002a3aa5
+      ..3c0630c6
+      ..3a49ddc6
+      ..56b8235c
+      ..a1a2998c
+      ..3c0630c6
+      ..ec0f462b
+      ..4e6e9369
+      ..2b44356a
+      ..8944d751
+      ..6662b1a5
+      ..f63e60d8
+      ..8088ab9d
+      ..8d9c341a
+      ..8944d751
+      ..576e8146
+      ..47b00936
+      ..8088ab9d
+      ..72676531
+      ..8944d751
+      ..2852d0e8
+      ..8088ab9d
+      ..7bcc9440
+      ..8944d751
+      ..f6b9d5c3
+      ..d375e8cd
+      ..2e5cd34b
+      ..fa4123ac
+      ..33fa168e
+      ..8088ab9d
+      ..1c5d693e
+      ..56b8235c
+      ..d4aff555
+..dc23c022
+      ..f045ef53
+      ..f6622ecf
+      ..4a874564
+..dc23c022
+      ..2e8a88ea
+      ..d4aff555
+..dc23c022
+      ..5c18fc17
+      ..f6622ecf
+      ..f99b1d09
+      ..3c0630c6
+      ..d6905d9a
+      ..56b8235c
+      ..851d2192
+      ..3c0630c6
+      ..3cd32902
+..dc23c022
+      ..987df246
+      ..e2719d84
+      ..82f960cf
+      ..8944d751
+      ..eade939a
+      ..c36c4cd0
+      ..68d74e9d
+      ..ba9bec7c
+      ..8088ab9d
+..dc23c022
+..dc23c022
+      ..ef0de357
+      ..c266cab9
+..dc23c022
+      ..bb6facac
+      ..0443cbfa
+      ..838733b4
+      ..4ef053d0
+      ..7a2bbbcc
+      ..99bcb71e
+      ..f9c9d518
+      ..d5a01c66
+      ..08066b87
+      ..56b8235c
+      ..aa074817
+      ..3c0630c6
+      ..b4834bf0
+      ..0b3a2722
+      ..bcda6bdd
+      ..1a2cf31f
+      ..01020661
+      ..1839dc26
+      ..8944d751
+      ..c2e5cf25
+      ..691f0abb
+      ..47ad808e
+      ..56b8235c
+      ..82da2353
+      ..3c0630c6
+..dc23c022
+      ..1ab0eec9
+      ..4de249e2
+      ..acbbfeb0
+..dc23c022
+      ..48a9f571
+      ..8944d751
+      ..6af1de02
+      ..8088ab9d
+..dc23c022
+      ..b5eb9d9e
+..dc23c022
+      ..6a001a01
+      ..8944d751
+      ..f688ac74
+      ..8088ab9d
+      ..694e2c39
+      ..8944d751
+      ..5f9c79ee
+      ..8088ab9d
+      ..8475f14f
+      ..8944d751
+      ..82b37bc5
+      ..d375e8cd
+      ..f825bc30
+      ..fa4123ac
+      ..eb2640e5
+      ..d375e8cd
+      ..e77954bb
+      ..fa4123ac
+      ..8088ab9d
+      ..ad86acc3
+      ..8944d751
+      ..15069981
+      ..8088ab9d
+      ..7c602443
+      ..8944d751
+      ..f98bcf5c
+      ..8088ab9d
+      ..eebbfccd
+      ..8944d751
+      ..8868df46
+      ..8088ab9d
+      ..ce949a3a
+      ..8944d751
+      ..5e046f9f
+      ..8088ab9d
+      ..d9929ea0
+      ..8944d751
+      ..5fdc5c0c
+      ..8088ab9d
+      ..f9c9d518
+      ..8944d751
+      ..75dceb62
+      ..8088ab9d
+      ..b6f7a25e
+..dc23c022
+      ..56b8235c
+      ..789ded7c
+      ..3c0630c6
+      ..0adb7d8f
+      ..77d88333
+      ..1839dc26
+      ..8944d751
+      ..a6315e7d
+      ..2da1dff1
+      ..47ad808e
+      ..56b8235c
+      ..c849f036
+      ..3c0630c6
+      ..5d073ff8
+      ..ee76dae6
+      ..2110141a
+      ..1839dc26
+      ..8944d751
+      ..b78f01f8
+      ..65ab8cf2
+      ..47ad808e
+      ..56b8235c
+      ..e925030b
+      ..3c0630c6
+      ..05f26c6f
+..dc23c022
+      ..6b13841c
+      ..8944d751
+      ..c08b3657
+      ..954399b9
+      ..4a2751ea
+      ..c08b3657
+      ..1096a93c
+      ..e3c7ddbc
+      ..8088ab9d
+      ..f9c9d518
+      ..8944d751
+      ..254f0deb
+      ..a8d34b02
+      ..d375e8cd
+      ..b42f99f0
+      ..04088989
+      ..c151b943
+      ..f65c57ba
+      ..419320cd
+      ..672146b4
+      ..c151b943
+      ..bbedabd1
+      ..419320cd
+      ..011f389d
+      ..fa4123ac
+..dc23c022
+      ..c08b3657
+      ..75251e3f
+      ..c08b3657
+      ..91b1ee45
+..dc23c022
+#if !U..5557865a
+      ..095ad73f
+      ..d375e8cd
+#else..54009423
+      ..a755f3e9
+      ..d375e8cd
+#endif..9bcf555e
+      ..85c8d25b
+      ..83645ec0
+#if !U..5557865a
+      ..fa4123ac
+      ..3ed62fe3
+      ..d375e8cd
+#else..54009423
+      ..fa4123ac
+      ..dfb1e9cc
+      ..d375e8cd
+#endif..9bcf555e
+#if SI..2ec60d0d
+						..6200699b
+#else..54009423
+      ..59029b61
+      ..ad602b8a
+#endif..9bcf555e
+      ..fa4123ac
+      ..eb2640e5
+      ..d375e8cd
+#if !U..5557865a
+      ..a1d993f3
+#else..54009423
+      ..15fe38f3
+#endif..9bcf555e
+      ..fa4123ac
+..dc23c022
+      ..c08b3657
+      ..10252b3c
+      ..c08b3657
+      ..fc010be9
+      ..d375e8cd
+      ..849898e0
+      ..92ccf7b2
+      ..c6b3f08a
+      ..5f3a1339
+      ..c151b943
+      ..afdc472a
+      ..288c634c
+      ..00036040
+      ..8fa6dcba
+      ..419320cd
+      ..a39d5aef
+      ..e6bef9b1
+      ..c151b943
+      ..d183bf54
+      ..1cc6f9b8
+      ..954797d7
+      ..fa4123ac
+      ..eb2640e5
+      ..d375e8cd
+      ..5d70c2fe
+      ..e6bef9b1
+      ..c151b943
+      ..e1b2e4ef
+      ..1cc6f9b8
+      ..954797d7
+      ..fa4123ac
+      ..8088ab9d
+      ..56b8235c
+      ..ce974a0f
+      ..d4aff555
+..dc23c022
+      ..13a69321
+      ..f6622ecf
+      ..ba40fb3e
+..dc23c022
+      ..da66247e
+      ..3c0630c6
+      ..7f38ebbf
+      ..46eed09d
+      ..56b8235c
+      ..a1a2998c
+      ..3c0630c6
+      ..978a309f
+      ..56b8235c
+      ..d4aff555
+..dc23c022
+      ..718ba56e
+      ..d783ab1e
+      ..ef9f4919
+      ..3eb4117d
+      ..090e129a
+      ..f6622ecf
+      ..9fdc0af6
+      ..33fd16f8
+      ..2d51bf60
+      ..078438a9
+      ..a1a2998c
+      ..0efd3fd7
+      ..d4aff555
+..dc23c022
+      ..60416794
+      ..f6622ecf
+      ..67430bee
+      ..94fbfe27
+      ..ec47e0da
+      ..fe7c40f3
+      ..3c0630c6
+      ..0b917c87
+      ..56b8235c
+      ..ff1f41cf
+      ..3c0630c6
+      ..b3251ae2
+      ..56b8235c
+      ..de644679
+      ..3c0630c6
+      ..6aaa168a
+      ..56b8235c
+      ..7d1c25b3
+      ..3c0630c6
+      ..ec2a72c8
+      ..56b8235c
+      ..ae2fad9c
+      ..3c0630c6
+      ..f37dd4b0
+      ..56b8235c
+      ..1f8ba2a0
+      ..3c0630c6
+      ..4e1fefb3
+      ..56b8235c
+      ..bffc8e43
+      ..3c0630c6
+      ..8d22fe1c
+      ..56b8235c
+      ..e3bb41ad
+      ..3c0630c6
+      ..8c7d2b1d
+      ..56b8235c
+      ..be24cc71
+      ..3c0630c6
+      ..d76b466a
+      ..56b8235c
+      ..a1a2998c
+      ..3c0630c6
+      ..eab0d2df
+      ..56b8235c
+      ..d4aff555
+..dc23c022
+      ..1309758d
+      ..f6622ecf
+      ..c4b75fc8
+      ..d4aff555
+..dc23c022
+      ..9dd54322
+      ..f6622ecf
+      ..51f1a1b6
+      ..d4aff555
+..dc23c022
+      ..60010cb1
+      ..f6622ecf
+      ..a47d4e0f
+      ..67e54bfa
+..dc23c022
+      ..2df5752f
+      ..d4aff555
+..dc23c022
+      ..ae29d093
+      ..f6622ecf
+      ..c237973e
+      ..d4aff555
+..dc23c022
+      ..ede8d559
+      ..f6622ecf
+      ..1b305c09
+      ..da6b07aa
+      ..d4aff555
+..dc23c022
+      ..7bdc874e
+      ..f6622ecf
+      ..1b305c09
+      ..72387f7e
+      ..d4aff555
+..dc23c022
+      ..52e1fc01
+      ..f6622ecf
+      ..7f4fe23c
+      ..d4aff555
+..dc23c022
+      ..e84e2921
+      ..f6622ecf
+      ..f83daf3b
+      ..d4aff555
+    }..178caa0f
+..dc23c022
+    pu..67789d6b
+    {..07534209
+      ..bd474174
+      ..f6622ecf
+      ..1f6e70f0
+      ..0a21d432
+      ..68cff486
+      ..a5b0512f
+      ..17127483
+      ..2839ae16
+      ..94e0382c
+      ..07296ae9
+      ..41c41243
+      ..d1a4a049
+      ..5ada4d2f
+      ..dfb82bb0
+      ..3f4b5da7
+      ..d7825638
+      ..551fb56e
+      ..6c0cce11
+      ..fa1bd13a
+      ..e73d64f3
+      ..277319c8
+      ..f09ab4b9
+      ..29fabddb
+      ..8405c1b1
+      ..85891dfd
+      ..bd5feee6
+      ..46ac54eb
+      ..c60226d6
+      ..0d2eddc4
+      ..f3652e7e
+      ..f0562b0d
+      ..8e7e474a
+      ..0141499b
+      ..d4aff555
+..dc23c022
+      ..cca577b3
+      ..f6622ecf
+      ..37c1579a
+      ..f3e95cd7
+      ..8856873c
+      ..7e4a02ba
+      ..416520e8
+      ..9212becd
+      ..5ba8065f
+      ..d263181b
+      ..6ec89d50
+      ..5bfc6515
+      ..adcdd71f
+      ..d4b6d5ac
+      ..4ee474dc
+      ..8ffb61df
+      ..7d818da5
+      ..65fdb0bf
+      ..87588d85
+      ..4889e9c7
+      ..14baccae
+      ..39d762b9
+      ..ee446dd4
+      ..4d8e5a4e
+      ..bfe8299a
+      ..530e04f8
+      ..b5b147b8
+      ..fdf3dcf7
+      ..78d032bd
+      ..14867228
+      ..3d7a1870
+      ..16658dfb
+      ..52e98712
+      ..a669ab40
+      ..edc09aa8
+      ..90bec600
+      ..6df3c460
+      ..b021a4fa
+      ..796d139c
+      ..7995ea41
+      ..a91f1995
+      ..f135ba3f
+      ..52d95764
+      ..31754831
+      ..7324500c
+      ..61df3790
+      ..32db0138
+      ..d4aff555
+..dc23c022
+..dc23c022
+      ..50beb944
+      ..f6622ecf
+      ..a4730d1e
+      ..60dd3124
+      ..7ef22e7f
+      ..d4aff555
+..dc23c022
+      ..e51de04f
+..dc23c022
+#if !U..f831b011
+      ..3eb4a534
+      ..f179b865
+..dc23c022
+      ..ef6f6559
+      ..c79d0e56
+..dc23c022
+      ..e18e1892
+      ..b2b284b3
+..dc23c022
+      ..e18e1892
+      ..04e09bc7
+..dc23c022
+      ..df533e9e
+      ..32c654cb
+..dc23c022
+      ..2d3f3ece
+      ..3770b772
+..dc23c022
+      ..ff3b218d
+      ..1a9015a0
+..dc23c022
+      ..698a98ff
+      ..43f809c0
+..dc23c022
+      ..c4717e9e
+      ..17e5960d
+..dc23c022
+      ..6b5c1ce2
+      ..f094e907
+..dc23c022
+      ..41d97519
+      ..94c817fa
+..dc23c022
+      ..e0a281f1
+      ..0102e67e
+..dc23c022
+      ..ed8d677e
+      ..b0f020c2
+..dc23c022
+      ..4e5517d3
+      ..332e1218
+..dc23c022
+      ..3cdcb0da
+      ..6a8c9c80
+..dc23c022
+#if NE..1971f975
+		[Dll..28596c63
+		publ..349f74ea
+#endif..9bcf555e
+..dc23c022
+      ..6070186e
+      ..f6622ecf
+      ..a917583b
+#if NE..1971f975
+      ..70bd9a6a
+      ..32ab9f36
+#else..54009423
+      ..007336d2
+#endif..9bcf555e
+      ..5e28fd32
+      ..3c0630c6
+      ..5e9a7e59
+      ..56b8235c
+      ..78ff2c5c
+      ..d4aff555
+..dc23c022
+      ..becea593
+      ..c6bd52d1
+..dc23c022
+      ..bf16ea1b
+      ..e30a02cc
+..dc23c022
+      ..0e4f6ae1
+      ..19a50ab1
+..dc23c022
+      ..7fb1e133
+      ..46daabea
+..dc23c022
+      ..4ff37108
+      ..de7e6a2e
+..dc23c022
+      ..034583a9
+      ..f6622ecf
+      ..74e1493d
+      ..d4aff555
+..dc23c022
+      ..a37cfb5d
+      ..e0695d0b
+..dc23c022
+      ..8e350e59
+      ..e1686c9e
+..dc23c022
+      ..1ec25f20
+      ..00f90060
+..dc23c022
+      ..d7c6ffe6
+      ..873fdf18
+..dc23c022
+      ..b5b0b3a1
+      ..1c039cdb
+..dc23c022
+      ..8de6255a
+      ..a336c6d0
+..dc23c022
+      ..a06b4068
+      ..6bb86bad
+..dc23c022
+      ..4cacbba6
+      ..88292e17
+..dc23c022
+      ..cdb552d0
+      ..9fed42ed
+..dc23c022
+      ..b36f25ab
+      ..53bd8112
+      ..a807978a
+      ..f6622ecf
+      ..c6e819ba
+      ..d4aff555
+..dc23c022
+      ..93d55827
+      ..d0158a74
+..dc23c022
+      ..9f39c905
+      ..2ca0ad1e
+..dc23c022
+      ..78f9e82e
+      ..89c3711b
+..dc23c022
+      ..93643c2a
+      ..a903c0c5
+..dc23c022
+      ..2ba67f55
+      ..781001e7
+..dc23c022
+      ..38921102
+      ..d5837d38
+..dc23c022
+      ..46ec1889
+      ..4013b0ce
+..dc23c022
+      ..1533e505
+      ..febc9cfd
+..dc23c022
+      ..3512094e
+      ..f6622ecf
+      ..83be008a
+      ..d4aff555
+..dc23c022
+      ..1926c5a7
+      ..f6622ecf
+      ..b951fdbf
+      ..d45e7ada
+      ..6cc2a151
+      ..4bb9c85c
+      ..2173aba6
+      ..d4aff555
+..dc23c022
+      ..af1971bb
+      ..b49d24f9
+..dc23c022
+      ..f39fb707
+      ..8b763b50
+#else..54009423
+      ..d6946b12
+      ..f6622ecf
+      ..498d8c88
+      ..d4aff555
+..dc23c022
+      ..9c65ae78
+      ..f6622ecf
+#if US..aae46d20
+			ret..34aad1cd
+#else..54009423
+      ..504152da
+#endif..9bcf555e
+      ..d4aff555
+..dc23c022
+      ..62e857ef
+      ..f6622ecf
+      ..339483fa
+      ..d4aff555
+..dc23c022
+      ..6225f1e3
+      ..f6622ecf
+      ..b32babbc
+      ..d4aff555
+..dc23c022
+      ..654dd328
+      ..f6622ecf
+      ..9f895b91
+      ..d4aff555
+..dc23c022
+      ..c684701b
+      ..f6622ecf
+      ..92f49558
+      ..d4aff555
+..dc23c022
+      ..a3c01dea
+      ..f6622ecf
+      ..e852260d
+#if US..516e26b8
+      ..623bee9c
+#else..54009423
+			stm..1eafec8a
+			var..e809ba90
+#endif..9bcf555e
+      ..8ec777b5
+      ..3c0630c6
+      ..c9543cb6
+      ..56b8235c
+      ..78ff2c5c
+      ..d4aff555
+..dc23c022
+      ..330eb307
+      ..f6622ecf
+      ..5edee7d9
+      ..d4aff555
+..dc23c022
+      ..6fd53c20
+      ..f6622ecf
+      ..b1a0aefc
+      ..d4aff555
+..dc23c022
+      ..587e8eab
+      ..f6622ecf
+      ..259a88ed
+      ..d4aff555
+..dc23c022
+      ..e7bfbb40
+      ..f6622ecf
+      ..ffa4b3cf
+      ..d4aff555
+..dc23c022
+      ..c35241d8
+      ..f6622ecf
+      ..4861736a
+      ..d4aff555
+..dc23c022
+      ..0b5023b0
+      ..f6622ecf
+      ..b3abf524
+      ..d4aff555
+..dc23c022
+      ..e8197177
+      ..f6622ecf
+      ..209d265d
+      ..d4aff555
+..dc23c022
+      ..4bc81f1b
+      ..f6622ecf
+      ..99d7635f
+      ..d4aff555
+..dc23c022
+      ..f14756d9
+      ..f6622ecf
+      ..1a0b38b4
+      ..d4aff555
+..dc23c022
+      ..6785136a
+      ..f6622ecf
+      ..62ef8407
+      ..d4aff555
+..dc23c022
+      ..97eeab2a
+      ..f6622ecf
+#if US..aae46d20
+			ret..7d0bd79a
+#elif ..21c6e3b4
+      ..df76f707
+#else..54009423
+			ret..175ab3e9
+#endif..9bcf555e
+      ..d4aff555
+..dc23c022
+      ..bd7989e6
+      ..f6622ecf
+#if US..aae46d20
+			ret..83bf6c4b
+#elif ..21c6e3b4
+      ..98ccebd3
+#else..54009423
+			ret..f03c68da
+#endif..9bcf555e
+      ..d4aff555
+..dc23c022
+      ..23bb4792
+      ..f6622ecf
+      ..be45f033
+      ..d4aff555
+..dc23c022
+      ..6907ca60
+      ..f6622ecf
+      ..38f66ae3
+      ..d4aff555
+..dc23c022
+      ..5ec2dca0
+      ..f6622ecf
+      ..38f66ae3
+      ..d4aff555
+..dc23c022
+      ..39e6c860
+      ..f6622ecf
+      ..a6b6e352
+      ..d4aff555
+..dc23c022
+      ..0a904ab6
+      ..f6622ecf
+      ..728bbd8a
+      ..d4aff555
+..dc23c022
+      ..ecd9a183
+      ..f6622ecf
+      ..e8c09624
+      ..d4aff555
+..dc23c022
+      ..386c3204
+      ..f6622ecf
+      ..868fda5e
+      ..d4aff555
+..dc23c022
+      ..25a0253f
+      ..f6622ecf
+      ..5c880a63
+      ..d4aff555
+..dc23c022
+      ..bab0e1cc
+      ..f6622ecf
+      ..5c880a63
+      ..d4aff555
+..dc23c022
+      ..07545d9e
+      ..f6622ecf
+      ..f2ee764c
+      ..d4aff555
+..dc23c022
+      ..bf321dd0
+      ..f6622ecf
+      ..61db2186
+      ..d4aff555
+..dc23c022
+      ..8b2fcf06
+      ..f6622ecf
+      ..5c880a63
+      ..d4aff555
+..dc23c022
+      ..1c3dfb17
+      ..f6622ecf
+      ..380ee00e
+      ..d4aff555
+..dc23c022
+#if !U..f2297717
+		publ..aabce579
+		{..02a498c7
+			ret..de687db8
+		}..afd24d3f
+#endif..9bcf555e
+..dc23c022
+      ..3072cb40
+      ..f6622ecf
+      ..2e6da5dc
+      ..d4aff555
+#endif..9bcf555e
+..dc23c022
+      ..cc164433
+      ..f6622ecf
+      ..937a67bf
+      ..3cba8f5d
+      ..16248453
+      ..7b1ed098
+      ..73e93efd
+      ..d4aff555
+    }..178caa0f
+}..eb2d0255
+..dc23c022
+#if NO..a75cbc31
+namesp..b3a4890e
+{..03f2f628
+    pu..3b838007
+    {..07534209
+      ..6c0f6167
+      ..f6622ecf
+      ..39692abb
+      ..1d630b80
+      ..6bfd9ef5
+      ..56b8235c
+      ..8c4432ca
+      ..64b3b705
+      ..56b8235c
+      ..d4aff555
+    }..178caa0f
+}..eb2d0255
+#endif..9bcf555e
+..dc23c022
--- /de..98329a98
+//..b02274b5
+// Cop..07fd1990
+//..b02274b5
+// Per..23a512f6
+// of ..3f487f77
+// in ..3c9ae255
+// to ..425bcd2d
+// cop..2b5012cb
+// fur..4170893d
+//..b02274b5
+// The..ebe1979d
+// all..c7e8cc72
+//..b02274b5
+// THE..41edc3d7
+// IMP..5a73a41b
+// FIT..647323ed
+// AUT..52daeb9e
+// LIA..216119a0
+// OUT..7edf4de9
+// THE..5124dfe8
+//..b02274b5
+..dc23c022
+using ..6abb298c
+using ..dfdb2e16
+using ..9ca82bd3
+using ..09b5a0ad
+using ..811c1a5d
+using ..9472e5d1
+using ..b48c0cac
+using ..fe0fa591
+using ..a3c5b200
+using ..5b79c8ea
+..dc23c022
+// ReS..b167c365
+namesp..5497d9c5
+{..03f2f628
+    pu..07340f36
+    {..07534209
+      ..98c32aac
+      ..f2935a32
+..dc23c022
+      ..d88deda1
+      ..a4c69f71
+      ..f6622ecf
+      ..d4aff555
+..dc23c022
+      ..cab8e0c5
+      ..f6622ecf
+      ..e15269cb
+      ..2c8ee39f
+      ..d4aff555
+..dc23c022
+      ..28bdbb47
+      ..f6622ecf
+      ..884a5a8c
+      ..d4aff555
+..dc23c022
+      ..954726ef
+      ..95d00803
+      ..f6622ecf
+      ..d76c333a
+      ..d4aff555
+..dc23c022
+      ..c3a7a872
+      ..95d00803
+      ..b8530162
+      ..f6622ecf
+      ..9ea117cb
+      ..d4aff555
+..dc23c022
+      ..27f332f7
+      ..95d00803
+      ..b8530162
+      ..8e6c8461
+      ..f6622ecf
+      ..1ae58f36
+      ..d4aff555
+..dc23c022
+      ..71df6aa6
+      ..95d00803
+      ..b8530162
+      ..8e6c8461
+      ..a8e50a49
+      ..f6622ecf
+      ..a44a7d2c
+      ..d4aff555
+..dc23c022
+      ..150c07ea
+      ..95d00803
+      ..b8530162
+      ..8e6c8461
+      ..a8e50a49
+      ..64e147fd
+      ..f6622ecf
+      ..d3c3921f
+      ..d4aff555
+..dc23c022
+      ..f881bdc1
+      ..f6622ecf
+      ..7d453968
+      ..3c0630c6
+      ..29a8d307
+      ..3185f50f
+      ..9fab42ae
+      ..8944d751
+      ..11c6b02a
+      ..d375e8cd
+      ..a0cd9f24
+      ..0780fe4b
+      ..fa4123ac
+      ..8088ab9d
+      ..4585b561
+      ..6aa67364
+      ..d4aff555
+..dc23c022
+      ..ba8859de
+      ..95d00803
+      ..f6622ecf
+      ..7d453968
+      ..3c0630c6
+      ..3185f50f
+      ..9fab42ae
+      ..8944d751
+      ..1fa4d539
+      ..8088ab9d
+      ..6aa67364
+      ..d4aff555
+..dc23c022
+      ..f9ce0e86
+      ..f6622ecf
+      ..7de491e5
+      ..d4aff555
+..dc23c022
+      ..4c55b736
+      ..f6622ecf
+      ..0e310414
+      ..d4aff555
+..dc23c022
+      ..7d4f8bf3
+      ..f6622ecf
+      ..7d453968
+      ..3c0630c6
+      ..3185f50f
+      ..9fab42ae
+      ..8944d751
+      ..f25ca9e9
+      ..8088ab9d
+      ..6aa67364
+      ..d4aff555
+..dc23c022
+      ..4facbf71
+      ..f6622ecf
+      ..7d453968
+      ..3c0630c6
+      ..3185f50f
+      ..9fab42ae
+      ..8944d751
+      ..f42758f2
+      ..8088ab9d
+      ..6aa67364
+      ..d4aff555
+..dc23c022
+      ..f4f44db0
+      ..f6622ecf
+      ..7d453968
+      ..3c0630c6
+      ..3185f50f
+      ..9fab42ae
+      ..8944d751
+      ..3c7cddc8
+      ..8088ab9d
+      ..6aa67364
+      ..d4aff555
+..dc23c022
+      ..99e237c5
+      ..f6622ecf
+      ..7d453968
+      ..3c0630c6
+      ..3185f50f
+      ..9fab42ae
+      ..8944d751
+      ..2db89bdd
+      ..8088ab9d
+      ..6aa67364
+      ..d4aff555
+..dc23c022
+      ..acbbeeaf
+      ..f6622ecf
+      ..7d453968
+      ..3c0630c6
+      ..3185f50f
+      ..9fab42ae
+      ..8944d751
+      ..838f7e04
+      ..8088ab9d
+      ..6aa67364
+      ..d4aff555
+..dc23c022
+      ..9003ad39
+      ..95d00803
+      ..f6622ecf
+      ..7d453968
+      ..3c0630c6
+      ..3185f50f
+      ..9fab42ae
+      ..8944d751
+      ..5634c5a5
+      ..8088ab9d
+      ..6aa67364
+      ..d4aff555
+..dc23c022
+      ..d6073114
+      ..95d00803
+      ..f6622ecf
+      ..7d453968
+      ..3c0630c6
+      ..3185f50f
+      ..9fab42ae
+      ..8944d751
+      ..89f9d1d4
+      ..8088ab9d
+      ..6aa67364
+      ..d4aff555
+..dc23c022
+      ..1d0d9e1c
+      ..95d00803
+      ..f6622ecf
+      ..7d453968
+      ..3c0630c6
+      ..3185f50f
+      ..9fab42ae
+      ..8944d751
+      ..498bbba1
+      ..8088ab9d
+      ..6aa67364
+      ..d4aff555
+..dc23c022
+      ..25e504e5
+      ..95d00803
+      ..f6622ecf
+      ..7d453968
+      ..3c0630c6
+      ..3185f50f
+      ..9fab42ae
+      ..8944d751
+      ..3298ed2e
+      ..8088ab9d
+      ..6aa67364
+      ..d4aff555
+..dc23c022
+      ..fd51b37f
+      ..95d00803
+      ..f6622ecf
+      ..7d453968
+      ..3c0630c6
+      ..3185f50f
+      ..9fab42ae
+      ..8944d751
+      ..073a1416
+      ..8088ab9d
+      ..6aa67364
+      ..d4aff555
+..dc23c022
+      ..ccf70ef7
+      ..95d00803
+      ..f6622ecf
+      ..0a823c25
+      ..d06eccb8
+      ..62485bdb
+      ..c2d08466
+      ..f52ad154
+      ..45ed4a18
+      ..d9a95a92
+      ..24d0e328
+      ..dd126099
+      ..672b25a3
+      ..d4aff555
+..dc23c022
+      ..1e975c50
+      ..95d00803
+      ..f6622ecf
+      ..0a823c25
+      ..d06eccb8
+      ..62485bdb
+      ..f8323fbf
+      ..d4aff555
+..dc23c022
+      ..e3c22206
+      ..f6622ecf
+      ..0aee6e16
+      ..3c0630c6
+      ..3185f50f
+      ..9fab42ae
+      ..8944d751
+      ..ad1f20a4
+      ..8088ab9d
+      ..6aa67364
+      ..d4aff555
+..dc23c022
+      ..6953a693
+      ..f6622ecf
+      ..7d453968
+      ..3c0630c6
+      ..3185f50f
+      ..9fab42ae
+      ..8944d751
+      ..eeada837
+      ..8088ab9d
+      ..6aa67364
+      ..d4aff555
+..dc23c022
+      ..8360c580
+      ..f6622ecf
+      ..7d453968
+      ..3c0630c6
+      ..3185f50f
+      ..9fab42ae
+      ..8944d751
+      ..766a8171
+      ..8088ab9d
+      ..6aa67364
+      ..d4aff555
+..dc23c022
+      ..4929eaea
+      ..f6622ecf
+      ..7d453968
+      ..3c0630c6
+      ..3185f50f
+      ..9fab42ae
+      ..8944d751
+      ..533a5de0
+      ..8088ab9d
+      ..6aa67364
+      ..d4aff555
+..dc23c022
+      ..a5fb3873
+      ..fcffb939
+      ..f6622ecf
+      ..7d453968
+      ..3c0630c6
+      ..1baa5a94
+      ..9fab42ae
+      ..8944d751
+      ..d6f6714f
+      ..7bb63979
+      ..d375e8cd
+      ..72e5add7
+      ..7425bbd6
+      ..fa4123ac
+      ..746ae3f2
+      ..d375e8cd
+      ..e648dcb4
+      ..c9014dbc
+      ..fa4123ac
+      ..8088ab9d
+      ..6aa67364
+      ..d4aff555
+..dc23c022
+      ..71d10f2d
+      ..f6622ecf
+      ..7d453968
+      ..3c0630c6
+      ..1baa5a94
+      ..9fab42ae
+      ..8944d751
+      ..d6f6714f
+      ..7bb63979
+      ..d375e8cd
+      ..c39d8d41
+      ..7425bbd6
+      ..fa4123ac
+      ..746ae3f2
+      ..d375e8cd
+      ..e648dcb4
+      ..c9014dbc
+      ..fa4123ac
+      ..8088ab9d
+      ..6aa67364
+      ..d4aff555
+..dc23c022
+      ..91829d3d
+      ..95d00803
+      ..f6622ecf
+      ..21403d97
+      ..e31165b5
+      ..50e6f5fc
+      ..21403d97
+      ..9c8dfdca
+      ..eac65f17
+      ..d4aff555
+..dc23c022
+      ..f332e683
+      ..f6622ecf
+      ..555e7bc7
+      ..3c0630c6
+      ..3185f50f
+      ..9fab42ae
+      ..8944d751
+      ..fb89c858
+      ..48231f74
+      ..8088ab9d
+      ..6aa67364
+      ..d4aff555
+..dc23c022
+      ..221ce967
+      ..95d00803
+      ..f6622ecf
+      ..4da9eaf6
+      ..3c0630c6
+      ..3185f50f
+      ..9fab42ae
+      ..8944d751
+      ..3f197f20
+      ..8088ab9d
+      ..6aa67364
+      ..d4aff555
+    }..178caa0f
+..dc23c022
+    //..b9c3bc5f
+    //..0a3ddbd6
+    //..b9c3bc5f
+    pu..9961a01c
+      ..2a1762e7
+    {..07534209
+      ..6093af31
+..dc23c022
+      ..59b4e326
+      ..f6622ecf
+      ..0ca21d9e
+      ..d4aff555
+..dc23c022
+      ..4add157a
+      ..f6622ecf
+      ..bc53828d
+      ..d4aff555
+..dc23c022
+      ..2a5a0440
+      ..f6622ecf
+      ..6a353cbc
+      ..d4aff555
+..dc23c022
+      ..1700ea32
+      ..f6622ecf
+      ..9495d3c2
+      ..d4aff555
+..dc23c022
+      ..fa23ba8c
+      ..f6622ecf
+      ..4d540234
+      ..d4aff555
+..dc23c022
+      ..9ff7915b
+      ..f6622ecf
+      ..09e6fcc2
+      ..d4aff555
+..dc23c022
+      ..fbfeabf2
+      ..f6622ecf
+      ..7d453968
+      ..3c0630c6
+      ..1b506143
+      ..8944d751
+      ..eef1fb7a
+      ..8088ab9d
+      ..6aa67364
+      ..d4aff555
+..dc23c022
+      ..6db08e83
+      ..f6622ecf
+      ..7d453968
+      ..3c0630c6
+      ..1b506143
+      ..8944d751
+      ..a8785e1e
+      ..8088ab9d
+      ..6aa67364
+      ..d4aff555
+..dc23c022
+      ..528a7b8b
+      ..f6622ecf
+      ..7d453968
+      ..3c0630c6
+      ..1b506143
+      ..8944d751
+      ..f94fcc69
+      ..8088ab9d
+      ..6aa67364
+      ..d4aff555
+..dc23c022
+      ..9bcd34b7
+      ..f6622ecf
+      ..555e7bc7
+      ..3c0630c6
+      ..1b506143
+      ..8944d751
+      ..6b52b930
+      ..8088ab9d
+      ..6aa67364
+      ..d4aff555
+..dc23c022
+      ..6adc8c32
+      ..f6622ecf
+      ..555e7bc7
+      ..3c0630c6
+      ..1b506143
+      ..8944d751
+      ..37d0e735
+      ..8088ab9d
+      ..6aa67364
+      ..d4aff555
+    }..178caa0f
+..dc23c022
+    pu..3ba0fee7
+    {..07534209
+      ..19b327e6
+..dc23c022
+      ..c49a74d1
+      ..f6622ecf
+      ..845fc3e5
+      ..d4aff555
+    }..178caa0f
+..dc23c022
+    cl..694943dd
+    {..07534209
+      ..0408b33f
+      ..f6622ecf
+      ..d0651623
+      ..b29a0097
+..dc23c022
+      ..9fee4dc6
+      ..3c0630c6
+      ..1adf5ac8
+      ..8fc7b50e
+      ..56b8235c
+..dc23c022
+      ..89cfe1b5
+      ..3c0630c6
+      ..57d03e98
+      ..10a05cb4
+      ..56b8235c
+      ..d4aff555
+..dc23c022
+      ..6dae737c
+      ..48340674
+..dc23c022
+      ..85913248
+..dc23c022
+      ..718ba56e
+      ..96766553
+      ..ef9f4919
+      ..75f1f4d0
+      ..f6622ecf
+      ..f78faf4d
+      ..3c0630c6
+      ..fb5f902c
+      ..56b8235c
+      ..d4aff555
+..dc23c022
+      ..5377826a
+      ..f6622ecf
+      ..ce5d4486
+      ..3c0630c6
+      ..0baeadaa
+      ..79ea52ef
+..dc23c022
+      ..ee895386
+      ..8944d751
+      ..3db93896
+      ..a580f0f7
+      ..8088ab9d
+..dc23c022
+      ..4f59dbff
+      ..56b8235c
+      ..d4aff555
+..dc23c022
+      ..718ba56e
+      ..d1416fe2
+      ..ef9f4919
+      ..e98e7c0f
+      ..f6622ecf
+      ..ce5d4486
+      ..3c0630c6
+      ..593e29a3
+      ..8944d751
+      ..7011debc
+      ..8088ab9d
+      ..f6714d94
+      ..56b8235c
+      ..d4aff555
+..dc23c022
+      ..718ba56e
+      ..57932d6d
+      ..ef9f4919
+      ..ef1a2c0e
+      ..bdaac8eb
+      ..f6622ecf
+      ..68b761a8
+      ..d4aff555
+    }..178caa0f
+..dc23c022
+    cl..65515b09
+    {..07534209
+      ..42988d80
+..dc23c022
+      ..32d3696c
+      ..5af1de54
+      ..f6622ecf
+      ..d4aff555
+..dc23c022
+      ..163bc5bd
+      ..f6622ecf
+      ..8151297b
+      ..d4aff555
+..dc23c022
+      ..bd1a7885
+      ..f6622ecf
+      ..8f91d2cf
+..dc23c022
+      ..fab0694d
+      ..3c0630c6
+      ..46742851
+      ..d39bb194
+      ..56b8235c
+..dc23c022
+      ..f458345a
+      ..3c0630c6
+      ..8c3bf4a1
+      ..56b8235c
+      ..d4aff555
+    }..178caa0f
+}..eb2d0255