--- /de..98329a98
+﻿usi..022796fe
+using ..b48c0cac
+..dc23c022
+namesp..1302bfa2
+{..03f2f628
+    pu..adec3390
+    {..07534209
+      ..e23826ea
+..dc23c022
+      ..b2349988
+      ..f6622ecf
+      ..1eb78478
+      ..5e3f6a5b
+      ..d4aff555
+..dc23c022
+      ..81105a24
+..dc23c022
+      ..417ece76
+..dc23c022
+      ..31d71af2
+      ..f6622ecf
+      ..2d04fe89
+      ..bfb042a3
+      ..dd0f15e5
+      ..d4aff555
+..dc23c022
+      ..5ed82ee9
+      ..f6622ecf
+      ..f9f488eb
+      ..d4aff555
+    }..178caa0f
+}..eb2d0255
--- /de..98329a98
+﻿usi..022796fe
+using ..b48c0cac
+using ..6bbfe945
+using ..5ee37d09
+..dc23c022
+namesp..1302bfa2
+{..03f2f628
+    pu..b8baa424
+    {..07534209
+      ..3d5614d9
+..dc23c022
+      ..b3fbbd42
+      ..1cf690fe
+..dc23c022
+      ..718b1d7f
+..dc23c022
+      ..cd15637c
+..dc23c022
+      ..eda5acb6
+      ..f6622ecf
+      ..7c1edafb
+      ..5bdc3d22
+      ..1e70669d
+      ..d4aff555
+..dc23c022
+      ..718b1d7f
+..dc23c022
+      ..8fb54f94
+..dc23c022
+      ..cff388b3
+..dc23c022
+      ..718b1d7f
+..dc23c022
+      ..4ed8a441
+..dc23c022
+      ..87d3240b
+      ..f6622ecf
+      ..e81b8fe7
+      ..d4aff555
+..dc23c022
+      ..0af27546
+      ..f6622ecf
+      ..66aefdb7
+      ..26884252
+      ..1fc3a0a3
+      ..d4aff555
+..dc23c022
+      ..d90e6297
+      ..f6622ecf
+      ..59f5bd4d
+      ..a5970c82
+      ..66493429
+      ..b8cded1d
+      ..d4aff555
+..dc23c022
+      ..784a2e10
+      ..f6622ecf
+      ..c2e6dea0
+      ..34268abf
+      ..a8f8704d
+      ..3c0630c6
+      ..660fe49d
+      ..56b8235c
+      ..a7b5d1a4
+      ..3c0630c6
+      ..b64cf660
+      ..34268abf
+      ..56b8235c
+      ..d4aff555
+..dc23c022
+      ..718b1d7f
+    }..178caa0f
+}..eb2d0255
--- /de..98329a98
+﻿usi..022796fe
+using ..522b73ea
+using ..fe0fa591
+using ..4aa7be33
+..dc23c022
+namesp..1302bfa2
+{..03f2f628
+    [T..7fdec61b
+    pu..91cf1556
+    {..07534209
+      ..3d5614d9
+..dc23c022
+      ..908159df
+      ..3ac75862
+..dc23c022
+      ..718b1d7f
+..dc23c022
+      ..8fb54f94
+..dc23c022
+      ..31ab0ee6
+      ..bf6705db
+..dc23c022
+      ..6f9b9d9d
+      ..84a9aaf7
+..dc23c022
+      ..4d586bf7
+..dc23c022
+      ..70930ca8
+..dc23c022
+      ..718b1d7f
+..dc23c022
+      ..4ed8a441
+..dc23c022
+      ..4500e9fe
+      ..f6622ecf
+      ..2b01ea55
+      ..3c0630c6
+      ..4ddbd64d
+      ..7d458ce2
+      ..93da8b6c
+      ..bc28c84a
+      ..e3dd094f
+      ..527579af
+      ..3069df1b
+      ..49078078
+      ..b276f9c2
+      ..d4aff555
+..dc23c022
+      ..78980125
+      ..f6622ecf
+      ..b59afb86
+      ..a97b3ac3
+      ..d4aff555
+..dc23c022
+      ..718b1d7f
+    }..178caa0f
+}..eb2d0255
+++ /de..51faef50
-﻿usi..e40b2524
-using ..ca6d82e0
-..2a9c3911
-namesp..8b43284e
-{..f063240e
-    pu..045ebb12
-    {..124c2713
-      ..c45c8458
-..2a9c3911
-      ..d32ed699
-      ..1ef94110
-      ..b5c12f3f
-      ..88bb4f97
-      ..8aff1240
-..2a9c3911
-      ..9a7b22b4
-..2a9c3911
-      ..5cba9fb9
-..2a9c3911
-      ..84c81a7f
-      ..1ef94110
-      ..4ddea28c
-      ..ac652104
-      ..dca08952
-      ..8aff1240
-..2a9c3911
-      ..6a1a8f1e
-      ..1ef94110
-      ..ba6643a9
-      ..8aff1240
-    }..47a451e4
-}..28bab0bd
+++ /de..51faef50
-﻿usi..e40b2524
-using ..ca6d82e0
-using ..6663571c
-using ..bda5273a
-..2a9c3911
-namesp..8b43284e
-{..f063240e
-    pu..3863acb6
-    {..124c2713
-      ..8c8afcd3
-..2a9c3911
-      ..8f061582
-      ..9dd8d135
-..2a9c3911
-      ..4d1b9896
-..2a9c3911
-      ..6721c3f2
-..2a9c3911
-      ..acc4bb9c
-      ..1ef94110
-      ..d415312d
-      ..2902c33e
-      ..bee7cb5d
-      ..8aff1240
-..2a9c3911
-      ..4d1b9896
-..2a9c3911
-      ..f8a8679a
-..2a9c3911
-      ..15d42433
-..2a9c3911
-      ..4d1b9896
-..2a9c3911
-      ..a6539db6
-..2a9c3911
-      ..9901b658
-      ..1ef94110
-      ..c2960a83
-      ..8aff1240
-..2a9c3911
-      ..f857f006
-      ..1ef94110
-      ..22d73e07
-      ..2fc38652
-      ..c19ff52a
-      ..8aff1240
-..2a9c3911
-      ..48b67260
-      ..1ef94110
-      ..fa9f8af7
-      ..8214e932
-      ..19390cec
-      ..e819441a
-      ..8aff1240
-..2a9c3911
-      ..a63e5456
-      ..1ef94110
-      ..9415ed54
-      ..622da95d
-      ..75bc61c7
-      ..e18f9d4e
-      ..4aecfc33
-      ..7449088f
-      ..a66f2c6b
-      ..e18f9d4e
-      ..9df69bc9
-      ..622da95d
-      ..7449088f
-      ..8aff1240
-..2a9c3911
-      ..4d1b9896
-    }..47a451e4
-}..28bab0bd