--- /de..7b71c8ca
+﻿usi..c3890a8e
+using ..5da6987d
+using ..d2bc7ea0
+using ..1f3d64f7
+..0a77de68
+namesp..89df46a9
+{..569d252f
+    pu..4dbc5cb9
+    {..d618e814
+      ..9cfacab4
+..0a77de68
+      ..2f9d5a73
+      ..b0f9bb67
+      ..05a73c29
+      ..0b0173d1
+      ..4b574203
+      ..f7362c94
+      ..5b19b2cc
+..0a77de68
+      ..8b8d5c0e
+..0a77de68
+      ..f182a545
+..0a77de68
+      ..599aba7e
+..0a77de68
+      ..8b8d5c0e
+..0a77de68
+      ..7441d865
+..0a77de68
+      ..be72100f
+      ..b0f9bb67
+      ..62205ae6
+      ..2ea7fae6
+      ..f1f92de9
+      ..2e5c2e87
+      ..82e69658
+      ..cf705ab2
+      ..82e69658
+      ..248f850e
+      ..2ea7fae6
+      ..1e361486
+      ..5b19b2cc
+..0a77de68
+      ..11b340c9
+      ..b0f9bb67
+      ..62205ae6
+      ..2ea7fae6
+      ..e526b4b9
+      ..2ea7fae6
+      ..b4a045d7
+      ..5b19b2cc
+..0a77de68
+      ..8b8d5c0e
+    }..59e4f8fa
+}..40fbbe69
--- /de..7b71c8ca
+﻿usi..0a9ca334
+using ..f89d586d
+using ..c1130429
+using ..2a069443
+using ..24d456e1
+using ..f0b0f591
+using ..3c5dd8a5
+using ..5f28e811
+using ..baa8ed2f
+..0a77de68
+namesp..89df46a9
+{..569d252f
+    pu..4081bbb6
+    {..d618e814
+      ..2454d8d6
+..0a77de68
+      ..80f184ed
+..0a77de68
+      ..8b8d5c0e
+..0a77de68
+      ..7441d865
+..0a77de68
+      ..6389ca3b
+      ..b0f9bb67
+      ..6a2860f8
+      ..04f06a4d
+      ..0f1c3e68
+      ..5b19b2cc
+..0a77de68
+      ..7fb54492
+      ..b0f9bb67
+      ..c8351eae
+      ..e0f9801f
+      ..981d8c45
+      ..c7ac4450
+      ..2ea7fae6
+      ..71ac8fb9
+      ..5b19b2cc
+..0a77de68
+      ..2c31ea41
+      ..b0f9bb67
+      ..cfad3fa5
+      ..48b96951
+      ..faabf513
+      ..489e8712
+      ..5b19b2cc
+..0a77de68
+      ..9c74c792
+      ..b0f9bb67
+      ..7496ed1f
+      ..5b19b2cc
+..0a77de68
+      ..8b8d5c0e
+..0a77de68
+      ..3e7168c9
+..0a77de68
+      ..1ddde691
+      ..b0f9bb67
+      ..1385dc04
+      ..5b19b2cc
+..0a77de68
+      ..dcb9e4ff
+      ..b0f9bb67
+      ..cc1c6242
+..0a77de68
+      ..affa08a8
+      ..afce4e83
+      ..0b6efde0
+..0a77de68
+      ..d95f13a7
+..0a77de68
+      ..ec20e10d
+..0a77de68
+      ..a76d290a
+      ..e0f9801f
+      ..1efb654f
+      ..b4d01192
+      ..1817dc32
+      ..aaa56819
+..0a77de68
+      ..d95f13a7
+..0a77de68
+      ..3f1358e2
+..0a77de68
+      ..5d08721a
+      ..e0f9801f
+      ..cb5e6f5a
+      ..9f6596ef
+      ..842f7996
+      ..a4166967
+      ..138fd143
+      ..a80126ac
+      ..72bc4556
+      ..ce1f2aa2
+      ..6109d3de
+      ..3a8cf6ef
+      ..0794375d
+      ..a78c5d15
+      ..94406e57
+      ..31531261
+      ..b7569d7a
+      ..6afb94a4
+      ..aaa56819
+..0a77de68
+      ..d95f13a7
+      ..5b19b2cc
+..0a77de68
+      ..8b8d5c0e
+    }..59e4f8fa
+}..40fbbe69
--- /de..7b71c8ca
+﻿usi..c3890a8e
+using ..5381407f
+using ..cbfcfd94
+using ..5da6987d
+using ..d2bc7ea0
+using ..8a2b073d
+..0a77de68
+namesp..04720efc
+{..569d252f
+    pu..a0647c92
+    {..d618e814
+      ..2454d8d6
+..0a77de68
+      ..825b904a
+      ..442aa4ec
+..0a77de68
+      ..8b8d5c0e
+..0a77de68
+      ..f182a545
+..0a77de68
+      ..69113feb
+..0a77de68
+      ..b8e92054
+..0a77de68
+      ..17c1caf5
+..0a77de68
+      ..f8b67226
+..0a77de68
+      ..b6f5dd7a
+..0a77de68
+      ..ecf43515
+..0a77de68
+      ..d9b3b702
+..0a77de68
+      ..33387172
+..0a77de68
+      ..13c95e43
+..0a77de68
+      ..9f5ef207
+      ..b0f9bb67
+      ..468ff9ad
+      ..420683aa
+      ..e0f9801f
+      ..c8b72768
+      ..ce50e7bc
+      ..aaa56819
+      ..5b19b2cc
+..0a77de68
+      ..4d9536c8
+      ..b0f9bb67
+      ..f9674525
+      ..420683aa
+      ..e0f9801f
+      ..3dbfc3b3
+      ..ce50e7bc
+      ..aaa56819
+      ..5b19b2cc
+..0a77de68
+      ..b2705072
+..0a77de68
+      ..8b8d5c0e
+..0a77de68
+      ..7441d865
+..0a77de68
+      ..00c7195a
+      ..b0f9bb67
+      ..7c9c1097
+      ..c29229be
+      ..4d2ae55c
+      ..c6ccfb5c
+      ..4cb59a03
+      ..2997bcd5
+      ..5b19b2cc
+..0a77de68
+..0a77de68
+      ..75eeb4b7
+      ..b0f9bb67
+      ..f1f92de9
+      ..d1955a48
+      ..27dfc96d
+      ..5b19b2cc
+..0a77de68
+      ..8b8d5c0e
+    }..59e4f8fa
+}..40fbbe69
+++ /de..a3088eeb
-﻿usi..fe0371da
-using ..0d98f81c
-using ..525ed5b6
-using ..88604840
-..481b5561
-namesp..7d96836c
-{..64e74a34
-    pu..ea8ad265
-    {..305f4c96
-      ..136477e4
-..481b5561
-      ..3055aa37
-..481b5561
-      ..517ad57d
-..481b5561
-      ..cf039f23
-..481b5561
-      ..3e146c97
-..481b5561
-      ..64bfef1f
-..481b5561
-      ..f554116a
-..481b5561
-      ..2e78ce0b
-..481b5561
-      ..1a6a82f1
-      ..4c568b72
-      ..7991338f
-      ..218b52c6
-      ..e2858b6e
-..481b5561
-      ..f554116a
-    }..0c8b47ac
-}..3204e07a
-      ..81ffb470
+      ..3628d88b
-      ..747303e0
+      ..72dfd4bf