-			pub..54c85c2f
+			pub..dbf25ca2
-			pub..041bace1
+			pub..a4549b73
+..0a77de68
+			// ..d5676a58
+			pub..c09d53c5
-			// ..ba2eba61
-			pub..6a244467
-..481b5561
-			pub..ad2de412
+			pub..1f2eb39a
-			pub..491a5215
+			pub..3e5c9565
-			pub..aac28f6c
+			pub..f0d824b9
-			pub..01122be3
+			pub..8ddf398e
-			pub..5b396e8f
+			pub..943f7183
-			pub..a30f3ed9
+			pub..fe0fdf2a
+..0a77de68
+			// ..19b582c1
+			pub..64927ecb
-			// ..44f94cc3
-			pub..5f56023e
-..481b5561
-			pub..ad8cc293
+			pub..bd29f883
-			pub..72738df6
+			pub..f7e34e58
-			pub..26e166ca
+			pub..276c8bd8
-			pub..103325c3
+			pub..2fc20280
+..0a77de68
+			// ..8b5e47ea
+			pub..6a58a2d8
-			// ..0242b984
-			pub..ad9784a0
-..481b5561
-			pub..bb8dee6d
+			pub..3fb3f87c
-			pub..4ed8b179
+			pub..70ff9876
-			pub..55ce8b71
+			pub..bda32148
-			pub..3a0687a3
+			pub..eaa12ae0
-			pub..cb9c305d
+			pub..e9621ef2
-			pub..a78b52f3
+			pub..e078f27b
-			pub..56eacd0d
+			pub..68919bf1
+..0a77de68
+			// ..b3ed264d
+			pub..821d9107
-			// ..86f07af9
-			pub..f8629fd6
-..481b5561
-			pub..19be8385
+			pub..130a2812
-			// ..0e284d87
-			pub..b37689d8
+			// ..793059e4
+			pub..39dd7223
-			pub..c7486803
+			pub..fd6eecc8
+..0a77de68
+			// ..c72a1aa2
+			pub..bbf7c7f7
-			// ..3213b3a8
-			pub..93f8bf0a
+			// ..384fe830
+			pub..e54d079c
-			// ..c064cc27
-			pub..6304b926
+			// ..0aab7ea7
+			pub..5eeac501
-			// ..a0e5b43d
-			pub..5ee91633
-..481b5561
-			// ..eb4427ea
-			pub..1f34ad92
-..481b5561
-			// ..7695edb2
-			pub..db976ccb
+			// ..5b6d522e
+			pub..fa7fa399
-			pub..78bc552e
+			pub..8f0e98ac
+..0a77de68
+			// ..d8612224
+			pub..a87f1202
-			pub..c73a30b0
+			pub..4f30edd7
+..0a77de68
+			// ..849b2d71
+			pub..ba4bdca5
+			// ..3fd8231d
+			pub..fc1e9c39
+..0a77de68
-			pub..a534017f
+			pub..6a4da32d
-			// ..87a855e5
-			pub..3f81a43c
+			// ..812ae63e
+			pub..91a7e0d1
-			// ..82b44aee
-			pub..4f2bb378
+			// ..65e31028
+			pub..5081a482
-			// ..92096041
-			pub..81533142
-..481b5561
-			pub..038d67c9
+			pub..50d5a6fd
+..0a77de68
+			// ..31703040
+			pub..feeb1ca4
-			pub..a891a7c5
+			pub..ebc16abd
-			pub..31a689e4
+			pub..98ef13f9
-			pub..ac8dcc38
+			pub..1ecef241
-			pub..ded27e5a
+			pub..f2b834c8
-			pub..c4900ca6
+			pub..94afb26d
-			pub..f2ed56fc
+			pub..d50e4b39
-			pub..566ab396
+			pub..a5fdd7b8
-			pub..8e2174fd
+			pub..ac64ed8e
-			pub..ba0c2c24
+			pub..979b32b3
-			pub..6ea30c98
+			pub..bb2514b0
-			pub..7e67058c
-..481b5561
-			// ..4d6974f9
-			pub..e2dbe748
-..481b5561
-			// ..a98d25f0
-			pub..5e2db6c1
+			pub..b02be50f
-			pub..684abc42
+			pub..3a14d6b7
-			pub..00f43c50
+			pub..ef3d22db
+..0a77de68
+			// ..c537032f
+			pub..d31d2e6c
+..0a77de68
+			// ..a022bcce
+			pub..10ccee3d
-			pub..fbf0109b
+			pub..ced76509
-			pub..1420c46d
+			pub..89c77382
-			pub..ccca3d5c
+			pub..4c90cfd4
-			pub..423ab98f
+			pub..0acfd93c
+..0a77de68
+			// ..69ec9358
+			pub..2995a349
+..0a77de68
+			// ..67659de8
+			pub..1c02a17d
-			// ..1abd8e22
-			pub..77c79b8e
+			// ..770a0698
+			pub..074fbdef
-			// ..051e018d
-			pub..c6c0ecd6
+			// ..8e98bac3
+			pub..8099c36c
-			pub..aceaa916
+			pub..9c1ce338
+..0a77de68
+			// ..e6833818
+			pub..87fbba8b
-			// ..263e5ae8
-			pub..a18395ae
+			// ..0dfafeab
+			pub..6f928df9
-			// ..7d50f71b
-			pub..1cb5f127
-..481b5561
-			pub..adcf8e3b
+			pub..985da446
-			// ..57a85fbf
-			pub..8a1228f9
+			// ..c5334a1b
+			pub..099a03e5
-			// ..64a860c2
-			pub..93db758f
+			// ..925fa7ce
+			pub..b5de266e
+..0a77de68
+			// ..94ab35ec
+			pub..61c41bf1
-			// ..04891426
-			pub..10306c1b
+			// ..24e539ea
+			pub..c6114b69
-			// ..b5ec07ed
-			pub..48941154
+			// ..d9c4d1db
+			pub..26bef8a4
-			// ..e5ec027d
-			pub..05a0afba
+			// ..c3fa85cf
+			pub..dc25f082
-			// ..5a1a13d0
-			pub..16d895a9
+			// ..95b8f361
+			pub..aa9fe5bd
-			// ..18e1dc25
-			pub..d6ea89d6
+			// ..3466c455
+			pub..a2fb0726
-			// ..ab63b7e4
-			pub..05307e70
+			// ..6852f65a
+			pub..1cdf4394
-			// ..3df571dc
-			pub..3dddb65c
+			// ..1d790c3f
+			pub..4df953fd
-			// ..2d2c9e35
-			pub..7f0f61a0
+			// ..0f2ec236
+			pub..2a32a6e4
-			// ..b3dceb88
-			pub..312270b0
+			// ..288d6cc4
+			pub..78d82ca5
-			// ..6cb635be
-			pub..d8110eb5
+			// ..13d57dfc
+			pub..44d71e48
-			// ..c2907b2d
-			pub..4a04822b
+			// ..065dbf40
+			pub..84f95182
-			// ..a72d8656
-			pub..5338b2f0
+			// ..21baea8a
+			pub..d00d6b7c
-			// ..e0828d79
-			pub..f701d6dd
+			// ..8a87080d
+			pub..7abf5eff
-			// ..3c1c28f6
-			pub..46b7d0d5
+			// ..373f25e1
+			pub..31c55e54
-			// ..afdead87
-			pub..6ce33355
+			// ..c15917bc
+			pub..e7762fa2
-			// ..5861c853
-			pub..f1e15539
+			// ..ccc688cc
+			pub..d4981d67
-			// ..34f70539
-			pub..34688d56
+			// ..9f8cdd2d
+			pub..b15c476d
-			// ..c0bb590d
-			pub..0fb1d89e
+			// ..63b191fc
+			pub..9e3323e6
-			// ..0c73dc82
-			pub..1697fb24
+			// ..21d2c400
+			pub..6eaaaa37
-			// ..2de20cb8
-			pub..201ca7bb
+			// ..38a76342
+			pub..78d3b1d2
-			// ..1d31344c
-			pub..ac5f1032
+			// ..0866ed29
+			pub..f0e06656
-			// ..25d3224c
-			pub..73eb0dff
+			// ..3bc848ab
+			pub..fdc7c824
-			// ..7750513f
-			pub..731ebbe2
+			// ..56583be5
+			pub..d8ea58a7
-			// ..b882bb7e
-			pub..483ad50e
+			// ..cc4bf881
+			pub..cb9e0e88
-			// ..4385df73
-			pub..5926d3fa
+			// ..884d2a28
+			pub..7d40822e
-			// ..390e82f9
-			pub..2b15f2c5
+			// ..9531a423
+			pub..b0633388
-			pub..891cbfb7
+			pub..e6889e57
-			pub..dde3ecc8
+			pub..8874fa82
-			// ..5b7aa70e
-			pub..ad2f4cd4
+			// ..3894588b
+			pub..9db9e262
-			// ..ce90c07e
-			pub..d8372655
+			// ..59283c43
+			pub..2f500437
-			// ..9bfe8d38
-			pub..8b1b6339
+			// ..0d393850
+			pub..d9f28d95
-			// ..4bdaf824
-			pub..ed015ddc
+			// ..6775e89b
+			pub..08a60d10
+..0a77de68
+			// ..7dfe1c86
+			pub..84542d69
+..0a77de68
+			// ..8f9783f1
+			pub..859851ed
+..0a77de68
+			// ..9fde544c
+			pub..c0bc93d2
-			pub..3f193546
+			pub..5b1db4ff
-			// ..5e053e81
-			pub..103d062f
+			// ..f20c6da3
+			pub..c9995570
-			// ..6e7452d6
-			pub..7090dd14
+			// ..5e12ebee
+			pub..4ad22476
-			// ..bd308f25
-			pub..c9929597
+			// ..a70506f8
+			pub..6f273c1b
-			// ..707966f4
-			pub..b718436f
+			// ..0be63d3b
+			pub..7adf42fc
-			// ..65b2bc75
-			pub..d67d61f0
+			// ..139f27e5
+			pub..5549eec0
-			// ..755d86ac
-			pub..0f473527
+			// ..001b7264
+			pub..8e8ead38
-			// ..1074f150
-			pub..4bb5f772
+			// ..0cdf906a
+			pub..6a04c274
-			// ..2c017a5f
-			pub..5db02b8c
+			// ..d6ec1fd1
+			pub..26bcc3c1
-			// ..7ba4c058
-			pub..b1e53fa4
+			// ..7806218d
+			pub..5b10969c
-			// ..d4bf02a6
-			pub..9c745e0e
+			// ..9e8ecf9b
+			pub..e8929317
-			// ..ea693c2d
-			pub..5b41c269
+			// ..a243eee1
+			pub..56ecd43d
-			// ..1f8696a4
-			pub..7be838fe
+			// ..26b98a1c
+			pub..1e728c90
-			// ..14af9be3
-			pub..f46c05cd
+			// ..97ee4856
+			pub..d66f2b8b
-			// ..60dffd3b
-			pub..963a1c90
+			// ..addb95cc
+			pub..4eddbec2
-			// ..7bf66c13
-			pub..dd2df96d
+			// ..20c4730c
+			pub..f7f208e9
-			// ..b277ba78
-			pub..9c1faab9
+			// ..67accce1
+			pub..e7d882fa
-			// ..5e8c4258
-			pub..2f2cbca4
+			// ..da83e980
+			pub..d2b418f9
-			// ..5572cd89
-			pub..e65701c7
+			// ..f0748ca8
+			pub..d33b4412
-			// ..67ef1561
-			pub..79b44b2c
+			// ..002cdb84
+			pub..a23a2555
-			// ..aba18d71
-			pub..a71bd900
+			// ..a28a0c19
+			pub..b0a3c852
-			// ..9dbd39d5
-			pub..65ce6bce
+			// ..1ae26974
+			pub..206aa246
+..0a77de68
+			// ..d32e3908
+			pub..600911dd
+..0a77de68
+			// ..67d2d332
+			pub..9640ff61
-			pub..7d9c6559
+			pub..71fda53c
-			pub..22fd2cf4
+			pub..52f1ff6c
-			// ..5817d5c5
-			pub..616e0202
+			// ..0c644645
+			pub..9a107d87
-			// ..eb8bab0c
-			pub..e7261152
+			// ..8dd6c5a5
+			pub..799c5ad0
-			// ..52d1ab1d
-			pub..34e41f9b
+			// ..7d096ce0
+			pub..cf160088
+..0a77de68
+			// ..af896858
+			pub..25ca670f
+..0a77de68
+			// ..0dcd313b
+			pub..ebf89683
-			pub..17ec4d1c
+			pub..fe30eb1c
-			// ..7ba10e21
-			pub..943c7736
+			// ..f24af968
+			pub..cfabdfe6
-			// ..93447f9b
-			pub..5a320c5b
+			// ..35dfdae0
+			pub..d7d809f2
-			// ..d60d7c8a
-			pub..a0ab6816
+			// ..dfb355e1
+			pub..ed7c4920
+..0a77de68
+			// ..3d7608fc
+			pub..b05b7fbc
-			// ..126e3c4b
-			pub..dd9beda3
+			// ..e1e8f1da
+			pub..cc176321
-			// ..7540eccf
-			pub..31ae805e
+			// ..feadb3be
+			pub..1d8c8810
-			// ..836be565
-			pub..1150e892
+			// ..33b24575
+			pub..13817149
-			// ..256c72e2
-			pub..a4cd4d0a
+			// ..86fa07e1
+			pub..cb3c8e45
-			// ..561c1f61
-			pub..941b5a21
+			// ..e0e91496
+			pub..f444f4d6
-			// ..61fde6a0
-			pub..e3614eb1
+			// ..39a8957f
+			pub..8aec3d90
-			// ..2b699f10
-			pub..fecb46d0
+			// ..c270ed9d
+			pub..7d62a1f6
-			// ..7249005d
-			pub..9793d266
+			// ..269bac4d
+			pub..7dd92e5b
-			// ..b12c84e8
-			pub..695091d2
+			// ..7790f978
+			pub..5820f6f0
-			// ..ee38805e
-			pub..85912708
+			// ..dbb5df68
+			pub..6986934c
-			// ..52a528d2
-			pub..784dbd99
+			// ..77658b72
+			pub..4ffcc9d5
-			// ..93c3508f
-			pub..37ef0aea
+			// ..c118eb26
+			pub..94d3855d
-			// ..8096ef37
-			pub..2ac125de
-..481b5561
-			// ..80a467bb
-			pub..9c850353
+			// ..26436e53
+			pub..0418bf13
-			// ..69b41726
-			pub..66355fc4
+			// ..7c807f57
+			pub..067f16d2
-			// ..7ad5cda1
-			pub..94675abd
+			// ..35ab8960
+			pub..7854ce89
-			// ..10fdd213
-			pub..b92e4cc9
+			// ..8b4acf3a
+			pub..fcf4b830
-			// ..0d9fe4ba
-			pub..66f59550
+			// ..de8add9d
+			pub..67a6dc02
-			// ..cd6fcf7a
-			pub..d0202e6f
+			// ..90b59e42
+			pub..7042c51a
-			// ..542374b1
-			pub..c85ca2a6
+			// ..8a03e4c5
+			pub..2cfebb01
-			// ..f59e31e4
-			pub..57157142
+			// ..0aea9f28
+			pub..02ebb32b
-			// ..ca71fe70
-			pub..3954b3c7
+			// ..6878d689
+			pub..ed9c565c
-			// ..06a69539
-			pub..2ababc09
+			// ..37cff5fd
+			pub..3052c1fd
-			// ..d126d4de
-			pub..7de789cf
+			// ..9f10551d
+			pub..322973c8
-			// ..d3ab635d
-			pub..182bbe32
+			// ..b4006993
+			pub..2a561fa2
-			pub..6503c6fd
+			pub..fa0b09f0
-			// ..e665601c
-			pub..2764ee59
+			// ..19e9e6e8
+			pub..1867dde6
-			// ..53e63451
-			pub..2af2c1fa
+			// ..b1aa41f2
+			pub..eb79b375
-			// ..832cce4c
-			pub..acc26f9e
+			// ..c19e9e36
+			pub..cd731762
-			// ..a2b7aad5
-			pub..9e1df9a7
+			// ..84773d8e
+			pub..8769868d
-			// ..a75124b4
-			pub..6c6cf3ab
+			// ..f2d5a863
+			pub..c7338ba8
-			// ..d277d08f
-			pub..e116ad1f
+			// ..ea9268cc
+			pub..989db747
-			// ..1ef85e3b
-			pub..ae0ededf
+			// ..42030bcd
+			pub..9845934b
+..0a77de68
+			// ..1646058c
+			pub..ed6e6d95
+..0a77de68
+			// ..e25be0ac
+			pub..81c7d1e9
-			// ..b2280582
-			pub..7c25ad7c
+			// ..97762348
+			pub..df4c9025
-			// ..e5788ac1
-			pub..6ca9bb0b
+			// ..6479ae7d
+			pub..bdf7633d
-			// ..557a07ab
-			pub..3a9484a6
+			// ..79b74a0c
+			pub..4ff04a3b
-			// ..ae4c46ef
-			pub..8dbd4e28
+			// ..848fdd34
+			pub..bfb3487e
-			// ..9eff5b07
-			pub..abc3b1e9
+			// ..4015eae2
+			pub..dee45320
-			// ..878fd834
-			pub..f42e192b
+			// ..4b974080
+			pub..f0cd49e0
-			// ..0eb9064a
-			pub..d2282219
+			// ..6e05c934
+			pub..0f11a4af
-			// ..e62bf0cf
-			pub..be3ccf65
+			// ..b5607313
+			pub..3febc33c
-			// ..ed995e97
-			pub..9aa526ce
-..481b5561
-			// ..baaa22a0
-			pub..690ee4d3
+			// ..3cec05f9
+			pub..84724800
-			// ..a2c25f29
-			pub..21aaa238
+			// ..4c17fb8b
+			pub..a2d16252
-			// ..d21b511a
-			pub..c55bb32a
+			// ..50863105
+			pub..29a0a139
-			// ..561c6723
-			pub..dd640fbf
+			// ..c98feebf
+			pub..7607b1fc
-			// ..51d07e38
-			pub..16657590
+			// ..c4dd11ee
+			pub..9b344593
-			// ..fb59cd72
-			pub..38223553
+			// ..d613af2a
+			pub..cd13e423
-			// ..56b7dbed
-			pub..0ac85209
+			// ..615e51b0
+			pub..d7d94161
-			// ..c0304d72
-			pub..0e5b4689
+			// ..df4cd8e8
+			pub..2b5a445b
-			// ..658830c8
-			pub..2483b2e4
+			// ..600610b7
+			pub..70ed2ae6
-			// ..3ee911d6
-			pub..69baa529
+			// ..59f8c2f8
+			pub..48a67cd7
-			// ..3565d6f7
-			pub..cc5c62ca
+			// ..22b8a902
+			pub..12347ced
-			// ..31be36f5
-			pub..2a3e7447
+			// ..3e40373c
+			pub..5dbe4727
-			// ..5a104be0
-			pub..afe8e763
+			// ..82ee5571
+			pub..bd9d5846
-			// ..f1b2882a
-			pub..f14e3e41
+			// ..2262d785
+			pub..cf4b4eab
-			// ..7e25f0ea
-			pub..6c45a2ee
+			// ..1876c49f
+			pub..bd1f839d
-			// ..c728ff50
-			pub..3db342b0
+			// ..3b37a928
+			pub..52e86980
-			// ..e2b12287
-			pub..277be263
+			// ..b8cd2b04
+			pub..7a7e583f
-			// ..4cac12fe
-			pub..ced5f356
+			// ..17ee830d
+			pub..05480a36
-			pub..44d3fd69
+			pub..1f9ce251
-			pub..6c80cc48
+			pub..5f25269d
-			// ..f4a811b1
-			pub..b209e6e6
+			// ..8cab0331
+			pub..8f42ea8b
-			// ..b6dcb55b
-			pub..82bba090
+			// ..98d7e16d
+			pub..45d265d3
-			// ..63b1f7f2
-			pub..a6fb5098
+			// ..b2066499
+			pub..ee94522b
-			// ..f928b1c0
-			pub..caf1c266
+			// ..506ad413
+			pub..bb781426
-			// ..0909819d
-			pub..3d9c551c
+			// ..fcdf1356
+			pub..c39216b9
+..0a77de68
+			// ..0228e40a
+			pub..89f00a4c
-			// ..76be20cf
-			pub..01b1afbc
-..481b5561
-			pub..dc3e6769
+			pub..e52641b8
-			pub..840d639c
+			pub..5839bdd3
-			// ..486411a9
-			pub..dca185b1
+			// ..cabd9f60
+			pub..908f4151
-			// ..a6945de3
-			pub..a5567e6b
+			// ..cbe475ce
+			pub..19c0de56
-			// ..6fd24060
-			pub..d40275d9
+			// ..d4988f25
+			pub..e94fd9a3
-			// ..9a3700e3
-			pub..c2a15304
+			// ..85e60fdf
+			pub..8a56be03
-			// ..a03b8d29
-			pub..ecea3f5f
+			// ..30941c92
+			pub..a8b466c1
-			// ..156418a0
-			pub..13f222f1
+			// ..7f4d9c79
+			pub..14d47a2f
-			// ..e3252265
-			pub..58352016
+			// ..09f07461
+			pub..ac628c4e
+..0a77de68
+			// ..87a697b4
+			pub..0c5b37a2
-			// ..0bde5090
-			pub..695e090d
+			// ..4b1607c9
+			pub..21fdc6a7
-			// ..7f7815ec
-			pub..d36f6339
+			// ..4d0f9fc8
+			pub..02792d59
-			// ..21c53609
-			pub..6b9fbc4e
+			// ..86bfc7f7
+			pub..62a078a4
-			// ..f159e065
-			pub..d7a59a33
+			// ..b909b1c6
+			pub..f50b7b3a
-			// ..0123b931
-			pub..decf2a59
+			// ..c69ef188
+			pub..312fc4ba
-			// ..8f366d58
-			pub..7522599c
+			// ..abef78eb
+			pub..4280dc2c
-			// ..39e80082
-			pub..24f48390
+			// ..3a8605df
+			pub..0597d93e
-			// ..1620b605
-			pub..7c79069b
+			// ..64c2bd48
+			pub..a0d7afef
-			// ..2a669b2a
-			pub..8500cc22
+			// ..a07c80c8
+			pub..634e33d3
-			// ..e1bcf778
-			pub..32dfb6e7
+			// ..ee3e2212
+			pub..262cbc50
-			// ..a70adc10
-			pub..d7c7a464
+			// ..f0818dd9
+			pub..00c0c8a5
-			// ..384e7085
-			pub..860fd587
+			// ..0ce214ac
+			pub..84e0f8c2
-			// ..51a0843f
-			pub..fb08ac84
+			// ..57a4aa7c
+			pub..2d18f319
-			// ..5fa53c9b
-			pub..15d60deb
+			// ..692729f7
+			pub..37af5291
-			// ..de880533
-			pub..4871f1f9
+			// ..ee6c5071
+			pub..56e2bf12
-			// ..1a229b79
-			pub..ac3d2a7f
+			// ..99ca0f43
+			pub..1e730922
-			// ..7afb2a3c
-			pub..c2198a52
+			// ..6aa3ccb8
+			pub..04a9385a
-			pub..f18d5f91
+			pub..7b745cf3
-			pub..decad7e6
+			pub..36e08262
-			pub..f9e9c9b7
+			pub..e5f0f3f4
-			pub..512546b5
+			pub..75e79bdf
-			pub..f4d5a36e
+			pub..ad22d5bf
-			pub..e7f16c0d
+			pub..0bfa0cab
-			pub..5df96028
+			pub..5112d605
-			pub..82ca4f3c
+			pub..11815899
-			pub..ed0bc355
+			pub..45b6231a
-			pub..0891715a
+			pub..f9fc9ba7
-			pub..3a76cd73
+			pub..2ba913ed
-			pub..4722fa8e
+			pub..2372738e
-			pub..5a2ce058
+			pub..40644519
-			pub..38685036
+			pub..42520fcd
-			pub..355fc1e2
+			pub..bd811233
-			pub..8e27e93a
+			pub..533bebfe
-			pub..7c9072bb
+			pub..70f5624e
-			pub..ddc67c36
+			pub..93cd5640
-			pub..3af5db53
+			pub..764d872c
-			pub..42ec6035
+			pub..3ea15e3a
-			pub..7ea70da3
+			pub..1b837bc9
-			pub..1fbd918c
+			pub..1c35334d
-			pub..57c93d49
+			pub..28a60d60
-			pub..31e2148b
+			pub..4b59265d
-			pub..e0761ac4
+			pub..38d000dd
-			pub..73797e8e
+			pub..82c2c8e5
-			pub..5873183f
+			pub..f44358ad
-			pub..3d1d5a3c
+			pub..49040b5a
-			pub..bf6171b4
+			pub..f8cb10fe
-			pub..03b315ca
+			pub..87db0c4b
-			pub..5554d030
+			pub..cc837d8a
-			pub..7474b119
+			pub..18e0c276
-			pub..92ce6f80
+			pub..7aad30dd
-			pub..1e33119c
+			pub..0eb6de3f
-			pub..1e01fbe2
+			pub..b6a9e310
-			pub..290085cd
+			pub..d25af2bc
-			pub..3502b9f5
+			pub..0028f441
-			pub..5e5af0b6
+			pub..7f97619c
-			pub..872f42d6
+			pub..a97760f0
-			pub..b06ef115
+			pub..f87991bc
-			pub..be5c5077
+			pub..78b6348e
-			pub..d31e123f
+			pub..31a36b92
-			pub..a9cc1d98
+			pub..0bdf04b0
-			pub..6651d4be
+			pub..9c291030
-			pub..78ad8a76
+			pub..1c72ddff
-			pub..83d08def
+			pub..95866e91
-			pub..67d00d5c
+			pub..80716f61
-			pub..24cfa33d
+			pub..2ec4c62c
-			pub..eb5770d6
+			pub..5fa995cb
-			pub..492ceca3
+			pub..e954cd3e
-			pub..6e4295ea
+			pub..1bf9f958
-			pub..fc533d77
+			pub..7dc7903d
-			pub..84acb090
+			pub..ffa9349a
-			pub..1ea73a8d
+			pub..0b3793ba
-			pub..d97e65af
+			pub..89a1c7a4
-			pub..fa46369f
+			pub..ba82e53c
-			pub..e83eeb7d
+			pub..fe4460d2
-			pub..e39cc5dd
+			pub..41b0530e
-			pub..39ab1935
+			pub..11a123a1
-			pub..cd200ea4
+			pub..776e2293
-			pub..29134775
+			pub..106f4784
-			pub..4577e5e6
+			pub..a569e498
-			pub..b5b83fa4
+			pub..0a897aa0
-			pub..d771cbd1
+			pub..738f8b2e
-			pub..4bef4d47
+			pub..e55241ef
-			pub..97d6260a
+			pub..8c8fd028
-			pub..e8b8f464
+			pub..4a941607
-			pub..0b4f857f
+			pub..e9ea7b55
-			pub..340db293
+			pub..5f774ac8
-			pub..46e2a95b
+			pub..55d5db29
+..0a77de68
+			// ..e45380b3
+			pub..a8a68521
+..0a77de68
+			// ..770e13da
+			pub..5e53eb64
+..0a77de68
+			// ..dc29ed5b
+			pub..90c92b54
+..0a77de68
+			// ..032dc138
+			pub..64614dfe
-			// ..4018bf1c
-			pub..05b5c905
-..481b5561
--- /de..7b71c8ca
+﻿<?x..a1570027
+<set x..f5e227eb
+     a..ad25bb7e
+  <rot..35898440
+    an..4f9aead0
+    an..6e85a07d
+    an..855537ef
+    an..944c8249
+    an..a95ecb09
+    an..fbcf4b15
+    an..cac3df28
+    an..1e6cd03a
+</set>..754af96e
-      ..270904cb
+      ..1e94bb51
-      ..114c9403
+      ..f4643b3a
--- /de..7b71c8ca
+﻿<?x..a1570027
+..0a77de68
+<Relat..ef31e39b
+      ..e38b1cd4
+      ..5dd374c5
+      ..8ef33cdc
+      ..2bcacd32
+      ..df3bdeef
+      ..d21c961c
+..0a77de68
+  <Ima..9d3c9624
+      ..6a246102
+      ..6c04ee3a
+      ..999b0869
+      ..13020185
+      ..da18d62c
+..0a77de68
+  <Tex..78cc3161
+      ..1a816a51
+      ..09a84f14
+      ..ef47bb44
+      ..be7eb920
+      ..f48674d7
+..0a77de68
+  <Tex..75e57d9d
+      ..09a84f14
+      ..63ccf631
+      ..ae351ae5
+      ..9ee3bb43
+..0a77de68
+  <Tex..75e57d9d
+      ..09a84f14
+      ..ef47bb44
+      ..9c15bf5a
+      ..be7eb920
+      ..4ccbc8c2
+      ..d9c67679
+..0a77de68
+  <Tex..75e57d9d
+      ..09a84f14
+      ..f2d68d66
+      ..4ccbc8c2
+      ..f9f1ca79
+..0a77de68
+</Rela..08d1c49b
--- /de..7b71c8ca
+﻿<?x..a1570027
+..0a77de68
+<Linea..e99b25da
+      ..fe94936f
+      ..179e0142
+      ..756b5014
+      ..0104666c
+      ..600726f0
+..0a77de68
+  <Ima..d476b43e
+    an..d84cdeff
+    an..eaff8a68
+    an..88a583ef
+    an..8bc9db11
+    an..34d56005
+    an..3427c912
+..0a77de68
+  <Tex..5ba41d7b
+      ..f58318a7
+      ..09a84f14
+      ..e5e9d9fc
+      ..2b7836bc
+      ..743461c8
+      ..7a2dc6fd
+      ..839083ae
+..0a77de68
+  <But..5e8ea52a
+    st..b7559dda
+    an..f96b09b4
+    an..2d2c2fab
+    an..8bc9db11
+    an..fe68e442
+    ap..16209256
+..0a77de68
+</Line..8b1322bb
--- /de..7b71c8ca
+﻿<?x..a1570027
+..0a77de68
+<Frame..db9649c7
+      ..742e15b2
+      ..9294ea06
+      ..38eae43a
+  <Rel..b2904d58
+    an..4481dcc8
+    an..f96b09b4
+    an..2d2c2fab
+    an..4bf039bd
+..0a77de68
+    <I..cb914c70
+      ..d03632ad
+      ..2eb964e5
+      ..dbb43f45
+      ..9db7e638
+      ..d787714a
+      ..4c8e2d88
+..0a77de68
+    <I..cb914c70
+      ..82e0378b
+      ..641667e9
+      ..c2cca9e7
+      ..9db7e638
+      ..d59576d4
+..0a77de68
+    <T..8f22aa75
+      ..5b4a336f
+      ..9ec37ad2
+      ..606d0c52
+      ..e5ae5984
+      ..3d98b53e
+      ..d348445b
+      ..e04797e1
+      ..2602c4c2
+..0a77de68
+  </Re..3da81631
+</Fram..8f02edf0
--- /de..7b71c8ca
+﻿<?x..a1570027
+..0a77de68
+<Linea..e99b25da
+      ..fe94936f
+      ..179e0142
+      ..756b5014
+      ..0104666c
+      ..600726f0
+..0a77de68
+  <Ima..dae579f6
+      ..5d409291
+      ..ac5737f2
+      ..b08f5384
+      ..4de9aaba
+      ..6670380c
+..0a77de68
+  <Tex..7a807b01
+      ..09a84f14
+      ..e5e9d9fc
+      ..6329d014
+      ..2b7836bc
+      ..743461c8
+      ..7a2dc6fd
+      ..839083ae
+..0a77de68
+  <But..439b2488
+      ..be0cf787
+      ..c603a562
+      ..dd0da25d
+      ..dd86b710
+      ..db8d6fb3
+..0a77de68
+</Line..8b1322bb
-<Relat..afe48856
-      ..af457bc5
-      ..723db17c
-      ..47a45230
+<Swipe..d24a7d3d
+      ..f7704dc2
+      ..900a7409
+      ..598e3d17
+  <Rel..66ae85fe
+      ..b4a2b4ef
-  <Tex..2f092487
-      ..caa237e5
-      ..62dcb28f
-      ..7e7af92c
-      ..a97e3bcd
-      ..e0602480
-      ..df129561
-      ..0e52f44a
-..481b5561
-  <Tex..713f8d7e
-      ..caa237e5
-      ..62dcb28f
-      ..db9f9cfa
-      ..df129561
-      ..7bdb2f0c
-      ..7f3121f2
-      ..7e7af92c
-      ..261db244
-..481b5561
-  <Tex..63d78b29
-      ..caa237e5
-      ..62dcb28f
-      ..05ec1329
-      ..df129561
-      ..bbf28a51
-      ..a97e3bcd
-      ..e0602480
-      ..cb4228d7
-..481b5561
-  <Tex..0b8327df
-      ..62dcb28f
-      ..15ad8712
-      ..05ec1329
-      ..bbf28a51
-      ..4a93c530
-      ..df129561
-      ..853dcf9f
-      ..f685e775
+    <T..7b9ab2a0
+      ..a7f0b6cb
+      ..756b5014
+      ..045fd4ac
+      ..927062be
+      ..ac382fd6
+      ..5a1ec162
+      ..b0ad04ef
-  <Lin..77f4e3bb
-      ..723db17c
-      ..cd83ac5c
-      ..f14a7a05
-      ..665c4140
-      ..30569b52
-      ..cca86bb7
-      ..abc8bcdb
-    <T..1f6486d2
+    <T..c54bc68f
+      ..a7f0b6cb
-      ..e76b834a
+      ..edfea372
+      ..5a1ec162
+      ..4e4f56db
+      ..3aaf6204
-      ..90b8bbf5
-      ..4b308228
-    <T..1f6486d2
+      ..292e438d
+..0a77de68
+    <T..bc188ce2
+      ..a7f0b6cb
-      ..e76b834a
-      ..90b8bbf5
-      ..cec380ea
-      ..be64c808
-    <T..1f6486d2
+      ..e7bf9a16
+      ..5a1ec162
+      ..ab4ef11b
+      ..927062be
+      ..ac382fd6
+      ..44f64bad
+..0a77de68
+    <T..bae0c42e
-      ..e76b834a
+      ..86721076
+      ..e7bf9a16
-      ..90b8bbf5
-      ..ab2b6b26
-      ..741dfdd6
-  </Li..f754a666
+      ..d022c411
+      ..5a1ec162
+      ..d5e6992c
+      ..76017c25
+..0a77de68
+    <L..65d47b81
+      ..4bc3de5a
+      ..775934e9
+      ..4095011a
+      ..00a269f7
+      ..15fb994c
+      ..1dbfe68c
+      ..7dadec24
+      ..7776f8a8
+      ..8ef33cdc
+      ..22e8556e
+      ..5b04df57
+      ..a7db31c0
+      ..207d38fc
+      ..7776f8a8
+      ..8ef33cdc
+      ..22e8556e
+      ..a7db31c0
+      ..fb3d056f
+      ..0c436eec
+      ..7776f8a8
+      ..8ef33cdc
+      ..22e8556e
+      ..f526042b
+      ..a7db31c0
+      ..a2858fe1
+      ..5bda3d16
+    </..65e01289
-  <Rec..36a511c9
-      ..723db17c
-      ..ec97282a
-      ..dded790b
-      ..3b62104a
-      ..e9fbb24b
-      ..7bc392d3
-  <!--..b34325ab
-  <!--..afb31882
-</Rela..447b7c29
+    <R..6cf3fe93
+      ..4bc3de5a
+      ..2ded298d
+      ..08af7f98
+      ..d123816c
+      ..8993a4a3
+      ..3a7051da
+  </Re..3da81631
+</Swip..eabae0f7
-  <Rel..8238db0a
-      ..513fb4ef
-      ..90eb1e2f
+  <Swi..3a17bde3
+      ..dcedab5f
+      ..31f33077
+    <R..84e2f5a1
+      ..598e3d17
-    <T..40d0ddf3
-      ..09f2ddd3
-      ..1e85c125
-      ..fe6be22c
-      ..117acf49
-      ..93e15fb5
-      ..aca08a07
-      ..8efa4124
+      ..da394de2
+      ..94555a4b
+      ..8ef33cdc
+      ..5b04df57
+      ..5e6477ab
+      ..062e42c0
+      ..52eba9e4
+      ..90879838
-    <T..e6a308bb
-      ..09f2ddd3
-      ..1e85c125
-      ..6190668d
-      ..aca08a07
-      ..fc55032e
-      ..48a70a1d
-      ..fe6be22c
-      ..92b67b52
+      ..8c02dd13
+      ..94555a4b
+      ..8ef33cdc
+      ..06775b66
+      ..52eba9e4
+      ..20ba2624
+      ..a3722cdd
+      ..5b04df57
+      ..ad71b1d2
-    <T..30245aa5
-      ..09f2ddd3
-      ..1e85c125
-      ..8c4d1d85
-      ..aca08a07
-      ..40eeb4f4
-      ..117acf49
-      ..93e15fb5
-      ..a2d53342
+      ..478a5cbd
+      ..94555a4b
+      ..8ef33cdc
+      ..df5339b5
+      ..52eba9e4
+      ..f526042b
+      ..5e6477ab
+      ..062e42c0
+      ..5bda3d16
-    <T..85a7da09
-      ..1e85c125
-      ..9280d06d
-      ..8c4d1d85
-      ..40eeb4f4
-      ..e4878c2a
-      ..aca08a07
-      ..abb424f0
-      ..740bdd9a
+      ..bc1ff28b
+      ..8ef33cdc
+      ..3db239c9
+      ..df5339b5
+      ..f526042b
+      ..95ab1742
+      ..52eba9e4
+      ..de5cd51c
+      ..244df540
-    <R..57c2b51d
-      ..fcbcd5fe
-      ..513fb4ef
-      ..8645f9d1
-      ..0c83d8cb
-      ..d7b1df24
-      ..f23c626b
-  </Re..34fe1531
+      ..a732e269
+      ..f58318a7
+      ..7192d484
+      ..853cdfa0
+      ..dbfb536f
+      ..ae99e13c
+..0a77de68
+      ..b9beb2e2
+      ..1cf2372c
+      ..de74596e
+      ..f2f1f616
+..0a77de68
+      ..ce6acba6
+      ..2ffa7ade
+      ..dcedab5f
+      ..118549e8
+      ..27aea641
+      ..ba163fd4
+..0a77de68
+      ..27349eaf
+      ..d5c2dce4
+      ..32616f3c
+      ..2de90896
+      ..5bb9d37a
+..0a77de68
+      ..27349eaf
+      ..d5c2dce4
+      ..32616f3c
+      ..2de90896
+      ..1b67beb2
+      ..49499d52
+    </..f5edeb85
+  </Sw..037830fb
+++ /de..a3088eeb
-<?xml ..8ac5c717
-<resou..3b6397ca
-  <str..c7767316
-</reso..2770727c
--- /de..7b71c8ca
+﻿<?x..a1570027
+..0a77de68
+<resou..94cc3b94
+..0a77de68
+  <ite..587af7d7
+..0a77de68
+</reso..c4bed854
+  <col..c8dd1283
+    <i..864ff18c