--- /de..42b1d147
+﻿usi..546230fc
+using ..1148353b
+using ..497239b4
+..bc485e1a
+namesp..f7facb15
+{..4baf8a05
+    pu..9f13f0b4
+    {..73a64201
+      ..2084e4f7
+..bc485e1a
+      ..a35095d0
+..bc485e1a
+      ..2d085ec5
+..bc485e1a
+      ..415e16a4
+    }..978d964e
+}..db77f04c
--- /de..42b1d147
+﻿usi..546230fc
+using ..1148353b
+using ..497239b4
+..bc485e1a
+namesp..f7facb15
+{..4baf8a05
+    pu..e8d8948d
+    {..73a64201
+      ..2084e4f7
+..bc485e1a
+      ..cc5b7efc
+..bc485e1a
+      ..2d085ec5
+..bc485e1a
+      ..415e16a4
+    }..978d964e
+}..db77f04c
--- /de..42b1d147
+﻿usi..8f438362
+using ..1efae696
+using ..a2712804
+using ..596528d2
+using ..1148353b
+using ..497239b4
+..bc485e1a
+namesp..f7facb15
+{..4baf8a05
+    pu..effab6ac
+    {..73a64201
+      ..6602fc38
+..bc485e1a
+      ..c0dba3f0
+..bc485e1a
+      ..415e16a4
+..bc485e1a
+      ..96c73566
+..bc485e1a
+      ..bee802cb
+      ..c8e86f18
+      ..5667fba2
+      ..9f3540d9
+      ..22836ac2
+      ..70ea50be
+      ..35eee1a0
+      ..b5dde4f9
+..bc485e1a
+      ..415e16a4
+..bc485e1a
+      ..2084e4f7
+..bc485e1a
+      ..aaf36d55
+..bc485e1a
+      ..d943a122
+..bc485e1a
+      ..f91e8da8
+..bc485e1a
+//    ..480e2320
+..bc485e1a
+      ..415e16a4
+    }..978d964e
+}..db77f04c
--- /de..42b1d147
+﻿usi..8f438362
+using ..a2712804
+using ..596528d2
+using ..1148353b
+using ..497239b4
+..bc485e1a
+namesp..f7facb15
+{..4baf8a05
+    pu..a8a0b11f
+    {..73a64201
+      ..96c73566
+..bc485e1a
+      ..d6fd764b
+      ..c8e86f18
+      ..9f3540d9
+      ..22836ac2
+      ..fd9d2121
+      ..35eee1a0
+      ..b5dde4f9
+..bc485e1a
+      ..415e16a4
+..bc485e1a
+      ..2084e4f7
+..bc485e1a
+      ..8969765a
+..bc485e1a
+      ..988a25d1
+..bc485e1a
+      ..f91e8da8
+..bc485e1a
+      ..415e16a4
+    }..978d964e
+}..db77f04c
--- /de..42b1d147
+﻿usi..1b1800e1
+using ..ffea6236
+using ..497239b4
+..bc485e1a
+namesp..f7facb15
+{..4baf8a05
+    pu..59f47b8d
+    {..73a64201
+      ..e628924a
+..bc485e1a
+      ..cdcb531b
+      ..c8e86f18
+      ..b5dde4f9
+..bc485e1a
+      ..f36356b9
+      ..c8e86f18
+      ..29fcfa39
+      ..9a779ce8
+      ..ed9fa088
+      ..37423da5
+      ..b5dde4f9
+..bc485e1a
+      ..415e16a4
+    }..978d964e
+}..db77f04c
+++ /de..65a41a4f
-﻿usi..15feaf61
-using ..074a4862
-using ..21f9b4c6
-..8daf8fcb
-namesp..9bd4a95e
-{..38a72865
-    pu..02678ec6
-    {..78128ce2
-      ..5f5fb522
-      ..a7e7840a
-..8daf8fcb
-      ..49d49e06
-    }..bcf74d6a
-}..f5746eda