-﻿usi..c9224d4c
+﻿usi..8c47e9a5
+using ..66821532
+using ..97cd003a
+using ..30d592e6
+using ..b9a906f3
+using ..4ae677ef
+using ..162ca6fd
+using ..b06fa019
+      ..be3741a7
+..bc485e1a
-      ..9ccab499
+      ..852347f0
+      ..d1c5f7dd
+      ..b5dde4f9
+..bc485e1a
+      ..a67252c7
+      ..c8e86f18
+      ..24da27e3
+      ..22836ac2
+      ..7b4d5ca8
+      ..5903c0c6
+      ..a3f8bf31
+      ..bf9a1ab2
+      ..a833079a
+      ..991d3c4b
+      ..356feefc
+      ..b0bbd885
+      ..e996bece
+      ..73a78163
+      ..22836ac2
+      ..7b4d5ca8
+      ..5903c0c6
+      ..d4bea6ab
+      ..a833079a
+      ..991d3c4b
+      ..356feefc
+      ..b0bbd885
+      ..e996bece
-      ..f32389a3
+      ..183a0b19
-      ..99c899ed
+      ..98fbf4f6
-    <R..76937303
-      ..c763241a
-      ..ef8e88e3
-    </..9b12a273
-    <R..ae7244a9
-      ..247ba912
-      ..ef8e88e3
-    </..9b12a273
-    <R..1230a917
-      ..f5d40034
-      ..ef8e88e3
-    </..9b12a273
-    <R..5423d77a
-      ..23b81fe4
-      ..ef8e88e3
-    </..9b12a273
-    <R..97a2b74d
-      ..43ab0797
-      ..ef8e88e3
-    </..9b12a273
-    <R..d8f44e8b
-      ..f2683df4
-      ..ef8e88e3
-    </..9b12a273
+    <C..71d8031b
+    <C..72daa2b2
+    <P..14b39096
+      ..f5f5f047
+      ..c9a775ea
+    </..2b7b89e6
+    <P..03d13127
+      ..69bcfb9a
+      ..7543c2f7
+    </..2b7b89e6
+    <P..f03e2887
+      ..496d2c63
+      ..bc512bb3
+    </..2b7b89e6
+    <P..e4417531
+      ..f716f498
+      ..3f13010d
+    </..2b7b89e6
+    <P..538e56bc
+      ..cc070784
+      ..5901f5c6
+    </..2b7b89e6
+    <P..234ce234
+      ..4f61acdc
+      ..634298f0
+    </..2b7b89e6
+  <Ite..c15e5c16
+    <A..2f26a3b9
+  </It..cdaeb3ba
+  <Ite..c15e5c16
+    <A..4a199c7f
+  </It..cdaeb3ba
-﻿usi..eb9b697a
+﻿usi..546230fc
+using ..ffea6236
-      ..25f90dbf
+      ..b0cf062a
-      ..749a2339
+      ..3f9c8094
+      ..fd98d742
-      ..f49c9926
-      ..836352eb
-      ..7ceb7085
-      ..a5456f96
-      ..f43f4a10
-      ..f4a0f463
-      ..f49c9926
-      ..836352eb
-      ..3e811587
-      ..a5456f96
-      ..b88775d6
-      ..88551184
+      ..2ed73c39
+//    ..880ca74c
+..bc485e1a
+      ..32de6404
+      ..22836ac2
+      ..46653902
+      ..fd98d742
+      ..5903c0c6
+      ..5065d9a9
+      ..938ae10b
+      ..8bef0c60
+      ..eb292464
+      ..ac5df296
+      ..b0bbd885
+      ..35eee1a0
+      ..d052c7a4
+      ..22836ac2
+      ..9eaa47a2
+      ..c833593b
+      ..35eee1a0
-      ..0ad55e98
+      ..ec97f067
+..bc485e1a
+      ..8bc47f58
+..bc485e1a
+      ..a9d3549a
-			// ..e072515d
-			pub..393bd8c5
-..8daf8fcb
-			pub..61c19f06
+			pub..1e43314a
-			pub..43921a7e
+			pub..e3545188
-			pub..a1b6b754
+			pub..4b9f5f52
-			pub..c95cdb53
+			pub..94a05d1e
-			pub..9abcb6b8
+			pub..07b4e773
-			pub..e6763612
+			pub..d395e98d
+..bc485e1a
+			// ..bc57129c
+			pub..fa00a2af
-			// ..8f7169a2
-			pub..e69bb08b
-..8daf8fcb
-			pub..c3ca293d
+			pub..858ce4f7
-			pub..9e01720d
+			pub..7565ac9b
-			pub..4fb16c52
+			pub..0304049b
-			pub..e0d66724
+			pub..5074c1aa
+..bc485e1a
+			// ..f2926c8e
+			pub..a6fc6bdd
-			// ..d543a48f
-			pub..b40d136a
-..8daf8fcb
-			pub..50d3e8e4
+			pub..6d54b2f6
-			pub..95b40866
+			pub..303cca44
-			pub..1f616c19
+			pub..6280a8a6
-			pub..f720b2fa
+			pub..85dabc27
-			pub..276c1bb9
+			pub..02f1f34c
-			pub..5a57d4b9
+			pub..deaf9bbc
-			pub..a6a75e3b
+			pub..43b7069b
+..bc485e1a
+			// ..257ee842
+			pub..05072778
-			// ..b9fdf49b
-			pub..23f1f78d
-..8daf8fcb
-			pub..ad86b348
+			pub..df2bdbc3
-			// ..fdd23949
-			pub..ba2051bb
+			// ..0494d16d
+			pub..47d6d49c
-			pub..14e05c96
+			pub..5c08bcf7
+..bc485e1a
+			// ..7a8a1ee5
+			pub..066418e7
-			// ..6f719af3
-			pub..d2c8b716
+			// ..c971f9ac
+			pub..ce1ae0c1
-			// ..d8e63959
-			pub..c1504dae
+			// ..d871f007
+			pub..06a0cab3
-			// ..d5b350a4
-			pub..39e5f9af
-..8daf8fcb
-			// ..a812b527
-			pub..ca188cc0
+			// ..1c2590df
+			pub..9cfe501a
-			// ..8b52d94b
-			pub..e0b2a90e
+			// ..2965bf06
+			pub..a34b70c2
-			pub..38e59fc0
+			pub..bc34e37a
+..bc485e1a
+			// ..d27661fe
+			pub..0b91e82e
-			pub..78279798
+			pub..fd01c14f
+..bc485e1a
+			// ..d924e293
+			pub..9fa4939c
-			// ..9d03ac26
-			pub..9dc7eb5d
+			// ..c3567b1c
+			pub..4cba21e0
-			// ..72c6e05a
-			pub..59dedea7
+			// ..9d13521a
+			pub..0c261b3f
-			// ..d7d01452
-			pub..0d188472
+			// ..15b25482
+			pub..e9b89804
-			// ..ed50036e
-			pub..2a9a444e
-..8daf8fcb
-			pub..6aa2aea7
+			pub..c2d5986e
+..bc485e1a
+			// ..4d824e96
+			pub..4861a240
-			pub..d9313291
+			pub..3b3504f9
-			pub..aa7edaaf
+			pub..68342fcf
-			pub..068c2a48
+			pub..df715b43
-			pub..b6aa2699
+			pub..a120fdf8
-			pub..08966dcb
+			pub..c394f8a5
-			pub..e2a298bc
+			pub..33918d64
-			pub..c4b5b9d9
+			pub..968a5ae7
-			pub..2170527d
+			pub..316efdc3
-			pub..f5416af9
+			pub..90428d8b
-			// ..ece5d24a
-			pub..1dcbeae6
+			// ..de0f33d2
+			pub..78b14ab8
-			pub..98b158a5
+			pub..1250d5c8
-			// ..b39a156c
-			pub..e6ab2fc3
+			// ..6749f026
+			pub..cabe59b4
-			pub..127cc034
+			pub..66c12990
-			pub..960a70d4
+			pub..1a363535
-			pub..563ec47c
+			pub..0635d3a6
-			pub..3ee477a6
+			pub..9f939e9f
-			pub..5cac4512
+			pub..ca0457b2
+..bc485e1a
+			// ..96dddefc
+			pub..426cd672
-			// ..0d3c0b0c
-			pub..1d2929b8
+			// ..a77b8320
+			pub..ed03134f
-			// ..b0389965
-			pub..bfd56729
+			// ..88f7a1cc
+			pub..310cdd81
-			// ..f7614ef4
-			pub..416ef7a8
+			// ..ba067ec9
+			pub..6dfd33cd
-			// ..9f641642
-			pub..8d61aafd
+			// ..e30328c4
+			pub..ee99ebff
-			// ..8a335208
-			pub..60b19abf
+			// ..2d30f329
+			pub..9709bf7d
-			// ..135cdd87
-			pub..ead1c93f
+			// ..9ee76762
+			pub..3954746d
-			// ..dba38d74
-			pub..5ae461c3
+			// ..505236f8
+			pub..15ffdaa4
-			// ..52795fa3
-			pub..8922a295
+			// ..8864706c
+			pub..3bff850c
-			// ..8835d063
-			pub..aafe7887
+			// ..6d7bdc06
+			pub..69ea0887
-			// ..f0b60ef6
-			pub..3df464b0
+			// ..047cc1c7
+			pub..63934800
+..bc485e1a
+			// ..9cfde230
+			pub..218d8627
-			// ..6dbfcaa0
-			pub..d32aab62
+			// ..79f078cb
+			pub..61fd3a15
-			// ..d0440474
-			pub..365fa792
+			// ..c820a8f8
+			pub..bba77408
+..bc485e1a
+			// ..8c8b9e8c
+			pub..0f79233c
-			// ..6e0487de
-			pub..c8f9ff6c
+			// ..ec670e55
+			pub..f90f0ab2
-			// ..56ad6545
-			pub..2fb7e82f
+			// ..bf2c15c2
+			pub..724df392
-			// ..1243f85f
-			pub..cd0b26a1
+			// ..5f7ae3be
+			pub..5f20bbc0
-			// ..6e72b9dd
-			pub..f9d04324
+			// ..1c10aa06
+			pub..796d6ae2
-			// ..157f5bbc
-			pub..38c1876d
+			// ..f457dbe2
+			pub..8c24b2d6
-			// ..f6ce1026
-			pub..3d697cc8
+			// ..c4c29e31
+			pub..f564b9e0
-			// ..ac93e227
-			pub..d05bcf21
+			// ..466b2965
+			pub..bf0b9398
-			// ..c1882627
-			pub..9453685d
+			// ..139955da
+			pub..a89f8940
-			// ..3e6afb6d
-			pub..df4b0943
+			// ..e6be98a3
+			pub..0638f8ca
-			// ..285c0cdb
-			pub..5876af53
+			// ..5d1b01d4
+			pub..fcfc27ac
-			// ..d9470bfc
-			pub..5d9307b4
+			// ..79907cbf
+			pub..020b08f9
-			// ..8b39b6e1
-			pub..0f094934
+			// ..5e29e87f
+			pub..25c5a6aa
-			// ..cd5edd2a
-			pub..c4b84ffc
+			// ..9372d8a9
+			pub..e1b59717
-			// ..8aef023f
-			pub..67dc5df2
+			// ..8855577c
+			pub..eee3736d
-			// ..93ee48b5
-			pub..4026d6d8
+			// ..1678c1de
+			pub..77af73b3
-			// ..e8f8fbb2
-			pub..a4c8db2f
+			// ..cf280047
+			pub..48ede539
-			// ..3ed84197
-			pub..cbad87c9
+			// ..6c7d4370
+			pub..044c44b1
-			// ..9841a12f
-			pub..70ee5b0d
+			// ..494e27cf
+			pub..64e3c975
-			// ..e2476208
-			pub..00dab704
+			// ..21717ec7
+			pub..aa9207f0
-			// ..3f8dea7a
-			pub..b4364c19
+			// ..ed314b2d
+			pub..4ff68ab4
-			// ..2eaf1eb6
-			pub..5d1873ae
+			// ..93f7920b
+			pub..5f37c36e
-			// ..772ff416
-			pub..5fe393f0
+			// ..e136086b
+			pub..d3a8eaf1
-			// ..969a32fb
-			pub..488054bb
+			// ..7df52970
+			pub..683b6635
-			// ..f5e7036b
-			pub..b5ca82da
+			// ..814ceb76
+			pub..2b91b850
-			// ..a0f7e622
-			pub..31ef72e5
+			// ..193cfbfe
+			pub..b655a44b
-			// ..9f895929
-			pub..0545f058
+			// ..f3156570
+			pub..5aed3a3e
-			// ..f40118b8
-			pub..9f67708c
+			// ..b5f279fe
+			pub..6f521c2e
-			// ..6e967aa9
-			pub..63d4593f
+			// ..a6c72c7e
+			pub..abc5df69
-			// ..6c63bae1
-			pub..7531f618
+			// ..866501f8
+			pub..d4e37f0a
-			// ..ba615957
-			pub..e1681dd9
+			// ..f4b8cb0e
+			pub..84dad332
-			// ..c212bd7c
-			pub..f6a12ae1
+			// ..ddc80d66
+			pub..8fda0fbb
-			// ..681e4e5a
-			pub..d47c8f71
+			// ..2c4e4d10
+			pub..8e99a48c
+			// ..a0f9b409
+			pub..0503e94a
+..bc485e1a
-			// ..01ccd486
-			pub..729d20d3
+			// ..54ae92ef
+			pub..aca656b4
-			// ..fb1607f2
-			pub..05438277
+			// ..1a521903
+			pub..9c9aa0d2
-			// ..56b57313
-			pub..0e769354
+			// ..637601c5
+			pub..9cd3e3d2
-			// ..a0f64458
-			pub..a4de289c
+			// ..e015d941
+			pub..381f0be3
+..bc485e1a
+			// ..99bfce1c
+			pub..b994dff4
+..bc485e1a
+			// ..835a0ac7
+			pub..3beb9ef6
-			// ..f8645f59
-			pub..cc707957
+			// ..68da2b2f
+			pub..4b111f72
-			pub..98a623cc
+			pub..a761473c
-			pub..4d12f7ff
+			pub..3d59a0c3
-			pub..f4e80d98
+			pub..5e7f1c5c
-			pub..04bc50a5
+			pub..d1efe45e
-			pub..a391f8e7
+			pub..5d108529
-			pub..aca30053
+			pub..fbef1957
-			pub..55173dff
+			pub..10e55d1d
-			pub..0ae9d7ac
+			pub..3e30df73
-			pub..18800b4c
+			pub..9d22e26d
-			pub..d6dd187c
+			pub..3df903ee
-			pub..791d966b
+			pub..509dd9d6
-			pub..bd25962c
+			pub..2c72f1a1
-			pub..47af544b
+			pub..75625235
-			pub..6afcfb32
+			pub..2df2bae0
-			pub..6ba35b2c
+			pub..bf9e1158
-			pub..349699c0
+			pub..b783c6c6
-			pub..9036d6dc
+			pub..bc22604c
-			pub..fda8146f
+			pub..be8098a6
-			pub..d089048e
+			pub..26422e87
-			pub..ba812bc3
+			pub..348e4440
-			pub..aca68d28
+			pub..4d12fc3b
-			pub..16247f9e
+			pub..160b2722
-			pub..4898fa0c
+			pub..ad8981a2
-			pub..e9e4bd7c
+			pub..ab678ad8
-			pub..3e10a677
+			pub..d9c042c3
-			pub..d3702eb9
+			pub..d158602e
-			pub..f2992146
+			pub..3cf00258
-			pub..cd1e888a
+			pub..8a37bb8d
-			pub..b17bb114
+			pub..9564176a
-			pub..d365528a
+			pub..efff1d9e
-			pub..2515683a
+			pub..d84d371c
-			pub..d10c2f31
+			pub..1e7cefb1
-			pub..d506fa26
+			pub..7c008437
-			pub..f8c9fd8d
+			pub..9f560f7a
-			pub..158aa271
+			pub..894dd09a
-			pub..90876e51
+			pub..5967e755
-			pub..766fa7c9
+			pub..7ee68c50
-			pub..5fde0fe7
+			pub..6d8e4608
-			pub..ed54d1fa
+			pub..7f00de3a
-			pub..899d724d
+			pub..85f74631
-			pub..da95caa4
+			pub..e5e5fe13
+..bc485e1a
+			// ..bf93b1b6
+			pub..949a01f1
--- /de..42b1d147
+﻿<?x..6e2fd0d3
+..bc485e1a
+<selec..1a1eb417
+  <ite..8c32f305
+      ..dc226d63
+  <ite..8c32f305
+      ..be45522c
+  <ite..f883dcf1
+      ..50308aae
+  <ite..4400b251
+</sele..23db696a
-..8daf8fcb
+  <col..b78e43be
+..bc485e1a
-      ..f228e2c6
+      ..6602fc38
+..bc485e1a
+      ..f28f35dd
+..bc485e1a
+      ..415e16a4
-      ..8a8159c3
+      ..2084e4f7
+..bc485e1a
+      ..aec6177f
+..bc485e1a
+      ..415e16a4
+      ..e628924a
+      ..6d821fe8
+      ..050e30d1
-      ..b52f95e2
+      ..e00b0fa4
+      ..22836ac2
+      ..5ab2dd5a
+      ..8a17b020
+      ..2c3737f6
+      ..0c6cc76e
+      ..25a8d073
-      ..82d4003f
-      ..4afb1aee
-//    ..4b5d73af
-      ..dc70ac68
-      ..6b39c67e
-      ..f2ad6f64
-      ..1353f457
-      ..49d49e06
-..8daf8fcb
-      ..69554cf5
-      ..a7e7840a
-      ..1a41449f
+using ..3d49f532
+using ..b9a906f3
+using ..d8e9ace9
+..bc485e1a
+      ..e628924a
+..bc485e1a
+      ..af5d4bce
+      ..c8e86f18
+      ..259b9fa0
+      ..4e3dbc6b
+      ..f8d56593
+      ..b5dde4f9
+..bc485e1a
+      ..415e16a4
-  <pac..ed97a08f
-  <pac..929b76e7
-  <pac..aedba24f
-  <pac..91836fbc
-  <pac..c7a4c97d
-  <pac..d6763b10