--- /de..42b1d147
+﻿usi..1b1800e1
+..bc485e1a
+namesp..e1e4b78c
+{..4baf8a05
+    pu..65d25d6c
+    {..73a64201
+      ..6602fc38
+..bc485e1a
+      ..28a3065a
+      ..3155e39e
+..bc485e1a
+      ..415e16a4
+..bc485e1a
+      ..96c73566
+..bc485e1a
+      ..f7c0923c
+      ..c8e86f18
+      ..0290c006
+      ..fb244fe4
+      ..b4a2bbfd
+      ..80b74e59
+      ..e8b9dec3
+      ..b5dde4f9
+..bc485e1a
+      ..415e16a4
+..bc485e1a
+      ..2084e4f7
+..bc485e1a
+      ..1f7dad71
+..bc485e1a
+      ..b106327e
+..bc485e1a
+      ..9ee79ce8
+..bc485e1a
+      ..f15d5606
+..bc485e1a
+      ..44065db5
+..bc485e1a
+      ..3c410c68
+..bc485e1a
+      ..acba648c
+..bc485e1a
+      ..415e16a4
+    }..978d964e
+}..db77f04c
--- /de..42b1d147
+﻿usi..8c47e9a5
+using ..32a141f3
+using ..9d9221fe
+using ..1efae696
+using ..74115769
+using ..c8f56c2f
+using ..0c03a73d
+..bc485e1a
+namesp..e1e4b78c
+{..4baf8a05
+    pu..bad61c24
+    {..73a64201
+      ..6602fc38
+..bc485e1a
+      ..bb3958f4
+      ..457d95e7
+..bc485e1a
+      ..415e16a4
+..bc485e1a
+      ..96c73566
+..bc485e1a
+      ..784596b7
+      ..c8e86f18
+      ..6aa41c2d
+      ..f699ed70
+      ..6490087d
+      ..b5dde4f9
+..bc485e1a
+      ..415e16a4
+..bc485e1a
+      ..2084e4f7
+..bc485e1a
+      ..214f69a2
+..bc485e1a
+      ..9ee79ce8
+..bc485e1a
+      ..832b6808
+..bc485e1a
+      ..415e16a4
+..bc485e1a
+      ..fbc8d621
+..bc485e1a
+      ..f8016ff9
+      ..c8e86f18
+      ..4bfc881d
+      ..b5dde4f9
+..bc485e1a
+      ..94f4cb18
+      ..c8e86f18
+      ..4bfc881d
+      ..b5dde4f9
+..bc485e1a
+      ..a2d4f937
+      ..c8e86f18
+      ..7b323cb3
+      ..b5dde4f9
+..bc485e1a
+      ..f6935597
+      ..c8e86f18
+      ..a1d9406d
+      ..b5dde4f9
+..bc485e1a
+      ..4e371bde
+      ..c8e86f18
+      ..a1d9406d
+      ..b5dde4f9
+..bc485e1a
+      ..415e16a4
+    }..978d964e
+}..db77f04c
--- /de..42b1d147
+﻿usi..8f438362
+using ..accbb59a
+using ..9d9221fe
+using ..1efae696
+using ..74115769
+..bc485e1a
+namesp..e1e4b78c
+{..4baf8a05
+    pu..496e2457
+    {..73a64201
+      ..6602fc38
+..bc485e1a
+      ..74be47c9
+..bc485e1a
+      ..415e16a4
+..bc485e1a
+      ..fbc8d621
+..bc485e1a
+      ..89f40317
+      ..c8e86f18
+      ..f578cc7f
+      ..5d3122a2
+      ..c2c3cb4f
+      ..81471985
+      ..b7921324
+      ..a14e8e00
+      ..b9d73fc9
+      ..ad6acb98
+      ..b5dde4f9
+..bc485e1a
+      ..69fc895f
+      ..c8e86f18
+      ..f84c39f0
+      ..22836ac2
+      ..166a2bb3
+      ..5903c0c6
+      ..ca0f8314
+      ..49639e2f
+      ..a5c100d4
+      ..eadb75d7
+      ..b5dde4f9
+..bc485e1a
+      ..415e16a4
+    }..978d964e
+}..db77f04c
--- /de..42b1d147
+﻿//u..18f577b2
+//usin..50ce0759
+//usin..5aabf090
+//usin..9c8695c7
+//usin..469cd9a1
+//usin..a924446f
+//usin..5549a6fa
+//..b15645c3
+//name..3673aa0d
+//{..d60a54be
+//    ..031271fe
+//    ..2ff4df56
+//    ..e03a3a91
+//..b15645c3
+//    ..70f8103c
+//..b15645c3
+//    ..02177dd5
+//..b15645c3
+//    ..56f6a0d1
+//	""c..455105ca
+//	""i..781f1cb7
+//		""..4f1e784a
+//		""..d29a6a85
+//	}],..954fbc39
+//	""n..b31a1520
+//	""o..693fa52b
+//		""..ced5c7dc
+//		""..2ad1f666
+//	}],..954fbc39
+//	""p..5539a1db
+//	""t..46a2943b
+//}";..46fd4a66
+//..b15645c3
+//    ..12416384
+//..b15645c3
+//    ..8898ba64
+//..b15645c3
+//    ..0c740d0a
+//    ..91d7b366
+//    ..f90df8cb
+//    ..979ccae4
+//    ..ec1ce0c6
+//..b15645c3
+//    ..12416384
+//..b15645c3
+//    ..6df8c9c1
+//..b15645c3
+//    ..60cab64a
+//    ..91d7b366
+//    ..6750e8b9
+//    ..2ab15755
+//    ..a3c04356
+//    ..6953d6eb
+//    ..0f483821
+//    ..67c1c08d
+//    ..ec1ce0c6
+//..b15645c3
+////  ..e07ebd67
+////  ..acf84134
+////  ..9a868327
+////  ..c96418b2
+////  ..2ae5d0d7
+////  ..34a80c92
+////  ..3ef5a0c1
+////  ..318e1160
+////..8eac8ef8
+////  ..8b93c083
+////  ..acf84134
+////  ..9a868327
+////  ..c96418b2
+////  ..45016323
+////  ..d828f0ce
+////  ..2b96f0ef
+////  ..a64d4e94
+////  ..3ef5a0c1
+////  ..318e1160
+//..b15645c3
+//    ..12416384
+//    ..bb85e8ec
+//}..f7828866
+++ /de..65a41a4f
-﻿usi..2565da12
-using ..2ea462a8
-using ..404f4038
-using ..d6884cd3
-using ..702a010c
-using ..b764407c
-using ..094a9f4a
-..8daf8fcb
-namesp..0e2f1346
-{..38a72865
-    pu..6585ca94
-    {..78128ce2
-      ..37a83088
-..8daf8fcb
-      ..07c534ff
-..8daf8fcb
-      ..8a3b8870
-..8daf8fcb
-      ..02e43822
-..8daf8fcb
-      ..d37d0198
-      ..a7e7840a
-      ..04df8b32
-      ..bbb5d3ea
-      ..49d49e06
-..8daf8fcb
-      ..8a3b8870
-..8daf8fcb
-      ..fb0553ef
-..8daf8fcb
-      ..74a722ec
-..8daf8fcb
-      ..f79419d3
-..8daf8fcb
-      ..aa2efffe
-..8daf8fcb
-      ..8a3b8870
-..8daf8fcb
-      ..3bfe94af
-..8daf8fcb
-      ..4670b175
-      ..a7e7840a
-      ..461044c9
-      ..49d49e06
-..8daf8fcb
-      ..1283fe7d
-      ..a7e7840a
-      ..461044c9
-      ..49d49e06
-..8daf8fcb
-      ..93e2920d
-      ..a7e7840a
-      ..d4d4ba65
-      ..49d49e06
-..8daf8fcb
-      ..211ebba0
-      ..a7e7840a
-      ..461044c9
-      ..49d49e06
-..8daf8fcb
-      ..c945abf9
-      ..a7e7840a
-      ..461044c9
-      ..49d49e06
-..8daf8fcb
-      ..8a3b8870
-    }..bcf74d6a
-}..f5746eda
+++ /de..65a41a4f
-﻿usi..eb9b697a
-using ..176586a3
-using ..404f4038
-using ..d6884cd3
-using ..702a010c
-..8daf8fcb
-namesp..0e2f1346
-{..38a72865
-    pu..50db1106
-    {..78128ce2
-      ..37a83088
-..8daf8fcb
-      ..0e267116
-..8daf8fcb
-      ..8a3b8870
-..8daf8fcb
-      ..3bfe94af
-..8daf8fcb
-      ..516c1668
-      ..a7e7840a
-      ..1d30b07a
-      ..02a474d1
-      ..04484dd6
-      ..c701582e
-      ..60cdc83c
-      ..526d87ea
-      ..49d49e06
-..8daf8fcb
-      ..038de70d
-      ..a7e7840a
-      ..261e01c0
-      ..4afb1aee
-      ..40639fcc
-      ..cced837b
-      ..de402ff2
-      ..a5c500c8
-      ..e1df4482
-      ..1660ae6e
-      ..49d49e06
-..8daf8fcb
-      ..8a3b8870
-    }..bcf74d6a
-}..f5746eda
+++ /de..65a41a4f
-﻿//u..4f4988f4
-//usin..98ff8c5b
-//usin..c87f9cbd
-//usin..a193938d
-//usin..530314f3
-//usin..662af080
-//usin..cb75c7db
-//..a76cd087
-//name..5aa013ca
-//{..f1fd01ea
-//    ..c628494a
-//    ..5e2f3e9a
-//    ..9b4ee9ba
-//..a76cd087
-//    ..1a9ca88c
-//..a76cd087
-//    ..aab404ca
-//..a76cd087
-//    ..1405bdd6
-//	""c..a7c73f7b
-//	""i..afbe5629
-//		""..00e07a66
-//		""..20cb0d0e
-//	}],..3098adcd
-//	""n..efe323d6
-//	""o..ec5e8336
-//		""..e0dfc1a1
-//		""..b759430e
-//	}],..3098adcd
-//	""p..94a70a95
-//	""t..0c76fe3d
-//}";..afff27a9
-//..a76cd087
-//    ..16e3070c
-//..a76cd087
-//    ..be4acb69
-//..a76cd087
-//    ..89038344
-//    ..6d3e4bda
-//    ..a4d84a46
-//    ..18f01daf
-//    ..ce409de7
-//..a76cd087
-//    ..16e3070c
-//..a76cd087
-//    ..5ce849f6
-//..a76cd087
-//    ..bd024449
-//    ..6d3e4bda
-//    ..ef75335c
-//    ..9b33c5f8
-//    ..eae4d076
-//    ..a1a844ce
-//    ..95e87d73
-//    ..5a2d643e
-//    ..ce409de7
-//..a76cd087
-////  ..6049df92
-////  ..5a12efa6
-////  ..4833a7b5
-////  ..e87b39fe
-////  ..5e6ce450
-////  ..dcd7e7ea
-////  ..2ab2d463
-////  ..9dc2a72c
-////..8fd1ee6d
-////  ..59c63e84
-////  ..5a12efa6
-////  ..4833a7b5
-////  ..e87b39fe
-////  ..ab8d1c69
-////  ..1cf998ee
-////  ..367f9aaf
-////  ..cf1c1a6d
-////  ..2ab2d463
-////  ..9dc2a72c
-//..a76cd087
-//    ..16e3070c
-//    ..043b2921
-//}..ffa91910
+++ /de..65a41a4f
-﻿usi..15feaf61
-..8daf8fcb
-namesp..d44ca0b8
-{..38a72865
-    pu..2f938a23
-    {..78128ce2
-      ..37a83088
-..8daf8fcb
-      ..133f925b
-      ..6e96654e
-..8daf8fcb
-      ..8a3b8870
-..8daf8fcb
-      ..02e43822
-..8daf8fcb
-      ..1b75ff6c
-      ..a7e7840a
-      ..74d5f1c5
-      ..690a115f
-      ..8c1268d4
-      ..c2425048
-      ..49d49e06
-..8daf8fcb
-      ..8a3b8870
-..8daf8fcb
-      ..fb0553ef
-..8daf8fcb
-      ..a646e01d
-..8daf8fcb
-      ..88f99938
-..8daf8fcb
-      ..f79419d3
-..8daf8fcb
-      ..e3df581d
-..8daf8fcb
-      ..37aa1211
-..8daf8fcb
-      ..980dd50b
-..8daf8fcb
-      ..8a3b8870
-    }..bcf74d6a
-}..f5746eda