-      ..ea411fd3
+      ..835afa67
-      ..721b51da
+      ..0074b21a
-      ..f3693928
+      ..0bb97824
-      ..b16eb5ef
+      ..7a3b4edd
+      ..a7124052
--- /de..42b1d147
+﻿<?x..6e2fd0d3
+..bc485e1a
+<Coord..65768954
+      ..574bfc30
+      ..beeae699
+      ..2ffddba3
+      ..2cf8a1a6
+..bc485e1a
+  <App..7386175c
+      ..b57e63c0
+      ..d4a98685
+..bc485e1a
+    <T..b0cf6c4a
+      ..4775d59e
+      ..9a7aefff
+      ..25bbbe8a
+      ..5d7176d6
+      ..56e024d1
+      ..e81a06d6
+      ..b01fd85e
+      ..2e5b151a
+      ..65c870a5
+      ..8062b25d
+      ..264778cb
+      ..8118d142
+      ..efca1438
+      ..522204ef
+    </..b7183d08
+  </Ap..1ac59441
+..bc485e1a
+  <Rel..bcbfe166
+      ..02cd43b2
+      ..b1843948
+    <V..3c9ed1e2
+      ..64d87b2b
+      ..b8d8a503
+      ..fa1f7c9d
+      ..0893b782
+..bc485e1a
+    <F..4e5f99bf
+      ..98325c27
+      ..60f9f637
+      ..083e5681
+..bc485e1a
+      ..b01fd85e
+      ..2e5b151a
+      ..65c870a5
+      ..8062b25d
+      ..17541d5f
+      ..264778cb
+      ..9483fe81
+    </..b410aa81
+  </Re..2393cc2c
+</Coor..9386268b
--- /de..42b1d147
+﻿<?x..6e2fd0d3
+..bc485e1a
+<Linea..91bc0163
+      ..8addca3a
+      ..444bc8d7
+      ..667f4c4a
+      ..f667d4e4
+..bc485e1a
+  <Tex..afb516a2
+      ..bda92123
+      ..726a9829
+      ..367bba19
+      ..f32cd5a5
+      ..134c30f2
+      ..655455a4
+      ..78ef1857
+..bc485e1a
+  <Edi..5d202f90
+      ..bda92123
+      ..e1832bdc
+      ..92be6073
+      ..f804ccac
+      ..4821ecdf
+      ..655455a4
+      ..9cda0fa8
+..bc485e1a
+  <Tex..afb516a2
+      ..bda92123
+      ..726a9829
+      ..b83ca1f0
+      ..cf86c0c7
+      ..f2928d85
+      ..4fe9b992
+..bc485e1a
+</Line..a3d0df79
--- /de..42b1d147
+﻿<?x..6e2fd0d3
+..bc485e1a
+<Linea..91bc0163
+      ..8addca3a
+      ..444bc8d7
+      ..667f4c4a
+      ..f667d4e4
+..bc485e1a
+  <Tex..afb516a2
+      ..bda92123
+      ..726a9829
+      ..367bba19
+      ..f32cd5a5
+      ..134c30f2
+      ..655455a4
+      ..d1acd6cc
+..bc485e1a
+  <Edi..5d202f90
+      ..bda92123
+      ..e1832bdc
+      ..92be6073
+      ..f804ccac
+      ..4821ecdf
+      ..655455a4
+      ..9cda0fa8
+..bc485e1a
+  <Tex..afb516a2
+      ..bda92123
+      ..726a9829
+      ..b83ca1f0
+      ..42493b4d
+      ..ebcd3d83
+..bc485e1a
+  <Tex..afb516a2
+      ..bda92123
+      ..726a9829
+      ..5ec9cbf1
+      ..8a0021f1
+..bc485e1a
+</Line..a3d0df79
--- /de..42b1d147
+﻿<?x..6e2fd0d3
+..bc485e1a
+<Linea..91bc0163
+      ..8addca3a
+      ..444bc8d7
+      ..667f4c4a
+      ..f667d4e4
+..bc485e1a
+  <Tex..afb516a2
+      ..bda92123
+      ..726a9829
+      ..367bba19
+      ..3d010d88
+      ..655455a4
+      ..a6c20918
+..bc485e1a
+  <Fra..8341f62d
+      ..32749334
+      ..3b0ec13c
+..bc485e1a
+    <I..e1326dab
+      ..9252910a
+      ..984967f0
+..bc485e1a
+    <T..6e4b1c5d
+      ..fa8625c6
+      ..35899676
+      ..584542e1
+      ..14e88c4a
+  </Fr..1ab71ad9
+  <Tex..afb516a2
+      ..bda92123
+      ..726a9829
+      ..9824f5bd
+      ..655455a4
+      ..134c30f2
+      ..3d010d88
+      ..19fa2e0f
+..bc485e1a
+</Line..a3d0df79