-﻿nam..174c9e98
+﻿usi..6d54cdb7
+using ..4641711d
+..928a51ec
+namesp..0b049dab
+      ..e69c9e4c
+..928a51ec
+      ..4257607b
+..928a51ec
+      ..9953b3f7
--- /de..0a14cc1c
+﻿usi..a529e5b4
+using ..892c9ca5
+using ..cd629608
+..928a51ec
+namesp..7f7a7485
+{..107c277c
+    pu..00502b29
+    {..c6058415
+      ..5984fe3f
+..928a51ec
+      ..e98baa41
+      ..43849294
+      ..f562d839
+      ..0e426d93
+..928a51ec
+      ..53f3a907
+    }..3c5c7614
+}..69ff581a
--- /de..0a14cc1c
+﻿<?x..5c1ffb6e
+<Proje..bac08c06
+  <Imp..5d3f0cdc
+  <Pro..2de514f1
+    <M..77342d80
+    <C..55440310
+    <P..60d9b526
+    <P..cdf7f527
+    <O..46ba63ff
+    <A..f925af39
+    <R..ea80dba0
+    <A..69890dfc
+    <D..3108594f
+    <F..b48878b2
+    <P..1d23c718
+    <T..1a808a41
+    </..918c8426
+    <T..589f6772
+  </Pr..8db6bf56
+  <Pro..0ad9591b
+    <D..b0f96217
+    <D..c6e91978
+    <O..f83c89e9
+    <O..9af6e9c3
+    <D..027d5cee
+    <E..4cabdac0
+    <W..729187d5
+  </Pr..8db6bf56
+  <Pro..e9e0dd28
+    <D..a585b566
+    <O..85fbb60f
+    <O..d2a626ff
+    <D..2fd9d3bf
+    <E..4cabdac0
+    <W..729187d5
+  </Pr..8db6bf56
+  <Ite..aa3c832c
+    <!..995504c1
+    <N..e4dce4a0
+  </It..5854bc15
+  <Ite..aa3c832c
+    <C..cd69ebe6
+    <C..e992d7bf
+    <C..d4d68a44
+  </It..5854bc15
+  <Imp..a670b5e4
+  <!--..81286217
+      ..8a0059cc
+  <Tar..85a2ece3
+  </Ta..5cdd0205
+  <Tar..5af2628f
+  </Ta..5cdd0205
+  -->..bc5ca252
+</Proj..f9edf3c8
--- /de..0a14cc1c
+﻿usi..070fe756
+using ..16f05d89
+using ..05ce3d88
+using ..e7607f91
+..928a51ec
+// Gen..6c232d57
+// set..3df2a4fa
+// ass..caed0af2
+[assem..57118abd
+[assem..4875c613
+[assem..16918aa8
+[assem..1687f43a
+[assem..5ca3ed18
+[assem..2eb523de
+[assem..56ecc0d8
+[assem..2b69752b
+[assem..5e53ad72
+..928a51ec
+// Ver..98225127
+//..e7e3c4e7
+//    ..3c31acbc
+//    ..36698c7a
+//    ..1bd391f7
+//    ..7c89de40
+//..e7e3c4e7
+// You..806997fd
+// by ..11236231
+// [as..1d915a53
+[assem..b6889b3d
+[assem..5df8b59e
--- /de..0a14cc1c
+﻿usi..93c9c5c1
+..928a51ec
+namesp..cb4c9c2f
+{..107c277c
+    pu..5c3eeac9
+    {..c6058415
+    }..3c5c7614
+}..69ff581a
--- /de..0a14cc1c
+﻿{..21ca987c
+  "sup..da65466f
+  "dep..ea1f87d9
+    "M..b1939095
+    "N..5ef6546a
+  },..4d5500fc
+  "fra..43933cea
+    "n..cce9a62f
+  }..61ecb7cc
+}..69ff581a