--- /de..0a14cc1c
+﻿<?x..5c1ffb6e
+<Proje..bac08c06
+  <Imp..5d3f0cdc
+  <Pro..2de514f1
+    <M..77342d80
+    <C..55440310
+    <P..60d9b526
+    <P..0359bd23
+    <O..46ba63ff
+    <A..f925af39
+    <R..518ef53f
+    <A..4f3f3228
+    <D..3108594f
+    <F..b48878b2
+    <P..1d23c718
+    <T..1a808a41
+    </..918c8426
+    <T..589f6772
+  </Pr..8db6bf56
+  <Pro..0ad9591b
+    <D..b0f96217
+    <D..c6e91978
+    <O..f83c89e9
+    <O..9af6e9c3
+    <D..027d5cee
+    <E..4cabdac0
+    <W..729187d5
+  </Pr..8db6bf56
+  <Pro..e9e0dd28
+    <D..a585b566
+    <O..85fbb60f
+    <O..d2a626ff
+    <D..2fd9d3bf
+    <E..4cabdac0
+    <W..729187d5
+  </Pr..8db6bf56
+  <Ite..aa3c832c
+    <!..995504c1
+    <N..e4dce4a0
+  </It..5854bc15
+  <Ite..aa3c832c
+    <C..e992d7bf
+  </It..5854bc15
+  <Imp..a670b5e4
+  <!--..81286217
+      ..8a0059cc
+  <Tar..85a2ece3
+  </Ta..5cdd0205
+  <Tar..5af2628f
+  </Ta..5cdd0205
+  -->..bc5ca252
+</Proj..f9edf3c8
--- /de..0a14cc1c
+﻿usi..070fe756
+using ..16f05d89
+using ..05ce3d88
+using ..e7607f91
+..928a51ec
+// Gen..6c232d57
+// set..3df2a4fa
+// ass..caed0af2
+[assem..bb3cd66f
+[assem..4875c613
+[assem..16918aa8
+[assem..1687f43a
+[assem..a34fd659
+[assem..2eb523de
+[assem..56ecc0d8
+[assem..2b69752b
+[assem..5e53ad72
+..928a51ec
+// Ver..98225127
+//..e7e3c4e7
+//    ..3c31acbc
+//    ..36698c7a
+//    ..1bd391f7
+//    ..7c89de40
+//..e7e3c4e7
+// You..806997fd
+// by ..11236231
+// [as..1d915a53
+[assem..b6889b3d
+[assem..5df8b59e
--- /de..0a14cc1c
+﻿{..21ca987c
+  "sup..da65466f
+  "dep..ea1f87d9
+    "N..9641cf5a
+  },..4d5500fc
+  "fra..43933cea
+    "n..cce9a62f
+  }..61ecb7cc
+}..69ff581a
--- /de..0a14cc1c
+﻿..92fec836
+Micros..109503ba
+# Visu..e967073e
+Visual..e0b95c98
+Minimu..c53e4988
+Projec..444cf6d3
+EndPro..2aef454f
+Global..b39e87ae
+	Globa..7fc01112
+		Debu..33b8f187
+		Rele..aea12d89
+	EndGl..54c0cfaf
+	Globa..01fc3b88
+		{26C..d84c08e9
+		{26C..ab76ca81
+		{26C..5ca74ea0
+		{26C..f92766cb
+	EndGl..54c0cfaf
+	Globa..20cbea79
+		Hide..3b1cdb95
+	EndGl..54c0cfaf
+EndGlo..742c61e0