--- /de..9d65a354
+packag..8baeed2b
+..f6695a6a
+import..23fe4838
+import..ecfc29b3
+..f6695a6a
+/**..fe88259d
+ * A u..776d6038
+ *..cf743a4e
+ * @au..0e0ba9f5
+ * @se..36547b29
+ * @se..5494ab3f
+ */..dd32bf8a
+@Gette..64fa3bc4
+public..dfa9eb17
+..f6695a6a
+    /*..54b52804
+     *..f059923a
+     *..1d2ac46f
+     *..e4915527
+     *..b1f07570
+    @S..bc928b17
+    pr..a47b352d
+..f6695a6a
+    /*..54b52804
+     *..8219bbb5
+     *..1d2ac46f
+     *..c60b1b96
+     *..b1f07570
+    @S..19771ab2
+    pr..4a88b7c6
+..f6695a6a
+    /*..54b52804
+     *..ada06d8f
+     *..1d2ac46f
+     *..5f0e470b
+     *..b1f07570
+    @S..bf115e62
+    pr..448b499c
+..f6695a6a
+}..82ef5c4d
+/**..fe88259d
+ * A b..2577f30b
+ *..cf743a4e
+ * @au..0e0ba9f5
+ * @se..d587ddee
+ */..dd32bf8a
+    /*..54b52804
+     *..2f69d0e6
+     *..1d2ac46f
+     *..cb97ca48
+     *..9b74c2ee
+     *..b1f07570
+    /*..54b52804
+     *..31eb7419
+     *..1d2ac46f
+     *..7456f634
+     *..9b74c2ee
+     *..b1f07570
+    /*..54b52804
+     *..32a961d8
+     *..1d2ac46f
+     *..7efb16f3
+     *..9b74c2ee
+     *..b1f07570
+/**..fe88259d
+ * The..be121824
+ *..cf743a4e
+ * @au..0e0ba9f5
+ * @se..d587ddee
+ */..dd32bf8a
+    /*..54b52804
+     *..5b90be02
+     *..1d2ac46f
+     *..d6aec9bb
+     *..b1f07570
+/**..fe88259d
+ * A b..4e70b2c8
+ *..cf743a4e
+ * @au..0e0ba9f5
+ * @se..d587ddee
+ */..dd32bf8a
+    /*..54b52804
+     *..b394b68e
+     *..1d2ac46f
+     *..9b091e95
+     *..9b74c2ee
+     *..b1f07570
+    /*..54b52804
+     *..2f69d0e6
+     *..1d2ac46f
+     *..cb97ca48
+     *..9b74c2ee
+     *..b1f07570
+    /*..54b52804
+     *..31eb7419
+     *..1d2ac46f
+     *..7456f634
+     *..9b74c2ee
+     *..b1f07570
+    /*..54b52804
+     *..28370411
+     *..1d2ac46f
+     *..c4c02627
+     *..9b74c2ee
+     *..b1f07570
+/**..fe88259d
+ * The..828024fe
+ *..cf743a4e
+ * @au..0e0ba9f5
+ * @se..d587ddee
+ */..dd32bf8a
+    /*..54b52804
+     *..e868028b
+     *..1d2ac46f
+     *..a6aaa9a4
+     *..b1f07570
+/**..fe88259d
+ * A b..929d6f1b
+ *..cf743a4e
+ * @au..0e0ba9f5
+ * @se..d587ddee
+ */..dd32bf8a
+    /*..54b52804
+     *..31eb7419
+     *..1d2ac46f
+     *..7456f634
+     *..9b74c2ee
+     *..b1f07570
+    /*..54b52804
+     *..32a961d8
+     *..1d2ac46f
+     *..7efb16f3
+     *..9b74c2ee
+     *..b1f07570
+/**..fe88259d
+ * The..b5263df6
+ *..cf743a4e
+ * @au..0e0ba9f5
+ * @se..d587ddee
+ */..dd32bf8a
+    /*..54b52804
+     *..dd62f44b
+     *..1d2ac46f
+     *..672c8db7
+     *..b1f07570
+/**..fe88259d
+ * Rep..e038b632
+ *..cf743a4e
+ * @au..0e0ba9f5
+ * @se..494b8308
+ */..dd32bf8a
+    /*..54b52804
+     *..e14866d2
+     *..1d2ac46f
+     *..0bd8b415
+     *..b1f07570
+    /*..54b52804
+     *..b3ca4a16
+     *..1d2ac46f
+     *..b409565b
+     *..b1f07570
+/**..fe88259d
+ * Rep..e77d480d
+ *..cf743a4e
+ * @au..0e0ba9f5
+ * @se..36547b29
+ */..dd32bf8a
+    /*..54b52804
+     *..48be8c5f
+     *..1d2ac46f
+     *..0bd8b415
+     *..b1f07570
+    /*..54b52804
+     *..738307f1
+     *..1d2ac46f
+     *..b409565b
+     *..b1f07570
+    /*..54b52804
+     *..90550223
+     *..1d2ac46f
+     *..a44c5c92
+     *..b1f07570
+    /*..54b52804
+     *..d5ada4c9
+     *..1d2ac46f
+     *..e4915527
+     *..b1f07570
-import..56bb4403
+/**..fe88259d
+ * Rep..d0547429
+ *..cf743a4e
+ * @au..0e0ba9f5
+ * @se..d587ddee
+ */..dd32bf8a
+    /*..54b52804
+     *..ad683e81
+     *..1d2ac46f
+     *..0bd8b415
+     *..b1f07570
+    /*..54b52804
+     *..bc417644
+     *..1d2ac46f
+     *..b409565b
+     *..b1f07570
+    /*..54b52804
+     *..5eec5052
+     *..1d2ac46f
+     *..9f013560
+     *..b1f07570
+    /*..54b52804
+     *..61501d99
+     *..1d2ac46f
+     *..27ae820c
+     *..b1f07570
-    pr..366e0851
+    pr..e03a0f62
+    /*..54b52804
+     *..da4f91f5
+     *..1d2ac46f
+     *..772662b4
+     *..b1f07570
+    /*..54b52804
+     *..1658c8f1
+     *..1d2ac46f
+     *..944e0149
+     *..b1f07570