+..854411e9
+    vo..6d6d43ee
+..854411e9
+    vo..420ee066
+..854411e9
+    vo..6d6d43ee
+..854411e9
+    vo..420ee066
-      ..90740539
+    pu..a9a777e5
+      ..7c28f141
+    }..cd04b0e3
+..854411e9
+    @O..1f05ed66
+    pu..01eb848e
+      ..7c28f141
+    }..cd04b0e3
+..854411e9
+    @O..1f05ed66
--- /de..0ad2d74a
+packag..520638a3
+..854411e9
+import..56f22ea6
+..854411e9
+public..ffb4e5fe
+..854411e9
+    pr..c358c9f3
+..854411e9
+    pu..ede04e3a
+      ..0d70096a
+    }..cd04b0e3
+..854411e9
+    @O..1f05ed66
+    pu..704d2440
+      ..d8d83702
+    }..cd04b0e3
+}..5a5452e7
+import..b4826e80
+import..b88bea95
+import..280a08f5
+    pr..4676ac97
+..854411e9
+    pr..dcbc97fb
+..854411e9
+      ..52188b4c
-      ..d4574340
+      ..0410616e
+      ..6be7e4e6
+..854411e9
-    pr..7e7737bd
-      ..c3fd252e
+    pr..82a01eb0
+      ..573a8fb1
-      ..0b74ee6b
+      ..d10c71a5
+      ..9167917f
+      ..1ccb4b23
+      ..8ae99cd9
+    }..cd04b0e3
+..854411e9
+    pr..2911f4f2
+      ..883e7d77
+      ..9167917f
+      ..f0720e69
+      ..d7d49f8a
+      ..527670d9
+      ..978c19d6
-    pr..3acc5008
+    pr..ee1d4a98
+..854411e9
+    @O..1f05ed66
+    pu..a9a777e5
+      ..e2fd15a2
+..854411e9
+      ..1e7c0485
+      ..f7e42687
+      ..b4b4f2a9
+..854411e9
+      ..9075404f
+      ..c7de19b3
+      ..fb481466
+    }..cd04b0e3
+..854411e9
+    @O..1f05ed66
+    pu..01eb848e
+      ..e2fd15a2
+..854411e9
+      ..1e7c0485
+      ..f7e42687
+      ..b4b4f2a9
+    }..cd04b0e3
+..854411e9
+    pr..7fc0795f
+      ..7ffe59b1
+      ..f02fc612
+      ..b4b4f2a9
+    }..cd04b0e3
+..854411e9
+    pr..d0d37030
+      ..7ffe59b1
+      ..3deab293
+      ..b4b4f2a9
+    }..cd04b0e3