+     *..6e2eb8b2
+      ..ed87a406
+     *..9062519e
+      ..44faac14
+     *..6e2eb8b2
-      ..f2b61950
+      ..eb8201d7
+      ..4e0d48a7
+     *..9062519e
+      ..cc0823e1
-    Re..768fb835
+    Re..830f4716
+      ..27f696a8
+      ..b93dd59f
+      ..1796ee25
-      ..7a79ba4b
+      ..07a62c79
+      ..887ebd16
-      ..104b79da
+      ..b86bd132
-      ..0d7aecbf
-      ..baf6ec48
+      ..7856d840
+      ..9ba3adbf
+      ..2496a1fb
+      ..eae3317f
-      ..dfd12f65
+      ..30ce587e
-    pr..08709c72
+    pr..3f524d90
+      ..f7e431ca
+      ..5744cb8d
-      ..a842c55e
+      ..c366125d
+      ..6714e54d
+      ..eae3317f
+      ..8b23ac35
-    @S..9419ffe8
-    pr..27fd42e2
-..76b451c1
-    @S..eb4d11b8
-    pr..be844dcc
+    @S..53f0d882
+    pr..475e98ed
+    @S..9e0e0059
+    pr..3eac4c5b
+..d792382d
-    pu..cb301157
-      ..99257746
-    }..6ea3a5be
-..76b451c1
-    pu..7db53fc9
-      ..2a54e129
+    pu..0f57e1b6
+      ..55c38718
+    pu..d4c5fae4
+      ..543c1fb2
+    }..ca031267
+..d792382d
+      ..4be301d8
-      ..d41bf0c2
-      ..6f33762f
-      ..57ed6396
+      ..ce7d5fb2
+      ..9636432e
+      ..4be301d8
-      ..6f33762f
-      ..57ed6396
+      ..9636432e
+      ..4be301d8
-      ..d41bf0c2
-      ..6f33762f
-      ..57ed6396
+      ..ce7d5fb2
+      ..9636432e
-  Dele..a4bc0881
-    id..cef9397b
-    ap..f0c2f454
-    et..39e5eb1a
-    li..84f069a4
-    fi..2eb3d4a9
-      ..5685bff5
-      ..59c02ae3
+    De..a021ae02
+      ..89b64d2a
+      ..eb3897f6
+      ..83be0d72
+      ..d6a97283
+      ..4be301d8
+      ..d84cf527
+      ..8dc20ff8
+      ..9154e839
+      ..ce7d5fb2
+      ..7d0edda9
+      ..0ab569e9
+      ..ad4b8d8a
+      ..ce7d5fb2
+      ..14a4fa5b
+      ..0045c31f
+      ..9636432e
+      ..305a687c
-    cr..d2975fa8
-    up..839bf7d2
-    to..b4db951b
-      ..9bc1de85
-      ..2c5c9fa1
-    },..4518128c
-    et..8fb857ef
-    en..e626c752
-    al..b05232f1
-  }..dfc43b8e
+      ..4be301d8
-      ..d41bf0c2
-      ..6f33762f
-      ..57ed6396
+      ..ce7d5fb2
+      ..9636432e