-import..727b50a7
-..76b451c1
-    @S..de545c3b
-    @S..57cbd901
-    @S..544f3607
+    pr..2a6b8022
+..d792382d
-    pr..60a364ec
-..76b451c1
-    pu..1897d3ce
-      ..5399af2c
+    pu..1fc61f7c
+      ..222180a4
-    pu..c926e8f8
-      ..b69935a5
+    pu..692cfff9
+      ..b6c7329a
-    @S..1b78860e
-    @S..2e0f374d
+    pr..230b2d4e
+..d792382d
-    pu..6116c63e
+    pu..b302dfd3
+      ..fa5d2f15
+    pu..23860b3f
+      ..303a0d02
+    }..ca031267
+..d792382d
-import..727b50a7
-..76b451c1
-    @S..f455a7c4
-    @S..31b8f3d6
-      ..39b3c26f
-      ..b888274e
-      ..b64567e0
-      ..d8455d52
-      ..24150fa7
-      ..40264d68
-      ..d41bf0c2
+      ..39fd2302
+      ..0484e2f5