-# User..5fbb2182
-/.idea..b99e3b22
-!/.ide..ebc10d4c
-*.iml..373ced28
+# User..896deb88
+.idea/..b57df885
+.idea/..f0c579c1
+.idea/..97b3f2bc
+.idea/..7e7604bc
+.idea/..100a6761
+..8e68f68b
+# Gene..995bddc6
+.idea/..31502066
+..8e68f68b
+# Sens..a6bf602c
+.idea/..3d9038ed
+.idea/..97fe0be8
+.idea/..b1d42693
+.idea/..646ebeac
+.idea/..c5f3d573
+.idea/..8bc7b345
+.idea/..014d6960
+..8e68f68b
+# Grad..12b9de70
+.idea/..5043627d
+.idea/..be5de55f
+..8e68f68b
+# Grad..69554cb0
+# When..8d567ba3
+# sinc..44d40991
+# auto..f6b6ccc8
+.idea/..04698a93
+.idea/..60f35dc7
+.idea/..910ef516
--- /de..f94c3c58
+<?xml ..57c74a7a
+<proje..61b7ad6d
+  <com..a4bfe4aa
+</proj..ee5ff2c1
--- /de..f94c3c58
+<?xml ..57c74a7a
+<proje..61b7ad6d
+  <com..d050c199
+    <o..70f6a10a
+  </co..cadcc594
+  <com..502ff57c
+</proj..ee5ff2c1
--- /de..f94c3c58
+<?xml ..57c74a7a
+<proje..61b7ad6d
+  <com..02be3203
+    <m..2613dc9b
+  </co..cadcc594
+</proj..ee5ff2c1