+import..5a0d8e90
+    pr..b5af9a2a
+..ddba78de
+..ddba78de
+    pu..f732fef2
+      ..154f3304
+    }..7af6086a
-      ..2b512ad0
+      ..336c452a
+      ..5a938720
+      ..f59600f6
+      ..f141f2b6
+      ..c4c63cc1
+      ..19bfb999
+      ..39bf1d95
+      ..fc944036
+      ..6d95f591
+      ..ee60d9ec
+      ..945e0b58
-      ..2b512ad0
+      ..336c452a
+      ..5a938720
+      ..f59600f6
+      ..f141f2b6
+      ..c4c63cc1
+      ..19bfb999
+      ..39bf1d95
+      ..fc944036
+      ..6d95f591
+      ..ee60d9ec
+      ..945e0b58
-      ..2b512ad0
+      ..336c452a
+      ..5a938720
+      ..f59600f6
+      ..f141f2b6
+      ..c4c63cc1
+      ..19bfb999
+      ..39bf1d95
+      ..fc944036
+      ..6d95f591
+      ..ee60d9ec
+      ..945e0b58
-      ..2b512ad0
+      ..336c452a
+      ..5a938720
+      ..f59600f6
+      ..f141f2b6
+      ..c4c63cc1
+      ..19bfb999
+      ..39bf1d95
+      ..fc944036
+      ..6d95f591
+      ..ee60d9ec
+      ..945e0b58