-      ..a74e8368
+      ..c11a8e33
+import..87beaef8
+import..dca4fde3
-import..7b122979
-import..902df53a
-    pr..ae817190
-      ..15777492
+      ..b1f28d48
+      ..f48939a7
-    pu..4a922008
-      ..80d9ba92
-      ..8e02d4e6
-      ..d961860f
-      ..4e3e091b
-    }..da1fb1e8
-..4583cd2e
-      ..cf8a5dd7
+      ..46fd67d3
-      ..44f761f3
+      ..7aa788a4
-      ..1da51a4e
+      ..1fa50fe2
-      ..4eb70a47
+      ..f943e016
-      ..5c7e642e
+      ..f6586971
+++ /de..cdcfcdad
-packag..ff1e7810
-..4583cd2e
-import..c5494794
-import..76853142
-..4583cd2e
-public..c700a7b7
-..4583cd2e
-    pr..134067cc
-..4583cd2e
-    pu..2028ffa7
-      ..278a0781
-    }..da1fb1e8
-..4583cd2e
-    pu..45e9638d
-      ..13d29297
-    }..da1fb1e8
-..4583cd2e
-    pu..a0e988d9
-      ..0c23dedc
-    }..da1fb1e8
-..4583cd2e
-    pu..cdf29c93
-      ..5f89d39e
-      ..96e97dc9
-      ..f74c070d
-      ..a8f3d7fb
-      ..ba183f32
-..4583cd2e
-      ..8ff649ce
-..4583cd2e
-      ..0eb473e7
-      ..eb289851
-      ..ba183f32
-..4583cd2e
-      ..5360a023
-..4583cd2e
-      ..0eb473e7
-      ..eb289851
-      ..ba183f32
-      ..d961860f
-      ..444407a4
-    }..da1fb1e8
-..4583cd2e
-}..212993d7
+++ /de..cdcfcdad
-packag..ff1e7810
-..4583cd2e
-import..a1a28f5d
-import..902df53a
-import..e895cee5
-import..bbb20e90
-import..d54e35b2
-..4583cd2e
-import..64293755
-import..e5efc748
-import..ae9e6b4d
-import..a319c491
-import..458f36db
-import..99094b87
-..4583cd2e
-public..a3367794
-..4583cd2e
-    pr..3b06304c
-    pr..8a494633
-    pr..6faae195
-..4583cd2e
-    pr..d7d68019
-      ..d8ed4762
-      ..575c4e8d
-    }..da1fb1e8
-..4583cd2e
-    pu..8f2372b5
-      ..8f0261d4
-    }..da1fb1e8
-..4583cd2e
-    pu..b4b1b4be
-      ..9f673406
-    }..da1fb1e8
-..4583cd2e
-    pu..4fceebe5
-      ..0efb72ca
-    }..da1fb1e8
-..4583cd2e
-    pr..2e015773
-      ..05767afa
-      ..566335c2
-    }..da1fb1e8
-..4583cd2e
-    pr..e01e1678
-      ..06cbf983
-..4583cd2e
-      ..1a8a145d
-      ..7d2629bc
-      ..9b795d13
-      ..dbab02bb
-      ..6346140d
-      ..60fb98d2
-      ..6afef729
-      ..d961860f
-..4583cd2e
-      ..c64cff63
-    }..da1fb1e8
-..4583cd2e
-    pu..a496748b
-..4583cd2e
-      ..944249af
-..4583cd2e
-      ..9d9fd1c7
-      ..0c017366
-      ..d961860f
-..4583cd2e
-      ..4b8380b7
-      ..4d71b6b6
-      ..619a1492
-      ..ba183f32
-      ..24e40962
-      ..d961860f
-..4583cd2e
-      ..deddea8e
-      ..80b2c16b
-      ..24e40962
-      ..d961860f
-..4583cd2e
-      ..fc7fd480
-      ..5abc6621
-      ..d961860f
-..4583cd2e
-    }..da1fb1e8
-..4583cd2e
-    pu..aa2c2a2f
-      ..22174644
-    }..da1fb1e8
-..4583cd2e
-}..212993d7
--- /de..267d4475
+packag..a2661086
+..ddba78de
+import..da376f43
+..ddba78de
+import..6ed7560a
+import..3c6160bb
+import..7760d4b9
+import..cedb2201
+..ddba78de
+/**..71f75335
+ * Ann..ee218b96
+ */..ef3c3a3a
+@Reten..c3cc9af6
+@Targe..eca1ab9e
+public..85bd06ba
+..ddba78de
+    /*..35536649
+     *..c11c2d95
+     *..71c3f612
+     *..e00b5034
+     *..90de8db6
+    No..d26e4f73
+..ddba78de
+    /*..35536649
+     *..5f1b9263
+     *..71c3f612
+     *..0e1e2d35
+     *..90de8db6
+    bo..6fdd1c8d
+..ddba78de
+}..776f20ab
--- /de..267d4475
+packag..a2661086
+..ddba78de
+import..81f62928
+import..6ed7560a
+import..3c6160bb
+import..7760d4b9
+import..cedb2201
+..ddba78de
+@Docum..795541ed
+@Targe..1898c92f
+@Reten..c3cc9af6
+public..3e1b2a02
+..ddba78de
+    St..3fb78b01
+}..776f20ab
--- /de..267d4475
+packag..a2661086
+..ddba78de
+import..3c6160bb
+import..7760d4b9
+..ddba78de
+@Reten..c3cc9af6
+public..f6858bf2
+}..776f20ab
--- /de..267d4475
+packag..80ec8ada
+..ddba78de
+import..4958f318
+import..ab403533
+..ddba78de
+import..764c4a60
+import..a589e5ee
+import..d658a634
+import..eb04911a
+import..6a735634
+import..f381046f
+import..2d9b4c5b
+import..74778434
+import..97787086
+import..9ece312b
+..ddba78de
+public..d3e99af5
+..ddba78de
+    pr..80a4ca09
+    pr..cd3a44a6
+    pr..18f03731
+    pr..59774c06
+..ddba78de
+    pu..c5f9e9f4
+      ..1e140cbd
+      ..05ca697f
+      ..067e0390
+    }..7af6086a
+..ddba78de
+    pr..3699deb1
+      ..12886796
+      ..d1e2d01a
+      ..4531ebef
+      ..86d58a55
+      ..3d739497
+      ..ee60d9ec
+      ..945e0b58
+    }..7af6086a
+..ddba78de
+    pr..e8c494bf
+..ddba78de
+    pu..04badaec
+      ..8f44d7a5
+..ddba78de
+      ..caea7c03
+      ..ed5ba797
+      ..0e11456b
+      ..5432f643
+      ..ee60d9ec
+..ddba78de
+      ..5ae7c13e
+      ..c36a4bbd
+      ..4fbb1b88
+      ..6f8622c1
+      ..945e0b58
+      ..6d5b63e0
+    }..7af6086a
+..ddba78de
+    pr..21dd0073
+      ..d725fe74
+    }..7af6086a
+..ddba78de
+    pr..ec50ae8a
+      ..04438ffd
+      ..3a727281
+      ..a7078f92
+..ddba78de
+      ..8598c91e
+      ..7bc6bbb7
+      ..3bfac23b
+      ..9dff5822
+      ..ee60d9ec
+      ..11de6d69
+      ..4be97a20
+      ..945e0b58
+    }..7af6086a
+}..776f20ab
+++ /de..cdcfcdad
-packag..c5173ac8
-..4583cd2e
-import..e29099f6
-..4583cd2e
-import..a6959392
-import..f620acca
-import..16efb0bb
-import..b8e57a33
-..4583cd2e
-/**..f5f7ec44
- * Ann..d1cb9403
- */..97b795c5
-@Reten..163e66ff
-@Targe..1f5c98e8
-public..9aff795d
-..4583cd2e
-    /*..0438b100
-     *..ec78bd22
-     *..8b3aa9bf
-     *..052918a2
-     *..75a249d2
-    No..66edfb74
-..4583cd2e
-    /*..0438b100
-     *..6e66b3a5
-     *..8b3aa9bf
-     *..18edca22
-     *..75a249d2
-    bo..bad50bc1
-..4583cd2e
-}..212993d7
+++ /de..cdcfcdad
-packag..b360ebaa
-..4583cd2e
-import..f620acca
-import..16efb0bb
-..4583cd2e
-@Reten..163e66ff
-public..3e7dfee5
-}..212993d7
--- /de..267d4475
+packag..586ef2a1
+..ddba78de
+import..86c28c69
+import..d9951e3b
+import..8649557e
+import..ab18da90
+import..aa045641
+import..f80af603
+import..5bdbe4b7
+import..fb93557f
+import..1fe3b5b7
+import..dd497de0
+import..f8186691
+..ddba78de
+import..764c4a60
+import..a589e5ee
+import..629d29d2
+..ddba78de
+/**..71f75335
+ * Bod..d50e1f03
+ * but..8d49112e
+ */..ef3c3a3a
+..ddba78de
+public..1b5dc2f9
+..ddba78de
+    pr..8dcf7b56
+..ddba78de
+    pr..ca7718d5
+      ..b429015c
+      ..2b573fe2
+      ..ceeddf31
+      ..3fc656da
+..ddba78de
+    /*..35536649
+     *..bef2fec5
+     *..1fe1fdde
+     *..ea853bb5
+     *..90de8db6
+    pr..2a9b4306
+      ..20351df8
+    }..7af6086a
+..ddba78de
+    /*..35536649
+     *..8ec24872
+     *..124f24d8
+     *..184162a8
+     *..ea853bb5
+     *..71c3f612
+     *..e3edac79
+     *..acb36fab
+     *..029d5624
+     *..b1470978
+     *..90de8db6
+    @O..5a7adbe1
+    pu..9b98c985
+      ..6c92a0ee
+      ..084a512c
+      ..945e0b58
+..ddba78de
+      ..6d5b63e0
+    }..7af6086a
+..ddba78de
+    /*..35536649
+     *..8ec24872
+     *..124f24d8
+     *..19bdcdee
+     *..ea853bb5
+     *..71c3f612
+     *..a2244086
+     *..784e8639
+     *..029d5624
+     *..3de482b6
+     *..90de8db6
+    @O..5a7adbe1
+    pu..925d9872
+      ..b9449fce
+      ..49c99450
+      ..945e0b58
+..ddba78de
+      ..6d5b63e0
+    }..7af6086a
+..ddba78de
+    pu..e9efc181
+      ..42cda9a9
+    }..7af6086a
+..ddba78de
+    /*..35536649
+     *..6b6f6451
+     *..32ae9c2c
+     *..90de8db6
+    pr..fa9488cd
+      ..908a5e93
+..ddba78de
+      ..023f0af0
+      ..a3fdc808
+      ..945e0b58
+..ddba78de
+      ..976fc0d5
+      ..ea975453
+      ..2f77d0a3
+      ..cda18f34
+      ..1c01b1e2
+      ..cc81a482
+      ..06726391
+      ..37539ecd
+      ..15599a12
+      ..5f19e24d
+      ..40d5a3c1
+      ..680131bc
+      ..c372ee12
+      ..7bc0b425
+      ..ec029e30
+      ..af43f043
+      ..963cfa4d
+      ..ee60d9ec
+      ..bcb3e1a3
+      ..945e0b58
+    }..7af6086a
+..ddba78de
+    /*..35536649
+     *..1874afaa
+     *..90de8db6
+    pr..b857d443
+      ..f6e4b086
+..ddba78de
+      ..9bf80357
+      ..75ffdc0c
+      ..945e0b58
+..ddba78de
+      ..976fc0d5
+      ..918541ed
+      ..792efe2b
+      ..1c01b1e2
+      ..cc81a482
+      ..d41dab53
+      ..e320714d
+      ..15599a12
+      ..5f19e24d
+      ..64b6f831
+      ..e7688c75
+      ..3070bf43
+      ..ed3bcaf4
+      ..4ffafdd7
+      ..5c0bec11
+      ..b1f792c5
+      ..e8fb90e1
+      ..945e0b58
+    }..7af6086a
+}..776f20ab
--- /de..267d4475
+packag..586ef2a1
+..ddba78de
+import..b11b11fe
+import..fb93557f
+import..1252ae8a
+import..dd497de0
+import..f8186691
+..ddba78de
+import..764c4a60
+import..a589e5ee
+import..629d29d2
+..ddba78de
+public..e92ec6c7
+..ddba78de
+    pr..e113e11b
+..ddba78de
+    pu..16f6c4c8
+      ..4e8e5fc2
+    }..7af6086a
+..ddba78de
+    @O..5a7adbe1
+    pu..d294452b
+      ..82da683f
+      ..6fefed11
+      ..14cbb5c4
+      ..11b8103b
+      ..82e7c5f6
+      ..ee60d9ec
+      ..945e0b58
+      ..6d5b63e0
+    }..7af6086a
+..ddba78de
+    pu..1c7992c2
+..ddba78de
+      ..b283472c
+..ddba78de
+      ..dd761976
+      ..d556b494
+      ..945e0b58
+..ddba78de
+      ..5f19e24d
+      ..38614bc6
+      ..7d1f074f
+      ..0556c334
+      ..12c5f78c
+      ..945e0b58
+    }..7af6086a
+}..776f20ab
-import..5ab6a844
+import..c132d8bb
--- /de..267d4475
+packag..461bfe33
+..ddba78de
+public..8a9fd891
+..ddba78de
+    pu..13a6139a
+..ddba78de
+}..776f20ab
--- /de..267d4475
+packag..4f49ad4b
+..ddba78de
+import..8db6ea08
+import..97787086
+..ddba78de
+public..7c4bae5f
+..ddba78de
+    pr..64d6de66
+    pr..1e8c7d78
+    pr..8b0b79ac
+..ddba78de
+    pu..b5417005
+      ..ff26a24d
+    }..7af6086a
+..ddba78de
+    pu..f0d25623
+      ..280ed9c9
+    }..7af6086a
+..ddba78de
+    pu..5cb695e1
+      ..7e32d554
+    }..7af6086a
+..ddba78de
+    @O..5a7adbe1
+    pu..422f4ade
+      ..565971f5
+      ..86533864
+      ..e3bedfde
+      ..cb244234
+      ..0e0d9772
+    }..7af6086a
+}..776f20ab
--- /de..267d4475
+packag..a675037d
+..ddba78de
+import..cb87b72e
+..ddba78de
+import..8db6ea08
+..ddba78de
+public..cfd92274
+..ddba78de
+    pr..9d500df0
+..ddba78de
+    pr..ee801027
+..ddba78de
+    pu..8d8ed45c
+      ..70d5424b
+    }..7af6086a
+..ddba78de
+    pu..d80ae9ef
+      ..09da9c6c
+    }..7af6086a
+..ddba78de
+    pu..3a4bf02d
+      ..f34a6dd6
+    }..7af6086a
+}..776f20ab
--- /de..267d4475
+packag..73ddcf81
+..ddba78de
+import..74778434
+import..97787086
+..ddba78de
+public..feb282f6
+..ddba78de
+    pr..246bbbb0
+..ddba78de
+    pu..7d0a0792
+      ..acd63bbe
+    }..7af6086a
+..ddba78de
+    pu..f2053e42
+      ..14b9e042
+    }..7af6086a
+..ddba78de
+    pu..35a88ebf
+      ..c801807a
+    }..7af6086a
+..ddba78de
+    pu..cb7f4fc3
+      ..1edffdba
+      ..8feab644
+      ..dbcb76d2
+      ..15f1de7a
+      ..ee60d9ec
+..ddba78de
+      ..2023e872
+..ddba78de
+      ..5b009d3f
+      ..cb333418
+      ..ee60d9ec
+..ddba78de
+      ..9ba8a659
+..ddba78de
+      ..5b009d3f
+      ..cb333418
+      ..ee60d9ec
+      ..945e0b58
+      ..47dd54b6
+    }..7af6086a
+..ddba78de
+}..776f20ab
--- /de..267d4475
+packag..73ddcf81
+..ddba78de
+public..af029ca3
+..ddba78de
+    pr..c4a8bcc8
+    pr..906007a6
+..ddba78de
+    pr..446c49e7
+      ..e9111063
+    }..7af6086a
+..ddba78de
+    pu..cc207aa0
+      ..08a615f1
+    }..7af6086a
+..ddba78de
+    pu..b76cc57f
+..ddba78de
+      ..417e6ccc
+..ddba78de
+      ..81790d49
+      ..3b0a18fa
+      ..945e0b58
+..ddba78de
+      ..52669a20
+      ..fb78f8a7
+      ..849d0b2d
+      ..945e0b58
+..ddba78de
+      ..50693d07
+      ..c936f69c
+      ..73289dba
+      ..ee60d9ec
+      ..849d0b2d
+      ..945e0b58
+..ddba78de
+      ..1c9829c4
+      ..fdad7fa1
+      ..e5894ccb
+      ..ee60d9ec
+      ..5f311cc3
+      ..945e0b58
+..ddba78de
+    }..7af6086a
+..ddba78de
+    pu..d6f650fc
+      ..5106ff8c
+    }..7af6086a
+..ddba78de
+}..776f20ab
+++ /de..cdcfcdad
-packag..c71370bd
-..4583cd2e
-import..5c6fe4e6
-import..86fe54f9
-import..26a988a4
-import..4962ebdc
-import..d77586e3
-..4583cd2e
-import..64293755
-import..163f8e7f
-import..acf116e2
-..4583cd2e
-public..2440b6ff
-..4583cd2e
-    pr..8a858fd1
-..4583cd2e
-    pu..ca0e10f9
-      ..63617609
-    }..da1fb1e8
-..4583cd2e
-    @O..090557b7
-    pu..3419e371
-      ..eb14c39f
-      ..69455380
-      ..4ae8894d
-      ..73c53f4c
-      ..fba9a56c
-      ..ba183f32
-      ..d961860f
-      ..bdb4417a
-    }..da1fb1e8
-..4583cd2e
-    pu..93d10db3
-..4583cd2e
-      ..c97dbdb8
-..4583cd2e
-      ..8eaa4a8d
-      ..8b0992d0
-      ..d961860f
-..4583cd2e
-      ..73c0e199
-      ..68ed5495
-      ..1d6f7bbc
-      ..6e4f983d
-      ..2ccfd441
-      ..d961860f
-    }..da1fb1e8
-}..212993d7
+++ /de..cdcfcdad
-packag..cfc82404
-..4583cd2e
-public..bcaaa825
-..4583cd2e
-    pu..96ad2811
-..4583cd2e
-}..212993d7
+++ /de..cdcfcdad
-packag..cfc82404
-..4583cd2e
-import..ec0d0bc6
-import..b447420f
-..4583cd2e
-public..5e17a629
-..4583cd2e
-    pr..3dcee7f9
-..4583cd2e
-    pr..652483ed
-..4583cd2e
-    pu..ad14a709
-      ..6ed988d5
-    }..da1fb1e8
-..4583cd2e
-    pu..48d4216a
-      ..92e3b926
-    }..da1fb1e8
-..4583cd2e
-    pu..e679e0d6
-      ..d12f98c9
-    }..da1fb1e8
-}..212993d7
+++ /de..cdcfcdad
-packag..cfc82404
-..4583cd2e
-import..e895cee5
-import..c4659089
-import..63c7bfd1
-..4583cd2e
-public..db526d72
-..4583cd2e
-    @G..dfb0c368
-    Ca..dac4fea7
-..4583cd2e
-}..212993d7
-import..5c6fe4e6
+import..b11b11fe
-import..a1a28f5d
+import..d9951e3b
+import..cd78b4e6
+import..414f1fa9
+import..a0cd7ef9
-    vo..192ccf29
+    vo..de8d9b8f
-    vo..c95b9d89
+    vo..b5884c8b
-    vo..c856e4a2
+    vo..a929f9ab
-      ..1b5e78f8
+      ..7082d521
-import..a1a28f5d
+import..d9951e3b
+import..cd78b4e6
+import..414f1fa9
+import..a0cd7ef9
-    Re..f4f095a7
+    Re..9e2866cc
-    Re..ec763f0e
+    Re..7df8f802
-    Re..640230c5
+    Re..088452d7
-    Re..19bace8e
-      ..78ba906d
-      ..1c427c3f
+    Re..3d432410
+      ..27df0f04
+      ..87599f7f
--- /de..267d4475
+packag..a2b71ca3
+..ddba78de
+import..4958f318
+import..d9951e3b
+import..8649557e
+import..cd78b4e6
+import..414f1fa9
+import..a0cd7ef9
+import..5cc6b77c
+import..09b4c49e
+import..7c1e6130
+import..5110889d
+..ddba78de
+public..bc53ce15
+..ddba78de
+    @P..8e27c498
+    @G..10f03c5f
+    @H..9d11587d
+    Ca..94fdf18d
+..ddba78de
+    @P..8e27c498
+    @G..096c13d9
+    @H..9d11587d
+    Ca..fdf6202b
+..ddba78de
+    @P..8e27c498
+    @G..09cf25c8
+    @H..9d11587d
+    Ca..9b333eeb
+..ddba78de
+    @P..8e27c498
+    @G..3af18f3f
+    @H..9d11587d
+    Ca..aa98087d
+..ddba78de
+}..776f20ab
-import..392ad179
-import..a1a28f5d
-import..902df53a
+import..d9951e3b
+import..8649557e
+import..cd78b4e6
+import..414f1fa9
+import..a0cd7ef9
+import..f8186691
-    pr..3b06304c
+    pr..c71a335b
-    pu..de516d87
-      ..d8ed4762
+    pu..babbf442
+      ..e4ef7217
-    pu..d99634d4
-      ..e45d0014
+    pu..9ab4fd89
+      ..38d8aa31
-    pu..86f88827
-      ..46be4af5
+    pu..627a0a1e
+      ..39be9c1a
-    pu..f191da28
-      ..d358e49e
+    pu..f28a5472
+      ..de660cd2
-      ..ca56514f
-      ..08833771
+      ..d8fbf465
+      ..13c3f598
-    pu..b86426f8
-      ..e45d0014
+    pu..5ef775d3
+      ..38d8aa31
-    pu..7c01a5e2
-      ..46be4af5
+    pu..5f460a83
+      ..39be9c1a
-    pu..bb78b24b
-      ..d358e49e
+    pu..3e1fc589
+      ..de660cd2
-    pu..146e2ec0
-      ..3737baca
-      ..33ea0a73
-      ..08833771
+    pu..b4f5fa0f
+      ..b84c524e
+      ..cacd8625
+      ..13c3f598
-    pr..214e32bb
-      ..5e7fbd73
-      ..f7bf50d7
-      ..b15a23f7
+    pr..1195cff1
+      ..b351cab9
-    pr..2f69b5bf
-      ..5e7fbd73
-      ..bfd6a751
+    pr..b4a0af16
+      ..9541a0d0
-      ..51b81f0b
-      ..b15a23f7
+      ..b2b26b2a
-    pr..875fd768
-      ..5e7fbd73
-      ..5239a9af
+    pr..fa9a0b62
+      ..f1495af4
-      ..05796d30
-      ..b15a23f7
+      ..60db6270
-    pr..e50cc7e5
-      ..d2eb6d87
-      ..940fcff8
-      ..5e7fbd73
-      ..5239a9af
+    pr..15439858
+      ..ec48ba5a
+      ..ef36fb9a
+      ..fcf5eaa2
-      ..05796d30
-      ..b15a23f7
+      ..60db6270
--- /de..267d4475
+packag..f9796915
+..ddba78de
+import..f80af603
+import..55a281e4
+..ddba78de
+import..8db6ea08
+..ddba78de
+public..c9d7e86c
+..ddba78de
+    pr..1cb62149
+..ddba78de
+    @S..b30777cd
+    pr..3b9d5680
+..ddba78de
+    @S..bcc6d432
+    pr..90a4fbba
+..ddba78de
+    @S..366087c9
+    pr..545284e0
+..ddba78de
+    @S..f5d7c09d
+    pr..f89b3c65
+..ddba78de
+    @S..383b91fc
+    pr..ca8b7678
+..ddba78de
+    pr..81dedb06
+..ddba78de
+    @S..43c2e71f
+    pr..a55fa765
+..ddba78de
+    @S..de1b20a5
+    pr..7a350a9e
+..ddba78de
+}..776f20ab
--- /de..267d4475
+packag..88d33149
+..ddba78de
+import..5a0d8e90
+import..55a281e4
+..ddba78de
+public..d28d59c6
+..ddba78de
+    @S..a0959c57
+    pr..d90732d7
+..ddba78de
+    pu..f9efd2e5
+      ..cf37d412
+    }..7af6086a
+}..776f20ab
--- /de..267d4475
+packag..88d33149
+..ddba78de
+import..5a0d8e90
+import..55a281e4
+..ddba78de
+import..8db6ea08
+..ddba78de
+public..6878bd34
+..ddba78de
+    @S..c43e4226
+    pr..b5af9a2a
+..ddba78de
+    pu..f732fef2
+      ..154f3304
+    }..7af6086a
+}..776f20ab
--- /de..267d4475
+packag..88d33149
+..ddba78de
+import..5a0d8e90
+import..55a281e4
+..ddba78de
+public..b12333e4
+..ddba78de
+    @S..615a8bc7
+    pr..d90732d7
+..ddba78de
+    pu..f9efd2e5
+      ..cf37d412
+    }..7af6086a
+}..776f20ab
-import..5ab6a844
+import..c132d8bb
-import..0316611f
-import..a1a28f5d
+import..d9951e3b
-import..ba87ad25
+import..d977b605
+import..3d2ec025
-import..3b859ec9
-import..c34bf6bb
-import..b447420f
-import..3e08a414
-      ..9152250f
+      ..dfdfd486
-      ..51098d6f
-      ..7da04461
+      ..cde86981
+      ..3d24fc45
-      ..0a83a6da
-      ..005908a4
+      ..47186a56
+      ..b03dcfa9
+      ..44fa5462
+      ..69d4fb12
-      ..fc6a03fd
+      ..4bee6ba9
-      ..84cbe0ea
+      ..bba3cc0a
-      ..fd97e4f7
+      ..7d6c0fb2
-      ..bc69adf0
+      ..76717258
-      ..a459a21f
+      ..9c63bf0a
+      ..97ff6a23
-      ..98ffdabb
+      ..a80e24a6
-      ..6bc22a70
+      ..02cc9f71
-..4583cd2e
-    pr..730e4424
-      ..ddd5edf1
-      ..942802f3
-      ..ef0f8956
-      ..c900ef9b
-      ..5bba502b
-      ..c4b96989
-      ..d4ba6976
-      ..693b2ce8
-      ..ba183f32
-      ..d961860f
-      ..d42f3264
-    }..da1fb1e8
-import..ba87ad25
-    pr..e44052d1
+    pr..d5d45c36
-     *..af87a75c
+     *..7c467a68
-    pu..f7a06b01
-      ..553bf7fe
+    pu..f6328964
+      ..2197e294
-      ..e2e48caf
-      ..0137df1e
+      ..12fdd89e
+      ..6acb703d
-      ..c41d4a6d
-      ..f21f1366
-      ..c814bd19
-      ..3fea35eb
-      ..d961860f
-..4583cd2e
-      ..f5592b6c
-      ..eadf36d9
-      ..2e7a0b75
+      ..7350b675
+      ..a985df4e
+      ..209cbb89
-import..a1a28f5d
+import..d9951e3b
+import..3d2ec025
-    vo..95037da6
+    vo..3d9dd185
-import..a1a28f5d
+import..d9951e3b
+import..3d2ec025
-    Re..46bd9eec
+    Re..5f648a24
--- /de..267d4475
+packag..f779981e
+..ddba78de
+import..4958f318
+import..d9951e3b
+import..8649557e
+import..3d2ec025
+import..5cc6b77c
+import..09b4c49e
+import..7c1e6130
+import..5110889d
+..ddba78de
+public..c94dd16d
+..ddba78de
+    @P..8e27c498
+    @G..c6910d5b
+    @H..9d11587d
+    Ca..0979d613
+..ddba78de
+..ddba78de
+}..776f20ab
-import..392ad179
-import..a1a28f5d
-import..902df53a
+import..d9951e3b
+import..8649557e
+import..3d2ec025
+import..f8186691
-    pr..3b06304c
+    pr..24e9b6e2
-    pu..ecc99e63
-      ..d8ed4762
+    pu..2ab263d6
+      ..4bb3bef6
-    pu..efc5879d
-      ..0fd5c676
+    pu..f85df31d
+      ..725ad315
-    pu..3f00ffea
-      ..0fd5c676
+    pu..bbc6847e
+      ..725ad315
-    pr..0f6c85f2
-      ..5e7fbd73
-      ..4ed55215
-      ..b15a23f7
+    pr..21f62721
+      ..8a1361c8
-    pu..2c0775e1
-      ..3041ea70
-      ..f4e23f68
-      ..d67fe0c3
-      ..ad7da935
-      ..2183ba8a
-    }..da1fb1e8
-..4583cd2e
+import..8db6ea08
+..ddba78de
- * Pla..48fb3e2b
+ * Pla..d8e11333
-    pu..a48f5165
-      ..3041ea70
-      ..d67fe0c3
-      ..f4e23f68
-    }..da1fb1e8
+    @S..7d13e12b
+    pr..17d7a617
+..ddba78de
+    pr..a81e12da
-    /*..0438b100
-     *..d6e9dda6
-     *..75a249d2
-    /*..0438b100
-     *..bbde8953
-     *..75a249d2
-    /*..0438b100
-     *..57940595
-     *..75a249d2
-    pu..78db554f
-      ..d67fe0c3
-    }..da1fb1e8
-..4583cd2e
-    /*..0438b100
-     *..709887ef
-     *..75a249d2
-    pu..9eb0b061
-      ..f4e23f68
+    pu..3031305b
+      ..cb86b4ae
-    /*..127ba51c
-     *..78955255
-     *..75a249d2
-    @O..090557b7
-    pu..2b094cba
-      ..3722b3aa
+    pu..f03cb810
+      ..e88d15e7
+++ /de..cdcfcdad
-packag..f03541db
-..4583cd2e
-import..5ebd64f4
-..4583cd2e
-import..1cc01029
-..4583cd2e
-/**..f5f7ec44
- * <p>..fb72fb11
- * Pla..bc968c10
- * </p..64834f31
- */..97b795c5
-public..5fbf91d5
-..4583cd2e
-    @S..66442b8a
-    pr..201931cb
-..4583cd2e
-    @S..3849360f
-    pr..f4ff36b5
-..4583cd2e
-    @S..da601d97
-    pr..ae3e829d
-..4583cd2e
-    pu..b632319e
-      ..6bf1142f
-      ..7db555ea
-      ..3041ea70
-      ..faed9cf3
-      ..c915b290
-      ..ea27b2f7
-    }..da1fb1e8
-..4583cd2e
-    /*..0438b100
-     *..f3b03b10
-     *..75a249d2
-    pu..c2ab3007
-      ..aa0cee47
-    }..da1fb1e8
-..4583cd2e
-    /*..0438b100
-     *..3b43b571
-     *..75a249d2
-    pu..4f930eb9
-      ..182eee0d
-    }..da1fb1e8
-..4583cd2e
-    /*..0438b100
-     *..4c351613
-     *..75a249d2
-    pu..9a458d70
-      ..f4d30940
-    }..da1fb1e8
-..4583cd2e
-    /*..127ba51c
-     *..78955255
-     *..75a249d2
-    @O..090557b7
-    pu..2b094cba
-      ..ec7aba38
-      ..eb17dcb1
-      ..3f375b61
-    }..da1fb1e8
-..4583cd2e
-..4583cd2e
-}..212993d7
--- /de..267d4475
+packag..5dcc9ab6
+..ddba78de
+import..d977b605
+import..55a281e4
+..ddba78de
+public..03c11fa9
+..ddba78de
+    @S..7ae66743
+    pr..045531a8
+..ddba78de
+    pu..fb01422c
+      ..32eec1b0
+    }..7af6086a
+}..776f20ab
-import..a1a28f5d
+import..d9951e3b
+import..9f04afd1
+import..8e0f4f77
+import..2823229e
-    vo..02dec20a
+    vo..c10419e8
-      ..3a6c1bb6
+      ..a50af4ad
-      ..b6b30c4c
+      ..6151ad59
-      ..b6b30c4c
+      ..d154db03
-import..a1a28f5d
+import..d9951e3b
+import..9f04afd1
+import..8e0f4f77
+import..2823229e
-    Re..f9d6953e
-..4583cd2e
-    Re..d288b338
-      ..400c24ee
-      ..c288b813
-      ..03a12ebb
-      ..601083ec
-      ..89603c4e
-      ..68a4f649
-      ..eeb1d137
-      ..d560fd9a
-      ..df14551e
-      ..75069a21
-..4583cd2e
-    Re..cc080a71
-      ..caac8ac0
-      ..de3d0475
-      ..3c8aab63
-      ..1ba7b12f
-      ..1eafbb8f
-      ..0523ad0b
-      ..9da26bbd
-      ..21476cd6
-      ..cb21cb73
-..4583cd2e
-    Re..f7ef57bd
-      ..caac8ac0
-      ..bc964f57
-      ..de3d0475
-      ..3c8aab63
-      ..1ba7b12f
-      ..42916201
+    Re..95a54776
+..ddba78de
+    Re..f1dae56a
+      ..e8d2b27e
+      ..f110f5fa
+      ..0525bb3e
+      ..2c68658e
+      ..1f420949
+      ..f1273518
+      ..29095274
+      ..8de6af8f
+      ..8041bcd7
+      ..1bfe62ec
+..ddba78de
+    Re..8e03168c
+      ..100262fc
+      ..eb44966b
+      ..d11e1b8d
+      ..638799d3
+      ..f3bc0f9d
+      ..7dc99444
+      ..52bf880d
+      ..9710942a
+      ..4d04b548
+..ddba78de
+    Re..da2e4f7d
+      ..100262fc
+      ..4297c72a
+      ..eb44966b
+      ..d11e1b8d
+      ..638799d3
+      ..fe4e60ec
--- /de..267d4475
+packag..9e3651cb
+..ddba78de
+import..4958f318
+import..d9951e3b
+import..8649557e
+import..9f04afd1
+import..8e0f4f77
+import..2823229e
+import..5cc6b77c
+import..09b4c49e
+import..7c1e6130
+import..5110889d
+..ddba78de
+public..6f24da58
+..ddba78de
+    @P..8e27c498
+    @G..065ad80d
+    @H..9d11587d
+    Ca..00d8f3a5
+..ddba78de
+    @P..8e27c498
+    @G..f29054be
+    @H..9d11587d
+    Ca..7595f92b
+..ddba78de
+    @P..8e27c498
+    @G..a5f51cf7
+    @H..9d11587d
+    Ca..f5bec3b5
+..ddba78de
+    @P..8e27c498
+    @G..af998368
+    @H..9d11587d
+    Ca..387922bb
+..ddba78de
+}..776f20ab
-import..392ad179
-import..a1a28f5d
-import..902df53a
+import..d9951e3b
+import..8649557e
+import..9f04afd1
+import..8e0f4f77
+import..2823229e
+import..f8186691
-    pr..3b06304c
+    pr..fe647300
-    pu..5dda06a2
-      ..d8ed4762
+    pu..e1b2e1bd
+      ..4081f0a9
-    pu..55971e67
-      ..60406028
+    pu..aaa02fd7
+      ..f83e80a4
-      ..68abaace
-      ..51c995aa
+      ..f0bb680a
+      ..76ff5b0f
-      ..bc05dcb3
-      ..97c509ea
+      ..f09ceed7
+      ..7345e31a
-      ..bc05dcb3
-      ..0df2921d
+      ..8df3f183
+      ..4ae8c934
-    pu..014f97ef
-      ..60406028
+    pu..966c230c
+      ..f83e80a4
-    pu..afd09c87
-      ..c616f4ec
-      ..1b559ae7
-      ..3dfe23cf
-      ..b855a939
-      ..706c4516
-      ..b2f46572
-      ..e243eac5
-      ..6040330d
-      ..74038e21
-      ..1d1677ec
-      ..51c995aa
+    pu..ec043473
+      ..aaa13521
+      ..ee71a5c8
+      ..07bd4103
+      ..106d3891
+      ..962a8de1
+      ..3e06b252
+      ..d6ff89e7
+      ..ef8b7bec
+      ..200cffc6
+      ..090b6dfd
+      ..76ff5b0f
-    pu..9e01ff75
-      ..25f6b15d
-      ..6b148daf
-      ..33b17e43
-      ..d2fd8173
-      ..6646c104
-      ..61430e53
-      ..f2cfac30
-      ..a808a129
-      ..36b0cce9
-      ..97c509ea
+    pu..19882af7
+      ..8227adc9
+      ..afd2d5c7
+      ..084d03b0
+      ..e886f220
+      ..f0552003
+      ..dc2a0fde
+      ..c125aa07
+      ..da801b96
+      ..1c23e0ad
+      ..7345e31a
-    pu..7b2a3c74
-      ..25f6b15d
-      ..4eae2ee4
-      ..6b148daf
-      ..33b17e43
-      ..d2fd8173
-      ..e86a0848
-      ..0df2921d
+    pu..934f0afc
+      ..8227adc9
+      ..ce269726
+      ..afd2d5c7
+      ..084d03b0
+      ..e886f220
+      ..4e6f52d3
+      ..4ae8c934
-    pr..21345606
-      ..5e7fbd73
-      ..c5acb910
-      ..b15a23f7
+    pr..6dbe3beb
+      ..d46110e4
-    pr..09574d19
-      ..c616f4ec
-      ..1b559ae7
-      ..3dfe23cf
-      ..b855a939
-      ..706c4516
-      ..b2f46572
-      ..e243eac5
-      ..6040330d
-      ..74038e21
-      ..4d1c4598
-      ..5e7fbd73
-      ..21dac67d
+    pr..e57ef0a8
+      ..aaa13521
+      ..ee71a5c8
+      ..07bd4103
+      ..106d3891
+      ..962a8de1
+      ..3e06b252
+      ..d6ff89e7
+      ..ef8b7bec
+      ..200cffc6
+      ..b7b7f551
+      ..f93773de
-      ..6b3d8d43
-      ..b15a23f7
+      ..b851c5d6
-    pr..22f33c46
-      ..25f6b15d
-      ..6b148daf
-      ..33b17e43
-      ..d2fd8173
-      ..6646c104
-      ..61430e53
-      ..f2cfac30
-      ..a808a129
-      ..0e2a5bae
-      ..5e7fbd73
-      ..cb5649cc
+    pr..18e5ef44
+      ..8227adc9
+      ..afd2d5c7
+      ..084d03b0
+      ..e886f220
+      ..f0552003
+      ..dc2a0fde
+      ..c125aa07
+      ..da801b96
+      ..f27a2b33
+      ..4b0c5ce7
-      ..649ea9c7
-      ..b15a23f7
+      ..a1b9fdb9
-    pr..2ef1b54d
-      ..25f6b15d
-      ..4eae2ee4
-      ..6b148daf
-      ..33b17e43
-      ..d2fd8173
-      ..a6de84b6
-      ..5e7fbd73
-      ..467c7fe7
+    pr..bca4489c
+      ..8227adc9
+      ..ce269726
+      ..afd2d5c7
+      ..084d03b0
+      ..e886f220
+      ..84b8c863
+      ..5ad4adae
-      ..f6a3d639
-      ..b15a23f7
+      ..1aafd190
--- /de..267d4475
+packag..9279c619
+..ddba78de
+import..f80af603
+import..55a281e4
+..ddba78de
+public..7a9e7299
+..ddba78de
+    @S..8d9d8812
+    pr..c90476ee
+..ddba78de
+    pu..e07edf8c
+      ..823b05cd
+    }..7af6086a
+}..776f20ab
--- /de..267d4475
+packag..9279c619
+..ddba78de
+import..f80af603
+import..55a281e4
+..ddba78de
+import..8db6ea08
+..ddba78de
+public..3d28ff44
+..ddba78de
+    @S..75dae6d8
+    pr..1cd990f1
+..ddba78de
+    pu..37eaa254
+      ..e0bf18a2
+    }..7af6086a
+}..776f20ab
--- /de..267d4475
+packag..9279c619
+..ddba78de
+import..f80af603
+import..55a281e4
+..ddba78de
+public..57f2db0a
+..ddba78de
+    @S..d6111f0b
+    pr..c90476ee
+..ddba78de
+    pu..e07edf8c
+      ..823b05cd
+    }..7af6086a
+}..776f20ab
-import..a1a28f5d
+import..d9951e3b
+import..afe07d28
+import..226d97e9
+import..15b03e75
-    vo..58b71f9b
+    vo..b4ed657c
-      ..7950f67e
+      ..7b75d2c2
-      ..3a6c1bb6
+      ..3c14eaed
-      ..3a6c1bb6
+      ..5fe38641
-import..a1a28f5d
+import..d9951e3b
+import..afe07d28
+import..226d97e9
+import..15b03e75
-    Re..d027f523
-..4583cd2e
-    Re..436761fb
-      ..0ba554cd
-      ..e59acb8b
-      ..a4f6a90a
-      ..047b7a30
-..4583cd2e
-    Re..3053a331
-      ..7bcb2870
-      ..3678db89
-      ..7020ba89
-      ..91e4464e
-      ..8e42acae
-      ..7204d76d
-      ..65eb2815
-      ..0c894ed3
-      ..155a1b7a
-      ..ee8d94b4
-      ..0760da03
-      ..d278b9ce
-      ..3ed2cf63
-      ..b2f5f2d8
-..4583cd2e
-    Re..f6cb2f01
-      ..7bcb2870
-      ..3678db89
-      ..7020ba89
-      ..91e4464e
-      ..8e42acae
-      ..7204d76d
-      ..65eb2815
-      ..0c894ed3
-      ..155a1b7a
-      ..ee8d94b4
-      ..0760da03
-      ..d278b9ce
-      ..3ed2cf63
-      ..b2f5f2d8
+    Re..db32e3cf
+..ddba78de
+    Re..765cc2eb
+      ..3c4792a8
+      ..872baea4
+      ..5e17af96
+      ..73fd1e41
+..ddba78de
+    Re..8f1d4401
+      ..1874b404
+      ..045767c5
+      ..bddf5df3
+      ..aa8280eb
+      ..a711fdda
+      ..22e2ddae
+      ..ed3d84d0
+      ..cf7c1d83
+      ..616f407c
+      ..9f12ea7d
+      ..569a047b
+      ..d76a2f83
+      ..7b038aa5
+      ..eb160d09
+..ddba78de
+    Re..7fd8c73a
+      ..1874b404
+      ..045767c5
+      ..bddf5df3
+      ..aa8280eb
+      ..a711fdda
+      ..22e2ddae
+      ..ed3d84d0
+      ..cf7c1d83
+      ..616f407c
+      ..9f12ea7d
+      ..569a047b
+      ..d76a2f83
+      ..7b038aa5
+      ..eb160d09
--- /de..267d4475
+packag..e6e4b576
+..ddba78de
+import..4958f318
+import..d9951e3b
+import..8649557e
+import..afe07d28
+import..226d97e9
+import..15b03e75
+import..5cc6b77c
+import..09b4c49e
+import..7c1e6130
+import..5110889d
+..ddba78de
+public..4c072807
+..ddba78de
+    @P..8e27c498
+    @G..1b990ed6
+    @H..9d11587d
+    Ca..91fa947d
+..ddba78de
+    @P..8e27c498
+    @G..6028e8e5
+    @H..9d11587d
+    Ca..e1553d3e
+..ddba78de
+    @P..8e27c498
+    @G..fa9ba5b0
+    @H..9d11587d
+    Ca..ddc5f557
+..ddba78de
+    @P..8e27c498
+    @G..a81144c7
+    @H..9d11587d
+    Ca..fe27910d
+..ddba78de
+}..776f20ab
-import..392ad179
-import..a1a28f5d
-import..902df53a
+import..d9951e3b
+import..8649557e
+import..afe07d28
+import..226d97e9
+import..15b03e75
+import..f8186691
-    pr..640f729f
+    pr..92d8ac05
-    pu..10676888
-      ..d8ed4762
+    pu..96b036a6
+      ..53b9b8e0
-    pu..82d02619
-      ..4446fe26
+    pu..0d0ae416
+      ..dc0ce2b2
-      ..b574ac7c
-      ..b7f11822
+      ..20294c53
+      ..c5253b2a
-      ..10b81d5d
-      ..5c07648c
+      ..d0be7570
+      ..998e10b8
-      ..10b81d5d
-      ..92eecfd6
+      ..8e13a8e5
+      ..bf3e0e4a
-    pu..7e6cd2a5
-      ..4446fe26
+    pu..65a4e15a
+      ..dc0ce2b2
-    pu..2799a97e
-      ..3eda0248
-      ..c152f274
-      ..cc9f34e8
-      ..03f94624
-      ..b7f11822
+    pu..4fd60a30
+      ..3d7587a4
+      ..940b63a2
+      ..2901f0aa
+      ..25587002
+      ..c5253b2a
-    pu..fa819a61
-      ..ca3cc1aa
-      ..641bfe0a
-      ..4ba18b61
-      ..f01d4f6f
-      ..11886d1b
-      ..d911342f
-      ..86e45a5c
-      ..03ebdba7
-      ..f912676d
-      ..74058993
-      ..4858fd28
-      ..7214a839
-      ..dcc4ba58
-      ..549e6058
-      ..5c07648c
+    pu..b7c5e741
+      ..6278b967
+      ..d9301ab5
+      ..825bf41e
+      ..57b13209
+      ..d993b4c2
+      ..9fb8ca45
+      ..3097c10d
+      ..8085355c
+      ..16c7ccc5
+      ..980bb481
+      ..8a611e84
+      ..9bc2f8dd
+      ..17f9d1cb
+      ..1820b9ea
+      ..998e10b8
-    pu..eedbbf83
-      ..ca3cc1aa
-      ..641bfe0a
-      ..4ba18b61
-      ..f01d4f6f
-      ..11886d1b
-      ..d911342f
-      ..86e45a5c
-      ..03ebdba7
-      ..f912676d
-      ..74058993
-      ..4858fd28
-      ..7214a839
-      ..dcc4ba58
-      ..549e6058
-      ..92eecfd6
+    pu..6bea259b
+      ..6278b967
+      ..d9301ab5
+      ..825bf41e
+      ..57b13209
+      ..d993b4c2
+      ..9fb8ca45
+      ..3097c10d
+      ..8085355c
+      ..16c7ccc5
+      ..980bb481
+      ..8a611e84
+      ..9bc2f8dd
+      ..17f9d1cb
+      ..1820b9ea
+      ..bf3e0e4a
-    pr..492549dc
-      ..5e7fbd73
-      ..43a428d7
-      ..b15a23f7
+    pr..abd01bbc
+      ..d40b04f1
-    pr..710fbd19
-      ..ba0b4de5
-      ..03d3f5c8
-      ..0f03c965
-      ..87628aa0
-      ..5e7fbd73
-      ..43a428d7
+    pr..02f37ecc
+      ..40dff5db
+      ..6f45bd03
+      ..9c49af2e
+      ..5a4c831b
+      ..f0eefeef
-      ..65f74444
-      ..b15a23f7
+      ..224f0adb
-    pr..2bc83ce2
-      ..ca3cc1aa
-      ..641bfe0a
-      ..4ba18b61
-      ..f01d4f6f
-      ..11886d1b
-      ..d911342f
-      ..86e45a5c
-      ..03ebdba7
-      ..f912676d
-      ..74058993
-      ..4858fd28
-      ..7214a839
-      ..dcc4ba58
-      ..27e101f7
-      ..5e7fbd73
-      ..33e85ec9
+    pr..b0c36845
+      ..6278b967
+      ..d9301ab5
+      ..825bf41e
+      ..57b13209
+      ..d993b4c2
+      ..9fb8ca45
+      ..3097c10d
+      ..8085355c
+      ..16c7ccc5
+      ..980bb481
+      ..8a611e84
+      ..9bc2f8dd
+      ..17f9d1cb
+      ..dd662e3a
+      ..a83bd1ba
-      ..13c59f83
-      ..b15a23f7
+      ..c2c73741
-    pr..b5cb15ee
-      ..ca3cc1aa
-      ..641bfe0a
-      ..4ba18b61
-      ..f01d4f6f
-      ..11886d1b
-      ..d911342f
-      ..86e45a5c
-      ..03ebdba7
-      ..f912676d
-      ..74058993
-      ..4858fd28
-      ..7214a839
-      ..dcc4ba58
-      ..27e101f7
-      ..5e7fbd73
-      ..67249125
+    pr..921394f5
+      ..6278b967
+      ..d9301ab5
+      ..825bf41e
+      ..57b13209
+      ..d993b4c2
+      ..9fb8ca45
+      ..3097c10d
+      ..8085355c
+      ..16c7ccc5
+      ..980bb481
+      ..8a611e84
+      ..9bc2f8dd
+      ..17f9d1cb
+      ..dd662e3a
+      ..49bba333
-      ..13c59f83
-      ..b15a23f7
+      ..c2c73741
--- /de..267d4475
+packag..07b077f9
+..ddba78de
+import..f80af603
+import..55a281e4
+..ddba78de
+public..932ddfa7
+..ddba78de
+    @S..e271326b
+    pr..32d88401
+..ddba78de
+    pu..c83ac19b
+      ..0319306b
+    }..7af6086a
+}..776f20ab
--- /de..267d4475
+packag..07b077f9
+..ddba78de
+import..f80af603
+import..55a281e4
+..ddba78de
+import..8db6ea08
+..ddba78de
+public..7190968c
+..ddba78de
+    @S..a52c1416
+    pr..aeec5cbd
+..ddba78de
+    pu..d5778b59
+      ..afebaf57
+    }..7af6086a
+}..776f20ab
--- /de..267d4475
+packag..07b077f9
+..ddba78de
+import..f80af603
+import..55a281e4
+..ddba78de
+public..ff92f25d
+..ddba78de
+    @S..86fcae82
+    pr..32d88401
+..ddba78de
+    pu..c83ac19b
+      ..0319306b
+    }..7af6086a
+}..776f20ab
-import..a1a28f5d
+import..d9951e3b
+import..88265453
+import..8f423bae
+import..ab5475f7
-    vo..08b9147c
+    vo..636bf600
-    vo..195884a9
+    vo..63e90a3f
-    vo..fb13470a
+    vo..1a779e0b
-    vo..6ac945da
+    vo..c09bec23
-import..a1a28f5d
+import..d9951e3b
+import..88265453
+import..8f423bae
+import..ab5475f7
-    Re..35550f8e
+    Re..a73f41a3
-    Re..e943a541
+    Re..2d6b9231
-    Re..a93b5251
+    Re..f0fde106
-    Re..66f4c108
+    Re..c58ade3a
--- /de..267d4475
+packag..8f8a67ea
+..ddba78de
+import..4958f318
+import..d9951e3b
+import..8649557e
+import..88265453
+import..8f423bae
+import..ab5475f7
+import..5cc6b77c
+import..09b4c49e
+import..7c1e6130
+import..5110889d
+..ddba78de
+public..77ca3af7
+..ddba78de
+    @P..8e27c498
+    @G..8d88f633
+    @H..9d11587d
+    Ca..35841cdd
+..ddba78de
+    @P..8e27c498
+    @G..e44b97c7
+    @H..9d11587d
+    Ca..04dfdd7e
+..ddba78de
+    @P..8e27c498
+    @G..ed49dedf
+    @H..9d11587d
+    Ca..45bef841
+..ddba78de
+    @P..8e27c498
+    @G..de5d49f2
+    @H..9d11587d
+    Ca..989e5b43
+..ddba78de
+}..776f20ab
-import..392ad179
-import..a1a28f5d
-import..902df53a
+import..d9951e3b
+import..8649557e
+import..88265453
+import..8f423bae
+import..ab5475f7
+import..f8186691
-    pr..3b06304c
+    pr..b4d2ae21
-    pu..ac2c9a0f
-      ..d8ed4762
+    pu..3a0c30eb
+      ..1299f55b
-    pu..bd9c7462
+    pu..6c625bd7
-    pu..862d8d38
+    pu..9fc2f836
-    pu..6012b0f3
+    pu..fbfdf167
-    pu..223b63b7
+    pu..8b672af1
-    pu..26640691
+    pu..30fb740e
-    pu..743f57b8
+    pu..08d67928
-    pu..0a5e091b
+    pu..027b77dd
-    pu..5725540c
+    pu..505e4c04
-    pr..6643251b
-      ..5e7fbd73
-      ..537e19fa
+    pr..24bdf7b0
+      ..4d4510cd
-      ..223828eb
-      ..b15a23f7
+      ..ee48743b
-    pr..d31e0520
-      ..5e7fbd73
-      ..efe6fc15
+    pr..fcd92212
+      ..98254da0
-      ..223828eb
-      ..b15a23f7
+      ..ee48743b
-    pr..cf5a820b
-      ..5e7fbd73
-      ..654f775d
-      ..b15a23f7
+    pr..69d08568
+      ..4ac055c3
-    pr..ea43dacd
-      ..5e7fbd73
-      ..b9a25b12
+    pr..d4432577
+      ..e613ec92
-      ..74651d2c
-      ..b15a23f7
+      ..1af11cc8
--- /de..267d4475
+packag..3c55771d
+..ddba78de
+import..f80af603
+import..55a281e4
+..ddba78de
+public..0f706754
+..ddba78de
+    @S..28561c69
+    pr..7408465c
+..ddba78de
+    pu..beef80a2
+      ..de63faa7
+    }..7af6086a
+}..776f20ab
--- /de..267d4475
+packag..3c55771d
+..ddba78de
+import..f80af603
+import..55a281e4
+..ddba78de
+public..9c5c3c96
+..ddba78de
+    @S..5291a2cf
+    pr..de37142a
+..ddba78de
+    pu..543c1182
+      ..695dc48c
+    }..7af6086a
+}..776f20ab
--- /de..267d4475
+packag..3c55771d
+..ddba78de
+import..f80af603
+import..55a281e4
+..ddba78de
+import..8db6ea08
+..ddba78de
+public..204362e7
+..ddba78de
+    @S..5a23062b
+    pr..bfc163e7
+..ddba78de
+    pu..cf92919b
+      ..7758ac1f
+    }..7af6086a
+}..776f20ab
--- /de..267d4475
+packag..7e1d3e01
+..ddba78de
+import..cb87b72e
+import..d9951e3b
+import..df80e844
+import..ab18da90
+import..9fb7548d
+import..1fe3b5b7
+import..983207fa
+..ddba78de
+import..629d29d2
+import..8db6ea08
+..ddba78de
+public..0a4286d3
+..ddba78de
+    pr..47b8d19b
+..ddba78de
+    /*..35536649
+     *..aa0bafd7
+     *..71c3f612
+     *..55b216dd
+     *..15d4087a
+     *..90de8db6
+    pu..8200c04a
+      ..04438ffd
+      ..cbf2dc73
+      ..e272db9d
+      ..197f5d89
+      ..29ead974
+      ..ee7f602c
+      ..2ea758cb
+      ..b3683e13
+      ..ee60d9ec
+      ..897e4315
+      ..732f4a96
+      ..945e0b58
+      ..6d5b63e0
+    }..7af6086a
+..ddba78de
+    pr..e9874ac5
+      ..667c6606
+      ..e1d7cbf5
+      ..b598484f
+      ..d38d9482
+    }..7af6086a
+}..776f20ab
--- /de..267d4475
+mutati..7d853f4c
+    Cr..64ad24a1
+      ..a037b394
+      ..5d68e03c
+      ..3f495603
+      ..2a8aad05
+      ..f59600f6
+      ..9218314a
+      ..a7882c74
+      ..c3498027
+      ..20e0d237
+      ..174cc7df
+      ..7412b5d2
+    }..7af6086a
+}..776f20ab
--- /de..267d4475
+query ..a7cc1887
+    En..336eeb85
+      ..a037b394
+      ..d3c3aece
+      ..32c3d55e
+      ..5ec0c8c5
+      ..f6ee4ddc
+      ..93e4380c
+      ..4313ea08
+      ..945e0b58
+    }..7af6086a
+}..776f20ab
--- /de..267d4475
+query ..a7cc1887
+    En..4718fadd
+      ..a037b394
+      ..d3c3aece
+      ..32c3d55e
+      ..5ec0c8c5
+      ..f6ee4ddc
+      ..93e4380c
+      ..4313ea08
+      ..945e0b58
+    }..7af6086a
+}..776f20ab
--- /de..267d4475
+mutati..e2dd96ac
+    Up..0d74a30e
+      ..a037b394
+      ..5d68e03c
+      ..3f495603
+      ..2a8aad05
+      ..f59600f6
+      ..9218314a
+      ..a7882c74
+      ..c3498027
+      ..20e0d237
+      ..174cc7df
+      ..7412b5d2
+    }..7af6086a
+}..776f20ab
+++ /de..cdcfcdad
-mutati..c2981a17
-    Cr..3982186b
-      ..f1b06800
-      ..35ae45bf
-      ..4b8bb94f
-      ..0671c026
-      ..e1e6f1ba
-      ..17ac0eef
-      ..d2593499
-      ..dbc5ff05
-      ..4868ff44
-      ..0af58dbc
-      ..2b512ad0
-    }..da1fb1e8
-}..212993d7
+++ /de..cdcfcdad
-query ..b8cae4b0
-    En..c8f67040
-      ..f1b06800
-      ..692ff4b5
-      ..33c46518
-      ..432067de
-      ..cbef1475
-      ..dd4b96ed
-      ..916110a0
-      ..d961860f
-    }..da1fb1e8
-}..212993d7
+++ /de..cdcfcdad
-query ..b8cae4b0
-    En..81b92299
-      ..f1b06800
-      ..692ff4b5
-      ..33c46518
-      ..432067de
-      ..cbef1475
-      ..dd4b96ed
-      ..916110a0
-      ..d961860f
-    }..da1fb1e8
-}..212993d7
+++ /de..cdcfcdad
-mutati..c1016084
-    Up..7c576f76
-      ..f1b06800
-      ..35ae45bf
-      ..4b8bb94f
-      ..0671c026
-      ..e1e6f1ba
-      ..17ac0eef
-      ..d2593499
-      ..dbc5ff05
-      ..4868ff44
-      ..0af58dbc
-      ..2b512ad0
-    }..da1fb1e8
-}..212993d7
--- /de..267d4475
+query ..8f87b241
+    En..55c264a8
+      ..5d68e03c
+      ..a037b394
+      ..ddaaa1de
+    }..7af6086a
+}..776f20ab
+++ /de..cdcfcdad
-query ..bbbc80ff
-    En..343e2420
-      ..35ae45bf
-      ..f1b06800
-      ..9aa2f851
-    }..da1fb1e8
-}..212993d7
--- /de..267d4475
+mutati..b70a5203
+    Cr..0153de99
+      ..a037b394
+      ..2b034b9a
+      ..d3c3aece
+      ..7015b66f
+      ..9701b8dc
+      ..b242abb2
+      ..24292779
+      ..be4d72f1
+      ..10e37884
+      ..b002ba53
+      ..9021ea62
+      ..bcb94b93
+      ..784c7e78
+      ..20cc31f9
+      ..174cc7df
+      ..7412b5d2
+    }..7af6086a
+}..776f20ab
--- /de..267d4475
+query ..0d872b2c
+    En..b09dc9af
+      ..a037b394
+      ..2b034b9a
+      ..7015b66f
+      ..9701b8dc
+      ..b242abb2
+      ..24292779
+      ..be4d72f1
+      ..9021ea62
+      ..bcb94b93
+      ..784c7e78
+      ..9665e807
+    }..7af6086a
+}..776f20ab
--- /de..267d4475
+query ..0d872b2c
+    En..9efed797
+      ..a037b394
+      ..2b034b9a
+      ..7015b66f
+      ..9701b8dc
+      ..b242abb2
+      ..24292779
+      ..be4d72f1
+      ..9021ea62
+      ..bcb94b93
+      ..784c7e78
+      ..9665e807
+    }..7af6086a
+}..776f20ab
--- /de..267d4475
+mutati..ba0c3cf7
+    Up..a142d179
+      ..a037b394
+      ..2b034b9a
+      ..d3c3aece
+      ..7015b66f
+      ..9701b8dc
+      ..b242abb2
+      ..24292779
+      ..be4d72f1
+      ..10e37884
+      ..b002ba53
+      ..9021ea62
+      ..bcb94b93
+      ..784c7e78
+      ..20cc31f9
+      ..174cc7df
+      ..7412b5d2
+    }..7af6086a
+}..776f20ab
+++ /de..cdcfcdad
-mutati..4cc86eef
-    Cr..1217eb9c
-      ..f1b06800
-      ..d6d70d4d
-      ..692ff4b5
-      ..a49abefe
-      ..c511d942
-      ..49636d1b
-      ..997f7115
-      ..8ff2df8e
-      ..1c547506
-      ..2139585c
-      ..ace0737c
-      ..a944ea0d
-      ..c2ace23c
-      ..ba48fd29
-      ..0af58dbc
-      ..2b512ad0
-    }..da1fb1e8
-}..212993d7
+++ /de..cdcfcdad
-query ..13dddb78
-    En..413e73ea
-      ..f1b06800
-      ..d6d70d4d
-      ..a49abefe
-      ..c511d942
-      ..49636d1b
-      ..997f7115
-      ..8ff2df8e
-      ..ace0737c
-      ..a944ea0d
-      ..c2ace23c
-      ..f2384b16
-    }..da1fb1e8
-}..212993d7
+++ /de..cdcfcdad
-query ..13dddb78
-    En..ee222a47
-      ..f1b06800
-      ..d6d70d4d
-      ..a49abefe
-      ..c511d942
-      ..49636d1b
-      ..997f7115
-      ..8ff2df8e
-      ..ace0737c
-      ..a944ea0d
-      ..c2ace23c
-      ..f2384b16
-    }..da1fb1e8
-}..212993d7
+++ /de..cdcfcdad
-mutati..313b9102
-    Up..d3cd3dfd
-      ..f1b06800
-      ..d6d70d4d
-      ..692ff4b5
-      ..a49abefe
-      ..c511d942
-      ..49636d1b
-      ..997f7115
-      ..8ff2df8e
-      ..1c547506
-      ..2139585c
-      ..ace0737c
-      ..a944ea0d
-      ..c2ace23c
-      ..ba48fd29
-      ..0af58dbc
-      ..2b512ad0
-    }..da1fb1e8
-}..212993d7
--- /de..267d4475
+mutati..f7646e1f
+    Cr..cc140acf
+      ..be4d72f1
+      ..d3c3aece
+      ..3d40bcb5
+      ..c90b6ccc
+      ..5d68e03c
+      ..b002ba53
+      ..289d683f
+      ..dea92618
+      ..5e3916fb
+      ..6f33b060
+      ..c16bf2fa
+      ..76850b79
+      ..e897807c
+      ..48646b63
+      ..174cc7df
+      ..336c452a
+      ..67718550
+      ..7568d641
+    }..7af6086a
+}..776f20ab
--- /de..267d4475
+query ..cdf68c0b
+  	Enj..7e99d329
+      ..eb993cc2
+      ..160ccb7f
+      ..43c00293
+      ..8f79e3fb
+      ..85cb3a9a
+      ..39041855
+      ..1c6a8d0f
+      ..423e4d53
+      ..1262e577
+      ..10cfd531
+      ..58b5a0a7
+      ..9a2d2ede
+      ..3b880c40
+    }..7af6086a
+}..776f20ab
--- /de..267d4475
+query ..cdf68c0b
+  	Enj..f983d791
+      ..eb993cc2
+      ..160ccb7f
+      ..43c00293
+      ..8f79e3fb
+      ..85cb3a9a
+      ..39041855
+      ..1c6a8d0f
+      ..423e4d53
+      ..1262e577
+      ..10cfd531
+      ..58b5a0a7
+      ..9a2d2ede
+      ..3b880c40
+    }..7af6086a
+}..776f20ab
--- /de..267d4475
+mutati..cd9d5c31
+    Up..2f234423
+      ..be4d72f1
+      ..d3c3aece
+      ..3d40bcb5
+      ..c90b6ccc
+      ..5d68e03c
+      ..b002ba53
+      ..289d683f
+      ..dea92618
+      ..5e3916fb
+      ..6f33b060
+      ..c16bf2fa
+      ..76850b79
+      ..e897807c
+      ..48646b63
+      ..174cc7df
+      ..336c452a
+      ..67718550
+      ..7568d641
+    }..7af6086a
+}..776f20ab
+++ /de..cdcfcdad
-mutati..7e8bf2ce
-    Cr..8d3b2345
-      ..8ff2df8e
-      ..692ff4b5
-      ..363d677f
-      ..b1d6d1a4
-      ..35ae45bf
-      ..2139585c
-      ..763709d5
-      ..dce0c2fb
-      ..6ab4c709
-      ..e7fcc418
-      ..2c78cdef
-      ..2967c364
-      ..dc160f5d
-      ..708966a8
-      ..0af58dbc
-      ..b24ee57b
-      ..411b78a1
-      ..3271f3e4
-    }..da1fb1e8
-}..212993d7
+++ /de..cdcfcdad
-query ..e5141967
-  	Enj..20732b23
-      ..90f6e0be
-      ..cc12bd06
-      ..bdd8ecf4
-      ..c4ea7e48
-      ..fdfff1e6
-      ..2b541511
-      ..3339b721
-      ..2b313471
-      ..e3357e5a
-      ..b6a0f45d
-      ..8bc4c075
-      ..7498ba86
-      ..607ef505
-    }..da1fb1e8
-}..212993d7
+++ /de..cdcfcdad
-query ..e5141967
-  	Enj..7177b2f3
-      ..90f6e0be
-      ..cc12bd06
-      ..bdd8ecf4
-      ..c4ea7e48
-      ..fdfff1e6
-      ..2b541511
-      ..3339b721
-      ..2b313471
-      ..e3357e5a
-      ..b6a0f45d
-      ..8bc4c075
-      ..7498ba86
-      ..607ef505
-    }..da1fb1e8
-}..212993d7
+++ /de..cdcfcdad
-mutati..090609fc
-    Up..f0a406d6
-      ..8ff2df8e
-      ..692ff4b5
-      ..363d677f
-      ..b1d6d1a4
-      ..35ae45bf
-      ..2139585c
-      ..763709d5
-      ..dce0c2fb
-      ..6ab4c709
-      ..e7fcc418
-      ..2c78cdef
-      ..2967c364
-      ..dc160f5d
-      ..708966a8
-      ..0af58dbc
-      ..b24ee57b
-      ..411b78a1
-      ..3271f3e4
-    }..da1fb1e8
-}..212993d7
--- /de..267d4475
+mutati..d872bedf
+    Cr..2333fb0f
+      ..a037b394
+      ..5d68e03c
+      ..3f495603
+      ..2a8aad05
+      ..f59600f6
+      ..9218314a
+      ..a7882c74
+      ..c3498027
+      ..20e0d237
+      ..174cc7df
+      ..7412b5d2
+    }..7af6086a
+}..776f20ab
--- /de..267d4475
+query ..f2947e69
+    En..502f0309
+      ..a037b394
+      ..5d68e03c
+      ..3f495603
+      ..2a8aad05
+      ..f59600f6
+      ..9218314a
+      ..a7882c74
+      ..c3498027
+      ..174cc7df
+      ..7412b5d2
+    }..7af6086a
+}..776f20ab
--- /de..267d4475
+query ..f2947e69
+    En..52d27173
+      ..a037b394
+      ..5d68e03c
+      ..3f495603
+      ..2a8aad05
+      ..f59600f6
+      ..9218314a
+      ..a7882c74
+      ..c3498027
+      ..174cc7df
+      ..7412b5d2
+    }..7af6086a
+}..776f20ab
--- /de..267d4475
+query ..905bb737
+    En..b023126b
+      ..a037b394
+      ..5d68e03c
+      ..3f495603
+      ..2a8aad05
+      ..f59600f6
+      ..9218314a
+      ..a7882c74
+      ..c3498027
+      ..20e0d237
+      ..174cc7df
+      ..7412b5d2
+    }..7af6086a
+}..776f20ab
+++ /de..cdcfcdad
-mutati..bbef9063
-    Cr..01e93caa
-      ..f1b06800
-      ..35ae45bf
-      ..4b8bb94f
-      ..0671c026
-      ..e1e6f1ba
-      ..17ac0eef
-      ..d2593499
-      ..dbc5ff05
-      ..4868ff44
-      ..0af58dbc
-      ..2b512ad0
-    }..da1fb1e8
-}..212993d7
+++ /de..cdcfcdad
-query ..b5716631
-    En..46f82f07
-      ..f1b06800
-      ..35ae45bf
-      ..4b8bb94f
-      ..0671c026
-      ..e1e6f1ba
-      ..17ac0eef
-      ..d2593499
-      ..dbc5ff05
-      ..0af58dbc
-      ..2b512ad0
-    }..da1fb1e8
-}..212993d7
+++ /de..cdcfcdad
-query ..b5716631
-    En..a2d9d773
-      ..f1b06800
-      ..35ae45bf
-      ..4b8bb94f
-      ..0671c026
-      ..e1e6f1ba
-      ..17ac0eef
-      ..d2593499
-      ..dbc5ff05
-      ..0af58dbc
-      ..2b512ad0
-    }..da1fb1e8
-}..212993d7
+++ /de..cdcfcdad
-query ..8add7b0a
-    En..4d2f70c8
-      ..f1b06800
-      ..35ae45bf
-      ..4b8bb94f
-      ..0671c026
-      ..e1e6f1ba
-      ..17ac0eef
-      ..d2593499
-      ..dbc5ff05
-      ..4868ff44
-      ..0af58dbc
-      ..2b512ad0
-    }..da1fb1e8
-}..212993d7
+#Mon J..0479687f
-distri..17be0e61
+distri..596aeed6