+import..04f10ac3
+import..983207fa
+import..764c4a60
-    in..a8909a01
+    Re..ca2e20a8
+..ddba78de
+    St..a97dbab3
-import..64293755
-import..573422bd
-import..5fc66374
-..4583cd2e
-//impo..903d110f
-import..108f982f
+import..11de0e84
+import..54f897ca
+import..04f10ac3
+import..7e763a7c
+import..5cc6b77c
+import..983207fa
-    pr..826630e4
+    pr..8116d589
+    pr..80717094
+    pr..ceed2dce
-    pu..6ae6d5b3
-      ..faec60e1
-..4583cd2e
-      ..bba46768
+    pu..ad0481c5
+      ..eec421fe
+      ..a6a70e81
+      ..08ca3db5
-      ..c7cf81da
+      ..1c3c7957
-    @O..090557b7
-    pu..e148dc4f
-      ..c850060f
+    pu..ecddebb0
+      ..e07c2c47
+      ..f1846726
+      ..c6d65822
+      ..b260e9bd
+..ddba78de
+      ..c2413334
+      ..87719b2d
+      ..4d07bd40
+      ..13c8e5a9
+      ..ec30e1e1
+      ..45a3fb93
+      ..ed3bcaf4
+      ..5109e334
+      ..945e0b58
+..ddba78de
+      ..0d0298f1
+    }..7af6086a
+..ddba78de
+    pu..90088199
+      ..c8d34c5f
+      ..f6de1bba
+      ..945e0b58
+      ..c33e5e33
+    pu..e12df82b
+      ..5454d7b2
+    }..7af6086a
+..ddba78de
+    @O..5a7adbe1
-      ..d0a22d51
+      ..b958d0e6
+import..7e763a7c
+..ddba78de
+    /*..35536649
+     *..524136d0
+     *..71c3f612
+     *..b0773020
+     *..90de8db6
+    vo..a1614fd6
+import..7e763a7c
+import..57680973
-import..9121cd88
-import..6477d7c7
-..4583cd2e
+..ddba78de
+    @O..5a7adbe1
+    pu..7df63bf3
+      ..2edd5848
+      ..aa0f1057
+      ..d384f556
+      ..945e0b58
+    }..7af6086a
-import..573422bd
-..4583cd2e
+import..1b68ca0a
+..ddba78de
+    vo..806145b2
+..ddba78de
+import..7e763a7c
+..ddba78de
-import..9121cd88
-..4583cd2e
-      ..9579275c
+      ..776006d4
+    st..88147bca
+      ..10774936
+    }..7af6086a
+..ddba78de
+import..7e763a7c
+..ddba78de
-import..9121cd88
-..4583cd2e
-      ..747edc53
-      ..cf56919e
-      ..8ee888a2
+      ..8010c955
+      ..51f7a4d4
+    pu..e1131d18
+      ..00cc705c
+      ..c72bfa37
+      ..1e0ea774
+    }..7af6086a
+..ddba78de
+    @O..5a7adbe1
+import..7e763a7c
+..ddba78de
-import..9121cd88
-..4583cd2e
+    vo..689bc933
+..ddba78de
+    pu..3ea8b5f0
+      ..bb243655
+    }..7af6086a
+..ddba78de
+    @O..5a7adbe1
--- /de..267d4475
+packag..f1b8d482
+..ddba78de
+import..830bac43
+import..54f897ca
+import..04f10ac3
+import..5cc6b77c
+import..09b4c49e
+import..5110889d
+..ddba78de
+public..171056ae
+..ddba78de
+    @P..7e498538
+    Ca..0f639f4c
+..ddba78de
+}..776f20ab
--- /de..267d4475
+packag..789f5725
+..ddba78de
+import..55a281e4
+..ddba78de
+public..163b58ff
+..ddba78de
+    @S..3bbab6bc
+    pr..7f157c69
+..ddba78de
+    @S..ea3c83e2
+    pr..80717094
+..ddba78de
+    @S..acff4cc7
+    pr..af3b8ff8
+..ddba78de
+    pu..28062c4b
+      ..016b9410
+      ..a6a70e81
+      ..14435280
+    }..7af6086a
+..ddba78de
+}..776f20ab
--- /de..267d4475
+packag..789f5725
+..ddba78de
+import..55a281e4
+..ddba78de
+public..6f37a0eb
+..ddba78de
+    @S..e7e23fa5
+    pr..741e548a
+..ddba78de
+    @S..196ba2b3
+    pr..d85c05e9
+..ddba78de
+    @S..dd2c1944
+    pr..322ce56d
+..ddba78de
+    pu..62cffeee
+      ..0b20910f
+    }..7af6086a
+..ddba78de
+    pu..46f656e0
+      ..4ccee466
+      ..934a6bc5
+      ..8fc3f2a4
+    }..7af6086a
+..ddba78de
+    pu..7cc1216f
+      ..a8307a2d
+    }..7af6086a
+..ddba78de
+    pu..5925aa98
+      ..828a0f91
+    }..7af6086a
+..ddba78de
+    pu..a7a5e005
+      ..88a58265
+    }..7af6086a
+}..776f20ab
-    pr..826630e4
+    pr..d76e56f2
-     *..c981b277
+     *..e27319d8
-    pu..6d90d78f
+    pu..31605474
-      ..f116db16
+      ..3742497e
-      ..39aff891
+      ..384342d6
-      ..8c119c9a
+      ..c2710d0e