-    vo..63ed6693
+    vo..ae03b908
+..ddba78de
+    vo..4d381817
+..ddba78de
+    vo..6ec20e1a
+..ddba78de
+..ddba78de
+    Re..484e1e5c
+..ddba78de
+    Re..6654cf35
-    pu..63b29b21
+    pu..99b7fd00
+    pu..e68b76d3
+      ..7ab5aed5
+    }..7af6086a
+..ddba78de
+    @O..5a7adbe1
+    pu..82b21d0d
+      ..5d37031c
+    }..7af6086a
+..ddba78de
+    @O..5a7adbe1
+    @O..5a7adbe1
+    pu..da67d8a9
+      ..1939844e
+    }..7af6086a
+..ddba78de
+    @O..5a7adbe1
+    pu..fe5e1c1f
+      ..597082b7
+    }..7af6086a
+..ddba78de
-      ..083c19a3
+      ..f6fa08c1
+..ddba78de
+    pr..9e152ac7
+      ..35bd32ae
+      ..346d2e86
+      ..5e693882
+    }..7af6086a
+..ddba78de
+    pr..3ab05191
+      ..35bd32ae
+      ..456ce972
+      ..727f5c2f
+      ..158316d1
+      ..eb94ae4d
+      ..5e693882
+    }..7af6086a
--- /de..267d4475
+mutati..d872bedf
+    Cr..2333fb0f
+      ..a037b394
+      ..5d68e03c
+      ..3f495603
+      ..2a8aad05
+      ..f59600f6
+      ..9218314a
+      ..a7882c74
+      ..c3498027
+      ..20e0d237
+      ..174cc7df
+      ..7412b5d2
+    }..7af6086a
+}..776f20ab
+++ /de..cdcfcdad
-mutati..bbef9063
-    Cr..01e93caa
-      ..f1b06800
-      ..35ae45bf
-      ..4b8bb94f
-      ..0671c026
-      ..e1e6f1ba
-      ..17ac0eef
-      ..d2593499
-      ..dbc5ff05
-      ..4868ff44
-      ..0af58dbc
-      ..2b512ad0
-    }..da1fb1e8
-}..212993d7
--- /de..267d4475
+query ..f2947e69
+    En..502f0309
+      ..a037b394
+      ..5d68e03c
+      ..3f495603
+      ..2a8aad05
+      ..f59600f6
+      ..9218314a
+      ..a7882c74
+      ..c3498027
+      ..174cc7df
+      ..7412b5d2
+    }..7af6086a
+}..776f20ab
--- /de..267d4475
+query ..f2947e69
+    En..52d27173
+      ..a037b394
+      ..5d68e03c
+      ..3f495603
+      ..2a8aad05
+      ..f59600f6
+      ..9218314a
+      ..a7882c74
+      ..c3498027
+      ..174cc7df
+      ..7412b5d2
+    }..7af6086a
+}..776f20ab