-    pu..9043aca4
+    pu..331533ae
+import..ec1583ad
+..4cfb16c0
+    No..f5c9c1b4
+import..ec1583ad
+import..b6ad0498
+    pr..ed2d7315
-      ..520aaab5
-    }..1be60b86
-..6c619ccb
-    pu..56922990
-      ..e19eea28
-..6c619ccb
-      ..fb4b9a12
-      ..66f50183
-      ..c2145166
-      ..9ad8ce5b
-      ..1ba148c8
-..6c619ccb
+      ..a0b08899
+      ..a6964c31
-      ..7a8ee2a5
+      ..a65d07e4
+      ..0391ce28
+      ..35899b49
+..4cfb16c0
+    @O..b11a2b01
+    pu..f32f9e1e
+      ..721678c6
+      ..ed627905
+      ..6886aff3
+..4cfb16c0
+      ..90d235ce
+    }..4f0baee8
+..4cfb16c0
+++ /de..4de267f5
-packag..476babe3
-..6c619ccb
-import..91488f8d
-import..e6be960e
-import..ae252f94
-import..99b10688
-..6c619ccb
-/**..a1624fe7
- * <p>..edf5a02e
- * Con..c6c39bf1
- * </p..8a1f8364
- */..85fa0f27
-@Value..2cdfa24c
-@Gson...3c27cff3
-public..8398adbc
-..6c619ccb
-    /*..d29bd80e
-     *..ea3491b9
-     *..e2ce46dc
-     *..9bc64591
-    @V..c26510d0
-    @S..266d72f5
-    pu..b308503e
-      ..d724f13a
-    }..1be60b86
-..6c619ccb
-    /*..d29bd80e
-     *..2b499d02
-     *..e2ce46dc
-     *..9bc64591
-    @V..c26510d0
-    @S..756aef02
-    pu..48f6dccb
-      ..d724f13a
-    }..1be60b86
-..6c619ccb
-    /*..d29bd80e
-     *..303805c7
-     *..e2ce46dc
-     *..9bc64591
-    @V..c26510d0
-    @S..7a09b8ad
-    pu..e39736ae
-      ..d724f13a
-    }..1be60b86
-..6c619ccb
-    /*..d29bd80e
-     *..2ba813a3
-     *..652927fc
-     *..22895db2
-     *..9bc64591
-    @V..c26510d0
-    @S..1db48e2b
-    pu..5d2721e7
-      ..9d65e898
-    }..1be60b86
-}..7f1b736d
+++ /de..4de267f5
-packag..6be212b3
-..6c619ccb
-import..c2c4160e
-..6c619ccb
-/**..a1624fe7
- * Int..2a04beb4
- */..85fa0f27
-public..2ab6c032
-..6c619ccb
-    /*..d29bd80e
-     *..2924f595
-     *..652927fc
-     *..1c67ca72
-     *..652927fc
-     *..8dc4eb0b
-     *..9bc64591
-    bo..e7429ce1
-}..7f1b736d
+++ /de..4de267f5
-packag..6be212b3
-..6c619ccb
-import..c2c4160e
-..6c619ccb
-/**..a1624fe7
- * <p>..ee638440
- */..85fa0f27
-public..1c4db570
-..6c619ccb
-    /*..d29bd80e
-     *..228bfa5d
-     *..652927fc
-     *..25093663
-     *..9bc64591
-    vo..e1b0da18
-}..7f1b736d
+++ /de..4de267f5
-packag..6be212b3
-..6c619ccb
-import..85314187
-import..cfdf7a59
-..6c619ccb
-/**..a1624fe7
- * Reg..dcb59c75
- * fro..b5bca17f
- */..85fa0f27
-public..c063cf9d
-..6c619ccb
-    /*..d29bd80e
-     *..1907a0c0
-     *..f1130a62
-    pu..6faecb5d
-    /*..d29bd80e
-     *..3a8a97ce
-     *..f1130a62
-    pu..c5c0352f
-..6c619ccb
-    /*..d29bd80e
-     *..4d96c4ab
-     *..f1130a62
-    pr..7ab9bea1
-    /*..d29bd80e
-     *..4e6eb20b
-     *..f1130a62
-    pr..1aa227eb
-..6c619ccb
-    /*..d29bd80e
-     *..dc4861e4
-     *..652927fc
-     *..e1d5ff98
-     *..9bc64591
-    pr..4492ecda
-      ..3b076098
-    }..1be60b86
-..6c619ccb
-    /*..d29bd80e
-     *..dc4861e4
-     *..652927fc
-     *..b511b655
-     *..5b204e09
-     *..9bc64591
-    pr..9139f952
-      ..17334250
-      ..cb21255c
-    }..1be60b86
-..6c619ccb
-    /*..d29bd80e
-     *..55ded128
-     *..652927fc
-     *..c82b2dda
-     *..9bc64591
-    pu..2ea3afa1
-      ..f1ea5572
-    }..1be60b86
-..6c619ccb
-    /*..d29bd80e
-     *..ed006abc
-     *..652927fc
-     *..c0016636
-     *..9bc64591
-    pu..c4eaad4f
-      ..114a1617
-    }..1be60b86
-..6c619ccb
-    /*..d29bd80e
-     *..2a2905c5
-     *..652927fc
-     *..76ae65f7
-     *..9bc64591
-    pu..9793826b
-..6c619ccb
-      ..e3e75aa6
-      ..23526c55
-      ..0f776378
-      ..1cf535c2
-      ..e3e75aa6
-      ..b067ec29
-      ..0f776378
-      ..35aa640a
-..6c619ccb
-      ..e3e75aa6
-      ..361d771e
-      ..0f776378
-      ..0e70ca86
-..6c619ccb
-      ..e3e75aa6
-      ..11c809e2
-      ..76cf8d5a
-      ..ef51872f
-      ..c7ebb495
-      ..fa4d53c2
-      ..0a7c0dc7
-      ..5ea4a84d
-      ..184f9929
-      ..e861e8bb
-      ..1ba148c8
-..6c619ccb
-      ..e3e75aa6
-      ..7d6eb503
-      ..76cf8d5a
-      ..0f00f20b
-      ..76cf8d5a
-      ..fea87824
-      ..fa4d53c2
-      ..94d57be1
-      ..773a15c8
-      ..c8095bce
-      ..f1580a12
-      ..1ba148c8
-..6c619ccb
-      ..e3e75aa6
-      ..58f50eaa
-      ..76cf8d5a
-      ..7eee0ca4
-      ..76cf8d5a
-      ..fea87824
-      ..fa4d53c2
-      ..0045be2e
-      ..35d7471a
-      ..1ba148c8
-..6c619ccb
-      ..e3e75aa6
-      ..0cb54122
-      ..76cf8d5a
-      ..7eee0ca4
-      ..76cf8d5a
-      ..fea87824
-      ..fa4d53c2
-      ..72c12619
-      ..afbcfff5
-      ..1ba148c8
-..6c619ccb
-      ..e3e75aa6
-      ..52b11a7f
-      ..76cf8d5a
-      ..bbf7cdf4
-      ..fa4d53c2
-      ..e9513737
-      ..ef0bc643
-      ..ed1bf245
-      ..591f445f
-      ..20f6bd91
-      ..fa5761ca
-      ..d82f1b78
-      ..1ba148c8
-..6c619ccb
-      ..e3e75aa6
-      ..3723205a
-      ..fa4d53c2
-      ..0e9599f4
-      ..06ab522a
-      ..3d84b313
-      ..ceeaa2b1
-      ..e826383d
-      ..7cc26923
-      ..d72b7f63
-      ..3203e9b5
-      ..f945f335
-      ..583482a4
-      ..c58d5b8e
-      ..fa5761ca
-      ..1ba148c8
-    }..1be60b86
-..6c619ccb
-    /*..d29bd80e
-     *..07af08d4
-     *..652927fc
-     *..cd4f7ef7
-     *..e1d5ff98
-     *..652927fc
-     *..42470004
-     *..9bc64591
-    @S..a169da35
-    pu..4447d907
-      ..6ff89848
-    }..1be60b86
-..6c619ccb
-}..7f1b736d
+++ /de..4de267f5
-packag..6be212b3
-..6c619ccb
-import..cfdf7a59
-import..aa1f4063
-..6c619ccb
-/**..a1624fe7
- * <p>..edf5a02e
- * Not..f83cd486
- * </p..8a1f8364
- */..85fa0f27
-public..4742039b
-..6c619ccb
-    /*..d29bd80e
-     *..b1a5caa7
-     *..652927fc
-     *..e25c9624
-     *..652927fc
-     *..8dc4eb0b
-     *..9bc64591
-    bo..48e36553
-..6c619ccb
-    /*..d29bd80e
-     *..a82ef902
-     *..652927fc
-     *..8dc4eb0b
-     *..9bc64591
-    bo..139939fb
-..6c619ccb
-    /*..d29bd80e
-     *..346e539f
-     *..9bc64591
-    vo..f14f1e3f
-..6c619ccb
-    /*..d29bd80e
-     *..8c90894c
-     *..652927fc
-     *..e2d2ccb5
-     *..652927fc
-     *..42470004
-     *..9bc64591
-    @S..a169da35
-    Re..ffeae135
-..6c619ccb
-    /*..d29bd80e
-     *..f72d26e2
-     *..652927fc
-     *..dcfc2c56
-     *..652927fc
-     *..338c2202
-     *..9bc64591
-    No..2f90659c
-..6c619ccb
-    /*..d29bd80e
-     *..f72d26e2
-     *..652927fc
-     *..92b0198c
-     *..5b204e09
-     *..652927fc
-     *..338c2202
-     *..9bc64591
-    No..da9f761d
-..6c619ccb
-    /*..d29bd80e
-     *..17e0d102
-     *..652927fc
-     *..a9f97e0f
-     *..b5d60a85
-     *..652927fc
-     *..338c2202
-     *..9bc64591
-    No..07898069
-..6c619ccb
-    /*..d29bd80e
-     *..3113b986
-     *..652927fc
-     *..a9f97e0f
-     *..0bdc1084
-     *..652927fc
-     *..338c2202
-     *..9bc64591
-    No..ac804bfd
-..6c619ccb
-    /*..d29bd80e
-     *..07459ea1
-     *..652927fc
-     *..e451927d
-     *..9bc64591
-    vo..4b0468c8
-..6c619ccb
-    /*..d29bd80e
-     *..c5019cfa
-     *..652927fc
-     *..81f9f5a3
-     *..9bc64591
-    vo..68f35841
-..6c619ccb
-    /*..d29bd80e
-     *..1078196e
-     *..652927fc
-     *..7645901f
-     *..9bc64591
-    vo..f4232425
-}..7f1b736d
+++ /de..4de267f5
-packag..6be212b3
-..6c619ccb
-import..6edcf488
-..6c619ccb
-/**..a1624fe7
- * <p>..faea27b0
- */..85fa0f27
-public..2761accd
-..6c619ccb
-    /*..d29bd80e
-     *..04277731
-     *..652927fc
-     *..88e3cb31
-     *..652927fc
-     *..8dc4eb0b
-     *..9bc64591
-    bo..c7ac0fbe
-..6c619ccb
-    /*..d29bd80e
-     *..b0d84e47
-     *..9bc64591
-    vo..f14f1e3f
-..6c619ccb
-    /*..d29bd80e
-     *..bfe6f8ba
-     *..652927fc
-     *..2fff38ca
-     *..9bc64591
-    vo..57bc97ae
-}..7f1b736d
+++ /de..4de267f5
-packag..eb105211
-..6c619ccb
-import..c6048e5b
-import..6edcf488
-import..426af2a6
-import..ec35efe6
-..6c619ccb
-import..8ebeac3f
-import..b0b5ec16
-import..eebfa052
-..6c619ccb
-import..df344d61
-import..46966ec9
-import..cfdf7a59
-import..c1b83b96
-import..0499f702
-import..ca7eb2eb
-import..2f912ce9
-import..0dce7f9d
-import..c9c919c1
-..6c619ccb
-/**..a1624fe7
- * <p>..edf5a02e
- * Not..f83cd486
- * </p..8a1f8364
- */..85fa0f27
-public..cc06d934
-..6c619ccb
-    /*..d29bd80e
-     *..44fefbcc
-     *..9bc64591
-    pr..e638969d
-..6c619ccb
-    /*..d29bd80e
-     *..f91bb3e8
-     *..9bc64591
-    pr..1aae0f16
-..6c619ccb
-    /*..d29bd80e
-     *..6cd1a5e1
-     *..9bc64591
-    pr..32fda59f
-..6c619ccb
-    /*..d29bd80e
-     *..362a875a
-     *..9bc64591
-    pr..cacd89bd
-..6c619ccb
-    /*..d29bd80e
-     *..c06794cb
-     *..9bc64591
-    pr..ce0edd1b
-..6c619ccb
-    /*..d29bd80e
-     *..190a4922
-     *..9bc64591
-    pr..cb6e6323
-..6c619ccb
-    /*..d29bd80e
-     *..dc4861e4
-     *..652927fc
-     *..e2896090
-     *..9bc64591
-    pu..9ad70fcf
-      ..a759f2bc
-    }..1be60b86
-..6c619ccb
-    /*..d29bd80e
-     *..b1a5caa7
-     *..652927fc
-     *..8dc4eb0b
-     *..9bc64591
-    @O..fa4cbf30
-    pu..e7d05af0
-      ..f385a808
-..6c619ccb
-      ..a00f5fe8
-      ..1801f506
-    }..1be60b86
-..6c619ccb
-..6c619ccb
-    /*..d29bd80e
-     *..a82ef902
-     *..652927fc
-     *..8dc4eb0b
-     *..9bc64591
-    @O..fa4cbf30
-    pu..6fab6b4c
-      ..27a8004b
-..6c619ccb
-..6c619ccb
-      ..d76cd52a
-      ..80f118a6
-      ..1d138b76
-      ..1ba148c8
-..6c619ccb
-      ..75044ec6
-..6c619ccb
-      ..31359b52
-      ..b9f799b4
-      ..54327fd4
-..6c619ccb
-      ..57fe374e
-      ..4f58ff62
-      ..d76b3084
-      ..1d138b76
-      ..1ba148c8
-..6c619ccb
-      ..63385db3
-      ..4281ba3a
-..6c619ccb
-      ..bafdb74f
-      ..1060203e
-      ..89275415
-      ..1ba148c8
-..6c619ccb
-      ..70166237
-      ..4de5eb2d
-      ..9531f260
-      ..e194f2bb
-      ..1d138b76
-      ..1ba148c8
-..6c619ccb
-      ..cfca4866
-    }..1be60b86
-..6c619ccb
-    @O..fa4cbf30
-    pu..872cee1a
-      ..36f782fa
-      ..ead07307
-    }..1be60b86
-..6c619ccb
-    /*..d29bd80e
-     *..8c90894c
-     *..652927fc
-     *..7477ef32
-     *..652927fc
-     *..338c2202
-     *..9bc64591
-    @S..a169da35
-    @O..fa4cbf30
-    pu..7d5fae31
-      ..77f0cc8a
-    }..1be60b86
-..6c619ccb
-    /*..d29bd80e
-     *..f72d26e2
-     *..652927fc
-     *..e0459ac7
-     *..652927fc
-     *..338c2202
-     *..9bc64591
-    @O..fa4cbf30
-    pu..7960dfa7
-      ..05538e0d
-      ..7ca2a55c
-      ..71f71241
-      ..f47b3b07
-      ..76dc9e1e
-      ..4f12d33a
-..6c619ccb
-      ..17393bd6
-      ..c5623882
-      ..c87f38f3
-      ..373956b0
-      ..fa5761ca
-      ..1ba148c8
-      ..dd80a04f
-    }..1be60b86
-..6c619ccb
-    /*..d29bd80e
-     *..f72d26e2
-     *..652927fc
-     *..92b0198c
-     *..5b204e09
-     *..652927fc
-     *..338c2202
-     *..9bc64591
-    @O..fa4cbf30
-    pu..9fff0564
-      ..5d0273f4
-    }..1be60b86
-..6c619ccb
-    /*..d29bd80e
-     *..17e0d102
-     *..652927fc
-     *..a9f97e0f
-     *..b5d60a85
-     *..652927fc
-     *..338c2202
-     *..9bc64591
-    @O..fa4cbf30
-    pu..9034fa72
-      ..301795fb
-    }..1be60b86
-..6c619ccb
-    /*..d29bd80e
-     *..3113b986
-     *..652927fc
-     *..a9f97e0f
-     *..0bdc1084
-     *..652927fc
-     *..338c2202
-     *..9bc64591
-    @O..fa4cbf30
-    pu..2fdb47f2
-      ..8cc598f7
-    }..1be60b86
-..6c619ccb
-    /*..d29bd80e
-     *..07459ea1
-     *..652927fc
-     *..d38be188
-     *..9bc64591
-    @O..fa4cbf30
-    pu..f08c8c2c
-      ..7ca2a55c
-      ..e87e6e1e
-      ..49f73fb3
-      ..1ba148c8
-..6c619ccb
-      ..1fe1a820
-      ..b6a8b42b
-..6c619ccb
-      ..318c49bb
-      ..409fe8bb
-      ..21104652
-      ..76dc9e1e
-      ..58ece88a
-      ..1ba148c8
-    }..1be60b86
-..6c619ccb
-    /*..d29bd80e
-     *..c5019cfa
-     *..652927fc
-     *..81f9f5a3
-     *..9bc64591
-    @O..fa4cbf30
-    pu..9b23356a
-      ..529b159e
-      ..69fcede2
-      ..767950ef
-      ..76dc9e1e
-      ..593f43b1
-      ..1ba148c8
-    }..1be60b86
-..6c619ccb
-    /*..d29bd80e
-     *..1078196e
-     *..652927fc
-     *..7645901f
-     *..9bc64591
-    @O..fa4cbf30
-    pu..c931640e
-      ..529b159e
-      ..c7887865
-      ..767950ef
-      ..76dc9e1e
-      ..593f43b1
-      ..1ba148c8
-    }..1be60b86
-}..7f1b736d
+++ /de..4de267f5
-packag..eb105211
-..6c619ccb
-import..c6048e5b
-import..be1f9063
-import..6edcf488
-import..48c8fc08
-import..426af2a6
-..6c619ccb
-import..61a82bfb
-import..cfe93f3d
-import..17e3e246
-import..eebfa052
-import..899d8f1f
-import..8da4fe99
-import..2af527c6
-import..09b1812a
-import..d818825b
-import..f88a4702
-import..777e3384
-..6c619ccb
-import..46966ec9
-import..cfdf7a59
-import..ca7eb2eb
-import..0dce7f9d
-import..3b3e4b63
-import..c2c4160e
-..6c619ccb
-/**..a1624fe7
- * <p>..b670a7f8
- */..85fa0f27
-public..74af2145
-..6c619ccb
-    /*..d29bd80e
-     *..44fefbcc
-     *..9bc64591
-    pr..990a5e82
-..6c619ccb
-    /*..d29bd80e
-     *..7b2f00bb
-     *..f1130a62
-    pr..2f4a0be2
-..6c619ccb
-    /*..d29bd80e
-     *..cc228b1d
-     *..f1130a62
-    pr..88987fc7
-..6c619ccb
-    /*..d29bd80e
-     *..0c77984e
-     *..9bc64591
-    pr..e99a3c6b
-..6c619ccb
-    /*..d29bd80e
-     *..c64e8f4c
-     *..9bc64591
-    pr..155cc018
-..6c619ccb
-    /*..d29bd80e
-     *..dc4861e4
-     *..652927fc
-     *..4d5835a5
-     *..9bc64591
-    pu..03782b4b
-      ..4ecc6ec5
-    }..1be60b86
-..6c619ccb
-    /*..d29bd80e
-     *..04277731
-     *..652927fc
-     *..8dc4eb0b
-     *..9bc64591
-    @O..fa4cbf30
-    pu..b5ddcac0
-      ..9d12db94
-..6c619ccb
-      ..511ad9f3
-      ..a45ed85a
-      ..c3781a79
-      ..1ba148c8
-..6c619ccb
-      ..a52727fd
-      ..3553c373
-      ..558994eb
-      ..c3781a79
-      ..1ba148c8
-      ..aaa78d6f
-      ..2fe9fa9b
-      ..c3781a79
-      ..1ba148c8
-..6c619ccb
-      ..53892917
-      ..fbf5b8e8
-..6c619ccb
-      ..bf6b0311
-      ..74a4d05f
-      ..c3781a79
-      ..4237a20a
-      ..32b8e0e6
-      ..eddf8c77
-      ..5b1b48eb
-      ..e054684e
-      ..99c5372b
-      ..9a1805d3
-..6c619ccb
-      ..2b41aa22
-      ..1dd0f882
-      ..c3781a79
-      ..1ba148c8
-..6c619ccb
-      ..15c92855
-      ..f58736db
-      ..c3781a79
-      ..1ba148c8
-..6c619ccb
-      ..979e859f
-      ..5fdf6180
-      ..2770eec0
-      ..ee871e31
-      ..fc7ecf80
-..6c619ccb
-      ..b4223378
-      ..83d46833
-      ..8dd1fa78
-      ..c63be37a
-      ..21e56cc4
-      ..afc78323
-      ..6d73f5ee
-      ..3cc44002
-      ..de552b54
-      ..fa5761ca
-..6c619ccb
-      ..8dd1fa78
-      ..5e7d77ab
-      ..aeb200d2
-      ..f45ab20c
-      ..318085f9
-      ..afc78323
-      ..6d73f5ee
-      ..21a62c73
-      ..b326adad
-      ..fa5761ca
-      ..4a498171
-..6c619ccb
-..6c619ccb
-      ..2add7672
-      ..928a87ed
-..6c619ccb
-      ..a67bc5b1
-      ..51c4ac20
-..6c619ccb
-      ..c329de84
-      ..53468639
-..6c619ccb
-      ..b7f1dff9
-      ..a0a85b42
-      ..76a99e07
-      ..5810286b
-      ..e9c69612
-      ..9ff7d477
-      ..256eb333
-      ..75f77935
-      ..68428446
-      ..771d97c3
-      ..75bc756c
-      ..4631d3f1
-      ..c58d5b8e
-      ..e0c21cd5
-      ..1ba148c8
-..6c619ccb
-      ..1f33fe2c
-      ..eae37357
-    }..1be60b86
-..6c619ccb
-    @O..fa4cbf30
-    pu..872cee1a
-      ..fc1f2be0
-      ..01655214
-    }..1be60b86
-..6c619ccb
-    /*..d29bd80e
-     *..9e2bb6df
-     *..652927fc
-     *..81c2c3ca
-     *..3a917142
-     *..ed79ea2e
-     *..9bc64591
-    pr..f3872510
-..6c619ccb
-      ..d06ec013
-      ..5a2099cd
-      ..49f73fb3
-      ..1ba148c8
-..6c619ccb
-      ..23fe236c
-      ..febfecbe
-      ..f9447f11
-      ..49f73fb3
-      ..1ba148c8
-..6c619ccb
-      ..031392f3
-      ..8033cf89
-      ..3c504681
-      ..3cedbdb5
-      ..54327fd4
-..6c619ccb
-      ..6d606bba
-      ..a736d743
-      ..0ad8fac2
-      ..fa5761ca
-      ..1ba148c8
-..6c619ccb
-    }..1be60b86
-..6c619ccb
-    /*..d29bd80e
-     *..bfe6f8ba
-     *..652927fc
-     *..2d539e84
-     *..9bc64591
-    @O..fa4cbf30
-    pu..8c9c7371
-      ..5931d8b2
-    }..1be60b86
-}..7f1b736d
--- /de..577c3b09
+packag..3e895d12
+..4cfb16c0
+import..e6751688
+..4cfb16c0
+/**..f0a77d17
+ * Int..bc4d097c
+ */..89c52169
+public..291d97a3
+..4cfb16c0
+    /*..59a55846
+     *..9b1d7e2c
+     *..1675b53f
+     *..34b882f3
+     *..1675b53f
+     *..82b53b8d
+     *..15f1a5fc
+    bo..be37e51f
+}..9aaacfae
--- /de..577c3b09
+packag..3e895d12
+..4cfb16c0
+import..e6751688
+..4cfb16c0
+/**..f0a77d17
+ * <p>..340e0733
+ */..89c52169
+public..2f136841
+..4cfb16c0
+    /*..59a55846
+     *..c1f6bbed
+     *..1675b53f
+     *..e0aa35e2
+     *..15f1a5fc
+    vo..ea989dfa
+}..9aaacfae
--- /de..577c3b09
+packag..3e895d12
+..4cfb16c0
+import..43a47b53
+import..0528a320
+..4cfb16c0
+/**..f0a77d17
+ * Reg..e51e5d03
+ * fro..b514db9e
+ */..89c52169
+public..aa073200
+..4cfb16c0
+    /*..59a55846
+     *..868c736a
+     *..123e83e5
+    pu..01414329
+    /*..59a55846
+     *..ee113e99
+     *..123e83e5
+    pu..eccb0985
+..4cfb16c0
+    /*..59a55846
+     *..f316c6b2
+     *..123e83e5
+    pr..1f364f21
+    /*..59a55846
+     *..ee115610
+     *..123e83e5
+    pr..42bcd384
+..4cfb16c0
+    /*..59a55846
+     *..57eaff20
+     *..1675b53f
+     *..90cc67b8
+     *..15f1a5fc
+    pr..0cd7d3f4
+      ..08e4d934
+    }..4f0baee8
+..4cfb16c0
+    /*..59a55846
+     *..57eaff20
+     *..1675b53f
+     *..43140b8d
+     *..be9e2cdd
+     *..15f1a5fc
+    pr..216291da
+      ..bceaf9d7
+      ..da87ff88
+    }..4f0baee8
+..4cfb16c0
+    /*..59a55846
+     *..54a65775
+     *..1675b53f
+     *..4d40fcc5
+     *..15f1a5fc
+    pu..ecd33eeb
+      ..f559cafd
+    }..4f0baee8
+..4cfb16c0
+    /*..59a55846
+     *..7a7596ea
+     *..1675b53f
+     *..b17fe746
+     *..15f1a5fc
+    pu..d4f1e158
+      ..655d75f1
+    }..4f0baee8
+..4cfb16c0
+    /*..59a55846
+     *..56daaca2
+     *..1675b53f
+     *..aa64bee7
+     *..15f1a5fc
+    pu..21ad772b
+..4cfb16c0
+      ..cd30ecce
+      ..f5c1a139
+      ..8e2ead29
+      ..00b58e0f
+      ..cd30ecce
+      ..f2e3d85d
+      ..8e2ead29
+      ..d2e26d19
+..4cfb16c0
+      ..cd30ecce
+      ..4f152ba6
+      ..8e2ead29
+      ..822cd702
+..4cfb16c0
+      ..cd30ecce
+      ..1032ddd8
+      ..ea9e623b
+      ..9f633862
+      ..11bb52b8
+      ..60c8a37a
+      ..7cbd334f
+      ..ea15f977
+      ..d8b60e12
+      ..d5e7d5a7
+      ..6886aff3
+..4cfb16c0
+      ..cd30ecce
+      ..29839e0b
+      ..ea9e623b
+      ..a07bab1d
+      ..ea9e623b
+      ..06d29a0b
+      ..60c8a37a
+      ..e84b1761
+      ..91784e33
+      ..8ee558fe
+      ..a93087c2
+      ..6886aff3
+..4cfb16c0
+      ..cd30ecce
+      ..88bd608a
+      ..ea9e623b
+      ..ccdce0ed
+      ..ea9e623b
+      ..06d29a0b
+      ..60c8a37a
+      ..e714d572
+      ..c3491125
+      ..6886aff3
+..4cfb16c0
+      ..cd30ecce
+      ..a1a69f12
+      ..ea9e623b
+      ..ccdce0ed
+      ..ea9e623b
+      ..06d29a0b
+      ..60c8a37a
+      ..2200d044
+      ..ef3a798a
+      ..6886aff3
+..4cfb16c0
+      ..cd30ecce
+      ..bd6f4426
+      ..ea9e623b
+      ..0790b4a1
+      ..60c8a37a
+      ..d8ab47b6
+      ..9b46aed7
+      ..a373092e
+      ..11505d9d
+      ..524f49dd
+      ..1a3951f1
+      ..6ba118c2
+      ..6886aff3
+..4cfb16c0
+      ..cd30ecce
+      ..c7ce4071
+      ..60c8a37a
+      ..35cc4aa3
+      ..f3284f4c
+      ..32acb9c6
+      ..2dbb126d
+      ..9b7229e4
+      ..effade14
+      ..16d1abd4
+      ..f2460918
+      ..3cf4091d
+      ..dbc4655a
+      ..5dadce52
+      ..1a3951f1
+      ..6886aff3
+    }..4f0baee8
+..4cfb16c0
+    /*..59a55846
+     *..824a898c
+     *..1675b53f
+     *..a6a66dc3
+     *..90cc67b8
+     *..1675b53f
+     *..50192f26
+     *..15f1a5fc
+    @S..3e4552e5
+    pu..21df4b88
+      ..61e59116
+    }..4f0baee8
+..4cfb16c0
+}..9aaacfae
--- /de..577c3b09
+packag..3e895d12
+..4cfb16c0
+import..0528a320
+import..39ff734e
+..4cfb16c0
+/**..f0a77d17
+ * <p>..44fedf30
+ * Not..377f212b
+ * </p..563732bc
+ */..89c52169
+public..69b0ebb9
+..4cfb16c0
+    /*..59a55846
+     *..e372736e
+     *..1675b53f
+     *..82b53b8d
+     *..15f1a5fc
+    bo..eda96d26
+..4cfb16c0
+    /*..59a55846
+     *..22fa2061
+     *..1675b53f
+     *..82b53b8d
+     *..15f1a5fc
+    bo..ed4a338e
+..4cfb16c0
+    /*..59a55846
+     *..1a63c4b1
+     *..15f1a5fc
+    vo..41771ee3
+..4cfb16c0
+    /*..59a55846
+     *..2379e943
+     *..1675b53f
+     *..d9f78d68
+     *..1675b53f
+     *..50192f26
+     *..15f1a5fc
+    @S..3e4552e5
+    Re..1d48f69d
+..4cfb16c0
+    /*..59a55846
+     *..aa17196e
+     *..1675b53f
+     *..e8966958
+     *..1675b53f
+     *..7a7c791d
+     *..15f1a5fc
+    No..0daa046c
+..4cfb16c0
+    /*..59a55846
+     *..aa17196e
+     *..1675b53f
+     *..403d01c0
+     *..be9e2cdd
+     *..1675b53f
+     *..7a7c791d
+     *..15f1a5fc
+    No..f4c23477
+..4cfb16c0
+    /*..59a55846
+     *..c793b381
+     *..1675b53f
+     *..f08372de
+     *..7c2030c9
+     *..1675b53f
+     *..7a7c791d
+     *..15f1a5fc
+    No..74115e57
+..4cfb16c0
+    /*..59a55846
+     *..cab2e642
+     *..1675b53f
+     *..f08372de
+     *..157d86fc
+     *..1675b53f
+     *..7a7c791d
+     *..15f1a5fc
+    No..d25e2515
+..4cfb16c0
+    /*..59a55846
+     *..ad65a59d
+     *..1675b53f
+     *..dfc37e30
+     *..15f1a5fc
+    vo..10ba8629
+..4cfb16c0
+    /*..59a55846
+     *..f6844014
+     *..1675b53f
+     *..be2e55e1
+     *..15f1a5fc
+    vo..37ed9002
+..4cfb16c0
+    /*..59a55846
+     *..c56769c5
+     *..1675b53f
+     *..a12ed0ed
+     *..15f1a5fc
+    vo..9bb5a720
+}..9aaacfae
--- /de..577c3b09
+packag..3e895d12
+..4cfb16c0
+import..6316ef63
+..4cfb16c0
+/**..f0a77d17
+ * <p>..20d24902
+ */..89c52169
+public..d10fcdfa
+..4cfb16c0
+    /*..59a55846
+     *..2d75774d
+     *..1675b53f
+     *..3f83cd3b
+     *..1675b53f
+     *..82b53b8d
+     *..15f1a5fc
+    bo..d4b0ed41
+..4cfb16c0
+    /*..59a55846
+     *..9900610f
+     *..15f1a5fc
+    vo..41771ee3
+..4cfb16c0
+    /*..59a55846
+     *..6e7ddffe
+     *..1675b53f
+     *..88ad5f9b
+     *..15f1a5fc
+    vo..24051b8b
+}..9aaacfae
--- /de..577c3b09
+packag..58872c4b
+..4cfb16c0
+import..a32d6a4d
+import..1e10c091
+import..6316ef63
+import..fc869652
+import..13642248
+..4cfb16c0
+import..037c4d0f
+import..e26e3caf
+..4cfb16c0
+import..0528a320
+import..1b55cfc6
+import..5104e8b7
+import..1de7477b
+import..ec1583ad
+import..30e13e6f
+import..90905ec6
+import..9b534587
+import..205dbf23
+import..7b232679
+import..9269dd23
+..4cfb16c0
+/**..f0a77d17
+ * <p>..44fedf30
+ * Not..377f212b
+ * </p..563732bc
+ */..89c52169
+public..6ab68515
+..4cfb16c0
+    /*..59a55846
+     *..d50106d3
+     *..15f1a5fc
+    pr..80bec3d0
+..4cfb16c0
+    /*..59a55846
+     *..b9de6caa
+     *..15f1a5fc
+    pr..32c8f121
+..4cfb16c0
+    /*..59a55846
+     *..76e4cea4
+     *..15f1a5fc
+    pr..fcf8fc56
+..4cfb16c0
+    /*..59a55846
+     *..58263cfd
+     *..15f1a5fc
+    pr..075a1538
+..4cfb16c0
+    /*..59a55846
+     *..57eaff20
+     *..1675b53f
+     *..bbbb1af9
+     *..15f1a5fc
+    pu..91e0f01b
+      ..2d09df88
+    }..4f0baee8
+..4cfb16c0
+    /*..59a55846
+     *..e372736e
+     *..1675b53f
+     *..82b53b8d
+     *..15f1a5fc
+    @O..b11a2b01
+    pu..6024a9a1
+..4cfb16c0
+      ..4811ce40
+      ..ce7d25b5
+    }..4f0baee8
+..4cfb16c0
+..4cfb16c0
+    /*..59a55846
+     *..22fa2061
+     *..1675b53f
+     *..82b53b8d
+     *..15f1a5fc
+    @O..b11a2b01
+    pu..f4a3918b
+      ..b84dd67f
+..4cfb16c0
+      ..70a4868c
+      ..83749d85
+      ..7c48556b
+      ..c71aa8c2
+      ..40bd13de
+      ..b3ccb65e
+      ..1a3951f1
+      ..2f9d56b2
+      ..9a397da3
+      ..40bd13de
+      ..b3ccb65e
+      ..1a3951f1
+      ..87bc0458
+      ..9f163ac3
+      ..c0f222c1
+      ..1a3951f1
+..4cfb16c0
+      ..f58173b8
+      ..bacdf8a7
+      ..547c2e6e
+      ..51286e90
+      ..b3ccb65e
+      ..1a3951f1
+      ..09af6f12
+      ..8c033fa3
+      ..383b7d44
+      ..6886aff3
+..4cfb16c0
+..4cfb16c0
+      ..eb391b35
+    }..4f0baee8
+..4cfb16c0
+    @O..b11a2b01
+    pu..35b4e51b
+      ..be7015b8
+      ..4a27d3a5
+    }..4f0baee8
+..4cfb16c0
+    /*..59a55846
+     *..2379e943
+     *..1675b53f
+     *..7ad90ab5
+     *..1675b53f
+     *..7a7c791d
+     *..15f1a5fc
+    @S..3e4552e5
+    @O..b11a2b01
+    pu..ce8bbdc9
+      ..ea744bd1
+    }..4f0baee8
+..4cfb16c0
+    /*..59a55846
+     *..aa17196e
+     *..1675b53f
+     *..3833f935
+     *..1675b53f
+     *..7a7c791d
+     *..15f1a5fc
+    @O..b11a2b01
+    pu..9cff0024
+      ..105f71e8
+      ..c904457e
+      ..a1082bc6
+      ..e90d6e22
+      ..e357503a
+      ..9b1242f3
+..4cfb16c0
+      ..50114d97
+      ..bd402e5d
+      ..95ca80cf
+      ..7e568444
+      ..1a3951f1
+      ..6886aff3
+      ..21c0015b
+    }..4f0baee8
+..4cfb16c0
+    /*..59a55846
+     *..aa17196e
+     *..1675b53f
+     *..403d01c0
+     *..be9e2cdd
+     *..1675b53f
+     *..7a7c791d
+     *..15f1a5fc
+    @O..b11a2b01
+    pu..9d53dc3e
+      ..6f79848b
+    }..4f0baee8
+..4cfb16c0
+    /*..59a55846
+     *..c793b381
+     *..1675b53f
+     *..f08372de
+     *..7c2030c9
+     *..1675b53f
+     *..7a7c791d
+     *..15f1a5fc
+    @O..b11a2b01
+    pu..c5793685
+      ..bcfdc554
+    }..4f0baee8
+..4cfb16c0
+    /*..59a55846
+     *..cab2e642
+     *..1675b53f
+     *..f08372de
+     *..157d86fc
+     *..1675b53f
+     *..7a7c791d
+     *..15f1a5fc
+    @O..b11a2b01
+    pu..969e4594
+      ..dc71a11b
+    }..4f0baee8
+..4cfb16c0
+    /*..59a55846
+     *..ad65a59d
+     *..1675b53f
+     *..d323baca
+     *..15f1a5fc
+    @O..b11a2b01
+    pu..f2ec4ca9
+      ..c904457e
+      ..748d3250
+      ..ad691832
+      ..6886aff3
+..4cfb16c0
+      ..2c9f6882
+      ..711edbb4
+..4cfb16c0
+      ..8141dc89
+      ..fd0c02a0
+      ..aafe6fab
+      ..e357503a
+      ..196a2bb9
+      ..6886aff3
+    }..4f0baee8
+..4cfb16c0
+    /*..59a55846
+     *..f6844014
+     *..1675b53f
+     *..be2e55e1
+     *..15f1a5fc
+    @O..b11a2b01
+    pu..fc587bcb
+      ..82db356a
+      ..2b2c1719
+      ..87a8163b
+      ..e357503a
+      ..a94e58e3
+      ..6886aff3
+    }..4f0baee8
+..4cfb16c0
+    /*..59a55846
+     *..c56769c5
+     *..1675b53f
+     *..a12ed0ed
+     *..15f1a5fc
+    @O..b11a2b01
+    pu..671d379f
+      ..82db356a
+      ..ccae8c30
+      ..87a8163b
+      ..e357503a
+      ..a94e58e3
+      ..6886aff3
+    }..4f0baee8
+}..9aaacfae
--- /de..577c3b09
+packag..58872c4b
+..4cfb16c0
+import..1e10c091
+import..6316ef63
+import..fc869652
+..4cfb16c0
+import..b6a31b3d
+import..1b5faa13
+import..1bef485a
+import..5712e974
+import..3e23110f
+import..a7ccd438
+import..b7e0b03b
+import..ddac64a7
+import..cd35ca6c
+import..b3f6ae78
+..4cfb16c0
+import..0528a320
+import..1de7477b
+import..30e13e6f
+import..89e58720
+import..3bd80dfc
+import..205dbf23
+import..af0006e5
+import..ecfbd1eb
+import..77bce71d
+import..e6751688
+..4cfb16c0
+/**..f0a77d17
+ * <p>..29c03ed1
+ */..89c52169
+public..99f15d94
+..4cfb16c0
+    /*..59a55846
+     *..d50106d3
+     *..15f1a5fc
+    pr..b249fa02
+..4cfb16c0
+    /*..59a55846
+     *..9ab9fc6e
+     *..123e83e5
+    pr..cafe35a0
+..4cfb16c0
+    /*..59a55846
+     *..2a2c9bce
+     *..123e83e5
+    pr..cdf8a80e
+..4cfb16c0
+    /*..59a55846
+     *..a809f32d
+     *..15f1a5fc
+    pr..d3b64c76
+..4cfb16c0
+    /*..59a55846
+     *..895a77c3
+     *..15f1a5fc
+    pr..616c8ab6
+..4cfb16c0
+    /*..59a55846
+     *..57eaff20
+     *..1675b53f
+     *..5d3ad2a8
+     *..15f1a5fc
+    pu..2240453d
+      ..002ac104
+    }..4f0baee8
+..4cfb16c0
+    /*..59a55846
+     *..2d75774d
+     *..1675b53f
+     *..82b53b8d
+     *..15f1a5fc
+    @O..b11a2b01
+    pu..51abfbc3
+      ..919bf277
+..4cfb16c0
+      ..fccb7a81
+      ..c3474fe4
+      ..59f5962b
+      ..6886aff3
+..4cfb16c0
+      ..8f1238d6
+      ..01511827
+      ..a921e8e5
+      ..59f5962b
+      ..6886aff3
+..4cfb16c0
+      ..3b3a1e06
+      ..0a0109ef
+      ..95781bdb
+      ..59f5962b
+      ..6886aff3
+..4cfb16c0
+      ..2d37f531
+      ..d5830d2e
+      ..d73d78cd
+      ..f5e3b470
+      ..2e25b681
+      ..6c17b76e
+      ..91e10168
+..4cfb16c0
+      ..d84a1f50
+      ..bc5fa455
+      ..59f5962b
+      ..6886aff3
+..4cfb16c0
+      ..cbd9c697
+      ..c61cd20e
+      ..59f5962b
+      ..6886aff3
+..4cfb16c0
+      ..c0107ee6
+      ..f5922d14
+      ..5c98054a
+      ..09b5d891
+      ..1f7377d6
+      ..f4610384
+..4cfb16c0
+      ..bcd47b1c
+      ..6be7b773
+      ..afde9050
+      ..ab59783e
+      ..de1ee974
+      ..70b2bb07
+      ..c39eed27
+      ..310082e3
+      ..f6f440b6
+      ..1a3951f1
+..4cfb16c0
+      ..afde9050
+      ..36f8d6d0
+      ..7c9d09f5
+      ..dc7bfaca
+      ..592887cf
+      ..70b2bb07
+      ..c39eed27
+      ..c52adaa9
+      ..8d478e0b
+      ..1a3951f1
+      ..f7a26c84
+..4cfb16c0
+..4cfb16c0
+      ..0b9f898f
+      ..cff31d7d
+..4cfb16c0
+      ..d920396a
+      ..9a71cc1d
+..4cfb16c0
+      ..20ca49a9
+      ..9d34d2c8
+..4cfb16c0
+      ..c3241428
+      ..554cba87
+      ..4fa04b7c
+      ..fad4a447
+      ..be50915f
+      ..fdc7069c
+      ..bb9ace6d
+      ..87881bd6
+      ..44b8cda0
+      ..e66f81e9
+      ..49c0d10d
+      ..b87cff9b
+      ..5dadce52
+      ..d14291fb
+      ..6886aff3
+..4cfb16c0
+      ..ca1bf84d
+      ..66c3973f
+    }..4f0baee8
+..4cfb16c0
+    /*..59a55846
+     *..924b860a
+     *..50294037
+     *..b9039245
+     *..2e0c4a39
+     *..15f1a5fc
+    pr..2b12d6be
+      ..a3086c36
+      ..10870b4c
+..4cfb16c0
+      ..4b92c170
+      ..38f382ba
+    }..4f0baee8
+..4cfb16c0
+    @O..b11a2b01
+    pu..35b4e51b
+      ..07023076
+      ..221dee05
+    }..4f0baee8
+..4cfb16c0
+    /*..59a55846
+     *..9f096bc4
+     *..1675b53f
+     *..3af5afe1
+     *..181cc311
+     *..cf86f89a
+     *..15f1a5fc
+    pr..e44d2f81
+..4cfb16c0
+      ..f643aab3
+      ..24966c17
+      ..ad691832
+      ..6886aff3
+..4cfb16c0
+      ..77617b8e
+      ..0077e1ff
+      ..b3fc6808
+      ..ad691832
+      ..6886aff3
+..4cfb16c0
+      ..e676f949
+      ..831f6083
+      ..be7dfb2d
+      ..791b4052
+      ..35899b49
+..4cfb16c0
+      ..22bd57ac
+      ..df769e78
+      ..c59cc44c
+      ..1a3951f1
+      ..6886aff3
+..4cfb16c0
+    }..4f0baee8
+..4cfb16c0
+    /*..59a55846
+     *..6e7ddffe
+     *..1675b53f
+     *..dd1a1dc1
+     *..15f1a5fc
+    @O..b11a2b01
+    pu..7db946a8
+      ..6b4c54e9
+    }..4f0baee8
+}..9aaacfae
--- /de..577c3b09
+packag..a93d8807
+..4cfb16c0
+import..fc869652
+..4cfb16c0
+import..5104e8b7
+import..e6751688
+..4cfb16c0
+public..2b2b68a9
+..4cfb16c0
+    /*..59a55846
+     *..d50106d3
+     *..15f1a5fc
+    pr..b3fbe8ed
+..4cfb16c0
+..4cfb16c0
+    @O..b11a2b01
+    pu..4560569e
+      ..8ffcf520
+      ..d7da110a
+      ..6886aff3
+    }..4f0baee8
+..4cfb16c0
+}..9aaacfae
--- /de..577c3b09
+packag..a93d8807
+..4cfb16c0
+import..83aebe65
+..4cfb16c0
+import..a32d6a4d
+..4cfb16c0
+import..9f460e95
+..4cfb16c0
+import..48fa7da3
+import..ec1583ad
+..4cfb16c0
+/**..f0a77d17
+ * Cal..ad5231be
+ * usu..1814d873
+ */..89c52169
+public..2167094b
+..4cfb16c0
+    @T..0fff8d26
+    pu..3a77628c
+      ..519f5778
+      ..ea19d68a
+..4cfb16c0
+      ..5801428d
+      ..f2cf9143
+..4cfb16c0
+..4cfb16c0
+      ..5f6823dc
+      ..79ee1287
+..4cfb16c0
+      ..54c62803
+..4cfb16c0
+      ..6886aff3
+    }..4f0baee8
+..4cfb16c0
+..4cfb16c0
+}..9aaacfae