+import..8b7da17b
+import..bc54cc01
+..4cfb16c0
+..4cfb16c0
+    @T..0fff8d26
+    pu..8218d35d
+      ..65d78e78
+      ..73403802
+..4cfb16c0
+      ..101566de
+      ..8ef07cfe
+      ..68fa3706
+      ..dc8fca43
+      ..6f990d93
+      ..80911b56
+      ..071a98cf
+      ..c5119d58
+      ..e93e3140
+      ..bf7a92a1
+..4cfb16c0
+      ..6737701d
+..4cfb16c0
+      ..9ca5cc1c
+      ..708a8ae0
+      ..dec50126
+..4cfb16c0
+      ..708a8ae0
+      ..dec50126
+      ..87d1c92f
+      ..726abd1d
+      ..b5b4c5cc
+      ..f10d98f4
+      ..3bae1257
+      ..423657de
+..4cfb16c0
+      ..185fc42c
+      ..de60d71e
+      ..f4bfe2c8
+      ..d8eff980
+    }..4f0baee8
+..4cfb16c0
+    @T..0fff8d26
+    pu..3914563c
+      ..484556f6
+      ..73403802
+..4cfb16c0
+      ..101566de
+      ..8ef07cfe
+      ..68fa3706
+      ..dc8fca43
+      ..6f990d93
+      ..80911b56
+      ..fa0b9420
+..4cfb16c0
+      ..c39eed27
+      ..3879503b
+      ..0b7cc2a2
+      ..a1767de9
+      ..10b6afaf
+..4cfb16c0
+      ..ae49fdc4
+..4cfb16c0
+      ..6d3deac2
+      ..53cb8d96
+      ..7ef6f981
+      ..cafdbe7d
+      ..d1ef9aec
+..4cfb16c0
+      ..9bc5314c
+      ..a39a0442
+      ..ff3c1ff4
+      ..0a2a85bf
+      ..009232a8
+      ..60716696
+      ..701314f7
+      ..29b50c00
+..4cfb16c0
+      ..d4e05bce
+..4cfb16c0
+      ..417e65e3
+      ..d61aa538
+      ..fa587cfd
+      ..e3c8a7f9
+      ..22eb7e95
+      ..1621737e
+..4cfb16c0
+      ..417e65e3
+      ..8127a2b9
+      ..b85ce4ed
+      ..1621737e
+..4cfb16c0
+      ..9799e7ed
+      ..dbc4655a
+..4cfb16c0
+      ..53cb8d96
+      ..18a31da9
+      ..ec94b683
+      ..dbc4655a
+      ..06d059fe
+      ..1a3951f1
+..4cfb16c0
+      ..c39eed27
+      ..7b495733
+      ..cadb5d4b
+      ..1a3951f1
+..4cfb16c0
+      ..3d6bf890
+     }..8e2f8a68
+..4cfb16c0
+    @T..0fff8d26
+    pu..8e5b53dc
+      ..65d78e78
+      ..73403802
+..4cfb16c0
+      ..101566de
+      ..8ef07cfe
+      ..68fa3706
+      ..dc8fca43
+      ..6f990d93
+      ..80911b56
+      ..071a98cf
+      ..c5119d58
+      ..e93e3140
+      ..bf7a92a1
+..4cfb16c0
+      ..6737701d
+..4cfb16c0
+      ..185fc42c
+      ..de60d71e
+      ..f4bfe2c8
+      ..d8eff980
+    }..4f0baee8
+..4cfb16c0
+    @T..0fff8d26
+    pu..5bc3a3d1
+      ..484556f6
+      ..73403802
+..4cfb16c0
+      ..101566de
+      ..8ef07cfe
+      ..68fa3706
+      ..dc8fca43
+      ..6f990d93
+      ..80911b56
+      ..fa0b9420
+..4cfb16c0
+      ..c39eed27
+      ..3879503b
+      ..0b7cc2a2
+      ..a1767de9
+      ..10b6afaf
+..4cfb16c0
+      ..ae49fdc4
+..4cfb16c0
+      ..81a0af09
+..4cfb16c0
+      ..53cb8d96
+      ..81572f69
+      ..7829ba38
+      ..3ae667e2
+      ..8f8508b8
+      ..dbc4655a
+..4cfb16c0
+      ..53cb8d96
+      ..08e83207
+      ..ec94b683
+      ..dbc4655a
+..4cfb16c0
+      ..06d059fe
+      ..1a3951f1
+..4cfb16c0
+      ..c39eed27
+      ..7b495733
+      ..cadb5d4b
+      ..1a3951f1
+..4cfb16c0
+      ..3d6bf890
+     }..8e2f8a68
+..4cfb16c0
+    @T..0fff8d26
+    pu..5102d177
+      ..65d78e78
+      ..73403802
+..4cfb16c0
+      ..101566de
+      ..8ef07cfe
+      ..68fa3706
+      ..dc8fca43
+      ..6f990d93
+      ..80911b56
+      ..071a98cf
+      ..c5119d58
+      ..e93e3140
+      ..bf7a92a1
+..4cfb16c0
+      ..6737701d
+..4cfb16c0
+      ..185fc42c
+      ..de60d71e
+      ..f4bfe2c8
+      ..d8eff980
+    }..4f0baee8
+..4cfb16c0
+    @T..0fff8d26
+    pu..bc3ccc51
+      ..484556f6
+      ..73403802
+..4cfb16c0
+      ..101566de
+      ..8ef07cfe
+      ..68fa3706
+      ..dc8fca43
+      ..6f990d93
+      ..80911b56
+      ..fa0b9420
+..4cfb16c0
+      ..c39eed27
+      ..3879503b
+      ..0b7cc2a2
+      ..a1767de9
+      ..10b6afaf
+..4cfb16c0
+      ..ae49fdc4
+..4cfb16c0
+      ..81a0af09
+..4cfb16c0
+      ..53cb8d96
+      ..81572f69
+      ..7829ba38
+      ..3ae667e2
+      ..8f8508b8
+      ..dbc4655a
+..4cfb16c0
+      ..53cb8d96
+      ..08e83207
+      ..ec94b683
+      ..dbc4655a
+..4cfb16c0
+      ..06d059fe
+      ..1a3951f1
+..4cfb16c0
+      ..c39eed27
+      ..7b495733
+      ..cadb5d4b
+      ..1a3951f1
+..4cfb16c0
+      ..3d6bf890
+     }..8e2f8a68