-    pu..86cda84f
+    pu..9a09eebd
-      ..a04da1db
+      ..aefcec3a
-import..2f38af1c
-import..91cc15f9
-      ..11229897
+      ..38fabc29
-      ..64c374ed
-      ..4bb137be
-      ..3e6eb8f3
-      ..162e58ee
-      ..1ff7af48
-      ..81824360
-    //..4f59c090
-    @T..822bc550
-    pu..037d896d
-      ..c521827e
-      ..cc76702e
-..f31c90af
-      ..109c5170
-      ..a156966e
-      ..3e15d1c8
-      ..042685cd
-..f31c90af
-      ..64f944fb
-      ..7f5d6410
-      ..35dea57b
-      ..e7c2eab4
-      ..90079ebb
-    }..d7db1883
-..f31c90af
-    //..4f59c090
-    @T..822bc550
-    pu..b0b28c58
-      ..c521827e
-      ..cc76702e
-..f31c90af
-      ..ccfcfaf2
-..f31c90af
-      ..0fe37347
-      ..0f1b1abf
-      ..4fd3d783
-..f31c90af
-      ..85617cc1
-      ..23b3426c
-      ..e7c2eab4
-      ..90079ebb
-     }..d0aa66e9
-..f31c90af
-import..1388d623
-import..f216fd69
-import..80debbd1
-import..89f688a4
-import..d70fab7c
-import..a41b8773
-import..74a53da8
-..f31c90af
-import..8c6d5e56
-import..a75e4d28
-..f31c90af
-import..371af8dc
-..f31c90af
-    pr..fa25129d
+    /*..6cdcaa47
-    }..d7db1883
+    }*..7d4d49cf
--- /de..0053276f
+packag..72a010aa
+..b6195861
+import..29d6dd4e
+..b6195861
+import..caa629f1
+import..acbc64bb
+import..d28af7f3
+import..08121783
+import..4ab69a79
+..b6195861
+public..53cbc3d0
+..b6195861
+    pr..d1413637
+    pr..2647871b
+..b6195861
+    @B..6eed818d
+    pu..e9a467d5
+      ..38fabc29
+      ..de3b7309
+      ..42c70b2c
+      ..d697c317
+      ..c1c35eb4
+      ..bc180171
+      ..40a37d55
+      ..15182a7c
+      ..a9f2be60
+      ..10b48adc
+      ..bc180171
+..b6195861
+      ..897b01dd
+    }..4e5c85cb
+..b6195861
+}..6eda2c3c
-import..84bf4898
-import..f216fd69
-import..bb430dfd
-import..670e8602
-import..d70fab7c
-import..2cfc5bbf
-import..a41b8773
-import..74a53da8
-import..48b36fc9
-import..3c03d512
-import..8c6d5e56
-import..a75e4d28
-import..5ecd36a9
-..f31c90af
-import..371af8dc
+import..5c4f21b1
-    pr..1f641bcf
+    /*..639c0016
-    }..d7db1883
+    }*..7d4d49cf
--- /de..0053276f
+packag..b33c9c4e
+..b6195861
+import..ddc087c2
+..b6195861
+import..013856f5
+import..1a0f5326
+..b6195861
+import..1d583214
+..b6195861
+import..f33dec31
+import..6d871b3e
+import..fbeaa060
+..b6195861
+/**..f6b2a078
+ * Cal..24c7a24e
+ * Wil..6a7d5e62
+ *..c792837c
+ */..dd083932
+public..6fd2a0cf
+..b6195861
+..b6195861
+    @T..4b54f469
+    pu..4314d763
+      ..17c10ab8
+      ..89a06cc8
+..b6195861
+      ..8f1adee7
+      ..2d2ab1b2
+..b6195861
+      ..65c21e26
+      ..b12db5c0
+..b6195861
+      ..4c168e06
+      ..2235632c
+      ..7e17b205
+      ..2d950198
+      ..5f704251
+    }..4e5c85cb
+..b6195861
+    @T..4b54f469
+    pu..185f7222
+      ..5c1fc73c
+      ..89a06cc8
+..b6195861
+      ..95e27cdf
+      ..b41e93ab
+      ..79c0454d
+      ..e067285b
+..b6195861
+      ..65c21e26
+      ..b12db5c0
+..b6195861
+      ..4c168e06
+      ..2235632c
+      ..7e17b205
+      ..2d950198
+      ..5f704251
+    }..4e5c85cb
+..b6195861
+    @T..4b54f469
+    pu..da768ebc
+      ..17c10ab8
+      ..89a06cc8
+..b6195861
+      ..8f1adee7
+      ..2d2ab1b2
+..b6195861
+      ..cffd7c23
+..b6195861
+      ..d558aeff
+      ..f0a4895d
+..b6195861
+      ..20c7e075
+..b6195861
+      ..e1662a1e
+      ..b27ef345
+      ..2d950198
+      ..5f704251
+    }..4e5c85cb
+..b6195861
+    @T..4b54f469
+    pu..7f3a36ff
+      ..5c1fc73c
+      ..89a06cc8
+..b6195861
+      ..95e27cdf
+      ..b41e93ab
+      ..79c0454d
+      ..e067285b
+..b6195861
+      ..cffd7c23
+..b6195861
+      ..28a73a15
+      ..b55c3043
+      ..7949533c
+      ..22619336
+..b6195861
+      ..20c7e075
+..b6195861
+      ..e1662a1e
+      ..b27ef345
+      ..2d950198
+      ..5f704251
+    }..4e5c85cb
+}..6eda2c3c