-    js..8abdc150
-    co..973d5197
-import..62b69669
-import..a593c733
-import..069029af
+import..23e64a93
+..b6195861
-import..150d096c
+import..66e16047
+..b6195861
+import..b3d6a3bf
-     *..d85ca66e
-     *..eb910453
-     *..1e17b56b
-     *..fb131e35
-    @N..1a70d1f4
-    @V..66a420de
-    @S..6673fd67
-    pu..556e770f
-      ..fc04cd8c
-    }..d7db1883
-..f31c90af
-    /*..736433df
-import..670e8602
-     *..05b4d69c
-     *..fb131e35
-    pr..6eaeaef3
-    /*..736433df
-     *..d3480fa8
-     *..fb131e35
-    pr..e075346f
-    /*..736433df
-      ..8d0660cf
-      ..8b341e1e
-      ..8d7cc0e8
-     *..4fa132eb
-     *..eb910453
-     *..933efa0b
-     *..fb131e35
-    pu..af6c7ea4
-      ..f8a61e7b
-    }..d7db1883
-..f31c90af
-    /*..736433df
-import..069029af
-      ..e3184bc8
-      ..23407781
+      ..3cee638e
+      ..8c40af7f
+import..affeb302
+import..78b66503
+import..013856f5
+import..aa603386
+..b6195861
+..b6195861
-import..069029af
-import..8c6d5e56
-import..a75e4d28
-import..5ecd36a9
-import..5434602e
-..f31c90af
-      ..c8c9e35e
+      ..ce665e7d
-      ..ed2158a9
+      ..2296d830
+import..affeb302
+import..78b66503
+import..013856f5
+import..aa603386
+..b6195861
+..b6195861
-import..069029af
-import..8c6d5e56
-import..a75e4d28
-import..5ecd36a9
-import..5434602e
-..f31c90af
-      ..27a000e2
+      ..3bcc1871
-      ..fce2a5c6
+      ..ca156f4d
-      ..388b066d
+      ..06b309b5
-      ..192e9794
-      ..4437fe88
+      ..7ca3b632
+      ..0fd9ba10
-import..069029af
-import..9cf8b734
-      ..c6e95ee3
+      ..e7ef0da3
-      ..059213c7
-      ..01840d0e
+      ..3d1f17b1
+      ..bfb042dc
-      ..d24655c9
+      ..e88cf914
-      ..1ad03e86
-      ..e99de32c
+      ..f966ea48
+      ..694530f0
-      ..a9aa1062
+      ..1a547aeb
-      ..e4e8cef1
+      ..fa02e57f
-      ..64c59b78
+      ..19a21871
+++ /de..0e3249dd
-packag..bd8c9067
-..f31c90af
-import..d667cb4b
-import..6cfdbcf4
-import..24cc24f7
-import..9cc63f79
-import..dfb499e5
-import..3f91ece5
-import..18303145
-import..b669df9f
-import..50c83ddc
-..f31c90af
-import..12600a98
-import..35cc898c
-import..a75e4d28
-import..5434602e
-..f31c90af
-/**..a4e16d11
- * <p>..4d6f6604
- * Con..9b1df2a7
- * </p..fe1774c1
- */..fe4fca2b
-public..40d04306
-..f31c90af
-    /*..736433df
-     *..f950abe9
-     *..fb131e35
-    pr..b4f0c8f0
-..f31c90af
-    /*..736433df
-     *..064eb567
-     *..fb131e35
-    pu..421f9f7d
-..f31c90af
-    }..d7db1883
-..f31c90af
-    /*..736433df
-     *..45a85d20
-     *..453be5e2
-    pr..a2fca8d5
-..f31c90af
-    /*..736433df
-     *..d85ca66e
-     *..eb910453
-     *..052b29c1
-     *..fb131e35
-    pu..3ea03b29
-      ..567a3f6e
-    }..d7db1883
-..f31c90af
-    /*..736433df
-     *..6c558121
-     *..eb910453
-     *..a493bff1
-     *..fb131e35
-    pu..0cc2efc7
-      ..f824f040
-    }..d7db1883
-..f31c90af
-    /*..736433df
-     *..44cfe73c
-     *..eb910453
-     *..e8ed431b
-     *..6f1ac1c1
-     *..5cc854a2
-     *..eb910453
-     *..58f0f403
-     *..fb131e35
-    pu..21b4b3ba
-      ..91c7e5c6
-    }..d7db1883
-..f31c90af
-    /*..736433df
-     *..44cfe73c
-     *..eb910453
-     *..e8ed431b
-     *..6f1ac1c1
-     *..5cc854a2
-     *..5283af45
-     *..eb910453
-     *..58f0f403
-     *..fb131e35
-    pu..53615b5a
-      ..c5b1bc57
-..f31c90af
-      ..7ca0eb5d
-      ..7accd5f4
-      ..6c062094
-      ..90079ebb
-..f31c90af
-      ..aca19473
-      ..8bdb2dcf
-      ..643d6551
-      ..91184558
-..f31c90af
-      ..c6f8d2bd
-      ..a6392ab2
-      ..7a02643f
-      ..01d0e2ce
-      ..8012f4c8
-      ..3dc0899c
-      ..6c5dd4c0
-..f31c90af
-      ..82e9bce6
-..f31c90af
-      ..7f1ba662
-      ..f2633ee9
-      ..6cbf1590
-      ..3ab86eba
-      ..588357c4
-      ..e7c2eab4
-..f31c90af
-      ..a8fe6202
-      ..6857e29d
-      ..6755bd3b
-..f31c90af
-      ..9783f5d8
-      ..6675e7c3
-      ..c9fbe12f
-      ..4a75e1b0
-      ..0fc7a7f5
-      ..e4d5a264
-      ..c669f931
-      ..3ab86eba
-      ..3af93266
-      ..e7c2eab4
-..f31c90af
-      ..18f7fee3
-      ..26fee83f
-      ..8f723943
-      ..81a5e69d
-      ..90079ebb
-..f31c90af
-      ..052b8aa7
-    }..d7db1883
-..f31c90af
-}..891d2147
-    @T..822bc550
-    pu..439aa89a
-      ..edb0ef95
-      ..32ed8709
-    }..d7db1883
+import..ddc087c2
+..b6195861
+import..03a2a125
+..b6195861
+import..29d6dd4e
+import..1d583214
+..b6195861
-import..670e8602
-import..a41b8773
-import..74a53da8
-..f31c90af
-import..fa2ee8e5
-..f31c90af
-import..371af8dc
-    pu..d80720ec
-      ..3f0d6744
-      ..74cf2840
-    }..d7db1883
-..f31c90af
-    @T..822bc550
+++ /de..0e3249dd
-packag..c1b44f0f
-..f31c90af
-import..84bf4898
-import..f216fd69
-import..88dce22f
-import..670e8602
-import..5f6064f8
-import..dc2d3439
-import..fe1ff59b
-import..9006efb7
-import..a41b8773
-import..74a53da8
-import..1802dc9c
-import..48b36fc9
-import..3c03d512
-import..834939ae
-import..947afd32
-..f31c90af
-import..8c6d5e56
-import..a75e4d28
-import..5ecd36a9
-..f31c90af
-import..371af8dc
-..f31c90af
-@RunWi..1e104445
-@Prepa..95fc1d86
-public..ff1947e2
-..f31c90af
-    pr..5bbe4a10
-    pr..af9c0e66
-..f31c90af
-    @B..ab8800de
-    pu..26fcb4ef
-      ..8867a9a1
-    }..d7db1883
-..f31c90af
-    @T..822bc550
-    pu..14699297
-      ..5e914a20
-      ..53843f61
-      ..71742d19
-    }..d7db1883
-..f31c90af
-    @T..822bc550
-    pu..fe200c30
-      ..71d21e69
-..f31c90af
-      ..5e914a20
-      ..056a34d5
-      ..00549ca4
-    }..d7db1883
-..f31c90af
-    @S..e7fb6eb3
-    @T..822bc550
-    pu..ca6955cf
-      ..f0b3f844
-      ..3de9a30e
-      ..54c49fac
-      ..55a6da64
-..f31c90af
-      ..33d73f08
-..f31c90af
-      ..b039e258
-      ..02bbe7df
-      ..de474466
-..f31c90af
-      ..5e914a20
-      ..056a34d5
-      ..00549ca4
-..f31c90af
-      ..b03d14ec
-      ..747c4516
-    }..d7db1883
-..f31c90af
-    @S..b26d11a6
-    @T..822bc550
-    pu..240b1e3d
-      ..f0b3f844
-      ..d8fa5b7a
-      ..54c49fac
-      ..ac95c9a1
-      ..0e0817ad
-      ..d7e507b3
-      ..6ddac6eb
-      ..f0308be2
-      ..e69d7b47
-      ..55a6da64
-..f31c90af
-      ..27014069
-      ..afd19bd9
-..f31c90af
-      ..b039e258
-      ..02bbe7df
-      ..9e81f639
-..f31c90af
-      ..5e914a20
-      ..056a34d5
-      ..57980381
-..f31c90af
-      ..b03d14ec
-      ..747c4516
-    }..d7db1883
-..f31c90af
-    @S..b26d11a6
-    @T..822bc550
-    pu..7bf9671e
-      ..f0b3f844
-      ..bb5b4b99
-      ..54c49fac
-      ..ac95c9a1
-      ..0e0817ad
-      ..d7e507b3
-      ..6ddac6eb
-      ..f0308be2
-      ..e69d7b47
-      ..55a6da64
-..f31c90af
-      ..27014069
-      ..afd19bd9
-..f31c90af
-      ..b039e258
-      ..02bbe7df
-      ..9e81f639
-..f31c90af
-      ..5e914a20
-      ..056a34d5
-      ..57980381
-..f31c90af
-      ..b03d14ec
-      ..747c4516
-    }..d7db1883
-..f31c90af
-    @S..b26d11a6
-    @T..822bc550
-    pu..0c3de2f2
-      ..f0b3f844
-      ..3de9a30e
-      ..c1b833ba
-      ..ac95c9a1
-      ..0e0817ad
-      ..d7e507b3
-      ..6ddac6eb
-      ..f0308be2
-      ..e69d7b47
-      ..55a6da64
-..f31c90af
-      ..27014069
-      ..afd19bd9
-..f31c90af
-      ..b039e258
-      ..02bbe7df
-      ..9e81f639
-..f31c90af
-      ..5e914a20
-      ..056a34d5
-      ..57980381
-..f31c90af
-      ..b03d14ec
-      ..747c4516
-    }..d7db1883
-..f31c90af
-    @S..b26d11a6
-    @T..822bc550
-    pu..96f936bd
-      ..f0b3f844
-      ..3de9a30e
-      ..e1dc95da
-      ..ac95c9a1
-      ..0e0817ad
-      ..d7e507b3
-      ..6ddac6eb
-      ..f0308be2
-      ..e69d7b47
-      ..55a6da64
-..f31c90af
-      ..27014069
-      ..afd19bd9
-..f31c90af
-      ..b039e258
-      ..02bbe7df
-      ..9e81f639
-..f31c90af
-      ..5e914a20
-      ..056a34d5
-      ..57980381
-..f31c90af
-      ..b03d14ec
-      ..747c4516
-    }..d7db1883
-..f31c90af
-    @S..807b8d13
-    @T..822bc550
-    pu..eb30f582
-      ..f0b3f844
-      ..3de9a30e
-      ..54c49fac
-      ..f301a142
-      ..6ddac6eb
-      ..f0308be2
-      ..e69d7b47
-      ..55a6da64
-..f31c90af
-      ..27014069
-      ..afd19bd9
-..f31c90af
-      ..b039e258
-      ..02bbe7df
-      ..9e81f639
-..f31c90af
-      ..5e914a20
-      ..056a34d5
-      ..57980381
-..f31c90af
-      ..b03d14ec
-      ..747c4516
-    }..d7db1883
-..f31c90af
-    @S..b26d11a6
-    @T..822bc550
-    pu..60001601
-      ..f0b3f844
-      ..3de9a30e
-      ..54c49fac
-      ..121e9001
-      ..ade4e4b1
-      ..6ddac6eb
-      ..f0308be2
-      ..e69d7b47
-      ..55a6da64
-..f31c90af
-      ..27014069
-      ..afd19bd9
-..f31c90af
-      ..b039e258
-      ..02bbe7df
-      ..9e81f639
-..f31c90af
-      ..5e914a20
-      ..056a34d5
-      ..57980381
-..f31c90af
-      ..b03d14ec
-      ..747c4516
-    }..d7db1883
-..f31c90af
-    @S..b26d11a6
-    @T..822bc550
-    pu..9fe8eda7
-      ..f0b3f844
-      ..3de9a30e
-      ..54c49fac
-      ..ac95c9a1
-      ..0e0817ad
-      ..d7e507b3
-      ..44b8b58c
-      ..f0308be2
-      ..e69d7b47
-      ..55a6da64
-..f31c90af
-      ..27014069
-      ..afd19bd9
-..f31c90af
-      ..b039e258
-      ..02bbe7df
-      ..9e81f639
-..f31c90af
-      ..5e914a20
-      ..056a34d5
-      ..57980381
-..f31c90af
-      ..b03d14ec
-      ..747c4516
-    }..d7db1883
-..f31c90af
-    @S..b26d11a6
-    @T..822bc550
-    pu..5c835846
-      ..f0b3f844
-      ..3de9a30e
-      ..54c49fac
-      ..ac95c9a1
-      ..0e0817ad
-      ..d7e507b3
-      ..b1b66ee2
-      ..f0308be2
-      ..e69d7b47
-      ..55a6da64
-..f31c90af
-      ..27014069
-      ..afd19bd9
-..f31c90af
-      ..b039e258
-      ..02bbe7df
-      ..9e81f639
-..f31c90af
-      ..5e914a20
-      ..056a34d5
-      ..57980381
-..f31c90af
-      ..b03d14ec
-      ..747c4516
-    }..d7db1883
-..f31c90af
-    @S..b26d11a6
-    @T..822bc550
-    pu..cbe37ce7
-      ..f0b3f844
-      ..3de9a30e
-      ..54c49fac
-      ..ac95c9a1
-      ..0e0817ad
-      ..d7e507b3
-      ..6ddac6eb
-      ..04a831c5
-      ..e69d7b47
-      ..55a6da64
-..f31c90af
-      ..27014069
-      ..afd19bd9
-..f31c90af
-      ..b039e258
-      ..02bbe7df
-      ..9e81f639
-..f31c90af
-      ..5e914a20
-      ..056a34d5
-      ..57980381
-..f31c90af
-      ..b03d14ec
-      ..747c4516
-    }..d7db1883
-..f31c90af
-    @S..b26d11a6
-    @T..822bc550
-    pu..6f272dd2
-      ..f0b3f844
-      ..3de9a30e
-      ..54c49fac
-      ..ac95c9a1
-      ..0e0817ad
-      ..d7e507b3
-      ..6ddac6eb
-      ..d2e0b9f3
-      ..e69d7b47
-      ..55a6da64
-..f31c90af
-      ..27014069
-      ..afd19bd9
-..f31c90af
-      ..b039e258
-      ..02bbe7df
-      ..9e81f639
-..f31c90af
-      ..5e914a20
-      ..056a34d5
-      ..57980381
-..f31c90af
-      ..b03d14ec
-      ..747c4516
-    }..d7db1883
-..f31c90af
-    @S..b26d11a6
-    @T..822bc550
-    pu..b0438408
-      ..f0b3f844
-      ..3de9a30e
-      ..54c49fac
-      ..ac95c9a1
-      ..0e0817ad
-      ..d7e507b3
-      ..6ddac6eb
-      ..f0308be2
-      ..8b23fa8c
-      ..55a6da64
-..f31c90af
-      ..27014069
-      ..afd19bd9
-..f31c90af
-      ..b039e258
-      ..02bbe7df
-      ..9e81f639
-..f31c90af
-      ..5e914a20
-      ..056a34d5
-      ..57980381
-..f31c90af
-      ..b03d14ec
-      ..747c4516
-    }..d7db1883
-..f31c90af
-    @S..b26d11a6
-    @T..822bc550
-    pu..71376f61
-      ..f0b3f844
-      ..3de9a30e
-      ..54c49fac
-      ..ac95c9a1
-      ..0e0817ad
-      ..d7e507b3
-      ..6ddac6eb
-      ..f0308be2
-      ..c44bab2c
-      ..55a6da64
-..f31c90af
-      ..27014069
-      ..afd19bd9
-..f31c90af
-      ..b039e258
-      ..02bbe7df
-      ..9e81f639
-..f31c90af
-      ..5e914a20
-      ..056a34d5
-      ..57980381
-..f31c90af
-      ..b03d14ec
-      ..747c4516
-    }..d7db1883
-..f31c90af
-    @S..b26d11a6
-    @T..822bc550
-    pu..cfaa439b
-      ..f0b3f844
-      ..3de9a30e
-      ..54c49fac
-      ..ac95c9a1
-      ..0e0817ad
-      ..d7e507b3
-      ..6ddac6eb
-      ..f0308be2
-      ..e69d7b47
-      ..55a6da64
-..f31c90af
-      ..27014069
-      ..afd19bd9
-..f31c90af
-      ..b039e258
-      ..02bbe7df
-      ..9e81f639
-..f31c90af
-      ..5e914a20
-      ..056a34d5
-      ..57980381
-..f31c90af
-      ..b03d14ec
-      ..747c4516
-    }..d7db1883
-..f31c90af
-    @S..b26d11a6
-    @T..822bc550
-    pu..e70e0264
-      ..f0b3f844
-      ..3de9a30e
-      ..54c49fac
-      ..ac95c9a1
-      ..0e0817ad
-      ..d7e507b3
-      ..6ddac6eb
-      ..f0308be2
-      ..e69d7b47
-      ..55a6da64
-..f31c90af
-      ..27014069
-      ..afd19bd9
-..f31c90af
-      ..b039e258
-      ..02bbe7df
-      ..3b8580e5
-      ..9d5c3f22
-..f31c90af
-      ..5e914a20
-      ..6a7b1ae9
-      ..57980381
-      ..8acecbc9
-..f31c90af
-      ..b03d14ec
-      ..b35fa067
-      ..44c11bf9
-    }..d7db1883
-..f31c90af
-}..891d2147
+++ /de..0e3249dd
-packag..6d3301aa
-..f31c90af
-import..1802dc9c
-import..834939ae
-import..947afd32
-..f31c90af
-import..bb430dfd
-..f31c90af
-@RunWi..1e104445
-@Prepa..4071c1b9
-public..839dc91e
-..f31c90af
-    /*..039f28bb
-    pr..af9c0e66
-..f31c90af
-    @B..ab8800de
-    pu..26fcb4ef
-      ..8867a9a1
-    }..d7db1883
-..f31c90af
-    @T..822bc550
-    pu..14699297
-      ..5fe24117
-      ..492270fa
-    }..d7db1883
-..f31c90af
-    @T..822bc550
-    pu..56df5648
-      ..5999025a
-..f31c90af
-      ..5fe24117
-      ..8f531c61
-      ..d01e6379
-    }..d7db1883
-..f31c90af
-    @T..822bc550
-    pu..b3841a8e
-      ..89ea682b
-      ..55a6da64
-..f31c90af
-      ..5fe24117
-      ..8f531c61
-      ..d01e6379
-    }..d7db1883
-..f31c90af
-    @T..822bc550
-    pu..9e499be4
-      ..c4738561
-..f31c90af
-      ..5fe24117
-      ..8f531c61
-      ..d01e6379
-    }..d7db1883
-..f31c90af
-    @S..807b8d13
-    @T..822bc550
-    pu..21122c61
-      ..d79d7bd4
-      ..0688581d
-..f31c90af
-      ..5fe24117
-      ..8f531c61
-      ..d01e6379
-    }..d7db1883
-..f31c90af
-    @T..822bc550
-    pu..d040bc84
-      ..d79d7bd4
-      ..8dea7cd4
-..f31c90af
-      ..5fe24117
-      ..8f531c61
-      ..d01e6379
-    }..d7db1883
-..f31c90af
-    @S..88a34145
-    @T..822bc550
-    pu..9e653c10
-      ..d79d7bd4
-      ..121e9001
-      ..17b363c8
-      ..544e1c29
-      ..b02d3e2e
-      ..e87db652
-      ..55a6da64
-..f31c90af
-      ..5fe24117
-      ..8f531c61
-      ..d01e6379
-    }..d7db1883
-..f31c90af
-    @S..88a34145
-    @T..822bc550
-    pu..507965eb
-      ..d79d7bd4
-      ..121e9001
-      ..17b363c8
-      ..544e1c29
-      ..b02d3e2e
-      ..326fc681
-      ..55a6da64
-..f31c90af
-      ..5fe24117
-      ..8f531c61
-      ..d01e6379
-    }..d7db1883
-..f31c90af
-    @S..88a34145
-    @T..822bc550
-    pu..649a40d6
-      ..d79d7bd4
-      ..121e9001
-      ..17b363c8
-      ..544e1c29
-      ..b02d3e2e
-      ..c8512d5b
-      ..c44bab2c
-      ..55a6da64
-..f31c90af
-      ..5fe24117
-      ..8f531c61
-      ..d01e6379
-    }..d7db1883
-..f31c90af
-    @S..88a34145
-    @T..822bc550
-    pu..ea76c3f5
-      ..d79d7bd4
-      ..121e9001
-      ..17b363c8
-      ..544e1c29
-      ..b02d3e2e
-      ..c8512d5b
-      ..8b23fa8c
-      ..55a6da64
-..f31c90af
-      ..5fe24117
-      ..8f531c61
-      ..d01e6379
-    }..d7db1883
-..f31c90af
-    @S..b26d11a6
-    @T..822bc550
-    pu..fd4ee340
-      ..d79d7bd4
-      ..121e9001
-      ..17b363c8
-      ..544e1c29
-      ..b02d3e2e
-      ..ade4e4b1
-      ..65148b78
-      ..39d21f49
-      ..e69d7b47
-      ..55a6da64
-..f31c90af
-      ..70df8598
-..f31c90af
-      ..b039e258
-      ..02bbe7df
-      ..3b8580e5
-      ..6a85673c
-..f31c90af
-      ..5fe24117
-      ..8f531c61
-      ..d01e6379
-..f31c90af
-      ..b03d14ec
-      ..b35fa067
-      ..44c11bf9
-    }..d7db1883
-..f31c90af
-    @S..b26d11a6
-    @T..822bc550
-    pu..15ed77ea
-      ..d79d7bd4
-      ..121e9001
-      ..17b363c8
-      ..544e1c29
-      ..b02d3e2e
-      ..ade4e4b1
-      ..65148b78
-      ..39d21f49
-      ..80ad07f8
-..f31c90af
-      ..e155ca3b
-      ..ba2296be
-..f31c90af
-      ..b039e258
-      ..02bbe7df
-      ..3b8580e5
-      ..6388183e
-..f31c90af
-      ..5fe24117
-      ..8f531c61
-      ..0fec9b24
-..f31c90af
-      ..b03d14ec
-      ..b35fa067
-      ..44c11bf9
-    }..d7db1883
-..f31c90af
-    @T..822bc550
-    pu..ea110244
-      ..2563c3d6
-..f31c90af
-      ..5fe24117
-      ..8c21f49d
-      ..01a8605a
-    }..d7db1883
-..f31c90af
-    @T..822bc550
-    pu..dccf681f
-      ..cbeeecbb
-      ..cabe2298
-..f31c90af
-      ..5fe24117
-      ..8c21f49d
-      ..01a8605a
-    }..d7db1883
-..f31c90af
-    @T..822bc550
-    pu..0fe96840
-      ..597dbfdc
-      ..55a6da64
-..f31c90af
-      ..5fe24117
-      ..8c21f49d
-      ..01a8605a
-    }..d7db1883
-..f31c90af
-    @S..807b8d13
-    @T..822bc550
-    pu..f1ee0647
-      ..4fe5e81d
-      ..0688581d
-..f31c90af
-      ..5fe24117
-      ..8c21f49d
-      ..01a8605a
-    }..d7db1883
-..f31c90af
-    @T..822bc550
-    pu..5730d44e
-      ..4fe5e81d
-      ..8dea7cd4
-..f31c90af
-      ..5fe24117
-      ..8c21f49d
-      ..01a8605a
-    }..d7db1883
-..f31c90af
-    @S..b26d11a6
-    @T..822bc550
-    pu..c9207f61
-      ..4fe5e81d
-      ..121e9001
-      ..17b363c8
-      ..544e1c29
-      ..b02d3e2e
-      ..22df9364
-..f31c90af
-      ..dc871711
-..f31c90af
-      ..b039e258
-      ..02bbe7df
-      ..3b8580e5
-      ..659ec708
-..f31c90af
-      ..5fe24117
-      ..8c21f49d
-      ..01a8605a
-..f31c90af
-      ..b03d14ec
-      ..b35fa067
-      ..44c11bf9
-    }..d7db1883
-..f31c90af
-    @S..b26d11a6
-    @T..822bc550
-    pu..8a49a015
-      ..4fe5e81d
-      ..121e9001
-      ..17b363c8
-      ..544e1c29
-      ..b02d3e2e
-      ..22df9364
-..f31c90af
-      ..257112ec
-..f31c90af
-      ..b039e258
-      ..02bbe7df
-      ..3b8580e5
-      ..659ec708
-..f31c90af
-      ..5fe24117
-      ..8c21f49d
-      ..9b0b94b2
-..f31c90af
-      ..b03d14ec
-      ..b35fa067
-      ..44c11bf9
-    }..d7db1883
-..f31c90af
-    @T..822bc550
-    pu..3ad0482d
-      ..699089b6
-..f31c90af
-      ..5fe24117
-      ..18de400d
-      ..880e24b4
-    }..d7db1883
-..f31c90af
-    @T..822bc550
-    pu..59c0689d
-      ..374f88eb
-      ..cabe2298
-..f31c90af
-      ..5fe24117
-      ..18de400d
-      ..880e24b4
-    }..d7db1883
-..f31c90af
-    @T..822bc550
-    pu..de3238fd
-      ..901e10ac
-      ..55a6da64
-..f31c90af
-      ..5fe24117
-      ..18de400d
-      ..880e24b4
-    }..d7db1883
-..f31c90af
-    @S..807b8d13
-    @T..822bc550
-    pu..d430fdcc
-      ..26106e4b
-      ..0688581d
-..f31c90af
-      ..5fe24117
-      ..18de400d
-      ..880e24b4
-    }..d7db1883
-..f31c90af
-    @T..822bc550
-    pu..817fd212
-      ..26106e4b
-      ..8dea7cd4
-      ..5fe24117
-      ..18de400d
-      ..880e24b4
-    }..d7db1883
-..f31c90af
-    @S..39f5513a
-    @T..822bc550
-    pu..38c8e52f
-      ..26106e4b
-      ..121e9001
-      ..17b363c8
-      ..544e1c29
-      ..b02d3e2e
-      ..957cdd41
-..f31c90af
-      ..5fe24117
-      ..18de400d
-      ..880e24b4
-    }..d7db1883
-..f31c90af
-    @S..079e67d3
-    @T..822bc550
-    pu..9fa5aac3
-      ..26106e4b
-      ..121e9001
-      ..17b363c8
-      ..544e1c29
-      ..b02d3e2e
-      ..e3228587
-..f31c90af
-      ..5fe24117
-      ..18de400d
-      ..880e24b4
-    }..d7db1883
-..f31c90af
-    @S..b26d11a6
-    @T..822bc550
-    pu..9bb10aa3
-      ..26106e4b
-      ..121e9001
-      ..17b363c8
-      ..544e1c29
-      ..b02d3e2e
-      ..5831ed54
-      ..17b363c8
-      ..544e1c29
-      ..b02d3e2e
-      ..22df9364
-..f31c90af
-      ..ee447286
-..f31c90af
-      ..b039e258
-      ..02bbe7df
-      ..3b8580e5
-      ..0f832168
-..f31c90af
-      ..5fe24117
-      ..18de400d
-      ..880e24b4
-..f31c90af
-      ..b03d14ec
-      ..b35fa067
-      ..44c11bf9
-    }..d7db1883
-..f31c90af
-    @S..b26d11a6
-    @T..822bc550
-    pu..f130b809
-      ..26106e4b
-      ..121e9001
-      ..17b363c8
-      ..544e1c29
-      ..b02d3e2e
-      ..5831ed54
-      ..17b363c8
-      ..544e1c29
-      ..b02d3e2e
-      ..22df9364
-..f31c90af
-      ..ec94df29
-..f31c90af
-      ..b039e258
-      ..02bbe7df
-      ..3b8580e5
-      ..0f832168
-..f31c90af
-      ..5fe24117
-      ..18de400d
-      ..74dc1767
-..f31c90af
-      ..b03d14ec
-      ..b35fa067
-      ..44c11bf9
-    }..d7db1883
-..f31c90af
-    @T..822bc550
-    pu..20b44641
-      ..7fb10845
-..f31c90af
-      ..5fe24117
-      ..20e5624f
-      ..3680689a
-    }..d7db1883
-..f31c90af
-    @T..822bc550
-    pu..ad120fe4
-      ..58a751ce
-      ..cabe2298
-..f31c90af
-      ..5fe24117
-      ..20e5624f
-      ..3680689a
-    }..d7db1883
-..f31c90af
-    @T..822bc550
-    pu..cda63095
-      ..780e0da2
-      ..55a6da64
-..f31c90af
-      ..5fe24117
-      ..20e5624f
-      ..3680689a
-    }..d7db1883
-..f31c90af
-    @S..807b8d13
-    @T..822bc550
-    pu..1817859d
-      ..54451795
-      ..0688581d
-..f31c90af
-      ..5fe24117
-      ..20e5624f
-      ..3680689a
-    }..d7db1883
-..f31c90af
-    @T..822bc550
-    pu..ca5acd64
-      ..54451795
-      ..8dea7cd4
-..f31c90af
-      ..5fe24117
-      ..20e5624f
-      ..3680689a
-    }..d7db1883
-..f31c90af
-    @S..b26d11a6
-    @T..822bc550
-    pu..456484a1
-      ..54451795
-      ..121e9001
-      ..17b363c8
-      ..544e1c29
-      ..b02d3e2e
-      ..22df9364
-..f31c90af
-      ..b3c9f01e
-..f31c90af
-      ..b039e258
-      ..02bbe7df
-      ..3b8580e5
-      ..bdf79bc2
-..f31c90af
-      ..5fe24117
-      ..20e5624f
-      ..df568978
-..f31c90af
-      ..b03d14ec
-      ..b35fa067
-      ..44c11bf9
-    }..d7db1883
-..f31c90af
-    @S..b26d11a6
-    @T..822bc550
-    pu..de254a91
-      ..54451795
-      ..121e9001
-      ..17b363c8
-      ..544e1c29
-      ..b02d3e2e
-      ..22df9364
-..f31c90af
-      ..4fe3cf9f
-..f31c90af
-      ..b039e258
-      ..02bbe7df
-      ..3b8580e5
-      ..bdf79bc2
-..f31c90af
-      ..5fe24117
-      ..20e5624f
-      ..6b91fc57
-      ..3fff9ee3
-..f31c90af
-      ..b03d14ec
-      ..b35fa067
-      ..44c11bf9
-    }..d7db1883
-..f31c90af
-    @S..b26d11a6
-    @T..822bc550
-    pu..39d87bde
-      ..54451795
-      ..121e9001
-      ..17b363c8
-      ..544e1c29
-      ..b02d3e2e
-      ..22df9364
-..f31c90af
-      ..2de2ab15
-..f31c90af
-      ..b039e258
-      ..02bbe7df
-      ..3b8580e5
-      ..bdf79bc2
-..f31c90af
-      ..5fe24117
-      ..20e5624f
-      ..6b91fc57
-      ..9306e22b
-..f31c90af
-      ..b03d14ec
-      ..b35fa067
-      ..44c11bf9
-    }..d7db1883
-..f31c90af
-    @S..b26d11a6
-    @T..822bc550
-    pu..ac433c68
-      ..676a0b36
-      ..9daee665
-      ..ac95c9a1
-      ..d0a859f4
-      ..d7e507b3
-      ..65148b78
-      ..39d21f49
-      ..e69d7b47
-      ..55a6da64
-..f31c90af
-      ..e155ca3b
-      ..ba2296be
-..f31c90af
-      ..b039e258
-      ..02bbe7df
-      ..6ac8282c
-..f31c90af
-      ..5fe24117
-      ..bfb15c50
-      ..d317ac8e
-      ..c62f82a6
-..f31c90af
-      ..b03d14ec
-      ..747c4516
-    }..d7db1883
-..f31c90af
-..f31c90af
-    @S..b26d11a6
-    @T..822bc550
-    pu..c3610383
-      ..cbeeecbb
-      ..9daee665
-      ..ac95c9a1
-      ..d0a859f4
-      ..d7e507b3
-      ..55a6da64
-..f31c90af
-      ..257112ec
-..f31c90af
-      ..b039e258
-      ..02bbe7df
-      ..fda65988
-..f31c90af
-      ..5fe24117
-      ..92998aaa
-      ..b3a7fc8b
-      ..be24ebd8
-      ..9b0b94b2
-..f31c90af
-      ..b03d14ec
-      ..747c4516
-    }..d7db1883
-..f31c90af
-    @S..b26d11a6
-    @T..822bc550
-    pu..d51709d5
-      ..374f88eb
-      ..9daee665
-      ..ac95c9a1
-      ..d0a859f4
-      ..d7e507b3
-      ..55e508ea
-      ..d0a859f4
-      ..d7e507b3
-      ..55a6da64
-..f31c90af
-      ..ec94df29
-..f31c90af
-      ..b039e258
-      ..02bbe7df
-      ..4324f308
-..f31c90af
-      ..5fe24117
-      ..16881f06
-      ..2ac971c5
-      ..b74c859f
-      ..74dc1767
-..f31c90af
-      ..b03d14ec
-      ..747c4516
-    }..d7db1883
-..f31c90af
-..f31c90af
-    @S..b26d11a6
-    @T..822bc550
-    pu..94e7659b
-      ..58a751ce
-      ..9daee665
-      ..ac95c9a1
-      ..d0a859f4
-      ..d7e507b3
-      ..55a6da64
-..f31c90af
-      ..2de2ab15
-..f31c90af
-      ..b039e258
-      ..02bbe7df
-      ..9bd7e891
-..f31c90af
-      ..5fe24117
-      ..e5a8965e
-      ..2a87d87f
-      ..1b0d160d
-      ..6b91fc57
-      ..ee61e84d
-      ..0bb1b01e
-..f31c90af
-      ..b03d14ec
-      ..747c4516
-    }*..2147a732
-..f31c90af
-}..891d2147
+++ /de..0e3249dd
-packag..bd24383f
-..f31c90af
-import..84bf4898
-import..f216fd69
-import..631f2a9d
-import..670e8602
-import..26b3d8c9
-import..a41b8773
-import..74a53da8
-import..1802dc9c
-import..48b36fc9
-import..3c03d512
-import..834939ae
-import..947afd32
-..f31c90af
-import..8c6d5e56
-import..a75e4d28
-import..5ecd36a9
-..f31c90af
-import..371af8dc
-..f31c90af
-@RunWi..1e104445
-@Prepa..532c6c15
-public..13159c6a
-..f31c90af
-    pr..60c704e5
-    pr..af9c0e66
-..f31c90af
-    @B..ab8800de
-    pu..26fcb4ef
-      ..8867a9a1
-    }..d7db1883
-..f31c90af
-    @T..822bc550
-    pu..14699297
-      ..234d98de
-      ..53843f61
-      ..71742d19
-    }..d7db1883
-..f31c90af
-    @T..822bc550
-    pu..05f9c487
-      ..218e6fd7
-..f31c90af
-      ..234d98de
-      ..56204302
-      ..0a741760
-    }..d7db1883
-..f31c90af
-    @T..822bc550
-    pu..a31636f9
-      ..4852fb73
-      ..62ccdba2
-      ..55a6da64
-..f31c90af
-      ..234d98de
-      ..56204302
-      ..0a741760
-    }..d7db1883
-..f31c90af
-    @T..822bc550
-    pu..e416611e
-      ..4852fb73
-      ..09211a30
-      ..55a6da64
-..f31c90af
-      ..234d98de
-      ..56204302
-      ..0a741760
-    }..d7db1883
-..f31c90af
-..f31c90af
-    @S..e7fb6eb3
-    @T..822bc550
-    pu..78af1a08
-      ..4852fb73
-      ..8678d922
-      ..55a6da64
-..f31c90af
-      ..a7be3661
-..f31c90af
-      ..b039e258
-      ..02bbe7df
-      ..f3164457
-..f31c90af
-      ..234d98de
-      ..56204302
-      ..0a741760
-..f31c90af
-      ..b03d14ec
-      ..747c4516
-    }..d7db1883
-..f31c90af
-    @S..b26d11a6
-    @T..822bc550
-    pu..a53521bd
-      ..3a4e02a6
-      ..cbb6b3af
-      ..55a6da64
-..f31c90af
-      ..11557b02
-      ..ff468978
-      ..1fc7b439
-      ..34167302
-      ..17b363c8
-      ..7805e4db
-      ..5ed90d21
-      ..b02d3e2e
-      ..002b7c1f
-      ..17b363c8
-      ..a719ec86
-      ..b02d3e2e
-      ..1ed0e927
-..f31c90af
-      ..a8e58e87
-      ..ff468978
-      ..d6349ba9
-      ..55a6da64
-..f31c90af
-      ..b039e258
-      ..02bbe7df
-      ..f3164457
-..f31c90af
-      ..234d98de
-      ..5d9d1f4c
-      ..0482e9dc
-      ..a251e4a9
-      ..4b5ca018
-      ..24e4aa8e
-      ..6c1bb1cc
-      ..4d05dd50
-      ..e9461ceb
-      ..1b0af3e8
-..f31c90af
-      ..b03d14ec
-      ..747c4516
-    }..d7db1883
-..f31c90af
-    @S..b26d11a6
-    @T..822bc550
-    pu..0977519e
-      ..3a4e02a6
-      ..cbb6b3af
-      ..55a6da64
-..f31c90af
-      ..11557b02
-      ..ff468978
-      ..1fc7b439
-      ..34167302
-      ..17b363c8
-      ..7805e4db
-      ..5ed90d21
-      ..b02d3e2e
-      ..002b7c1f
-      ..17b363c8
-      ..a719ec86
-      ..b02d3e2e
-      ..1ed0e927
-..f31c90af
-      ..a8e58e87
-      ..ff468978
-      ..d6349ba9
-      ..55a6da64
-..f31c90af
-      ..b039e258
-      ..02bbe7df
-      ..fdf0aa09
-      ..47574c65
-..f31c90af
-      ..234d98de
-      ..6a42ab1c
-      ..2e408696
-      ..85139ad3
-      ..a251e4a9
-      ..4b5ca018
-      ..24e4aa8e
-      ..6c1bb1cc
-      ..4d05dd50
-      ..e9461ceb
-      ..1b0af3e8
-..f31c90af
-      ..b03d14ec
-      ..747c4516
-    }..d7db1883
-}..891d2147
+++ /de..0e3249dd
-packag..2993a532
-..f31c90af
-import..84bf4898
-import..f216fd69
-import..23cdba90
-import..670e8602
-import..556d844c
-import..a41b8773
-import..74a53da8
-import..1802dc9c
-import..48b36fc9
-import..3c03d512
-import..834939ae
-import..947afd32
-..f31c90af
-import..8c6d5e56
-import..a75e4d28
-import..5ecd36a9
-..f31c90af
-import..371af8dc
-..f31c90af
-@RunWi..1e104445
-@Prepa..f7a080cb
-public..5553d064
-..f31c90af
-    To..be9e8256
-    Co..3b68d5f0
-..f31c90af
-    @B..ab8800de
-    pu..26fcb4ef
-      ..8867a9a1
-    }..d7db1883
-..f31c90af
-    @T..822bc550
-    pu..14699297
-      ..7f5a5c10
-      ..53843f61
-      ..71742d19
-    }..d7db1883
-..f31c90af
-    @T..822bc550
-    pu..acfc3d9d
-      ..51f20368
-..f31c90af
-      ..7f5a5c10
-      ..51f59f41
-      ..63c6ef8a
-    }..d7db1883
-..f31c90af
-    @S..e7fb6eb3
-    @T..822bc550
-    pu..897aaf20
-      ..ae7d2113
-      ..e85e36c0
-      ..c296af9b
-      ..e69d7b47
-      ..55a6da64
-..f31c90af
-      ..6d50a19a
-..f31c90af
-      ..b039e258
-      ..02bbe7df
-      ..16c40ea9
-..f31c90af
-      ..7f5a5c10
-      ..51f59f41
-      ..63c6ef8a
-..f31c90af
-      ..b03d14ec
-      ..747c4516
-    }..d7db1883
-..f31c90af
-    @S..e7fb6eb3
-    @T..822bc550
-    pu..446afd00
-      ..ae7d2113
-      ..d8fa5b7a
-      ..c296af9b
-      ..e69d7b47
-      ..55a6da64
-..f31c90af
-      ..6aa3b9d3
-      ..d14d331c
-..f31c90af
-      ..b039e258
-      ..02bbe7df
-      ..2cc0359f
-..f31c90af
-      ..7f5a5c10
-      ..51f59f41
-      ..46585919
-..f31c90af
-      ..b03d14ec
-      ..747c4516
-    }..d7db1883
-..f31c90af
-    @S..e7fb6eb3
-    @T..822bc550
-    pu..9d675997
-      ..ae7d2113
-      ..bb5b4b99
-      ..c296af9b
-      ..e69d7b47
-      ..55a6da64
-..f31c90af
-      ..6aa3b9d3
-      ..d14d331c
-..f31c90af
-      ..b039e258
-      ..02bbe7df
-      ..2cc0359f
-..f31c90af
-      ..7f5a5c10
-      ..51f59f41
-      ..46585919
-..f31c90af
-      ..b03d14ec
-      ..747c4516
-    }..d7db1883
-..f31c90af
-    @S..e7fb6eb3
-    @T..822bc550
-    pu..27680355
-      ..ae7d2113
-      ..e85e36c0
-      ..a21424d7
-      ..e69d7b47
-      ..55a6da64
-..f31c90af
-      ..6aa3b9d3
-      ..d14d331c
-..f31c90af
-      ..b039e258
-      ..02bbe7df
-      ..2cc0359f
-..f31c90af
-      ..7f5a5c10
-      ..51f59f41
-      ..46585919
-..f31c90af
-      ..b03d14ec
-      ..747c4516
-    }..d7db1883
-..f31c90af
-    @S..e7fb6eb3
-    @T..822bc550
-    pu..268c2e74
-      ..ae7d2113
-      ..ae1034eb
-      ..7d0991a3
-      ..e69d7b47
-      ..55a6da64
-..f31c90af
-      ..6aa3b9d3
-      ..d14d331c
-..f31c90af
-      ..b039e258
-      ..02bbe7df
-      ..2cc0359f
-..f31c90af
-      ..7f5a5c10
-      ..51f59f41
-      ..46585919
-..f31c90af
-      ..b03d14ec
-      ..747c4516
-    }..d7db1883
-..f31c90af
-    @S..e7fb6eb3
-    @T..822bc550
-    pu..09971984
-      ..ae7d2113
-      ..e85e36c0
-      ..c296af9b
-      ..8b23fa8c
-      ..55a6da64
-..f31c90af
-      ..6aa3b9d3
-      ..d14d331c
-..f31c90af
-      ..b039e258
-      ..02bbe7df
-      ..2cc0359f
-..f31c90af
-      ..7f5a5c10
-      ..51f59f41
-      ..46585919
-..f31c90af
-      ..b03d14ec
-      ..747c4516
-    }..d7db1883
-..f31c90af
-    @S..e7fb6eb3
-    @T..822bc550
-    pu..c82e79db
-      ..ae7d2113
-      ..ae1034eb
-      ..c296af9b
-      ..c44bab2c
-      ..55a6da64
-..f31c90af
-      ..6aa3b9d3
-      ..d14d331c
-..f31c90af
-      ..b039e258
-      ..02bbe7df
-      ..2cc0359f
-..f31c90af
-      ..7f5a5c10
-      ..51f59f41
-      ..46585919
-..f31c90af
-      ..b03d14ec
-      ..747c4516
-    }..d7db1883
-..f31c90af
-..f31c90af
-    @S..e7fb6eb3
-    @T..822bc550
-    pu..da0ef110
-      ..ae7d2113
-      ..e85e36c0
-      ..c296af9b
-      ..e69d7b47
-      ..55a6da64
-..f31c90af
-      ..6aa3b9d3
-      ..d14d331c
-..f31c90af
-      ..b039e258
-      ..02bbe7df
-      ..2cc0359f
-..f31c90af
-      ..7f5a5c10
-      ..51f59f41
-      ..46585919
-..f31c90af
-      ..b03d14ec
-      ..747c4516
-    }..d7db1883
-..f31c90af
-    @T..822bc550
-    pu..274d17d5
-      ..c1907983
-..f31c90af
-      ..7f5a5c10
-      ..0bcbb6be
-      ..4b541c8c
-    }..d7db1883
-..f31c90af
-    @T..822bc550
-    pu..7a2722a3
-      ..cb6e0aba
-..f31c90af
-      ..63cb259e
-      ..2d693410
-      ..bec7414c
-      ..60d83eec
-..f31c90af
-      ..89eb8eac
-      ..41977dee
-      ..92d97abc
-      ..55a6da64
-..f31c90af
-      ..7f5a5c10
-      ..0bcbb6be
-      ..4b541c8c
-    }..d7db1883
-..f31c90af
-    @T..822bc550
-    pu..83f73c3f
-      ..afbdbbf3
-..f31c90af
-      ..63cb259e
-      ..2d693410
-      ..bec7414c
-      ..60d83eec
-..f31c90af
-      ..89eb8eac
-      ..41977dee
-      ..92d97abc
-      ..55a6da64
-..f31c90af
-      ..7f5a5c10
-      ..0bcbb6be
-      ..4b541c8c
-    }..d7db1883
-..f31c90af
-    @T..822bc550
-    pu..d6a939d4
-      ..cb6e0aba
-      ..d76f7a40
-      ..68444d52
-      ..0004c804
-..f31c90af
-      ..63cb259e
-..f31c90af
-      ..89eb8eac
-      ..41977dee
-      ..92d97abc
-      ..55a6da64
-..f31c90af
-      ..7f5a5c10
-      ..0bcbb6be
-      ..4b541c8c
-    }..d7db1883
-..f31c90af
-    @T..822bc550
-    pu..453c00d1
-      ..cb6e0aba
-      ..d76f7a40
-      ..68444d52
-      ..0004c804
-..f31c90af
-      ..e02f4947
-..f31c90af
-      ..89eb8eac
-      ..41977dee
-      ..92d97abc
-      ..55a6da64
-..f31c90af
-      ..7f5a5c10
-      ..0bcbb6be
-      ..4b541c8c
-..f31c90af
-    }..d7db1883
-..f31c90af
-    @S..e7fb6eb3
-    @T..822bc550
-    pu..eae1c125
-      ..cb6e0aba
-      ..d76f7a40
-      ..68444d52
-      ..0004c804
-..f31c90af
-      ..63cb259e
-      ..2d693410
-      ..bec7414c
-      ..60d83eec
-..f31c90af
-      ..89eb8eac
-      ..41977dee
-      ..92d97abc
-      ..55a6da64
-..f31c90af
-      ..e9683a39
-..f31c90af
-      ..b039e258
-      ..02bbe7df
-      ..93bee727
-..f31c90af
-      ..7f5a5c10
-      ..0bcbb6be
-      ..4b541c8c
-..f31c90af
-      ..b03d14ec
-      ..747c4516
-    }..d7db1883
-..f31c90af
-    @S..e7fb6eb3
-    @T..822bc550
-    pu..5d471834
-      ..cb6e0aba
-      ..d76f7a40
-      ..68444d52
-      ..0004c804
-..f31c90af
-      ..63cb259e
-      ..2d693410
-      ..bec7414c
-      ..60d83eec
-..f31c90af
-      ..89eb8eac
-      ..41977dee
-      ..92d97abc
-      ..55a6da64
-..f31c90af
-      ..5fa4dcfb
-      ..eb42a479
-..f31c90af
-      ..b039e258
-      ..02bbe7df
-      ..93bee727
-..f31c90af
-      ..7f5a5c10
-      ..0bcbb6be
-      ..f6d19eff
-..f31c90af
-      ..b03d14ec
-      ..747c4516
-    }..d7db1883
-..f31c90af
-    @S..e7fb6eb3
-    @T..822bc550
-    pu..e286f653
-      ..ae7d2113
-      ..e85e36c0
-      ..c296af9b
-      ..e69d7b47
-      ..55a6da64
-..f31c90af
-      ..6aa3b9d3
-      ..d14d331c
-..f31c90af
-      ..b039e258
-      ..02bbe7df
-      ..2cc0359f
-..f31c90af
-      ..7f5a5c10
-      ..619a90ce
-      ..536662eb
-      ..fc336886
-..f31c90af
-      ..b03d14ec
-      ..747c4516
-    }..d7db1883
-..f31c90af
-..f31c90af
-    @S..e7fb6eb3
-    @T..822bc550
-    pu..18779fc1
-      ..cb6e0aba
-      ..d76f7a40
-      ..68444d52
-      ..0004c804
-..f31c90af
-      ..63cb259e
-      ..2d693410
-      ..bec7414c
-      ..60d83eec
-..f31c90af
-      ..89eb8eac
-      ..41977dee
-      ..92d97abc
-      ..55a6da64
-..f31c90af
-      ..5fa4dcfb
-      ..eb42a479
-..f31c90af
-      ..b039e258
-      ..02bbe7df
-      ..93bee727
-..f31c90af
-      ..7f5a5c10
-      ..13e6cb2d
-      ..1db04454
-      ..71e7d2cc
-..f31c90af
-      ..b03d14ec
-      ..747c4516
-    }..d7db1883
-}..891d2147
+++ /de..0e3249dd
-packag..f20b4c8c
-..f31c90af
-import..84bf4898
-import..f216fd69
-import..5718f91e
-import..670e8602
-import..fa987c06
-import..2cfc5bbf
-import..a41b8773
-import..74a53da8
-import..1802dc9c
-import..48b36fc9
-import..3c03d512
-import..834939ae
-import..947afd32
-..f31c90af
-import..8c6d5e56
-import..a75e4d28
-import..5ecd36a9
-..f31c90af
-import..371af8dc
-..f31c90af
-@RunWi..1e104445
-@Prepa..aa0d3d24
-public..7a9b67f1
-..f31c90af
-    Tr..4ec63466
-    Co..3b68d5f0
-..f31c90af
-    @B..ab8800de
-    pu..26fcb4ef
-      ..8867a9a1
-    }..d7db1883
-..f31c90af
-    @T..822bc550
-    pu..14699297
-      ..832baad0
-      ..53843f61
-      ..71742d19
-    }..d7db1883
-..f31c90af
-    @T..822bc550
-    pu..366e19fb
-      ..8bdee014
-..f31c90af
-      ..832baad0
-      ..3b8eee19
-      ..46b2971e
-    }..d7db1883
-..f31c90af
-    @S..88a34145
-    @T..822bc550
-    pu..5bd67848
-..f31c90af
-      ..6cd8b80c
-      ..62ccdba2
-      ..ac95c9a1
-      ..1cb18e78
-      ..d7e507b3
-      ..3d5c4598
-      ..e1624e11
-      ..1cb18e78
-      ..d7e507b3
-      ..ab326099
-      ..95eb23fd
-      ..e69d7b47
-      ..8011e405
-      ..55a6da64
-..f31c90af
-      ..832baad0
-      ..3b8eee19
-      ..46b2971e
-    }..d7db1883
-..f31c90af
-    @S..88a34145
-    @T..822bc550
-    pu..cf06e516
-..f31c90af
-      ..6cd8b80c
-      ..09211a30
-      ..ac95c9a1
-      ..1cb18e78
-      ..d7e507b3
-      ..3d5c4598
-      ..e1624e11
-      ..1cb18e78
-      ..d7e507b3
-      ..ab326099
-      ..95eb23fd
-      ..e69d7b47
-      ..8011e405
-      ..55a6da64
-..f31c90af
-      ..832baad0
-      ..3b8eee19
-      ..46b2971e
-    }..d7db1883
-..f31c90af
-    @S..88a34145
-    @T..822bc550
-    pu..a5b9f581
-..f31c90af
-      ..6cd8b80c
-      ..9daee665
-      ..ac95c9a1
-      ..1cb18e78
-      ..d7e507b3
-      ..bb5b4b99
-      ..e1624e11
-      ..1cb18e78
-      ..d7e507b3
-      ..ab326099
-      ..95eb23fd
-      ..e69d7b47
-      ..8011e405
-      ..55a6da64
-..f31c90af
-      ..832baad0
-      ..3b8eee19
-      ..46b2971e
-    }..d7db1883
-..f31c90af
-    @S..88a34145
-    @T..822bc550
-    pu..438ffa7a
-..f31c90af
-      ..6cd8b80c
-      ..9daee665
-      ..ac95c9a1
-      ..1cb18e78
-      ..d7e507b3
-      ..d8fa5b7a
-      ..e1624e11
-      ..1cb18e78
-      ..d7e507b3
-      ..ab326099
-      ..95eb23fd
-      ..e69d7b47
-      ..8011e405
-      ..55a6da64
-..f31c90af
-      ..832baad0
-      ..3b8eee19
-      ..46b2971e
-    }..d7db1883
-..f31c90af
-    @S..88a34145
-    @T..822bc550
-    pu..f2a357de
-..f31c90af
-      ..6cd8b80c
-      ..9daee665
-      ..ac95c9a1
-      ..1cb18e78
-      ..d7e507b3
-      ..3d5c4598
-      ..e1624e11
-      ..d7e507b3
-      ..ab326099
-      ..95eb23fd
-      ..e69d7b47
-      ..8011e405
-      ..55a6da64
-..f31c90af
-      ..832baad0
-      ..3b8eee19
-      ..46b2971e
-    }..d7db1883
-..f31c90af
-    @S..88a34145
-    @T..822bc550
-    pu..6f749434
-..f31c90af
-      ..6cd8b80c
-      ..9daee665
-      ..ac95c9a1
-      ..1cb18e78
-      ..d7e507b3
-      ..3d5c4598
-      ..d946d538
-      ..ab326099
-      ..95eb23fd
-      ..e69d7b47
-      ..8011e405
-      ..55a6da64
-..f31c90af
-      ..832baad0
-      ..3b8eee19
-      ..46b2971e
-    }..d7db1883
-..f31c90af
-    @S..88a34145
-    @T..822bc550
-    pu..770886cf
-..f31c90af
-      ..6cd8b80c
-      ..9daee665
-      ..ac95c9a1
-      ..1cb18e78
-      ..d7e507b3
-      ..3d5c4598
-      ..e1624e11
-      ..1cb18e78
-      ..d7e507b3
-      ..342ef586
-      ..95eb23fd
-      ..e69d7b47
-      ..8011e405
-      ..55a6da64
-..f31c90af
-      ..832baad0
-      ..3b8eee19
-      ..46b2971e
-    }..d7db1883
-..f31c90af
-    @S..88a34145
-    @T..822bc550
-    pu..b0829ece
-..f31c90af
-      ..6cd8b80c
-      ..9daee665
-      ..ac95c9a1
-      ..1cb18e78
-      ..d7e507b3
-      ..3d5c4598
-      ..e1624e11
-      ..1cb18e78
-      ..d7e507b3
-      ..01f31cae
-      ..95eb23fd
-      ..e69d7b47
-      ..8011e405
-      ..55a6da64
-..f31c90af
-      ..832baad0
-      ..3b8eee19
-      ..46b2971e
-    }..d7db1883
-..f31c90af
-    @S..88a34145
-    @T..822bc550
-    pu..7c5c6f6c
-..f31c90af
-      ..6cd8b80c
-      ..9daee665
-      ..ac95c9a1
-      ..1cb18e78
-      ..d7e507b3
-      ..3d5c4598
-      ..e1624e11
-      ..1cb18e78
-      ..d7e507b3
-      ..ab326099
-      ..26bb8ea5
-      ..e69d7b47
-      ..8011e405
-      ..55a6da64
-..f31c90af
-      ..832baad0
-      ..3b8eee19
-      ..46b2971e
-    }..d7db1883
-..f31c90af
-    @S..88a34145
-    @T..822bc550
-    pu..c04b45fd
-..f31c90af
-      ..6cd8b80c
-      ..9daee665
-      ..ac95c9a1
-      ..1cb18e78
-      ..d7e507b3
-      ..3d5c4598
-      ..e1624e11
-      ..1cb18e78
-      ..d7e507b3
-      ..ab326099
-      ..c60c4c45
-      ..e69d7b47
-      ..8011e405
-      ..55a6da64
-..f31c90af
-      ..832baad0
-      ..3b8eee19
-      ..46b2971e
-    }..d7db1883
-..f31c90af
-    @S..88a34145
-    @T..822bc550
-    pu..ca6c4947
-..f31c90af
-      ..6cd8b80c
-      ..9daee665
-      ..ac95c9a1
-      ..1cb18e78
-      ..d7e507b3
-      ..3d5c4598
-      ..e1624e11
-      ..1cb18e78
-      ..d7e507b3
-      ..ab326099
-      ..95eb23fd
-      ..c44bab2c
-      ..8011e405
-      ..55a6da64
-..f31c90af
-      ..832baad0
-      ..3b8eee19
-      ..46b2971e
-    }..d7db1883
-..f31c90af
-    @S..88a34145
-    @T..822bc550
-    pu..8337da81
-..f31c90af
-      ..6cd8b80c
-      ..9daee665
-      ..ac95c9a1
-      ..1cb18e78
-      ..d7e507b3
-      ..3d5c4598
-      ..e1624e11
-      ..1cb18e78
-      ..d7e507b3
-      ..ab326099
-      ..95eb23fd
-      ..8b23fa8c
-      ..8011e405
-      ..55a6da64
-..f31c90af
-      ..832baad0
-      ..3b8eee19
-      ..46b2971e
-    }..d7db1883
-..f31c90af
-    @S..88a34145
-    @T..822bc550
-    pu..48ba0adb
-..f31c90af
-      ..6cd8b80c
-      ..9daee665
-      ..ac95c9a1
-      ..1cb18e78
-      ..d7e507b3
-      ..3d5c4598
-      ..e1624e11
-      ..1cb18e78
-      ..d7e507b3
-      ..ab326099
-      ..95eb23fd
-      ..e69d7b47
-      ..1b350221
-      ..55a6da64
-..f31c90af
-      ..832baad0
-      ..3b8eee19
-      ..46b2971e
-    }..d7db1883
-..f31c90af
-    @S..88a34145
-    @T..822bc550
-    pu..2dd89408
-..f31c90af
-      ..6cd8b80c
-      ..9daee665
-      ..ac95c9a1
-      ..1cb18e78
-      ..d7e507b3
-      ..3d5c4598
-      ..e1624e11
-      ..1cb18e78
-      ..d7e507b3
-      ..ab326099
-      ..95eb23fd
-      ..e69d7b47
-      ..dcb6c30b
-      ..55a6da64
-..f31c90af
-      ..832baad0
-      ..3b8eee19
-      ..46b2971e
-    }..d7db1883
-..f31c90af
-..f31c90af
-    @S..b26d11a6
-    @T..822bc550
-    pu..90789789
-..f31c90af
-      ..6cd8b80c
-      ..cbb6b3af
-      ..ac95c9a1
-      ..1cb18e78
-      ..d7e507b3
-      ..3d5c4598
-      ..e1624e11
-      ..1cb18e78
-      ..d7e507b3
-      ..ab326099
-      ..95eb23fd
-      ..e69d7b47
-      ..8011e405
-      ..55a6da64
-..f31c90af
-      ..9eba2ea1
-..f31c90af
-      ..b039e258
-      ..02bbe7df
-      ..8e1d5f8b
-..f31c90af
-      ..832baad0
-      ..3b8eee19
-      ..46b2971e
-..f31c90af
-      ..b03d14ec
-      ..747c4516
-    }..d7db1883
-..f31c90af
-    @S..b26d11a6
-    @T..822bc550
-    pu..00d6fe02
-..f31c90af
-      ..6cd8b80c
-      ..cbb6b3af
-      ..ac95c9a1
-      ..1cb18e78
-      ..d7e507b3
-      ..3d5c4598
-      ..e1624e11
-      ..1cb18e78
-      ..d7e507b3
-      ..ab326099
-      ..95eb23fd
-      ..e69d7b47
-      ..8011e405
-      ..55a6da64
-..f31c90af
-      ..ef082f00
-      ..68fdb183
-..f31c90af
-      ..b039e258
-      ..02bbe7df
-      ..21330937
-..f31c90af
-      ..832baad0
-      ..3b8eee19
-      ..0fbeb74d
-..f31c90af
-      ..b03d14ec
-      ..747c4516
-    }..d7db1883
-..f31c90af
-    @T..822bc550
-    pu..dee01312
-      ..006478e7
-..f31c90af
-      ..832baad0
-      ..2dc66aa4
-      ..00670358
-    }..d7db1883
-..f31c90af
-    @T..822bc550
-    pu..06728aec
-      ..74f8833f
-      ..b78ca468
-      ..3325a78c
-      ..177255b2
-      ..2181b11c
-      ..aae024d6
-..f31c90af
-      ..9653bf45
-      ..62ccdba2
-      ..a6c3a3b7
-      ..0d0f8ceb
-      ..e1cb753f
-      ..c7d073a0
-      ..205ad860
-      ..5164f941
-      ..55a6da64
-..f31c90af
-      ..832baad0
-      ..2dc66aa4
-      ..00670358
-    }..d7db1883
-..f31c90af
-    @T..822bc550
-    pu..113a5340
-      ..74f8833f
-      ..b78ca468
-      ..3325a78c
-      ..177255b2
-      ..2181b11c
-      ..aae024d6
-..f31c90af
-      ..9653bf45
-      ..09211a30
-      ..a6c3a3b7
-      ..0d0f8ceb
-      ..e1cb753f
-      ..c7d073a0
-      ..205ad860
-      ..5164f941
-      ..55a6da64
-..f31c90af
-      ..832baad0
-      ..2dc66aa4
-      ..00670358
-    }..d7db1883
-..f31c90af
-    @T..822bc550
-    pu..85d627cb
-      ..b95315f2
-      ..3325a78c
-      ..177255b2
-      ..2181b11c
-      ..aae024d6
-..f31c90af
-      ..9653bf45
-      ..cbb6b3af
-      ..a6c3a3b7
-      ..0d0f8ceb
-      ..e1cb753f
-      ..c7d073a0
-      ..205ad860
-      ..5164f941
-      ..55a6da64
-..f31c90af
-      ..832baad0
-      ..2dc66aa4
-      ..00670358
-    }..d7db1883
-..f31c90af
-    @T..822bc550
-    pu..2522d968
-      ..74f8833f
-      ..3325a78c
-      ..177255b2
-      ..2181b11c
-      ..aae024d6
-..f31c90af
-      ..9653bf45
-      ..cbb6b3af
-      ..a6c3a3b7
-      ..0d0f8ceb
-      ..e1cb753f
-      ..c7d073a0
-      ..205ad860
-      ..5164f941
-      ..55a6da64
-..f31c90af
-      ..832baad0
-      ..2dc66aa4
-      ..00670358
-    }..d7db1883
-..f31c90af
-    @T..822bc550
-    pu..b30af03b
-      ..74f8833f
-      ..b78ca468
-      ..e39a3df5
-      ..2181b11c
-      ..aae024d6
-..f31c90af
-      ..9653bf45
-      ..cbb6b3af
-      ..a6c3a3b7
-      ..0d0f8ceb
-      ..e1cb753f
-      ..c7d073a0
-      ..205ad860
-      ..5164f941
-      ..55a6da64
-..f31c90af
-      ..832baad0
-      ..2dc66aa4
-      ..00670358
-    }..d7db1883
-..f31c90af
-    @T..822bc550
-    pu..d769f992
-      ..74f8833f
-      ..b78ca468
-      ..3325a78c
-      ..2181b11c
-      ..aae024d6
-..f31c90af
-      ..9653bf45
-      ..cbb6b3af
-      ..a6c3a3b7
-      ..0d0f8ceb
-      ..e1cb753f
-      ..c7d073a0
-      ..205ad860
-      ..5164f941
-      ..55a6da64
-..f31c90af
-      ..832baad0
-      ..2dc66aa4
-      ..00670358
-    }..d7db1883
-..f31c90af
-    @T..822bc550
-    pu..5bd42557
-      ..74f8833f
-      ..b78ca468
-      ..3325a78c
-      ..177255b2
-      ..2181b11c
-      ..aae024d6
-..f31c90af
-      ..9653bf45
-      ..cbb6b3af
-      ..a6c3a3b7
-      ..0d0f8ceb
-      ..01f31cae
-      ..c7d073a0
-      ..205ad860
-      ..5164f941
-      ..55a6da64
-..f31c90af
-      ..832baad0
-      ..2dc66aa4
-      ..00670358
-    }..d7db1883
-..f31c90af
-    @T..822bc550
-    pu..2b33fc83
-      ..74f8833f
-      ..b78ca468
-      ..3325a78c
-      ..177255b2
-      ..2181b11c
-      ..aae024d6
-..f31c90af
-      ..9653bf45
-      ..cbb6b3af
-      ..a6c3a3b7
-      ..0d0f8ceb
-      ..342ef586
-      ..c7d073a0
-      ..205ad860
-      ..5164f941
-      ..55a6da64
-..f31c90af
-      ..832baad0
-      ..2dc66aa4
-      ..00670358
-    }..d7db1883
-..f31c90af
-    @T..822bc550
-    pu..4499549d
-      ..74f8833f
-      ..b78ca468
-      ..3325a78c
-      ..177255b2
-      ..2181b11c
-      ..aae024d6
-..f31c90af
-      ..9653bf45
-      ..cbb6b3af
-      ..a6c3a3b7
-      ..0d0f8ceb
-      ..21bcddb6
-      ..c24592e4
-      ..205ad860
-      ..5164f941
-      ..55a6da64
-..f31c90af
-      ..832baad0
-      ..2dc66aa4
-      ..00670358
-    }..d7db1883
-..f31c90af
-    @T..822bc550
-    pu..e665aa48
-      ..74f8833f
-      ..b78ca468
-      ..3325a78c
-      ..177255b2
-      ..2181b11c
-      ..aae024d6
-..f31c90af
-      ..9653bf45
-      ..cbb6b3af
-      ..a6c3a3b7
-      ..0d0f8ceb
-      ..21bcddb6
-      ..5680e3e6
-      ..205ad860
-      ..5164f941
-      ..55a6da64
-..f31c90af
-      ..832baad0
-      ..2dc66aa4
-      ..00670358
-    }..d7db1883
-..f31c90af
-    @T..822bc550
-    pu..81027897
-      ..74f8833f
-      ..b78ca468
-      ..3325a78c
-      ..177255b2
-      ..2181b11c
-      ..aae024d6
-..f31c90af
-      ..9653bf45
-      ..cbb6b3af
-      ..a6c3a3b7
-      ..0d0f8ceb
-      ..21bcddb6
-      ..cc45a654
-      ..4cf6b96d
-      ..5164f941
-      ..55a6da64
-..f31c90af
-      ..832baad0
-      ..2dc66aa4
-      ..00670358
-    }..d7db1883
-..f31c90af
-    @T..822bc550
-    pu..ef76fa3f
-      ..74f8833f
-      ..b78ca468
-      ..3325a78c
-      ..177255b2
-      ..2181b11c
-      ..aae024d6
-..f31c90af
-      ..9653bf45
-      ..cbb6b3af
-      ..a6c3a3b7
-      ..0d0f8ceb
-      ..21bcddb6
-      ..cc45a654
-      ..c51670ff
-      ..5164f941
-      ..55a6da64
-..f31c90af
-      ..832baad0
-      ..2dc66aa4
-      ..00670358
-    }..d7db1883
-..f31c90af
-    @T..822bc550
-    pu..80710bb5
-      ..74f8833f
-      ..b78ca468
-      ..3325a78c
-      ..177255b2
-      ..2d547df9
-..f31c90af
-      ..9653bf45
-      ..cbb6b3af
-      ..a6c3a3b7
-      ..0d0f8ceb
-      ..21bcddb6
-      ..cc45a654
-      ..78d5cc38
-      ..5164f941
-      ..55a6da64
-..f31c90af
-      ..832baad0
-      ..2dc66aa4
-      ..00670358
-    }..d7db1883
-..f31c90af
-    @T..822bc550
-    pu..7689493f
-      ..74f8833f
-      ..b78ca468
-      ..3325a78c
-      ..177255b2
-      ..2181b11c
-..f31c90af
-      ..9653bf45
-      ..cbb6b3af
-      ..a6c3a3b7
-      ..0d0f8ceb
-      ..21bcddb6
-      ..cc45a654
-      ..78d5cc38
-      ..5164f941
-      ..55a6da64
-..f31c90af
-      ..832baad0
-      ..2dc66aa4
-      ..00670358
-    }..d7db1883
-..f31c90af
-    @S..e7fb6eb3
-    @T..822bc550
-    pu..6acebd64
-      ..74f8833f
-      ..b78ca468
-      ..3325a78c
-      ..177255b2
-      ..2181b11c
-      ..aae024d6
-..f31c90af
-      ..9653bf45
-      ..cbb6b3af
-      ..a6c3a3b7
-      ..0d0f8ceb
-      ..21bcddb6
-      ..cc45a654
-      ..78d5cc38
-      ..5164f941
-      ..55a6da64
-..f31c90af
-      ..12aa8488
-..f31c90af
-      ..b039e258
-      ..02bbe7df
-      ..7a37187e
-..f31c90af
-      ..832baad0
-      ..2dc66aa4
-      ..00670358
-..f31c90af
-      ..b03d14ec
-      ..747c4516
-    }..d7db1883
-..f31c90af
-    @S..e7fb6eb3
-    @T..822bc550
-    pu..4005ae72
-      ..74f8833f
-      ..b78ca468
-      ..3325a78c
-      ..177255b2
-      ..2181b11c
-      ..aae024d6
-..f31c90af
-      ..9653bf45
-      ..cbb6b3af
-      ..a6c3a3b7
-      ..0d0f8ceb
-      ..21bcddb6
-      ..cc45a654
-      ..78d5cc38
-      ..5164f941
-      ..55a6da64
-..f31c90af
-      ..ed79163b
-..f31c90af
-      ..b039e258
-      ..02bbe7df
-      ..7a37187e
-..f31c90af
-      ..832baad0
-      ..2dc66aa4
-      ..170cb7ab
-..f31c90af
-      ..b03d14ec
-      ..747c4516
-    }..d7db1883
-..f31c90af
-    @T..822bc550
-    pu..c1bbf27b
-      ..7ec09a3b
-..f31c90af
-      ..832baad0
-      ..7522467e
-      ..d3ed176f
-    }..d7db1883
-..f31c90af
-    @T..822bc550
-    pu..cc3f7061
-      ..a1b8ae6a
-      ..62ccdba2
-      ..b9fa1874
-      ..55a6da64
-..f31c90af
-      ..832baad0
-      ..7522467e
-      ..d3ed176f
-    }..d7db1883
-..f31c90af
-    @T..822bc550
-    pu..cf944047
-      ..a1b8ae6a
-      ..09211a30
-      ..b9fa1874
-      ..55a6da64
-..f31c90af
-      ..832baad0
-      ..7522467e
-      ..d3ed176f
-    }..d7db1883
-..f31c90af
-    @T..822bc550
-    pu..68e9d1f8
-      ..a1b8ae6a
-      ..cbb6b3af
-      ..dc9fd757
-      ..55a6da64
-..f31c90af
-      ..832baad0
-      ..7522467e
-      ..d3ed176f
-    }..d7db1883
-..f31c90af
-    @T..822bc550
-    pu..f59cc027
-      ..a1b8ae6a
-      ..cbb6b3af
-      ..6463dc0d
-      ..55a6da64
-..f31c90af
-      ..832baad0
-      ..7522467e
-      ..d3ed176f
-    }..d7db1883
-..f31c90af
-    @S..e7fb6eb3
-    @T..822bc550
-    pu..bcaacc22
-      ..a1b8ae6a
-      ..cbb6b3af
-      ..b8ff19b2
-      ..55a6da64
-..f31c90af
-      ..fbc5d8f0
-..f31c90af
-      ..b039e258
-      ..02bbe7df
-      ..49fc6351
-..f31c90af
-      ..832baad0
-      ..7522467e
-      ..c04c4c7c
-      ..0cde773d
-..f31c90af
-      ..b03d14ec
-      ..747c4516
-    }..d7db1883
-..f31c90af
-    @S..e7fb6eb3
-    @T..822bc550
-    pu..5901eedb
-      ..a1b8ae6a
-      ..cbb6b3af
-      ..b8ff19b2
-      ..55a6da64
-..f31c90af
-      ..51b9a603
-..f31c90af
-      ..b039e258
-      ..02bbe7df
-      ..49fc6351
-..f31c90af
-      ..832baad0
-      ..7522467e
-      ..c04c4c7c
-      ..ee61e84d
-      ..e9dfc495
-..f31c90af
-      ..b03d14ec
-      ..747c4516
-    }..d7db1883
-..f31c90af
-    @S..e7fb6eb3
-    @T..822bc550
-    pu..658d1768
-      ..a1b8ae6a
-      ..cbb6b3af
-      ..b8ff19b2
-      ..55a6da64
-..f31c90af
-      ..8c6479ad
-..f31c90af
-      ..b039e258
-      ..02bbe7df
-      ..49fc6351
-..f31c90af
-      ..832baad0
-      ..7522467e
-      ..c04c4c7c
-      ..ee61e84d
-      ..0bb1b01e
-..f31c90af
-      ..b03d14ec
-      ..747c4516
-    }..d7db1883
-..f31c90af
-    @S..b26d11a6
-    @T..822bc550
-    pu..18f83974
-      ..6cd8b80c
-      ..cbb6b3af
-      ..ac95c9a1
-      ..1cb18e78
-      ..d7e507b3
-      ..3d5c4598
-      ..e1624e11
-      ..1cb18e78
-      ..d7e507b3
-      ..ab326099
-      ..95eb23fd
-      ..e69d7b47
-      ..8011e405
-      ..55a6da64
-..f31c90af
-      ..ef082f00
-      ..68fdb183
-..f31c90af
-      ..b039e258
-      ..02bbe7df
-      ..21330937
-..f31c90af
-      ..832baad0
-      ..2e57f020
-      ..1d4bdaaf
-      ..f56a82da
-..f31c90af
-      ..b03d14ec
-      ..747c4516
-    }..d7db1883
-..f31c90af
-    @S..e7fb6eb3
-    @T..822bc550
-    pu..0d40dc6d
-      ..74f8833f
-      ..b78ca468
-      ..3325a78c
-      ..177255b2
-      ..2181b11c
-      ..aae024d6
-..f31c90af
-      ..9653bf45
-      ..cbb6b3af
-      ..a6c3a3b7
-      ..0d0f8ceb
-      ..21bcddb6
-      ..cc45a654
-      ..78d5cc38
-      ..5164f941
-      ..55a6da64
-..f31c90af
-      ..ed79163b
-..f31c90af
-      ..b039e258
-      ..02bbe7df
-      ..7a37187e
-..f31c90af
-      ..832baad0
-      ..2ce98b61
-      ..d9cbacc8
-      ..230f5de5
-      ..170cb7ab
-..f31c90af
-      ..b03d14ec
-      ..747c4516
-    }..d7db1883
-..f31c90af
-    @S..e7fb6eb3
-    @T..822bc550
-    pu..2a890639
-      ..a1b8ae6a
-      ..cbb6b3af
-      ..b8ff19b2
-      ..55a6da64
-..f31c90af
-      ..8c6479ad
-..f31c90af
-      ..b039e258
-      ..02bbe7df
-      ..49fc6351
-..f31c90af
-      ..832baad0
-      ..005fdb97
-      ..03597f3f
-      ..34127151
-      ..c04c4c7c
-      ..ee61e84d
-      ..0bb1b01e
-..f31c90af
-      ..b03d14ec
-      ..747c4516
-    }..d7db1883
-..f31c90af
-}..891d2147
+++ /de..0e3249dd
-packag..bd8c9067
-..f31c90af
-import..371af8dc
-..f31c90af
-import..12600a98
-import..35cc898c
-import..8c6d5e56
-import..a75e4d28
-..f31c90af
-import..a41b8773
-import..74a53da8
-import..1802dc9c
-import..48b36fc9
-import..3c03d512
-import..834939ae
-import..947afd32
-..f31c90af
-import..6d57b445
-import..abcf975d
-import..9cc63f79
-import..dfb499e5
-import..3f91ece5
-import..18303145
-import..b669df9f
-..f31c90af
-import..e1015fff
-import..0f372b8a
-..f31c90af
-//TODO..9e53e7bd
-@RunWi..1e104445
-@Prepa..d9729c3b
-public..72e36210
-..f31c90af
-    pr..e075346f
-..f31c90af
-    @B..ab8800de
-    pu..26fcb4ef
-      ..8b341e1e
-    }..d7db1883
-..f31c90af
-    @T..822bc550
-    pu..3aea1ec7
-      ..2c0f6967
-      ..74cf2840
-    }..d7db1883
-..f31c90af
-    @T..822bc550
-    pu..11c3924f
-      ..2c0f6967
-      ..a566585b
-    }..d7db1883
-..f31c90af
-    @T..822bc550
-    pu..250d22ef
-      ..2c0f6967
-      ..9ceb3360
-      ..a566585b
-    }..d7db1883
-..f31c90af
-    @T..822bc550
-    pu..a68c968f
-      ..2c0f6967
-      ..fe06c92d
-      ..4ed04f08
-    }..d7db1883
-..f31c90af
-    @T..822bc550
-    pu..4ae24e78
-      ..21b1fddb
-      ..d0030ef8
-      ..2b4e8e0e
-      ..a300cf5f
-      ..d0623e53
-      ..db7656ef
-      ..a2ed6ee8
-..f31c90af
-      ..b9ca472d
-      ..0abf20d3
-      ..8c8f6630
-      ..4239b51d
-      ..35b8af8c
-      ..16766a46
-..f31c90af
-      ..e13d7713
-      ..2c72b588
-      ..7ff39551
-      ..24c1da37
-      ..589d1ade
-      ..cb97e6fc
-      ..391b85d2
-      ..1401078f
-..f31c90af
-      ..8b341e1e
-      ..e891db1d
-      ..2b8ba3be
-..f31c90af
-      ..aaf42a1e
-      ..c25bfefc
-      ..a69280dc
-      ..bc6fb5a7
-      ..6fad8579
-      ..0cb1d87e
-      ..056dad17
-    }..d7db1883
-..f31c90af
-    @T..822bc550
-    pu..ceca8ee3
-      ..3cfdb2f5
-      ..d0030ef8
-      ..86382166
-      ..a300cf5f
-      ..8b341e1e
-      ..766bcfd3
-      ..4985ebdb
-    }..d7db1883
-..f31c90af
-    @T..822bc550
-    pu..f36a8f86
-      ..a556f50d
-      ..d0030ef8
-      ..86382166
-      ..a300cf5f
-      ..8b341e1e
-      ..766bcfd3
-      ..4985ebdb
-    }..d7db1883
-..f31c90af
-    @T..822bc550
-    pu..e8ada163
-      ..21b1fddb
-      ..0e0a36f4
-      ..86382166
-      ..a300cf5f
-      ..8b341e1e
-      ..766bcfd3
-      ..4985ebdb
-    }..d7db1883
-..f31c90af
-    @T..822bc550
-    pu..a3cb29d6
-      ..21b1fddb
-      ..d0030ef8
-      ..ce93130a
-      ..a300cf5f
-      ..8b341e1e
-      ..766bcfd3
-      ..4985ebdb
-    }..d7db1883
-..f31c90af
-    @T..822bc550
-    pu..a451a11e
-      ..21b1fddb
-      ..d0030ef8
-      ..231975a5
-      ..a300cf5f
-      ..8b341e1e
-      ..766bcfd3
-      ..4985ebdb
-    }..d7db1883
-..f31c90af
-    @T..822bc550
-    pu..4774d431
-      ..21b1fddb
-      ..d0030ef8
-      ..2b4e8e0e
-      ..a300cf5f
-      ..d0623e53
-..f31c90af
-      ..3f9112ee
-..f31c90af
-      ..8b341e1e
-      ..766bcfd3
-      ..4985ebdb
-..f31c90af
-      ..bb6465bc
-    }..d7db1883
-..f31c90af
-    @T..822bc550
-    pu..9c1662a6
-      ..21b1fddb
-      ..d0030ef8
-      ..2b4e8e0e
-      ..a300cf5f
-      ..d0623e53
-..f31c90af
-      ..0abf20d3
-      ..8c8f6630
-      ..4239b51d
-      ..35b8af8c
-..f31c90af
-      ..e13d7713
-      ..2c72b588
-      ..7ff39551
-      ..1af4c6f3
-      ..43753da8
-..f31c90af
-      ..8b341e1e
-      ..766bcfd3
-      ..4985ebdb
-..f31c90af
-      ..bb6465bc
-      ..d5dcb607
-      ..0c8accac
-      ..c8c97db1
-      ..dc3f126a
-    }..d7db1883
-..f31c90af
-    @T..822bc550
-    pu..83a7ba3f
-      ..21b1fddb
-      ..d0030ef8
-      ..2b4e8e0e
-      ..a300cf5f
-      ..d0623e53
-      ..db7656ef
-      ..a2ed6ee8
-..f31c90af
-      ..b9ca472d
-      ..0abf20d3
-      ..8c8f6630
-      ..4239b51d
-      ..35b8af8c
-      ..16766a46
-..f31c90af
-      ..e13d7713
-      ..2c72b588
-      ..7ff39551
-      ..1af4c6f3
-      ..589d1ade
-      ..cb97e6fc
-      ..391b85d2
-      ..1401078f
-..f31c90af
-      ..8b341e1e
-      ..766bcfd3
-      ..2b8ba3be
-..f31c90af
-      ..aaf42a1e
-      ..c25bfefc
-      ..a69280dc
-      ..1663efa8
-      ..6fad8579
-      ..0cb1d87e
-      ..056dad17
-    }..d7db1883
-..f31c90af
-    @T..822bc550
-    pu..d51d55f1
-      ..21b1fddb
-      ..d0030ef8
-      ..2b4e8e0e
-      ..472bd882
-      ..db7656ef
-      ..a2ed6ee8
-..f31c90af
-      ..b9ca472d
-      ..0abf20d3
-      ..8c8f6630
-      ..4239b51d
-      ..35b8af8c
-      ..16766a46
-..f31c90af
-      ..e13d7713
-      ..2c72b588
-      ..7ff39551
-      ..24c1da37
-      ..589d1ade
-      ..cb97e6fc
-      ..391b85d2
-      ..1401078f
-..f31c90af
-      ..8b341e1e
-      ..766bcfd3
-      ..2b8ba3be
-..f31c90af
-      ..aaf42a1e
-      ..c25bfefc
-      ..a69280dc
-      ..bc6fb5a7
-      ..6fad8579
-      ..0cb1d87e
-      ..056dad17
-    }..d7db1883
-..f31c90af
-    @T..822bc550
-    pu..8acea9d4
-      ..21b1fddb
-      ..d0030ef8
-      ..2b4e8e0e
-      ..a300cf5f
-      ..d0623e53
-..f31c90af
-      ..0abf20d3
-      ..8c8f6630
-      ..4239b51d
-      ..35b8af8c
-..f31c90af
-      ..e13d7713
-      ..2c72b588
-      ..7ff39551
-      ..1af4c6f3
-      ..8245c3e8
-..f31c90af
-      ..8b341e1e
-      ..766bcfd3
-      ..4985ebdb
-..f31c90af
-      ..bb6465bc
-      ..d5dcb607
-      ..0c8accac
-      ..c8c97db1
-      ..dc3f126a
-    }..d7db1883
-..f31c90af
-    @T..822bc550
-    pu..62656e9c
-      ..21b1fddb
-      ..d0030ef8
-      ..2b4e8e0e
-      ..a300cf5f
-      ..d0623e53
-..f31c90af
-      ..0abf20d3
-      ..8c8f6630
-      ..4239b51d
-      ..35b8af8c
-      ..16766a46
-      ..67c20f30
-..f31c90af
-      ..e13d7713
-      ..2c72b588
-      ..7ff39551
-      ..1af4c6f3
-      ..589d1ade
-      ..ecde4b2e
-      ..63a0d1f9
-      ..3e1b9642
-..f31c90af
-      ..8b341e1e
-      ..766bcfd3
-      ..4985ebdb
-..f31c90af
-      ..bb6465bc
-      ..d5dcb607
-      ..0c8accac
-      ..c8c97db1
-      ..dc3f126a
-      ..70a8c3e9
-      ..f7081f9e
-      ..d8eb7d72
-    }..d7db1883
-..f31c90af
-}..891d2147