--- /de..577c3b09
+packag..d757f324
+..4cfb16c0
+import..83aebe65
+..4cfb16c0
+import..6c833972
+import..cff86cc6
+import..6316ef63
+import..6e2cbe20
+import..02c7c00e
+import..08e6fffd
+import..1e0e512a
+..4cfb16c0
+import..9f460e95
+..4cfb16c0
+import..601958bf
+import..7b7afcb5
+import..ddc627e8
+import..2b83df90
+import..1ac6e1d7
+import..17f8680a
+import..3182b2a4
+import..19dc0465
+import..7db3a3bf
+..4cfb16c0
+/**..f0a77d17
+ * Cal..5d56cfc5
+ * Wil..468c94c9
+ *..1960d8c4
+ */..89c52169
+public..e0b81c20
+..4cfb16c0
+..4cfb16c0
+    @T..0fff8d26
+    pu..6ebbfd14
+      ..971521db
+      ..e0b0b09c
+..4cfb16c0
+      ..a344ceac
+      ..2d068066
+..4cfb16c0
+      ..7af665c6
+      ..d4c76a5c
+..4cfb16c0
+      ..235a2512
+      ..93f47328
+      ..5dadce52
+      ..1a3951f1
+      ..6886aff3
+    }..4f0baee8
+..4cfb16c0
+    @T..0fff8d26
+    pu..821f8413
+      ..1991542e
+      ..e0b0b09c
+..4cfb16c0
+      ..0586214f
+      ..2dbea138
+      ..bd4a1431
+      ..5a98ef35
+..4cfb16c0
+      ..7af665c6
+      ..d4c76a5c
+..4cfb16c0
+      ..235a2512
+      ..93f47328
+      ..5dadce52
+      ..1a3951f1
+      ..6886aff3
+    }..4f0baee8
+..4cfb16c0
+    @T..0fff8d26
+    pu..6548dade
+      ..971521db
+      ..e0b0b09c
+..4cfb16c0
+      ..eee4820d
+      ..8800dcc8
+      ..034f77f6
+      ..6231829a
+..4cfb16c0
+      ..a64b3ec5
+      ..bc3ce97b
+      ..620cb550
+..4cfb16c0
+      ..c44e3892
+      ..2d068066
+..4cfb16c0
+      ..7af665c6
+      ..d4c76a5c
+..4cfb16c0
+      ..235a2512
+      ..93f47328
+      ..5dadce52
+      ..1a3951f1
+      ..6886aff3
+    }..4f0baee8
+..4cfb16c0
+    @T..0fff8d26
+    pu..28171320
+      ..1991542e
+      ..e0b0b09c
+..4cfb16c0
+      ..eee4820d
+      ..8800dcc8
+      ..034f77f6
+      ..6231829a
+..4cfb16c0
+      ..a64b3ec5
+      ..bc3ce97b
+      ..620cb550
+..4cfb16c0
+      ..e0de66fe
+      ..2dbea138
+      ..bd4a1431
+      ..5a98ef35
+..4cfb16c0
+      ..7af665c6
+      ..d4c76a5c
+..4cfb16c0
+      ..235a2512
+      ..93f47328
+      ..5dadce52
+      ..1a3951f1
+      ..6886aff3
+    }..4f0baee8
+..4cfb16c0
+    @T..0fff8d26
+    pu..1ea13cb4
+      ..971521db
+      ..e0b0b09c
+..4cfb16c0
+      ..03b1b2be
+      ..040e9149
+      ..bd21d2d8
+      ..e231c30f
+      ..b8bc407d
+      ..681612dd
+      ..758eb6f3
+      ..4d9b31ee
+..4cfb16c0
+      ..6dc4b385
+..4cfb16c0
+      ..704b9eb1
+      ..68242c27
+..4cfb16c0
+      ..1e040c27
+..4cfb16c0
+      ..0526bafe
+      ..4d044dc8
+      ..1a3951f1
+      ..6886aff3
+..4cfb16c0
+      ..07f70fb3
+      ..8f8af16a
+    }..4f0baee8
+..4cfb16c0
+    @T..0fff8d26
+    pu..2a8a07bc
+      ..1991542e
+      ..e0b0b09c
+..4cfb16c0
+      ..03b1b2be
+      ..040e9149
+      ..2f479f6d
+      ..597a9d7b
+      ..c95da015
+..4cfb16c0
+      ..495a885b
+      ..b8bc407d
+      ..681612dd
+      ..758eb6f3
+      ..4d9b31ee
+..4cfb16c0
+      ..6dc4b385
+..4cfb16c0
+      ..d28c6822
+      ..71cf7e29
+      ..3f18cb7f
+..4cfb16c0
+      ..b353adc6
+      ..1e040c27
+..4cfb16c0
+      ..0526bafe
+      ..4d044dc8
+      ..1a3951f1
+      ..6886aff3
+..4cfb16c0
+      ..b10f8211
+      ..edc10ace
+      ..c902d21a
+      ..b0a90d0f
+    }..4f0baee8
+..4cfb16c0
+    @T..0fff8d26
+    pu..5eeac835
+      ..971521db
+      ..e0b0b09c
+..4cfb16c0
+      ..03b1b2be
+      ..040e9149
+      ..bd21d2d8
+      ..e231c30f
+      ..b8bc407d
+      ..681612dd
+      ..758eb6f3
+      ..4d9b31ee
+..4cfb16c0
+      ..6dc4b385
+..4cfb16c0
+      ..704b9eb1
+      ..68242c27
+..4cfb16c0
+      ..1e040c27
+..4cfb16c0
+      ..0526bafe
+      ..4d044dc8
+      ..1a3951f1
+      ..6886aff3
+..4cfb16c0
+      ..07f70fb3
+      ..8f8af16a
+    }..4f0baee8
+..4cfb16c0
+    @T..0fff8d26
+    pu..59d8462f
+      ..1991542e
+      ..e0b0b09c
+..4cfb16c0
+      ..03b1b2be
+      ..040e9149
+      ..2f479f6d
+      ..597a9d7b
+      ..c95da015
+..4cfb16c0
+      ..495a885b
+      ..b8bc407d
+      ..681612dd
+      ..758eb6f3
+      ..4d9b31ee
+..4cfb16c0
+      ..6dc4b385
+..4cfb16c0
+      ..d28c6822
+      ..71cf7e29
+      ..3f18cb7f
+..4cfb16c0
+      ..b353adc6
+      ..1e040c27
+..4cfb16c0
+      ..0526bafe
+      ..4d044dc8
+      ..1a3951f1
+      ..6886aff3
+..4cfb16c0
+      ..b10f8211
+      ..edc10ace
+      ..c902d21a
+      ..b0a90d0f
+    }..4f0baee8
+..4cfb16c0
+    @T..0fff8d26
+    pu..2b263f1a
+      ..971521db
+      ..e0b0b09c
+..4cfb16c0
+      ..03b1b2be
+      ..040e9149
+      ..bd21d2d8
+      ..e231c30f
+      ..b8bc407d
+      ..681612dd
+      ..758eb6f3
+      ..4d9b31ee
+..4cfb16c0
+      ..6dc4b385
+..4cfb16c0
+      ..07f70fb3
+      ..8f8af16a
+    }..4f0baee8
+..4cfb16c0
+    @T..0fff8d26
+    pu..d6ff77ae
+      ..1991542e
+      ..e0b0b09c
+..4cfb16c0
+      ..03b1b2be
+      ..040e9149
+      ..2f479f6d
+      ..597a9d7b
+      ..c95da015
+..4cfb16c0
+      ..495a885b
+      ..b8bc407d
+      ..681612dd
+      ..758eb6f3
+      ..4d9b31ee
+..4cfb16c0
+      ..6dc4b385
+..4cfb16c0
+      ..9bb4742d
+      ..5cf86a92
+      ..d91f33a5
+      ..2333ea5d
+    }..4f0baee8
+..4cfb16c0
+    @T..0fff8d26
+    pu..72454fb6
+      ..971521db
+      ..e0b0b09c
+..4cfb16c0
+      ..03b1b2be
+      ..040e9149
+      ..bd21d2d8
+      ..e231c30f
+      ..b8bc407d
+      ..681612dd
+      ..758eb6f3
+      ..4d9b31ee
+..4cfb16c0
+      ..6dc4b385
+..4cfb16c0
+      ..569d6332
+      ..b9a8aeb1
+      ..2aa7976d
+      ..b1a8f091
+..4cfb16c0
+      ..03614434
+      ..587158da
+      ..f063941d
+      ..ceeee518
+      ..a0cae728
+      ..e5c20b9c
+      ..7c1472a2
+      ..e363a120
+      ..f7925f85
+..4cfb16c0
+      ..07f70fb3
+      ..8f8af16a
+    }..4f0baee8
+..4cfb16c0
+    @T..0fff8d26
+    pu..84e81f0c
+      ..1991542e
+      ..e0b0b09c
+..4cfb16c0
+      ..03b1b2be
+      ..040e9149
+      ..2f479f6d
+      ..597a9d7b
+      ..c95da015
+..4cfb16c0
+      ..495a885b
+      ..b8bc407d
+      ..681612dd
+      ..758eb6f3
+      ..4d9b31ee
+..4cfb16c0
+      ..6dc4b385
+..4cfb16c0
+      ..569d6332
+      ..b9a8aeb1
+      ..2aa7976d
+      ..b1a8f091
+..4cfb16c0
+      ..03614434
+      ..3a2b1bf2
+      ..b0caea62
+      ..838a7479
+..4cfb16c0
+      ..d011730e
+      ..ceeee518
+      ..a0cae728
+      ..e5c20b9c
+      ..7c1472a2
+      ..e363a120
+      ..f7925f85
+..4cfb16c0
+      ..9bb4742d
+      ..5cf86a92
+      ..d91f33a5
+      ..2333ea5d
+    }..4f0baee8
+..4cfb16c0
+..4cfb16c0
+    @T..0fff8d26
+    pu..49519701
+      ..971521db
+      ..e0b0b09c
+..4cfb16c0
+      ..03b1b2be
+..4cfb16c0
+..4cfb16c0
+      ..bc31a804
+      ..bc48e955
+      ..430060ab
+      ..95ccf8d0
+      ..ec331040
+      ..d421bf23
+      ..45c781c1
+      ..9cccc602
+      ..0a776853
+      ..83a96551
+    }..4f0baee8
+..4cfb16c0
+    @T..0fff8d26
+    pu..9e69c21e
+      ..1991542e
+      ..e0b0b09c
+..4cfb16c0
+      ..03b1b2be
+..4cfb16c0
+..4cfb16c0
+      ..bc31a804
+      ..bc48e955
+      ..b6963178
+      ..d17bba0d
+      ..d5da2290
+..4cfb16c0
+      ..627a407b
+      ..95ccf8d0
+      ..ec331040
+      ..d421bf23
+      ..45c781c1
+      ..9cccc602
+      ..0a776853
+      ..83a96551
+    }..4f0baee8
+}..9aaacfae
--- /de..577c3b09
+packag..2ca5059f
+..4cfb16c0
+import..43a47b53
+import..0528a320
+import..e6751688
+..4cfb16c0
+@Event..d9da6cdc
+public..bf795b61
+..4cfb16c0
+    @O..b11a2b01
+    pu..4560569e
+..4cfb16c0
+    }..4f0baee8
+..4cfb16c0
+}..9aaacfae
--- /de..577c3b09
+packag..2ca5059f
+..4cfb16c0
+import..43a47b53
+import..0528a320
+import..e6751688
+..4cfb16c0
+@Event..caca97f7
+public..165b9837
+..4cfb16c0
+    @O..b11a2b01
+    pu..4560569e
+..4cfb16c0
+    }..4f0baee8
+..4cfb16c0
+}..9aaacfae
--- /de..577c3b09
+packag..2ca5059f
+..4cfb16c0
+import..e6751688
+..4cfb16c0
+public..bdff83e6
+..4cfb16c0
+    @O..b11a2b01
+    pu..4560569e
+..4cfb16c0
+    }..4f0baee8
+..4cfb16c0
+}..9aaacfae
--- /de..577c3b09
+packag..2ca5059f
+..4cfb16c0
+import..0528a320
+import..472fe2fe
+import..a1073b99
+import..9f460e95
+import..4077d21b
+import..b3e2bb38
+import..f9ca974a
+..4cfb16c0
+import..83aebe65
+..4cfb16c0
+@RunWi..fe281bfb
+public..87d2cab4
+..4cfb16c0
+    pr..cf506b0f
+..4cfb16c0
+    @M..2b504672
+    pr..2f352f44
+    @M..2b504672
+    pr..3e2615ba
+..4cfb16c0
+    @B..8a6866b2
+    pu..603ee4bc
+      ..a66048f0
+    }..4f0baee8
+..4cfb16c0
+    @T..0fff8d26
+    pu..c5b4c885
+      ..05975840
+      ..c4614865
+      ..f781232f
+      ..a6c95596
+    }..4f0baee8
+..4cfb16c0
+    @T..0fff8d26
+    pu..4a8b42b5
+      ..a66048f0
+      ..c4614865
+      ..f781232f
+      ..a6c95596
+    }..4f0baee8
+..4cfb16c0
+    @S..a5f16668
+    @T..0fff8d26
+    pu..3b68b1ab
+      ..34185638
+      ..2d1ddbaa
+    }..4f0baee8
+..4cfb16c0
+    @S..a5f16668
+    @T..0fff8d26
+    pu..489d5132
+      ..34185638
+      ..2d1ddbaa
+..4cfb16c0
+      ..a47ea3f5
+      ..a1ecd8fe
+      ..30a09cff
+    }..4f0baee8
+..4cfb16c0
+    @S..a5f16668
+    @T..0fff8d26
+    pu..a1b00f9b
+      ..34185638
+      ..2d1ddbaa
+..4cfb16c0
+      ..4ba3c6b7
+      ..a1ecd8fe
+      ..30a09cff
+    }..4f0baee8
+..4cfb16c0
+    @S..a5f16668
+    @T..0fff8d26
+    pu..3f5f5259
+      ..34185638
+      ..2d1ddbaa
+..4cfb16c0
+      ..0bd51a63
+      ..eaa8db21
+      ..30a09cff
+    }..4f0baee8
+..4cfb16c0
+    @S..a5f16668
+    @T..0fff8d26
+    pu..8f1d8d6b
+      ..34185638
+      ..2d1ddbaa
+..4cfb16c0
+      ..e98cf108
+      ..461b5db4
+      ..30a09cff
+    }..4f0baee8
+..4cfb16c0
+    @S..a5f16668
+    @T..0fff8d26
+    pu..22d3d11c
+      ..34185638
+      ..2d1ddbaa
+..4cfb16c0
+      ..0bd51a63
+      ..9ab8123b
+      ..30a09cff
+    }..4f0baee8
+..4cfb16c0
+    @S..a5f16668
+    @T..0fff8d26
+    pu..73121c07
+      ..34185638
+      ..2d1ddbaa
+..4cfb16c0
+      ..e98cf108
+      ..9db28f35
+      ..30a09cff
+    }..4f0baee8
+..4cfb16c0
+    @S..a5f16668
+    @T..0fff8d26
+    pu..365c4486
+      ..ca1428fb
+      ..34185638
+      ..2d1ddbaa
+..4cfb16c0
+      ..9eab3901
+      ..c26bcbc2
+    }..4f0baee8
+..4cfb16c0
+    @S..a5f16668
+    @T..0fff8d26
+    pu..abdb872c
+      ..71dcc318
+      ..34185638
+      ..2d1ddbaa
+..4cfb16c0
+      ..9eab3901
+      ..c26bcbc2
+    }..4f0baee8
+..4cfb16c0
+    @S..a5f16668
+    @T..0fff8d26
+    pu..8397aeec
+      ..34185638
+      ..2d1ddbaa
+..4cfb16c0
+      ..9eab3901
+      ..43af50cb
+    }..4f0baee8
+..4cfb16c0
+    @S..3e4552e5
+    @T..0fff8d26
+    pu..ee806e78
+      ..71dcc318
+      ..34185638
+      ..2d1ddbaa
+    }..4f0baee8
+..4cfb16c0
+    @S..3e4552e5
+    @T..0fff8d26
+    pu..79054300
+      ..34185638
+      ..2d1ddbaa
+    }..4f0baee8
+..4cfb16c0
+    @S..3e4552e5
+    @T..0fff8d26
+    pu..2f864733
+      ..00eeaea4
+      ..f524d475
+      ..2d1ddbaa
+    }..4f0baee8
+..4cfb16c0
+    @S..3e4552e5
+    @T..0fff8d26
+    pu..dab775bf
+      ..4ab6e711
+      ..f524d475
+      ..2d1ddbaa
+    }..4f0baee8
+..4cfb16c0
+    @S..3e4552e5
+    @T..0fff8d26
+    pu..8e62d715
+      ..12a61c62
+      ..f524d475
+      ..2d1ddbaa
+    }..4f0baee8
+}..9aaacfae
+..4cfb16c0
--- /de..577c3b09
+packag..2ca5059f
+..4cfb16c0
+import..b2d684ec
+import..1dca3d3a
+import..ec883e2d
+import..0528a320
+import..472fe2fe
+import..44706da4
+import..3ccd947a
+import..32145892
+import..885792ca
+import..a1073b99
+import..9f460e95
+import..4077d21b
+import..b3e2bb38
+import..a7c81559
+import..1bde0e53
+import..101b2009
+import..316c007c
+import..0afbfafa
+..4cfb16c0
+import..6c833972
+import..6316ef63
+import..02c7c00e
+..4cfb16c0
+import..83aebe65
+..4cfb16c0
+@RunWi..d6fb68f5
+@Power..780e1c6f
+@Prepa..f3e3d205
+public..1b5ba247
+..4cfb16c0
+    pr..ed2d7315
+    pr..d920704f
+..4cfb16c0
+    @M..2b504672
+    pr..2f352f44
+    pu..80b5c468
+..4cfb16c0
+    @S..52cda991
+    @B..8a6866b2
+    pu..603ee4bc
+      ..8c797280
+..4cfb16c0
+      ..4c7b5e1a
+      ..cc64503b
+      ..7bb061be
+      ..e835f73f
+      ..b4c7b21b
+      ..dbc4655a
+      ..67d07fd2
+      ..7bb061be
+      ..8e30dac5
+      ..dbc4655a
+      ..e134a678
+      ..d0a1c47a
+..4cfb16c0
+      ..35e794c3
+    }..4f0baee8
+..4cfb16c0
+    @T..0fff8d26
+    pu..c5b4c885
+      ..35e794c3
+      ..12fe7371
+    }..4f0baee8
+..4cfb16c0
+    @T..0fff8d26
+    pu..045c8986
+      ..55ec84e3
+..4cfb16c0
+      ..c4833203
+      ..ec1d5e3b
+    }..4f0baee8
+..4cfb16c0
+    @T..0fff8d26
+    pu..8d01516a
+      ..f6afd3ad
+..4cfb16c0
+      ..c4833203
+      ..ec1d5e3b
+    }..4f0baee8
+..4cfb16c0
+    @T..0fff8d26
+    pu..76e3f2bb
+      ..a9a420ea
+      ..21cb7bd7
+      ..180c6ace
+..4cfb16c0
+      ..8d2bfd40
+      ..200c638a
+..4cfb16c0
+      ..c4833203
+      ..ec1d5e3b
+..4cfb16c0
+      ..b6ca9c4f
+      ..0f02151a
+    }..4f0baee8
+..4cfb16c0
+    @T..0fff8d26
+    pu..47f28f01
+      ..1dfacaac
+      ..8523bbf2
+      ..fbddda33
+      ..35899b49
+      ..21cb7bd7
+      ..180c6ace
+..4cfb16c0
+      ..8d2bfd40
+      ..200c638a
+..4cfb16c0
+      ..c4833203
+      ..ec1d5e3b
+..4cfb16c0
+      ..b6ca9c4f
+      ..0f02151a
+    }..4f0baee8
+..4cfb16c0
+    @T..0fff8d26
+    pu..fd2152c2
+      ..21cb7bd7
+      ..180c6ace
+      ..cac9ff06
+..4cfb16c0
+      ..8d2bfd40
+      ..40229b5a
+      ..001f4af6
+      ..95d2f469
+..4cfb16c0
+      ..c4833203
+      ..ec1d5e3b
+..4cfb16c0
+      ..b6ca9c4f
+      ..0f02151a
+      ..df31472e
+    }..4f0baee8
+..4cfb16c0
+    @T..0fff8d26
+    pu..5ba700a7
+      ..21cb7bd7
+      ..180c6ace
+      ..cac9ff06
+..4cfb16c0
+      ..8d2bfd40
+      ..40229b5a
+      ..3b8033e5
+      ..960eaa4f
+      ..910422a1
+..4cfb16c0
+      ..c4833203
+      ..1abd2a2a
+..4cfb16c0
+      ..b6ca9c4f
+      ..b6ca9c4f
+      ..0f02151a
+      ..df31472e
+    }..4f0baee8
+..4cfb16c0
+    @T..0fff8d26
+    pu..bceb0209
+      ..21cb7bd7
+      ..180c6ace
+      ..cac9ff06
+..4cfb16c0
+      ..8d2bfd40
+      ..40229b5a
+      ..3b8033e5
+      ..960eaa4f
+      ..910422a1
+..4cfb16c0
+      ..c4833203
+      ..1abd2a2a
+..4cfb16c0
+      ..19a84dfa
+      ..1abd2a2a
+..4cfb16c0
+      ..b6ca9c4f
+      ..b6ca9c4f
+      ..054be3bc
+      ..df31472e
+    }..4f0baee8
+..4cfb16c0
+    @S..3e4552e5
+    @T..0fff8d26
+    pu..c43d2a6b
+      ..97e0e88a
+      ..cd6da1e4
+    }..4f0baee8
+..4cfb16c0
+    @T..0fff8d26
+    pu..2c225a2c
+      ..21cb7bd7
+..4cfb16c0
+      ..180c6ace
+      ..cac9ff06
+..4cfb16c0
+      ..8d2bfd40
+      ..40229b5a
+      ..3b8033e5
+      ..960eaa4f
+      ..910422a1
+..4cfb16c0
+      ..c4833203
+      ..1abd2a2a
+..4cfb16c0
+      ..571af518
+      ..24ffcb46
+..4cfb16c0
+      ..b6ca9c4f
+      ..0f02151a
+      ..df31472e
+    }..4f0baee8
+..4cfb16c0
+    @S..e17f7118
+    @T..0fff8d26
+    pu..58c32b91
+      ..21cb7bd7
+      ..180c6ace
+      ..cac9ff06
+..4cfb16c0
+      ..8d2bfd40
+      ..40229b5a
+      ..3b8033e5
+      ..960eaa4f
+      ..910422a1
+      ..74d967ae
+..4cfb16c0
+      ..c4833203
+      ..1abd2a2a
+..4cfb16c0
+      ..3be31689
+      ..a2dc87fd
+..4cfb16c0
+      ..b6ca9c4f
+      ..0f02151a
+      ..df31472e
+      ..3c45b74f
+    }..4f0baee8
+..4cfb16c0
+    @S..e17f7118
+    @T..0fff8d26
+    pu..07c90b7f
+      ..21cb7bd7
+      ..180c6ace
+      ..cac9ff06
+..4cfb16c0
+      ..8d2bfd40
+      ..40229b5a
+      ..3b8033e5
+      ..960eaa4f
+      ..910422a1
+      ..74d967ae
+..4cfb16c0
+      ..c4833203
+      ..1abd2a2a
+..4cfb16c0
+      ..ddd01a21
+      ..c8f5b718
+..4cfb16c0
+      ..fdf58eb1
+      ..24d2d9f5
+..4cfb16c0
+      ..b6ca9c4f
+      ..0f02151a
+      ..df31472e
+      ..3c45b74f
+    }..4f0baee8
+..4cfb16c0
+    @S..e17f7118
+    @T..0fff8d26
+    pu..e06c818c
+      ..21cb7bd7
+      ..180c6ace
+      ..cac9ff06
+..4cfb16c0
+      ..8d2bfd40
+      ..40229b5a
+      ..3b8033e5
+      ..960eaa4f
+      ..910422a1
+      ..74d967ae
+..4cfb16c0
+      ..c4833203
+      ..1abd2a2a
+..4cfb16c0
+      ..4ba3c6b7
+      ..03083789
+      ..a2dc87fd
+..4cfb16c0
+      ..b6ca9c4f
+      ..0f02151a
+      ..df31472e
+      ..3c45b74f
+    }..4f0baee8
+..4cfb16c0
+    @S..e17f7118
+    @T..0fff8d26
+    pu..828dea7e
+      ..21cb7bd7
+      ..180c6ace
+      ..cac9ff06
+..4cfb16c0
+      ..8d2bfd40
+      ..40229b5a
+      ..3b8033e5
+      ..960eaa4f
+      ..910422a1
+      ..74d967ae
+..4cfb16c0
+      ..c4833203
+      ..1abd2a2a
+..4cfb16c0
+      ..e98cf108
+      ..c0b724c0
+      ..8aff1526
+..4cfb16c0
+      ..b6ca9c4f
+      ..0f02151a
+      ..df31472e
+      ..3c45b74f
+    }..4f0baee8
+..4cfb16c0
+    @S..e17f7118
+    @T..0fff8d26
+    pu..cfa33d69
+      ..21cb7bd7
+      ..180c6ace
+      ..cac9ff06
+..4cfb16c0
+      ..8d2bfd40
+      ..40229b5a
+      ..3b8033e5
+      ..960eaa4f
+      ..910422a1
+      ..74d967ae
+..4cfb16c0
+      ..c4833203
+      ..1abd2a2a
+..4cfb16c0
+      ..e98cf108
+      ..42ca89bc
+      ..b86e85f8
+..4cfb16c0
+      ..b6ca9c4f
+      ..0f02151a
+      ..df31472e
+      ..3c45b74f
+    }..4f0baee8
+..4cfb16c0
+    @T..0fff8d26
+    pu..727fe485
+      ..21cb7bd7
+..4cfb16c0
+      ..180c6ace
+      ..cac9ff06
+..4cfb16c0
+      ..8d2bfd40
+      ..40229b5a
+      ..3b8033e5
+      ..960eaa4f
+      ..910422a1
+..4cfb16c0
+      ..c4833203
+      ..1abd2a2a
+..4cfb16c0
+      ..6a9514c1
+..4cfb16c0
+      ..b6ca9c4f
+      ..0f02151a
+      ..df31472e
+    }..4f0baee8
+..4cfb16c0
+    @T..0fff8d26
+    pu..8f81b1c0
+      ..21cb7bd7
+      ..180c6ace
+      ..cac9ff06
+..4cfb16c0
+      ..8d2bfd40
+      ..40229b5a
+      ..3b8033e5
+      ..960eaa4f
+      ..910422a1
+..4cfb16c0
+      ..c4833203
+      ..1abd2a2a
+..4cfb16c0
+      ..1297916b
+..4cfb16c0
+      ..b6ca9c4f
+      ..0f02151a
+      ..df31472e
+    }..4f0baee8
+..4cfb16c0
+    @S..e17f7118
+    @T..0fff8d26
+    pu..e678cae6
+      ..21cb7bd7
+      ..180c6ace
+      ..cac9ff06
+..4cfb16c0
+      ..8d2bfd40
+      ..40229b5a
+      ..3b8033e5
+      ..960eaa4f
+      ..910422a1
+      ..74d967ae
+..4cfb16c0
+      ..c4833203
+      ..1abd2a2a
+..4cfb16c0
+      ..3be31689
+      ..a2dc87fd
+..4cfb16c0
+      ..1297916b
+..4cfb16c0
+      ..b6ca9c4f
+      ..0f02151a
+      ..df31472e
+      ..dab71e40
+    }..4f0baee8
+..4cfb16c0
+    @T..0fff8d26
+    pu..5febb2f0
+      ..21cb7bd7
+      ..180c6ace
+      ..cac9ff06
+..4cfb16c0
+      ..8d2bfd40
+      ..40229b5a
+      ..3b8033e5
+      ..960eaa4f
+      ..910422a1
+..4cfb16c0
+      ..c4833203
+      ..1abd2a2a
+..4cfb16c0
+      ..7bac8973
+      ..e463b0ac
+..4cfb16c0
+      ..b6ca9c4f
+      ..0f02151a
+      ..df31472e
+    }..4f0baee8
+..4cfb16c0
+    @S..e17f7118
+    @T..0fff8d26
+    pu..09ea3129
+      ..21cb7bd7
+      ..180c6ace
+      ..cac9ff06
+..4cfb16c0
+      ..8d2bfd40
+      ..40229b5a
+      ..3b8033e5
+      ..960eaa4f
+      ..910422a1
+      ..74d967ae
+..4cfb16c0
+      ..c4833203
+      ..1abd2a2a
+..4cfb16c0
+      ..5771b58f
+      ..e463b0ac
+..4cfb16c0
+      ..b6ca9c4f
+      ..0f02151a
+      ..df31472e
+      ..3c45b74f
+    }..4f0baee8
+..4cfb16c0
+    @T..0fff8d26
+    pu..5d965716
+      ..21cb7bd7
+..4cfb16c0
+      ..180c6ace
+      ..cac9ff06
+..4cfb16c0
+      ..8d2bfd40
+      ..40229b5a
+      ..3b8033e5
+      ..960eaa4f
+      ..910422a1
+..4cfb16c0
+      ..c4833203
+      ..1abd2a2a
+..4cfb16c0
+      ..7bac8973
+      ..00be0611
+..4cfb16c0
+      ..b6ca9c4f
+      ..0f02151a
+      ..df31472e
+    }..4f0baee8
+..4cfb16c0
+    @S..e17f7118
+    @T..0fff8d26
+    pu..1f5859a2
+      ..21cb7bd7
+      ..180c6ace
+      ..cac9ff06
+..4cfb16c0
+      ..8d2bfd40
+      ..40229b5a
+      ..3b8033e5
+      ..960eaa4f
+      ..910422a1
+      ..74d967ae
+..4cfb16c0
+      ..c4833203
+      ..1abd2a2a
+..4cfb16c0
+      ..5771b58f
+      ..00be0611
+..4cfb16c0
+      ..b6ca9c4f
+      ..0f02151a
+      ..df31472e
+      ..3c45b74f
+    }..4f0baee8
+}..9aaacfae
--- /de..577c3b09
+packag..2ca5059f
+..4cfb16c0
+import..5712e974
+import..3e23110f
+import..a7ccd438
+import..b7e0b03b
+import..ddac64a7
+import..cd35ca6c
+import..9d4035a5
+import..ec883e2d
+import..3ccd947a
+import..8c77a02e
+import..18e3f144
+import..a1073b99
+import..9f460e95
+import..4077d21b
+import..b3e2bb38
+import..a7c81559
+import..1bde0e53
+import..101b2009
+import..316c007c
+import..0afbfafa
+..4cfb16c0
+import..6c833972
+import..cff86cc6
+import..6316ef63
+import..6e2cbe20
+..4cfb16c0
+import..83aebe65
+..4cfb16c0
+@RunWi..d6fb68f5
+@Power..780e1c6f
+@Prepa..02290c62
+public..76ac4a2a
+..4cfb16c0
+    pr..bde75869
+..4cfb16c0
+    @M..2b504672
+    pr..2f352f44
+    pr..3936ef1c
+    pr..fff9875e
+..4cfb16c0
+    @S..52cda991
+    @B..8a6866b2
+    pu..603ee4bc
+      ..34a16b35
+      ..e5309e22
+      ..d165ddc2
+      ..35899b49
+      ..70d706e9
+      ..cc64503b
+      ..7bb061be
+      ..e835f73f
+      ..b4c7b21b
+      ..dbc4655a
+      ..67d07fd2
+      ..7bb061be
+      ..8e30dac5
+      ..dbc4655a
+      ..e134a678
+..4cfb16c0
+      ..967be513
+    }..4f0baee8
+..4cfb16c0
+    @T..0fff8d26
+    pu..c5b4c885
+      ..967be513
+      ..87d04146
+    }..4f0baee8
+..4cfb16c0
+    @T..0fff8d26
+    pu..49ba189b
+      ..1a83da7c
+..4cfb16c0
+      ..8b2f5a6b
+      ..ec1d5e3b
+    }..4f0baee8
+..4cfb16c0
+    @S..52cda991
+    @T..0fff8d26
+    pu..eb207b9d
+      ..70d706e9
+      ..cc64503b
+      ..67d07fd2
+      ..7bb061be
+      ..b4924bda
+      ..dbc4655a
+      ..e134a678
+..4cfb16c0
+      ..8b2f5a6b
+      ..ec1d5e3b
+    }..4f0baee8
+..4cfb16c0
+    @S..60dad6ec
+    @T..0fff8d26
+    pu..91074223
+      ..70d706e9
+      ..071f06a0
+      ..6b56a789
+      ..7bb061be
+      ..b4924bda
+      ..dbc4655a
+      ..e134a678
+..4cfb16c0
+      ..8b2f5a6b
+      ..ec1d5e3b
+    }..4f0baee8
+..4cfb16c0
+    @S..52cda991
+    @T..0fff8d26
+    pu..129b47cb
+      ..70d706e9
+      ..cc64503b
+      ..7bb061be
+      ..ec90abc9
+      ..4d697780
+      ..dbc4655a
+      ..67d07fd2
+      ..e134a678
+..4cfb16c0
+      ..8b2f5a6b
+      ..ec1d5e3b
+    }..4f0baee8
+..4cfb16c0
+    @S..60dad6ec
+    @T..0fff8d26
+    pu..61c04b3b
+      ..70d706e9
+      ..cc64503b
+      ..7bb061be
+      ..ec90abc9
+      ..4d697780
+      ..dbc4655a
+      ..0ad40fc2
+..4cfb16c0
+      ..8b2f5a6b
+      ..ec1d5e3b
+    }..4f0baee8
+..4cfb16c0
+..4cfb16c0
+    @S..52cda991
+    @T..0fff8d26
+    pu..9585de8f
+      ..70d706e9
+      ..cc64503b
+      ..7bb061be
+      ..ec90abc9
+      ..4d697780
+      ..dbc4655a
+      ..67d07fd2
+      ..7bb061be
+      ..b4924bda
+      ..dbc4655a
+      ..e134a678
+..4cfb16c0
+      ..8b2f5a6b
+      ..ec1d5e3b
+    }..4f0baee8
+..4cfb16c0
+    @S..52cda991
+    @T..0fff8d26
+    pu..74a29c63
+      ..70d706e9
+      ..cc64503b
+      ..7bb061be
+      ..3136bcc0
+      ..4d697780
+      ..dbc4655a
+      ..67d07fd2
+      ..7bb061be
+      ..b4924bda
+      ..dbc4655a
+      ..e134a678
+..4cfb16c0
+      ..8b2f5a6b
+      ..ec1d5e3b
+    }..4f0baee8
+..4cfb16c0
+    @S..52cda991
+    @T..0fff8d26
+    pu..6fdf465f
+      ..70d706e9
+      ..cc64503b
+      ..7bb061be
+      ..e835f73f
+      ..f0cacaa9
+      ..dbc4655a
+      ..67d07fd2
+      ..7bb061be
+      ..b4924bda
+      ..dbc4655a
+      ..e134a678
+..4cfb16c0
+      ..8b2f5a6b
+      ..ec1d5e3b
+    }..4f0baee8
+..4cfb16c0
+    @S..52cda991
+    @T..0fff8d26
+    pu..25daa450
+      ..70d706e9
+      ..cc64503b
+      ..7bb061be
+      ..e835f73f
+      ..a87fbcc2
+      ..dbc4655a
+      ..67d07fd2
+      ..7bb061be
+      ..b4924bda
+      ..dbc4655a
+      ..e134a678
+..4cfb16c0
+      ..8b2f5a6b
+      ..ec1d5e3b
+    }..4f0baee8
+..4cfb16c0
+    @S..52cda991
+    @T..0fff8d26
+    pu..6cd51d58
+      ..70d706e9
+      ..cc64503b
+      ..7bb061be
+      ..e835f73f
+      ..b4c7b21b
+      ..dbc4655a
+      ..67d07fd2
+      ..7bb061be
+      ..7ff2a184
+      ..dbc4655a
+      ..e134a678
+..4cfb16c0
+      ..8b2f5a6b
+      ..ec1d5e3b
+    }..4f0baee8
+..4cfb16c0
+    @S..52cda991
+    @T..0fff8d26
+    pu..292d531b
+      ..70d706e9
+      ..cc64503b
+      ..7bb061be
+      ..e835f73f
+      ..b4c7b21b
+      ..dbc4655a
+      ..67d07fd2
+      ..7bb061be
+      ..4a01b991
+      ..dbc4655a
+      ..e134a678
+..4cfb16c0
+      ..8b2f5a6b
+      ..ec1d5e3b
+    }..4f0baee8
+..4cfb16c0
+    @T..0fff8d26
+    pu..81b8a610
+      ..3653e7ab
+      ..7a29ab80
+      ..63b17049
+..4cfb16c0
+      ..623c0685
+      ..a36222ab
+      ..e71b129e
+      ..d86a0ef6
+      ..7331c25f
+      ..b43f4532
+      ..69e5859c
+..4cfb16c0
+      ..8b2f5a6b
+      ..1abd2a2a
+..4cfb16c0
+      ..64d8fc0f
+      ..7a1f0407
+      ..83427a78
+      ..f9e0b968
+      ..675ec5f0
+      ..d799144c
+      ..3f75910f
+    }..4f0baee8
+..4cfb16c0
+    @T..0fff8d26
+    pu..a3a6ac24
+      ..8b2f5a6b
+      ..1abd2a2a
+..4cfb16c0
+      ..090851d9
+      ..881a83c8
+    }..4f0baee8
+..4cfb16c0
+    @T..0fff8d26
+    pu..537d85de
+      ..8b2f5a6b
+      ..1abd2a2a
+..4cfb16c0
+      ..4744f985
+      ..881a83c8
+    }..4f0baee8
+..4cfb16c0
+    @T..0fff8d26
+    pu..1ef6ab05
+      ..8b2f5a6b
+      ..1abd2a2a
+..4cfb16c0
+      ..4744f985
+      ..30fe0414
+      ..881a83c8
+    }..4f0baee8
+}..9aaacfae
--- /de..577c3b09
+packag..fd6a6203
+..4cfb16c0
+import..83aebe65
+..4cfb16c0
+import..02c7c00e
+import..cdc536a5
+import..08e6fffd
+import..1e0e512a
+..4cfb16c0
+import..a1073b99
+import..9f460e95
+..4cfb16c0
+import..601958bf
+import..8ff36d8d
+import..e8d4df56
+import..b6671d44
+import..3807cced
+..4cfb16c0
+/**..f0a77d17
+ * Cal..ad5231be
+ * usu..1814d873
+ */..89c52169
+public..7646fdf3
+..4cfb16c0
+    pr..671f3412
+    pr..91419205
+..4cfb16c0
+    @O..b11a2b01
+    @B..8a6866b2
+    pu..603ee4bc
+      ..ea24d4f6
+      ..d32431dd
+      ..6ce55ef8
+      ..bb66c27e
+      ..3efef2fe
+      ..cd908bdc
+      ..ada01ee0
+    }..4f0baee8
+    @T..0fff8d26
+    pu..47f8989f
+      ..c16505f5
+      ..fccf5d49
+..4cfb16c0
+      ..53d3000a
+      ..cab3afa5
+..4cfb16c0
+      ..f821c5df
+      ..7747836b
+      ..009429b6
+      ..2d0021ad
+      ..da22a295
+      ..57a41fa2
+      ..8676adcd
+      ..bac2a76b
+      ..b4a1c27d
+      ..35c4c063
+      ..f343c289
+      ..331f4e2b
+      ..85388025
+      ..328402c9
+      ..be07e248
+      ..9bbed269
+      ..6886aff3
+    }..4f0baee8
+..4cfb16c0
+    @T..0fff8d26
+    pu..a29c0fab
+      ..a878f306
+      ..fccf5d49
+..4cfb16c0
+      ..48a04620
+      ..25c2e9f0
+      ..15b4640b
+..4cfb16c0
+      ..68357a32
+      ..f821c5df
+      ..7747836b
+      ..009429b6
+      ..2d0021ad
+      ..da22a295
+      ..57a41fa2
+      ..8676adcd
+      ..bac2a76b
+      ..b4a1c27d
+      ..35c4c063
+      ..f343c289
+      ..331f4e2b
+      ..85388025
+      ..328402c9
+      ..be07e248
+      ..9bbed269
+      ..6886aff3
+    }..4f0baee8
+..4cfb16c0
+    @T..0fff8d26
+    pu..691ed5ac
+      ..c16505f5
+      ..fccf5d49
+..4cfb16c0
+      ..aedcbde5
+      ..c86634e1
+      ..9f80ffad
+      ..254ad607
+      ..bb146f09
+      ..7191156f
+      ..6fbd04f7
+..4cfb16c0
+      ..554c3892
+..4cfb16c0
+      ..754e5607
+      ..87f7e1cb
+      ..0b3d37e3
+      ..d28d8681
+      ..7d9c113a
+      ..a089da03
+      ..b2afd401
+      ..81a85076
+      ..f566c611
+      ..a81ee3d7
+      ..15db390d
+      ..2f753125
+      ..958d9351
+      ..6993f582
+      ..cfa30973
+      ..d9eb498f
+..4cfb16c0
+      ..bc5fcc3d
+      ..1abd2a2a
+    }..4f0baee8
+..4cfb16c0
+    @T..0fff8d26
+    pu..bda23aa5
+      ..a878f306
+      ..fccf5d49
+..4cfb16c0
+      ..b3e2d5fc
+      ..4c6b153d
+      ..ba90f391
+      ..e447e0f6
+..4cfb16c0
+      ..8a462a12
+      ..254ad607
+      ..bb146f09
+      ..7191156f
+      ..6fbd04f7
+..4cfb16c0
+      ..554c3892
+      ..770c8995
+      ..2be4ce15
+      ..67496874
+..4cfb16c0
+      ..2863555f
+      ..87f7e1cb
+      ..0b3d37e3
+      ..d28d8681
+      ..7d9c113a
+      ..a089da03
+      ..b2afd401
+      ..81a85076
+      ..f566c611
+      ..a81ee3d7
+      ..15db390d
+      ..2f753125
+      ..958d9351
+      ..6993f582
+      ..cfa30973
+      ..d9eb498f
+..4cfb16c0
+      ..98ef7172
+      ..23fa5cef
+      ..d3c1551f
+      ..aa111304
+    }..4f0baee8
+..4cfb16c0
+    @T..0fff8d26
+    pu..4d6af3cd
+      ..c16505f5
+      ..fccf5d49
+..4cfb16c0
+      ..aedcbde5
+      ..c86634e1
+      ..9f80ffad
+      ..254ad607
+      ..bb146f09
+      ..7191156f
+      ..6fbd04f7
+..4cfb16c0
+      ..554c3892
+..4cfb16c0
+      ..bc5fcc3d
+      ..1abd2a2a
+    }..4f0baee8
+..4cfb16c0
+    @T..0fff8d26
+    pu..1eae9132
+      ..a878f306
+      ..fccf5d49
+..4cfb16c0
+      ..b3e2d5fc
+      ..4c6b153d
+      ..ba90f391
+      ..e447e0f6
+..4cfb16c0
+      ..8a462a12
+      ..254ad607
+      ..bb146f09
+      ..7191156f
+      ..6fbd04f7
+..4cfb16c0
+      ..554c3892
+..4cfb16c0
+      ..98ef7172
+      ..23fa5cef
+      ..d3c1551f
+      ..aa111304
+    }..4f0baee8
+..4cfb16c0
+    @T..0fff8d26
+    pu..20030196
+      ..c16505f5
+      ..fccf5d49
+..4cfb16c0
+      ..aedcbde5
+      ..c86634e1
+      ..9f80ffad
+      ..254ad607
+      ..bb146f09
+      ..7191156f
+      ..6fbd04f7
+..4cfb16c0
+      ..554c3892
+..4cfb16c0
+      ..eaf35fc4
+      ..bc90831b
+..4cfb16c0
+      ..87f7e1cb
+      ..0b3d37e3
+      ..d28d8681
+      ..7d9c113a
+      ..a089da03
+      ..b2afd401
+      ..81a85076
+      ..f566c611
+      ..a81ee3d7
+      ..15db390d
+      ..2f753125
+      ..958d9351
+      ..6993f582
+      ..cfa30973
+      ..d9eb498f
+..4cfb16c0
+      ..bc5fcc3d
+      ..1abd2a2a
+    }..4f0baee8
+..4cfb16c0
+    @T..0fff8d26
+    pu..c2f7086d
+      ..a878f306
+      ..fccf5d49
+..4cfb16c0
+      ..b3e2d5fc
+      ..4c6b153d
+      ..ba90f391
+      ..e447e0f6
+..4cfb16c0
+      ..8a462a12
+      ..254ad607
+      ..bb146f09
+      ..7191156f
+      ..6fbd04f7
+..4cfb16c0
+      ..554c3892
+..4cfb16c0
+      ..eaf35fc4
+      ..562d4ebc
+..4cfb16c0
+      ..2863555f
+      ..87f7e1cb
+      ..0b3d37e3
+      ..d28d8681
+      ..7d9c113a
+      ..a089da03
+      ..b2afd401
+      ..81a85076
+      ..f566c611
+      ..a81ee3d7
+      ..15db390d
+      ..2f753125
+      ..958d9351
+      ..6993f582
+      ..cfa30973
+      ..d9eb498f
+..4cfb16c0
+      ..98ef7172
+      ..23fa5cef
+      ..d3c1551f
+      ..aa111304
+    }..4f0baee8
+..4cfb16c0
+    @T..0fff8d26
+    pu..8c6ea07e
+      ..c16505f5
+      ..fccf5d49
+..4cfb16c0
+      ..aedcbde5
+      ..c86634e1
+      ..9f80ffad
+      ..254ad607
+      ..bb146f09
+      ..7191156f
+      ..6fbd04f7
+..4cfb16c0
+      ..554c3892
+..4cfb16c0
+      ..bc5fcc3d
+      ..1abd2a2a
+    }..4f0baee8
+..4cfb16c0
+    @T..0fff8d26
+    pu..936f1328
+      ..a878f306
+      ..fccf5d49
+..4cfb16c0
+      ..b3e2d5fc
+      ..4c6b153d
+      ..ba90f391
+      ..e447e0f6
+..4cfb16c0
+      ..8a462a12
+      ..254ad607
+      ..bb146f09
+      ..7191156f
+      ..6fbd04f7
+..4cfb16c0
+      ..554c3892
+..4cfb16c0
+      ..98ef7172
+      ..23fa5cef
+      ..d3c1551f
+      ..aa111304
+    }..4f0baee8
+..4cfb16c0
+}..9aaacfae
--- /de..577c3b09
+packag..d42e8c33
+..4cfb16c0
+import..83aebe65
+..4cfb16c0
+import..02c7c00e
+import..08e6fffd
+import..1e0e512a
+..4cfb16c0
+import..9f460e95
+..4cfb16c0
+import..601958bf
+import..a10fb344
+import..b5a6043a
+import..a0b1886a
+import..4d6d281d
+import..ef54c0d4
+..4cfb16c0
+/**..f0a77d17
+ * Cal..ad5231be
+ * usu..1814d873
+ */..89c52169
+public..da615e57
+..4cfb16c0
+    @T..0fff8d26
+    pu..5abc8f4f
+      ..24951556
+      ..48ed3201
+..4cfb16c0
+      ..b66c50c2
+      ..ce810b8b
+..4cfb16c0
+      ..e76b7997
+      ..76008b26
+      ..462e07bf
+      ..b2f1f3da
+      ..868f3e41
+      ..d50af76e
+      ..bfb22e21
+      ..304b3ef7
+      ..6886aff3
+    }..4f0baee8
+..4cfb16c0
+    @T..0fff8d26
+    pu..45900ac1
+      ..17ac093f
+      ..48ed3201
+..4cfb16c0
+      ..c8688d09
+      ..c2230905
+      ..196ec972
+..4cfb16c0
+      ..823a7ad8
+      ..e76b7997
+      ..76008b26
+      ..462e07bf
+      ..b2f1f3da
+      ..868f3e41
+      ..d50af76e
+      ..bfb22e21
+      ..304b3ef7
+      ..6886aff3
+    }..4f0baee8
+..4cfb16c0
+    @T..0fff8d26
+    pu..bb1ea60a
+      ..24951556
+      ..48ed3201
+..4cfb16c0
+      ..741cc883
+      ..40e7ede0
+      ..babdbab5
+      ..b3828ec8
+      ..ffb76f3f
+..4cfb16c0
+      ..888e612a
+..4cfb16c0
+      ..83496619
+      ..7ce21724
+      ..8d6eee8a
+      ..8b8c6486
+      ..16d75c06
+      ..9c62a6bb
+      ..66fdfc0e
+      ..15e13af4
+    }..4f0baee8
+..4cfb16c0
+    @T..0fff8d26
+    pu..8b504b84
+      ..17ac093f
+      ..48ed3201
+..4cfb16c0
+      ..741cc883
+      ..6c7d2ebe
+      ..da3f2a62
+      ..ccef0e5f
+      ..ae6e7a2d
+      ..0b648bcc
+..4cfb16c0
+      ..64781b70
+..4cfb16c0
+      ..aeddd099
+      ..6af6f32a
+..4cfb16c0
+      ..7ce21724
+      ..8d6eee8a
+      ..8b8c6486
+      ..16d75c06
+      ..9c62a6bb
+      ..66fdfc0e
+      ..15e13af4
+..4cfb16c0
+    }..4f0baee8
+..4cfb16c0
+    @T..0fff8d26
+    pu..585f2984
+      ..24951556
+      ..48ed3201
+..4cfb16c0
+      ..741cc883
+      ..40e7ede0
+      ..babdbab5
+..4cfb16c0
+      ..b3828ec8
+      ..ffb76f3f
+      ..bd1e3bd8
+      ..7a39578a
+      ..4ca9cd2b
+      ..004f883c
+      ..efb50bc8
+..4cfb16c0
+      ..8150d2c3
+    }..4f0baee8
+..4cfb16c0
+    @T..0fff8d26
+    pu..0dfb615c
+      ..17ac093f
+      ..48ed3201
+..4cfb16c0
+      ..86cde192
+      ..64c66037
+      ..6c7d2ebe
+      ..da3f2a62
+      ..ccef0e5f
+..4cfb16c0
+      ..9c83f443
+      ..b3828ec8
+      ..ffb76f3f
+      ..bd1e3bd8
+      ..7a39578a
+      ..4ca9cd2b
+      ..004f883c
+      ..efb50bc8
+..4cfb16c0
+      ..8150d2c3
+    }..4f0baee8
+..4cfb16c0
+    @T..0fff8d26
+    pu..e617deb5
+      ..24951556
+      ..48ed3201
+..4cfb16c0
+      ..741cc883
+      ..40e7ede0
+      ..babdbab5
+..4cfb16c0
+      ..b3828ec8
+      ..ffb76f3f
+      ..bd1e3bd8
+      ..7a39578a
+      ..4ca9cd2b
+      ..004f883c
+      ..efb50bc8
+      ..8150d2c3
+..4cfb16c0
+      ..888e612a
+..4cfb16c0
+      ..801efe02
+      ..b2a75544
+      ..7ce21724
+      ..8d6eee8a
+      ..8b8c6486
+      ..16d75c06
+      ..9c62a6bb
+      ..66fdfc0e
+      ..15e13af4
+    }..4f0baee8
+..4cfb16c0
+    @T..0fff8d26
+    pu..5882feee
+      ..17ac093f
+      ..48ed3201
+..4cfb16c0
+      ..86cde192
+      ..64c66037
+      ..6c7d2ebe
+      ..da3f2a62
+      ..ccef0e5f
+..4cfb16c0
+      ..9c83f443
+      ..b3828ec8
+      ..ffb76f3f
+      ..bd1e3bd8
+      ..7a39578a
+      ..4ca9cd2b
+      ..004f883c
+      ..efb50bc8
+      ..8150d2c3
+..4cfb16c0
+      ..888e612a
+..4cfb16c0
+      ..801efe02
+      ..efca8998
+      ..6af6f32a
+..4cfb16c0
+      ..7ce21724
+      ..8d6eee8a
+      ..8b8c6486
+      ..16d75c06
+      ..9c62a6bb
+      ..66fdfc0e
+      ..15e13af4
+    }..4f0baee8
+..4cfb16c0
+    @T..0fff8d26
+    pu..d22e5aea
+      ..24951556
+      ..48ed3201
+..4cfb16c0
+      ..741cc883
+      ..40e7ede0
+      ..babdbab5
+      ..b3828ec8
+      ..ffb76f3f
+      ..bd1e3bd8
+      ..7a39578a
+      ..4ca9cd2b
+      ..004f883c
+      ..efb50bc8
+      ..8150d2c3
+..4cfb16c0
+      ..635ccc0a
+      ..9961673c
+      ..9d4b93e4
+..4cfb16c0
+      ..99622d68
+..4cfb16c0
+      ..ed87dab1
+      ..b9e7e2ce
+      ..ec3de3f7
+    }..4f0baee8
+..4cfb16c0
+    @T..0fff8d26
+    pu..ea6056bb
+      ..17ac093f
+      ..48ed3201
+..4cfb16c0
+      ..741cc883
+      ..6c7d2ebe
+      ..da3f2a62
+      ..ccef0e5f
+..4cfb16c0
+      ..9c83f443
+      ..b3828ec8
+      ..ffb76f3f
+      ..bd1e3bd8
+      ..7a39578a
+      ..4ca9cd2b
+      ..004f883c
+      ..efb50bc8
+      ..8150d2c3
+..4cfb16c0
+      ..635ccc0a
+      ..9961673c
+      ..9d4b93e4
+..4cfb16c0
+      ..7f37ad63
+      ..a9c39c8f
+      ..e6025c0d
+..4cfb16c0
+      ..5ed09d73
+      ..ed87dab1
+      ..b9e7e2ce
+      ..ec3de3f7
+    }..4f0baee8
+..4cfb16c0
+    @T..0fff8d26
+    pu..00401d44
+      ..24951556
+      ..48ed3201
+..4cfb16c0
+      ..078d8e29
+      ..69597791
+      ..68fa3706
+..4cfb16c0
+      ..99622d68
+      ..a0cd4a01
+    }..4f0baee8
+..4cfb16c0
+    @T..0fff8d26
+    pu..b27f0581
+      ..17ac093f
+      ..48ed3201
+..4cfb16c0
+      ..078d8e29
+      ..69597791
+      ..68fa3706
+..4cfb16c0
+      ..7f37ad63
+      ..a9c39c8f
+      ..9c542022
+..4cfb16c0
+      ..5ed09d73
+      ..a0cd4a01
+    }..4f0baee8
+}..9aaacfae