+      ..a4fc3a1a
+..b6195861
-..f31c90af
+..b6195861
-	def e..65a5a25a
-	def e..82fe88ef
-	    /..310a2475
-    	/..b4f88d00
-    	/..99fa028e
-    	/..cce5ddc7
-	    /..5728c262
-	    /..6405d086
-    	/..f142ad99
-..f31c90af
+..b6195861
-    /*..226e0507
+    /*..76ecee72
-     *..a7d19964
+     *..16aaf18e
-    */..e1fbf6a4
+    /*..76ecee72
-     *..a7d19964
+     *..16aaf18e
-    */..e1fbf6a4
+    /*..76ecee72
-     *..a7d19964
+     *..16aaf18e
-*/..65716491
-      ..2b98e211
-      ..8ac3aedc
+      ..c040ecf7
+..b6195861
+      ..63087f1f
+      ..b910c74c
+      ..5e23de25
+      ..f6616c53
+      ..5f704251
+..b6195861
+      ..c833ea99
--- /de..0053276f
+packag..13cb4959
+..b6195861
+import..9b600b45
+import..b8c527ad
+import..31b61eb2
+import..b3d6a3bf
+import..888835b4
+import..1d583214
+import..aa46b3bf
+import..3cbfeafe
+import..cce7b655
+import..640de274
+import..3c0ac9d9
+..b6195861
+import..23e64a93
+import..7667c0b0
+..b6195861
+import..ddc087c2
+..b6195861
+@RunWi..656f96d8
+@Prepa..15958c61
+      ..f6db369b
+public..95b7eefa
+..b6195861
+    @S..1018aa62
+    @T..4b54f469
+    pu..95309f78
+      ..cc2ea13d
+..b6195861
+      ..a294442d
+      ..a07eed75
+      ..e02e527f
+..b6195861
+      ..4506fbed
+      ..2b8b10e0
+      ..12d87a33
+      ..c53af4df
+      ..977d90c5
+      ..47c46b50
+..b6195861
+      ..6af341fc
+      ..2414b590
+..b6195861
+      ..3100a782
+      ..fbf2bb42
+      ..2db475d1
+      ..5be77653
+      ..e19d6810
+    }..4e5c85cb
+..b6195861
+    @T..4b54f469
+    pu..67b39789
+      ..bd566572
+      ..149f51e6
+    }..4e5c85cb
+..b6195861
+    @T..4b54f469
+    pu..c91ce190
+      ..bd566572
+      ..d54ff06b
+    }..4e5c85cb
+..b6195861
+    @T..4b54f469
+    pu..b826fd19
+      ..bd566572
+      ..62d434ac
+    }..4e5c85cb
+..b6195861
+}..6eda2c3c
--- /de..0053276f
+packag..13cb4959
+..b6195861
+import..29d6dd4e
+import..1d583214
+..b6195861
+import..ddc087c2
+..b6195861
+public..00ea6642
+..b6195861
+    pr..b4911468
+..b6195861
+    @B..6eed818d
+    pu..e9a467d5
+      ..e7db604c
+    }..4e5c85cb
+..b6195861
+    @T..4b54f469
+    pu..919b9cf3
+      ..24840579
+    }..4e5c85cb
+..b6195861
+    @T..4b54f469
+    pu..036191bc
+      ..113e9d86
+    }..4e5c85cb
+..b6195861
+}..6eda2c3c
--- /de..0053276f
+packag..13cb4959
+..b6195861
+import..b3d6a3bf
+import..29d6dd4e
+import..1d583214
+..b6195861
+import..ddc087c2
+..b6195861
+public..bd13ef42
+..b6195861
+    pr..13820a02
+..b6195861
+    @B..6eed818d
+    pu..e9a467d5
+      ..fe9dd873
+    }..4e5c85cb
+..b6195861
+    @T..4b54f469
+    pu..070c9a09
+      ..6d15e524
+    }..4e5c85cb
+..b6195861
+    @T..4b54f469
+    pu..e454056f
+      ..697316b2
+    }..4e5c85cb
+..b6195861
+    @T..4b54f469
+    pu..8a8bcb3c
+      ..330c021f
+    }..4e5c85cb
+..b6195861
+    @T..4b54f469
+    pu..924cad63
+      ..4d86431f
+    }..4e5c85cb
+..b6195861
+..b6195861
+}..6eda2c3c
--- /de..0053276f
+packag..13cb4959
+..b6195861
+import..49896482
+import..ce8d04f9
+import..29d6dd4e
+import..1d583214
+..b6195861
+import..ddc087c2
+..b6195861
+public..5b771915
+..b6195861
+    pr..3959786d
+..b6195861
+    @B..6eed818d
+    pu..e9a467d5
+      ..3ba0adbb
+    }..4e5c85cb
+..b6195861
+..b6195861
+    @T..4b54f469
+    pu..81ca5eb6
+      ..ea2e4475
+    }..4e5c85cb
+..b6195861
+    @T..4b54f469
+    pu..ec362ae9
+      ..57b59718
+    }..4e5c85cb
+..b6195861
+    @T..4b54f469
+    pu..8fe38546
+      ..91ea98f2
+    }..4e5c85cb
+..b6195861
+    @T..4b54f469
+    pu..f17f364b
+      ..be7d4223
+      ..90cd70f7
+      ..1213d425
+    }..4e5c85cb
+..b6195861
+}..6eda2c3c
--- /de..0053276f
+packag..1aea0877
+..b6195861
+import..7af3e011
+import..c8ef4e10
+import..180c2097
+import..1d583214
+..b6195861
+import..ddc087c2
+..b6195861
+public..c81f5326
+..b6195861
+    @T..4b54f469
+    pu..54cfcf15
+      ..93dd05b7
+      ..5a2381c7
+      ..d60ac371
+    }..4e5c85cb
+..b6195861
+    @T..4b54f469
+    pu..a66495c7
+      ..93dd05b7
+      ..5a2381c7
+      ..b2ca6d38
+    }..4e5c85cb
+..b6195861
+    @T..4b54f469
+    pu..51480438
+      ..001ad6e9
+      ..b2ca6d38
+    }..4e5c85cb
+..b6195861
+    @T..4b54f469
+    pu..7109b486
+      ..93dd05b7
+      ..5a2381c7
+      ..0f44d5e9
+    }..4e5c85cb
+..b6195861
+    @T..4b54f469
+    pu..f507d34e
+      ..93dd05b7
+      ..5a2381c7
+      ..c9b80b48
+    }..4e5c85cb
+..b6195861
+    @T..4b54f469
+    pu..fe00fed5
+      ..c0ea45e6
+    }..4e5c85cb
+..b6195861
+    @T..4b54f469
+    pu..f4416877
+      ..2c6d37f4
+    }..4e5c85cb
+..b6195861
+    @E..29c35c8b
+    pu..0573584f
+..b6195861
+      ..9af38725
+      ..204c8986
+      ..e6bf4b57
+      ..5f704251
+..b6195861
+    }..4e5c85cb
+}..6eda2c3c