--- /de..eebb9d31
+packag..d899f89b
+..a1e5ab59
+/**..2d7be749
+ * <p>..02650e8e
+ *..77dfcc37
+ * <p>..9295dd38
+ * An ..9ca56fe7
+ * Eac..9c294548
+ *..77dfcc37
+ * <p>..f114aefb
+ *..77dfcc37
+ * @si..e0e76e51
+ */..7e09172d
+public..a7440ce2
+..a1e5ab59
+    /*..95d55c91
+     *..1b6930c4
+     *..02dfb1ba
+     *..e04d061d
+     *..3a6249ab
+     *..384d5847
+    pu..57107f7d
+      ..510960a4
+    }..ae0e4e5b
+..a1e5ab59
+    /*..95d55c91
+     *..29239d6b
+     *..02dfb1ba
+     *..ebab7800
+     *..02dfb1ba
+     *..f6d9e6c0
+     *..02dfb1ba
+     *..502b9403
+     *..384d5847
+    pu..4a7c4450
+      ..31b2ccd7
+    }..ae0e4e5b
+..a1e5ab59
+    /*..95d55c91
+     *..8820c5a3
+     *..02dfb1ba
+     *..ebab7800
+     *..02dfb1ba
+     *..f76d468b
+     *..02dfb1ba
+     *..502b9403
+     *..384d5847
+    pu..45c6f0e6
+      ..6691054e
+    }..ae0e4e5b
+..a1e5ab59
+}..0a4507c1