--- /de..eebb9d31
+packag..d899f89b
+..a1e5ab59
+import..23256019
+import..7f134dbe
+import..f91ba464
+import..624f31a3
+import..3e276c81
+import..ff59825d
+import..84633fe7
+..a1e5ab59
+/**..2d7be749
+ * <p>..b5807d74
+ *..77dfcc37
+ * <p>..9295dd38
+ * An ..9ca56fe7
+ * Eac..9c294548
+ *..77dfcc37
+ * @si..e0e76e51
+ */..7e09172d
+public..33d0d64b
+..a1e5ab59
+    /*..95d55c91
+     *..9c2d782a
+     *..02dfb1ba
+     *..e04d061d
+     *..3a6249ab
+     *..384d5847
+    pu..00c82f44
+      ..510960a4
+    }..ae0e4e5b
+..a1e5ab59
+    /*..95d55c91
+     *..2fa35289
+     *..f9ed9caa
+     *..10c9165e
+     *..02dfb1ba
+     *..190e2916
+     *..02dfb1ba
+     *..78f9637b
+     *..02dfb1ba
+     *..215ee6b3
+     *..1e9fb845
+     *..0f4d3db8
+     *..502b9403
+     *..384d5847
+    pu..3d32a98c
+      ..bcfda86e
+..a1e5ab59
+      ..33c100c2
+      ..e9a069d1
+      ..9dfa44b9
+      ..0917532b
+      ..b0d0fc0e
+      ..6d26fd6a
+      ..f39d0ec0
+      ..d4b7f35b
+..a1e5ab59
+      ..f27e5f77
+      ..209db09c
+      ..ee29467d
+..a1e5ab59
+      ..f2edc9a3
+    }..ae0e4e5b
+..a1e5ab59
+}..0a4507c1
-     *..9c1e9e51
+     *..522163ee