+import..39113184
-      ..8b159100
+      ..19b7fe41
- * <p>..a145cad4
+ * <p>..9fff97f7
+    /*..53722e68
+    /*..c4493ab9
+    /*..6af26a0a
+    /*..d4c87ab5
+    /*..d73c6237
+    /*..8313c50e
+    /*..9736a530
+    /*..58546431
+    /*..b9050661
+    /*..a5013a65
+    /*..4f10a398
+    /*..6d470fb6
+    /*..407bd13d
+    /*..062b2af1
+    /*..1e274f4e
+    /*..94895490
+    /*..40e0884f
-    No..7b34b090
+    /*..76ecee72
+     *..f5cb27c1
+     *..dcfacfa3
+     *..16aaf18e
+    No..6eb7abd4
+    /*..76ecee72
+     *..cb69f659
+     *..29cb16e0
+     *..16aaf18e
-     *..5613e0ce
+     *..f7afa766
+    /*..76ecee72
+     *..85f0ffd8
+     *..29cb16e0
+     *..16aaf18e
-    pu..2dc9680d
+    vo..e3750c67
-public..9eabef50
+public..115e7476
+/**..f6b2a078
+ * <p>..0f8cc958
+ *..c792837c
+ */..dd083932
-     *..5613e0ce
+     *..56340749
-     *..8128f92c
+     *..c8338523
-     *..d5730157
+     *..cad3e7ae
-    pr..d5bde6f4
+    pr..63515cee
-    pu..22871204
+    pu..daea35be
-    pu..cad46890
-      ..306345cf
-      ..f82e9c1b
+    pu..f10a7383
+      ..8777f0fd
+      ..8284d904
-     *..9a74491d
+     *..1f90bafb
-    pu..a80e53a5
-      ..9194554a
-      ..f82e9c1b
+    pu..7c5f4ad9
+      ..cc47848d
+      ..8284d904
- * <p>..0cbdb6bd
+ * <p>..05f62a1e
-public..a80d1b6e
+public..d691709d
-    /*..a8f682ac
+    /*..017a216e
-    /*..1c47d68a
+    /*..42743bf4
-     *..d5730157
+     *..cad3e7ae
-    pr..d5bde6f4
+    pr..63515cee
-    pu..44e81cf5
+    /*..76ecee72
+     *..371da411
+     *..4d5cc6dd
+     *..16aaf18e
+    pu..82438f7c
+      ..ff778d8f
+      ..5ad907f1
+      ..1ff81ef0
+      ..e07d37e7
-      ..28604844
+      ..9ecdb4bc
+      ..ff778d8f
+      ..34992596
+      ..73fe175c
+      ..f5d70f4a
+      ..6e4076b7
+      ..e07d37e7
-      ..f4e00fa6
-      ..faa4eb8b
+      ..1246311e
+      ..2471fcc1
-      ..c89992d7
+      ..3b236ea2
+      ..68f732fa
+      ..28fbeddc
+      ..1c9f2fbc
+      ..3212c382
+      ..d4eeef0e
+      ..ffa97e52
-      ..64758e39
+      ..3e601135
-     *..8b7df0f5
+     *..93e5979c
-     *..eb910453
-    pr..1b13cd9c
+    pr..c43abded
-      ..468751a1
+      ..5eb9aba1
-      ..730d95da
+      ..add73dfd
-      ..13d90137
+      ..78aa8b6a
-     *..8128f92c
+     *..c8338523
-    pu..a81fd0e5
-      ..54f1221b
+    pu..83050c7d
+      ..966dec87
-     *..1f4c20cd
+     *..a691e29d
-      ..2141b8cd
+      ..1223e7cc
-     *..3c7ada8f
+     *..97ab0172
-     *..f4714073
+     *..84373d4e
-     *..65dc6631
+     *..0f9a53fa
+    /*..ed8ced5a
+    pu..30bd12cc
+..b6195861
+..b6195861
- * <p>..28914f52
+ * <p>..42c1237f
-     *..db718b41
+     *..c8d541ca
-     *..e5941c3c
+     *..f8cac232
+     *..23e5de42
+     *..9b967778
-    pu..d45c7f5a
+    pu..212a8e23
-     *..a399fcd4
+     *..084d4feb
+    /*..76ecee72
+     *..dc38200e
+     *..29cb16e0
+     *..16aaf18e