+import..b10b8b8d
-..33852bfa
+..c0441ec2
-..33852bfa
+..c0441ec2
-..33852bfa
+..c0441ec2
-..33852bfa
+..c0441ec2
-..33852bfa
-      ..c4bb4130
-      ..07396725
-..33852bfa
+      ..8392552c
+      ..1e3dd264
+      ..76800af9
+      ..82837d16
+      ..2422c65a
+..c0441ec2
+..c0441ec2
-..33852bfa
+      ..a3c074fb
+      ..272089bf
+      ..8b7a441d
+..c0441ec2
-..33852bfa
-		if (..c625c0d7
+		if (..36555865
-..33852bfa
+..c0441ec2
-		para..4ebefe5c
+		para..e1e2ecd9
+		para..e7f2a645
+		para..7554b42d
-      ..a1e727e9
-      ..6c27c031
+      ..3fc5d19c
+      ..a8d9e7e5
+      ..82837d16
+      ..2422c65a
+      ..20c9a690
+      ..114e1098
+      ..82837d16
+      ..2422c65a
+      ..0e3b41fc
+      ..772ad7b6
+      ..9d3e6dee
+..c0441ec2
-      ..7d4ad227
+      ..a0088d46
+      ..a181313d
+      ..0f1c6891
+      ..8d7aa794
+      ..f5c85b09
+      ..8b7a441d
+      ..e839618a
-    /*..6b1db5b3
-    pu..83df4cb6
-    /*..5af098f2
-    pu..2ab65f8d
-    /*..b91b2c85
-    pu..6037f966
-    /*..dec05d89
-    pu..4a0f5b89
--- /de..dc7e80b3
+packag..58bb5f27
+..c0441ec2
+import..eda83a84
+import..f0dff5ad
+import..cb2db951
+..c0441ec2
+import..d7d53209
+..c0441ec2
+/**..ae863e2d
+ * <p>..cd3fbd44
+ * Get..ef75c012
+ * </p..d822f537
+ */..3611aefa
+@Value..abc40e4b
+@Gson...c36b213f
+public..a54720c2
+..c0441ec2
+    /*..6eeeb754
+     *..c37ed6a0
+     *..fba02076
+     *..08e29a11
+    @S..1aa9ed24
+    pu..ee09c532
+..c0441ec2
+    /*..6eeeb754
+     *..1da27d54
+     *..fba02076
+     *..08e29a11
+    @S..19de7d02
+    pu..d3c28b99
+..c0441ec2
+    /*..6eeeb754
+     *..eb3739a3
+     *..fba02076
+     *..08e29a11
+    @S..1e41af0e
+    pu..3ac0b997
+..c0441ec2
+    /*..6eeeb754
+     *..5ba27f6d
+     *..fba02076
+     *..08e29a11
+    @S..5a97c27a
+    pu..509d527c
+..c0441ec2
+    /*..6eeeb754
+     *..f768f79f
+     *..fba02076
+     *..08e29a11
+    @S..392cbbcf
+    pu..993e05f8
+..c0441ec2
+    /*..6eeeb754
+     *..89ced0c6
+     *..08e29a11
+    @O..26bc6ce6
+    pu..50a089ac
+      ..dac94612
+      ..4ab89dec
+    }..bb956f55
+..c0441ec2
+}..69a0db28
+import..4a3cd378
+     *..a5b1e8a1
+     *..fba02076
+     *..08e29a11
+    @S..fbad57b2
+    pu..2493f48b
+..c0441ec2
+    /*..6eeeb754
+     *..0d3ffcef
+     *..fba02076
+     *..08e29a11
+    @S..38fa5253
+    pu..01d5a7e7
+..c0441ec2
+    /*..6eeeb754
+     *..d43bf4e6
+     *..fba02076
+     *..08e29a11
+    @S..ce143aa9
+    pu..5601c30e
+..c0441ec2
+    /*..6eeeb754
+import..d7d53209
+..c0441ec2
-import..ed15acab
-..33852bfa
-     *..83b520a6
-     *..59308dce
-     *..2392aa82
-    @S..4eebd31c
-    pu..d44a752f
-..33852bfa
-    /*..4ec20c86
-     *..e36a8c1f
-     *..59308dce
-     *..2392aa82
-    @S..1f78fed9
-    pu..fbdd8f5e
-..33852bfa
-    /*..4ec20c86
-     *..05c3c27b
+     *..552e63a6
-    @S..a1d97cce
-    pu..59749ec7
-..33852bfa
-    /*..4ec20c86
-     *..df3d121a
-     *..59308dce
-     *..2392aa82
-    @S..3c7d48da
-    pu..3905c2b8
-..33852bfa
-    /*..4ec20c86
-     *..f50e1e2f
-     *..59308dce
-     *..2392aa82
-    @S..907055e5
-    pu..84ce3cc2
-..33852bfa
-    /*..4ec20c86
-     *..6cae4572
-     *..2392aa82
-    @O..2f5a3144
-    pu..9af868ec
-      ..1a84bef5
-      ..aaf92b71
-    }..a048e0a1
+    @S..fdf0e8b1
+    pu..e0e22c57
--- /de..dc7e80b3
+packag..47141cea
+..c0441ec2
+import..eda83a84
+import..f0dff5ad
+import..cb2db951
+..c0441ec2
+import..d7d53209
+..c0441ec2
+/**..ae863e2d
+ * <p>..2fe1b021
+ * </p..d822f537
+ */..3611aefa
+@Value..abc40e4b
+@Gson...0fb943a1
+public..19c2fb77
+..c0441ec2
+    /*..6eeeb754
+     *..2cfbaa7d
+     *..fba02076
+     *..08e29a11
+    @S..ebe8d01c
+    pu..5ea4fef1
+..c0441ec2
+    /*..6eeeb754
+     *..ffe0b82c
+     *..fba02076
+     *..08e29a11
+    @S..eaecba9c
+    pu..f75dd527
+..c0441ec2
+    /*..6eeeb754
+     *..b809fae2
+     *..fba02076
+     *..08e29a11
+    @S..787abce6
+    pu..67e4e04e
+..c0441ec2
+    /*..6eeeb754
+     *..89ced0c6
+     *..e1811285
+     *..08e29a11
+    @O..26bc6ce6
+    pu..50a089ac
+      ..a513322b
+      ..de4c1277
+    }..bb956f55
+..c0441ec2
+}..69a0db28
+import..d7d53209
+..c0441ec2
+import..eda83a84
+..c0441ec2
- * <p>..d8ae380c
+ * <p>..cd3fbd44
+ * Get..4fd0324c
+	/**..b28ee03d
+	 * Me..555300da
+	 *..b74390e2
+	 * @r..41fdac62
+	 */..4aa85304
+	@Seri..c879fea3
+	publi..b0b0eaa6
+..c0441ec2
+	/**..b28ee03d
+	 * Me..33405bc0
+	 *..b74390e2
+	 * @r..41fdac62
+	 */..4aa85304
+	@Seri..24926d41
+	publi..8e33bbee
+..c0441ec2
+	/**..b28ee03d
+	 * Me..95d0096a
+	 *..b74390e2
+	 * @r..41fdac62
+	 */..4aa85304
+	@Seri..02469c62
+	publi..8a769bfc
+..c0441ec2
+	@Over..1ac6fd46
+	publi..1606a1cf
+		retu..bb9315d2
+				+ ..3a38111f
+				+ ..a2c201b9
+	}..a56d77c4
+..c0441ec2
+..c0441ec2
-import..35605824
+import..d7d53209
+..c0441ec2
-import..ed15acab
-..33852bfa
-     *..951fc0b7
-     *..59308dce
-     *..2392aa82
-    @S..58e786dd
-    pu..af5f0ef1
-..33852bfa
-    /*..4ec20c86
-     *..e7ee2f81
+     *..77d4c19b
-    @S..31dfebef
-    pu..2c3a8d73
-..33852bfa
-    /*..4ec20c86
-     *..139379e2
-     *..59308dce
-     *..2392aa82
-    @S..53a6d2e0
-    pu..2ab041d1
-..33852bfa
-    /*..4ec20c86
-     *..402ecb6b
-     *..59308dce
-     *..2392aa82
-    @S..61347eed
-    pu..65b6b2a5
-..33852bfa
-    /*..4ec20c86
-     *..6cae4572
-     *..916fa0c0
-     *..2392aa82
-    @O..2f5a3144
-    pu..9af868ec
-      ..9284d202
-      ..5d671b8d
-    }..a048e0a1
+    pu..df15e52d
--- /de..dc7e80b3
+packag..37fd76b0
+..c0441ec2
+import..eda83a84
+import..f0dff5ad
+import..cb2db951
+..c0441ec2
+import..d7d53209
+..c0441ec2
+/**..ae863e2d
+ * <p>..cd3fbd44
+ * Get..5a74a6aa
+ * </p..d822f537
+ */..3611aefa
+@Value..abc40e4b
+@Gson...0fb943a1
+public..7b42eb98
+..c0441ec2
+    /*..6eeeb754
+     *..fde22632
+     *..fba02076
+     *..08e29a11
+    @S..5deed4e8
+    pu..1b58c700
+..c0441ec2
+    /*..6eeeb754
+     *..cbf5cc14
+     *..fba02076
+     *..08e29a11
+    @S..2dc2c29e
+    pu..d9f0efce
+..c0441ec2
+    /*..6eeeb754
+     *..7029a5fa
+     *..fba02076
+     *..08e29a11
+    @S..8daf0c26
+    pu..7534a378
+..c0441ec2
+    /*..6eeeb754
+     *..7cd4dbc0
+     *..fba02076
+     *..08e29a11
+    @S..e89da8fe
+    pu..88935a7f
+..c0441ec2
+    /*..6eeeb754
+     *..f7e9a614
+     *..fba02076
+     *..08e29a11
+    @S..4d544f78
+    pu..9f0c90d5
+..c0441ec2
+    /*..6eeeb754
+     *..86e769b3
+     *..fba02076
+     *..08e29a11
+    @S..af84b1d5
+    pu..bad44eb4
+..c0441ec2
+    /*..6eeeb754
+     *..4facd102
+     *..fba02076
+     *..08e29a11
+    @S..0c9aa8d2
+    pu..081180a3
+..c0441ec2
+    /*..6eeeb754
+     *..f3f77c0a
+     *..fba02076
+     *..08e29a11
+    @S..641e283c
+    pu..d925049c
+..c0441ec2
+    /*..6eeeb754
+     *..04c6d938
+     *..fba02076
+     *..08e29a11
+    @S..d7e66116
+    pu..a2f31422
+..c0441ec2
+    /*..6eeeb754
+     *..22de1000
+     *..fba02076
+     *..08e29a11
+    @S..03bdae65
+    pu..5651e7d1
+..c0441ec2
+    /*..6eeeb754
+     *..93ca8847
+     *..fba02076
+     *..08e29a11
+    @S..2087421c
+    pu..8c33cd30
+..c0441ec2
+    /*..6eeeb754
+     *..89ced0c6
+     *..08e29a11
+    @O..26bc6ce6
+    pu..50a089ac
+      ..b5b93596
+      ..238c3324
+      ..c02e6ee3
+      ..804405c0
+    }..bb956f55
+..c0441ec2
+}..69a0db28
-    @S..46e99ba7
-    pu..bbb2db7b
+    @S..392cbbcf
+    pu..993e05f8
+    @S..648ebd25
+    pu..f0a2a62f
+..c0441ec2
+    @S..ce143aa9
+    pu..5601c30e
+..c0441ec2
+..c0441ec2
+..c0441ec2
-      ..8b4fa3af
+      ..c75abff5
-import..35605824
+import..d7d53209
+..c0441ec2
-import..ed15acab
-..33852bfa
-     *..05f57281
-     *..59308dce
-     *..2392aa82
-    @S..46e99ba7
-    pu..bbb2db7b
-..33852bfa
-    /*..4ec20c86
-     *..2de9b860
-     *..59308dce
-     *..2392aa82
-    @S..784fdb59
-    pu..a82b20f8
-..33852bfa
-    /*..4ec20c86
-     *..c84d01f5
-     *..59308dce
-     *..2392aa82
-    @S..79facbb5
-    pu..5e90d5f0
-..33852bfa
-    /*..4ec20c86
-     *..a6588cec
-     *..59308dce
-     *..2392aa82
-    @S..eb54f975
-    pu..ef2d12f6
-..33852bfa
-    /*..4ec20c86
-     *..756ee0a5
-     *..59308dce
-     *..2392aa82
-    @S..1d2826d8
-    pu..a26f2626
-..33852bfa
-    /*..4ec20c86
-     *..60893e81
+     *..179d98d9
-    @S..00d0897c
-    pu..c9942a62
-..33852bfa
-    /*..4ec20c86
-     *..f6b78159
-     *..59308dce
-     *..2392aa82
-    @S..4b7da23d
-    pu..08653801
-..33852bfa
-    /*..4ec20c86
-     *..56d61ff9
-     *..59308dce
-     *..2392aa82
-    @S..8354111b
-    pu..abd90bc1
-..33852bfa
-    /*..4ec20c86
-     *..55deac31
-     *..59308dce
-     *..2392aa82
-    @S..fd126a8e
-    pu..3c9c07d7
-..33852bfa
-    /*..4ec20c86
-     *..2137e209
-     *..59308dce
-     *..2392aa82
-    @S..2fef9516
-    pu..16dd31f8
-..33852bfa
-    /*..4ec20c86
-     *..6b3ace8c
-     *..59308dce
-     *..2392aa82
-    @S..e0b91af2
-    pu..0863421c
-..33852bfa
-    /*..4ec20c86
-     *..6cae4572
-     *..2392aa82
-    @O..2f5a3144
-    pu..9af868ec
-      ..c588ae0a
-      ..74328c43
-      ..73921fcf
-      ..0b4bb8a1
-    }..a048e0a1
+    pu..080933f3
--- /de..dc7e80b3
+packag..6d3c4ff1
+..c0441ec2
+import..eda83a84
+import..f0dff5ad
+import..cb2db951
+..c0441ec2
+import..4a3cd378
+import..d7d53209
+..c0441ec2
+/**..ae863e2d
+ * <p>..cd3fbd44
+ * Get..7d24ffba
+ * </p..d822f537
+ */..3611aefa
+@Value..abc40e4b
+@Gson...0fb943a1
+public..67ed3cdf
+..c0441ec2
+    /*..6eeeb754
+     *..9be97c9e
+     *..fba02076
+     *..08e29a11
+    @S..0fdd9d21
+    pu..243d7aa8
+..c0441ec2
+    /*..6eeeb754
+     *..a5b1e8a1
+     *..fba02076
+     *..08e29a11
+    @S..fbad57b2
+    pu..e2442103
+..c0441ec2
+    /*..6eeeb754
+     *..1eedd77d
+     *..fba02076
+     *..08e29a11
+    @S..13cbd4c9
+    pu..f8bf46e5
+..c0441ec2
+    /*..6eeeb754
+     *..1e6bb690
+     *..fba02076
+     *..08e29a11
+    @S..3ae4e37e
+    pu..e11ab4d6
+..c0441ec2
+    /*..6eeeb754
+     *..f7e9a614
+     *..fba02076
+     *..08e29a11
+    @S..4d544f78
+    pu..9f0c90d5
+..c0441ec2
+    /*..6eeeb754
+     *..6b76c243
+     *..fba02076
+     *..08e29a11
+    @S..44402cb1
+    pu..c9b6b7da
+..c0441ec2
+    /*..6eeeb754
+     *..7d0ed6a6
+     *..fba02076
+     *..08e29a11
+    @S..0867ebdf
+    pu..66be6142
+..c0441ec2
+    /*..6eeeb754
+     *..c0401a5d
+     *..fba02076
+     *..08e29a11
+    @S..6963ae9c
+    pu..96a6fe3c
+..c0441ec2
+    /*..6eeeb754
+     *..89ced0c6
+     *..08e29a11
+    @O..26bc6ce6
+    pu..50a089ac
+      ..0358cb84
+      ..7d1e8063
+      ..9a541b91
+    }..bb956f55
+..c0441ec2
+}..69a0db28
+import..4a3cd378
-     *..153e4e6f
+     *..a5b1e8a1
-    @S..10f725f9
-    pu..11d93dcc
+    @S..fbad57b2
+    pu..2493f48b
+..c0441ec2
+    /*..6eeeb754
+     *..0b6ee2b3
+     *..fba02076
+     *..08e29a11
+    @S..392cbbcf
+    pu..993e05f8
+..c0441ec2
+    /*..6eeeb754
+     *..1eedd77d
+     *..fba02076
+     *..08e29a11
+    @S..13cbd4c9
+    pu..4e62e47b
+..c0441ec2
+    /*..6eeeb754
+     *..1e6bb690
+     *..fba02076
+     *..08e29a11
+    @S..3ae4e37e
+    pu..e11ab4d6
+..c0441ec2
+    /*..6eeeb754
+     *..1e6bb690
+     *..fba02076
+     *..08e29a11
+    @S..648dfb00
+    pu..15c3428a
+..c0441ec2
+    /*..6eeeb754
+     *..1e6bb690
+     *..fba02076
+     *..08e29a11
+    @S..ce143aa9
+    pu..5601c30e
+..c0441ec2
+    /*..6eeeb754
+     *..1e6bb690
+     *..fba02076
+     *..08e29a11
+    @S..5163330d
+    pu..e8139ea5
-      ..4f5fadad
+      ..0384897e
-import..35605824
+import..d7d53209
+..c0441ec2
-import..092bf1c0
-import..ed15acab
+import..eda83a84
-     *..153e4e6f
-     *..59308dce
-     *..2392aa82
-    @S..10f725f9
-    pu..11d93dcc
-..33852bfa
-    /*..4ec20c86
-     *..3976b930
+     *..451cf84b
-    @S..0e45b36b
-    pu..7fa92155
+    pu..3ab2200a
-     *..1c9fb301
+     *..20be895f
-    @S..a419e209
-    pu..72519f83
+    @S..c8187154
+    pu..62863434
-    /*..4ec20c86
-     *..f4cd9c9a
-     *..59308dce
-     *..2392aa82
-    @S..d32db415
-    pu..89bbf00c
-..33852bfa
-    /*..4ec20c86
-     *..756ee0a5
-     *..59308dce
-     *..2392aa82
-    @S..1d2826d8
-    pu..a26f2626
-..33852bfa
-    /*..4ec20c86
-     *..275464f9
-     *..59308dce
-     *..2392aa82
-    @S..9e8033cf
-    pu..17614f8b
-..33852bfa
-    /*..4ec20c86
-     *..343353d6
-     *..59308dce
-     *..2392aa82
-    @S..8d0af4f5
-    pu..ebe8de76
-..33852bfa
-    /*..4ec20c86
-     *..6cae4572
-     *..2392aa82
-    @O..2f5a3144
-    pu..9af868ec
-      ..bcf2cb70
-      ..c146d727
-      ..ea379bbf
-    }..a048e0a1
-      ..66428ff9
-      ..6c5a875e
+      ..0fc24927
-      ..3452a6cc
-      ..dc1af62d
-      ..900f965f
-      ..9ce589c1
-      ..5373fe06
+      ..33f82f06
-      ..365e0f4b
-      ..f6e3a89d
-      ..7e56e776
-..33852bfa
+import..3ee3fb64
+import..4a3cd378
+..c0441ec2
+import..96690e1a
+      ..943bdacd
+      ..ac4c8a9d
+..c0441ec2
+      ..23dc159b
+      ..51c5325b
+      ..76526d96
-      ..6db0b898
+      ..e109eeb0
+      ..de02ba43
+..c0441ec2
+      ..c2d160e0
+      ..0688a9de
+      ..2422c65a
+import..8dd6dea9
+import..40ac63fa
-      ..04fd3448
-      ..d0680c71
+      ..cb7796b8
+..c0441ec2
+      ..570e5064
+      ..8d98e445
+      ..0d85a475
+      ..bf0ad3f7
+      ..6b7c8cae
-      ..f977f881
+      ..2422c65a
-..33852bfa
+import..67b61303
+import..ed1672e7
-      ..237df51f
+      ..4effcd5d
+      ..ecf5362a
+      ..76526d96
-      ..96b19d18
-      ..7b66738e
+      ..ddebff45
+..c0441ec2
+      ..6aba3491
+      ..06705973
+      ..737cfe13
+      ..05957519
+      ..f36d2511
+      ..2422c65a
+import..208e3554
+import..d183c3db
-    @T..687b7e3e
+    @S..3ae05a76
+	@Test..938d7d79
-      ..b657f671
+..c0441ec2
+		GetT..415f2d5f
-      ..0c9344e6
+      ..d2b8ab03
+      ..ae60b554
+      ..a6612523
+      ..5a85392a
+      ..50a0ea12
+      ..ae60b554
+      ..a6612523
+      ..74bc1b53
+      ..4a801e4e
+      ..76526d96
+      ..977ced1a
-      ..96b19d18
-      ..51527ee2
+      ..ddebff45
+..c0441ec2
+      ..2c71b71f
+      ..0b195053
+..c0441ec2
+      ..f43aa7fb
+      ..80b6943b
-      ..427fee53
+      ..09ac7058
+      ..2422c65a
+      ..86af6dc5
+      ..03a27989
+      ..76526d96
-				})..f2f1d093
+				})..69574e40
+				.s..5f83a427
+				.s..47000cc9
+				.s..937d4c54
+				.b..e64d4269
-				})..f2f1d093
+				})..69574e40
+				.s..5f83a427
+      ..03a27989
+      ..64b2c278
-      ..9a49a1cb
+      ..4effcd5d
+      ..ecf5362a
+      ..76526d96
-    pu..bab7eda2
+    pu..09e5ccc6
-      ..8a00771b
+      ..1bc0b649
+      ..d6693cda
+      ..148047ed
-    pu..d229342c
+    pu..e5d1fd57
-      ..c1eb4e1d
+      ..004971d7
+      ..ecf5362a
+      ..76526d96
+    @T..595996c0
+    pu..fda4b2bb
+      ..5587754e
+      ..0131d1ff
+      ..14cac18d
+      ..148047ed
+      ..e786ae27
+..c0441ec2
+      ..88f0e018
+      ..e2381689
+      ..c2f5d5a0
+    }..bb956f55
+..c0441ec2
+    @T..595996c0
+    pu..d2022e3b
+      ..5587754e
+      ..189dcc29
+      ..6584190e
+      ..76526d96
+      ..e786ae27
+..c0441ec2
+      ..88f0e018
+      ..e2381689
+      ..c2f5d5a0
+    }..bb956f55
+    @T..595996c0
+    pu..bcd8c092
+      ..5587754e
+      ..0131d1ff
+      ..d6693cda
+      ..dd4b2b8d
+      ..e786ae27
+..c0441ec2
+      ..88f0e018
+      ..e2381689
+      ..c2f5d5a0
+    }..bb956f55
+..c0441ec2
+    @T..595996c0
+    pu..f619e69d
+      ..5587754e
+      ..189dcc29
+      ..ecf5362a
+      ..67da98e0
+      ..e786ae27
+..c0441ec2
+      ..88f0e018
+      ..e2381689
+      ..c2f5d5a0
+    }..bb956f55
-      ..9a49a1cb
+      ..4effcd5d
+      ..ecf5362a
+      ..76526d96
-      ..9a49a1cb
+      ..4effcd5d
+      ..ecf5362a
+      ..76526d96
+import..c8460f18
+..c0441ec2
+import..3ee3fb64
+import..4a3cd378
+import..0a29c6b9
+..c0441ec2
+import..e71ee0c2
+import..03bb2dfa
+import..43791c66
+import..7c08bf0e
+import..4047446f
+import..3b6c13f0
+import..9715545b
+..c0441ec2
-import..8df2ec55
-import..a07fb3cf
-import..cf367d25
-import..8fe357c7
-import..00ad3dae
-import..4cb49bb2
-import..4c318547
-import..2e088364
-import..f966aff7
-import..477209fd
-import..262d39e5
-..33852bfa
-import..6259f5e5
-import..092bf1c0
-import..933ff7cd
-..33852bfa
-import..796f2a4d
-    @S..09976000
+    @S..1405a585
-      ..0c9344e6
+      ..d2b8ab03
+      ..ae60b554
+      ..a6612523
+      ..5a85392a
+      ..50a0ea12
+      ..ae60b554
+      ..a6612523
+      ..74bc1b53
+      ..4a801e4e
+      ..76526d96
+      ..977ced1a
-..33852bfa
-..33852bfa
-..33852bfa
-    @S..09976000
-    @T..687b7e3e
-    pu..001ac2ad
-      ..59f2d4a9
-      ..d6b69c07
-      ..52996748
-      ..d7f9c980
-..33852bfa
-      ..8b3a487f
-      ..ae3ac82c
-      ..6b6b2b3d
-      ..f205810a
-      ..f63f5bb0
-      ..4fdf7068
-      ..3dd3bc46
-      ..d9a6b242
-      ..3b64c32d
-      ..2178b062
-..33852bfa
-      ..1f9d5e92
-      ..a51688ec
-      ..ce530410
-..33852bfa
-      ..3de004f9
-      ..2ec6c2f2
-      ..b41e5a51
-..33852bfa
-      ..1c5c331d
-      ..5327d11e
-      ..e6871341
-      ..9dbc1bb7
-      ..6b0867a9
-..33852bfa
-      ..f5639e6c
-      ..cae2374f
-    }..a048e0a1
-..33852bfa
+import..c8460f18
+..c0441ec2
+import..3ee3fb64
+import..4a3cd378
+..c0441ec2
+import..e71ee0c2
+import..03bb2dfa
+import..43791c66
+import..7c08bf0e
+import..4047446f
+import..3b6c13f0
+import..9715545b
+..c0441ec2
-import..8df2ec55
-import..a07fb3cf
-import..cf367d25
-import..8fe357c7
-import..00ad3dae
-import..4cb49bb2
-import..4c318547
-import..2e088364
-import..f966aff7
-import..477209fd
-import..262d39e5
-..33852bfa
-import..6259f5e5
-import..092bf1c0
-..33852bfa
-import..796f2a4d
-    @T..687b7e3e
+    @S..3ae05a76
+	@Test..938d7d79
-      ..b657f671
-      ..b71335b5
-      ..00dd2e76
-      ..2178b062
-      ..46966841
-      ..c6366643
-      ..db61be25
-    }..a048e0a1
-..33852bfa
-    @T..687b7e3e
-    pu..b5c4f674
-      ..72344e36
-      ..00dd2e76
-      ..2178b062
-..33852bfa
-      ..46966841
-      ..c6366643
-      ..db61be25
-    }..a048e0a1
-..33852bfa
-    @T..687b7e3e
-    pu..f5d92443
-      ..b657f671
-      ..ae3ac82c
-      ..ad66a9e5
-      ..2178b062
-..33852bfa
-      ..46966841
-      ..c6366643
-      ..db61be25
-    }..a048e0a1
-..33852bfa
-    @T..687b7e3e
-    pu..b5752e26
-      ..b657f671
-      ..ae3ac82c
-      ..00dd2e76
-      ..2178b062
-..33852bfa
-      ..46966841
-      ..c6366643
-      ..db61be25
-    }..a048e0a1
-..33852bfa
-    @S..09976000
-    @T..687b7e3e
-    pu..be3cc5a2
-      ..b657f671
-      ..ae3ac82c
-      ..0c9344e6
-      ..2178b062
-..33852bfa
-      ..61a77c87
-..33852bfa
-      ..3de004f9
-      ..2ec6c2f2
-      ..09c0b98a
-..33852bfa
-      ..46966841
-      ..c6366643
-      ..db61be25
-..33852bfa
-      ..f5639e6c
-      ..cae2374f
-    }..a048e0a1
-..33852bfa
-    @S..09976000
-    @T..687b7e3e
-    pu..c019ad02
-      ..b657f671
-      ..ae3ac82c
-      ..0c9344e6
-      ..2178b062
-..33852bfa
-      ..d60ca05f
-..33852bfa
-      ..3de004f9
-      ..2ec6c2f2
-      ..09c0b98a
-..33852bfa
-      ..46966841
-      ..c6366643
-      ..8193f781
-..33852bfa
-      ..f5639e6c
-      ..cae2374f
-    }..a048e0a1
-..33852bfa
-    @T..687b7e3e
-    pu..5ccabaee
-      ..99bd1841
-..33852bfa
-      ..46966841
-      ..0b0af1f4
-      ..633926aa
-    }..a048e0a1
-..33852bfa
-    @T..687b7e3e
-    pu..1a1b041d
-      ..59f2d4a9
-      ..d6b69c07
-      ..52996748
-      ..d7f9c980
-..33852bfa
-      ..8b3a487f
-      ..72344e36
-      ..6b6b2b3d
-      ..978d0411
-      ..f63f5bb0
-      ..4fdf7068
-      ..2c5aed98
-      ..d9a6b242
-      ..f7fc4cac
-      ..2178b062
-..33852bfa
-      ..46966841
-      ..0b0af1f4
-      ..633926aa
-    }..a048e0a1
-..33852bfa
-    @T..687b7e3e
-    pu..7a664d09
-      ..59f2d4a9
-      ..d6b69c07
-      ..52996748
-      ..d7f9c980
-..33852bfa
-      ..8b3a487f
-      ..6b6b2b3d
-      ..978d0411
-      ..f63f5bb0
-      ..4fdf7068
-      ..2c5aed98
-      ..d9a6b242
-      ..f7fc4cac
-      ..2178b062
-..33852bfa
-      ..46966841
-      ..0b0af1f4
-      ..633926aa
-    }..a048e0a1
-..33852bfa
-    @T..687b7e3e
-    pu..a7664342
-      ..59f2d4a9
-      ..52996748
-      ..d7f9c980
-..33852bfa
-      ..8b3a487f
-      ..ae3ac82c
-      ..6b6b2b3d
-      ..ad991b72
-      ..f63f5bb0
-      ..4fdf7068
-      ..2c5aed98
-      ..d9a6b242
-      ..f7fc4cac
-      ..2178b062
-..33852bfa
-      ..46966841
-      ..0b0af1f4
-      ..633926aa
-    }..a048e0a1
-..33852bfa
-    @T..687b7e3e
-    pu..6f8a6a7c
-      ..1344c224
-      ..52996748
-      ..d7f9c980
-..33852bfa
-      ..8b3a487f
-      ..ae3ac82c
-      ..6b6b2b3d
-      ..ad991b72
-      ..f63f5bb0
-      ..4fdf7068
-      ..2c5aed98
-      ..d9a6b242
-      ..f7fc4cac
-      ..2178b062
-..33852bfa
-      ..46966841
-      ..0b0af1f4
-      ..633926aa
-    }..a048e0a1
-..33852bfa
-    @T..687b7e3e
-    pu..582490e2
-      ..59f2d4a9
-      ..d6b69c07
-      ..52996748
-      ..d7f9c980
-..33852bfa
-      ..8b3a487f
-      ..ae3ac82c
-      ..6b6b2b3d
-      ..18d23607
-      ..f63f5bb0
-      ..4fdf7068
-      ..2c5aed98
-      ..d9a6b242
-      ..f7fc4cac
-      ..2178b062
-..33852bfa
-      ..46966841
-      ..0b0af1f4
-      ..633926aa
-    }..a048e0a1
-..33852bfa
-    @T..687b7e3e
-    pu..b8a59b88
-      ..59f2d4a9
-      ..d6b69c07
-      ..52996748
-      ..d7f9c980
-..33852bfa
-      ..8b3a487f
-      ..ae3ac82c
-      ..6b6b2b3d
-      ..91796d2d
-      ..f63f5bb0
-      ..4fdf7068
-      ..2c5aed98
-      ..d9a6b242
-      ..f7fc4cac
-      ..2178b062
-..33852bfa
-      ..46966841
-      ..0b0af1f4
-      ..633926aa
-    }..a048e0a1
-..33852bfa
-    @T..687b7e3e
-    pu..378089ac
-      ..59f2d4a9
-      ..d6b69c07
-      ..52996748
-..33852bfa
-      ..8b3a487f
-      ..ae3ac82c
-      ..6b6b2b3d
-      ..f205810a
-      ..f63f5bb0
-      ..4fdf7068
-      ..2c5aed98
-      ..d9a6b242
-      ..f7fc4cac
-      ..2178b062
-..33852bfa
-      ..46966841
-      ..0b0af1f4
-      ..633926aa
-    }..a048e0a1
-..33852bfa
-    @T..687b7e3e
-    pu..cb4caa2f
-      ..59f2d4a9
-      ..d6b69c07
-      ..41047063
-..33852bfa
-      ..8b3a487f
-      ..ae3ac82c
-      ..6b6b2b3d
-      ..f205810a
-      ..f63f5bb0
-      ..4fdf7068
-      ..2c5aed98
-      ..d9a6b242
-      ..f7fc4cac
-      ..2178b062
-..33852bfa
-      ..46966841
-      ..0b0af1f4
-      ..633926aa
-    }..a048e0a1
-..33852bfa
-    @T..687b7e3e
-    pu..977e06aa
-      ..59f2d4a9
-      ..d6b69c07
-      ..52996748
-      ..d7f9c980
-..33852bfa
-      ..8b3a487f
-      ..ae3ac82c
-      ..6b6b2b3d
-      ..f205810a
-      ..f63f5bb0
-      ..ef51ca5f
-      ..2c5aed98
-      ..d9a6b242
-      ..f7fc4cac
-      ..2178b062
-..33852bfa
-      ..46966841
-      ..0b0af1f4
-      ..633926aa
-    }..a048e0a1
-..33852bfa
-    @T..687b7e3e
-    pu..6ebaab12
-      ..59f2d4a9
-      ..d6b69c07
-      ..52996748
-      ..d7f9c980
-..33852bfa
-      ..8b3a487f
-      ..ae3ac82c
-      ..6b6b2b3d
-      ..f205810a
-      ..f63f5bb0
-      ..fe33dd90
-      ..2c5aed98
-      ..d9a6b242
-      ..f7fc4cac
-      ..2178b062
-..33852bfa
-      ..46966841
-      ..0b0af1f4
-      ..633926aa
-    }..a048e0a1
-..33852bfa
-    @T..687b7e3e
-    pu..aa581669
-      ..59f2d4a9
-      ..d6b69c07
-      ..52996748
-      ..d7f9c980
-..33852bfa
-      ..8b3a487f
-      ..ae3ac82c
-      ..6b6b2b3d
-      ..f205810a
-      ..f63f5bb0
-      ..4fdf7068
-      ..e078c5dd
-      ..d9a6b242
-      ..f7fc4cac
-      ..2178b062
-..33852bfa
-      ..46966841
-      ..0b0af1f4
-      ..633926aa
-    }..a048e0a1
-..33852bfa
-    @T..687b7e3e
-    pu..dded6212
-      ..59f2d4a9
-      ..d6b69c07
-      ..52996748
-      ..d7f9c980
-..33852bfa
-      ..8b3a487f
-      ..ae3ac82c
-      ..6b6b2b3d
+      ..d2b8ab03
+      ..ae60b554
+      ..a6612523
-      ..f63f5bb0
-      ..4fdf7068
-      ..b6afaad7
-      ..d9a6b242
-      ..f7fc4cac
-      ..2178b062
-..33852bfa
-      ..46966841
-      ..0b0af1f4
-      ..633926aa
-    }..a048e0a1
-..33852bfa
-    @T..687b7e3e
-    pu..df03d897
-      ..59f2d4a9
-      ..d6b69c07
-      ..52996748
-      ..d7f9c980
-..33852bfa
-      ..8b3a487f
-      ..ae3ac82c
-      ..6b6b2b3d
-      ..f205810a
-      ..f63f5bb0
-      ..4fdf7068
-      ..3dd3bc46
-      ..c8d97f60
-      ..f7fc4cac
-      ..2178b062
-..33852bfa
-      ..46966841
-      ..0b0af1f4
-      ..633926aa
-    }..a048e0a1
-..33852bfa
-    @T..687b7e3e
-    pu..6d30fbd2
-      ..59f2d4a9
-      ..d6b69c07
-      ..52996748
-      ..d7f9c980
-..33852bfa
-      ..8b3a487f
-      ..ae3ac82c
-      ..6b6b2b3d
-      ..f205810a
-      ..f63f5bb0
-      ..4fdf7068
-      ..3dd3bc46
-      ..5de0244e
-      ..f7fc4cac
-      ..2178b062
-..33852bfa
-      ..46966841
-      ..0b0af1f4
-      ..633926aa
-    }..a048e0a1
-..33852bfa
-    @T..687b7e3e
-    pu..a68b43dc
-      ..59f2d4a9
-      ..d6b69c07
-      ..52996748
-      ..d7f9c980
-..33852bfa
-      ..8b3a487f
-      ..ae3ac82c
-      ..6b6b2b3d
-      ..f205810a
-      ..f63f5bb0
-      ..4fdf7068
-      ..3dd3bc46
-      ..d9a6b242
-      ..169da38f
-      ..2178b062
-..33852bfa
-      ..46966841
-      ..0b0af1f4
-      ..633926aa
-    }..a048e0a1
-..33852bfa
-    @T..687b7e3e
-    pu..8090e372
-      ..59f2d4a9
-      ..d6b69c07
-      ..52996748
-      ..d7f9c980
-..33852bfa
-      ..8b3a487f
-      ..ae3ac82c
-      ..6b6b2b3d
-      ..f205810a
-      ..f63f5bb0
+      ..50a0ea12
+      ..ae60b554
+      ..a6612523
-      ..24437fad
+      ..977ced1a
-      ..0b0af1f4
-      ..633926aa
+      ..2c71b71f
+      ..d27bdf1d
-    @S..09976000
+    @S..3ae05a76
-    pu..9104489a
-      ..59f2d4a9
-      ..d6b69c07
-      ..52996748
-      ..d7f9c980
+    pu..0071e507
-      ..8b3a487f
-      ..ae3ac82c
-      ..6b6b2b3d
+      ..74961ce6
+      ..a6aa7e71
+      ..d2b8ab03
+      ..ae60b554
+      ..a6612523
-      ..f63f5bb0
+      ..50a0ea12
+      ..ae60b554
+      ..a6612523
-      ..78c4e583
-..33852bfa
-      ..3de004f9
-      ..2ec6c2f2
-      ..b41e5a51
-..33852bfa
-      ..0b0af1f4
-      ..633926aa
-..33852bfa
-      ..f5639e6c
-      ..cae2374f
+      ..2c71b71f
+      ..d27bdf1d
-    @S..09976000
+    @S..1405a585
-    pu..6e65d309
-      ..59f2d4a9
-      ..d6b69c07
-      ..52996748
-      ..d7f9c980
+    pu..7253b2f4
-      ..8b3a487f
+      ..74961ce6
-      ..6b6b2b3d
+      ..d2b8ab03
+      ..ae60b554
+      ..a6612523
-      ..f63f5bb0
+      ..50a0ea12
+      ..ae60b554
+      ..a6612523
-      ..c28bc950
+      ..2f1c65a2
-      ..b41e5a51
+      ..174bcad3
-      ..0b0af1f4
-      ..540eef06
+      ..2c71b71f
+      ..d27bdf1d
-..33852bfa
-    @S..09976000
+    @S..1405a585
-    pu..001ac2ad
-      ..59f2d4a9
-      ..d6b69c07
-      ..52996748
-      ..d7f9c980
+    pu..3a7659f5
-      ..8b3a487f
+      ..74961ce6
-      ..6b6b2b3d
+      ..d2b8ab03
+      ..ae60b554
+      ..a6612523
-      ..f63f5bb0
+      ..50a0ea12
+      ..ae60b554
+      ..a6612523
-      ..1f9d5e92
-      ..a51688ec
-      ..ce530410
+      ..a84f13ea
-      ..b41e5a51
+      ..174bcad3
-      ..0b0af1f4
-      ..6b0867a9
+      ..2c71b71f
+      ..0b195053