--- /de..dc7e80b3
+packag..0c3e9159
+..c0441ec2
+import..9053ff14
+import..cc7eec33
+import..a94304b2
+import..70aae4a1
+..c0441ec2
+/**..ae863e2d
+ * <p>..6467c4a9
+ */..3611aefa
+public..182a4510
+..c0441ec2
+    /*..6eeeb754
+     *..856ca0d4
+     *..4cc683ad
+     *..d1ca9e30
+     *..08e29a11
+    @O..26bc6ce6
+    Ev..3c07f7d6
+..c0441ec2
+    /*..6eeeb754
+     *..5e7fbe58
+     *..4cc683ad
+     *..1a8c9f75
+     *..08e29a11
+    @O..26bc6ce6
+    Id..d4397ca9
+..c0441ec2
+    /*..6eeeb754
+     *..7abeff9f
+     *..4cc683ad
+     *..d28d3b58
+     *..08e29a11
+    @O..26bc6ce6
+    To..05863dbe
+..c0441ec2
+    /*..6eeeb754
+     *..4bbcfde2
+     *..4cc683ad
+     *..02aa6b5f
+     *..08e29a11
+    @O..26bc6ce6
+    Tr..7c5f9a96
+..c0441ec2
+}..69a0db28
-import..0ac9375b
+import..0a29c6b9
+..c0441ec2
-import..77ad8803
-import..aec6b5cd
-..33852bfa
-import..933ff7cd
-..33852bfa
-    /*..4ec20c86
-     *..229db9ec
-     *..c44790d4
-     *..3103e43b
-     *..1651c1a7
-     *..2392aa82
-    Fu..219416ff
-..33852bfa
-import..77ad8803
-import..aec6b5cd
-..33852bfa
-    /*..4ec20c86
-     *..229db9ec
-     *..c44790d4
-     *..3103e43b
-     *..1651c1a7
-     *..2392aa82
-    Li..4411f009
-..33852bfa
+import..0a29c6b9
+..c0441ec2
-import..77ad8803
-import..aec6b5cd
-..33852bfa
-import..933ff7cd
-    @O..2f5a3144
-    pu..709ecbc5
-      ..6ab080e9
-    }..a048e0a1
-..33852bfa
+import..3ee3fb64
+import..4a3cd378
+import..4046daab
+..c0441ec2
-import..ac698378
-import..61d1090f
-import..77ad8803
-import..aec6b5cd
-..33852bfa
-import..6259f5e5
-import..092bf1c0
-import..fb84a4e6
-    @O..2f5a3144
-    pu..fe5887f2
-      ..7cb85373
-..33852bfa
-      ..71667b50
-      ..1b67c1e0
-      ..cc42f705
-      ..62c8e5dc
-..33852bfa
-      ..d199517f
-      ..50a8de80
-      ..9a7fcb58
-      ..cc42f705
-      ..62c8e5dc
-..33852bfa
-      ..ce6d4133
-      ..e343e345
-      ..e01e0b75
-      ..0b1bad24
-      ..08ddbda8
-..33852bfa
-      ..bb5a7ebd
-      ..f00d5662
-..33852bfa
-      ..29c76f82
-      ..cdba6bcd
-..33852bfa
-      ..7c881483
-      ..628a15c2
-      ..cc42f705
-      ..62c8e5dc
-..33852bfa
-      ..cae316e8
-      ..795b7a2c
-      ..2178b062
-..33852bfa
-      ..0a2c71b4
-    }..a048e0a1
-..33852bfa
+import..0a29c6b9
+..c0441ec2
-import..73f7da61
-import..d3074529
-import..933ff7cd
-..33852bfa
-     *..f0cab45e
-     *..c44790d4
-     *..b92d5820
-     *..4fba5fd1
-     *..2392aa82
-    Fu..490e0790
-..33852bfa
-    /*..4ec20c86
-import..73f7da61
-import..d3074529
-     *..f0cab45e
-     *..c44790d4
-     *..b92d5820
-     *..4fba5fd1
-     *..2392aa82
-    Li..31f27fbd
-..33852bfa
-    /*..4ec20c86
+import..0a29c6b9
+..c0441ec2
-import..73f7da61
-import..d3074529
-import..933ff7cd
-..33852bfa
-    @O..2f5a3144
-    pu..67249015
-      ..d48a4bc1
-    }..a048e0a1
+import..3ee3fb64
+import..4a3cd378
+import..4046daab
+..c0441ec2
-import..73f7da61
-import..d3074529
-import..6259f5e5
-import..092bf1c0
-import..fb84a4e6
-..33852bfa
-    @O..2f5a3144
-    pu..ec2992d7
-      ..808b0aa8
-..33852bfa
-      ..71667b50
-      ..679baeb1
-      ..cc42f705
-      ..62c8e5dc
-..33852bfa
-      ..a5f89a08
-      ..0974a03f
-      ..cc42f705
-      ..62c8e5dc
-..33852bfa
-      ..ce6d4133
-      ..e343e345
-      ..1f4a4a10
-..33852bfa
-      ..71e0add0
-      ..bb13b5b1
-      ..c97753c8
-..33852bfa
-      ..bb5a7ebd
-      ..d91f13a4
-..33852bfa
-      ..10104c75
-      ..ad2bb60b
-..33852bfa
-      ..0a2c71b4
-    }..a048e0a1
+import..0a29c6b9
+..c0441ec2
-import..7578037e
-import..ed44c912
-..33852bfa
-import..933ff7cd
-    /*..4ec20c86
-     *..b8ec1d66
-     *..c44790d4
-     *..bccda1f4
-     *..c813ab13
-     *..2392aa82
-    Fu..f7c3fa5b
-..33852bfa
-import..7578037e
-import..ed44c912
-    /*..4ec20c86
-     *..b8ec1d66
-     *..c44790d4
-     *..bccda1f4
-     *..c813ab13
-     *..2392aa82
-    Li..6c624344
-..33852bfa
+import..0a29c6b9
+..c0441ec2
-import..7578037e
-import..ed44c912
-..33852bfa
-import..933ff7cd
-    @O..2f5a3144
-    pu..db264195
-      ..f3826dec
-    }..a048e0a1
-..33852bfa
+import..3ee3fb64
+import..4a3cd378
+import..4046daab
+..c0441ec2
-import..ac698378
-import..74305c27
-import..7578037e
-import..ed44c912
-..33852bfa
-import..6259f5e5
-import..092bf1c0
-import..fb84a4e6
- * <p>..2ba68548
+ * <p>..cd3fbd44
+ * Con..1f532b8c
+ * </p..d822f537
-    /*..4ec20c86
-     *..c4101700
-     *..2392aa82
-    pr..b46c6df5
-..33852bfa
-    /*..4ec20c86
-     *..87d973b1
-     *..c44790d4
-     *..f918ff41
-     *..2392aa82
-    pu..90516a7f
-      ..0904f03c
-    }..a048e0a1
-..33852bfa
-    @O..2f5a3144
-    pu..f9582376
-      ..ff3251dc
-..33852bfa
-      ..71667b50
-      ..b85f2b82
-      ..cc42f705
-      ..62c8e5dc
-..33852bfa
-      ..ab690dc8
-      ..51bfcb7e
-      ..cc42f705
-      ..62c8e5dc
-..33852bfa
-      ..ce6d4133
-      ..b26a2412
-..33852bfa
-      ..bb5a7ebd
-      ..9720458f
-..33852bfa
-      ..ad8d5089
-      ..a962c228
-..33852bfa
-      ..0a2c71b4
-    }..a048e0a1
-..33852bfa
-    @O..2f5a3144
-    pu..553511a2
-      ..19f9b7cd
-..33852bfa
-      ..71667b50
-      ..139d4409
-      ..cc42f705
-      ..62c8e5dc
-..33852bfa
-      ..bba47af6
-      ..2fb93a82
-      ..38253967
-      ..cc42f705
-      ..62c8e5dc
-..33852bfa
-      ..ce6d4133
-      ..e01e0b75
-      ..3bf65dbe
-      ..08ddbda8
-..33852bfa
-      ..bb5a7ebd
-      ..4f1f329a
-..33852bfa
-      ..8c37866c
-      ..7ab97aec
-..33852bfa
-      ..7c881483
-      ..a4cbeb10
-      ..cc42f705
-      ..62c8e5dc
-..33852bfa
-      ..e4bc5953
-      ..125b4a12
-      ..2178b062
-..33852bfa
-      ..0a2c71b4
-    }..a048e0a1
+	/**..b28ee03d
+	 * Lo..bac5ed38
+	 */..4aa85304
+	priva..39706de9
+..c0441ec2
+	/**..b28ee03d
+	 * Cl..30f95f9d
+	 *..b74390e2
+	 * @p..d48c64ee
+	 *   ..09f76efa
+	 */..4aa85304
+	publi..67007738
+		supe..4831abef
+	}..a56d77c4
+..c0441ec2
+	@Over..1ac6fd46
+	publi..8a705a20
+		GetT..9015ccf7
+..c0441ec2
+		if (..d0f1fd06
+			LOG..bf1bd1de
+			ret..3a951611
+		}..d812cb9f
+..c0441ec2
+		if (..48507c9c
+			LOG..8ac4e256
+			ret..3a951611
+		}..d812cb9f
+..c0441ec2
+		Map<..bb48ba8c
+		para..108d3ffa
+..c0441ec2
+		// C..05d8f159
+		Stri..b0913a3f
+..c0441ec2
+		resp..98a223a5
+				me..a708edef
+..c0441ec2
+		retu..bcb92e61
+	}..a56d77c4
+++ /de..6fa5d702
-packag..8bdfeb2d
-..33852bfa
-import..856a4e84
-import..39045bfa
-import..6bdbfda0
-import..66cf0b89
-..33852bfa
-/**..4276e0b8
- * <p>..83f85676
- */..c27e22c2
-public..1c6f946f
-..33852bfa
-    /*..4ec20c86
-     *..db42aeb2
-     *..c44790d4
-     *..7f419bb7
-     *..2392aa82
-    @O..2f5a3144
-    Ev..166fe833
-..33852bfa
-    /*..4ec20c86
-     *..c074fcd4
-     *..c44790d4
-     *..9fbb3a2a
-     *..2392aa82
-    @O..2f5a3144
-    Id..6745f340
-..33852bfa
-    /*..4ec20c86
-     *..e09e2917
-     *..c44790d4
-     *..fef4bda7
-     *..2392aa82
-    @O..2f5a3144
-    To..f2c72a44
-..33852bfa
-    /*..4ec20c86
-     *..2e62949a
-     *..c44790d4
-     *..255b1a6b
-     *..2392aa82
-    @O..2f5a3144
-    Tr..08f1c8a7
-..33852bfa
-}..d8aee4fb
+import..0a29c6b9
+..c0441ec2
-import..cf367d25
-import..8fe357c7
-..33852bfa
-import..933ff7cd
-     *..1291508e
-     *..c44790d4
-     *..55c3eaed
-     *..18c472af
-     *..2392aa82
-    Fu..5059d1f0
-..33852bfa
-    /*..4ec20c86
-import..cf367d25
-import..8fe357c7
-     *..1291508e
-     *..c44790d4
-     *..55c3eaed
-     *..18c472af
-     *..2392aa82
-    Li..979b2b45
-..33852bfa
-    /*..4ec20c86
+import..0a29c6b9
+..c0441ec2
-import..cf367d25
-import..8fe357c7
-..33852bfa
-import..933ff7cd
-    pu..632840cf
-      ..3edbfa12
-    ) ..65eed998
-      ..5978413c
-    }..a048e0a1
-..33852bfa
-    @O..2f5a3144
+import..3ee3fb64
+import..4a3cd378
+import..4046daab
+..c0441ec2
-import..cf367d25
-import..8fe357c7
-..33852bfa
-import..6259f5e5
-import..092bf1c0
-import..fb84a4e6
-    @O..2f5a3144
-    pu..ea2fec9e
-      ..3edbfa12
-    ) ..65eed998
-      ..81840d5c
-..33852bfa
-      ..71667b50
-      ..10e2a5da
-      ..cc42f705
-      ..62c8e5dc
-..33852bfa
-      ..01f7f2d3
-      ..b1c32a26
-      ..babeb317
-      ..30b97d82
-      ..f9818b7b
-      ..cc42f705
-      ..62c8e5dc
-..33852bfa
-      ..ce6d4133
-      ..e343e345
-      ..3f8ac08c
-      ..e01e0b75
-      ..fdca035d
-      ..20b686c1
-      ..b7030d5a
-      ..08ddbda8
-      ..4e68c8d9
-..33852bfa
-      ..bb5a7ebd
-      ..42b01bc7
-..33852bfa
-      ..32c99bcf
-      ..4583b98c
-      ..ca5b4b18
-..33852bfa
-      ..0a2c71b4
-    }..a048e0a1
-..33852bfa
+..c0441ec2
+++ /de..6fa5d702
-packag..68ed3e8e
-..33852bfa
-import..35605824
-import..43c00897
-import..6b8eb398
-..33852bfa
-import..ed15acab
-..33852bfa
-/**..4276e0b8
- * <p>..bb2627e8
- * Lis..bd4ebc52
- * </p..4ae0102a
- */..c27e22c2
-@Value..de57da75
-@Gson...2bdc2217
-public..6762ca24
-..33852bfa
-    /*..4ec20c86
-     *..b03c1a4e
-     *..59308dce
-     *..2392aa82
-    @S..13af4291
-    pu..0b9e94cc
-..33852bfa
-    /*..4ec20c86
-     *..23626399
-     *..59308dce
-     *..2392aa82
-    @S..907055e5
-    pu..84ce3cc2
-..33852bfa
-    /*..4ec20c86
-     *..b55a4a7d
-     *..59308dce
-     *..2392aa82
-    @S..8f17f584
-    pu..eb3574fe
-..33852bfa
-    /*..4ec20c86
-     *..0d153eb2
-     *..59308dce
-     *..2392aa82
-    @S..6795120f
-    pu..d8c323d5
-..33852bfa
-    /*..4ec20c86
-     *..6cae4572
-     *..2392aa82
-    @O..2f5a3144
-    pu..9af868ec
-      ..0dda6d38
-      ..01d2ae2f
-    }..a048e0a1
-..33852bfa
-}..d8aee4fb
+++ /de..6fa5d702
-packag..68ed3e8e
-..33852bfa
-import..35605824
-import..43c00897
-import..6b8eb398
-..33852bfa
-import..efa04bd3
-import..ed15acab
-..33852bfa
-/**..4276e0b8
- * <p>..bb2627e8
- * Lis..cea93af0
- * </p..4ae0102a
- */..c27e22c2
-@Value..de57da75
-@Gson...2bdc2217
-public..5f5b0aa5
-..33852bfa
-    /*..4ec20c86
-     *..b8131713
-     *..59308dce
-     *..2392aa82
-    @S..2dc1eb44
-    pu..b636c4e9
-..33852bfa
-    /*..4ec20c86
-     *..6cae4572
-     *..2392aa82
-    @O..2f5a3144
-    pu..9af868ec
-      ..11d2154c
-    }..a048e0a1
-..33852bfa
-}..d8aee4fb
+++ /de..6fa5d702
-packag..51369496
-..33852bfa
-import..35605824
-import..43c00897
-import..6b8eb398
-..33852bfa
-import..ed15acab
-..33852bfa
-/**..4276e0b8
- * <p>..760db55a
- * </p..4ae0102a
- */..c27e22c2
-@Value..de57da75
-@Gson...2bdc2217
-public..19eb4716
-..33852bfa
-    /*..4ec20c86
-     *..cfebfe94
-     *..59308dce
-     *..2392aa82
-    @S..f81d3eae
-    pu..6e170799
-..33852bfa
-    /*..4ec20c86
-     *..e95c02f1
-     *..59308dce
-     *..2392aa82
-    @S..4a956176
-    pu..e342ebe2
-..33852bfa
-    /*..4ec20c86
-     *..0d153eb2
-     *..59308dce
-     *..2392aa82
-    @S..6795120f
-    pu..d8c323d5
-..33852bfa
-    /*..4ec20c86
-     *..6cae4572
-     *..916fa0c0
-     *..2392aa82
-    @O..2f5a3144
-    pu..9af868ec
-      ..17ba6e01
-      ..4f78cc24
-    }..a048e0a1
-..33852bfa
-}..d8aee4fb
+++ /de..6fa5d702
-packag..51369496
-..33852bfa
-import..35605824
-import..43c00897
-import..6b8eb398
-..33852bfa
-import..ed15acab
-..33852bfa
-/**..4276e0b8
- * <p>..f82cfcdd
- * </p..4ae0102a
- */..c27e22c2
-@Value..de57da75
-@Gson...2bdc2217
-public..08d2a266
-..33852bfa
-    /*..4ec20c86
-     *..951fc0b7
-     *..59308dce
-     *..2392aa82
-    @S..58e786dd
-    pu..af5f0ef1
-..33852bfa
-    /*..4ec20c86
-     *..e7ee2f81
-     *..59308dce
-     *..2392aa82
-    @S..31dfebef
-    pu..2c3a8d73
-..33852bfa
-    /*..4ec20c86
-     *..139379e2
-     *..59308dce
-     *..2392aa82
-    @S..53a6d2e0
-    pu..2ab041d1
-..33852bfa
-    /*..4ec20c86
-     *..6cae4572
-     *..916fa0c0
-     *..2392aa82
-    @O..2f5a3144
-    pu..9af868ec
-      ..14679f1b
-      ..0511f093
-    }..a048e0a1
-..33852bfa
-}..d8aee4fb
+++ /de..6fa5d702
-packag..0c4ce2f5
-..33852bfa
-import..35605824
-import..43c00897
-import..6b8eb398
-..33852bfa
-import..ed15acab
-..33852bfa
-/**..4276e0b8
- * <p>..bb2627e8
- * Lis..05f5dc98
- * </p..4ae0102a
- */..c27e22c2
-@Value..de57da75
-@Gson...2bdc2217
-public..6093e5fe
-..33852bfa
-    /*..4ec20c86
-     *..f50e1e2f
-     *..59308dce
-     *..2392aa82
-    @S..907055e5
-    pu..84ce3cc2
-..33852bfa
-    /*..4ec20c86
-     *..64605f08
-     *..59308dce
-     *..2392aa82
-    @S..762433a6
-    pu..ec679533
-..33852bfa
-    /*..4ec20c86
-     *..0d153eb2
-     *..59308dce
-     *..2392aa82
-    @S..6795120f
-    pu..d8c323d5
-..33852bfa
-    /*..4ec20c86
-     *..6cae4572
-     *..2392aa82
-    @O..2f5a3144
-    pu..9af868ec
-      ..7a370011
-      ..4f78cc24
-    }..a048e0a1
-..33852bfa
-}..d8aee4fb
+++ /de..6fa5d702
-packag..0c4ce2f5
-..33852bfa
-import..35605824
-import..43c00897
-import..6b8eb398
-..33852bfa
-import..efa04bd3
-import..ed15acab
-..33852bfa
-/**..4276e0b8
- * <p>..bb2627e8
- * Lis..87b81ea4
- * </p..4ae0102a
- */..c27e22c2
-@Value..de57da75
-@Gson...2bdc2217
-public..da56db19
-..33852bfa
-    /*..4ec20c86
-     *..1e6de9b8
-     *..59308dce
-     *..2392aa82
-    @S..2ec5ea76
-    pu..d22ae3a2
-..33852bfa
-    /*..4ec20c86
-     *..6cae4572
-     *..2392aa82
-    @O..2f5a3144
-    pu..9af868ec
-      ..d3dc9b56
-    }..a048e0a1
-..33852bfa
-}..d8aee4fb
+++ /de..6fa5d702
-packag..3db0b230
-..33852bfa
-import..35605824
-import..43c00897
-import..6b8eb398
-..33852bfa
-import..092bf1c0
-import..ed15acab
-..33852bfa
-/**..4276e0b8
- * <p>..bb2627e8
- * Lis..b4319e2c
- * </p..4ae0102a
- */..c27e22c2
-@Value..de57da75
-@Gson...2bdc2217
-public..d19ab34b
-..33852bfa
-    /*..4ec20c86
-     *..b03c1a4e
-     *..59308dce
-     *..2392aa82
-    @S..13af4291
-    pu..0b9e94cc
-..33852bfa
-    /*..4ec20c86
-     *..3976b930
-     *..59308dce
-     *..2392aa82
-    @S..0e45b36b
-    pu..7fa92155
-..33852bfa
-    /*..4ec20c86
-     *..f50e1e2f
-     *..59308dce
-     *..2392aa82
-    @S..907055e5
-    pu..84ce3cc2
-..33852bfa
-    /*..4ec20c86
-     *..1c9fb301
-     *..59308dce
-     *..2392aa82
-    @S..a419e209
-    pu..72519f83
-..33852bfa
-    /*..4ec20c86
-     *..f4cd9c9a
-     *..59308dce
-     *..2392aa82
-    @S..d32db415
-    pu..89bbf00c
-..33852bfa
-    /*..4ec20c86
-     *..e060a440
-     *..59308dce
-     *..2392aa82
-    @S..7bfe7d5f
-    pu..d9e36e58
-..33852bfa
-    /*..4ec20c86
-     *..0d153eb2
-     *..59308dce
-     *..2392aa82
-    @S..6795120f
-    pu..d8c323d5
-..33852bfa
-    /*..4ec20c86
-     *..4a9ed1cc
-     *..59308dce
-     *..2392aa82
-    @S..065d84bd
-    pu..1bbb2c31
-..33852bfa
-}..d8aee4fb
+++ /de..6fa5d702
-packag..3db0b230
-..33852bfa
-import..35605824
-import..43c00897
-import..6b8eb398
-..33852bfa
-import..092bf1c0
-import..ed15acab
-..33852bfa
-/**..4276e0b8
- * <p>..bb2627e8
- * Lis..e664f783
- * </p..4ae0102a
- */..c27e22c2
-@Value..de57da75
-@Gson...2bdc2217
-public..b7f69332
-..33852bfa
-    /*..4ec20c86
-     *..153e4e6f
-     *..59308dce
-     *..2392aa82
-    @S..10f725f9
-    pu..11d93dcc
-..33852bfa
-    /*..4ec20c86
-     *..3976b930
-     *..59308dce
-     *..2392aa82
-    @S..0e45b36b
-    pu..7fa92155
-..33852bfa
-    /*..4ec20c86
-     *..1c9fb301
-     *..59308dce
-     *..2392aa82
-    @S..a419e209
-    pu..72519f83
-..33852bfa
-    /*..4ec20c86
-     *..f4cd9c9a
-     *..59308dce
-     *..2392aa82
-    @S..d32db415
-    pu..89bbf00c
-..33852bfa
-    /*..4ec20c86
-     *..756ee0a5
-     *..59308dce
-     *..2392aa82
-    @S..1d2826d8
-    pu..a26f2626
-..33852bfa
-    /*..4ec20c86
-     *..275464f9
-     *..59308dce
-     *..2392aa82
-    @S..9e8033cf
-    pu..17614f8b
-..33852bfa
-    /*..4ec20c86
-     *..343353d6
-     *..59308dce
-     *..2392aa82
-    @S..8d0af4f5
-    pu..ebe8de76
-..33852bfa
-    /*..4ec20c86
-     *..6cae4572
-     *..2392aa82
-    @O..2f5a3144
-    pu..9af868ec
-      ..03a125cf
-      ..c146d727
-      ..ea379bbf
-    }..a048e0a1
-..33852bfa
-}..d8aee4fb
+import..c8460f18
+..c0441ec2
+import..e71ee0c2
+import..03bb2dfa
+..c0441ec2
-import..1f2ca532
-import..982f03ca
-import..77ad8803
-import..aec6b5cd
-import..00ad3dae
-import..4cb49bb2
-..33852bfa
-import..6259f5e5
-import..092bf1c0
-..33852bfa
-import..796f2a4d
-    }..a048e0a1
-..33852bfa
-    @T..687b7e3e
-    pu..112d25a5
-      ..230621d4
-      ..ef142f28
-      ..3656ae14
-      ..89beb43f
-      ..6c73e26b
-      ..2178b062
-      ..a28beaf4
-      ..d06fcf9b
-..33852bfa
-      ..393d51d0
-      ..e870a735
-      ..96b19d18
-      ..e7dbbd68
-      ..c3664752
-..33852bfa
-      ..fc818b43
-      ..4c79a1f4
-      ..29af4182
-      ..70bb04ac
-      ..81661e56
-      ..d125ab82
-      ..b0c636f2
-      ..c31d88c4
-..33852bfa
-      ..896aefaf
-      ..a2abb79d
-      ..49299368
-      ..d7917bc2
-      ..0a8b1bde
-..33852bfa
-      ..0c17f697
-      ..6270ed35
-      ..0e8ef1a3
-      ..80086d8e
-      ..5cb827c5
-      ..ffefacfd
-      ..79a39ba1
-      ..3887f8cb
-      ..46f191de
-      ..1d5e68fc
-      ..d1041933
-      ..a90f34da
-      ..550e8f1d
-      ..ffefacfd
-      ..4589eab1
-      ..37410d45
-      ..b1db0e33
-      ..047dd311
-      ..536a0231
-      ..36d7c0e4
-      ..ec5fc4b6
-      ..232f4653
-      ..d425e463
-      ..fcfdc287
-      ..7ea6d250
-      ..a9b2e1f7
-      ..52f3ab65
-      ..37b78b07
-      ..83ea7927
-      ..75368d6b
-      ..2b5dd551
-      ..6e27a20d
-      ..44df0af1
-      ..ea7051d4
-      ..e9dfc9a9
-      ..ffefacfd
-      ..1e1dfc9e
-      ..79357be0
-      ..bca5f54e
-      ..0d6ba8b4
-      ..ffefacfd
-      ..ddcd1cad
-      ..a1af2cdd
-      ..e081b488
-      ..e2063f12
-      ..dad050b9
-      ..bbcee165
-      ..107c47d4
-      ..2f59b482
-      ..30da846b
-      ..f2adab40
-      ..bf339dd6
-      ..4c01c93f
-      ..26cbb744
-      ..ffefacfd
-      ..909a0f41
-      ..963af3aa
-      ..a4a7018e
-      ..5552c1e5
-      ..f2c78c89
-      ..ffefacfd
-      ..e3ba5d4c
-..33852bfa
-      ..62c8e5dc
-    }..a048e0a1
-..33852bfa
+    }..bb956f55
+import..c8460f18
+..c0441ec2
+import..3ee3fb64
+import..4a3cd378
+..c0441ec2
+import..e71ee0c2
+import..03bb2dfa
+..c0441ec2
-import..1c302507
-import..73f7da61
-import..00ad3dae
-import..4cb49bb2
-..33852bfa
-import..6259f5e5
-import..092bf1c0
-..33852bfa
-import..796f2a4d
-    @T..687b7e3e
-    pu..112d25a5
-      ..e6ecba7a
-      ..b814b73a
-      ..8ebc5b57
-      ..8fdf9307
-..33852bfa
-      ..aa25ed27
-      ..a269b69a
-      ..19dd6d49
-      ..4d3b13c0
-      ..9aff20ca
-      ..a98268a6
-      ..00942c53
-      ..25a90309
-      ..992d171e
-      ..2178b062
-      ..85d001f6
-      ..12c651d2
-      ..7c7e255d
-      ..876df35d
-      ..921d2cad
-      ..ebf73877
-      ..1aa5fa1b
-      ..8a9ea4b9
-      ..a88e422b
-    }..a048e0a1
+import..c8460f18
+..c0441ec2
+import..e71ee0c2
+import..03bb2dfa
+..c0441ec2
-import..0c0c3f3c
-import..7578037e
-import..00ad3dae
-import..4cb49bb2
-..33852bfa
-import..796f2a4d
-    @T..687b7e3e
-    pu..112d25a5
-      ..275d5ef9
-      ..3cd36bbd
-      ..5aa1966a
-      ..89beb43f
-      ..2178b062
-      ..c13fd7db
-      ..96b19d18
-      ..a251d6ff
-      ..876df35d
-      ..925f88f0
-      ..22e28d28
-      ..00ce2159
-      ..fea10e19
-      ..c742ef3a
-      ..a05735b5
-      ..46c4a2e3
-      ..5dc404c4
-      ..06476550
-      ..25e035b7
-      ..2be252ae
-      ..7b8eb6ab
-      ..370a5671
-      ..3b532935
-    }..a048e0a1
-..33852bfa
+import..c8460f18
+..c0441ec2
+import..3ee3fb64
+import..4a3cd378
+..c0441ec2
+import..e71ee0c2
+import..03bb2dfa
+..c0441ec2
-import..8df2ec55
-import..cf367d25
-import..00ad3dae
-import..4cb49bb2
-..33852bfa
-import..6259f5e5
-import..092bf1c0
-..33852bfa
-import..796f2a4d
-    pu..76cba897
-      ..59f2d4a9
-      ..d6b69c07
-      ..52996748
-      ..d7f9c980
-..33852bfa
-      ..8b3a487f
-      ..ae3ac82c
-      ..6b6b2b3d
-      ..f205810a
-      ..f63f5bb0
-      ..4fdf7068
-      ..3dd3bc46
-      ..d9a6b242
-      ..3b64c32d
-      ..2178b062
-      ..7bec6dcf
-      ..0e25c72d
-      ..96b19d18
-      ..a246e73a
-      ..921d2cad
-      ..4e884474
-      ..ddd2f100
-      ..7003d73b
-      ..caa29722
-      ..8e0b4598
-      ..91fda0d7
-      ..caa29722
-      ..8e0b4598
-      ..b4856260
-      ..e5c6ac7e
-      ..152085ff
-      ..37e04af8
-    }..a048e0a1
-..33852bfa
-    @T..687b7e3e
-import..b21a070a
-import..f3222b27
-import..cb91139e
-import..6fd2a408
-import..d0c2f294
-import..c54c4220
-import..5b26f2da
-import..982f03ca
-import..77ad8803
-import..aec6b5cd
+import..c8460f18
+..c0441ec2
+import..4a3cd378
+import..0a29c6b9
+..c0441ec2
-import..092bf1c0
-import..933ff7cd
-..33852bfa
-import..796f2a4d
+import..c274b933
+import..54cc0b1d
+import..1af71a70
+import..c5e65799
+import..723d21e0
+import..3c68bbc7
+import..b10b8b8d
-    Co..1c02ca4d
-..33852bfa
-    @B..a02e2973
-    pu..16519d37
-      ..b7164a50
-    }..a048e0a1
-..33852bfa
-    @T..687b7e3e
-    pu..4dcde205
-      ..2fae9ce2
-      ..d3d706c7
-      ..d06fcf9b
-    }..a048e0a1
-..33852bfa
-    @S..09976000
-    @T..687b7e3e
-    pu..3e73cc3e
-      ..192cee1e
-      ..3e4ff278
-      ..6c73e26b
-      ..2178b062
-..33852bfa
-      ..372e393d
-..33852bfa
-      ..3de004f9
-      ..2ec6c2f2
-      ..e0357709
-..33852bfa
-      ..2fae9ce2
-      ..7d49736f
-      ..5de1c4cf
-      ..0afd2e01
-..33852bfa
-      ..f5639e6c
-      ..cae2374f
-    }..a048e0a1
-..33852bfa
-..33852bfa
-    @S..09976000
-    @T..687b7e3e
-    pu..7f0d281f
-      ..230621d4
-      ..46e019bf
-      ..978d0411
-      ..fc5b2ab6
-      ..6c73e26b
-      ..2178b062
-..33852bfa
-      ..d6afd227
-      ..0469f491
-      ..ce530410
-..33852bfa
-      ..3de004f9
-      ..2ec6c2f2
-      ..2403c2d3
-..33852bfa
-      ..2fae9ce2
-      ..f6578d9e
-      ..df42dc27
-      ..589a35d8
-      ..1679de1d
-      ..50120eb0
-      ..0dd5f109
-..33852bfa
-      ..f5639e6c
-      ..cae2374f
-    }..a048e0a1
-..33852bfa
-    @S..09976000
-    @T..687b7e3e
-    pu..0ffa478e
-      ..230621d4
-      ..46e019bf
-      ..978d0411
-      ..fc5b2ab6
-      ..6c73e26b
-      ..2178b062
-..33852bfa
-      ..d6afd227
-      ..2ad53c00
-      ..0469f491
-      ..ce530410
-..33852bfa
-      ..3de004f9
-      ..2ec6c2f2
-      ..2403c2d3
-..33852bfa
-      ..2fae9ce2
-      ..f6578d9e
-      ..df42dc27
-      ..589a35d8
-      ..1679de1d
-      ..50120eb0
-      ..9dbcb3a2
-..33852bfa
-      ..f5639e6c
-      ..cae2374f
-    }..a048e0a1
-..33852bfa
+	Confi..e6677557
+..c0441ec2
+	@Befo..caf24514
+	publi..3a34aa59
+		enji..14220f67
+	}..a56d77c4
+..c0441ec2
+	@Test..938d7d79
+	publi..5df45eba
+		even..2335b476
+		asse..bf787ae2
+	}..a56d77c4
+..c0441ec2
+	@Supp..20197186
+	@Test..938d7d79
+	publi..164a9a02
+		GetE..1f379176
+				.b..e64d4269
+..c0441ec2
+		GetE..74198b86
+..c0441ec2
+		Json..943eb8a6
+		Powe..e921a618
+		Mock..606bb3d2
+				Mo..37f8dd8d
+..c0441ec2
+		even..2335b476
+		Futu..c98ca38e
+		asse..9526ebc6
+		asse..5cad4356
+..c0441ec2
+		Powe..6bd6d108
+		Mock..5bb190cd
+				Mo..0b3382bd
+	}..a56d77c4
-import..b21a070a
-import..38781325
-import..cb91139e
-import..6fd2a408
-import..d0c2f294
-import..c54c4220
-import..5b26f2da
-import..982f03ca
-import..77ad8803
-import..aec6b5cd
+import..c8460f18
+..c0441ec2
+import..4a3cd378
+..c0441ec2
-import..092bf1c0
-..33852bfa
-import..796f2a4d
+import..c274b933
+import..f12c2c7e
+import..1af71a70
+import..c5e65799
+import..723d21e0
+import..3c68bbc7
+import..b10b8b8d
-    }..a048e0a1
-..33852bfa
-    @T..687b7e3e
-    pu..261a0fed
-      ..c3f249e4
-..33852bfa
-      ..ac57abf8
-      ..20a8c908
-      ..c9674986
-    }..a048e0a1
-..33852bfa
-    @T..687b7e3e
-    pu..c39ca5bc
-      ..230621d4
-      ..75a61d0f
-      ..978d0411
-      ..fc5b2ab6
-      ..6c73e26b
-      ..2178b062
-..33852bfa
-      ..ac57abf8
-      ..20a8c908
-      ..c9674986
-    }..a048e0a1
-..33852bfa
-    @T..687b7e3e
-    pu..b00c0d86
-      ..230621d4
-      ..6d67a7f3
-      ..978d0411
-      ..fc5b2ab6
-      ..6c73e26b
-      ..2178b062
-..33852bfa
-      ..ac57abf8
-      ..20a8c908
-      ..c9674986
-    }..a048e0a1
-..33852bfa
-    @T..687b7e3e
-    pu..0b133325
-      ..230621d4
-      ..46e019bf
-      ..91796d2d
-      ..fc5b2ab6
-      ..6c73e26b
-      ..2178b062
-      ..ac57abf8
-      ..20a8c908
-      ..c9674986
-    }..a048e0a1
-..33852bfa
-    @T..687b7e3e
-    pu..6d49f4a0
-      ..230621d4
-      ..46e019bf
-      ..978d0411
-      ..c8d97f60
-      ..6c73e26b
-      ..2178b062
-      ..ac57abf8
-      ..20a8c908
-      ..c9674986
-    }..a048e0a1
-..33852bfa
-    @T..687b7e3e
-    pu..ddb0199d
-      ..230621d4
-      ..46e019bf
-      ..978d0411
-      ..5de0244e
-      ..6c73e26b
-      ..2178b062
-      ..ac57abf8
-      ..20a8c908
-      ..c9674986
-    }..a048e0a1
-..33852bfa
-    @T..687b7e3e
-    pu..f169067e
-      ..230621d4
-      ..46e019bf
-      ..978d0411
-      ..fc5b2ab6
-      ..72344e36
-      ..2178b062
-      ..ac57abf8
-      ..20a8c908
-      ..c9674986
-    }..a048e0a1
-..33852bfa
-    @T..687b7e3e
-    pu..b236bc10
-      ..230621d4
-      ..46e019bf
-      ..978d0411
-      ..fc5b2ab6
-      ..b71335b5
-      ..2178b062
-      ..ac57abf8
-      ..20a8c908
-      ..c9674986
-    }..a048e0a1
-..33852bfa
-    @S..09976000
-    @T..687b7e3e
-    pu..1a268642
-      ..230621d4
-      ..46e019bf
-      ..978d0411
-      ..fc5b2ab6
-      ..6c73e26b
-      ..2178b062
-..33852bfa
-      ..411f9005
-..33852bfa
-      ..3de004f9
-      ..2ec6c2f2
-      ..2403c2d3
-..33852bfa
-      ..ac57abf8
-      ..20a8c908
-      ..c9674986
-..33852bfa
-      ..f5639e6c
-      ..cae2374f
-    }..a048e0a1
-..33852bfa
-    @S..09976000
-    @T..687b7e3e
-    pu..a91784a3
-      ..230621d4
-      ..46e019bf
-      ..978d0411
-      ..fc5b2ab6
-      ..6c73e26b
-      ..2178b062
-..33852bfa
-      ..1893e860
-..33852bfa
-      ..3de004f9
-      ..2ec6c2f2
-      ..2403c2d3
-..33852bfa
-      ..ac57abf8
-      ..20a8c908
-      ..c9674986
-..33852bfa
-      ..f5639e6c
-      ..cae2374f
-    }..a048e0a1
-..33852bfa
-    @S..09976000
-    @T..687b7e3e
-    pu..7f0d281f
-      ..230621d4
-      ..46e019bf
-      ..978d0411
-      ..fc5b2ab6
-      ..6c73e26b
-      ..2178b062
-..33852bfa
-      ..d6afd227
-      ..0469f491
-      ..ce530410
-..33852bfa
-      ..3de004f9
-      ..2ec6c2f2
-      ..2403c2d3
-..33852bfa
-      ..ac57abf8
-      ..20a8c908
-      ..1679de1d
-      ..50120eb0
-      ..0dd5f109
-..33852bfa
-      ..f5639e6c
-      ..cae2374f
-    }..a048e0a1
-..33852bfa
-    @S..09976000
-    @T..687b7e3e
-    pu..0ffa478e
-      ..230621d4
-      ..46e019bf
-      ..978d0411
-      ..fc5b2ab6
-      ..6c73e26b
-      ..2178b062
-..33852bfa
-      ..d6afd227
-      ..2ad53c00
-      ..0469f491
-      ..ce530410
-..33852bfa
-      ..3de004f9
-      ..2ec6c2f2
-      ..2403c2d3
-..33852bfa
-      ..ac57abf8
-      ..20a8c908
-      ..1679de1d
-      ..50120eb0
-      ..9dbcb3a2
-..33852bfa
-      ..f5639e6c
-      ..cae2374f
-    }..a048e0a1
-..33852bfa
+    }..bb956f55
+import..c8460f18
+..c0441ec2
+import..3ee3fb64
+import..4a3cd378
+import..0a29c6b9
+..c0441ec2
+import..e71ee0c2
+import..03bb2dfa
+import..43791c66
+import..7c08bf0e
+import..4047446f
+import..3b6c13f0
+import..9715545b
+..c0441ec2
-import..1c302507
-import..f2e2cec3
-import..73f7da61
-import..d3074529
-import..00ad3dae
-import..4cb49bb2
-import..4c318547
-import..2e088364
-import..f966aff7
-import..477209fd
-import..262d39e5
-..33852bfa
-import..6259f5e5
-import..092bf1c0
-import..933ff7cd
-..33852bfa
-import..796f2a4d
-    @S..fe824f6b
-    @T..687b7e3e
-    pu..1d4c3136
-      ..4d3b13c0
-      ..6c73e26b
-      ..8f4f8f50
-      ..bbf051a5
-      ..5c83b81d
-      ..2178b062
-..33852bfa
-      ..ee4ee99e
-      ..d9a4aafe
-      ..ce530410
-..33852bfa
-      ..3de004f9
-      ..2ec6c2f2
-      ..1293f047
-..33852bfa
-      ..53a1cf2d
-      ..7d9e53f4
-      ..e6bf5f28
-      ..e047c42d
-      ..73914cf9
-      ..e7753f93
-..33852bfa
-      ..f5639e6c
-      ..cae2374f
-    }..a048e0a1
-..33852bfa
-    @S..fe824f6b
-    @T..687b7e3e
-    pu..f646e410
-      ..4d3b13c0
-      ..6c73e26b
-      ..8f4f8f50
-      ..bbf051a5
-      ..5c83b81d
-      ..2178b062
-..33852bfa
-      ..ee4ee99e
-      ..5d7aa9ce
-      ..d9a4aafe
-      ..ce530410
-..33852bfa
-      ..3de004f9
-      ..2ec6c2f2
-      ..1293f047
-..33852bfa
-      ..53a1cf2d
-      ..7d9e53f4
-      ..e6bf5f28
-      ..e047c42d
-      ..73914cf9
-      ..bfe859eb
-..33852bfa
-      ..f5639e6c
-      ..cae2374f
-    }..a048e0a1
-..33852bfa
+import..c8460f18
+..c0441ec2
+import..3ee3fb64
+import..4a3cd378
+..c0441ec2
+import..e71ee0c2
+import..03bb2dfa
+import..43791c66
+import..7c08bf0e
+import..4047446f
+import..3b6c13f0
+import..9715545b
+..c0441ec2
-import..1c302507
-import..f2e2cec3
-import..73f7da61
-import..d3074529
-import..00ad3dae
-import..4cb49bb2
-import..4c318547
-import..2e088364
-import..f966aff7
-import..477209fd
-import..262d39e5
-..33852bfa
-import..6259f5e5
-import..092bf1c0
-..33852bfa
-import..796f2a4d
-    Id..65536bee
-    Co..1c02ca4d
-..33852bfa
-    @B..a02e2973
-    pu..16519d37
-      ..b7164a50
-    }..a048e0a1
-..33852bfa
-    @T..687b7e3e
-    pu..4dcde205
-      ..e5bbe44e
-      ..159f280c
-      ..d06fcf9b
-    }..a048e0a1
-..33852bfa
-    @T..687b7e3e
-    pu..f26f88b3
-      ..0c121faf
-..33852bfa
-      ..e5bbe44e
-      ..396bc679
-      ..6e19f3ce
-    }..a048e0a1
-..33852bfa
-    @T..687b7e3e
-    pu..e0c3e5db
-      ..06324961
-      ..b71335b5
-      ..2178b062
-..33852bfa
-      ..e5bbe44e
-      ..396bc679
-      ..6e19f3ce
-    }..a048e0a1
-..33852bfa
-    @T..687b7e3e
-    pu..898d6c4d
-      ..06324961
-      ..72344e36
-      ..2178b062
-..33852bfa
-      ..e5bbe44e
-      ..396bc679
-      ..6e19f3ce
-    }..a048e0a1
-..33852bfa
-    @S..e75787eb
-    @T..687b7e3e
-    pu..2400a02d
-      ..06324961
-      ..6c73e26b
-      ..83b3d791
-      ..2178b062
-..33852bfa
-      ..e5bbe44e
-      ..396bc679
-      ..6e19f3ce
-    }..a048e0a1
-..33852bfa
-    @T..687b7e3e
-    pu..ac5e3b56
-      ..06324961
-      ..6c73e26b
-      ..f4f9a9e5
-      ..2178b062
-..33852bfa
-      ..e5bbe44e
-      ..396bc679
-      ..6e19f3ce
-    }..a048e0a1
-..33852bfa
-    @S..fe824f6b
-    @T..687b7e3e
-    pu..f2543de2
-      ..06324961
-      ..6c73e26b
-      ..8f4f8f50
-      ..bbf051a5
-      ..5c83b81d
-      ..2178b062
-..33852bfa
-      ..184c16d7
-..33852bfa
-      ..3de004f9
-      ..2ec6c2f2
-      ..16819832
-..33852bfa
-      ..e5bbe44e
-      ..396bc679
-      ..6e19f3ce
-..33852bfa
-      ..f5639e6c
-      ..cae2374f
-    }..a048e0a1
-..33852bfa
-    @S..fe824f6b
-    @T..687b7e3e
-    pu..0e56a5e4
-      ..06324961
-      ..6c73e26b
-      ..8f4f8f50
-      ..bbf051a5
-      ..5c83b81d
-      ..2178b062
-..33852bfa
-      ..e28ab676
-..33852bfa
-      ..3de004f9
-      ..2ec6c2f2
-      ..16819832
-..33852bfa
-      ..e5bbe44e
-      ..396bc679
-      ..5c326a43
-..33852bfa
-      ..f5639e6c
-      ..cae2374f
-    }..a048e0a1
-..33852bfa
-    @T..687b7e3e
-    pu..571ac58c
-      ..0fa40e1d
-..33852bfa
-      ..e5bbe44e
-      ..0d6f83ee
-      ..e1752740
-    }..a048e0a1
-..33852bfa
-    @T..687b7e3e
-    pu..a8ac19da
-      ..4d3b13c0
-      ..b71335b5
-      ..2178b062
-..33852bfa
-      ..e5bbe44e
-      ..0d6f83ee
-      ..e1752740
-    }..a048e0a1
-..33852bfa
-    @T..687b7e3e
-    pu..96718236
-      ..4d3b13c0
-      ..72344e36
-      ..2178b062
-..33852bfa
-      ..e5bbe44e
-      ..0d6f83ee
-      ..e1752740
-    }..a048e0a1
-..33852bfa
-    @S..e75787eb
-    @T..687b7e3e
-    pu..0de6afff
-      ..4d3b13c0
-      ..6c73e26b
-      ..83b3d791
-      ..2178b062
-..33852bfa
-      ..e5bbe44e
-      ..0d6f83ee
-      ..e1752740
-    }..a048e0a1
-..33852bfa
-    @T..687b7e3e
-    pu..7fcb8a81
-      ..4d3b13c0
-      ..6c73e26b
-      ..f4f9a9e5
-      ..2178b062
-..33852bfa
-      ..e5bbe44e
-      ..0d6f83ee
-      ..e1752740
-    }..a048e0a1
-..33852bfa
-    @S..fe824f6b
-    @T..687b7e3e
-    pu..21dfcfb8
-      ..4d3b13c0
-      ..6c73e26b
-      ..8f4f8f50
-      ..bbf051a5
-      ..5c83b81d
-      ..2178b062
-..33852bfa
-      ..a10a3ebc
-..33852bfa
-      ..3de004f9
-      ..2ec6c2f2
-      ..1293f047
-..33852bfa
-      ..e5bbe44e
-      ..0d6f83ee
-      ..e1752740
-..33852bfa
-      ..f5639e6c
-      ..cae2374f
-    }..a048e0a1
-..33852bfa
-    @S..fe824f6b
-    @T..687b7e3e
-    pu..d322f0b7
-      ..4d3b13c0
-      ..6c73e26b
-      ..8f4f8f50
-      ..bbf051a5
-      ..5c83b81d
-      ..2178b062
-..33852bfa
-      ..6a02d6c6
-..33852bfa
-      ..3de004f9
-      ..2ec6c2f2
-      ..1293f047
-..33852bfa
-      ..e5bbe44e
-      ..0d6f83ee
-      ..73914cf9
-      ..16fb5cd8
-..33852bfa
-      ..f5639e6c
-      ..cae2374f
-    }..a048e0a1
-..33852bfa
-    @S..fe824f6b
-    @T..687b7e3e
-    pu..1d4c3136
-      ..4d3b13c0
-      ..6c73e26b
-      ..8f4f8f50
-      ..bbf051a5
-      ..5c83b81d
-      ..2178b062
-..33852bfa
-      ..ee4ee99e
-      ..d9a4aafe
-      ..ce530410
-..33852bfa
-      ..3de004f9
-      ..2ec6c2f2
-      ..1293f047
-..33852bfa
-      ..e5bbe44e
-      ..0d6f83ee
-      ..73914cf9
-      ..e7753f93
-..33852bfa
-      ..f5639e6c
-      ..cae2374f
-    }..a048e0a1
-..33852bfa
-    @S..fe824f6b
-    @T..687b7e3e
-    pu..f646e410
-      ..4d3b13c0
-      ..6c73e26b
-      ..8f4f8f50
-      ..bbf051a5
-      ..5c83b81d
-      ..2178b062
-..33852bfa
-      ..ee4ee99e
-      ..5d7aa9ce
-      ..d9a4aafe
-      ..ce530410
-..33852bfa
-      ..3de004f9
-      ..2ec6c2f2
-      ..1293f047
-..33852bfa
-      ..e5bbe44e
-      ..0d6f83ee
-      ..73914cf9
-      ..bfe859eb
-..33852bfa
-      ..f5639e6c
-      ..cae2374f
-    }..a048e0a1
-..33852bfa
-    @T..687b7e3e
-    pu..0bd686d5
-      ..d7c2fc84
-..33852bfa
-      ..e5bbe44e
-      ..3884babb
-      ..4e48b5d2
-    }..a048e0a1
-..33852bfa
-    @T..687b7e3e
-    pu..fe06a5cb
-      ..d5705e91
-      ..b71335b5
-      ..2178b062
-..33852bfa
-      ..e5bbe44e
-      ..3884babb
-      ..4e48b5d2
-    }..a048e0a1
-..33852bfa
-    @T..687b7e3e
-    pu..974447ec
-      ..d5705e91
-      ..72344e36
-      ..2178b062
-..33852bfa
-      ..e5bbe44e
-      ..3884babb
-      ..4e48b5d2
-    }..a048e0a1
-..33852bfa
-    @S..e75787eb
-    @T..687b7e3e
-    pu..66172f13
-      ..d5705e91
-      ..6c73e26b
-      ..83b3d791
-      ..2178b062
-..33852bfa
-      ..e5bbe44e
-      ..3884babb
-      ..4e48b5d2
-    }..a048e0a1
-..33852bfa
-    @T..687b7e3e
-    pu..504df253
-      ..d5705e91
-      ..6c73e26b
-      ..f4f9a9e5
-      ..2178b062
-..33852bfa
-      ..e5bbe44e
-      ..3884babb
-      ..4e48b5d2
-    }..a048e0a1
-..33852bfa
-    @S..fe824f6b
-    @T..687b7e3e
-    pu..c681add2
-      ..d5705e91
-      ..6c73e26b
-      ..8f4f8f50
-      ..bbf051a5
-      ..5c83b81d
-      ..2178b062
-..33852bfa
-      ..5ee4279f
-..33852bfa
-      ..3de004f9
-      ..2ec6c2f2
-      ..a211e28c
-..33852bfa
-      ..e5bbe44e
-      ..3884babb
-      ..4e48b5d2
-..33852bfa
-      ..f5639e6c
-      ..cae2374f
-    }..a048e0a1
-..33852bfa
-    @S..fe824f6b
-    @T..687b7e3e
-    pu..544349de
-      ..d5705e91
-      ..6c73e26b
-      ..8f4f8f50
-      ..bbf051a5
-      ..5c83b81d
-      ..2178b062
-..33852bfa
-      ..a2c66e7d
-..33852bfa
-      ..3de004f9
-      ..2ec6c2f2
-      ..a211e28c
-..33852bfa
-      ..e5bbe44e
-      ..3884babb
-      ..59766e40
-..33852bfa
-      ..f5639e6c
-      ..cae2374f
-    }..a048e0a1
-..33852bfa
-    @T..687b7e3e
-    pu..8d3159e7
-      ..1318ff3f
-..33852bfa
-      ..e5bbe44e
-      ..f79284d8
-      ..ba127a31
-    }..a048e0a1
-..33852bfa
-    @T..687b7e3e
-    pu..c1c07319
-      ..a390d760
-      ..b71335b5
-      ..2178b062
-..33852bfa
-      ..e5bbe44e
-      ..f79284d8
-      ..ba127a31
-    }..a048e0a1
-..33852bfa
-    @T..687b7e3e
-    pu..6185dd60
-      ..a390d760
-      ..72344e36
-      ..2178b062
-..33852bfa
-      ..e5bbe44e
-      ..f79284d8
-      ..ba127a31
-    }..a048e0a1
-..33852bfa
-    @S..e75787eb
-    @T..687b7e3e
-    pu..4aece2e1
-      ..a390d760
-      ..6c73e26b
-      ..83b3d791
-      ..2178b062
-..33852bfa
-      ..e5bbe44e
-      ..f79284d8
-      ..ba127a31
-    }..a048e0a1
-..33852bfa
-    @T..687b7e3e
-    pu..6c05fd68
-      ..a390d760
-      ..6c73e26b
-      ..f4f9a9e5
-      ..2178b062
-      ..e5bbe44e
-      ..f79284d8
-      ..ba127a31
-    }..a048e0a1
-..33852bfa
-    @S..09d820d9
-    @T..687b7e3e
-    pu..72fd07b5
-      ..a390d760
-      ..6c73e26b
-      ..8f4f8f50
-      ..bbf051a5
-      ..5c83b81d
-      ..59859b3d
-      ..2178b062
-..33852bfa
-      ..e5bbe44e
-      ..f79284d8
-      ..ba127a31
-    }..a048e0a1
-..33852bfa
-    @S..dbcb0d04
-    @T..687b7e3e
-    pu..0cc7bf6a
-      ..a390d760
-      ..6c73e26b
-      ..8f4f8f50
-      ..bbf051a5
-      ..5c83b81d
-      ..17278941
-      ..2178b062
-..33852bfa
-      ..e5bbe44e
-      ..f79284d8
-      ..ba127a31
-    }..a048e0a1
-..33852bfa
-    @S..fe824f6b
-    @T..687b7e3e
-    pu..39a554c7
-      ..a390d760
-      ..6c73e26b
-      ..8f4f8f50
-      ..bbf051a5
-      ..5c83b81d
-      ..b45ee324
-      ..bbf051a5
-      ..5c83b81d
-      ..2178b062
-..33852bfa
-      ..0b06f3e4
-..33852bfa
-      ..3de004f9
-      ..2ec6c2f2
-      ..b746bab8
-..33852bfa
-      ..e5bbe44e
-      ..f79284d8
-      ..ba127a31
-..33852bfa
-      ..f5639e6c
-      ..cae2374f
-    }..a048e0a1
-..33852bfa
-    @S..fe824f6b
-    @T..687b7e3e
-    pu..2d61c104
-      ..a390d760
-      ..6c73e26b
-      ..8f4f8f50
-      ..bbf051a5
-      ..5c83b81d
-      ..b45ee324
-      ..bbf051a5
-      ..5c83b81d
-      ..2178b062
-..33852bfa
-      ..6548189e
-..33852bfa
-      ..3de004f9
-      ..2ec6c2f2
-      ..b746bab8
-..33852bfa
-      ..e5bbe44e
-      ..f79284d8
-      ..efcc5c3a
-..33852bfa
-      ..f5639e6c
-      ..cae2374f
-    }..a048e0a1
-..33852bfa
-    @T..687b7e3e
-    pu..485dbeb1
-      ..5fb3c2ee
-..33852bfa
-      ..e5bbe44e
-      ..64c7bf1e
-      ..b10f7df4
-    }..a048e0a1
-..33852bfa
-    @T..687b7e3e
-    pu..77f9400e
-      ..31a5d599
-      ..b71335b5
-      ..2178b062
-..33852bfa
-      ..e5bbe44e
-      ..64c7bf1e
-      ..b10f7df4
-    }..a048e0a1
-..33852bfa
-    @T..687b7e3e
-    pu..2a88cf90
-      ..31a5d599
-      ..72344e36
-      ..2178b062
-..33852bfa
-      ..e5bbe44e
-      ..64c7bf1e
-      ..b10f7df4
-    }..a048e0a1
-..33852bfa
-    @S..e75787eb
-    @T..687b7e3e
-    pu..0d54baf5
-      ..31a5d599
-      ..6c73e26b
-      ..83b3d791
-      ..2178b062
-..33852bfa
-      ..e5bbe44e
-      ..64c7bf1e
-      ..b10f7df4
-    }..a048e0a1
-..33852bfa
-    @T..687b7e3e
-    pu..cca310f3
-      ..31a5d599
-      ..6c73e26b
-      ..f4f9a9e5
-      ..2178b062
-..33852bfa
-      ..e5bbe44e
-      ..64c7bf1e
-      ..b10f7df4
-    }..a048e0a1
-..33852bfa
-    @S..fe824f6b
-    @T..687b7e3e
-    pu..2668811a
-      ..31a5d599
-      ..6c73e26b
-      ..8f4f8f50
-      ..bbf051a5
-      ..5c83b81d
-      ..2178b062
-..33852bfa
-      ..2c197fb2
-..33852bfa
-      ..3de004f9
-      ..2ec6c2f2
-      ..ba7be9ee
-..33852bfa
-      ..e5bbe44e
-      ..64c7bf1e
-      ..0f55eb11
-      ..167fc961
-..33852bfa
-      ..f5639e6c
-      ..cae2374f
-    }..a048e0a1
-..33852bfa
-    @S..fe824f6b
-    @T..687b7e3e
-    pu..79b51103
-      ..31a5d599
-      ..6c73e26b
-      ..8f4f8f50
-      ..bbf051a5
-      ..5c83b81d
-      ..2178b062
-..33852bfa
-      ..1654ffa9
-..33852bfa
-      ..3de004f9
-      ..2ec6c2f2
-      ..ba7be9ee
-..33852bfa
-      ..e5bbe44e
-      ..64c7bf1e
-      ..0f55eb11
-      ..8a588080
-      ..3609f2d7
-..33852bfa
-      ..f5639e6c
-      ..cae2374f
-    }..a048e0a1
-..33852bfa
-    @S..fe824f6b
-    @T..687b7e3e
-    pu..95a1532a
-      ..31a5d599
-      ..6c73e26b
-      ..8f4f8f50
-      ..bbf051a5
-      ..5c83b81d
-      ..2178b062
-..33852bfa
-      ..fc6f2eb4
-..33852bfa
-      ..3de004f9
-      ..2ec6c2f2
-      ..ba7be9ee
-..33852bfa
-      ..e5bbe44e
-      ..64c7bf1e
-      ..0f55eb11
-      ..8a588080
-      ..996a4c6e
-..33852bfa
-      ..f5639e6c
-      ..cae2374f
-    }..a048e0a1
+	Ident..dcb0f122
+	Confi..e6677557
+..c0441ec2
+	@Befo..caf24514
+	publi..3a34aa59
+		enji..14220f67
+	}..a56d77c4
+..c0441ec2
+	@Test..938d7d79
+	publi..5df45eba
+		iden..ad2ba8f4
+		asse..24976a8b
+	}..a56d77c4
+..c0441ec2
+	@Test..938d7d79
+	publi..fa6b636a
+		GetI..1a16308c
+..c0441ec2
+		iden..ad2ba8f4
+		GetI..2ddc85ac
+		asse..46529915
+	}..a56d77c4
+..c0441ec2
+	@Test..938d7d79
+	publi..458a8b36
+		GetI..566c4d8b
+				.b..e64d4269
+..c0441ec2
+		iden..ad2ba8f4
+		GetI..2ddc85ac
+		asse..46529915
+	}..a56d77c4
+..c0441ec2
+	@Test..938d7d79
+	publi..62107c5b
+		GetI..55c3610a
+..c0441ec2
+		iden..ad2ba8f4
+		GetI..2ddc85ac
+		asse..46529915
+	}..a56d77c4
+..c0441ec2
+	@Supp..f618167a
+	@Test..938d7d79
+	publi..a6662062
+		GetI..5fa9f7f3
+				.s..a3f6a77f
+..c0441ec2
+		iden..ad2ba8f4
+		GetI..2ddc85ac
+		asse..46529915
+	}..a56d77c4
+..c0441ec2
+	@Test..938d7d79
+	publi..24cf8aca
+		GetI..5fa9f7f3
+				.s..27819cf6
+..c0441ec2
+		iden..ad2ba8f4
+		GetI..2ddc85ac
+		asse..46529915
+	}..a56d77c4
+..c0441ec2
+	@Supp..6e64adcb
+	@Test..938d7d79
+	publi..b75505af
+		GetI..5fa9f7f3
+				.s..2c05f87b
+					{..fc992380
+						..914e4f53
+					}..dfe4dedb
+				})..56031be4
+..c0441ec2
+		GetI..5dcf8ded
+..c0441ec2
+		Json..943eb8a6
+		Powe..e921a618
+		Mock..606bb3d2
+				Mo..2afd12ca
+..c0441ec2
+		iden..ad2ba8f4
+		GetI..2ddc85ac
+		asse..46529915
+..c0441ec2
+		Powe..6bd6d108
+		Mock..5bb190cd
+				Mo..0b3382bd
+	}..a56d77c4
+..c0441ec2
+	@Supp..6e64adcb
+	@Test..938d7d79
+	publi..6450643a
+		GetI..5fa9f7f3
+				.s..2c05f87b
+					{..fc992380
+						..914e4f53
+					}..dfe4dedb
+				})..56031be4
+..c0441ec2
+		GetI..8e83a26e
+..c0441ec2
+		Json..943eb8a6
+		Powe..e921a618
+		Mock..606bb3d2
+				Mo..2afd12ca
+..c0441ec2
+		iden..ad2ba8f4
+		GetI..2ddc85ac
+		asse..5ca3c379
+..c0441ec2
+		Powe..6bd6d108
+		Mock..5bb190cd
+				Mo..0b3382bd
+	}..a56d77c4
+..c0441ec2
+	@Test..938d7d79
+	publi..bb818520
+		Crea..fe4bcf33
+..c0441ec2
+		iden..ad2ba8f4
+		Crea..7ab33869
+		asse..4c5a207f
+	}..a56d77c4
+..c0441ec2
+	@Test..938d7d79
+	publi..35711838
+		Crea..1033e5b3
+				.s..c9637269
+..c0441ec2
+		iden..ad2ba8f4
+		Crea..7ab33869
+		asse..4c5a207f
+	}..a56d77c4
+..c0441ec2
+	@Test..938d7d79
+	publi..fa21bdb0
+		Crea..d31aeb51
+				.b..e64d4269
+..c0441ec2
+		iden..ad2ba8f4
+		Crea..7ab33869
+		asse..4c5a207f
+	}..a56d77c4
+..c0441ec2
+	@Supp..f618167a
+	@Test..938d7d79
+	publi..139e0871
+		Crea..2243ccaa
+				.s..a3f6a77f
+..c0441ec2
+		iden..ad2ba8f4
+		Crea..7ab33869
+		asse..4c5a207f
+	}..a56d77c4
+..c0441ec2
+	@Test..938d7d79
+	publi..ef93e20c
+		Crea..2243ccaa
+				.s..27819cf6
+..c0441ec2
+		iden..ad2ba8f4
+		Crea..7ab33869
+		asse..4c5a207f
+	}..a56d77c4
+..c0441ec2
+	@Supp..6e64adcb
+	@Test..938d7d79
+	publi..26d8b54b
+		Crea..2243ccaa
+				.s..2c05f87b
+					{..fc992380
+						..914e4f53
+					}..dfe4dedb
+				})..56031be4
+..c0441ec2
+		Crea..2620310f
+..c0441ec2
+		Json..943eb8a6
+		Powe..e921a618
+		Mock..606bb3d2
+				Mo..273e7d5d
+..c0441ec2
+		iden..ad2ba8f4
+		Crea..7ab33869
+		asse..4c5a207f
+..c0441ec2
+		Powe..6bd6d108
+		Mock..5bb190cd
+				Mo..0b3382bd
+	}..a56d77c4
+..c0441ec2
+	@Supp..6e64adcb
+	@Test..938d7d79
+	publi..f224c042
+		Crea..2243ccaa
+				.s..2c05f87b
+					{..fc992380
+						..914e4f53
+					}..dfe4dedb
+				})..56031be4
+..c0441ec2
+		Crea..dbd077b0
+..c0441ec2
+		Json..943eb8a6
+		Powe..e921a618
+		Mock..606bb3d2
+				Mo..273e7d5d
+..c0441ec2
+		iden..ad2ba8f4
+		Crea..7ab33869
+		asse..ac539154
+..c0441ec2
+		Powe..6bd6d108
+		Mock..5bb190cd
+				Mo..0b3382bd
+	}..a56d77c4
+..c0441ec2
+	@Test..938d7d79
+	publi..8d909c48
+		Upda..8d38b336
+..c0441ec2
+		iden..ad2ba8f4
+		Upda..c8504984
+		asse..9990458b
+	}..a56d77c4
+..c0441ec2
+	@Test..938d7d79
+	publi..03dad0be
+		Upda..4a7dda57
+				.s..c9637269
+..c0441ec2
+		iden..ad2ba8f4
+		Upda..c8504984
+		asse..9990458b
+	}..a56d77c4
+..c0441ec2
+	@Test..938d7d79
+	publi..5eb98fdd
+		Upda..aca4e125
+				.b..e64d4269
+..c0441ec2
+		iden..ad2ba8f4
+		Upda..c8504984
+		asse..9990458b
+	}..a56d77c4
+..c0441ec2
+	@Supp..f618167a
+	@Test..938d7d79
+	publi..0f4159e8
+		Upda..be596f52
+				.s..a3f6a77f
+..c0441ec2
+		iden..ad2ba8f4
+		Upda..c8504984
+		asse..9990458b
+	}..a56d77c4
+..c0441ec2
+	@Test..938d7d79
+	publi..92c82565
+		Upda..be596f52
+				.s..27819cf6
+		iden..ad2ba8f4
+		Upda..c8504984
+		asse..9990458b
+	}..a56d77c4
+..c0441ec2
+	@Supp..9799dfcc
+	@Test..938d7d79
+	publi..fd2fdf23
+		Upda..be596f52
+				.s..2c05f87b
+					{..fc992380
+						..914e4f53
+					}..dfe4dedb
+				})..73b5c67d
+..c0441ec2
+		iden..ad2ba8f4
+		Upda..c8504984
+		asse..9990458b
+	}..a56d77c4
+..c0441ec2
+	@Supp..d7937f57
+	@Test..938d7d79
+	publi..56b25881
+		Upda..be596f52
+				.s..2c05f87b
+					{..fc992380
+						..914e4f53
+					}..dfe4dedb
+				})..28dba9f7
+..c0441ec2
+		iden..ad2ba8f4
+		Upda..c8504984
+		asse..9990458b
+	}..a56d77c4
+..c0441ec2
+	@Supp..6e64adcb
+	@Test..938d7d79
+	publi..08216f39
+		Upda..be596f52
+				.s..2c05f87b
+					{..fc992380
+						..914e4f53
+					}..dfe4dedb
+				})..46ac252e
+					{..fc992380
+						..914e4f53
+					}..dfe4dedb
+				})..56031be4
+..c0441ec2
+		Upda..c08c41e9
+..c0441ec2
+		Json..943eb8a6
+		Powe..e921a618
+		Mock..606bb3d2
+				Mo..577777f8
+..c0441ec2
+		iden..ad2ba8f4
+		Upda..c8504984
+		asse..9990458b
+..c0441ec2
+		Powe..6bd6d108
+		Mock..5bb190cd
+				Mo..0b3382bd
+	}..a56d77c4
+..c0441ec2
+	@Supp..6e64adcb
+	@Test..938d7d79
+	publi..339a9ec6
+		Upda..be596f52
+				.s..2c05f87b
+					{..fc992380
+						..914e4f53
+					}..dfe4dedb
+				})..46ac252e
+					{..fc992380
+						..914e4f53
+					}..dfe4dedb
+				})..56031be4
+..c0441ec2
+		Upda..cce494e8
+..c0441ec2
+		Json..943eb8a6
+		Powe..e921a618
+		Mock..606bb3d2
+				Mo..577777f8
+..c0441ec2
+		iden..ad2ba8f4
+		Upda..c8504984
+		asse..84df275f
+..c0441ec2
+		Powe..6bd6d108
+		Mock..5bb190cd
+				Mo..0b3382bd
+	}..a56d77c4
+..c0441ec2
+	@Test..938d7d79
+	publi..a5e952e2
+		Dele..ba806230
+..c0441ec2
+		iden..ad2ba8f4
+		Dele..5a3d71c6
+		asse..efc991d8
+	}..a56d77c4
+..c0441ec2
+	@Test..938d7d79
+	publi..da761f70
+		Dele..10f87223
+				.s..c9637269
+..c0441ec2
+		iden..ad2ba8f4
+		Dele..5a3d71c6
+		asse..efc991d8
+	}..a56d77c4
+..c0441ec2
+	@Test..938d7d79
+	publi..131853f3
+		Dele..906608d0
+				.b..e64d4269
+..c0441ec2
+		iden..ad2ba8f4
+		Dele..5a3d71c6
+		asse..efc991d8
+	}..a56d77c4
+..c0441ec2
+	@Supp..f618167a
+	@Test..938d7d79
+	publi..b354ffb3
+		Dele..9fb1d77a
+				.s..a3f6a77f
+..c0441ec2
+		iden..ad2ba8f4
+		Dele..5a3d71c6
+		asse..efc991d8
+	}..a56d77c4
+..c0441ec2
+	@Test..938d7d79
+	publi..2facf285
+		Dele..9fb1d77a
+				.s..27819cf6
+..c0441ec2
+		iden..ad2ba8f4
+		Dele..5a3d71c6
+		asse..efc991d8
+	}..a56d77c4
+..c0441ec2
+	@Supp..6e64adcb
+	@Test..938d7d79
+	publi..5ebfa58a
+		Dele..9fb1d77a
+				.s..2c05f87b
+					{..fc992380
+						..914e4f53
+					}..dfe4dedb
+				})..56031be4
+..c0441ec2
+		Bool..9af5bdbc
+..c0441ec2
+		Json..943eb8a6
+		Powe..e921a618
+		Mock..606bb3d2
+				Mo..fc233589
+..c0441ec2
+		iden..ad2ba8f4
+		Dele..5a3d71c6
+		asse..16bee5b6
+..c0441ec2
+		Powe..6bd6d108
+		Mock..5bb190cd
+				Mo..0b3382bd
+	}..a56d77c4
+..c0441ec2
+	@Supp..6e64adcb
+	@Test..938d7d79
+	publi..d00b2050
+		Dele..9fb1d77a
+				.s..2c05f87b
+					{..fc992380
+						..914e4f53
+					}..dfe4dedb
+				})..56031be4
+..c0441ec2
+		Bool..c3cf089e
+..c0441ec2
+		Json..943eb8a6
+		Powe..e921a618
+		Mock..606bb3d2
+				Mo..fc233589
+..c0441ec2
+		iden..ad2ba8f4
+		Dele..5a3d71c6
+		asse..4e0afe95
+				.s..8de07a39
+..c0441ec2
+		Powe..6bd6d108
+		Mock..5bb190cd
+				Mo..0b3382bd
+	}..a56d77c4
+..c0441ec2
+	@Supp..6e64adcb
+	@Test..938d7d79
+	publi..16b9cd68
+		Dele..9fb1d77a
+				.s..2c05f87b
+					{..fc992380
+						..914e4f53
+					}..dfe4dedb
+				})..56031be4
+..c0441ec2
+		Bool..5e7d61e9
+..c0441ec2
+		Json..943eb8a6
+		Powe..e921a618
+		Mock..606bb3d2
+				Mo..fc233589
+..c0441ec2
+		iden..ad2ba8f4
+		Dele..5a3d71c6
+		asse..4e0afe95
+				.s..6e03aace
+..c0441ec2
+		Powe..6bd6d108
+		Mock..5bb190cd
+				Mo..0b3382bd
+	}..a56d77c4
-import..b21a070a
-import..005e2dd3
-import..cb91139e
-import..36f409b9
-import..5d6d9e38
-import..1dbab32f
-import..7d8c5df6
-import..0c0c3f3c
-import..7578037e
-import..ed44c912
+import..c8460f18
+..c0441ec2
+import..4a3cd378
+import..0a29c6b9
+..c0441ec2
-import..092bf1c0
-import..933ff7cd
-..33852bfa
-import..796f2a4d
+import..c274b933
+import..21ab83f6
+import..1af71a70
+import..134b3178
+import..ed1672e7
+import..34ac707c
+import..ae6ecbcd
-..33852bfa
-    @S..09976000
-    @T..687b7e3e
-    pu..92bb1010
-      ..275d5ef9
-      ..e4426887
-      ..978d0411
-      ..fc5b2ab6
-      ..2178b062
-..33852bfa
-      ..6d1c5da9
-      ..67ea5a25
-      ..ce530410
-..33852bfa
-      ..3de004f9
-      ..2ec6c2f2
-      ..6ace0d75
-..33852bfa
-      ..449be6c9
-      ..421c27b9
-      ..43f001a9
-      ..66532275
-      ..5619381d
-      ..96b19d18
-      ..d861e313
-      ..c04b3f46
-..33852bfa
-      ..f5639e6c
-      ..cae2374f
-    }..a048e0a1
-..33852bfa
-    @S..09976000
-    @T..687b7e3e
-    pu..d1b304d3
-      ..275d5ef9
-      ..e4426887
-      ..978d0411
-      ..fc5b2ab6
-      ..2178b062
-..33852bfa
-      ..6d1c5da9
-      ..cf177f71
-      ..67ea5a25
-      ..ce530410
-..33852bfa
-      ..3de004f9
-      ..2ec6c2f2
-      ..6ace0d75
-..33852bfa
-      ..449be6c9
-      ..421c27b9
-      ..43f001a9
-      ..66532275
-      ..5619381d
-      ..96b19d18
-      ..d861e313
-      ..cbc5f2e5
-..33852bfa
-      ..f5639e6c
-      ..cae2374f
-    }..a048e0a1
-..33852bfa
-import..b21a070a
-import..5cd4e179
-import..cb91139e
-import..36f409b9
-import..5d6d9e38
-import..1dbab32f
-import..7d8c5df6
-import..0c0c3f3c
-import..7578037e
-import..ed44c912
+import..c8460f18
+..c0441ec2
+import..4a3cd378
+..c0441ec2
-import..092bf1c0
-..33852bfa
-import..796f2a4d
+import..c274b933
+import..5e1310ec
+import..1af71a70
+import..134b3178
+import..ed1672e7
+import..34ac707c
+import..ae6ecbcd
-..33852bfa
-    @T..687b7e3e
-    pu..29d8a177
-      ..2604325a
-..33852bfa
-      ..d90b6bca
-      ..dbd79b4d
-      ..9c085859
-    }..a048e0a1
-..33852bfa
-    @T..687b7e3e
-    pu..5b3e245c
-      ..275d5ef9
-      ..6b2cd70d
-      ..978d0411
-      ..fc5b2ab6
-      ..2178b062
-      ..d90b6bca
-      ..dbd79b4d
-      ..9c085859
-    }..a048e0a1
-..33852bfa
-    @T..687b7e3e
-    pu..b8febdd4
-      ..275d5ef9
-      ..25f212cd
-      ..978d0411
-      ..fc5b2ab6
-      ..2178b062
-..33852bfa
-      ..d90b6bca
-      ..dbd79b4d
-      ..9c085859
-    }..a048e0a1
-..33852bfa
-    @T..687b7e3e
-    pu..fe62502a
-      ..275d5ef9
-      ..e4426887
-      ..91796d2d
-      ..fc5b2ab6
-      ..2178b062
-      ..d90b6bca
-      ..dbd79b4d
-      ..9c085859
-    }..a048e0a1
-..33852bfa
-    @T..687b7e3e
-    pu..87bcf432
-      ..275d5ef9
-      ..e4426887
-      ..978d0411
-      ..c8d97f60
-      ..2178b062
-      ..d90b6bca
-      ..dbd79b4d
-      ..9c085859
-    }..a048e0a1
-..33852bfa
-    @T..687b7e3e
-    pu..fe29b8f5
-      ..275d5ef9
-      ..e4426887
-      ..978d0411
-      ..5de0244e
-      ..2178b062
-      ..d90b6bca
-      ..dbd79b4d
-      ..9c085859
-    }..a048e0a1
-..33852bfa
-    @S..09976000
-    @T..687b7e3e
-    pu..cb327bf3
-      ..275d5ef9
-      ..e4426887
-      ..978d0411
-      ..fc5b2ab6
-      ..2178b062
-..33852bfa
-      ..f35844b2
-..33852bfa
-      ..3de004f9
-      ..2ec6c2f2
-      ..6ace0d75
-..33852bfa
-      ..d90b6bca
-      ..dbd79b4d
-      ..9c085859
-..33852bfa
-      ..f5639e6c
-      ..cae2374f
-    }..a048e0a1
-..33852bfa
-    @S..09976000
-    @T..687b7e3e
-    pu..e40d42f4
-      ..275d5ef9
-      ..e4426887
-      ..978d0411
-      ..fc5b2ab6
-      ..2178b062
-..33852bfa
-      ..55b3ff31
-..33852bfa
-      ..3de004f9
-      ..2ec6c2f2
-      ..6ace0d75
-..33852bfa
-      ..d90b6bca
-      ..dbd79b4d
-      ..9c085859
-..33852bfa
-      ..f5639e6c
-      ..cae2374f
-    }..a048e0a1
-..33852bfa
-    @S..09976000
-    @T..687b7e3e
-    pu..92bb1010
-      ..275d5ef9
-      ..e4426887
-      ..978d0411
-      ..fc5b2ab6
-      ..2178b062
-..33852bfa
-      ..6d1c5da9
-      ..67ea5a25
-      ..ce530410
-..33852bfa
-      ..3de004f9
-      ..2ec6c2f2
-      ..6ace0d75
-..33852bfa
-      ..d90b6bca
-      ..dbd79b4d
-      ..5619381d
-      ..96b19d18
-      ..d861e313
-      ..c04b3f46
-..33852bfa
-      ..f5639e6c
-      ..cae2374f
-    }..a048e0a1
-..33852bfa
-    @S..09976000
-    @T..687b7e3e
-    pu..d1b304d3
-      ..275d5ef9
-      ..e4426887
-      ..978d0411
-      ..fc5b2ab6
-      ..2178b062
-..33852bfa
-      ..6d1c5da9
-      ..cf177f71
-      ..67ea5a25
-      ..ce530410
-..33852bfa
-      ..3de004f9
-      ..2ec6c2f2
-      ..6ace0d75
-..33852bfa
-      ..d90b6bca
-      ..dbd79b4d
-      ..5619381d
-      ..96b19d18
-      ..d861e313
-      ..cbc5f2e5
-..33852bfa
-      ..f5639e6c
-      ..cae2374f
-    }..a048e0a1
-..33852bfa