-# Igno..9b899188
+# Igno..9e2488bd
+/**..ae863e2d
+ * Roo..03afab95
+ */..3611aefa
- * <p>..2597e266
+ * <p>..3134cf01
+    /*..6eeeb754
+     *..2b7514f2
+     *..08e29a11
+    /*..6eeeb754
+     *..b07c5596
+     *..08e29a11
+    /*..6eeeb754
+     *..38b7c45d
+     *..08e29a11
-    pr..9217b968
-    pr..e46f1db9
+    /*..6eeeb754
+     *..c8cfffbd
+     *..08e29a11
+    pr..49c483e1
+    /*..6eeeb754
+     *..c9ebf760
+     *..08e29a11
+    pr..39ae3ddb
-     *..8e231961
+     *..81f589ed
-     *..b4473b57
+     *..2faff0a9
-    pu..e8f0be58
+    pu..6fc89bfc
-     *..300e5a31
+     *..fe7f7eb0
-     *..aa45c2f3
+     *..3c2ae981
-     *..0e43eb3d
+     *..ef91a103
-     *..3b30d2ef
+     *..6682cb99
-     *..1dd52e2a
+     *..ec7dcbc7
-    pr..817572d4
+    pr..087c4295
+    /*..6eeeb754
+     *..e12e3e70
+     *..4cc683ad
+     *..ad0a6e72
+     *..08e29a11
-    pu..36c61b22
-      ..d9c70633
+    /*..6eeeb754
+     *..6cb58bba
+     *..4cc683ad
+     *..40ee95b2
+     *..08e29a11
+    pu..4e9127ea
+      ..600ae016
+    }..bb956f55
+..c0441ec2
+    /*..6eeeb754
+     *..e570829a
+     *..4cc683ad
+     *..ecf5ed17
+     *..08e29a11
+    pu..1b444d21
+      ..7d7d30c3
+    }..bb956f55
+..c0441ec2
+    /*..6eeeb754
+     *..a4e08d94
+     *..4cc683ad
+     *..7b49bee3
+     *..08e29a11
+    pu..55009caf
+      ..f5f8a681
-      ..94191eac
+      ..996123c4
- * <p>..b79453dc
+ * <p>..ccde2e8b
-     *..574c73b7
+     *..856ca0d4
-    pu..e9bca8e6
+    Ev..6969fefe
-     *..4d45dd30
+     *..5e7fbe58
-    pu..2362d145
+    Id..4973dd46
-     *..b873b714
+     *..7abeff9f
-    pu..899333a9
+    To..e7593853
-     *..a65b85c9
+     *..4bbcfde2
-    pu..e4092885
+    Tr..9542e3a6
+import..e664afd8
+import..ca732e9b
- * <p>..1b680cdd
- * <p>..7c70edcc
+ * <p>..869221a1
+ * <p>..75357f17
-public..e70a0c39
+public..ffe8fba0
+    /*..6eeeb754
+     *..2b7514f2
+     *..08e29a11
-    pr..196b2606
-    pr..f3bffefd
-    pr..7862ceac
-    pr..21e57067
-    pr..59edc7fb
+    /*..6eeeb754
+     *..ac2fa8f9
+     *..08e29a11
+    pr..33d444c0
+    /*..6eeeb754
+     *..8d5b8dc1
+     *..08e29a11
+    pr..98bf7651
+    /*..6eeeb754
+     *..3ed794f0
+     *..08e29a11
+    pr..5c6c1db9
+    /*..6eeeb754
+     *..f95b3df6
+     *..08e29a11
+    pr..5970b43d
+    /*..6eeeb754
+     *..259e9434
+     *..08e29a11
+    pr..fe372954
-     *..084af7be
+     *..dca0dced
-     *..69e30485
+     *..2faff0a9
-    pu..462c8a0c
-      ..3aa02fe1
-      ..ddf73920
+    pu..2f1297a3
+      ..d105df03
+      ..111c055a
-      ..8d908b0a
+      ..ce95b973
-    /*..4ec20c86
-     *..8f3a4d31
-     *..c44790d4
-     *..0cae9940
-     *..2392aa82
+    @O..26bc6ce6
-      ..5de295ea
-      ..334b2b51
+      ..d3178bcc
+      ..04ebfa7c
-      ..dff7f02c
+      ..a32f788f
-    /*..4ec20c86
-     *..4d45dd30
-     *..c44790d4
-     *..ff0fbee2
-     *..2392aa82
+    @O..26bc6ce6
-      ..5d821f02
-      ..eb8f04b4
+      ..3d0f4425
+      ..31397cbb
-      ..14d802b0
+      ..0fb7ed6b
-    /*..4ec20c86
-     *..b873b714
-     *..c44790d4
-     *..78d1e9e2
-     *..2392aa82
+    @O..26bc6ce6
-      ..af6f1cb8
-      ..0f6c7de8
+      ..19392c26
+      ..fcb8a4db
-      ..6e494934
+      ..64bd4430
-    /*..4ec20c86
-     *..a65b85c9
-     *..c44790d4
-     *..e811139e
-     *..2392aa82
+    @O..26bc6ce6
-      ..e6ee0989
-      ..b4d0de9a
+      ..e5f4b16b
+      ..1f694745
-      ..6d14cb7c
+      ..46c94943
+import..ca732e9b
- * <p>..9710e4a4
- * <p>..6fd788d5
+ * <p>..de5d685f
+ * <p>..db8c9856
+    /*..6eeeb754
+     *..2b7514f2
+     *..08e29a11
-    pr..196b2606
+    /*..6eeeb754
+     *..ac2fa8f9
+     *..08e29a11
+    pr..33d444c0
+    /*..6eeeb754
+     *..8d5b8dc1
+     *..08e29a11
+    /*..6eeeb754
+     *..3ed794f0
+     *..08e29a11
+    /*..6eeeb754
+     *..f95b3df6
+     *..08e29a11
+    /*..6eeeb754
+     *..259e9434
+     *..08e29a11
-     *..084af7be
+     *..dca0dced
-     *..69e30485
+     *..2faff0a9
-    pu..c4f5b351
-      ..3aa02fe1
-      ..ddf73920
+    pu..39340091
+      ..d105df03
+      ..111c055a
-      ..8d908b0a
+      ..ce95b973
-     *..574c73b7
+     *..90c2da81
-      ..76beb761
+      ..733273e9
-     *..4d45dd30
+     *..f05fe7ae
-      ..051b5e77
+      ..3212701f
-     *..b873b714
+     *..233a2dd5
-      ..2dd5b00e
+      ..503e10ba
-     *..a65b85c9
+     *..a2693300
-      ..40c3c050
+      ..388c2113
+..c0441ec2
+/**..ae863e2d
+ * Asy..f1d7a96f
+ */..3611aefa
-     *..aa24e69f
+     *..b56ac7a6
-     *..4079e6ab
+     *..4d494d95
+/**..ae863e2d
+ * Eve..b6171cf1
+ */..3611aefa
-     *..aa24e69f
+     *..b56ac7a6
-     *..4079e6ab
+     *..4d494d95
- * <p>..3c1c5b1f
+ * <p>..87626dae
-public..90b161d1
+public..cc457ac0
-     *..084af7be
+     *..dca0dced
-    pu..12c0fb69
+    pu..49ff3a09
-    pu..fd11737f
-      ..6498881e
+    pu..597b40c3
+      ..dc77120d
-    pu..bb4d61dc
-      ..616a0f52
+    pu..0a2c5eeb
+      ..dcec9d55
- * <p>..bd9f0d44
+ * <p>..a5e41d1c
+    /*..6eeeb754
+     *..2b7514f2
+     *..08e29a11
-     *..084af7be
+     *..dca0dced
-    pu..06269791
+    pu..af2c7de8
-    pu..77f504a8
-      ..a1c058f6
+    pu..6f04b9f1
+      ..da6f172f
-      ..5c08fd75
-      ..6baf6aba
-      ..3500c9d1
-      ..731583fa
+      ..2a348619
+      ..2e33bfce
+      ..82837d16
+      ..2422c65a
+..c0441ec2
+      ..89fc1ac8
+      ..f278d005
+      ..82837d16
-      ..24f7f5da
+      ..9867b74d
+      ..5d402539
-      ..60f2b1cb
+      ..d8b603da
-    pu..5ef5c866
-      ..14a50d12
-..33852bfa
-      ..5c08fd75
-      ..3b3f7d67
-      ..e45c8be2
-      ..2fb93a82
-      ..40614f5d
-      ..66822dab
+    pu..22b03d51
+      ..6d896310
+..c0441ec2
+      ..2a348619
+      ..2e33bfce
+      ..82837d16
+      ..2422c65a
+..c0441ec2
+      ..7d259854
+      ..fcba1406
+      ..f278d005
+      ..82837d16
-      ..ae6716b2
-      ..c0d31b13
-      ..d0cf4007
-      ..66822dab
+      ..9e3f71b5
+      ..30f5bdef
+..c0441ec2
+      ..ac1d35d0
+      ..3a1b68e9
+      ..82837d16
-      ..1b0e1b6c
-      ..8f30c747
+..c0441ec2
+      ..00321b46
+      ..cb165bb7
-      ..f10fa7d7
+      ..d8b603da
+/**..ae863e2d
+ * Asy..316f937e
+ */..3611aefa
-     *..1e01159f
+     *..89717fbc
-     *..69d8bd27
+     *..c8a7867d
-     *..07b46853
+     *..73eaf098
-     *..1025dac0
+     *..341e1cc5
-     *..98df5099
+     *..87b265b7
+/**..ae863e2d
+ * Ide..28885a29
+ */..3611aefa
-     *..1e01159f
+     *..89717fbc
-     *..69d8bd27
+     *..c8a7867d
-     *..07b46853
+     *..73eaf098
-     *..1025dac0
+     *..341e1cc5
-     *..98df5099
+     *..87b265b7
- * <p>..95c1c274
+ * <p>..8f654f22
-public..ec30a0ef
+public..308ebbd2
-	/**..7c2e9e40
-     *..084af7be
+    /*..6eeeb754
+     *..dca0dced
-    pu..501c6b13
+    pu..e2edb0ee
-    pu..2b838a75
-      ..79baf777
+    pu..cb146b54
+      ..851a381d
-    pu..62c0bcc7
-      ..a3481f7d
+    pu..a76fe8ff
+      ..6f43c3da
-    pu..4e1185e9
-      ..0c8f9044
+    pu..538a40d6
+      ..9a14a299
-    pu..2d371c58
-      ..0c1ff254
+    pu..0cc4cf5f
+      ..f634d631
-    pu..8d18b137
-      ..a9e4ce64
+    pu..cf57a81e
+      ..4d3314e5
+import..ca732e9b
- * <p>..a451396e
+ * <p>..02f435c1
+    /*..6eeeb754
+     *..2b7514f2
+     *..08e29a11
-     *..084af7be
+     *..dca0dced
-    pu..097b3326
+    pu..583cc9fd
-    pu..e9888c5d
-      ..ec888cd9
+    pu..25030399
+      ..3373bc1a
-      ..63bca766
-      ..217b9544
-      ..2674df00
-      ..a3295e46
+      ..2a348619
+      ..73c7cbb6
+      ..82837d16
+      ..2422c65a
+..c0441ec2
+      ..3fc5d19c
+      ..76800af9
+      ..82837d16
-      ..285cd320
+      ..663b6e92
+      ..59c12091
-      ..e6796373
+      ..d8b603da
-    pu..647043d6
-      ..5b5aa935
+    pu..8092313d
+      ..72edd117
-      ..63bca766
-      ..217b9544
-      ..4c7fc664
-      ..24a05ea8
+      ..2a348619
+      ..d411400b
+      ..82837d16
+      ..2422c65a
+..c0441ec2
+      ..3fc5d19c
+      ..1e365f91
+      ..82837d16
-      ..a965af30
-      ..9b74bc0e
-      ..62c8e5dc
-      ..bccd2e03
-      ..c7edc8ea
-      ..62c8e5dc
-      ..a4915b6a
-      ..786ff7b8
-      ..62c8e5dc
+..c0441ec2
+      ..1f9215c2
+      ..a851b311
+      ..f2a3a442
-      ..5b609bfd
-      ..9ac912a3
+      ..aa3dc5b4
+      ..dfb0fff3
+..c0441ec2
+      ..d8b603da
-    pu..85c26d70
-      ..971a4ddc
+    pu..42962673
+      ..a71e7ade
-      ..63bca766
-      ..217b9544
-      ..59ca0804
-      ..75bba328
+      ..2a348619
+      ..f63e62b3
+      ..82837d16
+      ..2422c65a
+..c0441ec2
+      ..3fc5d19c
+      ..1dd2692c
+      ..82837d16
-      ..f87a7dc7
+      ..874bab9d
+      ..d422ace7
-      ..ea8e2265
+      ..d8b603da
-    pu..20644285
-      ..fa91ea63
+    pu..8c677661
+      ..4d65b335
-      ..63bca766
-      ..beeec083
+      ..2a348619
+      ..301b756b
+      ..82837d16
+      ..2422c65a
+..c0441ec2
+      ..75782d89
-      ..9b924acd
-      ..20520e6d
+      ..2945739c
+      ..82837d16
-      ..b76a9be4
+      ..8d6e6e45
+      ..33d2d521
-      ..70926c40
+      ..d8b603da
-    pu..3aab938b
-      ..e478961e
+    pu..e0f0155d
+      ..a58baede
-      ..63bca766
-      ..217b9544
-      ..8587ea47
-      ..ff5e8600
+      ..2a348619
+      ..d411400b
+      ..82837d16
+      ..3fc5d19c
+      ..1e365f91
+      ..82837d16
+      ..2422c65a
-      ..ce4100a7
-      ..e98152cd
+      ..ca53c17a
+..c0441ec2
+      ..3f399b9c
-      ..1961e809
+..c0441ec2
+      ..d8b603da
+/**..ae863e2d
+ * Asy..07419680
+ */..3611aefa
-     *..88222aba
+     *..a499b983
-     *..f05185d3
+     *..95105cfd
+/**..ae863e2d
+ * Tok..affeee29
+ */..3611aefa
-     *..88222aba
+     *..a499b983
-     *..f05185d3
+     *..95105cfd
- * <p>..400f9f9a
+ * <p>..c23129f1
-public..da693af5
+public..cf74b639
-     *..084af7be
+     *..dca0dced
-    pu..93c12ad9
+    pu..93ddf7f5
-    pu..64be5136
-      ..b1750fc7
+    @O..26bc6ce6
+    pu..ae166f59
+      ..b6845da7
-    pu..7afda47a
-      ..6f654b5c
+    @O..26bc6ce6
+    pu..7b966651
+      ..6e536b9d
- * <p>..400f9f9a
+ * <p>..c23129f1
+    /*..6eeeb754
+     *..2b7514f2
+     *..08e29a11
-     *..084af7be
+     *..dca0dced
-    pu..42ee46c6
+    pu..903af465
-    pu..d99c5526
-      ..b8ddbb42
+    @O..26bc6ce6
+    pu..9a67d483
+      ..1bda6417
+..c0441ec2
+      ..2a348619
+      ..4863e6b8
+      ..82837d16
+      ..2422c65a
-      ..fa5627c7
-      ..582b7543
-      ..b54a49fe
+      ..b6b153f2
+      ..e2dd06d2
+      ..82837d16
-      ..68a3fdca
+      ..d521aa8e
-      ..1d0a44a9
+      ..700322dc
+      ..324e35a6
-      ..0024c5dc
+      ..d8b603da
-    pu..39574a9f
-      ..b57f0e34
+    @O..26bc6ce6
+    pu..dee6559e
+      ..4472c79e
-      ..39c8ca89
-      ..1218dfe2
+      ..2a348619
+      ..d3c5ef1e
+      ..82837d16
+      ..2422c65a
+..c0441ec2
+      ..f50797d7
-      ..31925281
-      ..fdee010a
+      ..ec4f9d45
+      ..82837d16
-      ..68a3fdca
+      ..d521aa8e
-      ..82413705
-      ..46e88295
-      ..887773fa
-      ..fdee010a
+      ..334898a2
+      ..17aae030
+..c0441ec2
+      ..ac1d35d0
+      ..2425684d
+      ..82837d16
-      ..ea0eb6c9
-      ..481526b9
+..c0441ec2
+      ..35eee4a8
+      ..0b9c946a
-      ..95fd282a
+      ..d8b603da
--- /de..dc7e80b3
+packag..f379a7dc
+..c0441ec2
+import..19663a4d
+import..9053ff14
+import..cc7eec33
+import..a94304b2
+..c0441ec2
+public..182a4510
+..c0441ec2
+    @O..26bc6ce6
+    Ev..3c07f7d6
+..c0441ec2
+    @O..26bc6ce6
+    Id..d4397ca9
+..c0441ec2
+    @O..26bc6ce6
+    To..05863dbe
+..c0441ec2
+    @O..26bc6ce6
+    Tr..7c5f9a96
+..c0441ec2
+}..69a0db28
+/**..ae863e2d
+ * Asy..4bbab56d
+ */..3611aefa
-     *..9ef4450d
+     *..45c7b552
-     *..d76e0a73
+     *..00172545
-     *..2d3b5de9
+     *..21f0d026
-     *..b8a52d5e
+     *..da3a7c93
+/**..ae863e2d
+ * Tra..dbc8f0ef
+ */..3611aefa
-     *..9ef4450d
+     *..45c7b552
-     *..d76e0a73
+     *..00172545
-     *..2d3b5de9
+     *..21f0d026
-     *..b8a52d5e
+     *..da3a7c93
- * <p>..07c23244
+ * <p>..90f4b0e8
-public..d385a6f5
+public..f2bf0794
+      ..7250dd8a
-     *..084af7be
+     *..dca0dced
-    pu..e7d8e553
+    pu..86b92ec8
-    pu..a2f70680
-      ..2afe7f6d
+    @O..26bc6ce6
+    pu..f857de95
+      ..517706a4
+    ) ..03a108e3
+      ..a51d8a39
-    pu..8d423e96
-      ..9d891b76
+    @O..26bc6ce6
+    pu..68eb2a89
+      ..abe05b1a
+    ) ..03a108e3
+      ..5b7eef0d
-    pu..444c58d9
-      ..f8e834bf
+    @O..26bc6ce6
+    pu..cdc69477
+      ..911cfd1f
+    ) ..03a108e3
+      ..87cf80f4
-    pu..19f55009
-      ..6d796795
+    @O..26bc6ce6
+    pu..e61f4e1a
+      ..681c04dc
+    ) ..03a108e3
+      ..b2be83ec
-    pu..974e6c0a
+    @O..26bc6ce6
+    pu..f736d323
-      ..bee1cdcf
+      ..ef2fb0f3
-    pu..a8f4321d
+    @O..26bc6ce6
+    pu..e40e43de
+      ..abe05b1a
+    ) ..03a108e3
-      ..5073ecba
+      ..1d64caa2
-    pu..d4ae9287
+    @O..26bc6ce6
+    pu..40ee0524
-      ..5371ec9e
+      ..0b046060
-    pu..23828e61
+    @O..26bc6ce6
+    pu..1604a806
-      ..b8e274e3
+      ..9930bc4d
-<!--  ..b6bc81ef
+<!--  ..f9f503a4
-      ..e5832430
+      ..9ed89e94
-    <m..715e6288
+    <!..db8e5e7d
-      ..157901f2
+      ..4e14a8bd
-      ..0193b60a
+      ..5fa31b6a
-      ..d51ca857
+      ..07478119