-    pr..f3bffefd
+	priva..83fadb3a
--- /de..dc7e80b3
+packag..0c3e9159
+..c0441ec2
+import..c8460f18
+..c0441ec2
+import..e71ee0c2
+import..03bb2dfa
+..c0441ec2
+import..c274b933
+import..89a7e798
+import..0e46b5f4
+import..258fc71f
+..c0441ec2
+public..6d9027b1
+..c0441ec2
+    En..eb341e2a
+    Co..a8309099
+..c0441ec2
+    @B..05f119d1
+    pu..d23e4387
+      ..23045db4
+      ..1f5da67e
+    }..bb956f55
+..c0441ec2
+    @T..595996c0
+    pu..954aa497
+      ..5dd007d3
+      ..1f5da67e
+      ..f5c66ef3
+    }..bb956f55
+..c0441ec2
+    @T..595996c0
+    pu..f21b5ed6
+      ..1f5da67e
+      ..f5c66ef3
+    }..bb956f55
+..c0441ec2
+    @T..595996c0
+    pu..e7a55efa
+      ..f227b330
+      ..033d4951
+..c0441ec2
+      ..e5965713
+      ..2ddf5803
+      ..c635810b
+    }..bb956f55
+..c0441ec2
+    @T..595996c0
+    pu..17ca7aa4
+      ..733381dc
+      ..af172096
+..c0441ec2
+      ..e5965713
+      ..08f93a1a
+      ..df652018
+    }..bb956f55
+..c0441ec2
+    @T..595996c0
+    pu..3a1be503
+      ..2b14337e
+      ..8e4e65e3
+..c0441ec2
+      ..e5965713
+      ..a3e7d74d
+      ..462e3ed8
+    }..bb956f55
+..c0441ec2
+    @T..595996c0
+    pu..a7119594
+      ..e397fe1a
+      ..7147a654
+..c0441ec2
+      ..e5965713
+      ..7f6d96cc
+      ..32bb1ef1
+    }..bb956f55
+}..69a0db28
+import..c8460f18
+..c0441ec2
+import..e71ee0c2
+import..03bb2dfa
+..c0441ec2
-import..5cd4e179
-import..00ad3dae
-import..4cb49bb2
-..33852bfa
-import..796f2a4d
+++ /de..6fa5d702
-packag..03046d0d
-..33852bfa
-import..b21a070a
-import..38781325
-import..cb91139e
-import..dd7160ad
-import..00ad3dae
-import..4cb49bb2
-import..4c318547
-import..2e088364
-import..f966aff7
-import..477209fd
-import..262d39e5
-..33852bfa
-import..092bf1c0
-..33852bfa
-import..796f2a4d
-..33852bfa
-@RunWi..18be12b8
-@Prepa..4fbb042c
-public..84a3ac41
-..33852bfa
-    Ev..3c392d7a
-    Co..1c02ca4d
-..33852bfa
-    @B..a02e2973
-    pu..16519d37
-      ..b7164a50
-    }..a048e0a1
-..33852bfa
-    @T..687b7e3e
-    pu..4dcde205
-      ..ac57abf8
-      ..3d4dfa2a
-      ..d06fcf9b
-    }..a048e0a1
-..33852bfa
-    @T..687b7e3e
-    pu..2c68a68c
-      ..69b14245
-..33852bfa
-      ..ac57abf8
-      ..f6244fc1
-      ..10a2cab5
-    }..a048e0a1
-..33852bfa
-    @T..687b7e3e
-    pu..2350bb9d
-      ..192cee1e
-      ..6eeeedb5
-      ..6c73e26b
-      ..2178b062
-..33852bfa
-      ..ac57abf8
-      ..f6244fc1
-      ..10a2cab5
-    }..a048e0a1
-..33852bfa
-    @T..687b7e3e
-    pu..88785337
-      ..192cee1e
-      ..98840ed7
-      ..6c73e26b
-      ..2178b062
-..33852bfa
-      ..ac57abf8
-      ..f6244fc1
-      ..10a2cab5
-    }..a048e0a1
-..33852bfa
-    @T..687b7e3e
-    pu..1a9099b7
-      ..192cee1e
-      ..3e4ff278
-      ..72344e36
-      ..2178b062
-..33852bfa
-      ..ac57abf8
-      ..f6244fc1
-      ..10a2cab5
-    }..a048e0a1
-..33852bfa
-    @T..687b7e3e
-    pu..a45190d1
-      ..192cee1e
-      ..3e4ff278
-      ..b71335b5
-      ..2178b062
-..33852bfa
-      ..ac57abf8
-      ..f6244fc1
-      ..10a2cab5
-    }..a048e0a1
-..33852bfa
-    @S..09976000
-    @T..687b7e3e
-    pu..fbb14bea
-      ..192cee1e
-      ..3e4ff278
-      ..6c73e26b
-      ..2178b062
-..33852bfa
-      ..61c6e5d9
-..33852bfa
-      ..3de004f9
-      ..2ec6c2f2
-      ..e0357709
-..33852bfa
-      ..ac57abf8
-      ..f6244fc1
-      ..10a2cab5
-..33852bfa
-      ..f5639e6c
-      ..cae2374f
-    }..a048e0a1
-..33852bfa
-    @S..09976000
-    @T..687b7e3e
-    pu..3e73cc3e
-      ..192cee1e
-      ..3e4ff278
-      ..6c73e26b
-      ..2178b062
-..33852bfa
-      ..372e393d
-..33852bfa
-      ..3de004f9
-      ..2ec6c2f2
-      ..e0357709
-..33852bfa
-      ..ac57abf8
-      ..f6244fc1
-      ..5de1c4cf
-..33852bfa
-      ..f5639e6c
-      ..cae2374f
-    }..a048e0a1
-..33852bfa
-    @T..687b7e3e
-    pu..261a0fed
-      ..c3f249e4
-..33852bfa
-      ..ac57abf8
-      ..20a8c908
-      ..c9674986
-    }..a048e0a1
-..33852bfa
-    @T..687b7e3e
-    pu..c39ca5bc
-      ..230621d4
-      ..75a61d0f
-      ..978d0411
-      ..fc5b2ab6
-      ..6c73e26b
-      ..2178b062
-..33852bfa
-      ..ac57abf8
-      ..20a8c908
-      ..c9674986
-    }..a048e0a1
-..33852bfa
-    @T..687b7e3e
-    pu..b00c0d86
-      ..230621d4
-      ..6d67a7f3
-      ..978d0411
-      ..fc5b2ab6
-      ..6c73e26b
-      ..2178b062
-..33852bfa
-      ..ac57abf8
-      ..20a8c908
-      ..c9674986
-    }..a048e0a1
-..33852bfa
-    @T..687b7e3e
-    pu..0b133325
-      ..230621d4
-      ..46e019bf
-      ..91796d2d
-      ..fc5b2ab6
-      ..6c73e26b
-      ..2178b062
-      ..ac57abf8
-      ..20a8c908
-      ..c9674986
-    }..a048e0a1
-..33852bfa
-    @T..687b7e3e
-    pu..6d49f4a0
-      ..230621d4
-      ..46e019bf
-      ..978d0411
-      ..c8d97f60
-      ..6c73e26b
-      ..2178b062
-      ..ac57abf8
-      ..20a8c908
-      ..c9674986
-    }..a048e0a1
-..33852bfa
-    @T..687b7e3e
-    pu..ddb0199d
-      ..230621d4
-      ..46e019bf
-      ..978d0411
-      ..5de0244e
-      ..6c73e26b
-      ..2178b062
-      ..ac57abf8
-      ..20a8c908
-      ..c9674986
-    }..a048e0a1
-..33852bfa
-    @T..687b7e3e
-    pu..f169067e
-      ..230621d4
-      ..46e019bf
-      ..978d0411
-      ..fc5b2ab6
-      ..72344e36
-      ..2178b062
-      ..ac57abf8
-      ..20a8c908
-      ..c9674986
-    }..a048e0a1
-..33852bfa
-    @T..687b7e3e
-    pu..b236bc10
-      ..230621d4
-      ..46e019bf
-      ..978d0411
-      ..fc5b2ab6
-      ..b71335b5
-      ..2178b062
-      ..ac57abf8
-      ..20a8c908
-      ..c9674986
-    }..a048e0a1
-..33852bfa
-    @S..09976000
-    @T..687b7e3e
-    pu..1a268642
-      ..230621d4
-      ..46e019bf
-      ..978d0411
-      ..fc5b2ab6
-      ..6c73e26b
-      ..2178b062
-..33852bfa
-      ..411f9005
-..33852bfa
-      ..3de004f9
-      ..2ec6c2f2
-      ..2403c2d3
-..33852bfa
-      ..ac57abf8
-      ..20a8c908
-      ..c9674986
-..33852bfa
-      ..f5639e6c
-      ..cae2374f
-    }..a048e0a1
-..33852bfa
-    @S..09976000
-    @T..687b7e3e
-    pu..a91784a3
-      ..230621d4
-      ..46e019bf
-      ..978d0411
-      ..fc5b2ab6
-      ..6c73e26b
-      ..2178b062
-..33852bfa
-      ..1893e860
-..33852bfa
-      ..3de004f9
-      ..2ec6c2f2
-      ..2403c2d3
-..33852bfa
-      ..ac57abf8
-      ..20a8c908
-      ..c9674986
-..33852bfa
-      ..f5639e6c
-      ..cae2374f
-    }..a048e0a1
-..33852bfa
-    @S..09976000
-    @T..687b7e3e
-    pu..7f0d281f
-      ..230621d4
-      ..46e019bf
-      ..978d0411
-      ..fc5b2ab6
-      ..6c73e26b
-      ..2178b062
-..33852bfa
-      ..d6afd227
-      ..0469f491
-      ..ce530410
-..33852bfa
-      ..3de004f9
-      ..2ec6c2f2
-      ..2403c2d3
-..33852bfa
-      ..ac57abf8
-      ..20a8c908
-      ..1679de1d
-      ..50120eb0
-      ..0dd5f109
-..33852bfa
-      ..f5639e6c
-      ..cae2374f
-    }..a048e0a1
-..33852bfa
-    @S..09976000
-    @T..687b7e3e
-    pu..0ffa478e
-      ..230621d4
-      ..46e019bf
-      ..978d0411
-      ..fc5b2ab6
-      ..6c73e26b
-      ..2178b062
-..33852bfa
-      ..d6afd227
-      ..2ad53c00
-      ..0469f491
-      ..ce530410
-..33852bfa
-      ..3de004f9
-      ..2ec6c2f2
-      ..2403c2d3
-..33852bfa
-      ..ac57abf8
-      ..20a8c908
-      ..1679de1d
-      ..50120eb0
-      ..9dbcb3a2
-..33852bfa
-      ..f5639e6c
-      ..cae2374f
-    }..a048e0a1
-..33852bfa
-}..d8aee4fb
+++ /de..6fa5d702
-packag..03046d0d
-..33852bfa
-import..b21a070a
-import..0feec4ce
-import..cb91139e
-import..6c5213aa
-import..00ad3dae
-import..4cb49bb2
-import..4c318547
-import..2e088364
-import..f966aff7
-import..477209fd
-import..262d39e5
-..33852bfa
-import..6259f5e5
-import..092bf1c0
-..33852bfa
-import..796f2a4d
-..33852bfa
-@RunWi..18be12b8
-@Prepa..93f7997e
-public..897405c3
-..33852bfa
-    Id..65536bee
-    Co..1c02ca4d
-..33852bfa
-    @B..a02e2973
-    pu..16519d37
-      ..b7164a50
-    }..a048e0a1
-..33852bfa
-    @T..687b7e3e
-    pu..4dcde205
-      ..e5bbe44e
-      ..159f280c
-      ..d06fcf9b
-    }..a048e0a1
-..33852bfa
-    @T..687b7e3e
-    pu..f26f88b3
-      ..0c121faf
-..33852bfa
-      ..e5bbe44e
-      ..396bc679
-      ..6e19f3ce
-    }..a048e0a1
-..33852bfa
-    @T..687b7e3e
-    pu..e0c3e5db
-      ..06324961
-      ..b71335b5
-      ..2178b062
-..33852bfa
-      ..e5bbe44e
-      ..396bc679
-      ..6e19f3ce
-    }..a048e0a1
-..33852bfa
-    @T..687b7e3e
-    pu..898d6c4d
-      ..06324961
-      ..72344e36
-      ..2178b062
-..33852bfa
-      ..e5bbe44e
-      ..396bc679
-      ..6e19f3ce
-    }..a048e0a1
-..33852bfa
-    @S..e75787eb
-    @T..687b7e3e
-    pu..2400a02d
-      ..06324961
-      ..6c73e26b
-      ..83b3d791
-      ..2178b062
-..33852bfa
-      ..e5bbe44e
-      ..396bc679
-      ..6e19f3ce
-    }..a048e0a1
-..33852bfa
-    @T..687b7e3e
-    pu..ac5e3b56
-      ..06324961
-      ..6c73e26b
-      ..f4f9a9e5
-      ..2178b062
-..33852bfa
-      ..e5bbe44e
-      ..396bc679
-      ..6e19f3ce
-    }..a048e0a1
-..33852bfa
-    @S..fe824f6b
-    @T..687b7e3e
-    pu..f2543de2
-      ..06324961
-      ..6c73e26b
-      ..8f4f8f50
-      ..bbf051a5
-      ..5c83b81d
-      ..2178b062
-..33852bfa
-      ..184c16d7
-..33852bfa
-      ..3de004f9
-      ..2ec6c2f2
-      ..16819832
-..33852bfa
-      ..e5bbe44e
-      ..396bc679
-      ..6e19f3ce
-..33852bfa
-      ..f5639e6c
-      ..cae2374f
-    }..a048e0a1
-..33852bfa
-    @S..fe824f6b
-    @T..687b7e3e
-    pu..0e56a5e4
-      ..06324961
-      ..6c73e26b
-      ..8f4f8f50
-      ..bbf051a5
-      ..5c83b81d
-      ..2178b062
-..33852bfa
-      ..e28ab676
-..33852bfa
-      ..3de004f9
-      ..2ec6c2f2
-      ..16819832
-..33852bfa
-      ..e5bbe44e
-      ..396bc679
-      ..5c326a43
-..33852bfa
-      ..f5639e6c
-      ..cae2374f
-    }..a048e0a1
-..33852bfa
-    @T..687b7e3e
-    pu..571ac58c
-      ..0fa40e1d
-..33852bfa
-      ..e5bbe44e
-      ..0d6f83ee
-      ..e1752740
-    }..a048e0a1
-..33852bfa
-    @T..687b7e3e
-    pu..a8ac19da
-      ..4d3b13c0
-      ..b71335b5
-      ..2178b062
-..33852bfa
-      ..e5bbe44e
-      ..0d6f83ee
-      ..e1752740
-    }..a048e0a1
-..33852bfa
-    @T..687b7e3e
-    pu..96718236
-      ..4d3b13c0
-      ..72344e36
-      ..2178b062
-..33852bfa
-      ..e5bbe44e
-      ..0d6f83ee
-      ..e1752740
-    }..a048e0a1
-..33852bfa
-    @S..e75787eb
-    @T..687b7e3e
-    pu..0de6afff
-      ..4d3b13c0
-      ..6c73e26b
-      ..83b3d791
-      ..2178b062
-..33852bfa
-      ..e5bbe44e
-      ..0d6f83ee
-      ..e1752740
-    }..a048e0a1
-..33852bfa
-    @T..687b7e3e
-    pu..7fcb8a81
-      ..4d3b13c0
-      ..6c73e26b
-      ..f4f9a9e5
-      ..2178b062
-..33852bfa
-      ..e5bbe44e
-      ..0d6f83ee
-      ..e1752740
-    }..a048e0a1
-..33852bfa
-    @S..fe824f6b
-    @T..687b7e3e
-    pu..21dfcfb8
-      ..4d3b13c0
-      ..6c73e26b
-      ..8f4f8f50
-      ..bbf051a5
-      ..5c83b81d
-      ..2178b062
-..33852bfa
-      ..a10a3ebc
-..33852bfa
-      ..3de004f9
-      ..2ec6c2f2
-      ..1293f047
-..33852bfa
-      ..e5bbe44e
-      ..0d6f83ee
-      ..e1752740
-..33852bfa
-      ..f5639e6c
-      ..cae2374f
-    }..a048e0a1
-..33852bfa
-    @S..fe824f6b
-    @T..687b7e3e
-    pu..d322f0b7
-      ..4d3b13c0
-      ..6c73e26b
-      ..8f4f8f50
-      ..bbf051a5
-      ..5c83b81d
-      ..2178b062
-..33852bfa
-      ..6a02d6c6
-..33852bfa
-      ..3de004f9
-      ..2ec6c2f2
-      ..1293f047
-..33852bfa
-      ..e5bbe44e
-      ..0d6f83ee
-      ..73914cf9
-      ..16fb5cd8
-..33852bfa
-      ..f5639e6c
-      ..cae2374f
-    }..a048e0a1
-..33852bfa
-    @S..fe824f6b
-    @T..687b7e3e
-    pu..1d4c3136
-      ..4d3b13c0
-      ..6c73e26b
-      ..8f4f8f50
-      ..bbf051a5
-      ..5c83b81d
-      ..2178b062
-..33852bfa
-      ..ee4ee99e
-      ..d9a4aafe
-      ..ce530410
-..33852bfa
-      ..3de004f9
-      ..2ec6c2f2
-      ..1293f047
-..33852bfa
-      ..e5bbe44e
-      ..0d6f83ee
-      ..73914cf9
-      ..e7753f93
-..33852bfa
-      ..f5639e6c
-      ..cae2374f
-    }..a048e0a1
-..33852bfa
-    @S..fe824f6b
-    @T..687b7e3e
-    pu..f646e410
-      ..4d3b13c0
-      ..6c73e26b
-      ..8f4f8f50
-      ..bbf051a5
-      ..5c83b81d
-      ..2178b062
-..33852bfa
-      ..ee4ee99e
-      ..5d7aa9ce
-      ..d9a4aafe
-      ..ce530410
-..33852bfa
-      ..3de004f9
-      ..2ec6c2f2
-      ..1293f047
-..33852bfa
-      ..e5bbe44e
-      ..0d6f83ee
-      ..73914cf9
-      ..bfe859eb
-..33852bfa
-      ..f5639e6c
-      ..cae2374f
-    }..a048e0a1
-..33852bfa
-    @T..687b7e3e
-    pu..0bd686d5
-      ..d7c2fc84
-..33852bfa
-      ..e5bbe44e
-      ..3884babb
-      ..4e48b5d2
-    }..a048e0a1
-..33852bfa
-    @T..687b7e3e
-    pu..fe06a5cb
-      ..d5705e91
-      ..b71335b5
-      ..2178b062
-..33852bfa
-      ..e5bbe44e
-      ..3884babb
-      ..4e48b5d2
-    }..a048e0a1
-..33852bfa
-    @T..687b7e3e
-    pu..974447ec
-      ..d5705e91
-      ..72344e36
-      ..2178b062
-..33852bfa
-      ..e5bbe44e
-      ..3884babb
-      ..4e48b5d2
-    }..a048e0a1
-..33852bfa
-    @S..e75787eb
-    @T..687b7e3e
-    pu..66172f13
-      ..d5705e91
-      ..6c73e26b
-      ..83b3d791
-      ..2178b062
-..33852bfa
-      ..e5bbe44e
-      ..3884babb
-      ..4e48b5d2
-    }..a048e0a1
-..33852bfa
-    @T..687b7e3e
-    pu..504df253
-      ..d5705e91
-      ..6c73e26b
-      ..f4f9a9e5
-      ..2178b062
-..33852bfa
-      ..e5bbe44e
-      ..3884babb
-      ..4e48b5d2
-    }..a048e0a1
-..33852bfa
-    @S..fe824f6b
-    @T..687b7e3e
-    pu..c681add2
-      ..d5705e91
-      ..6c73e26b
-      ..8f4f8f50
-      ..bbf051a5
-      ..5c83b81d
-      ..2178b062
-..33852bfa
-      ..5ee4279f
-..33852bfa
-      ..3de004f9
-      ..2ec6c2f2
-      ..a211e28c
-..33852bfa
-      ..e5bbe44e
-      ..3884babb
-      ..4e48b5d2
-..33852bfa
-      ..f5639e6c
-      ..cae2374f
-    }..a048e0a1
-..33852bfa
-    @S..fe824f6b
-    @T..687b7e3e
-    pu..544349de
-      ..d5705e91
-      ..6c73e26b
-      ..8f4f8f50
-      ..bbf051a5
-      ..5c83b81d
-      ..2178b062
-..33852bfa
-      ..a2c66e7d
-..33852bfa
-      ..3de004f9
-      ..2ec6c2f2
-      ..a211e28c
-..33852bfa
-      ..e5bbe44e
-      ..3884babb
-      ..59766e40
-..33852bfa
-      ..f5639e6c
-      ..cae2374f
-    }..a048e0a1
-..33852bfa
-    @T..687b7e3e
-    pu..8d3159e7
-      ..1318ff3f
-..33852bfa
-      ..e5bbe44e
-      ..f79284d8
-      ..ba127a31
-    }..a048e0a1
-..33852bfa
-    @T..687b7e3e
-    pu..c1c07319
-      ..a390d760
-      ..b71335b5
-      ..2178b062
-..33852bfa
-      ..e5bbe44e
-      ..f79284d8
-      ..ba127a31
-    }..a048e0a1
-..33852bfa
-    @T..687b7e3e
-    pu..6185dd60
-      ..a390d760
-      ..72344e36
-      ..2178b062
-..33852bfa
-      ..e5bbe44e
-      ..f79284d8
-      ..ba127a31
-    }..a048e0a1
-..33852bfa
-    @S..e75787eb
-    @T..687b7e3e
-    pu..4aece2e1
-      ..a390d760
-      ..6c73e26b
-      ..83b3d791
-      ..2178b062
-..33852bfa
-      ..e5bbe44e
-      ..f79284d8
-      ..ba127a31
-    }..a048e0a1
-..33852bfa
-    @T..687b7e3e
-    pu..6c05fd68
-      ..a390d760
-      ..6c73e26b
-      ..f4f9a9e5
-      ..2178b062
-      ..e5bbe44e
-      ..f79284d8
-      ..ba127a31
-    }..a048e0a1
-..33852bfa
-    @S..09d820d9
-    @T..687b7e3e
-    pu..72fd07b5
-      ..a390d760
-      ..6c73e26b
-      ..8f4f8f50
-      ..bbf051a5
-      ..5c83b81d
-      ..59859b3d
-      ..2178b062
-..33852bfa
-      ..e5bbe44e
-      ..f79284d8
-      ..ba127a31
-    }..a048e0a1
-..33852bfa
-    @S..dbcb0d04
-    @T..687b7e3e
-    pu..0cc7bf6a
-      ..a390d760
-      ..6c73e26b
-      ..8f4f8f50
-      ..bbf051a5
-      ..5c83b81d
-      ..17278941
-      ..2178b062
-..33852bfa
-      ..e5bbe44e
-      ..f79284d8
-      ..ba127a31
-    }..a048e0a1
-..33852bfa
-    @S..fe824f6b
-    @T..687b7e3e
-    pu..39a554c7
-      ..a390d760
-      ..6c73e26b
-      ..8f4f8f50
-      ..bbf051a5
-      ..5c83b81d
-      ..b45ee324
-      ..bbf051a5
-      ..5c83b81d
-      ..2178b062
-..33852bfa
-      ..0b06f3e4
-..33852bfa
-      ..3de004f9
-      ..2ec6c2f2
-      ..b746bab8
-..33852bfa
-      ..e5bbe44e
-      ..f79284d8
-      ..ba127a31
-..33852bfa
-      ..f5639e6c
-      ..cae2374f
-    }..a048e0a1
-..33852bfa
-    @S..fe824f6b
-    @T..687b7e3e
-    pu..2d61c104
-      ..a390d760
-      ..6c73e26b
-      ..8f4f8f50
-      ..bbf051a5
-      ..5c83b81d
-      ..b45ee324
-      ..bbf051a5
-      ..5c83b81d
-      ..2178b062
-..33852bfa
-      ..6548189e
-..33852bfa
-      ..3de004f9
-      ..2ec6c2f2
-      ..b746bab8
-..33852bfa
-      ..e5bbe44e
-      ..f79284d8
-      ..efcc5c3a
-..33852bfa
-      ..f5639e6c
-      ..cae2374f
-    }..a048e0a1
-..33852bfa
-    @T..687b7e3e
-    pu..485dbeb1
-      ..5fb3c2ee
-..33852bfa
-      ..e5bbe44e
-      ..64c7bf1e
-      ..b10f7df4
-    }..a048e0a1
-..33852bfa
-    @T..687b7e3e
-    pu..77f9400e
-      ..31a5d599
-      ..b71335b5
-      ..2178b062
-..33852bfa
-      ..e5bbe44e
-      ..64c7bf1e
-      ..b10f7df4
-    }..a048e0a1
-..33852bfa
-    @T..687b7e3e
-    pu..2a88cf90
-      ..31a5d599
-      ..72344e36
-      ..2178b062
-..33852bfa
-      ..e5bbe44e
-      ..64c7bf1e
-      ..b10f7df4
-    }..a048e0a1
-..33852bfa
-    @S..e75787eb
-    @T..687b7e3e
-    pu..0d54baf5
-      ..31a5d599
-      ..6c73e26b
-      ..83b3d791
-      ..2178b062
-..33852bfa
-      ..e5bbe44e
-      ..64c7bf1e
-      ..b10f7df4
-    }..a048e0a1
-..33852bfa
-    @T..687b7e3e
-    pu..cca310f3
-      ..31a5d599
-      ..6c73e26b
-      ..f4f9a9e5
-      ..2178b062
-..33852bfa
-      ..e5bbe44e
-      ..64c7bf1e
-      ..b10f7df4
-    }..a048e0a1
-..33852bfa
-    @S..fe824f6b
-    @T..687b7e3e
-    pu..2668811a
-      ..31a5d599
-      ..6c73e26b
-      ..8f4f8f50
-      ..bbf051a5
-      ..5c83b81d
-      ..2178b062
-..33852bfa
-      ..2c197fb2
-..33852bfa
-      ..3de004f9
-      ..2ec6c2f2
-      ..ba7be9ee
-..33852bfa
-      ..e5bbe44e
-      ..64c7bf1e
-      ..0f55eb11
-      ..167fc961
-..33852bfa
-      ..f5639e6c
-      ..cae2374f
-    }..a048e0a1
-..33852bfa
-    @S..fe824f6b
-    @T..687b7e3e
-    pu..79b51103
-      ..31a5d599
-      ..6c73e26b
-      ..8f4f8f50
-      ..bbf051a5
-      ..5c83b81d
-      ..2178b062
-..33852bfa
-      ..1654ffa9
-..33852bfa
-      ..3de004f9
-      ..2ec6c2f2
-      ..ba7be9ee
-..33852bfa
-      ..e5bbe44e
-      ..64c7bf1e
-      ..0f55eb11
-      ..8a588080
-      ..3609f2d7
-..33852bfa
-      ..f5639e6c
-      ..cae2374f
-    }..a048e0a1
-..33852bfa
-    @S..fe824f6b
-    @T..687b7e3e
-    pu..95a1532a
-      ..31a5d599
-      ..6c73e26b
-      ..8f4f8f50
-      ..bbf051a5
-      ..5c83b81d
-      ..2178b062
-..33852bfa
-      ..fc6f2eb4
-..33852bfa
-      ..3de004f9
-      ..2ec6c2f2
-      ..ba7be9ee
-..33852bfa
-      ..e5bbe44e
-      ..64c7bf1e
-      ..0f55eb11
-      ..8a588080
-      ..996a4c6e
-..33852bfa
-      ..f5639e6c
-      ..cae2374f
-    }..a048e0a1
-..33852bfa
-}..d8aee4fb
+++ /de..6fa5d702
-packag..03046d0d
-..33852bfa
-import..b21a070a
-import..5cd4e179
-import..cb91139e
-import..cee2048e
-import..00ad3dae
-import..4cb49bb2
-import..4c318547
-import..2e088364
-import..f966aff7
-import..477209fd
-import..262d39e5
-..33852bfa
-import..092bf1c0
-..33852bfa
-import..796f2a4d
-..33852bfa
-@RunWi..18be12b8
-@Prepa..584c4ed9
-public..fc4b41d5
-..33852bfa
-    To..13173932
-    Co..1c02ca4d
-..33852bfa
-    @B..a02e2973
-    pu..16519d37
-      ..b7164a50
-    }..a048e0a1
-..33852bfa
-    @T..687b7e3e
-    pu..4dcde205
-      ..d90b6bca
-      ..77eeaec5
-      ..d06fcf9b
-    }..a048e0a1
-..33852bfa
-    @T..687b7e3e
-    pu..3a95ac81
-      ..281a6e11
-..33852bfa
-      ..d90b6bca
-      ..53a0a0a9
-      ..08c26a93
-    }..a048e0a1
-..33852bfa
-    @T..687b7e3e
-    pu..bab7eda2
-      ..960eaa1f
-      ..8a00771b
-      ..2178b062
-..33852bfa
-      ..d90b6bca
-      ..53a0a0a9
-      ..08c26a93
-    }..a048e0a1
-..33852bfa
-    @T..687b7e3e
-    pu..d229342c
-      ..960eaa1f
-      ..c1eb4e1d
-      ..2178b062
-..33852bfa
-      ..d90b6bca
-      ..53a0a0a9
-      ..08c26a93
-    }..a048e0a1
-..33852bfa
-    @S..09976000
-    @T..687b7e3e
-    pu..33c7191a
-      ..960eaa1f
-      ..9a49a1cb
-      ..2178b062
-..33852bfa
-      ..7dea05a7
-..33852bfa
-      ..3de004f9
-      ..2ec6c2f2
-      ..21773824
-..33852bfa
-      ..d90b6bca
-      ..53a0a0a9
-      ..08c26a93
-..33852bfa
-      ..f5639e6c
-      ..cae2374f
-    }..a048e0a1
-..33852bfa
-    @S..09976000
-    @T..687b7e3e
-    pu..d8ede9b1
-      ..960eaa1f
-      ..9a49a1cb
-      ..2178b062
-..33852bfa
-      ..cf225ed5
-..33852bfa
-      ..3de004f9
-      ..2ec6c2f2
-      ..21773824
-..33852bfa
-      ..d90b6bca
-      ..53a0a0a9
-      ..d803f7b4
-..33852bfa
-      ..f5639e6c
-      ..cae2374f
-    }..a048e0a1
-..33852bfa
-    @T..687b7e3e
-    pu..29d8a177
-      ..2604325a
-..33852bfa
-      ..d90b6bca
-      ..dbd79b4d
-      ..9c085859
-    }..a048e0a1
-..33852bfa
-    @T..687b7e3e
-    pu..5b3e245c
-      ..275d5ef9
-      ..6b2cd70d
-      ..978d0411
-      ..fc5b2ab6
-      ..2178b062
-      ..d90b6bca
-      ..dbd79b4d
-      ..9c085859
-    }..a048e0a1
-..33852bfa
-    @T..687b7e3e
-    pu..b8febdd4
-      ..275d5ef9
-      ..25f212cd
-      ..978d0411
-      ..fc5b2ab6
-      ..2178b062
-..33852bfa
-      ..d90b6bca
-      ..dbd79b4d
-      ..9c085859
-    }..a048e0a1
-..33852bfa
-    @T..687b7e3e
-    pu..fe62502a
-      ..275d5ef9
-      ..e4426887
-      ..91796d2d
-      ..fc5b2ab6
-      ..2178b062
-      ..d90b6bca
-      ..dbd79b4d
-      ..9c085859
-    }..a048e0a1
-..33852bfa
-    @T..687b7e3e
-    pu..87bcf432
-      ..275d5ef9
-      ..e4426887
-      ..978d0411
-      ..c8d97f60
-      ..2178b062
-      ..d90b6bca
-      ..dbd79b4d
-      ..9c085859
-    }..a048e0a1
-..33852bfa
-    @T..687b7e3e
-    pu..fe29b8f5
-      ..275d5ef9
-      ..e4426887
-      ..978d0411
-      ..5de0244e
-      ..2178b062
-      ..d90b6bca
-      ..dbd79b4d
-      ..9c085859
-    }..a048e0a1
-..33852bfa
-    @S..09976000
-    @T..687b7e3e
-    pu..cb327bf3
-      ..275d5ef9
-      ..e4426887
-      ..978d0411
-      ..fc5b2ab6
-      ..2178b062
-..33852bfa
-      ..f35844b2
-..33852bfa
-      ..3de004f9
-      ..2ec6c2f2
-      ..6ace0d75
-..33852bfa
-      ..d90b6bca
-      ..dbd79b4d
-      ..9c085859
-..33852bfa
-      ..f5639e6c
-      ..cae2374f
-    }..a048e0a1
-..33852bfa
-    @S..09976000
-    @T..687b7e3e
-    pu..e40d42f4
-      ..275d5ef9
-      ..e4426887
-      ..978d0411
-      ..fc5b2ab6
-      ..2178b062
-..33852bfa
-      ..55b3ff31
-..33852bfa
-      ..3de004f9
-      ..2ec6c2f2
-      ..6ace0d75
-..33852bfa
-      ..d90b6bca
-      ..dbd79b4d
-      ..9c085859
-..33852bfa
-      ..f5639e6c
-      ..cae2374f
-    }..a048e0a1
-..33852bfa
-    @S..09976000
-    @T..687b7e3e
-    pu..92bb1010
-      ..275d5ef9
-      ..e4426887
-      ..978d0411
-      ..fc5b2ab6
-      ..2178b062
-..33852bfa
-      ..6d1c5da9
-      ..67ea5a25
-      ..ce530410
-..33852bfa
-      ..3de004f9
-      ..2ec6c2f2
-      ..6ace0d75
-..33852bfa
-      ..d90b6bca
-      ..dbd79b4d
-      ..5619381d
-      ..96b19d18
-      ..d861e313
-      ..c04b3f46
-..33852bfa
-      ..f5639e6c
-      ..cae2374f
-    }..a048e0a1
-..33852bfa
-    @S..09976000
-    @T..687b7e3e
-    pu..d1b304d3
-      ..275d5ef9
-      ..e4426887
-      ..978d0411
-      ..fc5b2ab6
-      ..2178b062
-..33852bfa
-      ..6d1c5da9
-      ..cf177f71
-      ..67ea5a25
-      ..ce530410
-..33852bfa
-      ..3de004f9
-      ..2ec6c2f2
-      ..6ace0d75
-..33852bfa
-      ..d90b6bca
-      ..dbd79b4d
-      ..5619381d
-      ..96b19d18
-      ..d861e313
-      ..cbc5f2e5
-..33852bfa
-      ..f5639e6c
-      ..cae2374f
-    }..a048e0a1
-..33852bfa
-}..d8aee4fb
+++ /de..6fa5d702
-packag..03046d0d
-..33852bfa
-import..b21a070a
-import..cb91139e
-import..5e9f2443
-import..00ad3dae
-import..4cb49bb2
-import..4c318547
-import..2e088364
-import..f966aff7
-import..477209fd
-import..262d39e5
-..33852bfa
-import..6259f5e5
-import..092bf1c0
-..33852bfa
-import..796f2a4d
-..33852bfa
-@RunWi..18be12b8
-@Prepa..d47a1cf2
-public..159d5b37
-..33852bfa
-    Tr..f0bbcc6d
-    Co..1c02ca4d
-..33852bfa
-    @B..a02e2973
-    pu..16519d37
-      ..b7164a50
-    }..a048e0a1
-..33852bfa
-    @T..687b7e3e
-    pu..4dcde205
-      ..2d5a94db
-      ..7c759079
-      ..d06fcf9b
-    }..a048e0a1
-..33852bfa
-    @T..687b7e3e
-    pu..6f2ffa75
-      ..b657f671
-      ..b71335b5
-      ..00dd2e76
-      ..2178b062
-..33852bfa
-      ..2d5a94db
-      ..c6366643
-      ..db61be25
-    }..a048e0a1
-..33852bfa
-    @T..687b7e3e
-    pu..b5c4f674
-      ..b657f671
-      ..72344e36
-      ..00dd2e76
-      ..2178b062
-..33852bfa
-      ..2d5a94db
-      ..c6366643
-      ..db61be25
-    }..a048e0a1
-..33852bfa
-    @T..687b7e3e
-    pu..f5d92443
-      ..b657f671
-      ..ae3ac82c
-      ..ad66a9e5
-      ..2178b062
-..33852bfa
-      ..2d5a94db
-      ..c6366643
-      ..db61be25
-    }..a048e0a1
-..33852bfa
-    @T..687b7e3e
-    pu..b5752e26
-      ..b657f671
-      ..ae3ac82c
-      ..00dd2e76
-      ..2178b062
-..33852bfa
-      ..2d5a94db
-      ..c6366643
-      ..db61be25
-    }..a048e0a1
-..33852bfa
-    @S..09976000
-    @T..687b7e3e
-    pu..be3cc5a2
-      ..b657f671
-      ..ae3ac82c
-      ..0c9344e6
-      ..2178b062
-..33852bfa
-      ..61a77c87
-..33852bfa
-      ..3de004f9
-      ..2ec6c2f2
-      ..09c0b98a
-..33852bfa
-      ..2d5a94db
-      ..c6366643
-      ..db61be25
-..33852bfa
-      ..f5639e6c
-      ..cae2374f
-    }..a048e0a1
-..33852bfa
-    @S..09976000
-    @T..687b7e3e
-    pu..c019ad02
-      ..b657f671
-      ..ae3ac82c
-      ..0c9344e6
-      ..2178b062
-..33852bfa
-      ..d60ca05f
-..33852bfa
-      ..3de004f9
-      ..2ec6c2f2
-      ..09c0b98a
-..33852bfa
-      ..2d5a94db
-      ..c6366643
-      ..8193f781
-..33852bfa
-      ..f5639e6c
-      ..cae2374f
-    }..a048e0a1
-..33852bfa
-    @T..687b7e3e
-    pu..5ccabaee
-      ..99bd1841
-..33852bfa
-      ..2d5a94db
-      ..0b0af1f4
-      ..633926aa
-    }..a048e0a1
-..33852bfa
-    @T..687b7e3e
-    pu..1a1b041d
-      ..59f2d4a9
-      ..d6b69c07
-      ..52996748
-      ..d7f9c980
-..33852bfa
-      ..8b3a487f
-      ..72344e36
-      ..6b6b2b3d
-      ..978d0411
-      ..f63f5bb0
-      ..4fdf7068
-      ..2c5aed98
-      ..d9a6b242
-      ..f7fc4cac
-      ..2178b062
-..33852bfa
-      ..2d5a94db
-      ..0b0af1f4
-      ..633926aa
-    }..a048e0a1
-..33852bfa
-    @T..687b7e3e
-    pu..7a664d09
-      ..59f2d4a9
-      ..d6b69c07
-      ..52996748
-      ..d7f9c980
-..33852bfa
-      ..8b3a487f
-      ..b71335b5
-      ..6b6b2b3d
-      ..978d0411
-      ..f63f5bb0
-      ..4fdf7068
-      ..2c5aed98
-      ..d9a6b242
-      ..f7fc4cac
-      ..2178b062
-..33852bfa
-      ..2d5a94db
-      ..0b0af1f4
-      ..633926aa
-    }..a048e0a1
-..33852bfa
-    @T..687b7e3e
-    pu..8fba7134
-      ..59f2d4a9
-      ..52996748
-      ..d7f9c980
-..33852bfa
-      ..8b3a487f
-      ..ae3ac82c
-      ..6b6b2b3d
-      ..ad991b72
-      ..f63f5bb0
-      ..4fdf7068
-      ..2c5aed98
-      ..d9a6b242
-      ..f7fc4cac
-      ..2178b062
-..33852bfa
-      ..2d5a94db
-      ..0b0af1f4
-      ..633926aa
-    }..a048e0a1
-..33852bfa
-    @T..687b7e3e
-    pu..03b9827b
-      ..1344c224
-      ..52996748
-      ..d7f9c980
-..33852bfa
-      ..8b3a487f
-      ..ae3ac82c
-      ..6b6b2b3d
-      ..ad991b72
-      ..f63f5bb0
-      ..4fdf7068
-      ..2c5aed98
-      ..d9a6b242
-      ..f7fc4cac
-      ..2178b062
-..33852bfa
-      ..2d5a94db
-      ..0b0af1f4
-      ..633926aa
-    }..a048e0a1
-..33852bfa
-    @T..687b7e3e
-    pu..582490e2
-      ..59f2d4a9
-      ..d6b69c07
-      ..52996748
-      ..d7f9c980
-..33852bfa
-      ..8b3a487f
-      ..ae3ac82c
-      ..6b6b2b3d
-      ..18d23607
-      ..f63f5bb0
-      ..4fdf7068
-      ..2c5aed98
-      ..d9a6b242
-      ..f7fc4cac
-      ..2178b062
-..33852bfa
-      ..2d5a94db
-      ..0b0af1f4
-      ..633926aa
-    }..a048e0a1
-..33852bfa
-    @T..687b7e3e
-    pu..b8a59b88
-      ..59f2d4a9
-      ..d6b69c07
-      ..52996748
-      ..d7f9c980
-..33852bfa
-      ..8b3a487f
-      ..ae3ac82c
-      ..6b6b2b3d
-      ..91796d2d
-      ..f63f5bb0
-      ..4fdf7068
-      ..2c5aed98
-      ..d9a6b242
-      ..f7fc4cac
-      ..2178b062
-..33852bfa
-      ..2d5a94db
-      ..0b0af1f4
-      ..633926aa
-    }..a048e0a1
-..33852bfa
-    @T..687b7e3e
-    pu..378089ac
-      ..59f2d4a9
-      ..d6b69c07
-      ..52996748
-..33852bfa
-      ..8b3a487f
-      ..ae3ac82c
-      ..6b6b2b3d
-      ..f205810a
-      ..f63f5bb0
-      ..4fdf7068
-      ..2c5aed98
-      ..d9a6b242
-      ..f7fc4cac
-      ..2178b062
-..33852bfa
-      ..2d5a94db
-      ..0b0af1f4
-      ..633926aa
-    }..a048e0a1
-..33852bfa
-    @T..687b7e3e
-    pu..cb4caa2f
-      ..59f2d4a9
-      ..d6b69c07
-      ..41047063
-..33852bfa
-      ..8b3a487f
-      ..ae3ac82c
-      ..6b6b2b3d
-      ..f205810a
-      ..f63f5bb0
-      ..4fdf7068
-      ..2c5aed98
-      ..d9a6b242
-      ..f7fc4cac
-      ..2178b062
-..33852bfa
-      ..2d5a94db
-      ..0b0af1f4
-      ..633926aa
-    }..a048e0a1
-..33852bfa
-    @T..687b7e3e
-    pu..977e06aa
-      ..59f2d4a9
-      ..d6b69c07
-      ..52996748
-      ..d7f9c980
-..33852bfa
-      ..8b3a487f
-      ..ae3ac82c
-      ..6b6b2b3d
-      ..f205810a
-      ..f63f5bb0
-      ..ef51ca5f
-      ..2c5aed98
-      ..d9a6b242
-      ..f7fc4cac
-      ..2178b062
-..33852bfa
-      ..2d5a94db
-      ..0b0af1f4
-      ..633926aa
-    }..a048e0a1
-..33852bfa
-    @T..687b7e3e
-    pu..6ebaab12
-      ..59f2d4a9
-      ..d6b69c07
-      ..52996748
-      ..d7f9c980
-..33852bfa
-      ..8b3a487f
-      ..ae3ac82c
-      ..6b6b2b3d
-      ..f205810a
-      ..f63f5bb0
-      ..fe33dd90
-      ..2c5aed98
-      ..d9a6b242
-      ..f7fc4cac
-      ..2178b062
-..33852bfa
-      ..2d5a94db
-      ..0b0af1f4
-      ..633926aa
-    }..a048e0a1
-..33852bfa
-    @T..687b7e3e
-    pu..aa581669
-      ..59f2d4a9
-      ..d6b69c07
-      ..52996748
-      ..d7f9c980
-..33852bfa
-      ..8b3a487f
-      ..ae3ac82c
-      ..6b6b2b3d
-      ..f205810a
-      ..f63f5bb0
-      ..4fdf7068
-      ..e078c5dd
-      ..d9a6b242
-      ..f7fc4cac
-      ..2178b062
-..33852bfa
-      ..2d5a94db
-      ..0b0af1f4
-      ..633926aa
-    }..a048e0a1
-..33852bfa
-    @T..687b7e3e
-    pu..dded6212
-      ..59f2d4a9
-      ..d6b69c07
-      ..52996748
-      ..d7f9c980
-..33852bfa
-      ..8b3a487f
-      ..ae3ac82c
-      ..6b6b2b3d
-      ..f205810a
-      ..f63f5bb0
-      ..4fdf7068
-      ..b6afaad7
-      ..d9a6b242
-      ..f7fc4cac
-      ..2178b062
-..33852bfa
-      ..2d5a94db
-      ..0b0af1f4
-      ..633926aa
-    }..a048e0a1
-..33852bfa
-    @T..687b7e3e
-    pu..df03d897
-      ..59f2d4a9
-      ..d6b69c07
-      ..52996748
-      ..d7f9c980
-..33852bfa
-      ..8b3a487f
-      ..ae3ac82c
-      ..6b6b2b3d
-      ..f205810a
-      ..f63f5bb0
-      ..4fdf7068
-      ..3dd3bc46
-      ..c8d97f60
-      ..f7fc4cac
-      ..2178b062
-..33852bfa
-      ..2d5a94db
-      ..0b0af1f4
-      ..633926aa
-    }..a048e0a1
-..33852bfa
-    @T..687b7e3e
-    pu..6d30fbd2
-      ..59f2d4a9
-      ..d6b69c07
-      ..52996748
-      ..d7f9c980
-..33852bfa
-      ..8b3a487f
-      ..ae3ac82c
-      ..6b6b2b3d
-      ..f205810a
-      ..f63f5bb0
-      ..4fdf7068
-      ..3dd3bc46
-      ..5de0244e
-      ..f7fc4cac
-      ..2178b062
-..33852bfa
-      ..2d5a94db
-      ..0b0af1f4
-      ..633926aa
-    }..a048e0a1
-..33852bfa
-    @T..687b7e3e
-    pu..a68b43dc
-      ..59f2d4a9
-      ..d6b69c07
-      ..52996748
-      ..d7f9c980
-..33852bfa
-      ..8b3a487f
-      ..ae3ac82c
-      ..6b6b2b3d
-      ..f205810a
-      ..f63f5bb0
-      ..4fdf7068
-      ..3dd3bc46
-      ..d9a6b242
-      ..169da38f
-      ..2178b062
-..33852bfa
-      ..2d5a94db
-      ..0b0af1f4
-      ..633926aa
-    }..a048e0a1
-..33852bfa
-    @T..687b7e3e
-    pu..433c790d
-      ..59f2d4a9
-      ..d6b69c07
-      ..52996748
-      ..d7f9c980
-..33852bfa
-      ..8b3a487f
-      ..ae3ac82c
-      ..6b6b2b3d
-      ..f205810a
-      ..f63f5bb0
-      ..4fdf7068
-      ..3dd3bc46
-      ..d9a6b242
-      ..24437fad
-      ..2178b062
-..33852bfa
-      ..2d5a94db
-      ..0b0af1f4
-      ..633926aa
-    }..a048e0a1
-..33852bfa
-    @S..09976000
-    @T..687b7e3e
-    pu..9104489a
-      ..59f2d4a9
-      ..d6b69c07
-      ..52996748
-      ..d7f9c980
-..33852bfa
-      ..8b3a487f
-      ..ae3ac82c
-      ..6b6b2b3d
-      ..f205810a
-      ..f63f5bb0
-      ..4fdf7068
-      ..3dd3bc46
-      ..d9a6b242
-      ..3b64c32d
-      ..2178b062
-..33852bfa
-      ..78c4e583
-..33852bfa
-      ..3de004f9
-      ..2ec6c2f2
-      ..b41e5a51
-..33852bfa
-      ..2d5a94db
-      ..0b0af1f4
-      ..633926aa
-..33852bfa
-      ..f5639e6c
-      ..cae2374f
-    }..a048e0a1
-..33852bfa
-    @S..09976000
-    @T..687b7e3e
-    pu..6e65d309
-      ..59f2d4a9
-      ..d6b69c07
-      ..52996748
-      ..d7f9c980
-..33852bfa
-      ..8b3a487f
-      ..ae3ac82c
-      ..6b6b2b3d
-      ..f205810a
-      ..f63f5bb0
-      ..4fdf7068
-      ..3dd3bc46
-      ..d9a6b242
-      ..3b64c32d
-      ..2178b062
-..33852bfa
-      ..c28bc950
-..33852bfa
-      ..3de004f9
-      ..2ec6c2f2
-      ..b41e5a51
-..33852bfa
-      ..2d5a94db
-      ..0b0af1f4
-      ..540eef06
-..33852bfa
-      ..f5639e6c
-      ..cae2374f
-    }..a048e0a1
-..33852bfa
-    @S..09976000
-    @T..687b7e3e
-    pu..001ac2ad
-      ..59f2d4a9
-      ..d6b69c07
-      ..52996748
-      ..d7f9c980
-..33852bfa
-      ..8b3a487f
-      ..ae3ac82c
-      ..6b6b2b3d
-      ..f205810a
-      ..f63f5bb0
-      ..4fdf7068
-      ..3dd3bc46
-      ..d9a6b242
-      ..3b64c32d
-      ..2178b062
-..33852bfa
-      ..1f9d5e92
-      ..a51688ec
-      ..ce530410
-..33852bfa
-      ..3de004f9
-      ..2ec6c2f2
-      ..b41e5a51
-..33852bfa
-      ..2d5a94db
-      ..0b0af1f4
-      ..6b0867a9
-..33852bfa
-      ..f5639e6c
-      ..cae2374f
-    }..a048e0a1
-..33852bfa
-    @T..687b7e3e
-    pu..8a5b2849
-      ..fe28aea6
-..33852bfa
-      ..2d5a94db
-      ..bd2d48e5
-      ..b5583f3c
-    }..a048e0a1
-..33852bfa
-    @T..687b7e3e
-    pu..463a485b
-      ..59f2d4a9
-      ..8eb93c16
-      ..52996748
-      ..352997f7
-      ..4e069683
-      ..395e5f6c
-..33852bfa
-      ..f28a2c2e
-      ..b71335b5
-      ..6b6b2b3d
-      ..f63f5bb0
-      ..a24e17ad
-      ..7ab478db
-      ..b87e141f
-      ..d5e99e38
-      ..2178b062
-..33852bfa
-      ..2d5a94db
-      ..bd2d48e5
-      ..b5583f3c
-    }..a048e0a1
-..33852bfa
-    @T..687b7e3e
-    pu..ee0416c2
-      ..59f2d4a9
-      ..8eb93c16
-      ..52996748
-      ..352997f7
-      ..4e069683
-      ..395e5f6c
-..33852bfa
-      ..f28a2c2e
-      ..72344e36
-      ..6b6b2b3d
-      ..f63f5bb0
-      ..a24e17ad
-      ..7ab478db
-      ..b87e141f
-      ..d5e99e38
-      ..2178b062
-..33852bfa
-      ..2d5a94db
-      ..bd2d48e5
-      ..b5583f3c
-    }..a048e0a1
-..33852bfa
-    @T..687b7e3e
-    pu..b7a2daa5
-      ..1344c224
-      ..52996748
-      ..352997f7
-      ..4e069683
-      ..395e5f6c
-..33852bfa
-      ..f28a2c2e
-      ..ae3ac82c
-      ..6b6b2b3d
-      ..f63f5bb0
-      ..a24e17ad
-      ..7ab478db
-      ..b87e141f
-      ..d5e99e38
-      ..2178b062
-..33852bfa
-      ..2d5a94db
-      ..bd2d48e5
-      ..b5583f3c
-    }..a048e0a1
-..33852bfa
-    @T..687b7e3e
-    pu..10839e35
-      ..59f2d4a9
-      ..52996748
-      ..352997f7
-      ..4e069683
-      ..395e5f6c
-..33852bfa
-      ..f28a2c2e
-      ..ae3ac82c
-      ..6b6b2b3d
-      ..f63f5bb0
-      ..a24e17ad
-      ..7ab478db
-      ..b87e141f
-      ..d5e99e38
-      ..2178b062
-..33852bfa
-      ..2d5a94db
-      ..bd2d48e5
-      ..b5583f3c
-    }..a048e0a1
-..33852bfa
-    @T..687b7e3e
-    pu..1255ea44
-      ..59f2d4a9
-      ..8eb93c16
-      ..41047063
-      ..4e069683
-      ..395e5f6c
-..33852bfa
-      ..f28a2c2e
-      ..ae3ac82c
-      ..6b6b2b3d
-      ..f63f5bb0
-      ..a24e17ad
-      ..7ab478db
-      ..b87e141f
-      ..d5e99e38
-      ..2178b062
-..33852bfa
-      ..2d5a94db
-      ..bd2d48e5
-      ..b5583f3c
-    }..a048e0a1
-..33852bfa
-    @T..687b7e3e
-    pu..d9195d34
-      ..59f2d4a9
-      ..8eb93c16
-      ..52996748
-      ..4e069683
-      ..395e5f6c
-..33852bfa
-      ..f28a2c2e
-      ..ae3ac82c
-      ..6b6b2b3d
-      ..f63f5bb0
-      ..a24e17ad
-      ..7ab478db
-      ..b87e141f
-      ..d5e99e38
-      ..2178b062
-..33852bfa
-      ..2d5a94db
-      ..bd2d48e5
-      ..b5583f3c
-    }..a048e0a1
-..33852bfa
-    @T..687b7e3e
-    pu..924bdb75
-      ..59f2d4a9
-      ..8eb93c16
-      ..52996748
-      ..352997f7
-      ..4e069683
-      ..395e5f6c
-..33852bfa
-      ..f28a2c2e
-      ..ae3ac82c
-      ..6b6b2b3d
-      ..f63f5bb0
-      ..fe33dd90
-      ..7ab478db
-      ..b87e141f
-      ..d5e99e38
-      ..2178b062
-..33852bfa
-      ..2d5a94db
-      ..bd2d48e5
-      ..b5583f3c
-    }..a048e0a1
-..33852bfa
-    @T..687b7e3e
-    pu..ece9dc91
-      ..59f2d4a9
-      ..8eb93c16
-      ..52996748
-      ..352997f7
-      ..4e069683
-      ..395e5f6c
-..33852bfa
-      ..f28a2c2e
-      ..ae3ac82c
-      ..6b6b2b3d
-      ..f63f5bb0
-      ..ef51ca5f
-      ..7ab478db
-      ..b87e141f
-      ..d5e99e38
-      ..2178b062
-..33852bfa
-      ..2d5a94db
-      ..bd2d48e5
-      ..b5583f3c
-    }..a048e0a1
-..33852bfa
-    @T..687b7e3e
-    pu..62b5faa2
-      ..59f2d4a9
-      ..8eb93c16
-      ..52996748
-      ..352997f7
-      ..4e069683
-      ..395e5f6c
-..33852bfa
-      ..f28a2c2e
-      ..ae3ac82c
-      ..6b6b2b3d
-      ..f63f5bb0
-      ..4b8f2071
-      ..0ba050c3
-      ..b87e141f
-      ..d5e99e38
-      ..2178b062
-..33852bfa
-      ..2d5a94db
-      ..bd2d48e5
-      ..b5583f3c
-    }..a048e0a1
-..33852bfa
-    @T..687b7e3e
-    pu..36ecae10
-      ..59f2d4a9
-      ..8eb93c16
-      ..52996748
-      ..352997f7
-      ..4e069683
-      ..395e5f6c
-..33852bfa
-      ..f28a2c2e
-      ..ae3ac82c
-      ..6b6b2b3d
-      ..f63f5bb0
-      ..4b8f2071
-      ..d1fa6ec7
-      ..b87e141f
-      ..d5e99e38
-      ..2178b062
-..33852bfa
-      ..2d5a94db
-      ..bd2d48e5
-      ..b5583f3c
-    }..a048e0a1
-..33852bfa
-    @T..687b7e3e
-    pu..64741950
-      ..59f2d4a9
-      ..8eb93c16
-      ..52996748
-      ..352997f7
-      ..4e069683
-      ..395e5f6c
-..33852bfa
-      ..f28a2c2e
-      ..ae3ac82c
-      ..6b6b2b3d
-      ..f63f5bb0
-      ..4b8f2071
-      ..25267c75
-      ..9f25f1ea
-      ..d5e99e38
-      ..2178b062
-..33852bfa
-      ..2d5a94db
-      ..bd2d48e5
-      ..b5583f3c
-    }..a048e0a1
-..33852bfa
-    @T..687b7e3e
-    pu..e193f37b
-      ..59f2d4a9
-      ..8eb93c16
-      ..52996748
-      ..352997f7
-      ..4e069683
-      ..395e5f6c
-..33852bfa
-      ..f28a2c2e
-      ..ae3ac82c
-      ..6b6b2b3d
-      ..f63f5bb0
-      ..4b8f2071
-      ..25267c75
-      ..a645de5a
-      ..d5e99e38
-      ..2178b062
-..33852bfa
-      ..2d5a94db
-      ..bd2d48e5
-      ..b5583f3c
-    }..a048e0a1
-..33852bfa
-    @T..687b7e3e
-    pu..054a17b3
-      ..59f2d4a9
-      ..8eb93c16
-      ..52996748
-      ..352997f7
-      ..8867b91b
-..33852bfa
-      ..f28a2c2e
-      ..ae3ac82c
-      ..6b6b2b3d
-      ..f63f5bb0
-      ..4b8f2071
-      ..25267c75
-      ..935ae722
-      ..d5e99e38
-      ..2178b062
-..33852bfa
-      ..2d5a94db
-      ..bd2d48e5
-      ..b5583f3c
-    }..a048e0a1
-..33852bfa
-    @T..687b7e3e
-    pu..2c38f143
-      ..59f2d4a9
-      ..8eb93c16
-      ..52996748
-      ..352997f7
-      ..4e069683
-..33852bfa
-      ..f28a2c2e
-      ..ae3ac82c
-      ..6b6b2b3d
-      ..f63f5bb0
-      ..4b8f2071
-      ..25267c75
-      ..935ae722
-      ..d5e99e38
-      ..2178b062
-..33852bfa
-      ..2d5a94db
-      ..bd2d48e5
-      ..b5583f3c
-    }..a048e0a1
-..33852bfa
-    @S..09976000
-    @T..687b7e3e
-    pu..cac36cdd
-      ..59f2d4a9
-      ..8eb93c16
-      ..52996748
-      ..352997f7
-      ..4e069683
-      ..395e5f6c
-..33852bfa
-      ..f28a2c2e
-      ..ae3ac82c
-      ..6b6b2b3d
-      ..f63f5bb0
-      ..4b8f2071
-      ..25267c75
-      ..935ae722
-      ..d5e99e38
-      ..2178b062
-..33852bfa
-      ..9bc44c0e
-..33852bfa
-      ..3de004f9
-      ..2ec6c2f2
-      ..a6a17249
-..33852bfa
-      ..2d5a94db
-      ..bd2d48e5
-      ..b5583f3c
-..33852bfa
-      ..f5639e6c
-      ..cae2374f
-    }..a048e0a1
-..33852bfa
-    @S..09976000
-    @T..687b7e3e
-    pu..d6aa572f
-      ..59f2d4a9
-      ..8eb93c16
-      ..52996748
-      ..352997f7
-      ..4e069683
-      ..395e5f6c
-..33852bfa
-      ..f28a2c2e
-      ..ae3ac82c
-      ..6b6b2b3d
-      ..f63f5bb0
-      ..4b8f2071
-      ..25267c75
-      ..935ae722
-      ..d5e99e38
-      ..2178b062
-..33852bfa
-      ..49cd1e12
-..33852bfa
-      ..3de004f9
-      ..2ec6c2f2
-      ..a6a17249
-..33852bfa
-      ..2d5a94db
-      ..bd2d48e5
-      ..84f88a02
-..33852bfa
-      ..f5639e6c
-      ..cae2374f
-    }..a048e0a1
-..33852bfa
-    @T..687b7e3e
-    pu..2cc4dd39
-      ..8177dbf6
-..33852bfa
-      ..2d5a94db
-      ..dd2f325f
-      ..9c1093f4
-    }..a048e0a1
-..33852bfa
-    @T..687b7e3e
-    pu..8440fdaf
-      ..b0c39e5f
-      ..b71335b5
-      ..b9c46048
-      ..2178b062
-..33852bfa
-      ..2d5a94db
-      ..dd2f325f
-      ..9c1093f4
-    }..a048e0a1
-..33852bfa
-    @T..687b7e3e
-    pu..6461fa4e
-      ..b0c39e5f
-      ..72344e36
-      ..b9c46048
-      ..2178b062
-..33852bfa
-      ..2d5a94db
-      ..dd2f325f
-      ..9c1093f4
-    }..a048e0a1
-..33852bfa
-    @T..687b7e3e
-    pu..dac517b8
-      ..b0c39e5f
-      ..ae3ac82c
-      ..ad66a9e5
-      ..2178b062
-..33852bfa
-      ..2d5a94db
-      ..dd2f325f
-      ..9c1093f4
-    }..a048e0a1
-..33852bfa
-    @T..687b7e3e
-    pu..a0a0f9e7
-      ..b0c39e5f
-      ..ae3ac82c
-      ..86bdd668
-      ..2178b062
-..33852bfa
-      ..2d5a94db
-      ..dd2f325f
-      ..9c1093f4
-    }..a048e0a1
-..33852bfa
-    @S..09976000
-    @T..687b7e3e
-    pu..ca23e70e
-      ..b0c39e5f
-      ..ae3ac82c
-      ..0c9344e6
-      ..2178b062
-..33852bfa
-      ..f1762ef9
-..33852bfa
-      ..3de004f9
-      ..2ec6c2f2
-      ..d7cb5540
-..33852bfa
-      ..2d5a94db
-      ..dd2f325f
-      ..4b108767
-      ..167fc961
-..33852bfa
-      ..f5639e6c
-      ..cae2374f
-    }..a048e0a1
-..33852bfa
-    @S..09976000
-    @T..687b7e3e
-    pu..29eb24ed
-      ..b0c39e5f
-      ..ae3ac82c
-      ..0c9344e6
-      ..2178b062
-..33852bfa
-      ..f4049f8b
-..33852bfa
-      ..3de004f9
-      ..2ec6c2f2
-      ..d7cb5540
-..33852bfa
-      ..2d5a94db
-      ..dd2f325f
-      ..4b108767
-      ..8a588080
-      ..3609f2d7
-..33852bfa
-      ..f5639e6c
-      ..cae2374f
-    }..a048e0a1
-..33852bfa
-    @S..09976000
-    @T..687b7e3e
-    pu..72187736
-      ..b0c39e5f
-      ..ae3ac82c
-      ..0c9344e6
-      ..2178b062
-..33852bfa
-      ..dc299470
-..33852bfa
-      ..3de004f9
-      ..2ec6c2f2
-      ..d7cb5540
-..33852bfa
-      ..2d5a94db
-      ..dd2f325f
-      ..4b108767
-      ..8a588080
-      ..996a4c6e
-..33852bfa
-      ..f5639e6c
-      ..cae2374f
-    }..a048e0a1
-..33852bfa
-}..d8aee4fb
--- /de..dc7e80b3
+packag..4357e6e0
+..c0441ec2
+import..c274b933
+import..f12c2c7e
+import..1af71a70
+import..8d25a9ca
+import..e71ee0c2
+import..03bb2dfa
+import..43791c66
+import..7c08bf0e
+import..4047446f
+import..3b6c13f0
+import..9715545b
+..c0441ec2
+import..4a3cd378
+..c0441ec2
+import..c8460f18
+..c0441ec2
+@RunWi..d166cdb3
+@Prepa..654375da
+public..9c63e1bb
+..c0441ec2
+    Ev..2885a1ec
+    Co..a8309099
+..c0441ec2
+    @B..05f119d1
+    pu..d23e4387
+      ..23045db4
+    }..bb956f55
+..c0441ec2
+    @T..595996c0
+    pu..f21b5ed6
+      ..5b0bea13
+      ..1a1478d0
+      ..ddebff45
+    }..bb956f55
+..c0441ec2
+    @T..595996c0
+    pu..7c1690cc
+      ..373a2525
+..c0441ec2
+      ..5b0bea13
+      ..0c08eca5
+      ..ea278a5e
+    }..bb956f55
+..c0441ec2
+    @T..595996c0
+    pu..f68972b6
+      ..9ab1230a
+      ..33c3aed1
+      ..88cdd171
+      ..e786ae27
+..c0441ec2
+      ..5b0bea13
+      ..0c08eca5
+      ..ea278a5e
+    }..bb956f55
+..c0441ec2
+    @T..595996c0
+    pu..86fc27dc
+      ..9ab1230a
+      ..3824e8f2
+      ..88cdd171
+      ..e786ae27
+..c0441ec2
+      ..5b0bea13
+      ..0c08eca5
+      ..ea278a5e
+    }..bb956f55
+..c0441ec2
+    @T..595996c0
+    pu..400e1413
+      ..9ab1230a
+      ..10ed18e4
+      ..a6aa7e71
+      ..e786ae27
+..c0441ec2
+      ..5b0bea13
+      ..0c08eca5
+      ..ea278a5e
+    }..bb956f55
+..c0441ec2
+    @T..595996c0
+    pu..101dbda8
+      ..9ab1230a
+      ..10ed18e4
+      ..d1ac5a46
+      ..e786ae27
+..c0441ec2
+      ..5b0bea13
+      ..0c08eca5
+      ..ea278a5e
+    }..bb956f55
+..c0441ec2
+    @S..54f6ac8e
+    @T..595996c0
+    pu..1def531a
+      ..9ab1230a
+      ..10ed18e4
+      ..88cdd171
+      ..e786ae27
+..c0441ec2
+      ..964a0114
+..c0441ec2
+      ..0c2876d5
+      ..2621eb95
+      ..86184705
+..c0441ec2
+      ..5b0bea13
+      ..0c08eca5
+      ..ea278a5e
+..c0441ec2
+      ..e16e6387
+      ..54522f94
+    }..bb956f55
+..c0441ec2
+    @S..54f6ac8e
+    @T..595996c0
+    pu..1617cc9c
+      ..9ab1230a
+      ..10ed18e4
+      ..88cdd171
+      ..e786ae27
+..c0441ec2
+      ..503396be
+..c0441ec2
+      ..0c2876d5
+      ..2621eb95
+      ..86184705
+..c0441ec2
+      ..5b0bea13
+      ..0c08eca5
+      ..e109eeb0
+..c0441ec2
+      ..e16e6387
+      ..54522f94
+    }..bb956f55
+..c0441ec2
+    @T..595996c0
+    pu..639d47d0
+      ..6c165ee6
+..c0441ec2
+      ..5b0bea13
+      ..13579fb5
+      ..0caceb72
+    }..bb956f55
+..c0441ec2
+    @T..595996c0
+    pu..4905fd97
+      ..8b95049a
+      ..2faceb1c
+      ..6e1fb6dd
+      ..1e2a34db
+      ..88cdd171
+      ..e786ae27
+..c0441ec2
+      ..5b0bea13
+      ..13579fb5
+      ..0caceb72
+    }..bb956f55
+..c0441ec2
+    @T..595996c0
+    pu..a75eebfc
+      ..8b95049a
+      ..00146269
+      ..6e1fb6dd
+      ..1e2a34db
+      ..88cdd171
+      ..e786ae27
+..c0441ec2
+      ..5b0bea13
+      ..13579fb5
+      ..0caceb72
+    }..bb956f55
+..c0441ec2
+    @T..595996c0
+    pu..fbaf2cdc
+      ..8b95049a
+      ..01924a67
+      ..ae3fb752
+      ..1e2a34db
+      ..88cdd171
+      ..e786ae27
+      ..5b0bea13
+      ..13579fb5
+      ..0caceb72
+    }..bb956f55
+..c0441ec2
+    @T..595996c0
+    pu..2d9f19e7
+      ..8b95049a
+      ..01924a67
+      ..6e1fb6dd
+      ..67da98e0
+      ..88cdd171
+      ..e786ae27
+      ..5b0bea13
+      ..13579fb5
+      ..0caceb72
+    }..bb956f55
+..c0441ec2
+    @T..595996c0
+    pu..57740834
+      ..8b95049a
+      ..01924a67
+      ..6e1fb6dd
+      ..e908d29f
+      ..88cdd171
+      ..e786ae27
+      ..5b0bea13
+      ..13579fb5
+      ..0caceb72
+    }..bb956f55
+..c0441ec2
+    @T..595996c0
+    pu..9fdf6070
+      ..8b95049a
+      ..01924a67
+      ..6e1fb6dd
+      ..1e2a34db
+      ..a6aa7e71
+      ..e786ae27
+      ..5b0bea13
+      ..13579fb5
+      ..0caceb72
+    }..bb956f55
+..c0441ec2
+    @T..595996c0
+    pu..08a5183a
+      ..8b95049a
+      ..01924a67
+      ..6e1fb6dd
+      ..1e2a34db
+      ..d1ac5a46
+      ..e786ae27
+      ..5b0bea13
+      ..13579fb5
+      ..0caceb72
+    }..bb956f55
+..c0441ec2
+    @S..54f6ac8e
+    @T..595996c0
+    pu..2eeb458b
+      ..8b95049a
+      ..01924a67
+      ..6e1fb6dd
+      ..1e2a34db
+      ..88cdd171
+      ..e786ae27
+..c0441ec2
+      ..bb2b96f5
+..c0441ec2
+      ..0c2876d5
+      ..2621eb95
+      ..54c7359c
+..c0441ec2
+      ..5b0bea13
+      ..13579fb5
+      ..0caceb72
+..c0441ec2
+      ..e16e6387
+      ..54522f94
+    }..bb956f55
+..c0441ec2
+    @S..54f6ac8e
+    @T..595996c0
+    pu..adf320b0
+      ..8b95049a
+      ..01924a67
+      ..6e1fb6dd
+      ..1e2a34db
+      ..88cdd171
+      ..e786ae27
+..c0441ec2
+      ..47516345
+..c0441ec2
+      ..0c2876d5
+      ..2621eb95
+      ..54c7359c
+..c0441ec2
+      ..5b0bea13
+      ..13579fb5
+      ..0caceb72
+..c0441ec2
+      ..e16e6387
+      ..54522f94
+    }..bb956f55
+..c0441ec2
+    @S..54f6ac8e
+    @T..595996c0
+    pu..b649ffba
+      ..8b95049a
+      ..01924a67
+      ..6e1fb6dd
+      ..1e2a34db
+      ..88cdd171
+      ..e786ae27
+..c0441ec2
+      ..fcc1d151
+      ..1ed0f094
+      ..28c80f8c
+..c0441ec2
+      ..0c2876d5
+      ..2621eb95
+      ..54c7359c
+..c0441ec2
+      ..5b0bea13
+      ..13579fb5
+      ..391b2e9a
+      ..77519ad8
+      ..4d6d0461
+..c0441ec2
+      ..e16e6387
+      ..54522f94
+    }..bb956f55
+..c0441ec2
+    @S..54f6ac8e
+    @T..595996c0
+    pu..2e5952b3
+      ..8b95049a
+      ..01924a67
+      ..6e1fb6dd
+      ..1e2a34db
+      ..88cdd171
+      ..e786ae27
+..c0441ec2
+      ..fcc1d151
+      ..f5818732
+      ..1ed0f094
+      ..28c80f8c
+..c0441ec2
+      ..0c2876d5
+      ..2621eb95
+      ..54c7359c
+..c0441ec2
+      ..5b0bea13
+      ..13579fb5
+      ..391b2e9a
+      ..77519ad8
+      ..3bf28dc8
+..c0441ec2
+      ..e16e6387
+      ..54522f94
+    }..bb956f55
+..c0441ec2
+}..69a0db28
--- /de..dc7e80b3
+packag..c3ab23b0
+..c0441ec2
+import..c274b933
+import..a8655583
+import..1af71a70
+import..1a9ff94d
+import..e71ee0c2
+import..03bb2dfa
+import..43791c66
+import..7c08bf0e
+import..4047446f
+import..3b6c13f0
+import..9715545b
+..c0441ec2
+import..3ee3fb64
+import..4a3cd378
+..c0441ec2
+import..c8460f18
+..c0441ec2
+@RunWi..d166cdb3
+@Prepa..45192fe0
+public..e7e1b507
+..c0441ec2
+    Id..b814b1ee
+    Co..a8309099
+..c0441ec2
+    @B..05f119d1
+    pu..d23e4387
+      ..23045db4
+    }..bb956f55
+..c0441ec2
+    @T..595996c0
+    pu..f21b5ed6
+      ..6c48b9fe
+      ..b8bb374d
+      ..ddebff45
+    }..bb956f55
+..c0441ec2
+    @T..595996c0
+    pu..c71c8d8a
+      ..2d913a0c
+..c0441ec2
+      ..6c48b9fe
+      ..570e5064
+      ..b7df9c3e
+    }..bb956f55
+..c0441ec2
+    @T..595996c0
+    pu..7365ee60
+      ..b1bd7a87
+      ..d1ac5a46
+      ..e786ae27
+..c0441ec2
+      ..6c48b9fe
+      ..570e5064
+      ..b7df9c3e
+    }..bb956f55
+..c0441ec2
+    @T..595996c0
+    pu..0b7a526e
+      ..b1bd7a87
+      ..a6aa7e71
+      ..e786ae27
+..c0441ec2
+      ..6c48b9fe
+      ..570e5064
+      ..b7df9c3e
+    }..bb956f55
+..c0441ec2
+    @S..617f0ab4
+    @T..595996c0
+    pu..d7ac4e42
+      ..b1bd7a87
+      ..88cdd171
+      ..aa3f406b
+      ..e786ae27
+..c0441ec2
+      ..6c48b9fe
+      ..570e5064
+      ..b7df9c3e
+    }..bb956f55
+..c0441ec2
+    @T..595996c0
+    pu..5eae8ddd
+      ..b1bd7a87
+      ..88cdd171
+      ..f26c453d
+      ..e786ae27
+..c0441ec2
+      ..6c48b9fe
+      ..570e5064
+      ..b7df9c3e
+    }..bb956f55
+..c0441ec2
+    @S..7c6b0c15
+    @T..595996c0
+    pu..f758e933
+      ..b1bd7a87
+      ..88cdd171
+      ..d2b8ab03
+      ..984cfede
+      ..a6612523
+      ..e786ae27
+..c0441ec2
+      ..4ccd990e
+..c0441ec2
+      ..0c2876d5
+      ..2621eb95
+      ..a777a725
+..c0441ec2
+      ..6c48b9fe
+      ..570e5064
+      ..b7df9c3e
+..c0441ec2
+      ..e16e6387
+      ..54522f94
+    }..bb956f55
+..c0441ec2
+    @S..7c6b0c15
+    @T..595996c0
+    pu..8c437ff5
+      ..b1bd7a87
+      ..88cdd171
+      ..d2b8ab03
+      ..984cfede
+      ..a6612523
+      ..e786ae27
+..c0441ec2
+      ..dc04c5a1
+..c0441ec2
+      ..0c2876d5
+      ..2621eb95
+      ..a777a725
+..c0441ec2
+      ..6c48b9fe
+      ..570e5064
+      ..8d98e445
+..c0441ec2
+      ..e16e6387
+      ..54522f94
+    }..bb956f55
+..c0441ec2
+    @T..595996c0
+    pu..792f5e1f
+      ..65747bcc
+..c0441ec2
+      ..6c48b9fe
+      ..a4295514
+      ..223769b5
+    }..bb956f55
+..c0441ec2
+    @T..595996c0
+    pu..6e4279db
+      ..be1934a2
+      ..d1ac5a46
+      ..e786ae27
+..c0441ec2
+      ..6c48b9fe
+      ..a4295514
+      ..223769b5
+    }..bb956f55
+..c0441ec2
+    @T..595996c0
+    pu..ccaf8dfd
+      ..be1934a2
+      ..a6aa7e71
+      ..e786ae27
+..c0441ec2
+      ..6c48b9fe
+      ..a4295514
+      ..223769b5
+    }..bb956f55
+..c0441ec2
+    @S..617f0ab4
+    @T..595996c0
+    pu..1d8ae5ea
+      ..be1934a2
+      ..88cdd171
+      ..aa3f406b
+      ..e786ae27
+..c0441ec2
+      ..6c48b9fe
+      ..a4295514
+      ..223769b5
+    }..bb956f55
+..c0441ec2
+    @T..595996c0
+    pu..fcb8fb54
+      ..be1934a2
+      ..88cdd171
+      ..f26c453d
+      ..e786ae27
+..c0441ec2
+      ..6c48b9fe
+      ..a4295514
+      ..223769b5
+    }..bb956f55
+..c0441ec2
+    @S..7c6b0c15
+    @T..595996c0
+    pu..b35b04fa
+      ..be1934a2
+      ..88cdd171
+      ..d2b8ab03
+      ..984cfede
+      ..a6612523
+      ..e786ae27
+..c0441ec2
+      ..7267a5fd
+..c0441ec2
+      ..0c2876d5
+      ..2621eb95
+      ..483445c9
+..c0441ec2
+      ..6c48b9fe
+      ..a4295514
+      ..223769b5
+..c0441ec2
+      ..e16e6387
+      ..54522f94
+    }..bb956f55
+..c0441ec2
+    @S..7c6b0c15
+    @T..595996c0
+    pu..0786a95d
+      ..be1934a2
+      ..88cdd171
+      ..d2b8ab03
+      ..984cfede
+      ..a6612523
+      ..e786ae27
+..c0441ec2
+      ..d8fc014a
+..c0441ec2
+      ..0c2876d5
+      ..2621eb95
+      ..483445c9
+..c0441ec2
+      ..6c48b9fe
+      ..a4295514
+      ..1a885e06
+      ..b451b32b
+..c0441ec2
+      ..e16e6387
+      ..54522f94
+    }..bb956f55
+..c0441ec2
+    @S..7c6b0c15
+    @T..595996c0
+    pu..27db952f
+      ..be1934a2
+      ..88cdd171
+      ..d2b8ab03
+      ..984cfede
+      ..a6612523
+      ..e786ae27
+..c0441ec2
+      ..b9f4c069
+      ..2363fe62
+      ..28c80f8c
+..c0441ec2
+      ..0c2876d5
+      ..2621eb95
+      ..483445c9
+..c0441ec2
+      ..6c48b9fe
+      ..a4295514
+      ..1a885e06
+      ..9f3862a4
+..c0441ec2
+      ..e16e6387
+      ..54522f94
+    }..bb956f55
+..c0441ec2
+    @S..7c6b0c15
+    @T..595996c0
+    pu..7bc5cbf0
+      ..be1934a2
+      ..88cdd171
+      ..d2b8ab03
+      ..984cfede
+      ..a6612523
+      ..e786ae27
+..c0441ec2
+      ..b9f4c069
+      ..2e31bb85
+      ..2363fe62
+      ..28c80f8c
+..c0441ec2
+      ..0c2876d5
+      ..2621eb95
+      ..483445c9
+..c0441ec2
+      ..6c48b9fe
+      ..a4295514
+      ..1a885e06
+      ..4c8dfe6c
+..c0441ec2
+      ..e16e6387
+      ..54522f94
+    }..bb956f55
+..c0441ec2
+    @T..595996c0
+    pu..bcb3066b
+      ..20a31e9a
+..c0441ec2
+      ..6c48b9fe
+      ..332df04a
+      ..45ae824e
+    }..bb956f55
+..c0441ec2
+    @T..595996c0
+    pu..7866878e
+      ..1e88ed82
+      ..d1ac5a46
+      ..e786ae27
+..c0441ec2
+      ..6c48b9fe
+      ..332df04a
+      ..45ae824e
+    }..bb956f55
+..c0441ec2
+    @T..595996c0
+    pu..d3532551
+      ..1e88ed82
+      ..a6aa7e71
+      ..e786ae27
+..c0441ec2
+      ..6c48b9fe
+      ..332df04a
+      ..45ae824e
+    }..bb956f55
+..c0441ec2
+    @S..617f0ab4
+    @T..595996c0
+    pu..7fc93045
+      ..1e88ed82
+      ..88cdd171
+      ..aa3f406b
+      ..e786ae27
+..c0441ec2
+      ..6c48b9fe
+      ..332df04a
+      ..45ae824e
+    }..bb956f55
+..c0441ec2
+    @T..595996c0
+    pu..38e8d9d1
+      ..1e88ed82
+      ..88cdd171
+      ..f26c453d
+      ..e786ae27
+..c0441ec2
+      ..6c48b9fe
+      ..332df04a
+      ..45ae824e
+    }..bb956f55
+..c0441ec2
+    @S..7c6b0c15
+    @T..595996c0
+    pu..f1955a1c
+      ..1e88ed82
+      ..88cdd171
+      ..d2b8ab03
+      ..984cfede
+      ..a6612523
+      ..e786ae27
+..c0441ec2
+      ..6f2a798a
+..c0441ec2
+      ..0c2876d5
+      ..2621eb95
+      ..b62c32ac
+..c0441ec2
+      ..6c48b9fe
+      ..332df04a
+      ..45ae824e
+..c0441ec2
+      ..e16e6387
+      ..54522f94
+    }..bb956f55
+..c0441ec2
+    @S..7c6b0c15
+    @T..595996c0
+    pu..c2959b48
+      ..1e88ed82
+      ..88cdd171
+      ..d2b8ab03
+      ..984cfede
+      ..a6612523
+      ..e786ae27
+..c0441ec2
+      ..0242a06f
+..c0441ec2
+      ..0c2876d5
+      ..2621eb95
+      ..b62c32ac
+..c0441ec2
+      ..6c48b9fe
+      ..332df04a
+      ..a5f81e04
+..c0441ec2
+      ..e16e6387
+      ..54522f94
+    }..bb956f55
+..c0441ec2
+    @T..595996c0
+    pu..20efc4ac
+      ..8e3c2a6a
+..c0441ec2
+      ..6c48b9fe
+      ..a9e6d3a9
+      ..62456cee
+    }..bb956f55
+..c0441ec2
+    @T..595996c0
+    pu..3434e3e8
+      ..d37234d9
+      ..d1ac5a46
+      ..e786ae27
+..c0441ec2
+      ..6c48b9fe
+      ..a9e6d3a9
+      ..62456cee
+    }..bb956f55
+..c0441ec2
+    @T..595996c0
+    pu..66efc448
+      ..d37234d9
+      ..a6aa7e71
+      ..e786ae27
+..c0441ec2
+      ..6c48b9fe
+      ..a9e6d3a9
+      ..62456cee
+    }..bb956f55
+..c0441ec2
+    @S..617f0ab4
+    @T..595996c0
+    pu..e480267a
+      ..d37234d9
+      ..88cdd171
+      ..aa3f406b
+      ..e786ae27
+..c0441ec2
+      ..6c48b9fe
+      ..a9e6d3a9
+      ..62456cee
+    }..bb956f55
+..c0441ec2
+    @T..595996c0
+    pu..3b7733ad
+      ..d37234d9
+      ..88cdd171
+      ..f26c453d
+      ..e786ae27
+      ..6c48b9fe
+      ..a9e6d3a9
+      ..62456cee
+    }..bb956f55
+..c0441ec2
+    @S..a5de7558
+    @T..595996c0
+    pu..f0405054
+      ..d37234d9
+      ..88cdd171
+      ..d2b8ab03
+      ..984cfede
+      ..a6612523
+      ..ec1d01a7
+      ..e786ae27
+..c0441ec2
+      ..6c48b9fe
+      ..a9e6d3a9
+      ..62456cee
+    }..bb956f55
+..c0441ec2
+    @S..7f5b11e5
+    @T..595996c0
+    pu..7ac5c48c
+      ..d37234d9
+      ..88cdd171
+      ..d2b8ab03
+      ..984cfede
+      ..a6612523
+      ..c5ec8208
+      ..e786ae27
+..c0441ec2
+      ..6c48b9fe
+      ..a9e6d3a9
+      ..62456cee
+    }..bb956f55
+..c0441ec2
+    @S..7c6b0c15
+    @T..595996c0
+    pu..c29ed0af
+      ..d37234d9
+      ..88cdd171
+      ..d2b8ab03
+      ..984cfede
+      ..a6612523
+      ..6d35b85e
+      ..984cfede
+      ..a6612523
+      ..e786ae27
+..c0441ec2
+      ..b025d616
+..c0441ec2
+      ..0c2876d5
+      ..2621eb95
+      ..65e4c16e
+..c0441ec2
+      ..6c48b9fe
+      ..a9e6d3a9
+      ..62456cee
+..c0441ec2
+      ..e16e6387
+      ..54522f94
+    }..bb956f55
+..c0441ec2
+    @S..7c6b0c15
+    @T..595996c0
+    pu..ada43f65
+      ..d37234d9
+      ..88cdd171
+      ..d2b8ab03
+      ..984cfede
+      ..a6612523
+      ..6d35b85e
+      ..984cfede
+      ..a6612523
+      ..e786ae27
+..c0441ec2
+      ..6855dea1
+..c0441ec2
+      ..0c2876d5
+      ..2621eb95
+      ..65e4c16e
+..c0441ec2
+      ..6c48b9fe
+      ..a9e6d3a9
+      ..204dd117
+..c0441ec2
+      ..e16e6387
+      ..54522f94
+    }..bb956f55
+..c0441ec2
+    @T..595996c0
+    pu..3b32e7c1
+      ..be410429
+..c0441ec2
+      ..6c48b9fe
+      ..6fda3012
+      ..b5565d52
+    }..bb956f55
+..c0441ec2
+    @T..595996c0
+    pu..2a05f285
+      ..afa1db40
+      ..d1ac5a46
+      ..e786ae27
+..c0441ec2
+      ..6c48b9fe
+      ..6fda3012
+      ..b5565d52
+    }..bb956f55
+..c0441ec2
+    @T..595996c0
+    pu..a30a9efa
+      ..afa1db40
+      ..a6aa7e71
+      ..e786ae27
+..c0441ec2
+      ..6c48b9fe
+      ..6fda3012
+      ..b5565d52
+    }..bb956f55
+..c0441ec2
+    @S..617f0ab4
+    @T..595996c0
+    pu..e02b3df0
+      ..afa1db40
+      ..88cdd171
+      ..aa3f406b
+      ..e786ae27
+..c0441ec2
+      ..6c48b9fe
+      ..6fda3012
+      ..b5565d52
+    }..bb956f55
+..c0441ec2
+    @T..595996c0
+    pu..25bf3fdb
+      ..afa1db40
+      ..88cdd171
+      ..f26c453d
+      ..e786ae27
+..c0441ec2
+      ..6c48b9fe
+      ..6fda3012
+      ..b5565d52
+    }..bb956f55
+..c0441ec2
+    @S..7c6b0c15
+    @T..595996c0
+    pu..f9f19747
+      ..afa1db40
+      ..88cdd171
+      ..d2b8ab03
+      ..984cfede
+      ..a6612523
+      ..e786ae27
+..c0441ec2
+      ..59f3ff71
+..c0441ec2
+      ..0c2876d5
+      ..2621eb95
+      ..e0a725d9
+..c0441ec2
+      ..6c48b9fe
+      ..6fda3012
+      ..f2190b61
+      ..f1747ff2
+..c0441ec2
+      ..e16e6387
+      ..54522f94
+    }..bb956f55
+..c0441ec2
+    @S..7c6b0c15
+    @T..595996c0
+    pu..6892a737
+      ..afa1db40
+      ..88cdd171
+      ..d2b8ab03
+      ..984cfede
+      ..a6612523
+      ..e786ae27
+..c0441ec2
+      ..bf076ff7
+..c0441ec2
+      ..0c2876d5
+      ..2621eb95
+      ..e0a725d9
+..c0441ec2
+      ..6c48b9fe
+      ..6fda3012
+      ..f2190b61
+      ..7ae5379b
+      ..8a6c5115
+..c0441ec2
+      ..e16e6387
+      ..54522f94
+    }..bb956f55
+..c0441ec2
+    @S..7c6b0c15
+    @T..595996c0
+    pu..b9e49b64
+      ..afa1db40
+      ..88cdd171
+      ..d2b8ab03
+      ..984cfede
+      ..a6612523
+      ..e786ae27
+..c0441ec2
+      ..eed56636
+..c0441ec2
+      ..0c2876d5
+      ..2621eb95
+      ..e0a725d9
+..c0441ec2
+      ..6c48b9fe
+      ..6fda3012
+      ..f2190b61
+      ..7ae5379b
+      ..18dc160f
+..c0441ec2
+      ..e16e6387
+      ..54522f94
+    }..bb956f55
+..c0441ec2
+}..69a0db28
--- /de..dc7e80b3
+packag..1ed7257e
+..c0441ec2
+import..c274b933
+import..5e1310ec
+import..1af71a70
+import..af585bfc
+import..e71ee0c2
+import..03bb2dfa
+import..43791c66
+import..7c08bf0e
+import..4047446f
+import..3b6c13f0
+import..9715545b
+..c0441ec2
+import..4a3cd378
+..c0441ec2
+import..c8460f18
+..c0441ec2
+@RunWi..d166cdb3
+@Prepa..051efd47
+public..ba922170
+..c0441ec2
+    To..ebf0c3b6
+    Co..a8309099
+..c0441ec2
+    @B..05f119d1
+    pu..d23e4387
+      ..23045db4
+    }..bb956f55
+..c0441ec2
+    @T..595996c0
+    pu..f21b5ed6
+      ..88f0e018
+      ..d975bf9a
+      ..ddebff45
+    }..bb956f55
+..c0441ec2
+    @T..595996c0
+    pu..db4c227c
+      ..83486075
+..c0441ec2
+      ..88f0e018
+      ..e2381689
+      ..c2f5d5a0
+    }..bb956f55
+..c0441ec2
+    @T..595996c0
+    pu..cf9e4059
+      ..5587754e
+      ..c064558b
+      ..e786ae27
+..c0441ec2
+      ..88f0e018
+      ..e2381689
+      ..c2f5d5a0
+    }..bb956f55
+..c0441ec2
+    @T..595996c0
+    pu..eb882721
+      ..5587754e
+      ..bf33a52b
+      ..e786ae27
+..c0441ec2
+      ..88f0e018
+      ..e2381689
+      ..c2f5d5a0
+    }..bb956f55
+..c0441ec2
+    @S..54f6ac8e
+    @T..595996c0
+    pu..11bb4eca
+      ..5587754e
+      ..895a6236
+      ..e786ae27
+..c0441ec2
+      ..5cecabbd
+..c0441ec2
+      ..0c2876d5
+      ..2621eb95
+      ..4551761a
+..c0441ec2
+      ..88f0e018
+      ..e2381689
+      ..c2f5d5a0
+..c0441ec2
+      ..e16e6387
+      ..54522f94
+    }..bb956f55
+..c0441ec2
+    @S..54f6ac8e
+    @T..595996c0
+    pu..401f93a0
+      ..5587754e
+      ..895a6236
+      ..e786ae27
+..c0441ec2
+      ..ea69fe3b
+..c0441ec2
+      ..0c2876d5
+      ..2621eb95
+      ..4551761a
+..c0441ec2
+      ..88f0e018
+      ..e2381689
+      ..06705973
+..c0441ec2
+      ..e16e6387
+      ..54522f94
+    }..bb956f55
+..c0441ec2
+    @T..595996c0
+    pu..dfb032c8
+      ..aadbfd01
+..c0441ec2
+      ..88f0e018
+      ..3722328d
+      ..665a6930
+    }..bb956f55
+..c0441ec2
+    @T..595996c0
+    pu..0551aa4a
+      ..0f3e25a1
+      ..6a09fa05
+      ..6e1fb6dd
+      ..1e2a34db
+      ..e786ae27
+      ..88f0e018
+      ..3722328d
+      ..665a6930
+    }..bb956f55
+..c0441ec2
+    @T..595996c0
+    pu..7f60fff2
+      ..0f3e25a1
+      ..6584190e
+      ..6e1fb6dd
+      ..1e2a34db
+      ..e786ae27
+..c0441ec2
+      ..88f0e018
+      ..3722328d
+      ..665a6930
+    }..bb956f55
+..c0441ec2
+    @T..595996c0
+    pu..46c42717
+      ..0f3e25a1
+      ..e893042f
+      ..ae3fb752
+      ..1e2a34db
+      ..e786ae27
+      ..88f0e018
+      ..3722328d
+      ..665a6930
+    }..bb956f55
+..c0441ec2
+    @T..595996c0
+    pu..89ee9cf7
+      ..0f3e25a1
+      ..e893042f
+      ..6e1fb6dd
+      ..67da98e0
+      ..e786ae27
+      ..88f0e018
+      ..3722328d
+      ..665a6930
+    }..bb956f55
+..c0441ec2
+    @T..595996c0
+    pu..331be15e
+      ..0f3e25a1
+      ..e893042f
+      ..6e1fb6dd
+      ..e908d29f
+      ..e786ae27
+      ..88f0e018
+      ..3722328d
+      ..665a6930
+    }..bb956f55
+..c0441ec2
+    @S..54f6ac8e
+    @T..595996c0
+    pu..f041c889
+      ..0f3e25a1
+      ..e893042f
+      ..6e1fb6dd
+      ..1e2a34db
+      ..e786ae27
+..c0441ec2
+      ..83135f75
+..c0441ec2
+      ..0c2876d5
+      ..2621eb95
+      ..be2b89af
+..c0441ec2
+      ..88f0e018
+      ..3722328d
+      ..665a6930
+..c0441ec2
+      ..e16e6387
+      ..54522f94
+    }..bb956f55
+..c0441ec2
+    @S..54f6ac8e
+    @T..595996c0
+    pu..86eddf4b
+      ..0f3e25a1
+      ..e893042f
+      ..6e1fb6dd
+      ..1e2a34db
+      ..e786ae27
+..c0441ec2
+      ..017d3883
+..c0441ec2
+      ..0c2876d5
+      ..2621eb95
+      ..be2b89af
+..c0441ec2
+      ..88f0e018
+      ..3722328d
+      ..665a6930
+..c0441ec2
+      ..e16e6387
+      ..54522f94
+    }..bb956f55
+..c0441ec2
+    @S..54f6ac8e
+    @T..595996c0
+    pu..2725e213
+      ..0f3e25a1
+      ..e893042f
+      ..6e1fb6dd
+      ..1e2a34db
+      ..e786ae27
+..c0441ec2
+      ..2e8fb8ab
+      ..1305ef65
+      ..28c80f8c
+..c0441ec2
+      ..0c2876d5
+      ..2621eb95
+      ..be2b89af
+..c0441ec2
+      ..88f0e018
+      ..3722328d
+      ..dd44e170
+      ..3cdc05c9
+      ..c1042863
+      ..a3364451
+..c0441ec2
+      ..e16e6387
+      ..54522f94
+    }..bb956f55
+..c0441ec2
+    @S..54f6ac8e
+    @T..595996c0
+    pu..89a5bfbe
+      ..0f3e25a1
+      ..e893042f
+      ..6e1fb6dd
+      ..1e2a34db
+      ..e786ae27
+..c0441ec2
+      ..2e8fb8ab
+      ..c2c66bd9
+      ..1305ef65
+      ..28c80f8c
+..c0441ec2
+      ..0c2876d5
+      ..2621eb95
+      ..be2b89af
+..c0441ec2
+      ..88f0e018
+      ..3722328d
+      ..dd44e170
+      ..3cdc05c9
+      ..c1042863
+      ..d52338ff
+..c0441ec2
+      ..e16e6387
+      ..54522f94
+    }..bb956f55
+..c0441ec2
+}..69a0db28
--- /de..dc7e80b3
+packag..62a92d4b
+..c0441ec2
+import..c274b933
+import..41807854
+import..1af71a70
+import..9a672de2
+import..e71ee0c2
+import..03bb2dfa
+import..43791c66
+import..7c08bf0e
+import..4047446f
+import..3b6c13f0
+import..9715545b
+..c0441ec2
+import..3ee3fb64
+import..4a3cd378
+..c0441ec2
+import..c8460f18
+..c0441ec2
+@RunWi..d166cdb3
+@Prepa..9965509d
+public..2fe9950d
+..c0441ec2
+    Tr..496dadee
+    Co..a8309099
+..c0441ec2
+    @B..05f119d1
+    pu..d23e4387
+      ..23045db4
+    }..bb956f55
+..c0441ec2
+    @T..595996c0
+    pu..f21b5ed6
+      ..f14db777
+      ..ac9e046a
+      ..ddebff45
+    }..bb956f55
+..c0441ec2
+    @T..595996c0
+    pu..7ed9cae6
+      ..74961ce6
+      ..d1ac5a46
+      ..0445a287
+      ..e786ae27
+..c0441ec2
+      ..f14db777
+      ..2c71b71f
+      ..d27bdf1d
+    }..bb956f55
+..c0441ec2
+    @T..595996c0
+    pu..0071e507
+      ..74961ce6
+      ..a6aa7e71
+      ..0445a287
+      ..e786ae27
+..c0441ec2
+      ..f14db777
+      ..2c71b71f
+      ..d27bdf1d
+    }..bb956f55
+..c0441ec2
+    @T..595996c0
+    pu..ac3f91af
+      ..74961ce6
+      ..5fb66e65
+      ..1c32d14f
+      ..e786ae27
+..c0441ec2
+      ..f14db777
+      ..2c71b71f
+      ..d27bdf1d
+    }..bb956f55
+..c0441ec2
+    @T..595996c0
+    pu..e113dcea
+      ..74961ce6
+      ..5fb66e65
+      ..0445a287
+      ..e786ae27
+..c0441ec2
+      ..f14db777
+      ..2c71b71f
+      ..d27bdf1d
+    }..bb956f55
+..c0441ec2
+    @S..54f6ac8e
+    @T..595996c0
+    pu..7253b2f4
+      ..74961ce6
+      ..5fb66e65
+      ..3f2f7313
+      ..e786ae27
+..c0441ec2
+      ..2f1c65a2
+..c0441ec2
+      ..0c2876d5
+      ..2621eb95
+      ..174bcad3
+..c0441ec2
+      ..f14db777
+      ..2c71b71f
+      ..d27bdf1d
+..c0441ec2
+      ..e16e6387
+      ..54522f94
+    }..bb956f55
+..c0441ec2
+    @S..54f6ac8e
+    @T..595996c0
+    pu..3a7659f5
+      ..74961ce6
+      ..5fb66e65
+      ..3f2f7313
+      ..e786ae27
+..c0441ec2
+      ..a84f13ea
+..c0441ec2
+      ..0c2876d5
+      ..2621eb95
+      ..174bcad3
+..c0441ec2
+      ..f14db777
+      ..2c71b71f
+      ..0b195053
+..c0441ec2
+      ..e16e6387
+      ..54522f94
+    }..bb956f55
+..c0441ec2
+    @T..595996c0
+    pu..0151dff2
+      ..7a77558c
+..c0441ec2
+      ..f14db777
+      ..4fe2bdea
+      ..8b5e62b9
+    }..bb956f55
+..c0441ec2
+    @T..595996c0
+    pu..8980e4dd
+      ..2e789bb3
+      ..89b8ea58
+      ..c913030b
+      ..827c5d66
+..c0441ec2
+      ..b11487a8
+      ..a6aa7e71
+      ..eacc4030
+      ..6e1fb6dd
+      ..097efcaa
+      ..74bc1b53
+      ..32766863
+      ..76526d96
+      ..cbe57d0a
+      ..e786ae27
+..c0441ec2
+      ..f14db777
+      ..4fe2bdea
+      ..8b5e62b9
+    }..bb956f55
+..c0441ec2
+    @T..595996c0
+    pu..5459e201
+      ..2e789bb3
+      ..89b8ea58
+      ..c913030b
+      ..827c5d66
+..c0441ec2
+      ..b11487a8
+      ..d1ac5a46
+      ..eacc4030
+      ..6e1fb6dd
+      ..097efcaa
+      ..74bc1b53
+      ..32766863
+      ..76526d96
+      ..cbe57d0a
+      ..e786ae27
+..c0441ec2
+      ..f14db777
+      ..4fe2bdea
+      ..8b5e62b9
+    }..bb956f55
+..c0441ec2
+    @T..595996c0
+    pu..76e9a728
+      ..2e789bb3
+      ..c913030b
+      ..827c5d66
+..c0441ec2
+      ..b11487a8
+      ..5fb66e65
+      ..eacc4030
+      ..1d09f769
+      ..097efcaa
+      ..74bc1b53
+      ..32766863
+      ..76526d96
+      ..cbe57d0a
+      ..e786ae27
+..c0441ec2
+      ..f14db777
+      ..4fe2bdea
+      ..8b5e62b9
+    }..bb956f55
+..c0441ec2
+    @T..595996c0
+    pu..4045da11
+      ..7502e247
+      ..c913030b
+      ..827c5d66
+..c0441ec2
+      ..b11487a8
+      ..5fb66e65
+      ..eacc4030
+      ..1d09f769
+      ..097efcaa
+      ..74bc1b53
+      ..32766863
+      ..76526d96
+      ..cbe57d0a
+      ..e786ae27
+..c0441ec2
+      ..f14db777
+      ..4fe2bdea
+      ..8b5e62b9
+    }..bb956f55
+..c0441ec2
+    @T..595996c0
+    pu..12ffbcc9
+      ..2e789bb3
+      ..89b8ea58
+      ..c913030b
+      ..827c5d66
+..c0441ec2
+      ..b11487a8
+      ..5fb66e65
+      ..eacc4030
+      ..004971d7
+      ..097efcaa
+      ..74bc1b53
+      ..32766863
+      ..76526d96
+      ..cbe57d0a
+      ..e786ae27
+..c0441ec2
+      ..f14db777
+      ..4fe2bdea
+      ..8b5e62b9
+    }..bb956f55
+..c0441ec2
+    @T..595996c0
+    pu..9959fc03
+      ..2e789bb3
+      ..89b8ea58
+      ..c913030b
+      ..827c5d66
+..c0441ec2
+      ..b11487a8
+      ..5fb66e65
+      ..eacc4030
+      ..ae3fb752
+      ..097efcaa
+      ..74bc1b53
+      ..32766863
+      ..76526d96
+      ..cbe57d0a
+      ..e786ae27
+..c0441ec2
+      ..f14db777
+      ..4fe2bdea
+      ..8b5e62b9
+    }..bb956f55
+..c0441ec2
+    @T..595996c0
+    pu..4221e31b
+      ..2e789bb3
+      ..89b8ea58
+      ..c913030b
+..c0441ec2
+      ..b11487a8
+      ..5fb66e65
+      ..eacc4030
+      ..5a85392a
+      ..097efcaa
+      ..74bc1b53
+      ..32766863
+      ..76526d96
+      ..cbe57d0a
+      ..e786ae27
+..c0441ec2
+      ..f14db777
+      ..4fe2bdea
+      ..8b5e62b9
+    }..bb956f55
+..c0441ec2
+    @T..595996c0
+    pu..838815f3
+      ..2e789bb3
+      ..89b8ea58
+      ..2c6d8abd
+..c0441ec2
+      ..b11487a8
+      ..5fb66e65
+      ..eacc4030
+      ..5a85392a
+      ..097efcaa
+      ..74bc1b53
+      ..32766863
+      ..76526d96
+      ..cbe57d0a
+      ..e786ae27
+..c0441ec2
+      ..f14db777
+      ..4fe2bdea
+      ..8b5e62b9
+    }..bb956f55
+..c0441ec2
+    @T..595996c0
+    pu..ce3536fe
+      ..2e789bb3
+      ..89b8ea58
+      ..c913030b
+      ..827c5d66
+..c0441ec2
+      ..b11487a8
+      ..5fb66e65
+      ..eacc4030
+      ..5a85392a
+      ..097efcaa
+      ..d3acb2a0
+      ..32766863
+      ..76526d96
+      ..cbe57d0a
+      ..e786ae27
+..c0441ec2
+      ..f14db777
+      ..4fe2bdea
+      ..8b5e62b9
+    }..bb956f55
+..c0441ec2
+    @T..595996c0
+    pu..661afb1c
+      ..2e789bb3
+      ..89b8ea58
+      ..c913030b
+      ..827c5d66
+..c0441ec2
+      ..b11487a8
+      ..5fb66e65
+      ..eacc4030
+      ..5a85392a
+      ..097efcaa
+      ..cdc482f6
+      ..32766863
+      ..76526d96
+      ..cbe57d0a
+      ..e786ae27
+..c0441ec2
+      ..f14db777
+      ..4fe2bdea
+      ..8b5e62b9
+    }..bb956f55
+..c0441ec2
+    @T..595996c0
+    pu..93c4fbbd
+      ..2e789bb3
+      ..89b8ea58
+      ..c913030b
+      ..827c5d66
+..c0441ec2
+      ..b11487a8
+      ..5fb66e65
+      ..eacc4030
+      ..5a85392a
+      ..097efcaa
+      ..74bc1b53
+      ..c24805c5
+      ..76526d96
+      ..cbe57d0a
+      ..e786ae27
+..c0441ec2
+      ..f14db777
+      ..4fe2bdea
+      ..8b5e62b9
+    }..bb956f55
+..c0441ec2
+    @T..595996c0
+    pu..1ed84573
+      ..2e789bb3
+      ..89b8ea58
+      ..c913030b
+      ..827c5d66
+..c0441ec2
+      ..b11487a8
+      ..5fb66e65
+      ..eacc4030
+      ..5a85392a
+      ..097efcaa
+      ..74bc1b53
+      ..d3d1b6ff
+      ..76526d96
+      ..cbe57d0a
+      ..e786ae27
+..c0441ec2
+      ..f14db777
+      ..4fe2bdea
+      ..8b5e62b9
+    }..bb956f55
+..c0441ec2
+    @T..595996c0
+    pu..97af3599
+      ..2e789bb3
+      ..89b8ea58
+      ..c913030b
+      ..827c5d66
+..c0441ec2
+      ..b11487a8
+      ..5fb66e65
+      ..eacc4030
+      ..5a85392a
+      ..097efcaa
+      ..74bc1b53
+      ..4a801e4e
+      ..67da98e0
+      ..cbe57d0a
+      ..e786ae27
+..c0441ec2
+      ..f14db777
+      ..4fe2bdea
+      ..8b5e62b9
+    }..bb956f55
+..c0441ec2
+    @T..595996c0
+    pu..add7a7a2
+      ..2e789bb3
+      ..89b8ea58
+      ..c913030b
+      ..827c5d66
+..c0441ec2
+      ..b11487a8
+      ..5fb66e65
+      ..eacc4030
+      ..5a85392a
+      ..097efcaa
+      ..74bc1b53
+      ..4a801e4e
+      ..e908d29f
+      ..cbe57d0a
+      ..e786ae27
+..c0441ec2
+      ..f14db777
+      ..4fe2bdea
+      ..8b5e62b9
+    }..bb956f55
+..c0441ec2
+    @T..595996c0
+    pu..30a3667c
+      ..2e789bb3
+      ..89b8ea58
+      ..c913030b
+      ..827c5d66
+..c0441ec2
+      ..b11487a8
+      ..5fb66e65
+      ..eacc4030
+      ..5a85392a
+      ..097efcaa
+      ..74bc1b53
+      ..4a801e4e
+      ..76526d96
+      ..4758467a
+      ..e786ae27
+..c0441ec2
+      ..f14db777
+      ..4fe2bdea
+      ..8b5e62b9
+    }..bb956f55
+..c0441ec2
+    @T..595996c0
+    pu..8ea3f68c
+      ..2e789bb3
+      ..89b8ea58
+      ..c913030b
+      ..827c5d66
+..c0441ec2
+      ..b11487a8
+      ..5fb66e65
+      ..eacc4030
+      ..5a85392a
+      ..097efcaa
+      ..74bc1b53
+      ..4a801e4e
+      ..76526d96
+      ..1c89711d
+      ..e786ae27
+..c0441ec2
+      ..f14db777
+      ..4fe2bdea
+      ..8b5e62b9
+    }..bb956f55
+..c0441ec2
+    @S..54f6ac8e
+    @T..595996c0
+    pu..5c177185
+      ..2e789bb3
+      ..89b8ea58
+      ..c913030b
+      ..827c5d66
+..c0441ec2
+      ..b11487a8
+      ..5fb66e65
+      ..eacc4030
+      ..5a85392a
+      ..097efcaa
+      ..74bc1b53
+      ..4a801e4e
+      ..76526d96
+      ..977ced1a
+      ..e786ae27
+..c0441ec2
+      ..e5275648
+..c0441ec2
+      ..0c2876d5
+      ..2621eb95
+      ..301f2bef
+..c0441ec2
+      ..f14db777
+      ..4fe2bdea
+      ..8b5e62b9
+..c0441ec2
+      ..e16e6387
+      ..54522f94
+    }..bb956f55
+..c0441ec2
+    @S..54f6ac8e
+    @T..595996c0
+    pu..3fa9abf1
+      ..2e789bb3
+      ..89b8ea58
+      ..c913030b
+      ..827c5d66
+..c0441ec2
+      ..b11487a8
+      ..5fb66e65
+      ..eacc4030
+      ..5a85392a
+      ..097efcaa
+      ..74bc1b53
+      ..4a801e4e
+      ..76526d96
+      ..977ced1a
+      ..e786ae27
+..c0441ec2
+      ..eee614dd
+..c0441ec2
+      ..0c2876d5
+      ..2621eb95
+      ..301f2bef
+..c0441ec2
+      ..f14db777
+      ..4fe2bdea
+      ..f295258a
+..c0441ec2
+      ..e16e6387
+      ..54522f94
+    }..bb956f55
+..c0441ec2
+    @S..54f6ac8e
+    @T..595996c0
+    pu..de327734
+      ..2e789bb3
+      ..89b8ea58
+      ..c913030b
+      ..827c5d66
+..c0441ec2
+      ..b11487a8
+      ..5fb66e65
+      ..eacc4030
+      ..5a85392a
+      ..097efcaa
+      ..74bc1b53
+      ..4a801e4e
+      ..76526d96
+      ..977ced1a
+      ..e786ae27
+..c0441ec2
+      ..956f03e7
+      ..e8a1f4f4
+      ..28c80f8c
+..c0441ec2
+      ..0c2876d5
+      ..2621eb95
+      ..301f2bef
+..c0441ec2
+      ..f14db777
+      ..4fe2bdea
+      ..1f8f698b
+..c0441ec2
+      ..e16e6387
+      ..54522f94
+    }..bb956f55
+..c0441ec2
+    @T..595996c0
+    pu..ac725ace
+      ..44122389
+..c0441ec2
+      ..f14db777
+      ..1b0f400a
+      ..2f441a88
+    }..bb956f55
+..c0441ec2
+    @T..595996c0
+    pu..edb27432
+      ..2e789bb3
+      ..32e383ef
+      ..c913030b
+      ..77210bca
+      ..69116d7b
+      ..842d4a9d
+..c0441ec2
+      ..5cc7d3eb
+      ..d1ac5a46
+      ..eacc4030
+      ..097efcaa
+      ..d4a12da3
+      ..56ff6161
+      ..66aecf19
+      ..53c8c942
+      ..e786ae27
+..c0441ec2
+      ..f14db777
+      ..1b0f400a
+      ..2f441a88
+    }..bb956f55
+..c0441ec2
+    @T..595996c0
+    pu..541132ad
+      ..2e789bb3
+      ..32e383ef
+      ..c913030b
+      ..77210bca
+      ..69116d7b
+      ..842d4a9d
+..c0441ec2
+      ..5cc7d3eb
+      ..a6aa7e71
+      ..eacc4030
+      ..097efcaa
+      ..d4a12da3
+      ..56ff6161
+      ..66aecf19
+      ..53c8c942
+      ..e786ae27
+..c0441ec2
+      ..f14db777
+      ..1b0f400a
+      ..2f441a88
+    }..bb956f55
+..c0441ec2
+    @T..595996c0
+    pu..8a5aacdc
+      ..7502e247
+      ..c913030b
+      ..77210bca
+      ..69116d7b
+      ..842d4a9d
+..c0441ec2
+      ..5cc7d3eb
+      ..5fb66e65
+      ..eacc4030
+      ..097efcaa
+      ..d4a12da3
+      ..56ff6161
+      ..66aecf19
+      ..53c8c942
+      ..e786ae27
+..c0441ec2
+      ..f14db777
+      ..1b0f400a
+      ..2f441a88
+    }..bb956f55
+..c0441ec2
+    @T..595996c0
+    pu..382d0da2
+      ..2e789bb3
+      ..c913030b
+      ..77210bca
+      ..69116d7b
+      ..842d4a9d
+..c0441ec2
+      ..5cc7d3eb
+      ..5fb66e65
+      ..eacc4030
+      ..097efcaa
+      ..d4a12da3
+      ..56ff6161
+      ..66aecf19
+      ..53c8c942
+      ..e786ae27
+..c0441ec2
+      ..f14db777
+      ..1b0f400a
+      ..2f441a88
+    }..bb956f55
+..c0441ec2
+    @T..595996c0
+    pu..6f50454f
+      ..2e789bb3
+      ..32e383ef
+      ..2c6d8abd
+      ..69116d7b
+      ..842d4a9d
+..c0441ec2
+      ..5cc7d3eb
+      ..5fb66e65
+      ..eacc4030
+      ..097efcaa
+      ..d4a12da3
+      ..56ff6161
+      ..66aecf19
+      ..53c8c942
+      ..e786ae27
+..c0441ec2
+      ..f14db777
+      ..1b0f400a
+      ..2f441a88
+    }..bb956f55
+..c0441ec2
+    @T..595996c0
+    pu..f6f851bc
+      ..2e789bb3
+      ..32e383ef
+      ..c913030b
+      ..69116d7b
+      ..842d4a9d
+..c0441ec2
+      ..5cc7d3eb
+      ..5fb66e65
+      ..eacc4030
+      ..097efcaa
+      ..d4a12da3
+      ..56ff6161
+      ..66aecf19
+      ..53c8c942
+      ..e786ae27
+..c0441ec2
+      ..f14db777
+      ..1b0f400a
+      ..2f441a88
+    }..bb956f55
+..c0441ec2
+    @T..595996c0
+    pu..a85c768e
+      ..2e789bb3
+      ..32e383ef
+      ..c913030b
+      ..77210bca
+      ..69116d7b
+      ..842d4a9d
+..c0441ec2
+      ..5cc7d3eb
+      ..5fb66e65
+      ..eacc4030
+      ..097efcaa
+      ..cdc482f6
+      ..56ff6161
+      ..66aecf19
+      ..53c8c942
+      ..e786ae27
+..c0441ec2
+      ..f14db777
+      ..1b0f400a
+      ..2f441a88
+    }..bb956f55
+..c0441ec2
+    @T..595996c0
+    pu..e4ad957b
+      ..2e789bb3
+      ..32e383ef
+      ..c913030b
+      ..77210bca
+      ..69116d7b
+      ..842d4a9d
+..c0441ec2
+      ..5cc7d3eb
+      ..5fb66e65
+      ..eacc4030
+      ..097efcaa
+      ..d3acb2a0
+      ..56ff6161
+      ..66aecf19
+      ..53c8c942
+      ..e786ae27
+..c0441ec2
+      ..f14db777
+      ..1b0f400a
+      ..2f441a88
+    }..bb956f55
+..c0441ec2
+    @T..595996c0
+    pu..b8a4431c
+      ..2e789bb3
+      ..32e383ef
+      ..c913030b
+      ..77210bca
+      ..69116d7b
+      ..842d4a9d
+..c0441ec2
+      ..5cc7d3eb
+      ..5fb66e65
+      ..eacc4030
+      ..097efcaa
+      ..b61334a8
+      ..fa0cb5fb
+      ..66aecf19
+      ..53c8c942
+      ..e786ae27
+..c0441ec2
+      ..f14db777
+      ..1b0f400a
+      ..2f441a88
+    }..bb956f55
+..c0441ec2
+    @T..595996c0
+    pu..a1accfe3
+      ..2e789bb3
+      ..32e383ef
+      ..c913030b
+      ..77210bca
+      ..69116d7b
+      ..842d4a9d
+..c0441ec2
+      ..5cc7d3eb
+      ..5fb66e65
+      ..eacc4030
+      ..097efcaa
+      ..b61334a8
+      ..6c68177f
+      ..66aecf19
+      ..53c8c942
+      ..e786ae27
+..c0441ec2
+      ..f14db777
+      ..1b0f400a
+      ..2f441a88
+    }..bb956f55
+..c0441ec2
+    @T..595996c0
+    pu..19eb0289
+      ..2e789bb3
+      ..32e383ef
+      ..c913030b
+      ..77210bca
+      ..69116d7b
+      ..842d4a9d
+..c0441ec2
+      ..5cc7d3eb
+      ..5fb66e65
+      ..eacc4030
+      ..097efcaa
+      ..b61334a8
+      ..49752d20
+      ..1e3e9ffb
+      ..53c8c942
+      ..e786ae27
+..c0441ec2
+      ..f14db777
+      ..1b0f400a
+      ..2f441a88
+    }..bb956f55
+..c0441ec2
+    @T..595996c0
+    pu..a7fbe152
+      ..2e789bb3
+      ..32e383ef
+      ..c913030b
+      ..77210bca
+      ..69116d7b
+      ..842d4a9d
+..c0441ec2
+      ..5cc7d3eb
+      ..5fb66e65
+      ..eacc4030
+      ..097efcaa
+      ..b61334a8
+      ..49752d20
+      ..132b1e81
+      ..53c8c942
+      ..e786ae27
+..c0441ec2
+      ..f14db777
+      ..1b0f400a
+      ..2f441a88
+    }..bb956f55
+..c0441ec2
+    @T..595996c0
+    pu..6bd49c3d
+      ..2e789bb3
+      ..32e383ef
+      ..c913030b
+      ..77210bca
+      ..9108e879
+..c0441ec2
+      ..5cc7d3eb
+      ..5fb66e65
+      ..eacc4030
+      ..097efcaa
+      ..b61334a8
+      ..49752d20
+      ..c253f7eb
+      ..53c8c942
+      ..e786ae27
+..c0441ec2
+      ..f14db777
+      ..1b0f400a
+      ..2f441a88
+    }..bb956f55
+..c0441ec2
+    @T..595996c0
+    pu..b1576bce
+      ..2e789bb3
+      ..32e383ef
+      ..c913030b
+      ..77210bca
+      ..69116d7b
+..c0441ec2
+      ..5cc7d3eb
+      ..5fb66e65
+      ..eacc4030
+      ..097efcaa
+      ..b61334a8
+      ..49752d20
+      ..c253f7eb
+      ..53c8c942
+      ..e786ae27
+..c0441ec2
+      ..f14db777
+      ..1b0f400a
+      ..2f441a88
+    }..bb956f55
+..c0441ec2
+    @S..54f6ac8e
+    @T..595996c0
+    pu..0f36d9f8
+      ..2e789bb3
+      ..32e383ef
+      ..c913030b
+      ..77210bca
+      ..69116d7b
+      ..842d4a9d
+..c0441ec2
+      ..5cc7d3eb
+      ..5fb66e65
+      ..eacc4030
+      ..097efcaa
+      ..b61334a8
+      ..49752d20
+      ..c253f7eb
+      ..53c8c942
+      ..e786ae27
+..c0441ec2
+      ..003cd852
+..c0441ec2
+      ..0c2876d5
+      ..2621eb95
+      ..726a1a80
+..c0441ec2
+      ..f14db777
+      ..1b0f400a
+      ..2f441a88
+..c0441ec2
+      ..e16e6387
+      ..54522f94
+    }..bb956f55
+..c0441ec2
+    @S..54f6ac8e
+    @T..595996c0
+    pu..9e0f721c
+      ..2e789bb3
+      ..32e383ef
+      ..c913030b
+      ..77210bca
+      ..69116d7b
+      ..842d4a9d
+..c0441ec2
+      ..5cc7d3eb
+      ..5fb66e65
+      ..eacc4030
+      ..097efcaa
+      ..b61334a8
+      ..49752d20
+      ..c253f7eb
+      ..53c8c942
+      ..e786ae27
+..c0441ec2
+      ..41452481
+..c0441ec2
+      ..0c2876d5
+      ..2621eb95
+      ..726a1a80
+..c0441ec2
+      ..f14db777
+      ..1b0f400a
+      ..65ce9ca0
+..c0441ec2
+      ..e16e6387
+      ..54522f94
+    }..bb956f55
+..c0441ec2
+    @T..595996c0
+    pu..843ed1a9
+      ..f68a8e46
+..c0441ec2
+      ..f14db777
+      ..e2e44099
+      ..805bfe7c
+    }..bb956f55
+..c0441ec2
+    @T..595996c0
+    pu..a3b4ad0c
+      ..482d84ac
+      ..d1ac5a46
+      ..47e172b5
+      ..e786ae27
+..c0441ec2
+      ..f14db777
+      ..e2e44099
+      ..805bfe7c
+    }..bb956f55
+..c0441ec2
+    @T..595996c0
+    pu..d7375d8e
+      ..482d84ac
+      ..a6aa7e71
+      ..47e172b5
+      ..e786ae27
+..c0441ec2
+      ..f14db777
+      ..e2e44099
+      ..805bfe7c
+    }..bb956f55
+..c0441ec2
+    @T..595996c0
+    pu..1df773fe
+      ..482d84ac
+      ..5fb66e65
+      ..1c32d14f
+      ..e786ae27
+..c0441ec2
+      ..f14db777
+      ..e2e44099
+      ..805bfe7c
+    }..bb956f55
+..c0441ec2
+    @T..595996c0
+    pu..4c6c4371
+      ..482d84ac
+      ..5fb66e65
+      ..7dbc7f87
+      ..e786ae27
+..c0441ec2
+      ..f14db777
+      ..e2e44099
+      ..805bfe7c
+    }..bb956f55
+..c0441ec2
+    @S..54f6ac8e
+    @T..595996c0
+    pu..285a76b6
+      ..482d84ac
+      ..5fb66e65
+      ..3f2f7313
+      ..e786ae27
+..c0441ec2
+      ..194a8275
+..c0441ec2
+      ..0c2876d5
+      ..2621eb95
+      ..ee5df531
+..c0441ec2
+      ..f14db777
+      ..e2e44099
+      ..3686f9f3
+      ..f1747ff2
+..c0441ec2
+      ..e16e6387
+      ..54522f94
+    }..bb956f55
+..c0441ec2
+    @S..54f6ac8e
+    @T..595996c0
+    pu..9cd1d3e2
+      ..482d84ac
+      ..5fb66e65
+      ..3f2f7313
+      ..e786ae27
+..c0441ec2
+      ..1482e1af
+..c0441ec2
+      ..0c2876d5
+      ..2621eb95
+      ..ee5df531
+..c0441ec2
+      ..f14db777
+      ..e2e44099
+      ..3686f9f3
+      ..7ae5379b
+      ..8a6c5115
+..c0441ec2
+      ..e16e6387
+      ..54522f94
+    }..bb956f55
+..c0441ec2
+    @S..54f6ac8e
+    @T..595996c0
+    pu..5a0c3401
+      ..482d84ac
+      ..5fb66e65
+      ..3f2f7313
+      ..e786ae27
+..c0441ec2
+      ..0b1774ac
+..c0441ec2
+      ..0c2876d5
+      ..2621eb95
+      ..ee5df531
+..c0441ec2
+      ..f14db777
+      ..e2e44099
+      ..3686f9f3
+      ..7ae5379b
+      ..18dc160f
+..c0441ec2
+      ..e16e6387
+      ..54522f94
+    }..bb956f55
+..c0441ec2
+}..69a0db28