--- /de..dc7e80b3
+packag..1ed7257e
+..c0441ec2
+import..c8460f18
+..c0441ec2
+import..4a3cd378
+import..0a29c6b9
+..c0441ec2
+import..e71ee0c2
+import..03bb2dfa
+import..43791c66
+import..7c08bf0e
+import..4047446f
+import..3b6c13f0
+import..9715545b
+..c0441ec2
+import..c274b933
+import..21ab83f6
+import..1af71a70
+import..134b3178
+import..ed1672e7
+import..34ac707c
+import..ae6ecbcd
+import..301229f6
+import..58b1c5be
+import..bd3bd38c
+..c0441ec2
+@RunWi..d166cdb3
+@Prepa..76d7060a
+public..d9e0ea2c
+..c0441ec2
+    To..29039750
+    Co..a8309099
+..c0441ec2
+    @B..05f119d1
+    pu..d23e4387
+      ..23045db4
+    }..bb956f55
+..c0441ec2
+    @T..595996c0
+    pu..f21b5ed6
+      ..f02a7b06
+      ..faaa1c89
+      ..ddebff45
+    }..bb956f55
+..c0441ec2
+..c0441ec2
+    @S..54f6ac8e
+    @T..595996c0
+    pu..401f93a0
+      ..5587754e
+      ..895a6236
+      ..e786ae27
+..c0441ec2
+      ..ea69fe3b
+..c0441ec2
+      ..0c2876d5
+      ..2621eb95
+      ..4551761a
+..c0441ec2
+      ..f02a7b06
+      ..59a74779
+      ..62e0dd53
+      ..6ee93a43
+      ..06705973
+..c0441ec2
+      ..e16e6387
+      ..54522f94
+    }..bb956f55
+..c0441ec2
+..c0441ec2
+    @S..54f6ac8e
+    @T..595996c0
+    pu..2725e213
+      ..0f3e25a1
+      ..e893042f
+      ..6e1fb6dd
+      ..1e2a34db
+      ..e786ae27
+..c0441ec2
+      ..2e8fb8ab
+      ..1305ef65
+      ..28c80f8c
+..c0441ec2
+      ..0c2876d5
+      ..2621eb95
+      ..be2b89af
+..c0441ec2
+      ..f02a7b06
+      ..3bcfd16f
+      ..d1b7e04d
+      ..a1554b1c
+      ..dd44e170
+      ..3cdc05c9
+      ..c1042863
+      ..a3364451
+..c0441ec2
+      ..e16e6387
+      ..54522f94
+    }..bb956f55
+..c0441ec2
+    @S..54f6ac8e
+    @T..595996c0
+    pu..89a5bfbe
+      ..0f3e25a1
+      ..e893042f
+      ..6e1fb6dd
+      ..1e2a34db
+      ..e786ae27
+..c0441ec2
+      ..2e8fb8ab
+      ..c2c66bd9
+      ..1305ef65
+      ..28c80f8c
+..c0441ec2
+      ..0c2876d5
+      ..2621eb95
+      ..be2b89af
+..c0441ec2
+      ..f02a7b06
+      ..3bcfd16f
+      ..d1b7e04d
+      ..a1554b1c
+      ..dd44e170
+      ..3cdc05c9
+      ..c1042863
+      ..d52338ff
+..c0441ec2
+      ..e16e6387
+      ..54522f94
+    }..bb956f55
+..c0441ec2
+}..69a0db28