--- /de..ed54a35f
+packag..55c716b0
+..276b5dda
+import..f6f1cc6f
+import..884412fb
+import..b20f6644
+import..f2bdc282
+import..ae4af1c5
+..276b5dda
+public..cb1e1905
+..276b5dda
+	priva..0d860a16
+..276b5dda
+    pr..1cc778e8
+    }..3f1197df
+..276b5dda
+    /*..d9395eac
+     *..92491b46
+     *..3cc34d5d
+     *..ba4ac808
+     *..11441ea8
+    pu..350cc5af
+      ..2b0586f5
+      ..7e780502
+      ..678075b8
+      ..b259c3e2
+      ..362b05fc
+..276b5dda
+		try ..5118a4a7
+	     ..72c85cd1
+	     ..b6f3f95f
+	     ..61dd5727
+				LO..0ffff944
+				re..9e2d5224
+	     ..1836e56f
+	     ..37173070
+		} ca..034dc9d2
+			LOG..edb6eea3
+		}..e01a3996
+..276b5dda
+..276b5dda
+      ..54e39c79
+    }..3f1197df
+..276b5dda
+}..ce7fafc9
+import..a381132e
-		Stri..89ea8c10
-		//St..ff7cbbfe
-		Stri..595e68d5
-		Stri..d40ef37d
-		Stri..93677224
-		Stri..db37b3d2
-		setU..21c593ed
-		setU..751e77fa
-		setU..af821487
-		setU..e0fea91c
-		setU..30c66462
+		setU..d5e2484c
+		setU..6930571a
+		setU..c76e2fd8
+		setU..cfabb5db
+		setU..565e2906
-		Stri..2c486148
-		Stri..bdcbf08f
-		setU..5e72898f
-		setU..4218cb74
+		setU..489b5d01
+		setU..e48a305c
-		Stri..a208fdd2
-		Stri..2c7d592b
-		Stri..0c7e3622
-		Stri..33d5698c
-		setU..fd25f236
-		setU..e5330da6
-		setU..21b321ef
-		setU..56721919
+		setU..dd8dc84d
+		setU..020b1653
+		setU..2410333e
+		setU..f1ecfa80
-		Stri..f3fd1428
-		Stri..b88919ba
-		setU..4ccc9e68
-		setU..52ddcb89
+		setU..a36c0459
+		setU..c134a261
-	 * @p..185fd756
-	priva..cc951293
+	priva..03a62b83
+		Stri..afaa03f4
+..276b5dda
+		setU..af0f04ab
+	}..5a42f934
+..276b5dda
+	/**..0b7a3039
+	 * Me..4df1b1c2
+	 *..fab06458
+	 * @p..b35ba475
+	 * @p..2dde9008
+	 */..64c3a346
+	priva..d4a573c3
+		Stri..b6b70420
+		Stri..2dc49da9
+..276b5dda
-						..22d6dd05
+						..43ee29c6
--- /de..ed54a35f
+packag..55c716b0
+..276b5dda
+import..5cee48c3
+import..bdbf2eff
+import..6606e5f6
+..276b5dda
+import..f6f1cc6f
+import..884412fb
+import..b20f6644
+import..f2bdc282
+..276b5dda
+import..2ef7f6c1
+import..f561396e
+import..01908afe
+import..8e0608e3
+import..99302993
+import..b13cfbda
+..276b5dda
+@RunWi..4e5d9016
+@Prepa..f6f3b7af
+public..8c9b3e06
+..276b5dda
+	@Test..e98653bb
+	publi..d638192b
+		File..5c2e90ef
+		asse..3d12368c
+	}..5a42f934
+	@Test..e98653bb
+	publi..fbb8f71f
+		Stri..13da4fbc
+..276b5dda
+		Stri..2dc49da9
+		asse..ff4358b6
+	}..5a42f934
+..276b5dda
+	@Test..e98653bb
+	publi..2306b8e6
+		Stri..232892b8
+..276b5dda
+		Stri..2dc49da9
+		asse..ff4358b6
+	}..5a42f934
+	@Test..e98653bb
+	publi..c3f9a1c8
+		Stri..39f8bc53
+..276b5dda
+		Path..0181b017
+		Powe..6a25d285
+		Powe..25062377
+..276b5dda
+		Mock..d5d55414
+		Mock..1bfc9c52
+..276b5dda
+		Stri..2dc49da9
+		asse..ff4358b6
+..276b5dda
+		Powe..ca3a747b
+		Path..249a5c38
+		Powe..3f3386bb
+		File..5c1c8ac2
+	}..5a42f934
+	@Test..e98653bb
+	publi..5f73e0f7
+		Stri..39f8bc53
+..276b5dda
+		Path..0181b017
+		Powe..6a25d285
+		Powe..25062377
+..276b5dda
+		Mock..d5d55414
+		Mock..00db1fb9
+..276b5dda
+		Stri..2dc49da9
+		asse..ff4358b6
+..276b5dda
+		Powe..ca3a747b
+		Path..249a5c38
+		Powe..3f3386bb
+		File..5c1c8ac2
+	}..5a42f934
+	@Test..e98653bb
+	publi..5fddc096
+		Stri..39f8bc53
+..276b5dda
+		Path..0181b017
+		Powe..6a25d285
+		Powe..25062377
+..276b5dda
+		Mock..d5d55414
+		Mock..737cb949
+..276b5dda
+		Stri..2dc49da9
+		asse..ff4358b6
+..276b5dda
+		Powe..ca3a747b
+		Path..249a5c38
+		Powe..3f3386bb
+		File..5c1c8ac2
+	}..5a42f934
+	@Test..e98653bb
+	publi..94c9dfd1
+		Stri..39f8bc53
+..276b5dda
+		Path..0181b017
+		Powe..6a25d285
+		Powe..25062377
+..276b5dda
+		Mock..d5d55414
+		Mock..c2abe110
+..276b5dda
+		Stri..2dc49da9
+		asse..8a465b4e
+		asse..d0f5e347
+..276b5dda
+		Powe..ca3a747b
+		Path..249a5c38
+		Powe..3f3386bb
+		File..5c1c8ac2
+	}..5a42f934
+..276b5dda
+}..ce7fafc9
--- /de..ed54a35f
+{..aeed682f
+  "jso..cb174d2f
+  "met..4c4ec1bd
+  "par..d7256d18
+	"auth..fac96a2c
+	"even..21631e93
+  },..fcb770fd
+  "id"..47648a73
+}..ce7fafc9
--- /de..ed54a35f
+{..aeed682f
+  "jso..cb174d2f
+  "res..1926deab
+	"even..07ad6105
+	"even..b73373e7
+	"time..1cdd7dc3
+	"app_..95088720
+	"data..5365f5fe
+	  "id..b859312c
+		"ide..2e205163
+		"eth..96ffc362
+		"uui..b5f4611a
+		"pla..a7285cf6
+	  }..fb2299ae
+	}..5a42f934
+  },..fcb770fd
+  "id"..47648a73
+}..ce7fafc9
--- /de..ed54a35f
+{..aeed682f
+  "jso..cb174d2f
+  "met..d2d53b6e
+  "par..d7256d18
+	"auth..fac96a2c
+	"app_..95088720
+	"iden..277d4c1a
+	  "uu..a5183f62
+	},..fae2ba17
+	"afte..de161807
+	"limi..e802fb41
+  },..fcb770fd
+  "id"..47648a73
+}..ce7fafc9
--- /de..ed54a35f
+{..aeed682f
+  "jso..cb174d2f
+  "res..45ae68bc
+	{..21237cc2
+	  "ev..0d3644d0
+	  "ev..7b646f48
+	  "ti..a34c697a
+	  "ap..87d762a9
+	  "da..d1d9a95d
+		"ide..ad1540ba
+		  "i..ac5e5f30
+		  "u..ccbd8f72
+		  "p..b8ccaedf
+		}..e01a3996
+	  }..fb2299ae
+	},..fae2ba17
+	{..21237cc2
+	  "ev..9ed87bb5
+	  "ev..b7e19c52
+	  "ti..717b8905
+	  "ap..87d762a9
+	  "da..d1d9a95d
+		"ide..ad1540ba
+		  "i..ac5e5f30
+		  "e..51b427a3
+		  "u..ccbd8f72
+		  "p..b8ccaedf
+		}..e01a3996
+	  }..fb2299ae
+	},..fae2ba17
+	{..21237cc2
+	  "ev..c5d79351
+	  "ev..9e83006d
+	  "ti..8dfe12d7
+	  "ap..87d762a9
+	  "da..d1d9a95d
+		"ide..ad1540ba
+		  "i..ac5e5f30
+		  "e..51b427a3
+		  "u..ccbd8f72
+		  "p..b8ccaedf
+		}..e01a3996
+	  }..fb2299ae
+	},..fae2ba17
+	{..21237cc2
+	  "ev..d0f515d9
+	  "ev..30f5ea02
+	  "ti..84b43d32
+	  "ap..87d762a9
+	  "da..d1d9a95d
+		"txr..daaa7384
+		"ide..ad1540ba
+		  "i..528eaae8
+		  "p..59da73a1
+		  "e..a3890591
+		},..6aceaac5
+		"rec..48fcee62
+		  "i..88eccf0b
+		  "p..276994a3
+		  "e..a3890591
+		},..6aceaac5
+		"typ..55e69d5a
+		"ico..337c8428
+		"tit..42bfa239
+		"val..93e53e04
+		  "E..8cf3ea75
+		},..6aceaac5
+		"sta..97a54ae0
+	  }..fb2299ae
+	},..fae2ba17
+	{..21237cc2
+	  "ev..6924552c
+	  "ev..5aaff0f9
+	  "ti..689fb6f7
+	  "ap..87d762a9
+	  "da..d1d9a95d
+		"bal..3539ddbb
+		  {..c4b423ef
+			"id..df72399e
+			  "..ee2cc310
+			  "..30eb8d70
+			  "..c6033ac3
+			},..4a06ebcf
+			"fr..ea3476e6
+			  "..c6033ac3
+			},..4a06ebcf
+			"pe..15e1f2f2
+			  "..91f66618
+			  "..d440ec1d
+			},..4a06ebcf
+			"co..966885fa
+			  "..4031ef95
+			  "..60ecbd07
+			}..8aa2e75b
+		  }..dc1b8359
+		]..040f658e
+	  }..fb2299ae
+	},..fae2ba17
+	{..21237cc2
+	  "ev..6924552c
+	  "ev..c8db236c
+	  "ti..689fb6f7
+	  "ap..87d762a9
+	  "da..d1d9a95d
+		"ide..ad1540ba
+		  "i..528eaae8
+		  "p..59da73a1
+		  "e..a3890591
+		},..6aceaac5
+		"pen..53707b06
+		  "1..24dfd250
+		},..6aceaac5
+		"con..665acb15
+		  "3..b3cd91c4
+		},..6aceaac5
+		  "E..1fa7c779
+	  }..fb2299ae
+	},..fae2ba17
+	{..21237cc2
+	  "ev..98585dfb
+	  "ev..d11bd263
+	  "ti..bcb079bf
+	  "ap..87d762a9
+	  "da..d1d9a95d
+		"tok..2e856abc
+		"cre..2a6b06db
+		"ada..8c268e54
+		"nam..893bda96
+		"ico..337c8428
+		"tot..61c76773
+		"exc..4fdc6bb4
+		"dec..c58ddac9
+		"max..a60709ca
+		"mel..f265e528
+		"tra..3c0104ce
+	  }..fb2299ae
+	},..fae2ba17
+	{..21237cc2
+	  "ev..f7b5975c
+	  "ev..bcaa3eed
+	  "ti..b38632fa
+	  "ap..87d762a9
+	  "da..d1d9a95d
+		"tok..2e856abc
+		"cre..2a6b06db
+		"ada..8c268e54
+		"nam..893bda96
+		"ico..337c8428
+		"tot..61c76773
+		"exc..4fdc6bb4
+		"dec..c58ddac9
+		"max..a60709ca
+		"mel..f265e528
+		"tra..3c0104ce
+	  }..fb2299ae
+	}..5a42f934
+  ],..081f9550
+  "id"..47648a73
+}..ce7fafc9
--- /de..ed54a35f
+{..aeed682f
+  "jso..cb174d2f
+  "met..290306d6
+  "par..d7256d18
+	"auth..fac96a2c
+	"iden..277d4c1a
+	  "uu..97d55b48
+	  "pl..e7f1df95
+	}..5a42f934
+  },..fcb770fd
+  "id"..47648a73
+}..ce7fafc9
--- /de..ed54a35f
+{..aeed682f
+  "jso..cb174d2f
+  "res..1926deab
+	"iden..60079eab
+	"iden..c88c285e
+  },..fcb770fd
+  "id"..47648a73
+}..ce7fafc9
--- /de..ed54a35f
+{..aeed682f
+  "jso..cb174d2f
+  "met..ad5fd724
+  "par..d7256d18
+	"auth..fac96a2c
+	"iden..277d4c1a
+	  "id..179b5d69
+	}..5a42f934
+  },..fcb770fd
+  "id"..47648a73
+}..ce7fafc9
--- /de..ed54a35f
+{..aeed682f
+  "jso..cb174d2f
+  "res..7b62ebbf
+  "id"..47648a73
+}..ce7fafc9
--- /de..ed54a35f
+{..aeed682f
+  "jso..cb174d2f
+  "met..4c4ec1bd
+  "par..d7256d18
+	"auth..fac96a2c
+	"iden..277d4c1a
+	  "id..179b5d69
+	}..5a42f934
+  },..fcb770fd
+  "id"..47648a73
+}..ce7fafc9
--- /de..ed54a35f
+{..aeed682f
+  "jso..cb174d2f
+  "res..1926deab
+	"iden..60079eab
+	"ethe..94ec8ed7
+	"uuid..c2d4d7f1
+	"play..576f94bc
+  },..fcb770fd
+  "id"..47648a73
+}..ce7fafc9
--- /de..ed54a35f
+{..aeed682f
+  "jso..cb174d2f
+  "met..d2d53b6e
+  "par..d7256d18
+	"auth..c1650523
+	"iden..277d4c1a
+	  "et..68f71d4e
+	  "uu..c6ddc160
+	  "pl..0c544d1d
+	},..fae2ba17
+	"link..ebe7c9bc
+	"afte..1f4f1ecd
+	"limi..5c248299
+  },..fcb770fd
+  "id"..47648a73
+}..ce7fafc9
--- /de..ed54a35f
+{..aeed682f
+  "jso..cb174d2f
+  "res..45ae68bc
+	{..21237cc2
+	  "id..62542b31
+	  "et..09e6031e
+	  "pl..d0aba9bd
+	},..fae2ba17
+	{..21237cc2
+	  "id..64e6a340
+	  "et..09e6031e
+	  "pl..77d46ac8
+	}..5a42f934
+  ],..081f9550
+  "id"..47648a73
+}..ce7fafc9
--- /de..ed54a35f
+{..aeed682f
+  "jso..cb174d2f
+  "met..28c88cf6
+  "par..d7256d18
+	"auth..fac96a2c
+	"iden..277d4c1a
+	  "id..179b5d69
+	},..fae2ba17
+	"upda..42212294
+	  "pl..0c4df0aa
+	  "et..4a6555b0
+	}..5a42f934
+  },..fcb770fd
+  "id"..47648a73
+}..ce7fafc9
--- /de..ed54a35f
+{..aeed682f
+  "jso..cb174d2f
+  "res..1926deab
+	"iden..277d4c1a
+	  "id..62542b31
+	  "et..2c1538d6
+	  "uu..a5183f62
+	}..5a42f934
+  },..fcb770fd
+  "id"..47648a73
+}..ce7fafc9
--- /de..ed54a35f
+{..aeed682f
+  "jso..cb174d2f
+  "met..4c4ec1bd
+  "par..d7256d18
+	"toke..24c24ad2
+  },..fcb770fd
+  "id"..47648a73
+}..ce7fafc9
--- /de..ed54a35f
+{..aeed682f
+  "jso..cb174d2f
+  "res..1926deab
+	"toke..9827568c
+	"crea..631f21d6
+	"adap..e6e58e63
+	"name..3eec95f3
+	"icon..eebf3a79
+	"tota..e489c5d2
+	"exch..d0f85718
+	"deci..90de17ad
+	"maxM..114fbb77
+	"melt..dace59bb
+	"tran..39ef87f8
+  },..fcb770fd
+  "id"..47648a73
+}..ce7fafc9
--- /de..ed54a35f
+{..aeed682f
+  "jso..cb174d2f
+  "met..d2d53b6e
+  "par..d7256d18
+	"app_..026ae0ce
+    "a..a4d80e49
+	"limi..e802fb41
+  },..fcb770fd
+  "id"..47648a73
+}..ce7fafc9
--- /de..ed54a35f
+{..aeed682f
+  "jso..cb174d2f
+  "res..45ae68bc
+	{..21237cc2
+	  "to..275f4b7b
+	  "cr..a548617d
+	  "ad..8902c1a1
+	  "na..5f38f630
+	  "ic..eb7b39ca
+	  "to..fa79eedd
+	  "ex..22c5168b
+	  "de..84e960c5
+	  "ma..1579b598
+	  "me..ffbbc7f4
+	  "tr..aeb149c5
+	},..fae2ba17
+	{..21237cc2
+	  "to..5fa6355e
+	  "cr..a548617d
+	  "ad..8902c1a1
+	  "na..01098e84
+	  "ic..eb7b39ca
+	  "to..101e9db4
+	  "ex..5b0ee789
+	  "de..84e960c5
+	  "ma..a446c434
+	  "me..8a646714
+	  "tr..0bd95e60
+	},..fae2ba17
+	{..21237cc2
+	  "to..5af76747
+	  "cr..a548617d
+	  "ad..8902c1a1
+	  "na..7993814e
+	  "ic..eb7b39ca
+	  "to..4f288dce
+	  "ex..d135eade
+	  "de..61970ce5
+	  "ma..c8985e2b
+	  "me..cc65e734
+	  "tr..0de91a58
+	}..5a42f934
+  ],..081f9550
+  "id"..47648a73
+}..ce7fafc9
--- /de..ed54a35f
+{..aeed682f
+  "jso..cb174d2f
+  "met..ee70db25
+  "par..d7256d18
+	"auth..fac96a2c
+	"txr_..8e47ed97
+  },..fcb770fd
+  "id"..47648a73
+}..ce7fafc9
--- /de..ed54a35f
+{..aeed682f
+  "jso..cb174d2f
+  "res..7b62ebbf
+  "id"..47648a73
+}..ce7fafc9
--- /de..ed54a35f
+{..aeed682f
+  "jso..cb174d2f
+  "met..290306d6
+  "par..d7256d18
+	"auth..fac96a2c
+	"iden..277d4c1a
+	  "pl..722dd012
+	},..fae2ba17
+	"reci..e32f7ce4
+	  "pl..cb886e1b
+	},..fae2ba17
+	"type..e5138f76
+	"icon..eebf3a79
+	"titl..1ee924f6
+	"valu..25855fca
+	  "EN..e8fbf961
+	}..5a42f934
+  },..fcb770fd
+  "id"..47648a73
+}..ce7fafc9
--- /de..ed54a35f
+{..aeed682f
+  "jso..cb174d2f
+  "res..1926deab
+	"txr_..d69771c9
+	"iden..277d4c1a
+	  "id..8c9057cf
+	  "pl..1de27ed0
+	  "et..ec00f84e
+	},..fae2ba17
+	"reci..e32f7ce4
+	  "id..8c9057cf
+	  "pl..ead41dcf
+	  "et..ec00f84e
+	},..fae2ba17
+	"type..e5138f76
+	"icon..eebf3a79
+	"titl..1ee924f6
+	"valu..25855fca
+	  "EN..e8fbf961
+	}..5a42f934
+  },..fcb770fd
+  "id"..47648a73
+}..ce7fafc9
--- /de..ed54a35f
+{..aeed682f
+  "jso..cb174d2f
+  "met..4c4ec1bd
+  "par..d7256d18
+	"auth..c1650523
+	"txr_..f03794d6
+  },..fcb770fd
+  "id"..47648a73
+}..ce7fafc9
--- /de..ed54a35f
+{..aeed682f
+  "jso..cb174d2f
+  "res..1926deab
+	"txr_..d69771c9
+	"iden..277d4c1a
+	  "id..8c9057cf
+	  "pl..1de27ed0
+	  "et..ec00f84e
+	},..fae2ba17
+	"reci..e32f7ce4
+	  "id..8c9057cf
+	  "pl..ead41dcf
+	  "et..ec00f84e
+	},..fae2ba17
+	"type..e5138f76
+	"icon..eebf3a79
+	"titl..1ee924f6
+	"valu..25855fca
+	  "EN..e8fbf961
+	}..5a42f934
+  },..fcb770fd
+  "id"..47648a73
+}..ce7fafc9
--- /de..ed54a35f
+{..aeed682f
+  "jso..cb174d2f
+  "met..d2d53b6e
+  "par..d7256d18
+	"auth..fac96a2c
+	"iden..277d4c1a
+	  "id..16c44c1f
+	},..fae2ba17
+	"app_..02701424
+	"reci..e32f7ce4
+	  "id..f61153f2
+	},..fae2ba17
+	"type..440c9328
+	"afte..41e10eda
+	"limi..a97df48e
+	"curr..9b55fd1b
+  },..fcb770fd
+  "id"..47648a73
+}..ce7fafc9
--- /de..ed54a35f
+{..aeed682f
+  "jso..cb174d2f
+  "res..45ae68bc
+	{..21237cc2
+	  "tx..c703b559
+	  "id..b859312c
+		"ide..d067700a
+		"pla..5a0f1650
+		"eth..4cdb9dd1
+	  },..91e7456c
+	  "re..c4ad62b5
+		"ide..0a60ce41
+		"pla..c8be9c56
+		"eth..4cdb9dd1
+	  },..91e7456c
+	  "ty..d3638783
+	  "ic..eb7b39ca
+	  "ti..0d4b4ca9
+	  "va..6aec495b
+		"ENJ..267ec6f8
+	  },..91e7456c
+	  "st..403ce711
+	},..fae2ba17
+	{..21237cc2
+	  "tx..47cdfbe1
+	  "id..b859312c
+		"ide..d067700a
+		"pla..5a0f1650
+		"eth..4cdb9dd1
+	  },..91e7456c
+	  "re..c4ad62b5
+		"ide..0a60ce41
+		"pla..c8be9c56
+		"eth..4cdb9dd1
+	  },..91e7456c
+	  "ty..2f4d9dc0
+	  "ic..b6bdb40c
+	  "ti..92f4baef
+	  "va..6aec495b
+		"456..121f5ca7
+	  },..91e7456c
+	  "st..a970f841
+	},..fae2ba17
+	{..21237cc2
+	  "tx..67c490f5
+	  "id..b859312c
+		"ide..d067700a
+		"pla..5a0f1650
+		"eth..4cdb9dd1
+	  },..91e7456c
+	  "re..c4ad62b5
+		"ide..0a60ce41
+		"pla..c8be9c56
+		"eth..4cdb9dd1
+	  },..91e7456c
+	  "ty..74e51818
+	  "ic..b6bdb40c
+	  "ti..e2659a83
+	  "va..6aec495b
+		"678..0efb46c9
+	  },..91e7456c
+	  "st..0f014467
+	}..5a42f934
+  ],..081f9550
+  "id"..47648a73
+}..ce7fafc9