-    pr..94829867
+    pr..88c3ed94
+    /*..d9395eac
+     *..e57c1253
+     *..4f36aaa4
+     *..ba4ac808
+     *..11441ea8
--- /de..ed54a35f
+packag..55c716b0
+..276b5dda
+import..5cee48c3
+import..bdbf2eff
+..276b5dda
+import..2ef7f6c1
+..276b5dda
+public..0783e149
+..276b5dda
+..276b5dda
+	@Test..e98653bb
+	publi..d638192b
+		Stri..204e4f7c
+		asse..1d18d89c
+	}..5a42f934
+..276b5dda
+	@Test..e98653bb
+	publi..6fba2c3a
+		Exce..38c56e31
+		Stri..78107556
+		asse..a6a6f654
+	}..5a42f934
+..276b5dda
+	@Test..e98653bb
+	publi..89d6595b
+		Exce..6606ae5d
+		Stri..78107556
+		asse..de8385d6
+	}..5a42f934
+..276b5dda
+..276b5dda
+}..ce7fafc9