--- /de..ed54a35f
+packag..b6500c96
+..276b5dda
+import..f6470ca7
+import..9c2cee37
+..276b5dda
+import..52778452
+import..13197944
+import..65659f25
+import..94b8c3aa
+..276b5dda
+import..a490f7ad
+import..d75c4348
+import..962e4037
+import..2e4cedca
+import..4eaed344
+..276b5dda
+public..a5c93f12
+..276b5dda
+	priva..6e784868
+..276b5dda
+	/**..0b7a3039
+	 * Cl..58211ff9
+	 */..64c3a346
+	publi..688facbb
+..276b5dda
+	}..5a42f934
+..276b5dda
+	/**..0b7a3039
+	 * Cl..58211ff9
+	 * @p..cb919a93
+	 */..64c3a346
+	publi..b74748c0
+		supe..23c50f3b
+	}..5a42f934
+..276b5dda
+	/**..0b7a3039
+	 * Me..2133f7e6
+	 * @p..70b9954d
+	 * @r..33e50ec0
+	 */..64c3a346
+	publi..f52a8b0f
+		GetT..b28148dc
+..276b5dda
+		if (..cbe14699
+			LOG..6537ee1e
+			ret..fe90aae9
+		}..e01a3996
+..276b5dda
+		Map<..984d62c7
+		para..d0f9e4ad
+..276b5dda
+		// C..238e91a3
+		Stri..aebae6b9
+..276b5dda
+		getT..b96b9f38
+..276b5dda
+		retu..a80a26e6
+	}..5a42f934
+..276b5dda
+	/**..0b7a3039
+	 * Me..ef708edc
+	 * @p..99f1a147
+	 * @r..33e50ec0
+	 */..64c3a346
+	publi..1c7e2716
+		List..3b19b126
+..276b5dda
+		if (..52214f3a
+			LOG..da4ac49b
+			ret..7cf0a91e
+		}..e01a3996
+..276b5dda
+		Map<..984d62c7
+		para..09e19274
+		para..303fdbb3
+		para..fc33a9b9
+..276b5dda
+		// C..238e91a3
+		Stri..73ed9bb6
+..276b5dda
+		list..641ebae9
+..276b5dda
+		retu..2159cfa4
+	}..5a42f934
+}..ce7fafc9
-			LOG..8df0af26
+			LOG..acf09320
--- /de..ed54a35f
+packag..51497fee
+..276b5dda
+import..616646d4
+..276b5dda
+public..649c697b
+..276b5dda
+	@Json..fa67e4a2
+	priva..f843fa52
+..276b5dda
+	publi..00b23f51
+		retu..c7cb659b
+	}..5a42f934
+..276b5dda
+	publi..4b38a675
+		this..c28773ba
+	}..5a42f934
+..276b5dda
+	@Over..35402861
+	publi..467aa896
+		retu..71ad6ca2
+	}..5a42f934
+..276b5dda
+..276b5dda
+..276b5dda
+}..ce7fafc9
--- /de..ed54a35f
+packag..51497fee
+..276b5dda
+import..894a7696
+import..616646d4
+..276b5dda
+public..a391705a
+..276b5dda
+	@Json..fa67e4a2
+	priva..f843fa52
+..276b5dda
+	@Json..b91a7bea
+	priva..668dc795
+..276b5dda
+	@Json..0cf3e46a
+	priva..bf5d0ffa
+..276b5dda
+	@Json..166cac22
+	priva..77c4c4a7
+..276b5dda
+	@Json..123be4ed
+	priva..8193f722
+..276b5dda
+	@Json..00dcb854
+	priva..3609dca8
+..276b5dda
+	@Json..b3a55673
+	priva..ab80a5fc
+..276b5dda
+	@Json..86216eff
+	priva..3be356f2
+..276b5dda
+	@Json..f366e38d
+	priva..b1e20b3e
+..276b5dda
+	@Json..23c4b72a
+	priva..30864edf
+..276b5dda
+	@Json..37bcd689
+	priva..dc877401
+..276b5dda
+	publi..00b23f51
+		retu..c7cb659b
+	}..5a42f934
+..276b5dda
+	publi..4b38a675
+		this..c28773ba
+	}..5a42f934
+..276b5dda
+	publi..38a3f898
+		retu..a80dbf79
+	}..5a42f934
+..276b5dda
+	publi..dfb33977
+		this..6921ad77
+	}..5a42f934
+..276b5dda
+	publi..838d76c4
+		retu..b93110d5
+	}..5a42f934
+..276b5dda
+	publi..0c8a5a8c
+		this..b3d4bc49
+	}..5a42f934
+..276b5dda
+	publi..128774d6
+		retu..da2d4c48
+	}..5a42f934
+..276b5dda
+	publi..a3bdfe9d
+		this..b5c2a099
+	}..5a42f934
+..276b5dda
+	publi..c1cb72d1
+		retu..44dd5b38
+	}..5a42f934
+..276b5dda
+	publi..512e5b61
+		this..9fa60fb3
+	}..5a42f934
+..276b5dda
+	publi..a137168a
+		retu..4e1382f8
+	}..5a42f934
+..276b5dda
+	publi..1bffb9a6
+		this..2db8278d
+	}..5a42f934
+..276b5dda
+	publi..863c71c8
+		retu..c3f25f0b
+	}..5a42f934
+..276b5dda
+	publi..8c71d034
+		this..47f9ea23
+	}..5a42f934
+..276b5dda
+	publi..00f40816
+		retu..34c2dbc9
+	}..5a42f934
+..276b5dda
+	publi..cf7ed612
+		this..434b3d72
+	}..5a42f934
+..276b5dda
+	publi..6edfdbd0
+		retu..c8cc31bc
+	}..5a42f934
+..276b5dda
+	publi..dc764e21
+		this..1e76a0be
+	}..5a42f934
+..276b5dda
+	publi..0ae92466
+		retu..b3e90818
+	}..5a42f934
+..276b5dda
+	publi..01a9a946
+		this..15a7124f
+	}..5a42f934
+..276b5dda
+	publi..bef40f68
+		retu..0de2da8a
+	}..5a42f934
+..276b5dda
+	publi..25f2e87f
+		this..7918de5a
+	}..5a42f934
+..276b5dda
+	@Over..35402861
+	publi..467aa896
+		retu..01a36e0a
+				+ ..ee3392dd
+				+ ..fee022d7
+				+ ..541cc4cf
+	}..5a42f934
+..276b5dda
+..276b5dda
+}..ce7fafc9
--- /de..ed54a35f
+packag..51497fee
+..276b5dda
+import..616646d4
+..276b5dda
+public..5476b843
+..276b5dda
+	@Json..c9e02dba
+	priva..fab63d4e
+..276b5dda
+	@Json..92045360
+	priva..2a159b7e
+..276b5dda
+	@Json..09aa9ae3
+	priva..55f7a228
+..276b5dda
+	publi..3a57fae6
+		retu..015ab941
+	}..5a42f934
+..276b5dda
+	publi..82430d21
+		this..864f5479
+	}..5a42f934
+..276b5dda
+	publi..d691fda2
+		retu..3e58f8f4
+	}..5a42f934
+..276b5dda
+	publi..bf02db90
+		this..a44cb925
+	}..5a42f934
+..276b5dda
+	publi..ab56a1ed
+		retu..888980b4
+	}..5a42f934
+..276b5dda
+	publi..4f5b75a2
+		this..55f552e4
+	}..5a42f934
+..276b5dda
+	@Over..35402861
+	publi..467aa896
+		retu..44c938ea
+	}..5a42f934
+..276b5dda
+}..ce7fafc9
--- /de..ed54a35f
+packag..51497fee
+..276b5dda
+import..a0a7c7b2
+..276b5dda
+import..894a7696
+import..616646d4
+..276b5dda
+public..6de4518a
+..276b5dda
+	@Json..5a9d5c38
+	priva..e84158ef
+..276b5dda
+	publi..3686783c
+		retu..03aeb5b6
+	}..5a42f934
+..276b5dda
+	publi..f89eac52
+		this..cf87f2d5
+	}..5a42f934
+..276b5dda
+	@Over..35402861
+	publi..467aa896
+		retu..2809eb8d
+	}..5a42f934
+..276b5dda
+..276b5dda
+}..ce7fafc9