+    wi..8e845198
-..afbf204c
+	testC..66ded5a4
-	/** C..7efbec03
-	publi..2e211ab6
-	/** C..d7d688e6
-	publi..9531ee18
-	/** C..921936b2
-	//pub..0f07508e
-	publi..6c243f25
-..afbf204c
--- /de..ed54a35f
+packag..55c716b0
+..276b5dda
+public..aac6e159
+..276b5dda
+    pu..184fff53
+..276b5dda
+    pu..c175a634
+..276b5dda
+    pu..93a67e76
+..276b5dda
+    pu..2dbc5f6d
+..276b5dda
+}..ce7fafc9
--- /de..ed54a35f
+packag..55c716b0
+..276b5dda
+public..46f4ca16
+..276b5dda
+    pu..21c2bc1a
+..276b5dda
+    pu..073b7adb
+..276b5dda
+}..ce7fafc9
+import..a86fd9e1
-			jso..16383c79
+			JSO..e7a43fff
+			jso..4dc0579d
+			jso..8f6c1d5a
+			jso..ba2fc5c3
--- /de..ed54a35f
+packag..5f18466c
+..276b5dda
+..276b5dda
+import..f5cea021
+import..4bb2923f
+import..524655ba
+import..fc4c16e0
+..276b5dda
+import..f6470ca7
+..276b5dda
+import..7ece2ef9
+import..2ef7f6c1
+..276b5dda
+import..f6861aea
+import..b7d02bc7
+import..a7a9bde7
+import..1fda9997
+import..9d3a8583
+import..a0b9570a
+import..00db91d9
+..276b5dda
+import..f21e6465
+..276b5dda
+..276b5dda
+public..ab1d1a31
+..276b5dda
+    pr..434975e7
+    pr..8204ec81
+..276b5dda
+    pr..e4de4bb0
+    pr..c70b3d40
+      ..1125fa9b
+      ..6b937380
+      ..5f763898
+      ..1609a19e
+      ..e8bab2fc
+    }}..f6ffb287
+    pr..fa2c15fa
+..276b5dda
+    @T..91d1cec2
+    pu..7d580788
+      ..903ddf3e
+      ..cbbeb134
+      ..75569f2a
+      ..6bee1896
+      ..be5dbe99
+      ..c9395701
+..276b5dda
+      ..a00688c3
+      ..9741c122
+..276b5dda
+      ..0472fcac
+      ..633937e5
+..276b5dda
+      ..960c6b0d
+      ..02f57bfe
+      ..675148df
+      ..3810be83
+      ..9db33831
+      ..362b05fc
+..276b5dda
+      ..9cf79570
+..276b5dda
+      ..79af9de1
+      ..94538056
+      ..f7e3f2fa
+    }..3f1197df
+..276b5dda
+}..ce7fafc9
--- /de..ed54a35f
+packag..5f18466c
+..276b5dda
+import..7097c222
+import..2652fd7b
+import..9c2cee37
+..276b5dda
+import..f6861aea
+import..1fda9997
+import..a0b9570a
+import..a86fd9e1
+..276b5dda
+public..157f1d66
+..276b5dda
+    pu..c1be8adf
+    pu..3f59e1dc
+..276b5dda
+    pr..ab6e505b
+      ..8cad3681
+      ..da50777b
+      ..0a30c634
+      ..7823aa08
+      ..feb24313
+      ..dd7a98e7
+      ..b80f4384
+      ..277068ce
+    }..3f1197df
+..276b5dda
+    pr..43e7a0a2
+      ..982baadc
+      ..02f57bfe
+      ..9ea15adb
+      ..2f31542c
+      ..596a0f47
+      ..9db33831
+      ..362b05fc
+      ..d0bdfa8b
+    }..3f1197df
+..276b5dda
+    pr..9afe0597
+      ..1cc4dcae
+    }..3f1197df
+..276b5dda
+}..ce7fafc9
--- /de..ed54a35f
+packag..5f18466c
+..276b5dda
+import..5a518651
+import..d2aff9df
+import..6b5b75ae
+import..7d2d1a8e
+import..584123f6
+import..27adc985
+..276b5dda
+public..4b40f4f6
+..276b5dda
+    @R..47b4feb5
+    pu..cc4e3e71
+      ..e5362ce6
+      ..f854265d
+..276b5dda
+    @B..3aa21396
+    pu..9508403e
+      ..2a4e47cf
+      ..c8cc8d01
+    }..3f1197df
+..276b5dda
+    @A..a1b7918a
+    pu..7dba39b5
+      ..11705a2a
+    }..3f1197df
+..276b5dda
+}..ce7fafc9
--- /de..ed54a35f
+packag..67ff4ff1
+..276b5dda
+import..f5cea021
+import..4bb2923f
+import..ba25d2b7
+import..524655ba
+import..de012f78
+import..fc4c16e0
+..276b5dda
+import..7d2d1a8e
+import..584123f6
+import..27adc985
+..276b5dda
+import..f6861aea
+import..b7d02bc7
+import..5a518651
+import..d2aff9df
+import..6b5b75ae
+..276b5dda
+public..56d68f4e
+..276b5dda
+	/** P..dff76b5d
+	priva..2d98168f
+..276b5dda
+    @R..47b4feb5
+    pu..cc4e3e71
+    		..1c89aa17
+      ..f854265d
+..276b5dda
+..276b5dda
+	/** C..e71694b5
+	priva..63b3d11f
+..276b5dda
+	/** B..fa7db367
+	priva..a7746dee
+	/** B..b7126ea1
+	priva..72b71da5
+	/** B..1576e3df
+	priva..8ffbb0d2
+	/** B..c74d216a
+	priva..b0ba85e3
+..276b5dda
+..276b5dda
+	@Befo..59929fba
+	publi..3a97a02e
+		star..101af33f
+	}..5a42f934
+..276b5dda
+	@Afte..aaca76ff
+	publi..2dc2ce62
+      ..11705a2a
+	}..5a42f934
+..276b5dda
+..276b5dda
+	/**..0b7a3039
+	 * Me..23e983b8
+	 * No..906d193d
+	 */..64c3a346
+	priva..662459ff
+		Syst..ba7e9f59
+      ..2a4e47cf
+      ..c8cc8d01
+..276b5dda
+		//Fo..ffa56601
+..276b5dda
+		//Se..3d2ea508
+		Stri..8ebf4f73
+		Stri..2127167b
+		//St..30db3f43
+		Stri..f0b83ae1
+		Stri..b488fee4
+		Stri..39995652
+		Stri..b7e33c43
+		Stri..3c17e526
+		Stri..98aced1d
+		Stri..41bf3509
+		Stri..a9c7788f
+..276b5dda
+		setU..ac010441
+		setU..82a5d814
+		setU..c4f0a03a
+		setU..6b0e5122
+		setU..d2e6c96c
+..276b5dda
+		//Se..435fee5f
+		Stri..b1c23ef9
+		Stri..b8e86b6b
+		Stri..6838eec4
+		Stri..71d78e8f
+..276b5dda
+		setU..e5d54c60
+		setU..b6047be2
+..276b5dda
+		//Se..1f8a24a4
+		Stri..3a5e6051
+		Stri..02eafef9
+		Stri..26ad125c
+		Stri..5c2af1c1
+		Stri..cbbb1515
+		Stri..957a0c45
+		Stri..6521f5f6
+		Stri..98abd459
+..276b5dda
+		setU..b54a7273
+		setU..0fa722fb
+		setU..8fa1ebb1
+		setU..d8a3dcb6
+..276b5dda
+..276b5dda
+		//Se..79a15a91
+		Stri..6f8242aa
+		Stri..3dc190dc
+		Stri..30fef5a5
+		Stri..7643251f
+..276b5dda
+		setU..4b7d9c18
+		setU..c9b8e7ac
+..276b5dda
+	}..5a42f934
+..276b5dda
+	/**..0b7a3039
+	 * Me..4df1b1c2
+	 *..fab06458
+	 * @p..b35ba475
+	 * @p..2dde9008
+	 * @p..57b601b8
+	 */..64c3a346
+	priva..dd07734d
+		// S..968c3921
+		stub..8a6a8d3f
+				.w..79b79022
+				.w..b9336f8e
+				.w..ef3ea4f4
+						..5c2699de
+						..550f7d5c
+						..2ff0fcff
+	}..5a42f934
+}..ce7fafc9
-public..eb1f1a77
+public..4a6a09bd
+..276b5dda
-	publi..674ff5ff
+	publi..f32f6808
-public..ee79f53c
+public..94048917
+..276b5dda
-	publi..674ff5ff
+	publi..f32f6808
--- /de..ed54a35f
+packag..55c716b0
+..276b5dda
+import..5cee48c3
+..276b5dda
+import..2ef7f6c1
+..276b5dda
+public..66843dc0
+..276b5dda
+	@Test..e98653bb
+	publi..d638192b
+		Cont..107af114
+		asse..a066af8b
+	}..5a42f934
+..276b5dda
+}..ce7fafc9
--- /de..ed54a35f
+packag..55c716b0
+..276b5dda
+import..5cee48c3
+..276b5dda
+import..2ef7f6c1
+..276b5dda
+public..9ebf16b9
+..276b5dda
+	@Test..e98653bb
+	publi..d638192b
+		Head..1343edec
+		asse..ae10b5a2
+	}..5a42f934
+..276b5dda
+}..ce7fafc9
-includ..b4d531c5
-includ..547ab9ff
+includ..854b8f53
+++ /de..0670fa22
-/*..2971abf9
-Enforc..7083a152
-For ex..23349397
-*/..072cd3e2
-apply ..d63b4793
-config..c2526b34
-..afbf204c
-ext {..eb14d944
-    js..b8c83b7c
-    sl..22345c97
-    lo..7effa218
-    wi..ad67129b
-}..80d991ca
-..afbf204c
-depend..a301620a
-    //..4ea7a578
-    co..9824ca56
-    co..fc102cb8
-    co..e7ba3999
-..afbf204c
-    //..8f0ec8cc
-    te..9d9a5693
-}..80d991ca
+++ /de..0670fa22
-packag..b2643466
-..afbf204c
-..afbf204c
-import..f41fe953
-..afbf204c
-import..3d3d90a1
-import..3948f077
-import..379757ae
-import..ea0c9fd6
-import..a6ddf4c3
-import..87eb792c
-import..ab692ee7
-import..09e88e03
-import..d349bb1b
-import..1983c0a6
-..afbf204c
-import..f7531e4a
-..afbf204c
-public..d0c9597e
-..afbf204c
-    pr..df926a84
-    pr..74c27012
-..afbf204c
-    pr..69403c39
-    pr..f5c0e8ef
-      ..18694d7b
-      ..5a489b66
-      ..d4868c56
-      ..7435081e
-      ..df932a34
-    }}..ddf1562b
-    pr..fbd3cc47
-..afbf204c
-    @T..c60f4111
-    pu..77bdfc01
-      ..a1fdca04
-      ..911567a5
-      ..8840dd57
-      ..724493da
-      ..c57ac4e2
-      ..0bd6a330
-..afbf204c
-      ..92168312
-      ..c8ca3650
-..afbf204c
-      ..d0d72e6f
-      ..b7bc9248
-..afbf204c
-      ..a3e42afd
-      ..0b0b6f43
-      ..9395010f
-      ..1e9ea421
-      ..828eedaa
-      ..2e38cd11
-..afbf204c
-      ..35db52af
-..afbf204c
-      ..ba0c09aa
-      ..3adcf53b
-      ..82b76211
-    }..8e5c78cc
-..afbf204c
-}..80d991ca
+++ /de..0670fa22
-packag..b2643466
-..afbf204c
-import..3d3d90a1
-import..a6ddf4c3
-import..ab692ee7
-import..b84c6102
-..afbf204c
-import..c04875d2
-import..5932f418
-import..fcb89efc
-..afbf204c
-public..33d6a91f
-..afbf204c
-    pu..da52ae5c
-    pu..751089e0
-..afbf204c
-    pr..1003fb59
-      ..57f861bf
-      ..a5788dab
-      ..7f5d90fa
-      ..18807937
-      ..a811d00c
-      ..f7d9dcaa
-      ..e04720c3
-      ..3bfabd61
-    }..8e5c78cc
-..afbf204c
-    pr..ecbc9946
-      ..ec74f452
-      ..0b0b6f43
-      ..bf65c662
-      ..4f280e4c
-      ..c9d7008d
-      ..828eedaa
-      ..2e38cd11
-      ..7813cd9f
-    }..8e5c78cc
-..afbf204c
-    pr..e03f23f9
-      ..2a66a14f
-    }..8e5c78cc
-..afbf204c
-}..80d991ca
+++ /de..0670fa22
-packag..b2643466
-..afbf204c
-..afbf204c
-import..ebe79e1a
-import..2f31751b
-import..d8a9e101
-import..411392e5
-import..56766cdb
-import..94c06aba
-..afbf204c
-import..778513f6
-import..ed21a6c2
-..afbf204c
-import..55c06c9b
-..afbf204c
-public..4d18e5fb
-..afbf204c
-	priva..4f9be3b8
-..afbf204c
-..afbf204c
-	/** P..4f469b46
-	priva..5a47c2d9
-..afbf204c
-	/** C..60ab5f6c
-	priva..63c32d8a
-..afbf204c
-	/** B..04b3f605
-	priva..ac082fb3
-	/** B..026612d4
-	priva..235ab46d
-	/** B..0ad58aa2
-	priva..8cdfe8f2
-	/** B..defe0602
-	priva..fce266d9
-..afbf204c
-	/** C..7efbec03
-	//pri..dc11ff28
-	/** C..d7d688e6
-	priva..ea35b078
-	/** C..921936b2
-	//pri..7275f108
-	priva..72052f2e
-..afbf204c
-	/**..b5dff18c
-	 * Ma..3dea796e
-	 * @p..873a304a
-	 */..46336117
-	publi..f5dcb6d3
-		Mock..a16d10b8
-		iden..5756cd1a
-	}..8eb45012
-..afbf204c
-	/**..b5dff18c
-	 * Me..c24caaee
-	 * No..b429389e
-	 */..46336117
-	priva..f98ec989
-		Wire..7ad81147
-..afbf204c
-		wire..24531031
-..afbf204c
-		//Fo..1fb783a3
-..afbf204c
-		//Se..c39b9b3d
-		Stri..47e6ff73
-		Stri..89ea8c10
-		//St..ff7cbbfe
-		Stri..c9860f19
-		Stri..595e68d5
-		Stri..0c506b46
-		Stri..d40ef37d
-		Stri..61ae7a1f
-		Stri..93677224
-		Stri..ad08eb2f
-		Stri..db37b3d2
-..afbf204c
-		setU..21c593ed
-		setU..751e77fa
-		setU..af821487
-		setU..e0fea91c
-		setU..30c66462
-..afbf204c
-		//Se..70530b5e
-		Stri..4c76df08
-		Stri..2c486148
-		Stri..38251714
-		Stri..bdcbf08f
-..afbf204c
-		setU..5e72898f
-		setU..4218cb74
-..afbf204c
-		//Se..a91c262f
-		Stri..78c7e6a1
-		Stri..a208fdd2
-		Stri..53dae938
-		Stri..2c7d592b
-		Stri..157ea99e
-		Stri..0c7e3622
-		Stri..525c4a28
-		Stri..33d5698c
-..afbf204c
-		setU..fd25f236
-		setU..e5330da6
-		setU..21b321ef
-		setU..56721919
-..afbf204c
-..afbf204c
-		//Se..b41c7adc
-		Stri..de7d98a3
-		Stri..f3fd1428
-		Stri..3c0fc304
-		Stri..adfdbeaa
-..afbf204c
-		setU..4ccc9e68
-		setU..52ddcb89
-..afbf204c
-		//wi..7318ff2f
-	}..8eb45012
-..afbf204c
-	/**..b5dff18c
-	 * Me..b482c046
-	 *..9453f05e
-	 * @p..e61f3d28
-	 * @p..6f4bdae0
-	 * @p..185fd756
-	 */..46336117
-	priva..8e216b16
-		// S..7af7e369
-		stub..a0f8f1a2
-				//..47fe09a4
-				.w..f2ab2187
-				.w..29d380fe
-						..1abcc339
-						..45e4a490
-						..22d6dd05
-	}..8eb45012
-}..80d991ca
+++ /de..0670fa22
-packag..b2643466
-..afbf204c
-import..342fac03
-import..a420202e
-import..18da5afc
-import..4c5425d6
-import..4873b35e
-import..48074897
-..afbf204c
-public..d84c522b
-..afbf204c
-    @R..7f87694f
-    pu..61ef6b5d
-      ..8ceb236a
-      ..1f0c32f2
-..afbf204c
-    @B..6df23f62
-    pu..a4409372
-      ..7db1d6b3
-      ..09bd0a1c
-    }..8e5c78cc
-..afbf204c
-    @A..4eeb9fd3
-    pu..46ae65c5
-      ..cf6f4cad
-    }..8e5c78cc
-..afbf204c
-}..80d991ca
+++ /de..0670fa22
-packag..b796eb7f
-..afbf204c
-public..e98a0e15
-..afbf204c
-    pu..13d1e55c
-..afbf204c
-    pu..a066e729
-..afbf204c
-    pu..a4da5f32
-..afbf204c
-    pu..6b503cb9
-..afbf204c
-}..80d991ca
+++ /de..0670fa22
-packag..b796eb7f
-..afbf204c
-public..76d7bd82
-..afbf204c
-    pu..6c627c7f
-..afbf204c
-    pu..ae7737b2
-..afbf204c
-}..80d991ca
+++ /de..0670fa22
-<?xml ..88cdbe08
-<confi..2477cc26
-..afbf204c
-	<appe..824edb71
-	    <..a62bdd77
-		<Pat..5abacad8
-			%d{..43a698aa
-		</Pa..8f8ad006
-	    <..9210754d
-	</app..15451af7
-..afbf204c
-<!-- 	..531cc955
-		<app..29a4a383
-	</log..63a4e861
-..afbf204c
-	<root..34d5ac9b
-		<app..29a4a383
-	</roo..db3f254a
-..afbf204c
-</conf..6c593011