-class ..fe268d4f
-{..50f7c395
+class ..a830a4a1
-    /*..30630929
-     *..c1d7ea36
-     *..153c4e21
-     *..6b0c1221
-     *..7898a18b
-     *..3964958e
-    pu..33833d65
-    {..1b8bac1f
-      ..00eec26a
-      ..16014cd3
-      ..9b1ce6a5
-    }..4642b22b
+	/**..99e8212f
+	 * @p..7ad62bd0
+	 * @p..ba6179da
+	 * @r..91a12d53
+	 * @t..cd08da73
+	 */..a8aecc27
+	publi..d9cb1a0c
+		$mes..1d3b5645
+		$add..239e0dc1
+		retu..0d2f9756
+	}..1e446f44
-    /*..30630929
-     *..c1d7ea36
-     *..153c4e21
-     *..7f9b747b
-     *..08d8c1cb
-     *..7898a18b
-     *..3964958e
-    pu..661f4799
-    {..1b8bac1f
-      ..bd4f2936
-      ..362202f8
-    }..4642b22b
+	/**..99e8212f
+	 * @p..7ad62bd0
+	 * @p..ba6179da
+	 * @p..8961c962
+	 * @r..c3076467
+	 * @t..cd08da73
+	 */..a8aecc27
+	publi..411a8ca7
+		$rec..7f285b0f
+		retu..ead34ed9
+	}..1e446f44
-    /*..30630929
-     *..b47a68f9
-     *..26b726ed
-     *..a663cf45
-     *..32a7c30a
-     *..0c6caa37
-     *..26b726ed
-     *..07878313
-     *..1dd3e6c4
-     *..26b726ed
-     *..3ffb048c
-     *..80547680
-     *..36851e79
-     *..26b726ed
-     *..3aebc7fc
-     *..e74f321e
-     *..26b726ed
-     *..32e1bc28
-     *..e74f321e
-     *..26b726ed
-     *..6b0c1221
-     *..b2c52907
-     *..26b726ed
-     *..7898a18b
-     *..e7bf79ef
-     *..3964958e
-    pu..fed74816
-    {..1b8bac1f
-      ..194bbb4e
+	/**..99e8212f
+	 * Ec..d5579b82
+	 *..6af8bd40
+	 * Th..c0895f1d
+	 * Se..5e854f37
+	 * ht..42d07920
+	 *..6af8bd40
+	 * Us..ed0616a0
+	 * or..e07ad076
+	 *..6af8bd40
+	 * EC..de38b286
+	 * fr..f0b0c7b6
+	 * li..354f34cb
+	 *..6af8bd40
+	 * @p..e5ebb059
+	 *   ..1bfbd2f7
+	 *..6af8bd40
+	 * @p..455a542e
+	 *   ..1bfbd2f7
+	 *..6af8bd40
+	 * @r..91a12d53
+	 *   ..bab9264d
+	 *..6af8bd40
+	 * @t..cd08da73
+	 *   ..c6221f99
+	 */..a8aecc27
+	publi..cce7886b
+		$ret..2aa00d29
-      ..4544564d
-      ..60787a43
-      ..9b27e160
+		$ec ..2e054cad
+		$sig..ea90ef1d
+		$rec..f2f8a454
-      ..65e6b5c7
+		$pub..027bca6b
-      ..1a1ab59a
-      ..1e7aa8b5
-    }..4642b22b
+		$rec..030dfe78
+		retu..7ca7733d
+	}..1e446f44
-    /*..30630929
-     *..9afbc3f8
-     *..26b726ed
-     *..c1d7ea36
-     *..8c082833
-     *..26b726ed
-     *..6b0c1221
-     *..7d2256c5
-     *..3964958e
-    pu..4085a90c
-    {..1b8bac1f
-      ..8d7c6c60
-      ..7f324193
-    }..4642b22b
+	/**..99e8212f
+	 * Et..601fc560
+	 *..6af8bd40
+	 * @p..7ad62bd0
+	 *   ..10799b8b
+	 *..6af8bd40
+	 * @r..91a12d53
+	 *   ..d961e240
+	 */..a8aecc27
+	publi..7f7dd6ce
+		// M..90086681
+		retu..5387051c
+	}..1e446f44
-class ..425433c9
-{..50f7c395
+class ..2f7ec5f9
-	publi..b5ca73b8
-	{..a49e5d7d
+	publi..b13a5967
-	publi..b53b8518
-	{..a49e5d7d
+	publi..12a5123b
-	publi..e70013b4
-	{..a49e5d7d
+	publi..f36f1bdd
-	publi..987d3c6b
-	{..a49e5d7d
+	publi..c7ca7e82
-	publi..50cc2363
-	{..a49e5d7d
+	publi..aeac446b
-	publi..e15db412
-	{..a49e5d7d
+	publi..725833ca
-	publi..a54d8473
-	{..a49e5d7d
+	publi..72aacf4e
-		$thi..ef1a326a
+		$thi..89561408
-	publi..bf929d03
-	{..a49e5d7d
+	publi..35c6d884
-	publi..dc1435db
-	{..a49e5d7d
+	publi..0d296366
-	publi..b76ea075
-	{..a49e5d7d
+	publi..2437a829
-	publi..43440050
-	{..a49e5d7d
+	publi..c9cda491
-	publi..9c614221
-	{..a49e5d7d
+	publi..dfbcfd87
-class ..7c815343
-{..50f7c395
+class ..4a6af5b9
-..31488351
-	funct..5eb56843
-	{..a49e5d7d
+	funct..bcbbe70c
-	publi..53d7f37d
-	{..a49e5d7d
+	publi..58916982
-		arra..ee162f85
-	{..a49e5d7d
+		arra..36ff528e
-	priva..e556bf64
-	{..a49e5d7d
+	priva..e816bd7b
-	publi..ccdca052
-	{..a49e5d7d
+	publi..433aea43
-	priva..9934f590
-	{..a49e5d7d
+	priva..50e0ead1
-	priva..4b8e1f31
-	{..a49e5d7d
+	priva..03cbf4d6
-	priva..a306e631
-	{..a49e5d7d
+	priva..35fdb2f4
-	publi..74bda859
-	{..a49e5d7d
+	publi..719744bc
-	publi..9136c64b
-	{..a49e5d7d
+	publi..94f802d6
-	publi..e2c1329d
-	{..a49e5d7d
+	publi..789f22e5
-	publi..ed6dda22
-	{..a49e5d7d
+	publi..65d4c96a
-	publi..60ddbe0e
-	{..a49e5d7d
+	publi..a58ff492
-		$mes..fd817262
+		$mes..62250bb2
-	publi..f6cb7294
-	{..a49e5d7d
+	publi..00474ac9
-	publi..e58d2f9a
-	{..a49e5d7d
+	publi..20e562c8
-class ..8b9f2a2d
-{..50f7c395
+class ..fd3d63fd
-	publi..a678815d
-	{..a49e5d7d
+	publi..5b8f664d
-	publi..5a803fe3
-	{..a49e5d7d
+	publi..8b84f36a
-			'at..ab194cbe
+			'at..b4f74c2d
-	publi..334a40c8
-	{..a49e5d7d
+	publi..c6dd1ba8
-	publi..092e9edd
-	{..a49e5d7d
+	publi..ed4361fd
-			1 =..7f50d501
+			1 =..2008407e
-			$co..ca6a2ad8
+			$co..d38f3fad
-	publi..007975cd
-	{..a49e5d7d
+	publi..eae2bb8b
-      ..250808e1
-      ..f6d45130
+			->o..d723b0af
+			->l..97949ea5
-	publi..04de314d
-	{..a49e5d7d
+	publi..97aa08de
-	publi..c9940881
-	{..a49e5d7d
+	publi..37e82ae8
-	publi..bfa0a59a
-	{..a49e5d7d
+	publi..97ea51af
-      ..88956014
+			->j..d2ee5fa1
-	publi..cd0edf04
-	{..a49e5d7d
+	publi..290a304a
-	publi..f172121c
-	{..a49e5d7d
+	publi..46224f0c
-	publi..f7a35392
-	{..a49e5d7d
+	publi..ed72a776
-	publi..2ef3348b
-	{..a49e5d7d
-      ..d123ca95
-..31488351
-      ..330c10ff
-      ..1126f6c8
-      ..0aec2170
-      ..15b37d85
-      ..ea8694c5
-      ..22eab999
-      ..407735e8
-      ..f54a40be
-      ..9558f6b5
-..31488351
-      ..aaba9675
-..31488351
-      ..3ff0de12
-      ..8133b0a5
-..31488351
-      ..ce71e959
-      ..779db486
-      ..0d54868e
-      ..4a63529b
-..31488351
-      ..907c4903
-      ..03fb7b0a
-..31488351
-      ..98285caa
-      ..a2fae2cc
-      ..035964de
-      ..648f424e
-      ..ebf638b5
-      ..1b634be0
-      ..2156ed8c
-      ..484be646
-      ..5b01b3df
-      ..5bb458fe
-      ..5a68646d
-      ..0bac6380
-      ..78dd30de
-      ..1d78312b
-      ..b51a7e06
-      ..51d15156
-      ..527b0b21
-      ..035964de
-      ..648f424e
-      ..ebf638b5
-      ..dcc52014
-      ..ea33cf0c
-      ..9bdf4a98
-      ..4e74e13c
-      ..00331b4e
-      ..7284cba2
-      ..78dd30de
-      ..9ba5202f
-      ..b51a7e06
-      ..51d15156
-      ..53daa66b
-..31488351
-      ..a3acc157
-      ..b9b1e1e6
-      ..28d89be3
-      ..3d72b5b0
-..31488351
-      ..907c4903
-      ..03fb7b0a
-..31488351
-      ..98285caa
-      ..98bb725c
-      ..cf84eae4
-      ..a3374c09
-      ..824a630e
-      ..3870c90c
-      ..884862d0
-      ..53daa66b
-..31488351
-      ..29c03859
-      ..694a94a7
-      ..6dac14ca
-      ..28d89be3
-      ..3d72b5b0
-..31488351
-      ..907c4903
-      ..03fb7b0a
-..31488351
-      ..98285caa
-      ..98bb725c
-      ..cf84eae4
-      ..a3374c09
-      ..824a630e
-      ..3870c90c
-      ..884862d0
-      ..53daa66b
-      ..7d106753
-..31488351
-      ..97f9f118
-..31488351
-      ..6dac14ca
-      ..28d89be3
-      ..3d72b5b0
-..31488351
-      ..907c4903
-      ..03fb7b0a
-..31488351
-      ..98285caa
-      ..98bb725c
-      ..cf84eae4
-      ..a3374c09
-      ..824a630e
-      ..3870c90c
-      ..884862d0
-      ..53daa66b
-      ..ddb0410b
+	publi..c3f0cf7f
+		$ric..db82dd93
+..68e657ca
+		try ..84d0f244
+			$ch..b51be5de
+			cur..92e2a7a6
+				CU..8030ffa0
+				CU..52f56edd
+					"..d137b07e
+					"..e7a8c16c
+				],..69e43e2c
+			]);..ba69ec75
+..68e657ca
+			$ba..186df324
+..68e657ca
+			for..7c4f7361
+				if..f2540fb4
+..68e657ca
+				sw..be386b1c
+					c..2797e586
+						..5e4b1ccb
+						..a786d117
+..68e657ca
+						..addace3b
+						..260c7e24
+..68e657ca
+						..deb06178
+						..77fdb175
+						..a3122396
+						..305ce273
+						..194998e7
+						..078fe064
+						..4a5c56d5
+						..25bad853
+						..9ccafaee
+						..f0a60873
+						..0a1ebb88
+						..6bc229f1
+						..1b5c7630
+						..f5c58c38
+						..398b479d
+						..4f7c8ce0
+						..a3122396
+						..305ce273
+						..194998e7
+						..0d0520e4
+						..a3856833
+						..381d6253
+						..6fbb50b6
+						..50e6210a
+						..90577c9d
+						..1b5c7630
+						..5d570bb0
+						..398b479d
+						..9b3bbcb8
+						..42f91eb3
+..68e657ca
+					c..2623de72
+						..99d6fed7
+						..e02b9de9
+						..6b61baac
+..68e657ca
+						..addace3b
+						..260c7e24
+..68e657ca
+						..deb06178
+						..2657ed4b
+						..993b1660
+						..80d7f3db
+						..3a9b0213
+						..84e6e072
+						..ee004703
+						..42f91eb3
+..68e657ca
+					/..aca79467
+					c..4b64b482
+						..e61a5c3d
+						..e02b9de9
+						..6b61baac
+..68e657ca
+						..addace3b
+						..260c7e24
+..68e657ca
+						..deb06178
+						..2657ed4b
+						..993b1660
+						..80d7f3db
+						..3a9b0213
+						..3da73853
+						..ee004703
+						..42f91eb3
+						..2df335b0
+..68e657ca
+					d..825d448a
+..68e657ca
+						..e61a5c3d
+						..e02b9de9
+						..6b61baac
+..68e657ca
+						..addace3b
+						..260c7e24
+..68e657ca
+						..deb06178
+						..2657ed4b
+						..993b1660
+						..80d7f3db
+						..3a9b0213
+						..84e6e072
+						..ee004703
+						..42f91eb3
+				}..399e5034
-				"A..336b57fe
-			]..7f27b9c3
+				"A..ebdd1a46
+			],..68378dc6
-	priva..642f1356
-	{..a49e5d7d
+	priva..1d317432
-	publi..6c9d3517
-	{..a49e5d7d
+	publi..acf329e7
-      ..1fb6962e
-		    ..caf2bbc7
-			'it..0a48de70
+			'al..7b59f0b9
+			'we..6bb7eb1b
+			'it..c37bf38b
-    /*..30630929
-     *..8bf1849c
-     *..eab8b4e1
-     *..861bbd5f
-     *..3964958e
-    pu..920d4234
-    {..1b8bac1f
-      ..859c1425
-      ..5ae0cfaa
-      ..2d635dde
-      ..f0522a98
-      ..6cf3f1de
-      ..faf26d5b
-      ..c5799eda
-      ..7a2834e8
-      ..7c8d7cce
-..31488351
-      ..50855ab5
-      ..2425911a
-      ..2934eecf
-      ..5b6cf9a2
-..31488351
-      ..e045c7ef
-    }..4642b22b
+	/**..99e8212f
+	 * @p..ed7318f9
+	 * @r..e621e6ca
+	 * @t..7a3dd066
+	 */..a8aecc27
+	publi..2cbf2d9a
+		$db ..87a2843d
+		$sel..87950ad8
+			->c..08d117ff
+			->w..b1805300
+				'c..d539cdec
+				'a..2c018a93
+			])..12f41e3c
+			->g..03d43bd9
+		$row..20b584cc
+..68e657ca
+		$out..08207f07
+		fore..3ec967ab
+			$ou..3195ad98
+		}..c8d6f3be
+..68e657ca
+		retu..2c89369c
+	}..1e446f44
-	publi..81ecaa0c
-	{..a49e5d7d
+	publi..09c75f22
-		$alt..8153e0be
+		$alt..a1f2dd96
-      ..b554059c
+			$al..9acd16d8
-      ..8107ceeb
-      ..3c8f2e02
+			$al..9043ca21
+			$al..6991815a
-	publi..caa54e0b
-	{..a49e5d7d
+	publi..1823d2db
-					"..118e8f0f
-				]..d06e86ba
+					"..83f2f2c3
+				],..69e43e2c
-      ..c3e9a216
-      ..ae51aa5e
-      ..8adfcc5b
-      ..cf90d912
-      ..ec504a63
-      ..9941964f
-      ..cf90d912
-      ..845ac4a9
-      ..f6ee76da
-      ..cf90d912
+			// ..17ec4466
+			if ..c7b92fde
+				$a..04eb904e
+			}..1e4ee0a5
+			if ..14307441
+				$a..1815d7c5
+			}..1e4ee0a5
+			if ..36189ba3
+				$a..7f285952
+			}..1e4ee0a5
-	priva..8f7b93a9
-	{..a49e5d7d
+	priva..3b52f013
-			'ip..77e0e4f2
+			'ip..ea69ba41
-	publi..c7db44bb
-	{..a49e5d7d
+	publi..b058924e
-			'it..adb1ba4a
+			'it..2e6da837
-      ..859c1425
-	    $..76af03e4
-      ..ecace03d
-      ..30cd9d40
-      ..40a7ef0f
-      ..45c07bef
-      ..49691038
-      ..484f3322
-      ..1c88c0dd
-    }..4642b22b
+		$db ..87a2843d
+		$db-..c1a308f2
+			'ai..6207f6bf
+			'ad..11e1f88c
+		], [..1a7cc503
+				'c..d539cdec
+			]..0723fcdc
+		);..1221ca74
+		retu..758e3364
+	}..1e446f44
-				$i..a08a7a0a
+				$i..7d74ee12
-	publi..ff7f625e
-	{..a49e5d7d
+	publi..e424ed71
-					'..12caca8d
+					'..eb3d2845
-			'co..a8234b05
+			'co..fdb70270
-class ..b64d6877
-{..50f7c395
+class ..75e49c54
-	funct..d48e0876
-	{..a49e5d7d
+	funct..23a400e0
-	publi..dacb9595
-	{..a49e5d7d
+	publi..b40567a8
-			'me..28961204
+			'me..5fc4d14c
-	publi..b08eea9b
-	{..a49e5d7d
+	publi..5b831ba9
-	publi..4527f9b3
-	{..a49e5d7d
+	publi..6cddafc9
-	publi..df287ebe
-	{..a49e5d7d
+	publi..79dd55b2
-	priva..2d3866f5
-	{..a49e5d7d
+	priva..447f9457
-	publi..16b0a0ee
-	{..a49e5d7d
+	publi..66df8da5
-			've..6253300c
+			've..939b68f7
-	publi..011bd971
-	{..a49e5d7d
+	publi..a057fa34
-	publi..55e0b118
-	{..a49e5d7d
+	publi..3c274f4b
-	priva..a724a063
-	{..a49e5d7d
+	priva..86378af3
-					"..bd1bf804
-				]..d06e86ba
+					"..6000ef93
+				],..69e43e2c
-	priva..d4f37613
-	{..a49e5d7d
+	priva..0c4e6f78
-					"..bd1bf804
-				]..d06e86ba
+					"..6000ef93
+				],..69e43e2c
-	publi..6b0ca21b
-	{..a49e5d7d
+	publi..d97b39ce