-      ..ffcef3ce
+      ..618bf246
+      ..1f2d7e94
-    "c..cc5268e8
+    "c..a8fbca20
+..e99e9783
+		} el..aa8fb0eb
+..e99e9783
+			req..3c0e015a
+..e99e9783
+		} el..f4810937
+..e99e9783
+			try..75df1c74
+				$o..4c8dc7cd
+				re..6b381643
+			} c..e1129a14
+				re..8376422c
+			}..07a2b00a
+..e99e9783
+		} el..8c1a5893
+..e99e9783
+		} el..60390134
+..e99e9783
+		} el..09997a45
+..e99e9783
-import..52bfe9c6
-import..a2033125
-import..426ef795
-from t..abb11432
-import..a8bc06a9
-..253d8b2f
-    it..87087f7e
+..e99e9783
+    it..17b96332
+    if..9dd12595
+      ..3ccf78ab
+..e99e9783
+    it..925790df
+      ..0109b76b
+      ..dcdfc26a
+use Gu..8c7dfeaa
+	publi..604fdf2d
+	{..afe1b047
+		$cfg..2bec1524
+		$htt..03cca7ce
+..e99e9783
+		// -..ae45a86c
+		// -..95fa0823
+		$ite..f8fdae7c
+		if (..4121e761
+			thr..93391e64
+		$id ..67c65b19
+		$ind..68f7e7f8
+		if (..aadca95e
+			thr..06a9d1e0
+		try ..3319bda7
+			$re..730f5ce8
+				'h..e21353f8
+				['..535d101b
+					'..3e9533aa
+					'..d664eb41
+				]..07d66ed9
+			);..b045a07c
+		} ca..58e27185
+			thr..ccc651bb
+		}..df0800a8
+		if (..73ad662c
+			thr..dc60b408
+..e99e9783
+		// -..ae45a86c
+		// -..3b668a21
+		$but..6330e2cf
+		if (..43dd4bae
+			thr..487e2e99
+		if (..bb4b129d
+			thr..17e05281
+..e99e9783
+		// -..ae45a86c
+		// -..13fa1218
+		$ima..08336e0a
+		if (..adeff997
+			thr..552e0c67
+		try ..3319bda7
+			$re..b7ef0b09
+		} ca..58e27185
+			thr..359cfdcd
+		}..df0800a8
+		if (..73ad662c
+			thr..359cfdcd
+..e99e9783
+		// -..ae45a86c
+		// -..c0ab9675
+		$des..295601ff
+		if (..1950c319
+			thr..fa850689
+		if (..4b606212
+			thr..85b7375f
+..e99e9783
+		// -..ae45a86c
+		// -..d0766be5
+		$des..7971c89a
+		if (..475a3780
+			thr..1b04b451
+..e99e9783
+		// -..ae45a86c
+		// -..c29fc39f
+		$cod..0158d9f6
+			arr..4081f3ea
+				't..f6390acc
+				ex..cd4ca3fc
+			)..41d65335
+		);..b22736fe
+..e99e9783
+		// -..ae45a86c
+		// -..0d06f2ed
+		$db ..3166f4b4
+..e99e9783
+		$db-..38a9fdd9
+..e99e9783
+		$sel..5e6cd97e
+			->w..926cb730
+		$ite..831b6d33
+..e99e9783
+		if (..ec6a3a50
+			$it..3ec119da
+		} el..78bdc680
+			$is..c09aa222
+			$db..2b7d4832
+			$it..9ebb5805
+		}..df0800a8
+..e99e9783
+		if (..6793f01d
+			thr..92c3cc1c
+..e99e9783
+		try ..3319bda7
+..e99e9783
+			$db..50c25464
+				'a..dc082ba2
+				[..4c222a0b
+					'..cfc4ca6a
+					'..de1c3352
+					'..c026e872
+					'..514924e6
+					'..315b4e92
+				])..b8f02100
+..e99e9783
+			$re..027b4ce7
+..e99e9783
+			for..29baeeef
+				$d..1d17ce9c
+			}..07a2b00a
+..e99e9783
+			$db..fea41954
+..e99e9783
+		} ca..58e27185
+..e99e9783
+			$db..3c08df79
+			thr..ff0be697
+..e99e9783
+		}..df0800a8
+..e99e9783
+		retu..f77e06f3
+			're..5018b002
+			'it..65a65f32
+			'bu..2e39952f
+			'im..189e3e37
+			'de..5b8510c0
+			'de..c8fc344f
+			'co..4a5961b0
+		];..beffe82c
+	}..1b3f48e2
+..e99e9783
--- /de..a4c3f822
+<!doct..e1c866d6
+<html ..52a48e51
+..e99e9783
+<head>..9962095e
+	<meta..e615d0cf
+	<meta..55ecd8ec
+	<meta..dfabb23f
+..e99e9783
+	<titl..541e5c7d
+</head..dbe70a9c
+..e99e9783
+<body>..f18750b5
+<h1><?..77577bd0
+<div>..bb46944d
+    <d..f93fa2d2
+      ..ab58c01c
+      ..b5dddcef
+    </..70c0eccf
+..e99e9783
+    <d..f93fa2d2
+      ..158a092f
+      ..49a1ba94
+    </..70c0eccf
+..e99e9783
+    <d..f93fa2d2
+      ..35adb6dc
+      ..07cbfe3f
+    </..70c0eccf
+..e99e9783
+    <d..f93fa2d2
+      ..f58b5db4
+      ..b5ad1f9d
+    </..70c0eccf
+..e99e9783
+    <d..f93fa2d2
+      ..f6a9ab4e
+      ..24db7b5a
+      ..bd2f7421
+      ..a1aa3d21
+		}?>..5ed4b4ad
+    </..70c0eccf
+</div>..8f7dce10
+<div>..bb46944d
+	<a hr..61974e53
+</div>..8f7dce10
+..e99e9783
+</body..5c349c5b
+..e99e9783
+</html..075a890c
--- /de..a4c3f822
+<!doct..e1c866d6
+<html ..52a48e51
+..e99e9783
+<head>..9962095e
+	<meta..e615d0cf
+	<meta..55ecd8ec
+	<meta..dfabb23f
+..e99e9783
+    <s..854ac952
+      ..17e3221c
+      ..72d7f2a9
+      ..4eb577cf
+      ..e365b393
+      ..82c5556d
+      ..b43bc4e0
+      ..9c678aa4
+      ..2e428c53
+    </..5e672c5d
+..e99e9783
+	<titl..8156c8b7
+</head..dbe70a9c
+..e99e9783
+<body>..f18750b5
+<h1>Cr..904f603e
+<div i..724d85f7
+    <?..74983587
+      ..6d3a1a02
+    <?..9698aaa2
+	<form..c70693d2
+		<div..22ba83bf
+      ..df5cbaea
+      ..78b15361
+      ..111fe232
+      ..ba7bc0a6
+      ..311e697c
+      ..17c24bf2
+      ..df245fc6
+      ..d3b6f7f9
+      ..f2cf6486
+		<div..22ba83bf
+      ..7d12ead3
+      ..78b15361
+      ..e1234288
+      ..489c9409
+      ..311e697c
+				  ..0e6ab102
+      ..d3b6f7f9
+      ..f2cf6486
+      ..167cb3e7
+      ..f5000322
+      ..78b15361
+      ..848187fd
+      ..5e746a70
+      ..311e697c
+      ..dd0a3fa5
+    		..87a3ae0b
+      ..d3b6f7f9
+      ..f2cf6486
+      ..167cb3e7
+      ..57ff70c1
+      ..78b15361
+      ..e1234288
+      ..9ed0d333
+      ..311e697c
+      ..5b448658
+				  ..08b6eb48
+      ..d3b6f7f9
+      ..f2cf6486
+      ..167cb3e7
+      ..778fc388
+      ..78b15361
+      ..6fb8c531
+      ..0be566f0
+      ..311e697c
+      ..24e0a54a
+    		..a2bb1c73
+      ..d3b6f7f9
+      ..f2cf6486
+      ..167cb3e7
+      ..822b13e7
+      ..c921720f
+      ..041300a5
+      ..03456e84
+      ..53bd62ff
+      ..0e761a5e
+      ..f4ee8a6e
+      ..829851de
+      ..f2cf6486
+		<div..22ba83bf
+      ..41e738db
+      ..f2cf6486
+	</for..7441c18a
+</div>..8f7dce10
+..e99e9783
+</body..5c349c5b
+..e99e9783
+</html..075a890c