+++ /de..9e4591ac
-# aird..a2a6582d
-## Par..c1089e01
-Tokens..6b86c7bb
-on an ..d4c1ad38
-..602c93ab
-### To..3f31ac00
-..602c93ab
-1.  St..5f9703bd
-2.  Cl..3d98ab02
-3.  cd..b9798379
-4.  If..6ebd531a
-5.  If..ebab7f55
-6.  Th..f728bf84
-..602c93ab
-### Sc..2f18a679
-..602c93ab
-The in..1bbd5ed2
-..602c93ab
-### Re..af1bc4d1
-..602c93ab
-The `i..a645b627
-..602c93ab
-### La..a3c42bdb
-..602c93ab
-Once i..7971fba1
-..602c93ab
-*  Usu..a85a89da
-*  `/r..c3058368
-*  `/r..9d445801
-*  `/r..95cd3f5f
-*  `/e..099701d5
-*  A d..66af9727
-*  An ..d5daef65
-*  For..cd4d5f66
+++ /de..9e4591ac
-# Sequ..24c58c21
-..602c93ab
-Run th..2836b479
-..602c93ab
-1.  `g..71e1fdc9
-2.  `g..915b5ec4
-3.  `g..0ee77a5e
-4.  Ru..860fd473
-    * ..23d6d974
-    * ..7c810597
-..602c93ab
+++ /de..9e4591ac
-"use s..1cafa410
-..602c93ab
-const ..ab56973c
-const ..9acd67d3
-const ..ebe84ab3
-const ..c843b938
-..602c93ab
-..602c93ab
-//////..02319845
-const ..b589fc9e
-const ..e1342d4f
-const ..6470936a
-const ..750b48c7
-const ..0a027dfb
-const ..b37795f1
-..602c93ab
-..602c93ab
-//////..02319845
-const ..0b84c0a7
-    ho..2f3197c9
-    po..a0f56f47
-    us..834b9e60
-    pa..5dabf548
-    da..68b48ce2
-});..608135b8
-..602c93ab
-..602c93ab
-//////..02319845
-const ..44133650
-web3.e..ff34354c
-..602c93ab
-const ..88cb95bc
-consol..b2fbc1a4
-..602c93ab
-let no..926f698b
-..602c93ab
-let ke..e195dc1f
-..602c93ab
-..602c93ab
-//////..02319845
-functi..4aa9b611
-    re..f6391195
-      ..e303db06
-      ..0d9be9eb
-    }..a6797a88
-}..8b92b85a
-..602c93ab
-..602c93ab
-//////..02319845
-functi..aa96ed9d
-    re..17e4abcb
-      ..c68cd678
-      ..94e062b8
-      ..eeb812ea
-      ..a2081618
-      ..7eb83569
-      ..ecf210a0
-    })..bf2f1494
-}..8b92b85a
-..602c93ab
-..602c93ab
-//////..02319845
-functi..c6bb2556
-    re..5f3ec858
-      ..bdba21fc
-      ..f584ab4f
-      ..f85bbb1f
-      ..25c5a028
-      ..eb05d8fe
-      ..2e1b25a7
-      ..2b2e7880
-      ..8c6ab2b7
-      ..2cffb657
-      ..f68b7cf8
-      ..473e4601
-      ..b6298d4b
-      ..a82c05e8
-      ..5048f8fd
-      ..3a68fb74
-      ..cce17fad
-      ..729376d4
-      ..5bcf55eb
-      ..27d1a8ed
-    })..ac74f620
-}..8b92b85a
-..602c93ab
-..602c93ab
-//////..02319845
-functi..f5a21c00
-    re..5f3ec858
-      ..193d325f
-      ..f584ab4f
-      ..f85bbb1f
-      ..6e866507
-      ..0aa2c99e
-      ..42962ccf
-      ..10192efd
-      ..22fd3183
-      ..da838740
-      ..027c637c
-      ..988622f4
-      ..0f24806d
-      ..a12cf1ee
-      ..aca3cada
-      ..fccf59df
-      ..7b121bcf
-      ..a82c05e8
-      ..5048f8fd
-      ..3a68fb74
-      ..cce17fad
-      ..729376d4
-      ..5bcf55eb
-      ..27d1a8ed
-    })..ac74f620
-}..8b92b85a
-..602c93ab
-..602c93ab
-//////..02319845
-functi..945f54f7
-    re..5f3ec858
-      ..1c0f0b03
-      ..f584ab4f
-      ..f85bbb1f
-      ..4406496b
-      ..90f96c6b
-      ..537cac2a
-      ..2d6617b7
-      ..8cbcfff3
-      ..737ecc20
-      ..fc8e08da
-      ..70baaa8e
-      ..9957ce81
-      ..9fda06d2
-      ..e5ba4216
-      ..7d7656f9
-      ..94b00606
-      ..e4c236c3
-      ..75f7b8a7
-      ..b5a4202c
-      ..a82c05e8
-      ..5048f8fd
-      ..3a68fb74
-      ..cce17fad
-      ..729376d4
-      ..5bcf55eb
-      ..27d1a8ed
-    })..ac74f620
-}..8b92b85a
-..602c93ab
-..602c93ab
-//////..02319845
-functi..b6f7712e
-    re..5f3ec858
-      ..c0f6e1e6
-      ..f584ab4f
-      ..1321c461
-      ..d86b7068
-      ..a82c05e8
-      ..5048f8fd
-      ..3a68fb74
-      ..cce17fad
-      ..729376d4
-      ..5bcf55eb
-      ..27d1a8ed
-    })..ac74f620
-}..8b92b85a
-..602c93ab
-..602c93ab
-//////..02319845
-functi..016d5696
-    re..5f3ec858
-      ..20dc0ea5
-      ..f584ab4f
-      ..7d5e452e
-      ..b5a4202c
-      ..a82c05e8
-      ..5048f8fd
-      ..3a68fb74
-      ..cce17fad
-      ..729376d4
-      ..5bcf55eb
-      ..27d1a8ed
-    })..ac74f620
-}..8b92b85a
-..602c93ab
-..602c93ab
-//////..02319845
-async ..1023bf96
-    co..5b2397b7
-..602c93ab
-    //..d6f7b368
-    le..4249f7f2
-    if..d29767ea
-      ..23225fff
-    ga..55029ffc
-    co..2e0a2144
-..602c93ab
-    //..9ad99b15
-    le..1e0536c3
-    ga..702e401c
-    co..23b5e37c
-..602c93ab
-    le..06355dae
-      ..eb6b0a1f
-      ..f62ba4f1
-      ..635416dc
-      ..ad9e8a57
-      ..87b5f9b9
-      ..062a4b2c
-    })..ac74f620
-..602c93ab
-    co..d9c2c88b
-      ..4c171578
-    })..ac74f620
-..602c93ab
-    no..7398a4de
-..602c93ab
-    re..b7ccb97f
-}..8b92b85a
-..602c93ab
-..602c93ab
-//////..02319845
-async ..7bd4793a
-    co..2fd57d2f
-    co..78fdb3e7
-..602c93ab
-    co..ce67c14c
-    co..4d1199c9
-    co..69125392
-    co..d4e79638
-    fo..6ef351d8
-      ..4405c3ae
-      ..6e1f417c
-      ..da0a9a9c
-      ..9bdcc5a4
-    }..a6797a88
-..602c93ab
-    co..082b126b
-    co..50a5aa76
-    co..544abe3c
-    co..ef8fd035
-..602c93ab
-    co..ab9be1fb
-      ..a6c694c7
-      ..60c3f715
-      ..728a3c77
-    })..ac74f620
-..602c93ab
-    co..90f892ca
-..602c93ab
-    fo..fa8f11a8
-      ..e2684b57
-    }..a6797a88
-}..8b92b85a
-..602c93ab
-..602c93ab
-//////..02319845
-async ..01736327
-    co..92e4ace3
-    co..b6457220
-..602c93ab
-    co..61bbda0f
-..602c93ab
-    co..ab9be1fb
-      ..a6c694c7
-      ..d9bea6f3
-      ..e241d65d
-    })..ac74f620
-..602c93ab
-    co..90f892ca
-..602c93ab
-    aw..cbb46b2a
-}..8b92b85a
-..602c93ab
-..602c93ab
-//////..02319845
-async ..05cbdc63
-    co..8bf977ea
-    co..633fcaee
-..602c93ab
-    co..ab9be1fb
-      ..a6c694c7
-      ..d9bea6f3
-      ..bc801052
-    })..ac74f620
-..602c93ab
-    co..90f892ca
-..602c93ab
-    aw..cbb46b2a
-}..8b92b85a
-..602c93ab
-..602c93ab
-//////..02319845
-async ..23a199c9
-    co..f261f5b7
-    co..3ea2fd4d
-..602c93ab
-    co..61bbda0f
-..602c93ab
-    co..ab9be1fb
-      ..a6c694c7
-      ..d9bea6f3
-      ..d0b3257c
-    })..ac74f620
-..602c93ab
-    co..90f892ca
-..602c93ab
-    aw..cbb46b2a
-}..8b92b85a
-..602c93ab
-..602c93ab
-//////..02319845
-async ..a5b888b0
-..602c93ab
-    if..11c3f00b
-      ..6cfd2bfe
-      ..764b9dca
-    }..a6797a88
-..602c93ab
-    tr..b89bdbed
-      ..11ddba1b
-..602c93ab
-      ..b7d32e14
-      ..417b144a
-..602c93ab
-      ..594b57fc
-..602c93ab
-      ..a37f9329
-..602c93ab
-			try..08ab796d
-				co..6eb9372e
-..602c93ab
-      ..be166e36
-..602c93ab
-      ..bbd6b782
-..602c93ab
-				co..f1a515ef
-				fo..b0bcff4a
-				  ..f57fa449
-..602c93ab
-      ..7d7f75e6
-      ..7414550f
-      ..b8fec395
-..602c93ab
-      ..501f7962
-					s..d3081b20
-						..9d7ada27
-      ..4abf77cb
-      ..cb2923d9
-      ..0c3d878c
-      ..5891d3ff
-      ..06e43321
-      ..c968ac68
-						..0b269fe7
-						..bc1cad61
-						..bdad1190
-						..0b269fe7
-						..840081ff
-						..96189a1a
-						..0b269fe7
-						..e7066f2f
-						..2b63c39f
-						..0b269fe7
-					}..4de19e83
-				}..86ace173
-..602c93ab
-				if..5277b287
-					a..e3122d66
-..602c93ab
-			} c..77f872f9
-				if..b1db36fb
-					c..dbefb3ae
-				el..e7e6ba68
-					c..4a50f855
-..602c93ab
-				re..11998a33
-			}..ccc3a95b
-..602c93ab
-      ..d995e598
-..602c93ab
-    } ..71957348
-      ..71407894
-      ..965f161a
-      ..13c77315
-      ..1e3eee9f
-    }..a6797a88
-..602c93ab
-    se..1590ed96
-}..8b92b85a
-..602c93ab
-..602c93ab
-//////..02319845
-callEn..0cb75e85
-    .t..e51c7da9
-      ..9b0a0888
-      ..31a2e9ce
-      ..a7f2655d
-    })..c3463507
-    .t..f30adbd2
-      ..587927f8
-      ..e27e62df
-    })..c3463507
-    .c..3b63b8cf
-      ..71407894
-      ..965f161a
-      ..13c77315
-      ..1e3eee9f
-    })..ac74f620
+++ /de..9e4591ac
-{..8db683f7
-  "nam..706facc6
-  "ver..03666165
-  "loc..373071d8
-  "req..44673ad2
-  "dep..59353e0a
-    "@..5a4ee76c
-      ..906be12a
-      ..4993f372
-      ..1298c59d
-    },..bd3e99c0
-    "a..897f219f
-      ..5ef1e055
-      ..d92ad4f5
-      ..00b7b378
-      ..338c204e
-      ..c2e04603
-      ..b382490d
-      ..3d2f6c4f
-    },..bd3e99c0
-    "a..c97c3a16
-      ..bbef94a1
-      ..57ea6772
-      ..02bb001b
-    },..bd3e99c0
-    "a..8f720395
-      ..7626c4ad
-      ..44f81278
-      ..a41f2e39
-      ..338c204e
-      ..56e05a4b
-      ..f8852c8b
-      ..6b125f90
-      ..f03af63c
-      ..3d2f6c4f
-    },..bd3e99c0
-    "a..13dd743d
-      ..5a5ace7e
-      ..65c96a05
-      ..2675b6f0
-    },..bd3e99c0
-    "a..cee7ff26
-      ..eccb99a1
-      ..86830a1e
-      ..320a7ffd
-    },..bd3e99c0
-    "a..4cd9d5c4
-      ..a89835ad
-      ..5ac8c1cb
-      ..9dbb51ab
-      ..338c204e
-      ..666f6bd8
-      ..3d2f6c4f
-    },..bd3e99c0
-    "a..bdd0b1c7
-      ..a3153a68
-      ..8a750316
-      ..f8fbcfb9
-      ..338c204e
-      ..fff8c923
-      ..06ac42f9
-      ..5fa1d001
-      ..3d2f6c4f
-    },..bd3e99c0
-    "a..8fbb0c99
-      ..10859946
-      ..c0fecc7c
-      ..75e0e436
-    },..bd3e99c0
-    "a..9e18ce36
-      ..10859946
-      ..e1b14685
-      ..8c08d092
-    },..bd3e99c0
-    "a..ddf1d6b4
-      ..6e51849b
-      ..6bc53082
-      ..2e3a5f23
-    },..bd3e99c0
-    "a..15756f2b
-      ..118c49a2
-      ..98084deb
-      ..2a21863d
-    },..bd3e99c0
-    "a..d9e53551
-      ..0fe192b9
-      ..cae82e62
-      ..a12121bd
-    },..bd3e99c0
-    "b..e6df1e4b
-      ..10859946
-      ..9db982f8
-      ..df682db4
-    },..bd3e99c0
-    "b..95fca457
-      ..5a5ace7e
-      ..caddb8cf
-      ..b9f55048
-    },..bd3e99c0
-    "b..565deada
-      ..c83971e4
-      ..b5551d85
-      ..dcc62057
-      ..338c204e
-      ..68470502
-      ..3d2f6c4f
-    },..bd3e99c0
-    "b..0cc83010
-      ..f15a19c3
-      ..f698dcb6
-      ..59ee45e7
-    },..bd3e99c0
-    "b..b0bb3749
-      ..5219f7c6
-      ..e7f7bb21
-      ..6c4da386
-      ..338c204e
-      ..1af06282
-      ..1b95e31f
-      ..3d2f6c4f
-    },..bd3e99c0
-    "b..d69aaa36
-      ..8cb8e0cc
-      ..8d6238a9
-      ..b42bb5d0
-      ..338c204e
-      ..100ae157
-      ..3d2f6c4f
-    },..bd3e99c0
-    "b..00978f3f
-      ..e10ddea0
-      ..53e8f221
-      ..6cda8bcc
-    },..bd3e99c0
-    "b..ebe721b1
-      ..4eb14b8e
-      ..fc9b35f7
-      ..69409617
-    },..bd3e99c0
-    "b..b1df4e32
-      ..fce9a455
-      ..03ea3f0b
-      ..5e4a217e
-      ..338c204e
-      ..ceb0520f
-      ..b769dfad
-      ..21c2c3f9
-      ..2b5b96e5
-      ..5a135566
-      ..78491c7b
-      ..be549495
-      ..249db254
-      ..2f315a29
-      ..187e4303
-      ..3d2f6c4f
-    },..bd3e99c0
-    "b..061a8859
-      ..9ff00d0e
-      ..0de9b94a
-      ..11e33d12
-      ..338c204e
-      ..ceacc4b7
-      ..2933c99b
-      ..3d2f6c4f
-    },..bd3e99c0
-    "b..7238dd6d
-      ..6b1cc80b
-      ..06f04b7d
-      ..20bb9dfa
-    },..bd3e99c0
-    "b..e939a2db
-      ..8840b14b
-      ..26a9dd05
-      ..18793448
-      ..338c204e
-      ..f7b2a5cc
-      ..6bb05bab
-      ..9e6fb216
-      ..b5b32434
-      ..06ac42f9
-      ..0495eeb8
-      ..3d2f6c4f
-    },..bd3e99c0
-    "b..8f14e6b2
-      ..adc8745f
-      ..530a4a53
-      ..b80f1be6
-      ..338c204e
-      ..a4c8387a
-      ..7fdc6560
-      ..a2b904dc
-      ..3d2f6c4f
-    },..bd3e99c0
-    "b..2ef10ab0
-      ..c83971e4
-      ..a558daa8
-      ..221c1ad9
-      ..338c204e
-      ..fb9d939a
-      ..e81ac0db
-      ..06ac42f9
-      ..38754236
-      ..3d2f6c4f
-    },..bd3e99c0
-    "b..e210e1f9
-      ..c2891d83
-      ..d499ee85
-      ..ba73b69a
-      ..338c204e
-      ..ba3ecdfd
-      ..ad3b574c
-      ..3d2f6c4f
-    },..bd3e99c0
-    "b..a066d3bc
-      ..41ecb1e2
-      ..93390e64
-      ..9d2d92fb
-      ..338c204e
-      ..1adfcbfe
-      ..3d2f6c4f
-    },..bd3e99c0
-    "b..0785277c
-      ..7f2b8e54
-      ..5e16da28
-      ..a9960ff2
-      ..338c204e
-      ..a30e2648
-      ..7f19539e
-      ..9e6fb216
-      ..43eecc89
-      ..c434607e
-      ..06ac42f9
-      ..609ea596
-      ..3d2f6c4f
-    },..bd3e99c0
-    "b..e720caed
-      ..aca43bf7
-      ..d24986db
-      ..678915a5
-      ..338c204e
-      ..cd92cf08
-      ..ac34b0da
-      ..3d2f6c4f
-    },..bd3e99c0
-    "b..bba57e9f
-      ..8840b14b
-      ..873f4913
-      ..8d1a47bc
-      ..338c204e
-      ..787372fb
-      ..06893833
-      ..3d2f6c4f
-    },..bd3e99c0
-    "b..50684d2d
-      ..6b1cc80b
-      ..1196baea
-      ..d52286bf
-    },..bd3e99c0
-    "b..291bbb46
-      ..a7bd0b6b
-      ..a3b55b10
-      ..dc7c32fb
-    },..bd3e99c0
-    "b..b38ac1e9
-      ..10859946
-      ..1ca8bd28
-      ..67149af7
-    },..bd3e99c0
-    "b..538df4ef
-      ..dd7bfc71
-      ..9bc19fe1
-      ..8260aa18
-    },..bd3e99c0
-    "b..c71527c4
-      ..92cda0b3
-      ..3a081952
-      ..381b29ff
-    },..bd3e99c0
-    "b..52a85bf9
-      ..bbef94a1
-      ..c4df3fe6
-      ..10afef19
-    },..bd3e99c0
-    "c..996e377f
-      ..9a7e73a6
-      ..511bd40b
-      ..f483e58a
-    },..bd3e99c0
-    "c..d5700eaa
-      ..7c0414f9
-      ..650c9d7b
-      ..747cc17f
-      ..338c204e
-      ..06ac42f9
-      ..0495eeb8
-      ..3d2f6c4f
-    },..bd3e99c0
-    "c..e1960959
-      ..e00af3f7
-      ..0e8e7d1c
-      ..11c1033a
-      ..338c204e
-      ..77a2b1a8
-      ..3d2f6c4f
-    },..bd3e99c0
-    "c..6189a189
-      ..9be038fd
-      ..3dbb5d74
-      ..8eb22dd5
-      ..338c204e
-      ..8673e3ad
-      ..3d2f6c4f
-    },..bd3e99c0
-    "c..2f89a89a
-      ..41ecb1e2
-      ..bda4a58a
-      ..5609be36
-    },..bd3e99c0
-    "c..b782941a
-      ..2abd1523
-      ..1317d030
-      ..e25bfb1d
-    },..bd3e99c0
-    "c..dbc61f35
-      ..7c0414f9
-      ..90e1d7b1
-      ..944a0585
-    },..bd3e99c0
-    "c..7af1366f
-      ..143dfaf5
-      ..ae36e9e1
-      ..1c5fc41f
-    },..bd3e99c0
-    "c..84299500
-      ..3b4475cf
-      ..46a81db2
-      ..4ed448c7
-    },..bd3e99c0
-    "c..fbf00456
-      ..71480395
-      ..3a92fe5a
-      ..967ce769
-    },..bd3e99c0
-    "c..1d8fea6d
-      ..c83971e4
-      ..2f80b893
-      ..2c9b00e2
-    },..bd3e99c0
-    "c..fab5702b
-      ..4b7e75d6
-      ..1f9d3e6e
-      ..f2abfbc4
-      ..338c204e
-      ..63006e0f
-      ..6368f3ec
-      ..3d2f6c4f
-    },..bd3e99c0
-    "c..2700e6f3
-      ..26bc3bf2
-      ..44d4559b
-      ..823c4476
-      ..338c204e
-      ..ba3ecdfd
-      ..e1facfa0
-      ..3d2f6c4f
-    },..bd3e99c0
-    "c..0462f313
-      ..8840b14b
-      ..fd8f7932
-      ..2f8c0e10
-      ..338c204e
-      ..fb9d939a
-      ..06ac42f9
-      ..db0e68a9
-      ..e4fe7149
-      ..60da9f10
-      ..3d2f6c4f
-    },..bd3e99c0
-    "c..fead21de
-      ..3454d086
-      ..158f2e1b
-      ..7b31a63e
-      ..338c204e
-      ..d41ad89c
-      ..9e6fb216
-      ..06ac42f9
-      ..71eaf6d1
-      ..e843e9f0
-      ..2566aa15
-      ..3d2f6c4f
-    },..bd3e99c0
-    "c..3b8a4547
-      ..8b0fc40d
-      ..11fc7705
-      ..3a95249c
-      ..338c204e
-      ..1381dd4d
-      ..1be348e6
-      ..94dc393a
-      ..9e6fb216
-      ..6e48553d
-      ..8f7b31f2
-      ..06ac42f9
-      ..74f4df41
-      ..eca71d26
-      ..1acbee19
-      ..d3d7ea44
-      ..3d2f6c4f
-    },..bd3e99c0
-    "d..c33d6e58
-      ..f163db54
-      ..1b6fba32
-      ..61882554
-      ..338c204e
-      ..bb447bbe
-      ..3d2f6c4f
-    },..bd3e99c0
-    "d..f1dbb0e9
-      ..09bba65f
-      ..a27d3eb3
-      ..eb42b096
-      ..338c204e
-      ..2ed2f942
-      ..3d2f6c4f
-    },..bd3e99c0
-    "d..7c95cf8b
-      ..9707a339
-      ..6dde6db0
-      ..27f0deed
-    },..bd3e99c0
-    "d..8e2b7358
-      ..80f16c5b
-      ..b3c5a616
-      ..71a4462c
-      ..338c204e
-      ..b833ab63
-      ..65577930
-      ..4629c804
-      ..14d15ba4
-      ..77b0b0a1
-      ..816cc3d0
-      ..a0321ac8
-      ..cfcf02d9
-      ..3d2f6c4f
-    },..bd3e99c0
-    "d..a9b07b9d
-      ..777d5302
-      ..340041ff
-      ..6fa55621
-      ..338c204e
-      ..e60e0b82
-      ..3d2f6c4f
-    },..bd3e99c0
-    "d..49b79e85
-      ..8a04c57f
-      ..eba67259
-      ..6881a8c2
-      ..338c204e
-      ..93d5c7e2
-      ..7190ce3a
-      ..df16e59a
-      ..3d2f6c4f
-    },..bd3e99c0
-    "d..f79ec88a
-      ..8a04c57f
-      ..451964d4
-      ..48e5f8ca
-      ..338c204e
-      ..f50f71ab
-      ..b1d5806d
-      ..7190ce3a
-      ..e9c56882
-      ..5a454d8f
-      ..d6031362
-      ..8fa5d2d2
-      ..6f59ae9e
-      ..cfc1bd09
-      ..c3a4bed0
-      ..e119dca8
-      ..d995e598
-      ..3d2f6c4f
-    },..bd3e99c0
-    "d..db0d7acd
-      ..8a04c57f
-      ..f8a3b8df
-      ..2a37fdb2
-      ..338c204e
-      ..dce30c3e
-      ..93d5c7e2
-      ..1d14e21a
-      ..3d2f6c4f
-    },..bd3e99c0
-    "d..f5da82ef
-      ..c2891d83
-      ..a3204bf2
-      ..03fb10f0
-      ..338c204e
-      ..40c7e53e
-      ..762833ed
-      ..a0321ac8
-      ..4950936a
-      ..d6031362
-      ..8fa5d2d2
-      ..6f59ae9e
-      ..24a9be9a
-      ..a2e2b0fb
-      ..1c81f7b8
-      ..5874598e
-      ..363c527b
-      ..3cda3553
-      ..50cfc77a
-      ..e6e17b3a
-      ..55043eda
-      ..c07f0b57
-      ..7d84cdf9
-      ..19ca3f78
-      ..d995e598
-      ..3d2f6c4f
-    },..bd3e99c0
-    "d..64e1ba0c
-      ..10859946
-      ..77086840
-      ..fb9cb744
-    },..bd3e99c0
-    "d..2fd0aa48
-      ..83f30f20
-      ..93ff5697
-      ..f41e8f75
-    },..bd3e99c0
-    "d..06e7bbe1
-      ..10859946
-      ..5acddfcb
-      ..14f591bf
-      ..338c204e
-      ..06ac42f9
-      ..5fa1d001
-      ..3d2f6c4f
-    },..bd3e99c0
-    "d..025af7db
-      ..7c0414f9
-      ..1daab6b0
-      ..79fc0ff8
-    },..bd3e99c0
-    "d..7167aa38
-      ..82b280b6
-      ..898206c0
-      ..a9314888
-      ..338c204e
-      ..ba3ecdfd
-      ..05f5cd94
-      ..08447ac5
-      ..3d2f6c4f
-    },..bd3e99c0
-    "d..6dd1eeee
-      ..e3fbf5d7
-      ..3cb18eeb
-      ..b27bf06e
-    },..bd3e99c0
-    "d..3395e84c
-      ..76e7d392
-      ..e4d9f370
-      ..a41cc588
-    },..bd3e99c0
-    "e..448281ef
-      ..6dc927e9
-      ..30d5c2c7
-      ..61e0585a
-      ..338c204e
-      ..cccc9625
-      ..357509b0
-      ..3d2f6c4f
-    },..bd3e99c0
-    "e..abebeccb
-      ..eccb99a1
-      ..bb9db898
-      ..93ad6630
-    },..bd3e99c0
-    "e..1b3ad98c
-      ..142bc7dc
-      ..020a3aca
-      ..e04efa22
-      ..338c204e
-      ..3b589883
-      ..56d8a857
-      ..3149ab52
-      ..36f2f17b
-      ..06ac42f9
-      ..c78bf69f
-      ..570f5c89
-      ..3d2f6c4f
-    },..bd3e99c0
-    "e..f7347971
-      ..c83971e4
-      ..64434632
-      ..b5cefad5
-    },..bd3e99c0
-    "e..5c4856f6
-      ..84d821cc
-      ..c933e3b9
-      ..f6b3df4f
-      ..338c204e
-      ..1a80833a
-      ..3d2f6c4f
-    },..bd3e99c0
-    "e..cc39b91c
-      ..92cda0b3
-      ..bccd7064
-      ..3813daa0
-    },..bd3e99c0
-    "e..6b2d555f
-      ..acf20ce9
-      ..6b354468
-      ..8e5f4bb5
-    },..bd3e99c0
-    "e..c1ef85f8
-      ..56fcfdf4
-      ..4d16d881
-      ..a45fa1ea
-      ..338c204e
-      ..73ab991e
-      ..78cf32a2
-      ..d6031362
-      ..8fa5d2d2
-      ..41159c0c
-      ..77dc9664
-      ..5a5deded
-      ..b1a1dc91
-      ..d995e598
-      ..3d2f6c4f
-    },..bd3e99c0
-    "e..55cd46b3
-      ..0bfe95a9
-      ..1c7b3f44
-      ..8f89f796
-      ..338c204e
-      ..159ad5f2
-      ..525a92d8
-      ..d9b9ee57
-      ..2bacfdf0
-      ..3d79654f
-      ..16d07c53
-      ..e4a43e20
-      ..3d2f6c4f
-    },..bd3e99c0
-    "e..c3715087
-      ..ead54972
-      ..1fbe953a
-      ..0d640af8
-      ..338c204e
-      ..9c0e0a34
-      ..06484792
-      ..3b589883
-      ..93abc9f5
-      ..4f8a9049
-      ..fe7c83ac
-      ..d066effa
-      ..28b0fc21
-      ..a18ac8e8
-      ..bc4df4b0
-      ..d6031362
-      ..8fa5d2d2
-      ..dec627ba
-      ..75c74a47
-      ..908c2ec8
-      ..99c38783
-      ..55043eda
-      ..68623ed2
-      ..973f5bfe
-      ..7a5a9782
-      ..07c3c241
-      ..19ca3f78
-      ..5874598e
-      ..e1e1b7cd
-      ..5cc0f0b7
-      ..9073b1b5
-      ..d50c7dcb
-      ..55043eda
-      ..e7af4d5d
-      ..389b042d
-      ..19ca3f78
-      ..5874598e
-      ..41159c0c
-      ..77dc9664
-      ..5a5deded
-      ..b1a1dc91
-      ..5874598e
-      ..47388d62
-      ..6521b3ca
-      ..c31312e3
-      ..03024bbe
-      ..5874598e
-      ..65be1ff6
-      ..238e502b
-      ..c217857b
-      ..dff791b9
-      ..d995e598
-      ..3d2f6c4f
-    },..bd3e99c0
-    "e..40231d27
-      ..d9740c84
-      ..6a5d3366
-      ..ede61044
-      ..338c204e
-      ..b6caf898
-      ..d4bfe9ac
-      ..d6031362
-      ..8fa5d2d2
-      ..5d4eae0e
-      ..bd66d3f3
-      ..7907cd55
-      ..46b5d779
-      ..d995e598
-      ..3d2f6c4f
-    },..bd3e99c0
-    "e..6fa84078
-      ..eccb99a1
-      ..ccba9958
-      ..12ac22df
-    },..bd3e99c0
-    "e..5d7553d2
-      ..92cda0b3
-      ..2872fa0b
-      ..91fc9a89
-      ..338c204e
-      ..db0e68a9
-      ..1b95e31f
-      ..3d2f6c4f
-    },..bd3e99c0
-    "e..07013eb0
-      ..b6f8bf0e
-      ..72c471e2
-      ..8fdb67a6
-      ..338c204e
-      ..b249f245
-      ..00068d12
-      ..d37e9da3
-      ..aeebaa25
-      ..b769dfad
-      ..089cd9fd
-      ..a89e8d1d
-      ..21c2c3f9
-      ..2b5b96e5
-      ..0a5e66fe
-      ..8a119b39
-      ..356f3219
-      ..26f498e5
-      ..04fb1d9b
-      ..9a1ff11e
-      ..9d928944
-      ..be549495
-      ..48499bad
-      ..eff3800d
-      ..f3ba1f1d
-      ..249db254
-      ..f0a7b801
-      ..b9c0fcbc
-      ..01563fb7
-      ..d77d125a
-      ..b554871b
-      ..817c80c5
-      ..f3ad200a
-      ..58069aaa
-      ..bdcd6ee6
-      ..d6031362
-      ..8fa5d2d2
-      ..182c0b5b
-      ..0c126ae0
-      ..1549cc64
-      ..acded721
-      ..d995e598
-      ..3d2f6c4f
-    },..bd3e99c0
-    "e..d29ff576
-      ..53d0e12d
-      ..67f86f8b
-      ..b8cad4c6
-    },..bd3e99c0
-    "e..7abb7ecf
-      ..5a5ace7e
-      ..43aadbb2
-      ..c788c338
-    },..bd3e99c0
-    "f..a053f8b9
-      ..8ab3f2b5
-      ..8ef3c5ea
-      ..7ae66b36
-    },..bd3e99c0
-    "f..59b0de93
-      ..593f29c2
-      ..9e7fdffc
-      ..554e6d6a
-    },..bd3e99c0
-    "f..7676d546
-      ..6b1cc80b
-      ..b5a1a369
-      ..1796f695
-      ..338c204e
-      ..636b50c7
-      ..3d2f6c4f
-    },..bd3e99c0
-    "f..8b04f362
-      ..71dfd5d1
-      ..df85b285
-      ..9e7b9800
-    },..bd3e99c0
-    "f..1cc5f03b
-      ..eccb99a1
-      ..45fcd706
-      ..0bca6762
-      ..338c204e
-      ..21c2c3f9
-      ..0a5e66fe
-      ..8a119b39
-      ..be549495
-      ..48499bad
-      ..817c80c5
-      ..41502683
-      ..d6031362
-      ..8fa5d2d2
-      ..182c0b5b
-      ..0c126ae0
-      ..1549cc64
-      ..acded721
-      ..d995e598
-      ..3d2f6c4f
-    },..bd3e99c0
-    "f..a0bdc748
-      ..3e4f7389
-      ..563835e3
-      ..3f5c27db
-      ..338c204e
-      ..9b7b8711
-      ..3d2f6c4f
-    },..bd3e99c0
-    "f..75a7d022
-      ..1c16fff8
-      ..ccf89f37
-      ..ace33d75
-    },..bd3e99c0
-    "f..7c4d3dfe
-      ..4ef2d6a9
-      ..1c498a73
-      ..c389d109
-      ..338c204e
-      ..9c47ac9f
-      ..19b09607
-      ..6cce8070
-      ..3d2f6c4f
-    },..bd3e99c0
-    "f..f6a01f3f
-      ..6dc927e9
-      ..5f4a4906
-      ..c6e3acf9
-    },..bd3e99c0
-    "f..02e808cf
-      ..2abd1523
-      ..4fbda479
-      ..c84ab166
-    },..bd3e99c0
-    "f..f77f8f45
-      ..10859946
-      ..14b08985
-      ..e586f1ba
-    },..bd3e99c0
-    "f..a1a39dce
-      ..71480395
-      ..2adbe5df
-      ..fb359e85
-      ..338c204e
-      ..bdecf068
-      ..cbe9095a
-      ..3d2f6c4f
-    },..bd3e99c0
-    "f..5bf0166a
-      ..f0fa4db7
-      ..364772b6
-      ..be1d77a1
-      ..338c204e
-      ..b01d85c1
-      ..89240a26
-      ..629008eb
-      ..35376855
-      ..3d2f6c4f
-    },..bd3e99c0
-    "f..e1a96a5b
-      ..10859946
-      ..bfee9e27
-      ..66d43e6d
-    },..bd3e99c0
-    "f..f398c856
-      ..cddc9baa
-      ..104c4e3e
-      ..6744934d
-      ..338c204e
-      ..bdecf068
-      ..2df8992c
-      ..eb7fce9c
-      ..aa5a19fd
-      ..3d2f6c4f
-    },..bd3e99c0
-    "g..a6fd13ea
-      ..bbef94a1
-      ..f64025d9
-      ..a52be79a
-    },..bd3e99c0
-    "g..ae5fb2b5
-      ..ff188b65
-      ..b93a177e
-      ..3f6666e0
-      ..338c204e
-      ..bb447bbe
-      ..3d2f6c4f
-    },..bd3e99c0
-    "g..4d423488
-      ..427a683b
-      ..b3dd40bf
-      ..0f6f8fb7
-      ..338c204e
-      ..804752b3
-      ..b2a6129c
-      ..92f1004d
-      ..ef126961
-      ..2f7a941a
-      ..786324a1
-      ..3d2f6c4f
-    },..bd3e99c0
-    "g..8934beb0
-      ..a6b50d2f
-      ..28bba2ac
-      ..a9b05554
-      ..338c204e
-      ..b04290ab
-      ..125a8504
-      ..3d2f6c4f
-    },..bd3e99c0
-    "g..58fce95f
-      ..ebb112ac
-      ..55b34b61
-      ..a21eb49d
-      ..338c204e
-      ..bb609e0e
-      ..d003fbe4
-      ..8693476f
-      ..cc277d64
-      ..94f6cf78
-      ..35699ab2
-      ..66d9457f
-      ..c4ffb950
-      ..c877428d
-      ..8c9c5a0d
-      ..e843e9f0
-      ..0db45dea
-      ..ef044fc7
-      ..60654340
-      ..3d2f6c4f
-    },..bd3e99c0
-    "g..4da8435d
-      ..4be55df4
-      ..7f370621
-      ..b5c9fa1b
-    },..bd3e99c0
-    "g..4060dee6
-      ..adc8745f
-      ..6320a7f1
-      ..34ba068b
-    },..bd3e99c0
-    "h..1b08a7cb
-      ..593f29c2
-      ..492a8e6c
-      ..9ef6a288
-    },..bd3e99c0
-    "h..42237c73
-      ..8ea0af5a
-      ..5fb50fcd
-      ..1a9dea37
-      ..338c204e
-      ..aaa1573c
-      ..192ed29b
-      ..3d2f6c4f
-    },..bd3e99c0
-    "h..30935ce8
-      ..129d4122
-      ..a21882df
-      ..25947ea7
-    },..bd3e99c0
-    "h..f3ee820d
-      ..84d821cc
-      ..d2075733
-      ..7b88f35a
-      ..338c204e
-      ..ee8c9ebc
-      ..3d2f6c4f
-    },..bd3e99c0
-    "h..a0a18366
-      ..ccc6584b
-      ..46fba60f
-      ..0a71e7ff
-      ..338c204e
-      ..06ac42f9
-      ..0495eeb8
-      ..3d2f6c4f
-    },..bd3e99c0
-    "h..8a48e8e0
-      ..3f2f3d96
-      ..850cc055
-      ..03768ea0
-      ..338c204e
-      ..12f7c9af
-      ..203c94cd
-      ..3d2f6c4f
-    },..bd3e99c0
-    "h..f674f947
-      ..adc8745f
-      ..ee83164b
-      ..6d5a30ce
-      ..338c204e
-      ..e15ff6c6
-      ..c78bf69f
-      ..cc38eed7
-      ..3d2f6c4f
-    },..bd3e99c0
-    "h..3c20f7f0
-      ..91a03276
-      ..13c8f436
-      ..f5e184e5
-      ..338c204e
-      ..2b5b96e5
-      ..815da8fe
-      ..b554871b
-      ..c888661a
-      ..3d2f6c4f
-    },..bd3e99c0
-    "h..565f8f53
-      ..10859946
-      ..a1ddad90
-      ..5e0864d5
-    },..bd3e99c0
-    "h..3b2ccf90
-      ..8840b14b
-      ..0de99613
-      ..0f4b8819
-      ..338c204e
-      ..d40ea7bd
-      ..e2f06e42
-      ..fc1ce0b2
-      ..3d2f6c4f
-    },..bd3e99c0
-    "i..02a207a4
-      ..a5fe9998
-      ..12783afd
-      ..3c83edf5
-      ..338c204e
-      ..59e0f044
-      ..3d2f6c4f
-    },..bd3e99c0
-    "i..0960c29b
-      ..d908a7d3
-      ..a301985b
-      ..28e443db
-      ..338c204e
-      ..0575d643
-      ..d6031362
-      ..8fa5d2d2
-      ..4fa3009e
-      ..d03ff835
-      ..d0ffd7eb
-      ..ce3a11d5
-      ..d995e598
-      ..3d2f6c4f
-    },..bd3e99c0
-    "i..ae065207
-      ..a482a4fe
-      ..4b69fede
-      ..d8ccb09f
-    },..bd3e99c0
-    "i..88b2ecac
-      ..3b4475cf
-      ..57c87bf9
-      ..212d20af
-      ..338c204e
-      ..2f7a941a
-      ..5d42ef4f
-      ..3d2f6c4f
-    },..bd3e99c0
-    "i..6ee64224
-      ..f0fa4db7
-      ..022e5830
-      ..dcadd8c5
-    },..bd3e99c0
-    "i..6a13eb30
-      ..0fe192b9
-      ..bce92b0a
-      ..900c9937
-    },..bd3e99c0
-    "i..9478ef45
-      ..c08db5ad
-      ..4a69c6ab
-      ..51a42466
-    },..bd3e99c0
-    "i..deeec442
-      ..adc8745f
-      ..b05ce35c
-      ..57a0acbb
-    },..bd3e99c0
-    "i..a842ec2d
-      ..10859946
-      ..18f89504
-      ..20acae5c
-    },..bd3e99c0
-    "i..f0779f36
-      ..c2891d83
-      ..637e194c
-      ..4b86779a
-    },..bd3e99c0
-    "i..ae46bba7
-      ..adc8745f
-      ..de9fe09c
-      ..f44b51e8
-    },..bd3e99c0
-    "i..2fa7dd0d
-      ..6b1cc80b
-      ..b0302be5
-      ..3af36bdc
-    },..bd3e99c0
-    "i..4648c853
-      ..6b1cc80b
-      ..fef3ac80
-      ..6c35e155
-    },..bd3e99c0
-    "i..afaa104e
-      ..6b1cc80b
-      ..d44b24d1
-      ..28bb39d4
-    },..bd3e99c0
-    "i..b6ece18a
-      ..10859946
-      ..8ef48f07
-      ..00dffce2
-    },..bd3e99c0
-    "i..61e477cb
-      ..10859946
-      ..c61f0ee9
-      ..25fe0144
-    },..bd3e99c0
-    "i..ab5a90b7
-      ..6dc927e9
-      ..5c1a2487
-      ..2154827a
-    },..bd3e99c0
-    "i..7479bb3c
-      ..10859946
-      ..403d5071
-      ..ded1a454
-      ..338c204e
-      ..b52deddb
-      ..20ac498c
-      ..3d2f6c4f
-    },..bd3e99c0
-    "j..2c7fa589
-      ..143dfaf5
-      ..86551eab
-      ..3c3d3dde
-    },..bd3e99c0
-    "j..87101080
-      ..e3fbf5d7
-      ..4e441e4b
-      ..2c72cf6a
-    },..bd3e99c0
-    "j..0384afc8
-      ..a779051e
-      ..76062452
-      ..316a8996
-    },..bd3e99c0
-    "j..ad5f90e9
-      ..f75914c2
-      ..7152e8c1
-      ..bfee10fd
-    },..bd3e99c0
-    "j..45e5aea2
-      ..3d9c3772
-      ..db9c8ac9
-      ..5cbded63
-    },..bd3e99c0
-    "j..fd63f6ac
-      ..05f7db04
-      ..e3bd5b2b
-      ..369d6f01
-      ..338c204e
-      ..975aa146
-      ..3d2f6c4f
-    },..bd3e99c0
-    "j..81c1e8c3
-      ..84d821cc
-      ..4e0c1363
-      ..618338b1
-      ..338c204e
-      ..817701bd
-      ..4ea7801c
-      ..55830a63
-      ..6c8bdb85
-      ..3d2f6c4f
-    },..bd3e99c0
-    "k..80344522
-      ..717a4a1f
-      ..6bd93b80
-      ..fe1b7289
-      ..338c204e
-      ..a058bb99
-      ..2bf18a48
-      ..3d2f6c4f
-    },..bd3e99c0
-    "l..ac262d34
-      ..89e82513
-      ..86931b71
-      ..b343d3be
-    },..bd3e99c0
-    "l..3ce91b16
-      ..adc8745f
-      ..ea28b80e
-      ..85f4c9f7
-    },..bd3e99c0
-    "m..f7b89e4b
-      ..5a5ace7e
-      ..57033f46
-      ..1c0c2fd8
-      ..338c204e
-      ..05893468
-      ..d6031362
-      ..8fa5d2d2
-      ..8bd9135c
-      ..0ec4ea60
-      ..5697e0d9
-      ..dbbf72e9
-      ..d995e598
-      ..3d2f6c4f
-    },..bd3e99c0
-    "m..7f277765
-      ..5ef1e055
-      ..e9d673f0
-      ..4a61608b
-      ..338c204e
-      ..3437e702
-      ..06ac42f9
-      ..38754236
-      ..3d2f6c4f
-    },..bd3e99c0
-    "m..867996e9
-      ..97855d3c
-      ..1b9e2534
-      ..aaf7d7fb
-    },..bd3e99c0
-    "m..22830e13
-      ..adc8745f
-      ..6641a15c
-      ..d23371a5
-    },..bd3e99c0
-    "m..08bb6442
-      ..83f30f20
-      ..ec37a21c
-      ..4e199e66
-    },..bd3e99c0
-    "m..cbf1240f
-      ..c2891d83
-      ..d7d2ac19
-      ..36feb9ae
-      ..338c204e
-      ..fff8c923
-      ..1e81a83b
-      ..3d2f6c4f
-    },..bd3e99c0
-    "m..f71010b3
-      ..84d821cc
-      ..78d7225b
-      ..7cd4b07e
-    },..bd3e99c0
-    "m..910690b9
-      ..1e2d3cb9
-      ..0f394729
-      ..723a2fa1
-    },..bd3e99c0
-    "m..e106e2d7
-      ..00fdca4b
-      ..5ad425ff
-      ..b49a22ab
-      ..338c204e
-      ..83812029
-      ..3d2f6c4f
-    },..bd3e99c0
-    "m..c856a3a4
-      ..adc8745f
-      ..53260fb2
-      ..a03847dc
-    },..bd3e99c0
-    "m..9ab9407b
-      ..5b68af2c
-      ..12076b47
-      ..c02630e4
-      ..338c204e
-      ..93e30b34
-      ..3d2f6c4f
-    },..bd3e99c0
-    "m..1ec5a5e5
-      ..adc8745f
-      ..e0fb9a88
-      ..8b92ec95
-    },..bd3e99c0
-    "m..46809f88
-      ..adc8745f
-      ..629eaae2
-      ..085a18b9
-    },..bd3e99c0
-    "m..b09e75bb
-      ..ccc6584b
-      ..d43f495e
-      ..f40c470a
-      ..338c204e
-      ..319f57a9
-      ..3d2f6c4f
-    },..bd3e99c0
-    "m..33e0ac13
-      ..74f5a82f
-      ..4e15dd7c
-      ..fc94fbae
-    },..bd3e99c0
-    "m..367b550c
-      ..cb6aee5f
-      ..981eb029
-      ..de72305c
-      ..338c204e
-      ..63d4eb23
-      ..3d2f6c4f
-    },..bd3e99c0
-    "m..7de0421e
-      ..3d9c3772
-      ..3e08b847
-      ..e500ca23
-      ..338c204e
-      ..659265c7
-      ..3d2f6c4f
-    },..bd3e99c0
-    "m..7ce35364
-      ..d14f55f0
-      ..27208e54
-      ..5b4ede49
-    },..bd3e99c0
-    "m..f05d22ec
-      ..593c3c42
-      ..e9f560ba
-      ..3aeeab5c
-    },..bd3e99c0
-    "m..ab391569
-      ..593f29c2
-      ..6975381e
-      ..23a629b0
-    },..bd3e99c0
-    "m..1ed0b865
-      ..0fe3c927
-      ..63dd9918
-      ..cf35f9af
-      ..338c204e
-      ..ee7c603a
-      ..89b16e9f
-      ..b9c0fcbc
-      ..a240e380
-      ..d6031362
-      ..8fa5d2d2
-      ..7ab2cfd6
-      ..6aa47d48
-      ..3efc6630
-      ..e30b05e0
-      ..d995e598
-      ..3d2f6c4f
-    },..bd3e99c0
-    "m..e4a128d5
-      ..a5d32f06
-      ..b5d783e0
-      ..02e99d80
-      ..338c204e
-      ..91e9c78f
-      ..f8fb1df5
-      ..154a0103
-      ..3d2f6c4f
-    },..bd3e99c0
-    "n..391367b7
-      ..e322cddb
-      ..e862598e
-      ..424dbf6f
-    },..bd3e99c0
-    "n..d49a57c9
-      ..6dc927e9
-      ..24c26586
-      ..7eaa3294
-    },..bd3e99c0
-    "n..bddf2f99
-      ..1c16fff8
-      ..e7afa9b4
-      ..eb366b38
-    },..bd3e99c0
-    "n..54002f84
-      ..997cf254
-      ..4ffbe382
-      ..8f70969a
-      ..338c204e
-      ..b6caf898
-      ..72476410
-      ..d6031362
-      ..8fa5d2d2
-      ..5d4eae0e
-      ..bd66d3f3
-      ..7907cd55
-      ..46b5d779
-      ..d995e598
-      ..3d2f6c4f
-    },..bd3e99c0
-    "o..7f5e3eb7
-      ..6fa72f12
-      ..f67d87af
-      ..1db6283e
-    },..bd3e99c0
-    "o..f643ac69
-      ..8a04c57f
-      ..4465a40a
-      ..3a4ca11b
-    },..bd3e99c0
-    "o..a5831b21
-      ..7909fb3b
-      ..fe3988c6
-      ..ea25e7bd
-      ..338c204e
-      ..0b1afa8f
-      ..3d2f6c4f
-    },..bd3e99c0
-    "o..f443761b
-      ..943fd3f4
-      ..d9a75087
-      ..63d6555c
-      ..338c204e
-      ..9ba08654
-      ..3d2f6c4f
-    },..bd3e99c0
-    "o..57de6232
-      ..15aa75ff
-      ..b49b3373
-      ..37992554
-      ..338c204e
-      ..5d42ef4f
-      ..3d2f6c4f
-    },..bd3e99c0
-    "p..5f8064c7
-      ..97855d3c
-      ..53ec894d
-      ..b4c9b429
-    },..bd3e99c0
-    "p..09705dd7
-      ..10859946
-      ..1c35510b
-      ..e382083a
-    },..bd3e99c0
-    "p..2b296dfd
-      ..1f1603ba
-      ..5bb2f10d
-      ..302288ee
-      ..338c204e
-      ..51bbb007
-      ..3d2f6c4f
-    },..bd3e99c0
-    "p..75740cdc
-      ..8943a11c
-      ..6da8d733
-      ..16d372e4
-      ..338c204e
-      ..611defac
-      ..385b87a7
-      ..9e6fb216
-      ..ce1c6a40
-      ..42c08d20
-      ..3d2f6c4f
-    },..bd3e99c0
-    "p..faf3e0c7
-      ..8ab3f2b5
-      ..6b22153a
-      ..20c6c7fb
-      ..338c204e
-      ..44f24560
-      ..20f82d3c
-      ..3d2f6c4f
-    },..bd3e99c0
-    "p..db3aea49
-      ..83900d84
-      ..bd529026
-      ..ebb28e9c
-    },..bd3e99c0
-    "p..d72d7878
-      ..adc8745f
-      ..a178a0f4
-      ..4ff68778
-    },..bd3e99c0
-    "p..b2e50cb6
-      ..ff188b65
-      ..6195c4f2
-      ..2bd8d26f
-    },..bd3e99c0
-    "p..aa8eccdb
-      ..95d20ca3
-      ..7f7e928b
-      ..adaaa421
-      ..338c204e
-      ..3640095a
-      ..b079051d
-      ..e4fe7149
-      ..e843e9f0
-      ..2566aa15
-      ..3d2f6c4f
-    },..bd3e99c0
-    "p..6675a35c
-      ..8840b14b
-      ..db9cc187
-      ..34ea5426
-    },..bd3e99c0
-    "p..d5034db3
-      ..5a6ff56e
-      ..c8a6b530
-      ..d7bbd91b
-    },..bd3e99c0
-    "p..815825f1
-      ..943fd3f4
-      ..35d922b2
-      ..ec3ef42d
-    },..bd3e99c0
-    "p..252f4ed6
-      ..5a0ad83f
-      ..eefbcdf6
-      ..b6b761e6
-    },..bd3e99c0
-    "p..fb405f40
-      ..8ab3f2b5
-      ..99a4bcf8
-      ..481c108c
-      ..338c204e
-      ..a9916bb0
-      ..3d2f6c4f
-    },..bd3e99c0
-    "p..7e793099
-      ..7c0414f9
-      ..795e49e8
-      ..524498ee
-    },..bd3e99c0
-    "p..29c72e49
-      ..2abd1523
-      ..280858e7
-      ..cd0462b1
-    },..bd3e99c0
-    "p..35ecd909
-      ..593f29c2
-      ..3a8b3bfe
-      ..a16bb2a7
-    },..bd3e99c0
-    "p..265835b3
-      ..5a0ad83f
-      ..26592007
-      ..c963c8f2
-      ..338c204e
-      ..cd120ebe
-      ..f5c1468e
-      ..3d2f6c4f
-    },..bd3e99c0
-    "p..a3c850b2
-      ..0be0273e
-      ..93ab2912
-      ..d41e8149
-    },..bd3e99c0
-    "p..106570e7
-      ..26bc3bf2
-      ..975235b6
-      ..8fd909ce
-      ..338c204e
-      ..ba3ecdfd
-      ..7f19539e
-      ..9e6fb216
-      ..7a7dd51b
-      ..6b208586
-      ..38754236
-      ..3d2f6c4f
-    },..bd3e99c0
-    "p..75790480
-      ..b9e95444
-      ..01ca2b67
-      ..1febcfa1
-    },..bd3e99c0
-    "q..ebe2c4cd
-      ..ae2d16d3
-      ..68c736b8
-      ..e6fb97f4
-    },..bd3e99c0
-    "q..26c4cd13
-      ..8943a11c
-      ..d772fc09
-      ..2978330f
-      ..338c204e
-      ..ab5b4906
-      ..e9a5c92f
-      ..23837963
-      ..3d2f6c4f
-    },..bd3e99c0
-    "r..8d02932f
-      ..81cc6955
-      ..b571b72a
-      ..c2a6dfd2
-      ..338c204e
-      ..f2a71f52
-      ..3d2f6c4f
-    },..bd3e99c0
-    "r..8248a010
-      ..7c0414f9
-      ..38892418
-      ..3643bfe1
-      ..338c204e
-      ..c4fd2a65
-      ..f2a71f52
-      ..3d2f6c4f
-    },..bd3e99c0
-    "r..bd34c7b6
-      ..df33e235
-      ..555b1b6e
-      ..c6178978
-    },..bd3e99c0
-    "r..3111fb41
-      ..8840b14b
-      ..0d48b3c0
-      ..953c72dd
-    },..bd3e99c0
-    "r..673198f8
-      ..4ef2d6a9
-      ..f4c1bc66
-      ..175d8b21
-      ..338c204e
-      ..ceb0520f
-      ..6d305953
-      ..78491c7b
-      ..c8b028ac
-      ..3d2f6c4f
-    },..bd3e99c0
-    "r..0220b6e8
-      ..e222d089
-      ..f1480000
-      ..ca1e238b
-      ..338c204e
-      ..9b30bfb6
-      ..11d82128
-      ..118b0380
-      ..24b67306
-      ..e30fae44
-      ..4e82cff0
-      ..472e230f
-      ..3d2f6c4f
-    },..bd3e99c0
-    "r..589dcc19
-      ..51b6345c
-      ..749357f4
-      ..476c7262
-      ..338c204e
-      ..3d72d8ec
-      ..cf8b6ba7
-      ..f3211889
-      ..0c9f384c
-      ..b9af6dd8
-      ..8f06d707
-      ..e1e6e187
-      ..f7c17a70
-      ..1b1afd9a
-      ..b5e24d83
-      ..c43eaeb0
-      ..e43883dd
-      ..249358ca
-      ..6e8999a1
-      ..5341b79e
-      ..bd243530
-      ..99d6cf73
-      ..257d5d9b
-      ..cd26efd4
-      ..8e17215c
-      ..3d2f6c4f
-    },..bd3e99c0
-    "r..8ab2231f
-      ..eccb99a1
-      ..7e73541b
-      ..25fe3155
-      ..338c204e
-      ..1d8b00c8
-      ..3d2f6c4f
-    },..bd3e99c0
-    "r..4c3534d9
-      ..afb60289
-      ..a31c4261
-      ..5182328f
-      ..338c204e
-      ..9c65ce05
-      ..bb664457
-      ..5352f581
-      ..3d2f6c4f
-    },..bd3e99c0
-    "r..92de4caa
-      ..795a03f7
-      ..326333bf
-      ..c2f33508
-      ..338c204e
-      ..b42e9008
-      ..3d2f6c4f
-    },..bd3e99c0
-    "r..de192181
-      ..02c7b53e
-      ..9f2fff82
-      ..71ecc7e6
-      ..338c204e
-      ..3437e702
-      ..a020d484
-      ..3d2f6c4f
-    },..bd3e99c0
-    "s..efb37205
-      ..18f52fd2
-      ..b46f566c
-      ..e9a0fb5a
-    },..bd3e99c0
-    "s..9fb25dbb
-      ..71480395
-      ..521e4ba0
-      ..3a488b12
-    },..bd3e99c0
-    "s..6c0c22f1
-      ..0c8eadd9
-      ..29fa58f6
-      ..0b09e9d9
-      ..338c204e
-      ..f3bea50b
-      ..3d2f6c4f
-    },..bd3e99c0
-    "s..5810d454
-      ..f0fa4db7
-      ..5e7af8ee
-      ..70b96be5
-    },..bd3e99c0
-    "s..adbea791
-      ..9707a339
-      ..943690bf
-      ..1ba91553
-      ..338c204e
-      ..5bda2b45
-      ..55c9be3b
-      ..3d2f6c4f
-    },..bd3e99c0
-    "s..f219551a
-      ..1f1603ba
-      ..8f919b29
-      ..f232c315
-      ..338c204e
-      ..42c08d20
-      ..3d2f6c4f
-    },..bd3e99c0
-    "s..56194d35
-      ..afb60289
-      ..63669f2d
-      ..96951b1c
-      ..338c204e
-      ..29e1ee57
-      ..3d2f6c4f
-    },..bd3e99c0
-    "s..6f57cd2a
-      ..58bdf8c3
-      ..402198fd
-      ..3632dc92
-      ..338c204e
-      ..21c2c3f9
-      ..2b5b96e5
-      ..de218b75
-      ..0a5e66fe
-      ..8a119b39
-      ..356f3219
-      ..04fb1d9b
-      ..f7543930
-      ..95fbe125
-      ..1beecf7c
-      ..be549495
-      ..f0a7b801
-      ..4bbc5ea4
-      ..d6031362
-      ..8fa5d2d2
-      ..182c0b5b
-      ..0c126ae0
-      ..1549cc64
-      ..acded721
-      ..d995e598
-      ..3d2f6c4f
-    },..bd3e99c0
-    "s..677ee9e8
-      ..e05ffd62
-      ..d2e76f0b
-      ..fb425d14
-      ..338c204e
-      ..0a5e66fe
-      ..8a119b39
-      ..48499bad
-      ..dd503e72
-      ..3d2f6c4f
-    },..bd3e99c0
-    "s..e0b370f6
-      ..25223e8f
-      ..c7cbdd64
-      ..f4f51d0a
-      ..338c204e
-      ..a34e63e7
-      ..3a7772fa
-      ..b8c513f8
-      ..791157ae
-      ..914151c2
-      ..3d2f6c4f
-    },..bd3e99c0
-    "s..0cf68354
-      ..afb60289
-      ..3c23d874
-      ..2134dd4b
-    },..bd3e99c0
-    "s..61c49c4f
-      ..6b1cc80b
-      ..8ffe5b91
-      ..3018f84e
-    },..bd3e99c0
-    "s..78c88279
-      ..2443bdc3
-      ..1dce8886
-      ..258f8846
-      ..338c204e
-      ..06ac42f9
-      ..0495eeb8
-      ..3d2f6c4f
-    },..bd3e99c0
-    "s..68472e67
-      ..5219f7c6
-      ..9c25a44f
-      ..a51d539d
-      ..338c204e
-      ..8509693b
-      ..3d2f6c4f
-    },..bd3e99c0
-    "s..f2bc7fc0
-      ..10859946
-      ..43198ae0
-      ..40bde80c
-    },..bd3e99c0
-    "s..8bfc746c
-      ..9be038fd
-      ..fa0b5b5a
-      ..efec8aa5
-      ..338c204e
-      ..7dd9bc6c
-      ..59f6fda4
-      ..69329c02
-      ..3d2f6c4f
-    },..bd3e99c0
-    "s..cbba6f80
-      ..d908a7d3
-      ..eecdfd17
-      ..3a33209a
-    },..bd3e99c0
-    "s..50fa5f5b
-      ..e9b8eac1
-      ..e407c48d
-      ..441d7b99
-      ..338c204e
-      ..27fc1d6f
-      ..d40ea7bd
-      ..f8f0046e
-      ..3f1e365f
-      ..ac0be8b3
-      ..75b66e8b
-      ..cccc9625
-      ..14ff8c51
-      ..158fa14f
-      ..3d2f6c4f
-    },..bd3e99c0
-    "s..92c11a10
-      ..2f5f3d0b
-      ..50e271a2
-      ..de99d988
-    },..bd3e99c0
-    "s..8197ab6b
-      ..eccb99a1
-      ..1d53236d
-      ..3ba2a524
-    },..bd3e99c0
-    "s..10f02956
-      ..6b1cc80b
-      ..aa438b5c
-      ..3de6ddcc
-    },..bd3e99c0
-    "s..3e2a92f4
-      ..eccb99a1
-      ..c7f22282
-      ..8c0d5950
-      ..338c204e
-      ..0d1232cc
-      ..3d2f6c4f
-    },..bd3e99c0
-    "s..7ff44e24
-      ..5a6ff56e
-      ..5729d621
-      ..cd7c2e68
-      ..338c204e
-      ..38a0df78
-      ..3d2f6c4f
-    },..bd3e99c0
-    "s..869a313c
-      ..10859946
-      ..06742183
-      ..4feec0ff
-      ..338c204e
-      ..75d70383
-      ..3d2f6c4f
-    },..bd3e99c0
-    "s..a1f90c01
-      ..91943362
-      ..71bfc892
-      ..b2a28961
-      ..338c204e
-      ..c8757d16
-      ..f3d0c275
-      ..c79682a8
-      ..153cbe8b
-      ..0c3941b5
-      ..d679b4a2
-      ..5bf4e5ed
-      ..510129db
-      ..ed3152a4
-      ..2f3c3457
-      ..5f044da2
-      ..25cb4d85
-      ..e4a43e20
-      ..3d2f6c4f
-    },..bd3e99c0
-    "t..0dd919fc
-      ..2250c3b3
-      ..7a4f010e
-      ..5541efc0
-      ..338c204e
-      ..cdc463d8
-      ..c551f2a8
-      ..990a1420
-      ..3d2f6c4f
-    },..bd3e99c0
-    "t..fa994c6c
-      ..167e7d36
-      ..b718004d
-      ..68288049
-      ..338c204e
-      ..89159a65
-      ..13609637
-      ..b41c064b
-      ..a15271e1
-      ..30ddc59f
-      ..c73d7dc7
-      ..1ef31355
-      ..3d2f6c4f
-    },..bd3e99c0
-    "t..f4aeac5a
-      ..e00af3f7
-      ..e6e724d1
-      ..c02e7a9a
-      ..338c204e
-      ..9290b98b
-      ..61aaf04b
-      ..18a85a6f
-      ..1bc421ab
-      ..9d5b7990
-      ..d6031362
-      ..8fa5d2d2
-      ..6e49602a
-      ..7c94fdeb
-      ..55a8bf99
-      ..9090e360
-      ..d995e598
-      ..3d2f6c4f
-    },..bd3e99c0
-    "t..e4b28c94
-      ..777d5302
-      ..bc657748
-      ..9f30373b
-      ..338c204e
-      ..59118b8b
-      ..3d2f6c4f
-    },..bd3e99c0
-    "t..a76626aa
-      ..c6e15d6a
-      ..39d25257
-      ..74e9f637
-      ..338c204e
-      ..698f2b61
-      ..3d2f6c4f
-    },..bd3e99c0
-    "t..0d637070
-      ..8673a749
-      ..71230b02
-      ..4386abde
-    },..bd3e99c0
-    "t..f0315744
-      ..c2891d83
-      ..bf00a8b9
-      ..8f7523d2
-    },..bd3e99c0
-    "t..6d55e5f7
-      ..eccb99a1
-      ..26daba9b
-      ..402fd07f
-    },..bd3e99c0
-    "t..2f595830
-      ..57c57779
-      ..3bd28396
-      ..64eee9ef
-      ..338c204e
-      ..0c7e9d91
-      ..3e575306
-      ..d6031362
-      ..8fa5d2d2
-      ..4fa3009e
-      ..3b3cb625
-      ..d29b7335
-      ..2b3f2a2d
-      ..d995e598
-      ..3d2f6c4f
-    },..bd3e99c0
-    "t..7a203b53
-      ..41ecb1e2
-      ..c9663816
-      ..3af112a8
-    },..bd3e99c0
-    "t..245b780f
-      ..3e26cf7c
-      ..9e265280
-      ..73b695ca
-      ..338c204e
-      ..0495eeb8
-      ..3d2f6c4f
-    },..bd3e99c0
-    "t..f787026a
-      ..8a3c8b1e
-      ..f4cdbdf5
-      ..b5f0960e
-    },..bd3e99c0
-    "t..f526e442
-      ..22b3cce3
-      ..58186900
-      ..4d38a864
-      ..338c204e
-      ..4f1616d4
-      ..fd0fd422
-      ..3d2f6c4f
-    },..bd3e99c0
-    "t..220efa5a
-      ..0b7aa419
-      ..712813fb
-      ..0c97964e
-      ..338c204e
-      ..12699131
-      ..3d2f6c4f
-    },..bd3e99c0
-    "u..1cf010ca
-      ..eccb99a1
-      ..415e2593
-      ..6e020a1b
-    },..bd3e99c0
-    "u..72b79415
-      ..b740854d
-      ..08a457e4
-      ..e200e60e
-      ..338c204e
-      ..7f9d9bf4
-      ..bc62c368
-      ..d6031362
-      ..8fa5d2d2
-      ..c34e559b
-      ..c2763d31
-      ..b257d3c6
-      ..3d36ef6d
-      ..5874598e
-      ..8618a7d4
-      ..38778b89
-      ..433c2a5c
-      ..6b13e0fa
-      ..55043eda
-      ..a8f0fb6f
-      ..fadd6cf6
-      ..d2071ab0
-      ..19ca3f78
-      ..d995e598
-      ..3d2f6c4f
-    },..bd3e99c0
-    "u..2fcb24fa
-      ..d90a0d84
-      ..1f559ad2
-      ..a42d4849
-    },..bd3e99c0
-    "u..773d1e37
-      ..10859946
-      ..975ebe1d
-      ..7bb573c7
-    },..bd3e99c0
-    "u..2b38fd8f
-      ..d4e2e4fd
-      ..4f45e35e
-      ..64bfe99f
-      ..338c204e
-      ..54f696fa
-      ..3d2f6c4f
-    },..bd3e99c0
-    "u..15ab5851
-      ..10859946
-      ..e4d9b132
-      ..d84ac523
-      ..338c204e
-      ..a6866c91
-      ..3d2f6c4f
-    },..bd3e99c0
-    "u..695b969a
-      ..10859946
-      ..3d7f62ab
-      ..2eb6086b
-    },..bd3e99c0
-    "u..b86cb8ac
-      ..adc8745f
-      ..f639c2e4
-      ..4542fd59
-    },..bd3e99c0
-    "u..88c605cd
-      ..b9e95444
-      ..11c726a3
-      ..37e65dc9
-    },..bd3e99c0
-    "u..ed6dfde6
-      ..c83971e4
-      ..ad99f077
-      ..a75a3526
-    },..bd3e99c0
-    "u..3f087d40
-      ..adc8745f
-      ..bdeea883
-      ..f1a157de
-    },..bd3e99c0
-    "u..5b30d9ff
-      ..4c82adc6
-      ..20a3f4df
-      ..09fa05e2
-    },..bd3e99c0
-    "v..e131e64c
-      ..83f30f20
-      ..75cddc84
-      ..68965c2b
-    },..bd3e99c0
-    "v..69e51c21
-      ..3271f27a
-      ..75cb1448
-      ..1809e2dd
-      ..338c204e
-      ..d40ea7bd
-      ..12890087
-      ..16c45b49
-      ..3d2f6c4f
-    },..bd3e99c0
-    "w..3e2c90b8
-      ..bfb029a5
-      ..1c29dc6f
-      ..d37ca641
-      ..338c204e
-      ..3d31dcca
-      ..776e6791
-      ..0ac12da6
-      ..0367e9ab
-      ..476377ef
-      ..ddd86fdb
-      ..0204519d
-      ..3d2f6c4f
-    },..bd3e99c0
-    "w..cd566169
-      ..bfb029a5
-      ..b431fa22
-      ..37d8e369
-      ..338c204e
-      ..bbea91cc
-      ..388f62fb
-      ..e59bbe2d
-      ..3d2f6c4f
-    },..bd3e99c0
-    "w..b01b182e
-      ..bfb029a5
-      ..5abbb4ec
-      ..43a32771
-      ..338c204e
-      ..13b27f71
-      ..ae8d1043
-      ..e200e1e5
-      ..0204519d
-      ..3d2f6c4f
-    },..bd3e99c0
-    "w..a7731ecf
-      ..bfb029a5
-      ..c044b35f
-      ..3b2e4f4d
-      ..338c204e
-      ..b5b7b286
-      ..05b4b3a7
-      ..0204519d
-      ..3d2f6c4f
-    },..bd3e99c0
-    "w..c07c2762
-      ..bfb029a5
-      ..f455ac72
-      ..3a98a750
-      ..338c204e
-      ..b5b7b286
-      ..13b27f71
-      ..674bbfef
-      ..4d76d4ab
-      ..0204519d
-      ..3d2f6c4f
-    },..bd3e99c0
-    "w..d6dda4c1
-      ..bfb029a5
-      ..59a2bb56
-      ..09d5bc02
-      ..338c204e
-      ..8324d833
-      ..a9ca85c7
-      ..3d2f6c4f
-    },..bd3e99c0
-    "w..a12bc926
-      ..bfb029a5
-      ..6d688a81
-      ..94232983
-      ..338c204e
-      ..b5b7b286
-      ..13b27f71
-      ..895eb0f1
-      ..043cb81c
-      ..3894f436
-      ..3d2f6c4f
-    },..bd3e99c0
-    "w..8cd0041f
-      ..bfb029a5
-      ..1d5bcb30
-      ..9a540018
-      ..338c204e
-      ..d79dc006
-      ..b5b7b286
-      ..095cdd7d
-      ..3d2f6c4f
-    },..bd3e99c0
-    "w..ea22c933
-      ..bfb029a5
-      ..569f79c8
-      ..16548677
-      ..338c204e
-      ..b5b7b286
-      ..776e6791
-      ..13b27f71
-      ..ae8d1043
-      ..4d76d4ab
-      ..35b0bef2
-      ..4e510e63
-      ..1888af10
-      ..be1fc5ef
-      ..05b4b3a7
-      ..0367e9ab
-      ..476377ef
-      ..0204519d
-      ..3d2f6c4f
-    },..bd3e99c0
-    "w..bccc8cfa
-      ..bfb029a5
-      ..3ef9a0eb
-      ..29f4408f
-      ..338c204e
-      ..4eecf19a
-      ..b5b7b286
-      ..0204519d
-      ..3d2f6c4f
-    },..bd3e99c0
-    "w..52b9e3b6
-      ..bfb029a5
-      ..1e3cd787
-      ..74d06a93
-      ..338c204e
-      ..8324d833
-      ..3c4efa42
-      ..822c42bd
-      ..273c76e2
-      ..b5b7b286
-      ..a18ac8e8
-      ..776e6791
-      ..13b27f71
-      ..ae8d1043
-      ..0204519d
-      ..d6031362
-      ..8fa5d2d2
-      ..bd02ec74
-      ..8d5c490e
-      ..78d06e31
-      ..472eeb91
-      ..55043eda
-      ..0fa46372
-      ..f800ef00
-      ..1c5f9ee8
-      ..19ca3f78
-      ..5874598e
-      ..65be1ff6
-      ..238e502b
-      ..c217857b
-      ..dff791b9
-      ..d995e598
-      ..3d2f6c4f
-    },..bd3e99c0
-    "w..244a0433
-      ..bfb029a5
-      ..f09225b7
-      ..6a20dc0e
-      ..338c204e
-      ..b5b7b286
-      ..776e6791
-      ..13b27f71
-      ..ae8d1043
-      ..674bbfef
-      ..4d76d4ab
-      ..35b0bef2
-      ..0204519d
-      ..3d2f6c4f
-    },..bd3e99c0
-    "w..c3de70ee
-      ..bfb029a5
-      ..bdf9da61
-      ..a37cbaef
-      ..338c204e
-      ..00f6807a
-      ..b5b7b286
-      ..776e6791
-      ..13b27f71
-      ..674bbfef
-      ..35b0bef2
-      ..1888af10
-      ..0204519d
-      ..3d2f6c4f
-    },..bd3e99c0
-    "w..22a10a9e
-      ..bfb029a5
-      ..2c7a7801
-      ..bb899395
-      ..338c204e
-      ..b6caf898
-      ..0204519d
-      ..d6031362
-      ..8fa5d2d2
-      ..5d4eae0e
-      ..bd66d3f3
-      ..7907cd55
-      ..46b5d779
-      ..d995e598
-      ..3d2f6c4f
-    },..bd3e99c0
-    "w..9eac3d4f
-      ..bfb029a5
-      ..a6686377
-      ..404fea5b
-      ..338c204e
-      ..776e6791
-      ..13b27f71
-      ..ae8d1043
-      ..476377ef
-      ..0204519d
-      ..3d2f6c4f
-    },..bd3e99c0
-    "w..18cb96c6
-      ..bfb029a5
-      ..cea01e98
-      ..72223aca
-      ..338c204e
-      ..776e6791
-      ..ae8d1043
-      ..0204519d
-      ..3d2f6c4f
-    },..bd3e99c0
-    "w..26af8f06
-      ..bfb029a5
-      ..4868d69e
-      ..3a5ad354
-      ..338c204e
-      ..13b27f71
-      ..04036af3
-      ..3d2f6c4f
-    },..bd3e99c0
-    "w..2a304957
-      ..bfb029a5
-      ..bb06f096
-      ..ed7a3c07
-      ..338c204e
-      ..8f15df13
-      ..b5b7b286
-      ..095cdd7d
-      ..3d2f6c4f
-    },..bd3e99c0
-    "w..99074a66
-      ..bfb029a5
-      ..66b19f5e
-      ..9899757e
-      ..338c204e
-      ..b5b7b286
-      ..13b27f71
-      ..88c86ef3
-      ..3d2f6c4f
-    },..bd3e99c0
-    "w..8df2f690
-      ..bfb029a5
-      ..ccc73422
-      ..662cb678
-      ..338c204e
-      ..776e6791
-      ..ae8d1043
-      ..4d76d4ab
-      ..6ec16191
-      ..3d2f6c4f
-    },..bd3e99c0
-    "w..ae4305f7
-      ..bfb029a5
-      ..27da77cd
-      ..df54e906
-      ..338c204e
-      ..b6caf898
-      ..7024b73f
-      ..515c85c4
-      ..1860439a
-      ..7a6ae303
-      ..b5b7b286
-      ..cf75cb06
-      ..d6031362
-      ..8fa5d2d2
-      ..5d4eae0e
-      ..bd66d3f3
-      ..7907cd55
-      ..46b5d779
-      ..d995e598
-      ..3d2f6c4f
-    },..bd3e99c0
-    "w..ab9c74bc
-      ..c5b0b236
-      ..bc6b1dad
-      ..338c204e
-      ..863ca071
-      ..dcbdd37c
-      ..f34a8b5c
-      ..b6aea5d2
-      ..3d2f6c4f
-    },..bd3e99c0
-    "w..6b651859
-      ..c83971e4
-      ..f02b9f6f
-      ..ea6f2123
-    },..bd3e99c0
-    "w..366d033b
-      ..988074af
-      ..77d1ea56
-      ..0d8b45f6
-      ..338c204e
-      ..fff6808a
-      ..8bfb9385
-      ..d92502de
-      ..3d2f6c4f
-    },..bd3e99c0
-    "x..d352f936
-      ..72e87e28
-      ..a9f2a4f1
-      ..6b0d4814
-      ..338c204e
-      ..1fdfb47e
-      ..55b0eb90
-      ..77bc6ff0
-      ..1ef31355
-      ..3d2f6c4f
-    },..bd3e99c0
-    "x..6a826332
-      ..6b1cc80b
-      ..c6671999
-      ..ed819fb1
-      ..338c204e
-      ..90f85f61
-      ..12a2070a
-      ..1c6fced4
-      ..92b34843
-      ..d102f636
-      ..8968ede8
-      ..15301b9d
-      ..3d2f6c4f
-    },..bd3e99c0
-    "x..b58c3b2b
-      ..6dc927e9
-      ..323f4ac8
-      ..81e7a99b
-      ..338c204e
-      ..16a5572d
-      ..3d2f6c4f
-    },..bd3e99c0
-    "x..7484c1e5
-      ..6b1cc80b
-      ..501cac9f
-      ..5f8d7c05
-      ..338c204e
-      ..bbee0161
-      ..3d2f6c4f
-    },..bd3e99c0
-    "x..d4a40d0e
-      ..0fe192b9
-      ..a0f08521
-      ..f40c9d0c
-    },..bd3e99c0
-    "x..9b34062c
-      ..c2891d83
-      ..ae579607
-      ..9f0a2f38
-    },..bd3e99c0
-    "y..7acc7c9f
-      ..43528e3c
-      ..31225d8c
-      ..68e13352
-    },..bd3e99c0
-    "y..a0ff6d2e
-      ..e322cddb
-      ..c3602a81
-      ..e5613d0d
-      ..338c204e
-      ..4aa8d480
-      ..6eccadf5
-      ..3d2f6c4f
-    }..a6797a88
-  }..c41ca6ba
-}..8b92b85a
+++ /de..9e4591ac
-{..8db683f7
-  "nam..706facc6
-  "ver..03666165
-  "dep..59353e0a
-    "b..13348e93
-    "m..ad7fa353
-    "r..1bc8e7dc
-    "r..39a9f0cd
-    "w..7764d4aa
-  }..c41ca6ba
-}..8b92b85a
+++ /de..9e4591ac
-#!/bin..c246250b
-..602c93ab
-mkdir ..7640d940
-cp -vf..844069a0
-cp -rv..1ef45539
-..602c93ab
-cd /ro..b1001167
-tar -c..feb31cf0
-..602c93ab
-BACKUP..a26dfa4c
-echo "..b911a182
-..602c93ab
-aws s3..6767d7b8
-aws s3..00ee120c
+++ /de..9e4591ac
-docker..4f06e380
-docker..bc048606
+++ /de..9e4591ac
------B..98eae350
-..602c93ab
-mQINBF..7a9ebcfa
-lqqwp0..e6ca828a
-38UuLa..9ad8238f
-L4C1+g..e71d493c
-UrwV5i..085d590a
-cmhh4H..d953e5cb
-ku4bIQ..e9ae8035
-vZZ+Do..c25dc80e
-G7c0tI..118e8a69
-XYukHj..75909898
-q5rdky..db497dab
-tCtEb2..47b325d5
-BBMBCg..86c82dd1
-v82Iss..e8d8a962
-tI4mNY..80a64c16
-jonyUf..868a9f53
-6fqcd5..c2e0f390
-XRKIlW..a56d3375
-FYBa5I..4f08f8e9
-g383P3..c55484b7
-ebwzQf..c152f7d9
-9svIGf..587fc485
-G34Ct5..5c7de266
-FPIZ7d..ba94479d
-EADneL..82267989
-M2JIJM..f29c10a5
-Q+DTT1..9e8a8d49
-w6da7W..7805c28f
-z2lLz8..4671e449
-eRc6/0..50855bc5
-VfxXns..f8c2294f
-1N4ZAq..951c549b
-zJwrv7..e624ac57
-pqXjEC..7d10a682
-ZQopdc..4f30bb84
-BQJYrd..ea096c66
-1WAP/2..eae62d25
-YcMmhD..af492f41
-mD9VHO..bc050941
-KA9v+y..13f33ef3
-JIGzOK..ca800a8a
-cM4JgL..9bad2cbd
-6br92K..b8345a49
-U888cS..15fc8e6f
-VfNDcy..61c9315c
-irP+MS..0425f04f
-SVe2pr..1e97614f
-QhxAAo..b82b8ec3
-9AcZ58..49831795
-24jxhO..2799feff
-dKxV3q..8a312460
-Vm50dw..b37139cf
-H3S+U7..f74de1a3
-/nQNfs..7c86a46d
-M8ssD1..03e40f76
-xx+dTZ..81c26e4e
-jCxcpD..3891bb65
-YT90qF..d734e132
-=0YYh..216bc1a5
------E..059bddbc
+++ /de..9e4591ac
-[parit..2ff6d804
-chain ..3bae3d8d
-base_p..1d487f65
-..602c93ab
-[accou..6e7fe6c3
-unlock..0f93fe52
-passwo..490a7d6c
-..602c93ab
+++ /de..9e4591ac
-#!/bin..c246250b
-..602c93ab
-apt up..3884d220
-apt up..10f6ab1a
-..602c93ab
-apt in..40a34fc8
-    ap..77c74e95
-    ca..e191e5d7
-    cu..e999f5ba
-    so..7d765156
-    jq..83f40e62
-    aw..0c997e83
-..602c93ab
-aws co..63a1b8f6
-cp -r ..3dc445b7
-chown ..1e7e4e3a
-..602c93ab
-apt-ke..f64b6569
-..602c93ab
-add-ap..0f121b95
-..602c93ab
-apt up..3884d220
-apt in..2cb9b810
-..602c93ab
-docker..ab4c14da
-..602c93ab
-PARITY..25dd2c58
-..602c93ab
-docker..1ecb0f6e
-..602c93ab
-if [ -..f9d96591
-  CHAI..f67e1dcf
-fi..173c051c
-..602c93ab
-echo C..590b2dde
-..602c93ab
-PARITY..31570fbe
-DOCKER..d0883344
-..602c93ab
-./rest..fc0503c0
-if [ !..cfd50ec4
-  mkdi..a42da5b0
-  echo..615c909a
-  dock..60a56c53
-fi..173c051c
-..602c93ab
-ACCOUN..a73f25d8
-..602c93ab
-echo d..f7a65e64
-docker..81342292
-..602c93ab
-echo A..d4a91a9a
-..602c93ab
-cp bac..491ae8db
+++ /de..9e4591ac
-[parit..2ff6d804
-chain ..e4fca7e7
-base_p..1d487f65
-..602c93ab
-[accou..6e7fe6c3
-unlock..0f93fe52
-passwo..490a7d6c
-..602c93ab
+++ /de..9e4591ac
-[Unit]..c6eede33
-Descri..ec5a1d8f
-After=..635eb049
-..602c93ab
-[Servi..7ddff003
-# run ..f0f0b030
-ExecSt..fa711b53
-# To r..338ec683
-# pick..d041e4e0
-# User..9fdd0f5b
-# Grou..5867e185
-# Exec..56b89a45
-Restar..53e6efdb
-..602c93ab
-# Spec..2801d9a6
-# SIGH..6e686185
-KillSi..2f30eeef
-..602c93ab
-[Insta..b73c3b48
-Wanted..84ca22a6
-..602c93ab
-..602c93ab
+++ /de..9e4591ac
-#!/bin..c246250b
-..602c93ab
-cd /ro..b1001167
-..602c93ab
-aws s3..0eb588c6
-..602c93ab
-if [ -..fca2309e
-  aws ..c0a7259c
-fi..173c051c
-..602c93ab
-if [ -..6185e441
-  mkdi..62c3752b
-  tar ..6d65c94d
-  cp -..19025360
-fi..173c051c
+++ /de..9e4591ac
-[Unit]..c6eede33
-Descri..ffea697c
-After=..635eb049
-..602c93ab
-[Servi..7ddff003
-# run ..f0f0b030
-ExecSt..4fa1741d
-# To r..338ec683
-# pick..d041e4e0
-# User..9fdd0f5b
-# Grou..5867e185
-# Exec..56b89a45
-Restar..53e6efdb
-..602c93ab
-# Spec..2801d9a6
-# SIGH..6e686185
-KillSi..2f30eeef
-..602c93ab
-[Insta..b73c3b48
-Wanted..84ca22a6
-..602c93ab
-..602c93ab
+++ /de..9e4591ac
-#!/bin..c246250b
-..602c93ab
-# ENVI..89b64fc6
-if [ -..f9d96591
-    CH..0e595437
-fi..173c051c
-..602c93ab
-DEST="..bccfb8b2
-PCFG=/..66703886
-PDATA=..94ddba23
-..602c93ab
-echo -..b6c55433
-read -..9ea7067f
-echo..16f64368
-echo -..750b1de0
-read -..10ca3e87
-echo..16f64368
-if [ "..c25a1e72
-    ec..fa1e4620
-    ex..7bbb49ad
-fi..173c051c
-echo O..ec38ec98
-..602c93ab
-# UPDA..80cedb05
-sudo a..7cbd70e6
-sudo a..686a3f37
-sudo a..86d69fcb
-sudo a..ee329d6f
-..602c93ab
-# WWW ..cc9c7400
-sudo m..0942c1d5
-bash <..5a6d1cba
-sudo c..a7a06bb0
-sudo m..22c7eae2
-sudo m..6b4c15ab
-..602c93ab
-# PARI..f2eda5e9
-echo S..8d63ede6
-echo $..b0d5f202
-sudo c..bb7dfd9b
-..602c93ab
-sudo p..c5dc2e07
-..602c93ab
-ACCOUN..cc96fc7f
-sed "s..5119af9d
-..602c93ab
-echo S..e57ff3bf
-sudo s..9fea641a
-sudo s..1e1bd8bb
-..602c93ab
-# MYSQ..555e94f2
-echo S..0d4ce8eb
-sudo m..e4a55a5b
-sudo m..10775b30
-..602c93ab
-echo S..d0e8e1c5
-..602c93ab
-# PHP..98c58425
-pushd ..9afe808e
-compos..093e23ff
-popd..3413a1f7
-..602c93ab
-# NGIN..cf724905
-sudo m..464cbccc
-sudo c..808d98bf
-..602c93ab
-sudo s..baf71936
-	root ..e12572ae
+	root ..dc7c2c13