-	<link..ef52128e
+	<link..e1f4ecd7
+					<..f0d3da55
+						..ba4f6159
+						..26503b27
+					<..59f68e09
-<scrip..44436629
-<scrip..41a2de51
-<scrip..e73b7870
-<scrip..29432161
-<scrip..57085745
-<scrip..e896355a
-<scrip..0221443d
-<scrip..7f8ad2e0
-<scrip..2ab17395
-<scrip..a6e2cd72
+<scrip..2529d863
+<scrip..a181618b
+<scrip..0831ab8d
+<scrip..9ce61822
+<scrip..f4ad2565
+<scrip..e968f587
+<scrip..7b199b77
+<scrip..59c1a91e
+<scrip..656bbf71
+<scrip..3f31616e
-<scrip..1c00cd5b
-<scrip..b7c89757
+<scrip..a310e2e1
+<scrip..b0ddda5b
+	'coin..cfb77f6a
+	'coin..cfb77f6a
+	'coin..cfb77f6a
+	'coin..cfb77f6a
+	'coin..cfb77f6a
+	'coin..cfb77f6a
+	'coin..cfb77f6a
+	'coin..cfb77f6a
+	'coin..cfb77f6a
+	'coin..cfb77f6a
-	<link..95fd466c
+	<link..83bf3365
-						..f18248f4
+						..095dcd51
+					<..f0d3da55
+						..ba4f6159
+						..26503b27
+					<..59f68e09
-<scrip..80511165
-<scrip..a22e9dab
-<scrip..3677ea86
-<scrip..50581970
-<scrip..0eb09520
-<scrip..11aa30e7
-<scrip..a6eaddc2
-<scrip..546bf6e9
-<scrip..1f2b09c5
-<scrip..38c155b0
-..f3f4087e
-<scrip..7967b9b3
-<scrip..3842aca5
+<scrip..fc9e5254
+<scrip..6526b0e2
+<scrip..01bb1d79
+<scrip..c64ea171
+<scrip..90639bf4
+<scrip..f2ed6090
+<scrip..f90c9c52
+<scrip..dde0bad3
+<scrip..14d2fa10
+<scrip..a1c7a985
+..002a794a
+<scrip..5c31e885
+<scrip..cdc7a022
-	<link..ef52128e
+	<link..e1f4ecd7
+					<..f0d3da55
+						..ba4f6159
+						..26503b27
+					<..59f68e09
-<scrip..44436629
-<scrip..41a2de51
-<scrip..e73b7870
-<scrip..29432161
-<scrip..57085745
-<scrip..e896355a
-<scrip..0221443d
-<scrip..7f8ad2e0
-<scrip..2ab17395
-<scrip..a6e2cd72
+<scrip..2529d863
+<scrip..a181618b
+<scrip..0831ab8d
+<scrip..9ce61822
+<scrip..f4ad2565
+<scrip..e968f587
+<scrip..7b199b77
+<scrip..59c1a91e
+<scrip..656bbf71
+<scrip..3f31616e
-<scrip..1c00cd5b
-<scrip..b7c89757
+<scrip..a310e2e1
+<scrip..b0ddda5b