+use Ai..18756226
-use Et..d2749689
+use Ai..5769adb6
-		if (..3e6d7740
+		$dev..80ce4327
-			if ..72071d04
-				th..02309f29
-			$si..b1c28b5a
+		$out..c86cdc0c
-			$va..a0676de4
-				's..0387d15f
-				$s..c0fbda3a
-				$a..005cf756
-			);..b442b425
+	} els..35f9c100
-			if ..97a1421a
-				th..02309f29
+		$out..1e70e450
-			$de..bd663ad6
-		}..873fefde
+	} els..a7079b3e
-		$out..07c346d6
+		$out..5f97fa5c
+..aab74469
+	} els..d40d8d63
+..aab74469
+		$out..203ff4c6
-			// ..ca0f2215
-			if ..774dfc7e
-				$c..a1f13ec0
-				$v..4faf78ef
-				if..bc26a713
-				$d..2429d614
-			}..d5d8694c
-..9cfc52ec
-			$co..3c017f35
-			$ph..28722615
-			$ve..3db13cbb
-..9cfc52ec
-			$ve..2e6dd249
-				!S..713e1fac
-				$d..6fdf400a
-				$s..4e0cd18c
-..9cfc52ec
-			if ..d9379973
+			$de..f861c8c3
+			$de..eba9adbc
-				$o..ba434fea
-					'..2240aedc
-					'..fe58da9f
-				];..5b31c06a
+			// ..c91ed439
+			$mo..dd4819a0
-			} e..9da4e5f1
-..9cfc52ec
-				//..da4da442
-				$m..99f18dbf
-..9cfc52ec
-				//..2f5aa7f9
-				$r..2a3c8562
-				$o..ba434fea
-					'..91b579cc
-					'..0883ae8f
-				];..5b31c06a
-..9cfc52ec
-			}..d5d8694c
+			// ..6f5cd215
+			$re..9c1ed930
+			$ou..533590de
+				'r..d943437e
+				'r..53374fa9
+			];..d22ea8c6
+} catc..c969d348
+	$outp..97eaf9c1
+		'res..1028e202
+		'mes..56dcd264
+	];..9a14db56
-	 * @r..4bf977ec
+	 * @r..4b3a5b5d
-		retu..76fb7ec7
+		retu..fc8316cc
+use Et..1f408b36
-		$thi..09dfd088
+		$sho..4df0c2ae
+		$thi..6cb49f6c
-		$db-..87969d52
-		retu..c0abb655
+		$db-..e307f2d7
+		retu..33070f9c
+..aab74469
+..aab74469
+	publi..108142fb
+	{..47378d54
+..aab74469
+		if (..46c679df
+			ret..e6c25cec
+..aab74469
+		if (..5187f85b
+			thr..715826e2
+..aab74469
+		$cha..5d1130d5
+		arra..dfe6e126
+..aab74469
+		$val..7e2b3f8f
+			$ms..ac708bad
+			$si..3a215acc
+			$ad..1afdd014
+		);..de5b1d65
+..aab74469
+		if (..35d8e243
+			thr..715826e2
+..aab74469
+		$thi..08920b73
+..aab74469
+	}..f7233e1d
+..aab74469
+	/**..ce083d80
+	 * @p..718ed71e
+	 * @t..d0fe43bb
+	 */..ae2af955
+	publi..f46fe63e
+	{..47378d54
+..aab74469
+		if (..7d20ab90
+			ret..e6c25cec
+..aab74469
+		if (..5933d93f
+			ret..e6c25cec
+..aab74469
+		$cou..d4574411
+		$pho..80bf4c42
+		$ver..0da4080f
+..aab74469
+		$sms..09667e63
+..aab74469
+	}..f7233e1d
-		$att..7bd80293
+		$att..59e4e696
+		arra..b0fafaf7
-	publi..2bc954ab
+	publi..270a009c
-			->w..4ebc140c
+			->w..8b706cab
+	 * @p..ae7643ae
+	 * @p..1c8322e0
+	 * @r..6b913c69
+	 * @t..d0fe43bb
+	 */..ae2af955
+	publi..7f747fe7
+..aab74469
+		$ch ..28fb945b
+		curl..715dc84f
+			CUR..03bd7c96
+			CUR..e5db28ca
+				"X..b076e19c
+				"A..99f792f4
+			]..c11b8d17
+		]);..9752771f
+..aab74469
+		try ..8af143ba
+..aab74469
+			$ur..fad3a42c
+			$id..27264927
+			$in..8af9e296
+			cur..b4627cab
+..aab74469
+			arr..6cb3cede
+..aab74469
+			$bo..8043c4e4
+			$en..ba60b7de
+..aab74469
+			if ..048a7bcd
+				th..098aae9f
+..aab74469
+			if ..5a907ec7
+				th..aea8ba0e
+..aab74469
+			$re..37d512f3
+..aab74469
+			if ..912c4290
+				th..521bf07b
+..aab74469
+			arr..03d8586b
+..aab74469
+			ret..7aa844d9
+..aab74469
+		} fi..d5eb8e26
+			cur..e2ec1c88
+		}..8c8ca0ec
+..aab74469
+	}..f7233e1d
+..aab74469
+	/**..ce083d80
--- /de..3cccad27
+<?php..623203c7
+..aab74469
+namesp..bc04db14
+..aab74469
+use Ex..b80cbbcb
+..aab74469
+class ..f6f5f8fa
+..aab74469
+	/**..ce083d80
+	 * @r..5741cf22
+	 * @t..d0fe43bb
+	 */..ae2af955
+	priva..613fe25b
+..aab74469
+		if (..23341444
+			thr..9b4f7013
+		$ite..1007cd68
+..aab74469
+		// i..0dc0d100
+		if (..c7e44896
+			thr..9d62364f
+..aab74469
+		retu..21987207
+..aab74469
+	}..f7233e1d
+..aab74469
+	/**..ce083d80
+	 * @p..90c3f5c7
+	 * @r..b26f3734
+	 */..ae2af955
+	priva..9dcbc192
+..aab74469
+		$nft..d290d0e0
+		$isN..e2e7d93e
+		retu..eaa189e4
+..aab74469
+	}..f7233e1d
+..aab74469
+	/**..ce083d80
+	 * @p..90c3f5c7
+	 * @r..5741cf22
+	 */..ae2af955
+	priva..825398b6
+		retu..94e6293c
+	}..f7233e1d
+..aab74469
+	/**..ce083d80
+	 * @r..4b3a5b5d
+	 * @t..d0fe43bb
+	 */..ae2af955
+	priva..d467d783
+..aab74469
+		$ite..31984b06
+		if (..7b4745d2
+			$it..2a66a022
+		}..8c8ca0ec
+..aab74469
+		$db ..6aa2dfa0
+		$sel..a2386186
+			->j..96d238a9
+			->w..24d4b371
+			->l..e9490d57
+..aab74469
+		retu..548e5091
+..aab74469
+	}..f7233e1d
+..aab74469
+	/**..ce083d80
+	 * @p..5f9cc09b
+	 * @r..4b3a5b5d
+	 * @t..d0fe43bb
+	 */..ae2af955
+	publi..48c7d3a5
+..aab74469
+		$row..5fd1d8c8
+		$has..c3f2157b
+..aab74469
+		$out..6d47698a
+		if (..519cc929
+			$ou..77a39f27
+..aab74469
+		retu..06949865
+..aab74469
+	}..f7233e1d
+..aab74469
+	/**..ce083d80
+	 * @p..5f9cc09b
+	 * @r..4b3a5b5d
+	 * @t..d0fe43bb
+	 */..ae2af955
+	publi..8fa2087b
+..aab74469
+		if (..e265e22d
+			thr..6e5e18b8
+		$dev..fc5b0eaa
+		retu..b7d560a7
+..aab74469
+	}..f7233e1d
+..aab74469
+	/**..ce083d80
+	 * @p..718ed71e
+	 * @p..5f9cc09b
+	 * @r..4b3a5b5d
+	 * @t..d0fe43bb
+	 */..ae2af955
+	publi..4dc8a558
+..aab74469
+		// C..1dca7a6d
+		if (..be9451b9
+			$_P..b99c7240
+..aab74469
+		if (..c078259d
+			thr..6e5e18b8
+..aab74469
+		$ite..31984b06
+		$isN..93cbec8b
+		$nft..be3450f1
+..aab74469
+		$add..7bd07e87
+		if (..4a8380f2
+			thr..5ceea251
+..aab74469
+		$dev..fc5b0eaa
+..aab74469
+		$dev..8838407a
+		$dev..4d955df8
+..aab74469
+		$bal..13a74c36
+		if (..d1ea9cf2
+			thr..b1c8af98
+..aab74469
+		$rev..c46f43a4
+		if (..681ff49d
+			thr..a7dfdac1
+..aab74469
+		$rev..a9d9776b
+..aab74469
+		$pre..d7de382f
+		if (..954a26d1
+			arr..256f2638
+			ret..b8239b32
+		}..8c8ca0ec
+..aab74469
+		$db ..6aa2dfa0
+		$db-..2f496a53
+..aab74469
+		$row..b0bc0edb
+			'..4d933f9c
+			sel..cacb5e56
+			fro..a2938106
+			whe..ee1bfeba
+			  a..e8b003da
+			   ..f3e7ab02
+			   ..4a92a3d8
+			   ..f7832732
+			   ..135800e5
+			ord..b00d3ce3
+			   ..6e165ef4
+			lim..eaa995c3
+			for..5fc5e7ef
+			[..a425cdfc
+				$r..482ab17b
+				$i..7302440d
+			])-..a9f4224f
+..aab74469
+		if (..61bb6ffd
+			thr..7b9df39b
+..aab74469
+		$val..c1f7527f
+		$rev..20d259c2
+..aab74469
+		$db-..f98e9edc
+			'ai..073b3a0e
+			['r..38b85461
+			['r..9d598bf9
+		);..de5b1d65
+..aab74469
+		$dev..507da94d
+..aab74469
+		$db-..1f9fd64c
+..aab74469
+		retu..058889c0
+			'im..35088a2c
+			'de..50b78b23
+			'co..36f5e098
+			'te..64629ac4
+		];..cf18404e
+	}..f7233e1d
+..aab74469
+	/**..ce083d80
+	 * @p..aadcd0fe
+	 * @p..1e476460
+	 * @p..90c3f5c7
+	 * @r..4b3a5b5d
+	 * @t..d0fe43bb
+	 */..ae2af955
+	priva..79dd78ec
+..aab74469
+		$isN..93cbec8b
+		$nft..be3450f1
+..aab74469
+		$db ..6aa2dfa0
+		$sel..32d7991c
+			->j..dc07e5af
+			->j..0b96ca69
+			->w..a07d74af
+				'a..526d9579
+				'd..dd270e7e
+				'r..3ae40957
+			]);..9a05a113
+..aab74469
+		$row..6523d6e8
+..aab74469
+		if (..61bb6ffd
+			ret..d84f85c2
+..aab74469
+		$res..acb1d204
+..aab74469
+		fore..bd01d687
+			if ..705bc996
+				$r..67da60a6
+				br..381bc512
+			}..7fe615d2
+		}..8c8ca0ec
+..aab74469
+		retu..058889c0
+			'im..7a0c5bbf
+			'de..a185f578
+			'co..e981bcc2
+			'te..7bdd7fd2
+		];..cf18404e
+..aab74469
+	}..f7233e1d
+..aab74469
+}..a475e124
-		$cou..a876caf3
+		$cou..08c7510b
-	 * @r..c9b5e9de
-			ret..80b16562
+			thr..95da0233
-..9cfc52ec
-		retu..432cd98b
-		$ver..a0935d81
+		$ver..f0a284a7
-		retu..5d23a98c
+		retu..18e527d3
--- /de..3cccad27
+<?php..623203c7
+..aab74469
+..aab74469
+namesp..bc04db14
+..aab74469
+..aab74469
+use Ex..b80cbbcb
+..aab74469
+..aab74469
+class ..ec511e3c
+..aab74469
+	publi..9adcdea5
+	{..47378d54
+		pare..9f615a48
+	}..f7233e1d
+..aab74469
+}..a475e124