--- /de..63bc2280
+CREATE..746c3547
+(..78bf3a50
+  `rev..10bea002
+  `ite..8c8dad02
+  `rev..b7a5242b
+  `rev..a6191f90
+  `rev..d6a0f4d6
+  `rev..1b83c4b8
+);..0d3e010b
+..6602c012
+CREATE..354560c0
+(..78bf3a50
+  `rev..7932a17b
+  `rev..8bc98bb6
+  `rev..2b7b36de
+  `rev..b8cbe3ce
+  `rev..861faeea
+  `dev..6577fe8b
+  UNIQ..c1d8b533
+);..0d3e010b
--- /de..63bc2280
+import..1b21f397
+import..f8b571ef
+import..5c6bc821
+import..ef7a309f
+import..5ffc6e6d
+..6602c012
+from t..6534a237
+import..51078ad3
+..6602c012
+from u..8e3609de
+..6602c012
+..6602c012
+######..1951dea6
+def ma..1fbc9195
+..6602c012
+    co..75798cb5
+    db..6bb9adf4
+..6602c012
+    if..9b9837c3
+      ..d6d02b25
+      ..b7362870
+..6602c012
+    fo..0e77ecba
+      ..2555390c
+      ..641f6a50
+      ..98772085
+      ..f0625e3c
+      ..92b32e85
+      ..4f4966d4
+      ..4dee2ee2
+      ..fab2141e
+      ..0c0569c3
+..6602c012
+..6602c012
+def se..76387d5e
+    it..324a91f8
+    it..4be8104c
+..6602c012
+    bu..a065a177
+..6602c012
+    im..f65e0426
+    if..97145bca
+      ..558d022a
+..6602c012
+    de..83838aa3
+..6602c012
+    de..2b8efaa1
+    if..020efb1f
+      ..25256251
+..6602c012
+    pr..238f8cf4
+..6602c012
+    cu..2f8c5684
+..6602c012
+    cu..8a0b82d4
+      ..b14dfdae
+      ..3d526aa1
+    )..f691c09a
+    re..1bb43356
+..6602c012
+    co..f39ee181
+..6602c012
+    if..0b776d80
+      ..a911e30a
+      ..ab05e124
+      ..1f3c454d
+      ..b76015c0
+      ..bd8ad5e1
+    el..9d7f3292
+      ..179bab64
+      ..ab05e124
+      ..f5b79fff
+      ..d85040ee
+      ..bd8ad5e1
+..6602c012
+..6602c012
+def ge..d54d8372
+    # ..813489c9
+    is..35c44b9c
+..6602c012
+    cu..2f8c5684
+    cu..b5663dbc
+    ro..b0f7f449
+..6602c012
+    if..1d6c543a
+      ..c92f88b8
+      ..12f03c3f
+      ..d5ffa181
+      ..c8889d01
+..6602c012
+    el..ccbfa179
+      ..90c59397
+      ..a46f0cd1
+      ..b3d26f44
+..6602c012
+..6602c012
+######..1951dea6
+if __n..ec9cc5eb
+    ma..ae967ba4
+      ..010bf402