--- /de..dce3112b
+-----B..bf8a34c7
+MIIEow..c251932e
+IsOey5..981c4876
+2Zmr+o..7b5047cc
+g8mqWs..814a2aaa
+5+S9Ga..498d357d
+k6IcCx..796a7494
+EkFTju..9fc94c43
+3Kk6TV..f869e2be
+rzBJHq..3a2521de
+A8HtvW..dd5af396
+Y3isnM..1671787e
+/ssP33..3cbe06c4
+W3qfcS..e7f31380
+Y0uaSD..4b5ef00a
+K3LpMB..74170152
+1K7Koh..003a1eaf
+uXYq1N..7ed9e06b
+YKWDNN..1d0aa6b1
+/suO0l..a9503e51
+IzJQUu..b0a8b282
+aemPlz..f308f94b
+spvWWj..49ef0038
+SpUS1Q..9c68ad0d
+rOmpB3..c018d7b7
+jYU+2g..1ff36192
+-----E..39b96317
-const ..c0313082
+ob_sta..71a24446
+..d99ea72a
-error_..17cffe60
-ini_se..e4afa5b4
-..deac2807
-use Ze..7dec5abd
+use Ai..59e10e90
+use Ai..d4066e3b
+use Ze..8b3c1338
-$hosts..2c3ea3d9
-if (!P..5726b000
-$isAdm..bb1d721a
+$isAdm..0b3535ca
+// Ret..182c4726
+Reques..6565ca2c
+..d99ea72a
-..deac2807
-		    ..de59ff75
-		    ..71309850
-      ..c249a9f6
-      ..15360baa
-      ..4bb2361a
-      ..10a5384a
-      ..6f38908a
-      ..ba31e36d
-      ..248448ec
-      ..09492f13
+			if ..e4a35e1c
+				sw..78bd18f7
+					c..9a3069b1
+						..a6e831e6
+						..8c6863d8
+						..59790108
+					d..f8727945
+						..434ca802
+				}..15b52f99
+			}..3bf64f45
-      ..4de7a28f
-      ..6dc48353
-      ..00ab939b
+			if ..e4a35e1c
+				$j..9fa2ede2
+				if..bc0cb833
-      ..25a19202
-      ..7ce07491
-      ..dbb7c5e1
+				$f..1c9ce570
+				ft..ec3a9070
+				fw..0fe165a9
-      ..25d41157
-      ..a0a60d88
-      ..b7e5e718
+				$c..28317a03
+				$o..06717d28
+				di..1f503f70
-      ..09492f13
+			}..3bf64f45
-					'..3a8607c3
+					'..2860e519
-					'..6f315623
+					'..6c51fab7
-..deac2807
-..deac2807
-		head..460677fb
+		if (..5d6f2972
-header..caf8cdc0
+if (En..be1930f0
+echo j..5ea4d7ec
-if (!P..783f76c9
-	$outp..f85c62cb
+$outpu..0cf24c4e
+ob_end..55ec1862
-die(js..51f509f2
+if (!e..3d9a0b1e
+	$requ..78605ea6
+	if ($..d9018c46
+		head..20334b2c
+		$out..aab985ab
+	} els..bcd4f846
+	echo ..4cc8b6c4
+}..8b51c654
--- /de..dce3112b
+<?php..498bdd24
+..d99ea72a
+namesp..13562995
+..d99ea72a
+class ..c6a3f6f9
+..d99ea72a
+	const..c1217ec0
+	const..ec83a237
+	const..a6561492
+..d99ea72a
+	priva..291447ee
+	priva..f909bc4b
+		self..367449fe
+		self..c70a611f
+		self..88e0fb2a
+	];..b51c70fc
+..d99ea72a
+	publi..b79b6573
+		if (..aa16a468
+		retu..64f1b7bb
+	}..cf068d80
+..d99ea72a
+	priva..e27a9b11
+		// S..dd398c94
+		$hos..661030b2
+..d99ea72a
+		self..e0df055c
+		fore..bb31881f
+			if ..cd80a9b4
+		}..66db3bd2
+..d99ea72a
+		// N..117be366
+		if (..a9075999
+			err..974e6324
+			ini..13c87a75
+		} el..e4b32468
+			err..f91d59bf
+			ini..176a7252
+		}..66db3bd2
+..d99ea72a
+		// T..f2e00042
+		if (..d25f60cf
+	}..cf068d80
+..d99ea72a
+	publi..3668d2b8
+		retu..43d65ffb
+	}..cf068d80
+..d99ea72a
+}..8b51c654
--- /de..dce3112b
+<?php..498bdd24
+..d99ea72a
+namesp..13562995
+..d99ea72a
+class ..792f9f98
+..d99ea72a
+	priva..13d1c3fc
+..d99ea72a
+	publi..b94dd90d
+		retu..a39f22e0
+	}..cf068d80
+..d99ea72a
+	publi..d0829d2d
+		retu..944d0fa1
+	}..cf068d80
+..d99ea72a
+	publi..3c8066ad
+		retu..e92fb603
+	}..cf068d80
+..d99ea72a
+	publi..063a04c9
+		if (..430f0812
+		retu..c2f15fa5
+	}..cf068d80
+..d99ea72a
+	publi..e48f7a00
+		if (..cbee9500
+			$bo..83b49b40
+			if ..a0fdb21b
+				se..9c3cb757
+				$b..152bcbde
+				$b..69e2b7b6
+			} e..98e0ad75
+..d99ea72a
+			if ..c871dea5
+				$_..3c438b19
+			}..3bf64f45
+		}..66db3bd2
+..d99ea72a
+		retu..12e38a67
+	}..cf068d80
+..d99ea72a
+	priva..ef72e915
+		$key..231fc1b7
+		if (..7b6973c4
+..d99ea72a
+		open..b6352ab4
+		retu..632f235f
+	}..cf068d80
+..d99ea72a
+	publi..2782da13
+		$iv ..556adccb
+		retu..d6a8bf6e
+	}..cf068d80
+..d99ea72a
+	priva..e8df5b12
+		$cip..01c88f71
+		$iv ..e7a3125f
+		$iv ..fd840974
+		$cip..f955a6f3
+..d99ea72a
+		retu..d9c6cb88
+	}..cf068d80
+..d99ea72a
+}..8b51c654