-..187d3084
+$path ..0811640c
+$isAdm..87f2a0f6
+$path ..319d580e
+	} els..6f712c90
+		if (..2af39409
+			glo..4f934a79
+			$te..5ffc6e38
+			req..3cdf2cc9
+		} el..bd8cea56
+..4006b433
+		} el..7e43f91a
+			glo..25a840b0
+			glo..52e3306d
+			$te..93ef0c17
+			$te..4d9dc010
+			req..3f383207
+		}..1758cbb4
+..4006b433
+		exit..026d20cd
-  add ..2159100c
+  add ..fb6022c3
+  add ..66949f9b
+  add ..088711b8
+	publi..b27eaac3
+	{..3b5b49f8
+		$db ..164b0969
+		$sel..95a32230
+      ..e5936dd6
+      ..e6294f66
+		retu..760a7682
+	}..9340733d
+..4006b433
+	/**..8792512d
+	 * @p..d93e50e9
+	 * @r..5aaeda89
+	 * @t..16ca40b3
+	 */..590077bf
+      ..00f0d513
+      ..d6fea149
+      ..a5e1cb33
+      ..e6e3e067
+      ..1c3709b8
+      ..a5e1cb33
--- /de..d19bb8ff
+<!doct..58323629
+<html ..4adc27b0
+..4006b433
+<head>..a0233e39
+    <m..72084206
+    <m..b864c861
+    <m..a3724b7a
+..4006b433
+    <t..1d2c41d8
+..4006b433
+    <s..f96fb30c
+      ..266c918c
+      ..c837f409
+      ..ff6d7a2a
+      ..f1d9360a
+      ..76fbcc17
+      ..2461d1eb
+      ..f8297608
+      ..22a1e561
+      ..8f0635a2
+      ..3faf9f94
+      ..0b69e8c1
+      ..76fbcc17
+      ..4e1ef9f2
+      ..d13ba02a
+      ..f8297608
+      ..b30e2440
+      ..76fbcc17
+      ..7fc9fe9b
+      ..625e5e70
+      ..76fbcc17
+..4006b433
+      ..2487c071
+      ..9e577a79
+      ..37bc1610
+      ..76fbcc17
+      ..f7878ffb
+      ..b8ffe7f3
+      ..05a8f472
+      ..76fbcc17
+      ..9517965b
+      ..b65d5c1d
+      ..8876df83
+      ..7e878a5f
+      ..76fbcc17
+    </..0ed2b06b
+</head..85897d8f
+..4006b433
+<body>..236bd1f6
+..4006b433
+<h1>Co..87b905ed
+..4006b433
+<div i..df74e9c2
+    <f..e34c84b2
+      ..c60543d1
+    </..0470ca00
+</div>..d91f308a
+..4006b433
+<div i..525856d9
+    <t..517dec8b
+      ..86ab1e25
+      ..87c42897
+      ..ab86b5be
+      ..da9f8772
+      ..6ce73f2b
+      ..ada0440c
+      ..3c8e6e67
+      ..f54ff317
+      ..61cf12a6
+      ..142b75bf
+      ..d10f9d36
+      ..5e55a206
+      ..86ab1e25
+      ..9a5b2e76
+      ..933b3760
+      ..d8c9b1ed
+      ..623f7d96
+      ..0671944a
+      ..321f509e
+      ..163db9ad
+      ..dfd5e3fe
+      ..14c053cd
+      ..e10bd05f
+      ..5e55a206
+    </..55b971a2
+..4006b433
+    <h..ea1f1420
+    <t..f266114a
+      ..86ab1e25
+      ..87c42897
+      ..825f7f3a
+      ..4b287e68
+      ..120cfd37
+      ..1d3c887d
+      ..5e55a206
+      ..339738a1
+      ..3f9e3c53
+      ..93f9bfb6
+      ..834e976c
+      ..6e21d05a
+      ..bb36f21b
+      ..0870a7d6
+      ..b0f61d23
+      ..3b7abdf0
+    </..55b971a2
+</div>..d91f308a
+..4006b433
+<scrip..d50328a2
+</body..398ec6e5
+..4006b433
+</html..0571203c
--- /de..d19bb8ff
+<!doct..58323629
+<html ..4adc27b0
+..4006b433
+<head>..a0233e39
+    <m..72084206
+    <m..b864c861
+    <m..a3724b7a
+..4006b433
+    <t..083d53fc
+..4006b433
+    <s..f96fb30c
+      ..266c918c
+      ..60b88343
+      ..ff6d7a2a
+      ..f1d9360a
+      ..76fbcc17
+      ..2461d1eb
+      ..f8297608
+      ..22a1e561
+      ..8f0635a2
+      ..3faf9f94
+      ..0b69e8c1
+      ..76fbcc17
+      ..4e1ef9f2
+      ..d13ba02a
+      ..f8297608
+      ..b30e2440
+      ..76fbcc17
+      ..7fc9fe9b
+      ..625e5e70
+      ..76fbcc17
+..4006b433
+      ..938b623b
+      ..9e577a79
+      ..37bc1610
+      ..76fbcc17
+      ..9a74d20d
+      ..267c633a
+      ..05a8f472
+      ..76fbcc17
+      ..9d825718
+      ..a6c34bec
+      ..8876df83
+      ..7e878a5f
+      ..76fbcc17
+    </..0ed2b06b
+</head..85897d8f
+..4006b433
+<body>..236bd1f6
+..4006b433
+<h1>Ad..bf087d6e
+..4006b433
+<div i..df74e9c2
+    <f..2d7c3fc3
+      ..6261cdf8
+      ..fcbcc3d2
+      ..acd2efd7
+    </..0470ca00
+</div>..d91f308a
+..4006b433
+<div i..525856d9
+    <t..d596b343
+      ..86ab1e25
+      ..87c42897
+      ..ab86b5be
+      ..da9f8772
+      ..6ce73f2b
+      ..ada0440c
+      ..3c8e6e67
+      ..f54ff317
+      ..61cf12a6
+      ..142b75bf
+      ..d10f9d36
+      ..5e55a206
+      ..df4f5bf6
+      ..3f9e3c53
+      ..e90fe877
+      ..152ca8aa
+      ..6b4215e8
+      ..63953aa3
+      ..dfbb06d8
+      ..8b3dd8fe
+      ..db2b2f9e
+      ..53166398
+      ..7a508b35
+      ..d0bd922a
+      ..b0f61d23
+      ..3b7abdf0
+    </..55b971a2
+</div>..d91f308a
+..4006b433
+<scrip..d50328a2
+</body..398ec6e5
+..4006b433
+</html..0571203c
+      ..b850aa4b
+      ..b850aa4b
-      ..f30def3c
+      ..4baf86b4
+      ..a624e341
+      ..7332a0a8