-..2fcd3e88
+$path ..434f4b07
+$isAdm..e7aa2dc1
-	} els..212aadd7
-      ..b88c8ef9
-      ..d57e502e
-      ..39b68fce
-      ..04affd43
-..2fcd3e88
-    } ..e3642300
-..2fcd3e88
-    } ..8103baac
-      ..500dd27f
-      ..8b181985
-	    $..3fb07f5c
-      ..bdd1df44
-      ..05fd5f53
-      ..04affd43
-..2fcd3e88
-    } ..024ba274
+	} els..0365bffe
+		if (..bb3423a0
+			glo..af2543dc
+			$te..7799c7d1
+			req..51aeae63
+		} el..e0f929aa
+..c3bcf67d
+		} el..4d9a15cc
+			glo..04a27665
+			glo..6547f224
+			$te..f42e41fa
+			$te..a8efe168
+			req..3f19440f
+		}..6d55838d
+..c3bcf67d
+		exit..5135a150
+	} els..23e0ce14
+++ /de..73a63305
-<!doct..36aa910b
-<html ..154d3ec9
-..2fcd3e88
-<head>..f61d00fb
-    <m..d498fba1
-    <m..a8549a9f
-    <m..d1918ff2
-..2fcd3e88
-    <t..3366f352
-..2fcd3e88
-    <s..14914072
-      ..fde5d143
-      ..be1e663f
-      ..bac92202
-      ..1f2bf7e5
-      ..833f9f6f
-      ..1a60d47d
-      ..af0997fc
-      ..8837bdd4
-      ..38b196f6
-      ..9eb57404
-      ..88eec3fe
-      ..833f9f6f
-      ..70363278
-      ..80276d6c
-      ..af0997fc
-      ..5786dcba
-      ..833f9f6f
-      ..e2f8eee3
-      ..e089205b
-      ..833f9f6f
-..2fcd3e88
-      ..d8120a39
-      ..551cee15
-      ..d3cbe5fe
-      ..833f9f6f
-      ..b9bdfd76
-      ..21ef2b5e
-      ..f7d51b77
-      ..833f9f6f
-      ..6755ef7b
-      ..9aea4992
-      ..fffc1a7c
-      ..32c7b140
-      ..833f9f6f
-    </..e57c0c55
-</head..b6909f6b
-..2fcd3e88
-<body>..d9957c33
-..2fcd3e88
-<h1>Co..354a7c0e
-..2fcd3e88
-<div i..5dcf5a6b
-    <f..4573f1de
-      ..b03d703b
-    </..e38c2e1d
-</div>..610bccff
-..2fcd3e88
-<div i..7cb8f68b
-    <t..fd1622bc
-      ..3fcd26a3
-      ..6431ce0a
-      ..f11d4562
-      ..e0a94c68
-      ..13e47942
-      ..08525b40
-      ..6a1199b0
-      ..e2671824
-      ..ab86e36f
-      ..846c0d7a
-      ..59b898f7
-      ..8add35cf
-      ..3fcd26a3
-      ..4c28b02b
-      ..cb1a77cf
-      ..c4047dd2
-      ..4555306a
-      ..d84dd950
-      ..1fde0b19
-      ..2848350a
-      ..8ac2c7d8
-      ..94bb2f5a
-      ..12d2276b
-      ..8add35cf
-    </..ecd2512c
-..2fcd3e88
-    <h..40351e2b
-    <t..f3257b23
-      ..3fcd26a3
-      ..6431ce0a
-      ..da80a710
-      ..d9de5f59
-      ..ccba7fb0
-      ..69322086
-      ..8add35cf
-      ..e2f1882e
-      ..7d4f2f58
-      ..9ed480e9
-      ..3906e932
-      ..29fbfd33
-      ..db877e3e
-      ..b0dcb033
-      ..2f2cda18
-      ..1ddeaff6
-    </..ecd2512c
-</div>..610bccff
-..2fcd3e88
-<scrip..49974634
-</body..35cacea7
-..2fcd3e88
-</html..bd9f6b8c
+++ /de..73a63305
-<!doct..36aa910b
-<html ..154d3ec9
-..2fcd3e88
-<head>..f61d00fb
-    <m..d498fba1
-    <m..a8549a9f
-    <m..d1918ff2
-..2fcd3e88
-    <t..a2870e48
-..2fcd3e88
-    <s..14914072
-      ..fde5d143
-      ..2abdb383
-      ..bac92202
-      ..1f2bf7e5
-      ..833f9f6f
-      ..1a60d47d
-      ..af0997fc
-      ..8837bdd4
-      ..38b196f6
-      ..9eb57404
-      ..88eec3fe
-      ..833f9f6f
-      ..70363278
-      ..80276d6c
-      ..af0997fc
-      ..5786dcba
-      ..833f9f6f
-      ..e2f8eee3
-      ..e089205b
-      ..833f9f6f
-..2fcd3e88
-      ..56049866
-      ..551cee15
-      ..d3cbe5fe
-      ..833f9f6f
-      ..28c3838d
-      ..c6e94bec
-      ..f7d51b77
-      ..833f9f6f
-      ..201bc53e
-      ..7b9c9e6b
-      ..fffc1a7c
-      ..32c7b140
-      ..833f9f6f
-    </..e57c0c55
-</head..b6909f6b
-..2fcd3e88
-<body>..d9957c33
-..2fcd3e88
-<h1>Ad..855e35c5
-..2fcd3e88
-<div i..5dcf5a6b
-    <f..4573f1de
-      ..cc2e8804
-      ..37a9ca2b
-      ..93690318
-    </..e38c2e1d
-</div>..610bccff
-..2fcd3e88
-<div i..7cb8f68b
-    <t..9b7ecf13
-      ..3fcd26a3
-      ..6431ce0a
-      ..f11d4562
-      ..e0a94c68
-      ..13e47942
-      ..08525b40
-      ..6a1199b0
-      ..e2671824
-      ..ab86e36f
-      ..846c0d7a
-      ..59b898f7
-      ..8add35cf
-      ..99ee0c5b
-      ..7d4f2f58
-      ..5cdb2167
-      ..0baa9fa0
-      ..a4e88ba8
-      ..2ce986a6
-      ..ff705a7d
-      ..2f49ce26
-      ..07765c13
-      ..8e201d62
-      ..f285f744
-      ..74ff896c
-      ..2f2cda18
-      ..1ddeaff6
-    </..ecd2512c
-</div>..610bccff
-..2fcd3e88
-<scrip..49974634
-</body..35cacea7
-..2fcd3e88
-</html..bd9f6b8c
--- /de..a49ac808
+<!doct..c4a81782
+<html ..e9ef12cc
+..c3bcf67d
+<head>..cbfb1742
+    <m..1765fc0a
+    <m..28ae37c4
+    <m..967cda2c
+..c3bcf67d
+    <t..6350af6c
+..c3bcf67d
+    <s..491ade19
+      ..32c0059c
+      ..1e8f1a40
+      ..ca8e2414
+      ..d404374f
+      ..c1bea51d
+      ..4da56a87
+      ..fef2fc62
+      ..90973690
+      ..b5b608c1
+      ..8534e44f
+      ..ab30d536
+      ..c1bea51d
+      ..eb087847
+      ..2e45f2d6
+      ..fef2fc62
+      ..f020ee34
+      ..c1bea51d
+      ..e0b1993c
+      ..2ba6cd71
+      ..c1bea51d
+..c3bcf67d
+      ..3a2f47ca
+      ..6eb85500
+      ..52675fd9
+      ..c1bea51d
+      ..ff804bc2
+      ..59588806
+      ..6faccab0
+      ..c1bea51d
+      ..7982a976
+      ..282c1cde
+      ..30e1ae0d
+      ..beb0abdb
+      ..c1bea51d
+    </..572a191c
+</head..8a6d5483
+..c3bcf67d
+<body>..909270c3
+..c3bcf67d
+<h1>Co..3e7c3608
+..c3bcf67d
+<div i..ac553da0
+    <f..f6ccce7f
+      ..51ddb2e8
+    </..c1b89097
+</div>..790350fa
+..c3bcf67d
+<div i..cad456cf
+    <t..dfc34b86
+      ..247fb447
+      ..cee07279
+      ..f742f86b
+      ..46bf96c9
+      ..8a901465
+      ..7091e671
+      ..cd852431
+      ..fc1c799c
+      ..bb758295
+      ..52c86997
+      ..4510dd9c
+      ..0a5ba70f
+      ..247fb447
+      ..74fa80fb
+      ..347df7ce
+      ..4aad16a5
+      ..eabca69f
+      ..e129edc8
+      ..1e42e92a
+      ..c73a19a0
+      ..f079d5c5
+      ..50b7d9b2
+      ..6d8cf6e3
+      ..0a5ba70f
+    </..6f276c27
+..c3bcf67d
+    <h..d24ca9f2
+    <t..d706b21b
+      ..247fb447
+      ..cee07279
+      ..604caa01
+      ..233889ac
+      ..4b42d2fe
+      ..c9241478
+      ..0a5ba70f
+      ..283fbf06
+      ..2b01ca8f
+      ..27691232
+      ..10b66b2d
+      ..a64e4619
+      ..d4cbcf67
+      ..3677b56a
+      ..c52a4d30
+      ..8ff87743
+    </..6f276c27
+</div>..790350fa
+..c3bcf67d
+<scrip..da0a7eb9
+</body..4a7dd8b0
+..c3bcf67d
+</html..a732e52e
--- /de..a49ac808
+<!doct..c4a81782
+<html ..e9ef12cc
+..c3bcf67d
+<head>..cbfb1742
+    <m..1765fc0a
+    <m..28ae37c4
+    <m..967cda2c
+..c3bcf67d
+    <t..e738e245
+..c3bcf67d
+    <s..491ade19
+      ..32c0059c
+      ..665509b6
+      ..ca8e2414
+      ..d404374f
+      ..c1bea51d
+      ..4da56a87
+      ..fef2fc62
+      ..90973690
+      ..b5b608c1
+      ..8534e44f
+      ..ab30d536
+      ..c1bea51d
+      ..eb087847
+      ..2e45f2d6
+      ..fef2fc62
+      ..f020ee34
+      ..c1bea51d
+      ..e0b1993c
+      ..2ba6cd71
+      ..c1bea51d
+..c3bcf67d
+      ..c942e31b
+      ..6eb85500
+      ..52675fd9
+      ..c1bea51d
+      ..5e289fe0
+      ..e4bed086
+      ..6faccab0
+      ..c1bea51d
+      ..1765a536
+      ..a9a2c59d
+      ..30e1ae0d
+      ..beb0abdb
+      ..c1bea51d
+    </..572a191c
+</head..8a6d5483
+..c3bcf67d
+<body>..909270c3
+..c3bcf67d
+<h1>Ad..ec71bf47
+..c3bcf67d
+<div i..ac553da0
+    <f..d384dabf
+      ..efd3aa83
+      ..00332255
+      ..28e4f38e
+    </..c1b89097
+</div>..790350fa
+..c3bcf67d
+<div i..cad456cf
+    <t..5383e0a8
+      ..247fb447
+      ..cee07279
+      ..f742f86b
+      ..46bf96c9
+      ..8a901465
+      ..7091e671
+      ..cd852431
+      ..fc1c799c
+      ..bb758295
+      ..52c86997
+      ..4510dd9c
+      ..0a5ba70f
+      ..1dc8452f
+      ..2b01ca8f
+      ..6add11d9
+      ..84d7c568
+      ..d93fd5e4
+      ..23681248
+      ..5d102af0
+      ..35f77bc7
+      ..58b4aba9
+      ..4b775d9a
+      ..a480ee59
+      ..db6c3df3
+      ..c52a4d30
+      ..8ff87743
+    </..6f276c27
+</div>..790350fa
+..c3bcf67d
+<scrip..da0a7eb9
+</body..4a7dd8b0
+..c3bcf67d
+</html..a732e52e