--- /de..bf12a64c
+compos..1e1cdcbb
+/vendo..053554fe
+compos..c3593f78
+/.idea..7ee52bf6
--- /de..bf12a64c
+{..70f78095
+    "r..25ff4400
+      ..4af43971
+      ..0c925783
+      ..81c4f3cc
+      ..107457d7
+    }..04d1707c
+}..b82c3e61
--- /de..bf12a64c
+{..70f78095
+  "dat..0c3244cf
+    "h..4a6833e6
+    "d..82950d7c
+    "u..b2ae0761
+    "p..a339ca94
+  },..e69a4b11
+..2aafcbea
+  "wal..c5203956
+    "0..e07c9dc2
+      ..662d32cd
+    }..04d1707c
+  }..658cfda8
+}..b82c3e61
--- /de..bf12a64c
+<?php..dba90b86
+..2aafcbea
+namesp..11b91f11
+..2aafcbea
+use Ex..5b38a859
+use Ze..57587cd8
+..2aafcbea
+try {..df9f6f57
+    $m..b59a5efa
+    $r..22d90291
+..2aafcbea
+    $c..403fc7f0
+..2aafcbea
+    if..2bc119ec
+..2aafcbea
+    }..04d1707c
+    el..2787e5e7
+..2aafcbea
+    }..04d1707c
+..2aafcbea
+} catc..a9a3d173
+..2aafcbea
+}..b82c3e61
--- /de..bf12a64c
+DROP T..d023e073
+CREATE..116a73a5
+	`code..d61470ef
+	`code..0682478d
+	`rede..4706ca66
+	`rede..796575cd
+	`rede..6d3f4c00
+	`back..9c971afa
+	`star..963f096f
+	`end_..aef41dfd
+	`mult..0d65a466
+	PRIMA..d6224e8f
+	UNIQU..df740870
+) ENGI..85fdcc96
+..2aafcbea
+DROP T..b32349a9
+CREATE..e6885e98
+	`code..d61470ef
+	`item..c235a406
+	`quan..4243c3dc
+	PRIMA..9830c462
+) ENGI..85fdcc96
+..2aafcbea
+DROP T..f5aa1011
+CREATE..5b92e05c
+	`code..9cc4eb21
+--	`wa..c638b0ca
+	`ethe..e88403cd
+	`time..8fe9f284
+	`ip_a..f8afd020
+	PRIMA..d6224e8f
+	KEY (..69715da7
+	KEY (..4d5802e8
+	KEY (..1817199c
+) ENGI..85fdcc96
+..2aafcbea
+..2aafcbea
+..2aafcbea
+..2aafcbea
--- /de..bf12a64c
+<?php..dba90b86
+..2aafcbea
+namesp..11b91f11
+..2aafcbea
+use Ze..b716eb8f
+use Ze..cd1c0dfb
+..2aafcbea
+class ..9156ddae
+{..70f78095
+    pu..aa3829d9
+    pu..c27aa79f
+    pr..eacd3b92
+    pr..6ecb13cf
+..2aafcbea
+    pu..039f60d5
+    {..9659c39d
+      ..76808641
+      ..6e543feb
+      ..37abcdf9
+..2aafcbea
+      ..60134e74
+      ..ce660311
+      ..e5486b6b
+      ..60d5865d
+      ..cba7d04c
+      ..3f062330
+      ..56cfcb09
+      ..e336312c
+..2aafcbea
+      ..7b43fb32
+      ..e1a8a1f3
+..2aafcbea
+      ..ca206c67
+    }..04d1707c
+..2aafcbea
+    pu..e8157e58
+      ..c8ecef7c
+      ..dfcc2388
+      ..c91a340f
+      ..c5803ad8
+      ..d7029d56
+    }..04d1707c
+..2aafcbea
+    pu..98b57399
+      ..817761d3
+    }..04d1707c
+..2aafcbea
+    pu..8bebdff5
+      ..ffce1222
+      ..b7fcfa00
+      ..d9645051
+      ..68346ccc
+    }..04d1707c
+..2aafcbea
+    pu..52741516
+      ..4f316507
+    }..04d1707c
+..2aafcbea
+    pu..c5bbe0ee
+      ..ac6e90bd
+      ..8f358719
+    }..04d1707c
+..2aafcbea
+    pu..6819a285
+      ..d085897b
+      ..8b967f97
+    }..04d1707c
+..2aafcbea
+    pu..6e261066
+      ..db61199d
+      ..8b967f97
+    }..04d1707c
+..2aafcbea
+    pu..a8e11412
+      ..8133a7b6
+    }..04d1707c
+}..b82c3e61
--- /de..bf12a64c
+<?php..dba90b86
+..2aafcbea
+namesp..11b91f11
+..2aafcbea
+use Ex..5b38a859
+use Mo..f73e97b7
+..2aafcbea
+class ..1d0a6d38
+{..70f78095
+    pu..516331a2
+    {..9659c39d
+      ..075cad46
+..2aafcbea
+      ..e1a8a1f3
+      ..4650c1d0
+      ..91735fb5
+      ..0c72aaf6
+      ..f7f0718f
+      ..aa30bc9d
+      ..de2590cb
+      ..ed377e39
+      ..4129e13d
+      ..1d2d4199
+      ..ed377e39
+      ..e1a8a1f3
+..2aafcbea
+      ..7ddf86f5
+    }..04d1707c
+..2aafcbea
+    /*..172fb913
+     *..42bac1e8
+     *..79aa0965
+     *..59dff55e
+     *..c263f462
+    pu..644e83b3
+    {..9659c39d
+      ..cdaff20d
+    }..04d1707c
+..2aafcbea
+    pu..42804eeb
+      ..447549f4
+      ..2ac64745
+..2aafcbea
+      ..a4dedd86
+      ..72072fe2
+..2aafcbea
+      ..dc18da08
+      ..a1242151
+..2aafcbea
+      ..2435ee41
+      ..885b18b8
+..2aafcbea
+      ..77dcafd2
+      ..4662d67e
+      ..b474bfc7
+      ..98751797
+..2aafcbea
+      ..a2a3326b
+      ..8d347136
+..2aafcbea
+      ..d68fa079
+      ..3b5670d8
+      ..e024d747
+      ..42403469
+      ..e1a8a1f3
+..2aafcbea
+      ..ac726652
+      ..c3b96447
+      ..a2b71814
+      ..77a4dadf
+      ..e1a8a1f3
+    }..04d1707c
+..2aafcbea
+    pu..9ccc4639
+      ..3ff07e0b
+      ..09d1438b
+      ..ff992c2a
+      ..42b0e4a6
+    }..04d1707c
+..2aafcbea
+    pu..c65dcc6d
+      ..3ff07e0b
+      ..7943249d
+      ..6e7a381f
+      ..393b5334
+    }..04d1707c
+..2aafcbea
+    pu..ab36bd2f
+      ..3ff07e0b
+      ..f54bd737
+      ..6e7a381f
+      ..393b5334
+    }..04d1707c
+}..b82c3e61