-	<link..3ad5ca64
+	<link..52db9a7b
-	<div ..6a143da5
+	<div ..bc944aeb
-						..6a07565b
+						..acc4a225
-					<..52781a2a
-						..1bdab1d7
-						..63693c46
-						..52ef1d69
-						..c4eac73e
-						..df1163f3
-						..22e0c937
-						..23537df5
-						..4c9d24ca
-						..277d71ea
-						..6e94965f
-					<..4b3f8431
-					<..d012ea21
-						..daf94a7e
-						..252afc3a
-						..b620d128
-						..107669ab
-						..e74f3051
-						..e8313fa9
-						..9cffdbcc
-						..277d71ea
-						..6e94965f
-					<..4b3f8431
-				</..f81bfd90
-				<d..e4f08430
-					<..52781a2a
-						..55e93070
-						..c99e4b2c
-						..e3fade17
-						..0a40a8cb
-						..072f2e29
-						..fe26eff4
-						..277d71ea
-						..6e94965f
-					<..4b3f8431
-					<..d012ea21
-						..912c4d00
-						..7295fa6a
-						..f847370e
-						..0a40a8cb
-						..a0541018
-						..97da4701
-						..277d71ea
-						..6e94965f
-					<..4b3f8431
-				</..f81bfd90
-				<d..e4f08430
-					<..dd233283
-						..55e93070
-						..a258bfbe
-						..97ab7d37
-						..e0695c36
-						..2a5c0b3e
-						..5c6c5b7c
-						..0b892fee
-						..277d71ea
-						..6e94965f
+					<..9a0c17e7
+						..722ddea7
-<scrip..b1ba8b7f
-<scrip..09d5a2d5
-<scrip..7f52e487
-<scrip..f3853e99
-<scrip..992d6394
-<scrip..99069d56
-<scrip..e7a6bb6b
-<scrip..d0085313
-<scrip..5b30b418
-<scrip..c25b5dcb
+<scrip..96df7df8
+<scrip..712453c7
+<scrip..5b209f47
+<scrip..1c9bceba
+<scrip..aa388076
+<scrip..979869e0
+<scrip..9d43dc86
+<scrip..2e3063c7
+<scrip..e33d3583
+<scrip..716bbe53
-<scrip..de7a65d3
-<scrip..ac8fc5e8
+<scrip..26014bb4
+<scrip..15b761db