-	backg..4867c9eb
-	backg..c8b419c7
-	backg..601f2a3d
+    ba..2a8ae40d
+	backg..21f99d68
-	displ..c8fc13ee
+    ba..af4df046
+	displ..4c93f075
+    ma..2bec9529
-	margi..144dd544
+    po..9e66f1c4
-@media..5adc30d1
-	.vide..38e9f899
-		marg..381dbbca
-	}..43bab2e5
+.video..7404dc90
+    op..2b8ad60c
-	paddi..764c53e1
+    di..fb920043
+    ve..ea12c07f
+    he..586cce0b
+    wi..ba13da7f
+    pa..6c6f87b9
+    te..e37a93a2
+    fo..73121c9c
+}..d639443b
+..ec441151
+@media..5223b910
+    .v..f93640c2
+      ..4c8cae1d
+      ..98416b93
+      ..0ae758e9
+      ..5ba677ae
+    }..f870e701
+    .v..0904e25c
+      ..f412ab5c
+      ..6cbe62a3
+      ..40828a7a
+    }..f870e701
-						..97052ac4
+						..277a9f99
+						..58fdcb74
+						..f6bd76b3