-			<a ..5b4543f7
-						..f7bbed97
+			<a ..be538512
+						..ca7a9975
-						..b9b42068
+						..16bc09c7
-						..df5d514f
+						..ecfefcc5
-						..1e2f6ecc
+						..1909ce33
-						..814c0597
+						..17c8cc24
-						..35dc9e0d
+						..cdd834f9
-						..c9bc5c93
-						..c3e67d4d
-						..362366a4
-						..fde0e729
-						..f24a8682
-						..23bc0932
+						..0da7005f
+						..ba2af823
+						..46635b20
+						..023fec20
+						..b7bce705
+						..7efc41be
-						..e3b14c3f
+						..9ff03b06
-						..e06d1704
-						..0192e991
+						..2c55f4a7
+						..fdfeeebe
-					 ..f86240e1
-						..fd1c1c84
+					 ..e8d44944
+					 ..c8cf2e13
-						..66724f3a
+						..a82d5267
+						..4f11a84d
-						..b34ce305
+						..41660d53
+						..f4774361
-						..bcca3c95
+						..191a8f67
+						..a56fc403
-						..b4b2ca17
-						..e755cfaa
+						..753850f3
+						..0312f234
-						..7e44992a
-						..7725279e
+						..b95fe8fa
+						..ea3ab972
+						..875309be
-						..e3ac2f42
-						..ff9b6e2b
+						..8999613e
+						..3f1289a3
-						..f9c4beba
-						..ad936cf1
+						..ef0c8d7c
+						..3f1289a3
-						..8cae363c
+						..97c6b594
+						..7517fc24
-						..3df40a81
+						..1dbb4129
-						..4187ef5b
+						..84947b7b
-						..8f5384cf
+						..19772699
-					 ..e81a8bb5
-						..2f88eb2e
+					 ..6cb49faf
+					 ..d6228a19
-						..7c3943e8
+						..f5df7025
+						..6ce794cf
-						..1effe84f
+						..5eae1760
+						..1d278611
-						..735c0000
-						..0f1ecbee
-						..022228a7
-						..e687bc1c
-						..f0a93d1c
+						..88f6f9ce
+						..316b7b85
+						..f5435432
+						..1c3a265c
+						..8b9b5d40
-						..98b09a5f
-						..0f1ecbee
-						..022228a7
-						..0c7d6611
+						..19d50984
+						..4c5b20be
+						..ec605260
+						..6378088c
+						..ef456616
+..ec441151
-					<..b48e5d0d
-					 ..85a87276
+					<..af90ae2e
+					 ..6f973d80
-					 ..139eb01f
-					<..69bb758f
-					 ..33ffddfd
-					<..c6c7fb42
-					 ..7ecab6cb
-					<..281fe5d6
+					 ..22fc66a2
+					<..0256f3a8
+					 ..53126475
+					 ..67c56bd4
+					<..44ba946c
+					 ..d70fc7a3
-					<..ad149596
-					 ..a9079d4d
-					<..3adbfa6d
-					<..70ed10b0
-					 ..bd78c352
+					<..4e3dfc37
+					 ..fbacb3f7
+					<..0256f3a8
+					 ..53126475
+					 ..2bb24754
+					<..a5f7b71a
+					 ..14bb3944
-					 ..c82bfa93
-					 ..d9b7fad0
+					 ..1d5cd968
+					 ..540ba0a8
-					<..7ecce06f
+					<..6839a26e
-					 ..2f77cb3a
-					<..94efadd2
-					 ..b2c7331f
+					 ..77b2c4cd
+						..542363ef
+					<..0256f3a8
+					 ..8559a855
+					 ..340ac4aa
+					 ..68ca5fe4
-					 ..9261ad89
+					 ..65f25aa0
-					 ..0ccabee7
+					 ..f901689f
-					<..f56255a7
-						..fcea6238
-					<..04833453
-					<..5e130253
+					<..395e47ae
+					 ..d8e84fba
+					<..0256f3a8
+					 ..4182acd5
+					 ..0aba7053
+					<..395e47ae
+					 ..d1b8a182
-					 ..62195814
+					 ..bc07537f
-					<..7ed037d6
-						..fcea6238
-					<..c02bbe23
+					<..764e7a3a
+					 ..f03f9bf0
+					 ..a4ce8716
+					<..bf174db8
+					 ..83ab7b96
-					 ..41cc7f04
+					 ..6be07a3c
-					 ..8b81557d
+					 ..60e69c3d
-						..c9bc5c93
-						..da9a3101
-						..362366a4
-						..f47b78ef
-						..f24a8682
-						..cfa5dee9
+						..0da7005f
+						..1d812fda
+						..46635b20
+						..e4579e1e
+						..b7bce705
+						..09aab58b