+.video..c1324c3f
+	backg..445634e9
+	backg..eb55a774
+	backg..3a985b0c
+	backg..72cd14c2
+	displ..e86b3c0f
+	margi..00f8fb3d
+	margi..ed06111b
+}..d639443b
+@media..5223b910
+	.vide..b3d55b98
+		marg..a44ffdf4
+	}..cfec063b
+}..d639443b
+.video..e9a80662
+	color..04dd95e4
+	paddi..184ee59b
+}..d639443b
+..ec441151
--- /de..4dcee761
+<!-- G..3e1e08b3
+<svg v..c733bd7b
+<title..cf8190a9
+<g id=..7ef2d04c
+</g>..7089af77
+<path ..eaccc6f5
+</svg>..8d2a5847
+						..5aff97e3
+						..08143eed
+						..06385a2a