-      ..d4811e61
+      ..b087c134
-      ..d3416b38
+      ..6c03d93d
+      ..611836be
-      ..c6968bf1
+      ..2d857df6
+    bo..776a1e0a
+    in..c84de5dd
-      ..81747081
+      ..e8cf6b0e
-      ..adc49950
+      ..b528921d
-      ..088e4253
+      ..56b7f987
-      ..159d71f6
+      ..681df6ee
-      ..f34c91dd
+      ..4861636f
-      ..04486592
+      ..2f1684d2
+      ..71cc0df9
-      ..d308b74a
+      ..6e36bb5b
-      ..777d1447
+      ..752a3057
+      ..32ca10bf
+      ..5bc21488
+      ..949ab83b
+      ..b10dfb41
+      ..16944743
+      ..e5771aaf
+..c1023d70
+      ..5fbfbf39
+      ..e9a31b14
+      ..2f8d09d6
+      ..13f90615
+      ..2fe98314
-0.9.83..5346814e
+0.9.84..36b55068