-      ..97f1599a
+      ..aaf01746
+      ..eea952ca
+      ..4847b49f
+      ..e4437c63
+..76feab8e
+      ..f658e306
+      ..19d2dc74
+      ..68e712ba
+      ..5d96b2f4
+      ..c4661aa5
+      ..19d2dc74
+      ..bcdbff8c
+..76feab8e
+      ..85f325d5
+      ..042ff27a
+      ..b6239911
+      ..cbab09ab
+      ..8c55d79d
+..76feab8e
+      ..93f249b7
+      ..eea952ca
+      ..294198ea
+      ..09285db1
+      ..9b5e0c83
-..b658499a
+      ..5584c8bf
+..76feab8e
+      ..fcc16229
-      ..ba01e404
+      ..93a79a25
+      ..2d21bf2d
+      ..dd272589
+      ..ddb4128d
+      ..c66a6adc
+      ..2d21bf2d
+      ..74b6f3ad
+      ..ddb4128d
+..76feab8e
-      ..ac53f3ba
+      ..9de1982d
+      ..0dccfb04
+      ..a6d37781
+      ..93a79a25
+      ..2d21bf2d
+      ..87ca8dde
+      ..de447240
+      ..a267d236
+      ..0f74cefe
+      ..b69e6918
+      ..042a8f1d
+      ..ddb4128d
+..76feab8e
+      ..76690133
+      ..413ebdac
+      ..32771c13
+      ..6bcccf64
+..76feab8e
+      ..36c3a780
+..76feab8e
+      ..1d56f541
+      ..30d7f371
+      ..743ae684
+      ..bce3ec44
+      ..b36d6665
+      ..b36deaaa
+      ..9343790b
+..76feab8e
+      ..c5c8c0f9
+      ..3c6c6853
+..76feab8e
+      ..072026d6
+      ..c36719d4
+..76feab8e
-      ..0b4c85d8
+      ..8f35defd
+      ..64638270
+      ..042ff27a
+      ..12363787
+..76feab8e
+      ..fba3afaa
+      ..eea952ca
+      ..83980bf5
+      ..7a533618
+      ..a9db3e1b
+      ..8b1e5dca
+      ..9d9fd2cc
+..76feab8e
+      ..7bb7c36e
+      ..1a6d1d88
+..76feab8e
+      ..d9e0ff30
+      ..bcdbff8c
+..76feab8e
-    pr..1f28136f
-      ..fe085f73
+      ..a215075d
-      ..30870957
-      ..4acedabf
+      ..2382c181
+      ..97a8faa5
+      ..a267d236
+      ..396af66b
+..76feab8e
+      ..4a8b43c6
+      ..0431d957
+      ..b4cf0f85
+      ..442b8821
+..76feab8e
+      ..368490c5
+      ..042a8f1d
+      ..9b157530
-      ..18332be2
-      ..026ef7e7
-      ..37771eba
-      ..2debec3d
+      ..c66a6adc
-      ..30870957
-      ..4acedabf
+      ..b7747556
+      ..a267d236
+      ..f943fa69
+      ..becac44c
+      ..042a8f1d
+      ..9b157530
-      ..18332be2
-      ..88ecddf0
-      ..1f2cb7c1
+      ..36dbf927
+      ..072178df
-0.9.59..cca583bd
+0.9.59..ce13d520