+    pr..1b2ce590
+    pr..b154676c
-      ..22190fe5
+      ..8d78c647
+      ..ad801ab9
-      ..0fc9d116
+      ..e190c453
-      ..6a5e9440
+      ..b028aff0
+..3efddff9
+      ..dc1123bc
+      ..4108a5be
+      ..005a4bb3
+      ..7d6a0700
+..3efddff9
+      ..a9d0ee2d
+      ..594d9edc
+      ..1364f04e
+      ..40372e6c
+      ..01e129bc
+      ..9d03e1c2
+      ..594d9edc
+      ..23e40750
+..3efddff9
+      ..387e9024
+      ..c611c459
+      ..9692d7fb
+      ..79326a78
+..3efddff9
+      ..40372e6c
+      ..c5cf1af8
+      ..9d03e1c2
+      ..40372e6c
-      ..ea0206b7
-      ..c9adc9cd
-      ..22819f07
-      ..358b567e
-      ..279deea2
-      ..558b1018
-..105bce01
-      ..75333b9c
-      ..0a298775
-      ..4a71b891
-      ..64fd0af0
-..105bce01
-      ..c9adc9cd
-      ..8ebf6e5a
+      ..20cc78e5
-      ..c9adc9cd
-      ..7549e552
+      ..b84f5c1d
+      ..3aa4a494
+      ..c957f711
+      ..693eea3d
+      ..c24420ac
+      ..34fcc67c
+      ..43cf63da
+      ..cfd94854
+      ..a78e72bc
+      ..2ac9400a
+      ..3775f6e3
+      ..f0950130
+..3efddff9
+      ..8079d46e
-      ..136f1586
+      ..9a4ebb31
-      ..8f290e2d
-..105bce01
+      ..2e6c1f21
-      ..b83cc865
+      ..10c7069a
-    //..592b9185
-    //..c4dfa1c6
-    //..5c929ae8
-    //..a9574272
-    //..8c3bba84
-    //..6a9d69c4
-    //..c585bafa
-    //..a9574272
-    //..8c3bba84
-    //..6a9d69c4
-    //..834f5f0b
-    //..a9574272
-    //..c6c53701
-    //..25e3f9c3
-    //..af4ba137
-    //..6a9d69c4
-    //..28296c0d
-    //..a9574272
-    //..7c02903f
-    //..6a9d69c4
-    //..9aa5369d
+    pr..19ced28e
+    {..e6b2f88f
+      ..5f25f774
+      ..29049683
+      ..bd98b2a1
+      ..1a42e882
+      ..3bcf9689
+      ..29049683
+      ..bd98b2a1
+      ..1a42e882
+      ..3453a5b2
+      ..29049683
+      ..a369be86
+      ..b50156c6
+      ..eee3fee3
+      ..1a42e882
+      ..32056a3f
+      ..29049683
+      ..c11ec83f
+      ..1a42e882
+    }..458f34f3
-0.9.46..b53e9048
+0.9.46..dfd9a76d