-using ..b0185b69
-using ..fd86250d
-      ..90cc4a3e
-      ..f80c3584
-      ..1b007020
-      ..5914e210
-..c15f18af
-      ..dd739b61
+      ..02928707
+      ..a2c5b564
+      ..2ba3c719
+      ..d574d78b
+      ..99184a46
+      ..a9c03bfc
-      ..4003c10d
-      ..7d15058d
-      ..f8c17d76
-      ..38ea4eb5
+      ..4b846e77
+      ..1e02aae6
+      ..4e8c73d9
-      ..31bb1ce9
-      ..37b33ed4
-      ..72a7e7e8
+      ..ba13ae2f
+      ..7c7434f5
+      ..60ba037b
-      ..aad0a20e
-      ..b03f3c57
-      ..15557a8d
+      ..225db468
-      ..42d55a01
-      ..aeef73a8
-      ..49af3ba3
+      ..5adeb6c5
+      ..62a0a664
-      ..27f6420c
-      ..68549adc
-      ..15557a8d
+      ..de770c6d
-      ..246a57c5
-      ..ab667c54
-      ..eaddf506
-      ..de5dc9d4
-      ..15557a8d
+      ..ab4c2a44
-      ..d6a00ca1
+      ..13fcb34b
+      ..f89a9bbc
-      ..49af3ba3
+      ..030c076c
+      ..13fcb34b
+..4040bc9c
-      ..de9659d6
+      ..139b3d84
-      ..5db0cf18
+      ..1db5ce1f
-      ..49af3ba3
+      ..030c076c
-      ..e361f41c
-      ..03e54ded
-      ..49af3ba3
+      ..904a3cd0
-      ..cd0e8176
+      ..13fcb34b
+      ..4d863766
-      ..49af3ba3
+      ..030c076c
-      ..60e8e406
-      ..15557a8d
+      ..de8ba8d4
-      ..60febafa
-      ..41702132
-      ..15557a8d
+      ..151779a8
-      ..c4e1c0f4
-      ..41702132
-      ..15557a8d
+      ..fc64e99f
-      ..111efbd2
-Login|..afdcaa34
+Login|..1b806467
+GetApp..3de8137d
+GetApp..fff2890f
+GetApp..71d5cf5e
+Create..4ceedb19
+Delete..70c735e8
+GetPla..9d579d33
+GetEnj..39901fda
+GetAct..c7a4cd45
+Create..e48dcef7
+Update..3727019f
+Update..bbd43039
--- /de..26f20893
+0.9.42..c1812409
-using ..b0185b69
-      ..6437c8c1
-      ..4d356305
-      ..282cf3ff
-      ..9cb757fd
+      ..c27117c5
+      ..6303184b
-      ..f0fc5970
+      ..d861e6b2
-0.9.41..5ada630f
+0.9.41..b30e9c1d