-      ..589766dc
+      ..9bd204a8
-      ..d5059511
+      ..b5cb4925
-      ..ef932fb7
+      ..c4cbc3d8
-      ..c0d2366b
-      ..12056f45
+      ..160989e5
-..d17dcdcb
+..69207147
-..d17dcdcb
+..69207147
-..d17dcdcb
+..69207147
-      ..a42382ca
+      ..4685df41
-      ..255a5ac1
-      ..5ea1c5aa
-      ..11fafd22
-      ..fc1d6857
-      ..2e1a2ec8
+      ..3d3760bd
+      ..873b8976
+      ..83181aef
-      ..2ae82cd0
-      ..56dd5ee0
-      ..00d57ef9
-..d17dcdcb
-      ..ab06f557
-      ..370fe516
-      ..b5142001
-..d17dcdcb
-      ..b43eb701
-      ..d71e0a96
-      ..1bf6f3df
-      ..8a1b8522
-      ..ade1feba
-      ..15c390b2
-      ..3f7235cf
-      ..dae74517
-      ..8a84108e
-      ..2182b081
-      ..76e860e6
-      ..fd1178fd
-      ..09893fa5
-      ..7672c725
-      ..bebf37db
-      ..bb0ecf38
-      ..41cece27
-      ..48558251
-      ..f67588f9
-      ..17356e25
-      ..b9c3560f
-      ..d3aa8523
-      ..89e3cfef
-      ..6e5d79e4
-      ..5d85109d
-      ..1a0b366c
-      ..554816d5
-      ..146c82a9
-      ..5a6ef9bb
-..d17dcdcb
-      ..6aaea742
-      ..d5059511
-      ..0063fab1
+      ..f59f3823
+      ..d3e6bf08
+..69207147
+      ..de775dbb
+      ..d87f2247
-      ..19dbf6ec
+      ..97b9a1ac
+      ..b5a543a2
-      ..2e37b8cf
+      ..0834063d
+    us..e5d23033
-      ..5fa45bbd
+      ..9a57c775
-      ..12cf310c
-      ..20d27a1b
-..d17dcdcb
-      ..aa15eb05
-      ..955a902a
-      ..57bc3a1e
-..d17dcdcb
-      ..255a5ac1
-      ..5ea1c5aa
-      ..ab06f557
-      ..370fe516
-      ..b5142001
-..d17dcdcb
-      ..4dec158d
-      ..d71e0a96
-      ..9bb34962
-      ..171b6d3c
-      ..9a3d66b0
-      ..aef6ac02
-..d17dcdcb
-      ..7c9d0f47
-      ..77af6d5b
-      ..5de7be2c
-      ..427f1950
+      ..ef0fa9b5
-      ..a140aee1
-..d17dcdcb
-      ..c2115f4d
-      ..a750d115
-      ..5de7be2c
-      ..cdb6a47f
-..d17dcdcb
-      ..ad57472c
-      ..9277e0b1
-      ..5de7be2c
-      ..b5ad8c6e
-..d17dcdcb
-      ..d36173dc
-      ..8a1b8522
-      ..61efb3dd
-..d17dcdcb
-      ..840f3aba
-      ..48558251
-      ..1168aa35
-      ..8f26308b
-      ..a821189b
-      ..5de7be2c
-      ..9b2ddcb2
-      ..146c82a9
-      ..5a6ef9bb
-..d17dcdcb
-      ..6aaea742
-      ..d5059511
-      ..46f2fab4
+      ..9e5fa423
-      ..19dbf6ec
+      ..4670fc07
+      ..e856f23f
-      ..2e37b8cf
+      ..0834063d
-      ..a118e5bb
+      ..ead3dc8e
-      ..64de7751
-      ..180bd9a9
+      ..ccb70ad3
+      ..11e5e8ac
-..d17dcdcb
-      ..42ae50bf
-      ..9f338163
-      ..197a3358
-      ..d3ea86b7
-..d17dcdcb
-      ..2fd0c15a
-      ..9dd39b50
-      ..726f2979
-..d17dcdcb
-      ..9cc6e718
-      ..65e03a86
-      ..c9af002d
-      ..53f318e2
-      ..d75ee8c8
-      ..a9aba657
-      ..e3384ede
-      ..7139e18d
-      ..05393991
-      ..9c79274f
-..d17dcdcb
-      ..ee41dc05
-      ..92ef284b
-      ..13ec7c8f
-      ..66f6bc70
-      ..4c0582d1
-      ..ec6baea4
-..d17dcdcb
-      ..1d38b07e
-      ..fb6b0480
-      ..4ea4d962
-      ..3a1c677f
-      ..283d3049
-      ..a6ec2d39
-..d17dcdcb
-      ..daf5b4c0
-      ..8545b502
-..d17dcdcb
-      ..e7be263e
-      ..5c47b7a2
-..d17dcdcb
-      ..5e14d3d4
-      ..92ef284b
-      ..e3bcaaed
-      ..5f5cb4a8
-      ..0c351963
-      ..b3f95d10
-      ..7c2d10d9
-      ..f784ff32
-..d17dcdcb
-      ..3f8926e1
-      ..fb6b0480
-      ..811ec1d1
-      ..72f01678
-      ..a6ec2d39
-      ..8545b502
-      ..7131a2fe
-      ..9ea18a1e
-..d17dcdcb
-      ..b10d4843
-0.9.35..fcc7934b
+0.9.36..34e489bc