-      ..2bd4146a
+      ..c248b38d
-      ..508523f0
-      ..5eba1a94
+      ..b121d01f
-    //..bceaf2a9
-    //..2a79dea7
-    pr..c274cfef
-    {..1ae54289
-      ..8f8caba2
-    }..b30aad0b
-..4374a2d6
-    //..ea960e37
+..2b09de21
+..2b09de21
-      ..2a73727a
+      ..6701fe5f
-      ..5b93924f
-      ..e60e04a2
+      ..f800f94e
+      ..eb920651
+      ..7bfd0125
+      ..2673aae5
-      ..2ff48c21
+      ..0b6992fb
+      ..e35c56bf
+..2b09de21
+      ..e30542c3
-      ..70be385f
+      ..6d943f87
-      ..a4fa6185
+      ..52e277b3
-      ..1ab92e8c
+      ..cbed302b
+      ..f9ecbb8f
+..2b09de21
-0.9.24..584275b3
+0.9.25..04723e0c