-      ..80e31f9b
-      ..bdbfc27b
-      ..3b82188e
-      ..0e76f5de
-      ..caf33d85
-      ..bdbfc27b
-      ..2bfd035e
+      ..99c56776
-      ..586c3740
-..b9d3354f
-      ..77f58ae7
-      ..cbd7f451
-      ..bc153d04
-      ..8d419e1a
+      ..dc2d8578
+      ..fadab390
+      ..1196a6e1
+      ..398952cc
+      ..b10b8b51
+      ..99d5238a
+      ..1bca3fc5
+..682a033f
+      ..d8b3a07f
+      ..70b88c79
+      ..1bca3fc5
+..682a033f
+      ..14614e1e
+      ..94d3127e
+..682a033f
+      ..54ecddbf
+      ..c8d5e3c6
+      ..f6dae472
+      ..ff231937
+      ..1bca3fc5
-0.9.16..a1dd93ab
+0.9.16..7aa8a5f5