-      ..6d73315a
+      ..d2aeca19
-      ..49af971d
-..1b677a30
-      ..671cc2b1
+      ..6340dd11
-      ..69c59aea
+      ..65ded55a
+..6d13b899
+      ..1a0df612
-      ..002e59f5
-      ..3abb58dd
+      ..35966656
+      ..3a54f92f
+      ..1ffdd0a4
+      ..e14391ce
+      ..d02520d5
-      ..29485fef
-      ..ee178ccb
+      ..cd38bc9b
-      ..2fe854ce
-      ..606d36ad
-      ..f8968f8f
-      ..afc7c2d7
-      ..e999f496
-      ..7dbaff70
+      ..986210be
+      ..b4699091
+      ..774f4626
+      ..cdbafc76
+      ..67e4fa86
+      ..37600029
-      ..69e73be9
-      ..c2348d72
-      ..6129ffe1
-      ..67b5a11f
-      ..cf2bffec
+      ..8c18d2b1
+      ..457e20b6
+      ..7e06e263
+      ..94de4bca
+      ..4129c595
-      ..66b21668
-      ..fda03b9a
-      ..29485fef
+      ..c8875a78
+      ..18840311
+      ..07bcf423
-      ..aa884def
-      ..606d36ad
-      ..78ba02ba
+      ..0568333a
-      ..672caf07
+      ..05021e80
-      ..3514af84
-      ..3abb58dd
+      ..33a4e832
+      ..3a54f92f
+      ..1269f4b0
+      ..e14391ce
+      ..d02520d5
+      ..09a45002
+      ..f1c04420
+      ..fb7154b1
-    //..8762b535
+      ..fb7154b1
+      ..fb7154b1
-0.9.02..957b2528
+0.9.02..a05c7774