-..5327d1ba
-      ..d35403f3
-      ..0f041e04
-      ..3404d6f7
-      ..9bdb55ea
-      ..57710e8e
+      ..5eee607c
-      ..064bc826
-      ..f4ff1d48
-      ..0f041e04
-      ..07ef2e17
-      ..928c9e79
-      ..209dd867
-      ..19ef4055
-      ..88ddc3cd
-      ..e8e070ac
-      ..f0495a45
-      ..8a0f5017
-      ..9bdb55ea
+      ..9c3bcdc1
+      ..937ed36e
+      ..39e14c21
+      ..67327046
+      ..11cbd067
+      ..590e81b8
+      ..fc75433c
+      ..d782115a
+      ..94a977f7
+..de1c64a3
+      ..cbd817a0
+      ..3e5d2b3c
-      ..d1fc9f82
+      ..5df366f4
+..de1c64a3
+..de1c64a3
+..de1c64a3
-..5327d1ba
+..de1c64a3
+..de1c64a3
+..de1c64a3
-      ..36eb0202
+      ..f853875d
-      ..b73f41a7
-      ..0f041e04
-      ..f0495a45
-      ..cb921822
+      ..eb41f331
+      ..937ed36e
+      ..94a977f7
+      ..d04bea64
-      ..4bc8bcd3
-      ..a166633d
-      ..701b841f
-      ..86cc93d8
+      ..0af88f23
+      ..56a31cde
+      ..9b80fadf
+      ..48cdddfb
-      ..0987d020
-      ..83d59cf7
+      ..1d804d79
+      ..0221310d
-      ..d932b7a8
-      ..3aa2a2d4
-      ..9084ef1c
-      ..d2da767a
-      ..9084ef1c
-      ..21328b2c
-      ..045fd78c
-      ..9bdb55ea
+      ..2f5bd717
+      ..8988a3c2
+      ..5b1f0441
+      ..dfc69b72
+      ..5b1f0441
+      ..94b405c9
+      ..1df04ab3
+      ..3e5d2b3c
-..5327d1ba
+      ..734c2763
-      ..c7b6e869
+      ..71c7e268
+      ..74ce1853
-0.8.06..8936ae56
+0.8.07..30c6ceed
-m_Edit..b96071cd
+m_Edit..6ba0edf2