-    pr..2d861f41
-      ..a832a264
+    pr..d85ef34c
+    pr..d3ec7602
+      ..2832fe7c
+      ..44731508
-      ..d030b269
+      ..ac8f2126
-      ..c02a532e
+      ..8aefd87b
+      ..f9b04656
+      ..aaf0ac67
+      ..e4113c6b
+..a34c14ac
+      ..fd15fb73
+..a34c14ac
+      ..c4d7ca30
+      ..3347adba
+      ..19d7773a
+      ..75f138a1
+..a34c14ac
-      ..9e75c911
+      ..116d8ace
-      ..5cf6eb09
-      ..a44ff4d2
-..0a2c6572
-      ..155101c5
-      ..1f293bca
-      ..79cc84fc
-      ..d2df6238
-      ..245cf4b8
-      ..9ed6eea8
-      ..9191e895
-      ..7027b5c8
-      ..c9610d9b
-..0a2c6572
+      ..163dffad
+      ..4e790207
-      ..41a89b61
+      ..178acfb8
-      ..24646739
-      ..56258471
+      ..c08b4273
+..a34c14ac
+      ..e89d3c8e
+      ..9696b6e8
+      ..ef01b267
+      ..3347adba
+      ..8fb73fc0
+      ..a719cc37
+      ..63503e18
+      ..75f138a1
+      ..5ffd24f8
+..a34c14ac
+      ..fcbd8b43
-      ..c569ddb3
+      ..9ddce1de
-      ..bdcc729b
+      ..7996b8e8
+..a34c14ac
+      ..d8263f68
+      ..7f4500d5
+..a34c14ac
+      ..2832fe7c
-      ..e828d3a9
-      ..1d1aae45
+      ..787aad54
+      ..342acb8a
-      ..7ac15f7a
+      ..3710004f
+      ..342acb8a
-      ..a5235df5
+      ..b4690b45
+      ..342acb8a
-      ..4db9c4f1
+      ..3d19dd0a
+      ..342acb8a
-      ..ece5da63
+      ..beb679f3
-      ..f9444d6c
+      ..740398d3
+      ..342acb8a
-      ..d3f0f698
+      ..24f35c1b
+      ..05cc5da4
+      ..ec66a9dd
+      ..95e12bed
+      ..ab5a1e39
+..a34c14ac
-      ..b2c9fba2
+      ..44231a57
-      ..c1bea29c
+      ..38b813ed
+      ..f4795a35
+      ..43b0e64e
+      ..6dc70cfc
-      ..1a11d309
+      ..9f589588
-      ..e2f83065
-      ..2fd4c84e
-      ..e3c3d8c9
-      ..2c397cf2
-      ..00e95276
+      ..89bdab8d
+      ..ab586bb8
+      ..208eab73
+      ..5f6a91c8
+      ..56c2f30a
-      ..88952931
+      ..3c9f885b
-0.7.05..b02955ff
+0.7.07..2a890442