+	priva..df6ce0e3
+	priva..5b66e636
+		_pan..7490ada0
-      ..e9bf8814
+		swit..dea3c214
-      ..b6464c23
+			cas..a0708ff9
+..2fae49ce
+				//..5f52762e
+				_p..da829d03
-      ..fa960372
+			_lo..8ba55403
-      ..c1444056
+      ..d4ee2396
-      ..bfedf49e
+      ..a61114fb
-      ..5393778c
-      ..d96fbb5f
+      ..daee4d86
+      ..bf59901e
+      ..7a4547fe
-      ..4c9315c6
+..2fae49ce
+      ..71617fb8
+      ..bd120d7d
+      ..1bfb2577
+      ..39f65eef
-      ..0dabbce4
+      ..7487526e
-      ..b02d8bd7
-      ..d03a60ca
+      ..35b2a85a
+      ..e819a774
+      ..daee4d86
-      ..9297e38d
+      ..fdd5be24
-      ..ccf200a9
+..2fae49ce
+      ..71617fb8
+      ..bd120d7d
+      ..1bfb2577
+      ..39f65eef