-      ..45857659
+      ..b4b012da
+      ..3fa10e55
+..eb5945ec
+      ..d7a14c47
-      ..6452bcf3
+      ..26fb5ca1
+    pr..cb52fb30
+    pr..e401ea27
+    pr..8b6db87c
-      ..ee6918bd
+      ..d57842d2
+..eb5945ec
+      ..b0d84208
+      ..54654d5a
+..eb5945ec
+      ..32267474
+      ..f6277bec
-..5d5afdc5
-      ..61e1edb1
-..5d5afdc5
-      ..770523c9
-      ..94752086
-      ..7ce43d4f
-      ..564651d6
-..5d5afdc5
-      ..ce33716e
-      ..4194b328
-      ..564651d6
-..5d5afdc5
-      ..ce33716e
-      ..069cb52c
+      ..36e23684
+      ..bbbad90e
-      ..5fe62603
-      ..13c49cd1
-      ..84224b2c
-      ..26c72538
-      ..13c49cd1
-      ..84224b2c
+      ..49981ffe
+      ..ddaaaa9c
+      ..29237da1
+      ..236d05e0
-      ..26c72538
-      ..200213e8
+      ..a2997128
+      ..251d7ad1
+      ..42e66262
+..eb5945ec
+      ..23427ac6
+      ..ac1a22ca
+      ..c52da062
+      ..4ee8696e
+      ..8e2f0d94
+..eb5945ec
+      ..fba55796
+      ..f726f618
+..eb5945ec
+      ..e5f90fe2
+      ..251d7ad1
+      ..b3bfa9d7
+      ..aa8ab8ce
+      ..f726f618
+..eb5945ec
+      ..6e68708f
+..eb5945ec
+      ..236d05e0
+..eb5945ec
+      ..1f15f935
+      ..251d7ad1
+      ..b3bfa9d7
+      ..aa8ab8ce
+      ..f726f618
+..eb5945ec
+      ..6e68708f
+..eb5945ec
+      ..a7f5fbc7
+      ..8d678360
-      ..439e1a01
+      ..da1a0020
+      ..065b440f
+..eb5945ec
+      ..5848a1cf
+      ..34f385e5
+..eb5945ec
+      ..860d4419
+      ..ddaaaa9c
+..eb5945ec
+      ..8d678360
+..eb5945ec
+      ..f3327930
+..eb5945ec
+    pu..f734e18d
+    {..406b26f9
+      ..b0d84208
+      ..5e62f926
+    }..73f68604
+  _fil..c2a2b0e5
+--- !u..660d27de
+Prefab..6c441d2d
+  m_Ob..236df010
+  seri..52022f90
+  m_Mo..5d5e5cd7
+    m_..eb64dec4
+    m_..11bb0263
+    - ..a8308de6
+      ..bc637c34
+      ..5d4e4e4b
+      ..1bca114e
+    - ..a8308de6
+      ..28024c90
+      ..349b0c10
+      ..1bca114e
+    - ..a8308de6
+      ..89862b65
+      ..d7106b42
+      ..1bca114e
+    - ..a8308de6
+      ..97eb1cd2
+      ..3c78127a
+      ..1bca114e
+    - ..a8308de6
+      ..8695eda8
+      ..3c78127a
+      ..1bca114e
+    - ..a8308de6
+      ..72468e6b
+      ..3c78127a
+      ..1bca114e
+    - ..a8308de6
+      ..3a3c847d
+      ..e8580433
+      ..1bca114e
+    - ..a8308de6
+      ..39c3f50a
+      ..80b6a97a
+      ..1bca114e
+    m_..ee2d4b4c
+  m_So..430f03d1
+  m_Is..eb3e237e
+      ..9f19a4ca
+      ..0e06750a
+      ..7efc522c
+      ..b71050c9
+      ..8d058a85
+..eb5945ec
+      ..90cd704e
-    pr..93597c75
+    pr..800760da
+    pr..5bfaf242
+    pr..e430ac4f
+    pr..3752160b
-	// Us..06da40e5
-	void ..410b028a
-	{..7b382cd1
-      ..e2793008
-      ..6fdd5c4e
+    pr..eb51a79f
+    {..406b26f9
+      ..2fe3f149
+..eb5945ec
+      ..8a750f0c
+      ..7ad9a0ea
+      ..f8287356
+      ..06f6b88f
+..eb5945ec
+      ..43e85e1c
+      ..ddaaaa9c
+      ..36bc16c6
+..eb5945ec
+      ..a2fda95b
+      ..55104743
+..eb5945ec
+      ..81584668
+      ..8d678360
+..eb5945ec
+      ..1847803c
+      ..2063848b
+    }..73f68604
+    //..07761183
+    vo..f5c4d510
+	{..0f338666
+      ..026abfeb
+      ..ac1a22ca
+      ..1f75bfaa
+      ..8e2f0d94
+..eb5945ec
+      ..5401927e
+      ..ddaaaa9c
+      ..593a0821
+      ..8d678360
-      ..29cfb536
-..5d5afdc5
-      ..bcbc0ced
+      ..a656198a
+      ..751f781f
-      ..000b7698
+      ..096e1246
-      ..efe9d75d
+      ..227b1f6b
+      ..251d7ad1
+      ..62df30d9
+      ..401d005e
+      ..f726f618
+..eb5945ec
+      ..1c10ca67
+..eb5945ec
+      ..754c8cd7
+..eb5945ec
+      ..7b90101a
-  m_Pr..9dc2c7ba
+  m_Co..09978aef
-      ..f2dbd5c8
+      ..be881491
-    m_..53720ff0
+    m_..fedc3c85
-    m_..c2704f2a
+    m_..52692a4e
-    m_..05c0e84f
+    m_..caa80a34
--- /de..e0812250
+NAME,J..67e2555e
+Fine S..859a5017
+Shorts..6fe3f8a2
+Fine S..8a71f061
+Except..66e84850
+Fine C..73cc235b
+Club o..63fb7174
+Fine C..20231590
+Club o..bc8b258a
+Fine C..4aa2642e
+Club o..b2cf740f
+Fine C..94b58a7e
+Except..fb512956
+Fine M..09d802ce
+Mace o..fa5f1cde
+Fine M..401fa9de
+Mace o..d85bbbe5
+Fine M..91fce5da
+Mace o..db141e28
+Fine M..7e9994a5
+Except..43dd59c3
+Tirele..397e21d3
+Powere..07aca7e7
+Expert..aaca738b
+Shadow..92e45655
+Tirele..5241e89e
+Shiver..a0d36dfe
+Shadow..7529660e
+Expert..ded65bd9
+Expert..4f023771
+Tirele..dcbaaaa6
+Fiery ..2ddc8c2a
+Shadow..fd379da9
+Expert..e6388ca5
+Mystic..3f4f0568
+Shadow..b1dfbdde
+Powere..875314b8
+Shadow..8ab527e0
+Tirele..8f529abe
+Warmon..81f5e6a9
+Mystic..a2d033de
+Earthf..af0b3960
+Moonsh..98cf07b1
+Ebony ..29fe8cbf
+Phobia..ef03dd7b
+Malevo..0fde565d
+Pruden..8d09c609
+Omega,..d6839985
+Doombi..a7d70147
+Shaman..b0b2b367
+Spire,..c27981e1
+Enigma..16f83554
+Equali..64d55e27
+Crypti..9711e45b
+Nirvan..ed95dc0c
+Slicer..26ab01bd
--- /de..e0812250
+NAME,J..67e2555e
+Battle..8c715682
+Bow,ht..536cc0d1
+Dagger..535b883d
+Greats..3f3548ec
+Mace,h..473d228d
+Maul,h..e3871fec
+Pike,h..dc3208ae
+Quarte..25839f9d
+Shorts..3469c08e
+Club,h..2826b6b4
+Fine B..122f9ab3
+Battle..d92b9f88
+Fine B..909cdeb6
+Battle..9cfbab62
+Fine B..7f41cf80
+Battle..71078e7d
+Fine B..78cf1097
+Except..1a2083fd
+Fine B..6c44b604
+Bow of..56dd987f
+Fine B..0c53b1f4
+Bow of..49519000
+Fine B..4b7df50d
+Bow of..b2877fc2
+Fine B..55890f61
+Except..e4e61d7b
+Fine D..4ede8372
+Dagger..b9cfcb6a
+Fine D..e8844fb3
+Dagger..d7d233bc
+Fine D..36fd31f8
+Dagger..bfd0dbf5
+Fine D..86909df8
+Except..19b167dc
+Fine G..36ad7b21
+Greats..31c70537
+Fine G..fad30f8b
+Greats..d3b3d5df
+Fine G..181b72f1
+Greats..f6736012
+Fine G..37acf790
+Except..ceebeffa
+Fine M..0b20d3bc
+Maul o..28ff2a5f
+Fine M..15761c3a
+Maul o..7a3ef0df
+Fine M..2970380f
+Maul o..69394d79
+Fine M..33348a01
+Except..e1e1a5a7
+Fine P..c70d13cb
+Pike o..1cd5498a
+Fine P..05a2a901
+Pike o..62eac15e
+Fine P..2acb6217
+Pike o..48d048ce
+Fine P..fe104911
+Except..e146a8ce
+Fine Q..4c683309
+Quarte..e5e872b8
+Fine Q..8e58fdb0
+Quarte..273b68fb
+Fine Q..c85e50a3
+Quarte..90b9f21e
+Fine Q..d3ffb12c
+Except..f3345183
+Fine S..71547ab0
+Shorts..8baddd94
+Fine S..1ec3066d
+Shorts..870763f5
+Fine S..859a5017
+Shorts..6fe3f8a2
+Fine S..8a71f061
+Except..66e84850
+Fine C..73cc235b
+Club o..63fb7174
+Fine C..20231590
+Club o..bc8b258a
+Fine C..4aa2642e
+Club o..b2cf740f
+Fine C..94b58a7e
+Except..fb512956
+Fine M..09d802ce
+Mace o..fa5f1cde
+Fine M..401fa9de
+Mace o..d85bbbe5
+Fine M..91fce5da
+Mace o..db141e28
+Fine M..7e9994a5
+Except..43dd59c3
+Tirele..397e21d3
+Powere..07aca7e7
+Expert..aaca738b
+Shadow..92e45655
+Tirele..5241e89e
+Shiver..a0d36dfe
+Shadow..7529660e
+Expert..ded65bd9
+Expert..4f023771
+Tirele..dcbaaaa6
+Fiery ..2ddc8c2a
+Shadow..fd379da9
+Expert..e6388ca5
+Mystic..3f4f0568
+Shadow..b1dfbdde
+Powere..875314b8
+Shadow..8ab527e0
+Tirele..8f529abe
+Warmon..81f5e6a9
+Mystic..a2d033de
+Earthf..af0b3960
+Moonsh..98cf07b1
+Ebony ..29fe8cbf
+Phobia..ef03dd7b
+Malevo..0fde565d
+Pruden..8d09c609
+Omega,..d6839985
+Doombi..a7d70147
+Shaman..b0b2b367
+Spire,..c27981e1
+Enigma..16f83554
+Equali..64d55e27
+Crypti..9711e45b
+Nirvan..ed95dc0c
+Slicer..26ab01bd