---- !u..f0827abd
-Prefab..afc45387
-  m_Ob..01f654e0
-  seri..0baaaa52
-  m_Mo..c4f10dbb
-    m_..50604910
-    m_..8c7070f1
-    - ..0be09679
-      ..c37a2a20
-      ..006d809b
-      ..e595e347
-    - ..0be09679
-      ..2484dee1
-      ..11b7147d
-      ..e595e347
-    - ..0be09679
-      ..28dd86d9
-      ..e303a8b0
-      ..e595e347
-    - ..0be09679
-      ..fb483245
-      ..0d25dfed
-      ..e595e347
-    - ..0be09679
-      ..73e2f666
-      ..0d25dfed
-      ..e595e347
-    - ..0be09679
-      ..31069555
-      ..0d25dfed
-      ..e595e347
-    - ..0be09679
-      ..12ea5836
-      ..3381dae2
-      ..e595e347
-    - ..0be09679
-      ..82f86f14
-      ..79e393da
-      ..e595e347
-    m_..b6c9b064
-  m_So..4faca9e5
-  m_Is..49f5e0e2
--- /de..c8871927
+%YAML ..59cedc51
+%TAG !..fa01ecb2
+--- !u..9ab84331
+Occlus..d4c86e44
+  m_Ob..3832efa9
+  seri..65cc9924
+  m_Oc..df83594d
+    sm..95e4e751
+    sm..b0de0e3f
+    ba..6a931d17
+  m_Sc..bb468a89
+  m_Oc..604862cd
+--- !u..9e1225d0
+Render..7a9af7d3
+  m_Ob..3832efa9
+  seri..5bf15c1e
+  m_Fo..6122b67c
+  m_Fo..2a23abc5
+  m_Fo..4bfc385a
+  m_Fo..555b5c30
+  m_Li..a478c150
+  m_Li..b1ba7961
+  m_Am..0da697c3
+  m_Am..61ba3810
+  m_Am..bad80a13
+  m_Am..86e3879e
+  m_Am..29b0f526
+  m_Su..d8cdb5a9
+  m_Sk..ed03d0e5
+  m_Ha..a3d29789
+  m_Fl..4d8d5f01
+  m_Fl..8d09f29f
+  m_Ha..bec09d48
+  m_Sp..172895b5
+  m_De..34715590
+  m_De..614c37ee
+  m_Re..b1d9dbd5
+  m_Re..7e65e074
+  m_Cu..40ebcd7a
+  m_Su..0e578a29
+  m_In..e5e4d9f4
+  m_Us..c64fb4b3
+--- !u..b788a277
+Lightm..4096cca4
+  m_Ob..3832efa9
+  seri..892bddcc
+  m_GI..6f3a440e
+  m_GI..b83956b2
+    se..17777297
+    m_..423ec9a8
+    m_..3da66f69
+    m_..31555705
+    m_..ff7097f9
+    m_..1529fc0f
+    m_..f7609cd3
+    m_..21a20959
+  m_Li..a064a0e2
+    se..e4815e43
+    m_..fc6045df
+    m_..ddabe67b
+    m_..4098d4b7
+    m_..d34107ff
+    m_..3d634020
+    m_..899bb68e
+    m_..cbc71546
+    m_..aa384b9e
+    m_..a625b3c1
+    m_..9a58dd09
+    m_..6a876201
+    m_..ad9dc571
+    m_..7dde5601
+    m_..62f32664
+    m_..2d29a969
+    m_..75328acd
+    m_..16186872
+    m_..e98f9fc9
+    m_..9f0c34ee
+    m_..163f15ff
+    m_..dabef686
+    m_..2894ff0d
+    m_..66228ee4
+    m_..6aed6ae7
+    m_..d5b563ff
+    m_..aee636fe
+    m_..2a2d7142
+    m_..616fcf4b
+    m_..9ef7ba95
+    m_..690fe16d
+    m_..6a915419
+    m_..e346de79
+    m_..ae762c10
+  m_Li..603bf0aa
+  m_Us..f3fdd082
+--- !u..0b3746e6
+NavMes..965eef47
+  seri..65cc9924
+  m_Ob..3832efa9
+  m_Bu..e3f225f6
+    se..17777297
+    ag..3cf4814a
+    ag..a0f4c162
+    ag..08fdb1c5
+    ag..f57379f8
+    ag..718db47d
+    le..6d60c173
+    ma..1d806454
+    mi..d9281632
+    ma..d9fa2576
+    ce..41edde3b
+    ma..41cd66d7
+    ti..1a772420
+    ac..543e7a62
+    de..1e2fefdb
+      ..2f8c70a4
+  m_Na..24b9a850
+--- !u..9fc623e7
+GameOb..2993fb28
+  m_Ob..3832efa9
+  m_Co..f5549dcf
+  m_Pr..f45f72aa
+  seri..c36f3a8f
+  m_Co..ab51466b
+  - co..b2a5f971
+  - co..c27c8e3f
+  m_La..cd341e59
+  m_Na..a0f06789
+  m_Ta..5559f134
+  m_Ic..6b082b07
+  m_Na..1e3a640b
+  m_St..8edf6a65
+  m_Is..be782737
+--- !u..4268c6fc
+MonoBe..ddc61d50
+  m_Ob..3832efa9
+  m_Co..f5549dcf
+  m_Pr..f45f72aa
+  m_Ga..c2de00a0
+  m_En..a65044f0
+  m_Ed..aea62ffe
+  m_Sc..f8fb0c6a
+  m_Na..f3b806d1
+  m_Ed..c5f70e17
+--- !u..8e98b204
+Transf..344821f8
+  m_Ob..3832efa9
+  m_Co..f5549dcf
+  m_Pr..f45f72aa
+  m_Ga..c2de00a0
+  m_Lo..152cdb09
+  m_Lo..cdad57be
+  m_Lo..d02b8569
+  m_Ch..38e3fefa
+  m_Fa..f67cdccd
+  m_Ro..41149604
+  m_Lo..373ea691
+--- !u..39d8aebb
+GameOb..2993fb28
+  m_Ob..3832efa9
+  m_Co..f5549dcf
+  m_Pr..f45f72aa
+  seri..c36f3a8f
+  m_Co..ab51466b
+  - co..db6b73b9
+  - co..7db8abf4
+  - co..7a735237
+  m_La..cd341e59
+  m_Na..f51dd5ac
+  m_Ta..51c4b9f2
+  m_Ic..6b082b07
+  m_Na..1e3a640b
+  m_St..8edf6a65
+  m_Is..be782737
+--- !u..1e71e32d
+AudioL..bb66d0d7
+  m_Ob..3832efa9
+  m_Co..f5549dcf
+  m_Pr..f45f72aa
+  m_Ga..ad509aa8
+  m_En..a65044f0
+--- !u..b64786bc
+Camera..9afbc482
+  m_Ob..3832efa9
+  m_Co..f5549dcf
+  m_Pr..f45f72aa
+  m_Ga..ad509aa8
+  m_En..a65044f0
+  seri..65cc9924
+  m_Cl..54e054e7
+  m_Ba..68ad95d0
+  m_pr..8f7104d2
+  m_Se..7584bf1b
+  m_Le..09a53022
+  m_Fo..80b6d74d
+  m_No..71b9d802
+    se..17777297
+    x:..5debe1b3
+    y:..75abf80f
+    wi..6efc3ec7
+    he..b6e26c1c
+  near..c226af47
+  far ..d15bf6e7
+  fiel..1fd9675f
+  orth..73195eca
+  orth..e0b03114
+  m_De..4867f86d
+  m_Cu..fa9caac2
+    se..17777297
+    m_..82c1757e
+  m_Re..24c093ad
+  m_Ta..6e5d9a45
+  m_Ta..5c21630f
+  m_Ta..e3187eff
+  m_HD..e345f1bb
+  m_Al..943a5c9a
+  m_Al..bf4d3a83
+  m_Fo..80a88386
+  m_Oc..52007aa1
+  m_St..3019b5bb
+  m_St..a294a31a
+--- !u..00abdd25
+Transf..344821f8
+  m_Ob..3832efa9
+  m_Co..f5549dcf
+  m_Pr..f45f72aa
+  m_Ga..ad509aa8
+  m_Lo..152cdb09
+  m_Lo..540e4da9
+  m_Lo..d02b8569
+  m_Ch..38e3fefa
+  m_Fa..f67cdccd
+  m_Ro..849910d7
+  m_Lo..373ea691
+--- !u..3b9ebac6
+GameOb..2993fb28
+  m_Ob..3832efa9
+  m_Co..f5549dcf
+  m_Pr..f45f72aa
+  seri..c36f3a8f
+  m_Co..ab51466b
+  - co..411177ba
+  - co..62ea2b81
+  m_La..cd341e59
+  m_Na..b54f0020
+  m_Ta..5559f134
+  m_Ic..6b082b07
+  m_Na..1e3a640b
+  m_St..8edf6a65
+  m_Is..be782737
+--- !u..3ed29404
+Light:..3a02f060
+  m_Ob..3832efa9
+  m_Co..f5549dcf
+  m_Pr..f45f72aa
+  m_Ga..3ef6029c
+  m_En..a65044f0
+  seri..d7cb81b2
+  m_Ty..222a9644
+  m_Co..859666b5
+  m_In..074b4371
+  m_Ra..7e7d001f
+  m_Sp..d3905336
+  m_Co..dc0cbd51
+  m_Sh..de55bd18
+    m_..f0ff1655
+    m_..2b3249ca
+    m_..846f0ee0
+    m_..454d4509
+    m_..dfff1861
+    m_..5e20c335
+    m_..5721b1ae
+  m_Co..18eb5973
+  m_Dr..5de0a85f
+  m_Fl..df198189
+  m_Re..594138ee
+  m_Cu..fa9caac2
+    se..17777297
+    m_..82c1757e
+  m_Li..2f28c38a
+  m_Li..dc09802b
+  m_Ar..6a8c4598
+  m_Bo..fc3bdf77
+  m_Co..f89e6aec
+  m_Us..ea8487f0
+  m_Sh..e21b6fca
+  m_Sh..74d64d96
+--- !u..6f613fd3
+Transf..344821f8
+  m_Ob..3832efa9
+  m_Co..f5549dcf
+  m_Pr..f45f72aa
+  m_Ga..3ef6029c
+  m_Lo..017f9841
+  m_Lo..72d6ac04
+  m_Lo..d02b8569
+  m_Ch..38e3fefa
+  m_Fa..f67cdccd
+  m_Ro..7f8ae5fc
+  m_Lo..34c6c3b0
--- /de..c8871927
+﻿usi..09136aa7
+using ..06aabe09
+using ..abe8caac
+..27743cec
+/**..b50023d8
+ * Thi..f8f3667a
+ */..ca4ac48c
+public..e6ee2ea2
+{..32f17e7e
+..27743cec
+    //..fbb9f8e0
+    re..981c5168
+    re..5ca2e0d6
+    re..e20dc773
+    st..e4d8732e
+    st..0b8a27b4
+    in..1f364a85
+    st..5de2c969
+..27743cec
+    //..43c76a9a
+    in..1a17374b
+    Id..7bf5044f
+    bo..100cd387
+    bo..a24c58b6
+    bo..e00bf860
+..27743cec
+    //..c6b700ad
+    vo..12f51fd1
+    {..079a191f
+      ..2c02aaaa
+..27743cec
+      ..f729b13e
+      ..d52572ee
+      ..21086a05
+      ..1737de99
+..27743cec
+      ..6f8ff803
+      ..55984c7c
+      ..553cb291
+      ..bb6cc96f
+      ..c089b2cb
+      ..ffd6735a
+      ..937a9ad1
+      ..210bf185
+      ..87eeb6cb
+      ..ea6815ab
+      ..50d03fea
+      ..aa3b682b
+      ..a17d96c7
+      ..937a9ad1
+      ..f305efac
+..27743cec
+      ..f8e81520
+      ..bc1dfabe
+      ..1bd48938
+      ..3686badf
+      ..6b4d2014
+      ..deb91e5e
+      ..4db296c1
+      ..06ed3190
+      ..b1d266f0
+      ..f1574390
+      ..b523dab8
+      ..43f8f011
+      ..bce0cccb
+      ..9e0fbe1a
+      ..1e4db781
+      ..c0e35f19
+..27743cec
+      ..012feb16
+      ..0c54dbc5
+      ..b1d266f0
+      ..0349fd90
+      ..7d25e2d9
+      ..3fdb29a1
+      ..8764806a
+      ..082cf07a
+      ..6b4d2014
+      ..cec9158d
+      ..8764806a
+      ..cc1d8811
+      ..d2d3fa7e
+      ..937a9ad1
+      ..ea6973ea
+      ..cc1d8811
+    }..055db3ca
+..27743cec
+    pr..31ad443e
+    {..079a191f
+      ..cd568551
+      ..fb9a7aa0
+      ..937a9ad1
+      ..5cd7eb84
+      ..2f9b4211
+      ..c418e8d8
+      ..24b91def
+      ..6b4d2014
+      ..deb91e5e
+      ..501f2f8b
+      ..b0cd0712
+      ..cc1d8811
+..27743cec
+      ..a85df158
+      ..f7e55654
+      ..937a9ad1
+      ..c507d325
+      ..4bfcf3eb
+      ..be0af9ad
+      ..2ece1f1f
+      ..6b4d2014
+      ..4a4944a2
+      ..c8175edb
+      ..2641f273
+      ..b0f7100d
+      ..6b4d2014
+      ..4a4944a2
+      ..c8175edb
+      ..2641f273
+      ..d6c17f01
+      ..98a346ad
+      ..89466106
+      ..6b4d2014
+      ..deb91e5e
+      ..d34b15ab
+      ..b0cd0712
+      ..cc1d8811
+..27743cec
+      ..4f0cff7d
+      ..e034d3f0
+      ..937a9ad1
+      ..01c7c637
+      ..edbc903b
+      ..be0af9ad
+      ..697977fc
+      ..6b4d2014
+      ..deb91e5e
+      ..4b559bc5
+      ..b0cd0712
+      ..cc1d8811
+    }..055db3ca
+}..716e7bc1