+..3104cb82
+    }..7a943253
+..3104cb82
+    pu..04512b52
+    {..2ca7318f
+      ..8fcda85a
+      ..b0c52c5d
+      ..04f97d14
+..3104cb82
+      ..d59d4c78
+      ..26b0d0e0
+      ..e5d5ae93
+      ..14fa42f1
+      ..ac4524ff
+      ..e337e802
+..3104cb82
+      ..c14ee5d8
+      ..db5cdb82
+      ..6a9da93d
+..3104cb82
+      ..8325204a
+..3104cb82
+      ..65270775
+      ..550d3fb5
-      ..bff2148c
-..6619a511
-      ..f243cfa7
+      ..cff397c3
-      ..d53ebd2a
+      ..c92799d5
-      ..5250f908
+      ..ae000cbc
-      ..80b9004c
+      ..c92799d5
+..3104cb82