+    pr..54ca1ecd
+      ..74f6064e
+      ..60d3919f
+      ..978ded2c
+..56b09d7a
-      ..fdba1de6
+..56b09d7a
+      ..d9840089
+      ..a27fc032
+      ..70b88c1a
+      ..0ded767b
+..56b09d7a
-      ..1f9fa49b
+..56b09d7a
+      ..d9840089
+      ..fd266768
+      ..70b88c1a
+      ..711f57c6
+..56b09d7a
-      ..958e64a8
-      ..9c3af75c
-      ..3d6bdcbb
-      ..d47d62d9
-      ..409fbb2d
-      ..f723a116
-      ..5d2aec2e
-      ..6015feeb
+..56b09d7a
+      ..d9840089
+      ..6dffa71a
+      ..523114ac
+      ..f7035bef
+      ..68f56e9c
+      ..276f8693
+      ..e33339be
+      ..d2d9392d
+      ..70b88c1a
+      ..499c7263
+..56b09d7a
-      ..bf5f2058
+      ..4ac63aa7
-      ..9f89cd7b
-      ..623fc7f1
+..56b09d7a
+      ..92348707
+      ..418b7a83
+      ..9197cd6f
+      ..5c51034f
+      ..d22ef4ff
+      ..18935c99
+      ..a3d55cf5
-      ..1388d4af
-      ..3d6bdcbb
-      ..c02743ae
-      ..3d6bdcbb
-      ..0f23a608
-      ..515b83ff
-      ..d0bbab15
+      ..d9840089
+      ..6dffa71a
+      ..ba24099e
+..56b09d7a
+      ..19033533
+      ..03db378c
+      ..18935c99
+      ..f9ed8ca5
+      ..d2d9392d
-      ..edb7faed
+      ..18576e66
-      ..3d6bdcbb
-      ..b0573bda
-      ..f268441d
-      ..7c882522
+      ..92348707
+      ..17ab4545
+      ..8aa11918
+      ..5b0872f1
-      ..3d6bdcbb
-      ..4bf2cd15
-      ..cfb80216
-..848d5d6f
-      ..41a4b75b
-      ..18ca9207
-..848d5d6f
-      ..8973cca6
-..848d5d6f
-      ..772e3338
-      ..4bb94485
-      ..cc3dc3bf
-      ..88827f19
-      ..cc3dc3bf
-      ..b6a53e8d
-      ..2fdf325b
-      ..6e9ec70e
-      ..519b4660
+      ..d9840089
+      ..6dffa71a
+      ..332b250d
+      ..8a3e2f87
-      ..a29bee5a
+      ..4811a3e4
-      ..8a918239
-      ..72a41235
+      ..5ba7b9ca
+      ..c7be5f0c
-      ..a29bee5a
+      ..4811a3e4
+      ..d2d9392d
-      ..2d4ce311
+      ..d9840089
-      ..3979923c
+      ..c48ff495
-      ..477c9604
-      ..a1e0caf1
-      ..758b5c84
+      ..95b85e1f
+      ..8aa11918
+      ..8a4b7345
+      ..4df0865f
+      ..5b0872f1
-      ..1c89bcbb
-      ..1925c386
+      ..c0f57b1f
+      ..befd94e0
-      ..b8cf1b61
+      ..c3da65ef
+      ..d22ef4ff
-      ..26b03762
+      ..b28ac3e4
-      ..f0d50f56
-      ..cc0de415
+      ..bb4aeba6
+      ..d4cb71fa
-      ..7b9060e0
+      ..db0be406
-      ..a82c0075
+      ..e3b77bc2