+..2aff0401
+    pr..6513e29b
+      ..67a27480
+      ..14b2ff72
+      ..f600615e
+      ..6bb57bd0
+      ..d716b305
+      ..d8ed5610
+      ..ba4386cd
+..2aff0401
+    pr..8ac05112
+    {..e67c92b9
+      ..1cd87477
+    }..adb91057
+..2aff0401
-      ..b33f4dd4
-      ..bf94ae18
-      ..28d790db
-      ..0311fd10
+      ..9405e3f4
-      ..28661112
-      ..d0328bab
+      ..04e265e8
+      ..703f8e7c
+      ..c1fe7c07
+      ..007f6179
-      ..db0db439
-      ..bd7e3782
-      ..9ce28ce8
-      ..000871c7
-      ..47a84a15
-..5bce2bb6
+..2aff0401