-      ..be80760a
+      ..3c5832f8
-      ..8cde0a9b
+      ..e10154dc
-      ..e92b8991
+      ..833c73bd
-      ..ccd55311
+      ..d7fee65b
-      ..7454d4ec
+      ..e593fe65
-      ..e92b8991
+      ..833c73bd
-      ..ccd55311
+      ..d7fee65b
-      ..6a37e288
+      ..5732f8fb
-      ..1709a48d
+      ..a4cc27fb
-    pu..657e1eaf
+    pu..aad3eeb2
-      ..271f1452
+      ..b35d2c85
-      ..de2a233d
-      ..271f1452
+      ..92380091
+      ..b35d2c85
-      ..44df35a6
+      ..beef00c4
-      ..6bdddc69
+      ..319d5c4b
+      ..75a1686d
-      ..be975557
+      ..bd87372e
-      ..ffc62e19
-      ..44d2c771
+      ..afa17cf7
+      ..029c9a73
-      ..8a1207ca
+      ..34f48286
-      ..28426106
-      ..25ead28b
+      ..59df6db2
+      ..988b8005
-      ..7a78a333
+      ..19f02334
-      ..d44c5f61
+      ..378bd677
-      ..3f3948d6
+      ..de207ff3
-      ..6b281473
+      ..97ca4c13
+..a86996a7
+      ..4be1f3a4
+      ..dd99cc00
-      ..716a2a91
-      ..fe50ffd1
-      ..cb81507e
-      ..252a2b14
-      ..09553f72
-      ..06f1df57
-      ..9d572b27
+      ..dccfb465
-      ..72337d64
-      ..bc441e73
-..bab4edc4
-      ..b080f5e0
-..bab4edc4
-      ..370a8002
-      ..ac3d49c9
-      ..f88a3477
-      ..bc441e73
-      ..63b5f105
-..bab4edc4
-      ..775fafe7
-      ..ac3d49c9
-      ..379e2388
-      ..9d3f44a8
-      ..aadc322e
-      ..63b5f105
-      ..074d0b19
-      ..bc441e73
-..bab4edc4
-      ..ca4ca43f
-      ..878815bf
+      ..5a24c680
-      ..6b653669
-      ..b0644afa
-      ..d3db0571
+      ..392d120b
-      ..ec69481d
+      ..3da19bae
-      ..e7e64973
+      ..9254edba
-      ..9a88bb75
+      ..783557d8
-      ..dd6d3352
+      ..624f57c2
-      ..2562bde2
+      ..21ee9f34
+      ..a3763925
+      ..66161d89
+      ..fe4c333f
+      ..92aeb475
+..a86996a7
+      ..7183a9c0
+      ..8eacd57f
+      ..c3c6505e
+      ..51827644
+      ..ca6e4473
+      ..be555fb8
+      ..c9c70e90
+      ..7b54e8a3
-      ..c476d131
+      ..389b70d5
-      ..979c727a
+      ..55e492cb
+      ..cf154ff8
+      ..86eb265b
+      ..bb64d6dd
+      ..a8483098
-..bab4edc4
-      ..9927724f
-      ..d01826a0
+      ..2a80be22
+      ..d32e523a
-      ..1dfdedaf
+      ..3dc03770