--- /de..bc14c2fe
+﻿usi..09863eb5
+using ..39357e0b
+..2c68f2dc
+namesp..10d60582
+{..76f96392
+	publi..05898454
+	{..dd2325fe
+		publ..9f019c91
+		{..e77ea826
+			ret..afa4de89
+		}..6626ec18
+..2c68f2dc
+		publ..1b5cd9e2
+		{..e77ea826
+			ret..e81bcac8
+		}..6626ec18
+..2c68f2dc
+		publ..25805971
+		{..e77ea826
+			ret..1d4ac9dc
+		}..6626ec18
+..2c68f2dc
+		publ..cbfe5976
+		{..e77ea826
+			Edi..81457c67
+		}..6626ec18
+..2c68f2dc
+		publ..680fba62
+		{..e77ea826
+			Edi..491c3caf
+		}..6626ec18
+..2c68f2dc
+		publ..22434a7e
+		{..e77ea826
+			Edi..ab8fd845
+		}..6626ec18
+	}..77c873a7
+}..aa6bc82b
--- /de..bc14c2fe
+﻿usi..44c7fc57
+using ..8e955bd5
+using ..39357e0b
+using ..2d7eb0be
+using ..83001609
+using ..0673c110
+..2c68f2dc
+namesp..10d60582
+{..76f96392
+	publi..03e5e53e
+	{..dd2325fe
+		publ..0a309a75
+		{..e77ea826
+			pub..dc0d626a
+			pub..57481461
+			pub..224b8c60
+			pub..842f4b79
+			pub..52487dfd
+..2c68f2dc
+			pub..83f9475d
+			pub..868805a7
+..2c68f2dc
+			pub..24722df1
+..2c68f2dc
+			pub..b718c682
+			{..45e5dc0c
+				th..5c8b4e4c
+				th..8e9a8a04
+				th..9789c1c9
+				ow..40d0aefa
+..2c68f2dc
+				if..aba2e461
+				{..0f9e847f
+					s..1ca44dfd
+					i..d8c7b36b
+					{..f563d66c
+						..06f33956
+					}..bcf81d44
+				}..82b7853e
+..2c68f2dc
+				ro..729e9eab
+			}..dbe17318
+..2c68f2dc
+			pub..6cdb2494
+			{..45e5dc0c
+				Me..d6513782
+				th..8e9a8a04
+				th..9789c1c9
+				ow..40d0aefa
+				ro..729e9eab
+			}..dbe17318
+		}..6626ec18
+..2c68f2dc
+		publ..eee1c238
+		{..e77ea826
+			boo..49998164
+		}..6626ec18
+..2c68f2dc
+		stru..0a2560b8
+		{..e77ea826
+			pub..08c92a41
+			{..45e5dc0c
+				re..36bb9a53
+			}..dbe17318
+		}..6626ec18
+..2c68f2dc
+		stru..7cff6cf8
+		{..e77ea826
+			pub..f9c22f35
+..2c68f2dc
+			pub..08c92a41
+			{..45e5dc0c
+				ti..d2c952c9
+				re..d1839c0c
+			}..dbe17318
+		}..6626ec18
+..2c68f2dc
+		stru..7b76b584
+		{..e77ea826
+			pub..71c75a03
+..2c68f2dc
+			pub..08c92a41
+			{..45e5dc0c
+				re..d26b5e50
+			}..dbe17318
+		}..6626ec18
+..2c68f2dc
+		stru..84d04156
+		{..e77ea826
+			pub..f4c0c284
+..2c68f2dc
+			pub..08c92a41
+			{..45e5dc0c
+				re..ee720a5d
+			}..dbe17318
+		}..6626ec18
+..2c68f2dc
+		stru..a9fdd3aa
+		{..e77ea826
+			pub..0d9f5a48
+..2c68f2dc
+			pub..08c92a41
+			{..45e5dc0c
+				re..88adf9b0
+			}..dbe17318
+		}..6626ec18
+..2c68f2dc
+		stat..54998938
+..2c68f2dc
+		Dict..341ebf53
+		List..7c15c675
+..2c68f2dc
+		Dict..61a70079
+			new..2481f45c
+..2c68f2dc
+		Date..7530edbc
+..2c68f2dc
+		/// ..3b12d8bc
+		/// ..0d34dc60
+		/// ..974a4152
+		publ..08b3e805
+		{..e77ea826
+			Cre..dfeeebb4
+			ret..a0da4837
+		}..6626ec18
+..2c68f2dc
+		/// ..3b12d8bc
+		/// ..219a3ceb
+		/// ..974a4152
+		publ..f97b378e
+		{..e77ea826
+			ret..0ed804e8
+		}..6626ec18
+..2c68f2dc
+		/// ..3b12d8bc
+		/// ..219a3ceb
+		/// ..817f8213
+		/// ..974a4152
+		publ..996dd364
+		{..e77ea826
+			Met..5d0a16b7
+				.G..06a1c097
+			if ..9e0296d7
+			{..45e5dc0c
+				De..561787c7
+			}..dbe17318
+			obj..b41d45ce
+..2c68f2dc
+			if ..416268c5
+			{..45e5dc0c
+				re..7104d7d5
+			}..dbe17318
+			els..c82ac001
+			{..45e5dc0c
+				re..60dc593f
+			}..dbe17318
+..2c68f2dc
+			if ..5d07cd41
+			{..45e5dc0c
+				Cr..375cd3bb
+				re..19c2381c
+			}..dbe17318
+			els..c82ac001
+			{..45e5dc0c
+				De..6689d109
+			}..dbe17318
+..2c68f2dc
+			ret..a0d67386
+		}..6626ec18
+..2c68f2dc
+		/// ..e57aa928
+		/// ..45bf35d3
+		/// ..974a4152
+		publ..e3a08ece
+		{..e77ea826
+			Cre..dfeeebb4
+			ins..5e43b512
+		}..6626ec18
+..2c68f2dc
+		/// ..03837f21
+		/// ..9a4500f0
+		/// ..3c107572
+		/// ..974a4152
+		publ..7faf6320
+		{..e77ea826
+			Cre..dfeeebb4
+			ins..63a50ad6
+		}..6626ec18
+..2c68f2dc
+		/// ..03837f21
+		/// ..13d267fa
+		/// ..974a4152
+		publ..ad59f718
+		{..e77ea826
+			Cre..dfeeebb4
+			ins..0fe6eee5
+		}..6626ec18
+..2c68f2dc
+		stat..41ffbea3
+		{..e77ea826
+			if ..cf2a28b1
+			{..45e5dc0c
+				in..541a9567
+				in..269b32b8
+			}..dbe17318
+		}..6626ec18
+..2c68f2dc
+		void..2c54ce42
+		{..e77ea826
+			pre..a2f3f922
+			Edi..329187d8
+		}..6626ec18
+..2c68f2dc
+		void..a20dfa2c
+		{..e77ea826
+			GoS..928a98c1
+		}..6626ec18
+..2c68f2dc
+		void..b9381f84
+		{..e77ea826
+			GoS..52feba5a
+		}..6626ec18
+..2c68f2dc
+		void..4180aedd
+		{..e77ea826
+			if ..57313891
+			{..45e5dc0c
+				co..7ba76b32
+				co..af875411
+			}..dbe17318
+		}..6626ec18
+..2c68f2dc
+		void..15402cc3
+		{..e77ea826
+			Edi..eb3c97a7
+			if ..eb97a9f1
+			{..45e5dc0c
+				fo..7cf4e3b1
+				{..0f9e847f
+					c..ebca18cc
+				}..82b7853e
+				co..760d99d2
+			}..dbe17318
+		}..6626ec18
+..2c68f2dc
+		Edit..db5af62f
+		{..e77ea826
+			if ..166903bc
+			{..45e5dc0c
+				De..3b52d092
+			}..dbe17318
+			Edi..d9a64c8f
+			GoS..095c7cb4
+			ret..b7f06db7
+		}..6626ec18
+..2c68f2dc
+		void..e4954598
+		{..e77ea826
+			if ..c25420ae
+			{..45e5dc0c
+				Li..8087e3d7
+				co..2dce4d95
+			}..dbe17318
+			cor..8ffe19f7
+..2c68f2dc
+			if ..ab542137
+			{..45e5dc0c
+				Di..73941238
+				co..0153bfa5
+			}..dbe17318
+..2c68f2dc
+			// ..55067afe
+			// ..da588c8e
+			if ..17d5496c
+			{..45e5dc0c
+				co..fe7dbef4
+			}..dbe17318
+..2c68f2dc
+			Mov..9b420b0b
+		}..6626ec18
+..2c68f2dc
+		Edit..6e9115fd
+		{..e77ea826
+			ret..bf20cd98
+		}..6626ec18
+..2c68f2dc
+		Edit..3df8a548
+		{..e77ea826
+			ret..df0d8e1c
+		}..6626ec18
+..2c68f2dc
+		void..206e2638
+		{..e77ea826
+			flo..0f4f9164
+..2c68f2dc
+			pre..a2f3f922
+			if ..1726de22
+			{..45e5dc0c
+				re..eda31824
+			}..dbe17318
+..2c68f2dc
+			tem..cb28fd74
+			for..bdfa6ace
+				te..bbc6108b
+..2c68f2dc
+			for..6bb20ccb
+			{..45e5dc0c
+				Li..134025a8
+..2c68f2dc
+				fo..1346d341
+				{..0f9e847f
+					E..d2aae7a3
+..2c68f2dc
+					i..2940afd3
+					{..f563d66c
+						..e15faf6f
+					}..bcf81d44
+..2c68f2dc
+					i..75f6d813
+					{..f563d66c
+						..1f3a2d97
+						..a927dd9d
+						..8843a1ed
+					}..bcf81d44
+..2c68f2dc
+					i..0ef8c1b4
+					{..f563d66c
+						..679aa3b2
+					}..bcf81d44
+				}..82b7853e
+			}..dbe17318
+		}..6626ec18
+..2c68f2dc
+		stat..5f5e315d
+		{..e77ea826
+			if ..1c8c1897
+			{..45e5dc0c
+				re..5d846956
+			}..dbe17318
+..2c68f2dc
+			ret..512d2d68
+		}..6626ec18
+..2c68f2dc
+		// r..babdffe4
+		stat..1de62b38
+		{..e77ea826
+			obj..a7a03184
+			if ..0b230a3a
+			{..45e5dc0c
+				re..b6a150e9
+			}..dbe17318
+			els..645270e5
+			{..45e5dc0c
+				fl..9b01c5d3
+				co..c8f8b3da
+			}..dbe17318
+			els..0435480b
+			{..45e5dc0c
+				co..47b22298
+			}..dbe17318
+			els..649996ee
+			{..45e5dc0c
+				co..2a0515a5
+			}..dbe17318
+			els..50eb6a8e
+			{..45e5dc0c
+				co..44c2a004
+			}..dbe17318
+			els..4f06dc76
+			{..45e5dc0c
+				co..e8743f0e
+			}..dbe17318
+			els..c82ac001
+			{..45e5dc0c
+				De..decd8cf1
+					n..598c06b3
+					n..8a5d703c
+				co..2a0515a5
+			}..dbe17318
+			ret..2dfb74b4
+		}..6626ec18
+..2c68f2dc
+		stat..a7ce8ef0
+		{..e77ea826
+			Bin..0646892f
+			Fie..2865d020
+			ret..cef12375
+		}..6626ec18
+	}..77c873a7
+}..aa6bc82b