-// pos..0bc8d38d
-functi..5fea5dbe
+let cu..8616570b
-    if..3527b79f
+functi..14206368
+    le..ee30e71d
+    de..fe755e24
+    de..3305984f
+    de..fe755e24
+}..f0d7af34
-      ..87036171
-      ..213a9dca
-      ..6971946f
-      ..213a9dca
+// pos..a7921452
+functi..5ce7b5c3
+..84ae79d3
+    //..410846af
+    re..37cf2bce
+      ..1ce6620f
+      ..6349081e
+      ..1597a18a
+      ..1d31e9d2
+      ..bced8cfc
+      ..c04fa69a
+    },..55216ca1
+      ..9b25a7d5
+      ..5f145fae
+      ..55c7c1ac
+      ..30b7ad74
+    })..dfa2d51d
+}..f0d7af34
-    } ..d3edc082
+functi..8101e18b
-		// P..addbd5f4
-      ..f6e71d33
-      ..b62e23a7
-      ..528d72b6
-      ..046d691d
-      ..387809f6
-      ..2255b3f0
-      ..5f499fd6
-      ..90252298
-      ..882537e3
-      ..0a1bb5f3
-      ..1a9e0706
-      ..76edc272
-      ..83dcbadf
-    }..ca8e31c1
+    le..6d05ab75
+    cu..27a78599
+functi..9e7df621
+..84ae79d3
+    //..410846af
+    re..37cf2bce
+      ..1ce6620f
+      ..6349081e
+      ..1597a18a
+      ..1d31e9d2
+      ..4336f134
+      ..171251d7
+    },..55216ca1
+      ..9b25a7d5
+      ..5f145fae
+      ..55c7c1ac
+      ..30b7ad74
+    })..dfa2d51d
+}..f0d7af34
-functi..dc9c49be
+functi..a4e13b4d
-    //..e83c54e6
-    fo..5cf5ce62
+    if..d1134eaf
+..84ae79d3
+      ..ad72c084
+      ..7a52fc5b
+      ..c179a079
+      ..9c95cae2
+      ..6f7a86da
+..84ae79d3
+      ..11bfbaf9
+      ..d84bad44
+      ..32175562
-      ..5bc42a7a
-      ..56d585b8
-      ..f573cffc
-      ..dd9cf4bd
-      ..677b7ed9
+      ..e804dedd
+      ..6203750b
+      ..97f7bb09
+      ..4866b6fa
+      ..23d31bad
+      ..fbc4a854
+..84ae79d3
+      ..255ac34f
+      ..f1fc1d4e
+      ..26f8b8a3
+      ..e98d891a
+..84ae79d3
+      ..111a9b9a
+      ..0728983d
-      ..8adc3552
-      ..577caf05
-      ..6dd5846f
+    } ..d0d73eb3
+      ..178648c9
+      ..8807bb17
+..84ae79d3
+      ..e804dedd
+      ..6203750b
+      ..325005a0
+      ..4866b6fa
+      ..23d31bad
+      ..fbc4a854
+      ..fcb51013
+      ..2d6e3669
+..84ae79d3
+      ..255ac34f
+      ..f1fc1d4e
+      ..26f8b8a3
+      ..e98d891a
-functi..91699bf8
+functi..a06e8315
-      ..3528a7b5
+      ..d7e323c8
-      ..82d1c063
+      ..8584fa6f
-      ..3528a7b5
+      ..d7e323c8
-      ..82d1c063
+      ..8584fa6f
-      ..3528a7b5
+      ..d7e323c8
-      ..82d1c063
+      ..8584fa6f
-      ..3528a7b5
+      ..d7e323c8
-      ..82d1c063
+      ..8584fa6f
-      ..3528a7b5
+      ..d7e323c8
-      ..82d1c063
+      ..8584fa6f
-      ..3528a7b5
+      ..d7e323c8
-      ..82d1c063
+      ..8584fa6f
-      ..3528a7b5
+      ..d7e323c8
-      ..82d1c063
+      ..8584fa6f
-      ..3528a7b5
+      ..d7e323c8
-      ..82d1c063
+      ..8584fa6f
-      ..3528a7b5
+      ..d7e323c8
-      ..82d1c063
+      ..8584fa6f
-      ..3528a7b5
+      ..d7e323c8
-      ..82d1c063
+      ..8584fa6f
-      ..3528a7b5
+      ..d7e323c8
-      ..82d1c063
+      ..8584fa6f
-      ..3528a7b5
+      ..d7e323c8
-      ..82d1c063
+      ..8584fa6f
-      ..3528a7b5
+      ..d7e323c8
-      ..82d1c063
+      ..8584fa6f
-      ..92fd5a80
+      ..034ebfa5
+..84ae79d3
-      ..e1264801
+      ..5977732b
+      ..ba131881
+      ..47e008d5
+	"PROC..8c6f3bba