-Open `..85416c54
-ID and..dc95dc18
+Open `..844df639
-      ..16c7ad00
+      ..283fc976
-      ..63aed0c0
+      ..b41c19bc
-      ..b679ffd4
+      ..cb81be96
+..5e37f64a
+      ..87d3331e
+      ..dad6107a
+      ..93bea80d
+..5e37f64a
-      ..a52ee1be
+      ..3a95108c
-let IN..864248c9
+let in..44b7bd9e
-// Go ..da8c2d08
-// pas..34bd74eb
+// Onc..26f5ba1a
+// and..a4e2a48f
-let lo..25384f10
-    //..9e8ac0da
-    fo..60b22c12
-      ..3725c19c
-      ..873edd05
-    }..974d0773
+    le..e8e37658
+    le..b3906c09
-    le..849392b6
-    de..8264b75b
+    de..b3f3ad22
-    if..3e300621
+    if..2f8fca3a
-      ..cb89946a
+      ..2334127a
-      ..d5dbe762
+      ..759cc2a7
-      ..722d3ade
+      ..c7911e42
-      ..566c5960
-..0baf319d
-      ..433e359c
-      ..e771d88d
-      ..32e3531f
-      ..b843accc
-      ..5ab7e80d
+      ..0bcac464
+      ..64c3c8e8
+      ..27f4c0ac
+      ..8acc6742
+      ..bf7d395e
+      ..460a4e2f
-      ..00afe772
-..0baf319d
-      ..91650205
-      ..9963ff7a
+      ..77a91354
+      ..39327484
-      ..2efb5e4b
-      ..bf7d1f3c
-      ..c7c5226e
-      ..d45df232
-      ..eea5758c
-      ..1dd1787a
-      ..6ebbbbdc
+      ..eb9d60f9
-      ..50c22ada
-      ..fc841874
-      ..68310ad7
-      ..a57cde16
-      ..6ebbbbdc
+      ..77a91354
+      ..1f53c411
-      ..26cee475
-..0baf319d
-      ..68310ad7
-      ..6b28f184
-      ..6ebbbbdc
+      ..182cc749
-      ..433e359c
+      ..0bcac464
-      ..2ec4419c
-      ..70e80c62
-      ..031480af
-      ..74da0e55
-      ..712a2dce
-      ..65758d93
-..0baf319d
-      ..59982eaf
-      ..9105725c
+      ..e41780fc
+      ..a6236f6a
-      ..3720049f
-      ..e756c57f
+      ..feb34a2c
-			deb..8decd301
-			pro..125400f7
+			deb..b0c8c2ef
-      ..5439f770
-      ..3ee3db1f
+      ..ce69ae47
+..5e37f64a
+    pr..e34be723
-    de..9448f994
+    le..e8e37658
+    le..b3906c09
-    if..f4d46c67
+    de..02d4ff67
+..5e37f64a
+    if..999ba131
-	INTER..865e4ec5
-    se..e4313b51
+    se..be08b14e
+}..b0216929
+..5e37f64a
+//////..cafc5551
+..5e37f64a
+functi..1aa8699a
+..5e37f64a
+    //..c60efd22
+    sh..5b756139
+    _c..715fd2a4
+..5e37f64a
+    //..36b6aa59
+    //..36debfde
+    //..eea17a07
+    //..f1dde956
+    //..a1e3a83a
+    //..db266824
+    //..704c68aa
+    //..59945f27
+    //..ceeaf915
+    //..db266824
+    //..da1949d7
+    //..db266824
+    //..14f2275e
+    //..db266824
+    //..92e98766
+    //..85f7418b
+    //..2f9c264b
+    //..0d911086
+    //..4d575ed7
+    //..3ea08f4e
+    //..f1cb8cfb
+    //..2cf13380
+    //..6148d33f
+    //..99e83c0f
-    st..fc83cbc8
+    st..78dc6772
+    gr..cf1fd50f
+// lev..bbaf0925
+let Le..f5b24184
+    OF..ed119628
+    NO..78c8a9d0
+    VE..a0a54137
+}..b0216929
+..5e37f64a
+// cha..958e4600
-    ER..97f70df5
-    SU..63d67569
-    SU..b80051ac
-    ET..4c99bb4c
-    EV..8fc54b6a
-    PH..fd1e072f
-    DB..a084ce06
+    ER..4989a8b8
+    FL..3f835776
+    BL..0453a7aa
+    HI..3656d015
+    SU..1b06ebcb
+    SU..dcd01e32
+    EV..e5370cf4
+    EV..eb9a3361
+    TP..a23785a1
+    DE..f7a805a8
-let lo..9b9ff975
-    [L..e9c54321
-    [L..b32f4c41
-    [L..51cbb2b7
-    [L..ad764c17
-    [L..c7666fa4
-    [L..ebee4ade
-    [L..66762f33
-    [L..67c2c922
+// def..d843fbd7
+let lo..e958350d
+    [L..c76145b9
+    [L..58373245
+    [L..f8c16a58
+    [L..8a1551c8
+    [L..a62d746c
+    [L..b088ee44
+    [L..0883a73d
+    [L..e2191db6
+    [L..ee7167d5
+    [L..590ada34
+    [L..641585c4
-functi..6e806c4d
+//////..cafc5551
+..5e37f64a
+functi..763051f3
-    if..2abe560e
+    if..aadc66df
+functi..64708055
+..5e37f64a
+    fo..ca85f95c
+..5e37f64a
+      ..5e8403ed
+      ..d969cf5f
+..5e37f64a
+      ..94a92a3f
+      ..8e7f5b11
+      ..1aa3adb7
+    }..70c745ea
+}..b0216929
+..5e37f64a
+//////..cafc5551
+..5e37f64a
-    lo..ae7f1e00
+    Le..af09e990
+..5e37f64a
+    lo..9ac47fb0
+    se..7ac07356
+++ /de..6d4062f2
-//////..94ed1c1c
-..0baf319d
-let re..c9e660c1
-..0baf319d
-let de..196000d6
-..0baf319d
-//////..94ed1c1c
-// OAu..d9138882
-//////..94ed1c1c
-functi..23997b5d
-..0baf319d
-    le..11367150
-      ..eb840afb
-      ..121be747
-      ..24755d13
-    };..8d086e44
-..0baf319d
-    re..927c0a9b
-      ..5a0196a3
-      ..012dcd10
-      ..35dd7547
-      ..ae46ad72
-    },..d7b0e3b5
-..0baf319d
-      ..01cd2030
-      ..506701ea
-      ..55fcba1b
-..0baf319d
-      ..4200a516
-      ..e7a76a64
-      ..f288358a
-      ..49a444ea
-      ..f33dee42
-      ..65758d93
-      ..5759c913
-      ..4dfbf6ec
-      ..b88506c3
-      ..af8c3562
-    })..a2119551
-}..bdcbe8e7
-..0baf319d
-//////..94ed1c1c
-..0baf319d
-module..953531cf
-    gr..74f144b9
-}..bdcbe8e7
-..0baf319d
-//////..94ed1c1c
-// num..72036464
+// num..0b7bbb23
+..5e37f64a
+//////..cafc5551
-    le..ce5b9f37
+    le..49d33a68
-      ..16c7ad00
+      ..1e5ec24b
-      ..63aed0c0
+      ..b41c19bc
-      ..8c8e4560
+      ..3f9d81b6
-      ..9f8e0c2f
-      ..6750ad5f
+      ..59655b4b
+      ..4d84a054
-      ..dab39a0d
-      ..fbf277ea
+      ..62d05326
+      ..e9d78cf4
-      ..9ff6b29b
-      ..229e23cb
+      ..02fec009
+      ..2fc5a57e
-      ..3ef61536
-      ..27f792d2
+      ..dd3aed18
+      ..5b81e468
-      ..4393bda5
-      ..386e8de8
+      ..d295480e
+      ..8ab60d75
-      ..b368d0cf
-      ..0004c16c
+      ..d0d11f9f
+      ..04cf6a24
-      ..a2f1c28d
-      ..f48a77dc
-      ..09da497d
-      ..c4e9337e
+      ..3df647c3
+      ..cf3f0423
+      ..ca3a5f6f
+      ..7f410921
-      ..11cce0b5
+      ..dcf59278
-      ..6f3b7454
+      ..f56dc622
-      ..8ff70857
-      ..f2b564fb
-      ..8ff70857
+      ..5a115884
+      ..4e656857
+      ..5a115884
-      ..2bd88d81
-      ..370424da
+      ..c017e88f
-      ..76a3a17f
-      ..399b63d5
+      ..da893d67
+      ..0a082b91
-      ..90fed8cb
+      ..73ae1d0b
-      ..243c2610
+      ..d3509f18
-    //..3fffc549
+    //..ca60e597
-      ..6f1898d1
-    })..27edd08e
+..5e37f64a
+      ..4ece5bed
+      ..62129f39
+..5e37f64a
+      ..ca7f05a8
+    })..1e3c1f9a
+..5e37f64a
+      ..7eff8992
+..5e37f64a
-      ..673b602a
+      ..671fa4e1
+..5e37f64a
+      ..4d48ba47
-    de..38aab36f
-    de..755bad21
+    de..6ce002f2
-    //..17d97f09
-    //..1375f1a1
-    if..1d3bef4c
-      ..95f0cc20
-..0baf319d
-    de..61766eae
-..0baf319d
-    //..ffb0f3f7
-    if..c26bbccc
-      ..323aaee6
-      ..fc7faee2
-      ..721f057d
-      ..af8c3562
-    }..974d0773
+    de..804c131e
-      ..cb82858a
-      ..f75f703b
-      ..7f543948
-      ..1f4236b0
+      ..02be9b0c
+      ..83b82dce
+      ..bfe27c93
+      ..8766aa2c
-      ..cb82858a
-      ..b2395679
-      ..84b805b9
+      ..02be9b0c
+      ..b75d52eb
+      ..01b98ed4
-      ..9190744e
-      ..4f2545bb
-      ..d7972f0f
-      ..a5bdab7d
-      ..dac451f4
-      ..cb7655b3
+      ..f9e1004a
+      ..c407a8e1
+      ..c41c7e60
+      ..1064c8c1
+      ..4ff73036
+      ..747927d2
-      ..cb82858a
-      ..1aaf291f
-      ..02d81df7
+      ..02be9b0c
+      ..2916c568
+      ..ab3982c1
-      ..9190744e
-      ..4f2545bb
-      ..d7972f0f
-      ..6e88bcd0
+      ..f9e1004a
+      ..c407a8e1
+      ..c41c7e60
+      ..31fb3342
-      ..cb82858a
-      ..1aaf291f
+      ..02be9b0c
+      ..2916c568
-      ..cb82858a
-      ..b2395679
-      ..025b572a
+      ..02be9b0c
+      ..b75d52eb
+      ..495e79a2
-      ..cb82858a
-      ..f75f703b
-      ..1f4236b0
+      ..02be9b0c
+      ..83b82dce
+      ..8766aa2c
-      ..cb82858a
-      ..1f4236b0
+      ..02be9b0c
+      ..8766aa2c
-      ..cb82858a
-      ..b2395679
-      ..84b805b9
-      ..1f4236b0
+      ..02be9b0c
+      ..b75d52eb
+      ..01b98ed4
+      ..8766aa2c
-      ..cb82858a
+      ..02be9b0c
-      ..cb82858a
-      ..bc9e1677
-      ..6a50b931
+      ..02be9b0c
+      ..da142eec
+      ..0e350895
-      ..cb82858a
-      ..041fe3a0
+      ..02be9b0c
+      ..1dc3f310
-      ..0e758c38
+      ..742dcbe8
-    de..9b2a3014
-..0baf319d
-    de..c61f1795
+    //..0e4a588f
+    if..5c15eeca
+..5e37f64a
+      ..b6b9b289
-    if..3c424017
-      ..a086fb9f
+      ..42b8fa3c
+      ..8257fbd6
+      ..1aa3adb7
-    //..6afc153a
-..0baf319d
-..0baf319d
-    le..f9d39d31
+    le..49d33a68
-      ..ce535240
-      ..16c7ad00
+      ..1b4136b8
+      ..8558a767
+      ..1aa3adb7
-      ..63aed0c0
+      ..b41c19bc
-      ..edce6510
+      ..55f1c7d9
-      ..a2f1c28d
-      ..f48a77dc
-      ..09da497d
-      ..c4e9337e
+      ..5b881728
+      ..988c98c5
+      ..f9b89a42
+      ..eb9284aa
-      ..241ff689
+      ..9334eb09
-      ..5ffd478d
+      ..d01065e6
-    //..3fffc549
+    //..ca60e597
-      ..6f1898d1
-    })..27edd08e
+      ..4ece5bed
+      ..62129f39
+..5e37f64a
+      ..ca7f05a8
+    })..1e3c1f9a
+..5e37f64a
+      ..95f1c9b9
+..5e37f64a
-      ..4377f3c7
-      ..1d9b5d54
+      ..70f8d671
-      ..132c5a8a
+      ..af695bac
-      ..a4de6350
+      ..c8bb978f
+..5e37f64a
+      ..372e8e87
-    de..c2f665a0
+    de..937f7d81
-      ..f75f703b
-      ..7f543948
-      ..1f4236b0
+      ..42fb8319
+      ..71ab1bbd
+      ..221b62ba
-      ..b2395679
-      ..84b805b9
-      ..1f4236b0
+      ..968098f8
+      ..01d3ffb5
+      ..221b62ba
-    de..b49172fa
+    //..0e4a588f
+    if..5c15eeca
+..5e37f64a
+      ..6cbcfe87
-    if..3c424017
-      ..80eba1f8
+      ..42b8fa3c
+      ..0a261e57
+      ..1aa3adb7
-    //..6afc153a
-..0baf319d
-..0baf319d
-// arr..2bea3a80
-class ..e2fb9d82
-    co..00614a47
-      ..7d6723ce
-      ..ba9c1a10
-      ..fb770e33
-      ..8198bec3
-    }..974d0773
-}..bdcbe8e7
-..0baf319d
-    oa..bb822427
-    su..8e7ea7bc
-    gr..ea65fb0f
-    gr..90f84e90
+    un..30a460a0
+    hi..fd8e00e0
+    hi..431e91bc
+    hi..83eb6e25
+functi..a41be063
+    da..34b91702
+    da..33e2004b
+    da..b91d9be7
+    da..02eb4a63
+    da..2b7917f5
+    da..0f54982d
+    da..8703b386
+    da..bc4d6b6d
+}..b0216929
+..5e37f64a
+//////..cafc5551
+..5e37f64a
-    Su..e8f2191e
+    re..39eefcee
+++ /de..6d4062f2
-//////..94ed1c1c
-..0baf319d
-let re..c9e660c1
-..0baf319d
-let de..196000d6
-let sh..ece84e03
-let ut..89cb890b
-..0baf319d
-//////..94ed1c1c
-..0baf319d
-let PH..c77f0efa
-..0baf319d
-//////..94ed1c1c
-..0baf319d
-..0baf319d
-//////..94ed1c1c
-// Eve..52215749
-//////..94ed1c1c
-let up..d10aaf79
-..0baf319d
-functi..7cda902d
-    up..b97835f0
-..0baf319d
-    re..0d184a2e
-      ..01a4a3f8
-      ..59703838
-      ..c72834c2
-      ..51d787b2
-      ..ffeac111
-      ..012dcd10
-      ..ecca23a6
-    },..d7b0e3b5
-..0baf319d
-      ..32ad06c2
-      ..1189fff9
-..0baf319d
-      ..a685946c
-..0baf319d
-      ..e76352d6
-..0baf319d
-      ..c92b690a
-..0baf319d
-      ..b9944fe7
-..0baf319d
-      ..7a6a19f6
-      ..fa812494
-      ..9e383f5a
-      ..65758d93
-..0baf319d
-      ..01ae8595
-      ..08345cc1
-..0baf319d
-      ..f5a08f02
-..0baf319d
-      ..9e715820
-      ..10749093
-      ..90e4159b
-      ..ccc18458
-      ..65758d93
-..0baf319d
-      ..77042bf7
-      ..afd55dbc
-      ..f162cff2
-      ..13d254c1
-      ..00e138ec
-      ..c86dc7fc
-      ..d52dabcf
-      ..bc0185ba
-      ..1dd1787a
-      ..6ebbbbdc
-..0baf319d
-      ..95cd7636
-      ..577abe05
-      ..54c778d3
-      ..6ebbbbdc
-      ..ccc18458
-      ..65758d93
-..0baf319d
-      ..197182f3
-      ..44931ff7
-      ..af8c3562
-      ..df57157d
-..0baf319d
-      ..7d64cfa1
-      ..6d010099
-      ..65758d93
-      ..c7a7747a
-      ..55c50381
-      ..65758d93
-      ..af8c3562
-    })..a2119551
-..0baf319d
-    up..8d5b61b1
-}..bdcbe8e7
-..0baf319d
-//////..94ed1c1c
-..0baf319d
-functi..64977fe3
-..0baf319d
-    de..b3471b51
-..0baf319d
-    if..381f3682
-      ..5965ae76
-}..bdcbe8e7
-..0baf319d
-..0baf319d
-//////..94ed1c1c
-..0baf319d
-functi..20371c79
-..0baf319d
-    PH..358f9f15
-..0baf319d
-    //..501db557
-    up..4e0a24c1
-..0baf319d
-    se..208c5d75
-}..bdcbe8e7
-..0baf319d
-//////..94ed1c1c
-..0baf319d
-module..953531cf
-    st..fc83cbc8
-}..bdcbe8e7
-..0baf319d
-//////..94ed1c1c
-// Exp..705f8344
-functi..e84f193a
-..0baf319d
-    fo..b1c45e76
-..0baf319d
-      ..ffd1efee
-..0baf319d
-      ..d60a1d2e
-      ..bbfce85c
-      ..af8c3562
-    }..974d0773
-..0baf319d
-    re..ba51e56b
-}..bdcbe8e7
-..0baf319d
-//////..94ed1c1c
-..0baf319d
+// eve..fcb94f47
+let Ev..e2b32995
+    "D..fbbf1b6d
+    "T..aef6cde3
+    "M..5ceff3cd
+    "C..dcaee275
+    "A..169d77eb
+}..b0216929
+..5e37f64a
+functi..9a5ab0db
+..5e37f64a
+    le..e3978832
+..5e37f64a
+    if..d43e79ac
+      ..40ce9859
+..5e37f64a
+    re..93fdfca2
+}..b0216929
+..5e37f64a
+//////..cafc5551
+..5e37f64a
-    is..27e78738
+    ev..4cf68275
+	"FAKE..81c1d093
-	"SUPP..f28527f7
-	"FAKE..aff8e87f
+..5e37f64a
+	"LOGC..382d4d2c
+    "L..1d5fd7dd
+	"LOGC..652799f4
+	"LOGC..7e6e5be9
+	"LOGC..c54ee204
+    "L..b3ea893a
+	"LOGC..2851cd84
+    "L..38f0a6bf
+	"LOGC..1c542901
+    "L..f1b1acdb
+    "L..4c033590
+    "L..4fac00ec
-let oa..86ad6d9d
-let su..5bde3f16
-let ut..89cb890b
-// int..6675e659
-const ..3df8f7ae
-..0baf319d
-..0baf319d
-const ..1b812a6b
-const ..b6a52fb4
-const ..24851957
-..0baf319d
-//////..94ed1c1c
-    //..2c427692
-    oa..7f85ad3e
-..0baf319d
-      ..c925de2d
-..0baf319d
-      ..bfbd022d
-      ..8c2429e3
-      ..5759c913
-      ..a4db31cd
-      ..af8c3562
-..0baf319d
-		shar..3190d68b
-..0baf319d
-      ..07aad66d
-      ..39d54b7d
+    de..5e4f7d53
-      ..f8a88279
+    sh..b730e8a7
-      ..26630f60
+    sh..95be7d9f
-    },..cf870cdc
+    hi..19027ce5
+    pr..48bb55cb
+    pr..f25a1075
-      ..e26475e8
-      ..65dd18be
-..0baf319d
-				//..951de454
-      ..2b375184
-				pr..5e5e6b59
-				pr..9fa19927
+      ..3054326b
+..5e37f64a
+      ..a1b48d25
+      ..a1f95870
+..5e37f64a
+      ..16c1894b
+      ..430e09a1
+..5e37f64a
+      ..8cdbea75
+      ..8dbd8ca8
+      ..eba5ae78
+      ..62d49c4f
+      ..595545aa
+      ..013f1bba
+      ..bd80cf85
+      ..5669fba7
-      ..85811a4a
+      ..3e0d86bd
-			deb..424d5166
+			deb..a1165f77
+      ..a43ef806
+      ..a7337cd6
-				de..700f39ed