+++ /de..e6c3a637
-      ..17c99644
-      ..0df7ebc1
-      ..a6eb775c
-..e3d4c8e5
-   TER..d3db56d1
-..e3d4c8e5
-   1. ..d4c19c07
-..e3d4c8e5
-      ..099999df
-      ..2e744e71
-..e3d4c8e5
-      ..ec807bc4
-      ..93996790
-..e3d4c8e5
-      ..1b7e447d
-      ..1e2478f2
-      ..bd8d1522
-      ..9eac8420
-      ..6510df25
-      ..3b2fba56
-      ..82a3b4d7
-..e3d4c8e5
-      ..ef771729
-      ..6cad9779
-..e3d4c8e5
-      ..4f2f1143
-      ..183c76e9
-      ..6eb3a987
-..e3d4c8e5
-      ..37669cb0
-      ..65f16f4c
-      ..99314882
-      ..8fb6e524
-..e3d4c8e5
-      ..ee930105
-      ..67e64b85
-      ..7dec2d47
-      ..e0a0a7cf
-..e3d4c8e5
-      ..fe9c2fa2
-      ..228ff8be
-      ..4ba53be0
-      ..3492caf2
-      ..ae54ab35
-      ..e9f902bb
-      ..94c501ee
-..e3d4c8e5
-      ..5651bd72
-      ..f201c6cd
-      ..e39bc8eb
-      ..d25a1bed
-      ..32f81d8e
-      ..8c0a9ed3
-      ..231d387e
-      ..213b647a
-      ..c06f901a
-      ..8af15616
-      ..2c15306a
-      ..569c1794
-      ..9f9c4861
-..e3d4c8e5
-      ..cbc39a54
-      ..5de63cdc
-      ..7bd296ec
-..e3d4c8e5
-   2. ..ca05b3db
-      ..a2397c54
-      ..2c5388ce
-      ..af2d34ce
-      ..21dac01e
-      ..8d1f431e
-..e3d4c8e5
-   3. ..e835a48d
-      ..a2397c54
-      ..2c5388ce
-      ..09e48390
-      ..fb6edb8c
-      ..d5ce8ff3
-      ..a63f83d5
-      ..1ac89064
-      ..b2ecb476
-      ..a8685257
-      ..18f405dc
-      ..f6fc49da
-      ..807bbc39
-      ..b9c41e11
-      ..99f2f055
-..e3d4c8e5
-   4. ..104c4f3f
-      ..3ff01fd7
-      ..649cf784
-      ..148a5b5b
-..e3d4c8e5
-      ..1e2e66c4
-      ..2ef0cd75
-..e3d4c8e5
-      ..25916abb
-      ..d1ba1aec
-..e3d4c8e5
-      ..e78ae68d
-      ..7031df84
-      ..49ed788a
-      ..b6dfbabe
-      ..80f60484
-..e3d4c8e5
-      ..74da07df
-      ..c62dc24e
-      ..eb70df84
-      ..76bd2f74
-      ..77306da9
-      ..89ce9a3c
-      ..780104f4
-      ..89c44089
-      ..f62fa22f
-      ..553d47e7
-      ..b0f0a5db
-      ..bc1d041d
-      ..de47baa0
-      ..ea305f87
-      ..a8cdea9d
-      ..14161469
-..e3d4c8e5
-      ..71183b6d
-      ..36947ad4
-      ..6a00b874
-      ..fed49aa6
-      ..3c3c6323
-      ..87320d3d
-..e3d4c8e5
-   5. ..e23c0ad9
-      ..d82404c1
-      ..709d384e
-      ..7ff90e78
-      ..797d8531
-      ..9a859d6d
-      ..50aabdbb
-..e3d4c8e5
-   6. ..c21e976b
-      ..f56b65fc
-      ..40cb1a66
-      ..3333ad33
-..e3d4c8e5
-   7. ..ab5240f5
-      ..940e8698
-      ..1392dd9e
-      ..a92b4734
-      ..5bc5b328
-      ..01b365d4
-      ..891e7281
-      ..4687d170
-      ..c6284bce
-..e3d4c8e5
-   8. ..292e606a
-      ..618c7363
-      ..29f69941
-      ..17f8b624
-      ..a63f6fb9
-      ..dabfea14
-      ..bfc7006a
-      ..cdd6dccc
-      ..fd81d88e
-      ..6d6e7e78
-      ..faa62e7d
-..e3d4c8e5
-   9. ..344cd08a
-      ..a5274656
-      ..14077c6c
-      ..569aa205
-      ..d515eb11
-      ..21089060
-      ..d971d1db
-      ..1ce3a5c7
-      ..dbf99a01
-      ..9f5a5c99
-..e3d4c8e5
-   END..bfcac4ee
-..e3d4c8e5
-   APP..108f66ec
-..e3d4c8e5
-      ..d027763c
-      ..dd11351e
-      ..094acf4f
-      ..3e3f6c35
-      ..ed774a5d
-      ..bcc14629
-      ..83463fc4
-      ..e91dcec2
-..e3d4c8e5
-   Cop..8c7ef3c4
-..e3d4c8e5
-   Lic..95b88f0a
-   you..408c330d
-   You..5efdf98e
-..e3d4c8e5
-      ..a833c934
-..e3d4c8e5
-   Unl..bd8bfd5f
-   dis..8093ebef
-   WIT..1f991690
-   See..6bce3d25
-   lim..8ec1d911