+import..4229b213
+import..242a9efb
+..ffa8bffb
+    pu..b6537757
+      ..cb7eed7f
+    }..b67d020c
-      ..fa78de88
+      ..028a9888
-      ..5c6e20c9
-      ..97e1b5a1
-      ..d9bc2e16
-      ..80957d92
-      ..555ec6b9
-      ..d7fbc8bf
-      ..460fa590
-      ..52f5d34a
-      ..6ad1c38c
-      ..2fdaca8e
-      ..fe94e405
-      ..86bfb965
-      ..2240cf9c
-      ..2c3f8458
-      ..ba877c7e
-..3a49abbb
+import..f7361d69
+import..4229b213
+..ffa8bffb
+    pu..cb5b061b
+      ..b68f26b9
+      ..91ddffac
+      ..c467c484
+      ..ca1338cf
+      ..072ce547
+      ..49a0b685
+    }..b67d020c