-/worki..7dc663c8
+**/wor..7c4bab32
-*.iml..fc74524c
-..a0092025
-## Dir..bd88fab6
-.idea/..06309152
-# if y..5824f599
-..a0092025
-# User..602538ae
-# .ide..85ba946d
-# .ide..3bd18456
-# .ide..622ac4f1
-..a0092025
-# Sens..941b4498
-# .ide..f609981f
-# .ide..9952d7c5
-# .ide..a396e9ab
-# .ide..8ae04fde
-# .ide..99a375e2
-..a0092025
-# Grad..70910460
-# .ide..6b0e0016
-# .ide..8b3f9a99
-..a0092025
-# Mong..9d59cfc2
-# .ide..894d39db
+/.idea..aef71156
+!/.ide..2f761f23
+*.iml..00f31443
--- /de..af79480f
+<compo..84408198
+  <con..afb37936
+    <E..a67192ae
+      ..feac28f9
+      ..b6d1a5fe
+      ..c3e1d9b4
+      ..e512fb21
+      ..6deddc93
+      ..38363baf
+      ..58127c0a
+      ..3d753fd4
+      ..23d6d505
+      ..96475bf7
+      ..29fee7f8
+      ..58127c0a
+      ..5fc5f4d4
+    </..812427c7
+    <m..fdb94a2c
+  </co..70b6cd74
+</comp..b8350fb1