-      ..61e240af
-      ..c1ac6aff
+      ..8d82acb7
+      ..45b202ba
-      ..0832b14a
+      ..d36840f8
-      ..5eb7f208
+      ..f78970a5
-      ..e8dea3bb
+      ..e7ce1683
-    pr..e69e2220
+    pr..61180bb6
+    pr..69e642c6
-..a3b16587
-    pu..320ede6d
+    pu..4938e2f5
+      ..96f23128
-      ..9c8082f7
-      ..7afb0d3f
-      ..7de0b326
+      ..2ee46711
+      ..ed260ea5
+      ..c7c1f9ec
+      ..4c04ac76
+      ..c755d2ae
+      ..1f203be1
-      ..e6fea256
+..59c46289
+      ..042e5010