-    /*..6d2ba2f0
-     *..4e1ba0ec
-     *..cb8ccdd5
-     *..69828e54
-     *..cb8ccdd5
-     *..c0fbf706
-     *..7ea745d8
-    bo..b9a04a98
+    bo..a1d0c3ba
+..33aa2293
+    bo..715e652b
-    pr..21f194b2
+    pr..b3b6b142
+    pr..2488db34
-      ..c415e9fb
-      ..ca59b36d
+      ..fefece8d
+      ..addbf7f4
+      ..d5ab7ccf
+      ..d1954c17
+      ..21997ec3
+..33aa2293
+      ..4094bcf3
+      ..33ba9d57
+      ..21997ec3
+      ..281d719d
-    pu..e2e33eb5
-      ..9ec4dcc7
+    pu..447df231
+      ..ed74bcec
+      ..5972abb1
-    pu..fcaf197b
-      ..bc565711
-      ..4d0d0dd8
+    pu..4f70c5a8
+      ..811d5bab
+    @O..ae02afa3
+    pu..3c9d3a41
+      ..4639e7ae
+    }..826928ca
-      ..8dcb4071
+      ..d4dc3f1f
-      ..a34f3ab5
+      ..ebf1272c
-  "pla..4e51e2d8
+  "pla..f9a30e9c
-  "deb..0184a83d
+  "deb..c50ba1e5
+    "s..be475736
+    "p..312a3433
+  }..0bc7ac4b