-import..8118b0aa
-import..a1642968
-import..e30deb64
-import..2f90cb2f
-      ..4d0e4aca
+      ..66fa0f37
-      ..28a8a253
-      ..717fc0eb
+      ..b4cc0820
+      ..331dd053
+      ..1bcb3fbf
+      ..33cd7b8f
-      ..f22f663b
-      ..910a661d
+      ..23cf9bb1
+      ..ab247d79
+      ..ea39eb31
-      ..c25b3b4e
-      ..8b5502b5
-      ..9038ef1a
-      ..f9dda39e
-      ..4b391485
-      ..9660f51e
-      ..f4a676bf
+      ..a8dcedd1
+      ..2ec61710
+      ..89de3b31
+..003f182c
+      ..a41f91ef
+      ..fe48a246
+      ..6c7349c6
-      ..1f61280d
+      ..e75a68f9
-      ..e12f053b
-      ..3e17a8b9
-..7085cc03
-      ..5fc4c659
-      ..a2458c87
-      ..bc487595
-      ..7e5926ae
-      ..bb236105
-      ..703222ff
-      ..8efb3aef
-      ..6d584b87
-      ..be32ee76
-      ..a60c814c
-..7085cc03
-      ..44e52fd6
-      ..16d23356
+..003f182c
+      ..c538f5a0
-      ..7a770830
+      ..514bc3ed
+      ..15979c23
+      ..8d465817
+      ..7aaaeb56
+      ..f582b078
-..7085cc03
-      ..a9fd2bc1
-      ..6aa38dd4
+      ..ee579af8
-      ..c426df30
-      ..5c818455
-      ..cf440816
-      ..24470180
-      ..9eddf283
-      ..784676f6
+      ..9433dfa5
+      ..eaec1214
+      ..14701a6f
+      ..6bd189be
+      ..031fa857
+..003f182c
+      ..e82bad71
+    pu..117f2cb8
+      ..8544f13a
+    }..388ebce5
+..003f182c