-      ..5f97412a
-      ..80639555
+      ..f4d59960
-      ..0957e939
-      ..90508bfd
+      ..8b6cb3ba
-      ..5b9d3d32
-      ..68008e99
+      ..91c39e61
+      ..42f3c782
-      ..6765a8d4
-      ..09d2c507
+      ..e623e326
+      ..6e5bb310
+      ..c29ffdaa
+      ..45da2fbc
+      ..4028e5ca
+      ..158be6f4
--- /de..013de0ca
+packag..e50c4beb
+..0e24abd4
+public..7ca9b685
+..0e24abd4
+}..d2769b77
-import..68f2251f
+import..1ca18c8a
-      ..94450bcb
+      ..72092265
-      ..6d968fb5
+      ..07d2af64
-      ..489c7b51
+      ..144e9ace
-      ..5c8e09f2
+      ..0f1accc6
+import..de12bac0
+import..35c4b017
+import..4934984d
-      ..a3d085ce
-      ..e047e617
-      ..7438fc08
+      ..3c58569c
-      ..95fff009
+      ..4fa5f57f
-      ..a4595122
-      ..914b5d2d
+      ..baf5995e
+      ..e5040ba1
+      ..b0045a26
+      ..20741d47
+      ..600825b9
+      ..43dc967a
+..0e24abd4
+      ..bad0c960
-      ..67cd34df
-      ..2b2eb252
+      ..52e1948b
-      ..448a3bc6
-      ..940c08e6
+      ..b974d170
+      ..aba2b845
-      ..444cea3b
+      ..0e3f8d60
-      ..fe8f5f40
+      ..74c2d5ba
-      ..0438ff23
+      ..ff39795c
+..0e24abd4
+      ..1d4a3c0f
-import..68f2251f
+import..1ca18c8a
-     *..eb0e7509
+     *..f5fbacdc
-     *..6e957d35
+     *..463c1bab
-    pu..31fc6138
-      ..80015f6f
-      ..9eb21d98
+    pu..4afa7793
+      ..c066751f
+      ..7a7dc8c0
-     *..a6b15d49
+     *..e29f5ae6
-      ..2d67a5d1
+      ..37be13fe
-      ..53bcf63a
+      ..f44ff051
-      ..54017e39
-      ..942c21a9
-      ..f45952ec
+      ..13f110fa
+      ..d8f91ad8
+      ..4693a902
+      ..fab5ff61
+      ..6f76b53f
+      ..48b1dcd2