-      ..1e3d6fbc
+      ..c61d0cdc
+    pr..647e919f
+    pu..4e4d87cf
+      ..4364554e
+      ..d93f5b94
+    }..388ebce5
+..003f182c
-      ..52082928
-      ..578a7f87
-      ..b2fa3044
-      ..222f8030
-      ..7db13b71
-      ..33fe7414
-      ..6f8fa11a
+      ..48ff1401
+      ..714da572
+      ..d12b50b7
+      ..777e5a84
+      ..d52cce63
+      ..3d4739ba
+      ..c408c9a3
+      ..bc0a02e8
+      ..ca29af96
-//    ..eaa87200
-//    ..4454b375
-//    ..5560ea56
-//    ..5ee2bcef
-//    ..eef0ba70
-//    ..9b314708
-//    ..7bc3b815
-//    ..3144dca2
-//    ..3b2a2dbe
-//    ..7512054d
-//    ..ca33f546
-//    ..1589a10e
-//    ..e906bf51
-//    ..3ca80f70
-//    ..3bdbb5ab
-..7085cc03