+import..902e82f4
+import..561bb283
+import..04c7f8b2
+      ..46914f04
-      ..bb904f50
+      ..5b8795d9
+      ..e34d367d
+      ..e10d94e1
+..0e24abd4
+      ..0e1d6067
+      ..dd9a8845
+      ..84069a3d
+      ..7e54b5ec
+      ..ef1df9c8
+..0e24abd4
+      ..d752537c
-      ..65642e38
-      ..7970ea92
-      ..f7b2d255
-      ..fba58aa2
+      ..46610f12
+      ..4b82e640
+      ..989ce107
+      ..968058b5
+      ..7100d00d
+      ..a29e28e5
+      ..70b053d6
+      ..1a07dc3b
+      ..6485bbe0
+      ..16875750
+      ..7b64d4eb
+      ..2ee267dc
+      ..af04b9ef
+      ..0fb4b4a1
+      ..372c1528
+      ..5a058a59
+      ..2cc556de
+      ..43dc967a
+      ..1a07dc3b
+..0e24abd4
+  "tok..d1e3e1dd
+    "1..4c1d6a32
+      ..ea9be626
+      ..68c55343
+      ..d29daa76
+      ..213b6e1f
+      ..615c5479
+      ..3e03eb7c
+    }..90e16406
+  },..d7bcbb73