+import..36833ab2
-      ..786935db
-      ..0f5feac5
+      ..5ec9309f
+      ..50605317
-      ..42a8eb1a
+      ..61dce1e5
-      ..093651e1
+      ..93f3f574
-      ..d601954a
-      ..2bd12428
-      ..a12c99c8
-      ..bcfaea26
-      ..1c5a1d79
-      ..ab2f985f
+      ..0a887497
+      ..6dfed343
+      ..bf63eee1
+      ..08ec05d3
+      ..186aabec
+      ..fcf8cb14
+      ..6e3ed88f
-      ..1ff8f558
+      ..96fdbe80
-      ..7675ea36
+      ..25381570
-      ..9fbb9d69
+      ..3bcb90ca
+import..36833ab2
+      ..bf63eee1
-..6f6a53b7
-      ..7e64ac09
-      ..e67a710a
+..510363d9
+      ..e6d5553e
+      ..7494f441
+      ..aa6276e5
+      ..9b13e5f5
+      ..c3afe1bf
+      ..7d3a94c7
-import..acf4b05c
-import..b22db3f5
-import..9fc8c411
-import..f17640ed
+import..2c5444eb
+import..050a9515
+import..5aeaa21e
+import..36833ab2
-      ..89f94cdc
-      ..0f5feac5
+      ..87884fce
+      ..50605317
-      ..46837be0
-      ..9c37a41d
-      ..1f6bea78
-      ..8bb6dc65
-      ..2bef576e
-      ..be7e943c
-      ..ffb62e5a
-      ..221d0499
-      ..24c62578
-      ..28f7d677
-      ..e8d109f5
-      ..de1c23e0
-      ..601480c4
-      ..7675ea36
+..510363d9
+      ..61dce1e5
+      ..30f22b8d
+      ..874c181a
+      ..0a887497
+      ..6dfed343
+      ..bf63eee1
+      ..08ec05d3
+      ..186aabec
+      ..fcf8cb14
+      ..6e3ed88f
+      ..96fdbe80
+      ..9b13e5f5
+      ..25381570
+      ..489fdee1
+    re..e84c6ae8
+import..050a9515
+import..5aeaa21e
+import..36833ab2
+import..3a9f566a
-import..acf4b05c
-import..b22db3f5
-import..9fc8c411
-import..f17640ed
+import..2c5444eb
-      ..f3a43fd9
-      ..1dd3d1d4
-      ..4fbdaeca
-      ..9c37a41d
-      ..606578ed
-      ..ed860381
-      ..601480c4
-..6f6a53b7
-      ..fa2ab84a
-      ..e7d38bef
-      ..4f487759
-      ..ffb62e5a
-      ..271bb546
+      ..052f6dac
+      ..0a887497
+      ..6dfed343
+      ..bf63eee1
+      ..08ec05d3
+      ..186aabec
+      ..fcf8cb14
+      ..6e3ed88f
+      ..21fad9f7
+      ..e4af5fd1
+      ..3026b3bd
+      ..3038d1c9
+      ..9b13e5f5
+      ..21fad9f7
+      ..f914cea4
+      ..d6771acc
+      ..3038d1c9
-      ..5e035e10
-      ..46a51e75
-      ..24c62578
-      ..87966ca8
-      ..9ee7827c
-      ..07bf8870
-      ..de1c23e0
-      ..601480c4
+..510363d9