-import..a5ed78c9
-import..208a6b78
-..0e13060e
-    @G..13ecccba
-    pr..e5020cf8
+    pr..f18a7531
-    pu..ae39ea62
-      ..331c3461
+    pu..5a70404d
+      ..94e08e64
-    pu..c063858f
-      ..1618cf39
+    pu..28454c72
+      ..ae6f46ce
+    pu..37211da3
+      ..49259661
+    }..1669d9d0
-import..a4873974
+import..78a3ded6
-    pr..43dd2297
+    pr..6d0a5fc0
-    pr..35a237e7
+    pr..63c4f9ea
-    @S..ca320988
-    pu..42007952
-      ..958e224f
-      ..3765de6f
-      ..562c0d02
-      ..1e4d8de4
-      ..cf78e154
-      ..e8d9695c
-      ..ced96ba0
-      ..5dc9852e
-    }..b2fb890f
-..0e13060e
-    pu..22f3e6ff
-      ..f37ab21c
-      ..5b3221e6
-      ..5dc9852e
-..0e13060e
-      ..e76f58ce
-    }..b2fb890f
--- /de..1ecfd1f4
+packag..2f81370b
+..60001ac8
+import..78a3ded6
+..60001ac8
+public..a2eeab61
+..60001ac8
+    /*..a5eaf0fa
+     *..7e4b20d7
+     *..d17d2bf7
+     *..f5e06cdb
+     *..9117318e
+     *..6a38294b
+     *..c535c67f
+    <T..d3081c8b
+..60001ac8
+    /*..a5eaf0fa
+     *..ecc4e2f4
+     *..d17d2bf7
+     *..d4ee5aa5
+     *..6a38294b
+     *..c535c67f
+    bo..12514e76
+..60001ac8
+    /*..a5eaf0fa
+     *..ff5568ec
+     *..d17d2bf7
+     *..f5e06cdb
+     *..9117318e
+     *..291284c5
+     *..c535c67f
+    <T..ea137eed
+..60001ac8
+    /*..a5eaf0fa
+     *..a87a0710
+     *..d17d2bf7
+     *..f5e06cdb
+     *..9117318e
+     *..ce1bc685
+     *..c535c67f
+    <T..33ff4f18
+..60001ac8
+}..cfb0aae7
--- /de..1ecfd1f4
+packag..2f81370b
+..60001ac8
+import..d723ab5c
+import..2cd02fe3
+..60001ac8
+public..da007256
+..60001ac8
+    @G..fe7bf0e3
+    pr..49df26f9
+..60001ac8
+    pu..f030e232
+      ..7612504f
+    }..1669d9d0
+..60001ac8
+    pu..e71ca172
+      ..ae6f46ce
+    }..1669d9d0
+..60001ac8
+    pu..be0da31a
+      ..19fb4291
+    }..1669d9d0
+..60001ac8
+    pu..d9488d69
+      ..31765946
+    }..1669d9d0
+..60001ac8
+}..cfb0aae7
--- /de..1ecfd1f4
+packag..2f81370b
+..60001ac8
+import..78a3ded6
+import..e79ec830
+..60001ac8
+import..cff3488c
+import..a39b3510
+import..af548d3c
+..60001ac8
+public..acc11090
+..60001ac8
+    pr..3afe0f46
+..60001ac8
+    @O..09a336a2
+    pu..d5d2f562
+      ..ef7dec28
+      ..18547bf0
+      ..cb8faee3
+      ..c3502705
+      ..da246027
+      ..6e2d8294
+      ..45841e32
+      ..d885291b
+    }..1669d9d0
+..60001ac8
+    @O..09a336a2
+    pu..48df4751
+      ..1cedd5e4
+      ..c20f60f3
+      ..4639ad6b
+      ..56664cdb
+      ..0ed0a4dd
+      ..45841e32
+    }..1669d9d0
+..60001ac8
+    @O..09a336a2
+    pu..000d8ab1
+      ..ee797243
+      ..0ed0a4dd
+      ..4639ad6b
+      ..c20f60f3
+      ..45841e32
+    }..1669d9d0
+..60001ac8
+    @O..09a336a2
+    pu..306078b7
+      ..cbc4c05a
+      ..ee797243
+      ..547cb9cd
+      ..4639ad6b
+      ..e0822d40
+      ..af20e705
+      ..2ac7e20d
+      ..42e5e642
+      ..6e2d8294
+      ..45841e32
+      ..0c33c7e3
+    }..1669d9d0
+..60001ac8
+}..cfb0aae7
-      ..a7f65c27
+      ..017b1129
--- /de..1ecfd1f4
+packag..04e08f7e
+..60001ac8
+import..9a8e0c04
+..60001ac8
+public..2f34696a
+..60001ac8
+    Mi..7598790a
+..60001ac8
+}..cfb0aae7
+import..e4453dce
+     *..8c70e722
+     *..d17d2bf7
+     *..b68e531a
+     *..c535c67f
+    Ap..9abb971b
+..60001ac8
+    /*..a5eaf0fa
--- /de..1ecfd1f4
+packag..04e08f7e
+..60001ac8
+import..9a8e0c04
+import..746841b2
+import..563fa962
+import..d931b4b2
+..60001ac8
+public..121c2754
+..60001ac8
+    pu..ed32d8e6
+      ..0cb2da2c
+    }..1669d9d0
+..60001ac8
+    @O..09a336a2
+    pu..48db8e68
+      ..52f45006
+    }..1669d9d0
+..60001ac8
+    @O..09a336a2
+    pu..6cbe1de9
+      ..7827af79
+    }..1669d9d0
+..60001ac8
+}..cfb0aae7
+import..e4453dce
+    @G..fe7bf0e3
+    pr..1b709d3f
-    @G..3a4d8c73
-    pr..2609ff97
-      ..4b3dabfb
+      ..bb2d8f96
+    }..1669d9d0
+..60001ac8
+    pu..4f7b19da
+      ..5b94cb64
-    pu..60439166
+    pu..aaebcb11
+      ..4616032f
-      ..a661a4c1
+      ..6ea4608e
-import..a4873974
+import..78a3ded6
-public..671efff5
+public..be5b86b9
--- /de..1ecfd1f4
+packag..3992a634
+..60001ac8
+public..78fc9e61
+}..cfb0aae7
+++ /de..fcbbe244
-packag..8bd10d74
-..0e13060e
-public..18c99049
-}..fde08126
-      ..62764a4d
+      ..244d4fbd
-      ..be0a007a
+      ..4c4f375c
-      ..be0a007a
+      ..4c4f375c
-      ..a661a4c1
+      ..6ea4608e
-      ..a661a4c1
+      ..6ea4608e
-      ..a661a4c1
+      ..6ea4608e
-      ..a661a4c1
+      ..6ea4608e
-      ..642dc023
+      ..2a826d66
-      ..642dc023
+      ..2a826d66
-      ..642dc023
+      ..2a826d66
-      ..3345d318
+      ..28c4bc4f
-      ..3345d318
+      ..28c4bc4f
-      ..3345d318
+      ..28c4bc4f
-      ..3345d318
+      ..28c4bc4f
-      ..3345d318
+      ..28c4bc4f
-      ..3345d318
+      ..28c4bc4f
-      ..3345d318
+      ..28c4bc4f
-      ..cf57e458
+      ..f813f461