+apply ..449b1275
+..510363d9
+    gr..fa891403
+    ve..2d4291b3
+..510363d9
+    ar..946762bf
-source..9bccd881
-..6f6a53b7
-versio..84f2d05d
+/*..f46386b3
+Enforc..db88a876
+For ex..50e26e19
+ */..cc09ea37
+apply ..626083fd
+config..4160afd8
--- /de..48cf53de
+ext.co..24d1ebd2
+    in..c28cf758
+      ..3f7718bd
+..510363d9
+      ..3cee2a33
+      ..f162b862
+..510363d9
+      ..22c8e658
+      ..6c9d0610
+      ..c9859ccc
+..510363d9
+      ..8230799a
+      ..bac02890
+      ..ee32cbbe
+      ..1bbfd21b
+      ..bfb47662
+      ..5e0b9a6b
+      ..55333470
+      ..a2894417
+      ..eb2a1db5
+      ..660251d4
+      ..d657303c
+      ..1202b06a
+      ..7d3a94c7
+}..0bd6338e
--- /de..48cf53de
+ext.sc..cd55698e
+    St..62f18f19
+      ..411d8b36
+}..0bd6338e
-source..869d5b4d
-..6f6a53b7
-group ..f468a8b0
-versio..08683651
+/*..f46386b3
+Enforc..db88a876
+For ex..50e26e19
+ */..cc09ea37
+apply ..626083fd
+config..345f3f97