-import..0eb0dd41
-    pu..df2f8f2d
+    pu..252a9d76
-import..4c92e987
+      ..603fed89
-      ..a55f496e
-    pr..9d6c588a
+      ..45737ab2
-import..966f520b
-import..a4873974
-import..84782005
-import..271ca0d2
-import..e3a63c25
-import..4c92e987
-import..49a2e520
-import..5e944d69
-import..1887cf64
-import..dfc3cb91
-import..966f520b
-import..a4873974
-import..271ca0d2
-import..e3a63c25
-import..4c92e987
-import..5e944d69
-import..1887cf64
-import..dfc3cb91
-import..5da3346a
-import..966f520b
-import..a4873974
-import..271ca0d2
-import..e3a63c25
-import..4c92e987
-import..5e944d69
-import..1887cf64
-import..dfc3cb91
-import..82b7b12b
-import..5da3346a
-import..966f520b
-import..a4873974
-import..271ca0d2
-import..e3a63c25
-import..4c92e987
-import..5e944d69
-import..1887cf64
-import..dfc3cb91
-import..966f520b
-import..a4873974
-import..271ca0d2
-import..e3a63c25
-import..4c92e987
-import..5e944d69
-import..1887cf64
-import..dfc3cb91
-import..966f520b
-import..9ab22629
-import..5e944d69
-import..1887cf64
-import..dfc3cb91
-      ..8219b2cc
+      ..0ed64022
+      ..eb96f42f
-      ..448962ec
+      ..af916fb9
+      ..eb96f42f
-      ..bf20231b
+      ..183548fc
+      ..eb96f42f
-      ..8813b58a
+      ..32ccf877
+      ..a08ac6b5
-      ..780b32ba
+      ..2d314dec
+      ..eb96f42f
-      ..540744a0
+      ..ece654ad
+      ..017a9123
-import..966f520b
-import..a37141d5
-import..a4873974
-import..271ca0d2
-import..e3a63c25
-import..4c92e987
-import..5e944d69
-import..1887cf64
-import..dfc3cb91