-import..a90fa4a7
-@JsonI..7e1d63ad
-import..a90fa4a7
-@JsonI..7e1d63ad
+import..70e4a501
+import..5fd5f312
+import..f5d1cd12
-import..05575236
+import..cff3488c
+import..b010d25a
-    pr..4edbeca3
-    pr..d4d823dd
+    pr..d3770e6a
+    pr..0b684275
+      ..5b63b9ae
+..60001ac8
+    pu..dcb08211
+      ..f677a3f1
+      ..22fe2fef
+      ..87be8fd4
+      ..04da512f
+      ..3ca64d4e
+..60001ac8
+      ..2393122c
+..60001ac8
+      ..4b07baa7
+      ..66eebea7
+      ..d04fcb6e
+..60001ac8
+      ..ee7c8393
+      ..7373c66e
+      ..a6dd3294
+      ..0c5e30e8
+..60001ac8
+      ..cdc8fcc3
+      ..37d6f83f
+..60001ac8
+      ..bd420867
+      ..2f5e5fbf
+      ..9ebc1791
+      ..31a85b09
+      ..fbad9ddf
+      ..53be79c0
+      ..746f3ccf
+      ..406a85bd
+      ..fed426c8
+      ..86d81bd2
+      ..45841e32
+..60001ac8
+      ..b36224c0
+    }..1669d9d0
+..60001ac8
+    pu..80418feb
+      ..d2e258b5
+      ..13a0cc77
+      ..87be8fd4
+      ..04da512f
+      ..2e5bf2c5
+      ..201baf5f
+      ..3ca64d4e
+..60001ac8
+      ..2393122c
+..60001ac8
+      ..4b07baa7
+      ..66eebea7
+      ..d04fcb6e
+..60001ac8
+      ..ee7c8393
+      ..7373c66e
+      ..a6dd3294
+      ..0c5e30e8
+..60001ac8
+      ..cdc8fcc3
+      ..37d6f83f
+..60001ac8
+      ..1eb301f1
+      ..54e4768b
+      ..9ebc1791
+      ..31a85b09
+      ..fbad9ddf
+      ..53be79c0
+      ..746f3ccf
+      ..406a85bd
+      ..fed426c8
+      ..86d81bd2
+      ..45841e32
+..60001ac8
+      ..b36224c0
+    }..1669d9d0
+..60001ac8
+    pu..053df6b8
+      ..ad27fb0b
+      ..13a0cc77
+      ..87be8fd4
+      ..04da512f
+      ..2e5bf2c5
+      ..201baf5f
+      ..3ca64d4e
+..60001ac8
+      ..2393122c
+..60001ac8
+      ..4b07baa7
+      ..66eebea7
+      ..d04fcb6e
+..60001ac8
+      ..ee7c8393
+      ..7373c66e
+      ..a6dd3294
+      ..0c5e30e8
+..60001ac8
+      ..cdc8fcc3
+      ..37d6f83f
+..60001ac8
+      ..1eb301f1
+      ..54e4768b
+      ..9ebc1791
+      ..31a85b09
+      ..fbad9ddf
+      ..53be79c0
+      ..746f3ccf
+      ..406a85bd
+      ..fed426c8
+      ..86d81bd2
+      ..45841e32
+..60001ac8
+      ..b36224c0
+    }..1669d9d0
+..60001ac8
+    pu..3ea08aa0
+      ..6218dd4f
+      ..13a0cc77
+      ..87be8fd4
+      ..3ca64d4e
+..60001ac8
+      ..263eb782
+      ..1ed0110b
+      ..45841e32
+..60001ac8
+      ..2393122c
+..60001ac8
+      ..4b07baa7
+      ..66eebea7
+      ..d04fcb6e
+..60001ac8
+      ..ee7c8393
+      ..7373c66e
+      ..a6dd3294
+      ..0c5e30e8
+..60001ac8
+      ..cdc8fcc3
+      ..37d6f83f
+..60001ac8
+      ..4e09a3db
+      ..e85e49cf
+      ..9ebc1791
+      ..31a85b09
+      ..fbad9ddf
+      ..53be79c0
+      ..746f3ccf
+      ..406a85bd
+      ..fed426c8
+      ..86d81bd2
+      ..45841e32
+..60001ac8
+      ..b36224c0
+    }..1669d9d0
+import..70e4a501
+import..5fd5f312
+import..b010d25a
+    @T..d0e06855
+    pu..919b4471
+      ..4ed3a436
+      ..6dbb6491
+..60001ac8
+      ..253225e7
+      ..50fcc2da
+    }..1669d9d0
+..60001ac8
+    @T..d0e06855
+    pu..cdf9e109
+      ..4ed3a436
+      ..fb16217a
+      ..b7972f29
+      ..348cb5ba
+      ..0089177e
+..60001ac8
+      ..253225e7
+      ..50fcc2da
+    }..1669d9d0
+..60001ac8