+import..d6be1634
-      ..6f62a214
-      ..4bcf6cee
+..7ec585d2
+		if (..2eb2617b
+			ini..7b9f5e6c
+			deb..684ec008
+		}..cf7077ab
+..7ec585d2
-      ..8251c458
-      ..6031a7f3
-      ..6354a3a0
-      ..eadec0af
-      ..7246c856
-      ..515d9f44
-      ..793dab8f
-      ..64a86583
-      ..0ab108ca
-      ..ce5255c6
+		Enji..96f9ddf9
+		Tick..78923aa2
+		Enji..de846821
+		Stat..bb3f0958
+		Enji..7c0eefed
+		Stat..7b2a56ee
+..7ec585d2
+		if (..2eb2617b
+			Enj..b9da2477
+			Vau..64e5d8a0
+		}..cf7077ab
+..7ec585d2
+		if (..f0aadbc7
+			Enj..0ffd68c4
+			Vot..b3d905c0
+		}..cf7077ab
+		Bukk..771f4272
+..7ec585d2
-      ..69a12280
+..7ec585d2
+import..d6be1634
-import..7647e155
+		if (..df8e3d8c
+			ret..f55a3636
+		}..cf7077ab
+..7ec585d2
-      ..e35d22be
+      ..20c84e3a
-..83e54f1f
-    pu..7f609160
-      ..1d022b2d
-..83e54f1f
-      ..ecfd82b7
-      ..a354a9a8
-      ..4e1f7cfb
-      ..47d43d95
-..83e54f1f
-				if..96907b30
-					i..d3074b14
-						..7044a953
-					}..5542f9e4
-				}..ed335726
-..83e54f1f
-				if..4657fefa
-					i..9bf4b806
-						..6b3d3069
-					}..5542f9e4
-				}..ed335726
-..83e54f1f
-				fo..cbc63095
-					g..fee48efc
-					i..f3776170
-						..ec9fb4f7
-					}..5542f9e4
-				}..ed335726
-      ..f5952483
-      ..c8b529ed
-..83e54f1f
-      ..43044e24
-    }..a170651c
-import..7647e155
-import..b5818802
-import..844881c3
-import..7d23f734
-import..ff9db1ee
-					P..e753ba8a
-					i..a3830a94
+					i..67e02f54
-..83e54f1f
-    pr..9f41a083
-      ..42c7ceb0
-      ..932100de
-      ..e6252c18
-      ..6c2794d8
-      ..f5952483
-      ..c8b529ed
-      ..75d817e1
-    }..a170651c
+import..7eff5c04
+import..207877b3
+import..3bf8f20c
+import..d636fd25
+..7ec585d2
+import..b91b619d
-      ..9bbf212b
+      ..6cfcc377
+..7ec585d2
+	publi..c274d6c8
+		if (..59512814
+			if ..4006d3f8
+				Of..f31fe65a
+..7ec585d2
+				tr..3dde2121
+					p..19515de9
+				} ..27fb014f
+..7ec585d2
+				}..bf9c40b5
+..7ec585d2
+				if..e2e1f5ff
+					p..1c6b8e1e
+				}..bf9c40b5
+..7ec585d2
+				tr..3dde2121
+					i..456f171f
+						..95b38f40
+					}..ed316262
+				} ..6326182e
+			} e..a64e9ca6
+				tr..3dde2121
+					i..662f26b7
+						..95315739
+					}..ed316262
+				} ..6326182e
+			}..e2775d68
+		}..cf7077ab
+	}..c2d09beb
+..7ec585d2
+	publi..da2c25f3
+		if (..06f6bdb8
+			Str..d77a79ab
+			for..5aed85e6
+				if..154d6f07
+					r..45e71b26
+				}..bf9c40b5
+			}..e2775d68
+		}..cf7077ab
+..7ec585d2
+		retu..b3766c0a
+	}..c2d09beb
+..7ec585d2
+	publi..0e4f0638
+		Map<..43734331
+..7ec585d2
+		if (..505e5881
+			if ..30ea5c5c
+				St..f03eae50
+..7ec585d2
+				if..91ff4892
+					i..00552d52
+						..40cd8eb3
+					}..ed316262
+				}..bf9c40b5
+..7ec585d2
+				if..3256c46c
+					i..0f18569a
+						..9e6b925a
+					}..ed316262
+				}..bf9c40b5
+..7ec585d2
+				fo..599bf738
+					g..b61b8a93
+					i..12338bc5
+						..0d6857f3
+					}..ed316262
+				}..bf9c40b5
+			}..e2775d68
+		}..cf7077ab
+..7ec585d2
+		retu..ae10f58c
+	}..c2d09beb
-import..91431b04
+import..d6be1634
-import..5760e1a9
-      ..13032f96
-      ..412c4b69
-      ..7a38cf0d
-      ..b246d830
-      ..ee707113
-      ..37693292
-      ..eb294ce5
-      ..033c4406
-..83e54f1f
-      ..6a1b59c3
-..83e54f1f
-      ..75920043
-      ..1d5d10af
-      ..6a1b59c3
-..83e54f1f
-      ..37693292
-      ..aba590c0
-      ..49953c42
-      ..6764c84e
-      ..76fe1407
-      ..d78de823
-      ..37693292
-      ..7a56723a
-      ..8cd68762
-      ..6764c84e
-      ..76fe1407
-      ..f35e9b1b
-      ..f5952483
+      ..44d4a401
+			Vau..7c9efd89
--- /de..a25d531c
+packag..3d2fa079
+..7ec585d2
+import..1603f4c3
+..7ec585d2
+public..c45f6711
+	publi..36863181
+		retu..334c87fe
+	}..c2d09beb
+}..1938f063