-      ..0f437f56
+      ..5d7c0258
-    @S..db93ab00
+    @G..5a594220
-..83e54f1f
-    pu..e3a359bb
-      ..1c7d2a94
-    }..a170651c
+	@Gett..5aeeb98e
+	priva..02bbb490
--- /de..a25d531c
+packag..45dc7291
+..7ec585d2
+import..850293dc
+..7ec585d2
+import..6f7b83d1
+import..81e79971
+..7ec585d2
+public..38dcd317
+	priva..e575219f
+..7ec585d2
+	publi..7102d152
+		if (..185f2391
+			ret..f55a3636
+		}..cf7077ab
+..7ec585d2
+		vani..b50a0b05
+	}..c2d09beb
+..7ec585d2
+	publi..943dabef
+		bool..1d6c5cd7
+..7ec585d2
+		for ..75160a89
+			if ..4495cbde
+				st..d97ad993
+				br..3218ab0c
+			}..e2775d68
+		}..cf7077ab
+..7ec585d2
+		retu..57da9a16
+	}..c2d09beb
+}..1938f063
-      ..dc979cbc
+      ..fc3b7994
+				En..794df9d0
+				pl..03efcb07