-				St..12145f74
+				St..b29506ec
-//    ..8e52833c
-//    ..7101fb60
-//    ..10773444
+      ..6715b982
+      ..05dc09c8
+      ..fd8b473c
--- /de..6058f299
+packag..23cc0c33
+..a83d5c93
+import..dc470f38
+import..efa07621
+import..cfb1f26b
+import..406250f3
+import..9de29c38
+import..458ca006
+import..929dd6e4
+import..b1ac5097
+..a83d5c93
+public..5554b732
+    @P..e6cfc735
+    @D..6da711ef
+    pu..4f139a4f
+      ..2239cce4
+      ..65092bde
+      ..03883729
+      ..aaea299d
+      ..aaaf1815
+      ..0c9e2cd6
+      ..be5a8569
+      ..ba91cc05
+      ..e43ea51c
+      ..dce7f178
+      ..5433bba6
+      ..7a3f6a1d
+      ..d15cce2b
+      ..e2e7ff05
+      ..cbd7770b
+      ..f2bffbef
+      ..cde77728
+      ..a9c5792e
+      ..cde77728
+    }..4f7a505a
+..a83d5c93
+    @P..736f61ab
+    @D..b3072644
+    pu..04a33ebb
+		Enji..853d7970
+			sen..98e8f74d
+			Sta..45ad9c3d
+			Sta..422274a4
+			sen..3ae0b3ce
+		});..bc2a5c98
+    }..4f7a505a
+}..84d0535d