+import..20f45598
+import..554dbc9b
-      ..12cfb367
-      ..e3a5a356
-      ..552e970f
+      ..cb2f736f
+      ..f3f64902
+      ..bf0913cc
+      ..3ede9315
+      ..2571480a
+      ..bf0913cc
-      ..b58eb77d
+      ..a6462c48
-      ..f063d436
-      ..cb5e94ef
-      ..7312b181
+      ..91c2a61b
-      ..7aa9b80e
+      ..c63013f3
+      ..806eaf0e
+      ..ced014eb
-      ..d9af109a
-      ..ab52cf7b
+      ..4b78afd0
+      ..1dc77b56
+      ..78371551
+      ..9e10d518
+      ..1dc77b56
+      ..78371551
-      ..d9af109a
-      ..0942e07a
+      ..4b78afd0
+      ..1dc77b56
+      ..78371551
+      ..6cae6399
+      ..1dc77b56
+      ..78371551
-      ..652b77fb
-      ..2fd7b45e
+      ..bbaffc67
+      ..1dc77b56
+      ..78371551
+      ..8125319c
+      ..1dc77b56
+      ..78371551
-      ..14e49d9b
+      ..1099e72d
+      ..1dc77b56
+      ..78371551
-      ..14e49d9b
+      ..1099e72d
+      ..1dc77b56
+      ..78371551
-      ..125796c7
+      ..79105f78
-      ..3b0af5b0
+      ..21592773
-      ..badf489c
+      ..3e4540c2
-    pr..6e56f9db
-      ..109ceb30
-      ..6477a2cc
-      ..349fc409
-      ..44632a01
-      ..141e59fb
-      ..6477a2cc
-      ..349fc409
-      ..44632a01
-      ..09dcfbb1
-      ..250d4036
-      ..a492ccd0
-..c5ac990f
-      ..d2b29cc9
+    pr..06bacc29
+      ..cb2f736f
+      ..1b16e352
+      ..56b27bdf
+      ..f92a0527
+      ..b562f911
+      ..bf0913cc
+      ..e03a7d6b
+      ..56b27bdf
+      ..a5fe0634
+      ..4a004ff1
+      ..942aac30
+      ..770b1dc2
+      ..bf0913cc
+..c6d84c87
+      ..8342afd1
-    pr..1415db73
+    pr..1756685b
-      ..143c3280
-      ..bf20a4a6
-      ..349fc409
-      ..920a51f3
+      ..cb2f736f
+      ..1b16e352
+      ..f8102435
+      ..bf0913cc
-      ..e33f2a86
-      ..aad3fd20
-      ..7312b181
-..c5ac990f
-      ..6367e9d4
-      ..6ea8caf1
-      ..2179c8f5
-      ..f6006d99
-      ..2d9f7095
-      ..10a5f41b
-      ..4353e35f
-      ..27dff94d
-      ..2d9f7095
-      ..f907e78c
+      ..ce592986
+      ..db5befe7
+      ..41a07e12
+      ..f0ff3a54
+      ..89148657
+      ..f2f2489b
+      ..0299263b
+      ..4845f90e
+      ..71e4e2b4
+      ..d94bdeed
+      ..91c2a61b
-      ..83d98b6f
+      ..814c4548
-      ..477fcb4f
+      ..83241304
-      ..d03bd70a
+      ..d36a9f48
+      ..66fe64e5
-      ..6367e9d4
-      ..ba1d5bcd
+      ..ce592986
+      ..b2fd6aae
+      ..91c2a61b
-      ..d2b29cc9
+      ..8342afd1
-    pr..e16b9928
+    pr..239b7ba2
-      ..143c3280
-      ..bf20a4a6
-      ..349fc409
-      ..920a51f3
+      ..cb2f736f
+      ..1b16e352
+      ..f8102435
+      ..bf0913cc
-      ..7c2e2014
-      ..e33f2a86
-      ..aad3fd20
-      ..7312b181
-..c5ac990f
-      ..d6bd2126
-      ..6367e9d4
-      ..6ea8caf1
-      ..2179c8f5
-      ..4ace0f03
-      ..4353e35f
-      ..e7168ca1
-      ..2d9f7095
-      ..407aad85
-      ..165059d0
+      ..ce592986
+      ..db5befe7
+      ..27e3c079
+      ..f0ff3a54
+      ..11a0c522
+      ..4845f90e
+      ..d9c4dad9
+      ..d94bdeed
-      ..8be52a31
+      ..65eb48d0
+      ..0a797a72
-      ..da922afc
+      ..e71b6f8d
+      ..827e4db1
-      ..48a6abab
+      ..bef9d5b4
+      ..827e4db1
-      ..a6a4fc96
+      ..c482b4e7
+      ..0a797a72
-      ..b4f538e2
-      ..c931b839
-      ..b9c81703
+      ..1883376d
+      ..d94bdeed
+      ..91c2a61b
-      ..e9083ffa
+      ..35565259
-      ..2ea1d2e8
+      ..e005921a
-      ..830e8262
-      ..00f2bca8
-      ..cf565df8
+      ..95cbb566
+      ..88e6bacd
+      ..7b1502de
-      ..6621648b
+      ..dcd4de87
-      ..28ae5d5e
+      ..2e49e0db
-      ..8329e888
+      ..e86799c8
+      ..2e823f57
-      ..783397b0
-      ..043e3ba2
-      ..ba1d5bcd
-..c5ac990f
-      ..b9c81703
+      ..ce592986
+      ..b2fd6aae
+      ..91c2a61b
-      ..236c7b68
+      ..8342afd1
-    pr..1ce0453e
+    pr..e87d2119
+      ..cb2f736f
+      ..c385f215
+..c6d84c87
-      ..bf20a4a6
-      ..349fc409
-      ..9f0a008f
+      ..e5523274
+      ..9a396a8b
-      ..5b9ea9fa
-      ..b5927d34
-      ..07e61549
-      ..499343c0
+      ..877c2b6d
+      ..808a0a17
+      ..e1532b68
+      ..a370ccc6
+      ..126bf8e3
+      ..91c2a61b
+      ..67775191
-      ..6f7cab7a
-      ..1fea1d1b
-      ..401daf3d
+      ..572ffa61
+      ..7960364c
-      ..4196c019
-      ..b5927d34
-      ..1e9bdfd8
-      ..499343c0
+      ..a9018650
+      ..3fb90f4e
+      ..c6a6241c
+      ..d4648ebd
+      ..0a797a72
+      ..e0814bbd
+      ..f50c0c05
+      ..c6a6241c
+      ..d4648ebd
+      ..0a797a72
+      ..78371551
+..c6d84c87
+      ..91c2a61b
-      ..bf20a4a6
-      ..349fc409
-      ..bee81d1c
-      ..43c8b9b0
+      ..e03a7d6b
+      ..56b27bdf
+      ..09752fba
+      ..b562f911
+      ..bf0913cc
-      ..6477a2cc
+      ..7093ac20
-      ..dddb967b
+      ..8ba3247c
-      ..dc21e2ae
-      ..72f6553f
-      ..0d450d6f
-      ..0d450d6f
-      ..a43e602f
+      ..127ea55e
+      ..bf0913cc
+      ..e03a7d6b
+      ..f8102435
+      ..bf0913cc
+      ..e03a7d6b
+      ..56b27bdf
+      ..6906fb6d
+      ..b562f911
+      ..bf0913cc
-      ..c3b684dc
+      ..66043e4b
-      ..07f65796
+      ..63403829
-      ..9973acde
-      ..45d0755e
-      ..2125c3d6
+      ..78d8f1bc
+      ..420dae80
+      ..66fe64e5
-      ..c4280099
-      ..6477a2cc
-      ..73b68acb
-      ..a3798ac9
+      ..e03a7d6b
+      ..f8102435
+      ..bf0913cc
+..c6d84c87
+      ..8342afd1
-      ..6477a2cc
+      ..7093ac20
-      ..44632a01
+      ..2bba3962
-      ..5d6742a3
+      ..cc52939c
-      ..51044aec
+      ..0071e11a
-      ..043e3ba2
+      ..394a9f13
-      ..f2fa59d9
+      ..7df2146f
-      ..4cc62a80
+      ..3f3ebe27