-      ..c92b5781
+      ..d9bef75a
-      ..c92b5781
+      ..d9bef75a
+++ /de..578f2b01
-packag..38c75b92
-..c5ac990f
-import..7cab45a7
-import..0eb362f8
-import..e15e07a9
-..c5ac990f
-import..42860ac9
-..c5ac990f
-public..330cbf8f
-    @O..30c915f5
-    pu..0b6abd93
-      ..c9f22a6e
-      ..cbdc7ee0
-..c5ac990f
-      ..6fcf1173
-..c5ac990f
-      ..9692aa3f
-      ..aa50f3e2
-    }..716aab88
-}..28cdbf22
-    @S..b6d0a2bb
+    @S..74757b6f
-import..440787e8
-import..a0d1a721
+import..554dbc9b
+import..a841b364
-    pr..1aeaf01d
+    pr..1fc57408
-    pu..e86e8d28
-      ..b6081f59
-      ..001a686f
-      ..9effcfd3
-      ..6eed4448
+      ..5f3cbfc5
-      ..a3504225
+      ..2f0812d0
-      ..a3504225
+      ..2f0812d0
-      ..bf9104a2
+      ..2cc04e65
-      ..625e2cdd
+      ..1b56d847
-      ..4e30940d
+      ..90fd0351
-      ..bf9104a2
+      ..2cc04e65
-      ..b13c75a3
+      ..b35890d0
-      ..5f194f21
+      ..21ed9cc9
-      ..5f194f21
+      ..21ed9cc9