+import..05bc8964
+import..00d5f92d
+import..bd060773
+import..0d899092
+import..f7e0368a
+    @D..9733898e
+    pu..68e5941e
+      ..246b128d
+      ..691b7984
+      ..7500ca50
+      ..12c61963
+..69f3ab4e
+      ..760d854e
+      ..a26fb929
+      ..95b579c6
+      ..7500ca50
+      ..12c61963
+..69f3ab4e
+      ..62f41df4
+      ..e8a53dc4
+      ..0c81f437
+      ..fd772d30
+      ..f9730d6b
+..69f3ab4e
+      ..61c520d7
+      ..019115b3
+      ..4b44b5f9
+      ..9c84238f
+      ..73dd409e
+      ..a605bda4
+..69f3ab4e
+      ..3c9e257b
+      ..e25e18c8
+      ..a605bda4
+..69f3ab4e
+      ..cc35beef
+..69f3ab4e
+      ..602b91f6
+      ..99d23442
+      ..81c651fd
+      ..74912346
+      ..af0e4970
+      ..7df4db2f
+      ..646eaca9
+      ..dc86e881
+..69f3ab4e
+      ..a9ad4f8c
+      ..f5a692bf
+      ..a605bda4
+      ..12c61963
+    }..eca02f8d
+..69f3ab4e
+    @D..2245e292
+    pu..22b82035
+      ..4eaffdb8
+    }..eca02f8d
+..69f3ab4e
--- /de..dc57df90
+packag..6e6207d9
+..69f3ab4e
+import..271d0c29
+import..00d5f92d
+import..bd060773
+import..0d899092
+import..f7e0368a
+import..4fa6d5f7
+import..e1d6582a
+import..aa70d174
+import..d24bada4
+..69f3ab4e
+import..3e28023e
+import..e45cf5cb
+import..37fe21e3
+..69f3ab4e
+public..2b535fc1
+    @G..f9915152
+    pr..68110509
+..69f3ab4e
+    pu..212fb736
+      ..b8d6d3fe
+      ..074968e9
+      ..4434f8b2
+      ..f720d8af
+      ..f69153ab
+      ..be96f138
+      ..fd772d30
+      ..1ab98565
+      ..18775dcf
+      ..12c61963
+    }..eca02f8d
+..69f3ab4e
+    pu..365705c6
+      ..7921b8d6
+      ..3bc4858d
+      ..7500ca50
+      ..12c61963
+..69f3ab4e
+      ..ff2af414
+      ..17437b98
+..69f3ab4e
+      ..8c00aaaf
+      ..d394390c
+      ..c914bd0a
+      ..fd5df9fb
+      ..95d3c2f4
+      ..02364afe
+      ..02364afe
+      ..02364afe
+      ..4ca976aa
+..69f3ab4e
+      ..45a9ea2f
+      ..d29cb4a2
+      ..73dd409e
+      ..a605bda4
+..69f3ab4e
+      ..185edae5
+      ..725b9649
+      ..73dd409e
+      ..a605bda4
+..69f3ab4e
+      ..1edf6396
+      ..8a42e824
+..69f3ab4e
+      ..ca137b25
+    }..eca02f8d
+}..97700f81
+import..05bc8964
+      ..8ea81c1d
+..69f3ab4e
+      ..3642b4f1
-      ..43532e76
-      ..37baba7b
-      ..c2f70706
-      ..3cf5083e
+      ..6eb569f0
+      ..4c8bdff8
+      ..b330dcdf
+      ..0c96f437
+      ..d1e59f5f
+      ..12c61963
+import..05bc8964
-      ..69f302d0
-      ..3dfd8237
+      ..6bed86a9
+import..0d899092
+    pr..eb1dcf27
+    @G..f9915152
+..69f3ab4e
+    pu..8a421d18
+      ..6b66fa70
+    }..eca02f8d