-    @D..2f153ea4
+    @D..6b461d84
-      ..a1043adc
-      ..a972a3ca
+      ..c2c0aa7b
+      ..1d792dfc
-    @D..05f526d8
+    @D..802aa77f
-      ..a1043adc
-      ..a972a3ca
-      ..fd06ca71
-      ..937679ea
-..39b6a0cb
-    @D..da64825b
+    @D..e8b3c74b
-      ..a1043adc
-      ..a972a3ca
-      ..fd06ca71
-      ..937679ea
-..39b6a0cb
-    @D..0d613102
+    @D..a56ff007
-      ..a1043adc
-      ..a972a3ca
-      ..fd06ca71
-      ..937679ea
-..39b6a0cb
-    @D..bc5e75f1
+    @D..0f8785c2
-      ..a1043adc
-      ..a972a3ca
-      ..fd06ca71
-      ..937679ea
-..39b6a0cb
+import..4fa6d5f7
-    pr..3bc0bb79
+    @G..f9915152
+    pr..54a92940
-    pr..32fe4913
-    pr..14b7ae96
+    pr..efa98322
+    pr..e92af589
-      ..7403b1aa
-      ..7f8817ab
-      ..6e916621
-      ..72e43870
-      ..0d44af68
-      ..6b40cd0b
-      ..280f2999
-      ..17600388
-      ..a3c4cd30
+      ..4166e22c
+      ..bf34d208
+      ..6ab6cc6c
+      ..10883c9b
+      ..af0e4970
+      ..332673ff
-      ..38e4e3b0
+      ..b8530634
+..69f3ab4e
-      ..ebcf3d7d
-      ..8975bdc9
-      ..04f7d748
-      ..e53fb426
-      ..d4b5060c
-      ..038376a4
-      ..794bc64c
+      ..94a5f289
+      ..c0462063
+      ..77a9b9b0
+      ..ebff7545
-      ..f3746597
+      ..f1afb15c
-      ..3ef86817
-      ..fc08dce8
-      ..100b59cb
-      ..1f48148a
-      ..794bc64c
-      ..70595b9e
+      ..637f831f
-      ..d1c65a94
+      ..eb2879ee
+import..aa70d174
+      ..83f7b8c4
+..69f3ab4e
+      ..066d53bd
+      ..874fd26c
+      ..833271fd
+      ..8fe300fa
+..69f3ab4e