+import..9f2e5e97
+      ..a8412ae7
+      ..e425362d
+..2e6f348d
-      ..ca16cfdb
-      ..ca32db34
+      ..a556167c
+      ..c80f1505
+      ..a351d490
+      ..6f16519b
+      ..5b2a5172
+      ..a351d490
+      ..78dbba1c
+      ..a4a72274
+      ..a351d490
+      ..499b22db
+      ..d265754d
+      ..a393ee05
+      ..cd23d553
+      ..41180485
-      ..35ce9a49
+      ..bdb22760
-      ..f58b1e1e
-      ..04bc857b
-..068becc9
+++ /de..42e3580f
-packag..e20304de
-..068becc9
-import..1c828c40
-import..2892401b
-import..0d46db12
-import..8747419d
-..068becc9
-public..25b8777e
-    @G..a44913af
-    pr..a353933e
-    @G..a44913af
-    pr..328c7bba
-    @G..a44913af
-    pr..4d6dd8d3
-    @G..a44913af
-    pr..56e7fa9c
-    @G..a44913af
-    @S..576ba623
-    pr..c456bdd4
-..068becc9
-    pu..e7b43531
-      ..d842c0a1
-      ..7ca15db1
-      ..5f038e12
-      ..b6fcb453
-    }..fac828b1
-}..7d9cb6c5
+++ /de..42e3580f
-packag..e20304de
-..068becc9
-public..13f4465b
-    SU..8112e6a8
-    TI..9bfd4d4b
-    IN..d123bc69
-    UN..f06ee798
-    PL..241a7bce
-}..7d9cb6c5
-import..4b938c3b
-import..ecf63a3d