+import..ba145cd9
+import..f1ae8f94
-import..b1e8465f
+import..11c57cb9
-import..79d95277
+import..e7a077f8
-    pu..7eff6841
+    pu..069d3264
-    pu..b67bb555
-    Se..92a0bdef
-    Lo..4b823bcc
+    pu..c9217968
+    pu..0c2fd980
-    pu..78355509
-    pr..536eb7c6
-    /*..a2622ecd
-     *..8b36dc04
-     *..87b0297f
-    pu..6cb174ab
-..068becc9
-    pu..0158c965
-..068becc9
-..068becc9
-..068becc9
-    pu..5ba893b5
-..068becc9
-    /*..a2622ecd
-     *..6d341b16
-     *..87b0297f
-    pu..fb07c9c0
-..068becc9
-    pu..17b3af33
-..068becc9
-..068becc9
-..068becc9
-..068becc9
-..068becc9
-..068becc9
-    st..fffb8df8
-..068becc9
-    pu..efcdb525
-..068becc9
-..068becc9
-..068becc9
-    On..1256f2fe
-..068becc9
+    pu..73acdfea
-..068becc9
-    fi..6c461c57
+    fi..e30a5279
+..2e6f348d
-    in..f9b31790
-    in..1fb9e740
-    in..86845a93
-    in..2129e6f4
-    in..a233c434
-    in..36189865
-    in..4d3cdc93
-..068becc9
-    st..a731548a
+    pr..195b4d11
+    pr..e0f5a1ea
+    pr..bb5d5e84
+    pr..6be64156
+    pr..2b08aa82
+    pr..3e2807dd
+    pr..9ab1746a
+    pu..5887de76
-    Ne..e239a49b
+    pr..c9e2076f
-..068becc9
-..068becc9
-..068becc9
-..068becc9
-    Da..ddbf75da
+    pu..01e3a72a
+    //..91051e9b
-      ..b800146d
+      ..b4862374
-      ..ce0f1be0
+      ..2037b971
-      ..3ed28fd9
+      ..e71e2ddc
-      ..3c4d843f
+      ..65b7ec8b
-      ..e904d086
+      ..2b5a6cdc
-      ..2cc0c9bd
+      ..9e4f8cf8
-    //..37c0ec7e
-    /*..6faff90c
-    st..86773f2f
-		byte..2d5a61de
-		retu..38bfbd10
-	}..b6dfcb5f
-..068becc9
-	publi..2617a6b1
-      ..11e8597e
-      ..ebf90a41
-      ..57ca01bc
-      ..465e3b39
-      ..5eebdb3e
-      ..e32ebaa0
-      ..a426b79b
-      ..514826c7
-      ..ab1a4d11
-      ..51f030ef
-      ..9c57a9ff
-      ..a3a090e2
-      ..a53dd7e3
-      ..962e3e7a
-      ..05621e01
-      ..5eebdb3e
-      ..2c4e0eef
-      ..a3fac814
-    }*..32ffa602
-..068becc9
+..2e6f348d
-      ..4e1c1fd0
+..2e6f348d
+      ..1e71e327
-      ..6d423d5f
+      ..85607eb1
-      ..bb0f0a71
+      ..03652dfe
-      ..d7ad6461
+      ..33c5c2fe
-      ..bd5da96d
+      ..f33f8c77
-      ..dba808d9
+      ..cca2eb16
-      ..342e16f6
+      ..801917d9
-      ..ae1c3491
+      ..3af9da6d
-      ..2ebe2650
-      ..9b4a439f
+      ..eb8f1bd5
-    pu..6a999960
-      ..8204e476
-      ..5d7ebb83
-      ..23273f1f
-      ..6e3ce63d
-      ..5eebdb3e
-      ..74e9e7f6
-      ..473b93cf
-      ..8cba5a1e
-      ..48939727
-      ..389b57d6
-      ..d0e59d13
-      ..9e9673d9
-      ..b460dcee
-      ..4e7297da
-      ..5167e324
-      ..97882a0b
-      ..e5b5599c
-      ..d17ca546
-      ..6e3ce63d
-      ..5eebdb3e
-      ..7ae5751a
-      ..643c3ffc
-      ..088de707
-      ..b49d9ce5
-      ..04064e41
-      ..e61addca
-      ..6445cdfe
-      ..3f70af5c
-      ..4241bcc4
-      ..0fa3a052
-      ..8919cefc
-      ..0548beea
-      ..fcf9e8ef
-      ..4330c58f
-      ..d17ca546
-      ..6e3ce63d
-      ..5eebdb3e
-      ..aa5714fd
-      ..14130e3f
-      ..6e3ce63d
-      ..5eebdb3e
-      ..d8fa2090
-      ..cc2f9e0c
-      ..14130e3f
-      ..6e3ce63d
-      ..5eebdb3e
-      ..75b43a5f
-      ..003dad3c
-..068becc9
-      ..baa4d54c
-      ..79cb105b
-      ..6e3ce63d
-      ..5eebdb3e
-      ..fbd0a9d6
+    pu..3e86da26
+      ..bd545c59
+      ..1ff9f7d0
-      ..ab75fca5
-      ..0b171c4b
-      ..6e3ce63d
+      ..bcc30275
+      ..75b844ff
-      ..5c099d6a
-      ..5e4ebf10
-      ..bfdaba50
-      ..497e38a7
-      ..1652de3b
+      ..c8f0dbcc
+      ..b401c1b2
-      ..b78a76ca
-      ..b370b26e
-      ..5e943efc
-      ..4d51a7b7
+      ..2d8df9d3
+      ..4496f6eb
+      ..5ded8cec
+      ..0154b58f
-    pr..22507240
-      ..2e7e90a1
-      ..61cf3aba
-      ..2c8cffac
-      ..b4cffbfd
-      ..82c67e5b
-      ..95ed3617
-      ..f74eb181
-      ..edb804b4
-      ..07fc1333
-      ..d17ca546
-      ..724ce6f6
-      ..4b8f06dd
-      ..12e97884
-      ..65f02a8f
-      ..491584ea
-      ..e265c7e7
-      ..efc6669c
-      ..ee4eb829
-      ..5eebdb3e
-      ..aa5714fd
-      ..14130e3f
-      ..e5cb71ed
-      ..5eebdb3e
-      ..f99dc2f2
-      ..43a4c376
-      ..2f42211d
+    @O..a244e5d6
+    pu..e41bdf48
+      ..58e43f9e
-      ..20904017
+      ..49fdf50d
-      ..0833dffd
+      ..b03e7b02
-      ..39dc6a07
-      ..76f14ba6
-      ..736ff223
-      ..850cf7c7
-      ..c8a5cbe0
-      ..f361b82c
+..2e6f348d
+      ..ba118f3e
+      ..2f8e5d31
+..2e6f348d
+      ..0314489b
-      ..e1c7982a
+      ..85cab58d
-      ..e1c7982a
+      ..85cab58d
-      ..c86d9275
+      ..bbce382f
-      ..e160510f
+      ..d0e5bc41
-      ..e1c7982a
+      ..85cab58d
-      ..d50a2d9b
+      ..320b1f15
-      ..e160510f
+      ..d0e5bc41
-      ..e1c7982a
+      ..85cab58d
-      ..d5ded165
+      ..3a2fd423
-      ..e1c7982a
+      ..85cab58d
-      ..0cfee3ec
+      ..4d13ae08
-      ..cf9de965
+      ..57076bb7
-    pu..b3c7d62a
-      ..2dc2db2f
+    pu..876db996
+      ..8b886b6a
-    pu..0749a8aa
-      ..3eb9c84e
+    pu..1f11b1b8
+      ..0644de0e
-      ..229b898f
+      ..9bb910f5
-      ..229b898f
+      ..9bb910f5
-      ..229b898f
+      ..9bb910f5
-      ..229b898f
+      ..9bb910f5
-      ..229b898f
+      ..9bb910f5
-      ..229b898f
+      ..9bb910f5
-      ..229b898f
+      ..9bb910f5
-    pu..a9598af9
+    pu..1fdb3a54
-      ..8714ad23
+      ..9c8cb796
-      ..92408053
+      ..867f5db6
-      ..92408053
+      ..867f5db6
-      ..d218cb6b
+      ..4e1a23c3
+++ /de..42e3580f
-packag..d94068e0
-..068becc9
-import..5a7896b3
-import..5d1bd63b
-import..dd0e6934
-..068becc9
-import..6f70e404
-import..77422cba
-import..326577b1
-..068becc9
-import..c71b7e8a
-import..0da5ec0b
-import..bdb26b90
-..068becc9
-/**..663e9da4
- * @au..2d5d6f39
- *    ..df75e09b
- * @co..a76b7671
- */..598cb30c
-..068becc9
-public..fe4d7cfe
-..068becc9
-    pu..453cfff8
-      ..5714d8a9
-      ..60054044
-      ..2a491761
-      ..bad6c4b2
-      ..67582f4c
-      ..8c4d01db
-      ..fd411a52
-      ..28c3ce91
-      ..d3f848f4
-..068becc9
-      ..ec11da28
-      ..17db33ee
-      ..1bcbbb9b
-      ..22c42b65
-      ..618ccc39
-      ..c8a5cbe0
-      ..8889419b
-      ..89e7447b
-..068becc9
-      ..8025368d
-      ..427e2f91
-      ..091caf5a
-      ..ff5335fd
-      ..e498ed20
-      ..1851737d
-      ..5910a2fc
-      ..1297abc4
-      ..24221166
-      ..e712af82
-      ..0b47ea9f
-      ..2d2dee18
-      ..7f869d77
-      ..be909b71
-      ..84483fcc
-      ..e0122188
-      ..83165a38
-      ..2d2dee18
-      ..585daa1e
-      ..cd20d39f
-      ..846e172d
-      ..f40ece2c
-      ..cf0fc428
-      ..c8a5cbe0
-      ..9ffc8d9f
-      ..4909ce19
-      ..1ec833c6
-      ..83571ae1
-      ..c4d798ca
-      ..4c66c07b
-      ..607fb952
-      ..c747a196
-      ..736ff223
-      ..2ef09717
-      ..b8502fe7
-      ..e6b1aaa5
-      ..e2f3b3f6
-      ..585daa1e
-      ..5910a2fc
-      ..3b870f3b
-      ..9fdc9440
-      ..dfc4fc8a
-      ..2d2dee18
-      ..585daa1e
-      ..cd20d39f
-      ..c8a5cbe0
-      ..a6136412
-      ..d3f848f4
-      ..327dd322
-      ..1f0eb676
-      ..1be09739
-      ..5eebdb3e
-    }..fac828b1
-}..7d9cb6c5
+++ /de..42e3580f
-packag..d94068e0
-..068becc9
-import..5a7896b3
-import..5d1bd63b
-import..dd0e6934
-..068becc9
-import..6f70e404
-import..77422cba
-import..326577b1
-..068becc9
-import..c71b7e8a
-import..0da5ec0b
-import..d9c9b031
-..068becc9
-/**..663e9da4
- * @au..2d5d6f39
- *    ..df75e09b
- * @co..a76b7671
- */..598cb30c
-..068becc9
-public..1cc71cc9
-..068becc9
-    pu..453cfff8
-      ..5714d8a9
-      ..f5695d9a
-      ..0d8f479a
-      ..ab4124e3
-      ..2a491761
-      ..bad6c4b2
-      ..67582f4c
-      ..8c4d01db
-      ..fd411a52
-      ..28c3ce91
-      ..d3f848f4
-..068becc9
-      ..ec11da28
-      ..17db33ee
-      ..1bcbbb9b
-      ..22c42b65
-      ..618ccc39
-      ..c8a5cbe0
-      ..8889419b
-      ..89e7447b
-..068becc9
-      ..32cdb7a2
-      ..091caf5a
-      ..dfdba6d5
-      ..5f1146ab
-      ..2a6bf436
-      ..5910a2fc
-      ..5b7691fd
-      ..24221166
-      ..4fb792bb
-      ..0edee176
-      ..2d2dee18
-      ..7f869d77
-      ..be909b71
-      ..ce7da5be
-      ..c4c25626
-      ..83165a38
-      ..2d2dee18
-      ..585daa1e
-      ..cd20d39f
-      ..10b46092
-      ..f40ece2c
-      ..ab1b5e9c
-      ..c8a5cbe0
-      ..9ffc8d9f
-      ..4909ce19
-..068becc9
-      ..98780a4b
-      ..c4d798ca
-      ..f640fbca
-      ..a59643d9
-      ..d9715810
-      ..736ff223
-      ..df9f3f24
-      ..b8502fe7
-      ..e826a703
-      ..c7186bcb
-      ..585daa1e
-      ..5910a2fc
-      ..3b870f3b
-      ..dee67d31
-      ..0edee176
-      ..2d2dee18
-      ..585daa1e
-      ..cd20d39f
-      ..c8a5cbe0
-      ..5bae369a
-      ..d3f848f4
-      ..327dd322
-      ..1f0eb676
-      ..1be09739
-      ..5eebdb3e
-    }..fac828b1
-}..7d9cb6c5
+++ /de..42e3580f
-packag..d94068e0
-..068becc9
-import..5a7896b3
-import..202dfe3d
-import..8738d459
-..068becc9
-import..6f70e404
-..068becc9
-import..c71b7e8a
-import..0da5ec0b
-..068becc9
-/**..663e9da4
- * @au..2d5d6f39
- *    ..df75e09b
- * @co..a76b7671
- */..598cb30c
-..068becc9
-public..5022f622
-..068becc9
-    st..275ffd3e
-..068becc9
-    pu..453cfff8
-      ..5714d8a9
-      ..e2f62439
-      ..5ab88e37
-      ..3ba1f23f
-      ..7b668a7f
-      ..8a1b1de3
-      ..5b5d1376
-      ..327dd322
-      ..81b1d934
-      ..45311e75
-      ..4bfa42c7
-      ..56f48925
-      ..d9b61935
-      ..327dd322
-      ..b9592948
-      ..5a3ca938
-      ..117a0142
-      ..c2a0fe98
-      ..27556b0d
-      ..54b8e2da
-      ..2d67440d
-      ..3b1ce838
-      ..7dd6c14a
-      ..857105bc
-      ..fff4c2e9
-      ..01b4fcab
-      ..d3f848f4
-      ..a59e178a
-      ..d41a8865
-      ..801fe40c
-      ..0b746586
-      ..327dd322
-      ..31513e48
-      ..26049082
-      ..1797c8bb
-      ..4e05debe
-      ..de68d652
-      ..5eebdb3e
-    }..fac828b1
-}..7d9cb6c5
+++ /de..42e3580f
-packag..d94068e0
-..068becc9
-import..5a7896b3
-import..202dfe3d
-import..8738d459
-..068becc9
-import..6f70e404
-import..2cf73cb1
-..068becc9
-import..c71b7e8a
-import..0da5ec0b
-..068becc9
-/**..663e9da4
- * @au..2d5d6f39
- *    ..df75e09b
- * @co..a76b7671
- */..598cb30c
-..068becc9
-public..b3b80e5b
-..068becc9
-    st..6413fb88
-..068becc9
-    pu..453cfff8
-      ..5714d8a9
-      ..e61f71fe
-      ..e2f62439
-      ..dba4fc72
-..068becc9
-      ..5ab88e37
-      ..3ba1f23f
-      ..7b668a7f
-      ..8a1b1de3
-      ..5b5d1376
-      ..327dd322
-..068becc9
-      ..240ad3f4
-      ..2c6fbb5b
-      ..acae8151
-      ..d9b61935
-      ..327dd322
-      ..b9592948
-      ..5a3ca938
-      ..117a0142
-      ..c2a0fe98
-      ..27556b0d
-      ..f819e62d
-      ..2d67440d
-      ..3b1ce838
-      ..7dd6c14a
-      ..857105bc
-      ..fff4c2e9
-      ..01b4fcab
-      ..d3f848f4
-      ..a59e178a
-      ..bf1485f2
-      ..801fe40c
-      ..0b746586
-      ..327dd322
-..068becc9
-      ..26049082
-      ..1797c8bb
-      ..3bd3a4d3
-      ..de68d652
-      ..5eebdb3e
-    }..fac828b1
-}..7d9cb6c5
+++ /de..42e3580f
-packag..d94068e0
-..068becc9
-import..5a7896b3
-import..0770f3be
-..068becc9
-import..6f70e404
-..068becc9
-import..0da5ec0b
-import..dc353a21
-..068becc9
-public..667e7265
-..068becc9
-    pu..453cfff8
-      ..5714d8a9
-      ..2b6d8669
-      ..1797c8bb
-      ..a2bc16d5
-      ..de68d652
-      ..5eebdb3e
-    }..fac828b1
-}..7d9cb6c5
+++ /de..42e3580f
-packag..d94068e0
-..068becc9
-import..5a7896b3
-import..0770f3be
-..068becc9
-import..6f70e404
-..068becc9
-import..0da5ec0b
-import..dc353a21
-..068becc9
-public..ddb457b8
-..068becc9
-    pu..453cfff8
-      ..5714d8a9
-      ..2b6d8669
-      ..feddbaae
-      ..124ba585
-      ..3040afb9
-      ..d3f848f4
-      ..c0f37eba
-      ..6b72bbb0
-      ..04c65344
-      ..472191d4
-      ..83bd7663
-      ..8187a398
-      ..327dd322
-      ..1797c8bb
-      ..a2bc16d5
-      ..de68d652
-      ..5eebdb3e
-    }..fac828b1
-}..7d9cb6c5
+++ /de..42e3580f
-packag..d94068e0
-..068becc9
-import..5a7896b3
-..068becc9
-import..6f70e404
-..068becc9
-import..c1872325
-import..0da5ec0b
-..068becc9
-/**..663e9da4
- * @au..2d5d6f39
- *    ..df75e09b
- * @co..a76b7671
- */..598cb30c
-..068becc9
-public..03f9f1c5
-..068becc9
-    St..b8206299
-      ..19036815
-..068becc9
-    pu..453cfff8
-      ..5714d8a9
-      ..c9718053
-      ..bef2693a
-      ..d1ccfdcf
-      ..8a8fe90a
-      ..28a2f64c
-      ..a4644d49
-      ..24ff12c9
-      ..102b936e
-      ..ab740c08
-      ..f5eede9c
-      ..02422d88
-      ..75d8ff4e
-      ..7f869d77
-      ..52046d42
-      ..75d8ff4e
-      ..585daa1e
-      ..2f0cd008
-      ..536d5a69
-      ..37ce776a
-      ..f7cc666a
-      ..2f0cd008
-      ..62616207
-      ..c470e9cc
-      ..f6e57d2b
-      ..5844292a
-      ..75d8ff4e
-      ..7ddabd6d
-      ..0fb53a92
-      ..585daa1e
-      ..2f0cd008
-      ..24da0436
-      ..c470e9cc
-      ..26c7061c
-      ..5844292a
-      ..75d8ff4e
-      ..7ddabd6d
-      ..59e64e8a
-      ..585daa1e
-      ..2f0cd008
-      ..91f1fabf
-      ..c470e9cc
-      ..46d84ae0
-      ..5844292a
-      ..75d8ff4e
-      ..7ddabd6d
-      ..1927c3f4
-      ..585daa1e
-      ..2f0cd008
-      ..84310a04
-      ..2181acdf
-      ..c8a5cbe0
-      ..9ffc8d9f
-      ..3110480d
-      ..d3f848f4
-      ..327dd322
-      ..79c38b04
-      ..3317772c
-      ..1797c8bb
-      ..b47ad2b6
-      ..de68d652
-      ..5eebdb3e
-    }..fac828b1
-}..7d9cb6c5
+++ /de..42e3580f
-packag..d94068e0
-..068becc9
-import..5a7896b3
-import..5d1bd63b
-import..dd0e6934
-..068becc9
-import..6f70e404
-import..77422cba
-..068becc9
-import..0da5ec0b
-import..00b0b1d6
-..068becc9
-import..dc7e754c
-..068becc9
-/**..663e9da4
- * @au..2d5d6f39
- *    ..df75e09b
- * @co..a76b7671
- */..598cb30c
-..068becc9
-public..62db49c5
-..068becc9
-    pu..453cfff8
-      ..5714d8a9
-      ..16980d83
-      ..49f2df94
-      ..0ccd7dea
-      ..44ad0ade
-      ..f0fba45f
-      ..267e8015
-      ..3702236a
-      ..cfe5c56f
-      ..6bbf2fd5
-      ..71669472
-      ..d3f848f4
-      ..f163506a
-      ..8889419b
-      ..4ddb3a88
-      ..ed1e35e6
-      ..4ce6312d
-      ..c8a5cbe0
-      ..9ffc8d9f
-      ..36931ca2
-      ..d3f848f4
-      ..327dd322
-      ..0c3442b1
-      ..4e6564d6
-      ..bb228825
-      ..e07a8eeb
-      ..d3f848f4
-      ..327dd322
-      ..1f0eb676
-      ..1be09739
-      ..5eebdb3e
-    }..fac828b1
-}..7d9cb6c5
+++ /de..42e3580f
-packag..d94068e0
-..068becc9
-import..5a7896b3
-import..5d1bd63b
-import..dd0e6934
-..068becc9
-import..6f70e404
-import..77422cba
-..068becc9
-import..0da5ec0b
-import..ded30a2e
-..068becc9
-/**..663e9da4
- * @au..2d5d6f39
- *    ..df75e09b
- * @co..a76b7671
- */..598cb30c
-..068becc9
-public..6e69f726
-..068becc9
-    pu..453cfff8
-      ..5714d8a9
-      ..16980d83
-      ..2e383167
-      ..0ccd7dea
-      ..44ad0ade
-      ..f0fba45f
-      ..267e8015
-      ..3702236a
-      ..cfe5c56f
-      ..6bbf2fd5
-      ..71669472
-      ..d3f848f4
-      ..f163506a
-      ..8889419b
-      ..4ddb3a88
-      ..ed1e35e6
-      ..4ce6312d
-      ..c8a5cbe0
-      ..9ffc8d9f
-      ..36931ca2
-      ..d3f848f4
-      ..327dd322
-      ..e544bd18
-      ..1429577b
-      ..7186d0f5
-      ..db99e672
-      ..d3f848f4
-      ..327dd322
-      ..1f0eb676
-      ..1be09739
-      ..5eebdb3e
-    }..fac828b1
-}..7d9cb6c5
+++ /de..42e3580f
-packag..d94068e0
-..068becc9
-import..5a7896b3
-import..5d1bd63b
-import..dd0e6934
-..068becc9
-import..6f70e404
-import..77422cba
-..068becc9
-import..0da5ec0b
-import..9327ae5f
-..068becc9
-/**..663e9da4
- * @au..2d5d6f39
- *    ..df75e09b
- * @co..a76b7671
- */..598cb30c
-..068becc9
-public..cf93525e
-..068becc9
-    pu..453cfff8
-      ..5714d8a9
-      ..16980d83
-      ..0c050178
-      ..0ccd7dea
-      ..44ad0ade
-      ..f0fba45f
-      ..267e8015
-      ..3702236a
-      ..cfe5c56f
-      ..6bbf2fd5
-      ..71669472
-      ..d3f848f4
-      ..f163506a
-      ..8889419b
-      ..4ddb3a88
-      ..ed1e35e6
-      ..4ce6312d
-      ..c8a5cbe0
-      ..9ffc8d9f
-      ..36931ca2
-      ..d3f848f4
-      ..327dd322
-      ..90391378
-      ..47b1430c
-      ..322afb46
-      ..d9b61935
-      ..327dd322
-      ..4f539ef4
-      ..4e6564d6
-      ..bb228825
-      ..0c846a47
-      ..031ab650
-      ..d3f848f4
-      ..327dd322
-      ..1f0eb676
-      ..1be09739
-      ..5eebdb3e
-    }..fac828b1
-}..7d9cb6c5
+++ /de..42e3580f
-packag..d94068e0
-..068becc9
-import..5a7896b3
-import..5d1bd63b
-import..dd0e6934
-..068becc9
-import..6f70e404
-import..77422cba
-..068becc9
-import..0da5ec0b
-import..c0babd60
-..068becc9
-/**..663e9da4
- * @au..2d5d6f39
- *    ..df75e09b
- * @co..a76b7671
- */..598cb30c
-..068becc9
-public..be8ea661
-..068becc9
-    pu..453cfff8
-      ..5714d8a9
-      ..16980d83
-      ..6589bee9
-      ..0ccd7dea
-      ..44ad0ade
-      ..f0fba45f
-      ..267e8015
-      ..3702236a
-      ..cfe5c56f
-      ..6bbf2fd5
-      ..71669472
-      ..d3f848f4
-      ..f163506a
-      ..8889419b
-      ..4ddb3a88
-      ..ed1e35e6
-      ..4ce6312d
-      ..c8a5cbe0
-      ..9ffc8d9f
-      ..36931ca2
-      ..d3f848f4
-      ..327dd322
-      ..5ee0b41d
-      ..47b1430c
-      ..322afb46
-      ..d9b61935
-      ..327dd322
-      ..278d3005
-      ..4e6564d6
-      ..bb228825
-      ..24f96c94
-      ..ec860c36
-      ..d3f848f4
-      ..327dd322
-      ..1f0eb676
-      ..1be09739
-      ..5eebdb3e
-    }..fac828b1
-}..7d9cb6c5
+++ /de..42e3580f
-packag..d94068e0
-..068becc9
-import..5a7896b3
-import..5d1bd63b
-..068becc9
-import..0da5ec0b
-import..ff14ab55
-import..34d0a349
-import..1cd7c25c
-..068becc9
-/**..663e9da4
- * @au..2d5d6f39
- *    ..df75e09b
- * @co..a76b7671
- */..598cb30c
-..068becc9
-public..015d470e
-..068becc9
-    pu..453cfff8
-      ..5714d8a9
-      ..16980d83
-      ..f8ca4926
-      ..0ccd7dea
-      ..1429577b
-      ..7186d0f5
-      ..c84c77b0
-      ..47c23490
-      ..2a07c248
-      ..08fd188c
-      ..cd20d39f
-      ..8ac9e659
-      ..f41e40eb
-      ..247f1fe9
-..068becc9
-      ..7cfa3278
-      ..736ff223
-      ..b1d5d17a
-      ..f41e40eb
-      ..247f1fe9
-..068becc9
-      ..bed21345
-      ..c8a5cbe0
-      ..7024859d
-      ..d3f848f4
-      ..327dd322
-      ..1f0eb676
-      ..1be09739
-      ..5eebdb3e
-    }..fac828b1
-}..7d9cb6c5
+++ /de..42e3580f
-packag..d94068e0
-..068becc9
-import..5a7896b3
-import..5d1bd63b
-..068becc9
-import..0da5ec0b
-import..ff14ab55
-import..34d0a349
-import..1cd7c25c
-..068becc9
-/**..663e9da4
- * @au..2d5d6f39
- *    ..df75e09b
- * @co..a76b7671
- */..598cb30c
-..068becc9
-public..58c65280
-..068becc9
-    pu..453cfff8
-      ..5714d8a9
-      ..5e64120a
-      ..8b60942b
-      ..131fe5ad
-      ..1429577b
-      ..7186d0f5
-      ..13b3eda8
-      ..d3f848f4
-      ..327dd322
-      ..1f0eb676
-      ..1be09739
-      ..5eebdb3e
-    }..fac828b1
-}..7d9cb6c5
+++ /de..42e3580f
-packag..d94068e0
-..068becc9
-import..0da5ec0b
-..068becc9
-import..5a7896b3
-..068becc9
-public..3e50a104
-    pu..453cfff8
-      ..29345741
-    }..fac828b1
-}..7d9cb6c5
+++ /de..42e3580f
-packag..d94068e0
-..068becc9
-import..5a7896b3
-import..5d1bd63b
-..068becc9
-/**..663e9da4
- * @au..2d5d6f39
- *    ..df75e09b
- * @co..a76b7671
- */..598cb30c
-..068becc9
-public..68b3d54b
-    pu..c5f32d1c
-      ..b7e87fe6
-      ..99af4fa6
-      ..9691f267
-      ..5eebdb3e
-      ..3b089d77
-    }..fac828b1
-}..7d9cb6c5
-      ..92408053
+      ..867f5db6
-      ..92408053
+      ..867f5db6
-      ..221ad7a9
+      ..b245606d
-      ..56a3a4f2
+      ..d350e8e8
-      ..2cdff7bb
+      ..12a1238f
-      ..5c3667c3
+      ..146ff813
-      ..92408053
+      ..867f5db6
-      ..71a16b07
+      ..7e47ccae
-      ..92408053
+      ..867f5db6
-      ..8c3fb71e
+      ..ea065e18
-      ..c0d01854
+      ..e232f0d0
-      ..472574fa
+      ..25327ae9
-      ..0733e39b
+      ..033322ec
-      ..0733e39b
+      ..033322ec
-      ..ec5a2a65
+      ..62ffcc36
-      ..82ab46a8
+      ..b9d483fe
-      ..b3c75e35
+      ..10cd16b5
-      ..983ff638
+      ..1574f61a
-      ..2471cf5a
+      ..9a5016a5
-      ..662823b9
+      ..682f34f6
-      ..4831412b
+      ..fece3b8d
-      ..daed22aa
-      ..4633dafa
+      ..01111a31
+      ..05865d56
-      ..0bf5c3d0
+      ..5ff0a15d
-      ..bf33137d
+      ..01c83ad8
-      ..5cc62f74
+      ..bcbc1eb5
-      ..e2dd2ead
+      ..ae7f3c22
-      ..b7a851f1
+      ..7da4f823
-      ..6451d000
+      ..c3d8dd60
-      ..64d46cba
+      ..47a31d27
-      ..b7a851f1
+      ..7da4f823
-      ..6451d000
+      ..c3d8dd60
-      ..78f424e2
+      ..fac333e9
-      ..6d3036ce
+      ..6599854b
-      ..f6fe8d8f
+      ..d29a2fcf
-      ..19b9c62a
+      ..3ee41fa8
-      ..5a7a6698
+      ..81342c9f
-      ..f1c43283
+      ..08522e11
-      ..cda0f829
+      ..09396e49
--- /de..d0912e88
+packag..67ea825e
+..2e6f348d
+import..630b010d
+import..12554da4
+import..8f3f41f4
+import..942c792b
+import..9cc3b9ca
+import..1f7c4160
+import..11f2b7a5
+import..50976302
+import..278ed70e
+import..3934bfc8
+..2e6f348d
+import..e849559c
+import..11c57cb9
+import..5faab3d6
+import..6e566d88
+import..39f315e9
+import..6dd8ce1f
+import..61964941
+import..e45805e6
+..2e6f348d
+import..87d83d22
+import..85e1fa05
+import..3086c64f
+import..ebdc4c2b
+..2e6f348d
+/**..e475cc97
+ * @au..806511de
+ *    ..d3e149d9
+ * @co..d0021341
+ */..eb0508da
+..2e6f348d
+public..91b24722
+    En..60d93913
+    Co..233769fd
+    Ha..8f4f9b03
+    Ha..c2f372bc
+    in..d866e856
+    in..e12fdba8
+    in..43f09b2f
+    bo..2511d412
+..2e6f348d
+    pu..4ddb1321
+      ..dd3ab22b
+    }..b9565b92
+..2e6f348d
+    pr..11da6d36
+      ..ddae6477
+    }..b9565b92
+..2e6f348d
+    @O..a244e5d6
+    pu..7baca421
+      ..fafa2962
+      ..f8d5f750
+      ..b1fd99b6
+      ..8728b903
+      ..7d27e82b
+      ..0b7333c8
+      ..f738d18a
+      ..b24bbe48
+..2e6f348d
+      ..62ad8256
+      ..c93f51a8
+      ..297e5c9b
+      ..eb499241
+      ..890263b0
+      ..ed4506e5
+..2e6f348d
+      ..29589523
+      ..f7c752ef
+      ..8dfb7bee
+      ..b00f4942
+      ..c0780b62
+      ..4d02a67a
+      ..f738d18a
+..2e6f348d
+      ..ad9a0e8c
+      ..8243d04b
+      ..4cbca9dd
+      ..09478825
+      ..5245703d
+      ..499c33be
+      ..76b7d16d
+      ..867f5db6
+..2e6f348d
+      ..6b6f5c69
+      ..e3b68851
+      ..9b12d262
+      ..f738d18a
+..2e6f348d
+      ..b03a1c60
+      ..83cfabc7
+      ..d4be164c
+..2e6f348d
+      ..ff9d3200
+      ..d9ab187c
+      ..f738d18a
+..2e6f348d
+      ..c8bb3082
+      ..029b58df
+      ..7896b45b
+      ..f738d18a
+..2e6f348d
+      ..f0daabbf
+      ..9a55ff72
+      ..b51fe212
+      ..39563916
+..2e6f348d
+      ..4bb8bcf1
+      ..be6e5c16
+      ..f738d18a
+..2e6f348d
+      ..1e8428fc
+      ..c9f9b4ce
+      ..f738d18a
+..2e6f348d
+      ..4ef8dec1
+      ..0e777d1c
+      ..f16c64de
+      ..7bb56bb0
+      ..40a1961d
+      ..7e49a6a8
+      ..41180485
+      ..f738d18a
+..2e6f348d
+      ..f8b510ca
+      ..fe082d05
+      ..f738d18a
+..2e6f348d
+      ..8b7cce38
+      ..5fa95a1f
+      ..7e6d006c
+      ..b71e5942
+      ..2fe9c5f5
+      ..25233b40
+..2e6f348d
+      ..93dda886
+      ..0c7e444c
+      ..de24abd7
+      ..75f7cb4b
+      ..30f789c7
+      ..36db6913
+      ..c163dd1d
+      ..048f9172
+      ..224b0f07
+      ..cc5f6152
+      ..ef53e23c
+      ..41180485
+      ..478ac926
+      ..e64cd857
+      ..19082046
+      ..7e598954
+      ..e64a216b
+      ..83d9149c
+      ..a924dcea
+      ..b51081ef
+      ..0ed8792a
+      ..ef53e23c
+      ..41180485
+      ..491aecbf
+      ..8943d715
+      ..ba604789
+      ..9952f247
+      ..b46d1b0a
+      ..491aecbf
+      ..c87afe7f
+      ..c8dce937
+      ..9afa92b4
+      ..491aecbf
+      ..06320e00
+      ..8322a12c
+      ..b9b45eb3
+      ..ff55d559
+      ..491aecbf
+      ..1344d782
+      ..9ddab4ea
+      ..491aecbf
+      ..c0780b62
+      ..21f5a632
+      ..b865401f
+      ..4c21278a
+      ..9ca6cc03
+      ..491aecbf
+      ..f738d18a
+..2e6f348d
+      ..788cb9c8
+      ..9735eb35
+      ..f985f1cb
+      ..c60c5057
+      ..41180485
+      ..c0780b62
+      ..e943b2db
+      ..85475fae
+      ..f738d18a
+      ..47e4faf1
+      ..fda6d240
+      ..ab3d454a
+      ..8516ec82
+      ..7cc131c3
+      ..85475fae
+      ..38cf6b8d
+      ..f738d18a
+      ..ad7c54ff
+      ..fec8fbf2
+      ..fda6d240
+      ..ab3d454a
+      ..fa9cd782
+      ..1e8b5fc7
+      ..85475fae
+      ..38cf6b8d
+      ..f738d18a
+      ..ae7f3c22
+      ..a1f1429d
+      ..f738d18a
+      ..e9fe9ebd
+      ..5a386bd5
+      ..b24bbe48
+..2e6f348d
+      ..f375a9e7
+      ..ab07b164
+      ..aeea86f1
+      ..2d1133e7
+..2e6f348d
+      ..887fb188
+      ..a5de5524
+      ..031b24ba
+      ..0967b67f
+      ..be9d3303
+      ..41180485
+      ..5ff2ab98
+      ..f738d18a
+..2e6f348d
+      ..5bdf1882
+      ..3aab190d
+      ..7f70ae16
+      ..f738d18a
+..2e6f348d
+      ..edf622c0
+      ..2af12bdb
+      ..603e0721
+      ..893214fe
+      ..f738d18a
+..2e6f348d
+      ..bd2943f1
+      ..0487dfea
+      ..bed449f5
+      ..41982cd8
+      ..59bb48bf
+      ..cb049ce6
+..2e6f348d
+      ..f8b510ca
+      ..6d3bb04d
+      ..f422a3fc
+      ..dd04a6eb
+      ..1497210a
+      ..c0780b62
+      ..0fdae28c
+      ..f738d18a
+..2e6f348d
+      ..9e6c5c3f
+      ..3cdb32ee
+      ..f738d18a
+      ..b24bbe48
+..2e6f348d
+      ..6a69c9bb
+      ..38c9f857
+      ..5349684c
+      ..b24bbe48
+    }..b9565b92
+..2e6f348d
+    pr..e76c5d5a
+      ..237c5962
+      ..858df6a3
+..2e6f348d
+      ..c6531581
+      ..c801b857
+      ..dbe84b65
+      ..607566f3
+      ..f738d18a
+      ..0bc9bfd3
+      ..972fb2ed
+      ..c0780b62
+      ..97926c05
+      ..f738d18a
+      ..b24bbe48
+..2e6f348d
+      ..9fcb2531
+    }..b9565b92
+..2e6f348d
+    pr..1771a725
+      ..eb564dc1
+    }..b9565b92
+..2e6f348d
+    pr..3d7cdb0f
+      ..fdc629d0
+      ..e574677b
+..2e6f348d
+      ..0c2dc01c
+      ..b2032c79
+      ..65e79387
+      ..f738d18a
+..2e6f348d
+      ..b57f1f9e
+      ..bfd51703
+      ..c0780b62
+      ..1f2b51c1
+      ..f738d18a
+..2e6f348d
+      ..42c2b3c2
+      ..ad93e6da
+      ..b24bbe48
+..2e6f348d
+      ..a0dbdee4
+    }..b9565b92
+..2e6f348d
+    pr..45e2e76c
+      ..f7593b4d
+      ..6739ba34
+..2e6f348d
+      ..aaaa378b
+      ..f2e525b8
+      ..71b5c5c8
+      ..f738d18a
+..2e6f348d
+      ..d019c66c
+      ..c46a5981
+      ..c0780b62
+      ..8bc6ca0d
+      ..f738d18a
+..2e6f348d
+      ..bc84231c
+      ..e2ac8dd2
+      ..b24bbe48
+..2e6f348d
+      ..fd8e7daf
+    }..b9565b92
+..2e6f348d
+    pr..69feac3c
+      ..297e5c9b
+      ..f0edcd3e
+      ..0aa10e38
+      ..3637f0ea
+      ..a69254f7
+      ..98dfbf8b
+      ..c1ac9c8a
+      ..8b5535e6
+      ..352b4929
+      ..40892119
+      ..5c6c195e
+      ..6fdcfd36
+      ..5c6c195e
+      ..b24bbe48
+..2e6f348d
+      ..174de9b5
+    }..b9565b92
+..2e6f348d
+    pr..a19c99d1
+      ..948bbdfa
+      ..8cce7dc1
+      ..e49810d3
+      ..b24bbe48
+..2e6f348d
+      ..dd12a44a
+      ..cd940b0f
+..2e6f348d
+      ..88f8ec0d
+      ..b4fda14b
+      ..27004b41
+      ..d1085236
+      ..1536581a
+      ..993febca
+      ..e1ec75a7
+      ..9c8d4223
+      ..a25be02a
+..2e6f348d
+      ..3e6edf8f
+      ..41168ce2
+      ..597fa58c
+      ..c0a2bd0b
+      ..c700a30a
+      ..283e214e
+      ..5f005aee
+      ..ef53e23c
+      ..f4d588d5
+      ..102a0e4f
+      ..ef53e23c
+..2e6f348d
+      ..dfc5059f
+      ..028145ae
+      ..4a882dfd
+      ..ba0334a1
+      ..ce96fb97
+      ..55677528
+      ..fd3fdba9
+      ..a4248651
+      ..172b4274
+      ..cc5f6152
+      ..ef53e23c
+      ..41180485
+..2e6f348d
+      ..241201e2
+      ..2178f817
+      ..597fa58c
+      ..c0a2bd0b
+      ..c6a626f6
+      ..283e214e
+      ..597e44c7
+      ..ef53e23c
+      ..dfc5059f
+..2e6f348d
+      ..89ce7cd4
+      ..7f35fa2c
+      ..ac719851
+..2e6f348d
+      ..d525433e
+      ..0bf20032
+      ..7d0bfdfb
+      ..bf239247
+      ..ce64190f
+      ..6ff38eb7
+      ..4fbff00f
+      ..f1705d9c
+      ..d5b4584c
+      ..0f25446c
+      ..5f4a1c6c
+      ..55677528
+      ..d5eff563
+      ..c90e0922
+      ..55677528
+      ..f9e1d790
+      ..cc5f6152
+      ..146d4213
+      ..c086234f
+      ..cc5f6152
+      ..2c034f18
+      ..863cdca6
+      ..3b0825d6
+      ..a4eb8048
+      ..127661d1
+      ..5f4a1c6c
+      ..3658ebcf
+      ..55677528
+      ..cc5f6152
+      ..ef53e23c
+      ..41180485
+      ..072155d4
+      ..27ca465c
+      ..41180485
+      ..f88bff25
+      ..cda6073a
+      ..d265754d
+      ..9e8cec16
+      ..41180485
+      ..083781e0
+      ..33c88b04
+      ..14e5c999
+      ..f738d18a
+      ..f322121f
+      ..dfc807db
+      ..75eebc71
+      ..5df6f0e5
+      ..b24bbe48
+      ..77ff3cb2
+    }..b9565b92
+..2e6f348d
+    pr..a60f083e
+      ..f2a8570a
+      ..d138420c
+    }..b9565b92
+..2e6f348d
+    pu..4ef538f2
+      ..f36f91cb
+      ..a4f187f9
+      ..855dd05f
+      ..edebc65a
+      ..efd51a8c
+      ..6247e988
+      ..149d97e8
+      ..b69127d0
+      ..bdb708f7
+      ..85e6fb1d
+      ..2407d63b
+      ..b656f469
+      ..5263e2b3
+      ..ef53e23c
+      ..70ecfe74
+      ..8f10b1e4
+      ..e2832033
+      ..ef53e23c
+      ..a25f1cbb
+      ..f12c8b02
+      ..6baa1fb0
+      ..45d1e85e
+      ..9a7fd875
+      ..8fe36589
+      ..1b373b43
+      ..b4f1d8da
+      ..9a7fd875
+      ..1213aeb2
+      ..acd9b498
+      ..95caf72f
+      ..520ef234
+      ..9a7fd875
+      ..cba6c4dd
+      ..d2085b6a
+      ..95caf72f
+      ..42926d1a
+      ..9a7fd875
+      ..5bc46328
+      ..fae80999
+      ..25df2ca8
+      ..dbb00a3a
+      ..283e214e
+      ..c605b858
+      ..ef53e23c
+      ..9a7fd875
+      ..40b58c9b
+      ..7e3b053f
+      ..7b387a94
+      ..9a7fd875
+      ..1c8f838c
+      ..1858b38b
+      ..1b39c1fe
+      ..9a7fd875
+      ..ee28ceac
+      ..03c70076
+      ..cfa333fe
+      ..9a7fd875
+      ..eb28ad90
+      ..8940bd68
+      ..69760584
+      ..9a7fd875
+      ..ceef017a
+      ..7abd01c6
+      ..e81e5b5e
+      ..9a7fd875
+      ..a6866e71
+      ..2f89f3af
+      ..71fafac7
+      ..9a7fd875
+      ..90fe045b
+      ..831a601d
+      ..eb3fd85b
+      ..9a7fd875
+      ..21da01df
+      ..415540e9
+      ..26d9fda8
+      ..95caf72f
+      ..9a7fd875
+      ..8f4374a1
+      ..6555e1f7
+      ..10173f07
+      ..7b0db701
+      ..812a6b3f
+      ..85e6fb1d
+      ..b90e469a
+      ..b656f469
+      ..203d3eff
+      ..ef53e23c
+      ..38506d61
+      ..c986b8cf
+      ..f738d18a
+      ..b24bbe48
+    }..b9565b92
+..2e6f348d
+    pr..16808fc5
+      ..c93f51a8
+      ..3d7ebf6a
+      ..34412b98
+      ..21980b44
+      ..b24bbe48
+      ..f8e64851
+      ..f3484a78
+      ..b24bbe48
+      ..1b065d0d
+    }..b9565b92
+..2e6f348d
+    pr..4661a13d
+      ..c93f51a8
+      ..bb09e1c0
+      ..b7883990
+      ..34412b98
+      ..775749fe
+      ..68f90c7a
+      ..c0780b62
+      ..d072da6b
+      ..f738d18a
+      ..b24bbe48
+      ..f8e64851
+      ..f3484a78
+      ..b24bbe48
+      ..1b065d0d
+    }..b9565b92
+..2e6f348d
+    pr..69372caa
+      ..297e5c9b
+      ..778746e9
+      ..c221d5eb
+      ..1011c3a9
+      ..b613d927
+      ..21853c93
+      ..41180485
+      ..c0780b62
+      ..1011c3a9
+      ..0245b5fd
+      ..5cf25aaf
+      ..ef53e23c
+      ..b613d927
+      ..21853c93
+      ..41180485
+      ..f738d18a
+      ..20cdd118
+      ..7255e4fd
+      ..f738d18a
+      ..9e2c3129
+      ..83d9149c
+      ..3cb7d856
+      ..aa840b4c
+      ..06715a59
+      ..ef53e23c
+      ..41180485
+      ..a028732f
+      ..f738d18a
+      ..d9437c9d
+      ..1ca508e0
+      ..02bb8254
+      ..83d9149c
+      ..3cb7d856
+      ..aa840b4c
+      ..731bc9ff
+      ..ef53e23c
+      ..41180485
+      ..f738d18a
+      ..d3d8fe0d
+      ..b24bbe48
+      ..174de9b5
+    }..b9565b92
+..2e6f348d
+    pr..cc096cc8
+      ..c93f51a8
+      ..78dda97b
+      ..34412b98
+      ..162d8cb3
+      ..b24bbe48
+      ..f8e64851
+      ..f3484a78
+      ..b24bbe48
+      ..1b065d0d
+    }..b9565b92
+..2e6f348d
+    //..fe65927c
+    pr..bee86dec
+      ..c93f51a8
+      ..78dda97b
+      ..d3001a21
+      ..734a0e0a
+      ..44e4c590
+      ..ab53b77b
+      ..16641359
+      ..41180485
+      ..264c049c
+      ..7adecf8a
+      ..b21eb271
+      ..e0b2cb65
+      ..8e696df2
+      ..f607ab52
+      ..283e214e
+      ..33be8d85
+      ..ef53e23c
+      ..d265754d
+      ..923c964a
+      ..41180485
+      ..f738d18a
+      ..b24bbe48
+      ..1b065d0d
+    }..b9565b92
+..2e6f348d
+    pr..e66c05df
+      ..f89958c5
+      ..e49810d3
+      ..b24bbe48
+      ..895798a8
+    }..b9565b92
+}..b0a54211
--- /de..d0912e88
+packag..67ea825e
+..2e6f348d
+import..37ff64ab
+import..3086c64f
+import..e35bf9e5
+import..21bbd101
+import..7f7b4bb5
+import..84ade525
+import..9f2e5e97
+import..5faab3d6
+import..39f315e9
+import..61964941
+..2e6f348d
+import..908579c8
+import..a5984447
+..2e6f348d
+public..731eef99
+    pr..c22adc47
+..2e6f348d
+    pr..ae6ed310
+      ..dd3ab22b
+    }..b9565b92
+..2e6f348d
+    @O..a244e5d6
+    pu..7baca421
+      ..4ba9423b
+      ..17c2649d
+      ..2f2927db
+      ..b3651c92
+      ..a3e4ef98
+      ..de776d90
+      ..aa7d0a20
+      ..bd882181
+      ..bd882181
+      ..dfa9755f
+..2e6f348d
+      ..521dc264
+      ..3d8ec709
+..2e6f348d
+      ..19fcae64
+      ..cfdf15a6
+      ..b24bbe48
+..2e6f348d
+      ..ec422413
+      ..21ecb5c3
+      ..0487dfea
+      ..ff13adfe
+      ..9a7b6479
+      ..fc2795ad
+      ..f738d18a
+      ..b24bbe48
+    }..b9565b92
+..2e6f348d
+    pr..3681fc6a
+      ..df2a732a
+..2e6f348d
+      ..963fd969
+      ..5b61e153
+      ..b24bbe48
+..2e6f348d
+      ..b6f1eb9b
+    }..b9565b92
+..2e6f348d
+    pr..8d4544c7
+      ..ca50623b
+    }..b9565b92
+..2e6f348d
+    pr..d115e2ee
+      ..9aaa831b
+    }..b9565b92
+..2e6f348d
+    pr..82cdde20
+      ..1422939c
+    }..b9565b92
+..2e6f348d
+    pr..dbd20bf8
+      ..23f12643
+..2e6f348d
+      ..b8e7d3e6
+      ..ea699faf
+      ..b24bbe48
+..2e6f348d
+      ..439ab350
+    }..b9565b92
+}..b0a54211
--- /de..d0912e88
+packag..c8a0d750
+..2e6f348d
+import..4791ede6
+import..326a0abb
+import..cae1116c
+..2e6f348d
+import..11c57cb9
+import..5faab3d6
+import..4fb377e6
+import..39f315e9
+..2e6f348d
+import..87d83d22
+import..3086c64f
+import..ab4c2282
+..2e6f348d
+/**..e475cc97
+ * @au..806511de
+ *    ..d3e149d9
+ * @co..d0021341
+ */..eb0508da
+..2e6f348d
+public..7f8ba0c8
+..2e6f348d
+    pu..d76d29e7
+      ..297e5c9b
+      ..3a758a33
+      ..78b4aaed
+      ..65f47f42
+      ..fe0f52d1
+      ..582bee25
+      ..952abcaf
+      ..4be8649a
+      ..41180485
+..2e6f348d
+      ..26d24bfc
+      ..fd464c6f
+      ..4326bfbe
+      ..1b234be6
+      ..a9b111e0
+      ..ef53e23c
+      ..3822f18a
+      ..cfcc6fd1
+..2e6f348d
+      ..6dc4b4fe
+      ..b4d69626
+      ..c7e99332
+      ..cbe5a8df
+      ..b16ff748
+      ..811b2924
+      ..9df566d5
+      ..37a63e3f
+      ..f18f52e8
+      ..cba6109d
+      ..78429137
+      ..5f4a1c6c
+      ..a7da2ee0
+      ..fc05c7bc
+      ..6e409021
+      ..444ee525
+      ..4b40e649
+      ..5f4a1c6c
+      ..55677528
+      ..cc5f6152
+      ..dc2386ba
+      ..4ab84285
+      ..1fd06ec8
+      ..ef53e23c
+      ..d265754d
+      ..b5672ed5
+      ..38b712ba
+      ..c127f741
+      ..b8aef829
+      ..591607c5
+      ..bdeeee45
+      ..821c9675
+      ..283e214e
+      ..fe7f1dc8
+      ..92a0e6cc
+      ..6f7dbb36
+      ..a6b5dfd1
+      ..55677528
+      ..9df566d5
+      ..7a9883be
+      ..a8624b20
+      ..da39bef1
+      ..5f4a1c6c
+      ..55677528
+      ..cc5f6152
+      ..ef53e23c
+      ..858571d5
+      ..41180485
+      ..f738d18a
+      ..6fdcfd36
+      ..5c6c195e
+      ..b24bbe48
+    }..b9565b92
+}..b0a54211
--- /de..d0912e88
+packag..c8a0d750
+..2e6f348d
+import..4791ede6
+import..326a0abb
+import..cae1116c
+..2e6f348d
+import..11c57cb9
+import..5faab3d6
+import..4fb377e6
+import..39f315e9
+..2e6f348d
+import..87d83d22
+import..3086c64f
+import..ac83103a
+..2e6f348d
+/**..e475cc97
+ * @au..806511de
+ *    ..d3e149d9
+ * @co..d0021341
+ */..eb0508da
+..2e6f348d
+public..2a1fa0cc
+..2e6f348d
+    pu..d76d29e7
+      ..297e5c9b
+      ..416429a8
+      ..071f23c8
+      ..b9afeeda
+      ..78b4aaed
+      ..65f47f42
+      ..fe0f52d1
+      ..582bee25
+      ..952abcaf
+      ..4be8649a
+      ..41180485
+..2e6f348d
+      ..26d24bfc
+      ..fd464c6f
+      ..4326bfbe
+      ..1b234be6
+      ..a9b111e0
+      ..ef53e23c
+      ..3822f18a
+      ..cfcc6fd1
+..2e6f348d
+      ..c22937b7
+      ..c7e99332
+      ..94a2fa05
+      ..b82e5b02
+      ..b4e73964
+      ..9df566d5
+      ..7586efb9
+      ..f18f52e8
+      ..127966e3
+      ..01fdf74d
+      ..5f4a1c6c
+      ..a7da2ee0
+      ..fc05c7bc
+      ..8f2fca2f
+      ..c63f9e5e
+      ..4b40e649
+      ..5f4a1c6c
+      ..55677528
+      ..cc5f6152
+      ..529582c7
+      ..4ab84285
+      ..4a9f2932
+      ..ef53e23c
+      ..d265754d
+      ..b5672ed5
+..2e6f348d
+      ..545f19ea
+      ..b8aef829
+      ..bb54aa69
+      ..bb194682
+      ..67878e58
+      ..283e214e
+      ..4f4113bf
+      ..92a0e6cc
+      ..7fe015a6
+      ..30313f7c
+      ..55677528
+      ..9df566d5
+      ..7a9883be
+      ..202a869a
+      ..01fdf74d
+      ..5f4a1c6c
+      ..55677528
+      ..cc5f6152
+      ..ef53e23c
+      ..8b5fd467
+      ..41180485
+      ..f738d18a
+      ..6fdcfd36
+      ..5c6c195e
+      ..b24bbe48
+    }..b9565b92
+}..b0a54211
--- /de..d0912e88
+packag..c8a0d750
+..2e6f348d
+import..4791ede6
+import..7ce92061
+import..51f0993a
+..2e6f348d
+import..11c57cb9
+import..5faab3d6
+..2e6f348d
+import..87d83d22
+import..3086c64f
+..2e6f348d
+/**..e475cc97
+ * @au..806511de
+ *    ..d3e149d9
+ * @co..d0021341
+ */..eb0508da
+..2e6f348d
+public..78135b3b
+..2e6f348d
+    st..0a2376e0
+..2e6f348d
+    pu..d76d29e7
+      ..297e5c9b
+      ..95bc6644
+      ..27d525e7
+      ..5680e084
+      ..a0f33519
+      ..0a5abb4f
+      ..5dfc9f83
+      ..f738d18a
+      ..24d9f660
+      ..8e1f44ef
+      ..9babc917
+      ..57368532
+      ..093c887b
+      ..f738d18a
+      ..458a74b6
+      ..87257a6f
+      ..874c9084
+      ..4d792548
+      ..9c1cd433
+      ..8b191821
+      ..4577a815
+      ..f156493c
+      ..6f4e30a1
+      ..cb385520
+      ..825f807c
+      ..6a9fc5ad
+      ..41180485
+      ..c0780b62
+      ..e75fc1ce
+      ..00a93801
+      ..ca3e3f94
+      ..f738d18a
+      ..175971d4
+      ..c5a32b3d
+      ..fec8fbf2
+      ..dbde8419
+      ..9303c499
+      ..b24bbe48
+    }..b9565b92
+}..b0a54211
--- /de..d0912e88
+packag..c8a0d750
+..2e6f348d
+import..4791ede6
+import..7ce92061
+import..51f0993a
+..2e6f348d
+import..11c57cb9
+import..5faab3d6
+import..61964941
+..2e6f348d
+import..87d83d22
+import..3086c64f
+..2e6f348d
+/**..e475cc97
+ * @au..806511de
+ *    ..d3e149d9
+ * @co..d0021341
+ */..eb0508da
+..2e6f348d
+public..fe8ce12a
+..2e6f348d
+    st..26d59e36
+..2e6f348d
+    pu..d76d29e7
+      ..297e5c9b
+      ..0cc262dd
+      ..95bc6644
+      ..4dd3cc05
+..2e6f348d
+      ..27d525e7
+      ..5680e084
+      ..a0f33519
+      ..0a5abb4f
+      ..5dfc9f83
+      ..f738d18a
+..2e6f348d
+      ..1d9d6f15
+      ..ecd03452
+      ..f537259c
+      ..093c887b
+      ..f738d18a
+      ..458a74b6
+      ..87257a6f
+      ..874c9084
+      ..4d792548
+      ..9c1cd433
+      ..0cce6577
+      ..4577a815
+      ..f156493c
+      ..6f4e30a1
+      ..cb385520
+      ..825f807c
+      ..6a9fc5ad
+      ..41180485
+      ..c0780b62
+      ..ef29c480
+      ..00a93801
+      ..ca3e3f94
+      ..f738d18a
+..2e6f348d
+      ..c5a32b3d
+      ..fec8fbf2
+      ..adeb6003
+      ..9303c499
+      ..b24bbe48
+    }..b9565b92
+}..b0a54211
--- /de..d0912e88
+packag..c8a0d750
+..2e6f348d
+import..4791ede6
+..2e6f348d
+import..11c57cb9
+import..5faab3d6
+..2e6f348d
+import..3086c64f
+..2e6f348d
+public..d369ae41
+..2e6f348d
+    pu..d76d29e7
+      ..297e5c9b
+      ..383df5b5
+      ..fec8fbf2
+      ..d811d102
+      ..9303c499
+      ..b24bbe48
+    }..b9565b92
+}..b0a54211
--- /de..d0912e88
+packag..c8a0d750
+..2e6f348d
+import..4791ede6
+import..f672f5f4
+..2e6f348d
+import..11c57cb9
+import..5faab3d6
+..2e6f348d
+import..3086c64f
+import..73b8e24d
+..2e6f348d
+public..0a8bc0fb
+..2e6f348d
+    pu..d76d29e7
+      ..297e5c9b
+      ..383df5b5
+      ..6e4d6f30
+      ..8a46199e
+      ..9015558a
+      ..41180485
+      ..ba2c80ce
+      ..db3eaddb
+      ..2fbd37ff
+      ..58bdc5a2
+      ..f99478b2
+      ..fc562896
+      ..f738d18a
+      ..fec8fbf2
+      ..d811d102
+      ..9303c499
+      ..b24bbe48
+    }..b9565b92
+}..b0a54211
--- /de..d0912e88
+packag..c8a0d750
+..2e6f348d
+import..4791ede6
+..2e6f348d
+import..11c57cb9
+import..5faab3d6
+..2e6f348d
+import..0bd71275
+import..3086c64f
+..2e6f348d
+/**..e475cc97
+ * @au..806511de
+ *    ..d3e149d9
+ * @co..d0021341
+ */..eb0508da
+..2e6f348d
+public..17db3610
+    St..784f5cea
+      ..e82be678
+..2e6f348d
+    pu..d76d29e7
+      ..297e5c9b
+      ..66d4b248
+      ..6b47782c
+      ..045e2ed0
+..2e6f348d
+      ..a782148e
+      ..fae33e31
+      ..4548ed30
+      ..ee1225b2
+      ..15cf4f85
+      ..4b3c5d50
+      ..b27fbab6
+      ..00fcbe1c
+      ..cd327eca
+      ..863160b0
+      ..a7da2ee0
+      ..6c7ddeac
+      ..863160b0
+      ..55677528
+      ..2160ff9f
+      ..7338d383
+      ..a9f68dc8
+      ..6b505abf
+      ..2160ff9f
+      ..949bb718
+      ..2cc3bc34
+      ..9f443627
+      ..5526bb68
+      ..863160b0
+      ..e3742dac
+      ..35ff856d
+      ..55677528
+      ..2160ff9f
+      ..f32a637b
+      ..2cc3bc34
+      ..2570ad77
+      ..5526bb68
+      ..863160b0
+      ..e3742dac
+      ..26f1b90f
+      ..55677528
+      ..2160ff9f
+      ..18516cdc
+      ..2cc3bc34
+      ..32a4f544
+      ..5526bb68
+      ..863160b0
+      ..e3742dac
+      ..400bf254
+      ..55677528
+      ..2160ff9f
+      ..14bd27a5
+      ..0ebe0938
+      ..ef53e23c
+      ..d265754d
+      ..7f024ac1
+      ..41180485
+      ..f738d18a
+      ..930d9694
+      ..1e80af15
+      ..fec8fbf2
+      ..5d894d31
+      ..9303c499
+      ..b24bbe48
+    }..b9565b92
+}..b0a54211
--- /de..d0912e88
+packag..c8a0d750
+..2e6f348d
+import..4791ede6
+import..326a0abb
+import..cae1116c
+..2e6f348d
+import..11c57cb9
+import..5faab3d6
+import..4fb377e6
+..2e6f348d
+import..3086c64f
+import..daf222c2
+..2e6f348d
+/**..e475cc97
+ * @au..806511de
+ *    ..d3e149d9
+ * @co..d0021341
+ */..eb0508da
+..2e6f348d
+public..33869e5b
+..2e6f348d
+    pu..d76d29e7
+      ..297e5c9b
+      ..3f5da8b9
+      ..d4b551db
+      ..01ab82ff
+      ..1d38a968
+      ..98f78437
+      ..7c51f236
+      ..80d998ac
+      ..e92cb14e
+      ..b8dde777
+      ..8c1a53c2
+      ..41180485
+      ..05310314
+      ..3822f18a
+      ..fe343329
+      ..2c2d2358
+      ..9d1237ed
+      ..ef53e23c
+      ..d265754d
+      ..f5749801
+      ..41180485
+      ..f738d18a
+      ..db5f7113
+      ..b05e050b
+      ..18d9505f
+      ..969673f1
+      ..41180485
+      ..f738d18a
+      ..6fdcfd36
+      ..5c6c195e
+      ..b24bbe48
+    }..b9565b92
+}..b0a54211
--- /de..d0912e88
+packag..c8a0d750
+..2e6f348d
+import..4791ede6
+import..326a0abb
+import..cae1116c
+..2e6f348d
+import..11c57cb9
+import..5faab3d6
+import..4fb377e6
+..2e6f348d
+import..3086c64f
+import..1175b434
+..2e6f348d
+/**..e475cc97
+ * @au..806511de
+ *    ..d3e149d9
+ * @co..d0021341
+ */..eb0508da
+..2e6f348d
+public..730c6409
+..2e6f348d
+    pu..d76d29e7
+      ..297e5c9b
+      ..3f5da8b9
+      ..43a07b5e
+      ..01ab82ff
+      ..1d38a968
+      ..98f78437
+      ..7c51f236
+      ..80d998ac
+      ..e92cb14e
+      ..b8dde777
+      ..8c1a53c2
+      ..41180485
+      ..05310314
+      ..3822f18a
+      ..fe343329
+      ..2c2d2358
+      ..9d1237ed
+      ..ef53e23c
+      ..d265754d
+      ..f5749801
+      ..41180485
+      ..f738d18a
+      ..b30f9d14
+      ..5814fbb1
+      ..3d221eb9
+      ..9bcfb59b
+      ..41180485
+      ..f738d18a
+      ..6fdcfd36
+      ..5c6c195e
+      ..b24bbe48
+    }..b9565b92
+}..b0a54211
--- /de..d0912e88
+packag..c8a0d750
+..2e6f348d
+import..4791ede6
+import..326a0abb
+import..cae1116c
+..2e6f348d
+import..11c57cb9
+import..5faab3d6
+import..4fb377e6
+..2e6f348d
+import..3086c64f
+import..fd989c2e
+..2e6f348d
+/**..e475cc97
+ * @au..806511de
+ *    ..d3e149d9
+ * @co..d0021341
+ */..eb0508da
+..2e6f348d
+public..17830112
+..2e6f348d
+    pu..d76d29e7
+      ..297e5c9b
+      ..3f5da8b9
+      ..adcb2a3a
+      ..01ab82ff
+      ..1d38a968
+      ..98f78437
+      ..7c51f236
+      ..80d998ac
+      ..e92cb14e
+      ..b8dde777
+      ..8c1a53c2
+      ..41180485
+      ..05310314
+      ..3822f18a
+      ..fe343329
+      ..2c2d2358
+      ..9d1237ed
+      ..ef53e23c
+      ..d265754d
+      ..f5749801
+      ..41180485
+      ..f738d18a
+      ..eed5ebab
+      ..547d82a2
+      ..6f8f6e46
+      ..093c887b
+      ..f738d18a
+      ..b689bd9d
+      ..b05e050b
+      ..18d9505f
+      ..0f0b2b9d
+      ..11e2911d
+      ..41180485
+      ..f738d18a
+      ..6fdcfd36
+      ..5c6c195e
+      ..b24bbe48
+    }..b9565b92
+}..b0a54211
--- /de..d0912e88
+packag..c8a0d750
+..2e6f348d
+import..4791ede6
+import..326a0abb
+import..cae1116c
+..2e6f348d
+import..11c57cb9
+import..5faab3d6
+import..4fb377e6
+..2e6f348d
+import..3086c64f
+import..df524d49
+..2e6f348d
+/**..e475cc97
+ * @au..806511de
+ *    ..d3e149d9
+ * @co..d0021341
+ */..eb0508da
+..2e6f348d
+public..fa3255d0
+..2e6f348d
+    pu..d76d29e7
+      ..297e5c9b
+      ..3f5da8b9
+      ..ef9a979e
+      ..01ab82ff
+      ..1d38a968
+      ..98f78437
+      ..7c51f236
+      ..80d998ac
+      ..e92cb14e
+      ..b8dde777
+      ..8c1a53c2
+      ..41180485
+      ..05310314
+      ..3822f18a
+      ..fe343329
+      ..2c2d2358
+      ..9d1237ed
+      ..ef53e23c
+      ..d265754d
+      ..f5749801
+      ..41180485
+      ..f738d18a
+      ..554d9ea2
+      ..547d82a2
+      ..6f8f6e46
+      ..093c887b
+      ..f738d18a
+      ..d2deb916
+      ..b05e050b
+      ..18d9505f
+      ..f6d40638
+      ..50957e1b
+      ..41180485
+      ..f738d18a
+      ..6fdcfd36
+      ..5c6c195e
+      ..b24bbe48
+    }..b9565b92
+}..b0a54211
--- /de..d0912e88
+packag..c8a0d750
+..2e6f348d
+import..4791ede6
+import..326a0abb
+..2e6f348d
+import..3086c64f
+import..5d799975
+import..7a33e56d
+import..ec7cd00a
+import..11c57cb9
+..2e6f348d
+/**..e475cc97
+ * @au..806511de
+ *    ..d3e149d9
+ * @co..d0021341
+ */..eb0508da
+..2e6f348d
+public..59b00fcf
+..2e6f348d
+    pu..d76d29e7
+      ..297e5c9b
+      ..3f5da8b9
+      ..dd24ff9a
+      ..01ab82ff
+      ..5814fbb1
+      ..3d221eb9
+      ..42ff479e
+      ..b710eb0d
+      ..ca599640
+      ..d88b9856
+      ..cc5f6152
+      ..e2f0901a
+      ..5bf7cdef
+      ..3bfa9faf
+..2e6f348d
+      ..8c162bb3
+      ..283e214e
+      ..d029a474
+      ..5bf7cdef
+      ..3bfa9faf
+..2e6f348d
+      ..576bccfe
+      ..ef53e23c
+      ..cd01a858
+      ..41180485
+      ..f738d18a
+      ..6fdcfd36
+      ..5c6c195e
+      ..b24bbe48
+    }..b9565b92
+}..b0a54211
--- /de..d0912e88
+packag..c8a0d750
+..2e6f348d
+import..4791ede6
+import..326a0abb
+..2e6f348d
+import..3086c64f
+import..11c57cb9
+..2e6f348d
+/**..e475cc97
+ * @au..806511de
+ *    ..d3e149d9
+ * @co..d0021341
+ */..eb0508da
+..2e6f348d
+public..02016ce5
+..2e6f348d
+    pu..d76d29e7
+      ..297e5c9b
+      ..81a8f923
+      ..895e7c9d
+      ..b9ea1026
+      ..5814fbb1
+      ..3d221eb9
+      ..776d190f
+      ..41180485
+      ..f738d18a
+      ..6fdcfd36
+      ..5c6c195e
+      ..b24bbe48
+    }..b9565b92
+}..b0a54211
--- /de..d0912e88
+packag..c8a0d750
+..2e6f348d
+import..3086c64f
+..2e6f348d
+import..4791ede6
+..2e6f348d
+public..f0ddcd10
+    pu..d76d29e7
+      ..e0be2c52
+    }..b9565b92
+}..b0a54211
-import..b1e8465f
+import..11c57cb9
-      ..92408053
+      ..867f5db6
+..2e6f348d
+      ..bfc5fc35
+..2e6f348d
+      ..930d9694
+..2e6f348d
-      ..c06fcbbf
+      ..3c954f67
-      ..b59f490b
+      ..2b8afaf5
-      ..9f212ad1
+      ..1bcff95e
-      ..158ca97c
+      ..1088fb3c
+++ /de..42e3580f
-packag..35862134
-..068becc9
-import..51ccd435
-import..1af6d35e
-import..b00f596e
-import..9fe90e01
-import..c88f9556
-import..ecd601b3
-import..642245b5
-import..2a7eb3ff
-import..0640a4b1
-import..2715e694
-..068becc9
-import..03456291
-import..6f70e404
-import..df917a5a
-import..326577b1
-import..72dfbdb6
-import..2cf73cb1
-import..02667384
-..068becc9
-import..c71b7e8a
-import..48e821a5
-import..0da5ec0b
-import..d41a8de0
-..068becc9
-/**..663e9da4
- * @au..2d5d6f39
- *    ..df75e09b
- * @co..a76b7671
- */..598cb30c
-..068becc9
-public..d9dda02d
-..068becc9
-    En..c28f2f2e
-    Co..716c3839
-    Ha..75fba76c
-    Ha..9a78c48e
-    in..ef5fc2ee
-    in..d0a37fdd
-    in..ea85bfa9
-    bo..1506b6e4
-..068becc9
-    pu..b67a385c
-      ..2bfa6f13
-    }..fac828b1
-..068becc9
-    pr..3ab03fe7
-      ..0b78f571
-    }..fac828b1
-..068becc9
-    @O..9c10e72d
-    pu..8b3b0ad2
-      ..a3367300
-      ..eca071c3
-      ..28824101
-      ..e8da619c
-      ..89e4be04
-      ..3b0f19eb
-      ..327dd322
-      ..5eebdb3e
-..068becc9
-      ..576f2181
-      ..b7e87fe6
-      ..5714d8a9
-      ..84b77f71
-      ..28cd8f70
-      ..d846abb3
-..068becc9
-      ..e9cd1239
-      ..b3994beb
-      ..ebbb44b5
-      ..19302df3
-      ..a59e178a
-      ..2f640365
-      ..327dd322
-..068becc9
-      ..71780527
-      ..de902f23
-      ..510b8b92
-      ..9503b8c3
-      ..4f521aab
-      ..e295d5c0
-      ..c0996648
-      ..92408053
-..068becc9
-      ..8827f3bb
-      ..f9506314
-      ..16103ee8
-      ..327dd322
-..068becc9
-      ..b022f04d
-      ..1f8553a2
-      ..4e4ca063
-..068becc9
-      ..5eae4bca
-      ..5a012afa
-      ..327dd322
-..068becc9
-      ..44e344ef
-      ..1f87f957
-      ..796338a5
-      ..327dd322
-..068becc9
-      ..530be940
-      ..aa7163a2
-      ..ab5268b2
-      ..0f785961
-..068becc9
-      ..e5d21249
-      ..b9000ce9
-      ..327dd322
-..068becc9
-      ..06c2a640
-      ..e04f6c6b
-      ..327dd322
-..068becc9
-      ..05b0e53a
-      ..8b9a9caa
-      ..1e41833f
-      ..715e2f66
-      ..22816bac
-      ..007161d7
-      ..d3f848f4
-      ..327dd322
-..068becc9
-      ..f31387c5
-      ..f308cf15
-      ..327dd322
-..068becc9
-      ..e0c6c0ed
-      ..72883759
-      ..858116dd
-      ..21c10860
-      ..4a74303e
-      ..77635cd4
-..068becc9
-      ..428e385d
-      ..de821eff
-      ..9b946c0a
-      ..a168a6e9
-      ..f15a45ae
-      ..80abfeac
-      ..074f6a5f
-      ..7f9d95ff
-      ..5022865c
-      ..cd20d39f
-      ..c8a5cbe0
-      ..d3f848f4
-      ..47f330fe
-      ..306db41c
-      ..b8473d0a
-      ..dcad3d59
-      ..a6eea988
-      ..8483f6fa
-      ..431f1bb8
-      ..f7a4c95b
-      ..133c1d0c
-      ..c8a5cbe0
-      ..d3f848f4
-      ..6e3bf114
-      ..6068cabc
-      ..cb972d0e
-      ..371b716f
-      ..441deaa0
-      ..6e3bf114
-      ..816fffaf
-      ..47d3d5f9
-      ..6c483bca
-      ..6e3bf114
-      ..b68910b8
-      ..e47d93db
-      ..095f73cf
-      ..ba5b92a0
-      ..6e3bf114
-      ..d2a29649
-      ..be7dfab4
-      ..6e3bf114
-      ..a59e178a
-      ..50d9362d
-      ..17b8eb52
-      ..9ac14e52
-      ..046c76fc
-      ..6e3bf114
-      ..327dd322
-..068becc9
-      ..3477c6f5
-      ..d3b5d0de
-      ..724b127c
-      ..1f99fe39
-      ..d3f848f4
-      ..a59e178a
-      ..f5a55804
-      ..b1657d5f
-      ..327dd322
-      ..32750a6b
-      ..b3c1651b
-      ..63d8c749
-      ..6e711fcf
-      ..68544d07
-      ..b1657d5f
-      ..77fdbe61
-      ..327dd322
-      ..f9bf8440
-      ..1797c8bb
-      ..b3c1651b
-      ..63d8c749
-      ..80e38b59
-      ..45babc9a
-      ..b1657d5f
-      ..77fdbe61
-      ..327dd322
-      ..e2dd2ead
-      ..8dc7ffa4
-      ..327dd322
-      ..e1091afa
-      ..a5e69d0a
-      ..5eebdb3e
-..068becc9
-      ..7aa8be7c
-      ..d8acc535
-      ..c4e860f5
-      ..46b20fa7
-..068becc9
-      ..1fe1270e
-      ..df0ae039
-      ..7d09081c
-      ..824f5e18
-      ..eec7734e
-      ..d3f848f4
-      ..f6b7a564
-      ..327dd322
-..068becc9
-      ..ee80ee49
-      ..639d5c5a
-      ..1377df01
-      ..327dd322
-..068becc9
-      ..72c15ba7
-      ..6af69a92
-      ..a865c73e
-      ..fdb9eba8
-      ..327dd322
-..068becc9
-      ..38801c9d
-      ..0ec468e0
-      ..f9a3873c
-      ..65805b2b
-      ..62cb3d3a
-      ..da60b268
-..068becc9
-      ..f31387c5
-      ..b3da2f27
-      ..b4ef07e3
-      ..a0401770
-      ..c4314055
-      ..a59e178a
-      ..865194cb
-      ..327dd322
-..068becc9
-      ..5bb9f3ef
-      ..8aa48dc1
-      ..327dd322
-      ..5eebdb3e
-..068becc9
-      ..90d286f8
-      ..c1d1a659
-      ..a76a0cf8
-      ..5eebdb3e
-    }..fac828b1
-..068becc9
-    pr..cded094b
-      ..98ffdec9
-      ..69b2cfea
-..068becc9
-      ..95c978d7
-      ..45ff6491
-      ..94697009
-      ..7077af74
-      ..327dd322
-      ..278f3782
-      ..bcd777c4
-      ..a59e178a
-      ..76971aa1
-      ..327dd322
-      ..5eebdb3e
-..068becc9
-      ..3fb0760b
-    }..fac828b1
-..068becc9
-    pr..1b34bb3a
-      ..e326e4fe
-    }..fac828b1
-..068becc9
-    pr..48da8016
-      ..07dd541e
-      ..52b79efe
-..068becc9
-      ..fa8ca085
-      ..559a09bd
-      ..4bacd44e
-      ..327dd322
-..068becc9
-      ..a1f0edb9
-      ..84049dbe
-      ..a59e178a
-      ..dc99171f
-      ..327dd322
-..068becc9
-      ..3cd175c4
-      ..ffbad8cc
-      ..5eebdb3e
-..068becc9
-      ..417ba129
-    }..fac828b1
-..068becc9
-    pr..c318b9f0
-      ..6edf5cec
-      ..7276b459
-..068becc9
-      ..61269ec8
-      ..95c85f07
-      ..227b6777
-      ..327dd322
-..068becc9
-      ..d988d697
-      ..71339fb0
-      ..a59e178a
-      ..225e7d6f
-      ..327dd322
-..068becc9
-      ..9d0b380e
-      ..0c8f7524
-      ..5eebdb3e
-..068becc9
-      ..bf37799c
-    }..fac828b1
-..068becc9
-    pr..447ae4b9
-      ..5714d8a9
-      ..fc215821
-      ..967b511d
-      ..5a7ea7a6
-      ..92a6cad2
-      ..95b8b412
-      ..5659c919
-      ..a42aef1f
-      ..3b336d0a
-      ..be26de41
-      ..1be09739
-      ..1f0eb676
-      ..1be09739
-      ..5eebdb3e
-..068becc9
-      ..f466e5ef
-    }..fac828b1
-..068becc9
-    pr..883728fc
-      ..e286b7e5
-      ..80e9ff09
-      ..cdb09cfe
-      ..5eebdb3e
-..068becc9
-      ..d780fd7d
-      ..2b0af6b8
-..068becc9
-      ..6265d15e
-      ..e175c51c
-      ..39a22d4f
-      ..56d95582
-      ..45d49157
-      ..e1a77c0a
-      ..5da8674d
-      ..e465c7e8
-      ..cf642df5
-..068becc9
-      ..6be9c831
-      ..838cc3ef
-      ..06348a84
-      ..15938533
-      ..256567fd
-      ..736ff223
-      ..f430885d
-      ..c8a5cbe0
-      ..a3b14512
-      ..d2f8dbfa
-      ..c8a5cbe0
-..068becc9
-      ..97c7287d
-      ..9003ff23
-      ..8b37521f
-      ..ecec1fd5
-      ..20cb7c0f
-      ..585daa1e
-      ..76d1aa13
-      ..f4f20e30
-      ..a9f8962f
-      ..cd20d39f
-      ..c8a5cbe0
-      ..d3f848f4
-..068becc9
-      ..7aab6ab1
-      ..aa4c1278
-      ..06348a84
-      ..15938533
-      ..b702fae3
-      ..736ff223
-      ..4a8c76dd
-      ..c8a5cbe0
-      ..97c7287d
-..068becc9
-      ..ec2d2123
-      ..57e356cd
-      ..0a60412a
-..068becc9
-      ..ab0c665d
-      ..7f8c25e6
-      ..627d916c
-      ..8b55cebf
-      ..52fd7e6e
-      ..d333ae96
-      ..d05f4b0a
-      ..9ca7e4a6
-      ..74882085
-      ..62e90e66
-      ..2d2dee18
-      ..585daa1e
-      ..cd18472a
-      ..480c9e09
-      ..585daa1e
-      ..0624bd44
-      ..cd20d39f
-      ..a91b9f8c
-      ..d9c699bb
-      ..cd20d39f
-      ..1baa54cc
-      ..414cface
-      ..23dc8baa
-      ..7ef28278
-      ..cf076e39
-      ..2d2dee18
-      ..7746f375
-      ..585daa1e
-      ..cd20d39f
-      ..c8a5cbe0
-      ..d3f848f4
-      ..fe8893ef
-      ..bd1f7885
-      ..d3f848f4
-      ..a12b482d
-      ..8bdbc6d6
-      ..9ffc8d9f
-      ..468cd94d
-      ..d3f848f4
-      ..ec9f2906
-      ..bacefe03
-      ..b334e753
-      ..327dd322
-      ..e72e9172
-      ..0588ba8c
-      ..cf22c3ae
-      ..321f9cb2
-      ..5eebdb3e
-      ..a41a7da0
-    }..fac828b1
-..068becc9
-    pr..f6b630d9
-      ..29e78f7d
-      ..d36a28c5
-    }..fac828b1
-..068becc9
-    pu..b9e2b586
-      ..1bf41675
-      ..17334bfb
-      ..8f8dc986
-      ..6d8807db
-      ..a1f33a83
-      ..0cc460bd
-      ..4e1829b5
-      ..99684fad
-      ..1bb85e38
-      ..0a640ab3
-      ..cf9a6290
-      ..4c323f4d
-      ..93b8b3b2
-      ..c8a5cbe0
-      ..7ef79012
-      ..29edfaf0
-      ..dc0b7cff
-      ..c8a5cbe0
-      ..d73017bb
-      ..742080a1
-      ..65bbb10f
-      ..7b0f8bce
-      ..1d28ca74
-      ..1ecd06f7
-      ..fd8cefa2
-      ..4fa96d60
-      ..1d28ca74
-      ..8d6ca4cd
-      ..d62537e7
-      ..deb2259a
-      ..49603399
-      ..1d28ca74
-      ..42f8178b
-      ..737b31b9
-      ..deb2259a
-      ..32155d73
-      ..1d28ca74
-      ..e1befced
-      ..e1a2a3e1
-      ..7ed4c2da
-      ..8800d395
-      ..736ff223
-      ..91562855
-      ..c8a5cbe0
-      ..1d28ca74
-      ..5950c122
-      ..fb034559
-      ..714c4cfb
-      ..1d28ca74
-      ..8c348377
-      ..4b6af618
-      ..5f7e5c8a
-      ..1d28ca74
-      ..5f6e4122
-      ..8b56387d
-      ..92bac85f
-      ..1d28ca74
-      ..66fbbb52
-      ..b1d2dcf8
-      ..2ac1301f
-      ..1d28ca74
-      ..e8a38a48
-      ..f75936d1
-      ..8f2d6ff2
-      ..1d28ca74
-      ..2d14e2d5
-      ..6e29d47e
-      ..85b2d5e2
-      ..1d28ca74
-      ..e64ca967
-      ..dfd1e032
-      ..a776b113
-      ..1d28ca74
-      ..d25cb73e
-      ..cab12224
-      ..3cdb2249
-      ..deb2259a
-      ..1d28ca74
-      ..c01e3c64
-      ..59f36806
-      ..2717dc6b
-      ..a1eb5e99
-      ..4ec8ae8c
-      ..0a640ab3
-      ..f227fe4c
-      ..4c323f4d
-      ..8ede7a05
-      ..c8a5cbe0
-      ..c12c0ff7
-      ..5803d6ec
-      ..327dd322
-      ..5eebdb3e
-    }..fac828b1
-..068becc9
-    pr..27f11731
-      ..b7e87fe6
-      ..84a94a5c
-      ..a2652654
-      ..f3c504cb
-      ..5eebdb3e
-      ..b3ffbe73
-      ..af305ade
-      ..5eebdb3e
-      ..3b089d77
-    }..fac828b1
-..068becc9
-    pr..c8301b71
-      ..b7e87fe6
-      ..bef857bf
-      ..4377bfd6
-      ..a2652654
-      ..8431dd61
-      ..49a3fcfd
-      ..a59e178a
-      ..6addddd4
-      ..327dd322
-      ..5eebdb3e
-      ..b3ffbe73
-      ..af305ade
-      ..5eebdb3e
-      ..3b089d77
-    }..fac828b1
-..068becc9
-    pr..1b820ed8
-      ..5714d8a9
-      ..740ff381
-      ..b9a7926d
-      ..e39e1b2c
-      ..9c673842
-      ..d1eb647d
-      ..d3f848f4
-      ..a59e178a
-      ..e39e1b2c
-      ..ee0a24fd
-      ..32e18c9d
-      ..c8a5cbe0
-      ..9c673842
-      ..d1eb647d
-      ..d3f848f4
-      ..327dd322
-      ..0b9a3ae7
-      ..d3dac13e
-      ..327dd322
-      ..60284e48
-      ..8483f6fa
-      ..a5f2b504
-      ..d020dc01
-      ..9e2e290c
-      ..c8a5cbe0
-      ..d3f848f4
-      ..bf765b89
-      ..327dd322
-      ..b66cee10
-      ..f9b12736
-      ..c7cb82ab
-      ..8483f6fa
-      ..a5f2b504
-      ..d020dc01
-      ..e24cd96e
-      ..c8a5cbe0
-      ..d3f848f4
-      ..327dd322
-      ..6b00a903
-      ..5eebdb3e
-      ..f466e5ef
-    }..fac828b1
-..068becc9
-    pr..1d8a4757
-      ..b7e87fe6
-      ..95378ba2
-      ..a2652654
-      ..76490ff7
-      ..5eebdb3e
-      ..b3ffbe73
-      ..af305ade
-      ..5eebdb3e
-      ..3b089d77
-    }..fac828b1
-..068becc9
-    //..30a6c2c5
-    pr..321b4e2d
-      ..b7e87fe6
-      ..95378ba2
-      ..2a76dc60
-      ..c78d5c3f
-      ..96ba38d7
-      ..f2c81898
-      ..8363bcc6
-      ..d3f848f4
-      ..3bd3032b
-      ..4b4f723e
-      ..d4c48f43
-      ..fc9ce58a
-      ..39afba1e
-      ..afa1754e
-      ..736ff223
-      ..169dc9f7
-      ..c8a5cbe0
-      ..9ffc8d9f
-      ..9c7f5fef
-      ..d3f848f4
-      ..327dd322
-      ..5eebdb3e
-      ..3b089d77
-    }..fac828b1
-..068becc9
-    pr..881736a2
-      ..d5d32150
-      ..cdb09cfe
-      ..5eebdb3e
-      ..4a9f9691
-    }..fac828b1
-}..7d9cb6c5
-      ..7c68c11a
+      ..3d1d6cb9
-      ..e2dd2ead
+      ..ae7f3c22
-      ..92408053
+      ..867f5db6
-      ..e2dd2ead
+      ..ae7f3c22
-      ..fa4427d0
+      ..d36651f2
-      ..d28da958
+      ..b410467f
-      ..92408053
+      ..867f5db6
-      ..debb932b
+      ..012664f5
-      ..b8e7a4e3
+      ..233cd805
-      ..7ddef03b
+      ..0292651d
--- /de..d0912e88
+packag..113cf483
+..2e6f348d
+import..4791ede6
+import..326a0abb
+..2e6f348d
+/**..e475cc97
+ * @au..806511de
+ *    ..d3e149d9
+ * @co..d0021341
+ */..eb0508da
+..2e6f348d
+public..0b50f180
+    pu..8e265ade
+      ..c93f51a8
+      ..8b16ba76
+      ..2c124f04
+      ..b24bbe48
+      ..1b065d0d
+    }..b9565b92
+}..b0a54211