-import..8ea6ed23
-import..c3f6418c
+      ..9524d7ab
-      ..aad742b5
-      ..4e1829b5
-      ..96cbe253
-      ..1d28ca74
-      ..55e8b318
-      ..1d28ca74
-      ..7ed8c46c
-      ..e38fd4b1
-      ..35a9f672
-      ..1d28ca74
-      ..6c8d22e3
-      ..1d28ca74
-      ..10c47f50
-      ..1d28ca74
-      ..8594d5e5
-      ..1d28ca74
-      ..c938d11f
-      ..1d28ca74
-      ..109e9833
-      ..1d28ca74
-      ..2a328856
-      ..1d28ca74
-      ..fe610bab
-      ..1d28ca74
-      ..20052dce
-      ..7341cf51
-      ..36b1c077
-      ..1d28ca74
-      ..327dd322
+      ..864c8d57
+      ..2e7fdea2
+import..890b7ee0
+import..079a4aaa
+import..c5fcb45a
+..2e6f348d
-    AD..ac31ceb7
-    RE..8f8bff6f
-    EX..b8fc37d2
-    EX..cf7afd8b
-    CO..6d70f507
-    CO..9ae452ea
-    AD..c430ae5c
-    RE..5cf92302
-    RE..0954ff92
-    BA..d5037068
-    UN..bba9c0ec
-    CL..50d1a674
-    NO..25507622
+    AD..b119dda1
+    RE..1221a771
+    EX..603fb68a
+    EX..2733eb5a
+    CO..e0110e2f
+    CO..503218e6
+    AD..48c85632
+    RE..80f05475
+    RE..0affaf06
+    BA..ed5d6387
+    UN..31858827
+    CL..b61474cf
+    NO..a12cc4a9
+..2e6f348d
+    @G..512ef4d0
+    pr..26c0b0d4
+..2e6f348d
+    In..29f14bd6
+      ..5b3f0888
+    }..b9565b92