-    pu..a394d323
+    pu..f6b4eb44
-      ..2cdda79d
+      ..bddc6e0d
-      ..57641e61
+..b197c696
-      ..a58be9e9
-      ..ca27ed04
+      ..70f02545
-      ..addac212
+      ..fece255e
+      ..70f02545
-      ..f05360d9
+..b197c696
+import..889db858
-      ..18aa4c67
-      ..8672a86d
-      ..1d5835e8
-      ..c1f257db
+      ..da9afd4d
+      ..25eb5116
-      ..cb4fb78e
+      ..38c7bbc0
+      ..25eb5116
-      ..da2a7c42
-import..8ccea38f
-import..7eb4b016
-import..8f093df3
-import..b8adda17
-import..9fe714d5
+import..f014f8c2
-import..54fea210
-    Co..e405bdcd
+..b197c696
+..b197c696
+..b197c696
-      ..f0cec835
+..b197c696
+..b197c696
+..b197c696
+..b197c696
+..b197c696
+..b197c696
+..b197c696
-      ..abdad21e
-      ..4dc40d28
-      ..c9e7705d
-				bu..00ca6e07
-			}*/..9bdbf99b
+..b197c696
+..b197c696
-      ..fb4e28b7
-      ..71479946
-      ..ac732b6d
+..b197c696
+..b197c696
+..b197c696
+..b197c696
-      ..6d649be6
-      ..d60c14d1
-      ..67441d1e
-      ..fdce12ea
-      ..581ab92b
-      ..5fc1e13a
-      ..a328eac7
-      ..b9bb1e24
-      ..6be91aad
-      ..6c3e6157
-      ..e4b85ec0
-      ..b0f5acf2
+..b197c696
+..b197c696
+..b197c696
+..b197c696
+..b197c696
+..b197c696
-      ..572d5de2
+      ..e72d9edf
+..b197c696
+..b197c696
+..b197c696
+..b197c696
+..b197c696
+..b197c696
+..b197c696
+..b197c696
-      ..fccf7fa8
+..b197c696
+..b197c696
+..b197c696
+..b197c696
-import..8109a85f
-import..9c1aa5fd
-import..aa97c88f
-import..ba190efb
-import..a4d2199b
-import..0f6d8664
-import..9fe714d5
-import..16ff67b7
-import..0f92725e
+import..b63b0676
+import..7dce602c
+import..2e0a84ce
-import..998ed47f
+import..1b198f91
+import..8ca37a4c
+import..f5dafd20
-/**..2e66cad7
- * @au..cb2e65b8
- *    ..921f9a81
- * @co..358b118a
- */..664f8772
-..f075daba
-    En..3bbb55e6
-    Co..e405bdcd
-    in..73704278
-    bo..939a393f
+    pr..933675ab
+    pr..0ba967ea
-    pr..c9c122dc
-      ..65d03b40
-    }..a874930b
-..f075daba
-      ..246fb987
-      ..5170bafe
-      ..1d4fb295
-      ..f1a1ec0e
-      ..0808b97e
-      ..2b280a84
-      ..49840e72
-      ..0aa61f86
-      ..20104592
-      ..93e60c92
-      ..b9bb1e24
-      ..b5a108f3
-      ..6c3e6157
-      ..260ac879
-      ..66e10315
-      ..824b181b
-      ..e9b2638f
-      ..2313ab9d
-      ..41733a22
-      ..14595f00
-      ..1b506d65
-      ..f4182676
-      ..a54ba372
-      ..710ad55e
-      ..f56fb281
-      ..3f9bb95a
-      ..f528b7ce
-      ..d39d1268
-      ..bf976575
-      ..64f1412a
-      ..5a2a3fa7
-      ..4a86013a
-      ..43dfd883
-      ..77aff55c
-      ..e80da34a
-      ..03a7fe50
-      ..28b32e94
-      ..c12f9839
-      ..44aa3a37
-      ..dcc9189c
-      ..a74d8061
-      ..c5446fbc
-      ..16e3ceca
-      ..18b84573
-      ..261e67b4
-      ..93cc9479
-      ..9d30dfb7
-      ..a88c91c1
-      ..e6db87df
-      ..e57556b8
-      ..c47e5027
-      ..b2161e3a
+      ..4e20cbfa
+      ..ec9a0b45
+..b197c696
+      ..1ea49163
+      ..a1875502
+      ..8aa2c236
+..b197c696
+      ..f64859fa
+      ..84a2f987
+      ..1f25f6e9
+      ..b9c73dc1
+..b197c696
+      ..11064dcf
+      ..f97cdf9d
+      ..61f9a56a
+      ..4732d2b5
+      ..1f25f6e9
+      ..b9c73dc1
+..b197c696
+      ..cf27b138
+      ..420c0cf8
+      ..2af03dc3
+      ..f6c085aa
-      ..8466c0f6
-      ..60ba8f95
+      ..511d937a
+      ..e62132ee
+      ..31122946
-      ..0f4b5f6d
-      ..a3659b37
-      ..970bfa26
-      ..4f4c585b
-      ..55cfbd18
-      ..0f4b5f6d
-      ..204d8ceb
-      ..0d5b06b8
-      ..ad6afbe4
-      ..0f4b5f6d
-      ..63afc980
-      ..d763c5a2
-      ..e2102d30
-      ..3f0c8083
-      ..0f4b5f6d
-      ..2f07fc74
-      ..11f62e26
-      ..0f4b5f6d
-      ..b9bb1e24
-      ..b4f354bf
-      ..33499e3e
-      ..c59a8f10
-      ..6e021df2
-      ..0f4b5f6d
-      ..d8fe6ce2
-      ..be71273c
-      ..a489c7eb
-      ..6f6917de
-      ..afc3186f
+      ..88fa38b2
+      ..f23db64b
+      ..83508126
+      ..909452fc
+      ..68aaa127
+      ..db66d91b
+      ..418d2ffe
+      ..58e60d34
+      ..a12883a5
+      ..6d580233
-      ..d27624d7
-      ..77903e23
+      ..d28c1afb
+      ..a0132849
+      ..d84d275e
+      ..2ed04569
+      ..d28c1afb
+      ..0e2e9faf
+      ..13731f58
+      ..d28c1afb
+      ..4f40cc2f
+      ..2c104896
+      ..e91e50de
+      ..d28c1afb
+      ..d10670af
+      ..000dcb4e
+      ..d28c1afb
+      ..61f9a56a
+      ..3cf98c89
+      ..70fb58b5
+      ..4586f4cc
+      ..f3ed9686
+      ..d28c1afb
+..b197c696
-..f075daba
-      ..2d902dc1
-      ..76752f19
-      ..440625fd
-      ..40d3e8cc
-      ..aed4ce40
-      ..0f312edc
-      ..eccc2470
-      ..4b6370dc
-      ..a41e2954
-      ..9d30dfb7
-      ..b39b8774
-      ..6c3e6157
+      ..9b170756
-..f075daba
-    pr..26e1f414
-      ..309c7d94
-..f075daba
-      ..adc4a09f
-      ..994e331b
-..f075daba
-      ..05c0412f
-      ..40764ea1
-      ..caf6d112
-..f075daba
-      ..1576cf53
-      ..13eaffe9
-      ..b0f5acf2
-..f075daba
-      ..0b71e142
-..f075daba
-      ..d6e8db18
-      ..6bdfb293
-      ..3f387633
-..f075daba
-      ..f9b76527
-    }..a874930b
-..f075daba
-    pr..63a8211e
-      ..a248aa33
-    }..a874930b
-      ..d4668cde
+      ..fb3bfcec
+..b197c696
+      ..40fd50dc
+      ..bd7eae83
+      ..2eaa9400
+      ..a22160de
+      ..b9c73dc1
+..b197c696
+      ..29da4031
+      ..d0fa3ae3
+      ..b9c73dc1
+..b197c696
+      ..05dea6be
+..b197c696
+      ..419f57f7
-      ..75146b52
+      ..52618f6a
-      ..75146b52
+      ..52618f6a
-      ..75146b52
+      ..52618f6a
-      ..75146b52
+      ..52618f6a
-      ..75146b52
+      ..52618f6a
-      ..75146b52
+      ..52618f6a
-      ..75146b52
+      ..52618f6a
-      ..75146b52
+      ..52618f6a
-      ..75146b52
+      ..52618f6a
-      ..75146b52
+      ..52618f6a