-      ..d9566f9c
+      ..65a5045a
-      ..69c41580
+      ..6e3f9752
-      ..998b2901
+      ..46ddef27
+    pu..3f71caf7
+      ..6442f394
+      ..ed376b72
+..b197c696
+      ..7b24c499
+      ..deab1549
+      ..1d8b93a6
+      ..829e8fd4
+      ..5add946a
+      ..ff280cc4
+      ..520587b3
+      ..740b0ff9
+      ..409c68f5
+      ..b9adec49
+..b197c696
+      ..4840923d
+    }..a39a807c
+..b197c696
+    pr..5575483e
+      ..a64ed02e
+      ..cacaaa8c
+      ..df26876a
+      ..2ed7d8c0
+      ..def34f62
+      ..df26876a
+      ..98b57d9a
+      ..d2745aee
+      ..653b7b77
+      ..00c3365d
+      ..2ed7d8c0
+      ..def34f62
+      ..df26876a
+      ..98b57d9a
+      ..e99ec535
+      ..ca1217cf
+      ..def34f62
+      ..df26876a
+      ..538a1677
+      ..480e9cd3
+      ..49e9b9db
+      ..16f9ad89
+      ..37839308
+      ..37839308
+      ..5f19bddc
+..b197c696
+      ..26d18823
+      ..29469149
+      ..3d798818
+      ..8f2071c7
+      ..04a2d34a
+      ..616288e8
+      ..ee767b49
+..b197c696
+      ..a15844b5
+      ..6cd67884
+      ..83c0ca1f
+      ..1c9dec88
+      ..cd876af7
+      ..deaf82e1
+      ..b9c73dc1
+      ..ee24f3cb
+      ..35cc0f7f
+      ..b9adec49
+..b197c696
+      ..ce560f06
+      ..def34f62
+      ..df26876a
+      ..b9551f77
+      ..44edabf9
+    }..a39a807c
+..b197c696