+import..8ca37a4c
+import..3ee09423
-      ..83632cd7
-      ..29e6007a
-      ..6fb19031
+      ..6704875e
+      ..c8ebc76d
+      ..47c4b656
+      ..a8e38bfa
+      ..df806e33
+      ..cc449ff9
+      ..0fae2453
-      ..f9b36ebd
+      ..044a8861
-      ..9e9729d4
-      ..48b4cfad
+      ..8c9d0704
+      ..0e410cbe
+      ..6e591cc3
+      ..6dd06bde
+      ..3c2e32d2
+      ..8a04dede
-      ..54cc8c93
+      ..322046de
-    pu..5c4f5d64
+    pu..ecb86587
-      ..e37f4342
-      ..b96b4e5a
-      ..db268d07
+      ..03c9c3f6
+      ..8b2920a8
-      ..a8c7d17e
+      ..f79e85b1