+++ /de..ef71b982
-packag..52d34e7a
-..f075daba
-public..b22a8546
-..f075daba
-    ST..5498b284
-    IN..d8c070f9
-    DO..8e689b09
-    FL..341b38fc
-    BO..f82b82a4
-    FO..cdfcf31f
-..f075daba
-    pu..0ffbc634
-      ..4fedac38
-      ..7036ff08
-      ..06696c2e
-      ..b0f5acf2
-      ..3f387633
-      ..6d67058c
-    }..a874930b
-..f075daba
-    pu..ea35c583
-..f075daba
-    Co..577256c6
-      ..185157df
-    }..a874930b
-..f075daba
-}..1655f251
+++ /de..ef71b982
-packag..52d34e7a
-..f075daba
-import..395d9c7f
-import..9b6d099c
-import..a36fb4d3
-import..a4d2199b
-import..a396ee62
-import..ab38a655
-..f075daba
-public..52247282
-..f075daba
-    St..81599e72
-    Fi..add93bf1
-    En..292d9f68
-    St..19905408
-    St..9be20e59
-..f075daba
-    pu..a2d56322
-      ..3737089a
-      ..626b5b49
-      ..d5c45a91
-      ..4b3cce58
-    }..a874930b
-..f075daba
-    @O..22378d96
-    pu..707ea36a
-      ..70e8d6f4
-      ..0761d2c6
-      ..771fa098
-..f075daba
-      ..6a50a6a5
-      ..8c3ddc10
-..f075daba
-      ..c68ef335
-      ..1d2c5d76
-      ..6f2ddd9d
-      ..df1fc9cf
-      ..e40638af
-      ..e085f341
-      ..a8573649
-      ..091f38af
-      ..7cc4850d
-      ..6a59696b
-      ..50156d9a
-      ..5e5021d5
-      ..b0f5acf2
-      ..737348ea
-      ..d64f4239
-      ..3f387633
-      ..32dbdb4d
-    }..a874930b
-..f075daba
-}..1655f251
+++ /de..ef71b982
-packag..52d34e7a
-..f075daba
-import..5636f09e
-import..94b4d2b6
-import..f290aee2
-import..71f8c776
-..f075daba
-import..639a1f77
-import..edd21839
-import..0a16e510
-..f075daba
-import..1a06e85c
-import..2dca070a
-import..00bbde81
-import..f8e4e78a
-import..e222df70
-import..c2983fb2
-..f075daba
-public..8f571231
-..f075daba
-    En..292d9f68
-..f075daba
-    pu..154cd6b1
-      ..abfe6d02
-      ..4b3cce58
-    }..a874930b
-..f075daba
-    @O..22378d96
-    pu..821e7eb6
-      ..587872b9
-      ..52475646
-      ..80c0b41d
-      ..496e1aa7
-      ..fc5e206f
-      ..236a63c9
-      ..b97e4069
-      ..6c3e6157
-      ..c44b58dc
-      ..b97e4069
-      ..6c3e6157
-      ..681d79f0
-      ..5b4cd2ae
-      ..65035293
-      ..bb9d3bcb
-      ..533df4f7
-      ..e9c157b8
-      ..b9bb1e24
-      ..4b9f2a7f
-      ..fc5e206f
-      ..236a63c9
-      ..6c3e6157
-      ..7cc4850d
-      ..83e69778
-      ..1a672618
-      ..29e381bf
-      ..fc5e206f
-      ..236a63c9
-      ..b97e4069
-      ..6c3e6157
-      ..16f0e162
-      ..90572bf7
-      ..3efffb41
-      ..523a9545
-      ..3bfd2463
-      ..bd288b01
-      ..4b2c431c
-      ..32fb266d
-      ..993553ec
-      ..76467882
-      ..38b9a848
-..f075daba
-      ..f336fd33
-      ..0bebf6cf
-      ..6c3e6157
-      ..9adbd112
-      ..bc9dce72
-      ..6c3e6157
-..f075daba
-      ..0f6ec471
-      ..ea36f88a
-      ..fbe18130
-      ..63ddbcf6
-      ..6c3e6157
-      ..fc924e14
-      ..fe1cb233
-      ..7cc4850d
-      ..da7356bc
-      ..7d6053d6
-      ..6fbc6024
-      ..fc5e206f
-      ..236a63c9
-      ..b97e4069
-      ..6c3e6157
-      ..c6f99628
-      ..318848d7
-      ..b9bb1e24
-      ..3b04d1c1
-      ..6c3e6157
-      ..16a3a5de
-      ..90572bf7
-      ..3efffb41
-      ..7cc4850d
-      ..0412a1c7
-      ..c4ffc372
-      ..83450c18
-      ..fc5e206f
-      ..236a63c9
-      ..b97e4069
-      ..6c3e6157
-      ..acb35dba
-      ..ee8d0fac
-      ..3ffeccb2
-      ..d6867bf0
-      ..14e5abba
-      ..d8eee239
-      ..58b365b4
-      ..4e455479
-      ..9de25474
-      ..56c6e444
-      ..9d30dfb7
-      ..24b3761e
-      ..04454ced
-      ..4e455479
-      ..9de25474
-      ..56c6e444
-      ..9d30dfb7
-      ..0f2bf889
-      ..bb230223
-      ..236a63c9
-      ..3e6890a8
-      ..0ee40fe6
-      ..b9bb1e24
-      ..61a2189e
-      ..87990c28
-      ..236a63c9
-      ..6c3e6157
-      ..7cc4850d
-      ..cf8779a4
-      ..59db48b6
-      ..37eb2ec5
-      ..fc5e206f
-      ..236a63c9
-      ..b97e4069
-      ..6c3e6157
-      ..acb35dba
-      ..ee8d0fac
-      ..3ffeccb2
-      ..d6867bf0
-      ..14e5abba
-      ..d8eee239
-      ..1abb5f04
-      ..4e455479
-      ..9de25474
-      ..56c6e444
-      ..9d30dfb7
-      ..24b3761e
-      ..4a07fc65
-      ..4e455479
-      ..9de25474
-      ..56c6e444
-      ..9d30dfb7
-      ..f207a3ba
-      ..bb230223
-      ..236a63c9
-      ..8613a587
-      ..0ee40fe6
-      ..b9bb1e24
-      ..66f7a72a
-      ..87990c28
-      ..236a63c9
-      ..6c3e6157
-      ..7cc4850d
-      ..b449dec4
-      ..8fceac0b
-      ..a9d1d18c
-      ..fc5e206f
-      ..236a63c9
-      ..b97e4069
-      ..6c3e6157
-      ..acb35dba
-      ..ee8d0fac
-      ..3ffeccb2
-      ..d6867bf0
-      ..14e5abba
-      ..d8eee239
-      ..e1e5b905
-      ..4e455479
-      ..9de25474
-      ..56c6e444
-      ..9d30dfb7
-      ..e4232777
-      ..bb230223
-      ..236a63c9
-      ..149fde6c
-      ..0ee40fe6
-      ..b9bb1e24
-      ..8bbcd78b
-      ..87990c28
-      ..236a63c9
-      ..6c3e6157
-      ..7cc4850d
-      ..f1a4f786
-      ..78b0cdfb
-      ..ee8d0fac
-      ..d7924f09
-      ..bb230223
-      ..236a63c9
-      ..999b8665
-      ..0ee40fe6
-      ..efbbd1a8
-      ..740d202a
-      ..bb230223
-      ..236a63c9
-      ..44b7cf02
-      ..0ee40fe6
-      ..b9bb1e24
-      ..e728ad5c
-      ..87990c28
-      ..236a63c9
-      ..6c3e6157
-      ..7cc4850d
-      ..5f34bf4b
-      ..8a5e1295
-      ..dba643da
-      ..fc5e206f
-      ..236a63c9
-      ..b97e4069
-      ..6c3e6157
-      ..cecfc71a
-      ..ee8d0fac
-      ..b9f5112e
-      ..bb230223
-      ..236a63c9
-      ..755c55f3
-      ..0ee40fe6
-      ..b9bb1e24
-      ..870c4cf2
-      ..87990c28
-      ..236a63c9
-      ..6c3e6157
-      ..7cc4850d
-      ..b0f5acf2
-      ..54068fbf
-      ..d722c1c2
-      ..b18afd07
-			 */..10d9ad2e
-      ..e875095f
-..f075daba
-      ..aad28d9b
-      ..5577f1c6
-      ..2531ed30
-      ..80dcf04f
-      ..0e89eaff
-      ..d1a769e7
-      ..1c75a16f
-      ..d8f121a9
-      ..fcdb2aeb
-      ..821f136a
-      ..db0aae45
-      ..4cdfe5f4
-..f075daba
-      ..603587a9
-      ..6c3cdc1f
-      ..23e11aff
-      ..45432fd4
-      ..89403a5a
-      ..e0d6cb34
-      ..3fc56128
-      ..9db62389
-      ..35eb039b
-      ..918ef588
-      ..96b95e39
-      ..8c3cb4b4
-      ..b7b584b3
-      ..c5696e1f
-      ..aa47fd09
-      ..4c516d4a
-      ..3f387633
-    }..a874930b
-..f075daba
-}..1655f251
+++ /de..ef71b982
-packag..52d34e7a
-..f075daba
-import..4ff959d4
-..f075daba
-import..1a06e85c
-..f075daba
-/**..2e66cad7
- * Han..7637f3e7
- */..664f8772
-public..e578d138
-..f075daba
-    //..7dc2f196
-    pr..e98611a4
-    pr..dfc9065f
-    pr..74b35a20
-    pr..efb4c917
-    pr..203a04f6
-    pr..626c9512
-    pr..7a737d8a
-..f075daba
-    pu..0a808bd7
-      ..b5d5860c
-      ..4416bf00
-      ..2369a410
-..f075daba
-      ..aecaf1bd
-    }..a874930b
-..f075daba
-    pu..2a00a3db
-      ..aa1a99c7
-      ..b15e558c
-      ..3f387633
-..f075daba
-      ..b7355d3c
-      ..d1b91ab4
-      ..3c5a236a
-      ..b96630a9
-      ..8ad798af
-      ..1d289629
-      ..87c8eb8e
-      ..91379156
-      ..87db333e
-    }..a874930b
-}..1655f251
+++ /de..ef71b982
-packag..52d34e7a
-..f075daba
-import..5636f09e
-import..94b4d2b6
-import..71f8c776
-..f075daba
-public..2278ddbd
-..f075daba
-    Th..b41f24a8
-    St..d7102f39
-    St..30dfe4f0
-    lo..a753e137
-..f075daba
-    pu..75a13ef3
-      ..98797ff5
-      ..a4aa26f1
-    }..a874930b
-..f075daba
-    pu..140e584a
-      ..aea166c1
-      ..a4aa26f1
-    }..a874930b
-..f075daba
-    @O..22378d96
-    pu..9832ca48
-      ..ff1d38bb
-      ..215f0e6b
-      ..66a8f444
-      ..29792c12
-      ..3c45988a
-      ..1755b38e
-      ..6d99350b
-      ..11d5f10a
-      ..312b96ab
-      ..6421b346
-      ..9621759c
-      ..b0f5acf2
-      ..54068fbf
-      ..2cd27db6
-      ..ab719f8d
-      ..3f387633
-      ..1db965cc
-    }..a874930b
-..f075daba
-}..1655f251
+++ /de..ef71b982
-packag..52d34e7a
-..f075daba
-import..5636f09e
-import..94b4d2b6
-import..71f8c776
-import..8059dc82
-import..e4a3b47c
-import..8f48100b
-..f075daba
-//This..a03a0454
-class ..1100561b
-..f075daba
-{..019744e1
-..f075daba
-    Da..84a67828
-..f075daba
-    //..5a3317bd
-    pu..c57a8fa8
-      ..30cd0224
-      ..6f781454
-      ..82c86769
-      ..a35582d9
-      ..b6718c87
-      ..315efc2e
-    }..a874930b
-..f075daba
-    pr..d59b1878
-      ..200ecc82
-      ..54b062b2
-    }..a874930b
-..f075daba
-    //..794ff53a
-    //..a25a4d03
-    pu..b8133ace
-      ..f393801b
-      ..2dac37d5
-    }..a874930b
-..f075daba
-    //..794ff53a
-    //..05127fe8
-    pu..c107cc49
-      ..afbc0923
-    }..a874930b
-}..1655f251
+++ /de..ef71b982
-packag..52d34e7a
-..f075daba
-import..a8c8454a
-import..1c86d3c4
-import..395d9c7f
-import..a36fb4d3
-import..f2bec6cd
-import..9c1aa5fd
-import..4e60df57
-import..ba190efb
-import..a4d2199b
-import..8f67588f
-import..f290aee2
-import..7eb4b016
-import..0f92725e
-import..43cfb44d
-import..934771ec
-import..43bd6de6
-import..1921f79e
-..f075daba
-import..e9e1ea40
-..f075daba
-import..c2364163
-..f075daba
-import..1a06e85c
-import..00bbde81
-import..f8e4e78a
-import..ca3f9ee4
-import..07ac00e4
-import..c2983fb2
-import..c38e49bd
-import..60b2992c
-import..88179dfd
-import..4f312eb7
-..f075daba
-public..2acc1dc5
-..f075daba
-    pu..bfefae9a
-    /*..17b6c479
-     *..f3ec0cb8
-     *..e2df5e9b
-    pu..602970b0
-    st..c3ece413
-    //..e88ec8da
-    //..bd8173ab
-    //..101038d7
-    //..10aeb2aa
-..f075daba
-    pu..f184b485
-    pu..79430f46
-    pu..7dc00168
-    pu..1a44a042
-..f075daba
-    pu..fa573b2b
-..f075daba
-    pu..5407fe09
-    pu..deab1240
-    pu..bf244bfd
-    pu..b29fecf7
-    st..6b781ca6
-    Lo..4e00a515
-..f075daba
-    pu..49994f17
-    pu..681a54fc
-    pu..6cbedb07
-..f075daba
-    pu..595dfa8d
-..f075daba
-    Sc..37c15898
-    Ne..83ed0d6d
-..f075daba
-    pr..d425f4fc
-..f075daba
-    @O..22378d96
-    pu..3f3ff597
-      ..631dda91
-      ..de0805ea
-      ..d38184c0
-..f075daba
-      ..8720ea61
-..f075daba
-      ..0761d2c6
-      ..1e212a17
-      ..fd446e0f
-      ..b33550c5
-      ..d48424d4
-      ..682d9bea
-      ..b0f5acf2
-      ..b8c374f3
-      ..fa45ba55
-      ..dac9172d
-      ..c75824b3
-      ..266b0bcc
-      ..6c3e6157
-      ..b0f5acf2
-      ..09c87a6b
-      ..943d11ac
-      ..bc08bc86
-      ..9a940f44
-      ..7dc21ec9
-      ..17cb9e66
-..f075daba
-      ..1750edc4
-      ..554b2ba8
-      ..790e771d
-      ..fe7e69a4
-      ..3f387633
-..f075daba
-      ..bf88131a
-      ..742e6480
-      ..0761d2c6
-      ..969a1bc1
-      ..b6246300
-      ..5786f2b8
-      ..c5f9001a
-      ..796ffe04
-      ..e0ccb88d
-      ..7dbae561
-..f075daba
-      ..6c3e6157
-      ..b0f5acf2
-      ..1385cfe4
-      ..597b7c7d
-      ..148a0bae
-      ..5cb54fe0
-      ..cf55330c
-      ..b9bb1e24
-      ..4e796291
-      ..6c3e6157
-      ..ed126777
-      ..a4843d70
-      ..4a29b9e3
-      ..b0f5acf2
-      ..b2892e52
-      ..90eac72d
-      ..3e1bee54
-      ..3f387633
-      ..ee216ea0
-      ..75bc643a
-    }..a874930b
-..f075daba
-    pu..ef7a27d8
-      ..d330db3a
-    }..a874930b
-..f075daba
-    pu..e2bad5ce
-      ..2423e9fb
-      ..093fc36b
-      ..260e11e0
-      ..3f387633
-    }..a874930b
-..f075daba
-    pu..9e3bdcd4
-      ..cb1f2f39
-      ..7b6551c9
-      ..3e952d6b
-      ..638489d2
-      ..3f387633
-..f075daba
-      ..30c16bf4
-      ..de444b9d
-      ..4691d90a
-      ..befdff16
-      ..54068fbf
-      ..4691d90a
-      ..3f387633
-      ..9d34e3b1
-      ..97bdb7f4
-      ..f2ab612c
-      ..38fa2473
-      ..728abc7e
-      ..35ebe074
-      ..7f7755a8
-      ..5bc00012
-      ..7bcecb39
-    }..a874930b
-..f075daba
-    pr..809d7b8d
-      ..ceb1d2dc
-      ..0dd8788b
-      ..75c885a4
-      ..19c5d4b8
-      ..ae7ba628
-    }..a874930b
-..f075daba
-    pu..87fbb5f3
-      ..0761d2c6
-      ..433d791e
-      ..737348ea
-      ..d64f4239
-      ..3f387633
-    }..a874930b
-..f075daba
-    pu..ce874acb
-      ..0761d2c6
-      ..07ea9620
-      ..47a9276b
-      ..78b4e9e5
-      ..d8fb2ba8
-      ..dfe0ab9c
-      ..adc7e9b7
-      ..998fb999
-      ..b0f5acf2
-      ..feb44312
-      ..71e9fe49
-      ..cd01b299
-      ..5569e523
-      ..b0f5acf2
-      ..feb44312
-      ..1750edc4
-      ..cd01b299
-      ..084e3959
-      ..b0f5acf2
-      ..feb44312
-      ..3f387633
-    }..a874930b
-..f075daba
-    pu..76e96efa
-      ..0761d2c6
-      ..37be0a47
-      ..47a9276b
-      ..78b4e9e5
-      ..d8fb2ba8
-      ..dfe0ab9c
-      ..adc7e9b7
-      ..998fb999
-      ..b0f5acf2
-      ..feb44312
-      ..f4a4140f
-      ..cd01b299
-      ..5569e523
-      ..b0f5acf2
-      ..feb44312
-      ..71e9fe49
-      ..cd01b299
-      ..5569e523
-      ..b0f5acf2
-      ..feb44312
-      ..1750edc4
-      ..cd01b299
-      ..084e3959
-      ..b0f5acf2
-      ..feb44312
-      ..3f387633
-    }..a874930b
-..f075daba
-    pu..61be9699
-      ..f89d9bfd
-      ..181b7cd5
-      ..7b992f25
-      ..d0068e50
-      ..de8c1eb9
-      ..f9816603
-      ..87990c28
-      ..d70dfd8b
-      ..d82072a7
-      ..87990c28
-      ..d70dfd8b
-      ..6c3e6157
-      ..b0f5acf2
-      ..3f387633
-    }..a874930b
-..f075daba
-    pu..2bb008a3
-      ..0761d2c6
-      ..094768c0
-      ..47a9276b
-      ..78b4e9e5
-      ..d8fb2ba8
-      ..dfe0ab9c
-      ..fef08975
-      ..998fb999
-      ..b0f5acf2
-      ..feb44312
-      ..71e9fe49
-      ..cd01b299
-      ..5569e523
-      ..b0f5acf2
-      ..feb44312
-      ..1750edc4
-      ..cd01b299
-      ..084e3959
-      ..b0f5acf2
-      ..feb44312
-      ..3f387633
-    }..a874930b
-..f075daba
-    /*..17b6c479
-     *..ccec8523
-     *..09755f0a
-     *..10fdfc8d
-     *..3a9847eb
-     *..e2df5e9b
-    pu..28c2a670
-      ..c06b3fda
-      ..d9089a7a
-      ..0761d2c6
-      ..8c3e4c94
-      ..66eab587
-      ..1c4e9aa8
-      ..77df4e70
-      ..22895743
-      ..4a06dda6
-      ..3d9b3364
-      ..50515a7f
-      ..d059bd64
-      ..b0f5acf2
-      ..a29aad0d
-      ..b04466ec
-      ..b0f5acf2
-..f075daba
-      ..5b8d0d0b
-      ..9f340d01
-      ..a03db4ad
-      ..d3267668
-      ..f8a2c47c
-      ..a1defd3d
-      ..b0f5acf2
-      ..dad54fed
-      ..f4a4140f
-      ..71e62be9
-      ..60c9d8fb
-      ..60e56d0e
-      ..248141dc
-      ..71e9fe49
-      ..90c4f7b8
-      ..f6d58340
-      ..bcca6b68
-      ..1750edc4
-      ..fe7e69a4
-      ..4f504f4d
-      ..2b57bfd9
-      ..bcca6b68
-      ..3f387633
-    }..a874930b
-..f075daba
-    pu..e4d82b50
-      ..8061bd62
-    }..a874930b
-..f075daba
-    pu..323b0ae8
-      ..00757ef5
-    }..a874930b
-..f075daba
-    pu..8ece6a66
-      ..3e037c46
-    }..a874930b
-..f075daba
-    pu..86e06937
-      ..0761d2c6
-      ..4f64d50c
-      ..002f2087
-      ..b2892e52
-      ..feb44312
-      ..3f387633
-    }..a874930b
-..f075daba
-    pu..0b8d7dee
-      ..f6053a65
-      ..6c842367
-      ..3f387633
-      ..79b1824a
-    }..a874930b
-..f075daba
-    pu..79ccebd6
-..f075daba
-      ..344e3c60
-      ..718b1031
-      ..1d4fb295
-      ..3e28d123
-      ..e6924993
-      ..5569e523
-      ..b0f5acf2
-      ..54068fbf
-      ..1d4fb295
-      ..c9deb776
-      ..e6924993
-      ..5569e523
-      ..b0f5acf2
-      ..3f387633
-      ..7c76c38f
-    }..a874930b
-..f075daba
-    pu..e6ca9b7b
-      ..1474ea8e
-    }..a874930b
-}..1655f251
+++ /de..ef71b982
-packag..52d34e7a
-..f075daba
-import..5636f09e
-import..94b4d2b6
-import..71f8c776
-import..9da15766
-import..0f92725e
-..f075daba
-import..1a06e85c
-import..2dca070a
-..f075daba
-import..77410a6f
-import..83f23d5a
-import..0727ce37
-import..fb77b900
-..f075daba
-public..36f46f1d
-..f075daba
-    St..f02d73a3
-    Co..61ab325f
-    En..292d9f68
-..f075daba
-    pu..3e49678e
-      ..20f69187
-      ..2eabc669
-      ..4b3cce58
-    }..a874930b
-..f075daba
-    @O..22378d96
-    pu..707ea36a
-      ..0761d2c6
-      ..7d2ab079
-      ..df7cb598
-      ..0d744e66
-      ..5a3b901f
-      ..ed9d8eb1
-      ..c44772df
-      ..2e014734
-      ..782e8ec3
-      ..fab9a2a1
-      ..a26a9260
-      ..dc132066
-      ..76851265
-      ..9d30dfb7
-      ..bea5c50b
-      ..6190efc3
-      ..642ec936
-      ..15ba140f
-      ..0e445a99
-      ..deac1c2d
-      ..3a0576d6
-      ..261e67b4
-      ..5f89e5e9
-..f075daba
-      ..93cc9479
-      ..9d30dfb7
-      ..6c3e6157
-      ..6a59696b
-      ..5d78ecbd
-      ..b0f5acf2
-      ..825a2de6
-      ..36957d6c
-      ..3ea93ed4
-      ..c48d5bf8
-      ..c0e264cc
-      ..3f387633
-    }..a874930b
-..f075daba
-}..1655f251
+++ /de..ef71b982
-packag..52d34e7a
-..f075daba
-import..1a06e85c
-import..2dca070a
-import..f8e4e78a
-import..07ac00e4
-..f075daba
-public..e6752d61
-..f075daba
-    En..292d9f68
-    St..aa735ef3
-    Co..c04ad918
-    Pr..6664b236
-    pu..c7c6ae41
-    pu..0a6f2dda
-..f075daba
-    pu..61c196df
-      ..4b3cce58
-      ..97e0add0
-      ..7eb23c2b
-      ..19f548c0
-      ..a0f78bf8
-      ..3f387633
-      ..7a0f8235
-    }..a874930b
-..f075daba
-    @O..22378d96
-    pu..c1b9a97a
-..f075daba
-      ..b3efd773
-      ..4786e94f
-      ..79614e0a
-      ..ad929c62
-      ..12293dc2
-      ..f8274afa
-      ..c95d041a
-      ..49ae7e69
-      ..85f00187
-      ..4ebe19ab
-      ..6c3e6157
-      ..796ffe04
-      ..653091fb
-      ..c4277a0c
-      ..ffbe7025
-      ..07ea995d
-      ..6c3e6157
-      ..b0f5acf2
-..f075daba
-      ..3e89e1a2
-      ..03b7651e
-      ..a5721283
-      ..479e5df4
-      ..e0f735b3
-      ..72354415
-      ..7c2f2858
-      ..da312168
-      ..0e80488c
-      ..9eaa762b
-      ..6a59696b
-      ..da312168
-      ..a0610a61
-      ..dfe95619
-      ..b0f5acf2
-      ..ee782f36
-      ..54068fbf
-      ..7b030d64
-      ..63d8f78b
-      ..8ccd503a
-      ..3efffb41
-      ..8ffdef92
-      ..7cc4850d
-      ..b0f5acf2
-      ..5b939ff6
-      ..e073dc44
-      ..b9fdf213
-      ..49356412
-      ..3efffb41
-      ..1f1c6c22
-      ..025720a1
-      ..8ffdef92
-      ..7cc4850d
-      ..6e85b6e4
-      ..7023d71a
-      ..49356412
-      ..3efffb41
-      ..1f1c6c22
-      ..025720a1
-      ..8ffdef92
-      ..7cc4850d
-      ..b0f5acf2
-      ..aa5d2b8a
-      ..f4c2fdca
-      ..2bd309f9
-      ..84872e25
-      ..a0ca8a11
-      ..46091abc
-      ..b5c3bacf
-      ..f5d91626
-      ..3dc36fb6
-      ..502f1044
-      ..6c91decb
-      ..99f3ccdc
-      ..ee782f36
-      ..3f387633
-      ..01d67b10
-    }..a874930b
-..f075daba
-    pr..f52762db
-      ..c82bb019
-      ..1c8aaf47
-      ..c9d021b0
-      ..f5bb206e
-      ..9f64962d
-      ..3f387633
-      ..0761d2c6
-      ..2dc53f35
-      ..da9de252
-      ..b0f5acf2
-      ..073002b2
-      ..da9de252
-      ..b0f5acf2
-      ..3f0c5dfb
-      ..682a46ad
-      ..6a59696b
-      ..02fcb1af
-      ..b0f5acf2
-      ..1750edc4
-      ..539dc00e
-      ..fe7e69a4
-      ..d61f8e12
-      ..d6b4389b
-      ..bcca6b68
-      ..3f387633
-    }..a874930b
-..f075daba
-}..1655f251
+++ /de..ef71b982
-packag..52d34e7a
-..f075daba
-import..8109a85f
-import..9c1aa5fd
-import..aa97c88f
-import..ba190efb
-import..a4d2199b
-import..0f6d8664
-import..f290aee2
-import..8ccea38f
-import..7eb4b016
-import..16ff67b7
-import..0f92725e
-..f075daba
-import..1a06e85c
-import..00bbde81
-import..f8e4e78a
-import..27065d39
-import..07ac00e4
-import..c2983fb2
-..f075daba
-import..40e966a1
-import..67049f55
-import..50c98dd2
-import..0daeb36b
-import..c2364163
-..f075daba
-/**..2e66cad7
- * @au..cb2e65b8
- *    ..921f9a81
- * @co..358b118a
- */..664f8772
-..f075daba
-public..ffba9da5
-..f075daba
-    En..292d9f68
-    Co..abc902e2
-    Co..e405bdcd
-    Ha..5bc117d4
-    Ha..a27e82fa
-    in..73704278
-    in..143754e9
-    bo..939a393f
-..f075daba
-    pu..210d7b50
-      ..4b3cce58
-    }..a874930b
-..f075daba
-    pr..c9c122dc
-      ..4ebb0823
-    }..a874930b
-..f075daba
-    @O..22378d96
-    pu..707ea36a
-      ..f7f10311
-      ..52c00d2c
-      ..bd847aa0
-      ..8130ce3c
-      ..b03dbdd1
-      ..1384264f
-      ..b0f5acf2
-      ..3f387633
-      ..15b999c7
-      ..e3fca85e
-      ..0761d2c6
-      ..c34d3b95
-      ..dafd79b0
-      ..b95ee47f
-      ..ba0f4664
-      ..4c8c525f
-      ..b416cb4d
-      ..68c2636a
-      ..6a59696b
-      ..3a8b74f5
-      ..b0f5acf2
-      ..ad5f9f7a
-      ..7f751444
-      ..cedc0cff
-      ..4a06dda6
-      ..22895743
-      ..af664a9c
-      ..45d55e33
-      ..f0cec835
-      ..80488565
-      ..f397c5f2
-      ..05a8d5b8
-      ..f255d20d
-      ..b0f5acf2
-      ..302c58c7
-      ..90b53398
-      ..37b57f5c
-      ..07a9ebb9
-      ..e58a2ce5
-      ..b0f5acf2
-      ..b4421a5f
-      ..6842cb8b
-      ..f9d996ba
-      ..daf27251
-      ..fb4e28b7
-      ..c11c5418
-      ..71479946
-      ..79426fd8
-      ..c7a0267d
-      ..b1b13d3b
-      ..9adbd112
-      ..e8b6b942
-      ..754c9a75
-      ..39947533
-      ..cc31e6ff
-      ..84aec8a5
-      ..4607470c
-      ..e7b6b0b1
-      ..7479fe10
-      ..93cc9479
-      ..9d30dfb7
-      ..6c3e6157
-      ..d53fee4e
-      ..da312168
-      ..a08839ba
-      ..7efab906
-      ..1f1c6c22
-      ..a8ac717c
-      ..23c26f69
-      ..8eddc261
-      ..b997da77
-      ..4e455479
-      ..a0750b8c
-      ..9d30dfb7
-      ..6c3e6157
-      ..d4ad14e0
-      ..a729dec3
-      ..6547b6ca
-      ..e89dfd4b
-      ..80d97c91
-      ..d4ad14e0
-      ..09255395
-      ..6a757532
-      ..a4e5d5ac
-      ..d4ad14e0
-      ..d020c65c
-      ..e1a11b39
-      ..a21d5603
-      ..be923cf2
-      ..d4ad14e0
-      ..377347a7
-      ..935f2e9e
-      ..d4ad14e0
-      ..6a59696b
-      ..1f8f2813
-      ..b33c4604
-      ..7b6a117f
-      ..5b38121f
-      ..d4ad14e0
-      ..b0f5acf2
-      ..121d9f1e
-      ..af153aab
-      ..48fb3a54
-      ..99683215
-      ..6c3e6157
-      ..6a59696b
-      ..0d1a931a
-      ..69e1a08d
-      ..b0f5acf2
-      ..71e9fe49
-      ..1b0dae0a
-      ..a35472df
-      ..23b233ec
-      ..6cbc9379
-      ..69e1a08d
-      ..33576a1b
-      ..b0f5acf2
-      ..8262ae68
-      ..1750edc4
-      ..1b0dae0a
-      ..a35472df
-      ..a875d568
-      ..0365a945
-      ..69e1a08d
-      ..33576a1b
-      ..b0f5acf2
-      ..1d6d89a6
-      ..084e3959
-      ..b0f5acf2
-      ..654ad4fc
-      ..bbecdbcd
-      ..3f387633
-      ..6e5f9e21
-      ..e8729c03
-      ..54068fbf
-      ..1a13b74b
-      ..6ef60e5c
-      ..bfa55e08
-      ..415c6873
-      ..38a615e2
-      ..d2cdce02
-      ..b0f5acf2
-      ..3f387633
-    }..a874930b
-..f075daba
-    pr..63a8211e
-      ..a248aa33
-      ..274063b4
-    }..a874930b
-..f075daba
-    pu..ea4be560
-      ..14749289
-      ..3b5088b9
-      ..6ff8750f
-      ..7f89b253
-      ..d6120e4a
-      ..a71199a0
-      ..5df904ba
-      ..7decaf2d
-      ..008557d1
-      ..8ffdf9d5
-      ..9cdf84c9
-      ..a77e23af
-      ..9d30dfb7
-      ..3f654f97
-      ..63c0958f
-      ..1a996ea1
-      ..31c5585b
-      ..3f5dde7f
-      ..2b36b66d
-      ..8088a96b
-      ..3f5dde7f
-      ..b3729980
-      ..741fbc23
-      ..f55a6d7f
-      ..3f5dde7f
-      ..3a169a28
-      ..8d425506
-      ..819303ee
-      ..3f5dde7f
-      ..47311274
-      ..f3e1f654
-      ..48badf6c
-      ..3f5dde7f
-      ..4a403689
-      ..edf76faa
-      ..e3c178c3
-      ..3f5dde7f
-      ..d99c4e5f
-      ..54789725
-      ..008557d1
-      ..9abfd412
-      ..9cdf84c9
-      ..13c95a3b
-      ..9d30dfb7
-      ..366aa8f0
-      ..f0744f61
-      ..ce2e6617
-      ..7b953f95
-      ..008557d1
-      ..9aa9230f
-      ..9cdf84c9
-      ..9b367740
-      ..9d30dfb7
-      ..2d01937c
-      ..c97ef439
-      ..b0f5acf2
-      ..3f387633
-    }..a874930b
-..f075daba
-    pr..9d0cc435
-      ..e3fca85e
-      ..58ffb811
-      ..61c79c97
-      ..70cf915b
-      ..e9b2004f
-      ..3f387633
-      ..78519954
-      ..50f7171d
-      ..3f387633
-      ..3cfec763
-    }..a874930b
-..f075daba
-    pr..0e00b382
-      ..e3fca85e
-      ..215c4714
-      ..5681cbe4
-      ..cae852af
-      ..e1325c3f
-      ..37221eb6
-      ..c6d3aec5
-      ..1d4fb295
-      ..6679fe49
-..f075daba
-      ..6c8f5cb3
-      ..eb14ec35
-      ..6c3e6157
-..f075daba
-      ..adfa623c
-      ..9bddad95
-      ..2b528177
-      ..5569e523
-      ..b0f5acf2
-      ..d314ad84
-      ..de508add
-      ..b3e536fa
-      ..b0f5acf2
-      ..b5f07736
-      ..58022449
-      ..d0068e50
-      ..041f9a3c
-      ..79ea6352
-      ..9552ee44
-      ..4b6370dc
-      ..4b4abbbb
-      ..9d30dfb7
-      ..da86e0f8
-      ..b9bb1e24
-      ..79ea6352
-      ..3aa9cde1
-      ..4b6370dc
-      ..507a431e
-      ..9d30dfb7
-      ..6c3e6157
-      ..b0f5acf2
-      ..c117466d
-      ..a798047d
-      ..3f387633
-      ..3cfec763
-    }..a874930b
-..f075daba
-    pr..17dab7c7
-      ..d73f7915
-      ..b15e558c
-      ..3f387633
-      ..c6f4d16d
-    }..a874930b
-}..1655f251
+++ /de..ef71b982
-packag..52d34e7a
-..f075daba
-import..bb5c6c0f
-import..395d9c7f
-import..8dedb219
-import..a36fb4d3
-import..5636f09e
-import..94b4d2b6
-import..71f8c776
-import..8f093df3
-..f075daba
-import..1a06e85c
-import..2dca070a
-..f075daba
-public..d83136ae
-..f075daba
-    En..292d9f68
-    St..a9ac21f2
-    Co..c04ad918
-..f075daba
-    pu..14586c17
-      ..4b3cce58
-      ..02a7402d
-      ..7eb23c2b
-    }..a874930b
-..f075daba
-    @O..22378d96
-    pu..c1b9a97a
-      ..1b0e3b8a
-      ..7b6ea177
-      ..0761d2c6
-      ..108987f6
-      ..6a5f6740
-      ..3653851e
-      ..454f7a78
-      ..d3684b15
-      ..c4bae85f
-      ..01797b8f
-      ..944dc715
-      ..6c3e6157
-      ..844ebf56
-      ..1e67e18e
-      ..4156f4a2
-      ..acd4dc8d
-      ..3945c8fb
-      ..1952f7e8
-      ..0ca30e62
-      ..a8e336f0
-      ..261e67b4
-      ..41179a4f
-      ..033e2137
-      ..ad357392
-      ..93cc9479
-      ..9d30dfb7
-      ..2eea8084
-      ..3a50d85c
-      ..9d30dfb7
-      ..f817abf8
-      ..6c3e6157
-      ..b0f5acf2
-      ..97725a4e
-      ..b2892e52
-      ..1d6d89a6
-      ..5569e523
-      ..b0f5acf2
-      ..3f387633
-      ..0761d2c6
-      ..4f6227fb
-      ..c4547511
-      ..d5714061
-      ..454f7a78
-      ..41dc9e56
-      ..bccac90c
-      ..b0f5acf2
-      ..f2502da7
-      ..a6e2f5f1
-      ..b0f5acf2
-      ..1780d765
-      ..d3d4e7ba
-      ..3f387633
-      ..375e0c62
-      ..c36f2bcb
-      ..794103b7
-      ..3f387633
-      ..38de3c79
-      ..293eced5
-      ..643be849
-      ..d5e18eaf
-      ..2adb7345
-      ..7692dc83
-      ..2b2beda8
-      ..61a96136
-      ..ef4e60fe
-      ..3a451b73
-      ..0761d2c6
-      ..799b82b8
-      ..76e2b7bb
-      ..d222f8e2
-      ..232bd44b
-      ..737348ea
-      ..77687e60
-      ..796ffe04
-      ..1bce373f
-      ..2b28dd23
-      ..6c3e6157
-      ..b0f5acf2
-      ..461b590f
-      ..d64f4239
-      ..3f387633
-    }..a874930b
-..f075daba
-}..1655f251
+++ /de..ef71b982
-packag..52d34e7a
-..f075daba
-import..8109a85f
-..f075daba
-public..996d17e2
-    pr..5e82c1d9
-    pr..902babe4
-..f075daba
-    pu..54d54676
-      ..c5473b9a
-      ..5f6589ec
-      ..e83d2767
-      ..0ec245fa
-      ..0ec8c782
-      ..1dffbee4
-      ..9baa726d
-      ..ce430b19
-      ..da7dcf95
-      ..ce430b19
-      ..3f387633
-    }..a874930b
-..f075daba
-    //..88160a90
-    pu..e5fd43e5
-      ..d874365f
-      ..2308bf3b
-      ..760ca0d4
-..f075daba
-      ..fcd16641
-      ..a1029194
-      ..3aa50b19
-      ..b1c1aac0
-      ..3f387633
-..f075daba
-      ..1e6fc958
-      ..c6e12d17
-      ..92c80349
-      ..3bb089bb
-      ..b0f5acf2
-      ..1c4e133b
-      ..ce430b19
-..f075daba
-      ..02d176fa
-      ..900912f1
-      ..7dd21039
-..f075daba
-      ..3b852308
-      ..c33bc4c5
-      ..d6d00149
-      ..77db1af7
-      ..d249b975
-      ..f51fd3f6
-      ..44988f3a
-      ..9878f164
-      ..ab9baf80
-      ..6c3e6157
-      ..c9cd8f80
-      ..5edf2444
-      ..3bb089bb
-      ..6a59696b
-      ..74741cf0
-      ..27033194
-      ..b0f5acf2
-      ..af4d87d1
-      ..9baa726d
-      ..3f387633
-      ..d331a85a
-      ..a7524dc5
-    }..a874930b
-..f075daba
-    pu..d7b95ed3
-      ..0761d2c6
-      ..44c8b0e3
-      ..737348ea
-..f075daba
-      ..b2892e52
-..f075daba
-      ..3f387633
-    }..a874930b
-}..1655f251
+++ /de..ef71b982
-packag..52d34e7a
-..f075daba
-import..903da68e
-..f075daba
-import..32dc167e
-import..36d0d6ab
-import..1eceec60
-import..a36fb4d3
-import..e48dc1d2
-import..f2bec6cd
-import..ce750f43
-import..0f42e3e4
-import..094b653c
-import..ac304a83
-import..b8adda17
-..f075daba
-public..1e3e01ad
-..f075daba
-    pu..188e9ff9
-      ..e1efefd9
-..f075daba
-      ..336cb03a
-      ..53593159
-      ..d41c01a1
-      ..2ec9526e
-      ..d29155e6
-..f075daba
-      ..1f17a68e
-..f075daba
-      ..0761d2c6
-      ..41289948
-      ..bae755ef
-      ..b1c1aac0
-      ..3f387633
-..f075daba
-      ..e58ecbc2
-      ..b3485e85
-..f075daba
-      ..8fe833af
-      ..8e15b83b
-..f075daba
-      ..699bc896
-      ..d6f8a0fa
-      ..497046a4
-      ..e26e44d0
-      ..cdecc375
-      ..d651b840
-      ..59d7c500
-      ..693b8d73
-..f075daba
-      ..21f3933a
-      ..e4c7474a
-..f075daba
-..f075daba
-      ..6ffb1840
-      ..d63a9ddf
-      ..f886158b
-      ..9d949bcb
-      ..59fa1278
-..f075daba
-      ..f3cb0b32
-      ..7eefa5b5
-      ..b1c1aac0
-      ..5845ff1b
-      ..3f387633
-..f075daba
-      ..ab51427a
-      ..7eefa5b5
-      ..b1c1aac0
-      ..256d3254
-      ..3f387633
-      ..a53f283a
-..f075daba
-      ..bcce24e1
-      ..7eefa5b5
-      ..b1c1aac0
-      ..5845ff1b
-      ..3f387633
-..f075daba
-      ..da61e92b
-      ..7eefa5b5
-      ..b1c1aac0
-      ..7da590e0
-      ..3f387633
-..f075daba
-      ..6acdad31
-      ..9f6e2ed1
-      ..68f96b21
-..f075daba
-      ..9d468531
-..f075daba
-      ..56ee53e1
-      ..8a9f8865
-      ..6199052d
-      ..db4cd9f7
-      ..ad6aa4c7
-..f075daba
-      ..00d19831
-    }..a874930b
-..f075daba
-    pr..96534cd7
-      ..93498799
-      ..34fd13c5
-      ..1e6fc958
-      ..22d31006
-      ..337cd957
-      ..f6921260
-      ..b6e61e47
-      ..3f387633
-      ..837d57c2
-    }..a874930b
-..f075daba
-    pr..2013153f
-      ..1e6fc958
-      ..4217cd83
-      ..ef8ed21d
-      ..7cc4850d
-      ..b0f5acf2
-..f075daba
-      ..512c4382
-      ..2f4e7ca0
-      ..3f387633
-    }..a874930b
-..f075daba
-    pu..d4c26729
-      ..030c4f3c
-      ..97f025a0
-      ..7ad67909
-      ..a55463b8
-..f075daba
-      ..00330a06
-      ..84551290
-      ..3f387633
-..f075daba
-      ..ca733c1e
-      ..f903896d
-      ..3f387633
-..f075daba
-      ..f768ecc2
-      ..d77d732f
-      ..3f387633
-..f075daba
-      ..0f8ba0be
-      ..9939b2fc
-      ..3f387633
-    }..a874930b
-..f075daba
-    pu..37e9e042
-      ..74b3ebc5
-      ..6ecb121e
-      ..dda950d2
-..f075daba
-      ..d07e6ed0
-      ..1d544994
-      ..3f387633
-..f075daba
-      ..f4d5bf5f
-      ..5490c2ad
-      ..3f387633
-..f075daba
-      ..d0003257
-      ..2953d1d0
-      ..3f387633
-    }..a874930b
-..f075daba
-    pu..4ba20546
-      ..8f0266a4
-      ..f1dc6516
-..f075daba
-      ..33aca814
-      ..d9e6b32e
-      ..3f387633
-..f075daba
-      ..0e637ebc
-      ..14ac62be
-      ..3f387633
-..f075daba
-    }..a874930b
-..f075daba
-    pu..d3754de7
-      ..8f0266a4
-      ..9a980820
-..f075daba
-      ..33aca814
-      ..d9e6b32e
-      ..3f387633
-..f075daba
-      ..0abb47ce
-      ..60474198
-      ..3f387633
-    }..a874930b
-}..1655f251
--- /de..247810df
+packag..de837290
+..b197c696
+public..c547313e
+..b197c696
+    ST..607a5cf5
+    IN..cdb16692
+    DO..cdf57e09
+    FL..6643db97
+    BO..ee4f94bb
+    FO..0eba96df
+..b197c696
+    pu..19c8fa1a
+      ..50fbfa39
+      ..461dfd6f
+      ..7e3d9ec6
+      ..b9c73dc1
+      ..b9adec49
+      ..f79e85b1
+    }..a39a807c
+..b197c696
+    pu..be65b710
+..b197c696
+    Co..aa381c67
+      ..4b61775f
+    }..a39a807c
+..b197c696
+}..9eaa0de7
--- /de..247810df
+packag..de837290
+..b197c696
+import..63e6bfb8
+import..e2ec4be2
+import..7e9af9b8
+import..d2ff8655
+import..7233d44f
+import..7da16f20
+..b197c696
+public..20de3cd2
+..b197c696
+    St..5093c45b
+    Fi..7383305c
+    En..0c5b37de
+    St..60a88fd8
+    St..dfdb3aa9
+..b197c696
+    pu..45070e6a
+      ..8a4b1f21
+      ..06d78727
+      ..2674a5ee
+      ..09baf52b
+    }..a39a807c
+..b197c696
+    @O..4fec544c
+    pu..da4b7da2
+      ..6362cc6b
+      ..29469149
+      ..b7e13a71
+..b197c696
+      ..34668d95
+      ..6b693554
+..b197c696
+      ..b3bba5bc
+      ..0c9bde73
+      ..02c8f0e8
+      ..54d0ce53
+      ..e0a23568
+      ..df9be088
+      ..f46b98be
+      ..61ba520c
+      ..1f25f6e9
+      ..61f9a56a
+      ..198aefc3
+      ..dbbee688
+      ..b9c73dc1
+      ..2ec043b8
+      ..38e857fb
+      ..b9adec49
+      ..091ee2b7
+    }..a39a807c
+..b197c696
+}..9eaa0de7
--- /de..247810df
+packag..de837290
+..b197c696
+import..5fcccce9
+import..8cdd6452
+import..2fdab577
+import..b6b630e5
+..b197c696
+import..7b435abd
+import..3c2229a9
+import..5593a7fc
+..b197c696
+import..8ee58681
+import..bc26e82b
+import..02966f02
+import..ab138250
+import..f3980b3a
+import..a18fb626
+..b197c696
+public..7f5ccd24
+..b197c696
+    En..0c5b37de
+..b197c696
+    pu..1b0e335b
+      ..4dae63db
+      ..09baf52b
+    }..a39a807c
+..b197c696
+    @O..4fec544c
+    pu..f6544d85
+      ..13c0d5ae
+      ..b873b5b5
+      ..5c3221a4
+      ..8a8a0b80
+      ..8176152d
+      ..a528266e
+      ..3688d429
+      ..8a04dede
+      ..7da91487
+      ..3688d429
+      ..8a04dede
+      ..aaaf7753
+      ..422895ae
+      ..7b2d5bd1
+      ..91b2616d
+      ..25b41b58
+      ..899bb4ba
+      ..6dd06bde
+      ..4c59291b
+      ..8176152d
+      ..a528266e
+      ..8a04dede
+      ..1f25f6e9
+      ..0d0bd0e2
+      ..db5daf97
+      ..1627ec94
+      ..8176152d
+      ..a528266e
+      ..3688d429
+      ..8a04dede
+      ..92960813
+      ..e5c352a1
+      ..d9bc5ef9
+      ..6a2edf88
+      ..144cbdd0
+      ..d3008cb8
+      ..a8c8761a
+      ..7699a8a8
+      ..4e6cbb40
+      ..a0e8abff
+      ..8e942444
+..b197c696
+      ..203ac6ff
+      ..ad55d446
+      ..8a04dede
+      ..2af03dc3
+      ..ff0fda36
+      ..8a04dede
+..b197c696
+      ..de7e2ba0
+      ..80db3edf
+      ..fecd0298
+      ..7918367d
+      ..8a04dede
+      ..f59600d2
+      ..9d4c65b9
+      ..1f25f6e9
+      ..7b95a6cd
+      ..8b9c3e37
+      ..78e67532
+      ..8176152d
+      ..a528266e
+      ..3688d429
+      ..8a04dede
+      ..04b31c79
+      ..4814c7ac
+      ..6dd06bde
+      ..0b4b39ab
+      ..8a04dede
+      ..e725e2dd
+      ..e5c352a1
+      ..d9bc5ef9
+      ..1f25f6e9
+      ..26b9525f
+      ..1bb0a7c8
+      ..a92b8ed4
+      ..8176152d
+      ..a528266e
+      ..3688d429
+      ..8a04dede
+      ..c694fb64
+      ..08f4810a
+      ..a6217fa8
+      ..d72ae7f6
+      ..fc31b0a6
+      ..4d7903ac
+      ..ba2e56c0
+      ..9bf0521a
+      ..9be8be50
+      ..0b9e4451
+      ..6d580233
+      ..035a8a38
+      ..7bc6f22e
+      ..9bf0521a
+      ..9be8be50
+      ..0b9e4451
+      ..6d580233
+      ..7d0d1192
+      ..10703cca
+      ..a528266e
+      ..22393303
+      ..0500634b
+      ..6dd06bde
+      ..46d257e8
+      ..6b35e4f2
+      ..a528266e
+      ..8a04dede
+      ..1f25f6e9
+      ..1beba016
+      ..c7884cd9
+      ..f7024d95
+      ..8176152d
+      ..a528266e
+      ..3688d429
+      ..8a04dede
+      ..c694fb64
+      ..08f4810a
+      ..a6217fa8
+      ..d72ae7f6
+      ..fc31b0a6
+      ..4d7903ac
+      ..7472c366
+      ..9bf0521a
+      ..9be8be50
+      ..0b9e4451
+      ..6d580233
+      ..035a8a38
+      ..601b1b5d
+      ..9bf0521a
+      ..9be8be50
+      ..0b9e4451
+      ..6d580233
+      ..cef99714
+      ..10703cca
+      ..a528266e
+      ..eac8bc32
+      ..0500634b
+      ..6dd06bde
+      ..86a49e66
+      ..6b35e4f2
+      ..a528266e
+      ..8a04dede
+      ..1f25f6e9
+      ..ac770972
+      ..72432dc6
+      ..36c757be
+      ..8176152d
+      ..a528266e
+      ..3688d429
+      ..8a04dede
+      ..c694fb64
+      ..08f4810a
+      ..a6217fa8
+      ..d72ae7f6
+      ..fc31b0a6
+      ..4d7903ac
+      ..dc1d821e
+      ..9bf0521a
+      ..9be8be50
+      ..0b9e4451
+      ..6d580233
+      ..401c0b1f
+      ..10703cca
+      ..a528266e
+      ..ccd5cd06
+      ..0500634b
+      ..6dd06bde
+      ..c57abd11
+      ..6b35e4f2
+      ..a528266e
+      ..8a04dede
+      ..1f25f6e9
+      ..63fd9bac
+      ..f938a261
+      ..08f4810a
+      ..d9fa8568
+      ..10703cca
+      ..a528266e
+      ..2b6fda31
+      ..0500634b
+      ..ee578205
+      ..8bd9ed5c
+      ..10703cca
+      ..a528266e
+      ..958fd087
+      ..0500634b
+      ..6dd06bde
+      ..6c651361
+      ..6b35e4f2
+      ..a528266e
+      ..8a04dede
+      ..1f25f6e9
+      ..99c17119
+      ..d893e6aa
+      ..1f7cf801
+      ..8176152d
+      ..a528266e
+      ..3688d429
+      ..8a04dede
+      ..08ce88af
+      ..08f4810a
+      ..b2c6fa84
+      ..10703cca
+      ..a528266e
+      ..a90f1e9f
+      ..0500634b
+      ..6dd06bde
+      ..4a4814a7
+      ..6b35e4f2
+      ..a528266e
+      ..8a04dede
+      ..1f25f6e9
+      ..b9c73dc1
+      ..1d8b93a6
+      ..af726894
+      ..38041d35
+			 */..365627f6
+      ..3854ea27
+..b197c696
+      ..b92117b4
+      ..9a623e10
+      ..a5f33064
+      ..2da6dcf3
+      ..18aeb30d
+      ..a6569b8b
+      ..eb99bc49
+      ..08343526
+      ..02fd798a
+      ..0bce35ed
+      ..831ca275
+      ..b883a314
+..b197c696
+      ..f9f5490f
+      ..efdd0985
+      ..4b300aa9
+      ..fa796c6f
+      ..26a9c720
+      ..0415e2c0
+      ..997d447e
+      ..94d452b6
+      ..fd2c82d1
+      ..169b5ed1
+      ..018b0534
+      ..fce58059
+      ..9b64e439
+      ..256f1f97
+      ..2f8d5b1c
+      ..95799a51
+      ..b9adec49
+    }..a39a807c
+..b197c696
+}..9eaa0de7
--- /de..247810df
+packag..de837290
+..b197c696
+import..df7de583
+..b197c696
+import..8ee58681
+..b197c696
+/**..fdd90c58
+ * Han..ce80fdee
+ */..239a7ffd
+public..9f9d43c5
+..b197c696
+    //..1971a7ee
+    pr..bfdbfd03
+    pr..a932d31b
+    pr..f06435bf
+    pr..3c294d82
+    pr..84176da0
+    pr..b9eefc59
+    pr..220e0561
+..b197c696
+    pu..23fe6178
+      ..2f8df6bd
+      ..dcb1bc81
+      ..a44523f5
+..b197c696
+      ..b6aca44b
+    }..a39a807c
+..b197c696
+    pu..10687203
+      ..1db55fd4
+      ..54b53948
+      ..b9adec49
+..b197c696
+      ..b2028f5f
+      ..8551d8b9
+      ..83b92fb2
+      ..21569515
+      ..2a551080
+      ..6c55cd80
+      ..0d65648f
+      ..abbe0497
+      ..dd8be95d
+    }..a39a807c
+}..9eaa0de7
--- /de..247810df
+packag..de837290
+..b197c696
+import..5fcccce9
+import..8cdd6452
+import..b6b630e5
+..b197c696
+public..2baca5d4
+..b197c696
+    Th..7cd163bd
+    St..3189fe6d
+    St..8bd4a054
+    lo..ea5781b7
+..b197c696
+    pu..1e43f4e7
+      ..7c3d5ec2
+      ..45bb6124
+    }..a39a807c
+..b197c696
+    pu..987ba061
+      ..ce5e9722
+      ..45bb6124
+    }..a39a807c
+..b197c696
+    @O..4fec544c
+    pu..795fd350
+      ..6aacff0c
+      ..b7682e5b
+      ..62fe9023
+      ..cbca2cc9
+      ..2d08cc76
+      ..9cd9bfb7
+      ..d8ade80e
+      ..d437d9b2
+      ..72bea34a
+      ..3aceb280
+      ..db4cb331
+      ..b9c73dc1
+      ..1d8b93a6
+      ..3838848f
+      ..cbd6af9a
+      ..b9adec49
+      ..eb1b7a6b
+    }..a39a807c
+..b197c696
+}..9eaa0de7
--- /de..247810df
+packag..de837290
+..b197c696
+import..5fcccce9
+import..8cdd6452
+import..b6b630e5
+import..88b768fb
+import..3de334ac
+import..2ea92e7d
+..b197c696
+//This..7a7562aa
+class ..d419a361
+..b197c696
+{..6aa2707b
+..b197c696
+    Da..97222158
+..b197c696
+    //..53a77a52
+    pu..93a820cb
+      ..9d500945
+      ..9eb63aa3
+      ..4e89f0d1
+      ..4fa433ef
+      ..8f3ba313
+      ..574425ab
+    }..a39a807c
+..b197c696
+    pr..f35b2fc7
+      ..630d7334
+      ..f6cbdf58
+    }..a39a807c
+..b197c696
+    //..7b3ef3c9
+    //..582f3d97
+    pu..ab234106
+      ..331de231
+      ..c8522e53
+    }..a39a807c
+..b197c696
+    //..7b3ef3c9
+    //..ecbdb48e
+    pu..e940e4e7
+      ..02efa034
+    }..a39a807c
+}..9eaa0de7
--- /de..247810df
+packag..de837290
+..b197c696
+import..8b27f105
+import..d0d89501
+import..63e6bfb8
+import..7e9af9b8
+import..aa96061e
+import..c9d2607d
+import..47b1fb5d
+import..610eda68
+import..d2ff8655
+import..32f5500c
+import..2fdab577
+import..18740302
+import..2b4fa173
+import..a8cc93c6
+import..29aea01c
+import..6434d7aa
+import..d6c6ba89
+..b197c696
+import..1d70d125
+..b197c696
+import..f699d430
+..b197c696
+import..8ee58681
+import..02966f02
+import..ab138250
+import..abd6982a
+import..493d6933
+import..a18fb626
+import..321d93f4
+import..bd82903f
+import..bed62885
+import..6d0449ab
+..b197c696
+public..53153558
+..b197c696
+    pu..14dc3ab8
+    /*..16ea455a
+     *..72a16a87
+     *..c9c81111
+    pu..9e5b698c
+    st..d227522a
+    //..f29df3f2
+    //..9d29ba28
+    //..41ecf8d1
+    //..a285f952
+..b197c696
+    pu..1ef3728e
+    pu..41a6f649
+    pu..1d106af2
+    pu..62b1d6cb
+..b197c696
+    pu..c41af8ba
+..b197c696
+    pu..83e29de0
+    pu..f899d364
+    pu..5f96505b
+    pu..ea79d7bf
+    st..8aee2971
+    Lo..59f36c0f
+..b197c696
+    pu..b9fed81e
+    pu..23213db6
+    pu..4bc74bf2
+..b197c696
+    pu..203b316f
+..b197c696
+    Sc..317e6811
+    Ne..615038aa
+..b197c696
+    pr..65616fd4
+..b197c696
+    @O..4fec544c
+    pu..0534136b
+      ..d1e1dafb
+      ..5f90223f
+      ..7fa3a7cc
+..b197c696
+      ..acf092df
+..b197c696
+      ..29469149
+      ..66011e8b
+      ..8a9039fe
+      ..ee564a08
+      ..9b627126
+      ..e623908f
+      ..b9c73dc1
+      ..aecacdb7
+      ..e1dab034
+      ..1685918d
+      ..4714ffc4
+      ..413e1ee5
+      ..8a04dede
+      ..b9c73dc1
+      ..5bfb8dd8
+      ..5fced1c0
+      ..a382e8ad
+      ..c08e311e
+      ..1cd6d541
+      ..741eb52b
+..b197c696
+      ..288c0b52
+      ..5b0307c3
+      ..0667e1f0
+      ..56b512b1
+      ..b9adec49
+..b197c696
+      ..fb59526c
+      ..8db9300c
+      ..29469149
+      ..b648b45c
+      ..1346535c
+      ..dd7e0a71
+      ..f5e65e54
+      ..b77d642b
+      ..4da3da15
+      ..afcfc3ec
+..b197c696
+      ..8a04dede
+      ..b9c73dc1
+      ..f5b8bbf1
+      ..673b5c8b
+      ..ed44f5b8
+      ..d8be052c
+      ..d93a8a55
+      ..6dd06bde
+      ..0f66e7f1
+      ..8a04dede
+      ..c33712bd
+      ..9ab74126
+      ..365a66c4
+      ..b9c73dc1
+      ..ee365c99
+      ..e30ee1dc
+      ..88e4d282
+      ..b9adec49
+      ..41c3daf9
+      ..93a6ef25
+    }..a39a807c
+..b197c696
+    pu..9b3afbba
+      ..ac3b19b1
+    }..a39a807c
+..b197c696
+    pu..0d14274f
+      ..1fef4e4d
+      ..eef47191
+      ..de226d06
+      ..b9adec49
+    }..a39a807c
+..b197c696
+    pu..43738f58
+      ..8ae5de54
+      ..9bf319e6
+      ..d8d2fc43
+      ..e66b0f57
+      ..b9adec49
+..b197c696
+      ..4a567187
+      ..91d3ca24
+      ..4fcbc0eb
+      ..8537613a
+      ..1d8b93a6
+      ..4fcbc0eb
+      ..b9adec49
+      ..25ce964e
+      ..6df42e10
+      ..4935d16b
+      ..8938ca25
+      ..58c9c0ff
+      ..1469ec81
+      ..f99f4f28
+      ..28290692
+      ..69a9b7b1
+    }..a39a807c
+..b197c696
+    pr..372b4e9a
+      ..e9dc7daf
+      ..6d841062
+      ..c0aab9b7
+      ..7b735f15
+      ..f51f4110
+    }..a39a807c
+..b197c696
+    pu..d6fb31ff
+      ..29469149
+      ..1b4c274d
+      ..2ec043b8
+      ..38e857fb
+      ..b9adec49
+    }..a39a807c
+..b197c696
+    pu..a0dc8058
+      ..29469149
+      ..84a39f15
+      ..dafaf21a
+      ..8f0667a2
+      ..d36d6bcf
+      ..4e1e0302
+      ..0440ff0c
+      ..a3134cca
+      ..b9c73dc1
+      ..23cba0e2
+      ..eb6181fa
+      ..feed9942
+      ..639e90e8
+      ..b9c73dc1
+      ..23cba0e2
+      ..288c0b52
+      ..feed9942
+      ..7426b848
+      ..b9c73dc1
+      ..23cba0e2
+      ..b9adec49
+    }..a39a807c
+..b197c696
+    pu..a54e5e61
+      ..29469149
+      ..51aac0fd
+      ..dafaf21a
+      ..8f0667a2
+      ..d36d6bcf
+      ..4e1e0302
+      ..0440ff0c
+      ..a3134cca
+      ..b9c73dc1
+      ..23cba0e2
+      ..db7b5c6d
+      ..feed9942
+      ..639e90e8
+      ..b9c73dc1
+      ..23cba0e2
+      ..eb6181fa
+      ..feed9942
+      ..639e90e8
+      ..b9c73dc1
+      ..23cba0e2
+      ..288c0b52
+      ..feed9942
+      ..7426b848
+      ..b9c73dc1
+      ..23cba0e2
+      ..b9adec49
+    }..a39a807c
+..b197c696
+    pu..c5124367
+      ..57cab91a
+      ..43bd4251
+      ..35c07c1c
+      ..d22a93ec
+      ..b93f02f1
+      ..0d3d6631
+      ..6b35e4f2
+      ..16ca3ef0
+      ..5fb54d8e
+      ..6b35e4f2
+      ..16ca3ef0
+      ..8a04dede
+      ..b9c73dc1
+      ..b9adec49
+    }..a39a807c
+..b197c696
+    pu..abd9e218
+      ..29469149
+      ..a8e8f5d3
+      ..dafaf21a
+      ..8f0667a2
+      ..d36d6bcf
+      ..4e1e0302
+      ..cd498f7f
+      ..a3134cca
+      ..b9c73dc1
+      ..23cba0e2
+      ..eb6181fa
+      ..feed9942
+      ..639e90e8
+      ..b9c73dc1
+      ..23cba0e2
+      ..288c0b52
+      ..feed9942
+      ..7426b848
+      ..b9c73dc1
+      ..23cba0e2
+      ..b9adec49
+    }..a39a807c
+..b197c696
+    /*..16ea455a
+     *..cdb7f90f
+     *..d3db7578
+     *..1a46b813
+     *..df0eb172
+     *..c9c81111
+    pu..8f37bef8
+      ..3b6def5e
+      ..ed5c12c8
+      ..29469149
+      ..fdb27c97
+      ..fbfd94e8
+      ..028b1f57
+      ..0482085c
+      ..6b88a5e6
+      ..9b7642d2
+      ..c5e84703
+      ..cdfa62b0
+      ..57f8c488
+      ..b9c73dc1
+      ..a0639436
+      ..777b4a98
+      ..b9c73dc1
+..b197c696
+      ..e4b47c87
+      ..83fd5fac
+      ..ff615cdf
+      ..ad79b82b
+      ..c3889981
+      ..63c7025d
+      ..b9c73dc1
+      ..5556ba7e
+      ..db7b5c6d
+      ..6225535e
+      ..8ea73080
+      ..50e1b104
+      ..63495f89
+      ..eb6181fa
+      ..61ec25c2
+      ..a8a3f6ea
+      ..afff6173
+      ..288c0b52
+      ..56b512b1
+      ..057d12f3
+      ..0d600dac
+      ..afff6173
+      ..b9adec49
+    }..a39a807c
+..b197c696
+    pu..a2745a01
+      ..4137ed9f
+    }..a39a807c
+..b197c696
+    pu..78517489
+      ..64cb5622
+    }..a39a807c
+..b197c696
+    pu..9188e984
+      ..d798ece7
+    }..a39a807c
+..b197c696
+    pu..51c603e3
+      ..29469149
+      ..8262039a
+      ..0a805a29
+      ..ee365c99
+      ..23cba0e2
+      ..b9adec49
+    }..a39a807c
+..b197c696
+    pu..ff68398b
+      ..c6710031
+      ..294343b2
+      ..b9adec49
+      ..08646aa1
+    }..a39a807c
+..b197c696
+    pu..d0b3dcac
+..b197c696
+      ..c6bc9b54
+      ..54d2187c
+      ..6eb9b3ef
+      ..ca05b2a7
+      ..a0c59d46
+      ..639e90e8
+      ..b9c73dc1
+      ..1d8b93a6
+      ..6eb9b3ef
+      ..f399ef61
+      ..a0c59d46
+      ..639e90e8
+      ..b9c73dc1
+      ..b9adec49
+      ..a29fa2a4
+    }..a39a807c
+..b197c696
+    pu..77816596
+      ..6e8c11ee
+    }..a39a807c
+}..9eaa0de7
--- /de..247810df
+packag..de837290
+..b197c696
+import..5fcccce9
+import..8cdd6452
+import..b6b630e5
+import..0f4a7688
+import..2b4fa173
+..b197c696
+import..8ee58681
+import..bc26e82b
+..b197c696
+import..edf06069
+import..dad5ff84
+import..7b5057ae
+import..70da80e7
+..b197c696
+public..18b11b86
+..b197c696
+    St..1a7f6ebd
+    Co..f13594a5
+    En..0c5b37de
+..b197c696
+    pu..ee1e952a
+      ..3ae8dbbf
+      ..6e217c00
+      ..09baf52b
+    }..a39a807c
+..b197c696
+    @O..4fec544c
+    pu..da4b7da2
+      ..29469149
+      ..91b3981b
+      ..7f21bee0
+      ..14917512
+      ..d1bb076b
+      ..9d0e4a3b
+      ..c7390439
+      ..71567dee
+      ..a34710e3
+      ..f6cb1ce9
+      ..86b8f011
+      ..7a830dc2
+      ..0647eb72
+      ..6d580233
+      ..569c9570
+      ..45b2a171
+      ..101b3ed3
+      ..7456408f
+      ..69a48e26
+      ..87710981
+      ..12cfc9d6
+      ..06229e26
+      ..73d91236
+..b197c696
+      ..17d17f61
+      ..6d580233
+      ..8a04dede
+      ..61f9a56a
+      ..af624d0e
+      ..b9c73dc1
+      ..04099359
+      ..99eb6670
+      ..5f730224
+      ..27c21e8a
+      ..59ffbe63
+      ..b9adec49
+    }..a39a807c
+..b197c696
+}..9eaa0de7
--- /de..247810df
+packag..de837290
+..b197c696
+import..8ee58681
+import..bc26e82b
+import..ab138250
+import..493d6933
+..b197c696
+public..eaeb355d
+..b197c696
+    En..0c5b37de
+    St..233b7a74
+    Co..2328e556
+    Pr..42327947
+    pu..8261ce4b
+    pu..2a6b12eb
+..b197c696
+    pu..4f67a462
+      ..09baf52b
+      ..c9204fb4
+      ..ab3e3e46
+      ..ad05e6c5
+      ..293f51c6
+      ..b9adec49
+      ..f46dd5f9
+    }..a39a807c
+..b197c696
+    @O..4fec544c
+    pu..891bf90b
+..b197c696
+      ..0f1e851c
+      ..0b2279a1
+      ..a43f1a93
+      ..8251263f
+      ..1dda63d2
+      ..9cdd3f95
+      ..0fe6e47d
+      ..f7982525
+      ..83b2934d
+      ..76fb39c4
+      ..8a04dede
+      ..b77d642b
+      ..5cb3cbe6
+      ..c3a72dea
+      ..e6501c3e
+      ..61ec4fbc
+      ..8a04dede
+      ..b9c73dc1
+..b197c696
+      ..4ea47d06
+      ..b0056e85
+      ..c0925a03
+      ..e360cb88
+      ..0c708ac6
+      ..37a89d30
+      ..905629fb
+      ..f23db64b
+      ..7d0f281a
+      ..00100ea8
+      ..61f9a56a
+      ..f23db64b
+      ..bbb9fa8f
+      ..a2236eb1
+      ..b9c73dc1
+      ..0ab124d2
+      ..1d8b93a6
+      ..61ba7319
+      ..1ac8bc04
+      ..05cfb2d3
+      ..d9bc5ef9
+      ..21e3d8f7
+      ..1f25f6e9
+      ..b9c73dc1
+      ..0276c8b5
+      ..f8732c3b
+      ..b52df16e
+      ..4dd4a1bd
+      ..d9bc5ef9
+      ..68aaa127
+      ..b2868325
+      ..21e3d8f7
+      ..1f25f6e9
+      ..4820c564
+      ..badd0026
+      ..4dd4a1bd
+      ..d9bc5ef9
+      ..68aaa127
+      ..b2868325
+      ..21e3d8f7
+      ..1f25f6e9
+      ..b9c73dc1
+      ..4fbcdd39
+      ..9f66d4df
+      ..3ada251a
+      ..21a40e6b
+      ..43b26dff
+      ..05249096
+      ..6a38f3b9
+      ..e9993104
+      ..3974ec8f
+      ..0dd5510f
+      ..06bed056
+      ..ac0ae25c
+      ..0ab124d2
+      ..b9adec49
+      ..c63344c4
+    }..a39a807c
+..b197c696
+    pr..4e9ed368
+      ..d155b6f2
+      ..75faac9a
+      ..4add5fcf
+      ..063b8d51
+      ..5f854750
+      ..b9adec49
+      ..29469149
+      ..c5670e18
+      ..fa7b63a5
+      ..b9c73dc1
+      ..574cae94
+      ..fa7b63a5
+      ..b9c73dc1
+      ..ac44fa0c
+      ..0dcad57b
+      ..61f9a56a
+      ..1f9fea8b
+      ..b9c73dc1
+      ..288c0b52
+      ..ca05b60f
+      ..56b512b1
+      ..31c5f9bc
+      ..b7ebd6c1
+      ..afff6173
+      ..b9adec49
+    }..a39a807c
+..b197c696
+}..9eaa0de7
--- /de..247810df
+packag..de837290
+..b197c696
+import..c7b31ab3
+import..c9d2607d
+import..8a2ebdd3
+import..610eda68
+import..d2ff8655
+import..ee1e161c
+import..2fdab577
+import..b63b0676
+import..18740302
+import..2358cf62
+import..2b4fa173
+..b197c696
+import..8ee58681
+import..02966f02
+import..ab138250
+import..4a05b793
+import..493d6933
+import..a18fb626
+..b197c696
+import..3b21ee53
+import..93e2deee
+import..a6841069
+import..f699d430
+..b197c696
+/**..fdd90c58
+ * @au..45fb1004
+ *    ..a5d7e626
+ * @co..26255ae3
+ */..239a7ffd
+..b197c696
+public..5da439f1
+..b197c696
+    En..0c5b37de
+    Co..40248d3c
+    Co..84c1b504
+    Ha..542e6253
+    Ha..b0df9cc8
+    in..2b697c1e
+    in..c75e5855
+    bo..474b4e78
+..b197c696
+    pu..322d04c9
+      ..09baf52b
+    }..a39a807c
+..b197c696
+    pr..6ac54cc2
+      ..af2df027
+    }..a39a807c
+..b197c696
+    @O..4fec544c
+    pu..da4b7da2
+      ..031706eb
+      ..f33e2735
+      ..dd72174f
+      ..d0e83380
+      ..899984e9
+      ..86caf1c1
+      ..b9c73dc1
+      ..b9adec49
+      ..b2518f8b
+      ..a64ed02e
+      ..29469149
+      ..82bdfa43
+      ..896086a0
+      ..c7356953
+      ..42129867
+      ..db81aa2a
+      ..59d25aa4
+      ..f4b59cd4
+      ..61f9a56a
+      ..8ebe3471
+      ..b9c73dc1
+      ..430d80eb
+      ..f42fe093
+      ..3845ae09
+      ..9b7642d2
+      ..6b88a5e6
+      ..e369e24c
+      ..97659167
+      ..9929d608
+      ..2acfed08
+      ..0fb8af3b
+      ..24b5f932
+      ..29f7b212
+      ..b9c73dc1
+      ..5ba732ed
+      ..a8d68c20
+      ..6f3ae235
+      ..f161c828
+      ..2837c850
+      ..b9c73dc1
+      ..a6162914
+      ..d9c6bed5
+      ..de2e0752
+      ..09fc7c69
+      ..076ffe39
+      ..20372ce4
+      ..ba128a4f
+      ..e83fb839
+      ..cf27b138
+      ..420c0cf8
+      ..2af03dc3
+      ..f6c085aa
+      ..da64b096
+      ..f2e648c5
+      ..511d937a
+      ..690804cc
+      ..cff5738b
+      ..a8fb29c4
+      ..31122946
+      ..17d17f61
+      ..6d580233
+      ..8a04dede
+      ..88fa38b2
+      ..f23db64b
+      ..76173bde
+      ..909452fc
+      ..68aaa127
+      ..238f3b98
+      ..6a9df6d9
+      ..58e60d34
+      ..b5ac1f2f
+      ..9bf0521a
+      ..f04ea798
+      ..6d580233
+      ..8a04dede
+      ..d28c1afb
+      ..a0132849
+      ..06ed1ec2
+      ..bc241b84
+      ..17d16ea2
+      ..d28c1afb
+      ..0e2e9faf
+      ..8ae66481
+      ..6d8c4ed1
+      ..d28c1afb
+      ..4f40cc2f
+      ..066b13e9
+      ..861462ed
+      ..ec8d2c51
+      ..d28c1afb
+      ..d10670af
+      ..864874ad
+      ..d28c1afb
+      ..61f9a56a
+      ..02953f53
+      ..b0ad5740
+      ..4586f4cc
+      ..f3ed9686
+      ..d28c1afb
+      ..b9c73dc1
+      ..b7123785
+      ..adab62d5
+      ..2f423cce
+      ..9ff675f3
+      ..8a04dede
+      ..61f9a56a
+      ..15c2cd11
+      ..8312512d
+      ..b9c73dc1
+      ..eb6181fa
+      ..9f6339f5
+      ..27a878b9
+      ..eebffed8
+      ..fa4f9bfd
+      ..8312512d
+      ..40083d78
+      ..b9c73dc1
+      ..e27dce4e
+      ..288c0b52
+      ..9f6339f5
+      ..27a878b9
+      ..0256d4ae
+      ..e4c3b1bd
+      ..8312512d
+      ..40083d78
+      ..b9c73dc1
+      ..9af0e1a8
+      ..7426b848
+      ..b9c73dc1
+      ..4bd71d4f
+      ..e0c09aa8
+      ..b9adec49
+      ..ee1fdd9a
+      ..67283b2f
+      ..1d8b93a6
+      ..28ccd16e
+      ..d412835b
+      ..708b44e0
+      ..dfbdc79c
+      ..bb76df20
+      ..716cd438
+      ..b9c73dc1
+      ..b9adec49
+    }..a39a807c
+..b197c696
+    pr..75121e2c
+      ..af8bc299
+      ..83d69bc7
+    }..a39a807c
+..b197c696
+    pu..0095babe
+      ..f235bf7b
+      ..46eb92a2
+      ..2049dc60
+      ..873bd824
+      ..17b26357
+      ..8b528d65
+      ..8c8c74e9
+      ..9fe7347c
+      ..20437f1e
+      ..c0b897e7
+      ..94a27143
+      ..2307901e
+      ..6d580233
+      ..dee2745a
+      ..17f9df2f
+      ..666c0c84
+      ..6a562d21
+      ..31028919
+      ..83fef0bd
+      ..6a7d53cf
+      ..31028919
+      ..c26274da
+      ..70c20871
+      ..b62c3936
+      ..31028919
+      ..7a36173f
+      ..f6b11f00
+      ..680580ce
+      ..31028919
+      ..3c5b3528
+      ..e954dc10
+      ..a20d7075
+      ..31028919
+      ..db28afc4
+      ..b3a1f60c
+      ..dc0cd72b
+      ..31028919
+      ..592348a0
+      ..e1902071
+      ..20437f1e
+      ..291f277b
+      ..94a27143
+      ..8108ac54
+      ..6d580233
+      ..7eef7346
+      ..f0e39f8a
+      ..150df603
+      ..986ab984
+      ..20437f1e
+      ..b509a998
+      ..94a27143
+      ..45c5ab7b
+      ..6d580233
+      ..6d932e9a
+      ..4fc527d7
+      ..b9c73dc1
+      ..b9adec49
+    }..a39a807c
+..b197c696
+    pr..ca9acedc
+      ..a64ed02e
+      ..a9c7f1fe
+      ..ca2b05c0
+      ..866dc0fb
+      ..aecf368a
+      ..b9adec49
+      ..9f55cc49
+      ..9b722290
+      ..b9adec49
+      ..736837c6
+    }..a39a807c
+..b197c696
+    pr..92799140
+      ..a64ed02e
+      ..730d8b86
+      ..2e20f283
+      ..e1c3751f
+      ..ce018107
+      ..d8c156bc
+      ..b833d693
+      ..6eb9b3ef
+      ..3ba31fe5
+..b197c696
+      ..04a6e644
+      ..e3fe94e2
+      ..8a04dede
+..b197c696
+      ..578d2cf6
+      ..8a2fb4b8
+      ..a97a8f33
+      ..639e90e8
+      ..b9c73dc1
+      ..4da770d4
+      ..23804f83
+      ..b720048d
+      ..b9c73dc1
+      ..ebb5672a
+      ..e8ae2559
+      ..d22a93ec
+      ..11a86ed2
+      ..b5493322
+      ..82d6433c
+      ..06d0b2bf
+      ..e9ef4aa1
+      ..6d580233
+      ..167682c2
+      ..6dd06bde
+      ..b5493322
+      ..729cfed5
+      ..06d0b2bf
+      ..ba68e657
+      ..6d580233
+      ..8a04dede
+      ..b9c73dc1
+      ..892bd38b
+      ..da03c81e
+      ..b9adec49
+      ..736837c6
+    }..a39a807c
+..b197c696
+    pr..3e6bef1a
+      ..b04ea15c
+      ..54b53948
+      ..b9adec49
+      ..5f2d4ec5
+    }..a39a807c
+}..9eaa0de7
--- /de..247810df
+packag..de837290
+..b197c696
+import..263fb83c
+import..63e6bfb8
+import..f4cab4cb
+import..7e9af9b8
+import..5fcccce9
+import..8cdd6452
+import..b6b630e5
+import..aee010df
+..b197c696
+import..8ee58681
+import..bc26e82b
+..b197c696
+public..f9af10f7
+..b197c696
+    En..0c5b37de
+    St..7799fc34
+    Co..2328e556
+..b197c696
+    pu..627df263
+      ..09baf52b
+      ..2cdb58bb
+      ..ab3e3e46
+    }..a39a807c
+..b197c696
+    @O..4fec544c
+    pu..891bf90b
+      ..920e6c60
+      ..804a945a
+      ..29469149
+      ..9f6bb547
+      ..8dc0a8d1
+      ..fb04592c
+      ..c59fc525
+      ..3a1da027
+      ..9eb0b74a
+      ..6d935446
+      ..c3eeb8d1
+      ..8a04dede
+      ..d054826b
+      ..659936e2
+      ..c5189976
+      ..3b17ac05
+      ..42c15022
+      ..836267e4
+      ..509e74b7
+      ..4a438b9f
+      ..06229e26
+      ..97008613
+      ..596cd8a7
+      ..2b2f5fd3
+      ..17d17f61
+      ..6d580233
+      ..4eff303f
+      ..8a30246c
+      ..6d580233
+      ..3679f6bc
+      ..8a04dede
+      ..b9c73dc1
+      ..08ea48eb
+      ..ee365c99
+      ..9af0e1a8
+      ..639e90e8
+      ..b9c73dc1
+      ..b9adec49
+      ..29469149
+      ..db8d2548
+      ..b6bf1c18
+      ..7c19adce
+      ..c59fc525
+      ..ee93ce97
+      ..57bc6d23
+      ..b9c73dc1
+      ..29fffe36
+      ..4a8a6e00
+      ..b9c73dc1
+      ..5fdb09ac
+      ..80345578
+      ..b9adec49
+      ..e17395d1
+      ..8f6915f1
+      ..d2752032
+      ..b9adec49
+      ..7c49443b
+      ..4094ee93
+      ..03c952f4
+      ..3f1f91b1
+      ..097500d4
+      ..356952b4
+      ..205376de
+      ..f75c0f8b
+      ..54a99468
+      ..bbb68457
+      ..29469149
+      ..d71eb61c
+      ..0393b9b8
+      ..a0f19282
+      ..25df959e
+      ..2ec043b8
+      ..0f8673ef
+      ..b77d642b
+      ..88d60e1c
+      ..41411aa5
+      ..8a04dede
+      ..b9c73dc1
+      ..6ed7515e
+      ..38e857fb
+      ..b9adec49
+    }..a39a807c
+..b197c696
+}..9eaa0de7
--- /de..247810df
+packag..de837290
+..b197c696
+import..c7b31ab3
+..b197c696
+public..6309d234
+    pr..4d9825a6
+    pr..13d1d7bf
+..b197c696
+    pu..2c439d2b
+      ..68af7026
+      ..ba6b7fe8
+      ..f2c034f7
+      ..5880a31c
+      ..6daaf8d3
+      ..b6fd1006
+      ..e9f2040e
+      ..28301587
+      ..76e24be7
+      ..28301587
+      ..b9adec49
+    }..a39a807c
+..b197c696
+    //..0fddebd4
+    pu..591aaad9
+      ..dcc110f2
+      ..7b55b09b
+      ..81f9f58e
+..b197c696
+      ..1684bebc
+      ..64deaa21
+      ..6e0d1b70
+      ..3751f249
+      ..b9adec49
+..b197c696
+      ..c8440d95
+      ..22c3b0ca
+      ..744e6b5d
+      ..0d95ed48
+      ..b9c73dc1
+      ..c7d3ab05
+      ..28301587
+..b197c696
+      ..cb0dd4c8
+      ..e9b94e83
+      ..9b9cefce
+..b197c696
+      ..bcd4d563
+      ..58512371
+      ..54cd6ccc
+      ..a6e08d06
+      ..aadba519
+      ..1fcb4506
+      ..697b500f
+      ..0a59733a
+      ..eeb76abb
+      ..8a04dede
+      ..0f80994e
+      ..28d3ad9a
+      ..0d95ed48
+      ..61f9a56a
+      ..f03d8fee
+      ..1daf8cdf
+      ..b9c73dc1
+      ..524eefe9
+      ..e9f2040e
+      ..b9adec49
+      ..cc3f298e
+      ..ad82408c
+    }..a39a807c
+..b197c696
+    pu..75e69ea6
+      ..29469149
+      ..b80db45f
+      ..2ec043b8
+..b197c696
+      ..ee365c99
+..b197c696
+      ..b9adec49
+    }..a39a807c
+}..9eaa0de7
--- /de..247810df
+packag..de837290
+..b197c696
+import..e94052c4
+..b197c696
+import..506b6cf5
+import..3051b47b
+import..9869cdd9
+import..7e9af9b8
+import..e0db83d9
+import..aa96061e
+import..0221381e
+import..e4b0059c
+import..80d95608
+import..84089085
+import..7dce602c
+..b197c696
+public..8a11e4f4
+..b197c696
+    pu..7f16090f
+      ..eaaefbb9
+..b197c696
+      ..bb9690fa
+      ..db85ce1b
+      ..689ee628
+      ..9527f03b
+      ..84e3c5c5
+..b197c696
+      ..d0722c5f
+..b197c696
+      ..29469149
+      ..8277f8d2
+      ..9e206159
+      ..3751f249
+      ..b9adec49
+..b197c696
+      ..67787ce7
+      ..5e46d042
+..b197c696
+      ..01993068
+      ..70effaf5
+..b197c696
+      ..39827a13
+      ..42d246f8
+      ..3685acdb
+      ..01ed82e1
+      ..ffa282c4
+      ..8ac44070
+      ..3974dc1f
+      ..3afc8604
+..b197c696
+      ..24243af8
+      ..8dfad753
+..b197c696
+..b197c696
+      ..a8007180
+      ..d2301b31
+      ..e8e5ba0a
+      ..d6130ebe
+      ..2662eff1
+..b197c696
+      ..5bf6e1c4
+      ..ebb7d2f0
+      ..3751f249
+      ..32713fdc
+      ..b9adec49
+..b197c696
+      ..0ea635ce
+      ..ebb7d2f0
+      ..3751f249
+      ..fa50fe79
+      ..b9adec49
+      ..5bc4fb96
+..b197c696
+      ..9cdba18d
+      ..ebb7d2f0
+      ..3751f249
+      ..32713fdc
+      ..b9adec49
+..b197c696
+      ..0cbf8202
+      ..ebb7d2f0
+      ..3751f249
+      ..c72e6bb8
+      ..b9adec49
+..b197c696
+      ..3f523811
+      ..c080ea91
+      ..37e73bd8
+..b197c696
+      ..5da24104
+..b197c696
+      ..de61e531
+      ..c2751dac
+      ..a6bcac9e
+      ..784bf3fd
+      ..a0217e01
+..b197c696
+      ..19fc68b7
+    }..a39a807c
+..b197c696
+    pr..745d620b
+      ..4ad1f9d3
+      ..f9086c27
+      ..c8440d95
+      ..2ad80cbb
+      ..cc00e6c5
+      ..a2da61ef
+      ..beb5dce3
+      ..b9adec49
+      ..f4a61001
+    }..a39a807c
+..b197c696
+    pr..3aec7c88
+      ..c8440d95
+      ..85239a40
+      ..03cc2bee
+      ..1f25f6e9
+      ..b9c73dc1
+..b197c696
+      ..465e3196
+      ..565b002b
+      ..b9adec49
+    }..a39a807c
+..b197c696
+    pu..e3da4e89
+      ..b67c9aa6
+      ..0a2aa608
+      ..dbf55e27
+      ..25c827a8
+..b197c696
+      ..a66f6cfd
+      ..0eb3711f
+      ..b9adec49
+..b197c696
+      ..304cc059
+      ..978d9f9d
+      ..b9adec49
+..b197c696
+      ..93853f2c
+      ..c3aae29d
+      ..b9adec49
+..b197c696
+      ..34ad13b9
+      ..a0b38061
+      ..b9adec49
+    }..a39a807c
+..b197c696
+    pu..08a3d4d7
+      ..b0e3563c
+      ..dda78092
+      ..f0bb8871
+..b197c696
+      ..05805ded
+      ..54784268
+      ..b9adec49
+..b197c696
+      ..4dee4cca
+      ..99e97f7e
+      ..b9adec49
+..b197c696
+      ..1efd74ea
+      ..e6844c9e
+      ..b9adec49
+    }..a39a807c
+..b197c696
+    pu..39902ef5
+      ..91eb0c61
+      ..daebed41
+..b197c696
+      ..ced36fc4
+      ..8aa9bcb2
+      ..b9adec49
+..b197c696
+      ..8c98ef50
+      ..114d7b6c
+      ..b9adec49
+..b197c696
+    }..a39a807c
+..b197c696
+    pu..7402c839
+      ..91eb0c61
+      ..b24f6da7
+..b197c696
+      ..ced36fc4
+      ..8aa9bcb2
+      ..b9adec49
+..b197c696
+      ..ea1e3f01
+      ..e3615b8c
+      ..b9adec49
+    }..a39a807c
+}..9eaa0de7
-import..af16ce5e
+import..212a8051
-import..784ffa81
-import..af16ce5e
+import..48a13d97
+import..212a8051
-import..220cb86e
-import..af16ce5e
+import..95d3985f
+import..212a8051
-import..f8f3a7f3
-import..af16ce5e
+import..8a339333
+import..212a8051
-import..af16ce5e
+import..212a8051
-main: ..c35e8d5b
-versio..3faab6c6
+main: ..1f30965a
+versio..8b3d22c9