+import..d14c0878
-    pr..06ab712c
+    pr..38bc9e26
+    @G..b7410fff
+    pr..7a98d2a3
-      ..4c00a9be
+      ..308b410a
-      ..99c64b9c
+..b197c696
+      ..3806fb11
+      ..c85068fb
+..b197c696
+      ..c8314b61
+      ..f886bac7
+      ..ebc48210
+..b197c696
+      ..a7952d71
+      ..16f0fdb1
+      ..ebc48210
+..b197c696
+      ..369a03fb
+      ..06229e26
-      ..0a6b9d5a
+      ..c9d91635
-..f075daba
-      ..031c8461
-      ..011847bc
-      ..49b6d6bb
-..f075daba
-      ..66c7b44c
-      ..7b4eb19f
-..f075daba
-      ..a316ea4c
-      ..7fd0da28
-      ..49b6d6bb
-      ..a086ea89
+      ..aac5972f
+..b197c696
+      ..958164c1
+      ..4d5209f8
+      ..30ba176a
+      ..f30703e2
+      ..3bf4b2d4
+      ..ebc48210
+..b197c696
+      ..f5a03f0a
+      ..f99a27f6
-      ..ccf644b1
+      ..543bb891
-      ..6fdb31cf
+      ..220c6f8d
+      ..217cb504
+      ..9f568b62
+      ..32e7bc5c
+      ..0fae2453
-      ..7ff757b7
-      ..ccf644b1
+      ..dbc4b542
+      ..4d8cadb8
+      ..fc2e1e03
+      ..37486b82
+      ..c7c1c939
+      ..6195200f
+      ..0f4270f0
-      ..18329f11
-      ..801358b0
+      ..fc584ec9
+      ..c5754df0
+      ..27efd16a
+      ..7721dda6
+      ..be7f6011
+    pr..81a17075
-    pu..bbcc3b37
+    pu..e5455532
+      ..5a741764
-      ..ee44ba70
+      ..826719ee
+import..cfb75c8f
-    pu..e6ee16b3
+    pu..c1009f1e
-      ..7f13c729
+      ..a0f4fa06
+..b197c696
+      ..40c9ecd1
+      ..c6878827
+      ..b4f92d0c
+      ..b9c73dc1
+import..61fd4c42
+import..d14e5e62
+    @G..b7410fff
+    pr..d30fc5a1
+    @G..b7410fff
+    pr..107ba340
-    pu..8b005f63
+    pu..bb90dd70
+      ..f14b421f
+      ..233700a6
+    @S..97c3fc91
+    pr..75d1f6f6
+    @G..b7410fff
+      ..77fedf88
+      ..20394601
+      ..accbbfc2
-      ..b8430729
-      ..541cb80d
-      ..73468e3d
+      ..761d3a1f
+      ..dde9b765
+      ..2be2ef46
-      ..1c20f02a
+      ..aae65623
-      ..4425c3b2
+      ..5c3f3057
-      ..545f9022
+      ..f7190c64
-      ..b42ea344
+      ..dccf1681
-      ..266bbfa0
+      ..e68c0fe5
-      ..befce599
+      ..eb973578