-	Strin..09251a5b
-	Comma..e32771fa
-	long ..ad5feb1c
+	priva..b51c6c53
+	priva..2f690a14
+	priva..60ee0cad
+	priva..3c48aec4
+	priva..dc4c724b
+	priva..eaa40fcb
-	publi..0d6d21dd
+	publi..bef43747
+		this..7e1a3e1d
-	publi..3d86f849
+	publi..92ce36cf
+		this..7e1a3e1d
-		retu..2dae422b
+		retu..b047b5ed
+	}..9807a31e
+..09de5e7b
+	publi..7d67c32f
+		retu..4ca7c3e5
+	}..9807a31e
+..09de5e7b
+	publi..f2082134
+		this..d9bab71f
+	}..9807a31e
+..09de5e7b
+	publi..05d93b58
+		retu..8993d260
+	}..9807a31e
+..09de5e7b
+	publi..7cc4aa5f
+		this..74b6f939
+	}..9807a31e
+..09de5e7b
+	publi..738a9a38
+		retu..ee5652b2
--- /de..ba9159e4
+packag..b77a23da
+..09de5e7b
+import..f942e027
+..09de5e7b
+import..73cd6d44
+import..36df29f2
+import..5e64b3d1
+import..15d13d5a
+..09de5e7b
+public..d09db529
+..09de5e7b
+	Strin..83860687
+..09de5e7b
+	@Over..5ac67a37
+	publi..99c98dfc
+		// T..086d20cb
+		retu..ff4b674f
+	}..9807a31e
+..09de5e7b
+	@Over..5ac67a37
+	publi..7ecace39
+		// T..086d20cb
+..09de5e7b
+	}..9807a31e
+..09de5e7b
+	@Over..5ac67a37
+	publi..f3d24da9
+		// T..086d20cb
+..09de5e7b
+	}..9807a31e
+..09de5e7b
+	@Over..5ac67a37
+	publi..dd4b518a
+		last..4e5e44aa
+		//re..df6465d3
+		last..ac1ffae4
+		last..8a50b471
+	}..9807a31e
+..09de5e7b
+	@Over..5ac67a37
+	publi..174ffbe7
+		// T..086d20cb
+		retu..cb201b6e
+	}..9807a31e
+..09de5e7b
+	@Over..5ac67a37
+	publi..7ac08817
+		// T..086d20cb
+		retu..cb201b6e
+	}..9807a31e
+..09de5e7b
+	@Over..5ac67a37
+	publi..79ad67fa
+		// T..086d20cb
+		retu..24d6a9c7
+	}..9807a31e
+..09de5e7b
+	@Over..5ac67a37
+	publi..39aa8aa7
+		// T..086d20cb
+		retu..df6bdf9a
+	}..9807a31e
+..09de5e7b
+	@Over..5ac67a37
+	publi..0667ea3c
+		// T..086d20cb
+..09de5e7b
+	}..9807a31e
+..09de5e7b
+	publi..14efd08a
+		retu..c356a174
+	}..9807a31e
+..09de5e7b
+}..dca128c2
+import..9d7aaaae
+import..9fb5f061
+import..e4faeca9
+import..fd6d2c25
+import..f2430780
-..502e225c
+..09de5e7b
+	publi..25bb8a01
-	publi..bb411db1
+	publi..5a9c2d82
+	priva..78900181
-..502e225c
+..09de5e7b
-	priva..d7377c33
+	priva..aa423fdf
+		org...f8f47bec
+		jlog..1ae10d1f
+			Fil..00448273
+			Fil..256e392f
+			if(..92b6629b
+				tr..9ebec059
+					o..ba1bccb4
+					r..2364ef88
+				}c..13078bae
+..09de5e7b
+				}..ca86f0e5
+			}el..a5181f3b
+				tr..9ebec059
+					o..46f9d5ea
+					r..2364ef88
+				}c..13078bae
+..09de5e7b
+				}..ca86f0e5
+			}..3dc8f147
+		test..a5daa09c
+		if(t..aa6658d9
+			cre..f703cc85
+		}..dce485da
+		conf..15499ad0
+		USEB..92ed7a11
+		conf..0196467f
+				}e..b0ec9050
+					i..ca3a2aa9
+						..724fa269
+						..d611a227
+					}..5cc782c1
+					i..0583093a
+						..d81f28d8
+						..104af5dd
+						..16d8eb43
+						..4632cfe7
+						..7f91813f
+					}..18e28e6a
+						..e3d916c9
+					}..5cc782c1
+					r..6965d569
+				if..8cadcbbf
+					s..14c771f5
+						..44722774
-	publi..4d27ffae
-		if(i..ab33f6fc
+	publi..0944442f
+		if(c..3c28be56
-			byt..cd29ea5d
+			byt..220b5aaf
-			com..a9be89ee
+			com..e569f583
+			com..49e634dd
-	publi..42620d5d
+	publi..adff9cbc
-		File..9e029ad9
+		File..302c3bc1
-		Iter..60bd650e
+		Iter..f9a0362c
-			Ent..0fad7a76
-			hea..af1ed09a
+			Ent..af5cc18d
+			hea..9bd0af00
+			hea..a8d2cd68
+			hea..c7067c52
-		Yaml..bb03a7fa
-		try ..e91205e5
-			com..5e4c421c
-			Set..1393742c
-			for..6052ea5a
-				St..a3bd577b
-				co..5f040d0f
+		File..7e934dd6
+		if(h..4d8a0935
+			Yam..af23f715
+			try..f222556e
+				co..19f05ad6
+				Se..b24c0075
+				fo..18a5e7c0
+					S..3237d4f3
+					C..38bee18f
+					c..98903afa
+					c..9e3af29a
+				}..ca86f0e5
+				he..826a3ac3
+			} c..c5c85c39
+			} c..ec377264
+			} c..b79aa59d
+			}..3dc8f147
+		}els..c2328653
+			Yam..af23f715
+			try..f222556e
+				co..8c735c28
+				Se..b24c0075
+				fo..18a5e7c0
+					S..e5b98502
+					S..81a087a9
+					S..e8eb1fb8
+					C..d06a50d3
+					c..98903afa
+					c..fc660de5
+					c..9e3af29a
+				}..ca86f0e5
+			} c..c5c85c39
+			} c..ec377264
+			} c..b79aa59d
-		} ca..dafe341d
-		} ca..9fd00bef
-		} ca..29c56497
+..09de5e7b
+	publi..58bd7157
+		retu..42c08652
+	}..9807a31e
+..09de5e7b
+	publi..8aa7bffb
+		retu..862f5541
+	}..9807a31e
--- /de..ba9159e4
+packag..45bf8a13
+..09de5e7b
+import..90704515
+import..437e86f9
+import..f821f943
+import..1cc2f240
+import..23b421cf
+import..21fa75b8
+import..90cdddb2
+import..53e51df8
+import..090b3977
+import..8ebcbd20
+import..83161622
+import..1e0c01e2
+import..01e12b5c
+..09de5e7b
+import..62596b5c
+import..c2e9b66e
+import..2a985fed
+..09de5e7b
+import..41534caa
+import..6fb4f528
+import..4bbc6a34
+import..4506dec6
+..09de5e7b
+public..14a0fc26
+..09de5e7b
+	/**..422d469f
+	 * Th..07299ea8
+	 * ot..d5085383
+	 * @p..85fa5c5b
+	 * @r..c1a25941
+	 * @t..23d0fa18
+	 * @t..589a5cc4
+	 */..3e4bcb2c
+	publi..10d9493d
+		Conc..9ef27479
+		try ..d23e64eb
+			Enj..e1882874
+			URL..83ef914d
+			Htt..4c4337b4
+			// ..f4a022ac
+			// ..b8c1e294
+			if ..8dfbaba8
+				co..bbc2f4dd
+			} e..c8da360e
+				co..21baaac9
+			}..3dc8f147
+			con..1c69de96
+			con..2d70b381
+			con..5436fbe2
+			con..3fd4d93b
+			con..e8ce89a6
+			con..ec9ebfa6
+			con..fbf06da0
+..09de5e7b
+			Str..a99a38cf
+			bui..9433d13b
+			bui..15ab6ac8
+			con..1ad92145
+			Enj..5603c067
+			con..d834fb53
+			//S..81134621
+			Inp..debc0924
+			//S..2bd1c25b
+			Str..bbd7aa31
+..09de5e7b
+			Enj..01bc9a27
+			//L..cb11ff37
+			JSO..2d0c8451
+..09de5e7b
+			Obj..c256dbec
+			if(..bf9a10a1
+				JS..d957c722
+				fo..24c36ccd
+					i..b3cd1a91
+						..08be086a
+						..78c11301
+						..3f931fff
+						..b43c19ea
+						..76957005
+						..d97493ea
+						..b12a5b0a
+..09de5e7b
+						..500a9f25
+						..8769ca31
+						..23bca8e5
+						..a94eae31
+						..10cd5bca
+						..8769ca31
+						..c99a182b
+						..1d221ed5
+						..88302b96
+						..9fd7118b
+						..11a2c903
+						..8769ca31
+						..34e80d07
+						..8a0512e0
+						..6f4afe98
+						..80cc9746
+						..c8abb882
+						..c130f323
+						..b1d498f7
+						..500a9f25
+						..8769ca31
+						..210b7102
+					}..5cc782c1
+				}..ca86f0e5
+			}el..164cb1ff
+				JS..306ded08
+				St..8ca4ca19
+				th..7334543e
+			}el..2d869b56
+				th..15f41356
+			}..3dc8f147
+		} ca..ffe660be
+			thr..1977d6ab
+		} ca..68454839
+			thr..71ace89f
+		} ca..8ef2c31c
+			thr..1977d6ab
+		}..dce485da
+		retu..91f86977
+	}..9807a31e
+..09de5e7b
+	/**..422d469f
+	 * Th..07299ea8
+	 * ot..d5085383
+	 * @p..9948b8c9
+	 * @r..c1a25941
+	 * @t..23d0fa18
+	 * @t..589a5cc4
+	 */..3e4bcb2c
+	publi..b081aded
+		Conc..9ef27479
+		try ..d23e64eb
+			Enj..720eecff
+			URL..83ef914d
+			Htt..4c4337b4
+			// ..f4a022ac
+			// ..b8c1e294
+			if ..8dfbaba8
+				co..bbc2f4dd
+			} e..c8da360e
+				co..21baaac9
+			}..3dc8f147
+			con..1c69de96
+			con..2d70b381
+			con..5436fbe2
+			con..3fd4d93b
+			con..e8ce89a6
+			con..ec9ebfa6
+			con..fbf06da0
+..09de5e7b
+			Str..a99a38cf
+			bui..9433d13b
+			bui..7893a77c
+			con..1ad92145
+			Enj..5603c067
+			con..d834fb53
+			//S..81134621
+			Inp..debc0924
+			//S..2bd1c25b
+			Str..bbd7aa31
+..09de5e7b
+			Enj..01bc9a27
+			//L..cb11ff37
+			JSO..2d0c8451
+..09de5e7b
+			Obj..c256dbec
+			if(..bf9a10a1
+				JS..d957c722
+				fo..24c36ccd
+					i..b3cd1a91
+						..08be086a
+						..78c11301
+						..3f931fff
+						..b43c19ea
+						..76957005
+						..d97493ea
+						..b12a5b0a
+..09de5e7b
+						..500a9f25
+						..8769ca31
+						..23bca8e5
+						..a94eae31
+						..10cd5bca
+						..8769ca31
+						..c99a182b
+						..1d221ed5
+						..88302b96
+						..9fd7118b
+						..11a2c903
+						..8769ca31
+						..34e80d07
+						..8a0512e0
+						..6f4afe98
+						..80cc9746
+						..c8abb882
+						..c130f323
+						..b1d498f7
+						..500a9f25
+						..8769ca31
+						..210b7102
+					}..5cc782c1
+				}..ca86f0e5
+			}el..164cb1ff
+				JS..306ded08
+				St..8ca4ca19
+				th..7334543e
+			}el..2d869b56
+				th..15f41356
+			}..3dc8f147
+		} ca..ffe660be
+			thr..d0933b67
+		} ca..68454839
+			thr..71ace89f
+		} ca..8ef2c31c
+			thr..d0933b67
+		}..dce485da
+		retu..91f86977
+	}..9807a31e
+..09de5e7b
+	priva..7d143913
+		retu..3fcf2599
+	}..9807a31e
+..09de5e7b
+	priva..c1593e82
+		retu..031d0d65
+		//re..fcf59a4e
+	}..9807a31e
+}..dca128c2
--- /de..ba9159e4
+packag..45bf8a13
+..09de5e7b
+import..01e12b5c
+..09de5e7b
+/**..1d58b4cd
+ * Thi..d9187c01
+ * @au..8c97c3be
+ *..16540ce0
+ */..8ce4807c
+public..a4947714
+..09de5e7b
+	int t..0b152aec
+	Strin..c03fe123
+	long ..38d0339a
+..09de5e7b
+	Concu..6064a01e
+..09de5e7b
+	publi..4a2da655
+		tagi..48d2cf70
+		this..3b031182
+	}..9807a31e
+..09de5e7b
+	publi..284ab244
+		tagi..48d2cf70
+		this..3b031182
+		expi..c4298422
+	}..9807a31e
+..09de5e7b
+	/**..422d469f
+	 * Ge..0ab44153
+	 * do..71b280b7
+	 * @r..a39f26e1
+	 */..3e4bcb2c
+	publi..07432d27
+		retu..fe37ede9
+	}..9807a31e
+..09de5e7b
+	/**..422d469f
+	 * Ge..f946ac96
+	 * @r..4f0f2b22
+	 */..3e4bcb2c
+	publi..4bad47c0
+		retu..94081bd0
+	}..9807a31e
+..09de5e7b
+	/**..422d469f
+	 * Ge..0dda8c83
+	 * @r..4f0f2b22
+	 */..3e4bcb2c
+	publi..f254b7d9
+		retu..089b6032
+	}..9807a31e
+..09de5e7b
+	/**..422d469f
+	 * Re..8612064a
+	 * ad..fba61836
+	 * @r..4f0f2b22
+	 */..3e4bcb2c
+	publi..8716285a
+		retu..df4e246f
+	}..9807a31e
+..09de5e7b
+	/**..422d469f
+	 * Ge..2883f32d
+	 * @p..d5ca5c03
+	 * @r..dd0d9482
+	 */..3e4bcb2c
+	publi..c5ff1e24
+		retu..01fe6d27
+	}..9807a31e
+..09de5e7b
+	@Over..5ac67a37
+	publi..0764c25e
+		retu..39bb9f03
+	}..9807a31e
+}..dca128c2
-		File..c7dc97d1
+		File..811ea786
-		File..c7dc97d1
+		File..811ea786
+import..4e37e011
-					p..259dfb2b
+					p..8475270e
+import..4e37e011
-					p..0e57163f
+					p..d07e366e
+import..4e37e011
-	stati..60441194
+	stati..c6f2bece
-..502e225c
+			if(..cff56b62
+				En..e31688b4
+				Co..9ffb04f1
+				pl..6c2be414
+				re..36796e82
+			}..3dc8f147
+			Com..f45085a2
-					p..f5ceb3ee
+					e..8a183694
+					p..4204f6cc
-					p..4b7b90df
+					e..f5836a14
+					p..d7672112
-				pl..e4462c29
+				ex..db00c448
+				pl..ba16e805
-..502e225c
-			plu..ea0bac67
+			//T..3dd6d825
+			plu..82bb144e
+import..4e37e011
+			Com..f45085a2
-					p..8ade0496
+					e..8a183694
+					p..4204f6cc
-					p..a114c92f
+					e..f5836a14
+					p..d7672112
-				pl..0197886f
+				ex..db00c448
+				pl..ba16e805
-			plu..ea0bac67
+			plu..82bb144e
+import..deaf58e6
+..09de5e7b
+..09de5e7b
+	abstr..e9aa3859
+	abstr..b424f225
+	abstr..f838d9a2
+	abstr..76a446db
-			lis..e816aabe
+			if(..8f4452d6
+				if..5ef8f97d
+					s..3996d580
+					s..341ce319
+					l..28bdf77d
+				}e..cf292265
+					l..8cca6d9c
+				}..ca86f0e5
+			}el..2d869b56
+				li..cf389802
+			}..3dc8f147
+import..deaf58e6
+..09de5e7b
+..09de5e7b
+	Mater..35175385
+	short..d44fbc6c
+..09de5e7b
+	@Over..5ac67a37
+	publi..0119d075
+		retu..d8692f2c
+	}..9807a31e
+..09de5e7b
+	@Over..5ac67a37
+	publi..2afc02a4
+		retu..20703a4e
+	}..9807a31e
+..09de5e7b
+	@Over..5ac67a37
+	publi..5ffbac93
+		mate..0000cb10
+	}..9807a31e
+..09de5e7b
+	@Over..5ac67a37
+	publi..c3b567e0
+		matd..a243825a
+	}..9807a31e
+import..deaf58e6
+..09de5e7b
+	Mater..35175385
+	short..d44fbc6c
+..09de5e7b
+..09de5e7b
+	@Over..5ac67a37
+	publi..0119d075
+		retu..d8692f2c
+	}..9807a31e
+..09de5e7b
+	@Over..5ac67a37
+	publi..2afc02a4
+		retu..20703a4e
+	}..9807a31e
+..09de5e7b
+	@Over..5ac67a37
+	publi..5ffbac93
+		mate..0000cb10
+	}..9807a31e
+..09de5e7b
+	@Over..5ac67a37
+	publi..c3b567e0
+		matd..a243825a
+	}..9807a31e
+import..deaf58e6
+..09de5e7b
+..09de5e7b
+	Mater..57fa1d9c
+	short..d44fbc6c
+..09de5e7b
+	@Over..5ac67a37
+	publi..0119d075
+		retu..d8692f2c
+	}..9807a31e
+..09de5e7b
+	@Over..5ac67a37
+	publi..2afc02a4
+		retu..20703a4e
+	}..9807a31e
+..09de5e7b
+	@Over..5ac67a37
+	publi..5ffbac93
+		mate..0000cb10
+	}..9807a31e
+..09de5e7b
+	@Over..5ac67a37
+	publi..c3b567e0
+		matd..a243825a
+	}..9807a31e
+import..deaf58e6
+..09de5e7b
+import..deaf58e6
+import..6baa0e19
+import..29742b27
+import..1a16c6f5
+import..aae760ec
+import..3ab66628
+import..c35321a9
-						..f3e60219
+						..9a195529
+						..aa07475f
+						..7eb49e20
+						..b6ec9dae
+						..8769ca31
-						..d9631edb
+						..9a195529
+						..03745751
+						..7eb49e20
+						..7c3417ff
+						..8769ca31
+	@Even..7adb7625
+	publi..5ee77d80
+		//If..69c6bcf2
+		Stri..82ff0311
+		if(p..73f3b7c5
+			act..6002ccef
+			eve..dca819bb
+..09de5e7b
+		}..dce485da
+	}..9807a31e
+..09de5e7b
+	@Even..7adb7625
+	publi..e1dd37ad
+		//If..69c6bcf2
+		Play..7bebc9bd
+		if(a..b4690b1a
+			if(..bc76df5e
+				ac..3a80da82
+				re..36796e82
+			}..3dc8f147
+			eve..b030be6e
+			Pla..1b6e8125
+			Ite..18fc4d64
+			if(..b14ab9b4
+				St..e5f00d02
+				if..f0bdd731
+					S..1c8df493
+					i..4f59dbdc
+					s..a7f03bd4
+				}e..5e188121
+					i..ed9105f6
+						..6c251598
+						..59cc9443
+					}..860bc76a
+						..eb1b961f
+						..4d642181
+						..d93c91f2
+						..03745751
+						..7eb49e20
+						..910b3439
+						..03745751
+						..8769ca31
+					}..5cc782c1
+				}e..09be245d
+					i..ed9105f6
+						..b3c3f755
+						..6f364816
+						..9b157f46
+						..af5a6ee7
+						..8bc87f3c
+						..c31dd17f
+						..95ee73ba
+						..7cdeb938
+						..afa86ea6
+						..d4615af2
+						..af5a6ee7
+						..5e766abe
+						..94995bd3
+						..95ee73ba
+						..7cdeb938
+						..500a9f25
+						..8769ca31
+					}..5cc782c1
+				}e..c0fefa1f
+					i..ed9105f6
+						..b3c3f755
+						..bf10b643
+						..118a9952
+						..303a78d7
+						..8ecb2b20
+						..d2a00e7c
+						..118a9952
+						..4a1e2384
+						..17c8da40
+						..8769ca31
+					}..5cc782c1
+				}e..cf292265
+					i..08ebdac3
+					i..edcd3033
+						..ce0adc46
+						..ae995e6c
+						..8769ca31
+						..5c2279c6
+					}..5cc782c1
+					i..3f33a194
+					t..51dec97f
+						..20f21d62
+					}..fa019157
+						..ce0adc46
+						..ae995e6c
+						..8769ca31
+						..5c2279c6
+					}..5cc782c1
+					i..02302c63
+						..58236537
+						..02f32c32
+						..25867536
+						..aa07475f
+						..8769ca31
+					}..18e28e6a
+						..50026bdb
+						..675cd58f
+						..fe006edd
+						..3f7600e6
+						..83ebb715
+						..c4907e2a
+						..fd2e09ee
+						..2f2a04c0
+						..01462db9
+						..500a9f25
+						..8769ca31
+					}..5cc782c1
+				}..ca86f0e5
+			}el..2d869b56
+				pl..156f7a6a
+			}..3dc8f147
+		}..dce485da
+	}..9807a31e
+..09de5e7b
+	prote..9f3dfd92
+		Stri..eae6f3a4
+		if(w..c6b01d99
+			win..786fe266
+		}..dce485da
+		Inve..4fd09b20
+		Item..9aa41d25
+		Item..2dcf1b52
+		meta..329fef25
+		Arra..c0d11aa4
+		lore..e78a0549
+		meta..867bd304
+		back..9cc3c905
+		inv...a2a0562c
+..09de5e7b
+		Item..b28ba290
+		meta..d0f26413
+		Stri..3c82442a
+		lore..901ae599
+		Stri..855fc7f7
+		for(..93e670d2
+			lor..5d6f81cb
+		}..dce485da
+		meta..e8370bac
+		meta..867bd304
+		is.s..fc374fda
+		inv...fb46af25
+..09de5e7b
+..09de5e7b
+		Stri..4a5d0e3f
+		if(!..820ebe7b
+..09de5e7b
+			Ite..76d8a6b8
+			met..bdfd474a
+			met..27c5bb46
+			lor..bd18ce30
+..09de5e7b
+			lor..cfc33d73
+					+..45b703ef
+			met..71214227
+			poi..555a9132
+			inv..6e3b0f55
+		}..dce485da
+		Stri..010e0cee
+		if(!..408ff1eb
+			Ite..063c75b8
+			met..14deea3d
+			met..833ce991
+			lor..bd18ce30
+..09de5e7b
+			lor..cfc33d73
+					+..8fb8d34e
+			met..71214227
+			mon..630fd39d
+			inv..762bcca7
+		}..dce485da
+..09de5e7b
+		play..39a050e1
+..09de5e7b
+	}..9807a31e
+..09de5e7b
+	/*..6c0bcfb2
+	@Even..7adb7625
+	publi..5c07d1ca
+		//If..8e5a2bbc
+		Stri..82ff0311
+		play..71c3bd11
+		acti..3257f4f5
+	}*/..67c20fe5
+..09de5e7b
+..09de5e7b
+	prote..1ea00592
+		int ..bc5ea8a0
+		if(s..fe66b013
+			Inv..c714eb78
+			for..932fe408
+				Se..73deaa3e
+				It..01949ffb
+				It..8b49d1a3
+				St..0aa939e5
+				me..a9134b2e
+				is..1ecf671a
+				in..26ae1ada
+			}..3dc8f147
+			pla..80bea858
+			ret..44003fcc
+		}..dce485da
+		Stri..cc3b0fe3
+		if(w..c6b01d99
+			win..786fe266
+		}..dce485da
+		Inve..e1e1edea
+		if(c..291cfdc9
+			Ite..fef45456
+			Ite..a497e0f8
+			met..5b31a951
+			Arr..26597ecf
+			lor..aad536f8
+			met..71214227
+			bac..5601fe53
+			inv..33edf567
+			slo..5289e9d8
+		}..dce485da
+		if(s..60f80367
+			int..02e1bce9
+			if(..a4e7b8c7
+				ma..64562e05
+			}..3dc8f147
+			if(..ee2d504c
+				pa..a027fe2f
+			}..3dc8f147
+			if(..a92fce75
+				It..3471547a
+				It..657dce69
+				me..80178fd8
+				Ar..18c8b05e
+				lo..b87eaf19
+				lo..a8a57e40
+				me..537fc726
+				pr..6b3fd350
+				in..d0c2d423
+				sl..5787df8a
+			}..3dc8f147
+			if(..20003b92
+				It..6121e536
+				It..7d635d5c
+				me..3e6f04a2
+				Ar..18c8b05e
+				lo..fde0e83b
+				lo..a8a57e40
+				me..537fc726
+				ne..0f60548c
+				in..8e3994d4
+				sl..5787df8a
+			}..3dc8f147
+		}els..b3349221
+			int..02e1bce9
+			if(..a4e7b8c7
+				ma..64562e05
+			}..3dc8f147
+			if(..ee2d504c
+				pa..a027fe2f
+			}..3dc8f147
+			if(..cb6e5bdc
+				if..3eab42be
+					I..49ab6882
+					I..45b002f9
+					m..3937bb81
+					A..98688ee3
+					l..7f3b4f78
+					l..e7c75297
+					m..93915616
+					p..9a15b8a7
+					i..4f5c435d
+					s..134b0903
+				}..ca86f0e5
+				if..61c06e4f
+					I..e3970268
+					I..1f65d44f
+					m..9703778d
+					A..98688ee3
+					l..5e2ecd17
+					l..e7c75297
+					m..93915616
+					n..54ab2f1d
+					i..2a0f0f43
+					s..134b0903
+				}..ca86f0e5
+			}..3dc8f147
+		}..dce485da
+		if(p..24fd732f
+			pag..8a0352a0
+		}..dce485da
+		int ..691adee0
+		if(s..bee01e89
+			mul..d1a83e16
+		}..dce485da
+		for(..7a2c8f76
+			Abs..dda5040f
+			Ite..687a9ffb
+			Ite..c98d24d7
+			Str..b463a069
+			Arr..26597ecf
+..09de5e7b
+			if ..4f0570f5
+				na..119abc2f
+				St..4aa30ffe
+..09de5e7b
+				St..7c1ec6e5
+				if..56838a77
+					l..c82cd28e
+						..6086a636
+				}..ca86f0e5
+				St..e553b209
+				if..803c5f10
+					l..c82cd28e
+						..c0c0c936
+				}..ca86f0e5
+				fo..f9844be8
+					l..5aac70fa
+				}..ca86f0e5
+			} e..47ff3841
+				na..0db638d6
+				St..8e9e17f4
+				fo..f9844be8
+					l..5aac70fa
+				}..ca86f0e5
+			}..3dc8f147
+..09de5e7b
+			met..6c04688c
+			met..71214227
+			is...478f6c91
+			inv..51f4c23d
+		}..dce485da
+		play..39a050e1
+	}..9807a31e
+import..deaf58e6
-			if ..31bac6cc
-				sc..13738d8a
+			sca..5609480c
+			try..f222556e
+				St..d398a141
+				Ma..bf782a00
+				sc..5337b0b9
+				in..fae207da
+				sc..6ac9c8ab
+			}ca..a6882055
+..09de5e7b
+..09de5e7b
+			try..f222556e
+				St..e320cfc6
+				Ma..bf782a00
+				si..0f18945e
+				in..205933e5
+				si..d0007305
+			}ca..a6882055
+..09de5e7b
+			}..3dc8f147
-			if ..cfa1e5c4
+			if ..6addbcf2
-						..00c09a99
+						..2bb36a8a
-			if ..cfa1e5c4
+			if ..6addbcf2
-			inf..79c80b95
+			inf..c22a7566
-		item..0b031e4e
-		item..fd69475a
+		if(f..70a2a7cb
+			ite..8feee491
+			ite..8feee491
+		}els..b40676c2
+			ite..edf65718
+			ite..002e4468
+..09de5e7b
+		}..dce485da
-		}els..f2007dc2
+		}els..d7f3a43a
+		}els..b40676c2
+			ite..5e3114b8
-		}els..f2007dc2
+		}els..d7f3a43a
+		}els..b40676c2
+			ite..47c2dddd
-	publi..35e6d499
+	publi..f8f01871
+		int ..7496fa95
+		if(h..aed2e0d7
+			wid..99e1cea1
+		}..dce485da
-			if ..f1cd0f67
+			if ..b3460b60
-						..60081b1a
+						..c58151eb
-						..e2a7038d
+						..0a0fb17d
-				cu..d52280ee
+				if..0757b765
+					c..09a1c1a4
+				}..ca86f0e5
-				lo..58532a3d
-				if..58c3903b
-					c..7b599633
-					p..13272b25
-					E..ae22e025
+				if..0757b765
+					l..d65c3db1
+					i..1eabf962
+						..67d4fcca
+						..70040066
+						..14a294f6
+					}..5cc782c1
+	Enjin..d6ff07d1
-	publi..6eb90a59
-		comm..a0d4193b
+	publi..f85de809
+		this..de2c85c0
+	}..9807a31e
+..09de5e7b
+	publi..3ac04334
+		comm..2cd95025
+		bool..b4971413
+			dir..c8c1c398
+			com..f9a6260f
+			Enj..59deac4f
+		}..dce485da
+		if(d..8abc0928
+			plu..02312fc5
-	publi..ef12ea69
-		comm..4fc2daf5
+	publi..14e25ff1
+		comm..cc325f09
-				if..85c3cafe
-					a..039456ba
+				if..eb8c5a9a
+					a..1fa1b33e
+				}e..9cfdd3c1
+					a..d73fc9d6
-					a..38c4ba0b
+					a..0ef6406c
+					c..a364b9a6
+					E..c03ab695
--- /de..ba9159e4
+packag..fe07f69b
+..09de5e7b
+import..81822871
+import..8187513c
+import..da2c754f
+import..4a157236
+import..01e12b5c
+..09de5e7b
+import..b7ea626d
+import..2d27448c
+import..e019735f
+..09de5e7b
+import..41534caa
+import..a732ceab
+import..e0546492
+import..6fb4f528
+import..4bbc6a34
+..09de5e7b
+public..fee7a40c
+..09de5e7b
+	Strin..576e9fc8
+	Comma..c07826d2
+	Enjin..d6ff07d1
+..09de5e7b
+	publi..cc46e545
+		this..cc3c2e68
+		this..7c459f5b
+		this..de2c85c0
+	}..9807a31e
+..09de5e7b
+	@Over..5ac67a37
+	publi..16434d6a
+		try ..d23e64eb
+			Dat..949bf7ee
+			Con..534bbfe4
+			if(..b5c9f079
+				re..c4661176
+				En..2e3c1913
+				wh..a5e09875
+					P..8a9381a8
+					r..40b23932
+					r..510e5795
+					i..4e6f69c6
+						..e5d139f6
+						..d5507b2e
+					}..5cc782c1
+					i..04be044d
+						..f808c03c
+						..14d7230d
+						..5d3b4fd6
+						..c305c32a
+						..a275b65f
+						..408b3108
+						..500a9f25
+						..8cca0741
+..09de5e7b
+						..8769ca31
+					}..5cc782c1
+				}..ca86f0e5
+			}el..2d869b56
+				re..276a8a66
+			}..3dc8f147
+		} ca..68454839
+			req..9cd0e368
+		} ca..5530da72
+			req..644ef6c8
+			req..b45e1d43
+		}..dce485da
+	}..9807a31e
+..09de5e7b
+}..dca128c2
+import..4e37e011
-		Iter..5841117a
+		Iter..26672042
-			Ent..f06107fd
+			Ent..b176c5aa
-			sb...034c5235
+			if(..983fc6a5
+				sb..8130b16f
+			}el..2d869b56
+				sb..373cdd50
+			}..3dc8f147
-			bui..ba05c461
+			bui..6eae10c0
+..09de5e7b
+    pr..97e5c609
+      ..66959aef
+      ..41d00eed
+      ..5f1dd60b
+      ..6ad56b3d
+    }..8d7522ff
-			Rev..a751afc9
+			//T..e753b88b
+			Fil..9f0123e9
+			if(..8e6d99e1
+				lo..05bc0ad6
+			}..3dc8f147
+			Rev..eb45884b
-				if..14c67f8c
+				if..b0af1291
-						..3ef3afb5
+						..2533d24f
+		try ..d23e64eb
+			Rev..b46b8c68
+			bui..a42a38cf
+			Lin..93ce85c1
+			Str..e668b139
+			boo..16f60a4b
+			for..2f3117ec
+				en..2a362ff9
+			}..3dc8f147
+			for..5e644104
+				bu..39c66230
+			}..3dc8f147
+			rfr..5ed5e9bf
+		} ca..dad2144c
+		}..dce485da
-name: ..7db53dc1
+name: ..76ada490
-versio..d804ce70
+versio..405e5097
-    de..9290e7f0
+    de..ee2ce82e
+  enji..3a26f62b
+    de..8744f4bc
+    de..f85cb998