-	stati..dfb1c2d3
+	//sta..ad0aa8e8
-	//sta..568f1d72
+	stati..8c57a3e4
+    	c..8f261f9e
+..d0c4af2e
+		byte..a233b3a0
+		int ..1ba59da5
-		for(..e9c1415f
-			bui..cc9b0d5a
+		whil..d5b7ba7b
+			bui..47048ed0
+			byt..824e214e
-						..f1c5de72
+						..214dd3ac
+						..a86d5290
+						..6af3d2b2
+						..63fe5688
+						..a1814b98
+						..b2d68345
+						..c24dbbad
+						..3e72dcf9
+						..85192766
-..6934a2b2
-	publi..e3788ef4
+..d0c4af2e
+	publi..c5343855
+..d0c4af2e
+	publi..5a38e07c
-	publi..f07ec0c2
+	publi..7cbe2afc
-			for..870f597d
-				if..c145aebe
+			for..66963ac2
+				if..d5ea7ebc
-					S..b34fa773
+					S..b3f56cc3
+						..4a1aaa55
-					i..54708f15
+					i..fbb906f4
-					B..9a3e08f2
-					i..bca28fb0
+					B..6f3937f2
+						..581f86fa
+					i..83b5adfc
-					i..f5729c13
+					i..67d75543
+						..fb279d92
-					}..fae8b143
+					}..7222893d
+						..d18051cf
+						..9ace8827
-					i..028be343
+					i..3a450b81
-..6934a2b2
-	priva..c895af39
+..d0c4af2e
+	priva..9e12a43e
+			JSO..6b34d86a
-		for(..34f39b4a
+		for ..8f2af0a1
-			Sho..1c302f07
-			if(..6dd0b24c
+			Sho..46d36d1c
+					(..b71fe07c
+			if ..1ec8ddd2
-			if(..4ad17f98
+			if ..c2d30918
+					&..401d8097
-			}el..622721e9
+			} e..f95639b0
+					&..d8e57cd6
-			//D..ae06c068
-			if(..55e2fad4
+			// ..fa720250
+			if ..ce0d1012
-..6934a2b2
+..d0c4af2e
-		for(..7189d3ec
+		for ..f02cdf1f
-			Sho..d86795e1
+			Sho..8643bfa6
+					(..d51560fa
+					(..67e62b26
-			if(..fcb56af1
+			if ..c527a8f4
+					&..96ef5aeb
-				wh..10763ae2
+				wh..77cce93e
-					S..ed26d02a
+					S..b57b6404
+						..f39020d1
+						..6a59a800
+						..f113a85d
-..6934a2b2
+..d0c4af2e
-		if(p..0e607dea
+		if (..31e02286
-		if(c..b9d3dd5c
-			if(..3e979267
+		if (..71be5371
+			if ..73f9bd7c
-			}el..38c96d64
+			} e..010917c8
-		}els..abfc5c52
-			if(..3e979267
+		} el..8d6765d4
+			if ..73f9bd7c
-			}el..38c96d64
+			} e..010917c8
-..6934a2b2
+..d0c4af2e
-..6934a2b2
-		if(i..39df9141
-			if(..751a92e0
+..d0c4af2e
+		if (..7cff1a04
+			if ..c7e03d23
+					|..b6d43b92
-			}el..38c96d64
+			} e..010917c8
-		}els..97d92d77
+		} el..26144b32
-		}els..8895b77d
+		} el..5e942eb1
+				||..580e4d67
-		}els..abfc5c52
-			ret..84ca19f5
+		} el..8d6765d4
+			ret..b6106506
+					+..e143eedd
-..6934a2b2
-	publi..f3a6bf0e
-		//Th..e4d3d6d6
+..d0c4af2e
+	publi..805a09ec
+			Sho..b855d9c8
+		// T..99260c85
-		//Th..9d33fbc1
+		// T..bebf6ae2
-		//Th..bb3e50f1
+		// T..2939c981
-		//Sp..64d38348
+		// S..71f95032
-		if(s..f7217591
+		Stri..0ddeeff2
+		if (..9d867214
+				&&..18180e03
-			if(..c82a0654
-				he..74f01218
-			}el..38c96d64
-				he..e6afa173
-			}..5f2088fa
-			if(..881cb070
-				St..f3fadae4
-				fo..a2e1791c
+			if ..7da561c2
+				he..b8572ab3
+						..d8ecf454
+						..b8ab0a3a
+			} e..010917c8
+				he..b8572ab3
+						..b8ab0a3a
+			}..3ca89305
+			if ..6673dddd
+					&..e730df3b
+				St..6294a876
+						..ea032aec
+				fo..d6b66374
-			if(..d825fdd9
-				he..a1efa24b
-			}el..720e9f5e
-				he..9ca306ea
-			}..5f2088fa
-			foo..dd328cc2
-		}els..abfc5c52
-			//S..5eaaa1d7
+			if ..de1033b3
+				he..ea576a15
+						..e3f33df1
+						..787861ab
+						..3709d3d3
+						..f8bcc884
+			} e..4fbaf45f
+				he..ea576a15
+						..e3f33df1
+						..86ed5c5f
+						..3709d3d3
+						..e62abb11
+						..c02d9a24
+						..2acb5f86
+			}..3ca89305
+			foo..9a6e7167
+					+..755e3d5b
+					+..b6c32aac
+		} el..8d6765d4
+			// ..df84b018
-			top..747fc1aa
-			for..b41a7a14
-				to..36520ded
-			}..5f2088fa
-			if(..c82a0654
-				to..2c347214
-				St..b8eab6f8
-				if..5ed4380b
-					f..a7ad6ad0
+			fir..a86ee4d6
+			if(..60329e59
+				fi..ee55b1aa
+			}..3ca89305
+			top..cb62aad9
+			if ..7da561c2
+				to..bd34534e
+						..d8ecf454
+						..ade66a58
+						..fed5ad2a
+				St..3648d30f
+						..0377db93
+				if..3ced81ee
+						..2eb05b9e
+					f..31cd7404
-				}e..e9f195d6
+				} ..999d48bb
-			}el..38c96d64
-				to..6b75f00e
+			} e..010917c8
+				to..cb014235
+						..f93e3bd2
-				if..ea64685f
-					t..6f58251d
-					f..a7ad6ad0
+				if..4eae6c61
+					t..d0f0419d
+						..ab3442e4
+					f..31cd7404
-				}e..e9f195d6
+				} ..999d48bb
-			ver..471e566c
-			//A..23582553
+			ver..65fa2a57
+					+..917b0bd3
+			// ..1d917386
-			//A..339bb3d2
-			if(..881cb070
-				St..e40fe644
-				fo..a2e1791c
+			// ..5b6eab4a
+			if ..6673dddd
+					&..e730df3b
+				St..6294a876
+						..9822d012
+						..ea032aec
+				fo..d6b66374
-			//A..03725bed
-			if(..7ba817ac
-				he..887edccd
-			}el..0c522f63
-				he..d53ad7dc
+			// ..e563c048
+			if ..9fde09f3
+				he..0342d54e
+						..4d70397d
+						..f380b9a2
+						..eeebe1ea
+						..f8bcc884
+			} e..a9b59056
+				he..0342d54e
+						..4d70397d
+						..845a8e5e
+						..eeebe1ea
+						..e62abb11
+						..c02d9a24
+						..2acb5f86
-			//S..6d1f7649
-			foo..33dbe0af
+			// ..7acd5046
+			foo..2d5abd47
+					+..f551c73b
+					+..b6c32aac
-		//ad..d116e422
+		// a..58cd43ec
+		// b..725759c2
-		if(i..9ed8ca09
-			if(..37bccd5f
+		if (..b428ce9a
+			if ..c10a98e5
-			}el..38c96d64
+			} e..010917c8
-		}els..e999eb29
-			if(..26cef6f6
+		} el..cb44c1cd
+			if ..d39cf8f5
-			}el..38c96d64
+			} e..010917c8
-		//le..5a7a2018
-		int ..dad14f97
-		//Le..374c95c5
-		if(i..063153b9
+		// l..b3db3b97
+		int ..2eb2c01f
+		// L..6d0e4cf7
+		if (..3dd77b75
-		int ..ba345d69
-		//Le..6cca6712
-		if((..19baf489
+		int ..9c8469f5
+		// L..8fe8670a
+		if (..9b25b3b1
-		for(..cdf334ed
+		for ..ce2bf944
-			for..4bda7cb1
+			for..0336c0be
-			for..64747d07
+			for..10e8db32
+					&..1336970c
-				if..00408d3b
-					i..970716f1
-				}e..e9f195d6
-					i..c985b217
+				if..833fbe50
+					i..cf0074f9
+						..bd3b8056
+				} ..999d48bb
+					i..0c4c64d3
+						..bd3b8056
-				fo..3bc71e9e
+				fo..74534e7e
-			//A..75516859
-			for..a8007f4e
+			// ..e6370e7b
+			for..dd9e80a8
-			for..c63bdc7b
+			for..33058350
-			//A..f22b8c4b
-			if(..69e031a5
-				cu..82510e5f
-			}el..38c96d64
+			// ..268920e6
+			if ..f097deb2
+				cu..00f3c263
+						..1487b68c
+						..a043690d
+			} e..010917c8
-				bo..93aa08cd
-				fo..990c9b3d
+				bo..b8f72fcc
+				bo..fee735ee
+				bo..8675f626
+						..fab7cb4d
+						..5609184e
+				fo..6c5df80e
-				bo..f4bd8954
-				fo..0517cfcc
-					b..790e7f2e
+				St..9f77bb75
+				if..a8fde804
+					l..72de6b61
-				St..09ff2b51
-						..e0a52e29
-						..03ab18c7
-				cu..bf627a25
+				St..cccf7399
+						..b8e726c0
+						..a2e0fb7e
+				cu..e68c98b4
-..6934a2b2
-	publi..e07bb652
+..d0c4af2e
+	publi..9b942e89
+			Sho..efecebdf
-		if(s..f7217591
+		Stri..0ddeeff2
+		if (..9d867214
+				&&..18180e03
-			ite..46c5854a
-		}els..abfc5c52
+			ite..f646475b
+					F..ddb6af55
+					"..97241a0b
+		} el..8d6765d4
+			fir..a86ee4d6
+			if(..60329e59
+				fi..ee55b1aa
+			}..3ca89305
-			//S..5eaaa1d7
+			// ..df84b018
-			top..747fc1aa
-			for..b41a7a14
-				to..36520ded
-			}..5f2088fa
-			top..3c16f9fa
+			top..cb62aad9
+			top..d03507a8
+					+..5fe86667
+					+..445d790c
-			if(..d3bad8cd
+			if ..c486ebae
-				fo..3d7a1e59
+				fo..3c00c14a
-			}el..38c96d64
+			} e..010917c8
-			}..5f2088fa
+			}..3ca89305
-		item..73be87d3
-		if(i..99c9de72
+		item..cc527a8d
+				+ ..344225da
+				+ ..9467e0c2
+		if (..7c8d3623
-			for..df39e767
-				if..975a1cdc
+			for..e956b7aa
+				if..f60eb06a
-				op..bac1462f
-				op..7b49a8c4
-			}..5f2088fa
-			Arr..59ac5dec
-			for..577b559c
+				op..095e1661
+						..7227e177
+						..f0bac6ea
+				op..f67e07be
+						..e4b64ff0
+						..b062d3ba
+			}..3ca89305
+			Arr..c0ce7ddf
+					o..e2207452
+			for..6444d865
-		item..76568e35
+		item..cc527a8d
+				+ ..8e4c2969
-		if(c..6cf8d3ce
+		if (..9768e05b
-		}els..abfc5c52
-			inf..4d2ec097
+		} el..8d6765d4
+			inf..ebe1f719
+					s..cf0e9552
-		for(..e3717337
+		for ..632d7f23
-		//Ad..4be09655
-		for(..defcb826
+		// A..1eac7c79
+		for ..416f8b9c
-		item..8128e9e6
-		if(c..6cf8d3ce
+		item..b91817b3
+				+ ..28f7e0a3
+		if (..9768e05b
-		}els..abfc5c52
-			//S..5eaaa1d7
+		} el..8d6765d4
+			// ..df84b018
-			bot..eb3a2c6c
-			for..b41a7a14
-				bo..9686d71c
-			}..5f2088fa
-			bot..4a5b3074
+			bot..8a419216
+			bot..cf500cc2
-			for..5a4006db
+			for..a5982ac4
-..6934a2b2
+..d0c4af2e
-..6934a2b2
+..d0c4af2e
-		shop..653776a2
+		shop..a7140d8b
+				+ ..f106b202
-		for(..cc6e3e47
-			sho..6ab9000a
+		for ..6c83e876
+			sho..80585525
+					+..8d1a7a76
-..6934a2b2
+..d0c4af2e
-		if(g..f134e11b
+		if (..a174cae6
-			whi..d948c626
+			whi..43a771f4
-				wh..c7ecece5
-					i..922a1ce3
+				wh..fba2a543
+					i..6bf58219
-					}..110eb2e9
+					}..b0b6173b
-				if..838f9d01
-					i..389511e7
-					S..a89c5ac9
+				if..f6d3b22b
+					i..c39f0f60
+						..b96bae91
+					S..dfa40e40
+						..88d13de7
-				}e..e9f195d6
+				} ..999d48bb
-		}els..abfc5c52
+		} el..8d6765d4
-..6934a2b2
+..d0c4af2e
+		if(t..7f6b62b2
+			ret..9ce437c3
+		}..49a5ff2d
-		retu..b73d345d
+		try ..797f3f75
+			ret..98a02047
+					+..2a146a39
+		}cat..8303a5e4
+			if(..bbd9e8a0
+				se..03d9deee
+			}..3ca89305
+			int..d9d885fe
+			cha..f5223dea
+			for..aa409211
+	     ..2986ed11
+	     ..577be148
+	     ..620dcb82
+			}..3ca89305
+			ret..ab642a88
+		}..49a5ff2d
-		if(g..5a58be66
+		if (..dc1b6e30
-			if(..a46e5348
-				wh..6d778f28
-					t..e9f404a8
+			if ..2aa9b22d
+				wh..c7fba204
+					t..f4a39d19
+						..657d2a28
-			}el..38c96d64
-				wh..805a6985
-					t..e9f404a8
+			} e..010917c8
+				wh..e22cf2ac
+					t..f4a39d19
+						..657d2a28
-		}els..abfc5c52
+		} el..8d6765d4
-..6934a2b2
+..d0c4af2e
-		if(g..5a01bb76
+		Enji..a9eedd99
+		Enji..24091432
+		Enji..0b28d41c
+		Enji..5db1d05a
+		if (..1cc55d31
-			if(..a46e5348
-				wh..eff6894e
+			if ..2aa9b22d
+				wh..b72802a5
-			}el..38c96d64
-				wh..ddd88cb6
-					t..e9f404a8
+			} e..010917c8
+				wh..c32429a4
+					t..f4a39d19
+						..657d2a28
-		}els..abfc5c52
+		} el..8d6765d4
-..6934a2b2
-	publi..16d6bb41
-		if(i..3cab823d
-			ret..15550ac7
-		}els..22587c8b
-			ret..7bf3672d
-		}els..abfc5c52
+..d0c4af2e
+	publi..e1bfb33f
+			Abs..b9333b14
+		if (..cca84e5b
+			ret..16b52774
+		} el..ab5e571d
+			ret..02c24337
+		} el..8d6765d4
-..6934a2b2
-	publi..c30b30a0
+..d0c4af2e
+	publi..cb70849e
+			int..f3c6346e
-			ver..471e566c
+			ver..65fa2a57
+					+..917b0bd3
-		item..0b4d58fa
-				+ ..ea321296
-		item..7d29cb90
-				+ ..96518f10
+		item..27e80759
+				+ ..52b77859
+				+ ..2cc94610
+		item..90cbe30d
+				it..a6215570
+				"...d4862074
+				FO..cb638661
+						..3a30fb2f
+						..8427a1d8
+						..8f1e5a94
-		item..32962f92
-		item..76533430
+		item..45fc4c67
+				+ ..f9224307
+		item..fe087241
+				ve..8979198b
+						..a2d5572a
-..6934a2b2
-	publi..9c62e114
+..d0c4af2e
+	publi..7a59f47c
+			int..f3c6346e
-			ver..471e566c
+			ver..65fa2a57
+					+..917b0bd3
-		item..240dfd7f
-				+ ..c0ae0a41
-		item..0f44495a
+		item..27e80759
+				+ ..52b77859
+				+ ..c9468486
+				+ ..56ce6d0b
+				+ ..35d858bd
+		item..23d5d914
+				"...81a675be
-		item..06c9f67a
+		item..6858350f
+				ve..8979198b
+						..a2d5572a
-..6934a2b2
-	publi..9aec6336
-		if(i..3cab823d
-			ret..15773e0a
-		}els..22587c8b
-			ret..8eee0e7b
-		}els..abfc5c52
+..d0c4af2e
+	publi..60f56b17
+			Abs..b9333b14
+		if (..cca84e5b
+			ret..04330ce0
+		} el..ab5e571d
+			ret..5fff4fb7
+		} el..8d6765d4
-..6934a2b2
-	publi..9a3a0d30
+..d0c4af2e
+	publi..60f56b17
+			Sho..0f654f00
-			ver..471e566c
+			ver..65fa2a57
+					+..917b0bd3
-		Stri..c783fbad
+		Stri..f3410b11
-		item..0b4d58fa
-				+ ..ea321296
-		item..7d29cb90
-				+ ..96518f10
+		item..27e80759
+				+ ..d8c69f93
+		item..eddb2dfd
+				+ ..4552e48f
-..6934a2b2
-	publi..54e62f36
+..d0c4af2e
+	publi..60f56b17
+			Sho..26a9e434
-			ver..471e566c
+			ver..65fa2a57
+					+..917b0bd3
-		item..240dfd7f
-				+ ..c0ae0a41
-		item..0f44495a
+		item..9fe4c2d7
+				+ ..bf58e210
+				+ ..35d858bd
+		item..23d5d914
+				"...81a675be
-..6934a2b2
-	publi..1db8fec2
+..d0c4af2e
+	publi..ddfb57c9
+			Str..746481b7
-		for(..ede216bc
+		for ..296236e5
-			if(..803a9006
+			if ..cf4dfe94
-				wh..d96fd179
+				wh..81d7a1c5
+						..6c846a51
-					w..a3e3b10a
-						..bdbcadcf
+					w..14c6b06c
+						..a4b9fec0
-						..e804c9cd
+						..8135454e
-					f..f6543fb5
+					f..8fe6ceaf
+						..d1eeef8b
-			}el..38c96d64
-				fo..9a469b8f
+			} e..010917c8
+				fo..56fb99b7
+						..50678392
-		for(..76c871d5
+		for ..b4a8016d
-..6934a2b2
+..d0c4af2e
-		for(..ede216bc
+		for ..296236e5
-			if(..22e64879
+			if ..7782dab7
-				wh..d96fd179
+				wh..81d7a1c5
+						..6c846a51
-					w..61d38510
-						..bdbcadcf
+					w..50c19bec
+						..a4b9fec0
-						..e804c9cd
+						..8135454e
-			}el..38c96d64
+			} e..010917c8
-		for(..76c871d5
+		for ..b4a8016d
+..d0c4af2e
+	priva..92e6628d
+..d0c4af2e
+		Stri..62cbb044
+		Stri..a57c22a6
+		glyp..a50f8c32
+		for(..ed2d9b48
+			gly..b27244d4
+		}..49a5ff2d
+	}..83bf0c59