--- /de..acab5c2c
+packag..00ec18d6
+..d0c4af2e
+import..26095dac
+..d0c4af2e
+/**..91b35605
+ * Han..dd271fe0
+ */..ae0735c9
+public..a572b16f
+    pu..2de6ca55
+    {..aaf13adf
+      ..71f9e8d7
+      ..2db567dd
+      ..0c560abd
+..d0c4af2e
+      ..a6e807a0
+      ..71f9e8d7
+      ..e0c11112
+      ..b9acbd1e
+      ..57e6cd2f
+      ..53d07c5b
+      ..318ed3e1
+      ..0c560abd
+      ..36225ca2
+      ..a6e807a0
+      ..71f9e8d7
+      ..7c616b41
+      ..afdec87e
+      ..8bec8c33
+      ..fa385d17
+      ..f66e6db4
+      ..0c560abd
+      ..36225ca2
+      ..a2214ee1
+//    ..532977f1
+    }..3c2f021b
+}..ad44808b
+import..5c9042d2
- * @co..a0c98f9e
+ * @co..48e60c33
-public..bdac0c45
-..6934a2b2
-..6934a2b2
+public..bff53470
+{..22120c2c
+      ..ab1d7686
+      ..6deafb7f
+      ..836ec349
+      ..31605def
+      ..6babf3e7
+..d0c4af2e
+      ..7253b927
+      ..9d1d7a44
+      ..b6b980c6
+      ..d3cb1a71
+      ..961c363a
+      ..df2154b3
+      ..de69450d
+      ..d8ad4e43
+      ..c4c230a6
+      ..713b172d
+      ..f8fa6198
+      ..831aafab
+      ..5ba488b5
+      ..8947c86a
+      ..fd10e5fc
+      ..9c7432d3
+      ..b34139a2
+      ..295beb6f
+      ..10113768
+      ..fdbaa38e
+      ..ec84b0a1
+      ..7ebc86c8
+      ..b1ae996d
+      ..fd5f25e9
+..d0c4af2e
+      ..6deafb7f
+      ..0c1f90fd
+      ..13d25b88
+      ..f6f50a26
+      ..865187bc
+      ..fef6f36c
+      ..70df1cf0
+      ..221a5698
+      ..615ee056
+      ..33a877f2
+      ..79107eae