-				Mi..adaa8783
+				Mi..2c392590
-			Min..3e49b01e
+			Min..da000c32
-@Mod(m..e97aefbd
+@Mod(m..5cf383ed
-	Logge..2400ed96
-	publi..4f205b96
+	publi..c1bbf1dc
-				lo..8422f451
+				s...c7960d5e
-				lo..8422f451
+				s...c7960d5e
-			Min..eb7d55ba
+			Min..81e54824
-		logg..5e5fecb8
-		logg..85a79f1f
-			Min..b8281dc2
+			Min..217d0dcf
-			Min..f76b938c
+			Min..c3b58868
-			Min..dab803c0
+			Min..152ba93f
-				Mi..acd30ce8
+				Mi..65aa25fa
-						..d2f9f29d
+						..813f834b
-					M..07401a94
+					M..938ec77a
-					M..26c76e90
+					M..82459637
-						..4a4179c4
+						..0e332b70
-						..cdcd5c52
+						..8b983c2f
-						..5ab3d8ac
+						..ecc47760
-					M..0d618e2d
-					M..a154d1fa
-					M..d41e13a2
+					M..f625fe43
+					M..7c53bc77
+					M..f3ffd3c2
-			Min..a7e88410
+			Min..60de86b8
-			Min..aceddeed
+			Min..dbe113fd
-			Min..6d33b4fa
+			Min..98415d3a
-						..3a4437e0
+						..99649896
-						..578bf06b
+						..613db1c1
-						..cf7e48ab
+						..7e42a4c3
-						..322faf84
+						..e493293e
-					M..b709ee67
+					M..7ccd4158
-			Min..3756a4e3
+			Min..ec19f231
-						..0c614f25
+						..64d4bf5c
-						..7351fdec
+						..d180dc60
-						..077e77d2
+						..5d4f6802
-						..f5872ecd
+						..366283d5
-						..c3782b9e
+						..fbfb6f2f
-						..40e5dc74
+						..a4806400
-						..98c6eded
-						..9ae022dc
+						..72d2d472
+						..3be61592
-		    ..12f35807
+		    ..c10df80e
-		    ..543669f6
+		    ..9fc7aa21
-					M..4d359bd5
+					M..712240be
-				Mi..e19177bd
+				Mi..397a7fd9
-				Mi..d296ac7c
+				Mi..bc1ec55c
-					M..0a6387ca
+					M..414044e8
-					M..e8161b78
+					M..5262ac9f
-					M..3a66007e
+					M..2b1770ab
-				Mi..2b7c611e
+				Mi..5d5aa753
-			Min..1cc8e5d9
+			Min..a0020ce9
-			Min..39ca887b
+			Min..6d0fb4ae
-				Mi..524da7d1
+				Mi..663d37a1
-						..3f1621b5
+						..6863c845
-				Mi..b059fbc3
+				Mi..f9c77239
-				Mi..c1e92f74
+				Mi..66ccc084
-				Mi..aab4e6e3
+				Mi..0c17eb6c
-				Mi..149c63db
+				Mi..e1019945
-				Mi..9bd396d4
-				Mi..c0bf388d
+				Mi..1831e711
+				Mi..f7406503
-				Mi..13731cac
+				Mi..357540ae
-				Mi..9cb26884
+				Mi..35090419
-				Mi..1c9329b1
+				Mi..37c7f915
-					M..549f6a08
+					M..92c6ccf7
-						..dfe6ce24
+						..68be812e
-					M..856b2890
+					M..9e7c370b
-					M..f43369b0
+					M..5908aa34
-					M..3d5c4141
+					M..0ce16931
-					M..487c1c3f
+					M..ad55c3c4
-					M..13f9f538
-					M..03034577
+					M..e6dcc6b2
+					M..a34ea611
-					M..12964054
+					M..ef3810ef
-					M..98365f54
+					M..2606d440
-      ..e411fd4c
+		Stri..f81e1c98
+		if(p..9d6f69a5
+	     ..49e18ba3
+		}els..4dc0aebc
+			ful..3eb193c6
+		}..49a5ff2d
-				Mi..a3e95bb8
+				Mi..d9a37c7f
-				Mi..505e5b22
+				Mi..29174cec