+    op..bc9410e4
-		if(p..3e2e34e3
+		if(!..79a0069f
-		}if(..fa820a65
+		}..61eaff8a
+		if(p..158dc803
+		if(p..d87f523f
+			p.s..22dbfb2e
+		}..61eaff8a
+		if(p..4b6e02c6
+			p.s..f14babbd
+			p.s..5220be59
+		}..61eaff8a
+import..22d531d4
+import..096a8a20
+import..4721f621
+..45efe61e
+	//Cha..21ed9e6c
+	prote..857dee3c
+	prote..9e0ba3a5
+	prote..4d5721ea
+	prote..acc9ca65
+	prote..3986010c
+	prote..7b33249d
+	prote..f83eaf73
+..45efe61e
+	publi..847f0f83
+..45efe61e
+	publi..830bcd76
+	publi..3d717686
+	publi..9ffa4e3a
-			enj..0958d8e6
+		enji..a0ac44dc
-			Fil..60129d45
-			//S..bc8495fe
-			if(..53f4c739
-				Da..620e5faa
-				en..6b6425b4
-			}..3e04e182
+			deb..334fa64f
-			Fil..6baa51bd
+			Dat..4105d56c
+			Fil..6b709806
+		    ..647660d0
+					t..a85d1105
+			reg..946087a4
+				de..97c4bab3
-				re..a7af1fe7
-			}..3e04e182
-			/*i..a8cdce21
-				ve..2f5d8bee
-				Th..cb7561bf
-				ve..de8bfdde
-				Bu..38fb0a44
-				en..90435160
-			}*/..edb98f91
+				au..997aabdb
+				de..f48f4802
+			}..e63a322a
+		if(c..f76cd134
+			new..3a92b25e
+			deb..a14904f9
+		}..61eaff8a
+    	s..f398cbbf
+		conf..073ae063
+			deb..1a66126b
-		if(c..e75e29c8
+		//Th..9eb4509d
+		if(c..1ea440c7
-		}if ..c418d004
+			//W..b0fd0eac
+		}if ..efe10e04
-				if..745c787b
+				if..bd617402
+					i..355828cc
+						..eaad61cc
+						..47b201f0
+					}..c9e8b99d
+					i..b97a15e5
+						..d45265ec
+					}..c9e8b99d
+					e..99cb613f
+					B..ff506bff
+					/..d7e84016
+					i..be27cc16
+						..2f02f507
+						..44f8172d
+						..4a932871
+					}..e8efb275
+						..5f0d332b
+					}..c9e8b99d
+					r..1a709604
+				}e..3d0b52df
+					i..c3b0e080
+						..98ece1c9
+						..85d6e040
+					}..c9e8b99d
-					r..354f67b2
-					r..72f3412c
+					r..1539d168
+..45efe61e
+					i..dbf02f49
+						..d3f483c6
+					}..c9e8b99d
+					i..beb0a920
+						..bfcabaf1
+					}..c9e8b99d
+..45efe61e
+					r..d759f248
+				}e..7ddd9004
+					i..199feca3
+						..9e343207
+						..47b201f0
+					}..c9e8b99d
+					D..451c09df
+					D..bcc7c324
+					s..fde39df7
+					s..8e21e1d5
+					s..edc19b5c
+					s..9f5b997c
+					s..20fec3aa
+					r..1a709604
+				}e..df2712f8
+					i..686b1664
+						..aad5bfbe
+						..47b201f0
+					}..c9e8b99d
+					i..53fefa02
+						..844af670
+						..47b201f0
+					}..c9e8b99d
+					P..edc90006
+					i..faf5116f
+						..662972f7
+						..47b201f0
+					}..c9e8b99d
+					S..5dda50e5
+					f..d66a5c4d
+						..66bb76f6
+						..a5dcb80b
+						..884a7d52
+						..9e00a369
+					}..c9e8b99d
+					p..c2163008
+					r..1a709604
+				}e..d909afb1
+					i..57f7b4d7
+						..d093c18a
+						..47b201f0
+					}..c9e8b99d
+					i..f9be531b
+						..f6a0482d
+					}..c9e8b99d
+					S..5dda50e5
+					f..ca3d360d
+						..f45a6159
+						..a5dcb80b
+						..884a7d52
+						..9e00a369
+					}..c9e8b99d
+					g..a6ba7c65
+					r..1a709604
+..45efe61e
+	publi..409e1d17
+		if(!..af2e28ae
+			una..1cf61c8e
+			Pla..13728a2c
+			for..0101eea9
+				if..0c14bace
+					p..c647b3e8
+					p..03ed9047
+				}..b9a57fc5
+			}..e63a322a
+		}..61eaff8a
+	}..c2399bea
+..45efe61e
+	prote..a7a354b3
+		if (..58e87ef9
+			ret..304945ad
+		}..61eaff8a
+..45efe61e
+		Stri..29f008e6
+		news..1a33c9ce
+		news..1428be36
+		news..16d1626f
+		news..a94df396
+		news..03a8e6ff
+		news..1c1524b2
+		news..57e5f77b
+		retu..4a7962b3
+	}..c2399bea
+import..55747486
+import..d04f5aba
+	publi..03f2b184
+		if(e..4c147945
+			ret..66bd3942
+		}..61eaff8a
+		if(e..bd2d6d7f
+			plu..e224aa81
+		}..61eaff8a
+	}..c2399bea
+..45efe61e
+	@Even..23377e7b
+	publi..8a79f32e
+		if(e..4c147945
+			ret..66bd3942
+		}..61eaff8a
+		plug..906f2e65
+	}..c2399bea
+..45efe61e
+	@Even..23377e7b
+import..2a7db550
+import..993d989e
+import..d56f0625
-import..6db82ea5
+import..0e3e806e
+import..96bf8ced
+..45efe61e
+import..1e34f087
+import..38d4e640
+import..a5987c07
-	Concu..1658e7cb
+	Enjin..12e2e49f
+..45efe61e
+	long ..bcb22da8
+	int t..9b1eff29
+	Concu..9d08b1bb
+	int c..f38c15bd
+..45efe61e
+	publi..1b2cafb2
+		this..57eae9d7
+	}..c2399bea
+..45efe61e
+	publi..8400b1fd
+		this..57eae9d7
+		tota..008ca012
+		cree..c2d9871c
+		List..47159ae8
+		for(..084c8dfa
+			pla..ef00d09f
+		}..61eaff8a
+	}..c2399bea
+..45efe61e
+	publi..8ed9c182
+		retu..7e39fbac
+	}..c2399bea
+..45efe61e
+..45efe61e
+	publi..f45be623
+		this..c4abb8c3
+	}..c2399bea
+..45efe61e
+..45efe61e
+	publi..f15cc077
+		retu..a933c6a2
+	}..c2399bea
+..45efe61e
+	publi..56e607e5
+		tota..de4aae45
+		int ..0dd40944
+		if(p..f3a77db1
+			pla..defbcea3
+		}..61eaff8a
+		play..d51a8fb6
+		play..ed2fcb1a
+	}..c2399bea
+..45efe61e
+..45efe61e
+	publi..1899b411
+		this..ffede7d4
+	}..c2399bea
+..45efe61e
+..45efe61e
+	publi..526d14d0
+		retu..5fce0ccf
+	}..c2399bea
+..45efe61e
+	publi..dfbb0401
+		cree..7483e719
+	}..c2399bea
+..45efe61e
+	publi..a202920e
+		this..97b6e405
+	}..c2399bea
+..45efe61e
+	publi..b79968c7
+		Enji..162bb05d
+		serv..e6afd748
+		int ..4574fb40
+		List..c35fd18c
+		for(..28834b5b
+			tot..09ffc356
+		}..61eaff8a
+		serv..6581a043
+		Runt..628fb345
+		long..2776961c
+		long..427f5392
+		serv..62ba7cab
+		Enji..6e2c5391
+				se..a7f00f47
+				.s..036c05bc
+				.s..ebed080d
+				.s..15c00bb2
+				.s..479db2ed
+		serv..a07ea8ac
+		Set<..940e64ed
+		for(..9b1209bf
+			ser..2c631295
+		}..61eaff8a
+		serv..4b401be0
+		retu..e13b3f2f
+	}..c2399bea
+..45efe61e
+	publi..3ac703ec
+		retu..36422d43
+	}..c2399bea
-}..b0ffb72d
+	publi..f55cf1e2
+		tota..cbff6a12
+		play..6c11d2cd
+		cree..8debd240
+	}..c2399bea
+}..36784226
+import..8db166ea
-		Enji..d3561dd3
+		Enji..a562bea4
+..45efe61e
+	publi..1382d301
+		Enji..a562bea4
+		for(..81ab7ed9
+			sta..eda492af
+		}..61eaff8a
+		Byte..a83120cb
+		try ..6dcd3753
+			sta..d8dab4db
+		} ca..9a0ae11a
+			// ..a506b36c
+			e.p..76fca007
+		}..61eaff8a
+..45efe61e
+		retu..3689f39c
+	}..c2399bea
+				pl..d1784870
+				pl..875030f9
+				pl..875030f9
+			plu..19a956aa
+import..83b40dbf
+import..5dcb27ae
+import..d5477935
+import..8db166ea
+	int s..3a09ae5c
+	int p..fa4def97
-		new ..7917af3f
-		plug..ceea6e55
-			bui..c5210ad0
+			//W..4b567eab
+			if(..110013cd
+				bu..c0f65bef
+			}..e63a322a
+			if(..fc49d295
+				bu..93605ea8
+			}..e63a322a
-			int..2d9f0eb6
-			swi..6f03d4c0
-			cas..46a65582
+			Str..c221e598
+			if(..8778766a
+				su..4f920db8
+				if..8ca42f25
+					p..0e57bb6f
+					P..1b8d1fe8
+					f..6080d7ec
+						..9c5dfd67
+						..ca5a31a8
+						..268d7abe
+						..884a7d52
+					}..c9e8b99d
+				}..b9a57fc5
+			}el..504c9f11
+				pl..875030f9
-				Bu..298001e7
+				pl..7015c0db
+				Pl..c87d2a8a
+				fo..d4d23a12
+					i..8c471acb
+						..41504bee
+					}..c9e8b99d
+				}..b9a57fc5
-				br..6ff7e2ab
-			cas..0a19b3a5
-				su..60f0bf6f
-				br..6ff7e2ab
-			cas..f20c330c
+			}el..53f61223
-				Bu..80af4966
+				pl..af73a54b
-				br..6ff7e2ab
-			cas..74258a3f
+			}el..d84444b2
-				Bu..bc5e35be
+				pl..04fc6573
-				br..6ff7e2ab
-			cas..1f41b1e8
+			}el..cf3a8100
-				Bu..d1470049
+				pl..5b48ca87
-				br..6ff7e2ab
-			def..d626b2da
+			}el..1cbe001b
-				Bu..e32d65f6
+				En..1b56c784
+				pl..02cee498
+				pl..46e3109e
-				br..6ff7e2ab
+			}..e63a322a
+			if(..bb70bbf3
+				if..b8b9be43
+					n..65848fcf
+					p..430aec51
+				}..b9a57fc5
+			}el..1cbe001b
+				//..97a9b691
+				nu..b0fabd61
-				Bu..f145e057
+				pl..9a4d2826
+				pl..c63f93b2
-				Bu..edb27a8f
+				pl..14ffcfce
+				pl..c63f93b2
+			sta..bf3cfb52
+			if(..fc49d295
+				st..2146293f
+				//..cff32cf8
+				pl..eacee836
+				pl..48f5c627
+			}el..1cbe001b
+				st..9c69aca7
+			}..e63a322a
+			if(..87d7be24
+				pl..6858566d
+			}..e63a322a
+		}..61eaff8a
+		if(p..d4001769
+			new..f5bbfcfc
+			plu..7ae044cf
+	priva..466bfd20
+		long..2de7b906
+		byte..58321b86
+		long..d7b842f1
+		long..715aecf5
+		Byte..a83120cb
+		try ..6dcd3753
+			GZI..ff80d353
+			out..d96ac7b1
+			out..f1326cb9
+			out..1859f210
+			lon..2f7fcd3c
+			lon..255ed2b5
+			Str..e458e14f
+			lon..0a8e586f
+			plu..4518e87c
+			plu..d9d6b23b
+			plu..8d4a3736
+			ret..b8b09b44
+		} ca..9a0ae11a
+			// ..a506b36c
+			e.p..76fca007
+		}..61eaff8a
+		retu..a3911d6e
+	}..c2399bea
-	priva..cfa321fc
-		int ..1b67ef0f
+	priva..be6c8e90
+		Stri..b5dcd726
-				if..ad777517
-					b..e9f41da8
-					S..d99632cc
-					w..75e49142
-						..af8d4628
-					}..227b65ec
-					p..06748e1a
+				bi..7956ce3e
+				St..e090dbcd
+				wh..764c09cc
+					i..f8bf0fb5
+				pl..3421bfa5
-			cas..2fe3344c
+			cas..f2892867
-				St..eb5aba18
-				tr..d0733ce2
-					t..c97f2070
-				}c..966f3771
-					/..9e3c90a4
-				}..9b89ba0c
+				tr..5f9da784
-				Bu..6cae1a87
+				pl..ed456ad0
+import..d5477935
+import..096a8a20
+import..92ae7420
+import..a1fba2bf
+import..444d4509
+import..134b7cbf
+import..5b20fb57
+import..2556beeb
+import..2a4c32b5
+import..987d7993
+				bu..97d39d6a
+				St..30d8c674
-				if..c584e13f
+				if..18a6cb91
+					s..7b2a1fe0
+					i..9e66912f
+						..cdb25af1
+						..c5dca6d7
+						..476dc4bc
+						..c3f59bf4
+						..51f4536f
+						..2d9aa87e
+						..ae945a2b
+						..884a7d52
+					}..c9e8b99d
+				}e..26747283
+					p..262ef1ce
+					E..273e7efe
+					p..80507c8b
+					p..3186677f
+					p..c818e6e5
+					P..1b8d1fe8
+					f..6080d7ec
+						..06738b31
+						..2490cd67
+						..884a7d52
+					}..c9e8b99d
+					s..5c303022
+				}e..7fcf747b
+					E..f289e3bf
+					p..58448f76
+					s..5c303022
+				}e..4c3961e7
+					E..8f341067
+					p..1bcef7ec
+					s..5c303022
+				}e..bdd1f961
+					E..fe123b5e
+					p..bcea89a6
-					s..311bd32c
+					E..473451ae
+					E..2376f791
+					p..126cf0a8
+					p..3642c174
+					s..5c303022
+	priva..be6c8e90
+		Stri..b5dcd726
+		Buff..933107b2
+		bin...54d83060
+		//TO..dd976f06
+		for(..9e3fbde9
+			int..e6df39ad
+			swi..2ae71614
+			cas..eb1809de
+				pl..18676cc4
+				bi..7956ce3e
+				St..e090dbcd
+				wh..764c09cc
+					i..f8bf0fb5
+				}..b9a57fc5
+				pl..3421bfa5
+				re..77b57520
+			cas..656188c6
+				pl..c6df2aae
+				Pa..901dffda
+				br..9fe4924a
+			cas..35f7232a
+				pl..1ad3b451
+				Pa..da3a962b
+				br..9fe4924a
+			cas..3f3dfab2
+				pl..7ddf0aff
+				Pa..0f83f797
+				br..9fe4924a
+			cas..c01e5092
+				pl..3ce129e8
+				Pa..2a067098
+				br..9fe4924a
+			cas..592f2607
+				pl..cab6c309
+				br..9fe4924a
+			cas..0d9fa56d
+				pl..37f4d9b0
+				br..9fe4924a
+			cas..8741e68d
+				pl..f3bb97c7
+				Pa..9ac1361b
+				br..9fe4924a
+			cas..7d0aedec
+				pl..6f2f8745
+				Pa..88ff6820
+				br..9fe4924a
+			cas..547ae046
+				pl..6c417e04
+				Pa..67ddc442
+				br..9fe4924a
+			cas..f2892867
+				pl..e12356e6
+				tr..5f9da784
+				br..9fe4924a
+			def..718b7dfa
+				pl..ed456ad0
+				En..461988a0
+			}..e63a322a
+		}..61eaff8a
+	}..c2399bea
+..45efe61e
+      ..0dfb4252
+      ..61dc6416
+      ..15eb2fc9
+      ..0dfb4252
+      ..48c891af
+      ..b916fb5e
+      ..088396df
+      ..4e83018a
+      ..06f6d5fb
+      ..66147aea
+      ..cc455d89
+      ..06f6d5fb
+..45efe61e
+      ..6826e54c
+      ..194b8fb4
+      ..0cd1967d
+      ..5a023aab
+      ..194b8fb4
+      ..103060b6
+      ..23e8d6c7
+      ..5a023aab
+      ..5d7a4bb3
+      ..1fafea2f
+      ..f460b79e
+      ..daf8db07
+      ..201c2c2d
+      ..f62c1513
+      ..989dfffe
+      ..895b559e
+      ..201c2c2d
+      ..8b6d12d2
+      ..b997282c
+      ..1eb2256b
+      ..49dc31d6
+      ..df9633fa
+      ..e33f9926
+      ..8b38c290
+      ..79d374f2
+      ..698c418c
+      ..5a023aab
+      ..74af41ae
+      ..1f8d5780
+      ..5a023aab
+      ..89ab4109
+      ..05a57fe7
+      ..f3c012d2
+      ..0df2dcc7
+      ..a4b6b4c2
+      ..5a023aab
+      ..6711e036
+      ..1fafea2f
+      ..5d7a4bb3
+      ..0df2dcc7
+      ..a4b6b4c2
+      ..5a023aab
+..45efe61e
-      ..59fa9a6c
+      ..09ebfc10
-      ..b517d02b
-      ..c40f1227
-      ..d8e4056c
-      ..1ab87679
-      ..2fc6bf38
+      ..0fddf059
+      ..7e2c6908
+      ..c7b5dd96
+      ..a5ec9338
+      ..3bc44cea
-      ..d0311414
+      ..c2bb68de
+    de..addd21c6
+  enji..61fdd745
+    de..addd21c6
+    de..57b05b77
+    ch..f792abac
+      ..26303cea
+      ..59778188
+      ..ab5c1440
+      ..584ad89a
+  enji..d1ce259c
+    de..d2f41a55
+    de..addd21c6
+  enji..ca6c07e6
+    de..0e0316fa
+    de..addd21c6
+  enji..5dc95ff4
+    de..626481d4
+    de..addd21c6
+  enji..03b2a13c
+    de..9b0d14b9