+import..14d955fd
+import..567ae34e
+import..25203135
+..45efe61e
+	stati..fd38fb69
-	publi..5ca1be96
-		try ..a2bb957e
-			if(..53b4baeb
-				th..a981dc3f
+	publi..b94dca1b
+		exec..d18cacc2
+			new..b40bf078
+				@O..b9b09682
+				pu..9b23fa41
+					t..e0b5798d
+						..2ea61794
+						..c94212db
+						..884a7d52
+					}..bacbe928
+						..68a3591c
+						..2a5987d4
+					}..c9e8b99d
+				}..b9a57fc5
-		} ca..ce1b2481
-			Buk..aaf4d9aa
-			t.p..d08526b0
-		}..d07ba749
+		);..18f24374
-	publi..56096d75
-		try ..a2bb957e
-			if(..c9089630
-				th..a981dc3f
+	publi..9aecb11d
+		exec..d18cacc2
+			new..b40bf078
+				@O..b9b09682
+				pu..9b23fa41
+					t..e0b5798d
+						..cd31b83a
+						..c94212db
+						..884a7d52
+					}..bacbe928
+						..68a3591c
+						..2a5987d4
+					}..c9e8b99d
+				}..b9a57fc5
-		} ca..ce1b2481
-			Buk..aaf4d9aa
-			t.p..d08526b0
-		}..d07ba749
+		);..18f24374
-			URL..ce97a502
+			Htt..76525c22
+			con..ef81d96b