+++ /de..53936084
-packag..0b171fa7
-..679275ab
-public..f0897832
-	publi..0439a8e9
-}..b0ffb72d
+++ /de..53936084
-packag..0b171fa7
-..679275ab
-import..d75aad02
-import..3144012b
-..679275ab
-import..4dab4ea9
-..679275ab
-..679275ab
-/**..fdc203fb
- *MaxP..87eee334
- * - N..349d3f21
- * Pla..ef3221c0
- * - T..82c47d15
- * Mot..a05dd76c
- * - M..0dccb5ac
- * Has..cd3f4130
- * - D..6fa6c51f
- */..14d377d2
-public..45ae0bd5
-..679275ab
-	stati..a911c1bf
-	stati..40f7c8b1
-..679275ab
-	stati..a80f2639
-		Stri..07c26169
-		File..dde99ba7
-		try ..a2bb957e
-			Pro..15c8b3cd
-			in ..33593f42
-			pro..624d49f8
-			mot..a4b672ba
-		} ca..ce1b2481
-			t.p..d08526b0
-		} fi..bbc6f7a6
-			if(..da036d1c
-				tr..d0733ce2
-					i..9791598a
-				} ..da9412a7
-			}..3e04e182
-		}..d07ba749
-		SERV..acb4ac5e
-	}..78439aa2
-..679275ab
-	@Over..4ec1fdb9
-	publi..80a2820a
-		try ..a2bb957e
-			byt..979a4360
-			//S..7d910a2e
-			swi..925dac5c
-			cas..46a65582
-				me..a84b7223
-				br..6ff7e2ab
-			cas..0a19b3a5
-				me..a55188a9
-				br..6ff7e2ab
-			cas..f20c330c
-				me..80989d64
-				br..6ff7e2ab
-			cas..74258a3f
-				me..be46c40c
-				br..6ff7e2ab
-			cas..1f41b1e8
-				me..91394748
-				br..6ff7e2ab
-			}..3e04e182
-			if(..d0bafebd
-				tr..d0733ce2
-					P..8d6889e9
-				} ..7f85dee0
-					t..87c6ba1f
-				}..9b89ba0c
-				re..7adb301e
-			}..3e04e182
-			Buk..e1cd87df
-		} ca..ce1b2481
-			t.p..d08526b0
-		}..d07ba749
-	}..78439aa2
-}..b0ffb72d
+++ /de..53936084
-packag..0b171fa7
-..679275ab
-import..4dab4ea9
-import..06b718f3
-..679275ab
-public..80bf797e
-	@Over..4ec1fdb9
-	publi..80a2820a
-		Stri..39545bbb
-		for(..3ce50320
-			bui..1605b5da
-			bui..7740172a
-		}..d07ba749
-		if(b..705b2653
-			bui..cfaedfb0
-		}..d07ba749
-		Stri..27ab33ed
-		try ..a2bb957e
-			Pac..5505f339
-		} ca..ce1b2481
-			t.p..d08526b0
-		}..d07ba749
-	}..78439aa2
-}..b0ffb72d
+++ /de..53936084
-packag..0b171fa7
-..679275ab
-public..39a7a991
-..679275ab
-	@Over..4ec1fdb9
-	publi..80a2820a
-		try ..a2bb957e
-			Str..bd0c5ad6
-			for..3a84acb4
-				gr..38865a53
-				gr..b3a27a10
-			}..3e04e182
-			if(..ae7a1fea
-				gr..2179ce4f
-			}..3e04e182
-			Pac..f7ccd640
-		} ca..ce1b2481
-			t.p..d08526b0
-		}..d07ba749
-	}..78439aa2
-}..b0ffb72d
+++ /de..53936084
-packag..0b171fa7
-..679275ab
-public..f27b9486
-..679275ab
-	Strin..894e972e
-	Strin..02281c64
-..679275ab
-	@Over..4ec1fdb9
-	publi..80a2820a
-		try ..a2bb957e
-			int..a53ab5e5
-			Str..f64f1542
-			for..9926d904
-				bu..7b024b83
-			}..3e04e182
-			nam..29d99bc7
-			sle..a469f431
-			bui..af73c010
-			for..9926d904
-				bu..7b024b83
-			}..3e04e182
-			wor..7d71ba26
-			try..5d44f120
-				St..06f4c43d
-				tr..d0733ce2
-					f..01fb0780
-						..e12d6641
-						..e939b07d
-					}..227b65ec
-				} ..b4686251
-				if..38bc1c84
-					g..37711b0d
-				}..9b89ba0c
-				Pa..0191ebe5
-			} c..7910a958
-				t...91cf41f3
-			}..3e04e182
-		} ca..ce1b2481
-			t.p..d08526b0
-		}..d07ba749
-	}..78439aa2
-}..b0ffb72d
+++ /de..53936084
-packag..0b171fa7
-..679275ab
-import..4dab4ea9
-import..9c49a79e
-..679275ab
-public..ccf85681
-	@Over..4ec1fdb9
-	publi..80a2820a
-		try ..a2bb957e
-			Str..8a70ffd1
-			for..d98ea038
-				wo..a9222dfe
-				wo..0ded1ef0
-			}..3e04e182
-			wor..b260df41
-			Pac..8610250c
-		} ca..ce1b2481
-			t.p..d08526b0
-		}..d07ba749
-	}..78439aa2
-}..b0ffb72d
--- /de..f92dd2d9
+packag..fc25fbe0
+..45efe61e
+import..8568fa37
+..45efe61e
+import..0e3e806e
+..45efe61e
+/**..77b4ab0d
+ *..57107ae3
+ * @au..07839c82
+ * Thi..7bd7b84b
+ * @co..121ae829
+ *..57107ae3
+ */..83913fff
+..45efe61e
+public..cbce04f0
+..45efe61e
+	publi..6be5ce8b
+		try ..6dcd3753
+			Buk..0e72442a
+		} ca..72e4ecde
+			Buk..e027ea40
+			t.p..e38203ea
+		}..61eaff8a
+	}..c2399bea
+}..36784226
--- /de..f92dd2d9
+packag..fc25fbe0
+..45efe61e
+import..8568fa37
+..45efe61e
+import..0e3e806e
+import..096a8a20
+..45efe61e
+/**..77b4ab0d
+ *..57107ae3
+ * @au..07839c82
+ * Thi..7bd7b84b
+ * @co..121ae829
+ *..57107ae3
+ */..83913fff
+..45efe61e
+public..7c1dbbfa
+..45efe61e
+	publi..6be5ce8b
+		try ..6dcd3753
+			Str..32346240
+			Str..41749668
+			Pla..708e6097
+			if(..e616ae2a
+				re..c81cd2d7
+			}..e63a322a
+			Buk..76b56ccf
+		} ca..72e4ecde
+			Buk..41d86cda
+			t.p..e38203ea
+		}..61eaff8a
+	}..c2399bea
+}..36784226
+++ /de..53936084
-packag..0b171fa7
-..679275ab
-import..3c554978
-..679275ab
-import..4dab4ea9
-..679275ab
-public..95c3434d
-..679275ab
-	publi..0e675f5f
-		swit..4fd71e9b
-		case..43d92b4a
-			(ne..3c2c1a8b
-			bre..e0478322
-		case..e747eda0
-			(ne..65c13e71
-			bre..e0478322
-		case..5aef568f
-			(ne..98e034ec
-			bre..e0478322
-		case..b2fb7809
-			(ne..eb8585d7
-			bre..e0478322
-		case..d8fac746
-			(ne..f9e250ad
-			bre..e0478322
-		case..b8d371e2
-			(ne..44f89295
-			bre..e0478322
-		case..2dc1f126
-			(ne..b31cc21f
-			bre..e0478322
-		defa..b0446221
-			thr..505e8e62
-		}..d07ba749
-	}..78439aa2
-..679275ab
-	publi..9851e3a5
-		if(E..f2b67f50
-			con..9802cd10
-			ret..73242ba1
-		}..d07ba749
-		int ..ccf6d38b
-		int ..98efb051
-		if(l..69f83b2f
-			con..6b28c2f4
-			ret..73242ba1
-		}..d07ba749
-		int ..0e2ad72d
-		if(l..12ab2f26
-			con..6b28c2f4
-			ret..73242ba1
-		}..d07ba749
-		Stri..99edc6a4
-		for(..9a56c843
-			has..9922ede6
-		}..d07ba749
-		if(E..8d46651f
-			Buk..d6820fda
-			con..db0382ef
-			ret..5c03fdff
-		}..d07ba749
-		con...4e813bad
-		Bukk..90dc6b4b
-		retu..f4f53eb5
-	}..78439aa2
-..679275ab
-	publi..2a3e3f8a
-		int ..33760648
-		Stri..39545bbb
-		for(..9a56c843
-			bui..015563f5
-		}..d07ba749
-		retu..576e4757
-	}..78439aa2
-..679275ab
-	publi..6a778960
-		int ..7f42fee7
-	    c..9b0aacca
-	    c..e60bca0c
-	    f..d93e7b16
-	    	..45b163e6
-	    }..5804b8ea
-	}..78439aa2
-}..b0ffb72d
--- /de..f92dd2d9
+packag..fc25fbe0
+..45efe61e
+import..39e66b7f
+import..8568fa37
+..45efe61e
+/**..77b4ab0d
+ *..57107ae3
+ * @au..07839c82
+ * Thi..7bd7b84b
+ * @co..121ae829
+ *..57107ae3
+ */..83913fff
+..45efe61e
+public..94c31288
+	publi..571557a6
+		Stri..257357a4
+		for(..07cce7db
+			bui..c8071a0f
+		}..61eaff8a
+		retu..56c819c7
+	}..c2399bea
+}..36784226
--- /de..f92dd2d9
+packag..fc25fbe0
+..45efe61e
+import..be7fbe77
+import..e51a5e73
+import..4713fba6
+import..66cd3bd1
+..45efe61e
+import..0e3e806e
+import..96bf8ced
+import..096a8a20
+import..b03678d1
+..45efe61e
+/**..77b4ab0d
+ *..57107ae3
+ * @au..07839c82
+ * Thi..7bd7b84b
+ * @co..121ae829
+ *..57107ae3
+ */..83913fff
+..45efe61e
+public..305c8226
+	final..dcaaa200
+..45efe61e
+	priva..3e0cbcbc
+		try ..6dcd3753
+			//r..08c73773
+			ret..c1037f6e
+		} ca..72e4ecde
+			t.p..e38203ea
+			ret..1ab7e9a9
+		}..61eaff8a
+	}..c2399bea
+..45efe61e
+	@Over..ee40b995
+	publi..25ddb34f
+		try ..6dcd3753
+			Htt..686dfcab
+			con..fb6f72f3
+			con..f31352b2
+			con..db708955
+			con..ffdf9544
+			con..f4faee33
+			Str..12bd3c61
+			bui..3c86a89a
+			bui..af14ea5c
+			bui..d3024b7e
+			bui..744826c9
+			bui..c64a1c53
+			bui..bd187c32
+			bui..7452efaa
+			bui..0edf0dfa
+			bui..e9525c5c
+			con..5d96b9f2
+			con..a7ce5056
+			Inp..c258f926
+			han..28b793d4
+		} ca..72e4ecde
+			t.p..e38203ea
+		}..61eaff8a
+	}..c2399bea
+..45efe61e
+	priva..c1a2d920
+		retu..decb38d3
+		//re..c13a60e6
+	}..c2399bea
+..45efe61e
+	priva..2e4a3317
+		for(..9e3fbde9
+			int..ca561f08
+			swi..2ae71614
+			cas..eb1809de
+				re..d7497ae4
+			cas..656188c6
+				Pa..b02bb261
+				br..9fe4924a
+			cas..35f7232a
+				Pa..53423903
+				br..9fe4924a
+			cas..3f3dfab2
+				Pa..bb1f20dd
+				br..9fe4924a
+			cas..c01e5092
+				Pa..f1f67aba
+				br..9fe4924a
+			def..718b7dfa
+				Bu..7a201536
+			}..e63a322a
+		}..61eaff8a
+	}..c2399bea
+..45efe61e
+	priva..3e1b6eba
+		Stri..257357a4
+		for(..70970459
+			bui..0ab1d334
+			bui..dded205d
+		}..61eaff8a
+		if(b..4b6c380c
+			bui..5a67a4fe
+		}..61eaff8a
+		retu..56c819c7
+	}..c2399bea
+..45efe61e
+	priva..897a7ff3
+		Stri..257357a4
+		for(..22932f6d
+			bui..0ab1d334
+			bui..dded205d
+		}..61eaff8a
+		if(b..4b6c380c
+			bui..5a67a4fe
+		}..61eaff8a
+		retu..56c819c7
+	}..c2399bea
+..45efe61e
+	priva..221cc3d7
+		Stri..257357a4
+		if(E..9ee9ddea
+			for..75a94b30
+				bu..2f31c90f
+				bu..f9d3f1b0
+			}..e63a322a
+		} el..765ad6e3
+			for..75a94b30
+				if..6ad04339
+					c..9b7faf0a
+				}..b9a57fc5
+				bu..2f31c90f
+				bu..f9d3f1b0
+			}..e63a322a
+		}..61eaff8a
+		if(b..4b6c380c
+			bui..5a67a4fe
+		}..61eaff8a
+		retu..56c819c7
+	}..c2399bea
+..45efe61e
+	priva..501fd783
+		Stri..257357a4
+		for(..56174b59
+			bui..0ab1d334
+			bui..a740b206
+		}..61eaff8a
+		if(b..4b6c380c
+			bui..5a67a4fe
+		}..61eaff8a
+		retu..56c819c7
+	}..c2399bea
+}..36784226
+++ /de..53936084
-packag..0b171fa7
-..679275ab
-import..3c554978
-import..5bf7f42c
-import..a528a296
-import..9cee7cbd
-..679275ab
-import..4dab4ea9
-..679275ab
-public..b5ee7c05
-	priva..90c64934
-	publi..b5767864
-	publi..fbc0ff75
-	publi..a61aaa6a
-	priva..0dcd9150
-..679275ab
-	priva..98dd35ef
-		@Ove..a52813a2
-		publ..d2dd0f2f
-			try..5d44f120
-				in..65a26c90
-				if..214cdd69
-					s..549a9823
-					r..692ce4d7
-				}..9b89ba0c
-				wh..90c67a91
-					P..f6d52e53
-				}..9b89ba0c
-				st..1afb55ac
-			} c..7910a958
-				Bu..6d033c41
-				t...91cf41f3
-			}..3e04e182
-		}..d07ba749
-	}..78439aa2
-..679275ab
-	publi..23490a37
-		this..67e2efb6
-		this..a9e5e99f
-		this..7654a2a9
-		this..c3b8022b
-		inth..f8548371
-		(new..90df583f
-	}..78439aa2
-..679275ab
-	publi..ea357d04
-		try ..a2bb957e
-			in...1f851a01
-			out..5dbc53bc
-			soc..7ac42dd3
-		} ca..ce1b2481
-			//s..2434105a
-		}..d07ba749
-	}..78439aa2
-}..b0ffb72d
+++ /de..53936084
-packag..0b171fa7
-..679275ab
-import..9ec3a6e1
-import..ba4c543e
-import..3dcbdc85
-import..dd05bd7d
-..679275ab
-import..4dab4ea9
-..679275ab
-public..8aa988cb
-	final..13f8160b
-	stati..596c8034
-	priva..fa197ef3
-	priva..0f3811c1
-..679275ab
-	@Over..4ec1fdb9
-	publi..c3c02a08
-		try ..a2bb957e
-			ser..92120f94
-			Buk..31cc37d2
-..679275ab
-			whi..4f9ef9c4
-				So..708cb63f
-				if..121f5ad0
-					b..fc881bd9
-				}..9b89ba0c
-				Se..75f90c6e
-				Bu..3bb664ba
-				co..91c1e71d
-			}..3e04e182
-		} ca..c0e37804
-			Buk..176b71c1
-			Buk..895a5a29
-		} ca..fca8a565
-			ret..18f7b18c
-		} ca..263b9a3b
-			e.p..6e639882
-		}..d07ba749
-		stop..3e5ef159
-	}..78439aa2
-..679275ab
-	publi..ea357d04
-		stop..47f0703d
-		for(..d5384e49
-			con..b0cb6a82
-			con..9b0e3cbd
-		}..d07ba749
-		try ..a2bb957e
-			if(..55323358
-				se..cd20191a
-		} ca..81df3daa
-		Bukk..6346a073
-	}..78439aa2
-}..b0ffb72d
+++ /de..53936084
-packag..0b171fa7
-..679275ab
-public..024451b3
-	priva..7990bb98
-..679275ab
-..679275ab
-	publi..bce8de0d
-		supe..70942c2d
-	}..78439aa2
-}..b0ffb72d